<testsuite name="Mocha Tests" tests="233" failures="0" errors="13" skipped="0" timestamp="Fri, 28 Jul 2023 21:49:46 GMT" time="0.309">
<testcase classname="BcdUserTypeBe" name="parses test properly" time="0.008"/>
<testcase classname="BcdUserTypeLe" name="parses test properly" time="0.003"/>
<testcase classname="BitsByteAligned" name="parses test properly" time="0.001"/>
<testcase classname="BitsEnum" name="parses test properly" time="0.001"/>
<testcase classname="BitsSeqEndianCombo" name="parses test properly" time="0.001"/>
<testcase classname="BitsShiftByB32Le" name="parses test properly" time="0.001"/>
<testcase classname="BitsShiftByB64Le" name="parses test properly" time="0.001"><failure>readBitsIntLe: the maximum supported bit length is 32 (tried to read 64 bits)
RangeError: readBitsIntLe: the maximum supported bit length is 32 (tried to read 64 bits)
    at KaitaiStream.readBitsIntLe (/runtime/javascript/KaitaiStream.js:489:11)
    at BitsShiftByB64Le._read (compiled/javascript/BitsShiftByB64Le.js:21:23)
    at new BitsShiftByB64Le (compiled/javascript/BitsShiftByB64Le.js:18:10)
    at /tests/helpers/javascript/testHelper.js:14:17
    at FSReqWrap.readFileAfterClose [as oncomplete] (internal/fs/read_file_context.js:53:3)</failure></testcase>
<testcase classname="BitsSignedResB32Be" name="parses test properly" time="0"/>
<testcase classname="BitsSignedResB32Le" name="parses test properly" time="0.001"/>
<testcase classname="BitsSignedShiftB32Le" name="parses test properly" time="0.001"/>
<testcase classname="BitsSignedShiftB64Le" name="parses test properly" time="0"><failure>readBitsIntLe: the maximum supported bit length is 32 (tried to read 63 bits)
RangeError: readBitsIntLe: the maximum supported bit length is 32 (tried to read 63 bits)
    at KaitaiStream.readBitsIntLe (/runtime/javascript/KaitaiStream.js:489:11)
    at BitsSignedShiftB64Le._read (compiled/javascript/BitsSignedShiftB64Le.js:21:23)
    at new BitsSignedShiftB64Le (compiled/javascript/BitsSignedShiftB64Le.js:18:10)
    at /tests/helpers/javascript/testHelper.js:14:17
    at FSReqWrap.readFileAfterClose [as oncomplete] (internal/fs/read_file_context.js:53:3)</failure></testcase>
<testcase classname="BitsSimple" name="parses test properly" time="0"><failure>readBitsIntBe: the maximum supported bit length is 32 (tried to read 40 bits)
RangeError: readBitsIntBe: the maximum supported bit length is 32 (tried to read 40 bits)
    at KaitaiStream.readBitsIntBe (/runtime/javascript/KaitaiStream.js:431:11)
    at BitsSimple._read (compiled/javascript/BitsSimple.js:33:32)
    at new BitsSimple (compiled/javascript/BitsSimple.js:18:10)
    at /tests/helpers/javascript/testHelper.js:14:17
    at FSReqWrap.readFileAfterClose [as oncomplete] (internal/fs/read_file_context.js:53:3)</failure></testcase>
<testcase classname="BitsSimpleLe" name="parses test properly" time="0"><failure>readBitsIntLe: the maximum supported bit length is 32 (tried to read 40 bits)
RangeError: readBitsIntLe: the maximum supported bit length is 32 (tried to read 40 bits)
    at KaitaiStream.readBitsIntLe (/runtime/javascript/KaitaiStream.js:489:11)
    at BitsSimpleLe._read (compiled/javascript/BitsSimpleLe.js:33:32)
    at new BitsSimpleLe (compiled/javascript/BitsSimpleLe.js:18:10)
    at /tests/helpers/javascript/testHelper.js:14:17
    at FSReqWrap.readFileAfterClose [as oncomplete] (internal/fs/read_file_context.js:53:3)</failure></testcase>
<testcase classname="BitsUnalignedB32Be" name="parses test properly" time="0.001"/>
<testcase classname="BitsUnalignedB32Le" name="parses test properly" time="0.001"/>
<testcase classname="BitsUnalignedB64Be" name="parses test properly" time="0.001"><failure>readBitsIntBe: the maximum supported bit length is 32 (tried to read 64 bits)
RangeError: readBitsIntBe: the maximum supported bit length is 32 (tried to read 64 bits)
    at KaitaiStream.readBitsIntBe (/runtime/javascript/KaitaiStream.js:431:11)
    at BitsUnalignedB64Be._read (compiled/javascript/BitsUnalignedB64Be.js:22:23)
    at new BitsUnalignedB64Be (compiled/javascript/BitsUnalignedB64Be.js:18:10)
    at /tests/helpers/javascript/testHelper.js:14:17
    at FSReqWrap.readFileAfterClose [as oncomplete] (internal/fs/read_file_context.js:53:3)</failure></testcase>
<testcase classname="BitsUnalignedB64Le" name="parses test properly" time="0"><failure>readBitsIntLe: the maximum supported bit length is 32 (tried to read 64 bits)
RangeError: readBitsIntLe: the maximum supported bit length is 32 (tried to read 64 bits)
    at KaitaiStream.readBitsIntLe (/runtime/javascript/KaitaiStream.js:489:11)
    at BitsUnalignedB64Le._read (compiled/javascript/BitsUnalignedB64Le.js:22:23)
    at new BitsUnalignedB64Le (compiled/javascript/BitsUnalignedB64Le.js:18:10)
    at /tests/helpers/javascript/testHelper.js:14:17
    at FSReqWrap.readFileAfterClose [as oncomplete] (internal/fs/read_file_context.js:53:3)</failure></testcase>
<testcase classname="BufferedStruct" name="parses test properly" time="0.001"/>
<testcase classname="BytesPadTerm" name="parses test properly" time="0.001"/>
<testcase classname="CastNested" name="parses test properly" time="0.006"/>
<testcase classname="CastToImported" name="parses test properly" time="0.001"/>
<testcase classname="CastToTop" name="parses test properly" time="0.001"/>
<testcase classname="CombineBool" name="parses test properly" time="0.001"/>
<testcase classname="CombineBytes" name="parses test properly" time="0.001"/>
<testcase classname="CombineEnum" name="parses test properly" time="0.001"/>
<testcase classname="CombineStr" name="parses test properly" time="0.001"/>
<testcase classname="Debug0" name="parses test properly" time="0.001"/>
<testcase classname="DebugArrayUser" name="parses test properly" time="0.001"/>
<testcase classname="DebugEnumName" name="parses test properly" time="0.001"/>
<testcase classname="DebugSwitchUser" name="parses test properly" time="0.005"/>
<testcase classname="DefaultBigEndian" name="parses test properly" time="0"/>
<testcase classname="DefaultBitEndianMod" name="parses test properly" time="0"/>
<testcase classname="DefaultEndianExprException" name="parses test properly" time="0.001"/>
<testcase classname="DefaultEndianExprInherited" name="parses test properly" time="0.001"/>
<testcase classname="DefaultEndianExprIsBe" name="parses test properly" time="0.001"/>
<testcase classname="DefaultEndianExprIsLe" name="parses test properly" time="0.001"/>
<testcase classname="DefaultEndianMod" name="parses test properly" time="0.001"/>
<testcase classname="Docstrings" name="parses test properly" time="0"/>
<testcase classname="DocstringsDocref" name="parses test properly" time="0.001"/>
<testcase classname="DocstringsDocrefMulti" name="parses test properly" time="0.001"/>
<testcase classname="Enum0" name="parses test properly" time="0"/>
<testcase classname="Enum1" name="parses test properly" time="0.001"/>
<testcase classname="EnumDeep" name="parses test properly" time="0.001"/>
<testcase classname="EnumDeepLiterals" name="parses test properly" time="0.001"/>
<testcase classname="EnumFancy" name="parses test properly" time="0.001"/>
<testcase classname="EnumForUnknownId" name="parses test properly" time="0.001"/>
<testcase classname="EnumIf" name="parses test properly" time="0.003"/>
<testcase classname="EnumImport" name="parses test properly" time="0"><failure>Enum0 is not defined
ReferenceError: Enum0 is not defined
    at /tests/spec/javascript/test_enum_import.js:8:30
    at /tests/helpers/javascript/testHelper.js:16:11
    at FSReqWrap.readFileAfterClose [as oncomplete] (internal/fs/read_file_context.js:53:3)</failure></testcase>
<testcase classname="EnumIntRangeS" name="parses test properly" time="0.001"/>
<testcase classname="EnumIntRangeU" name="parses test properly" time="0.001"/>
<testcase classname="EnumInvalid" name="parses test properly" time="0.001"/>
<testcase classname="EnumLongRangeS" name="parses test properly" time="0.002"><failure>Input A expected to strictly equal input B:
+ expected - actual

- -9223372032559809000
+ -9223372036854776000

      + expected - actual

      --9223372032559809000
      +-9223372036854776000
      
AssertionError [ERR_ASSERTION]: Input A expected to strictly equal input B:
+ expected - actual

- -9223372032559809000
+ -9223372036854776000
    at /tests/spec/javascript/test_enum_long_range_s.js:8:10
    at /tests/helpers/javascript/testHelper.js:16:11
    at FSReqWrap.readFileAfterClose [as oncomplete] (internal/fs/read_file_context.js:53:3)</failure></testcase>
<testcase classname="EnumLongRangeU" name="parses test properly" time="0.001"/>
<testcase classname="EnumNegative" name="parses test properly" time="0.001"/>
<testcase classname="EnumOfValueInst" name="parses test properly" time="0.001"/>
<testcase classname="EnumToI" name="parses test properly" time="0.001"/>
<testcase classname="EnumToIClassBorder1" name="parses test properly" time="0.001"/>
<testcase classname="EofExceptionBytes" name="parses test properly" time="0.001"/>
<testcase classname="EofExceptionU4" name="parses test properly" time="0"/>
<testcase classname="EosExceptionBytes" name="parses test properly" time="0.001"/>
<testcase classname="EosExceptionU4" name="parses test properly" time="0"/>
<testcase classname="Expr0" name="parses test properly" time="0.001"/>
<testcase classname="Expr1" name="parses test properly" time="0.001"/>
<testcase classname="Expr2" name="parses test properly" time="0.001"/>
<testcase classname="Expr3" name="parses test properly" time="0.001"/>
<testcase classname="ExprArray" name="parses test properly" time="0.002"/>
<testcase classname="ExprBits" name="parses test properly" time="0.001"/>
<testcase classname="ExprBytesCmp" name="parses test properly" time="0.001"/>
<testcase classname="ExprBytesNonLiteral" name="parses test properly" time="0"/>
<testcase classname="ExprBytesOps" name="parses test properly" time="0.002"/>
<testcase classname="ExprCalcArrayOps" name="parses test properly" time="0.001"/>
<testcase classname="ExprEnum" name="parses test properly" time="0.001"/>
<testcase classname="ExprIfIntOps" name="parses test properly" time="0.001"/>
<testcase classname="ExprIntDiv" name="parses test properly" time="0.001"/>
<testcase classname="ExprIoEof" name="parses test properly" time="0.001"/>
<testcase classname="ExprIoPos" name="parses test properly" time="0.001"/>
<testcase classname="ExprMod" name="parses test properly" time="0.001"/>
<testcase classname="ExprOpsParens" name="parses test properly" time="0.001"><failure>Input A expected to strictly equal input B:
+ expected - actual

- &#x27;012345&#x27;
+ 10
AssertionError [ERR_ASSERTION]: Input A expected to strictly equal input B:
+ expected - actual

- &#x27;012345&#x27;
+ 10
    at /tests/spec/javascript/test_expr_ops_parens.js:10:10
    at /tests/helpers/javascript/testHelper.js:16:11
    at FSReqWrap.readFileAfterClose [as oncomplete] (internal/fs/read_file_context.js:53:3)</failure></testcase>
<testcase classname="ExprSizeofType0" name="parses test properly" time="0.001"/>
<testcase classname="ExprSizeofType1" name="parses test properly" time="0.001"/>
<testcase classname="ExprSizeofValue0" name="parses test properly" time="0.001"/>
<testcase classname="ExprSizeofValueSized" name="parses test properly" time="0.001"/>
<testcase classname="ExprStrEncodings" name="parses test properly" time="0.019"/>
<testcase classname="ExprStrOps" name="parses test properly" time="0.005"/>
<testcase classname="ExprToITrailing" name="parses test properly" time="0.001"><failure>Missing expected exception (KaitaiStream.ConversionError).
AssertionError [ERR_ASSERTION]: Missing expected exception (KaitaiStream.ConversionError).
    at /tests/spec/javascript/test_expr_to_i_trailing.js:8:10
    at /tests/helpers/javascript/testHelper.js:16:11
    at FSReqWrap.readFileAfterClose [as oncomplete] (internal/fs/read_file_context.js:53:3)</failure></testcase>
<testcase classname="FixedContents" name="parses test properly" time="0"/>
<testcase classname="FixedStruct" name="parses test properly" time="0.001"/>
<testcase classname="FloatToI" name="parses test properly" time="0.001"/>
<testcase classname="FloatingPoints" name="parses test properly" time="0.001"/>
<testcase classname="HelloWorld" name="parses test properly" time="0"/>
<testcase classname="IfInstances" name="parses test properly" time="0"/>
<testcase classname="IfStruct" name="parses test properly" time="0.001"/>
<testcase classname="IfValues" name="parses test properly" time="0"/>
<testcase classname="Imports0" name="parses test properly" time="0"/>
<testcase classname="ImportsAbs" name="parses test properly" time="0.002"/>
<testcase classname="ImportsAbsAbs" name="parses test properly" time="0.001"/>
<testcase classname="ImportsAbsRel" name="parses test properly" time="0.001"/>
<testcase classname="ImportsCircularA" name="parses test properly" time="0.001"><failure>ImportsCircularA is not a constructor
TypeError: ImportsCircularA is not a constructor
    at ImportsCircularB._read (compiled/javascript/ImportsCircularB.js:23:22)
    at new ImportsCircularB (compiled/javascript/ImportsCircularB.js:18:10)
    at ImportsCircularA._read (compiled/javascript/ImportsCircularA.js:22:16)
    at new ImportsCircularA (compiled/javascript/ImportsCircularA.js:18:10)
    at /tests/helpers/javascript/testHelper.js:14:17
    at FSReqWrap.readFileAfterClose [as oncomplete] (internal/fs/read_file_context.js:53:3)</failure></testcase>
<testcase classname="ImportsRel1" name="parses test properly" time="0.001"/>
<testcase classname="IndexSizes" name="parses test properly" time="0.001"/>
<testcase classname="IndexToParamEos" name="parses test properly" time="0.001"/>
<testcase classname="IndexToParamExpr" name="parses test properly" time="0.001"/>
<testcase classname="IndexToParamUntil" name="parses test properly" time="0"/>
<testcase classname="InstanceIoUser" name="parses test properly" time="0.001"/>
<testcase classname="InstanceStd" name="parses test properly" time="0.001"/>
<testcase classname="InstanceStdArray" name="parses test properly" time="0.001"/>
<testcase classname="InstanceUserArray" name="parses test properly" time="0.001"/>
<testcase classname="Integers" name="parses test properly" time="0.001"/>
<testcase classname="IntegersDoubleOverflow" name="parses test properly" time="0.001"><failure>Input A expected to strictly equal input B:
+ expected - actual

- -9007194959773695
+ -9007199254740991

      + expected - actual

      --9007194959773695
      +-9007199254740991
      
AssertionError [ERR_ASSERTION]: Input A expected to strictly equal input B:
+ expected - actual

- -9007194959773695
+ -9007199254740991
    at /tests/spec/javascript/test_integers_double_overflow.js:8:10
    at /tests/helpers/javascript/testHelper.js:16:11
    at FSReqWrap.readFileAfterClose [as oncomplete] (internal/fs/read_file_context.js:53:3)</failure></testcase>
<testcase classname="IntegersMinMax" name="parses test properly" time="0.001"><failure>Input A expected to strictly equal input B:
+ expected - actual

- -9223372032559809000
+ -9223372036854776000

      + expected - actual

      --9223372032559809000
      +-9223372036854776000
      
AssertionError [ERR_ASSERTION]: Input A expected to strictly equal input B:
+ expected - actual

- -9223372032559809000
+ -9223372036854776000
    at /tests/spec/javascript/test_integers_min_max.js:25:10
    at /tests/helpers/javascript/testHelper.js:16:11
    at FSReqWrap.readFileAfterClose [as oncomplete] (internal/fs/read_file_context.js:53:3)</failure></testcase>
<testcase classname="IoLocalVar" name="parses test properly" time="0.001"/>
<testcase classname="JsSignedRightShift" name="parses test properly" time="0.001"/>
<testcase classname="MetaTags" name="parses test properly" time="0.001"/>
<testcase classname="MetaXref" name="parses test properly" time="0"/>
<testcase classname="MultipleUse" name="parses test properly" time="0"/>
<testcase classname="NavParent" name="parses test properly" time="0.011"/>
<testcase classname="NavParent2" name="parses test properly" time="0.001"/>
<testcase classname="NavParent3" name="parses test properly" time="0.001"/>
<testcase classname="NavParentFalse" name="parses test properly" time="0.001"/>
<testcase classname="NavParentFalse2" name="parses test properly" time="0.002"/>
<testcase classname="NavParentOverride" name="parses test properly" time="0.001"/>
<testcase classname="NavParentSwitch" name="parses test properly" time="0.001"/>
<testcase classname="NavParentSwitchCast" name="parses test properly" time="0.001"/>
<testcase classname="NavParentVsValueInst" name="parses test properly" time="0.001"/>
<testcase classname="NavRoot" name="parses test properly" time="0.001"/>
<testcase classname="NestedSameName" name="parses test properly" time="0.001"/>
<testcase classname="NestedSameName2" name="parses test properly" time="0.001"/>
<testcase classname="NestedTypeParam" name="parses test properly" time="0.001"/>
<testcase classname="NestedTypes" name="parses test properly" time="0.001"/>
<testcase classname="NestedTypes2" name="parses test properly" time="0.001"/>
<testcase classname="NestedTypes3" name="parses test properly" time="0.001"/>
<testcase classname="NonStandard" name="parses test properly" time="0"/>
<testcase classname="OpaqueExternalType" name="parses test properly" time="0.001"/>
<testcase classname="OpaqueExternalType02Parent" name="parses test properly" time="0.001"/>
<testcase classname="OpaqueWithParam" name="parses test properly" time="0.001"/>
<testcase classname="OptionalId" name="parses test properly" time="0"/>
<testcase classname="ParamsCallExtraParens" name="parses test properly" time="0"/>
<testcase classname="ParamsCallShort" name="parses test properly" time="0.001"/>
<testcase classname="ParamsDef" name="parses test properly" time="0.001"/>
<testcase classname="ParamsEnum" name="parses test properly" time="0"/>
<testcase classname="ParamsPassArrayInt" name="parses test properly" time="0.001"/>
<testcase classname="ParamsPassArrayStr" name="parses test properly" time="0.001"/>
<testcase classname="ParamsPassArrayStruct" name="parses test properly" time="0.001"/>
<testcase classname="ParamsPassArrayUsertype" name="parses test properly" time="0.001"/>
<testcase classname="ParamsPassBool" name="parses test properly" time="0.001"/>
<testcase classname="ParamsPassStruct" name="parses test properly" time="0.001"/>
<testcase classname="ParamsPassUsertype" name="parses test properly" time="0.001"/>
<testcase classname="PositionAbs" name="parses test properly" time="0.001"/>
<testcase classname="PositionInSeq" name="parses test properly" time="0.007"/>
<testcase classname="PositionToEnd" name="parses test properly" time="0.005"/>
<testcase classname="ProcessCoerceBytes" name="parses test properly" time="0.001"/>
<testcase classname="ProcessCoerceSwitch" name="parses test properly" time="0.001"/>
<testcase classname="ProcessCoerceUsertype1" name="parses test properly" time="0.001"/>
<testcase classname="ProcessCoerceUsertype2" name="parses test properly" time="0.001"/>
<testcase classname="ProcessCustom" name="parses test properly" time="0.002"/>
<testcase classname="ProcessCustomNoArgs" name="parses test properly" time="0.001"/>
<testcase classname="ProcessRepeatBytes" name="parses test properly" time="0.001"/>
<testcase classname="ProcessRepeatUsertype" name="parses test properly" time="0.001"/>
<testcase classname="ProcessRotate" name="parses test properly" time="0.001"/>
<testcase classname="ProcessToUser" name="parses test properly" time="0.001"/>
<testcase classname="ProcessXor4Const" name="parses test properly" time="0.001"/>
<testcase classname="ProcessXor4Value" name="parses test properly" time="0"/>
<testcase classname="ProcessXorConst" name="parses test properly" time="0"/>
<testcase classname="ProcessXorValue" name="parses test properly" time="0.001"/>
<testcase classname="RecursiveOne" name="parses test properly" time="0.001"/>
<testcase classname="RepeatEosBit" name="parses test properly" time="0.001"/>
<testcase classname="RepeatEosStruct" name="parses test properly" time="0"/>
<testcase classname="RepeatEosU4" name="parses test properly" time="0"/>
<testcase classname="RepeatNStruct" name="parses test properly" time="0.001"/>
<testcase classname="RepeatNStrz" name="parses test properly" time="0.001"/>
<testcase classname="RepeatNStrzDouble" name="parses test properly" time="0.001"/>
<testcase classname="RepeatUntilCalcArrayType" name="parses test properly" time="0"/>
<testcase classname="RepeatUntilComplex" name="parses test properly" time="0.001"/>
<testcase classname="RepeatUntilS4" name="parses test properly" time="0"/>
<testcase classname="RepeatUntilSized" name="parses test properly" time="0"/>
<testcase classname="StrEncodings" name="parses test properly" time="0"/>
<testcase classname="StrEncodingsDefault" name="parses test properly" time="0.002"/>
<testcase classname="StrEncodingsUtf16" name="parses test properly" time="0.001"/>
<testcase classname="StrEos" name="parses test properly" time="0.001"/>
<testcase classname="StrLiterals" name="parses test properly" time="0.001"/>
<testcase classname="StrLiterals2" name="parses test properly" time="0.001"/>
<testcase classname="StrPadTerm" name="parses test properly" time="0.001"/>
<testcase classname="StrPadTermEmpty" name="parses test properly" time="0.001"/>
<testcase classname="SwitchBytearray" name="parses test properly" time="0.001"/>
<testcase classname="SwitchCast" name="parses test properly" time="0.001"/>
<testcase classname="SwitchElseOnly" name="parses test properly" time="0.001"/>
<testcase classname="SwitchIntegers" name="parses test properly" time="0.001"/>
<testcase classname="SwitchIntegers2" name="parses test properly" time="0.001"/>
<testcase classname="SwitchManualEnum" name="parses test properly" time="0.001"/>
<testcase classname="SwitchManualEnumInvalid" name="parses test properly" time="0.001"/>
<testcase classname="SwitchManualEnumInvalidElse" name="parses test properly" time="0.001"/>
<testcase classname="SwitchManualInt" name="parses test properly" time="0.001"/>
<testcase classname="SwitchManualIntElse" name="parses test properly" time="0.001"/>
<testcase classname="SwitchManualIntSize" name="parses test properly" time="0.001"/>
<testcase classname="SwitchManualIntSizeElse" name="parses test properly" time="0.001"/>
<testcase classname="SwitchManualIntSizeEos" name="parses test properly" time="0.002"/>
<testcase classname="SwitchManualStr" name="parses test properly" time="0.001"/>
<testcase classname="SwitchManualStrElse" name="parses test properly" time="0.001"/>
<testcase classname="SwitchMultiBoolOps" name="parses test properly" time="0"/>
<testcase classname="SwitchRepeatExpr" name="parses test properly" time="0.001"/>
<testcase classname="SwitchRepeatExprInvalid" name="parses test properly" time="0.001"/>
<testcase classname="TermBytes" name="parses test properly" time="0.001"/>
<testcase classname="TermStrz" name="parses test properly" time="0"/>
<testcase classname="TermU1Val" name="parses test properly" time="0.001"/>
<testcase classname="ToStringCustom" name="parses test properly" time="0.001"/>
<testcase classname="TsPacketHeader" name="parses test properly" time="0.001"/>
<testcase classname="TypeIntUnaryOp" name="parses test properly" time="0.001"/>
<testcase classname="TypeTernary" name="parses test properly" time="0.001"/>
<testcase classname="TypeTernary2ndFalsy" name="parses test properly" time="0.001"/>
<testcase classname="TypeTernaryOpaque" name="parses test properly" time="0.001"/>
<testcase classname="UserType" name="parses test properly" time="0.001"/>
<testcase classname="ValidEqStrEncodings" name="parses test properly" time="0.001"/>
<testcase classname="ValidFailAnyofInt" name="parses test properly" time="0"/>
<testcase classname="ValidFailContents" name="parses test properly" time="0.001"/>
<testcase classname="ValidFailEqBytes" name="parses test properly" time="0"/>
<testcase classname="ValidFailEqInt" name="parses test properly" time="0.001"/>
<testcase classname="ValidFailEqStr" name="parses test properly" time="0"/>
<testcase classname="ValidFailExpr" name="parses test properly" time="0"/>
<testcase classname="ValidFailInst" name="parses test properly" time="0"/>
<testcase classname="ValidFailMaxInt" name="parses test properly" time="0"/>
<testcase classname="ValidFailMinInt" name="parses test properly" time="0"/>
<testcase classname="ValidFailRangeBytes" name="parses test properly" time="0.004"/>
<testcase classname="ValidFailRangeFloat" name="parses test properly" time="0.001"/>
<testcase classname="ValidFailRangeInt" name="parses test properly" time="0"/>
<testcase classname="ValidFailRangeStr" name="parses test properly" time="0"/>
<testcase classname="ValidLong" name="parses test properly" time="0.002"/>
<testcase classname="ValidNotParsedIf" name="parses test properly" time="0.001"/>
<testcase classname="ValidOptionalId" name="parses test properly" time="0.001"/>
<testcase classname="ValidShort" name="parses test properly" time="0.001"/>
<testcase classname="ValidSwitch" name="parses test properly" time="0.001"/>
<testcase classname="YamlInts" name="parses test properly" time="0.001"/>
<testcase classname="ZlibSurrounded" name="parses test properly" time="0.004"/>
<testcase classname="ZlibWithHeader78" name="parses test properly" time="0.001"/>
</testsuite>
