<testsuite name="Mocha Tests" tests="211" failures="0" errors="8" skipped="0" timestamp="Fri, 05 Jun 2020 09:03:23 GMT" time="0.247">
<testcase classname="BcdUserTypeBe" name="parses test properly" time="0.004"/>
<testcase classname="BcdUserTypeLe" name="parses test properly" time="0.002"/>
<testcase classname="BitsByteAligned" name="parses test properly" time="0.001"/>
<testcase classname="BitsEnum" name="parses test properly" time="0.001"/>
<testcase classname="BitsSeqEndianCombo" name="parses test properly" time="0"/>
<testcase classname="BitsSimple" name="parses test properly" time="0"><failure>readBitsIntBe: the maximum supported bit length is 32 (tried to read 40 bits)
Error: readBitsIntBe: the maximum supported bit length is 32 (tried to read 40 bits)
    at KaitaiStream.readBitsIntBe (/home/travis/build/kaitai-io/ci_targets/runtime/javascript/KaitaiStream.js:422:11)
    at BitsSimple._read (/home/travis/build/kaitai-io/ci_targets/compiled/javascript/BitsSimple.js:33:32)
    at new BitsSimple (/home/travis/build/kaitai-io/ci_targets/compiled/javascript/BitsSimple.js:18:10)
    at /home/travis/build/kaitai-io/ci_targets/tests/helpers/javascript/testHelper.js:14:17
    at FSReqWrap.readFileAfterClose [as oncomplete] (internal/fs/read_file_context.js:53:3)</failure></testcase>
<testcase classname="BitsSimpleLe" name="parses test properly" time="0.001"><failure>readBitsIntLe: the maximum supported bit length is 32 (tried to read 40 bits)
Error: readBitsIntLe: the maximum supported bit length is 32 (tried to read 40 bits)
    at KaitaiStream.readBitsIntLe (/home/travis/build/kaitai-io/ci_targets/runtime/javascript/KaitaiStream.js:461:11)
    at BitsSimpleLe._read (/home/travis/build/kaitai-io/ci_targets/compiled/javascript/BitsSimpleLe.js:33:32)
    at new BitsSimpleLe (/home/travis/build/kaitai-io/ci_targets/compiled/javascript/BitsSimpleLe.js:18:10)
    at /home/travis/build/kaitai-io/ci_targets/tests/helpers/javascript/testHelper.js:14:17
    at FSReqWrap.readFileAfterClose [as oncomplete] (internal/fs/read_file_context.js:53:3)</failure></testcase>
<testcase classname="BufferedStruct" name="parses test properly" time="0.001"/>
<testcase classname="BytesPadTerm" name="parses test properly" time="0.001"/>
<testcase classname="CastNested" name="parses test properly" time="0.001"/>
<testcase classname="CastToImported" name="parses test properly" time="0.001"/>
<testcase classname="CastToTop" name="parses test properly" time="0.004"/>
<testcase classname="CombineBool" name="parses test properly" time="0.001"/>
<testcase classname="CombineBytes" name="parses test properly" time="0.001"/>
<testcase classname="CombineEnum" name="parses test properly" time="0.001"/>
<testcase classname="CombineStr" name="parses test properly" time="0.001"/>
<testcase classname="Debug0" name="parses test properly" time="0.001"/>
<testcase classname="DebugArrayUser" name="parses test properly" time="0.001"/>
<testcase classname="DebugEnumName" name="parses test properly" time="0.001"/>
<testcase classname="DebugSwitchUser" name="parses test properly" time="0.001"/>
<testcase classname="DefaultBigEndian" name="parses test properly" time="0"/>
<testcase classname="DefaultBitEndianMod" name="parses test properly" time="0.001"/>
<testcase classname="DefaultEndianExprException" name="parses test properly" time="0.001"/>
<testcase classname="DefaultEndianExprInherited" name="parses test properly" time="0.001"/>
<testcase classname="DefaultEndianExprIsBe" name="parses test properly" time="0.001"/>
<testcase classname="DefaultEndianExprIsLe" name="parses test properly" time="0.001"/>
<testcase classname="DefaultEndianMod" name="parses test properly" time="0.001"/>
<testcase classname="Docstrings" name="parses test properly" time="0"/>
<testcase classname="DocstringsDocref" name="parses test properly" time="0"/>
<testcase classname="DocstringsDocrefMulti" name="parses test properly" time="0.001"/>
<testcase classname="Enum0" name="parses test properly" time="0.001"/>
<testcase classname="Enum1" name="parses test properly" time="0"/>
<testcase classname="EnumDeep" name="parses test properly" time="0"/>
<testcase classname="EnumDeepLiterals" name="parses test properly" time="0.001"/>
<testcase classname="EnumFancy" name="parses test properly" time="0.001"/>
<testcase classname="EnumForUnknownId" name="parses test properly" time="0"/>
<testcase classname="EnumIf" name="parses test properly" time="0.003"/>
<testcase classname="EnumImport" name="parses test properly" time="0.001"><failure>Enum0 is not defined
ReferenceError: Enum0 is not defined
    at /home/travis/build/kaitai-io/ci_targets/tests/spec/javascript/test_enum_import.js:8:30
    at /home/travis/build/kaitai-io/ci_targets/tests/helpers/javascript/testHelper.js:16:11
    at FSReqWrap.readFileAfterClose [as oncomplete] (internal/fs/read_file_context.js:53:3)</failure></testcase>
<testcase classname="EnumIntRangeS" name="parses test properly" time="0.001"/>
<testcase classname="EnumIntRangeU" name="parses test properly" time="0.001"/>
<testcase classname="EnumInvalid" name="parses test properly" time="0"/>
<testcase classname="EnumLongRangeS" name="parses test properly" time="0.001"><failure>Input A expected to strictly equal input B:
+ expected - actual

- -9223372032559809000
+ -9223372036854776000

      + expected - actual

      --9223372032559809000
      +-9223372036854776000
      
AssertionError [ERR_ASSERTION]: Input A expected to strictly equal input B:
+ expected - actual

- -9223372032559809000
+ -9223372036854776000
    at /home/travis/build/kaitai-io/ci_targets/tests/spec/javascript/test_enum_long_range_s.js:8:10
    at /home/travis/build/kaitai-io/ci_targets/tests/helpers/javascript/testHelper.js:16:11
    at FSReqWrap.readFileAfterClose [as oncomplete] (internal/fs/read_file_context.js:53:3)</failure></testcase>
<testcase classname="EnumLongRangeU" name="parses test properly" time="0"/>
<testcase classname="EnumNegative" name="parses test properly" time="0.001"/>
<testcase classname="EnumOfValueInst" name="parses test properly" time="0.001"/>
<testcase classname="EnumToI" name="parses test properly" time="0.001"/>
<testcase classname="EnumToIClassBorder1" name="parses test properly" time="0.001"/>
<testcase classname="EofExceptionBytes" name="parses test properly" time="0"/>
<testcase classname="EofExceptionU4" name="parses test properly" time="0"/>
<testcase classname="EosExceptionBytes" name="parses test properly" time="0.001"/>
<testcase classname="EosExceptionU4" name="parses test properly" time="0"/>
<testcase classname="Expr0" name="parses test properly" time="0.001"/>
<testcase classname="Expr1" name="parses test properly" time="0.001"/>
<testcase classname="Expr2" name="parses test properly" time="0.001"/>
<testcase classname="Expr3" name="parses test properly" time="0.001"/>
<testcase classname="ExprArray" name="parses test properly" time="0.001"/>
<testcase classname="ExprBits" name="parses test properly" time="0.001"/>
<testcase classname="ExprBytesCmp" name="parses test properly" time="0.001"/>
<testcase classname="ExprBytesLiteral" name="parses test properly" time="0.001"><failure>Cannot find module &#x27;ExprBytesLiteral&#x27;
Error: Cannot find module &#x27;ExprBytesLiteral&#x27;
    at Function.Module._resolveFilename (internal/modules/cjs/loader.js:636:15)
    at Function.Module._load (internal/modules/cjs/loader.js:562:25)
    at Module.require (internal/modules/cjs/loader.js:692:17)
    at require (internal/modules/cjs/helpers.js:25:18)
    at Context.&#x3C;anonymous&#x3E; (helpers/javascript/testHelper.js:7:20)</failure></testcase>
<testcase classname="ExprBytesOps" name="parses test properly" time="0.001"/>
<testcase classname="ExprCalcArrayOps" name="parses test properly" time="0.002"/>
<testcase classname="ExprEnum" name="parses test properly" time="0"/>
<testcase classname="ExprIfIntOps" name="parses test properly" time="0.001"/>
<testcase classname="ExprIntDiv" name="parses test properly" time="0.001"/>
<testcase classname="ExprIoEof" name="parses test properly" time="0.001"/>
<testcase classname="ExprIoPos" name="parses test properly" time="0.001"/>
<testcase classname="ExprMod" name="parses test properly" time="0"/>
<testcase classname="ExprOpsParens" name="parses test properly" time="0.002"><failure>Input A expected to strictly equal input B:
+ expected - actual

- &#x27;012345&#x27;
+ 10
AssertionError [ERR_ASSERTION]: Input A expected to strictly equal input B:
+ expected - actual

- &#x27;012345&#x27;
+ 10
    at /home/travis/build/kaitai-io/ci_targets/tests/spec/javascript/test_expr_ops_parens.js:9:10
    at /home/travis/build/kaitai-io/ci_targets/tests/helpers/javascript/testHelper.js:16:11
    at FSReqWrap.readFileAfterClose [as oncomplete] (internal/fs/read_file_context.js:53:3)</failure></testcase>
<testcase classname="ExprSizeofType0" name="parses test properly" time="0"/>
<testcase classname="ExprSizeofType1" name="parses test properly" time="0.001"/>
<testcase classname="ExprSizeofValue0" name="parses test properly" time="0.001"/>
<testcase classname="ExprSizeofValueSized" name="parses test properly" time="0.001"/>
<testcase classname="ExprStrOps" name="parses test properly" time="0.001"/>
<testcase classname="FixedContents" name="parses test properly" time="0.001"/>
<testcase classname="FixedStruct" name="parses test properly" time="0.001"/>
<testcase classname="FloatToI" name="parses test properly" time="0.001"/>
<testcase classname="FloatingPoints" name="parses test properly" time="0.001"/>
<testcase classname="HelloWorld" name="parses test properly" time="0"/>
<testcase classname="IfInstances" name="parses test properly" time="0.001"/>
<testcase classname="IfStruct" name="parses test properly" time="0.001"/>
<testcase classname="IfValues" name="parses test properly" time="0.001"/>
<testcase classname="Imports0" name="parses test properly" time="0.001"/>
<testcase classname="ImportsAbs" name="parses test properly" time="0.001"/>
<testcase classname="ImportsAbsAbs" name="parses test properly" time="0.001"/>
<testcase classname="ImportsAbsRel" name="parses test properly" time="0.001"/>
<testcase classname="ImportsCircularA" name="parses test properly" time="0.001"><failure>ImportsCircularA is not a constructor
TypeError: ImportsCircularA is not a constructor
    at ImportsCircularB._read (/home/travis/build/kaitai-io/ci_targets/compiled/javascript/ImportsCircularB.js:23:22)
    at new ImportsCircularB (/home/travis/build/kaitai-io/ci_targets/compiled/javascript/ImportsCircularB.js:18:10)
    at ImportsCircularA._read (/home/travis/build/kaitai-io/ci_targets/compiled/javascript/ImportsCircularA.js:22:16)
    at new ImportsCircularA (/home/travis/build/kaitai-io/ci_targets/compiled/javascript/ImportsCircularA.js:18:10)
    at /home/travis/build/kaitai-io/ci_targets/tests/helpers/javascript/testHelper.js:14:17
    at FSReqWrap.readFileAfterClose [as oncomplete] (internal/fs/read_file_context.js:53:3)</failure></testcase>
<testcase classname="ImportsRel1" name="parses test properly" time="0.001"/>
<testcase classname="IndexSizes" name="parses test properly" time="0.001"/>
<testcase classname="IndexToParamEos" name="parses test properly" time="0.001"/>
<testcase classname="IndexToParamExpr" name="parses test properly" time="0"/>
<testcase classname="IndexToParamUntil" name="parses test properly" time="0.001"/>
<testcase classname="InstanceIoUser" name="parses test properly" time="0.001"/>
<testcase classname="InstanceStd" name="parses test properly" time="0.001"/>
<testcase classname="InstanceStdArray" name="parses test properly" time="0.001"/>
<testcase classname="InstanceUserArray" name="parses test properly" time="0.001"/>
<testcase classname="Integers" name="parses test properly" time="0.001"/>
<testcase classname="IntegersMinMax" name="parses test properly" time="0.001"><failure>Input A expected to strictly equal input B:
+ expected - actual

- -9223372032559809000
+ -9223372036854776000

      + expected - actual

      --9223372032559809000
      +-9223372036854776000
      
AssertionError [ERR_ASSERTION]: Input A expected to strictly equal input B:
+ expected - actual

- -9223372032559809000
+ -9223372036854776000
    at /home/travis/build/kaitai-io/ci_targets/tests/spec/javascript/test_integers_min_max.js:25:10
    at /home/travis/build/kaitai-io/ci_targets/tests/helpers/javascript/testHelper.js:16:11
    at FSReqWrap.readFileAfterClose [as oncomplete] (internal/fs/read_file_context.js:53:3)</failure></testcase>
<testcase classname="IoLocalVar" name="parses test properly" time="0.001"/>
<testcase classname="JsSignedRightShift" name="parses test properly" time="0"/>
<testcase classname="MetaTags" name="parses test properly" time="0"/>
<testcase classname="MetaXref" name="parses test properly" time="0.001"/>
<testcase classname="MultipleUse" name="parses test properly" time="0.001"/>
<testcase classname="NavParent" name="parses test properly" time="0.001"/>
<testcase classname="NavParent2" name="parses test properly" time="0.001"/>
<testcase classname="NavParent3" name="parses test properly" time="0.001"/>
<testcase classname="NavParentFalse" name="parses test properly" time="0.001"/>
<testcase classname="NavParentFalse2" name="parses test properly" time="0"/>
<testcase classname="NavParentOverride" name="parses test properly" time="0.001"/>
<testcase classname="NavParentSwitch" name="parses test properly" time="0.001"/>
<testcase classname="NavParentSwitchCast" name="parses test properly" time="0.001"/>
<testcase classname="NavParentVsValueInst" name="parses test properly" time="0.001"/>
<testcase classname="NavRoot" name="parses test properly" time="0"/>
<testcase classname="NestedSameName" name="parses test properly" time="0"/>
<testcase classname="NestedSameName2" name="parses test properly" time="0.001"/>
<testcase classname="NestedTypeParam" name="parses test properly" time="0.001"/>
<testcase classname="NestedTypes" name="parses test properly" time="0.001"/>
<testcase classname="NestedTypes2" name="parses test properly" time="0.001"/>
<testcase classname="NestedTypes3" name="parses test properly" time="0.001"/>
<testcase classname="NonStandard" name="parses test properly" time="0.001"/>
<testcase classname="OpaqueExternalType" name="parses test properly" time="0.001"/>
<testcase classname="OpaqueExternalType02Parent" name="parses test properly" time="0.001"/>
<testcase classname="OpaqueWithParam" name="parses test properly" time="0.001"/>
<testcase classname="OptionalId" name="parses test properly" time="0"/>
<testcase classname="ParamsCallExtraParens" name="parses test properly" time="0"/>
<testcase classname="ParamsCallShort" name="parses test properly" time="0.001"/>
<testcase classname="ParamsDef" name="parses test properly" time="0"/>
<testcase classname="ParamsEnum" name="parses test properly" time="0.001"/>
<testcase classname="ParamsPassArrayInt" name="parses test properly" time="0.001"/>
<testcase classname="ParamsPassArrayStr" name="parses test properly" time="0.001"/>
<testcase classname="ParamsPassArrayStruct" name="parses test properly" time="0.001"/>
<testcase classname="ParamsPassArrayUsertype" name="parses test properly" time="0.001"/>
<testcase classname="ParamsPassStruct" name="parses test properly" time="0"/>
<testcase classname="ParamsPassUsertype" name="parses test properly" time="0"/>
<testcase classname="PositionAbs" name="parses test properly" time="0.001"/>
<testcase classname="PositionInSeq" name="parses test properly" time="0.002"/>
<testcase classname="PositionToEnd" name="parses test properly" time="0.001"/>
<testcase classname="ProcessCoerceBytes" name="parses test properly" time="0.001"/>
<testcase classname="ProcessCoerceSwitch" name="parses test properly" time="0"/>
<testcase classname="ProcessCoerceUsertype1" name="parses test properly" time="0"/>
<testcase classname="ProcessCoerceUsertype2" name="parses test properly" time="0"/>
<testcase classname="ProcessCustom" name="parses test properly" time="0.002"/>
<testcase classname="ProcessCustomNoArgs" name="parses test properly" time="0.001"/>
<testcase classname="ProcessRepeatBytes" name="parses test properly" time="0"/>
<testcase classname="ProcessRepeatUsertype" name="parses test properly" time="0"/>
<testcase classname="ProcessRotate" name="parses test properly" time="0.001"/>
<testcase classname="ProcessToUser" name="parses test properly" time="0.001"/>
<testcase classname="ProcessXor4Const" name="parses test properly" time="0.001"/>
<testcase classname="ProcessXor4Value" name="parses test properly" time="0"/>
<testcase classname="ProcessXorConst" name="parses test properly" time="0.001"/>
<testcase classname="ProcessXorValue" name="parses test properly" time="0"/>
<testcase classname="RecursiveOne" name="parses test properly" time="0"/>
<testcase classname="RepeatEosBit" name="parses test properly" time="0.001"/>
<testcase classname="RepeatEosStruct" name="parses test properly" time="0.001"/>
<testcase classname="RepeatEosU4" name="parses test properly" time="0"/>
<testcase classname="RepeatNStruct" name="parses test properly" time="0.001"/>
<testcase classname="RepeatNStrz" name="parses test properly" time="0.011"/>
<testcase classname="RepeatNStrzDouble" name="parses test properly" time="0.001"/>
<testcase classname="RepeatUntilCalcArrayType" name="parses test properly" time="0.001"/>
<testcase classname="RepeatUntilComplex" name="parses test properly" time="0.001"/>
<testcase classname="RepeatUntilS4" name="parses test properly" time="0.001"/>
<testcase classname="RepeatUntilSized" name="parses test properly" time="0"/>
<testcase classname="StrEncodings" name="parses test properly" time="0.02"/>
<testcase classname="StrEncodingsDefault" name="parses test properly" time="0.001"/>
<testcase classname="StrEos" name="parses test properly" time="0.001"/>
<testcase classname="StrLiterals" name="parses test properly" time="0.001"/>
<testcase classname="StrLiterals2" name="parses test properly" time="0.001"/>
<testcase classname="StrPadTerm" name="parses test properly" time="0.001"/>
<testcase classname="StrPadTermEmpty" name="parses test properly" time="0"/>
<testcase classname="SwitchBytearray" name="parses test properly" time="0.001"/>
<testcase classname="SwitchCast" name="parses test properly" time="0.001"/>
<testcase classname="SwitchElseOnly" name="parses test properly" time="0"/>
<testcase classname="SwitchIntegers" name="parses test properly" time="0.001"/>
<testcase classname="SwitchIntegers2" name="parses test properly" time="0.001"/>
<testcase classname="SwitchManualEnum" name="parses test properly" time="0.001"/>
<testcase classname="SwitchManualEnumInvalid" name="parses test properly" time="0.001"/>
<testcase classname="SwitchManualEnumInvalidElse" name="parses test properly" time="0.001"/>
<testcase classname="SwitchManualInt" name="parses test properly" time="0.001"/>
<testcase classname="SwitchManualIntElse" name="parses test properly" time="0.001"/>
<testcase classname="SwitchManualIntSize" name="parses test properly" time="0.001"/>
<testcase classname="SwitchManualIntSizeElse" name="parses test properly" time="0.001"/>
<testcase classname="SwitchManualIntSizeEos" name="parses test properly" time="0.002"/>
<testcase classname="SwitchManualStr" name="parses test properly" time="0.008"/>
<testcase classname="SwitchManualStrElse" name="parses test properly" time="0.001"/>
<testcase classname="SwitchMultiBoolOps" name="parses test properly" time="0.001"/>
<testcase classname="SwitchRepeatExpr" name="parses test properly" time="0.001"/>
<testcase classname="TermBytes" name="parses test properly" time="0.001"/>
<testcase classname="TermStrz" name="parses test properly" time="0"/>
<testcase classname="ToStringCustom" name="parses test properly" time="0"/>
<testcase classname="TsPacketHeader" name="parses test properly" time="0.001"/>
<testcase classname="TypeIntUnaryOp" name="parses test properly" time="0.001"/>
<testcase classname="TypeTernary" name="parses test properly" time="0.001"/>
<testcase classname="TypeTernary2ndFalsy" name="parses test properly" time="0.001"/>
<testcase classname="TypeTernaryOpaque" name="parses test properly" time="0.001"/>
<testcase classname="UserType" name="parses test properly" time="0.001"/>
<testcase classname="ValidFailAnyofInt" name="parses test properly" time="0"/>
<testcase classname="ValidFailContents" name="parses test properly" time="0.001"/>
<testcase classname="ValidFailEqBytes" name="parses test properly" time="0"/>
<testcase classname="ValidFailEqInt" name="parses test properly" time="0.001"/>
<testcase classname="ValidFailExpr" name="parses test properly" time="0"/>
<testcase classname="ValidFailInst" name="parses test properly" time="0"/>
<testcase classname="ValidFailMaxInt" name="parses test properly" time="0.001"/>
<testcase classname="ValidFailMinInt" name="parses test properly" time="0"/>
<testcase classname="ValidFailRangeFloat" name="parses test properly" time="0.001"/>
<testcase classname="ValidFailRangeInt" name="parses test properly" time="0"/>
<testcase classname="ValidLong" name="parses test properly" time="0.001"/>
<testcase classname="ValidNotParsedIf" name="parses test properly" time="0.001"/>
<testcase classname="ValidShort" name="parses test properly" time="0.001"/>
<testcase classname="ValidSwitch" name="parses test properly" time="0.001"/>
<testcase classname="YamlInts" name="parses test properly" time="0.001"/>
<testcase classname="ZlibSurrounded" name="parses test properly" time="0.003"/>
<testcase classname="ZlibWithHeader78" name="parses test properly" time="0.001"/>
</testsuite>
