<testsuite name="Mocha Tests" tests="188" failures="0" errors="6" skipped="0" timestamp="Sat, 04 Apr 2020 05:28:10 GMT" time="0.174">
<testcase classname="BcdUserTypeBe" name="parses test properly" time="0.007"/>
<testcase classname="BcdUserTypeLe" name="parses test properly" time="0.002"/>
<testcase classname="BitsByteAligned" name="parses test properly" time="0.001"/>
<testcase classname="BitsEnum" name="parses test properly" time="0"/>
<testcase classname="BitsSimple" name="parses test properly" time="0"><failure>readBitsInt: the maximum supported bit length is 32 (tried to read 40 bits)
Error: readBitsInt: the maximum supported bit length is 32 (tried to read 40 bits)
    at KaitaiStream.readBitsInt (/home/travis/build/kaitai-io/ci_targets/runtime/javascript/KaitaiStream.js:421:11)
    at BitsSimple._read (/home/travis/build/kaitai-io/ci_targets/compiled/javascript/BitsSimple.js:33:32)
    at new BitsSimple (/home/travis/build/kaitai-io/ci_targets/compiled/javascript/BitsSimple.js:18:10)
    at /home/travis/build/kaitai-io/ci_targets/tests/helpers/javascript/testHelper.js:14:17
    at FSReqWrap.readFileAfterClose [as oncomplete] (fs.js:439:3)</failure></testcase>
<testcase classname="BufferedStruct" name="parses test properly" time="0"/>
<testcase classname="BytesPadTerm" name="parses test properly" time="0.001"/>
<testcase classname="CastNested" name="parses test properly" time="0.001"/>
<testcase classname="CastToImported" name="parses test properly" time="0.001"/>
<testcase classname="CastToTop" name="parses test properly" time="0"/>
<testcase classname="Debug0" name="parses test properly" time="0"/>
<testcase classname="DebugArrayUser" name="parses test properly" time="0.001"/>
<testcase classname="DebugEnumName" name="parses test properly" time="0"/>
<testcase classname="DebugSwitchUser" name="parses test properly" time="0.001"/>
<testcase classname="DefaultBigEndian" name="parses test properly" time="0"/>
<testcase classname="DefaultEndianExprException" name="parses test properly" time="0.001"/>
<testcase classname="DefaultEndianExprInherited" name="parses test properly" time="0.001"/>
<testcase classname="DefaultEndianExprIsBe" name="parses test properly" time="0.001"/>
<testcase classname="DefaultEndianExprIsLe" name="parses test properly" time="0.001"/>
<testcase classname="DefaultEndianMod" name="parses test properly" time="0"/>
<testcase classname="Docstrings" name="parses test properly" time="0.001"/>
<testcase classname="DocstringsDocref" name="parses test properly" time="0"/>
<testcase classname="DocstringsDocrefMulti" name="parses test properly" time="0"/>
<testcase classname="Enum0" name="parses test properly" time="0"/>
<testcase classname="Enum1" name="parses test properly" time="0.001"/>
<testcase classname="EnumDeep" name="parses test properly" time="0"/>
<testcase classname="EnumDeepLiterals" name="parses test properly" time="0"/>
<testcase classname="EnumFancy" name="parses test properly" time="0"/>
<testcase classname="EnumForUnknownId" name="parses test properly" time="0"/>
<testcase classname="EnumIf" name="parses test properly" time="0.001"/>
<testcase classname="EnumImport" name="parses test properly" time="0"><failure>Enum0 is not defined
ReferenceError: Enum0 is not defined
    at /home/travis/build/kaitai-io/ci_targets/tests/spec/javascript/test_enum_import.js:8:30
    at /home/travis/build/kaitai-io/ci_targets/tests/helpers/javascript/testHelper.js:16:11
    at FSReqWrap.readFileAfterClose [as oncomplete] (fs.js:439:3)</failure></testcase>
<testcase classname="EnumIntRangeS" name="parses test properly" time="0"/>
<testcase classname="EnumIntRangeU" name="parses test properly" time="0.001"/>
<testcase classname="EnumInvalid" name="parses test properly" time="0"/>
<testcase classname="EnumLongRangeS" name="parses test properly" time="0.001"><failure>-9223372032559809000 === -9223372036854776000

      + expected - actual

      --9223372032559809000
      +-9223372036854776000
      
AssertionError: -9223372032559809000 === -9223372036854776000
    at /home/travis/build/kaitai-io/ci_targets/tests/spec/javascript/test_enum_long_range_s.js:8:10
    at /home/travis/build/kaitai-io/ci_targets/tests/helpers/javascript/testHelper.js:16:11
    at FSReqWrap.readFileAfterClose [as oncomplete] (fs.js:439:3)</failure></testcase>
<testcase classname="EnumLongRangeU" name="parses test properly" time="0"/>
<testcase classname="EnumNegative" name="parses test properly" time="0.001"/>
<testcase classname="EnumOfValueInst" name="parses test properly" time="0"/>
<testcase classname="EnumToI" name="parses test properly" time="0"/>
<testcase classname="EnumToIClassBorder1" name="parses test properly" time="0"/>
<testcase classname="EofExceptionBytes" name="parses test properly" time="0"/>
<testcase classname="EofExceptionU4" name="parses test properly" time="0.001"/>
<testcase classname="EosExceptionBytes" name="parses test properly" time="0"/>
<testcase classname="EosExceptionU4" name="parses test properly" time="0.001"/>
<testcase classname="Expr0" name="parses test properly" time="0"/>
<testcase classname="Expr1" name="parses test properly" time="0.001"/>
<testcase classname="Expr2" name="parses test properly" time="0"/>
<testcase classname="Expr3" name="parses test properly" time="0"/>
<testcase classname="ExprArray" name="parses test properly" time="0.001"/>
<testcase classname="ExprBits" name="parses test properly" time="0.001"/>
<testcase classname="ExprBytesCmp" name="parses test properly" time="0"/>
<testcase classname="ExprBytesOps" name="parses test properly" time="0.001"/>
<testcase classname="ExprCalcArrayOps" name="parses test properly" time="0.001"/>
<testcase classname="ExprEnum" name="parses test properly" time="0.001"/>
<testcase classname="ExprIoEof" name="parses test properly" time="0"/>
<testcase classname="ExprIoPos" name="parses test properly" time="0"/>
<testcase classname="ExprMod" name="parses test properly" time="0.001"/>
