<testsuite name="Mocha Tests" tests="117" failures="65" errors="65" skipped="0" timestamp="Wed, 05 Jul 2017 13:42:58 GMT" time="0.162">
<testcase classname="BcdUserTypeBe" name="parses test properly" time="0"><failure>KaitaiStream is not defined
ReferenceError: KaitaiStream is not defined
    at BcdUserTypeBe._read (/home/travis/build/kaitai-io/ci_targets/compiled/javascript/BcdUserTypeBe.js:13:28)
    at new BcdUserTypeBe (/home/travis/build/kaitai-io/ci_targets/compiled/javascript/BcdUserTypeBe.js:9:10)
    at helpers/javascript/testHelper.js:12:17
    at FSReqWrap.readFileAfterClose [as oncomplete] (fs.js:416:3)</failure></testcase>
<testcase classname="BcdUserTypeLe" name="parses test properly" time="0"><failure>KaitaiStream is not defined
ReferenceError: KaitaiStream is not defined
    at BcdUserTypeLe._read (/home/travis/build/kaitai-io/ci_targets/compiled/javascript/BcdUserTypeLe.js:13:28)
    at new BcdUserTypeLe (/home/travis/build/kaitai-io/ci_targets/compiled/javascript/BcdUserTypeLe.js:9:10)
    at helpers/javascript/testHelper.js:12:17
    at FSReqWrap.readFileAfterClose [as oncomplete] (fs.js:416:3)</failure></testcase>
<testcase classname="BitsByteAligned" name="parses test properly" time="0.003"/>
<testcase classname="BitsEnum" name="parses test properly" time="0.001"/>
<testcase classname="BitsSimple" name="parses test properly" time="0"><failure>readBitsInt: the maximum supported bit length is 32 (tried to read 40 bits)
Error: readBitsInt: the maximum supported bit length is 32 (tried to read 40 bits)
    at KaitaiStream.readBitsInt (/home/travis/build/kaitai-io/ci_targets/runtime/javascript/KaitaiStream.js:385:11)
    at BitsSimple._read (/home/travis/build/kaitai-io/ci_targets/compiled/javascript/BitsSimple.js:24:32)
    at new BitsSimple (/home/travis/build/kaitai-io/ci_targets/compiled/javascript/BitsSimple.js:9:10)
    at helpers/javascript/testHelper.js:12:17
    at FSReqWrap.readFileAfterClose [as oncomplete] (fs.js:416:3)</failure></testcase>
<testcase classname="BufferedStruct" name="parses test properly" time="0"><failure>KaitaiStream is not defined
ReferenceError: KaitaiStream is not defined
    at BufferedStruct._read (/home/travis/build/kaitai-io/ci_targets/compiled/javascript/BufferedStruct.js:14:31)
    at new BufferedStruct (/home/travis/build/kaitai-io/ci_targets/compiled/javascript/BufferedStruct.js:9:10)
    at helpers/javascript/testHelper.js:12:17
    at FSReqWrap.readFileAfterClose [as oncomplete] (fs.js:416:3)</failure></testcase>
<testcase classname="BytesPadTerm" name="parses test properly" time="0"><failure>KaitaiStream is not defined
ReferenceError: KaitaiStream is not defined
    at BytesPadTerm._read (/home/travis/build/kaitai-io/ci_targets/compiled/javascript/BytesPadTerm.js:12:19)
    at new BytesPadTerm (/home/travis/build/kaitai-io/ci_targets/compiled/javascript/BytesPadTerm.js:9:10)
    at helpers/javascript/testHelper.js:12:17
    at FSReqWrap.readFileAfterClose [as oncomplete] (fs.js:416:3)</failure></testcase>
<testcase classname="Debug0" name="parses test properly" time="0.001"/>
<testcase classname="DebugEnumName" name="parses test properly" time="0.001"/>
<testcase classname="DefaultBigEndian" name="parses test properly" time="0.001"/>
<testcase classname="DefaultEndianExprException" name="parses test properly" time="0"><failure>KaitaiStream is not defined
ReferenceError: KaitaiStream is not defined
    at MainObj.DefaultEndianExprException.Doc.Doc.MainObj.MainObj._read (/home/travis/build/kaitai-io/ci_targets/compiled/javascript/DefaultEndianExprException.js:42:16)
    at new MainObj (/home/travis/build/kaitai-io/ci_targets/compiled/javascript/DefaultEndianExprException.js:37:14)
    at Doc.DefaultEndianExprException.Doc.Doc._read (/home/travis/build/kaitai-io/ci_targets/compiled/javascript/DefaultEndianExprException.js:28:19)
    at new Doc (/home/travis/build/kaitai-io/ci_targets/compiled/javascript/DefaultEndianExprException.js:24:12)
    at DefaultEndianExprException._read (/home/travis/build/kaitai-io/ci_targets/compiled/javascript/DefaultEndianExprException.js:14:22)
    at new DefaultEndianExprException (/home/travis/build/kaitai-io/ci_targets/compiled/javascript/DefaultEndianExprException.js:9:10)
    at helpers/javascript/testHelperThrows.js:13:13
    at _tryBlock (assert.js:314:5)
    at _throws (assert.js:333:12)
    at Function.throws (assert.js:363:3)
    at helpers/javascript/testHelperThrows.js:11:16
    at FSReqWrap.readFileAfterClose [as oncomplete] (fs.js:416:3)</failure></testcase>
<testcase classname="DefaultEndianExprInherited" name="parses test properly" time="0"><failure>KaitaiStream is not defined
ReferenceError: KaitaiStream is not defined
    at MainObj.DefaultEndianExprInherited.Doc.Doc.MainObj.MainObj._read (/home/travis/build/kaitai-io/ci_targets/compiled/javascript/DefaultEndianExprInherited.js:42:16)
    at new MainObj (/home/travis/build/kaitai-io/ci_targets/compiled/javascript/DefaultEndianExprInherited.js:37:14)
    at Doc.DefaultEndianExprInherited.Doc.Doc._read (/home/travis/build/kaitai-io/ci_targets/compiled/javascript/DefaultEndianExprInherited.js:28:19)
    at new Doc (/home/travis/build/kaitai-io/ci_targets/compiled/javascript/DefaultEndianExprInherited.js:24:12)
    at DefaultEndianExprInherited._read (/home/travis/build/kaitai-io/ci_targets/compiled/javascript/DefaultEndianExprInherited.js:14:22)
    at new DefaultEndianExprInherited (/home/travis/build/kaitai-io/ci_targets/compiled/javascript/DefaultEndianExprInherited.js:9:10)
    at helpers/javascript/testHelper.js:12:17
    at FSReqWrap.readFileAfterClose [as oncomplete] (fs.js:416:3)</failure></testcase>
<testcase classname="DefaultEndianExprIsBe" name="parses test properly" time="0"><failure>KaitaiStream is not defined
ReferenceError: KaitaiStream is not defined
    at MainObj.DefaultEndianExprIsBe.Doc.Doc.MainObj.MainObj._read (/home/travis/build/kaitai-io/ci_targets/compiled/javascript/DefaultEndianExprIsBe.js:42:16)
    at new MainObj (/home/travis/build/kaitai-io/ci_targets/compiled/javascript/DefaultEndianExprIsBe.js:37:14)
    at Doc.DefaultEndianExprIsBe.Doc.Doc._read (/home/travis/build/kaitai-io/ci_targets/compiled/javascript/DefaultEndianExprIsBe.js:28:19)
    at new Doc (/home/travis/build/kaitai-io/ci_targets/compiled/javascript/DefaultEndianExprIsBe.js:24:12)
    at DefaultEndianExprIsBe._read (/home/travis/build/kaitai-io/ci_targets/compiled/javascript/DefaultEndianExprIsBe.js:14:22)
    at new DefaultEndianExprIsBe (/home/travis/build/kaitai-io/ci_targets/compiled/javascript/DefaultEndianExprIsBe.js:9:10)
    at helpers/javascript/testHelper.js:12:17
    at FSReqWrap.readFileAfterClose [as oncomplete] (fs.js:416:3)</failure></testcase>
<testcase classname="DefaultEndianExprIsLe" name="parses test properly" time="0"><failure>KaitaiStream is not defined
ReferenceError: KaitaiStream is not defined
    at MainObj.DefaultEndianExprIsLe.Doc.Doc.MainObj.MainObj._read (/home/travis/build/kaitai-io/ci_targets/compiled/javascript/DefaultEndianExprIsLe.js:42:16)
    at new MainObj (/home/travis/build/kaitai-io/ci_targets/compiled/javascript/DefaultEndianExprIsLe.js:37:14)
    at Doc.DefaultEndianExprIsLe.Doc.Doc._read (/home/travis/build/kaitai-io/ci_targets/compiled/javascript/DefaultEndianExprIsLe.js:28:19)
    at new Doc (/home/travis/build/kaitai-io/ci_targets/compiled/javascript/DefaultEndianExprIsLe.js:24:12)
    at DefaultEndianExprIsLe._read (/home/travis/build/kaitai-io/ci_targets/compiled/javascript/DefaultEndianExprIsLe.js:14:22)
    at new DefaultEndianExprIsLe (/home/travis/build/kaitai-io/ci_targets/compiled/javascript/DefaultEndianExprIsLe.js:9:10)
    at helpers/javascript/testHelper.js:12:17
    at FSReqWrap.readFileAfterClose [as oncomplete] (fs.js:416:3)</failure></testcase>
<testcase classname="DefaultEndianMod" name="parses test properly" time="0.001"/>
<testcase classname="Docstrings" name="parses test properly" time="0"/>
<testcase classname="DocstringsDocref" name="parses test properly" time="0"/>
<testcase classname="Enum0" name="parses test properly" time="0.001"/>
<testcase classname="Enum1" name="parses test properly" time="0.001"/>
<testcase classname="EnumFancy" name="parses test properly" time="0"/>
<testcase classname="EnumForUnknownId" name="parses test properly" time="0"/>
<testcase classname="EnumIf" name="parses test properly" time="0"><failure>KaitaiStream is not defined
ReferenceError: KaitaiStream is not defined
    at ArgStr.EnumIf.ArgStr.ArgStr._read (/home/travis/build/kaitai-io/ci_targets/compiled/javascript/EnumIf.js:72:18)
    at new ArgStr (/home/travis/build/kaitai-io/ci_targets/compiled/javascript/EnumIf.js:68:12)
    at Operation.EnumIf.Operation.Operation._read (/home/travis/build/kaitai-io/ci_targets/compiled/javascript/EnumIf.js:39:23)
    at new Operation (/home/travis/build/kaitai-io/ci_targets/compiled/javascript/EnumIf.js:31:12)
    at EnumIf._read (/home/travis/build/kaitai-io/ci_targets/compiled/javascript/EnumIf.js:20:16)
    at new EnumIf (/home/travis/build/kaitai-io/ci_targets/compiled/javascript/EnumIf.js:17:10)
    at helpers/javascript/testHelper.js:12:17
    at FSReqWrap.readFileAfterClose [as oncomplete] (fs.js:416:3)</failure></testcase>
<testcase classname="EnumNegative" name="parses test properly" time="0.001"/>
<testcase classname="EnumOfValueInst" name="parses test properly" time="0.001"/>
<testcase classname="EnumToI" name="parses test properly" time="0.001"/>
<testcase classname="EofExceptionBytes" name="parses test properly" time="0.001"/>
<testcase classname="EofExceptionU4" name="parses test properly" time="0.001"/>
<testcase classname="Expr0" name="parses test properly" time="0.001"/>
<testcase classname="Expr1" name="parses test properly" time="0"><failure>KaitaiStream is not defined
ReferenceError: KaitaiStream is not defined
    at Expr1._read (/home/travis/build/kaitai-io/ci_targets/compiled/javascript/Expr1.js:13:17)
    at new Expr1 (/home/travis/build/kaitai-io/ci_targets/compiled/javascript/Expr1.js:9:10)
    at helpers/javascript/testHelper.js:12:17
    at FSReqWrap.readFileAfterClose [as oncomplete] (fs.js:416:3)</failure></testcase>
<testcase classname="Expr2" name="parses test properly" time="0"><failure>KaitaiStream is not defined
ReferenceError: KaitaiStream is not defined
    at ModStr.Expr2.ModStr.ModStr._read (/home/travis/build/kaitai-io/ci_targets/compiled/javascript/Expr2.js:26:18)
    at new ModStr (/home/travis/build/kaitai-io/ci_targets/compiled/javascript/Expr2.js:22:12)
    at Expr2._read (/home/travis/build/kaitai-io/ci_targets/compiled/javascript/Expr2.js:12:17)
    at new Expr2 (/home/travis/build/kaitai-io/ci_targets/compiled/javascript/Expr2.js:9:10)
    at helpers/javascript/testHelper.js:12:17
    at FSReqWrap.readFileAfterClose [as oncomplete] (fs.js:416:3)</failure></testcase>
<testcase classname="Expr3" name="parses test properly" time="0"><failure>KaitaiStream is not defined
ReferenceError: KaitaiStream is not defined
    at Expr3._read (/home/travis/build/kaitai-io/ci_targets/compiled/javascript/Expr3.js:13:16)
    at new Expr3 (/home/travis/build/kaitai-io/ci_targets/compiled/javascript/Expr3.js:9:10)
    at helpers/javascript/testHelper.js:12:17
    at FSReqWrap.readFileAfterClose [as oncomplete] (fs.js:416:3)</failure></testcase>
<testcase classname="ExprArray" name="parses test properly" time="0"><failure>KaitaiStream is not defined
ReferenceError: KaitaiStream is not defined
    at ExprArray._read (/home/travis/build/kaitai-io/ci_targets/compiled/javascript/ExprArray.js:22:22)
    at new ExprArray (/home/travis/build/kaitai-io/ci_targets/compiled/javascript/ExprArray.js:9:10)
    at helpers/javascript/testHelper.js:12:17
    at FSReqWrap.readFileAfterClose [as oncomplete] (fs.js:416:3)</failure></testcase>
<testcase classname="ExprBytesCmp" name="parses test properly" time="0"><failure>KaitaiStream is not defined
ReferenceError: KaitaiStream is not defined
    at spec/javascript/test_expr_bytes_cmp.js:5:16
    at helpers/javascript/testHelper.js:13:9
    at FSReqWrap.readFileAfterClose [as oncomplete] (fs.js:416:3)</failure></testcase>
<testcase classname="ExprEnum" name="parses test properly" time="0"/>
<testcase classname="ExprIoEof" name="parses test properly" time="0"><failure>KaitaiStream is not defined
ReferenceError: KaitaiStream is not defined
    at ExprIoEof._read (/home/travis/build/kaitai-io/ci_targets/compiled/javascript/ExprIoEof.js:13:35)
    at new ExprIoEof (/home/travis/build/kaitai-io/ci_targets/compiled/javascript/ExprIoEof.js:9:10)
    at helpers/javascript/testHelper.js:12:17
    at FSReqWrap.readFileAfterClose [as oncomplete] (fs.js:416:3)</failure></testcase>
<testcase classname="ExprIoPos" name="parses test properly" time="0"><failure>KaitaiStream is not defined
ReferenceError: KaitaiStream is not defined
    at ExprIoPos._read (/home/travis/build/kaitai-io/ci_targets/compiled/javascript/ExprIoPos.js:13:35)
    at new ExprIoPos (/home/travis/build/kaitai-io/ci_targets/compiled/javascript/ExprIoPos.js:9:10)
    at helpers/javascript/testHelper.js:12:17
    at FSReqWrap.readFileAfterClose [as oncomplete] (fs.js:416:3)</failure></testcase>
<testcase classname="ExprMod" name="parses test properly" time="0"><failure>KaitaiStream is not defined
ReferenceError: KaitaiStream is not defined
    at ExprMod.get (/home/travis/build/kaitai-io/ci_targets/compiled/javascript/ExprMod.js:19:29)
    at spec/javascript/test_expr_mod.js:8:17
    at helpers/javascript/testHelper.js:13:9
    at FSReqWrap.readFileAfterClose [as oncomplete] (fs.js:416:3)</failure></testcase>
<testcase classname="FixedContents" name="parses test properly" time="0.003"/>
<testcase classname="FixedStruct" name="parses test properly" time="0.003"/>
<testcase classname="FloatToI" name="parses test properly" time="0.001"/>
<testcase classname="FloatingPoints" name="parses test properly" time="0"/>
<testcase classname="HelloWorld" name="parses test properly" time="0"/>
<testcase classname="IfInstances" name="parses test properly" time="0.001"/>
<testcase classname="IfStruct" name="parses test properly" time="0"><failure>KaitaiStream is not defined
ReferenceError: KaitaiStream is not defined
    at ArgStr.IfStruct.ArgStr.ArgStr._read (/home/travis/build/kaitai-io/ci_targets/compiled/javascript/IfStruct.js:64:18)
    at new ArgStr (/home/travis/build/kaitai-io/ci_targets/compiled/javascript/IfStruct.js:60:12)
    at Operation.IfStruct.Operation.Operation._read (/home/travis/build/kaitai-io/ci_targets/compiled/javascript/IfStruct.js:31:23)
    at new Operation (/home/travis/build/kaitai-io/ci_targets/compiled/javascript/IfStruct.js:23:12)
    at IfStruct._read (/home/travis/build/kaitai-io/ci_targets/compiled/javascript/IfStruct.js:12:16)
    at new IfStruct (/home/travis/build/kaitai-io/ci_targets/compiled/javascript/IfStruct.js:9:10)
    at helpers/javascript/testHelper.js:12:17
    at FSReqWrap.readFileAfterClose [as oncomplete] (fs.js:416:3)</failure></testcase>
<testcase classname="IfValues" name="parses test properly" time="0"><failure>KaitaiStream is not defined
ReferenceError: KaitaiStream is not defined
    at Code.get (/home/travis/build/kaitai-io/ci_targets/compiled/javascript/IfValues.js:33:13)
    at spec/javascript/test_if_values.js:6:26
    at helpers/javascript/testHelper.js:13:9
    at FSReqWrap.readFileAfterClose [as oncomplete] (fs.js:416:3)</failure></testcase>
<testcase classname="Imports0" name="parses test properly" time="0.001"/>
<testcase classname="ImportsAbs" name="parses test properly" time="0.001"/>
<testcase classname="ImportsCircularA" name="parses test properly" time="0"><failure>ImportsCircularA is not a constructor
TypeError: ImportsCircularA is not a constructor
    at ImportsCircularB._read (/home/travis/build/kaitai-io/ci_targets/compiled/javascript/ImportsCircularB.js:17:22)
    at new ImportsCircularB (/home/travis/build/kaitai-io/ci_targets/compiled/javascript/ImportsCircularB.js:12:10)
    at ImportsCircularA._read (/home/travis/build/kaitai-io/ci_targets/compiled/javascript/ImportsCircularA.js:16:16)
    at new ImportsCircularA (/home/travis/build/kaitai-io/ci_targets/compiled/javascript/ImportsCircularA.js:12:10)
    at helpers/javascript/testHelper.js:12:17
    at FSReqWrap.readFileAfterClose [as oncomplete] (fs.js:416:3)</failure></testcase>
<testcase classname="IndexSizes" name="parses test properly" time="0"><failure>KaitaiStream is not defined
ReferenceError: KaitaiStream is not defined
    at IndexSizes._read (/home/travis/build/kaitai-io/ci_targets/compiled/javascript/IndexSizes.js:19:22)
    at new IndexSizes (/home/travis/build/kaitai-io/ci_targets/compiled/javascript/IndexSizes.js:9:10)
    at helpers/javascript/testHelper.js:12:17
    at FSReqWrap.readFileAfterClose [as oncomplete] (fs.js:416:3)</failure></testcase>
<testcase classname="InstanceIoUser" name="parses test properly" time="0"><failure>KaitaiStream is not defined
ReferenceError: KaitaiStream is not defined
    at InstanceIoUser._read (/home/travis/build/kaitai-io/ci_targets/compiled/javascript/InstanceIoUser.js:18:32)
    at new InstanceIoUser (/home/travis/build/kaitai-io/ci_targets/compiled/javascript/InstanceIoUser.js:9:10)
    at helpers/javascript/testHelper.js:12:17
    at FSReqWrap.readFileAfterClose [as oncomplete] (fs.js:416:3)</failure></testcase>
<testcase classname="InstanceStd" name="parses test properly" time="0"><failure>KaitaiStream is not defined
ReferenceError: KaitaiStream is not defined
    at InstanceStd.get (/home/travis/build/kaitai-io/ci_targets/compiled/javascript/InstanceStd.js:19:24)
    at spec/javascript/test_instance_std.js:5:19
    at helpers/javascript/testHelper.js:13:9
    at FSReqWrap.readFileAfterClose [as oncomplete] (fs.js:416:3)</failure></testcase>
<testcase classname="InstanceStdArray" name="parses test properly" time="0.001"/>
<testcase classname="InstanceUserArray" name="parses test properly" time="0"><failure>KaitaiStream is not defined
ReferenceError: KaitaiStream is not defined
    at InstanceUserArray.get (/home/travis/build/kaitai-io/ci_targets/compiled/javascript/InstanceUserArray.js:43:45)
    at spec/javascript/test_instance_user_array.js:9:19
    at helpers/javascript/testHelper.js:13:9
    at FSReqWrap.readFileAfterClose [as oncomplete] (fs.js:416:3)</failure></testcase>
<testcase classname="MultipleUse" name="parses test properly" time="0.001"/>
<testcase classname="NavParent" name="parses test properly" time="0"><failure>KaitaiStream is not defined
ReferenceError: KaitaiStream is not defined
    at Entry.NavParent.Entry.Entry._read (/home/travis/build/kaitai-io/ci_targets/compiled/javascript/NavParent.js:60:23)
    at new Entry (/home/travis/build/kaitai-io/ci_targets/compiled/javascript/NavParent.js:57:12)
    at IndexObj.NavParent.IndexObj.IndexObj._read (/home/travis/build/kaitai-io/ci_targets/compiled/javascript/NavParent.js:44:27)
    at new IndexObj (/home/travis/build/kaitai-io/ci_targets/compiled/javascript/NavParent.js:38:12)
    at NavParent._read (/home/travis/build/kaitai-io/ci_targets/compiled/javascript/NavParent.js:13:18)
    at new NavParent (/home/travis/build/kaitai-io/ci_targets/compiled/javascript/NavParent.js:9:10)
    at helpers/javascript/testHelper.js:12:17
    at FSReqWrap.readFileAfterClose [as oncomplete] (fs.js:416:3)</failure></testcase>
<testcase classname="NavParent2" name="parses test properly" time="0"><failure>KaitaiStream is not defined
ReferenceError: KaitaiStream is not defined
    at Tag.NavParent2.Tag.Tag._read (/home/travis/build/kaitai-io/ci_targets/compiled/javascript/NavParent2.js:29:19)
    at new Tag (/home/travis/build/kaitai-io/ci_targets/compiled/javascript/NavParent2.js:26:12)
    at NavParent2._read (/home/travis/build/kaitai-io/ci_targets/compiled/javascript/NavParent2.js:16:22)
    at new NavParent2 (/home/travis/build/kaitai-io/ci_targets/compiled/javascript/NavParent2.js:9:10)
    at helpers/javascript/testHelper.js:12:17
    at FSReqWrap.readFileAfterClose [as oncomplete] (fs.js:416:3)</failure></testcase>
<testcase classname="NavParent3" name="parses test properly" time="0"><failure>KaitaiStream is not defined
ReferenceError: KaitaiStream is not defined
    at Tag.NavParent3.Tag.Tag._read (/home/travis/build/kaitai-io/ci_targets/compiled/javascript/NavParent3.js:25:19)
    at new Tag (/home/travis/build/kaitai-io/ci_targets/compiled/javascript/NavParent3.js:22:12)
    at NavParent3.get (/home/travis/build/kaitai-io/ci_targets/compiled/javascript/NavParent3.js:71:27)
    at spec/javascript/test_nav_parent3.js:8:17
    at helpers/javascript/testHelper.js:13:9
    at FSReqWrap.readFileAfterClose [as oncomplete] (fs.js:416:3)</failure></testcase>
<testcase classname="NavParentFalse" name="parses test properly" time="0.001"/>
<testcase classname="NavParentFalse2" name="parses test properly" time="0"/>
<testcase classname="NavParentSwitch" name="parses test properly" time="0.001"/>
<testcase classname="NavParentVsValueInst" name="parses test properly" time="0"><failure>KaitaiStream is not defined
ReferenceError: KaitaiStream is not defined
    at NavParentVsValueInst._read (/home/travis/build/kaitai-io/ci_targets/compiled/javascript/NavParentVsValueInst.js:12:15)
    at new NavParentVsValueInst (/home/travis/build/kaitai-io/ci_targets/compiled/javascript/NavParentVsValueInst.js:9:10)
    at helpers/javascript/testHelper.js:12:17
    at FSReqWrap.readFileAfterClose [as oncomplete] (fs.js:416:3)</failure></testcase>
<testcase classname="NavRoot" name="parses test properly" time="0"><failure>KaitaiStream is not defined
ReferenceError: KaitaiStream is not defined
    at Entry.NavRoot.Entry.Entry._read (/home/travis/build/kaitai-io/ci_targets/compiled/javascript/NavRoot.js:60:23)
    at new Entry (/home/travis/build/kaitai-io/ci_targets/compiled/javascript/NavRoot.js:57:12)
    at IndexObj.NavRoot.IndexObj.IndexObj._read (/home/travis/build/kaitai-io/ci_targets/compiled/javascript/NavRoot.js:44:27)
    at new IndexObj (/home/travis/build/kaitai-io/ci_targets/compiled/javascript/NavRoot.js:38:12)
    at NavRoot._read (/home/travis/build/kaitai-io/ci_targets/compiled/javascript/NavRoot.js:13:18)
    at new NavRoot (/home/travis/build/kaitai-io/ci_targets/compiled/javascript/NavRoot.js:9:10)
    at helpers/javascript/testHelper.js:12:17
    at FSReqWrap.readFileAfterClose [as oncomplete] (fs.js:416:3)</failure></testcase>
<testcase classname="NestedSameName" name="parses test properly" time="0.001"/>
<testcase classname="NestedSameName2" name="parses test properly" time="0.001"/>
<testcase classname="NestedTypes" name="parses test properly" time="0"/>
<testcase classname="NestedTypes2" name="parses test properly" time="0.003"/>
<testcase classname="NonStandard" name="parses test properly" time="0.001"/>
<testcase classname="OpaqueExternalType" name="parses test properly" time="0"><failure>KaitaiStream is not defined
ReferenceError: KaitaiStream is not defined
    at TermStrz._read (/home/travis/build/kaitai-io/ci_targets/compiled/javascript/TermStrz.js:12:15)
    at new TermStrz (/home/travis/build/kaitai-io/ci_targets/compiled/javascript/TermStrz.js:9:10)
    at OpaqueExternalType._read (/home/travis/build/kaitai-io/ci_targets/compiled/javascript/OpaqueExternalType.js:15:16)
    at new OpaqueExternalType (/home/travis/build/kaitai-io/ci_targets/compiled/javascript/OpaqueExternalType.js:12:10)
    at helpers/javascript/testHelper.js:12:17
    at FSReqWrap.readFileAfterClose [as oncomplete] (fs.js:416:3)</failure></testcase>
<testcase classname="OpaqueExternalType02Parent" name="parses test properly" time="0"><failure>KaitaiStream is not defined
ReferenceError: KaitaiStream is not defined
    at OpaqueExternalType02Child._read (/home/travis/build/kaitai-io/ci_targets/compiled/javascript/OpaqueExternalType02Child.js:12:15)
    at new OpaqueExternalType02Child (/home/travis/build/kaitai-io/ci_targets/compiled/javascript/OpaqueExternalType02Child.js:9:10)
    at ParentObj.OpaqueExternalType02Parent.ParentObj.ParentObj._read (/home/travis/build/kaitai-io/ci_targets/compiled/javascript/OpaqueExternalType02Parent.js:27:20)
    at new ParentObj (/home/travis/build/kaitai-io/ci_targets/compiled/javascript/OpaqueExternalType02Parent.js:24:12)
    at OpaqueExternalType02Parent._read (/home/travis/build/kaitai-io/ci_targets/compiled/javascript/OpaqueExternalType02Parent.js:15:19)
    at new OpaqueExternalType02Parent (/home/travis/build/kaitai-io/ci_targets/compiled/javascript/OpaqueExternalType02Parent.js:12:10)
    at helpers/javascript/testHelper.js:12:17
    at FSReqWrap.readFileAfterClose [as oncomplete] (fs.js:416:3)</failure></testcase>
<testcase classname="OptionalId" name="parses test properly" time="0.001"/>
<testcase classname="PositionAbs" name="parses test properly" time="0"><failure>KaitaiStream is not defined
ReferenceError: KaitaiStream is not defined
    at IndexObj.PositionAbs.IndexObj.IndexObj._read (/home/travis/build/kaitai-io/ci_targets/compiled/javascript/PositionAbs.js:24:20)
    at new IndexObj (/home/travis/build/kaitai-io/ci_targets/compiled/javascript/PositionAbs.js:21:12)
    at PositionAbs.get (/home/travis/build/kaitai-io/ci_targets/compiled/javascript/PositionAbs.js:35:23)
    at spec/javascript/test_position_abs.js:6:19
    at helpers/javascript/testHelper.js:13:9
    at FSReqWrap.readFileAfterClose [as oncomplete] (fs.js:416:3)</failure></testcase>
<testcase classname="PositionInSeq" name="parses test properly" time="0.002"/>
<testcase classname="PositionToEnd" name="parses test properly" time="0.001"/>
<testcase classname="ProcessCoerceBytes" name="parses test properly" time="0"><failure>KaitaiStream is not defined
ReferenceError: KaitaiStream is not defined
    at Record.ProcessCoerceBytes.Record.Record._read (/home/travis/build/kaitai-io/ci_targets/compiled/javascript/ProcessCoerceBytes.js:33:24)
    at new Record (/home/travis/build/kaitai-io/ci_targets/compiled/javascript/ProcessCoerceBytes.js:24:12)
    at ProcessCoerceBytes._read (/home/travis/build/kaitai-io/ci_targets/compiled/javascript/ProcessCoerceBytes.js:14:25)
    at new ProcessCoerceBytes (/home/travis/build/kaitai-io/ci_targets/compiled/javascript/ProcessCoerceBytes.js:9:10)
    at helpers/javascript/testHelper.js:12:17
    at FSReqWrap.readFileAfterClose [as oncomplete] (fs.js:416:3)</failure></testcase>
<testcase classname="ProcessCoerceUsertype1" name="parses test properly" time="0"><failure>KaitaiStream is not defined
ReferenceError: KaitaiStream is not defined
    at Record.ProcessCoerceUsertype1.Record.Record._read (/home/travis/build/kaitai-io/ci_targets/compiled/javascript/ProcessCoerceUsertype1.js:30:38)
    at new Record (/home/travis/build/kaitai-io/ci_targets/compiled/javascript/ProcessCoerceUsertype1.js:24:12)
    at ProcessCoerceUsertype1._read (/home/travis/build/kaitai-io/ci_targets/compiled/javascript/ProcessCoerceUsertype1.js:14:25)
    at new ProcessCoerceUsertype1 (/home/travis/build/kaitai-io/ci_targets/compiled/javascript/ProcessCoerceUsertype1.js:9:10)
    at helpers/javascript/testHelper.js:12:17
    at FSReqWrap.readFileAfterClose [as oncomplete] (fs.js:416:3)</failure></testcase>
<testcase classname="ProcessCoerceUsertype2" name="parses test properly" time="0"><failure>KaitaiStream is not defined
ReferenceError: KaitaiStream is not defined
    at Record.ProcessCoerceUsertype2.Record.Record._read (/home/travis/build/kaitai-io/ci_targets/compiled/javascript/ProcessCoerceUsertype2.js:33:29)
    at new Record (/home/travis/build/kaitai-io/ci_targets/compiled/javascript/ProcessCoerceUsertype2.js:24:12)
    at ProcessCoerceUsertype2._read (/home/travis/build/kaitai-io/ci_targets/compiled/javascript/ProcessCoerceUsertype2.js:14:25)
    at new ProcessCoerceUsertype2 (/home/travis/build/kaitai-io/ci_targets/compiled/javascript/ProcessCoerceUsertype2.js:9:10)
    at helpers/javascript/testHelper.js:12:17
    at FSReqWrap.readFileAfterClose [as oncomplete] (fs.js:416:3)</failure></testcase>
<testcase classname="ProcessRotate" name="parses test properly" time="0"><failure>KaitaiStream is not defined
ReferenceError: KaitaiStream is not defined
    at ProcessRotate._read (/home/travis/build/kaitai-io/ci_targets/compiled/javascript/ProcessRotate.js:13:17)
    at new ProcessRotate (/home/travis/build/kaitai-io/ci_targets/compiled/javascript/ProcessRotate.js:9:10)
    at helpers/javascript/testHelper.js:12:17
    at FSReqWrap.readFileAfterClose [as oncomplete] (fs.js:416:3)</failure></testcase>
<testcase classname="ProcessToUser" name="parses test properly" time="0"><failure>KaitaiStream is not defined
ReferenceError: KaitaiStream is not defined
    at ProcessToUser._read (/home/travis/build/kaitai-io/ci_targets/compiled/javascript/ProcessToUser.js:13:22)
    at new ProcessToUser (/home/travis/build/kaitai-io/ci_targets/compiled/javascript/ProcessToUser.js:9:10)
    at helpers/javascript/testHelper.js:12:17
    at FSReqWrap.readFileAfterClose [as oncomplete] (fs.js:416:3)</failure></testcase>
<testcase classname="ProcessXor4Const" name="parses test properly" time="0"><failure>KaitaiStream is not defined
ReferenceError: KaitaiStream is not defined
    at ProcessXor4Const._read (/home/travis/build/kaitai-io/ci_targets/compiled/javascript/ProcessXor4Const.js:14:16)
    at new ProcessXor4Const (/home/travis/build/kaitai-io/ci_targets/compiled/javascript/ProcessXor4Const.js:9:10)
    at helpers/javascript/testHelper.js:12:17
    at FSReqWrap.readFileAfterClose [as oncomplete] (fs.js:416:3)</failure></testcase>
<testcase classname="ProcessXor4Value" name="parses test properly" time="0"><failure>KaitaiStream is not defined
ReferenceError: KaitaiStream is not defined
    at ProcessXor4Value._read (/home/travis/build/kaitai-io/ci_targets/compiled/javascript/ProcessXor4Value.js:14:16)
    at new ProcessXor4Value (/home/travis/build/kaitai-io/ci_targets/compiled/javascript/ProcessXor4Value.js:9:10)
    at helpers/javascript/testHelper.js:12:17
    at FSReqWrap.readFileAfterClose [as oncomplete] (fs.js:416:3)</failure></testcase>
<testcase classname="ProcessXorConst" name="parses test properly" time="0"><failure>KaitaiStream is not defined
ReferenceError: KaitaiStream is not defined
    at ProcessXorConst._read (/home/travis/build/kaitai-io/ci_targets/compiled/javascript/ProcessXorConst.js:14:16)
    at new ProcessXorConst (/home/travis/build/kaitai-io/ci_targets/compiled/javascript/ProcessXorConst.js:9:10)
    at helpers/javascript/testHelper.js:12:17
    at FSReqWrap.readFileAfterClose [as oncomplete] (fs.js:416:3)</failure></testcase>
<testcase classname="ProcessXorValue" name="parses test properly" time="0"><failure>KaitaiStream is not defined
ReferenceError: KaitaiStream is not defined
    at ProcessXorValue._read (/home/travis/build/kaitai-io/ci_targets/compiled/javascript/ProcessXorValue.js:14:16)
    at new ProcessXorValue (/home/travis/build/kaitai-io/ci_targets/compiled/javascript/ProcessXorValue.js:9:10)
    at helpers/javascript/testHelper.js:12:17
    at FSReqWrap.readFileAfterClose [as oncomplete] (fs.js:416:3)</failure></testcase>
<testcase classname="RecursiveOne" name="parses test properly" time="0.001"/>
<testcase classname="RepeatEosStruct" name="parses test properly" time="0.001"/>
<testcase classname="RepeatEosU4" name="parses test properly" time="0"/>
<testcase classname="RepeatNStruct" name="parses test properly" time="0"/>
<testcase classname="RepeatNStrz" name="parses test properly" time="0"><failure>KaitaiStream is not defined
ReferenceError: KaitaiStream is not defined
    at RepeatNStrz._read (/home/travis/build/kaitai-io/ci_targets/compiled/javascript/RepeatNStrz.js:15:23)
    at new RepeatNStrz (/home/travis/build/kaitai-io/ci_targets/compiled/javascript/RepeatNStrz.js:9:10)
    at helpers/javascript/testHelper.js:12:17
    at FSReqWrap.readFileAfterClose [as oncomplete] (fs.js:416:3)</failure></testcase>
<testcase classname="RepeatNStrzDouble" name="parses test properly" time="0"><failure>KaitaiStream is not defined
ReferenceError: KaitaiStream is not defined
    at RepeatNStrzDouble._read (/home/travis/build/kaitai-io/ci_targets/compiled/javascript/RepeatNStrzDouble.js:15:24)
    at new RepeatNStrzDouble (/home/travis/build/kaitai-io/ci_targets/compiled/javascript/RepeatNStrzDouble.js:9:10)
    at helpers/javascript/testHelper.js:12:17
    at FSReqWrap.readFileAfterClose [as oncomplete] (fs.js:416:3)</failure></testcase>
<testcase classname="RepeatUntilComplex" name="parses test properly" time="0.001"/>
<testcase classname="RepeatUntilS4" name="parses test properly" time="0"><failure>KaitaiStream is not defined
ReferenceError: KaitaiStream is not defined
    at RepeatUntilS4._read (/home/travis/build/kaitai-io/ci_targets/compiled/javascript/RepeatUntilS4.js:17:21)
    at new RepeatUntilS4 (/home/travis/build/kaitai-io/ci_targets/compiled/javascript/RepeatUntilS4.js:9:10)
    at helpers/javascript/testHelper.js:12:17
    at FSReqWrap.readFileAfterClose [as oncomplete] (fs.js:416:3)</failure></testcase>
<testcase classname="RepeatUntilSized" name="parses test properly" time="0"><failure>KaitaiStream is not defined
ReferenceError: KaitaiStream is not defined
    at RepeatUntilSized._read (/home/travis/build/kaitai-io/ci_targets/compiled/javascript/RepeatUntilSized.js:17:34)
    at new RepeatUntilSized (/home/travis/build/kaitai-io/ci_targets/compiled/javascript/RepeatUntilSized.js:9:10)
    at helpers/javascript/testHelper.js:12:17
    at FSReqWrap.readFileAfterClose [as oncomplete] (fs.js:416:3)</failure></testcase>
<testcase classname="StrEncodings" name="parses test properly" time="0"><failure>KaitaiStream is not defined
ReferenceError: KaitaiStream is not defined
    at StrEncodings._read (/home/travis/build/kaitai-io/ci_targets/compiled/javascript/StrEncodings.js:13:17)
    at new StrEncodings (/home/travis/build/kaitai-io/ci_targets/compiled/javascript/StrEncodings.js:9:10)
    at helpers/javascript/testHelper.js:12:17
    at FSReqWrap.readFileAfterClose [as oncomplete] (fs.js:416:3)</failure></testcase>
<testcase classname="StrEncodingsDefault" name="parses test properly" time="0"><failure>KaitaiStream is not defined
ReferenceError: KaitaiStream is not defined
    at StrEncodingsDefault._read (/home/travis/build/kaitai-io/ci_targets/compiled/javascript/StrEncodingsDefault.js:13:17)
    at new StrEncodingsDefault (/home/travis/build/kaitai-io/ci_targets/compiled/javascript/StrEncodingsDefault.js:9:10)
    at helpers/javascript/testHelper.js:12:17
    at FSReqWrap.readFileAfterClose [as oncomplete] (fs.js:416:3)</failure></testcase>
<testcase classname="StrEos" name="parses test properly" time="0"><failure>KaitaiStream is not defined
ReferenceError: KaitaiStream is not defined
    at StrEos._read (/home/travis/build/kaitai-io/ci_targets/compiled/javascript/StrEos.js:12:16)
    at new StrEos (/home/travis/build/kaitai-io/ci_targets/compiled/javascript/StrEos.js:9:10)
    at helpers/javascript/testHelper.js:12:17
    at FSReqWrap.readFileAfterClose [as oncomplete] (fs.js:416:3)</failure></testcase>
<testcase classname="StrLiterals" name="parses test properly" time="0.002"/>
<testcase classname="StrLiterals2" name="parses test properly" time="0"/>
<testcase classname="StrPadTerm" name="parses test properly" time="0"><failure>KaitaiStream is not defined
ReferenceError: KaitaiStream is not defined
    at StrPadTerm._read (/home/travis/build/kaitai-io/ci_targets/compiled/javascript/StrPadTerm.js:12:19)
    at new StrPadTerm (/home/travis/build/kaitai-io/ci_targets/compiled/javascript/StrPadTerm.js:9:10)
    at helpers/javascript/testHelper.js:12:17
    at FSReqWrap.readFileAfterClose [as oncomplete] (fs.js:416:3)</failure></testcase>
<testcase classname="SwitchBytearray" name="parses test properly" time="0"><failure>KaitaiStream is not defined
ReferenceError: KaitaiStream is not defined
    at Opcode.SwitchBytearray.Opcode.Opcode._read (/home/travis/build/kaitai-io/ci_targets/compiled/javascript/SwitchBytearray.js:30:14)
    at new Opcode (/home/travis/build/kaitai-io/ci_targets/compiled/javascript/SwitchBytearray.js:24:12)
    at SwitchBytearray._read (/home/travis/build/kaitai-io/ci_targets/compiled/javascript/SwitchBytearray.js:14:25)
    at new SwitchBytearray (/home/travis/build/kaitai-io/ci_targets/compiled/javascript/SwitchBytearray.js:9:10)
    at helpers/javascript/testHelper.js:12:17
    at FSReqWrap.readFileAfterClose [as oncomplete] (fs.js:416:3)</failure></testcase>
<testcase classname="SwitchCast" name="parses test properly" time="0"><failure>KaitaiStream is not defined
ReferenceError: KaitaiStream is not defined
    at Strval.SwitchCast.Strval.Strval._read (/home/travis/build/kaitai-io/ci_targets/compiled/javascript/SwitchCast.js:65:20)
    at new Strval (/home/travis/build/kaitai-io/ci_targets/compiled/javascript/SwitchCast.js:62:12)
    at Opcode.SwitchCast.Opcode.Opcode._read (/home/travis/build/kaitai-io/ci_targets/compiled/javascript/SwitchCast.js:33:21)
    at new Opcode (/home/travis/build/kaitai-io/ci_targets/compiled/javascript/SwitchCast.js:24:12)
    at SwitchCast._read (/home/travis/build/kaitai-io/ci_targets/compiled/javascript/SwitchCast.js:14:25)
    at new SwitchCast (/home/travis/build/kaitai-io/ci_targets/compiled/javascript/SwitchCast.js:9:10)
    at helpers/javascript/testHelper.js:12:17
    at FSReqWrap.readFileAfterClose [as oncomplete] (fs.js:416:3)</failure></testcase>
<testcase classname="SwitchIntegers" name="parses test properly" time="0.001"/>
<testcase classname="SwitchIntegers2" name="parses test properly" time="0.001"/>
<testcase classname="SwitchManualEnum" name="parses test properly" time="0"><failure>KaitaiStream is not defined
ReferenceError: KaitaiStream is not defined
    at Strval.SwitchManualEnum.Opcode.Opcode.Strval.Strval._read (/home/travis/build/kaitai-io/ci_targets/compiled/javascript/SwitchManualEnum.js:70:22)
    at new Strval (/home/travis/build/kaitai-io/ci_targets/compiled/javascript/SwitchManualEnum.js:67:14)
    at Opcode.SwitchManualEnum.Opcode.Opcode._read (/home/travis/build/kaitai-io/ci_targets/compiled/javascript/SwitchManualEnum.js:41:21)
    at new Opcode (/home/travis/build/kaitai-io/ci_targets/compiled/javascript/SwitchManualEnum.js:32:12)
    at SwitchManualEnum._read (/home/travis/build/kaitai-io/ci_targets/compiled/javascript/SwitchManualEnum.js:14:25)
    at new SwitchManualEnum (/home/travis/build/kaitai-io/ci_targets/compiled/javascript/SwitchManualEnum.js:9:10)
    at helpers/javascript/testHelper.js:12:17
    at FSReqWrap.readFileAfterClose [as oncomplete] (fs.js:416:3)</failure></testcase>
<testcase classname="SwitchManualInt" name="parses test properly" time="0"><failure>KaitaiStream is not defined
ReferenceError: KaitaiStream is not defined
    at Strval.SwitchManualInt.Opcode.Opcode.Strval.Strval._read (/home/travis/build/kaitai-io/ci_targets/compiled/javascript/SwitchManualInt.js:62:22)
    at new Strval (/home/travis/build/kaitai-io/ci_targets/compiled/javascript/SwitchManualInt.js:59:14)
    at Opcode.SwitchManualInt.Opcode.Opcode._read (/home/travis/build/kaitai-io/ci_targets/compiled/javascript/SwitchManualInt.js:33:21)
    at new Opcode (/home/travis/build/kaitai-io/ci_targets/compiled/javascript/SwitchManualInt.js:24:12)
    at SwitchManualInt._read (/home/travis/build/kaitai-io/ci_targets/compiled/javascript/SwitchManualInt.js:14:25)
    at new SwitchManualInt (/home/travis/build/kaitai-io/ci_targets/compiled/javascript/SwitchManualInt.js:9:10)
    at helpers/javascript/testHelper.js:12:17
    at FSReqWrap.readFileAfterClose [as oncomplete] (fs.js:416:3)</failure></testcase>
<testcase classname="SwitchManualIntElse" name="parses test properly" time="0"><failure>KaitaiStream is not defined
ReferenceError: KaitaiStream is not defined
    at Strval.SwitchManualIntElse.Opcode.Opcode.Strval.Strval._read (/home/travis/build/kaitai-io/ci_targets/compiled/javascript/SwitchManualIntElse.js:65:22)
    at new Strval (/home/travis/build/kaitai-io/ci_targets/compiled/javascript/SwitchManualIntElse.js:62:14)
    at Opcode.SwitchManualIntElse.Opcode.Opcode._read (/home/travis/build/kaitai-io/ci_targets/compiled/javascript/SwitchManualIntElse.js:33:21)
    at new Opcode (/home/travis/build/kaitai-io/ci_targets/compiled/javascript/SwitchManualIntElse.js:24:12)
    at SwitchManualIntElse._read (/home/travis/build/kaitai-io/ci_targets/compiled/javascript/SwitchManualIntElse.js:14:25)
    at new SwitchManualIntElse (/home/travis/build/kaitai-io/ci_targets/compiled/javascript/SwitchManualIntElse.js:9:10)
    at helpers/javascript/testHelper.js:12:17
    at FSReqWrap.readFileAfterClose [as oncomplete] (fs.js:416:3)</failure></testcase>
<testcase classname="SwitchManualIntSize" name="parses test properly" time="0"><failure>KaitaiStream is not defined
ReferenceError: KaitaiStream is not defined
    at Chunk.SwitchManualIntSize.Chunk.Chunk._read (/home/travis/build/kaitai-io/ci_targets/compiled/javascript/SwitchManualIntSize.js:32:33)
    at new Chunk (/home/travis/build/kaitai-io/ci_targets/compiled/javascript/SwitchManualIntSize.js:24:12)
    at SwitchManualIntSize._read (/home/travis/build/kaitai-io/ci_targets/compiled/javascript/SwitchManualIntSize.js:14:24)
    at new SwitchManualIntSize (/home/travis/build/kaitai-io/ci_targets/compiled/javascript/SwitchManualIntSize.js:9:10)
    at helpers/javascript/testHelper.js:12:17
    at FSReqWrap.readFileAfterClose [as oncomplete] (fs.js:416:3)</failure></testcase>
<testcase classname="SwitchManualIntSizeElse" name="parses test properly" time="0"><failure>KaitaiStream is not defined
ReferenceError: KaitaiStream is not defined
    at Chunk.SwitchManualIntSizeElse.Chunk.Chunk._read (/home/travis/build/kaitai-io/ci_targets/compiled/javascript/SwitchManualIntSizeElse.js:32:33)
    at new Chunk (/home/travis/build/kaitai-io/ci_targets/compiled/javascript/SwitchManualIntSizeElse.js:24:12)
    at SwitchManualIntSizeElse._read (/home/travis/build/kaitai-io/ci_targets/compiled/javascript/SwitchManualIntSizeElse.js:14:24)
    at new SwitchManualIntSizeElse (/home/travis/build/kaitai-io/ci_targets/compiled/javascript/SwitchManualIntSizeElse.js:9:10)
    at helpers/javascript/testHelper.js:12:17
    at FSReqWrap.readFileAfterClose [as oncomplete] (fs.js:416:3)</failure></testcase>
<testcase classname="SwitchManualIntSizeEos" name="parses test properly" time="0"><failure>KaitaiStream is not defined
ReferenceError: KaitaiStream is not defined
    at Chunk.SwitchManualIntSizeEos.Chunk.Chunk._read (/home/travis/build/kaitai-io/ci_targets/compiled/javascript/SwitchManualIntSizeEos.js:30:31)
    at new Chunk (/home/travis/build/kaitai-io/ci_targets/compiled/javascript/SwitchManualIntSizeEos.js:24:12)
    at SwitchManualIntSizeEos._read (/home/travis/build/kaitai-io/ci_targets/compiled/javascript/SwitchManualIntSizeEos.js:14:24)
    at new SwitchManualIntSizeEos (/home/travis/build/kaitai-io/ci_targets/compiled/javascript/SwitchManualIntSizeEos.js:9:10)
    at helpers/javascript/testHelper.js:12:17
    at FSReqWrap.readFileAfterClose [as oncomplete] (fs.js:416:3)</failure></testcase>
<testcase classname="SwitchManualStr" name="parses test properly" time="0"><failure>KaitaiStream is not defined
ReferenceError: KaitaiStream is not defined
    at Opcode.SwitchManualStr.Opcode.Opcode._read (/home/travis/build/kaitai-io/ci_targets/compiled/javascript/SwitchManualStr.js:27:19)
    at new Opcode (/home/travis/build/kaitai-io/ci_targets/compiled/javascript/SwitchManualStr.js:24:12)
    at SwitchManualStr._read (/home/travis/build/kaitai-io/ci_targets/compiled/javascript/SwitchManualStr.js:14:25)
    at new SwitchManualStr (/home/travis/build/kaitai-io/ci_targets/compiled/javascript/SwitchManualStr.js:9:10)
    at helpers/javascript/testHelper.js:12:17
    at FSReqWrap.readFileAfterClose [as oncomplete] (fs.js:416:3)</failure></testcase>
<testcase classname="SwitchManualStrElse" name="parses test properly" time="0"><failure>KaitaiStream is not defined
ReferenceError: KaitaiStream is not defined
    at Opcode.SwitchManualStrElse.Opcode.Opcode._read (/home/travis/build/kaitai-io/ci_targets/compiled/javascript/SwitchManualStrElse.js:27:19)
    at new Opcode (/home/travis/build/kaitai-io/ci_targets/compiled/javascript/SwitchManualStrElse.js:24:12)
    at SwitchManualStrElse._read (/home/travis/build/kaitai-io/ci_targets/compiled/javascript/SwitchManualStrElse.js:14:25)
    at new SwitchManualStrElse (/home/travis/build/kaitai-io/ci_targets/compiled/javascript/SwitchManualStrElse.js:9:10)
    at helpers/javascript/testHelper.js:12:17
    at FSReqWrap.readFileAfterClose [as oncomplete] (fs.js:416:3)</failure></testcase>
<testcase classname="SwitchMultiBoolOps" name="parses test properly" time="0.001"/>
<testcase classname="TermBytes" name="parses test properly" time="0"><failure>KaitaiStream is not defined
ReferenceError: KaitaiStream is not defined
    at spec/javascript/test_term_bytes.js:5:16
    at helpers/javascript/testHelper.js:13:9
    at FSReqWrap.readFileAfterClose [as oncomplete] (fs.js:416:3)</failure></testcase>
<testcase classname="TermStrz" name="parses test properly" time="0"><failure>KaitaiStream is not defined
ReferenceError: KaitaiStream is not defined
    at TermStrz._read (/home/travis/build/kaitai-io/ci_targets/compiled/javascript/TermStrz.js:12:15)
    at new TermStrz (/home/travis/build/kaitai-io/ci_targets/compiled/javascript/TermStrz.js:9:10)
    at helpers/javascript/testHelper.js:12:17
    at FSReqWrap.readFileAfterClose [as oncomplete] (fs.js:416:3)</failure></testcase>
<testcase classname="TsPacketHeader" name="parses test properly" time="0"/>
<testcase classname="TypeIntUnaryOp" name="parses test properly" time="0.001"/>
<testcase classname="TypeTernary" name="parses test properly" time="0"><failure>KaitaiStream is not defined
ReferenceError: KaitaiStream is not defined
    at TypeTernary._read (/home/travis/build/kaitai-io/ci_targets/compiled/javascript/TypeTernary.js:18:29)
    at new TypeTernary (/home/travis/build/kaitai-io/ci_targets/compiled/javascript/TypeTernary.js:9:10)
    at helpers/javascript/testHelper.js:12:17
    at FSReqWrap.readFileAfterClose [as oncomplete] (fs.js:416:3)</failure></testcase>
<testcase classname="TypeTernaryOpaque" name="parses test properly" time="0"><failure>KaitaiStream is not defined
ReferenceError: KaitaiStream is not defined
    at TypeTernaryOpaque._read (/home/travis/build/kaitai-io/ci_targets/compiled/javascript/TypeTernaryOpaque.js:17:36)
    at new TypeTernaryOpaque (/home/travis/build/kaitai-io/ci_targets/compiled/javascript/TypeTernaryOpaque.js:12:10)
    at helpers/javascript/testHelper.js:12:17
    at FSReqWrap.readFileAfterClose [as oncomplete] (fs.js:416:3)</failure></testcase>
<testcase classname="ZlibWithHeader78" name="parses test properly" time="0"><failure>KaitaiStream is not defined
ReferenceError: KaitaiStream is not defined
    at ZlibWithHeader78._read (/home/travis/build/kaitai-io/ci_targets/compiled/javascript/ZlibWithHeader78.js:13:17)
    at new ZlibWithHeader78 (/home/travis/build/kaitai-io/ci_targets/compiled/javascript/ZlibWithHeader78.js:9:10)
    at helpers/javascript/testHelper.js:12:17
    at FSReqWrap.readFileAfterClose [as oncomplete] (fs.js:416:3)</failure></testcase>
</testsuite>
