<testsuite name="Mocha Tests" tests="232" failures="0" errors="16" skipped="0" timestamp="Thu, 23 Jun 2022 17:29:11 GMT" time="0.235">
<testcase classname="BcdUserTypeBe" name="parses test properly" time="0.003"/>
<testcase classname="BcdUserTypeLe" name="parses test properly" time="0.001"/>
<testcase classname="BitsByteAligned" name="parses test properly" time="0.001"/>
<testcase classname="BitsEnum" name="parses test properly" time="0.001"/>
<testcase classname="BitsSeqEndianCombo" name="parses test properly" time="0.001"/>
<testcase classname="BitsShiftByB32Le" name="parses test properly" time="0.001"/>
<testcase classname="BitsShiftByB64Le" name="parses test properly" time="0.001"><failure>readBitsIntLe: the maximum supported bit length is 32 (tried to read 64 bits)
RangeError: readBitsIntLe: the maximum supported bit length is 32 (tried to read 64 bits)
    at KaitaiStream.readBitsIntLe (/home/travis/build/kaitai-io/ci_targets/runtime/javascript/KaitaiStream.js:489:11)
    at BitsShiftByB64Le._read (/home/travis/build/kaitai-io/ci_targets/compiled/javascript/BitsShiftByB64Le.js:21:23)
    at new BitsShiftByB64Le (/home/travis/build/kaitai-io/ci_targets/compiled/javascript/BitsShiftByB64Le.js:18:10)
    at /home/travis/build/kaitai-io/ci_targets/tests/helpers/javascript/testHelper.js:14:17
    at FSReqCallback.readFileAfterClose [as oncomplete] (internal/fs/read_file_context.js:63:3)</failure></testcase>
<testcase classname="BitsSignedResB32Be" name="parses test properly" time="0.001"/>
<testcase classname="BitsSignedResB32Le" name="parses test properly" time="0.001"/>
<testcase classname="BitsSignedShiftB32Le" name="parses test properly" time="0.001"/>
<testcase classname="BitsSignedShiftB64Le" name="parses test properly" time="0"><failure>readBitsIntLe: the maximum supported bit length is 32 (tried to read 63 bits)
RangeError: readBitsIntLe: the maximum supported bit length is 32 (tried to read 63 bits)
    at KaitaiStream.readBitsIntLe (/home/travis/build/kaitai-io/ci_targets/runtime/javascript/KaitaiStream.js:489:11)
    at BitsSignedShiftB64Le._read (/home/travis/build/kaitai-io/ci_targets/compiled/javascript/BitsSignedShiftB64Le.js:21:23)
    at new BitsSignedShiftB64Le (/home/travis/build/kaitai-io/ci_targets/compiled/javascript/BitsSignedShiftB64Le.js:18:10)
    at /home/travis/build/kaitai-io/ci_targets/tests/helpers/javascript/testHelper.js:14:17
    at FSReqCallback.readFileAfterClose [as oncomplete] (internal/fs/read_file_context.js:63:3)</failure></testcase>
<testcase classname="BitsSimple" name="parses test properly" time="0"><failure>readBitsIntBe: the maximum supported bit length is 32 (tried to read 40 bits)
RangeError: readBitsIntBe: the maximum supported bit length is 32 (tried to read 40 bits)
    at KaitaiStream.readBitsIntBe (/home/travis/build/kaitai-io/ci_targets/runtime/javascript/KaitaiStream.js:431:11)
    at BitsSimple._read (/home/travis/build/kaitai-io/ci_targets/compiled/javascript/BitsSimple.js:33:32)
    at new BitsSimple (/home/travis/build/kaitai-io/ci_targets/compiled/javascript/BitsSimple.js:18:10)
    at /home/travis/build/kaitai-io/ci_targets/tests/helpers/javascript/testHelper.js:14:17
    at FSReqCallback.readFileAfterClose [as oncomplete] (internal/fs/read_file_context.js:63:3)</failure></testcase>
<testcase classname="BitsSimpleLe" name="parses test properly" time="0"><failure>readBitsIntLe: the maximum supported bit length is 32 (tried to read 40 bits)
RangeError: readBitsIntLe: the maximum supported bit length is 32 (tried to read 40 bits)
    at KaitaiStream.readBitsIntLe (/home/travis/build/kaitai-io/ci_targets/runtime/javascript/KaitaiStream.js:489:11)
    at BitsSimpleLe._read (/home/travis/build/kaitai-io/ci_targets/compiled/javascript/BitsSimpleLe.js:33:32)
    at new BitsSimpleLe (/home/travis/build/kaitai-io/ci_targets/compiled/javascript/BitsSimpleLe.js:18:10)
    at /home/travis/build/kaitai-io/ci_targets/tests/helpers/javascript/testHelper.js:14:17
    at FSReqCallback.readFileAfterClose [as oncomplete] (internal/fs/read_file_context.js:63:3)</failure></testcase>
<testcase classname="BitsUnalignedB32Be" name="parses test properly" time="0"/>
<testcase classname="BitsUnalignedB32Le" name="parses test properly" time="0.001"/>
<testcase classname="BitsUnalignedB64Be" name="parses test properly" time="0.001"><failure>readBitsIntBe: the maximum supported bit length is 32 (tried to read 64 bits)
RangeError: readBitsIntBe: the maximum supported bit length is 32 (tried to read 64 bits)
    at KaitaiStream.readBitsIntBe (/home/travis/build/kaitai-io/ci_targets/runtime/javascript/KaitaiStream.js:431:11)
    at BitsUnalignedB64Be._read (/home/travis/build/kaitai-io/ci_targets/compiled/javascript/BitsUnalignedB64Be.js:22:23)
    at new BitsUnalignedB64Be (/home/travis/build/kaitai-io/ci_targets/compiled/javascript/BitsUnalignedB64Be.js:18:10)
    at /home/travis/build/kaitai-io/ci_targets/tests/helpers/javascript/testHelper.js:14:17
    at FSReqCallback.readFileAfterClose [as oncomplete] (internal/fs/read_file_context.js:63:3)</failure></testcase>
<testcase classname="BitsUnalignedB64Le" name="parses test properly" time="0.001"><failure>readBitsIntLe: the maximum supported bit length is 32 (tried to read 64 bits)
RangeError: readBitsIntLe: the maximum supported bit length is 32 (tried to read 64 bits)
    at KaitaiStream.readBitsIntLe (/home/travis/build/kaitai-io/ci_targets/runtime/javascript/KaitaiStream.js:489:11)
    at BitsUnalignedB64Le._read (/home/travis/build/kaitai-io/ci_targets/compiled/javascript/BitsUnalignedB64Le.js:22:23)
    at new BitsUnalignedB64Le (/home/travis/build/kaitai-io/ci_targets/compiled/javascript/BitsUnalignedB64Le.js:18:10)
    at /home/travis/build/kaitai-io/ci_targets/tests/helpers/javascript/testHelper.js:14:17
    at FSReqCallback.readFileAfterClose [as oncomplete] (internal/fs/read_file_context.js:63:3)</failure></testcase>
<testcase classname="BufferedStruct" name="parses test properly" time="0.001"/>
<testcase classname="BytesPadTerm" name="parses test properly" time="0"/>
<testcase classname="CastNested" name="parses test properly" time="0.001"/>
<testcase classname="CastToImported" name="parses test properly" time="0.001"/>
<testcase classname="CastToTop" name="parses test properly" time="0.001"/>
<testcase classname="CombineBool" name="parses test properly" time="0"/>
<testcase classname="CombineBytes" name="parses test properly" time="0"/>
<testcase classname="CombineEnum" name="parses test properly" time="0.006"/>
<testcase classname="CombineStr" name="parses test properly" time="0.001"/>
<testcase classname="Debug0" name="parses test properly" time="0.001"/>
<testcase classname="DebugArrayUser" name="parses test properly" time="0.001"/>
<testcase classname="DebugEnumName" name="parses test properly" time="0.001"/>
<testcase classname="DebugSwitchUser" name="parses test properly" time="0.001"/>
<testcase classname="DefaultBigEndian" name="parses test properly" time="0.001"/>
<testcase classname="DefaultBitEndianMod" name="parses test properly" time="0.001"/>
<testcase classname="DefaultEndianExprException" name="parses test properly" time="0.001"/>
<testcase classname="DefaultEndianExprInherited" name="parses test properly" time="0.001"/>
<testcase classname="DefaultEndianExprIsBe" name="parses test properly" time="0.001"/>
<testcase classname="DefaultEndianExprIsLe" name="parses test properly" time="0.001"/>
<testcase classname="DefaultEndianMod" name="parses test properly" time="0.001"/>
<testcase classname="Docstrings" name="parses test properly" time="0.001"/>
<testcase classname="DocstringsDocref" name="parses test properly" time="0.001"/>
<testcase classname="DocstringsDocrefMulti" name="parses test properly" time="0"/>
<testcase classname="Enum0" name="parses test properly" time="0.001"/>
<testcase classname="Enum1" name="parses test properly" time="0.001"/>
<testcase classname="EnumDeep" name="parses test properly" time="0.001"/>
<testcase classname="EnumDeepLiterals" name="parses test properly" time="0.001"/>
<testcase classname="EnumFancy" name="parses test properly" time="0"/>
<testcase classname="EnumForUnknownId" name="parses test properly" time="0"/>
<testcase classname="EnumIf" name="parses test properly" time="0.001"/>
<testcase classname="EnumImport" name="parses test properly" time="0.001"><failure>Enum0 is not defined
ReferenceError: Enum0 is not defined
    at /home/travis/build/kaitai-io/ci_targets/tests/spec/javascript/test_enum_import.js:8:30
    at /home/travis/build/kaitai-io/ci_targets/tests/helpers/javascript/testHelper.js:16:11
    at FSReqCallback.readFileAfterClose [as oncomplete] (internal/fs/read_file_context.js:63:3)</failure></testcase>
<testcase classname="EnumIntRangeS" name="parses test properly" time="0.001"/>
<testcase classname="EnumIntRangeU" name="parses test properly" time="0.001"/>
<testcase classname="EnumInvalid" name="parses test properly" time="0.001"/>
<testcase classname="EnumLongRangeS" name="parses test properly" time="0.001"><failure>Expected values to be strictly equal:
+ actual - expected

+ -9223372032559809000
- -9223372036854776000
            ^

      + expected - actual

      --9223372032559809000
      +-9223372036854776000
      
AssertionError [ERR_ASSERTION]: Expected values to be strictly equal:
+ actual - expected

+ -9223372032559809000
- -9223372036854776000
            ^
    at /home/travis/build/kaitai-io/ci_targets/tests/spec/javascript/test_enum_long_range_s.js:8:10
    at /home/travis/build/kaitai-io/ci_targets/tests/helpers/javascript/testHelper.js:16:11
    at FSReqCallback.readFileAfterClose [as oncomplete] (internal/fs/read_file_context.js:63:3)</failure></testcase>
<testcase classname="EnumLongRangeU" name="parses test properly" time="0.001"/>
<testcase classname="EnumNegative" name="parses test properly" time="0"/>
<testcase classname="EnumOfValueInst" name="parses test properly" time="0"/>
<testcase classname="EnumToI" name="parses test properly" time="0.001"/>
<testcase classname="EnumToIClassBorder1" name="parses test properly" time="0.001"/>
<testcase classname="EofExceptionBytes" name="parses test properly" time="0"/>
<testcase classname="EofExceptionU4" name="parses test properly" time="0"/>
<testcase classname="EosExceptionBytes" name="parses test properly" time="0.001"/>
<testcase classname="EosExceptionU4" name="parses test properly" time="0"/>
<testcase classname="Expr0" name="parses test properly" time="0.001"/>
<testcase classname="Expr1" name="parses test properly" time="0.001"/>
<testcase classname="Expr2" name="parses test properly" time="0.001"/>
<testcase classname="Expr3" name="parses test properly" time="0.001"/>
<testcase classname="ExprArray" name="parses test properly" time="0.001"/>
<testcase classname="ExprBits" name="parses test properly" time="0.001"/>
<testcase classname="ExprBytesCmp" name="parses test properly" time="0.001"/>
<testcase classname="ExprBytesNonLiteral" name="parses test properly" time="0.001"/>
<testcase classname="ExprBytesOps" name="parses test properly" time="0.001"/>
<testcase classname="ExprCalcArrayOps" name="parses test properly" time="0.001"/>
<testcase classname="ExprEnum" name="parses test properly" time="0.001"/>
<testcase classname="ExprIfIntOps" name="parses test properly" time="0.001"/>
<testcase classname="ExprIntDiv" name="parses test properly" time="0.001"/>
<testcase classname="ExprIoEof" name="parses test properly" time="0.001"/>
<testcase classname="ExprIoPos" name="parses test properly" time="0.001"/>
<testcase classname="ExprMod" name="parses test properly" time="0.001"/>
<testcase classname="ExprOpsParens" name="parses test properly" time="0.001"><failure>Expected values to be strictly equal:

&#x27;012345&#x27; !== 10

AssertionError [ERR_ASSERTION]: Expected values to be strictly equal:

&#x27;012345&#x27; !== 10

    at /home/travis/build/kaitai-io/ci_targets/tests/spec/javascript/test_expr_ops_parens.js:10:10
    at /home/travis/build/kaitai-io/ci_targets/tests/helpers/javascript/testHelper.js:16:11
    at FSReqCallback.readFileAfterClose [as oncomplete] (internal/fs/read_file_context.js:63:3)</failure></testcase>
<testcase classname="ExprSizeofType0" name="parses test properly" time="0.001"/>
<testcase classname="ExprSizeofType1" name="parses test properly" time="0.001"/>
<testcase classname="ExprSizeofValue0" name="parses test properly" time="0.001"/>
<testcase classname="ExprSizeofValueSized" name="parses test properly" time="0.001"/>
<testcase classname="ExprStrEncodings" name="parses test properly" time="0.001"><failure>The &#x22;SJIS&#x22; encoding is not supported
RangeError [ERR_ENCODING_NOT_SUPPORTED]: The &#x22;SJIS&#x22; encoding is not supported
    at new TextDecoder (internal/encoding.js:398:15)
    at Function.KaitaiStream.bytesToStr (/home/travis/build/kaitai-io/ci_targets/runtime/javascript/KaitaiStream.js:612:15)
    at ExprStrEncodings._read (/home/travis/build/kaitai-io/ci_targets/compiled/javascript/ExprStrEncodings.js:26:30)
    at new ExprStrEncodings (/home/travis/build/kaitai-io/ci_targets/compiled/javascript/ExprStrEncodings.js:18:10)
    at /home/travis/build/kaitai-io/ci_targets/tests/helpers/javascript/testHelper.js:14:17
    at FSReqCallback.readFileAfterClose [as oncomplete] (internal/fs/read_file_context.js:63:3)</failure></testcase>
<testcase classname="ExprStrOps" name="parses test properly" time="0.001"/>
<testcase classname="FixedContents" name="parses test properly" time="0.001"/>
<testcase classname="FixedStruct" name="parses test properly" time="0.001"/>
<testcase classname="FloatToI" name="parses test properly" time="0.001"/>
<testcase classname="FloatingPoints" name="parses test properly" time="0.001"/>
<testcase classname="HelloWorld" name="parses test properly" time="0"/>
<testcase classname="IfInstances" name="parses test properly" time="0"/>
<testcase classname="IfStruct" name="parses test properly" time="0.001"/>
<testcase classname="IfValues" name="parses test properly" time="0.001"/>
<testcase classname="Imports0" name="parses test properly" time="0.001"/>
<testcase classname="ImportsAbs" name="parses test properly" time="0.001"/>
<testcase classname="ImportsAbsAbs" name="parses test properly" time="0.002"/>
<testcase classname="ImportsAbsRel" name="parses test properly" time="0.001"/>
<testcase classname="ImportsCircularA" name="parses test properly" time="0.001"><failure>ImportsCircularA is not a constructor
TypeError: ImportsCircularA is not a constructor
    at ImportsCircularB._read (/home/travis/build/kaitai-io/ci_targets/compiled/javascript/ImportsCircularB.js:23:22)
    at new ImportsCircularB (/home/travis/build/kaitai-io/ci_targets/compiled/javascript/ImportsCircularB.js:18:10)
    at ImportsCircularA._read (/home/travis/build/kaitai-io/ci_targets/compiled/javascript/ImportsCircularA.js:22:16)
    at new ImportsCircularA (/home/travis/build/kaitai-io/ci_targets/compiled/javascript/ImportsCircularA.js:18:10)
    at /home/travis/build/kaitai-io/ci_targets/tests/helpers/javascript/testHelper.js:14:17
    at FSReqCallback.readFileAfterClose [as oncomplete] (internal/fs/read_file_context.js:63:3)</failure></testcase>
<testcase classname="ImportsRel1" name="parses test properly" time="0.001"/>
<testcase classname="IndexSizes" name="parses test properly" time="0.001"/>
<testcase classname="IndexToParamEos" name="parses test properly" time="0.001"/>
<testcase classname="IndexToParamExpr" name="parses test properly" time="0.001"/>
<testcase classname="IndexToParamUntil" name="parses test properly" time="0.001"/>
<testcase classname="InstanceIoUser" name="parses test properly" time="0.001"/>
<testcase classname="InstanceStd" name="parses test properly" time="0.001"/>
<testcase classname="InstanceStdArray" name="parses test properly" time="0.001"/>
<testcase classname="InstanceUserArray" name="parses test properly" time="0.001"/>
<testcase classname="Integers" name="parses test properly" time="0.001"/>
<testcase classname="IntegersDoubleOverflow" name="parses test properly" time="0.001"><failure>Expected values to be strictly equal:
+ actual - expected

+ -9007194959773695
- -9007199254740991
         ^

      + expected - actual

      --9007194959773695
      +-9007199254740991
      
AssertionError [ERR_ASSERTION]: Expected values to be strictly equal:
+ actual - expected

+ -9007194959773695
- -9007199254740991
         ^
    at /home/travis/build/kaitai-io/ci_targets/tests/spec/javascript/test_integers_double_overflow.js:8:10
    at /home/travis/build/kaitai-io/ci_targets/tests/helpers/javascript/testHelper.js:16:11
    at FSReqCallback.readFileAfterClose [as oncomplete] (internal/fs/read_file_context.js:63:3)</failure></testcase>
<testcase classname="IntegersMinMax" name="parses test properly" time="0.001"><failure>Expected values to be strictly equal:
+ actual - expected

+ -9223372032559809000
- -9223372036854776000
            ^

      + expected - actual

      --9223372032559809000
      +-9223372036854776000
      
AssertionError [ERR_ASSERTION]: Expected values to be strictly equal:
+ actual - expected

+ -9223372032559809000
- -9223372036854776000
            ^
    at /home/travis/build/kaitai-io/ci_targets/tests/spec/javascript/test_integers_min_max.js:25:10
    at /home/travis/build/kaitai-io/ci_targets/tests/helpers/javascript/testHelper.js:16:11
    at FSReqCallback.readFileAfterClose [as oncomplete] (internal/fs/read_file_context.js:63:3)</failure></testcase>
<testcase classname="IoLocalVar" name="parses test properly" time="0.001"/>
<testcase classname="JsSignedRightShift" name="parses test properly" time="0.001"/>
<testcase classname="MetaTags" name="parses test properly" time="0.001"/>
<testcase classname="MetaXref" name="parses test properly" time="0.001"/>
<testcase classname="MultipleUse" name="parses test properly" time="0.001"/>
<testcase classname="NavParent" name="parses test properly" time="0.004"/>
<testcase classname="NavParent2" name="parses test properly" time="0.001"/>
<testcase classname="NavParent3" name="parses test properly" time="0.001"/>
<testcase classname="NavParentFalse" name="parses test properly" time="0.001"/>
<testcase classname="NavParentFalse2" name="parses test properly" time="0.001"/>
<testcase classname="NavParentOverride" name="parses test properly" time="0"/>
<testcase classname="NavParentSwitch" name="parses test properly" time="0"/>
<testcase classname="NavParentSwitchCast" name="parses test properly" time="0.001"/>
<testcase classname="NavParentVsValueInst" name="parses test properly" time="0.001"/>
<testcase classname="NavRoot" name="parses test properly" time="0.001"/>
<testcase classname="NestedSameName" name="parses test properly" time="0.001"/>
<testcase classname="NestedSameName2" name="parses test properly" time="0.001"/>
<testcase classname="NestedTypeParam" name="parses test properly" time="0.001"/>
<testcase classname="NestedTypes" name="parses test properly" time="0.001"/>
<testcase classname="NestedTypes2" name="parses test properly" time="0.001"/>
<testcase classname="NestedTypes3" name="parses test properly" time="0.001"/>
<testcase classname="NonStandard" name="parses test properly" time="0.001"/>
<testcase classname="OpaqueExternalType" name="parses test properly" time="0.001"/>
<testcase classname="OpaqueExternalType02Parent" name="parses test properly" time="0.001"/>
<testcase classname="OpaqueWithParam" name="parses test properly" time="0.001"/>
<testcase classname="OptionalId" name="parses test properly" time="0"/>
<testcase classname="ParamsCallExtraParens" name="parses test properly" time="0"/>
<testcase classname="ParamsCallShort" name="parses test properly" time="0.001"/>
<testcase classname="ParamsDef" name="parses test properly" time="0.001"/>
<testcase classname="ParamsEnum" name="parses test properly" time="0.001"/>
<testcase classname="ParamsPassArrayInt" name="parses test properly" time="0"/>
<testcase classname="ParamsPassArrayStr" name="parses test properly" time="0.001"/>
<testcase classname="ParamsPassArrayStruct" name="parses test properly" time="0.001"/>
<testcase classname="ParamsPassArrayUsertype" name="parses test properly" time="0.001"/>
<testcase classname="ParamsPassBool" name="parses test properly" time="0.001"/>
<testcase classname="ParamsPassStruct" name="parses test properly" time="0.001"/>
<testcase classname="ParamsPassUsertype" name="parses test properly" time="0.001"/>
<testcase classname="PositionAbs" name="parses test properly" time="0.001"/>
<testcase classname="PositionInSeq" name="parses test properly" time="0.001"/>
<testcase classname="PositionToEnd" name="parses test properly" time="0.001"/>
<testcase classname="ProcessCoerceBytes" name="parses test properly" time="0.001"/>
<testcase classname="ProcessCoerceSwitch" name="parses test properly" time="0.001"/>
<testcase classname="ProcessCoerceUsertype1" name="parses test properly" time="0.001"/>
<testcase classname="ProcessCoerceUsertype2" name="parses test properly" time="0.001"/>
<testcase classname="ProcessCustom" name="parses test properly" time="0.002"/>
<testcase classname="ProcessCustomNoArgs" name="parses test properly" time="0.001"/>
<testcase classname="ProcessRepeatBytes" name="parses test properly" time="0"/>
<testcase classname="ProcessRepeatUsertype" name="parses test properly" time="0"/>
<testcase classname="ProcessRotate" name="parses test properly" time="0.001"/>
<testcase classname="ProcessToUser" name="parses test properly" time="0.001"/>
<testcase classname="ProcessXor4Const" name="parses test properly" time="0.001"/>
<testcase classname="ProcessXor4Value" name="parses test properly" time="0.001"/>
<testcase classname="ProcessXorConst" name="parses test properly" time="0"/>
<testcase classname="ProcessXorValue" name="parses test properly" time="0.001"/>
<testcase classname="RecursiveOne" name="parses test properly" time="0.001"/>
<testcase classname="RepeatEosBit" name="parses test properly" time="0.001"/>
<testcase classname="RepeatEosStruct" name="parses test properly" time="0.001"/>
<testcase classname="RepeatEosU4" name="parses test properly" time="0"/>
<testcase classname="RepeatNStruct" name="parses test properly" time="0.001"/>
<testcase classname="RepeatNStrz" name="parses test properly" time="0.001"/>
<testcase classname="RepeatNStrzDouble" name="parses test properly" time="0.001"/>
<testcase classname="RepeatUntilCalcArrayType" name="parses test properly" time="0.001"/>
<testcase classname="RepeatUntilComplex" name="parses test properly" time="0.001"/>
<testcase classname="RepeatUntilS4" name="parses test properly" time="0.001"/>
<testcase classname="RepeatUntilSized" name="parses test properly" time="0"/>
<testcase classname="StrEncodings" name="parses test properly" time="0.001"><failure>The &#x22;SJIS&#x22; encoding is not supported
RangeError [ERR_ENCODING_NOT_SUPPORTED]: The &#x22;SJIS&#x22; encoding is not supported
    at new TextDecoder (internal/encoding.js:398:15)
    at Function.KaitaiStream.bytesToStr (/home/travis/build/kaitai-io/ci_targets/runtime/javascript/KaitaiStream.js:612:15)
    at StrEncodings._read (/home/travis/build/kaitai-io/ci_targets/compiled/javascript/StrEncodings.js:26:30)
    at new StrEncodings (/home/travis/build/kaitai-io/ci_targets/compiled/javascript/StrEncodings.js:18:10)
    at /home/travis/build/kaitai-io/ci_targets/tests/helpers/javascript/testHelper.js:14:17
    at FSReqCallback.readFileAfterClose [as oncomplete] (internal/fs/read_file_context.js:63:3)</failure></testcase>
<testcase classname="StrEncodingsDefault" name="parses test properly" time="0.001"><failure>The &#x22;SJIS&#x22; encoding is not supported
RangeError [ERR_ENCODING_NOT_SUPPORTED]: The &#x22;SJIS&#x22; encoding is not supported
    at new TextDecoder (internal/encoding.js:398:15)
    at Function.KaitaiStream.bytesToStr (/home/travis/build/kaitai-io/ci_targets/runtime/javascript/KaitaiStream.js:612:15)
    at Subtype.StrEncodingsDefault.Subtype.Subtype._read (/home/travis/build/kaitai-io/ci_targets/compiled/javascript/StrEncodingsDefault.js:38:32)
    at new Subtype (/home/travis/build/kaitai-io/ci_targets/compiled/javascript/StrEncodingsDefault.js:32:12)
    at StrEncodingsDefault._read (/home/travis/build/kaitai-io/ci_targets/compiled/javascript/StrEncodingsDefault.js:23:17)
    at new StrEncodingsDefault (/home/travis/build/kaitai-io/ci_targets/compiled/javascript/StrEncodingsDefault.js:18:10)
    at /home/travis/build/kaitai-io/ci_targets/tests/helpers/javascript/testHelper.js:14:17
    at FSReqCallback.readFileAfterClose [as oncomplete] (internal/fs/read_file_context.js:63:3)</failure></testcase>
<testcase classname="StrEncodingsUtf16" name="parses test properly" time="0.001"/>
<testcase classname="StrEos" name="parses test properly" time="0.001"/>
<testcase classname="StrLiterals" name="parses test properly" time="0.001"/>
<testcase classname="StrLiterals2" name="parses test properly" time="0.001"/>
<testcase classname="StrPadTerm" name="parses test properly" time="0.001"/>
<testcase classname="StrPadTermEmpty" name="parses test properly" time="0"/>
<testcase classname="SwitchBytearray" name="parses test properly" time="0"/>
<testcase classname="SwitchCast" name="parses test properly" time="0"/>
<testcase classname="SwitchElseOnly" name="parses test properly" time="0"/>
<testcase classname="SwitchIntegers" name="parses test properly" time="0.001"/>
<testcase classname="SwitchIntegers2" name="parses test properly" time="0.001"/>
<testcase classname="SwitchManualEnum" name="parses test properly" time="0.001"/>
<testcase classname="SwitchManualEnumInvalid" name="parses test properly" time="0.001"/>
<testcase classname="SwitchManualEnumInvalidElse" name="parses test properly" time="0.001"/>
<testcase classname="SwitchManualInt" name="parses test properly" time="0.001"/>
<testcase classname="SwitchManualIntElse" name="parses test properly" time="0.001"/>
<testcase classname="SwitchManualIntSize" name="parses test properly" time="0.001"/>
<testcase classname="SwitchManualIntSizeElse" name="parses test properly" time="0.001"/>
<testcase classname="SwitchManualIntSizeEos" name="parses test properly" time="0.001"/>
<testcase classname="SwitchManualStr" name="parses test properly" time="0.001"/>
<testcase classname="SwitchManualStrElse" name="parses test properly" time="0.001"/>
<testcase classname="SwitchMultiBoolOps" name="parses test properly" time="0.001"/>
<testcase classname="SwitchRepeatExpr" name="parses test properly" time="0.001"/>
<testcase classname="SwitchRepeatExprInvalid" name="parses test properly" time="0.001"/>
<testcase classname="TermBytes" name="parses test properly" time="0.001"/>
<testcase classname="TermStrz" name="parses test properly" time="0"/>
<testcase classname="TermU1Val" name="parses test properly" time="0.001"/>
<testcase classname="ToStringCustom" name="parses test properly" time="0.001"/>
<testcase classname="TsPacketHeader" name="parses test properly" time="0.001"/>
<testcase classname="TypeIntUnaryOp" name="parses test properly" time="0.001"/>
<testcase classname="TypeTernary" name="parses test properly" time="0"/>
<testcase classname="TypeTernary2ndFalsy" name="parses test properly" time="0.001"/>
<testcase classname="TypeTernaryOpaque" name="parses test properly" time="0"/>
<testcase classname="UserType" name="parses test properly" time="0"/>
<testcase classname="ValidEqStrEncodings" name="parses test properly" time="0.001"><failure>The &#x22;SJIS&#x22; encoding is not supported
RangeError [ERR_ENCODING_NOT_SUPPORTED]: The &#x22;SJIS&#x22; encoding is not supported
    at new TextDecoder (internal/encoding.js:398:15)
    at Function.KaitaiStream.bytesToStr (/home/travis/build/kaitai-io/ci_targets/runtime/javascript/KaitaiStream.js:612:15)
    at ValidEqStrEncodings._read (/home/travis/build/kaitai-io/ci_targets/compiled/javascript/ValidEqStrEncodings.js:32:30)
    at new ValidEqStrEncodings (/home/travis/build/kaitai-io/ci_targets/compiled/javascript/ValidEqStrEncodings.js:18:10)
    at /home/travis/build/kaitai-io/ci_targets/tests/helpers/javascript/testHelper.js:14:17
    at FSReqCallback.readFileAfterClose [as oncomplete] (internal/fs/read_file_context.js:63:3)</failure></testcase>
<testcase classname="ValidFailAnyofInt" name="parses test properly" time="0.003"/>
<testcase classname="ValidFailContents" name="parses test properly" time="0.002"/>
<testcase classname="ValidFailEqBytes" name="parses test properly" time="0"/>
<testcase classname="ValidFailEqInt" name="parses test properly" time="0.001"/>
<testcase classname="ValidFailEqStr" name="parses test properly" time="0"/>
<testcase classname="ValidFailExpr" name="parses test properly" time="0"/>
<testcase classname="ValidFailInst" name="parses test properly" time="0.001"/>
<testcase classname="ValidFailMaxInt" name="parses test properly" time="0"/>
<testcase classname="ValidFailMinInt" name="parses test properly" time="0.001"/>
<testcase classname="ValidFailRangeBytes" name="parses test properly" time="0"/>
<testcase classname="ValidFailRangeFloat" name="parses test properly" time="0"/>
<testcase classname="ValidFailRangeInt" name="parses test properly" time="0"/>
<testcase classname="ValidFailRangeStr" name="parses test properly" time="0"/>
<testcase classname="ValidLong" name="parses test properly" time="0.001"/>
<testcase classname="ValidNotParsedIf" name="parses test properly" time="0.001"/>
<testcase classname="ValidOptionalId" name="parses test properly" time="0.001"/>
<testcase classname="ValidShort" name="parses test properly" time="0.001"/>
<testcase classname="ValidSwitch" name="parses test properly" time="0"/>
<testcase classname="YamlInts" name="parses test properly" time="0"/>
<testcase classname="ZlibSurrounded" name="parses test properly" time="0.006"/>
<testcase classname="ZlibWithHeader78" name="parses test properly" time="0.001"/>
</testsuite>
