<?xml version="1.0" encoding="UTF-8"?>
<testsuite errors="0" failures="0" file="test_switch_integers2.py" name="test_switch_integers2.TestSwitchIntegers2-20201028041155" skipped="0" tests="1" time="0.001" timestamp="2020-10-28T04:11:55">
	<testcase classname="test_switch_integers2.TestSwitchIntegers2" file="spec/construct/test_switch_integers2.py" line="8" name="test_switch_integers2" time="0.001" timestamp="2020-10-28T04:11:55">
		<system-out>
<![CDATA[]]>		</system-out>
		<system-err>
<![CDATA[]]>		</system-err>
	</testcase>
</testsuite>
