<?xml version="1.0" encoding="UTF-8"?>
<testsuite name="test_repeat_n_strz.TestRepeatNStrz-20220617122803" tests="1" file="test_repeat_n_strz.py" time="0.001" timestamp="2022-06-17T12:28:04" failures="0" errors="0" skipped="0">
	<testcase classname="test_repeat_n_strz.TestRepeatNStrz" name="test_repeat_n_strz" time="0.001" timestamp="2022-06-17T12:28:04" file="spec/construct/test_repeat_n_strz.py" line="8"/>
</testsuite>
