<?xml version="1.0" encoding="UTF-8"?>
<testsuite name="test_expr_3.TestExpr3-20230721170646" tests="1" file="test_expr_3.py" time="0.001" timestamp="2023-07-21T17:06:46" failures="0" errors="0" skipped="0">
	<testcase classname="test_expr_3.TestExpr3" name="test_expr_3" time="0.001" timestamp="2023-07-21T17:06:46" file="spec/construct/test_expr_3.py" line="8"/>
</testsuite>
