<?xml version="1.0" encoding="UTF-8"?>
<testsuite name="test_expr_str_encodings.TestExprStrEncodings" tests="1" file="test_expr_str_encodings.py" time="0.004" timestamp="2023-08-02T17:40:31" failures="0" errors="0" skipped="0">
	<testcase classname="test_expr_str_encodings.TestExprStrEncodings" name="test_expr_str_encodings" time="0.004" timestamp="2023-08-02T17:40:31" file="spec/construct/test_expr_str_encodings.py" line="8"/>
</testsuite>
