<?xml version="1.0" encoding="UTF-8"?>
<testsuite name="test_str_encodings_default.TestStrEncodingsDefault-20230721093847" tests="1" file="test_str_encodings_default.py" time="0.000" timestamp="2023-07-21T09:38:47" failures="0" errors="0" skipped="0">
	<testcase classname="test_str_encodings_default.TestStrEncodingsDefault" name="test_str_encodings_default" time="0.000" timestamp="2023-07-21T09:38:47" file="spec/construct/test_str_encodings_default.py" line="8"/>
</testsuite>
