<?xml version="1.0" encoding="UTF-8"?>
<testsuite name="test_repeat_until_s4.TestRepeatUntilS4-20210403173753" tests="1" file="test_repeat_until_s4.py" time="0.001" timestamp="2021-04-03T17:37:53" failures="0" errors="0" skipped="0">
	<testcase classname="test_repeat_until_s4.TestRepeatUntilS4" name="test_repeat_until_s4" time="0.001" timestamp="2021-04-03T17:37:53" file="spec/construct/test_repeat_until_s4.py" line="8"/>
</testsuite>
