<?xml version="1.0" encoding="UTF-8"?>
<testsuite name="test_str_literals2.TestStrLiterals2-20220210221253" tests="1" file="test_str_literals2.py" time="0.001" timestamp="2022-02-10T22:12:53" failures="0" errors="0" skipped="0">
	<testcase classname="test_str_literals2.TestStrLiterals2" name="test_str_literals2" time="0.001" timestamp="2022-02-10T22:12:53" file="spec/construct/test_str_literals2.py" line="8"/>
</testsuite>
