<?xml version="1.0" encoding="UTF-8"?>
<testsuite name="test_user_type.TestUserType-20201106111735" tests="1" file="test_user_type.py" time="0.001" timestamp="2020-11-06T11:17:35" failures="0" errors="0" skipped="0">
	<testcase classname="test_user_type.TestUserType" name="test_user_type" time="0.001" timestamp="2020-11-06T11:17:35" file="spec/construct/test_user_type.py" line="8"/>
</testsuite>
