<?xml version="1.0" encoding="UTF-8"?>
<testsuite name="test_instance_std.TestInstanceStd-20210403173753" tests="1" file="test_instance_std.py" time="0.001" timestamp="2021-04-03T17:37:53" failures="0" errors="0" skipped="0">
	<testcase classname="test_instance_std.TestInstanceStd" name="test_instance_std" time="0.001" timestamp="2021-04-03T17:37:53" file="spec/construct/test_instance_std.py" line="8"/>
</testsuite>
