<?xml version="1.0" encoding="UTF-8"?>
<testsuite errors="0" failures="0" file="test_expr_3.py" name="test_expr_3.TestExpr3-20230624222616" skipped="0" tests="1" time="0.001" timestamp="2023-06-24T22:26:17">
	<testcase classname="test_expr_3.TestExpr3" file="spec/construct/test_expr_3.py" line="8" name="test_expr_3" time="0.001" timestamp="2023-06-24T22:26:17">
		<system-out>
<![CDATA[]]>		</system-out>
		<system-err>
<![CDATA[]]>		</system-err>
	</testcase>
</testsuite>
