<?xml version="1.0" encoding="UTF-8"?>
<testsuite name="test_process_coerce_usertype1.TestProcessCoerceUsertype1-20230628194228" tests="1" file="test_process_coerce_usertype1.py" time="0.001" timestamp="2023-06-28T19:42:28" failures="1" errors="0" skipped="0">
	<testcase classname="test_process_coerce_usertype1.TestProcessCoerceUsertype1" name="test_process_coerce_usertype1" time="0.001" timestamp="2023-06-28T19:42:28" file="spec/construct/test_process_coerce_usertype1.py" line="8">
		<failure type="AssertionError" message="3907578088 != 1111638594"><![CDATA[Traceback (most recent call last):
  File "/home/travis/build/kaitai-io/ci_targets/tests/spec/construct/test_process_coerce_usertype1.py", line 13, in test_process_coerce_usertype1
    self.assertEqual(r.records[1].buf.value, 1111638594)
AssertionError: 3907578088 != 1111638594
]]></failure>
	</testcase>
</testsuite>
