<?xml version="1.0" encoding="UTF-8"?>
<testsuite errors="0" failures="0" file="test_process_coerce_switch.py" name="test_process_coerce_switch.TestProcessCoerceSwitch-20211106194807" skipped="0" tests="1" time="0.001" timestamp="2021-11-06T19:48:07">
	<testcase classname="test_process_coerce_switch.TestProcessCoerceSwitch" file="spec/construct/test_process_coerce_switch.py" line="8" name="test_process_coerce_switch" time="0.001" timestamp="2021-11-06T19:48:07">
		<system-out>
<![CDATA[]]>		</system-out>
		<system-err>
<![CDATA[]]>		</system-err>
	</testcase>
</testsuite>
