<?xml version="1.0" encoding="UTF-8"?>
<testsuite errors="0" failures="0" file="test_valid_short.py" name="test_valid_short.TestValidShort" skipped="0" tests="1" time="0.000" timestamp="2023-07-28T21:49:42">
	<testcase classname="test_valid_short.TestValidShort" file="spec/construct/test_valid_short.py" line="8" name="test_valid_short" time="0.000" timestamp="2023-07-28T21:49:42">
		<system-out>
<![CDATA[]]>		</system-out>
		<system-err>
<![CDATA[]]>		</system-err>
	</testcase>
</testsuite>
