<?xml version="1.0" encoding="UTF-8"?>
<testsuite name="test_nested_types2.TestNestedTypes2" tests="1" file="test_nested_types2.py" time="0.001" timestamp="2023-07-28T14:34:34" failures="0" errors="0" skipped="0">
	<testcase classname="test_nested_types2.TestNestedTypes2" name="test_nested_types2" time="0.001" timestamp="2023-07-28T14:34:34" file="spec/construct/test_nested_types2.py" line="8"/>
</testsuite>
