<?xml version="1.0" encoding="UTF-8"?>
<testsuite errors="0" failures="0" file="test_valid_eq_str_encodings.py" name="test_valid_eq_str_encodings.TestValidEqStrEncodings-20220409012329" skipped="0" tests="1" time="0.001" timestamp="2022-04-09T01:23:29">
	<testcase classname="test_valid_eq_str_encodings.TestValidEqStrEncodings" file="spec/construct/test_valid_eq_str_encodings.py" line="8" name="test_valid_eq_str_encodings" time="0.001" timestamp="2022-04-09T01:23:29">
		<system-out>
<![CDATA[]]>		</system-out>
		<system-err>
<![CDATA[]]>		</system-err>
	</testcase>
</testsuite>
