<?xml version="1.0" encoding="UTF-8"?>
<testsuite name="test_process_coerce_bytes.TestProcessCoerceBytes-20200824162059" tests="1" file="test_process_coerce_bytes.py" time="0.001" timestamp="2020-08-24T16:20:59" failures="1" errors="0" skipped="0">
	<testcase classname="test_process_coerce_bytes.TestProcessCoerceBytes" name="test_process_coerce_bytes" time="0.001" timestamp="2020-08-24T16:20:59" file="spec/construct/test_process_coerce_bytes.py" line="8">
		<failure type="AssertionError" message="b'\xe8\xe8\xe8\xe8' != b'BBBB'"><![CDATA[Traceback (most recent call last):
  File "/home/travis/build/kaitai-io/ci_targets/tests/spec/construct/test_process_coerce_bytes.py", line 13, in test_process_coerce_bytes
    self.assertEqual(r.records[1].buf, b"\x42\x42\x42\x42")
AssertionError: b'\xe8\xe8\xe8\xe8' != b'BBBB'
]]></failure>
		<system-out><![CDATA[]]></system-out>
		<system-err><![CDATA[]]></system-err>
	</testcase>
</testsuite>
