<?xml version="1.0" encoding="UTF-8"?>
<testsuite name="test_repeat_eos_u4.TestRepeatEosU4-20230624222634" tests="1" file="test_repeat_eos_u4.py" time="0.001" timestamp="2023-06-24T22:26:34" failures="0" errors="0" skipped="0">
	<testcase classname="test_repeat_eos_u4.TestRepeatEosU4" name="test_repeat_eos_u4" time="0.001" timestamp="2023-06-24T22:26:34" file="spec/construct/test_repeat_eos_u4.py" line="8"/>
</testsuite>
