<?xml version="1.0" encoding="UTF-8"?>
<testsuite name="test_enum_int_range_s.TestEnumIntRangeS" tests="1" file="test_enum_int_range_s.py" time="0.006" timestamp="2023-08-02T17:40:31" failures="0" errors="0" skipped="0">
	<testcase classname="test_enum_int_range_s.TestEnumIntRangeS" name="test_enum_int_range_s" time="0.006" timestamp="2023-08-02T17:40:31" file="spec/construct/test_enum_int_range_s.py" line="7"/>
</testsuite>
