<?xml version="1.0" encoding="UTF-8"?>
<testsuite errors="0" failures="0" file="test_enum_for_unknown_id.py" name="test_enum_for_unknown_id.TestEnumForUnknownId" skipped="0" tests="1" time="0.000" timestamp="2023-07-27T22:36:21">
	<testcase classname="test_enum_for_unknown_id.TestEnumForUnknownId" file="spec/construct/test_enum_for_unknown_id.py" line="8" name="test_enum_for_unknown_id" time="0.000" timestamp="2023-07-27T22:36:21">
		<system-out>
<![CDATA[]]>		</system-out>
		<system-err>
<![CDATA[]]>		</system-err>
	</testcase>
</testsuite>
