<?xml version="1.0" encoding="UTF-8"?>
<testsuite errors="0" failures="0" file="test_valid_short.py" name="test_valid_short.TestValidShort-20220617122748" skipped="0" tests="1" time="0.001" timestamp="2022-06-17T12:27:48">
	<testcase classname="test_valid_short.TestValidShort" file="spec/construct/test_valid_short.py" line="8" name="test_valid_short" time="0.001" timestamp="2022-06-17T12:27:48">
		<system-out>
<![CDATA[]]>		</system-out>
		<system-err>
<![CDATA[]]>		</system-err>
	</testcase>
</testsuite>
