<?xml version="1.0" encoding="UTF-8"?>
<testsuite errors="0" failures="0" file="test_hello_world.py" name="test_hello_world.TestHelloWorld-20220707225917" skipped="0" tests="1" time="0.001" timestamp="2022-07-07T22:59:17">
	<testcase classname="test_hello_world.TestHelloWorld" file="spec/construct/test_hello_world.py" line="8" name="test_hello_world" time="0.001" timestamp="2022-07-07T22:59:17">
		<system-out>
<![CDATA[]]>		</system-out>
		<system-err>
<![CDATA[]]>		</system-err>
	</testcase>
</testsuite>
