<?xml version="1.0" encoding="UTF-8"?>
<testsuite errors="0" failures="0" file="test_instance_std.py" name="test_instance_std.TestInstanceStd-20220409012329" skipped="0" tests="1" time="0.001" timestamp="2022-04-09T01:23:29">
	<testcase classname="test_instance_std.TestInstanceStd" file="spec/construct/test_instance_std.py" line="8" name="test_instance_std" time="0.001" timestamp="2022-04-09T01:23:29">
		<system-out>
<![CDATA[]]>		</system-out>
		<system-err>
<![CDATA[]]>		</system-err>
	</testcase>
</testsuite>
