<?xml version="1.0" encoding="UTF-8"?>
<testsuite name="test_meta_xref.TestMetaXref" tests="1" file="test_meta_xref.py" time="0.000" timestamp="2023-07-28T22:12:43" failures="0" errors="0" skipped="0">
	<testcase classname="test_meta_xref.TestMetaXref" name="test_meta_xref" time="0.000" timestamp="2023-07-28T22:12:43" file="spec/construct/test_meta_xref.py" line="8"/>
</testsuite>
