<?xml version="1.0" encoding="UTF-8"?>
<testsuite name="test_expr_int_div.TestExprIntDiv-20230721170646" tests="1" file="test_expr_int_div.py" time="0.001" timestamp="2023-07-21T17:06:46" failures="0" errors="0" skipped="0">
	<testcase classname="test_expr_int_div.TestExprIntDiv" name="test_expr_int_div" time="0.001" timestamp="2023-07-21T17:06:46" file="spec/construct/test_expr_int_div.py" line="8"/>
</testsuite>
