<?xml version="1.0" encoding="UTF-8"?>
<testsuite errors="0" failures="0" file="test_cast_nested.py" name="test_cast_nested.TestCastNested-20220801170205" skipped="0" tests="1" time="0.001" timestamp="2022-08-01T17:02:05">
	<testcase classname="test_cast_nested.TestCastNested" file="spec/construct/test_cast_nested.py" line="8" name="test_cast_nested" time="0.001" timestamp="2022-08-01T17:02:05">
		<system-out>
<![CDATA[]]>		</system-out>
		<system-err>
<![CDATA[]]>		</system-err>
	</testcase>
</testsuite>
