<?xml version="1.0" encoding="UTF-8"?>
<testsuite name="test_if_instances.TestIfInstances-20230721092042" tests="1" file="test_if_instances.py" time="0.000" timestamp="2023-07-21T09:20:43" failures="0" errors="0" skipped="0">
	<testcase classname="test_if_instances.TestIfInstances" name="test_if_instances" time="0.000" timestamp="2023-07-21T09:20:43" file="spec/construct/test_if_instances.py" line="7"/>
</testsuite>
