<?xml version="1.0" encoding="UTF-8"?>
<testsuite name="test_meta_tags.TestMetaTags-20230628194709" tests="1" file="test_meta_tags.py" time="0.000" timestamp="2023-06-28T19:47:09" failures="0" errors="0" skipped="0">
	<testcase classname="test_meta_tags.TestMetaTags" name="test_meta_tags" time="0.000" timestamp="2023-06-28T19:47:09" file="spec/construct/test_meta_tags.py" line="8"/>
</testsuite>
