<?xml version="1.0" encoding="UTF-8"?>
<testsuite errors="0" failures="0" file="test_repeat_n_strz.py" name="test_repeat_n_strz.TestRepeatNStrz-20230719190509" skipped="0" tests="1" time="0.001" timestamp="2023-07-19T19:05:10">
	<testcase classname="test_repeat_n_strz.TestRepeatNStrz" file="spec/construct/test_repeat_n_strz.py" line="8" name="test_repeat_n_strz" time="0.001" timestamp="2023-07-19T19:05:10">
		<system-out>
<![CDATA[]]>		</system-out>
		<system-err>
<![CDATA[]]>		</system-err>
	</testcase>
</testsuite>
