<?xml version="1.0" encoding="UTF-8"?>
<testsuite name="test_str_pad_term.TestStrPadTerm" tests="1" file="test_str_pad_term.py" time="0.001" timestamp="2023-07-23T22:32:40" failures="0" errors="0" skipped="0">
	<testcase classname="test_str_pad_term.TestStrPadTerm" name="test_str_pad_term" time="0.001" timestamp="2023-07-23T22:32:40" file="spec/construct/test_str_pad_term.py" line="8"/>
</testsuite>
