<?xml version="1.0" encoding="UTF-8"?>
<testsuite errors="0" failures="0" file="test_fixed_struct.py" name="test_fixed_struct.TestFixedStruct-20201028041155" skipped="0" tests="1" time="0.002" timestamp="2020-10-28T04:11:55">
	<testcase classname="test_fixed_struct.TestFixedStruct" file="spec/construct/test_fixed_struct.py" line="8" name="test_fixed_struct" time="0.002" timestamp="2020-10-28T04:11:55">
		<system-out>
<![CDATA[]]>		</system-out>
		<system-err>
<![CDATA[]]>		</system-err>
	</testcase>
</testsuite>
