<?xml version="1.0" encoding="UTF-8"?>
<testsuite errors="0" failures="0" file="test_position_abs.py" name="test_position_abs.TestPositionAbs-20201106111619" skipped="0" tests="1" time="0.000" timestamp="2020-11-06T11:16:19">
	<testcase classname="test_position_abs.TestPositionAbs" file="spec/construct/test_position_abs.py" line="8" name="test_position_abs" time="0.000" timestamp="2020-11-06T11:16:19">
		<system-out>
<![CDATA[]]>		</system-out>
		<system-err>
<![CDATA[]]>		</system-err>
	</testcase>
</testsuite>
