<?xml version="1.0" encoding="UTF-8"?>
<testsuite name="test_valid_switch.TestValidSwitch-20201106101858" tests="1" file="test_valid_switch.py" time="0.000" timestamp="2020-11-06T10:18:58" failures="0" errors="0" skipped="0">
	<testcase classname="test_valid_switch.TestValidSwitch" name="test_valid_switch" time="0.000" timestamp="2020-11-06T10:18:58" file="spec/construct/test_valid_switch.py" line="8"/>
</testsuite>
