<?xml version="1.0" encoding="UTF-8"?>
<testsuite name="test_expr_enum.TestExprEnum-20230627085720" tests="1" file="test_expr_enum.py" time="0.001" timestamp="2023-06-27T08:57:20" failures="0" errors="1" skipped="0">
	<testcase classname="test_expr_enum.TestExprEnum" name="test_expr_enum" time="0.001" timestamp="2023-06-27T08:57:20" file="spec/construct/test_expr_enum.py" line="7">
		<error type="NameError" message="name 'KaitaiStream' is not defined"><![CDATA[Traceback (most recent call last):
  File "/home/travis/build/kaitai-io/ci_targets/tests/spec/construct/test_expr_enum.py", line 8, in test_expr_enum
    r = _schema.parse_file('src/term_strz.bin')
  File "/home/travis/virtualenv/python3.10.9/lib/python3.10/site-packages/construct/core.py", line 309, in parse_file
    return self.parse_stream(f, **contextkw)
  File "/home/travis/virtualenv/python3.10.9/lib/python3.10/site-packages/construct/core.py", line 300, in parse_stream
    return self._parsereport(stream, context, "(parsing)")
  File "/home/travis/virtualenv/python3.10.9/lib/python3.10/site-packages/construct/core.py", line 312, in _parsereport
    obj = self._parse(stream, context, path)
  File "/home/travis/virtualenv/python3.10.9/lib/python3.10/site-packages/construct/core.py", line 2120, in _parse
    subobj = sc._parsereport(stream, context, path)
  File "/home/travis/virtualenv/python3.10.9/lib/python3.10/site-packages/construct/core.py", line 312, in _parsereport
    obj = self._parse(stream, context, path)
  File "/home/travis/virtualenv/python3.10.9/lib/python3.10/site-packages/construct/core.py", line 2653, in _parse
    return self.subcon._parsereport(stream, context, path)
  File "/home/travis/virtualenv/python3.10.9/lib/python3.10/site-packages/construct/core.py", line 312, in _parsereport
    obj = self._parse(stream, context, path)
  File "/home/travis/virtualenv/python3.10.9/lib/python3.10/site-packages/construct/core.py", line 2798, in _parse
    return self.func(context) if callable(self.func) else self.func
  File "/home/travis/build/kaitai-io/ci_targets/tests/compiled/construct/expr_enum.py", line 13, in <lambda>
    'const_dog' / Computed(lambda this: KaitaiStream.resolve_enum(ExprEnum.Animal, 4)),
NameError: name 'KaitaiStream' is not defined
]]></error>
	</testcase>
</testsuite>
