<?xml version="1.0" encoding="UTF-8"?>
<testsuite errors="17" failures="0" file="unittest/loader.py" name="unittest.loader._FailedTest-20200824200334" skipped="0" tests="17" time="0.008" timestamp="2020-08-24T20:03:34">
	<testcase classname="unittest.loader._FailedTest" file="/opt/python/3.4.6/lib/python3.4/unittest/loader.py" line="32" name="test_bits_byte_aligned" time="0.001" timestamp="2020-08-24T20:03:34">
		<error message="Failed to import test module: test_bits_byte_aligned
Traceback (most recent call last):
  File &quot;/opt/python/3.4.6/lib/python3.4/unittest/loader.py&quot;, line 323, in _find_tests
    module = self._get_module_from_name(name)
  File &quot;/opt/python/3.4.6/lib/python3.4/unittest/loader.py&quot;, line 301, in _get_module_from_name
    __import__(name)
  File &quot;/home/travis/build/kaitai-io/ci_targets/tests/spec/construct/test_bits_byte_aligned.py&quot;, line 5, in &lt;module&gt;
    from bits_byte_aligned import _schema
  File &quot;/home/travis/build/kaitai-io/ci_targets/tests/compiled/construct/bits_byte_aligned.py&quot;, line 5
    'one' / ???,
            ^
SyntaxError: invalid syntax
" type="ImportError">
<![CDATA[Traceback (most recent call last):
  File "/opt/python/3.4.6/lib/python3.4/unittest/case.py", line 58, in testPartExecutor
    yield
  File "/opt/python/3.4.6/lib/python3.4/unittest/case.py", line 580, in run
    testMethod()
  File "/opt/python/3.4.6/lib/python3.4/unittest/loader.py", line 33, in testFailure
    raise self._exception
ImportError: Failed to import test module: test_bits_byte_aligned
Traceback (most recent call last):
  File "/opt/python/3.4.6/lib/python3.4/unittest/loader.py", line 323, in _find_tests
    module = self._get_module_from_name(name)
  File "/opt/python/3.4.6/lib/python3.4/unittest/loader.py", line 301, in _get_module_from_name
    __import__(name)
  File "/home/travis/build/kaitai-io/ci_targets/tests/spec/construct/test_bits_byte_aligned.py", line 5, in <module>
    from bits_byte_aligned import _schema
  File "/home/travis/build/kaitai-io/ci_targets/tests/compiled/construct/bits_byte_aligned.py", line 5
    'one' / ???,
            ^
SyntaxError: invalid syntax

]]>		</error>
		<system-out>
<![CDATA[]]>		</system-out>
		<system-err>
<![CDATA[]]>		</system-err>
	</testcase>
	<testcase classname="unittest.loader._FailedTest" file="/opt/python/3.4.6/lib/python3.4/unittest/loader.py" line="32" name="test_bits_enum" time="0.000" timestamp="2020-08-24T20:03:34">
		<error message="Failed to import test module: test_bits_enum
Traceback (most recent call last):
  File &quot;/opt/python/3.4.6/lib/python3.4/unittest/loader.py&quot;, line 323, in _find_tests
    module = self._get_module_from_name(name)
  File &quot;/opt/python/3.4.6/lib/python3.4/unittest/loader.py&quot;, line 301, in _get_module_from_name
    __import__(name)
  File &quot;/home/travis/build/kaitai-io/ci_targets/tests/spec/construct/test_bits_enum.py&quot;, line 5, in &lt;module&gt;
    from bits_enum import _schema
  File &quot;/home/travis/build/kaitai-io/ci_targets/tests/compiled/construct/bits_enum.py&quot;, line 13
    'one' / bits_enum__animal(???),
                              ^
SyntaxError: invalid syntax
" type="ImportError">
<![CDATA[Traceback (most recent call last):
  File "/opt/python/3.4.6/lib/python3.4/unittest/case.py", line 58, in testPartExecutor
    yield
  File "/opt/python/3.4.6/lib/python3.4/unittest/case.py", line 580, in run
    testMethod()
  File "/opt/python/3.4.6/lib/python3.4/unittest/loader.py", line 33, in testFailure
    raise self._exception
ImportError: Failed to import test module: test_bits_enum
Traceback (most recent call last):
  File "/opt/python/3.4.6/lib/python3.4/unittest/loader.py", line 323, in _find_tests
    module = self._get_module_from_name(name)
  File "/opt/python/3.4.6/lib/python3.4/unittest/loader.py", line 301, in _get_module_from_name
    __import__(name)
  File "/home/travis/build/kaitai-io/ci_targets/tests/spec/construct/test_bits_enum.py", line 5, in <module>
    from bits_enum import _schema
  File "/home/travis/build/kaitai-io/ci_targets/tests/compiled/construct/bits_enum.py", line 13
    'one' / bits_enum__animal(???),
                              ^
SyntaxError: invalid syntax

]]>		</error>
		<system-out>
<![CDATA[]]>		</system-out>
		<system-err>
<![CDATA[]]>		</system-err>
	</testcase>
	<testcase classname="unittest.loader._FailedTest" file="/opt/python/3.4.6/lib/python3.4/unittest/loader.py" line="32" name="test_bits_simple" time="0.000" timestamp="2020-08-24T20:03:34">
		<error message="Failed to import test module: test_bits_simple
Traceback (most recent call last):
  File &quot;/opt/python/3.4.6/lib/python3.4/unittest/loader.py&quot;, line 323, in _find_tests
    module = self._get_module_from_name(name)
  File &quot;/opt/python/3.4.6/lib/python3.4/unittest/loader.py&quot;, line 301, in _get_module_from_name
    __import__(name)
  File &quot;/home/travis/build/kaitai-io/ci_targets/tests/spec/construct/test_bits_simple.py&quot;, line 5, in &lt;module&gt;
    from bits_simple import _schema
  File &quot;/home/travis/build/kaitai-io/ci_targets/tests/compiled/construct/bits_simple.py&quot;, line 5
    'byte_1' / ???,
               ^
SyntaxError: invalid syntax
" type="ImportError">
<![CDATA[Traceback (most recent call last):
  File "/opt/python/3.4.6/lib/python3.4/unittest/case.py", line 58, in testPartExecutor
    yield
  File "/opt/python/3.4.6/lib/python3.4/unittest/case.py", line 580, in run
    testMethod()
  File "/opt/python/3.4.6/lib/python3.4/unittest/loader.py", line 33, in testFailure
    raise self._exception
ImportError: Failed to import test module: test_bits_simple
Traceback (most recent call last):
  File "/opt/python/3.4.6/lib/python3.4/unittest/loader.py", line 323, in _find_tests
    module = self._get_module_from_name(name)
  File "/opt/python/3.4.6/lib/python3.4/unittest/loader.py", line 301, in _get_module_from_name
    __import__(name)
  File "/home/travis/build/kaitai-io/ci_targets/tests/spec/construct/test_bits_simple.py", line 5, in <module>
    from bits_simple import _schema
  File "/home/travis/build/kaitai-io/ci_targets/tests/compiled/construct/bits_simple.py", line 5
    'byte_1' / ???,
               ^
SyntaxError: invalid syntax

]]>		</error>
		<system-out>
<![CDATA[]]>		</system-out>
		<system-err>
<![CDATA[]]>		</system-err>
	</testcase>
	<testcase classname="unittest.loader._FailedTest" file="/opt/python/3.4.6/lib/python3.4/unittest/loader.py" line="32" name="test_combine_bool" time="0.001" timestamp="2020-08-24T20:03:34">
		<error message="Failed to import test module: test_combine_bool
Traceback (most recent call last):
  File &quot;/opt/python/3.4.6/lib/python3.4/unittest/loader.py&quot;, line 323, in _find_tests
    module = self._get_module_from_name(name)
  File &quot;/opt/python/3.4.6/lib/python3.4/unittest/loader.py&quot;, line 301, in _get_module_from_name
    __import__(name)
  File &quot;/home/travis/build/kaitai-io/ci_targets/tests/spec/construct/test_combine_bool.py&quot;, line 5, in &lt;module&gt;
    from combine_bool import _schema
  File &quot;/home/travis/build/kaitai-io/ci_targets/tests/compiled/construct/combine_bool.py&quot;, line 5
    'bool_bit' / ???,
                 ^
SyntaxError: invalid syntax
" type="ImportError">
<![CDATA[Traceback (most recent call last):
  File "/opt/python/3.4.6/lib/python3.4/unittest/case.py", line 58, in testPartExecutor
    yield
  File "/opt/python/3.4.6/lib/python3.4/unittest/case.py", line 580, in run
    testMethod()
  File "/opt/python/3.4.6/lib/python3.4/unittest/loader.py", line 33, in testFailure
    raise self._exception
ImportError: Failed to import test module: test_combine_bool
Traceback (most recent call last):
  File "/opt/python/3.4.6/lib/python3.4/unittest/loader.py", line 323, in _find_tests
    module = self._get_module_from_name(name)
  File "/opt/python/3.4.6/lib/python3.4/unittest/loader.py", line 301, in _get_module_from_name
    __import__(name)
  File "/home/travis/build/kaitai-io/ci_targets/tests/spec/construct/test_combine_bool.py", line 5, in <module>
    from combine_bool import _schema
  File "/home/travis/build/kaitai-io/ci_targets/tests/compiled/construct/combine_bool.py", line 5
    'bool_bit' / ???,
                 ^
SyntaxError: invalid syntax

]]>		</error>
		<system-out>
<![CDATA[]]>		</system-out>
		<system-err>
<![CDATA[]]>		</system-err>
	</testcase>
	<testcase classname="unittest.loader._FailedTest" file="/opt/python/3.4.6/lib/python3.4/unittest/loader.py" line="32" name="test_default_endian_expr_inherited" time="0.001" timestamp="2020-08-24T20:03:34">
		<error message="Failed to import test module: test_default_endian_expr_inherited
Traceback (most recent call last):
  File &quot;/opt/python/3.4.6/lib/python3.4/unittest/loader.py&quot;, line 323, in _find_tests
    module = self._get_module_from_name(name)
  File &quot;/opt/python/3.4.6/lib/python3.4/unittest/loader.py&quot;, line 301, in _get_module_from_name
    __import__(name)
  File &quot;/home/travis/build/kaitai-io/ci_targets/tests/spec/construct/test_default_endian_expr_inherited.py&quot;, line 5, in &lt;module&gt;
    from default_endian_expr_inherited import _schema
ImportError: No module named 'default_endian_expr_inherited'
" type="ImportError">
<![CDATA[Traceback (most recent call last):
  File "/opt/python/3.4.6/lib/python3.4/unittest/case.py", line 58, in testPartExecutor
    yield
  File "/opt/python/3.4.6/lib/python3.4/unittest/case.py", line 580, in run
    testMethod()
  File "/opt/python/3.4.6/lib/python3.4/unittest/loader.py", line 33, in testFailure
    raise self._exception
ImportError: Failed to import test module: test_default_endian_expr_inherited
Traceback (most recent call last):
  File "/opt/python/3.4.6/lib/python3.4/unittest/loader.py", line 323, in _find_tests
    module = self._get_module_from_name(name)
  File "/opt/python/3.4.6/lib/python3.4/unittest/loader.py", line 301, in _get_module_from_name
    __import__(name)
  File "/home/travis/build/kaitai-io/ci_targets/tests/spec/construct/test_default_endian_expr_inherited.py", line 5, in <module>
    from default_endian_expr_inherited import _schema
ImportError: No module named 'default_endian_expr_inherited'

]]>		</error>
		<system-out>
<![CDATA[]]>		</system-out>
		<system-err>
<![CDATA[]]>		</system-err>
	</testcase>
	<testcase classname="unittest.loader._FailedTest" file="/opt/python/3.4.6/lib/python3.4/unittest/loader.py" line="32" name="test_default_endian_expr_is_be" time="0.000" timestamp="2020-08-24T20:03:34">
		<error message="Failed to import test module: test_default_endian_expr_is_be
Traceback (most recent call last):
  File &quot;/opt/python/3.4.6/lib/python3.4/unittest/loader.py&quot;, line 323, in _find_tests
    module = self._get_module_from_name(name)
  File &quot;/opt/python/3.4.6/lib/python3.4/unittest/loader.py&quot;, line 301, in _get_module_from_name
    __import__(name)
  File &quot;/home/travis/build/kaitai-io/ci_targets/tests/spec/construct/test_default_endian_expr_is_be.py&quot;, line 5, in &lt;module&gt;
    from default_endian_expr_is_be import _schema
ImportError: No module named 'default_endian_expr_is_be'
" type="ImportError">
<![CDATA[Traceback (most recent call last):
  File "/opt/python/3.4.6/lib/python3.4/unittest/case.py", line 58, in testPartExecutor
    yield
  File "/opt/python/3.4.6/lib/python3.4/unittest/case.py", line 580, in run
    testMethod()
  File "/opt/python/3.4.6/lib/python3.4/unittest/loader.py", line 33, in testFailure
    raise self._exception
ImportError: Failed to import test module: test_default_endian_expr_is_be
Traceback (most recent call last):
  File "/opt/python/3.4.6/lib/python3.4/unittest/loader.py", line 323, in _find_tests
    module = self._get_module_from_name(name)
  File "/opt/python/3.4.6/lib/python3.4/unittest/loader.py", line 301, in _get_module_from_name
    __import__(name)
  File "/home/travis/build/kaitai-io/ci_targets/tests/spec/construct/test_default_endian_expr_is_be.py", line 5, in <module>
    from default_endian_expr_is_be import _schema
ImportError: No module named 'default_endian_expr_is_be'

]]>		</error>
		<system-out>
<![CDATA[]]>		</system-out>
		<system-err>
<![CDATA[]]>		</system-err>
	</testcase>
	<testcase classname="unittest.loader._FailedTest" file="/opt/python/3.4.6/lib/python3.4/unittest/loader.py" line="32" name="test_default_endian_expr_is_le" time="0.000" timestamp="2020-08-24T20:03:34">
		<error message="Failed to import test module: test_default_endian_expr_is_le
Traceback (most recent call last):
  File &quot;/opt/python/3.4.6/lib/python3.4/unittest/loader.py&quot;, line 323, in _find_tests
    module = self._get_module_from_name(name)
  File &quot;/opt/python/3.4.6/lib/python3.4/unittest/loader.py&quot;, line 301, in _get_module_from_name
    __import__(name)
  File &quot;/home/travis/build/kaitai-io/ci_targets/tests/spec/construct/test_default_endian_expr_is_le.py&quot;, line 5, in &lt;module&gt;
    from default_endian_expr_is_le import _schema
ImportError: No module named 'default_endian_expr_is_le'
" type="ImportError">
<![CDATA[Traceback (most recent call last):
  File "/opt/python/3.4.6/lib/python3.4/unittest/case.py", line 58, in testPartExecutor
    yield
  File "/opt/python/3.4.6/lib/python3.4/unittest/case.py", line 580, in run
    testMethod()
  File "/opt/python/3.4.6/lib/python3.4/unittest/loader.py", line 33, in testFailure
    raise self._exception
ImportError: Failed to import test module: test_default_endian_expr_is_le
Traceback (most recent call last):
  File "/opt/python/3.4.6/lib/python3.4/unittest/loader.py", line 323, in _find_tests
    module = self._get_module_from_name(name)
  File "/opt/python/3.4.6/lib/python3.4/unittest/loader.py", line 301, in _get_module_from_name
    __import__(name)
  File "/home/travis/build/kaitai-io/ci_targets/tests/spec/construct/test_default_endian_expr_is_le.py", line 5, in <module>
    from default_endian_expr_is_le import _schema
ImportError: No module named 'default_endian_expr_is_le'

]]>		</error>
		<system-out>
<![CDATA[]]>		</system-out>
		<system-err>
<![CDATA[]]>		</system-err>
	</testcase>
	<testcase classname="unittest.loader._FailedTest" file="/opt/python/3.4.6/lib/python3.4/unittest/loader.py" line="32" name="test_enum_import" time="0.000" timestamp="2020-08-24T20:03:34">
		<error message="Failed to import test module: test_enum_import
Traceback (most recent call last):
  File &quot;/opt/python/3.4.6/lib/python3.4/unittest/loader.py&quot;, line 323, in _find_tests
    module = self._get_module_from_name(name)
  File &quot;/opt/python/3.4.6/lib/python3.4/unittest/loader.py&quot;, line 301, in _get_module_from_name
    __import__(name)
  File &quot;/home/travis/build/kaitai-io/ci_targets/tests/spec/construct/test_enum_import.py&quot;, line 5, in &lt;module&gt;
    from enum_import import _schema
  File &quot;/home/travis/build/kaitai-io/ci_targets/tests/compiled/construct/enum_import.py&quot;, line 5, in &lt;module&gt;
    'pet_1' / enum_0__animal(Int32ul),
NameError: name 'enum_0__animal' is not defined
" type="ImportError">
<![CDATA[Traceback (most recent call last):
  File "/opt/python/3.4.6/lib/python3.4/unittest/case.py", line 58, in testPartExecutor
    yield
  File "/opt/python/3.4.6/lib/python3.4/unittest/case.py", line 580, in run
    testMethod()
  File "/opt/python/3.4.6/lib/python3.4/unittest/loader.py", line 33, in testFailure
    raise self._exception
ImportError: Failed to import test module: test_enum_import
Traceback (most recent call last):
  File "/opt/python/3.4.6/lib/python3.4/unittest/loader.py", line 323, in _find_tests
    module = self._get_module_from_name(name)
  File "/opt/python/3.4.6/lib/python3.4/unittest/loader.py", line 301, in _get_module_from_name
    __import__(name)
  File "/home/travis/build/kaitai-io/ci_targets/tests/spec/construct/test_enum_import.py", line 5, in <module>
    from enum_import import _schema
  File "/home/travis/build/kaitai-io/ci_targets/tests/compiled/construct/enum_import.py", line 5, in <module>
    'pet_1' / enum_0__animal(Int32ul),
NameError: name 'enum_0__animal' is not defined

]]>		</error>
		<system-out>
<![CDATA[]]>		</system-out>
		<system-err>
<![CDATA[]]>		</system-err>
	</testcase>
	<testcase classname="unittest.loader._FailedTest" file="/opt/python/3.4.6/lib/python3.4/unittest/loader.py" line="32" name="test_expr_bits" time="0.000" timestamp="2020-08-24T20:03:34">
		<error message="Failed to import test module: test_expr_bits
Traceback (most recent call last):
  File &quot;/opt/python/3.4.6/lib/python3.4/unittest/loader.py&quot;, line 323, in _find_tests
    module = self._get_module_from_name(name)
  File &quot;/opt/python/3.4.6/lib/python3.4/unittest/loader.py&quot;, line 301, in _get_module_from_name
    __import__(name)
  File &quot;/home/travis/build/kaitai-io/ci_targets/tests/spec/construct/test_expr_bits.py&quot;, line 5, in &lt;module&gt;
    from expr_bits import _schema
ImportError: No module named 'expr_bits'
" type="ImportError">
<![CDATA[Traceback (most recent call last):
  File "/opt/python/3.4.6/lib/python3.4/unittest/case.py", line 58, in testPartExecutor
    yield
  File "/opt/python/3.4.6/lib/python3.4/unittest/case.py", line 580, in run
    testMethod()
  File "/opt/python/3.4.6/lib/python3.4/unittest/loader.py", line 33, in testFailure
    raise self._exception
ImportError: Failed to import test module: test_expr_bits
Traceback (most recent call last):
  File "/opt/python/3.4.6/lib/python3.4/unittest/loader.py", line 323, in _find_tests
    module = self._get_module_from_name(name)
  File "/opt/python/3.4.6/lib/python3.4/unittest/loader.py", line 301, in _get_module_from_name
    __import__(name)
  File "/home/travis/build/kaitai-io/ci_targets/tests/spec/construct/test_expr_bits.py", line 5, in <module>
    from expr_bits import _schema
ImportError: No module named 'expr_bits'

]]>		</error>
		<system-out>
<![CDATA[]]>		</system-out>
		<system-err>
<![CDATA[]]>		</system-err>
	</testcase>
	<testcase classname="unittest.loader._FailedTest" file="/opt/python/3.4.6/lib/python3.4/unittest/loader.py" line="32" name="test_expr_bytes_literal" time="0.000" timestamp="2020-08-24T20:03:34">
		<error message="Failed to import test module: test_expr_bytes_literal
Traceback (most recent call last):
  File &quot;/opt/python/3.4.6/lib/python3.4/unittest/loader.py&quot;, line 323, in _find_tests
    module = self._get_module_from_name(name)
  File &quot;/opt/python/3.4.6/lib/python3.4/unittest/loader.py&quot;, line 301, in _get_module_from_name
    __import__(name)
  File &quot;/home/travis/build/kaitai-io/ci_targets/tests/spec/construct/test_expr_bytes_literal.py&quot;, line 5, in &lt;module&gt;
    from expr_bytes_literal import _schema
ImportError: No module named 'expr_bytes_literal'
" type="ImportError">
<![CDATA[Traceback (most recent call last):
  File "/opt/python/3.4.6/lib/python3.4/unittest/case.py", line 58, in testPartExecutor
    yield
  File "/opt/python/3.4.6/lib/python3.4/unittest/case.py", line 580, in run
    testMethod()
  File "/opt/python/3.4.6/lib/python3.4/unittest/loader.py", line 33, in testFailure
    raise self._exception
ImportError: Failed to import test module: test_expr_bytes_literal
Traceback (most recent call last):
  File "/opt/python/3.4.6/lib/python3.4/unittest/loader.py", line 323, in _find_tests
    module = self._get_module_from_name(name)
  File "/opt/python/3.4.6/lib/python3.4/unittest/loader.py", line 301, in _get_module_from_name
    __import__(name)
  File "/home/travis/build/kaitai-io/ci_targets/tests/spec/construct/test_expr_bytes_literal.py", line 5, in <module>
    from expr_bytes_literal import _schema
ImportError: No module named 'expr_bytes_literal'

]]>		</error>
		<system-out>
<![CDATA[]]>		</system-out>
		<system-err>
<![CDATA[]]>		</system-err>
	</testcase>
	<testcase classname="unittest.loader._FailedTest" file="/opt/python/3.4.6/lib/python3.4/unittest/loader.py" line="32" name="test_expr_io_pos" time="0.000" timestamp="2020-08-24T20:03:34">
		<error message="Failed to import test module: test_expr_io_pos
Traceback (most recent call last):
  File &quot;/opt/python/3.4.6/lib/python3.4/unittest/loader.py&quot;, line 323, in _find_tests
    module = self._get_module_from_name(name)
  File &quot;/opt/python/3.4.6/lib/python3.4/unittest/loader.py&quot;, line 301, in _get_module_from_name
    __import__(name)
  File &quot;/home/travis/build/kaitai-io/ci_targets/tests/spec/construct/test_expr_io_pos.py&quot;, line 5, in &lt;module&gt;
    from expr_io_pos import _schema
  File &quot;/home/travis/build/kaitai-io/ci_targets/tests/compiled/construct/expr_io_pos.py&quot;, line 6, in &lt;module&gt;
    'body' / FixedSized(((stream_size(_io) - stream_tell(_io)) - 2), GreedyBytes),
NameError: name '_io' is not defined
" type="ImportError">
<![CDATA[Traceback (most recent call last):
  File "/opt/python/3.4.6/lib/python3.4/unittest/case.py", line 58, in testPartExecutor
    yield
  File "/opt/python/3.4.6/lib/python3.4/unittest/case.py", line 580, in run
    testMethod()
  File "/opt/python/3.4.6/lib/python3.4/unittest/loader.py", line 33, in testFailure
    raise self._exception
ImportError: Failed to import test module: test_expr_io_pos
Traceback (most recent call last):
  File "/opt/python/3.4.6/lib/python3.4/unittest/loader.py", line 323, in _find_tests
    module = self._get_module_from_name(name)
  File "/opt/python/3.4.6/lib/python3.4/unittest/loader.py", line 301, in _get_module_from_name
    __import__(name)
  File "/home/travis/build/kaitai-io/ci_targets/tests/spec/construct/test_expr_io_pos.py", line 5, in <module>
    from expr_io_pos import _schema
  File "/home/travis/build/kaitai-io/ci_targets/tests/compiled/construct/expr_io_pos.py", line 6, in <module>
    'body' / FixedSized(((stream_size(_io) - stream_tell(_io)) - 2), GreedyBytes),
NameError: name '_io' is not defined

]]>		</error>
		<system-out>
<![CDATA[]]>		</system-out>
		<system-err>
<![CDATA[]]>		</system-err>
	</testcase>
	<testcase classname="unittest.loader._FailedTest" file="/opt/python/3.4.6/lib/python3.4/unittest/loader.py" line="32" name="test_index_sizes" time="0.000" timestamp="2020-08-24T20:03:34">
		<error message="Failed to import test module: test_index_sizes
Traceback (most recent call last):
  File &quot;/opt/python/3.4.6/lib/python3.4/unittest/loader.py&quot;, line 323, in _find_tests
    module = self._get_module_from_name(name)
  File &quot;/opt/python/3.4.6/lib/python3.4/unittest/loader.py&quot;, line 301, in _get_module_from_name
    __import__(name)
  File &quot;/home/travis/build/kaitai-io/ci_targets/tests/spec/construct/test_index_sizes.py&quot;, line 5, in &lt;module&gt;
    from index_sizes import _schema
  File &quot;/home/travis/build/kaitai-io/ci_targets/tests/compiled/construct/index_sizes.py&quot;, line 7, in &lt;module&gt;
    'bufs' / Array(this.qty, FixedSized(this.sizes[i], GreedyString(encoding='ASCII'))),
NameError: name 'i' is not defined
" type="ImportError">
<![CDATA[Traceback (most recent call last):
  File "/opt/python/3.4.6/lib/python3.4/unittest/case.py", line 58, in testPartExecutor
    yield
  File "/opt/python/3.4.6/lib/python3.4/unittest/case.py", line 580, in run
    testMethod()
  File "/opt/python/3.4.6/lib/python3.4/unittest/loader.py", line 33, in testFailure
    raise self._exception
ImportError: Failed to import test module: test_index_sizes
Traceback (most recent call last):
  File "/opt/python/3.4.6/lib/python3.4/unittest/loader.py", line 323, in _find_tests
    module = self._get_module_from_name(name)
  File "/opt/python/3.4.6/lib/python3.4/unittest/loader.py", line 301, in _get_module_from_name
    __import__(name)
  File "/home/travis/build/kaitai-io/ci_targets/tests/spec/construct/test_index_sizes.py", line 5, in <module>
    from index_sizes import _schema
  File "/home/travis/build/kaitai-io/ci_targets/tests/compiled/construct/index_sizes.py", line 7, in <module>
    'bufs' / Array(this.qty, FixedSized(this.sizes[i], GreedyString(encoding='ASCII'))),
NameError: name 'i' is not defined

]]>		</error>
		<system-out>
<![CDATA[]]>		</system-out>
		<system-err>
<![CDATA[]]>		</system-err>
	</testcase>
	<testcase classname="unittest.loader._FailedTest" file="/opt/python/3.4.6/lib/python3.4/unittest/loader.py" line="32" name="test_instance_io_user" time="0.000" timestamp="2020-08-24T20:03:34">
		<error message="Failed to import test module: test_instance_io_user
Traceback (most recent call last):
  File &quot;/opt/python/3.4.6/lib/python3.4/unittest/loader.py&quot;, line 323, in _find_tests
    module = self._get_module_from_name(name)
  File &quot;/opt/python/3.4.6/lib/python3.4/unittest/loader.py&quot;, line 301, in _get_module_from_name
    __import__(name)
  File &quot;/home/travis/build/kaitai-io/ci_targets/tests/spec/construct/test_instance_io_user.py&quot;, line 5, in &lt;module&gt;
    from instance_io_user import _schema
  File &quot;/home/travis/build/kaitai-io/ci_targets/tests/compiled/construct/instance_io_user.py&quot;, line 17
    'strings' / ???,
                ^
SyntaxError: invalid syntax
" type="ImportError">
<![CDATA[Traceback (most recent call last):
  File "/opt/python/3.4.6/lib/python3.4/unittest/case.py", line 58, in testPartExecutor
    yield
  File "/opt/python/3.4.6/lib/python3.4/unittest/case.py", line 580, in run
    testMethod()
  File "/opt/python/3.4.6/lib/python3.4/unittest/loader.py", line 33, in testFailure
    raise self._exception
ImportError: Failed to import test module: test_instance_io_user
Traceback (most recent call last):
  File "/opt/python/3.4.6/lib/python3.4/unittest/loader.py", line 323, in _find_tests
    module = self._get_module_from_name(name)
  File "/opt/python/3.4.6/lib/python3.4/unittest/loader.py", line 301, in _get_module_from_name
    __import__(name)
  File "/home/travis/build/kaitai-io/ci_targets/tests/spec/construct/test_instance_io_user.py", line 5, in <module>
    from instance_io_user import _schema
  File "/home/travis/build/kaitai-io/ci_targets/tests/compiled/construct/instance_io_user.py", line 17
    'strings' / ???,
                ^
SyntaxError: invalid syntax

]]>		</error>
		<system-out>
<![CDATA[]]>		</system-out>
		<system-err>
<![CDATA[]]>		</system-err>
	</testcase>
	<testcase classname="unittest.loader._FailedTest" file="/opt/python/3.4.6/lib/python3.4/unittest/loader.py" line="32" name="test_io_local_var" time="0.000" timestamp="2020-08-24T20:03:34">
		<error message="Failed to import test module: test_io_local_var
Traceback (most recent call last):
  File &quot;/opt/python/3.4.6/lib/python3.4/unittest/loader.py&quot;, line 323, in _find_tests
    module = self._get_module_from_name(name)
  File &quot;/opt/python/3.4.6/lib/python3.4/unittest/loader.py&quot;, line 301, in _get_module_from_name
    __import__(name)
  File &quot;/home/travis/build/kaitai-io/ci_targets/tests/spec/construct/test_io_local_var.py&quot;, line 5, in &lt;module&gt;
    from io_local_var import _schema
  File &quot;/home/travis/build/kaitai-io/ci_targets/tests/compiled/construct/io_local_var.py&quot;, line 9, in &lt;module&gt;
    'always_null' / If(stream_tell(this.mess_up._io) &lt; 0, Int8ub),
TypeError: stream_tell() missing 1 required positional argument: 'path'
" type="ImportError">
<![CDATA[Traceback (most recent call last):
  File "/opt/python/3.4.6/lib/python3.4/unittest/case.py", line 58, in testPartExecutor
    yield
  File "/opt/python/3.4.6/lib/python3.4/unittest/case.py", line 580, in run
    testMethod()
  File "/opt/python/3.4.6/lib/python3.4/unittest/loader.py", line 33, in testFailure
    raise self._exception
ImportError: Failed to import test module: test_io_local_var
Traceback (most recent call last):
  File "/opt/python/3.4.6/lib/python3.4/unittest/loader.py", line 323, in _find_tests
    module = self._get_module_from_name(name)
  File "/opt/python/3.4.6/lib/python3.4/unittest/loader.py", line 301, in _get_module_from_name
    __import__(name)
  File "/home/travis/build/kaitai-io/ci_targets/tests/spec/construct/test_io_local_var.py", line 5, in <module>
    from io_local_var import _schema
  File "/home/travis/build/kaitai-io/ci_targets/tests/compiled/construct/io_local_var.py", line 9, in <module>
    'always_null' / If(stream_tell(this.mess_up._io) < 0, Int8ub),
TypeError: stream_tell() missing 1 required positional argument: 'path'

]]>		</error>
		<system-out>
<![CDATA[]]>		</system-out>
		<system-err>
<![CDATA[]]>		</system-err>
	</testcase>
	<testcase classname="unittest.loader._FailedTest" file="/opt/python/3.4.6/lib/python3.4/unittest/loader.py" line="32" name="test_position_to_end" time="0.000" timestamp="2020-08-24T20:03:34">
		<error message="Failed to import test module: test_position_to_end
Traceback (most recent call last):
  File &quot;/opt/python/3.4.6/lib/python3.4/unittest/loader.py&quot;, line 323, in _find_tests
    module = self._get_module_from_name(name)
  File &quot;/opt/python/3.4.6/lib/python3.4/unittest/loader.py&quot;, line 301, in _get_module_from_name
    __import__(name)
  File &quot;/home/travis/build/kaitai-io/ci_targets/tests/spec/construct/test_position_to_end.py&quot;, line 5, in &lt;module&gt;
    from position_to_end import _schema
  File &quot;/home/travis/build/kaitai-io/ci_targets/tests/compiled/construct/position_to_end.py&quot;, line 10, in &lt;module&gt;
    'index' / Pointer((stream_size(_io) - 8), LazyBound(lambda: position_to_end__index_obj)),
NameError: name '_io' is not defined
" type="ImportError">
<![CDATA[Traceback (most recent call last):
  File "/opt/python/3.4.6/lib/python3.4/unittest/case.py", line 58, in testPartExecutor
    yield
  File "/opt/python/3.4.6/lib/python3.4/unittest/case.py", line 580, in run
    testMethod()
  File "/opt/python/3.4.6/lib/python3.4/unittest/loader.py", line 33, in testFailure
    raise self._exception
ImportError: Failed to import test module: test_position_to_end
Traceback (most recent call last):
  File "/opt/python/3.4.6/lib/python3.4/unittest/loader.py", line 323, in _find_tests
    module = self._get_module_from_name(name)
  File "/opt/python/3.4.6/lib/python3.4/unittest/loader.py", line 301, in _get_module_from_name
    __import__(name)
  File "/home/travis/build/kaitai-io/ci_targets/tests/spec/construct/test_position_to_end.py", line 5, in <module>
    from position_to_end import _schema
  File "/home/travis/build/kaitai-io/ci_targets/tests/compiled/construct/position_to_end.py", line 10, in <module>
    'index' / Pointer((stream_size(_io) - 8), LazyBound(lambda: position_to_end__index_obj)),
NameError: name '_io' is not defined

]]>		</error>
		<system-out>
<![CDATA[]]>		</system-out>
		<system-err>
<![CDATA[]]>		</system-err>
	</testcase>
	<testcase classname="unittest.loader._FailedTest" file="/opt/python/3.4.6/lib/python3.4/unittest/loader.py" line="32" name="test_repeat_eos_bit" time="0.000" timestamp="2020-08-24T20:03:34">
		<error message="Failed to import test module: test_repeat_eos_bit
Traceback (most recent call last):
  File &quot;/opt/python/3.4.6/lib/python3.4/unittest/loader.py&quot;, line 323, in _find_tests
    module = self._get_module_from_name(name)
  File &quot;/opt/python/3.4.6/lib/python3.4/unittest/loader.py&quot;, line 301, in _get_module_from_name
    __import__(name)
  File &quot;/home/travis/build/kaitai-io/ci_targets/tests/spec/construct/test_repeat_eos_bit.py&quot;, line 5, in &lt;module&gt;
    from repeat_eos_bit import _schema
  File &quot;/home/travis/build/kaitai-io/ci_targets/tests/compiled/construct/repeat_eos_bit.py&quot;, line 5
    'nibbles' / GreedyRange(???),
                            ^
SyntaxError: invalid syntax
" type="ImportError">
<![CDATA[Traceback (most recent call last):
  File "/opt/python/3.4.6/lib/python3.4/unittest/case.py", line 58, in testPartExecutor
    yield
  File "/opt/python/3.4.6/lib/python3.4/unittest/case.py", line 580, in run
    testMethod()
  File "/opt/python/3.4.6/lib/python3.4/unittest/loader.py", line 33, in testFailure
    raise self._exception
ImportError: Failed to import test module: test_repeat_eos_bit
Traceback (most recent call last):
  File "/opt/python/3.4.6/lib/python3.4/unittest/loader.py", line 323, in _find_tests
    module = self._get_module_from_name(name)
  File "/opt/python/3.4.6/lib/python3.4/unittest/loader.py", line 301, in _get_module_from_name
    __import__(name)
  File "/home/travis/build/kaitai-io/ci_targets/tests/spec/construct/test_repeat_eos_bit.py", line 5, in <module>
    from repeat_eos_bit import _schema
  File "/home/travis/build/kaitai-io/ci_targets/tests/compiled/construct/repeat_eos_bit.py", line 5
    'nibbles' / GreedyRange(???),
                            ^
SyntaxError: invalid syntax

]]>		</error>
		<system-out>
<![CDATA[]]>		</system-out>
		<system-err>
<![CDATA[]]>		</system-err>
	</testcase>
	<testcase classname="unittest.loader._FailedTest" file="/opt/python/3.4.6/lib/python3.4/unittest/loader.py" line="32" name="test_switch_manual_enum_invalid_else" time="0.000" timestamp="2020-08-24T20:03:34">
		<error message="Failed to import test module: test_switch_manual_enum_invalid_else
Traceback (most recent call last):
  File &quot;/opt/python/3.4.6/lib/python3.4/unittest/loader.py&quot;, line 323, in _find_tests
    module = self._get_module_from_name(name)
  File &quot;/opt/python/3.4.6/lib/python3.4/unittest/loader.py&quot;, line 301, in _get_module_from_name
    __import__(name)
  File &quot;/home/travis/build/kaitai-io/ci_targets/tests/spec/construct/test_switch_manual_enum_invalid_else.py&quot;, line 5, in &lt;module&gt;
    from switch_manual_enum_invalid_else import _schema
  File &quot;/home/travis/build/kaitai-io/ci_targets/tests/compiled/construct/switch_manual_enum_invalid_else.py&quot;, line 24, in &lt;module&gt;
    'body' / Switch(this.code, {SwitchManualEnumInvalidElse.Opcode.CodeEnum.intval: LazyBound(lambda: switch_manual_enum_invalid_else__opcode__intval), SwitchManualEnumInvalidElse.Opcode.CodeEnum.strval: LazyBound(lambda: switch_manual_enum_invalid_else__opcode__strval), }, default=LazyBound(lambda: switch_manual_enum_invalid_else__opcode__defval)),
NameError: name 'SwitchManualEnumInvalidElse' is not defined
" type="ImportError">
<![CDATA[Traceback (most recent call last):
  File "/opt/python/3.4.6/lib/python3.4/unittest/case.py", line 58, in testPartExecutor
    yield
  File "/opt/python/3.4.6/lib/python3.4/unittest/case.py", line 580, in run
    testMethod()
  File "/opt/python/3.4.6/lib/python3.4/unittest/loader.py", line 33, in testFailure
    raise self._exception
ImportError: Failed to import test module: test_switch_manual_enum_invalid_else
Traceback (most recent call last):
  File "/opt/python/3.4.6/lib/python3.4/unittest/loader.py", line 323, in _find_tests
    module = self._get_module_from_name(name)
  File "/opt/python/3.4.6/lib/python3.4/unittest/loader.py", line 301, in _get_module_from_name
    __import__(name)
  File "/home/travis/build/kaitai-io/ci_targets/tests/spec/construct/test_switch_manual_enum_invalid_else.py", line 5, in <module>
    from switch_manual_enum_invalid_else import _schema
  File "/home/travis/build/kaitai-io/ci_targets/tests/compiled/construct/switch_manual_enum_invalid_else.py", line 24, in <module>
    'body' / Switch(this.code, {SwitchManualEnumInvalidElse.Opcode.CodeEnum.intval: LazyBound(lambda: switch_manual_enum_invalid_else__opcode__intval), SwitchManualEnumInvalidElse.Opcode.CodeEnum.strval: LazyBound(lambda: switch_manual_enum_invalid_else__opcode__strval), }, default=LazyBound(lambda: switch_manual_enum_invalid_else__opcode__defval)),
NameError: name 'SwitchManualEnumInvalidElse' is not defined

]]>		</error>
		<system-out>
<![CDATA[]]>		</system-out>
		<system-err>
<![CDATA[]]>		</system-err>
	</testcase>
</testsuite>
