<?xml version="1.0" encoding="UTF-8"?>
<testsuite name="test_enum_long_range_s.TestEnumLongRangeS-20201031095949" tests="1" file="test_enum_long_range_s.py" time="0.001" timestamp="2020-10-31T09:59:49" failures="0" errors="1" skipped="0">
	<testcase classname="test_enum_long_range_s.TestEnumLongRangeS" name="test_enum_long_range_s" time="0.001" timestamp="2020-10-31T09:59:49" file="spec/construct/test_enum_long_range_s.py" line="8">
		<error type="AttributeError" message="'TestEnumLongRangeS' object has no attribute '_root'"><![CDATA[Traceback (most recent call last):
  File "/home/travis/build/kaitai-io/ci_targets/tests/spec/construct/test_enum_long_range_s.py", line 11, in test_enum_long_range_s
    self.assertEqual(r.f1, self._root.Constants.long_min)
AttributeError: 'TestEnumLongRangeS' object has no attribute '_root'
]]></error>
	</testcase>
</testsuite>
