<?xml version="1.0" encoding="UTF-8"?>
<testsuite errors="0" failures="0" file="test_enum_for_unknown_id.py" name="test_enum_for_unknown_id.TestEnumForUnknownId-20220505210434" skipped="0" tests="1" time="0.001" timestamp="2022-05-05T21:04:34">
	<testcase classname="test_enum_for_unknown_id.TestEnumForUnknownId" file="spec/construct/test_enum_for_unknown_id.py" line="8" name="test_enum_for_unknown_id" time="0.001" timestamp="2022-05-05T21:04:34">
		<system-out>
<![CDATA[]]>		</system-out>
		<system-err>
<![CDATA[]]>		</system-err>
	</testcase>
</testsuite>
