<?xml version="1.0" encoding="UTF-8"?>
<testsuite errors="0" failures="0" file="test_str_eos.py" name="test_str_eos.TestStrEos-20200824070719" skipped="0" tests="1" time="0.000" timestamp="2020-08-24T07:07:19">
	<testcase classname="test_str_eos.TestStrEos" file="spec/construct/test_str_eos.py" line="8" name="test_str_eos" time="0.000" timestamp="2020-08-24T07:07:19">
		<system-out>
<![CDATA[]]>		</system-out>
		<system-err>
<![CDATA[]]>		</system-err>
	</testcase>
</testsuite>
