<?xml version="1.0" encoding="UTF-8"?>
<testsuite name="test_default_big_endian.TestDefaultBigEndian-20220728094514" tests="1" file="test_default_big_endian.py" time="0.000" timestamp="2022-07-28T09:45:14" failures="0" errors="0" skipped="0">
	<testcase classname="test_default_big_endian.TestDefaultBigEndian" name="test_default_big_endian" time="0.000" timestamp="2022-07-28T09:45:14" file="spec/construct/test_default_big_endian.py" line="8"/>
</testsuite>
