<?xml version="1.0" encoding="UTF-8"?>
<testsuite errors="0" failures="0" file="test_nav_root.py" name="test_nav_root.TestNavRoot-20230721074155" skipped="0" tests="1" time="0.001" timestamp="2023-07-21T07:41:55">
	<testcase classname="test_nav_root.TestNavRoot" file="spec/construct/test_nav_root.py" line="8" name="test_nav_root" time="0.001" timestamp="2023-07-21T07:41:55">
		<system-out>
<![CDATA[]]>		</system-out>
		<system-err>
<![CDATA[]]>		</system-err>
	</testcase>
</testsuite>
