<?xml version="1.0" encoding="UTF-8"?>
<testsuite name="test_cast_to_top.TestCastToTop-20201106111735" tests="1" file="test_cast_to_top.py" time="0.014" timestamp="2020-11-06T11:17:35" failures="0" errors="1" skipped="0">
	<testcase classname="test_cast_to_top.TestCastToTop" name="test_cast_to_top" time="0.014" timestamp="2020-11-06T11:17:35" file="spec/construct/test_cast_to_top.py" line="8">
		<error type="RecursionError" message="maximum recursion depth exceeded"><![CDATA[Traceback (most recent call last):
  File "/home/travis/build/kaitai-io/ci_targets/tests/spec/construct/test_cast_to_top.py", line 9, in test_cast_to_top
    r = _schema.parse_file('src/fixed_struct.bin')
  File "/home/travis/virtualenv/python3.9.0/lib/python3.9/site-packages/construct/core.py", line 309, in parse_file
    return self.parse_stream(f, **contextkw)
  File "/home/travis/virtualenv/python3.9.0/lib/python3.9/site-packages/construct/core.py", line 300, in parse_stream
    return self._parsereport(stream, context, "(parsing)")
  File "/home/travis/virtualenv/python3.9.0/lib/python3.9/site-packages/construct/core.py", line 312, in _parsereport
    obj = self._parse(stream, context, path)
  File "/home/travis/virtualenv/python3.9.0/lib/python3.9/site-packages/construct/core.py", line 1981, in _parse
    subobj = sc._parsereport(stream, context, path)
  File "/home/travis/virtualenv/python3.9.0/lib/python3.9/site-packages/construct/core.py", line 312, in _parsereport
    obj = self._parse(stream, context, path)
  File "/home/travis/virtualenv/python3.9.0/lib/python3.9/site-packages/construct/core.py", line 2439, in _parse
    return self.subcon._parsereport(stream, context, path)
  File "/home/travis/virtualenv/python3.9.0/lib/python3.9/site-packages/construct/core.py", line 312, in _parsereport
    obj = self._parse(stream, context, path)
  File "/home/travis/virtualenv/python3.9.0/lib/python3.9/site-packages/construct/core.py", line 3987, in _parse
    obj = self.subcon._parsereport(stream, context, path)
  File "/home/travis/virtualenv/python3.9.0/lib/python3.9/site-packages/construct/core.py", line 312, in _parsereport
    obj = self._parse(stream, context, path)
  File "/home/travis/virtualenv/python3.9.0/lib/python3.9/site-packages/construct/core.py", line 5534, in _parse
    return sc._parsereport(stream, context, path)
  File "/home/travis/virtualenv/python3.9.0/lib/python3.9/site-packages/construct/core.py", line 312, in _parsereport
    obj = self._parse(stream, context, path)
  File "/home/travis/virtualenv/python3.9.0/lib/python3.9/site-packages/construct/core.py", line 1981, in _parse
    subobj = sc._parsereport(stream, context, path)
  File "/home/travis/virtualenv/python3.9.0/lib/python3.9/site-packages/construct/core.py", line 312, in _parsereport
    obj = self._parse(stream, context, path)
  File "/home/travis/virtualenv/python3.9.0/lib/python3.9/site-packages/construct/core.py", line 2439, in _parse
    return self.subcon._parsereport(stream, context, path)
  File "/home/travis/virtualenv/python3.9.0/lib/python3.9/site-packages/construct/core.py", line 312, in _parsereport
    obj = self._parse(stream, context, path)
  File "/home/travis/virtualenv/python3.9.0/lib/python3.9/site-packages/construct/core.py", line 3987, in _parse
    obj = self.subcon._parsereport(stream, context, path)
  File "/home/travis/virtualenv/python3.9.0/lib/python3.9/site-packages/construct/core.py", line 312, in _parsereport
    obj = self._parse(stream, context, path)
  File "/home/travis/virtualenv/python3.9.0/lib/python3.9/site-packages/construct/core.py", line 5534, in _parse
    return sc._parsereport(stream, context, path)
  File "/home/travis/virtualenv/python3.9.0/lib/python3.9/site-packages/construct/core.py", line 312, in _parsereport
    obj = self._parse(stream, context, path)
  File "/home/travis/virtualenv/python3.9.0/lib/python3.9/site-packages/construct/core.py", line 1981, in _parse
    subobj = sc._parsereport(stream, context, path)
  File "/home/travis/virtualenv/python3.9.0/lib/python3.9/site-packages/construct/core.py", line 312, in _parsereport
    obj = self._parse(stream, context, path)
  File "/home/travis/virtualenv/python3.9.0/lib/python3.9/site-packages/construct/core.py", line 2439, in _parse
    return self.subcon._parsereport(stream, context, path)
  File "/home/travis/virtualenv/python3.9.0/lib/python3.9/site-packages/construct/core.py", line 312, in _parsereport
    obj = self._parse(stream, context, path)
  File "/home/travis/virtualenv/python3.9.0/lib/python3.9/site-packages/construct/core.py", line 3987, in _parse
    obj = self.subcon._parsereport(stream, context, path)
  File "/home/travis/virtualenv/python3.9.0/lib/python3.9/site-packages/construct/core.py", line 312, in _parsereport
    obj = self._parse(stream, context, path)
  File "/home/travis/virtualenv/python3.9.0/lib/python3.9/site-packages/construct/core.py", line 5534, in _parse
    return sc._parsereport(stream, context, path)
  File "/home/travis/virtualenv/python3.9.0/lib/python3.9/site-packages/construct/core.py", line 312, in _parsereport
    obj = self._parse(stream, context, path)
  File "/home/travis/virtualenv/python3.9.0/lib/python3.9/site-packages/construct/core.py", line 1981, in _parse
    subobj = sc._parsereport(stream, context, path)
  File "/home/travis/virtualenv/python3.9.0/lib/python3.9/site-packages/construct/core.py", line 312, in _parsereport
    obj = self._parse(stream, context, path)
  File "/home/travis/virtualenv/python3.9.0/lib/python3.9/site-packages/construct/core.py", line 2439, in _parse
    return self.subcon._parsereport(stream, context, path)
  File "/home/travis/virtualenv/python3.9.0/lib/python3.9/site-packages/construct/core.py", line 312, in _parsereport
    obj = self._parse(stream, context, path)
  File "/home/travis/virtualenv/python3.9.0/lib/python3.9/site-packages/construct/core.py", line 3987, in _parse
    obj = self.subcon._parsereport(stream, context, path)
  File "/home/travis/virtualenv/python3.9.0/lib/python3.9/site-packages/construct/core.py", line 312, in _parsereport
    obj = self._parse(stream, context, path)
  File "/home/travis/virtualenv/python3.9.0/lib/python3.9/site-packages/construct/core.py", line 5534, in _parse
    return sc._parsereport(stream, context, path)
  File "/home/travis/virtualenv/python3.9.0/lib/python3.9/site-packages/construct/core.py", line 312, in _parsereport
    obj = self._parse(stream, context, path)
  File "/home/travis/virtualenv/python3.9.0/lib/python3.9/site-packages/construct/core.py", line 1981, in _parse
    subobj = sc._parsereport(stream, context, path)
  File "/home/travis/virtualenv/python3.9.0/lib/python3.9/site-packages/construct/core.py", line 312, in _parsereport
    obj = self._parse(stream, context, path)
  File "/home/travis/virtualenv/python3.9.0/lib/python3.9/site-packages/construct/core.py", line 2439, in _parse
    return self.subcon._parsereport(stream, context, path)
  File "/home/travis/virtualenv/python3.9.0/lib/python3.9/site-packages/construct/core.py", line 312, in _parsereport
    obj = self._parse(stream, context, path)
  File "/home/travis/virtualenv/python3.9.0/lib/python3.9/site-packages/construct/core.py", line 3987, in _parse
    obj = self.subcon._parsereport(stream, context, path)
  File "/home/travis/virtualenv/python3.9.0/lib/python3.9/site-packages/construct/core.py", line 312, in _parsereport
    obj = self._parse(stream, context, path)
  File "/home/travis/virtualenv/python3.9.0/lib/python3.9/site-packages/construct/core.py", line 5534, in _parse
    return sc._parsereport(stream, context, path)
  File "/home/travis/virtualenv/python3.9.0/lib/python3.9/site-packages/construct/core.py", line 312, in _parsereport
    obj = self._parse(stream, context, path)
  File "/home/travis/virtualenv/python3.9.0/lib/python3.9/site-packages/construct/core.py", line 1981, in _parse
    subobj = sc._parsereport(stream, context, path)
  File "/home/travis/virtualenv/python3.9.0/lib/python3.9/site-packages/construct/core.py", line 312, in _parsereport
    obj = self._parse(stream, context, path)
  File "/home/travis/virtualenv/python3.9.0/lib/python3.9/site-packages/construct/core.py", line 2439, in _parse
    return self.subcon._parsereport(stream, context, path)
  File "/home/travis/virtualenv/python3.9.0/lib/python3.9/site-packages/construct/core.py", line 312, in _parsereport
    obj = self._parse(stream, context, path)
  File "/home/travis/virtualenv/python3.9.0/lib/python3.9/site-packages/construct/core.py", line 3987, in _parse
    obj = self.subcon._parsereport(stream, context, path)
  File "/home/travis/virtualenv/python3.9.0/lib/python3.9/site-packages/construct/core.py", line 312, in _parsereport
    obj = self._parse(stream, context, path)
  File "/home/travis/virtualenv/python3.9.0/lib/python3.9/site-packages/construct/core.py", line 5534, in _parse
    return sc._parsereport(stream, context, path)
  File "/home/travis/virtualenv/python3.9.0/lib/python3.9/site-packages/construct/core.py", line 312, in _parsereport
    obj = self._parse(stream, context, path)
  File "/home/travis/virtualenv/python3.9.0/lib/python3.9/site-packages/construct/core.py", line 1981, in _parse
    subobj = sc._parsereport(stream, context, path)
  File "/home/travis/virtualenv/python3.9.0/lib/python3.9/site-packages/construct/core.py", line 312, in _parsereport
    obj = self._parse(stream, context, path)
  File "/home/travis/virtualenv/python3.9.0/lib/python3.9/site-packages/construct/core.py", line 2439, in _parse
    return self.subcon._parsereport(stream, context, path)
  File "/home/travis/virtualenv/python3.9.0/lib/python3.9/site-packages/construct/core.py", line 312, in _parsereport
    obj = self._parse(stream, context, path)
  File "/home/travis/virtualenv/python3.9.0/lib/python3.9/site-packages/construct/core.py", line 3987, in _parse
    obj = self.subcon._parsereport(stream, context, path)
  File "/home/travis/virtualenv/python3.9.0/lib/python3.9/site-packages/construct/core.py", line 312, in _parsereport
    obj = self._parse(stream, context, path)
  File "/home/travis/virtualenv/python3.9.0/lib/python3.9/site-packages/construct/core.py", line 5534, in _parse
    return sc._parsereport(stream, context, path)
  File "/home/travis/virtualenv/python3.9.0/lib/python3.9/site-packages/construct/core.py", line 312, in _parsereport
    obj = self._parse(stream, context, path)
  File "/home/travis/virtualenv/python3.9.0/lib/python3.9/site-packages/construct/core.py", line 1981, in _parse
    subobj = sc._parsereport(stream, context, path)
  File "/home/travis/virtualenv/python3.9.0/lib/python3.9/site-packages/construct/core.py", line 312, in _parsereport
    obj = self._parse(stream, context, path)
  File "/home/travis/virtualenv/python3.9.0/lib/python3.9/site-packages/construct/core.py", line 2439, in _parse
    return self.subcon._parsereport(stream, context, path)
  File "/home/travis/virtualenv/python3.9.0/lib/python3.9/site-packages/construct/core.py", line 312, in _parsereport
    obj = self._parse(stream, context, path)
  File "/home/travis/virtualenv/python3.9.0/lib/python3.9/site-packages/construct/core.py", line 3987, in _parse
    obj = self.subcon._parsereport(stream, context, path)
  File "/home/travis/virtualenv/python3.9.0/lib/python3.9/site-packages/construct/core.py", line 312, in _parsereport
    obj = self._parse(stream, context, path)
  File "/home/travis/virtualenv/python3.9.0/lib/python3.9/site-packages/construct/core.py", line 5534, in _parse
    return sc._parsereport(stream, context, path)
  File "/home/travis/virtualenv/python3.9.0/lib/python3.9/site-packages/construct/core.py", line 312, in _parsereport
    obj = self._parse(stream, context, path)
  File "/home/travis/virtualenv/python3.9.0/lib/python3.9/site-packages/construct/core.py", line 1981, in _parse
    subobj = sc._parsereport(stream, context, path)
  File "/home/travis/virtualenv/python3.9.0/lib/python3.9/site-packages/construct/core.py", line 312, in _parsereport
    obj = self._parse(stream, context, path)
  File "/home/travis/virtualenv/python3.9.0/lib/python3.9/site-packages/construct/core.py", line 2439, in _parse
    return self.subcon._parsereport(stream, context, path)
  File "/home/travis/virtualenv/python3.9.0/lib/python3.9/site-packages/construct/core.py", line 312, in _parsereport
    obj = self._parse(stream, context, path)
  File "/home/travis/virtualenv/python3.9.0/lib/python3.9/site-packages/construct/core.py", line 3987, in _parse
    obj = self.subcon._parsereport(stream, context, path)
  File "/home/travis/virtualenv/python3.9.0/lib/python3.9/site-packages/construct/core.py", line 312, in _parsereport
    obj = self._parse(stream, context, path)
  File "/home/travis/virtualenv/python3.9.0/lib/python3.9/site-packages/construct/core.py", line 5534, in _parse
    return sc._parsereport(stream, context, path)
  File "/home/travis/virtualenv/python3.9.0/lib/python3.9/site-packages/construct/core.py", line 312, in _parsereport
    obj = self._parse(stream, context, path)
  File "/home/travis/virtualenv/python3.9.0/lib/python3.9/site-packages/construct/core.py", line 1981, in _parse
    subobj = sc._parsereport(stream, context, path)
  File "/home/travis/virtualenv/python3.9.0/lib/python3.9/site-packages/construct/core.py", line 312, in _parsereport
    obj = self._parse(stream, context, path)
  File "/home/travis/virtualenv/python3.9.0/lib/python3.9/site-packages/construct/core.py", line 2439, in _parse
    return self.subcon._parsereport(stream, context, path)
  File "/home/travis/virtualenv/python3.9.0/lib/python3.9/site-packages/construct/core.py", line 312, in _parsereport
    obj = self._parse(stream, context, path)
  File "/home/travis/virtualenv/python3.9.0/lib/python3.9/site-packages/construct/core.py", line 3987, in _parse
    obj = self.subcon._parsereport(stream, context, path)
  File "/home/travis/virtualenv/python3.9.0/lib/python3.9/site-packages/construct/core.py", line 312, in _parsereport
    obj = self._parse(stream, context, path)
  File "/home/travis/virtualenv/python3.9.0/lib/python3.9/site-packages/construct/core.py", line 5534, in _parse
    return sc._parsereport(stream, context, path)
  File "/home/travis/virtualenv/python3.9.0/lib/python3.9/site-packages/construct/core.py", line 312, in _parsereport
    obj = self._parse(stream, context, path)
  File "/home/travis/virtualenv/python3.9.0/lib/python3.9/site-packages/construct/core.py", line 1981, in _parse
    subobj = sc._parsereport(stream, context, path)
  File "/home/travis/virtualenv/python3.9.0/lib/python3.9/site-packages/construct/core.py", line 312, in _parsereport
    obj = self._parse(stream, context, path)
  File "/home/travis/virtualenv/python3.9.0/lib/python3.9/site-packages/construct/core.py", line 2439, in _parse
    return self.subcon._parsereport(stream, context, path)
  File "/home/travis/virtualenv/python3.9.0/lib/python3.9/site-packages/construct/core.py", line 312, in _parsereport
    obj = self._parse(stream, context, path)
  File "/home/travis/virtualenv/python3.9.0/lib/python3.9/site-packages/construct/core.py", line 3987, in _parse
    obj = self.subcon._parsereport(stream, context, path)
  File "/home/travis/virtualenv/python3.9.0/lib/python3.9/site-packages/construct/core.py", line 312, in _parsereport
    obj = self._parse(stream, context, path)
  File "/home/travis/virtualenv/python3.9.0/lib/python3.9/site-packages/construct/core.py", line 5534, in _parse
    return sc._parsereport(stream, context, path)
  File "/home/travis/virtualenv/python3.9.0/lib/python3.9/site-packages/construct/core.py", line 312, in _parsereport
    obj = self._parse(stream, context, path)
  File "/home/travis/virtualenv/python3.9.0/lib/python3.9/site-packages/construct/core.py", line 1981, in _parse
    subobj = sc._parsereport(stream, context, path)
  File "/home/travis/virtualenv/python3.9.0/lib/python3.9/site-packages/construct/core.py", line 312, in _parsereport
    obj = self._parse(stream, context, path)
  File "/home/travis/virtualenv/python3.9.0/lib/python3.9/site-packages/construct/core.py", line 2439, in _parse
    return self.subcon._parsereport(stream, context, path)
  File "/home/travis/virtualenv/python3.9.0/lib/python3.9/site-packages/construct/core.py", line 312, in _parsereport
    obj = self._parse(stream, context, path)
  File "/home/travis/virtualenv/python3.9.0/lib/python3.9/site-packages/construct/core.py", line 3987, in _parse
    obj = self.subcon._parsereport(stream, context, path)
  File "/home/travis/virtualenv/python3.9.0/lib/python3.9/site-packages/construct/core.py", line 312, in _parsereport
    obj = self._parse(stream, context, path)
  File "/home/travis/virtualenv/python3.9.0/lib/python3.9/site-packages/construct/core.py", line 5534, in _parse
    return sc._parsereport(stream, context, path)
  File "/home/travis/virtualenv/python3.9.0/lib/python3.9/site-packages/construct/core.py", line 312, in _parsereport
    obj = self._parse(stream, context, path)
  File "/home/travis/virtualenv/python3.9.0/lib/python3.9/site-packages/construct/core.py", line 1981, in _parse
    subobj = sc._parsereport(stream, context, path)
  File "/home/travis/virtualenv/python3.9.0/lib/python3.9/site-packages/construct/core.py", line 312, in _parsereport
    obj = self._parse(stream, context, path)
  File "/home/travis/virtualenv/python3.9.0/lib/python3.9/site-packages/construct/core.py", line 2439, in _parse
    return self.subcon._parsereport(stream, context, path)
  File "/home/travis/virtualenv/python3.9.0/lib/python3.9/site-packages/construct/core.py", line 312, in _parsereport
    obj = self._parse(stream, context, path)
  File "/home/travis/virtualenv/python3.9.0/lib/python3.9/site-packages/construct/core.py", line 3987, in _parse
    obj = self.subcon._parsereport(stream, context, path)
  File "/home/travis/virtualenv/python3.9.0/lib/python3.9/site-packages/construct/core.py", line 312, in _parsereport
    obj = self._parse(stream, context, path)
  File "/home/travis/virtualenv/python3.9.0/lib/python3.9/site-packages/construct/core.py", line 5534, in _parse
    return sc._parsereport(stream, context, path)
  File "/home/travis/virtualenv/python3.9.0/lib/python3.9/site-packages/construct/core.py", line 312, in _parsereport
    obj = self._parse(stream, context, path)
  File "/home/travis/virtualenv/python3.9.0/lib/python3.9/site-packages/construct/core.py", line 1981, in _parse
    subobj = sc._parsereport(stream, context, path)
  File "/home/travis/virtualenv/python3.9.0/lib/python3.9/site-packages/construct/core.py", line 312, in _parsereport
    obj = self._parse(stream, context, path)
  File "/home/travis/virtualenv/python3.9.0/lib/python3.9/site-packages/construct/core.py", line 2439, in _parse
    return self.subcon._parsereport(stream, context, path)
  File "/home/travis/virtualenv/python3.9.0/lib/python3.9/site-packages/construct/core.py", line 312, in _parsereport
    obj = self._parse(stream, context, path)
  File "/home/travis/virtualenv/python3.9.0/lib/python3.9/site-packages/construct/core.py", line 3987, in _parse
    obj = self.subcon._parsereport(stream, context, path)
  File "/home/travis/virtualenv/python3.9.0/lib/python3.9/site-packages/construct/core.py", line 312, in _parsereport
    obj = self._parse(stream, context, path)
  File "/home/travis/virtualenv/python3.9.0/lib/python3.9/site-packages/construct/core.py", line 5534, in _parse
    return sc._parsereport(stream, context, path)
  File "/home/travis/virtualenv/python3.9.0/lib/python3.9/site-packages/construct/core.py", line 312, in _parsereport
    obj = self._parse(stream, context, path)
  File "/home/travis/virtualenv/python3.9.0/lib/python3.9/site-packages/construct/core.py", line 1981, in _parse
    subobj = sc._parsereport(stream, context, path)
  File "/home/travis/virtualenv/python3.9.0/lib/python3.9/site-packages/construct/core.py", line 312, in _parsereport
    obj = self._parse(stream, context, path)
  File "/home/travis/virtualenv/python3.9.0/lib/python3.9/site-packages/construct/core.py", line 2439, in _parse
    return self.subcon._parsereport(stream, context, path)
  File "/home/travis/virtualenv/python3.9.0/lib/python3.9/site-packages/construct/core.py", line 312, in _parsereport
    obj = self._parse(stream, context, path)
  File "/home/travis/virtualenv/python3.9.0/lib/python3.9/site-packages/construct/core.py", line 3987, in _parse
    obj = self.subcon._parsereport(stream, context, path)
  File "/home/travis/virtualenv/python3.9.0/lib/python3.9/site-packages/construct/core.py", line 312, in _parsereport
    obj = self._parse(stream, context, path)
  File "/home/travis/virtualenv/python3.9.0/lib/python3.9/site-packages/construct/core.py", line 5534, in _parse
    return sc._parsereport(stream, context, path)
  File "/home/travis/virtualenv/python3.9.0/lib/python3.9/site-packages/construct/core.py", line 312, in _parsereport
    obj = self._parse(stream, context, path)
  File "/home/travis/virtualenv/python3.9.0/lib/python3.9/site-packages/construct/core.py", line 1981, in _parse
    subobj = sc._parsereport(stream, context, path)
  File "/home/travis/virtualenv/python3.9.0/lib/python3.9/site-packages/construct/core.py", line 312, in _parsereport
    obj = self._parse(stream, context, path)
  File "/home/travis/virtualenv/python3.9.0/lib/python3.9/site-packages/construct/core.py", line 2439, in _parse
    return self.subcon._parsereport(stream, context, path)
  File "/home/travis/virtualenv/python3.9.0/lib/python3.9/site-packages/construct/core.py", line 312, in _parsereport
    obj = self._parse(stream, context, path)
  File "/home/travis/virtualenv/python3.9.0/lib/python3.9/site-packages/construct/core.py", line 3987, in _parse
    obj = self.subcon._parsereport(stream, context, path)
  File "/home/travis/virtualenv/python3.9.0/lib/python3.9/site-packages/construct/core.py", line 312, in _parsereport
    obj = self._parse(stream, context, path)
  File "/home/travis/virtualenv/python3.9.0/lib/python3.9/site-packages/construct/core.py", line 5534, in _parse
    return sc._parsereport(stream, context, path)
  File "/home/travis/virtualenv/python3.9.0/lib/python3.9/site-packages/construct/core.py", line 312, in _parsereport
    obj = self._parse(stream, context, path)
  File "/home/travis/virtualenv/python3.9.0/lib/python3.9/site-packages/construct/core.py", line 1981, in _parse
    subobj = sc._parsereport(stream, context, path)
  File "/home/travis/virtualenv/python3.9.0/lib/python3.9/site-packages/construct/core.py", line 312, in _parsereport
    obj = self._parse(stream, context, path)
  File "/home/travis/virtualenv/python3.9.0/lib/python3.9/site-packages/construct/core.py", line 2439, in _parse
    return self.subcon._parsereport(stream, context, path)
  File "/home/travis/virtualenv/python3.9.0/lib/python3.9/site-packages/construct/core.py", line 312, in _parsereport
    obj = self._parse(stream, context, path)
  File "/home/travis/virtualenv/python3.9.0/lib/python3.9/site-packages/construct/core.py", line 3987, in _parse
    obj = self.subcon._parsereport(stream, context, path)
  File "/home/travis/virtualenv/python3.9.0/lib/python3.9/site-packages/construct/core.py", line 312, in _parsereport
    obj = self._parse(stream, context, path)
  File "/home/travis/virtualenv/python3.9.0/lib/python3.9/site-packages/construct/core.py", line 5534, in _parse
    return sc._parsereport(stream, context, path)
  File "/home/travis/virtualenv/python3.9.0/lib/python3.9/site-packages/construct/core.py", line 312, in _parsereport
    obj = self._parse(stream, context, path)
  File "/home/travis/virtualenv/python3.9.0/lib/python3.9/site-packages/construct/core.py", line 1981, in _parse
    subobj = sc._parsereport(stream, context, path)
  File "/home/travis/virtualenv/python3.9.0/lib/python3.9/site-packages/construct/core.py", line 312, in _parsereport
    obj = self._parse(stream, context, path)
  File "/home/travis/virtualenv/python3.9.0/lib/python3.9/site-packages/construct/core.py", line 2439, in _parse
    return self.subcon._parsereport(stream, context, path)
  File "/home/travis/virtualenv/python3.9.0/lib/python3.9/site-packages/construct/core.py", line 312, in _parsereport
    obj = self._parse(stream, context, path)
  File "/home/travis/virtualenv/python3.9.0/lib/python3.9/site-packages/construct/core.py", line 3987, in _parse
    obj = self.subcon._parsereport(stream, context, path)
  File "/home/travis/virtualenv/python3.9.0/lib/python3.9/site-packages/construct/core.py", line 312, in _parsereport
    obj = self._parse(stream, context, path)
  File "/home/travis/virtualenv/python3.9.0/lib/python3.9/site-packages/construct/core.py", line 5534, in _parse
    return sc._parsereport(stream, context, path)
  File "/home/travis/virtualenv/python3.9.0/lib/python3.9/site-packages/construct/core.py", line 312, in _parsereport
    obj = self._parse(stream, context, path)
  File "/home/travis/virtualenv/python3.9.0/lib/python3.9/site-packages/construct/core.py", line 1981, in _parse
    subobj = sc._parsereport(stream, context, path)
  File "/home/travis/virtualenv/python3.9.0/lib/python3.9/site-packages/construct/core.py", line 312, in _parsereport
    obj = self._parse(stream, context, path)
  File "/home/travis/virtualenv/python3.9.0/lib/python3.9/site-packages/construct/core.py", line 2439, in _parse
    return self.subcon._parsereport(stream, context, path)
  File "/home/travis/virtualenv/python3.9.0/lib/python3.9/site-packages/construct/core.py", line 312, in _parsereport
    obj = self._parse(stream, context, path)
  File "/home/travis/virtualenv/python3.9.0/lib/python3.9/site-packages/construct/core.py", line 3987, in _parse
    obj = self.subcon._parsereport(stream, context, path)
  File "/home/travis/virtualenv/python3.9.0/lib/python3.9/site-packages/construct/core.py", line 312, in _parsereport
    obj = self._parse(stream, context, path)
  File "/home/travis/virtualenv/python3.9.0/lib/python3.9/site-packages/construct/core.py", line 5534, in _parse
    return sc._parsereport(stream, context, path)
  File "/home/travis/virtualenv/python3.9.0/lib/python3.9/site-packages/construct/core.py", line 312, in _parsereport
    obj = self._parse(stream, context, path)
  File "/home/travis/virtualenv/python3.9.0/lib/python3.9/site-packages/construct/core.py", line 1981, in _parse
    subobj = sc._parsereport(stream, context, path)
  File "/home/travis/virtualenv/python3.9.0/lib/python3.9/site-packages/construct/core.py", line 312, in _parsereport
    obj = self._parse(stream, context, path)
  File "/home/travis/virtualenv/python3.9.0/lib/python3.9/site-packages/construct/core.py", line 2439, in _parse
    return self.subcon._parsereport(stream, context, path)
  File "/home/travis/virtualenv/python3.9.0/lib/python3.9/site-packages/construct/core.py", line 312, in _parsereport
    obj = self._parse(stream, context, path)
  File "/home/travis/virtualenv/python3.9.0/lib/python3.9/site-packages/construct/core.py", line 3987, in _parse
    obj = self.subcon._parsereport(stream, context, path)
  File "/home/travis/virtualenv/python3.9.0/lib/python3.9/site-packages/construct/core.py", line 312, in _parsereport
    obj = self._parse(stream, context, path)
  File "/home/travis/virtualenv/python3.9.0/lib/python3.9/site-packages/construct/core.py", line 5534, in _parse
    return sc._parsereport(stream, context, path)
  File "/home/travis/virtualenv/python3.9.0/lib/python3.9/site-packages/construct/core.py", line 312, in _parsereport
    obj = self._parse(stream, context, path)
  File "/home/travis/virtualenv/python3.9.0/lib/python3.9/site-packages/construct/core.py", line 1981, in _parse
    subobj = sc._parsereport(stream, context, path)
  File "/home/travis/virtualenv/python3.9.0/lib/python3.9/site-packages/construct/core.py", line 312, in _parsereport
    obj = self._parse(stream, context, path)
  File "/home/travis/virtualenv/python3.9.0/lib/python3.9/site-packages/construct/core.py", line 2439, in _parse
    return self.subcon._parsereport(stream, context, path)
  File "/home/travis/virtualenv/python3.9.0/lib/python3.9/site-packages/construct/core.py", line 312, in _parsereport
    obj = self._parse(stream, context, path)
  File "/home/travis/virtualenv/python3.9.0/lib/python3.9/site-packages/construct/core.py", line 3987, in _parse
    obj = self.subcon._parsereport(stream, context, path)
  File "/home/travis/virtualenv/python3.9.0/lib/python3.9/site-packages/construct/core.py", line 312, in _parsereport
    obj = self._parse(stream, context, path)
  File "/home/travis/virtualenv/python3.9.0/lib/python3.9/site-packages/construct/core.py", line 5534, in _parse
    return sc._parsereport(stream, context, path)
  File "/home/travis/virtualenv/python3.9.0/lib/python3.9/site-packages/construct/core.py", line 312, in _parsereport
    obj = self._parse(stream, context, path)
  File "/home/travis/virtualenv/python3.9.0/lib/python3.9/site-packages/construct/core.py", line 1981, in _parse
    subobj = sc._parsereport(stream, context, path)
  File "/home/travis/virtualenv/python3.9.0/lib/python3.9/site-packages/construct/core.py", line 312, in _parsereport
    obj = self._parse(stream, context, path)
  File "/home/travis/virtualenv/python3.9.0/lib/python3.9/site-packages/construct/core.py", line 2439, in _parse
    return self.subcon._parsereport(stream, context, path)
  File "/home/travis/virtualenv/python3.9.0/lib/python3.9/site-packages/construct/core.py", line 312, in _parsereport
    obj = self._parse(stream, context, path)
  File "/home/travis/virtualenv/python3.9.0/lib/python3.9/site-packages/construct/core.py", line 3987, in _parse
    obj = self.subcon._parsereport(stream, context, path)
  File "/home/travis/virtualenv/python3.9.0/lib/python3.9/site-packages/construct/core.py", line 312, in _parsereport
    obj = self._parse(stream, context, path)
  File "/home/travis/virtualenv/python3.9.0/lib/python3.9/site-packages/construct/core.py", line 5534, in _parse
    return sc._parsereport(stream, context, path)
  File "/home/travis/virtualenv/python3.9.0/lib/python3.9/site-packages/construct/core.py", line 312, in _parsereport
    obj = self._parse(stream, context, path)
  File "/home/travis/virtualenv/python3.9.0/lib/python3.9/site-packages/construct/core.py", line 1981, in _parse
    subobj = sc._parsereport(stream, context, path)
  File "/home/travis/virtualenv/python3.9.0/lib/python3.9/site-packages/construct/core.py", line 312, in _parsereport
    obj = self._parse(stream, context, path)
  File "/home/travis/virtualenv/python3.9.0/lib/python3.9/site-packages/construct/core.py", line 2439, in _parse
    return self.subcon._parsereport(stream, context, path)
  File "/home/travis/virtualenv/python3.9.0/lib/python3.9/site-packages/construct/core.py", line 312, in _parsereport
    obj = self._parse(stream, context, path)
  File "/home/travis/virtualenv/python3.9.0/lib/python3.9/site-packages/construct/core.py", line 3987, in _parse
    obj = self.subcon._parsereport(stream, context, path)
  File "/home/travis/virtualenv/python3.9.0/lib/python3.9/site-packages/construct/core.py", line 312, in _parsereport
    obj = self._parse(stream, context, path)
  File "/home/travis/virtualenv/python3.9.0/lib/python3.9/site-packages/construct/core.py", line 5534, in _parse
    return sc._parsereport(stream, context, path)
  File "/home/travis/virtualenv/python3.9.0/lib/python3.9/site-packages/construct/core.py", line 312, in _parsereport
    obj = self._parse(stream, context, path)
  File "/home/travis/virtualenv/python3.9.0/lib/python3.9/site-packages/construct/core.py", line 1981, in _parse
    subobj = sc._parsereport(stream, context, path)
  File "/home/travis/virtualenv/python3.9.0/lib/python3.9/site-packages/construct/core.py", line 312, in _parsereport
    obj = self._parse(stream, context, path)
  File "/home/travis/virtualenv/python3.9.0/lib/python3.9/site-packages/construct/core.py", line 2439, in _parse
    return self.subcon._parsereport(stream, context, path)
  File "/home/travis/virtualenv/python3.9.0/lib/python3.9/site-packages/construct/core.py", line 312, in _parsereport
    obj = self._parse(stream, context, path)
  File "/home/travis/virtualenv/python3.9.0/lib/python3.9/site-packages/construct/core.py", line 3987, in _parse
    obj = self.subcon._parsereport(stream, context, path)
  File "/home/travis/virtualenv/python3.9.0/lib/python3.9/site-packages/construct/core.py", line 312, in _parsereport
    obj = self._parse(stream, context, path)
  File "/home/travis/virtualenv/python3.9.0/lib/python3.9/site-packages/construct/core.py", line 5534, in _parse
    return sc._parsereport(stream, context, path)
  File "/home/travis/virtualenv/python3.9.0/lib/python3.9/site-packages/construct/core.py", line 312, in _parsereport
    obj = self._parse(stream, context, path)
  File "/home/travis/virtualenv/python3.9.0/lib/python3.9/site-packages/construct/core.py", line 1981, in _parse
    subobj = sc._parsereport(stream, context, path)
  File "/home/travis/virtualenv/python3.9.0/lib/python3.9/site-packages/construct/core.py", line 312, in _parsereport
    obj = self._parse(stream, context, path)
  File "/home/travis/virtualenv/python3.9.0/lib/python3.9/site-packages/construct/core.py", line 2439, in _parse
    return self.subcon._parsereport(stream, context, path)
  File "/home/travis/virtualenv/python3.9.0/lib/python3.9/site-packages/construct/core.py", line 312, in _parsereport
    obj = self._parse(stream, context, path)
  File "/home/travis/virtualenv/python3.9.0/lib/python3.9/site-packages/construct/core.py", line 3987, in _parse
    obj = self.subcon._parsereport(stream, context, path)
  File "/home/travis/virtualenv/python3.9.0/lib/python3.9/site-packages/construct/core.py", line 312, in _parsereport
    obj = self._parse(stream, context, path)
  File "/home/travis/virtualenv/python3.9.0/lib/python3.9/site-packages/construct/core.py", line 5534, in _parse
    return sc._parsereport(stream, context, path)
  File "/home/travis/virtualenv/python3.9.0/lib/python3.9/site-packages/construct/core.py", line 312, in _parsereport
    obj = self._parse(stream, context, path)
  File "/home/travis/virtualenv/python3.9.0/lib/python3.9/site-packages/construct/core.py", line 1981, in _parse
    subobj = sc._parsereport(stream, context, path)
  File "/home/travis/virtualenv/python3.9.0/lib/python3.9/site-packages/construct/core.py", line 312, in _parsereport
    obj = self._parse(stream, context, path)
  File "/home/travis/virtualenv/python3.9.0/lib/python3.9/site-packages/construct/core.py", line 2439, in _parse
    return self.subcon._parsereport(stream, context, path)
  File "/home/travis/virtualenv/python3.9.0/lib/python3.9/site-packages/construct/core.py", line 312, in _parsereport
    obj = self._parse(stream, context, path)
  File "/home/travis/virtualenv/python3.9.0/lib/python3.9/site-packages/construct/core.py", line 3987, in _parse
    obj = self.subcon._parsereport(stream, context, path)
  File "/home/travis/virtualenv/python3.9.0/lib/python3.9/site-packages/construct/core.py", line 312, in _parsereport
    obj = self._parse(stream, context, path)
  File "/home/travis/virtualenv/python3.9.0/lib/python3.9/site-packages/construct/core.py", line 5534, in _parse
    return sc._parsereport(stream, context, path)
  File "/home/travis/virtualenv/python3.9.0/lib/python3.9/site-packages/construct/core.py", line 312, in _parsereport
    obj = self._parse(stream, context, path)
  File "/home/travis/virtualenv/python3.9.0/lib/python3.9/site-packages/construct/core.py", line 1981, in _parse
    subobj = sc._parsereport(stream, context, path)
  File "/home/travis/virtualenv/python3.9.0/lib/python3.9/site-packages/construct/core.py", line 312, in _parsereport
    obj = self._parse(stream, context, path)
  File "/home/travis/virtualenv/python3.9.0/lib/python3.9/site-packages/construct/core.py", line 2439, in _parse
    return self.subcon._parsereport(stream, context, path)
  File "/home/travis/virtualenv/python3.9.0/lib/python3.9/site-packages/construct/core.py", line 312, in _parsereport
    obj = self._parse(stream, context, path)
  File "/home/travis/virtualenv/python3.9.0/lib/python3.9/site-packages/construct/core.py", line 3987, in _parse
    obj = self.subcon._parsereport(stream, context, path)
  File "/home/travis/virtualenv/python3.9.0/lib/python3.9/site-packages/construct/core.py", line 312, in _parsereport
    obj = self._parse(stream, context, path)
  File "/home/travis/virtualenv/python3.9.0/lib/python3.9/site-packages/construct/core.py", line 5534, in _parse
    return sc._parsereport(stream, context, path)
  File "/home/travis/virtualenv/python3.9.0/lib/python3.9/site-packages/construct/core.py", line 312, in _parsereport
    obj = self._parse(stream, context, path)
  File "/home/travis/virtualenv/python3.9.0/lib/python3.9/site-packages/construct/core.py", line 1981, in _parse
    subobj = sc._parsereport(stream, context, path)
  File "/home/travis/virtualenv/python3.9.0/lib/python3.9/site-packages/construct/core.py", line 312, in _parsereport
    obj = self._parse(stream, context, path)
  File "/home/travis/virtualenv/python3.9.0/lib/python3.9/site-packages/construct/core.py", line 2439, in _parse
    return self.subcon._parsereport(stream, context, path)
  File "/home/travis/virtualenv/python3.9.0/lib/python3.9/site-packages/construct/core.py", line 312, in _parsereport
    obj = self._parse(stream, context, path)
  File "/home/travis/virtualenv/python3.9.0/lib/python3.9/site-packages/construct/core.py", line 3987, in _parse
    obj = self.subcon._parsereport(stream, context, path)
  File "/home/travis/virtualenv/python3.9.0/lib/python3.9/site-packages/construct/core.py", line 312, in _parsereport
    obj = self._parse(stream, context, path)
  File "/home/travis/virtualenv/python3.9.0/lib/python3.9/site-packages/construct/core.py", line 5534, in _parse
    return sc._parsereport(stream, context, path)
  File "/home/travis/virtualenv/python3.9.0/lib/python3.9/site-packages/construct/core.py", line 312, in _parsereport
    obj = self._parse(stream, context, path)
  File "/home/travis/virtualenv/python3.9.0/lib/python3.9/site-packages/construct/core.py", line 1981, in _parse
    subobj = sc._parsereport(stream, context, path)
  File "/home/travis/virtualenv/python3.9.0/lib/python3.9/site-packages/construct/core.py", line 312, in _parsereport
    obj = self._parse(stream, context, path)
  File "/home/travis/virtualenv/python3.9.0/lib/python3.9/site-packages/construct/core.py", line 2439, in _parse
    return self.subcon._parsereport(stream, context, path)
  File "/home/travis/virtualenv/python3.9.0/lib/python3.9/site-packages/construct/core.py", line 312, in _parsereport
    obj = self._parse(stream, context, path)
  File "/home/travis/virtualenv/python3.9.0/lib/python3.9/site-packages/construct/core.py", line 3987, in _parse
    obj = self.subcon._parsereport(stream, context, path)
  File "/home/travis/virtualenv/python3.9.0/lib/python3.9/site-packages/construct/core.py", line 312, in _parsereport
    obj = self._parse(stream, context, path)
  File "/home/travis/virtualenv/python3.9.0/lib/python3.9/site-packages/construct/core.py", line 5534, in _parse
    return sc._parsereport(stream, context, path)
  File "/home/travis/virtualenv/python3.9.0/lib/python3.9/site-packages/construct/core.py", line 312, in _parsereport
    obj = self._parse(stream, context, path)
  File "/home/travis/virtualenv/python3.9.0/lib/python3.9/site-packages/construct/core.py", line 1981, in _parse
    subobj = sc._parsereport(stream, context, path)
  File "/home/travis/virtualenv/python3.9.0/lib/python3.9/site-packages/construct/core.py", line 312, in _parsereport
    obj = self._parse(stream, context, path)
  File "/home/travis/virtualenv/python3.9.0/lib/python3.9/site-packages/construct/core.py", line 2439, in _parse
    return self.subcon._parsereport(stream, context, path)
  File "/home/travis/virtualenv/python3.9.0/lib/python3.9/site-packages/construct/core.py", line 312, in _parsereport
    obj = self._parse(stream, context, path)
  File "/home/travis/virtualenv/python3.9.0/lib/python3.9/site-packages/construct/core.py", line 3987, in _parse
    obj = self.subcon._parsereport(stream, context, path)
  File "/home/travis/virtualenv/python3.9.0/lib/python3.9/site-packages/construct/core.py", line 312, in _parsereport
    obj = self._parse(stream, context, path)
  File "/home/travis/virtualenv/python3.9.0/lib/python3.9/site-packages/construct/core.py", line 5534, in _parse
    return sc._parsereport(stream, context, path)
  File "/home/travis/virtualenv/python3.9.0/lib/python3.9/site-packages/construct/core.py", line 312, in _parsereport
    obj = self._parse(stream, context, path)
  File "/home/travis/virtualenv/python3.9.0/lib/python3.9/site-packages/construct/core.py", line 1981, in _parse
    subobj = sc._parsereport(stream, context, path)
  File "/home/travis/virtualenv/python3.9.0/lib/python3.9/site-packages/construct/core.py", line 312, in _parsereport
    obj = self._parse(stream, context, path)
  File "/home/travis/virtualenv/python3.9.0/lib/python3.9/site-packages/construct/core.py", line 2439, in _parse
    return self.subcon._parsereport(stream, context, path)
  File "/home/travis/virtualenv/python3.9.0/lib/python3.9/site-packages/construct/core.py", line 312, in _parsereport
    obj = self._parse(stream, context, path)
  File "/home/travis/virtualenv/python3.9.0/lib/python3.9/site-packages/construct/core.py", line 3987, in _parse
    obj = self.subcon._parsereport(stream, context, path)
  File "/home/travis/virtualenv/python3.9.0/lib/python3.9/site-packages/construct/core.py", line 312, in _parsereport
    obj = self._parse(stream, context, path)
  File "/home/travis/virtualenv/python3.9.0/lib/python3.9/site-packages/construct/core.py", line 5534, in _parse
    return sc._parsereport(stream, context, path)
  File "/home/travis/virtualenv/python3.9.0/lib/python3.9/site-packages/construct/core.py", line 312, in _parsereport
    obj = self._parse(stream, context, path)
  File "/home/travis/virtualenv/python3.9.0/lib/python3.9/site-packages/construct/core.py", line 1981, in _parse
    subobj = sc._parsereport(stream, context, path)
  File "/home/travis/virtualenv/python3.9.0/lib/python3.9/site-packages/construct/core.py", line 312, in _parsereport
    obj = self._parse(stream, context, path)
  File "/home/travis/virtualenv/python3.9.0/lib/python3.9/site-packages/construct/core.py", line 2439, in _parse
    return self.subcon._parsereport(stream, context, path)
  File "/home/travis/virtualenv/python3.9.0/lib/python3.9/site-packages/construct/core.py", line 312, in _parsereport
    obj = self._parse(stream, context, path)
  File "/home/travis/virtualenv/python3.9.0/lib/python3.9/site-packages/construct/core.py", line 3987, in _parse
    obj = self.subcon._parsereport(stream, context, path)
  File "/home/travis/virtualenv/python3.9.0/lib/python3.9/site-packages/construct/core.py", line 312, in _parsereport
    obj = self._parse(stream, context, path)
  File "/home/travis/virtualenv/python3.9.0/lib/python3.9/site-packages/construct/core.py", line 5534, in _parse
    return sc._parsereport(stream, context, path)
  File "/home/travis/virtualenv/python3.9.0/lib/python3.9/site-packages/construct/core.py", line 312, in _parsereport
    obj = self._parse(stream, context, path)
  File "/home/travis/virtualenv/python3.9.0/lib/python3.9/site-packages/construct/core.py", line 1981, in _parse
    subobj = sc._parsereport(stream, context, path)
  File "/home/travis/virtualenv/python3.9.0/lib/python3.9/site-packages/construct/core.py", line 312, in _parsereport
    obj = self._parse(stream, context, path)
  File "/home/travis/virtualenv/python3.9.0/lib/python3.9/site-packages/construct/core.py", line 2439, in _parse
    return self.subcon._parsereport(stream, context, path)
  File "/home/travis/virtualenv/python3.9.0/lib/python3.9/site-packages/construct/core.py", line 312, in _parsereport
    obj = self._parse(stream, context, path)
  File "/home/travis/virtualenv/python3.9.0/lib/python3.9/site-packages/construct/core.py", line 3987, in _parse
    obj = self.subcon._parsereport(stream, context, path)
  File "/home/travis/virtualenv/python3.9.0/lib/python3.9/site-packages/construct/core.py", line 312, in _parsereport
    obj = self._parse(stream, context, path)
  File "/home/travis/virtualenv/python3.9.0/lib/python3.9/site-packages/construct/core.py", line 5534, in _parse
    return sc._parsereport(stream, context, path)
  File "/home/travis/virtualenv/python3.9.0/lib/python3.9/site-packages/construct/core.py", line 312, in _parsereport
    obj = self._parse(stream, context, path)
  File "/home/travis/virtualenv/python3.9.0/lib/python3.9/site-packages/construct/core.py", line 1981, in _parse
    subobj = sc._parsereport(stream, context, path)
  File "/home/travis/virtualenv/python3.9.0/lib/python3.9/site-packages/construct/core.py", line 312, in _parsereport
    obj = self._parse(stream, context, path)
  File "/home/travis/virtualenv/python3.9.0/lib/python3.9/site-packages/construct/core.py", line 2439, in _parse
    return self.subcon._parsereport(stream, context, path)
  File "/home/travis/virtualenv/python3.9.0/lib/python3.9/site-packages/construct/core.py", line 312, in _parsereport
    obj = self._parse(stream, context, path)
  File "/home/travis/virtualenv/python3.9.0/lib/python3.9/site-packages/construct/core.py", line 3987, in _parse
    obj = self.subcon._parsereport(stream, context, path)
  File "/home/travis/virtualenv/python3.9.0/lib/python3.9/site-packages/construct/core.py", line 312, in _parsereport
    obj = self._parse(stream, context, path)
  File "/home/travis/virtualenv/python3.9.0/lib/python3.9/site-packages/construct/core.py", line 5534, in _parse
    return sc._parsereport(stream, context, path)
  File "/home/travis/virtualenv/python3.9.0/lib/python3.9/site-packages/construct/core.py", line 312, in _parsereport
    obj = self._parse(stream, context, path)
  File "/home/travis/virtualenv/python3.9.0/lib/python3.9/site-packages/construct/core.py", line 1981, in _parse
    subobj = sc._parsereport(stream, context, path)
  File "/home/travis/virtualenv/python3.9.0/lib/python3.9/site-packages/construct/core.py", line 312, in _parsereport
    obj = self._parse(stream, context, path)
  File "/home/travis/virtualenv/python3.9.0/lib/python3.9/site-packages/construct/core.py", line 2439, in _parse
    return self.subcon._parsereport(stream, context, path)
  File "/home/travis/virtualenv/python3.9.0/lib/python3.9/site-packages/construct/core.py", line 312, in _parsereport
    obj = self._parse(stream, context, path)
  File "/home/travis/virtualenv/python3.9.0/lib/python3.9/site-packages/construct/core.py", line 3987, in _parse
    obj = self.subcon._parsereport(stream, context, path)
  File "/home/travis/virtualenv/python3.9.0/lib/python3.9/site-packages/construct/core.py", line 312, in _parsereport
    obj = self._parse(stream, context, path)
  File "/home/travis/virtualenv/python3.9.0/lib/python3.9/site-packages/construct/core.py", line 5534, in _parse
    return sc._parsereport(stream, context, path)
  File "/home/travis/virtualenv/python3.9.0/lib/python3.9/site-packages/construct/core.py", line 312, in _parsereport
    obj = self._parse(stream, context, path)
  File "/home/travis/virtualenv/python3.9.0/lib/python3.9/site-packages/construct/core.py", line 1981, in _parse
    subobj = sc._parsereport(stream, context, path)
  File "/home/travis/virtualenv/python3.9.0/lib/python3.9/site-packages/construct/core.py", line 312, in _parsereport
    obj = self._parse(stream, context, path)
  File "/home/travis/virtualenv/python3.9.0/lib/python3.9/site-packages/construct/core.py", line 2439, in _parse
    return self.subcon._parsereport(stream, context, path)
  File "/home/travis/virtualenv/python3.9.0/lib/python3.9/site-packages/construct/core.py", line 312, in _parsereport
    obj = self._parse(stream, context, path)
  File "/home/travis/virtualenv/python3.9.0/lib/python3.9/site-packages/construct/core.py", line 3987, in _parse
    obj = self.subcon._parsereport(stream, context, path)
  File "/home/travis/virtualenv/python3.9.0/lib/python3.9/site-packages/construct/core.py", line 312, in _parsereport
    obj = self._parse(stream, context, path)
  File "/home/travis/virtualenv/python3.9.0/lib/python3.9/site-packages/construct/core.py", line 5534, in _parse
    return sc._parsereport(stream, context, path)
  File "/home/travis/virtualenv/python3.9.0/lib/python3.9/site-packages/construct/core.py", line 312, in _parsereport
    obj = self._parse(stream, context, path)
  File "/home/travis/virtualenv/python3.9.0/lib/python3.9/site-packages/construct/core.py", line 1981, in _parse
    subobj = sc._parsereport(stream, context, path)
  File "/home/travis/virtualenv/python3.9.0/lib/python3.9/site-packages/construct/core.py", line 312, in _parsereport
    obj = self._parse(stream, context, path)
  File "/home/travis/virtualenv/python3.9.0/lib/python3.9/site-packages/construct/core.py", line 2439, in _parse
    return self.subcon._parsereport(stream, context, path)
  File "/home/travis/virtualenv/python3.9.0/lib/python3.9/site-packages/construct/core.py", line 312, in _parsereport
    obj = self._parse(stream, context, path)
  File "/home/travis/virtualenv/python3.9.0/lib/python3.9/site-packages/construct/core.py", line 3987, in _parse
    obj = self.subcon._parsereport(stream, context, path)
  File "/home/travis/virtualenv/python3.9.0/lib/python3.9/site-packages/construct/core.py", line 312, in _parsereport
    obj = self._parse(stream, context, path)
  File "/home/travis/virtualenv/python3.9.0/lib/python3.9/site-packages/construct/core.py", line 5534, in _parse
    return sc._parsereport(stream, context, path)
  File "/home/travis/virtualenv/python3.9.0/lib/python3.9/site-packages/construct/core.py", line 312, in _parsereport
    obj = self._parse(stream, context, path)
  File "/home/travis/virtualenv/python3.9.0/lib/python3.9/site-packages/construct/core.py", line 1981, in _parse
    subobj = sc._parsereport(stream, context, path)
  File "/home/travis/virtualenv/python3.9.0/lib/python3.9/site-packages/construct/core.py", line 312, in _parsereport
    obj = self._parse(stream, context, path)
  File "/home/travis/virtualenv/python3.9.0/lib/python3.9/site-packages/construct/core.py", line 2439, in _parse
    return self.subcon._parsereport(stream, context, path)
  File "/home/travis/virtualenv/python3.9.0/lib/python3.9/site-packages/construct/core.py", line 312, in _parsereport
    obj = self._parse(stream, context, path)
  File "/home/travis/virtualenv/python3.9.0/lib/python3.9/site-packages/construct/core.py", line 3987, in _parse
    obj = self.subcon._parsereport(stream, context, path)
  File "/home/travis/virtualenv/python3.9.0/lib/python3.9/site-packages/construct/core.py", line 312, in _parsereport
    obj = self._parse(stream, context, path)
  File "/home/travis/virtualenv/python3.9.0/lib/python3.9/site-packages/construct/core.py", line 5534, in _parse
    return sc._parsereport(stream, context, path)
  File "/home/travis/virtualenv/python3.9.0/lib/python3.9/site-packages/construct/core.py", line 312, in _parsereport
    obj = self._parse(stream, context, path)
  File "/home/travis/virtualenv/python3.9.0/lib/python3.9/site-packages/construct/core.py", line 1981, in _parse
    subobj = sc._parsereport(stream, context, path)
  File "/home/travis/virtualenv/python3.9.0/lib/python3.9/site-packages/construct/core.py", line 312, in _parsereport
    obj = self._parse(stream, context, path)
  File "/home/travis/virtualenv/python3.9.0/lib/python3.9/site-packages/construct/core.py", line 2439, in _parse
    return self.subcon._parsereport(stream, context, path)
  File "/home/travis/virtualenv/python3.9.0/lib/python3.9/site-packages/construct/core.py", line 312, in _parsereport
    obj = self._parse(stream, context, path)
  File "/home/travis/virtualenv/python3.9.0/lib/python3.9/site-packages/construct/core.py", line 3987, in _parse
    obj = self.subcon._parsereport(stream, context, path)
  File "/home/travis/virtualenv/python3.9.0/lib/python3.9/site-packages/construct/core.py", line 312, in _parsereport
    obj = self._parse(stream, context, path)
  File "/home/travis/virtualenv/python3.9.0/lib/python3.9/site-packages/construct/core.py", line 5534, in _parse
    return sc._parsereport(stream, context, path)
  File "/home/travis/virtualenv/python3.9.0/lib/python3.9/site-packages/construct/core.py", line 312, in _parsereport
    obj = self._parse(stream, context, path)
  File "/home/travis/virtualenv/python3.9.0/lib/python3.9/site-packages/construct/core.py", line 1981, in _parse
    subobj = sc._parsereport(stream, context, path)
  File "/home/travis/virtualenv/python3.9.0/lib/python3.9/site-packages/construct/core.py", line 312, in _parsereport
    obj = self._parse(stream, context, path)
  File "/home/travis/virtualenv/python3.9.0/lib/python3.9/site-packages/construct/core.py", line 2439, in _parse
    return self.subcon._parsereport(stream, context, path)
  File "/home/travis/virtualenv/python3.9.0/lib/python3.9/site-packages/construct/core.py", line 312, in _parsereport
    obj = self._parse(stream, context, path)
  File "/home/travis/virtualenv/python3.9.0/lib/python3.9/site-packages/construct/core.py", line 3987, in _parse
    obj = self.subcon._parsereport(stream, context, path)
  File "/home/travis/virtualenv/python3.9.0/lib/python3.9/site-packages/construct/core.py", line 312, in _parsereport
    obj = self._parse(stream, context, path)
  File "/home/travis/virtualenv/python3.9.0/lib/python3.9/site-packages/construct/core.py", line 5534, in _parse
    return sc._parsereport(stream, context, path)
  File "/home/travis/virtualenv/python3.9.0/lib/python3.9/site-packages/construct/core.py", line 312, in _parsereport
    obj = self._parse(stream, context, path)
  File "/home/travis/virtualenv/python3.9.0/lib/python3.9/site-packages/construct/core.py", line 1981, in _parse
    subobj = sc._parsereport(stream, context, path)
  File "/home/travis/virtualenv/python3.9.0/lib/python3.9/site-packages/construct/core.py", line 312, in _parsereport
    obj = self._parse(stream, context, path)
  File "/home/travis/virtualenv/python3.9.0/lib/python3.9/site-packages/construct/core.py", line 2439, in _parse
    return self.subcon._parsereport(stream, context, path)
  File "/home/travis/virtualenv/python3.9.0/lib/python3.9/site-packages/construct/core.py", line 312, in _parsereport
    obj = self._parse(stream, context, path)
  File "/home/travis/virtualenv/python3.9.0/lib/python3.9/site-packages/construct/core.py", line 3987, in _parse
    obj = self.subcon._parsereport(stream, context, path)
  File "/home/travis/virtualenv/python3.9.0/lib/python3.9/site-packages/construct/core.py", line 312, in _parsereport
    obj = self._parse(stream, context, path)
  File "/home/travis/virtualenv/python3.9.0/lib/python3.9/site-packages/construct/core.py", line 5534, in _parse
    return sc._parsereport(stream, context, path)
  File "/home/travis/virtualenv/python3.9.0/lib/python3.9/site-packages/construct/core.py", line 312, in _parsereport
    obj = self._parse(stream, context, path)
  File "/home/travis/virtualenv/python3.9.0/lib/python3.9/site-packages/construct/core.py", line 1981, in _parse
    subobj = sc._parsereport(stream, context, path)
  File "/home/travis/virtualenv/python3.9.0/lib/python3.9/site-packages/construct/core.py", line 312, in _parsereport
    obj = self._parse(stream, context, path)
  File "/home/travis/virtualenv/python3.9.0/lib/python3.9/site-packages/construct/core.py", line 2439, in _parse
    return self.subcon._parsereport(stream, context, path)
  File "/home/travis/virtualenv/python3.9.0/lib/python3.9/site-packages/construct/core.py", line 312, in _parsereport
    obj = self._parse(stream, context, path)
  File "/home/travis/virtualenv/python3.9.0/lib/python3.9/site-packages/construct/core.py", line 3987, in _parse
    obj = self.subcon._parsereport(stream, context, path)
  File "/home/travis/virtualenv/python3.9.0/lib/python3.9/site-packages/construct/core.py", line 312, in _parsereport
    obj = self._parse(stream, context, path)
  File "/home/travis/virtualenv/python3.9.0/lib/python3.9/site-packages/construct/core.py", line 5534, in _parse
    return sc._parsereport(stream, context, path)
  File "/home/travis/virtualenv/python3.9.0/lib/python3.9/site-packages/construct/core.py", line 312, in _parsereport
    obj = self._parse(stream, context, path)
  File "/home/travis/virtualenv/python3.9.0/lib/python3.9/site-packages/construct/core.py", line 1981, in _parse
    subobj = sc._parsereport(stream, context, path)
  File "/home/travis/virtualenv/python3.9.0/lib/python3.9/site-packages/construct/core.py", line 312, in _parsereport
    obj = self._parse(stream, context, path)
  File "/home/travis/virtualenv/python3.9.0/lib/python3.9/site-packages/construct/core.py", line 2439, in _parse
    return self.subcon._parsereport(stream, context, path)
  File "/home/travis/virtualenv/python3.9.0/lib/python3.9/site-packages/construct/core.py", line 312, in _parsereport
    obj = self._parse(stream, context, path)
  File "/home/travis/virtualenv/python3.9.0/lib/python3.9/site-packages/construct/core.py", line 3987, in _parse
    obj = self.subcon._parsereport(stream, context, path)
  File "/home/travis/virtualenv/python3.9.0/lib/python3.9/site-packages/construct/core.py", line 312, in _parsereport
    obj = self._parse(stream, context, path)
  File "/home/travis/virtualenv/python3.9.0/lib/python3.9/site-packages/construct/core.py", line 5534, in _parse
    return sc._parsereport(stream, context, path)
  File "/home/travis/virtualenv/python3.9.0/lib/python3.9/site-packages/construct/core.py", line 312, in _parsereport
    obj = self._parse(stream, context, path)
  File "/home/travis/virtualenv/python3.9.0/lib/python3.9/site-packages/construct/core.py", line 1981, in _parse
    subobj = sc._parsereport(stream, context, path)
  File "/home/travis/virtualenv/python3.9.0/lib/python3.9/site-packages/construct/core.py", line 312, in _parsereport
    obj = self._parse(stream, context, path)
  File "/home/travis/virtualenv/python3.9.0/lib/python3.9/site-packages/construct/core.py", line 2439, in _parse
    return self.subcon._parsereport(stream, context, path)
  File "/home/travis/virtualenv/python3.9.0/lib/python3.9/site-packages/construct/core.py", line 312, in _parsereport
    obj = self._parse(stream, context, path)
  File "/home/travis/virtualenv/python3.9.0/lib/python3.9/site-packages/construct/core.py", line 3987, in _parse
    obj = self.subcon._parsereport(stream, context, path)
  File "/home/travis/virtualenv/python3.9.0/lib/python3.9/site-packages/construct/core.py", line 312, in _parsereport
    obj = self._parse(stream, context, path)
  File "/home/travis/virtualenv/python3.9.0/lib/python3.9/site-packages/construct/core.py", line 5534, in _parse
    return sc._parsereport(stream, context, path)
  File "/home/travis/virtualenv/python3.9.0/lib/python3.9/site-packages/construct/core.py", line 312, in _parsereport
    obj = self._parse(stream, context, path)
  File "/home/travis/virtualenv/python3.9.0/lib/python3.9/site-packages/construct/core.py", line 1981, in _parse
    subobj = sc._parsereport(stream, context, path)
  File "/home/travis/virtualenv/python3.9.0/lib/python3.9/site-packages/construct/core.py", line 312, in _parsereport
    obj = self._parse(stream, context, path)
  File "/home/travis/virtualenv/python3.9.0/lib/python3.9/site-packages/construct/core.py", line 2439, in _parse
    return self.subcon._parsereport(stream, context, path)
  File "/home/travis/virtualenv/python3.9.0/lib/python3.9/site-packages/construct/core.py", line 312, in _parsereport
    obj = self._parse(stream, context, path)
  File "/home/travis/virtualenv/python3.9.0/lib/python3.9/site-packages/construct/core.py", line 3987, in _parse
    obj = self.subcon._parsereport(stream, context, path)
  File "/home/travis/virtualenv/python3.9.0/lib/python3.9/site-packages/construct/core.py", line 312, in _parsereport
    obj = self._parse(stream, context, path)
  File "/home/travis/virtualenv/python3.9.0/lib/python3.9/site-packages/construct/core.py", line 5534, in _parse
    return sc._parsereport(stream, context, path)
  File "/home/travis/virtualenv/python3.9.0/lib/python3.9/site-packages/construct/core.py", line 312, in _parsereport
    obj = self._parse(stream, context, path)
  File "/home/travis/virtualenv/python3.9.0/lib/python3.9/site-packages/construct/core.py", line 1981, in _parse
    subobj = sc._parsereport(stream, context, path)
  File "/home/travis/virtualenv/python3.9.0/lib/python3.9/site-packages/construct/core.py", line 312, in _parsereport
    obj = self._parse(stream, context, path)
  File "/home/travis/virtualenv/python3.9.0/lib/python3.9/site-packages/construct/core.py", line 2439, in _parse
    return self.subcon._parsereport(stream, context, path)
  File "/home/travis/virtualenv/python3.9.0/lib/python3.9/site-packages/construct/core.py", line 312, in _parsereport
    obj = self._parse(stream, context, path)
  File "/home/travis/virtualenv/python3.9.0/lib/python3.9/site-packages/construct/core.py", line 3987, in _parse
    obj = self.subcon._parsereport(stream, context, path)
  File "/home/travis/virtualenv/python3.9.0/lib/python3.9/site-packages/construct/core.py", line 312, in _parsereport
    obj = self._parse(stream, context, path)
  File "/home/travis/virtualenv/python3.9.0/lib/python3.9/site-packages/construct/core.py", line 5534, in _parse
    return sc._parsereport(stream, context, path)
  File "/home/travis/virtualenv/python3.9.0/lib/python3.9/site-packages/construct/core.py", line 312, in _parsereport
    obj = self._parse(stream, context, path)
  File "/home/travis/virtualenv/python3.9.0/lib/python3.9/site-packages/construct/core.py", line 1981, in _parse
    subobj = sc._parsereport(stream, context, path)
  File "/home/travis/virtualenv/python3.9.0/lib/python3.9/site-packages/construct/core.py", line 312, in _parsereport
    obj = self._parse(stream, context, path)
  File "/home/travis/virtualenv/python3.9.0/lib/python3.9/site-packages/construct/core.py", line 2439, in _parse
    return self.subcon._parsereport(stream, context, path)
  File "/home/travis/virtualenv/python3.9.0/lib/python3.9/site-packages/construct/core.py", line 312, in _parsereport
    obj = self._parse(stream, context, path)
  File "/home/travis/virtualenv/python3.9.0/lib/python3.9/site-packages/construct/core.py", line 3987, in _parse
    obj = self.subcon._parsereport(stream, context, path)
  File "/home/travis/virtualenv/python3.9.0/lib/python3.9/site-packages/construct/core.py", line 312, in _parsereport
    obj = self._parse(stream, context, path)
  File "/home/travis/virtualenv/python3.9.0/lib/python3.9/site-packages/construct/core.py", line 5534, in _parse
    return sc._parsereport(stream, context, path)
  File "/home/travis/virtualenv/python3.9.0/lib/python3.9/site-packages/construct/core.py", line 312, in _parsereport
    obj = self._parse(stream, context, path)
  File "/home/travis/virtualenv/python3.9.0/lib/python3.9/site-packages/construct/core.py", line 1981, in _parse
    subobj = sc._parsereport(stream, context, path)
  File "/home/travis/virtualenv/python3.9.0/lib/python3.9/site-packages/construct/core.py", line 312, in _parsereport
    obj = self._parse(stream, context, path)
  File "/home/travis/virtualenv/python3.9.0/lib/python3.9/site-packages/construct/core.py", line 2439, in _parse
    return self.subcon._parsereport(stream, context, path)
  File "/home/travis/virtualenv/python3.9.0/lib/python3.9/site-packages/construct/core.py", line 312, in _parsereport
    obj = self._parse(stream, context, path)
  File "/home/travis/virtualenv/python3.9.0/lib/python3.9/site-packages/construct/core.py", line 3987, in _parse
    obj = self.subcon._parsereport(stream, context, path)
  File "/home/travis/virtualenv/python3.9.0/lib/python3.9/site-packages/construct/core.py", line 312, in _parsereport
    obj = self._parse(stream, context, path)
  File "/home/travis/virtualenv/python3.9.0/lib/python3.9/site-packages/construct/core.py", line 5534, in _parse
    return sc._parsereport(stream, context, path)
  File "/home/travis/virtualenv/python3.9.0/lib/python3.9/site-packages/construct/core.py", line 312, in _parsereport
    obj = self._parse(stream, context, path)
  File "/home/travis/virtualenv/python3.9.0/lib/python3.9/site-packages/construct/core.py", line 1981, in _parse
    subobj = sc._parsereport(stream, context, path)
  File "/home/travis/virtualenv/python3.9.0/lib/python3.9/site-packages/construct/core.py", line 312, in _parsereport
    obj = self._parse(stream, context, path)
  File "/home/travis/virtualenv/python3.9.0/lib/python3.9/site-packages/construct/core.py", line 2439, in _parse
    return self.subcon._parsereport(stream, context, path)
  File "/home/travis/virtualenv/python3.9.0/lib/python3.9/site-packages/construct/core.py", line 312, in _parsereport
    obj = self._parse(stream, context, path)
  File "/home/travis/virtualenv/python3.9.0/lib/python3.9/site-packages/construct/core.py", line 3987, in _parse
    obj = self.subcon._parsereport(stream, context, path)
  File "/home/travis/virtualenv/python3.9.0/lib/python3.9/site-packages/construct/core.py", line 312, in _parsereport
    obj = self._parse(stream, context, path)
  File "/home/travis/virtualenv/python3.9.0/lib/python3.9/site-packages/construct/core.py", line 5534, in _parse
    return sc._parsereport(stream, context, path)
  File "/home/travis/virtualenv/python3.9.0/lib/python3.9/site-packages/construct/core.py", line 312, in _parsereport
    obj = self._parse(stream, context, path)
  File "/home/travis/virtualenv/python3.9.0/lib/python3.9/site-packages/construct/core.py", line 1981, in _parse
    subobj = sc._parsereport(stream, context, path)
  File "/home/travis/virtualenv/python3.9.0/lib/python3.9/site-packages/construct/core.py", line 312, in _parsereport
    obj = self._parse(stream, context, path)
  File "/home/travis/virtualenv/python3.9.0/lib/python3.9/site-packages/construct/core.py", line 2439, in _parse
    return self.subcon._parsereport(stream, context, path)
  File "/home/travis/virtualenv/python3.9.0/lib/python3.9/site-packages/construct/core.py", line 312, in _parsereport
    obj = self._parse(stream, context, path)
  File "/home/travis/virtualenv/python3.9.0/lib/python3.9/site-packages/construct/core.py", line 3987, in _parse
    obj = self.subcon._parsereport(stream, context, path)
  File "/home/travis/virtualenv/python3.9.0/lib/python3.9/site-packages/construct/core.py", line 312, in _parsereport
    obj = self._parse(stream, context, path)
  File "/home/travis/virtualenv/python3.9.0/lib/python3.9/site-packages/construct/core.py", line 5534, in _parse
    return sc._parsereport(stream, context, path)
  File "/home/travis/virtualenv/python3.9.0/lib/python3.9/site-packages/construct/core.py", line 312, in _parsereport
    obj = self._parse(stream, context, path)
  File "/home/travis/virtualenv/python3.9.0/lib/python3.9/site-packages/construct/core.py", line 1981, in _parse
    subobj = sc._parsereport(stream, context, path)
  File "/home/travis/virtualenv/python3.9.0/lib/python3.9/site-packages/construct/core.py", line 312, in _parsereport
    obj = self._parse(stream, context, path)
  File "/home/travis/virtualenv/python3.9.0/lib/python3.9/site-packages/construct/core.py", line 2439, in _parse
    return self.subcon._parsereport(stream, context, path)
  File "/home/travis/virtualenv/python3.9.0/lib/python3.9/site-packages/construct/core.py", line 312, in _parsereport
    obj = self._parse(stream, context, path)
  File "/home/travis/virtualenv/python3.9.0/lib/python3.9/site-packages/construct/core.py", line 3987, in _parse
    obj = self.subcon._parsereport(stream, context, path)
  File "/home/travis/virtualenv/python3.9.0/lib/python3.9/site-packages/construct/core.py", line 312, in _parsereport
    obj = self._parse(stream, context, path)
  File "/home/travis/virtualenv/python3.9.0/lib/python3.9/site-packages/construct/core.py", line 5534, in _parse
    return sc._parsereport(stream, context, path)
  File "/home/travis/virtualenv/python3.9.0/lib/python3.9/site-packages/construct/core.py", line 312, in _parsereport
    obj = self._parse(stream, context, path)
  File "/home/travis/virtualenv/python3.9.0/lib/python3.9/site-packages/construct/core.py", line 1981, in _parse
    subobj = sc._parsereport(stream, context, path)
  File "/home/travis/virtualenv/python3.9.0/lib/python3.9/site-packages/construct/core.py", line 312, in _parsereport
    obj = self._parse(stream, context, path)
  File "/home/travis/virtualenv/python3.9.0/lib/python3.9/site-packages/construct/core.py", line 2439, in _parse
    return self.subcon._parsereport(stream, context, path)
  File "/home/travis/virtualenv/python3.9.0/lib/python3.9/site-packages/construct/core.py", line 312, in _parsereport
    obj = self._parse(stream, context, path)
  File "/home/travis/virtualenv/python3.9.0/lib/python3.9/site-packages/construct/core.py", line 3987, in _parse
    obj = self.subcon._parsereport(stream, context, path)
  File "/home/travis/virtualenv/python3.9.0/lib/python3.9/site-packages/construct/core.py", line 312, in _parsereport
    obj = self._parse(stream, context, path)
  File "/home/travis/virtualenv/python3.9.0/lib/python3.9/site-packages/construct/core.py", line 5534, in _parse
    return sc._parsereport(stream, context, path)
  File "/home/travis/virtualenv/python3.9.0/lib/python3.9/site-packages/construct/core.py", line 312, in _parsereport
    obj = self._parse(stream, context, path)
  File "/home/travis/virtualenv/python3.9.0/lib/python3.9/site-packages/construct/core.py", line 1981, in _parse
    subobj = sc._parsereport(stream, context, path)
  File "/home/travis/virtualenv/python3.9.0/lib/python3.9/site-packages/construct/core.py", line 312, in _parsereport
    obj = self._parse(stream, context, path)
  File "/home/travis/virtualenv/python3.9.0/lib/python3.9/site-packages/construct/core.py", line 2439, in _parse
    return self.subcon._parsereport(stream, context, path)
  File "/home/travis/virtualenv/python3.9.0/lib/python3.9/site-packages/construct/core.py", line 312, in _parsereport
    obj = self._parse(stream, context, path)
  File "/home/travis/virtualenv/python3.9.0/lib/python3.9/site-packages/construct/core.py", line 3987, in _parse
    obj = self.subcon._parsereport(stream, context, path)
  File "/home/travis/virtualenv/python3.9.0/lib/python3.9/site-packages/construct/core.py", line 312, in _parsereport
    obj = self._parse(stream, context, path)
  File "/home/travis/virtualenv/python3.9.0/lib/python3.9/site-packages/construct/core.py", line 5534, in _parse
    return sc._parsereport(stream, context, path)
  File "/home/travis/virtualenv/python3.9.0/lib/python3.9/site-packages/construct/core.py", line 312, in _parsereport
    obj = self._parse(stream, context, path)
  File "/home/travis/virtualenv/python3.9.0/lib/python3.9/site-packages/construct/core.py", line 1981, in _parse
    subobj = sc._parsereport(stream, context, path)
  File "/home/travis/virtualenv/python3.9.0/lib/python3.9/site-packages/construct/core.py", line 312, in _parsereport
    obj = self._parse(stream, context, path)
  File "/home/travis/virtualenv/python3.9.0/lib/python3.9/site-packages/construct/core.py", line 2439, in _parse
    return self.subcon._parsereport(stream, context, path)
  File "/home/travis/virtualenv/python3.9.0/lib/python3.9/site-packages/construct/core.py", line 312, in _parsereport
    obj = self._parse(stream, context, path)
  File "/home/travis/virtualenv/python3.9.0/lib/python3.9/site-packages/construct/core.py", line 3987, in _parse
    obj = self.subcon._parsereport(stream, context, path)
  File "/home/travis/virtualenv/python3.9.0/lib/python3.9/site-packages/construct/core.py", line 312, in _parsereport
    obj = self._parse(stream, context, path)
  File "/home/travis/virtualenv/python3.9.0/lib/python3.9/site-packages/construct/core.py", line 5534, in _parse
    return sc._parsereport(stream, context, path)
  File "/home/travis/virtualenv/python3.9.0/lib/python3.9/site-packages/construct/core.py", line 312, in _parsereport
    obj = self._parse(stream, context, path)
  File "/home/travis/virtualenv/python3.9.0/lib/python3.9/site-packages/construct/core.py", line 1981, in _parse
    subobj = sc._parsereport(stream, context, path)
  File "/home/travis/virtualenv/python3.9.0/lib/python3.9/site-packages/construct/core.py", line 312, in _parsereport
    obj = self._parse(stream, context, path)
  File "/home/travis/virtualenv/python3.9.0/lib/python3.9/site-packages/construct/core.py", line 2439, in _parse
    return self.subcon._parsereport(stream, context, path)
  File "/home/travis/virtualenv/python3.9.0/lib/python3.9/site-packages/construct/core.py", line 312, in _parsereport
    obj = self._parse(stream, context, path)
  File "/home/travis/virtualenv/python3.9.0/lib/python3.9/site-packages/construct/core.py", line 3987, in _parse
    obj = self.subcon._parsereport(stream, context, path)
  File "/home/travis/virtualenv/python3.9.0/lib/python3.9/site-packages/construct/core.py", line 312, in _parsereport
    obj = self._parse(stream, context, path)
  File "/home/travis/virtualenv/python3.9.0/lib/python3.9/site-packages/construct/core.py", line 5534, in _parse
    return sc._parsereport(stream, context, path)
  File "/home/travis/virtualenv/python3.9.0/lib/python3.9/site-packages/construct/core.py", line 312, in _parsereport
    obj = self._parse(stream, context, path)
  File "/home/travis/virtualenv/python3.9.0/lib/python3.9/site-packages/construct/core.py", line 1981, in _parse
    subobj = sc._parsereport(stream, context, path)
  File "/home/travis/virtualenv/python3.9.0/lib/python3.9/site-packages/construct/core.py", line 312, in _parsereport
    obj = self._parse(stream, context, path)
  File "/home/travis/virtualenv/python3.9.0/lib/python3.9/site-packages/construct/core.py", line 2439, in _parse
    return self.subcon._parsereport(stream, context, path)
  File "/home/travis/virtualenv/python3.9.0/lib/python3.9/site-packages/construct/core.py", line 312, in _parsereport
    obj = self._parse(stream, context, path)
  File "/home/travis/virtualenv/python3.9.0/lib/python3.9/site-packages/construct/core.py", line 3987, in _parse
    obj = self.subcon._parsereport(stream, context, path)
  File "/home/travis/virtualenv/python3.9.0/lib/python3.9/site-packages/construct/core.py", line 312, in _parsereport
    obj = self._parse(stream, context, path)
  File "/home/travis/virtualenv/python3.9.0/lib/python3.9/site-packages/construct/core.py", line 5534, in _parse
    return sc._parsereport(stream, context, path)
  File "/home/travis/virtualenv/python3.9.0/lib/python3.9/site-packages/construct/core.py", line 312, in _parsereport
    obj = self._parse(stream, context, path)
  File "/home/travis/virtualenv/python3.9.0/lib/python3.9/site-packages/construct/core.py", line 1981, in _parse
    subobj = sc._parsereport(stream, context, path)
  File "/home/travis/virtualenv/python3.9.0/lib/python3.9/site-packages/construct/core.py", line 312, in _parsereport
    obj = self._parse(stream, context, path)
  File "/home/travis/virtualenv/python3.9.0/lib/python3.9/site-packages/construct/core.py", line 2439, in _parse
    return self.subcon._parsereport(stream, context, path)
  File "/home/travis/virtualenv/python3.9.0/lib/python3.9/site-packages/construct/core.py", line 312, in _parsereport
    obj = self._parse(stream, context, path)
  File "/home/travis/virtualenv/python3.9.0/lib/python3.9/site-packages/construct/core.py", line 3987, in _parse
    obj = self.subcon._parsereport(stream, context, path)
  File "/home/travis/virtualenv/python3.9.0/lib/python3.9/site-packages/construct/core.py", line 312, in _parsereport
    obj = self._parse(stream, context, path)
  File "/home/travis/virtualenv/python3.9.0/lib/python3.9/site-packages/construct/core.py", line 5534, in _parse
    return sc._parsereport(stream, context, path)
  File "/home/travis/virtualenv/python3.9.0/lib/python3.9/site-packages/construct/core.py", line 312, in _parsereport
    obj = self._parse(stream, context, path)
  File "/home/travis/virtualenv/python3.9.0/lib/python3.9/site-packages/construct/core.py", line 1981, in _parse
    subobj = sc._parsereport(stream, context, path)
  File "/home/travis/virtualenv/python3.9.0/lib/python3.9/site-packages/construct/core.py", line 312, in _parsereport
    obj = self._parse(stream, context, path)
  File "/home/travis/virtualenv/python3.9.0/lib/python3.9/site-packages/construct/core.py", line 2439, in _parse
    return self.subcon._parsereport(stream, context, path)
  File "/home/travis/virtualenv/python3.9.0/lib/python3.9/site-packages/construct/core.py", line 312, in _parsereport
    obj = self._parse(stream, context, path)
  File "/home/travis/virtualenv/python3.9.0/lib/python3.9/site-packages/construct/core.py", line 3987, in _parse
    obj = self.subcon._parsereport(stream, context, path)
  File "/home/travis/virtualenv/python3.9.0/lib/python3.9/site-packages/construct/core.py", line 312, in _parsereport
    obj = self._parse(stream, context, path)
  File "/home/travis/virtualenv/python3.9.0/lib/python3.9/site-packages/construct/core.py", line 5534, in _parse
    return sc._parsereport(stream, context, path)
  File "/home/travis/virtualenv/python3.9.0/lib/python3.9/site-packages/construct/core.py", line 312, in _parsereport
    obj = self._parse(stream, context, path)
  File "/home/travis/virtualenv/python3.9.0/lib/python3.9/site-packages/construct/core.py", line 1981, in _parse
    subobj = sc._parsereport(stream, context, path)
  File "/home/travis/virtualenv/python3.9.0/lib/python3.9/site-packages/construct/core.py", line 312, in _parsereport
    obj = self._parse(stream, context, path)
  File "/home/travis/virtualenv/python3.9.0/lib/python3.9/site-packages/construct/core.py", line 2439, in _parse
    return self.subcon._parsereport(stream, context, path)
  File "/home/travis/virtualenv/python3.9.0/lib/python3.9/site-packages/construct/core.py", line 312, in _parsereport
    obj = self._parse(stream, context, path)
  File "/home/travis/virtualenv/python3.9.0/lib/python3.9/site-packages/construct/core.py", line 3987, in _parse
    obj = self.subcon._parsereport(stream, context, path)
  File "/home/travis/virtualenv/python3.9.0/lib/python3.9/site-packages/construct/core.py", line 312, in _parsereport
    obj = self._parse(stream, context, path)
  File "/home/travis/virtualenv/python3.9.0/lib/python3.9/site-packages/construct/core.py", line 5534, in _parse
    return sc._parsereport(stream, context, path)
  File "/home/travis/virtualenv/python3.9.0/lib/python3.9/site-packages/construct/core.py", line 312, in _parsereport
    obj = self._parse(stream, context, path)
  File "/home/travis/virtualenv/python3.9.0/lib/python3.9/site-packages/construct/core.py", line 1981, in _parse
    subobj = sc._parsereport(stream, context, path)
  File "/home/travis/virtualenv/python3.9.0/lib/python3.9/site-packages/construct/core.py", line 312, in _parsereport
    obj = self._parse(stream, context, path)
  File "/home/travis/virtualenv/python3.9.0/lib/python3.9/site-packages/construct/core.py", line 2439, in _parse
    return self.subcon._parsereport(stream, context, path)
  File "/home/travis/virtualenv/python3.9.0/lib/python3.9/site-packages/construct/core.py", line 312, in _parsereport
    obj = self._parse(stream, context, path)
  File "/home/travis/virtualenv/python3.9.0/lib/python3.9/site-packages/construct/core.py", line 3987, in _parse
    obj = self.subcon._parsereport(stream, context, path)
  File "/home/travis/virtualenv/python3.9.0/lib/python3.9/site-packages/construct/core.py", line 312, in _parsereport
    obj = self._parse(stream, context, path)
  File "/home/travis/virtualenv/python3.9.0/lib/python3.9/site-packages/construct/core.py", line 5534, in _parse
    return sc._parsereport(stream, context, path)
  File "/home/travis/virtualenv/python3.9.0/lib/python3.9/site-packages/construct/core.py", line 312, in _parsereport
    obj = self._parse(stream, context, path)
  File "/home/travis/virtualenv/python3.9.0/lib/python3.9/site-packages/construct/core.py", line 1981, in _parse
    subobj = sc._parsereport(stream, context, path)
  File "/home/travis/virtualenv/python3.9.0/lib/python3.9/site-packages/construct/core.py", line 312, in _parsereport
    obj = self._parse(stream, context, path)
  File "/home/travis/virtualenv/python3.9.0/lib/python3.9/site-packages/construct/core.py", line 2439, in _parse
    return self.subcon._parsereport(stream, context, path)
  File "/home/travis/virtualenv/python3.9.0/lib/python3.9/site-packages/construct/core.py", line 312, in _parsereport
    obj = self._parse(stream, context, path)
  File "/home/travis/virtualenv/python3.9.0/lib/python3.9/site-packages/construct/core.py", line 3987, in _parse
    obj = self.subcon._parsereport(stream, context, path)
  File "/home/travis/virtualenv/python3.9.0/lib/python3.9/site-packages/construct/core.py", line 312, in _parsereport
    obj = self._parse(stream, context, path)
  File "/home/travis/virtualenv/python3.9.0/lib/python3.9/site-packages/construct/core.py", line 5534, in _parse
    return sc._parsereport(stream, context, path)
  File "/home/travis/virtualenv/python3.9.0/lib/python3.9/site-packages/construct/core.py", line 312, in _parsereport
    obj = self._parse(stream, context, path)
  File "/home/travis/virtualenv/python3.9.0/lib/python3.9/site-packages/construct/core.py", line 1981, in _parse
    subobj = sc._parsereport(stream, context, path)
  File "/home/travis/virtualenv/python3.9.0/lib/python3.9/site-packages/construct/core.py", line 312, in _parsereport
    obj = self._parse(stream, context, path)
  File "/home/travis/virtualenv/python3.9.0/lib/python3.9/site-packages/construct/core.py", line 2439, in _parse
    return self.subcon._parsereport(stream, context, path)
  File "/home/travis/virtualenv/python3.9.0/lib/python3.9/site-packages/construct/core.py", line 312, in _parsereport
    obj = self._parse(stream, context, path)
  File "/home/travis/virtualenv/python3.9.0/lib/python3.9/site-packages/construct/core.py", line 3987, in _parse
    obj = self.subcon._parsereport(stream, context, path)
  File "/home/travis/virtualenv/python3.9.0/lib/python3.9/site-packages/construct/core.py", line 312, in _parsereport
    obj = self._parse(stream, context, path)
  File "/home/travis/virtualenv/python3.9.0/lib/python3.9/site-packages/construct/core.py", line 5534, in _parse
    return sc._parsereport(stream, context, path)
  File "/home/travis/virtualenv/python3.9.0/lib/python3.9/site-packages/construct/core.py", line 312, in _parsereport
    obj = self._parse(stream, context, path)
  File "/home/travis/virtualenv/python3.9.0/lib/python3.9/site-packages/construct/core.py", line 1981, in _parse
    subobj = sc._parsereport(stream, context, path)
  File "/home/travis/virtualenv/python3.9.0/lib/python3.9/site-packages/construct/core.py", line 312, in _parsereport
    obj = self._parse(stream, context, path)
  File "/home/travis/virtualenv/python3.9.0/lib/python3.9/site-packages/construct/core.py", line 2439, in _parse
    return self.subcon._parsereport(stream, context, path)
  File "/home/travis/virtualenv/python3.9.0/lib/python3.9/site-packages/construct/core.py", line 312, in _parsereport
    obj = self._parse(stream, context, path)
  File "/home/travis/virtualenv/python3.9.0/lib/python3.9/site-packages/construct/core.py", line 3987, in _parse
    obj = self.subcon._parsereport(stream, context, path)
  File "/home/travis/virtualenv/python3.9.0/lib/python3.9/site-packages/construct/core.py", line 312, in _parsereport
    obj = self._parse(stream, context, path)
  File "/home/travis/virtualenv/python3.9.0/lib/python3.9/site-packages/construct/core.py", line 5534, in _parse
    return sc._parsereport(stream, context, path)
  File "/home/travis/virtualenv/python3.9.0/lib/python3.9/site-packages/construct/core.py", line 312, in _parsereport
    obj = self._parse(stream, context, path)
  File "/home/travis/virtualenv/python3.9.0/lib/python3.9/site-packages/construct/core.py", line 1981, in _parse
    subobj = sc._parsereport(stream, context, path)
  File "/home/travis/virtualenv/python3.9.0/lib/python3.9/site-packages/construct/core.py", line 312, in _parsereport
    obj = self._parse(stream, context, path)
  File "/home/travis/virtualenv/python3.9.0/lib/python3.9/site-packages/construct/core.py", line 2439, in _parse
    return self.subcon._parsereport(stream, context, path)
  File "/home/travis/virtualenv/python3.9.0/lib/python3.9/site-packages/construct/core.py", line 312, in _parsereport
    obj = self._parse(stream, context, path)
  File "/home/travis/virtualenv/python3.9.0/lib/python3.9/site-packages/construct/core.py", line 3987, in _parse
    obj = self.subcon._parsereport(stream, context, path)
  File "/home/travis/virtualenv/python3.9.0/lib/python3.9/site-packages/construct/core.py", line 312, in _parsereport
    obj = self._parse(stream, context, path)
  File "/home/travis/virtualenv/python3.9.0/lib/python3.9/site-packages/construct/core.py", line 5534, in _parse
    return sc._parsereport(stream, context, path)
  File "/home/travis/virtualenv/python3.9.0/lib/python3.9/site-packages/construct/core.py", line 312, in _parsereport
    obj = self._parse(stream, context, path)
  File "/home/travis/virtualenv/python3.9.0/lib/python3.9/site-packages/construct/core.py", line 1981, in _parse
    subobj = sc._parsereport(stream, context, path)
  File "/home/travis/virtualenv/python3.9.0/lib/python3.9/site-packages/construct/core.py", line 312, in _parsereport
    obj = self._parse(stream, context, path)
  File "/home/travis/virtualenv/python3.9.0/lib/python3.9/site-packages/construct/core.py", line 2439, in _parse
    return self.subcon._parsereport(stream, context, path)
  File "/home/travis/virtualenv/python3.9.0/lib/python3.9/site-packages/construct/core.py", line 312, in _parsereport
    obj = self._parse(stream, context, path)
  File "/home/travis/virtualenv/python3.9.0/lib/python3.9/site-packages/construct/core.py", line 3987, in _parse
    obj = self.subcon._parsereport(stream, context, path)
  File "/home/travis/virtualenv/python3.9.0/lib/python3.9/site-packages/construct/core.py", line 312, in _parsereport
    obj = self._parse(stream, context, path)
  File "/home/travis/virtualenv/python3.9.0/lib/python3.9/site-packages/construct/core.py", line 5534, in _parse
    return sc._parsereport(stream, context, path)
  File "/home/travis/virtualenv/python3.9.0/lib/python3.9/site-packages/construct/core.py", line 312, in _parsereport
    obj = self._parse(stream, context, path)
  File "/home/travis/virtualenv/python3.9.0/lib/python3.9/site-packages/construct/core.py", line 1981, in _parse
    subobj = sc._parsereport(stream, context, path)
  File "/home/travis/virtualenv/python3.9.0/lib/python3.9/site-packages/construct/core.py", line 312, in _parsereport
    obj = self._parse(stream, context, path)
  File "/home/travis/virtualenv/python3.9.0/lib/python3.9/site-packages/construct/core.py", line 2439, in _parse
    return self.subcon._parsereport(stream, context, path)
  File "/home/travis/virtualenv/python3.9.0/lib/python3.9/site-packages/construct/core.py", line 312, in _parsereport
    obj = self._parse(stream, context, path)
  File "/home/travis/virtualenv/python3.9.0/lib/python3.9/site-packages/construct/core.py", line 3987, in _parse
    obj = self.subcon._parsereport(stream, context, path)
  File "/home/travis/virtualenv/python3.9.0/lib/python3.9/site-packages/construct/core.py", line 312, in _parsereport
    obj = self._parse(stream, context, path)
  File "/home/travis/virtualenv/python3.9.0/lib/python3.9/site-packages/construct/core.py", line 5534, in _parse
    return sc._parsereport(stream, context, path)
  File "/home/travis/virtualenv/python3.9.0/lib/python3.9/site-packages/construct/core.py", line 312, in _parsereport
    obj = self._parse(stream, context, path)
  File "/home/travis/virtualenv/python3.9.0/lib/python3.9/site-packages/construct/core.py", line 1981, in _parse
    subobj = sc._parsereport(stream, context, path)
  File "/home/travis/virtualenv/python3.9.0/lib/python3.9/site-packages/construct/core.py", line 312, in _parsereport
    obj = self._parse(stream, context, path)
  File "/home/travis/virtualenv/python3.9.0/lib/python3.9/site-packages/construct/core.py", line 2439, in _parse
    return self.subcon._parsereport(stream, context, path)
  File "/home/travis/virtualenv/python3.9.0/lib/python3.9/site-packages/construct/core.py", line 312, in _parsereport
    obj = self._parse(stream, context, path)
  File "/home/travis/virtualenv/python3.9.0/lib/python3.9/site-packages/construct/core.py", line 3987, in _parse
    obj = self.subcon._parsereport(stream, context, path)
  File "/home/travis/virtualenv/python3.9.0/lib/python3.9/site-packages/construct/core.py", line 312, in _parsereport
    obj = self._parse(stream, context, path)
  File "/home/travis/virtualenv/python3.9.0/lib/python3.9/site-packages/construct/core.py", line 5534, in _parse
    return sc._parsereport(stream, context, path)
  File "/home/travis/virtualenv/python3.9.0/lib/python3.9/site-packages/construct/core.py", line 312, in _parsereport
    obj = self._parse(stream, context, path)
  File "/home/travis/virtualenv/python3.9.0/lib/python3.9/site-packages/construct/core.py", line 1981, in _parse
    subobj = sc._parsereport(stream, context, path)
  File "/home/travis/virtualenv/python3.9.0/lib/python3.9/site-packages/construct/core.py", line 312, in _parsereport
    obj = self._parse(stream, context, path)
  File "/home/travis/virtualenv/python3.9.0/lib/python3.9/site-packages/construct/core.py", line 2439, in _parse
    return self.subcon._parsereport(stream, context, path)
  File "/home/travis/virtualenv/python3.9.0/lib/python3.9/site-packages/construct/core.py", line 312, in _parsereport
    obj = self._parse(stream, context, path)
  File "/home/travis/virtualenv/python3.9.0/lib/python3.9/site-packages/construct/core.py", line 3987, in _parse
    obj = self.subcon._parsereport(stream, context, path)
  File "/home/travis/virtualenv/python3.9.0/lib/python3.9/site-packages/construct/core.py", line 312, in _parsereport
    obj = self._parse(stream, context, path)
  File "/home/travis/virtualenv/python3.9.0/lib/python3.9/site-packages/construct/core.py", line 5534, in _parse
    return sc._parsereport(stream, context, path)
  File "/home/travis/virtualenv/python3.9.0/lib/python3.9/site-packages/construct/core.py", line 312, in _parsereport
    obj = self._parse(stream, context, path)
  File "/home/travis/virtualenv/python3.9.0/lib/python3.9/site-packages/construct/core.py", line 1981, in _parse
    subobj = sc._parsereport(stream, context, path)
  File "/home/travis/virtualenv/python3.9.0/lib/python3.9/site-packages/construct/core.py", line 312, in _parsereport
    obj = self._parse(stream, context, path)
  File "/home/travis/virtualenv/python3.9.0/lib/python3.9/site-packages/construct/core.py", line 2439, in _parse
    return self.subcon._parsereport(stream, context, path)
  File "/home/travis/virtualenv/python3.9.0/lib/python3.9/site-packages/construct/core.py", line 312, in _parsereport
    obj = self._parse(stream, context, path)
  File "/home/travis/virtualenv/python3.9.0/lib/python3.9/site-packages/construct/core.py", line 3987, in _parse
    obj = self.subcon._parsereport(stream, context, path)
  File "/home/travis/virtualenv/python3.9.0/lib/python3.9/site-packages/construct/core.py", line 312, in _parsereport
    obj = self._parse(stream, context, path)
  File "/home/travis/virtualenv/python3.9.0/lib/python3.9/site-packages/construct/core.py", line 5534, in _parse
    return sc._parsereport(stream, context, path)
  File "/home/travis/virtualenv/python3.9.0/lib/python3.9/site-packages/construct/core.py", line 312, in _parsereport
    obj = self._parse(stream, context, path)
  File "/home/travis/virtualenv/python3.9.0/lib/python3.9/site-packages/construct/core.py", line 1981, in _parse
    subobj = sc._parsereport(stream, context, path)
  File "/home/travis/virtualenv/python3.9.0/lib/python3.9/site-packages/construct/core.py", line 312, in _parsereport
    obj = self._parse(stream, context, path)
  File "/home/travis/virtualenv/python3.9.0/lib/python3.9/site-packages/construct/core.py", line 2439, in _parse
    return self.subcon._parsereport(stream, context, path)
  File "/home/travis/virtualenv/python3.9.0/lib/python3.9/site-packages/construct/core.py", line 312, in _parsereport
    obj = self._parse(stream, context, path)
  File "/home/travis/virtualenv/python3.9.0/lib/python3.9/site-packages/construct/core.py", line 3987, in _parse
    obj = self.subcon._parsereport(stream, context, path)
  File "/home/travis/virtualenv/python3.9.0/lib/python3.9/site-packages/construct/core.py", line 312, in _parsereport
    obj = self._parse(stream, context, path)
  File "/home/travis/virtualenv/python3.9.0/lib/python3.9/site-packages/construct/core.py", line 5534, in _parse
    return sc._parsereport(stream, context, path)
  File "/home/travis/virtualenv/python3.9.0/lib/python3.9/site-packages/construct/core.py", line 312, in _parsereport
    obj = self._parse(stream, context, path)
  File "/home/travis/virtualenv/python3.9.0/lib/python3.9/site-packages/construct/core.py", line 1981, in _parse
    subobj = sc._parsereport(stream, context, path)
  File "/home/travis/virtualenv/python3.9.0/lib/python3.9/site-packages/construct/core.py", line 312, in _parsereport
    obj = self._parse(stream, context, path)
  File "/home/travis/virtualenv/python3.9.0/lib/python3.9/site-packages/construct/core.py", line 2439, in _parse
    return self.subcon._parsereport(stream, context, path)
  File "/home/travis/virtualenv/python3.9.0/lib/python3.9/site-packages/construct/core.py", line 312, in _parsereport
    obj = self._parse(stream, context, path)
  File "/home/travis/virtualenv/python3.9.0/lib/python3.9/site-packages/construct/core.py", line 3987, in _parse
    obj = self.subcon._parsereport(stream, context, path)
  File "/home/travis/virtualenv/python3.9.0/lib/python3.9/site-packages/construct/core.py", line 312, in _parsereport
    obj = self._parse(stream, context, path)
  File "/home/travis/virtualenv/python3.9.0/lib/python3.9/site-packages/construct/core.py", line 5534, in _parse
    return sc._parsereport(stream, context, path)
  File "/home/travis/virtualenv/python3.9.0/lib/python3.9/site-packages/construct/core.py", line 312, in _parsereport
    obj = self._parse(stream, context, path)
  File "/home/travis/virtualenv/python3.9.0/lib/python3.9/site-packages/construct/core.py", line 1981, in _parse
    subobj = sc._parsereport(stream, context, path)
  File "/home/travis/virtualenv/python3.9.0/lib/python3.9/site-packages/construct/core.py", line 312, in _parsereport
    obj = self._parse(stream, context, path)
  File "/home/travis/virtualenv/python3.9.0/lib/python3.9/site-packages/construct/core.py", line 2439, in _parse
    return self.subcon._parsereport(stream, context, path)
  File "/home/travis/virtualenv/python3.9.0/lib/python3.9/site-packages/construct/core.py", line 312, in _parsereport
    obj = self._parse(stream, context, path)
  File "/home/travis/virtualenv/python3.9.0/lib/python3.9/site-packages/construct/core.py", line 3987, in _parse
    obj = self.subcon._parsereport(stream, context, path)
  File "/home/travis/virtualenv/python3.9.0/lib/python3.9/site-packages/construct/core.py", line 312, in _parsereport
    obj = self._parse(stream, context, path)
  File "/home/travis/virtualenv/python3.9.0/lib/python3.9/site-packages/construct/core.py", line 5534, in _parse
    return sc._parsereport(stream, context, path)
  File "/home/travis/virtualenv/python3.9.0/lib/python3.9/site-packages/construct/core.py", line 312, in _parsereport
    obj = self._parse(stream, context, path)
  File "/home/travis/virtualenv/python3.9.0/lib/python3.9/site-packages/construct/core.py", line 1981, in _parse
    subobj = sc._parsereport(stream, context, path)
  File "/home/travis/virtualenv/python3.9.0/lib/python3.9/site-packages/construct/core.py", line 312, in _parsereport
    obj = self._parse(stream, context, path)
  File "/home/travis/virtualenv/python3.9.0/lib/python3.9/site-packages/construct/core.py", line 2439, in _parse
    return self.subcon._parsereport(stream, context, path)
  File "/home/travis/virtualenv/python3.9.0/lib/python3.9/site-packages/construct/core.py", line 312, in _parsereport
    obj = self._parse(stream, context, path)
  File "/home/travis/virtualenv/python3.9.0/lib/python3.9/site-packages/construct/core.py", line 3987, in _parse
    obj = self.subcon._parsereport(stream, context, path)
  File "/home/travis/virtualenv/python3.9.0/lib/python3.9/site-packages/construct/core.py", line 312, in _parsereport
    obj = self._parse(stream, context, path)
  File "/home/travis/virtualenv/python3.9.0/lib/python3.9/site-packages/construct/core.py", line 5534, in _parse
    return sc._parsereport(stream, context, path)
  File "/home/travis/virtualenv/python3.9.0/lib/python3.9/site-packages/construct/core.py", line 312, in _parsereport
    obj = self._parse(stream, context, path)
  File "/home/travis/virtualenv/python3.9.0/lib/python3.9/site-packages/construct/core.py", line 1981, in _parse
    subobj = sc._parsereport(stream, context, path)
  File "/home/travis/virtualenv/python3.9.0/lib/python3.9/site-packages/construct/core.py", line 312, in _parsereport
    obj = self._parse(stream, context, path)
  File "/home/travis/virtualenv/python3.9.0/lib/python3.9/site-packages/construct/core.py", line 2439, in _parse
    return self.subcon._parsereport(stream, context, path)
  File "/home/travis/virtualenv/python3.9.0/lib/python3.9/site-packages/construct/core.py", line 312, in _parsereport
    obj = self._parse(stream, context, path)
  File "/home/travis/virtualenv/python3.9.0/lib/python3.9/site-packages/construct/core.py", line 3987, in _parse
    obj = self.subcon._parsereport(stream, context, path)
  File "/home/travis/virtualenv/python3.9.0/lib/python3.9/site-packages/construct/core.py", line 312, in _parsereport
    obj = self._parse(stream, context, path)
  File "/home/travis/virtualenv/python3.9.0/lib/python3.9/site-packages/construct/core.py", line 5534, in _parse
    return sc._parsereport(stream, context, path)
  File "/home/travis/virtualenv/python3.9.0/lib/python3.9/site-packages/construct/core.py", line 312, in _parsereport
    obj = self._parse(stream, context, path)
  File "/home/travis/virtualenv/python3.9.0/lib/python3.9/site-packages/construct/core.py", line 1981, in _parse
    subobj = sc._parsereport(stream, context, path)
  File "/home/travis/virtualenv/python3.9.0/lib/python3.9/site-packages/construct/core.py", line 312, in _parsereport
    obj = self._parse(stream, context, path)
  File "/home/travis/virtualenv/python3.9.0/lib/python3.9/site-packages/construct/core.py", line 2439, in _parse
    return self.subcon._parsereport(stream, context, path)
  File "/home/travis/virtualenv/python3.9.0/lib/python3.9/site-packages/construct/core.py", line 312, in _parsereport
    obj = self._parse(stream, context, path)
  File "/home/travis/virtualenv/python3.9.0/lib/python3.9/site-packages/construct/core.py", line 3987, in _parse
    obj = self.subcon._parsereport(stream, context, path)
  File "/home/travis/virtualenv/python3.9.0/lib/python3.9/site-packages/construct/core.py", line 312, in _parsereport
    obj = self._parse(stream, context, path)
  File "/home/travis/virtualenv/python3.9.0/lib/python3.9/site-packages/construct/core.py", line 5534, in _parse
    return sc._parsereport(stream, context, path)
  File "/home/travis/virtualenv/python3.9.0/lib/python3.9/site-packages/construct/core.py", line 312, in _parsereport
    obj = self._parse(stream, context, path)
  File "/home/travis/virtualenv/python3.9.0/lib/python3.9/site-packages/construct/core.py", line 1981, in _parse
    subobj = sc._parsereport(stream, context, path)
  File "/home/travis/virtualenv/python3.9.0/lib/python3.9/site-packages/construct/core.py", line 312, in _parsereport
    obj = self._parse(stream, context, path)
  File "/home/travis/virtualenv/python3.9.0/lib/python3.9/site-packages/construct/core.py", line 2439, in _parse
    return self.subcon._parsereport(stream, context, path)
  File "/home/travis/virtualenv/python3.9.0/lib/python3.9/site-packages/construct/core.py", line 312, in _parsereport
    obj = self._parse(stream, context, path)
  File "/home/travis/virtualenv/python3.9.0/lib/python3.9/site-packages/construct/core.py", line 3987, in _parse
    obj = self.subcon._parsereport(stream, context, path)
  File "/home/travis/virtualenv/python3.9.0/lib/python3.9/site-packages/construct/core.py", line 312, in _parsereport
    obj = self._parse(stream, context, path)
  File "/home/travis/virtualenv/python3.9.0/lib/python3.9/site-packages/construct/core.py", line 5534, in _parse
    return sc._parsereport(stream, context, path)
  File "/home/travis/virtualenv/python3.9.0/lib/python3.9/site-packages/construct/core.py", line 312, in _parsereport
    obj = self._parse(stream, context, path)
  File "/home/travis/virtualenv/python3.9.0/lib/python3.9/site-packages/construct/core.py", line 1981, in _parse
    subobj = sc._parsereport(stream, context, path)
  File "/home/travis/virtualenv/python3.9.0/lib/python3.9/site-packages/construct/core.py", line 312, in _parsereport
    obj = self._parse(stream, context, path)
  File "/home/travis/virtualenv/python3.9.0/lib/python3.9/site-packages/construct/core.py", line 2439, in _parse
    return self.subcon._parsereport(stream, context, path)
  File "/home/travis/virtualenv/python3.9.0/lib/python3.9/site-packages/construct/core.py", line 312, in _parsereport
    obj = self._parse(stream, context, path)
  File "/home/travis/virtualenv/python3.9.0/lib/python3.9/site-packages/construct/core.py", line 3987, in _parse
    obj = self.subcon._parsereport(stream, context, path)
  File "/home/travis/virtualenv/python3.9.0/lib/python3.9/site-packages/construct/core.py", line 312, in _parsereport
    obj = self._parse(stream, context, path)
  File "/home/travis/virtualenv/python3.9.0/lib/python3.9/site-packages/construct/core.py", line 5534, in _parse
    return sc._parsereport(stream, context, path)
  File "/home/travis/virtualenv/python3.9.0/lib/python3.9/site-packages/construct/core.py", line 312, in _parsereport
    obj = self._parse(stream, context, path)
  File "/home/travis/virtualenv/python3.9.0/lib/python3.9/site-packages/construct/core.py", line 1981, in _parse
    subobj = sc._parsereport(stream, context, path)
  File "/home/travis/virtualenv/python3.9.0/lib/python3.9/site-packages/construct/core.py", line 312, in _parsereport
    obj = self._parse(stream, context, path)
  File "/home/travis/virtualenv/python3.9.0/lib/python3.9/site-packages/construct/core.py", line 2439, in _parse
    return self.subcon._parsereport(stream, context, path)
  File "/home/travis/virtualenv/python3.9.0/lib/python3.9/site-packages/construct/core.py", line 312, in _parsereport
    obj = self._parse(stream, context, path)
  File "/home/travis/virtualenv/python3.9.0/lib/python3.9/site-packages/construct/core.py", line 3987, in _parse
    obj = self.subcon._parsereport(stream, context, path)
  File "/home/travis/virtualenv/python3.9.0/lib/python3.9/site-packages/construct/core.py", line 312, in _parsereport
    obj = self._parse(stream, context, path)
  File "/home/travis/virtualenv/python3.9.0/lib/python3.9/site-packages/construct/core.py", line 5534, in _parse
    return sc._parsereport(stream, context, path)
  File "/home/travis/virtualenv/python3.9.0/lib/python3.9/site-packages/construct/core.py", line 312, in _parsereport
    obj = self._parse(stream, context, path)
  File "/home/travis/virtualenv/python3.9.0/lib/python3.9/site-packages/construct/core.py", line 1981, in _parse
    subobj = sc._parsereport(stream, context, path)
  File "/home/travis/virtualenv/python3.9.0/lib/python3.9/site-packages/construct/core.py", line 312, in _parsereport
    obj = self._parse(stream, context, path)
  File "/home/travis/virtualenv/python3.9.0/lib/python3.9/site-packages/construct/core.py", line 2439, in _parse
    return self.subcon._parsereport(stream, context, path)
  File "/home/travis/virtualenv/python3.9.0/lib/python3.9/site-packages/construct/core.py", line 312, in _parsereport
    obj = self._parse(stream, context, path)
  File "/home/travis/virtualenv/python3.9.0/lib/python3.9/site-packages/construct/core.py", line 3987, in _parse
    obj = self.subcon._parsereport(stream, context, path)
  File "/home/travis/virtualenv/python3.9.0/lib/python3.9/site-packages/construct/core.py", line 312, in _parsereport
    obj = self._parse(stream, context, path)
  File "/home/travis/virtualenv/python3.9.0/lib/python3.9/site-packages/construct/core.py", line 5534, in _parse
    return sc._parsereport(stream, context, path)
  File "/home/travis/virtualenv/python3.9.0/lib/python3.9/site-packages/construct/core.py", line 312, in _parsereport
    obj = self._parse(stream, context, path)
  File "/home/travis/virtualenv/python3.9.0/lib/python3.9/site-packages/construct/core.py", line 1981, in _parse
    subobj = sc._parsereport(stream, context, path)
  File "/home/travis/virtualenv/python3.9.0/lib/python3.9/site-packages/construct/core.py", line 312, in _parsereport
    obj = self._parse(stream, context, path)
  File "/home/travis/virtualenv/python3.9.0/lib/python3.9/site-packages/construct/core.py", line 2439, in _parse
    return self.subcon._parsereport(stream, context, path)
  File "/home/travis/virtualenv/python3.9.0/lib/python3.9/site-packages/construct/core.py", line 312, in _parsereport
    obj = self._parse(stream, context, path)
  File "/home/travis/virtualenv/python3.9.0/lib/python3.9/site-packages/construct/core.py", line 3987, in _parse
    obj = self.subcon._parsereport(stream, context, path)
  File "/home/travis/virtualenv/python3.9.0/lib/python3.9/site-packages/construct/core.py", line 312, in _parsereport
    obj = self._parse(stream, context, path)
  File "/home/travis/virtualenv/python3.9.0/lib/python3.9/site-packages/construct/core.py", line 5534, in _parse
    return sc._parsereport(stream, context, path)
  File "/home/travis/virtualenv/python3.9.0/lib/python3.9/site-packages/construct/core.py", line 312, in _parsereport
    obj = self._parse(stream, context, path)
  File "/home/travis/virtualenv/python3.9.0/lib/python3.9/site-packages/construct/core.py", line 1981, in _parse
    subobj = sc._parsereport(stream, context, path)
  File "/home/travis/virtualenv/python3.9.0/lib/python3.9/site-packages/construct/core.py", line 312, in _parsereport
    obj = self._parse(stream, context, path)
  File "/home/travis/virtualenv/python3.9.0/lib/python3.9/site-packages/construct/core.py", line 2439, in _parse
    return self.subcon._parsereport(stream, context, path)
  File "/home/travis/virtualenv/python3.9.0/lib/python3.9/site-packages/construct/core.py", line 312, in _parsereport
    obj = self._parse(stream, context, path)
  File "/home/travis/virtualenv/python3.9.0/lib/python3.9/site-packages/construct/core.py", line 3987, in _parse
    obj = self.subcon._parsereport(stream, context, path)
  File "/home/travis/virtualenv/python3.9.0/lib/python3.9/site-packages/construct/core.py", line 312, in _parsereport
    obj = self._parse(stream, context, path)
  File "/home/travis/virtualenv/python3.9.0/lib/python3.9/site-packages/construct/core.py", line 5534, in _parse
    return sc._parsereport(stream, context, path)
  File "/home/travis/virtualenv/python3.9.0/lib/python3.9/site-packages/construct/core.py", line 312, in _parsereport
    obj = self._parse(stream, context, path)
  File "/home/travis/virtualenv/python3.9.0/lib/python3.9/site-packages/construct/core.py", line 1981, in _parse
    subobj = sc._parsereport(stream, context, path)
  File "/home/travis/virtualenv/python3.9.0/lib/python3.9/site-packages/construct/core.py", line 312, in _parsereport
    obj = self._parse(stream, context, path)
  File "/home/travis/virtualenv/python3.9.0/lib/python3.9/site-packages/construct/core.py", line 2439, in _parse
    return self.subcon._parsereport(stream, context, path)
  File "/home/travis/virtualenv/python3.9.0/lib/python3.9/site-packages/construct/core.py", line 312, in _parsereport
    obj = self._parse(stream, context, path)
  File "/home/travis/virtualenv/python3.9.0/lib/python3.9/site-packages/construct/core.py", line 3987, in _parse
    obj = self.subcon._parsereport(stream, context, path)
  File "/home/travis/virtualenv/python3.9.0/lib/python3.9/site-packages/construct/core.py", line 312, in _parsereport
    obj = self._parse(stream, context, path)
  File "/home/travis/virtualenv/python3.9.0/lib/python3.9/site-packages/construct/core.py", line 5534, in _parse
    return sc._parsereport(stream, context, path)
  File "/home/travis/virtualenv/python3.9.0/lib/python3.9/site-packages/construct/core.py", line 312, in _parsereport
    obj = self._parse(stream, context, path)
  File "/home/travis/virtualenv/python3.9.0/lib/python3.9/site-packages/construct/core.py", line 1981, in _parse
    subobj = sc._parsereport(stream, context, path)
  File "/home/travis/virtualenv/python3.9.0/lib/python3.9/site-packages/construct/core.py", line 312, in _parsereport
    obj = self._parse(stream, context, path)
  File "/home/travis/virtualenv/python3.9.0/lib/python3.9/site-packages/construct/core.py", line 2439, in _parse
    return self.subcon._parsereport(stream, context, path)
  File "/home/travis/virtualenv/python3.9.0/lib/python3.9/site-packages/construct/core.py", line 312, in _parsereport
    obj = self._parse(stream, context, path)
  File "/home/travis/virtualenv/python3.9.0/lib/python3.9/site-packages/construct/core.py", line 3987, in _parse
    obj = self.subcon._parsereport(stream, context, path)
  File "/home/travis/virtualenv/python3.9.0/lib/python3.9/site-packages/construct/core.py", line 312, in _parsereport
    obj = self._parse(stream, context, path)
  File "/home/travis/virtualenv/python3.9.0/lib/python3.9/site-packages/construct/core.py", line 5534, in _parse
    return sc._parsereport(stream, context, path)
  File "/home/travis/virtualenv/python3.9.0/lib/python3.9/site-packages/construct/core.py", line 312, in _parsereport
    obj = self._parse(stream, context, path)
  File "/home/travis/virtualenv/python3.9.0/lib/python3.9/site-packages/construct/core.py", line 1981, in _parse
    subobj = sc._parsereport(stream, context, path)
  File "/home/travis/virtualenv/python3.9.0/lib/python3.9/site-packages/construct/core.py", line 312, in _parsereport
    obj = self._parse(stream, context, path)
  File "/home/travis/virtualenv/python3.9.0/lib/python3.9/site-packages/construct/core.py", line 2439, in _parse
    return self.subcon._parsereport(stream, context, path)
  File "/home/travis/virtualenv/python3.9.0/lib/python3.9/site-packages/construct/core.py", line 312, in _parsereport
    obj = self._parse(stream, context, path)
  File "/home/travis/virtualenv/python3.9.0/lib/python3.9/site-packages/construct/core.py", line 3987, in _parse
    obj = self.subcon._parsereport(stream, context, path)
  File "/home/travis/virtualenv/python3.9.0/lib/python3.9/site-packages/construct/core.py", line 312, in _parsereport
    obj = self._parse(stream, context, path)
  File "/home/travis/virtualenv/python3.9.0/lib/python3.9/site-packages/construct/core.py", line 5534, in _parse
    return sc._parsereport(stream, context, path)
  File "/home/travis/virtualenv/python3.9.0/lib/python3.9/site-packages/construct/core.py", line 312, in _parsereport
    obj = self._parse(stream, context, path)
  File "/home/travis/virtualenv/python3.9.0/lib/python3.9/site-packages/construct/core.py", line 1981, in _parse
    subobj = sc._parsereport(stream, context, path)
  File "/home/travis/virtualenv/python3.9.0/lib/python3.9/site-packages/construct/core.py", line 312, in _parsereport
    obj = self._parse(stream, context, path)
  File "/home/travis/virtualenv/python3.9.0/lib/python3.9/site-packages/construct/core.py", line 2439, in _parse
    return self.subcon._parsereport(stream, context, path)
  File "/home/travis/virtualenv/python3.9.0/lib/python3.9/site-packages/construct/core.py", line 312, in _parsereport
    obj = self._parse(stream, context, path)
  File "/home/travis/virtualenv/python3.9.0/lib/python3.9/site-packages/construct/core.py", line 3987, in _parse
    obj = self.subcon._parsereport(stream, context, path)
  File "/home/travis/virtualenv/python3.9.0/lib/python3.9/site-packages/construct/core.py", line 312, in _parsereport
    obj = self._parse(stream, context, path)
  File "/home/travis/virtualenv/python3.9.0/lib/python3.9/site-packages/construct/core.py", line 5534, in _parse
    return sc._parsereport(stream, context, path)
  File "/home/travis/virtualenv/python3.9.0/lib/python3.9/site-packages/construct/core.py", line 312, in _parsereport
    obj = self._parse(stream, context, path)
  File "/home/travis/virtualenv/python3.9.0/lib/python3.9/site-packages/construct/core.py", line 1981, in _parse
    subobj = sc._parsereport(stream, context, path)
  File "/home/travis/virtualenv/python3.9.0/lib/python3.9/site-packages/construct/core.py", line 312, in _parsereport
    obj = self._parse(stream, context, path)
  File "/home/travis/virtualenv/python3.9.0/lib/python3.9/site-packages/construct/core.py", line 2439, in _parse
    return self.subcon._parsereport(stream, context, path)
  File "/home/travis/virtualenv/python3.9.0/lib/python3.9/site-packages/construct/core.py", line 312, in _parsereport
    obj = self._parse(stream, context, path)
  File "/home/travis/virtualenv/python3.9.0/lib/python3.9/site-packages/construct/core.py", line 3987, in _parse
    obj = self.subcon._parsereport(stream, context, path)
  File "/home/travis/virtualenv/python3.9.0/lib/python3.9/site-packages/construct/core.py", line 312, in _parsereport
    obj = self._parse(stream, context, path)
  File "/home/travis/virtualenv/python3.9.0/lib/python3.9/site-packages/construct/core.py", line 5534, in _parse
    return sc._parsereport(stream, context, path)
  File "/home/travis/virtualenv/python3.9.0/lib/python3.9/site-packages/construct/core.py", line 312, in _parsereport
    obj = self._parse(stream, context, path)
  File "/home/travis/virtualenv/python3.9.0/lib/python3.9/site-packages/construct/core.py", line 1981, in _parse
    subobj = sc._parsereport(stream, context, path)
  File "/home/travis/virtualenv/python3.9.0/lib/python3.9/site-packages/construct/core.py", line 312, in _parsereport
    obj = self._parse(stream, context, path)
  File "/home/travis/virtualenv/python3.9.0/lib/python3.9/site-packages/construct/core.py", line 2439, in _parse
    return self.subcon._parsereport(stream, context, path)
  File "/home/travis/virtualenv/python3.9.0/lib/python3.9/site-packages/construct/core.py", line 312, in _parsereport
    obj = self._parse(stream, context, path)
  File "/home/travis/virtualenv/python3.9.0/lib/python3.9/site-packages/construct/core.py", line 3987, in _parse
    obj = self.subcon._parsereport(stream, context, path)
  File "/home/travis/virtualenv/python3.9.0/lib/python3.9/site-packages/construct/core.py", line 312, in _parsereport
    obj = self._parse(stream, context, path)
  File "/home/travis/virtualenv/python3.9.0/lib/python3.9/site-packages/construct/core.py", line 5534, in _parse
    return sc._parsereport(stream, context, path)
  File "/home/travis/virtualenv/python3.9.0/lib/python3.9/site-packages/construct/core.py", line 312, in _parsereport
    obj = self._parse(stream, context, path)
  File "/home/travis/virtualenv/python3.9.0/lib/python3.9/site-packages/construct/core.py", line 1981, in _parse
    subobj = sc._parsereport(stream, context, path)
  File "/home/travis/virtualenv/python3.9.0/lib/python3.9/site-packages/construct/core.py", line 312, in _parsereport
    obj = self._parse(stream, context, path)
  File "/home/travis/virtualenv/python3.9.0/lib/python3.9/site-packages/construct/core.py", line 2439, in _parse
    return self.subcon._parsereport(stream, context, path)
  File "/home/travis/virtualenv/python3.9.0/lib/python3.9/site-packages/construct/core.py", line 312, in _parsereport
    obj = self._parse(stream, context, path)
  File "/home/travis/virtualenv/python3.9.0/lib/python3.9/site-packages/construct/core.py", line 3987, in _parse
    obj = self.subcon._parsereport(stream, context, path)
  File "/home/travis/virtualenv/python3.9.0/lib/python3.9/site-packages/construct/core.py", line 312, in _parsereport
    obj = self._parse(stream, context, path)
  File "/home/travis/virtualenv/python3.9.0/lib/python3.9/site-packages/construct/core.py", line 5534, in _parse
    return sc._parsereport(stream, context, path)
  File "/home/travis/virtualenv/python3.9.0/lib/python3.9/site-packages/construct/core.py", line 312, in _parsereport
    obj = self._parse(stream, context, path)
  File "/home/travis/virtualenv/python3.9.0/lib/python3.9/site-packages/construct/core.py", line 1981, in _parse
    subobj = sc._parsereport(stream, context, path)
  File "/home/travis/virtualenv/python3.9.0/lib/python3.9/site-packages/construct/core.py", line 312, in _parsereport
    obj = self._parse(stream, context, path)
  File "/home/travis/virtualenv/python3.9.0/lib/python3.9/site-packages/construct/core.py", line 2439, in _parse
    return self.subcon._parsereport(stream, context, path)
  File "/home/travis/virtualenv/python3.9.0/lib/python3.9/site-packages/construct/core.py", line 312, in _parsereport
    obj = self._parse(stream, context, path)
  File "/home/travis/virtualenv/python3.9.0/lib/python3.9/site-packages/construct/core.py", line 3987, in _parse
    obj = self.subcon._parsereport(stream, context, path)
  File "/home/travis/virtualenv/python3.9.0/lib/python3.9/site-packages/construct/core.py", line 312, in _parsereport
    obj = self._parse(stream, context, path)
  File "/home/travis/virtualenv/python3.9.0/lib/python3.9/site-packages/construct/core.py", line 5534, in _parse
    return sc._parsereport(stream, context, path)
  File "/home/travis/virtualenv/python3.9.0/lib/python3.9/site-packages/construct/core.py", line 312, in _parsereport
    obj = self._parse(stream, context, path)
  File "/home/travis/virtualenv/python3.9.0/lib/python3.9/site-packages/construct/core.py", line 1981, in _parse
    subobj = sc._parsereport(stream, context, path)
  File "/home/travis/virtualenv/python3.9.0/lib/python3.9/site-packages/construct/core.py", line 312, in _parsereport
    obj = self._parse(stream, context, path)
  File "/home/travis/virtualenv/python3.9.0/lib/python3.9/site-packages/construct/core.py", line 2439, in _parse
    return self.subcon._parsereport(stream, context, path)
  File "/home/travis/virtualenv/python3.9.0/lib/python3.9/site-packages/construct/core.py", line 312, in _parsereport
    obj = self._parse(stream, context, path)
  File "/home/travis/virtualenv/python3.9.0/lib/python3.9/site-packages/construct/core.py", line 3987, in _parse
    obj = self.subcon._parsereport(stream, context, path)
  File "/home/travis/virtualenv/python3.9.0/lib/python3.9/site-packages/construct/core.py", line 312, in _parsereport
    obj = self._parse(stream, context, path)
  File "/home/travis/virtualenv/python3.9.0/lib/python3.9/site-packages/construct/core.py", line 5534, in _parse
    return sc._parsereport(stream, context, path)
  File "/home/travis/virtualenv/python3.9.0/lib/python3.9/site-packages/construct/core.py", line 312, in _parsereport
    obj = self._parse(stream, context, path)
  File "/home/travis/virtualenv/python3.9.0/lib/python3.9/site-packages/construct/core.py", line 1981, in _parse
    subobj = sc._parsereport(stream, context, path)
  File "/home/travis/virtualenv/python3.9.0/lib/python3.9/site-packages/construct/core.py", line 312, in _parsereport
    obj = self._parse(stream, context, path)
  File "/home/travis/virtualenv/python3.9.0/lib/python3.9/site-packages/construct/core.py", line 2439, in _parse
    return self.subcon._parsereport(stream, context, path)
  File "/home/travis/virtualenv/python3.9.0/lib/python3.9/site-packages/construct/core.py", line 312, in _parsereport
    obj = self._parse(stream, context, path)
  File "/home/travis/virtualenv/python3.9.0/lib/python3.9/site-packages/construct/core.py", line 3987, in _parse
    obj = self.subcon._parsereport(stream, context, path)
  File "/home/travis/virtualenv/python3.9.0/lib/python3.9/site-packages/construct/core.py", line 312, in _parsereport
    obj = self._parse(stream, context, path)
  File "/home/travis/virtualenv/python3.9.0/lib/python3.9/site-packages/construct/core.py", line 5534, in _parse
    return sc._parsereport(stream, context, path)
  File "/home/travis/virtualenv/python3.9.0/lib/python3.9/site-packages/construct/core.py", line 312, in _parsereport
    obj = self._parse(stream, context, path)
  File "/home/travis/virtualenv/python3.9.0/lib/python3.9/site-packages/construct/core.py", line 1981, in _parse
    subobj = sc._parsereport(stream, context, path)
  File "/home/travis/virtualenv/python3.9.0/lib/python3.9/site-packages/construct/core.py", line 312, in _parsereport
    obj = self._parse(stream, context, path)
  File "/home/travis/virtualenv/python3.9.0/lib/python3.9/site-packages/construct/core.py", line 2439, in _parse
    return self.subcon._parsereport(stream, context, path)
  File "/home/travis/virtualenv/python3.9.0/lib/python3.9/site-packages/construct/core.py", line 312, in _parsereport
    obj = self._parse(stream, context, path)
  File "/home/travis/virtualenv/python3.9.0/lib/python3.9/site-packages/construct/core.py", line 3987, in _parse
    obj = self.subcon._parsereport(stream, context, path)
  File "/home/travis/virtualenv/python3.9.0/lib/python3.9/site-packages/construct/core.py", line 312, in _parsereport
    obj = self._parse(stream, context, path)
  File "/home/travis/virtualenv/python3.9.0/lib/python3.9/site-packages/construct/core.py", line 5534, in _parse
    return sc._parsereport(stream, context, path)
  File "/home/travis/virtualenv/python3.9.0/lib/python3.9/site-packages/construct/core.py", line 312, in _parsereport
    obj = self._parse(stream, context, path)
  File "/home/travis/virtualenv/python3.9.0/lib/python3.9/site-packages/construct/core.py", line 1981, in _parse
    subobj = sc._parsereport(stream, context, path)
  File "/home/travis/virtualenv/python3.9.0/lib/python3.9/site-packages/construct/core.py", line 312, in _parsereport
    obj = self._parse(stream, context, path)
  File "/home/travis/virtualenv/python3.9.0/lib/python3.9/site-packages/construct/core.py", line 2439, in _parse
    return self.subcon._parsereport(stream, context, path)
  File "/home/travis/virtualenv/python3.9.0/lib/python3.9/site-packages/construct/core.py", line 312, in _parsereport
    obj = self._parse(stream, context, path)
  File "/home/travis/virtualenv/python3.9.0/lib/python3.9/site-packages/construct/core.py", line 3987, in _parse
    obj = self.subcon._parsereport(stream, context, path)
  File "/home/travis/virtualenv/python3.9.0/lib/python3.9/site-packages/construct/core.py", line 312, in _parsereport
    obj = self._parse(stream, context, path)
  File "/home/travis/virtualenv/python3.9.0/lib/python3.9/site-packages/construct/core.py", line 5534, in _parse
    return sc._parsereport(stream, context, path)
  File "/home/travis/virtualenv/python3.9.0/lib/python3.9/site-packages/construct/core.py", line 312, in _parsereport
    obj = self._parse(stream, context, path)
  File "/home/travis/virtualenv/python3.9.0/lib/python3.9/site-packages/construct/core.py", line 1981, in _parse
    subobj = sc._parsereport(stream, context, path)
  File "/home/travis/virtualenv/python3.9.0/lib/python3.9/site-packages/construct/core.py", line 312, in _parsereport
    obj = self._parse(stream, context, path)
  File "/home/travis/virtualenv/python3.9.0/lib/python3.9/site-packages/construct/core.py", line 2439, in _parse
    return self.subcon._parsereport(stream, context, path)
  File "/home/travis/virtualenv/python3.9.0/lib/python3.9/site-packages/construct/core.py", line 312, in _parsereport
    obj = self._parse(stream, context, path)
  File "/home/travis/virtualenv/python3.9.0/lib/python3.9/site-packages/construct/core.py", line 3987, in _parse
    obj = self.subcon._parsereport(stream, context, path)
  File "/home/travis/virtualenv/python3.9.0/lib/python3.9/site-packages/construct/core.py", line 312, in _parsereport
    obj = self._parse(stream, context, path)
  File "/home/travis/virtualenv/python3.9.0/lib/python3.9/site-packages/construct/core.py", line 5534, in _parse
    return sc._parsereport(stream, context, path)
  File "/home/travis/virtualenv/python3.9.0/lib/python3.9/site-packages/construct/core.py", line 312, in _parsereport
    obj = self._parse(stream, context, path)
  File "/home/travis/virtualenv/python3.9.0/lib/python3.9/site-packages/construct/core.py", line 1981, in _parse
    subobj = sc._parsereport(stream, context, path)
  File "/home/travis/virtualenv/python3.9.0/lib/python3.9/site-packages/construct/core.py", line 312, in _parsereport
    obj = self._parse(stream, context, path)
  File "/home/travis/virtualenv/python3.9.0/lib/python3.9/site-packages/construct/core.py", line 2439, in _parse
    return self.subcon._parsereport(stream, context, path)
  File "/home/travis/virtualenv/python3.9.0/lib/python3.9/site-packages/construct/core.py", line 312, in _parsereport
    obj = self._parse(stream, context, path)
  File "/home/travis/virtualenv/python3.9.0/lib/python3.9/site-packages/construct/core.py", line 3987, in _parse
    obj = self.subcon._parsereport(stream, context, path)
  File "/home/travis/virtualenv/python3.9.0/lib/python3.9/site-packages/construct/core.py", line 312, in _parsereport
    obj = self._parse(stream, context, path)
  File "/home/travis/virtualenv/python3.9.0/lib/python3.9/site-packages/construct/core.py", line 5534, in _parse
    return sc._parsereport(stream, context, path)
  File "/home/travis/virtualenv/python3.9.0/lib/python3.9/site-packages/construct/core.py", line 312, in _parsereport
    obj = self._parse(stream, context, path)
  File "/home/travis/virtualenv/python3.9.0/lib/python3.9/site-packages/construct/core.py", line 1981, in _parse
    subobj = sc._parsereport(stream, context, path)
  File "/home/travis/virtualenv/python3.9.0/lib/python3.9/site-packages/construct/core.py", line 312, in _parsereport
    obj = self._parse(stream, context, path)
  File "/home/travis/virtualenv/python3.9.0/lib/python3.9/site-packages/construct/core.py", line 2439, in _parse
    return self.subcon._parsereport(stream, context, path)
  File "/home/travis/virtualenv/python3.9.0/lib/python3.9/site-packages/construct/core.py", line 312, in _parsereport
    obj = self._parse(stream, context, path)
  File "/home/travis/virtualenv/python3.9.0/lib/python3.9/site-packages/construct/core.py", line 3987, in _parse
    obj = self.subcon._parsereport(stream, context, path)
  File "/home/travis/virtualenv/python3.9.0/lib/python3.9/site-packages/construct/core.py", line 312, in _parsereport
    obj = self._parse(stream, context, path)
  File "/home/travis/virtualenv/python3.9.0/lib/python3.9/site-packages/construct/core.py", line 5534, in _parse
    return sc._parsereport(stream, context, path)
  File "/home/travis/virtualenv/python3.9.0/lib/python3.9/site-packages/construct/core.py", line 312, in _parsereport
    obj = self._parse(stream, context, path)
  File "/home/travis/virtualenv/python3.9.0/lib/python3.9/site-packages/construct/core.py", line 1981, in _parse
    subobj = sc._parsereport(stream, context, path)
  File "/home/travis/virtualenv/python3.9.0/lib/python3.9/site-packages/construct/core.py", line 312, in _parsereport
    obj = self._parse(stream, context, path)
  File "/home/travis/virtualenv/python3.9.0/lib/python3.9/site-packages/construct/core.py", line 2439, in _parse
    return self.subcon._parsereport(stream, context, path)
  File "/home/travis/virtualenv/python3.9.0/lib/python3.9/site-packages/construct/core.py", line 312, in _parsereport
    obj = self._parse(stream, context, path)
  File "/home/travis/virtualenv/python3.9.0/lib/python3.9/site-packages/construct/core.py", line 3987, in _parse
    obj = self.subcon._parsereport(stream, context, path)
  File "/home/travis/virtualenv/python3.9.0/lib/python3.9/site-packages/construct/core.py", line 312, in _parsereport
    obj = self._parse(stream, context, path)
  File "/home/travis/virtualenv/python3.9.0/lib/python3.9/site-packages/construct/core.py", line 5534, in _parse
    return sc._parsereport(stream, context, path)
  File "/home/travis/virtualenv/python3.9.0/lib/python3.9/site-packages/construct/core.py", line 312, in _parsereport
    obj = self._parse(stream, context, path)
  File "/home/travis/virtualenv/python3.9.0/lib/python3.9/site-packages/construct/core.py", line 1981, in _parse
    subobj = sc._parsereport(stream, context, path)
  File "/home/travis/virtualenv/python3.9.0/lib/python3.9/site-packages/construct/core.py", line 312, in _parsereport
    obj = self._parse(stream, context, path)
  File "/home/travis/virtualenv/python3.9.0/lib/python3.9/site-packages/construct/core.py", line 2439, in _parse
    return self.subcon._parsereport(stream, context, path)
  File "/home/travis/virtualenv/python3.9.0/lib/python3.9/site-packages/construct/core.py", line 312, in _parsereport
    obj = self._parse(stream, context, path)
  File "/home/travis/virtualenv/python3.9.0/lib/python3.9/site-packages/construct/core.py", line 3987, in _parse
    obj = self.subcon._parsereport(stream, context, path)
  File "/home/travis/virtualenv/python3.9.0/lib/python3.9/site-packages/construct/core.py", line 312, in _parsereport
    obj = self._parse(stream, context, path)
  File "/home/travis/virtualenv/python3.9.0/lib/python3.9/site-packages/construct/core.py", line 5534, in _parse
    return sc._parsereport(stream, context, path)
  File "/home/travis/virtualenv/python3.9.0/lib/python3.9/site-packages/construct/core.py", line 312, in _parsereport
    obj = self._parse(stream, context, path)
  File "/home/travis/virtualenv/python3.9.0/lib/python3.9/site-packages/construct/core.py", line 1981, in _parse
    subobj = sc._parsereport(stream, context, path)
  File "/home/travis/virtualenv/python3.9.0/lib/python3.9/site-packages/construct/core.py", line 312, in _parsereport
    obj = self._parse(stream, context, path)
  File "/home/travis/virtualenv/python3.9.0/lib/python3.9/site-packages/construct/core.py", line 2439, in _parse
    return self.subcon._parsereport(stream, context, path)
  File "/home/travis/virtualenv/python3.9.0/lib/python3.9/site-packages/construct/core.py", line 312, in _parsereport
    obj = self._parse(stream, context, path)
  File "/home/travis/virtualenv/python3.9.0/lib/python3.9/site-packages/construct/core.py", line 3987, in _parse
    obj = self.subcon._parsereport(stream, context, path)
  File "/home/travis/virtualenv/python3.9.0/lib/python3.9/site-packages/construct/core.py", line 312, in _parsereport
    obj = self._parse(stream, context, path)
  File "/home/travis/virtualenv/python3.9.0/lib/python3.9/site-packages/construct/core.py", line 5534, in _parse
    return sc._parsereport(stream, context, path)
  File "/home/travis/virtualenv/python3.9.0/lib/python3.9/site-packages/construct/core.py", line 312, in _parsereport
    obj = self._parse(stream, context, path)
  File "/home/travis/virtualenv/python3.9.0/lib/python3.9/site-packages/construct/core.py", line 1981, in _parse
    subobj = sc._parsereport(stream, context, path)
  File "/home/travis/virtualenv/python3.9.0/lib/python3.9/site-packages/construct/core.py", line 312, in _parsereport
    obj = self._parse(stream, context, path)
  File "/home/travis/virtualenv/python3.9.0/lib/python3.9/site-packages/construct/core.py", line 2439, in _parse
    return self.subcon._parsereport(stream, context, path)
  File "/home/travis/virtualenv/python3.9.0/lib/python3.9/site-packages/construct/core.py", line 312, in _parsereport
    obj = self._parse(stream, context, path)
  File "/home/travis/virtualenv/python3.9.0/lib/python3.9/site-packages/construct/core.py", line 3987, in _parse
    obj = self.subcon._parsereport(stream, context, path)
  File "/home/travis/virtualenv/python3.9.0/lib/python3.9/site-packages/construct/core.py", line 312, in _parsereport
    obj = self._parse(stream, context, path)
  File "/home/travis/virtualenv/python3.9.0/lib/python3.9/site-packages/construct/core.py", line 5534, in _parse
    return sc._parsereport(stream, context, path)
  File "/home/travis/virtualenv/python3.9.0/lib/python3.9/site-packages/construct/core.py", line 312, in _parsereport
    obj = self._parse(stream, context, path)
  File "/home/travis/virtualenv/python3.9.0/lib/python3.9/site-packages/construct/core.py", line 1981, in _parse
    subobj = sc._parsereport(stream, context, path)
  File "/home/travis/virtualenv/python3.9.0/lib/python3.9/site-packages/construct/core.py", line 312, in _parsereport
    obj = self._parse(stream, context, path)
  File "/home/travis/virtualenv/python3.9.0/lib/python3.9/site-packages/construct/core.py", line 2439, in _parse
    return self.subcon._parsereport(stream, context, path)
  File "/home/travis/virtualenv/python3.9.0/lib/python3.9/site-packages/construct/core.py", line 312, in _parsereport
    obj = self._parse(stream, context, path)
  File "/home/travis/virtualenv/python3.9.0/lib/python3.9/site-packages/construct/core.py", line 3987, in _parse
    obj = self.subcon._parsereport(stream, context, path)
  File "/home/travis/virtualenv/python3.9.0/lib/python3.9/site-packages/construct/core.py", line 312, in _parsereport
    obj = self._parse(stream, context, path)
  File "/home/travis/virtualenv/python3.9.0/lib/python3.9/site-packages/construct/core.py", line 5534, in _parse
    return sc._parsereport(stream, context, path)
  File "/home/travis/virtualenv/python3.9.0/lib/python3.9/site-packages/construct/core.py", line 312, in _parsereport
    obj = self._parse(stream, context, path)
  File "/home/travis/virtualenv/python3.9.0/lib/python3.9/site-packages/construct/core.py", line 1981, in _parse
    subobj = sc._parsereport(stream, context, path)
  File "/home/travis/virtualenv/python3.9.0/lib/python3.9/site-packages/construct/core.py", line 312, in _parsereport
    obj = self._parse(stream, context, path)
  File "/home/travis/virtualenv/python3.9.0/lib/python3.9/site-packages/construct/core.py", line 2439, in _parse
    return self.subcon._parsereport(stream, context, path)
  File "/home/travis/virtualenv/python3.9.0/lib/python3.9/site-packages/construct/core.py", line 312, in _parsereport
    obj = self._parse(stream, context, path)
  File "/home/travis/virtualenv/python3.9.0/lib/python3.9/site-packages/construct/core.py", line 3987, in _parse
    obj = self.subcon._parsereport(stream, context, path)
  File "/home/travis/virtualenv/python3.9.0/lib/python3.9/site-packages/construct/core.py", line 312, in _parsereport
    obj = self._parse(stream, context, path)
  File "/home/travis/virtualenv/python3.9.0/lib/python3.9/site-packages/construct/core.py", line 5534, in _parse
    return sc._parsereport(stream, context, path)
  File "/home/travis/virtualenv/python3.9.0/lib/python3.9/site-packages/construct/core.py", line 312, in _parsereport
    obj = self._parse(stream, context, path)
  File "/home/travis/virtualenv/python3.9.0/lib/python3.9/site-packages/construct/core.py", line 1981, in _parse
    subobj = sc._parsereport(stream, context, path)
  File "/home/travis/virtualenv/python3.9.0/lib/python3.9/site-packages/construct/core.py", line 312, in _parsereport
    obj = self._parse(stream, context, path)
  File "/home/travis/virtualenv/python3.9.0/lib/python3.9/site-packages/construct/core.py", line 2439, in _parse
    return self.subcon._parsereport(stream, context, path)
  File "/home/travis/virtualenv/python3.9.0/lib/python3.9/site-packages/construct/core.py", line 312, in _parsereport
    obj = self._parse(stream, context, path)
  File "/home/travis/virtualenv/python3.9.0/lib/python3.9/site-packages/construct/core.py", line 3987, in _parse
    obj = self.subcon._parsereport(stream, context, path)
  File "/home/travis/virtualenv/python3.9.0/lib/python3.9/site-packages/construct/core.py", line 312, in _parsereport
    obj = self._parse(stream, context, path)
  File "/home/travis/virtualenv/python3.9.0/lib/python3.9/site-packages/construct/core.py", line 5534, in _parse
    return sc._parsereport(stream, context, path)
  File "/home/travis/virtualenv/python3.9.0/lib/python3.9/site-packages/construct/core.py", line 312, in _parsereport
    obj = self._parse(stream, context, path)
  File "/home/travis/virtualenv/python3.9.0/lib/python3.9/site-packages/construct/core.py", line 1981, in _parse
    subobj = sc._parsereport(stream, context, path)
  File "/home/travis/virtualenv/python3.9.0/lib/python3.9/site-packages/construct/core.py", line 312, in _parsereport
    obj = self._parse(stream, context, path)
  File "/home/travis/virtualenv/python3.9.0/lib/python3.9/site-packages/construct/core.py", line 2439, in _parse
    return self.subcon._parsereport(stream, context, path)
  File "/home/travis/virtualenv/python3.9.0/lib/python3.9/site-packages/construct/core.py", line 312, in _parsereport
    obj = self._parse(stream, context, path)
  File "/home/travis/virtualenv/python3.9.0/lib/python3.9/site-packages/construct/core.py", line 3987, in _parse
    obj = self.subcon._parsereport(stream, context, path)
  File "/home/travis/virtualenv/python3.9.0/lib/python3.9/site-packages/construct/core.py", line 312, in _parsereport
    obj = self._parse(stream, context, path)
  File "/home/travis/virtualenv/python3.9.0/lib/python3.9/site-packages/construct/core.py", line 5534, in _parse
    return sc._parsereport(stream, context, path)
  File "/home/travis/virtualenv/python3.9.0/lib/python3.9/site-packages/construct/core.py", line 312, in _parsereport
    obj = self._parse(stream, context, path)
  File "/home/travis/virtualenv/python3.9.0/lib/python3.9/site-packages/construct/core.py", line 1981, in _parse
    subobj = sc._parsereport(stream, context, path)
  File "/home/travis/virtualenv/python3.9.0/lib/python3.9/site-packages/construct/core.py", line 312, in _parsereport
    obj = self._parse(stream, context, path)
  File "/home/travis/virtualenv/python3.9.0/lib/python3.9/site-packages/construct/core.py", line 2439, in _parse
    return self.subcon._parsereport(stream, context, path)
  File "/home/travis/virtualenv/python3.9.0/lib/python3.9/site-packages/construct/core.py", line 312, in _parsereport
    obj = self._parse(stream, context, path)
  File "/home/travis/virtualenv/python3.9.0/lib/python3.9/site-packages/construct/core.py", line 3987, in _parse
    obj = self.subcon._parsereport(stream, context, path)
  File "/home/travis/virtualenv/python3.9.0/lib/python3.9/site-packages/construct/core.py", line 312, in _parsereport
    obj = self._parse(stream, context, path)
  File "/home/travis/virtualenv/python3.9.0/lib/python3.9/site-packages/construct/core.py", line 5534, in _parse
    return sc._parsereport(stream, context, path)
  File "/home/travis/virtualenv/python3.9.0/lib/python3.9/site-packages/construct/core.py", line 312, in _parsereport
    obj = self._parse(stream, context, path)
  File "/home/travis/virtualenv/python3.9.0/lib/python3.9/site-packages/construct/core.py", line 1981, in _parse
    subobj = sc._parsereport(stream, context, path)
  File "/home/travis/virtualenv/python3.9.0/lib/python3.9/site-packages/construct/core.py", line 312, in _parsereport
    obj = self._parse(stream, context, path)
  File "/home/travis/virtualenv/python3.9.0/lib/python3.9/site-packages/construct/core.py", line 2439, in _parse
    return self.subcon._parsereport(stream, context, path)
  File "/home/travis/virtualenv/python3.9.0/lib/python3.9/site-packages/construct/core.py", line 312, in _parsereport
    obj = self._parse(stream, context, path)
  File "/home/travis/virtualenv/python3.9.0/lib/python3.9/site-packages/construct/core.py", line 3987, in _parse
    obj = self.subcon._parsereport(stream, context, path)
  File "/home/travis/virtualenv/python3.9.0/lib/python3.9/site-packages/construct/core.py", line 312, in _parsereport
    obj = self._parse(stream, context, path)
  File "/home/travis/virtualenv/python3.9.0/lib/python3.9/site-packages/construct/core.py", line 5534, in _parse
    return sc._parsereport(stream, context, path)
  File "/home/travis/virtualenv/python3.9.0/lib/python3.9/site-packages/construct/core.py", line 312, in _parsereport
    obj = self._parse(stream, context, path)
  File "/home/travis/virtualenv/python3.9.0/lib/python3.9/site-packages/construct/core.py", line 1981, in _parse
    subobj = sc._parsereport(stream, context, path)
  File "/home/travis/virtualenv/python3.9.0/lib/python3.9/site-packages/construct/core.py", line 312, in _parsereport
    obj = self._parse(stream, context, path)
  File "/home/travis/virtualenv/python3.9.0/lib/python3.9/site-packages/construct/core.py", line 2439, in _parse
    return self.subcon._parsereport(stream, context, path)
  File "/home/travis/virtualenv/python3.9.0/lib/python3.9/site-packages/construct/core.py", line 312, in _parsereport
    obj = self._parse(stream, context, path)
  File "/home/travis/virtualenv/python3.9.0/lib/python3.9/site-packages/construct/core.py", line 3987, in _parse
    obj = self.subcon._parsereport(stream, context, path)
  File "/home/travis/virtualenv/python3.9.0/lib/python3.9/site-packages/construct/core.py", line 312, in _parsereport
    obj = self._parse(stream, context, path)
  File "/home/travis/virtualenv/python3.9.0/lib/python3.9/site-packages/construct/core.py", line 5534, in _parse
    return sc._parsereport(stream, context, path)
  File "/home/travis/virtualenv/python3.9.0/lib/python3.9/site-packages/construct/core.py", line 312, in _parsereport
    obj = self._parse(stream, context, path)
  File "/home/travis/virtualenv/python3.9.0/lib/python3.9/site-packages/construct/core.py", line 1981, in _parse
    subobj = sc._parsereport(stream, context, path)
  File "/home/travis/virtualenv/python3.9.0/lib/python3.9/site-packages/construct/core.py", line 312, in _parsereport
    obj = self._parse(stream, context, path)
  File "/home/travis/virtualenv/python3.9.0/lib/python3.9/site-packages/construct/core.py", line 2439, in _parse
    return self.subcon._parsereport(stream, context, path)
  File "/home/travis/virtualenv/python3.9.0/lib/python3.9/site-packages/construct/core.py", line 312, in _parsereport
    obj = self._parse(stream, context, path)
  File "/home/travis/virtualenv/python3.9.0/lib/python3.9/site-packages/construct/core.py", line 3987, in _parse
    obj = self.subcon._parsereport(stream, context, path)
  File "/home/travis/virtualenv/python3.9.0/lib/python3.9/site-packages/construct/core.py", line 312, in _parsereport
    obj = self._parse(stream, context, path)
  File "/home/travis/virtualenv/python3.9.0/lib/python3.9/site-packages/construct/core.py", line 5534, in _parse
    return sc._parsereport(stream, context, path)
  File "/home/travis/virtualenv/python3.9.0/lib/python3.9/site-packages/construct/core.py", line 312, in _parsereport
    obj = self._parse(stream, context, path)
  File "/home/travis/virtualenv/python3.9.0/lib/python3.9/site-packages/construct/core.py", line 1981, in _parse
    subobj = sc._parsereport(stream, context, path)
  File "/home/travis/virtualenv/python3.9.0/lib/python3.9/site-packages/construct/core.py", line 312, in _parsereport
    obj = self._parse(stream, context, path)
  File "/home/travis/virtualenv/python3.9.0/lib/python3.9/site-packages/construct/core.py", line 2439, in _parse
    return self.subcon._parsereport(stream, context, path)
  File "/home/travis/virtualenv/python3.9.0/lib/python3.9/site-packages/construct/core.py", line 312, in _parsereport
    obj = self._parse(stream, context, path)
  File "/home/travis/virtualenv/python3.9.0/lib/python3.9/site-packages/construct/core.py", line 3987, in _parse
    obj = self.subcon._parsereport(stream, context, path)
  File "/home/travis/virtualenv/python3.9.0/lib/python3.9/site-packages/construct/core.py", line 312, in _parsereport
    obj = self._parse(stream, context, path)
  File "/home/travis/virtualenv/python3.9.0/lib/python3.9/site-packages/construct/core.py", line 5534, in _parse
    return sc._parsereport(stream, context, path)
  File "/home/travis/virtualenv/python3.9.0/lib/python3.9/site-packages/construct/core.py", line 312, in _parsereport
    obj = self._parse(stream, context, path)
  File "/home/travis/virtualenv/python3.9.0/lib/python3.9/site-packages/construct/core.py", line 1981, in _parse
    subobj = sc._parsereport(stream, context, path)
  File "/home/travis/virtualenv/python3.9.0/lib/python3.9/site-packages/construct/core.py", line 312, in _parsereport
    obj = self._parse(stream, context, path)
  File "/home/travis/virtualenv/python3.9.0/lib/python3.9/site-packages/construct/core.py", line 2439, in _parse
    return self.subcon._parsereport(stream, context, path)
  File "/home/travis/virtualenv/python3.9.0/lib/python3.9/site-packages/construct/core.py", line 312, in _parsereport
    obj = self._parse(stream, context, path)
  File "/home/travis/virtualenv/python3.9.0/lib/python3.9/site-packages/construct/core.py", line 3987, in _parse
    obj = self.subcon._parsereport(stream, context, path)
  File "/home/travis/virtualenv/python3.9.0/lib/python3.9/site-packages/construct/core.py", line 312, in _parsereport
    obj = self._parse(stream, context, path)
  File "/home/travis/virtualenv/python3.9.0/lib/python3.9/site-packages/construct/core.py", line 5534, in _parse
    return sc._parsereport(stream, context, path)
  File "/home/travis/virtualenv/python3.9.0/lib/python3.9/site-packages/construct/core.py", line 312, in _parsereport
    obj = self._parse(stream, context, path)
  File "/home/travis/virtualenv/python3.9.0/lib/python3.9/site-packages/construct/core.py", line 1981, in _parse
    subobj = sc._parsereport(stream, context, path)
  File "/home/travis/virtualenv/python3.9.0/lib/python3.9/site-packages/construct/core.py", line 312, in _parsereport
    obj = self._parse(stream, context, path)
  File "/home/travis/virtualenv/python3.9.0/lib/python3.9/site-packages/construct/core.py", line 2439, in _parse
    return self.subcon._parsereport(stream, context, path)
  File "/home/travis/virtualenv/python3.9.0/lib/python3.9/site-packages/construct/core.py", line 312, in _parsereport
    obj = self._parse(stream, context, path)
  File "/home/travis/virtualenv/python3.9.0/lib/python3.9/site-packages/construct/core.py", line 3987, in _parse
    obj = self.subcon._parsereport(stream, context, path)
  File "/home/travis/virtualenv/python3.9.0/lib/python3.9/site-packages/construct/core.py", line 312, in _parsereport
    obj = self._parse(stream, context, path)
  File "/home/travis/virtualenv/python3.9.0/lib/python3.9/site-packages/construct/core.py", line 5534, in _parse
    return sc._parsereport(stream, context, path)
  File "/home/travis/virtualenv/python3.9.0/lib/python3.9/site-packages/construct/core.py", line 312, in _parsereport
    obj = self._parse(stream, context, path)
  File "/home/travis/virtualenv/python3.9.0/lib/python3.9/site-packages/construct/core.py", line 1981, in _parse
    subobj = sc._parsereport(stream, context, path)
  File "/home/travis/virtualenv/python3.9.0/lib/python3.9/site-packages/construct/core.py", line 312, in _parsereport
    obj = self._parse(stream, context, path)
  File "/home/travis/virtualenv/python3.9.0/lib/python3.9/site-packages/construct/core.py", line 2439, in _parse
    return self.subcon._parsereport(stream, context, path)
  File "/home/travis/virtualenv/python3.9.0/lib/python3.9/site-packages/construct/core.py", line 312, in _parsereport
    obj = self._parse(stream, context, path)
  File "/home/travis/virtualenv/python3.9.0/lib/python3.9/site-packages/construct/core.py", line 3987, in _parse
    obj = self.subcon._parsereport(stream, context, path)
  File "/home/travis/virtualenv/python3.9.0/lib/python3.9/site-packages/construct/core.py", line 312, in _parsereport
    obj = self._parse(stream, context, path)
  File "/home/travis/virtualenv/python3.9.0/lib/python3.9/site-packages/construct/core.py", line 5534, in _parse
    return sc._parsereport(stream, context, path)
  File "/home/travis/virtualenv/python3.9.0/lib/python3.9/site-packages/construct/core.py", line 312, in _parsereport
    obj = self._parse(stream, context, path)
  File "/home/travis/virtualenv/python3.9.0/lib/python3.9/site-packages/construct/core.py", line 1981, in _parse
    subobj = sc._parsereport(stream, context, path)
  File "/home/travis/virtualenv/python3.9.0/lib/python3.9/site-packages/construct/core.py", line 312, in _parsereport
    obj = self._parse(stream, context, path)
  File "/home/travis/virtualenv/python3.9.0/lib/python3.9/site-packages/construct/core.py", line 2439, in _parse
    return self.subcon._parsereport(stream, context, path)
  File "/home/travis/virtualenv/python3.9.0/lib/python3.9/site-packages/construct/core.py", line 312, in _parsereport
    obj = self._parse(stream, context, path)
  File "/home/travis/virtualenv/python3.9.0/lib/python3.9/site-packages/construct/core.py", line 3987, in _parse
    obj = self.subcon._parsereport(stream, context, path)
  File "/home/travis/virtualenv/python3.9.0/lib/python3.9/site-packages/construct/core.py", line 312, in _parsereport
    obj = self._parse(stream, context, path)
  File "/home/travis/virtualenv/python3.9.0/lib/python3.9/site-packages/construct/core.py", line 5534, in _parse
    return sc._parsereport(stream, context, path)
  File "/home/travis/virtualenv/python3.9.0/lib/python3.9/site-packages/construct/core.py", line 312, in _parsereport
    obj = self._parse(stream, context, path)
  File "/home/travis/virtualenv/python3.9.0/lib/python3.9/site-packages/construct/core.py", line 1981, in _parse
    subobj = sc._parsereport(stream, context, path)
  File "/home/travis/virtualenv/python3.9.0/lib/python3.9/site-packages/construct/core.py", line 312, in _parsereport
    obj = self._parse(stream, context, path)
  File "/home/travis/virtualenv/python3.9.0/lib/python3.9/site-packages/construct/core.py", line 2439, in _parse
    return self.subcon._parsereport(stream, context, path)
  File "/home/travis/virtualenv/python3.9.0/lib/python3.9/site-packages/construct/core.py", line 312, in _parsereport
    obj = self._parse(stream, context, path)
  File "/home/travis/virtualenv/python3.9.0/lib/python3.9/site-packages/construct/core.py", line 3987, in _parse
    obj = self.subcon._parsereport(stream, context, path)
  File "/home/travis/virtualenv/python3.9.0/lib/python3.9/site-packages/construct/core.py", line 312, in _parsereport
    obj = self._parse(stream, context, path)
  File "/home/travis/virtualenv/python3.9.0/lib/python3.9/site-packages/construct/core.py", line 5534, in _parse
    return sc._parsereport(stream, context, path)
  File "/home/travis/virtualenv/python3.9.0/lib/python3.9/site-packages/construct/core.py", line 312, in _parsereport
    obj = self._parse(stream, context, path)
  File "/home/travis/virtualenv/python3.9.0/lib/python3.9/site-packages/construct/core.py", line 1981, in _parse
    subobj = sc._parsereport(stream, context, path)
  File "/home/travis/virtualenv/python3.9.0/lib/python3.9/site-packages/construct/core.py", line 312, in _parsereport
    obj = self._parse(stream, context, path)
  File "/home/travis/virtualenv/python3.9.0/lib/python3.9/site-packages/construct/core.py", line 2439, in _parse
    return self.subcon._parsereport(stream, context, path)
  File "/home/travis/virtualenv/python3.9.0/lib/python3.9/site-packages/construct/core.py", line 312, in _parsereport
    obj = self._parse(stream, context, path)
  File "/home/travis/virtualenv/python3.9.0/lib/python3.9/site-packages/construct/core.py", line 3987, in _parse
    obj = self.subcon._parsereport(stream, context, path)
  File "/home/travis/virtualenv/python3.9.0/lib/python3.9/site-packages/construct/core.py", line 312, in _parsereport
    obj = self._parse(stream, context, path)
  File "/home/travis/virtualenv/python3.9.0/lib/python3.9/site-packages/construct/core.py", line 5534, in _parse
    return sc._parsereport(stream, context, path)
  File "/home/travis/virtualenv/python3.9.0/lib/python3.9/site-packages/construct/core.py", line 312, in _parsereport
    obj = self._parse(stream, context, path)
  File "/home/travis/virtualenv/python3.9.0/lib/python3.9/site-packages/construct/core.py", line 1981, in _parse
    subobj = sc._parsereport(stream, context, path)
  File "/home/travis/virtualenv/python3.9.0/lib/python3.9/site-packages/construct/core.py", line 312, in _parsereport
    obj = self._parse(stream, context, path)
  File "/home/travis/virtualenv/python3.9.0/lib/python3.9/site-packages/construct/core.py", line 2439, in _parse
    return self.subcon._parsereport(stream, context, path)
  File "/home/travis/virtualenv/python3.9.0/lib/python3.9/site-packages/construct/core.py", line 312, in _parsereport
    obj = self._parse(stream, context, path)
  File "/home/travis/virtualenv/python3.9.0/lib/python3.9/site-packages/construct/core.py", line 3987, in _parse
    obj = self.subcon._parsereport(stream, context, path)
  File "/home/travis/virtualenv/python3.9.0/lib/python3.9/site-packages/construct/core.py", line 312, in _parsereport
    obj = self._parse(stream, context, path)
  File "/home/travis/virtualenv/python3.9.0/lib/python3.9/site-packages/construct/core.py", line 5534, in _parse
    return sc._parsereport(stream, context, path)
  File "/home/travis/virtualenv/python3.9.0/lib/python3.9/site-packages/construct/core.py", line 312, in _parsereport
    obj = self._parse(stream, context, path)
  File "/home/travis/virtualenv/python3.9.0/lib/python3.9/site-packages/construct/core.py", line 1981, in _parse
    subobj = sc._parsereport(stream, context, path)
  File "/home/travis/virtualenv/python3.9.0/lib/python3.9/site-packages/construct/core.py", line 312, in _parsereport
    obj = self._parse(stream, context, path)
  File "/home/travis/virtualenv/python3.9.0/lib/python3.9/site-packages/construct/core.py", line 2439, in _parse
    return self.subcon._parsereport(stream, context, path)
  File "/home/travis/virtualenv/python3.9.0/lib/python3.9/site-packages/construct/core.py", line 312, in _parsereport
    obj = self._parse(stream, context, path)
  File "/home/travis/virtualenv/python3.9.0/lib/python3.9/site-packages/construct/core.py", line 3987, in _parse
    obj = self.subcon._parsereport(stream, context, path)
  File "/home/travis/virtualenv/python3.9.0/lib/python3.9/site-packages/construct/core.py", line 312, in _parsereport
    obj = self._parse(stream, context, path)
  File "/home/travis/virtualenv/python3.9.0/lib/python3.9/site-packages/construct/core.py", line 5534, in _parse
    return sc._parsereport(stream, context, path)
  File "/home/travis/virtualenv/python3.9.0/lib/python3.9/site-packages/construct/core.py", line 312, in _parsereport
    obj = self._parse(stream, context, path)
  File "/home/travis/virtualenv/python3.9.0/lib/python3.9/site-packages/construct/core.py", line 1981, in _parse
    subobj = sc._parsereport(stream, context, path)
  File "/home/travis/virtualenv/python3.9.0/lib/python3.9/site-packages/construct/core.py", line 312, in _parsereport
    obj = self._parse(stream, context, path)
  File "/home/travis/virtualenv/python3.9.0/lib/python3.9/site-packages/construct/core.py", line 2439, in _parse
    return self.subcon._parsereport(stream, context, path)
  File "/home/travis/virtualenv/python3.9.0/lib/python3.9/site-packages/construct/core.py", line 312, in _parsereport
    obj = self._parse(stream, context, path)
  File "/home/travis/virtualenv/python3.9.0/lib/python3.9/site-packages/construct/core.py", line 3987, in _parse
    obj = self.subcon._parsereport(stream, context, path)
  File "/home/travis/virtualenv/python3.9.0/lib/python3.9/site-packages/construct/core.py", line 312, in _parsereport
    obj = self._parse(stream, context, path)
  File "/home/travis/virtualenv/python3.9.0/lib/python3.9/site-packages/construct/core.py", line 5534, in _parse
    return sc._parsereport(stream, context, path)
  File "/home/travis/virtualenv/python3.9.0/lib/python3.9/site-packages/construct/core.py", line 312, in _parsereport
    obj = self._parse(stream, context, path)
  File "/home/travis/virtualenv/python3.9.0/lib/python3.9/site-packages/construct/core.py", line 1981, in _parse
    subobj = sc._parsereport(stream, context, path)
  File "/home/travis/virtualenv/python3.9.0/lib/python3.9/site-packages/construct/core.py", line 312, in _parsereport
    obj = self._parse(stream, context, path)
  File "/home/travis/virtualenv/python3.9.0/lib/python3.9/site-packages/construct/core.py", line 2439, in _parse
    return self.subcon._parsereport(stream, context, path)
  File "/home/travis/virtualenv/python3.9.0/lib/python3.9/site-packages/construct/core.py", line 312, in _parsereport
    obj = self._parse(stream, context, path)
  File "/home/travis/virtualenv/python3.9.0/lib/python3.9/site-packages/construct/core.py", line 3987, in _parse
    obj = self.subcon._parsereport(stream, context, path)
  File "/home/travis/virtualenv/python3.9.0/lib/python3.9/site-packages/construct/core.py", line 312, in _parsereport
    obj = self._parse(stream, context, path)
  File "/home/travis/virtualenv/python3.9.0/lib/python3.9/site-packages/construct/core.py", line 5534, in _parse
    return sc._parsereport(stream, context, path)
  File "/home/travis/virtualenv/python3.9.0/lib/python3.9/site-packages/construct/core.py", line 312, in _parsereport
    obj = self._parse(stream, context, path)
  File "/home/travis/virtualenv/python3.9.0/lib/python3.9/site-packages/construct/core.py", line 1981, in _parse
    subobj = sc._parsereport(stream, context, path)
  File "/home/travis/virtualenv/python3.9.0/lib/python3.9/site-packages/construct/core.py", line 312, in _parsereport
    obj = self._parse(stream, context, path)
  File "/home/travis/virtualenv/python3.9.0/lib/python3.9/site-packages/construct/core.py", line 2439, in _parse
    return self.subcon._parsereport(stream, context, path)
  File "/home/travis/virtualenv/python3.9.0/lib/python3.9/site-packages/construct/core.py", line 312, in _parsereport
    obj = self._parse(stream, context, path)
  File "/home/travis/virtualenv/python3.9.0/lib/python3.9/site-packages/construct/core.py", line 3987, in _parse
    obj = self.subcon._parsereport(stream, context, path)
  File "/home/travis/virtualenv/python3.9.0/lib/python3.9/site-packages/construct/core.py", line 312, in _parsereport
    obj = self._parse(stream, context, path)
  File "/home/travis/virtualenv/python3.9.0/lib/python3.9/site-packages/construct/core.py", line 5534, in _parse
    return sc._parsereport(stream, context, path)
  File "/home/travis/virtualenv/python3.9.0/lib/python3.9/site-packages/construct/core.py", line 312, in _parsereport
    obj = self._parse(stream, context, path)
  File "/home/travis/virtualenv/python3.9.0/lib/python3.9/site-packages/construct/core.py", line 1981, in _parse
    subobj = sc._parsereport(stream, context, path)
  File "/home/travis/virtualenv/python3.9.0/lib/python3.9/site-packages/construct/core.py", line 312, in _parsereport
    obj = self._parse(stream, context, path)
  File "/home/travis/virtualenv/python3.9.0/lib/python3.9/site-packages/construct/core.py", line 2439, in _parse
    return self.subcon._parsereport(stream, context, path)
  File "/home/travis/virtualenv/python3.9.0/lib/python3.9/site-packages/construct/core.py", line 312, in _parsereport
    obj = self._parse(stream, context, path)
  File "/home/travis/virtualenv/python3.9.0/lib/python3.9/site-packages/construct/core.py", line 3987, in _parse
    obj = self.subcon._parsereport(stream, context, path)
  File "/home/travis/virtualenv/python3.9.0/lib/python3.9/site-packages/construct/core.py", line 312, in _parsereport
    obj = self._parse(stream, context, path)
  File "/home/travis/virtualenv/python3.9.0/lib/python3.9/site-packages/construct/core.py", line 5534, in _parse
    return sc._parsereport(stream, context, path)
  File "/home/travis/virtualenv/python3.9.0/lib/python3.9/site-packages/construct/core.py", line 312, in _parsereport
    obj = self._parse(stream, context, path)
  File "/home/travis/virtualenv/python3.9.0/lib/python3.9/site-packages/construct/core.py", line 1981, in _parse
    subobj = sc._parsereport(stream, context, path)
  File "/home/travis/virtualenv/python3.9.0/lib/python3.9/site-packages/construct/core.py", line 312, in _parsereport
    obj = self._parse(stream, context, path)
  File "/home/travis/virtualenv/python3.9.0/lib/python3.9/site-packages/construct/core.py", line 2439, in _parse
    return self.subcon._parsereport(stream, context, path)
  File "/home/travis/virtualenv/python3.9.0/lib/python3.9/site-packages/construct/core.py", line 312, in _parsereport
    obj = self._parse(stream, context, path)
  File "/home/travis/virtualenv/python3.9.0/lib/python3.9/site-packages/construct/core.py", line 3987, in _parse
    obj = self.subcon._parsereport(stream, context, path)
  File "/home/travis/virtualenv/python3.9.0/lib/python3.9/site-packages/construct/core.py", line 312, in _parsereport
    obj = self._parse(stream, context, path)
  File "/home/travis/virtualenv/python3.9.0/lib/python3.9/site-packages/construct/core.py", line 5534, in _parse
    return sc._parsereport(stream, context, path)
  File "/home/travis/virtualenv/python3.9.0/lib/python3.9/site-packages/construct/core.py", line 312, in _parsereport
    obj = self._parse(stream, context, path)
  File "/home/travis/virtualenv/python3.9.0/lib/python3.9/site-packages/construct/core.py", line 1981, in _parse
    subobj = sc._parsereport(stream, context, path)
  File "/home/travis/virtualenv/python3.9.0/lib/python3.9/site-packages/construct/core.py", line 312, in _parsereport
    obj = self._parse(stream, context, path)
  File "/home/travis/virtualenv/python3.9.0/lib/python3.9/site-packages/construct/core.py", line 2439, in _parse
    return self.subcon._parsereport(stream, context, path)
  File "/home/travis/virtualenv/python3.9.0/lib/python3.9/site-packages/construct/core.py", line 312, in _parsereport
    obj = self._parse(stream, context, path)
  File "/home/travis/virtualenv/python3.9.0/lib/python3.9/site-packages/construct/core.py", line 1019, in _parse
    data = stream_read(stream, self.length, path)
RecursionError: maximum recursion depth exceeded
]]></error>
	</testcase>
</testsuite>
