<?xml version="1.0" encoding="UTF-8"?>
<testsuite name="test_switch_manual_int_else.TestSwitchManualIntElse-20210701222703" tests="1" file="test_switch_manual_int_else.py" time="0.001" timestamp="2021-07-01T22:27:03" failures="0" errors="0" skipped="0">
	<testcase classname="test_switch_manual_int_else.TestSwitchManualIntElse" name="test_switch_manual_int_else" time="0.001" timestamp="2021-07-01T22:27:03" file="spec/construct/test_switch_manual_int_else.py" line="8"/>
</testsuite>
