<?xml version="1.0" encoding="UTF-8"?>
<testsuite name="test_enum_long_range_u.TestEnumLongRangeU-20201106101858" tests="1" file="test_enum_long_range_u.py" time="0.001" timestamp="2020-11-06T10:18:58" failures="0" errors="1" skipped="0">
	<testcase classname="test_enum_long_range_u.TestEnumLongRangeU" name="test_enum_long_range_u" time="0.001" timestamp="2020-11-06T10:18:58" file="spec/construct/test_enum_long_range_u.py" line="8">
		<error type="AttributeError" message="'TestEnumLongRangeU' object has no attribute '_root'"><![CDATA[Traceback (most recent call last):
  File "/home/travis/build/kaitai-io/ci_targets/tests/spec/construct/test_enum_long_range_u.py", line 11, in test_enum_long_range_u
    self.assertEqual(r.f1, self._root.Constants.zero)
AttributeError: 'TestEnumLongRangeU' object has no attribute '_root'
]]></error>
	</testcase>
</testsuite>
