<?xml version="1.0" encoding="UTF-8"?>
<testsuite name="test_enum_fancy.TestEnumFancy" tests="1" file="test_enum_fancy.py" time="0.000" timestamp="2023-07-28T22:12:43" failures="0" errors="0" skipped="0">
	<testcase classname="test_enum_fancy.TestEnumFancy" name="test_enum_fancy" time="0.000" timestamp="2023-07-28T22:12:43" file="spec/construct/test_enum_fancy.py" line="7"/>
</testsuite>
