<?xml version="1.0" encoding="UTF-8"?>
<testsuite errors="0" failures="0" file="test_expr_sizeof_type_0.py" name="test_expr_sizeof_type_0.TestExprSizeofType0-20220505210434" skipped="0" tests="1" time="0.001" timestamp="2022-05-05T21:04:34">
	<testcase classname="test_expr_sizeof_type_0.TestExprSizeofType0" file="spec/construct/test_expr_sizeof_type_0.py" line="8" name="test_expr_sizeof_type_0" time="0.001" timestamp="2022-05-05T21:04:34">
		<system-out>
<![CDATA[]]>		</system-out>
		<system-err>
<![CDATA[]]>		</system-err>
	</testcase>
</testsuite>
