<?xml version="1.0" encoding="UTF-8"?>
<testsuite name="test_enum_invalid.TestEnumInvalid-20201020230353" tests="1" file="test_enum_invalid.py" time="0.001" timestamp="2020-10-20T23:03:53" failures="0" errors="1" skipped="0">
	<testcase classname="test_enum_invalid.TestEnumInvalid" name="test_enum_invalid" time="0.001" timestamp="2020-10-20T23:03:53" file="spec/construct/test_enum_invalid.py" line="8">
		<error type="NameError" message="name 'EnumInvalid' is not defined"><![CDATA[Traceback (most recent call last):
  File "/home/travis/build/kaitai-io/ci_targets/tests/spec/construct/test_enum_invalid.py", line 11, in test_enum_invalid
    self.assertEqual(r.pet_1, EnumInvalid.Animal.dog)
NameError: name 'EnumInvalid' is not defined
]]></error>
		<system-out><![CDATA[]]></system-out>
		<system-err><![CDATA[]]></system-err>
	</testcase>
</testsuite>
