<?xml version="1.0" encoding="UTF-8"?>
<testsuite name="test_buffered_struct.TestBufferedStruct-20220801221716" tests="1" file="test_buffered_struct.py" time="0.001" timestamp="2022-08-01T22:17:16" failures="0" errors="0" skipped="0">
	<testcase classname="test_buffered_struct.TestBufferedStruct" name="test_buffered_struct" time="0.001" timestamp="2022-08-01T22:17:16" file="spec/construct/test_buffered_struct.py" line="8"/>
</testsuite>
