<?xml version="1.0" encoding="UTF-8"?>
<testsuite errors="0" failures="0" file="test_repeat_until_sized.py" name="test_repeat_until_sized.TestRepeatUntilSized-20220505210400" skipped="0" tests="1" time="0.001" timestamp="2022-05-05T21:04:00">
	<testcase classname="test_repeat_until_sized.TestRepeatUntilSized" file="spec/construct/test_repeat_until_sized.py" line="8" name="test_repeat_until_sized" time="0.001" timestamp="2022-05-05T21:04:00">
		<system-out>
<![CDATA[]]>		</system-out>
		<system-err>
<![CDATA[]]>		</system-err>
	</testcase>
</testsuite>
