<?xml version="1.0" encoding="UTF-8"?>
<testsuite errors="0" failures="0" file="test_enum_if.py" name="test_enum_if.TestEnumIf" skipped="0" tests="1" time="0.001" timestamp="2023-07-30T15:26:36">
	<testcase classname="test_enum_if.TestEnumIf" file="spec/construct/test_enum_if.py" line="7" name="test_enum_if" time="0.001" timestamp="2023-07-30T15:26:36">
		<system-out>
<![CDATA[]]>		</system-out>
		<system-err>
<![CDATA[]]>		</system-err>
	</testcase>
</testsuite>
