<?xml version="1.0" encoding="UTF-8"?>
<testsuite errors="0" failures="0" file="test_enum_fancy.py" name="test_enum_fancy.TestEnumFancy" skipped="0" tests="1" time="0.000" timestamp="2023-07-24T14:10:24">
	<testcase classname="test_enum_fancy.TestEnumFancy" file="spec/construct/test_enum_fancy.py" line="7" name="test_enum_fancy" time="0.000" timestamp="2023-07-24T14:10:24">
		<system-out>
<![CDATA[]]>		</system-out>
		<system-err>
<![CDATA[]]>		</system-err>
	</testcase>
</testsuite>
