<?xml version="1.0" encoding="UTF-8"?>
<testsuite errors="0" failures="0" file="test_docstrings_docref_multi.py" name="test_docstrings_docref_multi.TestDocstringsDocrefMulti-20230627090126" skipped="0" tests="1" time="0.000" timestamp="2023-06-27T09:01:26">
	<testcase classname="test_docstrings_docref_multi.TestDocstringsDocrefMulti" file="spec/construct/test_docstrings_docref_multi.py" line="7" name="test_docstrings_docref_multi" time="0.000" timestamp="2023-06-27T09:01:26">
		<system-out>
<![CDATA[]]>		</system-out>
		<system-err>
<![CDATA[]]>		</system-err>
	</testcase>
</testsuite>
