<?xml version="1.0" encoding="UTF-8"?>
<testsuite name="test_enum_int_range_s.TestEnumIntRangeS-20220409012352" tests="1" file="test_enum_int_range_s.py" time="0.001" timestamp="2022-04-09T01:23:52" failures="0" errors="1" skipped="0">
	<testcase classname="test_enum_int_range_s.TestEnumIntRangeS" name="test_enum_int_range_s" time="0.001" timestamp="2022-04-09T01:23:52" file="spec/construct/test_enum_int_range_s.py" line="8">
		<error type="AttributeError" message="'TestEnumIntRangeS' object has no attribute '_root'"><![CDATA[Traceback (most recent call last):
  File "/home/travis/build/kaitai-io/ci_targets/tests/spec/construct/test_enum_int_range_s.py", line 11, in test_enum_int_range_s
    self.assertEqual(r.f1, self._root.Constants.int_min)
AttributeError: 'TestEnumIntRangeS' object has no attribute '_root'
]]></error>
	</testcase>
</testsuite>
