<?xml version="1.0" encoding="UTF-8"?>
<testsuite name="test_integers_min_max.TestIntegersMinMax-20230628194709" tests="1" file="test_integers_min_max.py" time="0.002" timestamp="2023-06-28T19:47:09" failures="0" errors="0" skipped="0">
	<testcase classname="test_integers_min_max.TestIntegersMinMax" name="test_integers_min_max" time="0.002" timestamp="2023-06-28T19:47:09" file="spec/construct/test_integers_min_max.py" line="8"/>
</testsuite>
