<?xml version="1.0" encoding="UTF-8"?>
<testsuite errors="0" failures="0" file="test_if_instances.py" name="test_if_instances.TestIfInstances-20220623171421" skipped="0" tests="1" time="0.001" timestamp="2022-06-23T17:14:21">
	<testcase classname="test_if_instances.TestIfInstances" file="spec/construct/test_if_instances.py" line="7" name="test_if_instances" time="0.001" timestamp="2022-06-23T17:14:21">
		<system-out>
<![CDATA[]]>		</system-out>
		<system-err>
<![CDATA[]]>		</system-err>
	</testcase>
</testsuite>
