<?xml version="1.0" encoding="UTF-8"?>
<testsuite name="test_repeat_until_calc_array_type.TestRepeatUntilCalcArrayType-20201106111735" tests="1" file="test_repeat_until_calc_array_type.py" time="0.001" timestamp="2020-11-06T11:17:35" failures="0" errors="0" skipped="0">
	<testcase classname="test_repeat_until_calc_array_type.TestRepeatUntilCalcArrayType" name="test_repeat_until_calc_array_type" time="0.001" timestamp="2020-11-06T11:17:35" file="spec/construct/test_repeat_until_calc_array_type.py" line="8"/>
</testsuite>
