<?xml version="1.0" encoding="UTF-8"?>
<testsuite name="test_meta_xref.TestMetaXref-20201020230353" tests="1" file="test_meta_xref.py" time="0.001" timestamp="2020-10-20T23:03:53" failures="0" errors="0" skipped="0">
	<testcase classname="test_meta_xref.TestMetaXref" name="test_meta_xref" time="0.001" timestamp="2020-10-20T23:03:53" file="spec/construct/test_meta_xref.py" line="8">
		<system-out><![CDATA[]]></system-out>
		<system-err><![CDATA[]]></system-err>
	</testcase>
</testsuite>
