<?xml version="1.0" encoding="UTF-8"?>
<testsuite name="test_opaque_external_type_02_parent.TestOpaqueExternalType02Parent-20201031095949" tests="1" file="test_opaque_external_type_02_parent.py" time="0.001" timestamp="2020-10-31T09:59:49" failures="0" errors="1" skipped="0">
	<testcase classname="test_opaque_external_type_02_parent.TestOpaqueExternalType02Parent" name="test_opaque_external_type_02_parent" time="0.001" timestamp="2020-10-31T09:59:49" file="spec/construct/test_opaque_external_type_02_parent.py" line="6">
		<error type="NameError" message="name 'opaque_external_type_02_child' is not defined"><![CDATA[Traceback (most recent call last):
  File "/home/travis/build/kaitai-io/ci_targets/tests/spec/construct/test_opaque_external_type_02_parent.py", line 7, in test_opaque_external_type_02_parent
    r = _schema.parse_file('src/term_strz.bin')
  File "/home/travis/virtualenv/python3.9.0/lib/python3.9/site-packages/construct/core.py", line 309, in parse_file
    return self.parse_stream(f, **contextkw)
  File "/home/travis/virtualenv/python3.9.0/lib/python3.9/site-packages/construct/core.py", line 300, in parse_stream
    return self._parsereport(stream, context, "(parsing)")
  File "/home/travis/virtualenv/python3.9.0/lib/python3.9/site-packages/construct/core.py", line 312, in _parsereport
    obj = self._parse(stream, context, path)
  File "/home/travis/virtualenv/python3.9.0/lib/python3.9/site-packages/construct/core.py", line 1981, in _parse
    subobj = sc._parsereport(stream, context, path)
  File "/home/travis/virtualenv/python3.9.0/lib/python3.9/site-packages/construct/core.py", line 312, in _parsereport
    obj = self._parse(stream, context, path)
  File "/home/travis/virtualenv/python3.9.0/lib/python3.9/site-packages/construct/core.py", line 2439, in _parse
    return self.subcon._parsereport(stream, context, path)
  File "/home/travis/virtualenv/python3.9.0/lib/python3.9/site-packages/construct/core.py", line 312, in _parsereport
    obj = self._parse(stream, context, path)
  File "/home/travis/virtualenv/python3.9.0/lib/python3.9/site-packages/construct/core.py", line 5534, in _parse
    return sc._parsereport(stream, context, path)
  File "/home/travis/virtualenv/python3.9.0/lib/python3.9/site-packages/construct/core.py", line 312, in _parsereport
    obj = self._parse(stream, context, path)
  File "/home/travis/virtualenv/python3.9.0/lib/python3.9/site-packages/construct/core.py", line 1981, in _parse
    subobj = sc._parsereport(stream, context, path)
  File "/home/travis/virtualenv/python3.9.0/lib/python3.9/site-packages/construct/core.py", line 312, in _parsereport
    obj = self._parse(stream, context, path)
  File "/home/travis/virtualenv/python3.9.0/lib/python3.9/site-packages/construct/core.py", line 2439, in _parse
    return self.subcon._parsereport(stream, context, path)
  File "/home/travis/virtualenv/python3.9.0/lib/python3.9/site-packages/construct/core.py", line 312, in _parsereport
    obj = self._parse(stream, context, path)
  File "/home/travis/virtualenv/python3.9.0/lib/python3.9/site-packages/construct/core.py", line 5533, in _parse
    sc = self.subconfunc()
  File "/home/travis/build/kaitai-io/ci_targets/tests/compiled/construct/opaque_external_type_02_parent.py", line 5, in <lambda>
    'child' / LazyBound(lambda: opaque_external_type_02_child),
NameError: name 'opaque_external_type_02_child' is not defined
]]></error>
	</testcase>
</testsuite>
