<?xml version="1.0" encoding="UTF-8"?>
<testsuite errors="0" failures="0" file="test_repeat_n_struct.py" name="test_repeat_n_struct.TestRepeatNStruct-20220318130449" skipped="0" tests="1" time="0.001" timestamp="2022-03-18T13:04:49">
	<testcase classname="test_repeat_n_struct.TestRepeatNStruct" file="spec/construct/test_repeat_n_struct.py" line="8" name="test_repeat_n_struct" time="0.001" timestamp="2022-03-18T13:04:49">
		<system-out>
<![CDATA[]]>		</system-out>
		<system-err>
<![CDATA[]]>		</system-err>
	</testcase>
</testsuite>
