<?xml version="1.0" encoding="UTF-8"?>
<testsuite errors="0" failures="0" file="test_valid_long.py" name="test_valid_long.TestValidLong" skipped="0" tests="1" time="0.000" timestamp="2023-07-30T15:26:36">
	<testcase classname="test_valid_long.TestValidLong" file="spec/construct/test_valid_long.py" line="8" name="test_valid_long" time="0.000" timestamp="2023-07-30T15:26:36">
		<system-out>
<![CDATA[]]>		</system-out>
		<system-err>
<![CDATA[]]>		</system-err>
	</testcase>
</testsuite>
