<?xml version="1.0" encoding="UTF-8"?>
<testsuite name="test_repeat_eos_u4.TestRepeatEosU4-20220707225848" tests="1" file="test_repeat_eos_u4.py" time="0.000" timestamp="2022-07-07T22:58:48" failures="0" errors="0" skipped="0">
	<testcase classname="test_repeat_eos_u4.TestRepeatEosU4" name="test_repeat_eos_u4" time="0.000" timestamp="2022-07-07T22:58:48" file="spec/construct/test_repeat_eos_u4.py" line="8"/>
</testsuite>
