<?xml version="1.0" encoding="UTF-8"?>
<testsuite errors="0" failures="0" file="test_enum_int_range_s.py" name="test_enum_int_range_s.TestEnumIntRangeS-20220623173026" skipped="0" tests="1" time="0.001" timestamp="2022-06-23T17:30:26">
	<testcase classname="test_enum_int_range_s.TestEnumIntRangeS" file="spec/construct/test_enum_int_range_s.py" line="7" name="test_enum_int_range_s" time="0.001" timestamp="2022-06-23T17:30:26">
		<system-out>
<![CDATA[]]>		</system-out>
		<system-err>
<![CDATA[]]>		</system-err>
	</testcase>
</testsuite>
