<?xml version="1.0" encoding="UTF-8"?>
<testsuite name="test_recursive_one.TestRecursiveOne-20220617122803" tests="1" file="test_recursive_one.py" time="0.001" timestamp="2022-06-17T12:28:04" failures="0" errors="0" skipped="0">
	<testcase classname="test_recursive_one.TestRecursiveOne" name="test_recursive_one" time="0.001" timestamp="2022-06-17T12:28:04" file="spec/construct/test_recursive_one.py" line="7"/>
</testsuite>
