<?xml version="1.0" encoding="UTF-8"?>
<testsuite name="test_term_strz.TestTermStrz-20200824175310" tests="1" file="test_term_strz.py" time="0.001" timestamp="2020-08-24T17:53:10" failures="0" errors="0" skipped="0">
	<testcase classname="test_term_strz.TestTermStrz" name="test_term_strz" time="0.001" timestamp="2020-08-24T17:53:10" file="spec/construct/test_term_strz.py" line="8">
		<system-out><![CDATA[]]></system-out>
		<system-err><![CDATA[]]></system-err>
	</testcase>
</testsuite>
