<?xml version="1.0" encoding="UTF-8"?>
<testsuite errors="0" failures="0" file="test_hello_world.py" name="test_hello_world.TestHelloWorld" skipped="0" tests="1" time="0.000" timestamp="2023-07-23T22:32:38">
	<testcase classname="test_hello_world.TestHelloWorld" file="spec/construct/test_hello_world.py" line="8" name="test_hello_world" time="0.000" timestamp="2023-07-23T22:32:38">
		<system-out>
<![CDATA[]]>		</system-out>
		<system-err>
<![CDATA[]]>		</system-err>
	</testcase>
</testsuite>
