<?xml version="1.0" encoding="UTF-8"?>
<testsuite name="test_str_encodings.TestStrEncodings-20220728094514" tests="1" file="test_str_encodings.py" time="0.001" timestamp="2022-07-28T09:45:14" failures="0" errors="0" skipped="0">
	<testcase classname="test_str_encodings.TestStrEncodings" name="test_str_encodings" time="0.001" timestamp="2022-07-28T09:45:14" file="spec/construct/test_str_encodings.py" line="8"/>
</testsuite>
