<?xml version="1.0" encoding="UTF-8"?>
<testsuite name="test_switch_integers2.TestSwitchIntegers2-20230627090132" tests="1" file="test_switch_integers2.py" time="0.001" timestamp="2023-06-27T09:01:32" failures="0" errors="0" skipped="0">
	<testcase classname="test_switch_integers2.TestSwitchIntegers2" name="test_switch_integers2" time="0.001" timestamp="2023-06-27T09:01:32" file="spec/construct/test_switch_integers2.py" line="8"/>
</testsuite>
