<?xml version="1.0" encoding="UTF-8"?>
<testsuite name="test_docstrings_docref_multi.TestDocstringsDocrefMulti-20220801170217" tests="1" file="test_docstrings_docref_multi.py" time="0.000" timestamp="2022-08-01T17:02:17" failures="0" errors="0" skipped="0">
	<testcase classname="test_docstrings_docref_multi.TestDocstringsDocrefMulti" name="test_docstrings_docref_multi" time="0.000" timestamp="2022-08-01T17:02:17" file="spec/construct/test_docstrings_docref_multi.py" line="7"/>
</testsuite>
