<?xml version="1.0" encoding="UTF-8"?>
<testsuite name="test_valid_not_parsed_if.TestValidNotParsedIf-20220313103530" tests="1" file="test_valid_not_parsed_if.py" time="0.000" timestamp="2022-03-13T10:35:30" failures="0" errors="0" skipped="0">
	<testcase classname="test_valid_not_parsed_if.TestValidNotParsedIf" name="test_valid_not_parsed_if" time="0.000" timestamp="2022-03-13T10:35:30" file="spec/construct/test_valid_not_parsed_if.py" line="8"/>
</testsuite>
