<?xml version="1.0" encoding="UTF-8"?>
<testsuite name="test_combine_enum.TestCombineEnum-20220505210433" tests="1" file="test_combine_enum.py" time="0.001" timestamp="2022-05-05T21:04:33" failures="0" errors="0" skipped="0">
	<testcase classname="test_combine_enum.TestCombineEnum" name="test_combine_enum" time="0.001" timestamp="2022-05-05T21:04:33" file="spec/construct/test_combine_enum.py" line="7"/>
</testsuite>
