<?xml version="1.0" encoding="UTF-8"?>
<testsuite errors="0" failures="0" file="test_expr_sizeof_value_0.py" name="test_expr_sizeof_value_0.TestExprSizeofValue0-20211106162837" skipped="0" tests="1" time="0.001" timestamp="2021-11-06T16:28:37">
	<testcase classname="test_expr_sizeof_value_0.TestExprSizeofValue0" file="spec/construct/test_expr_sizeof_value_0.py" line="8" name="test_expr_sizeof_value_0" time="0.001" timestamp="2021-11-06T16:28:37">
		<system-out>
<![CDATA[]]>		</system-out>
		<system-err>
<![CDATA[]]>		</system-err>
	</testcase>
</testsuite>
