<?xml version="1.0" encoding="UTF-8"?>
<testsuite errors="0" failures="0" file="test_str_pad_term.py" name="test_str_pad_term.TestStrPadTerm-20201031095852" skipped="0" tests="1" time="0.001" timestamp="2020-10-31T09:58:52">
	<testcase classname="test_str_pad_term.TestStrPadTerm" file="spec/construct/test_str_pad_term.py" line="8" name="test_str_pad_term" time="0.001" timestamp="2020-10-31T09:58:52">
		<system-out>
<![CDATA[]]>		</system-out>
		<system-err>
<![CDATA[]]>		</system-err>
	</testcase>
</testsuite>
