<?xml version="1.0" encoding="UTF-8"?>
<testsuite errors="1" failures="0" file="test_process_to_user.py" name="test_process_to_user.TestProcessToUser-20230721170639" skipped="0" tests="1" time="0.001" timestamp="2023-07-21T17:06:39">
	<testcase classname="test_process_to_user.TestProcessToUser" file="spec/construct/test_process_to_user.py" line="8" name="test_process_to_user" time="0.001" timestamp="2023-07-21T17:06:39">
		<error message="'utf8' codec can't decode byte 0xac in position 1: invalid start byte" type="UnicodeDecodeError">
<![CDATA[Traceback (most recent call last):
  File "/tests/spec/construct/test_process_to_user.py", line 9, in test_process_to_user
    r = _schema.parse_file('src/process_rotate.bin')
  File "/usr/local/lib/python2.7/site-packages/construct/core.py", line 309, in parse_file
    return self.parse_stream(f, **contextkw)
  File "/usr/local/lib/python2.7/site-packages/construct/core.py", line 300, in parse_stream
    return self._parsereport(stream, context, "(parsing)")
  File "/usr/local/lib/python2.7/site-packages/construct/core.py", line 312, in _parsereport
    obj = self._parse(stream, context, path)
  File "/usr/local/lib/python2.7/site-packages/construct/core.py", line 1982, in _parse
    subobj = sc._parsereport(stream, context, path)
  File "/usr/local/lib/python2.7/site-packages/construct/core.py", line 312, in _parsereport
    obj = self._parse(stream, context, path)
  File "/usr/local/lib/python2.7/site-packages/construct/core.py", line 2440, in _parse
    return self.subcon._parsereport(stream, context, path)
  File "/usr/local/lib/python2.7/site-packages/construct/core.py", line 312, in _parsereport
    obj = self._parse(stream, context, path)
  File "/usr/local/lib/python2.7/site-packages/construct/core.py", line 4497, in _parse
    return self.subcon._parsereport(io.BytesIO(data), context, path)
  File "/usr/local/lib/python2.7/site-packages/construct/core.py", line 312, in _parsereport
    obj = self._parse(stream, context, path)
  File "/usr/local/lib/python2.7/site-packages/construct/core.py", line 5535, in _parse
    return sc._parsereport(stream, context, path)
  File "/usr/local/lib/python2.7/site-packages/construct/core.py", line 312, in _parsereport
    obj = self._parse(stream, context, path)
  File "/usr/local/lib/python2.7/site-packages/construct/core.py", line 1982, in _parse
    subobj = sc._parsereport(stream, context, path)
  File "/usr/local/lib/python2.7/site-packages/construct/core.py", line 312, in _parsereport
    obj = self._parse(stream, context, path)
  File "/usr/local/lib/python2.7/site-packages/construct/core.py", line 2440, in _parse
    return self.subcon._parsereport(stream, context, path)
  File "/usr/local/lib/python2.7/site-packages/construct/core.py", line 312, in _parsereport
    obj = self._parse(stream, context, path)
  File "/usr/local/lib/python2.7/site-packages/construct/core.py", line 698, in _parse
    return self._decode(obj, context, path)
  File "/usr/local/lib/python2.7/site-packages/construct/core.py", line 1496, in _decode
    return obj.decode(self.encoding)
  File "/usr/local/lib/python2.7/encodings/utf_8.py", line 16, in decode
    return codecs.utf_8_decode(input, errors, True)
UnicodeDecodeError: 'utf8' codec can't decode byte 0xac in position 1: invalid start byte
]]>		</error>
		<system-out>
<![CDATA[]]>		</system-out>
		<system-err>
<![CDATA[]]>		</system-err>
	</testcase>
</testsuite>
