<?xml version="1.0" encoding="UTF-8"?>
<testsuite name="test_enum_long_range_u.TestEnumLongRangeU" tests="1" file="test_enum_long_range_u.py" time="0.000" timestamp="2023-07-30T15:26:35" failures="0" errors="0" skipped="0">
	<testcase classname="test_enum_long_range_u.TestEnumLongRangeU" name="test_enum_long_range_u" time="0.000" timestamp="2023-07-30T15:26:35" file="spec/construct/test_enum_long_range_u.py" line="7"/>
</testsuite>
