<?xml version="1.0" encoding="UTF-8"?>
<testsuite name="test_nested_types.TestNestedTypes-20220728001417" tests="1" file="test_nested_types.py" time="0.000" timestamp="2022-07-28T00:14:17" failures="0" errors="0" skipped="0">
	<testcase classname="test_nested_types.TestNestedTypes" name="test_nested_types" time="0.000" timestamp="2022-07-28T00:14:17" file="spec/construct/test_nested_types.py" line="8"/>
</testsuite>
