<?xml version="1.0" encoding="UTF-8"?>
<testsuite name="test_if_instances.TestIfInstances-20220505210433" tests="1" file="test_if_instances.py" time="0.000" timestamp="2022-05-05T21:04:33" failures="0" errors="0" skipped="0">
	<testcase classname="test_if_instances.TestIfInstances" name="test_if_instances" time="0.000" timestamp="2022-05-05T21:04:33" file="spec/construct/test_if_instances.py" line="7"/>
</testsuite>
