<?xml version="1.0" encoding="UTF-8"?>
<testsuite errors="0" failures="0" file="test_nested_types3.py" name="test_nested_types3.TestNestedTypes3-20211115222321" skipped="0" tests="1" time="0.002" timestamp="2021-11-15T22:23:21">
	<testcase classname="test_nested_types3.TestNestedTypes3" file="spec/construct/test_nested_types3.py" line="8" name="test_nested_types3" time="0.002" timestamp="2021-11-15T22:23:21">
		<system-out>
<![CDATA[]]>		</system-out>
		<system-err>
<![CDATA[]]>		</system-err>
	</testcase>
</testsuite>
