<?xml version="1.0" encoding="UTF-8"?>
<testsuite name="test_bytes_pad_term.TestBytesPadTerm-20220728001417" tests="1" file="test_bytes_pad_term.py" time="0.001" timestamp="2022-07-28T00:14:17" failures="0" errors="0" skipped="0">
	<testcase classname="test_bytes_pad_term.TestBytesPadTerm" name="test_bytes_pad_term" time="0.001" timestamp="2022-07-28T00:14:17" file="spec/construct/test_bytes_pad_term.py" line="8"/>
</testsuite>
