<?xml version="1.0" encoding="UTF-8"?>
<testsuite errors="0" failures="0" file="test_meta_tags.py" name="test_meta_tags.TestMetaTags-20230721170642" skipped="0" tests="1" time="0.000" timestamp="2023-07-21T17:06:42">
	<testcase classname="test_meta_tags.TestMetaTags" file="spec/construct/test_meta_tags.py" line="8" name="test_meta_tags" time="0.000" timestamp="2023-07-21T17:06:42">
		<system-out>
<![CDATA[]]>		</system-out>
		<system-err>
<![CDATA[]]>		</system-err>
	</testcase>
</testsuite>
