<?xml version="1.0" encoding="UTF-8"?>
<testsuite name="test_nav_parent_switch_cast.TestNavParentSwitchCast-20220415203318" tests="1" file="test_nav_parent_switch_cast.py" time="0.001" timestamp="2022-04-15T20:33:18" failures="0" errors="0" skipped="0">
	<testcase classname="test_nav_parent_switch_cast.TestNavParentSwitchCast" name="test_nav_parent_switch_cast" time="0.001" timestamp="2022-04-15T20:33:18" file="spec/construct/test_nav_parent_switch_cast.py" line="8"/>
</testsuite>
