<?xml version="1.0" encoding="UTF-8"?>
<testsuite name="unittest.loader._FailedTest-20230628194709" tests="31" file="unittest/loader.py" time="0.013" timestamp="2023-06-28T19:47:09" failures="0" errors="31" skipped="0">
	<testcase classname="unittest.loader._FailedTest" name="test_bits_byte_aligned" time="0.000" timestamp="2023-06-28T19:47:09" file="/opt/python/3.10.9/lib/python3.10/unittest/loader.py" line="33">
		<error type="ImportError" message="Failed to import test module: test_bits_byte_aligned
Traceback (most recent call last):
  File &quot;/opt/python/3.10.9/lib/python3.10/unittest/loader.py&quot;, line 436, in _find_test_path
    module = self._get_module_from_name(name)
  File &quot;/opt/python/3.10.9/lib/python3.10/unittest/loader.py&quot;, line 377, in _get_module_from_name
    __import__(name)
  File &quot;/home/travis/build/kaitai-io/ci_targets/tests/spec/construct/test_bits_byte_aligned.py&quot;, line 5, in &lt;module&gt;
    from bits_byte_aligned import _schema
  File &quot;/home/travis/build/kaitai-io/ci_targets/tests/compiled/construct/bits_byte_aligned.py&quot;, line 5
    	'one' / ???,
    	        ^
SyntaxError: invalid syntax
"><![CDATA[ImportError: Failed to import test module: test_bits_byte_aligned
Traceback (most recent call last):
  File "/opt/python/3.10.9/lib/python3.10/unittest/loader.py", line 436, in _find_test_path
    module = self._get_module_from_name(name)
  File "/opt/python/3.10.9/lib/python3.10/unittest/loader.py", line 377, in _get_module_from_name
    __import__(name)
  File "/home/travis/build/kaitai-io/ci_targets/tests/spec/construct/test_bits_byte_aligned.py", line 5, in <module>
    from bits_byte_aligned import _schema
  File "/home/travis/build/kaitai-io/ci_targets/tests/compiled/construct/bits_byte_aligned.py", line 5
    	'one' / ???,
    	        ^
SyntaxError: invalid syntax

]]></error>
	</testcase>
	<testcase classname="unittest.loader._FailedTest" name="test_bits_enum" time="0.000" timestamp="2023-06-28T19:47:09" file="/opt/python/3.10.9/lib/python3.10/unittest/loader.py" line="33">
		<error type="ImportError" message="Failed to import test module: test_bits_enum
Traceback (most recent call last):
  File &quot;/opt/python/3.10.9/lib/python3.10/unittest/loader.py&quot;, line 436, in _find_test_path
    module = self._get_module_from_name(name)
  File &quot;/opt/python/3.10.9/lib/python3.10/unittest/loader.py&quot;, line 377, in _get_module_from_name
    __import__(name)
  File &quot;/home/travis/build/kaitai-io/ci_targets/tests/spec/construct/test_bits_enum.py&quot;, line 4, in &lt;module&gt;
    from bits_enum import _schema
  File &quot;/home/travis/build/kaitai-io/ci_targets/tests/compiled/construct/bits_enum.py&quot;, line 12
    	'one' / Enum(???, bits_enum__animal),
    	             ^
SyntaxError: invalid syntax
"><![CDATA[ImportError: Failed to import test module: test_bits_enum
Traceback (most recent call last):
  File "/opt/python/3.10.9/lib/python3.10/unittest/loader.py", line 436, in _find_test_path
    module = self._get_module_from_name(name)
  File "/opt/python/3.10.9/lib/python3.10/unittest/loader.py", line 377, in _get_module_from_name
    __import__(name)
  File "/home/travis/build/kaitai-io/ci_targets/tests/spec/construct/test_bits_enum.py", line 4, in <module>
    from bits_enum import _schema
  File "/home/travis/build/kaitai-io/ci_targets/tests/compiled/construct/bits_enum.py", line 12
    	'one' / Enum(???, bits_enum__animal),
    	             ^
SyntaxError: invalid syntax

]]></error>
	</testcase>
	<testcase classname="unittest.loader._FailedTest" name="test_bits_seq_endian_combo" time="0.000" timestamp="2023-06-28T19:47:09" file="/opt/python/3.10.9/lib/python3.10/unittest/loader.py" line="33">
		<error type="ImportError" message="Failed to import test module: test_bits_seq_endian_combo
Traceback (most recent call last):
  File &quot;/opt/python/3.10.9/lib/python3.10/unittest/loader.py&quot;, line 436, in _find_test_path
    module = self._get_module_from_name(name)
  File &quot;/opt/python/3.10.9/lib/python3.10/unittest/loader.py&quot;, line 377, in _get_module_from_name
    __import__(name)
  File &quot;/home/travis/build/kaitai-io/ci_targets/tests/spec/construct/test_bits_seq_endian_combo.py&quot;, line 4, in &lt;module&gt;
    from bits_seq_endian_combo import _schema
  File &quot;/home/travis/build/kaitai-io/ci_targets/tests/compiled/construct/bits_seq_endian_combo.py&quot;, line 5
    	'be1' / ???,
    	        ^
SyntaxError: invalid syntax
"><![CDATA[ImportError: Failed to import test module: test_bits_seq_endian_combo
Traceback (most recent call last):
  File "/opt/python/3.10.9/lib/python3.10/unittest/loader.py", line 436, in _find_test_path
    module = self._get_module_from_name(name)
  File "/opt/python/3.10.9/lib/python3.10/unittest/loader.py", line 377, in _get_module_from_name
    __import__(name)
  File "/home/travis/build/kaitai-io/ci_targets/tests/spec/construct/test_bits_seq_endian_combo.py", line 4, in <module>
    from bits_seq_endian_combo import _schema
  File "/home/travis/build/kaitai-io/ci_targets/tests/compiled/construct/bits_seq_endian_combo.py", line 5
    	'be1' / ???,
    	        ^
SyntaxError: invalid syntax

]]></error>
	</testcase>
	<testcase classname="unittest.loader._FailedTest" name="test_bits_shift_by_b32_le" time="0.000" timestamp="2023-06-28T19:47:09" file="/opt/python/3.10.9/lib/python3.10/unittest/loader.py" line="33">
		<error type="ImportError" message="Failed to import test module: test_bits_shift_by_b32_le
Traceback (most recent call last):
  File &quot;/opt/python/3.10.9/lib/python3.10/unittest/loader.py&quot;, line 436, in _find_test_path
    module = self._get_module_from_name(name)
  File &quot;/opt/python/3.10.9/lib/python3.10/unittest/loader.py&quot;, line 377, in _get_module_from_name
    __import__(name)
  File &quot;/home/travis/build/kaitai-io/ci_targets/tests/spec/construct/test_bits_shift_by_b32_le.py&quot;, line 5, in &lt;module&gt;
    from bits_shift_by_b32_le import _schema
  File &quot;/home/travis/build/kaitai-io/ci_targets/tests/compiled/construct/bits_shift_by_b32_le.py&quot;, line 5
    	'a' / ???,
    	      ^
SyntaxError: invalid syntax
"><![CDATA[ImportError: Failed to import test module: test_bits_shift_by_b32_le
Traceback (most recent call last):
  File "/opt/python/3.10.9/lib/python3.10/unittest/loader.py", line 436, in _find_test_path
    module = self._get_module_from_name(name)
  File "/opt/python/3.10.9/lib/python3.10/unittest/loader.py", line 377, in _get_module_from_name
    __import__(name)
  File "/home/travis/build/kaitai-io/ci_targets/tests/spec/construct/test_bits_shift_by_b32_le.py", line 5, in <module>
    from bits_shift_by_b32_le import _schema
  File "/home/travis/build/kaitai-io/ci_targets/tests/compiled/construct/bits_shift_by_b32_le.py", line 5
    	'a' / ???,
    	      ^
SyntaxError: invalid syntax

]]></error>
	</testcase>
	<testcase classname="unittest.loader._FailedTest" name="test_bits_shift_by_b64_le" time="0.000" timestamp="2023-06-28T19:47:09" file="/opt/python/3.10.9/lib/python3.10/unittest/loader.py" line="33">
		<error type="ImportError" message="Failed to import test module: test_bits_shift_by_b64_le
Traceback (most recent call last):
  File &quot;/opt/python/3.10.9/lib/python3.10/unittest/loader.py&quot;, line 436, in _find_test_path
    module = self._get_module_from_name(name)
  File &quot;/opt/python/3.10.9/lib/python3.10/unittest/loader.py&quot;, line 377, in _get_module_from_name
    __import__(name)
  File &quot;/home/travis/build/kaitai-io/ci_targets/tests/spec/construct/test_bits_shift_by_b64_le.py&quot;, line 5, in &lt;module&gt;
    from bits_shift_by_b64_le import _schema
  File &quot;/home/travis/build/kaitai-io/ci_targets/tests/compiled/construct/bits_shift_by_b64_le.py&quot;, line 5
    	'a' / ???,
    	      ^
SyntaxError: invalid syntax
"><![CDATA[ImportError: Failed to import test module: test_bits_shift_by_b64_le
Traceback (most recent call last):
  File "/opt/python/3.10.9/lib/python3.10/unittest/loader.py", line 436, in _find_test_path
    module = self._get_module_from_name(name)
  File "/opt/python/3.10.9/lib/python3.10/unittest/loader.py", line 377, in _get_module_from_name
    __import__(name)
  File "/home/travis/build/kaitai-io/ci_targets/tests/spec/construct/test_bits_shift_by_b64_le.py", line 5, in <module>
    from bits_shift_by_b64_le import _schema
  File "/home/travis/build/kaitai-io/ci_targets/tests/compiled/construct/bits_shift_by_b64_le.py", line 5
    	'a' / ???,
    	      ^
SyntaxError: invalid syntax

]]></error>
	</testcase>
	<testcase classname="unittest.loader._FailedTest" name="test_bits_signed_res_b32_be" time="0.000" timestamp="2023-06-28T19:47:09" file="/opt/python/3.10.9/lib/python3.10/unittest/loader.py" line="33">
		<error type="ImportError" message="Failed to import test module: test_bits_signed_res_b32_be
Traceback (most recent call last):
  File &quot;/opt/python/3.10.9/lib/python3.10/unittest/loader.py&quot;, line 436, in _find_test_path
    module = self._get_module_from_name(name)
  File &quot;/opt/python/3.10.9/lib/python3.10/unittest/loader.py&quot;, line 377, in _get_module_from_name
    __import__(name)
  File &quot;/home/travis/build/kaitai-io/ci_targets/tests/spec/construct/test_bits_signed_res_b32_be.py&quot;, line 5, in &lt;module&gt;
    from bits_signed_res_b32_be import _schema
  File &quot;/home/travis/build/kaitai-io/ci_targets/tests/compiled/construct/bits_signed_res_b32_be.py&quot;, line 5
    	'a' / ???,
    	      ^
SyntaxError: invalid syntax
"><![CDATA[ImportError: Failed to import test module: test_bits_signed_res_b32_be
Traceback (most recent call last):
  File "/opt/python/3.10.9/lib/python3.10/unittest/loader.py", line 436, in _find_test_path
    module = self._get_module_from_name(name)
  File "/opt/python/3.10.9/lib/python3.10/unittest/loader.py", line 377, in _get_module_from_name
    __import__(name)
  File "/home/travis/build/kaitai-io/ci_targets/tests/spec/construct/test_bits_signed_res_b32_be.py", line 5, in <module>
    from bits_signed_res_b32_be import _schema
  File "/home/travis/build/kaitai-io/ci_targets/tests/compiled/construct/bits_signed_res_b32_be.py", line 5
    	'a' / ???,
    	      ^
SyntaxError: invalid syntax

]]></error>
	</testcase>
	<testcase classname="unittest.loader._FailedTest" name="test_bits_signed_res_b32_le" time="0.000" timestamp="2023-06-28T19:47:09" file="/opt/python/3.10.9/lib/python3.10/unittest/loader.py" line="33">
		<error type="ImportError" message="Failed to import test module: test_bits_signed_res_b32_le
Traceback (most recent call last):
  File &quot;/opt/python/3.10.9/lib/python3.10/unittest/loader.py&quot;, line 436, in _find_test_path
    module = self._get_module_from_name(name)
  File &quot;/opt/python/3.10.9/lib/python3.10/unittest/loader.py&quot;, line 377, in _get_module_from_name
    __import__(name)
  File &quot;/home/travis/build/kaitai-io/ci_targets/tests/spec/construct/test_bits_signed_res_b32_le.py&quot;, line 5, in &lt;module&gt;
    from bits_signed_res_b32_le import _schema
  File &quot;/home/travis/build/kaitai-io/ci_targets/tests/compiled/construct/bits_signed_res_b32_le.py&quot;, line 5
    	'a' / ???,
    	      ^
SyntaxError: invalid syntax
"><![CDATA[ImportError: Failed to import test module: test_bits_signed_res_b32_le
Traceback (most recent call last):
  File "/opt/python/3.10.9/lib/python3.10/unittest/loader.py", line 436, in _find_test_path
    module = self._get_module_from_name(name)
  File "/opt/python/3.10.9/lib/python3.10/unittest/loader.py", line 377, in _get_module_from_name
    __import__(name)
  File "/home/travis/build/kaitai-io/ci_targets/tests/spec/construct/test_bits_signed_res_b32_le.py", line 5, in <module>
    from bits_signed_res_b32_le import _schema
  File "/home/travis/build/kaitai-io/ci_targets/tests/compiled/construct/bits_signed_res_b32_le.py", line 5
    	'a' / ???,
    	      ^
SyntaxError: invalid syntax

]]></error>
	</testcase>
	<testcase classname="unittest.loader._FailedTest" name="test_bits_signed_shift_b32_le" time="0.000" timestamp="2023-06-28T19:47:09" file="/opt/python/3.10.9/lib/python3.10/unittest/loader.py" line="33">
		<error type="ImportError" message="Failed to import test module: test_bits_signed_shift_b32_le
Traceback (most recent call last):
  File &quot;/opt/python/3.10.9/lib/python3.10/unittest/loader.py&quot;, line 436, in _find_test_path
    module = self._get_module_from_name(name)
  File &quot;/opt/python/3.10.9/lib/python3.10/unittest/loader.py&quot;, line 377, in _get_module_from_name
    __import__(name)
  File &quot;/home/travis/build/kaitai-io/ci_targets/tests/spec/construct/test_bits_signed_shift_b32_le.py&quot;, line 5, in &lt;module&gt;
    from bits_signed_shift_b32_le import _schema
  File &quot;/home/travis/build/kaitai-io/ci_targets/tests/compiled/construct/bits_signed_shift_b32_le.py&quot;, line 5
    	'a' / ???,
    	      ^
SyntaxError: invalid syntax
"><![CDATA[ImportError: Failed to import test module: test_bits_signed_shift_b32_le
Traceback (most recent call last):
  File "/opt/python/3.10.9/lib/python3.10/unittest/loader.py", line 436, in _find_test_path
    module = self._get_module_from_name(name)
  File "/opt/python/3.10.9/lib/python3.10/unittest/loader.py", line 377, in _get_module_from_name
    __import__(name)
  File "/home/travis/build/kaitai-io/ci_targets/tests/spec/construct/test_bits_signed_shift_b32_le.py", line 5, in <module>
    from bits_signed_shift_b32_le import _schema
  File "/home/travis/build/kaitai-io/ci_targets/tests/compiled/construct/bits_signed_shift_b32_le.py", line 5
    	'a' / ???,
    	      ^
SyntaxError: invalid syntax

]]></error>
	</testcase>
	<testcase classname="unittest.loader._FailedTest" name="test_bits_signed_shift_b64_le" time="0.000" timestamp="2023-06-28T19:47:09" file="/opt/python/3.10.9/lib/python3.10/unittest/loader.py" line="33">
		<error type="ImportError" message="Failed to import test module: test_bits_signed_shift_b64_le
Traceback (most recent call last):
  File &quot;/opt/python/3.10.9/lib/python3.10/unittest/loader.py&quot;, line 436, in _find_test_path
    module = self._get_module_from_name(name)
  File &quot;/opt/python/3.10.9/lib/python3.10/unittest/loader.py&quot;, line 377, in _get_module_from_name
    __import__(name)
  File &quot;/home/travis/build/kaitai-io/ci_targets/tests/spec/construct/test_bits_signed_shift_b64_le.py&quot;, line 5, in &lt;module&gt;
    from bits_signed_shift_b64_le import _schema
  File &quot;/home/travis/build/kaitai-io/ci_targets/tests/compiled/construct/bits_signed_shift_b64_le.py&quot;, line 5
    	'a' / ???,
    	      ^
SyntaxError: invalid syntax
"><![CDATA[ImportError: Failed to import test module: test_bits_signed_shift_b64_le
Traceback (most recent call last):
  File "/opt/python/3.10.9/lib/python3.10/unittest/loader.py", line 436, in _find_test_path
    module = self._get_module_from_name(name)
  File "/opt/python/3.10.9/lib/python3.10/unittest/loader.py", line 377, in _get_module_from_name
    __import__(name)
  File "/home/travis/build/kaitai-io/ci_targets/tests/spec/construct/test_bits_signed_shift_b64_le.py", line 5, in <module>
    from bits_signed_shift_b64_le import _schema
  File "/home/travis/build/kaitai-io/ci_targets/tests/compiled/construct/bits_signed_shift_b64_le.py", line 5
    	'a' / ???,
    	      ^
SyntaxError: invalid syntax

]]></error>
	</testcase>
	<testcase classname="unittest.loader._FailedTest" name="test_bits_simple" time="0.000" timestamp="2023-06-28T19:47:09" file="/opt/python/3.10.9/lib/python3.10/unittest/loader.py" line="33">
		<error type="ImportError" message="Failed to import test module: test_bits_simple
Traceback (most recent call last):
  File &quot;/opt/python/3.10.9/lib/python3.10/unittest/loader.py&quot;, line 436, in _find_test_path
    module = self._get_module_from_name(name)
  File &quot;/opt/python/3.10.9/lib/python3.10/unittest/loader.py&quot;, line 377, in _get_module_from_name
    __import__(name)
  File &quot;/home/travis/build/kaitai-io/ci_targets/tests/spec/construct/test_bits_simple.py&quot;, line 5, in &lt;module&gt;
    from bits_simple import _schema
  File &quot;/home/travis/build/kaitai-io/ci_targets/tests/compiled/construct/bits_simple.py&quot;, line 5
    	'byte_1' / ???,
    	           ^
SyntaxError: invalid syntax
"><![CDATA[ImportError: Failed to import test module: test_bits_simple
Traceback (most recent call last):
  File "/opt/python/3.10.9/lib/python3.10/unittest/loader.py", line 436, in _find_test_path
    module = self._get_module_from_name(name)
  File "/opt/python/3.10.9/lib/python3.10/unittest/loader.py", line 377, in _get_module_from_name
    __import__(name)
  File "/home/travis/build/kaitai-io/ci_targets/tests/spec/construct/test_bits_simple.py", line 5, in <module>
    from bits_simple import _schema
  File "/home/travis/build/kaitai-io/ci_targets/tests/compiled/construct/bits_simple.py", line 5
    	'byte_1' / ???,
    	           ^
SyntaxError: invalid syntax

]]></error>
	</testcase>
	<testcase classname="unittest.loader._FailedTest" name="test_bits_simple_le" time="0.000" timestamp="2023-06-28T19:47:09" file="/opt/python/3.10.9/lib/python3.10/unittest/loader.py" line="33">
		<error type="ImportError" message="Failed to import test module: test_bits_simple_le
Traceback (most recent call last):
  File &quot;/opt/python/3.10.9/lib/python3.10/unittest/loader.py&quot;, line 436, in _find_test_path
    module = self._get_module_from_name(name)
  File &quot;/opt/python/3.10.9/lib/python3.10/unittest/loader.py&quot;, line 377, in _get_module_from_name
    __import__(name)
  File &quot;/home/travis/build/kaitai-io/ci_targets/tests/spec/construct/test_bits_simple_le.py&quot;, line 4, in &lt;module&gt;
    from bits_simple_le import _schema
  File &quot;/home/travis/build/kaitai-io/ci_targets/tests/compiled/construct/bits_simple_le.py&quot;, line 5
    	'byte_1' / ???,
    	           ^
SyntaxError: invalid syntax
"><![CDATA[ImportError: Failed to import test module: test_bits_simple_le
Traceback (most recent call last):
  File "/opt/python/3.10.9/lib/python3.10/unittest/loader.py", line 436, in _find_test_path
    module = self._get_module_from_name(name)
  File "/opt/python/3.10.9/lib/python3.10/unittest/loader.py", line 377, in _get_module_from_name
    __import__(name)
  File "/home/travis/build/kaitai-io/ci_targets/tests/spec/construct/test_bits_simple_le.py", line 4, in <module>
    from bits_simple_le import _schema
  File "/home/travis/build/kaitai-io/ci_targets/tests/compiled/construct/bits_simple_le.py", line 5
    	'byte_1' / ???,
    	           ^
SyntaxError: invalid syntax

]]></error>
	</testcase>
	<testcase classname="unittest.loader._FailedTest" name="test_bits_unaligned_b32_be" time="0.000" timestamp="2023-06-28T19:47:09" file="/opt/python/3.10.9/lib/python3.10/unittest/loader.py" line="33">
		<error type="ImportError" message="Failed to import test module: test_bits_unaligned_b32_be
Traceback (most recent call last):
  File &quot;/opt/python/3.10.9/lib/python3.10/unittest/loader.py&quot;, line 436, in _find_test_path
    module = self._get_module_from_name(name)
  File &quot;/opt/python/3.10.9/lib/python3.10/unittest/loader.py&quot;, line 377, in _get_module_from_name
    __import__(name)
  File &quot;/home/travis/build/kaitai-io/ci_targets/tests/spec/construct/test_bits_unaligned_b32_be.py&quot;, line 5, in &lt;module&gt;
    from bits_unaligned_b32_be import _schema
  File &quot;/home/travis/build/kaitai-io/ci_targets/tests/compiled/construct/bits_unaligned_b32_be.py&quot;, line 5
    	'a' / ???,
    	      ^
SyntaxError: invalid syntax
"><![CDATA[ImportError: Failed to import test module: test_bits_unaligned_b32_be
Traceback (most recent call last):
  File "/opt/python/3.10.9/lib/python3.10/unittest/loader.py", line 436, in _find_test_path
    module = self._get_module_from_name(name)
  File "/opt/python/3.10.9/lib/python3.10/unittest/loader.py", line 377, in _get_module_from_name
    __import__(name)
  File "/home/travis/build/kaitai-io/ci_targets/tests/spec/construct/test_bits_unaligned_b32_be.py", line 5, in <module>
    from bits_unaligned_b32_be import _schema
  File "/home/travis/build/kaitai-io/ci_targets/tests/compiled/construct/bits_unaligned_b32_be.py", line 5
    	'a' / ???,
    	      ^
SyntaxError: invalid syntax

]]></error>
	</testcase>
	<testcase classname="unittest.loader._FailedTest" name="test_bits_unaligned_b32_le" time="0.000" timestamp="2023-06-28T19:47:09" file="/opt/python/3.10.9/lib/python3.10/unittest/loader.py" line="33">
		<error type="ImportError" message="Failed to import test module: test_bits_unaligned_b32_le
Traceback (most recent call last):
  File &quot;/opt/python/3.10.9/lib/python3.10/unittest/loader.py&quot;, line 436, in _find_test_path
    module = self._get_module_from_name(name)
  File &quot;/opt/python/3.10.9/lib/python3.10/unittest/loader.py&quot;, line 377, in _get_module_from_name
    __import__(name)
  File &quot;/home/travis/build/kaitai-io/ci_targets/tests/spec/construct/test_bits_unaligned_b32_le.py&quot;, line 5, in &lt;module&gt;
    from bits_unaligned_b32_le import _schema
  File &quot;/home/travis/build/kaitai-io/ci_targets/tests/compiled/construct/bits_unaligned_b32_le.py&quot;, line 5
    	'a' / ???,
    	      ^
SyntaxError: invalid syntax
"><![CDATA[ImportError: Failed to import test module: test_bits_unaligned_b32_le
Traceback (most recent call last):
  File "/opt/python/3.10.9/lib/python3.10/unittest/loader.py", line 436, in _find_test_path
    module = self._get_module_from_name(name)
  File "/opt/python/3.10.9/lib/python3.10/unittest/loader.py", line 377, in _get_module_from_name
    __import__(name)
  File "/home/travis/build/kaitai-io/ci_targets/tests/spec/construct/test_bits_unaligned_b32_le.py", line 5, in <module>
    from bits_unaligned_b32_le import _schema
  File "/home/travis/build/kaitai-io/ci_targets/tests/compiled/construct/bits_unaligned_b32_le.py", line 5
    	'a' / ???,
    	      ^
SyntaxError: invalid syntax

]]></error>
	</testcase>
	<testcase classname="unittest.loader._FailedTest" name="test_bits_unaligned_b64_be" time="0.000" timestamp="2023-06-28T19:47:09" file="/opt/python/3.10.9/lib/python3.10/unittest/loader.py" line="33">
		<error type="ImportError" message="Failed to import test module: test_bits_unaligned_b64_be
Traceback (most recent call last):
  File &quot;/opt/python/3.10.9/lib/python3.10/unittest/loader.py&quot;, line 436, in _find_test_path
    module = self._get_module_from_name(name)
  File &quot;/opt/python/3.10.9/lib/python3.10/unittest/loader.py&quot;, line 377, in _get_module_from_name
    __import__(name)
  File &quot;/home/travis/build/kaitai-io/ci_targets/tests/spec/construct/test_bits_unaligned_b64_be.py&quot;, line 5, in &lt;module&gt;
    from bits_unaligned_b64_be import _schema
  File &quot;/home/travis/build/kaitai-io/ci_targets/tests/compiled/construct/bits_unaligned_b64_be.py&quot;, line 5
    	'a' / ???,
    	      ^
SyntaxError: invalid syntax
"><![CDATA[ImportError: Failed to import test module: test_bits_unaligned_b64_be
Traceback (most recent call last):
  File "/opt/python/3.10.9/lib/python3.10/unittest/loader.py", line 436, in _find_test_path
    module = self._get_module_from_name(name)
  File "/opt/python/3.10.9/lib/python3.10/unittest/loader.py", line 377, in _get_module_from_name
    __import__(name)
  File "/home/travis/build/kaitai-io/ci_targets/tests/spec/construct/test_bits_unaligned_b64_be.py", line 5, in <module>
    from bits_unaligned_b64_be import _schema
  File "/home/travis/build/kaitai-io/ci_targets/tests/compiled/construct/bits_unaligned_b64_be.py", line 5
    	'a' / ???,
    	      ^
SyntaxError: invalid syntax

]]></error>
	</testcase>
	<testcase classname="unittest.loader._FailedTest" name="test_bits_unaligned_b64_le" time="0.000" timestamp="2023-06-28T19:47:09" file="/opt/python/3.10.9/lib/python3.10/unittest/loader.py" line="33">
		<error type="ImportError" message="Failed to import test module: test_bits_unaligned_b64_le
Traceback (most recent call last):
  File &quot;/opt/python/3.10.9/lib/python3.10/unittest/loader.py&quot;, line 436, in _find_test_path
    module = self._get_module_from_name(name)
  File &quot;/opt/python/3.10.9/lib/python3.10/unittest/loader.py&quot;, line 377, in _get_module_from_name
    __import__(name)
  File &quot;/home/travis/build/kaitai-io/ci_targets/tests/spec/construct/test_bits_unaligned_b64_le.py&quot;, line 5, in &lt;module&gt;
    from bits_unaligned_b64_le import _schema
  File &quot;/home/travis/build/kaitai-io/ci_targets/tests/compiled/construct/bits_unaligned_b64_le.py&quot;, line 5
    	'a' / ???,
    	      ^
SyntaxError: invalid syntax
"><![CDATA[ImportError: Failed to import test module: test_bits_unaligned_b64_le
Traceback (most recent call last):
  File "/opt/python/3.10.9/lib/python3.10/unittest/loader.py", line 436, in _find_test_path
    module = self._get_module_from_name(name)
  File "/opt/python/3.10.9/lib/python3.10/unittest/loader.py", line 377, in _get_module_from_name
    __import__(name)
  File "/home/travis/build/kaitai-io/ci_targets/tests/spec/construct/test_bits_unaligned_b64_le.py", line 5, in <module>
    from bits_unaligned_b64_le import _schema
  File "/home/travis/build/kaitai-io/ci_targets/tests/compiled/construct/bits_unaligned_b64_le.py", line 5
    	'a' / ???,
    	      ^
SyntaxError: invalid syntax

]]></error>
	</testcase>
	<testcase classname="unittest.loader._FailedTest" name="test_combine_bool" time="0.000" timestamp="2023-06-28T19:47:09" file="/opt/python/3.10.9/lib/python3.10/unittest/loader.py" line="33">
		<error type="ImportError" message="Failed to import test module: test_combine_bool
Traceback (most recent call last):
  File &quot;/opt/python/3.10.9/lib/python3.10/unittest/loader.py&quot;, line 436, in _find_test_path
    module = self._get_module_from_name(name)
  File &quot;/opt/python/3.10.9/lib/python3.10/unittest/loader.py&quot;, line 377, in _get_module_from_name
    __import__(name)
  File &quot;/home/travis/build/kaitai-io/ci_targets/tests/spec/construct/test_combine_bool.py&quot;, line 5, in &lt;module&gt;
    from combine_bool import _schema
  File &quot;/home/travis/build/kaitai-io/ci_targets/tests/compiled/construct/combine_bool.py&quot;, line 5
    	'bool_bit' / ???,
    	             ^
SyntaxError: invalid syntax
"><![CDATA[ImportError: Failed to import test module: test_combine_bool
Traceback (most recent call last):
  File "/opt/python/3.10.9/lib/python3.10/unittest/loader.py", line 436, in _find_test_path
    module = self._get_module_from_name(name)
  File "/opt/python/3.10.9/lib/python3.10/unittest/loader.py", line 377, in _get_module_from_name
    __import__(name)
  File "/home/travis/build/kaitai-io/ci_targets/tests/spec/construct/test_combine_bool.py", line 5, in <module>
    from combine_bool import _schema
  File "/home/travis/build/kaitai-io/ci_targets/tests/compiled/construct/combine_bool.py", line 5
    	'bool_bit' / ???,
    	             ^
SyntaxError: invalid syntax

]]></error>
	</testcase>
	<testcase classname="unittest.loader._FailedTest" name="test_default_bit_endian_mod" time="0.000" timestamp="2023-06-28T19:47:09" file="/opt/python/3.10.9/lib/python3.10/unittest/loader.py" line="33">
		<error type="ImportError" message="Failed to import test module: test_default_bit_endian_mod
Traceback (most recent call last):
  File &quot;/opt/python/3.10.9/lib/python3.10/unittest/loader.py&quot;, line 436, in _find_test_path
    module = self._get_module_from_name(name)
  File &quot;/opt/python/3.10.9/lib/python3.10/unittest/loader.py&quot;, line 377, in _get_module_from_name
    __import__(name)
  File &quot;/home/travis/build/kaitai-io/ci_targets/tests/spec/construct/test_default_bit_endian_mod.py&quot;, line 4, in &lt;module&gt;
    from default_bit_endian_mod import _schema
  File &quot;/home/travis/build/kaitai-io/ci_targets/tests/compiled/construct/default_bit_endian_mod.py&quot;, line 5
    	'two' / ???,
    	        ^
SyntaxError: invalid syntax
"><![CDATA[ImportError: Failed to import test module: test_default_bit_endian_mod
Traceback (most recent call last):
  File "/opt/python/3.10.9/lib/python3.10/unittest/loader.py", line 436, in _find_test_path
    module = self._get_module_from_name(name)
  File "/opt/python/3.10.9/lib/python3.10/unittest/loader.py", line 377, in _get_module_from_name
    __import__(name)
  File "/home/travis/build/kaitai-io/ci_targets/tests/spec/construct/test_default_bit_endian_mod.py", line 4, in <module>
    from default_bit_endian_mod import _schema
  File "/home/travis/build/kaitai-io/ci_targets/tests/compiled/construct/default_bit_endian_mod.py", line 5
    	'two' / ???,
    	        ^
SyntaxError: invalid syntax

]]></error>
	</testcase>
	<testcase classname="unittest.loader._FailedTest" name="test_default_endian_expr_inherited" time="0.000" timestamp="2023-06-28T19:47:09" file="/opt/python/3.10.9/lib/python3.10/unittest/loader.py" line="33">
		<error type="ImportError" message="Failed to import test module: test_default_endian_expr_inherited
Traceback (most recent call last):
  File &quot;/opt/python/3.10.9/lib/python3.10/unittest/loader.py&quot;, line 436, in _find_test_path
    module = self._get_module_from_name(name)
  File &quot;/opt/python/3.10.9/lib/python3.10/unittest/loader.py&quot;, line 377, in _get_module_from_name
    __import__(name)
  File &quot;/home/travis/build/kaitai-io/ci_targets/tests/spec/construct/test_default_endian_expr_inherited.py&quot;, line 5, in &lt;module&gt;
    from default_endian_expr_inherited import _schema
ModuleNotFoundError: No module named 'default_endian_expr_inherited'
"><![CDATA[ImportError: Failed to import test module: test_default_endian_expr_inherited
Traceback (most recent call last):
  File "/opt/python/3.10.9/lib/python3.10/unittest/loader.py", line 436, in _find_test_path
    module = self._get_module_from_name(name)
  File "/opt/python/3.10.9/lib/python3.10/unittest/loader.py", line 377, in _get_module_from_name
    __import__(name)
  File "/home/travis/build/kaitai-io/ci_targets/tests/spec/construct/test_default_endian_expr_inherited.py", line 5, in <module>
    from default_endian_expr_inherited import _schema
ModuleNotFoundError: No module named 'default_endian_expr_inherited'

]]></error>
	</testcase>
	<testcase classname="unittest.loader._FailedTest" name="test_default_endian_expr_is_be" time="0.000" timestamp="2023-06-28T19:47:09" file="/opt/python/3.10.9/lib/python3.10/unittest/loader.py" line="33">
		<error type="ImportError" message="Failed to import test module: test_default_endian_expr_is_be
Traceback (most recent call last):
  File &quot;/opt/python/3.10.9/lib/python3.10/unittest/loader.py&quot;, line 436, in _find_test_path
    module = self._get_module_from_name(name)
  File &quot;/opt/python/3.10.9/lib/python3.10/unittest/loader.py&quot;, line 377, in _get_module_from_name
    __import__(name)
  File &quot;/home/travis/build/kaitai-io/ci_targets/tests/spec/construct/test_default_endian_expr_is_be.py&quot;, line 5, in &lt;module&gt;
    from default_endian_expr_is_be import _schema
ModuleNotFoundError: No module named 'default_endian_expr_is_be'
"><![CDATA[ImportError: Failed to import test module: test_default_endian_expr_is_be
Traceback (most recent call last):
  File "/opt/python/3.10.9/lib/python3.10/unittest/loader.py", line 436, in _find_test_path
    module = self._get_module_from_name(name)
  File "/opt/python/3.10.9/lib/python3.10/unittest/loader.py", line 377, in _get_module_from_name
    __import__(name)
  File "/home/travis/build/kaitai-io/ci_targets/tests/spec/construct/test_default_endian_expr_is_be.py", line 5, in <module>
    from default_endian_expr_is_be import _schema
ModuleNotFoundError: No module named 'default_endian_expr_is_be'

]]></error>
	</testcase>
	<testcase classname="unittest.loader._FailedTest" name="test_default_endian_expr_is_le" time="0.000" timestamp="2023-06-28T19:47:09" file="/opt/python/3.10.9/lib/python3.10/unittest/loader.py" line="33">
		<error type="ImportError" message="Failed to import test module: test_default_endian_expr_is_le
Traceback (most recent call last):
  File &quot;/opt/python/3.10.9/lib/python3.10/unittest/loader.py&quot;, line 436, in _find_test_path
    module = self._get_module_from_name(name)
  File &quot;/opt/python/3.10.9/lib/python3.10/unittest/loader.py&quot;, line 377, in _get_module_from_name
    __import__(name)
  File &quot;/home/travis/build/kaitai-io/ci_targets/tests/spec/construct/test_default_endian_expr_is_le.py&quot;, line 5, in &lt;module&gt;
    from default_endian_expr_is_le import _schema
ModuleNotFoundError: No module named 'default_endian_expr_is_le'
"><![CDATA[ImportError: Failed to import test module: test_default_endian_expr_is_le
Traceback (most recent call last):
  File "/opt/python/3.10.9/lib/python3.10/unittest/loader.py", line 436, in _find_test_path
    module = self._get_module_from_name(name)
  File "/opt/python/3.10.9/lib/python3.10/unittest/loader.py", line 377, in _get_module_from_name
    __import__(name)
  File "/home/travis/build/kaitai-io/ci_targets/tests/spec/construct/test_default_endian_expr_is_le.py", line 5, in <module>
    from default_endian_expr_is_le import _schema
ModuleNotFoundError: No module named 'default_endian_expr_is_le'

]]></error>
	</testcase>
	<testcase classname="unittest.loader._FailedTest" name="test_enum_import" time="0.000" timestamp="2023-06-28T19:47:09" file="/opt/python/3.10.9/lib/python3.10/unittest/loader.py" line="33">
		<error type="ImportError" message="Failed to import test module: test_enum_import
Traceback (most recent call last):
  File &quot;/opt/python/3.10.9/lib/python3.10/unittest/loader.py&quot;, line 436, in _find_test_path
    module = self._get_module_from_name(name)
  File &quot;/opt/python/3.10.9/lib/python3.10/unittest/loader.py&quot;, line 377, in _get_module_from_name
    __import__(name)
  File &quot;/home/travis/build/kaitai-io/ci_targets/tests/spec/construct/test_enum_import.py&quot;, line 4, in &lt;module&gt;
    from enum_import import _schema
  File &quot;/home/travis/build/kaitai-io/ci_targets/tests/compiled/construct/enum_import.py&quot;, line 5, in &lt;module&gt;
    'pet_1' / Enum(Int32ul, enum_0__animal),
NameError: name 'enum_0__animal' is not defined
"><![CDATA[ImportError: Failed to import test module: test_enum_import
Traceback (most recent call last):
  File "/opt/python/3.10.9/lib/python3.10/unittest/loader.py", line 436, in _find_test_path
    module = self._get_module_from_name(name)
  File "/opt/python/3.10.9/lib/python3.10/unittest/loader.py", line 377, in _get_module_from_name
    __import__(name)
  File "/home/travis/build/kaitai-io/ci_targets/tests/spec/construct/test_enum_import.py", line 4, in <module>
    from enum_import import _schema
  File "/home/travis/build/kaitai-io/ci_targets/tests/compiled/construct/enum_import.py", line 5, in <module>
    'pet_1' / Enum(Int32ul, enum_0__animal),
NameError: name 'enum_0__animal' is not defined

]]></error>
	</testcase>
	<testcase classname="unittest.loader._FailedTest" name="test_expr_bits" time="0.000" timestamp="2023-06-28T19:47:09" file="/opt/python/3.10.9/lib/python3.10/unittest/loader.py" line="33">
		<error type="ImportError" message="Failed to import test module: test_expr_bits
Traceback (most recent call last):
  File &quot;/opt/python/3.10.9/lib/python3.10/unittest/loader.py&quot;, line 436, in _find_test_path
    module = self._get_module_from_name(name)
  File &quot;/opt/python/3.10.9/lib/python3.10/unittest/loader.py&quot;, line 377, in _get_module_from_name
    __import__(name)
  File &quot;/home/travis/build/kaitai-io/ci_targets/tests/spec/construct/test_expr_bits.py&quot;, line 4, in &lt;module&gt;
    from expr_bits import _schema
ModuleNotFoundError: No module named 'expr_bits'
"><![CDATA[ImportError: Failed to import test module: test_expr_bits
Traceback (most recent call last):
  File "/opt/python/3.10.9/lib/python3.10/unittest/loader.py", line 436, in _find_test_path
    module = self._get_module_from_name(name)
  File "/opt/python/3.10.9/lib/python3.10/unittest/loader.py", line 377, in _get_module_from_name
    __import__(name)
  File "/home/travis/build/kaitai-io/ci_targets/tests/spec/construct/test_expr_bits.py", line 4, in <module>
    from expr_bits import _schema
ModuleNotFoundError: No module named 'expr_bits'

]]></error>
	</testcase>
	<testcase classname="unittest.loader._FailedTest" name="test_expr_io_eof" time="0.000" timestamp="2023-06-28T19:47:09" file="/opt/python/3.10.9/lib/python3.10/unittest/loader.py" line="33">
		<error type="ImportError" message="Failed to import test module: test_expr_io_eof
Traceback (most recent call last):
  File &quot;/opt/python/3.10.9/lib/python3.10/unittest/loader.py&quot;, line 436, in _find_test_path
    module = self._get_module_from_name(name)
  File &quot;/opt/python/3.10.9/lib/python3.10/unittest/loader.py&quot;, line 377, in _get_module_from_name
    __import__(name)
  File &quot;/home/travis/build/kaitai-io/ci_targets/tests/spec/construct/test_expr_io_eof.py&quot;, line 4, in &lt;module&gt;
    from expr_io_eof import _schema
  File &quot;/home/travis/build/kaitai-io/ci_targets/tests/compiled/construct/expr_io_eof.py&quot;, line 6, in &lt;module&gt;
    'two' / If(not (stream_iseof(_io)), Int32ul),
NameError: name '_io' is not defined
"><![CDATA[ImportError: Failed to import test module: test_expr_io_eof
Traceback (most recent call last):
  File "/opt/python/3.10.9/lib/python3.10/unittest/loader.py", line 436, in _find_test_path
    module = self._get_module_from_name(name)
  File "/opt/python/3.10.9/lib/python3.10/unittest/loader.py", line 377, in _get_module_from_name
    __import__(name)
  File "/home/travis/build/kaitai-io/ci_targets/tests/spec/construct/test_expr_io_eof.py", line 4, in <module>
    from expr_io_eof import _schema
  File "/home/travis/build/kaitai-io/ci_targets/tests/compiled/construct/expr_io_eof.py", line 6, in <module>
    'two' / If(not (stream_iseof(_io)), Int32ul),
NameError: name '_io' is not defined

]]></error>
	</testcase>
	<testcase classname="unittest.loader._FailedTest" name="test_expr_io_pos" time="0.000" timestamp="2023-06-28T19:47:09" file="/opt/python/3.10.9/lib/python3.10/unittest/loader.py" line="33">
		<error type="ImportError" message="Failed to import test module: test_expr_io_pos
Traceback (most recent call last):
  File &quot;/opt/python/3.10.9/lib/python3.10/unittest/loader.py&quot;, line 436, in _find_test_path
    module = self._get_module_from_name(name)
  File &quot;/opt/python/3.10.9/lib/python3.10/unittest/loader.py&quot;, line 377, in _get_module_from_name
    __import__(name)
  File &quot;/home/travis/build/kaitai-io/ci_targets/tests/spec/construct/test_expr_io_pos.py&quot;, line 5, in &lt;module&gt;
    from expr_io_pos import _schema
  File &quot;/home/travis/build/kaitai-io/ci_targets/tests/compiled/construct/expr_io_pos.py&quot;, line 6, in &lt;module&gt;
    'body' / FixedSized(((stream_size(_io) - stream_tell(_io)) - 2), GreedyBytes),
NameError: name '_io' is not defined
"><![CDATA[ImportError: Failed to import test module: test_expr_io_pos
Traceback (most recent call last):
  File "/opt/python/3.10.9/lib/python3.10/unittest/loader.py", line 436, in _find_test_path
    module = self._get_module_from_name(name)
  File "/opt/python/3.10.9/lib/python3.10/unittest/loader.py", line 377, in _get_module_from_name
    __import__(name)
  File "/home/travis/build/kaitai-io/ci_targets/tests/spec/construct/test_expr_io_pos.py", line 5, in <module>
    from expr_io_pos import _schema
  File "/home/travis/build/kaitai-io/ci_targets/tests/compiled/construct/expr_io_pos.py", line 6, in <module>
    'body' / FixedSized(((stream_size(_io) - stream_tell(_io)) - 2), GreedyBytes),
NameError: name '_io' is not defined

]]></error>
	</testcase>
	<testcase classname="unittest.loader._FailedTest" name="test_index_sizes" time="0.000" timestamp="2023-06-28T19:47:09" file="/opt/python/3.10.9/lib/python3.10/unittest/loader.py" line="33">
		<error type="ImportError" message="Failed to import test module: test_index_sizes
Traceback (most recent call last):
  File &quot;/opt/python/3.10.9/lib/python3.10/unittest/loader.py&quot;, line 436, in _find_test_path
    module = self._get_module_from_name(name)
  File &quot;/opt/python/3.10.9/lib/python3.10/unittest/loader.py&quot;, line 377, in _get_module_from_name
    __import__(name)
  File &quot;/home/travis/build/kaitai-io/ci_targets/tests/spec/construct/test_index_sizes.py&quot;, line 5, in &lt;module&gt;
    from index_sizes import _schema
  File &quot;/home/travis/build/kaitai-io/ci_targets/tests/compiled/construct/index_sizes.py&quot;, line 7, in &lt;module&gt;
    'bufs' / Array(this.qty, FixedSized(this.sizes[i], GreedyString(encoding='ASCII'))),
NameError: name 'i' is not defined
"><![CDATA[ImportError: Failed to import test module: test_index_sizes
Traceback (most recent call last):
  File "/opt/python/3.10.9/lib/python3.10/unittest/loader.py", line 436, in _find_test_path
    module = self._get_module_from_name(name)
  File "/opt/python/3.10.9/lib/python3.10/unittest/loader.py", line 377, in _get_module_from_name
    __import__(name)
  File "/home/travis/build/kaitai-io/ci_targets/tests/spec/construct/test_index_sizes.py", line 5, in <module>
    from index_sizes import _schema
  File "/home/travis/build/kaitai-io/ci_targets/tests/compiled/construct/index_sizes.py", line 7, in <module>
    'bufs' / Array(this.qty, FixedSized(this.sizes[i], GreedyString(encoding='ASCII'))),
NameError: name 'i' is not defined

]]></error>
	</testcase>
	<testcase classname="unittest.loader._FailedTest" name="test_instance_io_user" time="0.000" timestamp="2023-06-28T19:47:09" file="/opt/python/3.10.9/lib/python3.10/unittest/loader.py" line="33">
		<error type="ImportError" message="Failed to import test module: test_instance_io_user
Traceback (most recent call last):
  File &quot;/opt/python/3.10.9/lib/python3.10/unittest/loader.py&quot;, line 436, in _find_test_path
    module = self._get_module_from_name(name)
  File &quot;/opt/python/3.10.9/lib/python3.10/unittest/loader.py&quot;, line 377, in _get_module_from_name
    __import__(name)
  File &quot;/home/travis/build/kaitai-io/ci_targets/tests/spec/construct/test_instance_io_user.py&quot;, line 5, in &lt;module&gt;
    from instance_io_user import _schema
  File &quot;/home/travis/build/kaitai-io/ci_targets/tests/compiled/construct/instance_io_user.py&quot;, line 17
    	'strings' / ???,
    	            ^
SyntaxError: invalid syntax
"><![CDATA[ImportError: Failed to import test module: test_instance_io_user
Traceback (most recent call last):
  File "/opt/python/3.10.9/lib/python3.10/unittest/loader.py", line 436, in _find_test_path
    module = self._get_module_from_name(name)
  File "/opt/python/3.10.9/lib/python3.10/unittest/loader.py", line 377, in _get_module_from_name
    __import__(name)
  File "/home/travis/build/kaitai-io/ci_targets/tests/spec/construct/test_instance_io_user.py", line 5, in <module>
    from instance_io_user import _schema
  File "/home/travis/build/kaitai-io/ci_targets/tests/compiled/construct/instance_io_user.py", line 17
    	'strings' / ???,
    	            ^
SyntaxError: invalid syntax

]]></error>
	</testcase>
	<testcase classname="unittest.loader._FailedTest" name="test_io_local_var" time="0.000" timestamp="2023-06-28T19:47:09" file="/opt/python/3.10.9/lib/python3.10/unittest/loader.py" line="33">
		<error type="ImportError" message="Failed to import test module: test_io_local_var
Traceback (most recent call last):
  File &quot;/opt/python/3.10.9/lib/python3.10/unittest/loader.py&quot;, line 436, in _find_test_path
    module = self._get_module_from_name(name)
  File &quot;/opt/python/3.10.9/lib/python3.10/unittest/loader.py&quot;, line 377, in _get_module_from_name
    __import__(name)
  File &quot;/home/travis/build/kaitai-io/ci_targets/tests/spec/construct/test_io_local_var.py&quot;, line 5, in &lt;module&gt;
    from io_local_var import _schema
  File &quot;/home/travis/build/kaitai-io/ci_targets/tests/compiled/construct/io_local_var.py&quot;, line 9, in &lt;module&gt;
    'always_null' / If(stream_tell(this.mess_up._io) &lt; 0, Int8ub),
TypeError: stream_tell() missing 1 required positional argument: 'path'
"><![CDATA[ImportError: Failed to import test module: test_io_local_var
Traceback (most recent call last):
  File "/opt/python/3.10.9/lib/python3.10/unittest/loader.py", line 436, in _find_test_path
    module = self._get_module_from_name(name)
  File "/opt/python/3.10.9/lib/python3.10/unittest/loader.py", line 377, in _get_module_from_name
    __import__(name)
  File "/home/travis/build/kaitai-io/ci_targets/tests/spec/construct/test_io_local_var.py", line 5, in <module>
    from io_local_var import _schema
  File "/home/travis/build/kaitai-io/ci_targets/tests/compiled/construct/io_local_var.py", line 9, in <module>
    'always_null' / If(stream_tell(this.mess_up._io) < 0, Int8ub),
TypeError: stream_tell() missing 1 required positional argument: 'path'

]]></error>
	</testcase>
	<testcase classname="unittest.loader._FailedTest" name="test_params_pass_bool" time="0.000" timestamp="2023-06-28T19:47:09" file="/opt/python/3.10.9/lib/python3.10/unittest/loader.py" line="33">
		<error type="ImportError" message="Failed to import test module: test_params_pass_bool
Traceback (most recent call last):
  File &quot;/opt/python/3.10.9/lib/python3.10/unittest/loader.py&quot;, line 436, in _find_test_path
    module = self._get_module_from_name(name)
  File &quot;/opt/python/3.10.9/lib/python3.10/unittest/loader.py&quot;, line 377, in _get_module_from_name
    __import__(name)
  File &quot;/home/travis/build/kaitai-io/ci_targets/tests/spec/construct/test_params_pass_bool.py&quot;, line 5, in &lt;module&gt;
    from params_pass_bool import _schema
  File &quot;/home/travis/build/kaitai-io/ci_targets/tests/compiled/construct/params_pass_bool.py&quot;, line 13
    	's_false' / ???,
    	            ^
SyntaxError: invalid syntax
"><![CDATA[ImportError: Failed to import test module: test_params_pass_bool
Traceback (most recent call last):
  File "/opt/python/3.10.9/lib/python3.10/unittest/loader.py", line 436, in _find_test_path
    module = self._get_module_from_name(name)
  File "/opt/python/3.10.9/lib/python3.10/unittest/loader.py", line 377, in _get_module_from_name
    __import__(name)
  File "/home/travis/build/kaitai-io/ci_targets/tests/spec/construct/test_params_pass_bool.py", line 5, in <module>
    from params_pass_bool import _schema
  File "/home/travis/build/kaitai-io/ci_targets/tests/compiled/construct/params_pass_bool.py", line 13
    	's_false' / ???,
    	            ^
SyntaxError: invalid syntax

]]></error>
	</testcase>
	<testcase classname="unittest.loader._FailedTest" name="test_position_to_end" time="0.000" timestamp="2023-06-28T19:47:09" file="/opt/python/3.10.9/lib/python3.10/unittest/loader.py" line="33">
		<error type="ImportError" message="Failed to import test module: test_position_to_end
Traceback (most recent call last):
  File &quot;/opt/python/3.10.9/lib/python3.10/unittest/loader.py&quot;, line 436, in _find_test_path
    module = self._get_module_from_name(name)
  File &quot;/opt/python/3.10.9/lib/python3.10/unittest/loader.py&quot;, line 377, in _get_module_from_name
    __import__(name)
  File &quot;/home/travis/build/kaitai-io/ci_targets/tests/spec/construct/test_position_to_end.py&quot;, line 5, in &lt;module&gt;
    from position_to_end import _schema
  File &quot;/home/travis/build/kaitai-io/ci_targets/tests/compiled/construct/position_to_end.py&quot;, line 10, in &lt;module&gt;
    'index' / Pointer((stream_size(_io) - 8), LazyBound(lambda: position_to_end__index_obj)),
NameError: name '_io' is not defined
"><![CDATA[ImportError: Failed to import test module: test_position_to_end
Traceback (most recent call last):
  File "/opt/python/3.10.9/lib/python3.10/unittest/loader.py", line 436, in _find_test_path
    module = self._get_module_from_name(name)
  File "/opt/python/3.10.9/lib/python3.10/unittest/loader.py", line 377, in _get_module_from_name
    __import__(name)
  File "/home/travis/build/kaitai-io/ci_targets/tests/spec/construct/test_position_to_end.py", line 5, in <module>
    from position_to_end import _schema
  File "/home/travis/build/kaitai-io/ci_targets/tests/compiled/construct/position_to_end.py", line 10, in <module>
    'index' / Pointer((stream_size(_io) - 8), LazyBound(lambda: position_to_end__index_obj)),
NameError: name '_io' is not defined

]]></error>
	</testcase>
	<testcase classname="unittest.loader._FailedTest" name="test_repeat_eos_bit" time="0.000" timestamp="2023-06-28T19:47:09" file="/opt/python/3.10.9/lib/python3.10/unittest/loader.py" line="33">
		<error type="ImportError" message="Failed to import test module: test_repeat_eos_bit
Traceback (most recent call last):
  File &quot;/opt/python/3.10.9/lib/python3.10/unittest/loader.py&quot;, line 436, in _find_test_path
    module = self._get_module_from_name(name)
  File &quot;/opt/python/3.10.9/lib/python3.10/unittest/loader.py&quot;, line 377, in _get_module_from_name
    __import__(name)
  File &quot;/home/travis/build/kaitai-io/ci_targets/tests/spec/construct/test_repeat_eos_bit.py&quot;, line 5, in &lt;module&gt;
    from repeat_eos_bit import _schema
  File &quot;/home/travis/build/kaitai-io/ci_targets/tests/compiled/construct/repeat_eos_bit.py&quot;, line 5
    	'nibbles' / GreedyRange(???),
    	                        ^
SyntaxError: invalid syntax
"><![CDATA[ImportError: Failed to import test module: test_repeat_eos_bit
Traceback (most recent call last):
  File "/opt/python/3.10.9/lib/python3.10/unittest/loader.py", line 436, in _find_test_path
    module = self._get_module_from_name(name)
  File "/opt/python/3.10.9/lib/python3.10/unittest/loader.py", line 377, in _get_module_from_name
    __import__(name)
  File "/home/travis/build/kaitai-io/ci_targets/tests/spec/construct/test_repeat_eos_bit.py", line 5, in <module>
    from repeat_eos_bit import _schema
  File "/home/travis/build/kaitai-io/ci_targets/tests/compiled/construct/repeat_eos_bit.py", line 5
    	'nibbles' / GreedyRange(???),
    	                        ^
SyntaxError: invalid syntax

]]></error>
	</testcase>
	<testcase classname="unittest.loader._FailedTest" name="test_switch_manual_int_size_eos" time="0.000" timestamp="2023-06-28T19:47:09" file="/opt/python/3.10.9/lib/python3.10/unittest/loader.py" line="33">
		<error type="ImportError" message="Failed to import test module: test_switch_manual_int_size_eos
Traceback (most recent call last):
  File &quot;/opt/python/3.10.9/lib/python3.10/unittest/loader.py&quot;, line 436, in _find_test_path
    module = self._get_module_from_name(name)
  File &quot;/opt/python/3.10.9/lib/python3.10/unittest/loader.py&quot;, line 377, in _get_module_from_name
    __import__(name)
  File &quot;/home/travis/build/kaitai-io/ci_targets/tests/spec/construct/test_switch_manual_int_size_eos.py&quot;, line 5, in &lt;module&gt;
    from switch_manual_int_size_eos import _schema
  File &quot;/home/travis/build/kaitai-io/ci_targets/tests/compiled/construct/switch_manual_int_size_eos.py&quot;, line 20
    	'body' / Switch(this._.code, {17: ???, 34: ???, }, default=GreedyBytes),
    	                                  ^
SyntaxError: invalid syntax
"><![CDATA[ImportError: Failed to import test module: test_switch_manual_int_size_eos
Traceback (most recent call last):
  File "/opt/python/3.10.9/lib/python3.10/unittest/loader.py", line 436, in _find_test_path
    module = self._get_module_from_name(name)
  File "/opt/python/3.10.9/lib/python3.10/unittest/loader.py", line 377, in _get_module_from_name
    __import__(name)
  File "/home/travis/build/kaitai-io/ci_targets/tests/spec/construct/test_switch_manual_int_size_eos.py", line 5, in <module>
    from switch_manual_int_size_eos import _schema
  File "/home/travis/build/kaitai-io/ci_targets/tests/compiled/construct/switch_manual_int_size_eos.py", line 20
    	'body' / Switch(this._.code, {17: ???, 34: ???, }, default=GreedyBytes),
    	                                  ^
SyntaxError: invalid syntax

]]></error>
	</testcase>
</testsuite>
