<?xml version="1.0" encoding="UTF-8"?>
<testsuite name="test_optional_id.TestOptionalId-20220409012352" tests="1" file="test_optional_id.py" time="0.001" timestamp="2022-04-09T01:23:52" failures="0" errors="0" skipped="0">
	<testcase classname="test_optional_id.TestOptionalId" name="test_optional_id" time="0.001" timestamp="2022-04-09T01:23:52" file="spec/construct/test_optional_id.py" line="6"/>
</testsuite>
