<?xml version="1.0" encoding="UTF-8"?>
<testsuite errors="0" failures="0" file="test_instance_user_array.py" name="test_instance_user_array.TestInstanceUserArray-20201028040937" skipped="0" tests="1" time="0.001" timestamp="2020-10-28T04:09:37">
	<testcase classname="test_instance_user_array.TestInstanceUserArray" file="spec/construct/test_instance_user_array.py" line="8" name="test_instance_user_array" time="0.001" timestamp="2020-10-28T04:09:37">
		<system-out>
<![CDATA[]]>		</system-out>
		<system-err>
<![CDATA[]]>		</system-err>
	</testcase>
</testsuite>
