<?xml version="1.0" encoding="UTF-8"?>
<testsuite errors="0" failures="0" file="test_enum_int_range_u.py" name="test_enum_int_range_u.TestEnumIntRangeU-20220728001401" skipped="0" tests="1" time="0.000" timestamp="2022-07-28T00:14:01">
	<testcase classname="test_enum_int_range_u.TestEnumIntRangeU" file="spec/construct/test_enum_int_range_u.py" line="7" name="test_enum_int_range_u" time="0.000" timestamp="2022-07-28T00:14:01">
		<system-out>
<![CDATA[]]>		</system-out>
		<system-err>
<![CDATA[]]>		</system-err>
	</testcase>
</testsuite>
