<?xml version="1.0" encoding="UTF-8"?>
<testsuite errors="0" failures="0" file="test_js_signed_right_shift.py" name="test_js_signed_right_shift.TestJsSignedRightShift-20200911171952" skipped="0" tests="1" time="0.000" timestamp="2020-09-11T17:19:52">
	<testcase classname="test_js_signed_right_shift.TestJsSignedRightShift" file="spec/construct/test_js_signed_right_shift.py" line="8" name="test_js_signed_right_shift" time="0.000" timestamp="2020-09-11T17:19:52">
		<system-out>
<![CDATA[]]>		</system-out>
		<system-err>
<![CDATA[]]>		</system-err>
	</testcase>
</testsuite>
