<?xml version="1.0" encoding="UTF-8"?>
<testsuite name="test_repeat_n_strz.TestRepeatNStrz-20220728001417" tests="1" file="test_repeat_n_strz.py" time="0.000" timestamp="2022-07-28T00:14:17" failures="0" errors="0" skipped="0">
	<testcase classname="test_repeat_n_strz.TestRepeatNStrz" name="test_repeat_n_strz" time="0.000" timestamp="2022-07-28T00:14:17" file="spec/construct/test_repeat_n_strz.py" line="8"/>
</testsuite>
