<?xml version="1.0" encoding="UTF-8"?>
<testsuite name="test_repeat_n_struct.TestRepeatNStruct" tests="1" file="test_repeat_n_struct.py" time="0.001" timestamp="2023-07-27T22:36:23" failures="0" errors="0" skipped="0">
	<testcase classname="test_repeat_n_struct.TestRepeatNStruct" name="test_repeat_n_struct" time="0.001" timestamp="2023-07-27T22:36:23" file="spec/construct/test_repeat_n_struct.py" line="8"/>
</testsuite>
