<?xml version="1.0" encoding="UTF-8"?>
<testsuite name="test_str_encodings_default.TestStrEncodingsDefault-20201106101858" tests="1" file="test_str_encodings_default.py" time="0.001" timestamp="2020-11-06T10:18:58" failures="0" errors="0" skipped="0">
	<testcase classname="test_str_encodings_default.TestStrEncodingsDefault" name="test_str_encodings_default" time="0.001" timestamp="2020-11-06T10:18:58" file="spec/construct/test_str_encodings_default.py" line="8"/>
</testsuite>
