<?xml version="1.0" encoding="UTF-8"?>
<testsuite name="test_enum_deep.TestEnumDeep-20230627085720" tests="1" file="test_enum_deep.py" time="0.000" timestamp="2023-06-27T08:57:20" failures="0" errors="0" skipped="0">
	<testcase classname="test_enum_deep.TestEnumDeep" name="test_enum_deep" time="0.000" timestamp="2023-06-27T08:57:20" file="spec/construct/test_enum_deep.py" line="7"/>
</testsuite>
