<?xml version="1.0" encoding="UTF-8"?>
<testsuite name="test_enum_int_range_u.TestEnumIntRangeU-20220728001417" tests="1" file="test_enum_int_range_u.py" time="0.000" timestamp="2022-07-28T00:14:17" failures="0" errors="0" skipped="0">
	<testcase classname="test_enum_int_range_u.TestEnumIntRangeU" name="test_enum_int_range_u" time="0.000" timestamp="2022-07-28T00:14:17" file="spec/construct/test_enum_int_range_u.py" line="7"/>
</testsuite>
