<?xml version="1.0" encoding="UTF-8"?>
<testsuite errors="0" failures="0" file="test_expr_str_encodings.py" name="test_expr_str_encodings.TestExprStrEncodings-20230719190509" skipped="0" tests="1" time="0.004" timestamp="2023-07-19T19:05:10">
	<testcase classname="test_expr_str_encodings.TestExprStrEncodings" file="spec/construct/test_expr_str_encodings.py" line="8" name="test_expr_str_encodings" time="0.004" timestamp="2023-07-19T19:05:10">
		<system-out>
<![CDATA[]]>		</system-out>
		<system-err>
<![CDATA[]]>		</system-err>
	</testcase>
</testsuite>
