<?xml version="1.0" encoding="UTF-8"?>
<testsuite errors="0" failures="0" file="test_repeat_until_s4.py" name="test_repeat_until_s4.TestRepeatUntilS4-20220623173026" skipped="0" tests="1" time="0.001" timestamp="2022-06-23T17:30:26">
	<testcase classname="test_repeat_until_s4.TestRepeatUntilS4" file="spec/construct/test_repeat_until_s4.py" line="8" name="test_repeat_until_s4" time="0.001" timestamp="2022-06-23T17:30:26">
		<system-out>
<![CDATA[]]>		</system-out>
		<system-err>
<![CDATA[]]>		</system-err>
	</testcase>
</testsuite>
