<?xml version="1.0" encoding="UTF-8"?>
<testsuite errors="0" failures="0" file="test_js_signed_right_shift.py" name="test_js_signed_right_shift.TestJsSignedRightShift-20201020230332" skipped="0" tests="1" time="0.001" timestamp="2020-10-20T23:03:33">
	<testcase classname="test_js_signed_right_shift.TestJsSignedRightShift" file="spec/construct/test_js_signed_right_shift.py" line="8" name="test_js_signed_right_shift" time="0.001" timestamp="2020-10-20T23:03:33">
		<system-out>
<![CDATA[]]>		</system-out>
		<system-err>
<![CDATA[]]>		</system-err>
	</testcase>
</testsuite>
