<?xml version="1.0" encoding="UTF-8"?>
<testsuite name="test_repeat_until_sized.TestRepeatUntilSized-20211106163014" tests="1" file="test_repeat_until_sized.py" time="0.001" timestamp="2021-11-06T16:30:14" failures="0" errors="0" skipped="0">
	<testcase classname="test_repeat_until_sized.TestRepeatUntilSized" name="test_repeat_until_sized" time="0.001" timestamp="2021-11-06T16:30:14" file="spec/construct/test_repeat_until_sized.py" line="8"/>
</testsuite>
