<?xml version="1.0" encoding="UTF-8"?>
<testsuite name="test_docstrings_docref.TestDocstringsDocref-20220318130518" tests="1" file="test_docstrings_docref.py" time="0.000" timestamp="2022-03-18T13:05:18" failures="0" errors="0" skipped="0">
	<testcase classname="test_docstrings_docref.TestDocstringsDocref" name="test_docstrings_docref" time="0.000" timestamp="2022-03-18T13:05:18" file="spec/construct/test_docstrings_docref.py" line="8"/>
</testsuite>
