<?xml version="1.0" encoding="UTF-8"?>
<testsuite name="test_nav_parent_false2.TestNavParentFalse2-20220623173040" tests="1" file="test_nav_parent_false2.py" time="0.000" timestamp="2022-06-23T17:30:40" failures="0" errors="0" skipped="0">
	<testcase classname="test_nav_parent_false2.TestNavParentFalse2" name="test_nav_parent_false2" time="0.000" timestamp="2022-06-23T17:30:40" file="spec/construct/test_nav_parent_false2.py" line="8"/>
</testsuite>
