<?xml version="1.0" encoding="UTF-8"?>
<testsuite name="test_cast_to_imported.TestCastToImported" tests="1" file="test_cast_to_imported.py" time="0.001" timestamp="2023-07-23T22:32:40" failures="0" errors="1" skipped="0">
	<testcase classname="test_cast_to_imported.TestCastToImported" name="test_cast_to_imported" time="0.001" timestamp="2023-07-23T22:32:40" file="spec/construct/test_cast_to_imported.py" line="8">
		<error type="NameError" message="name 'hello_world' is not defined"><![CDATA[Traceback (most recent call last):
  File "/tests/spec/construct/test_cast_to_imported.py", line 9, in test_cast_to_imported
    r = _schema.parse_file('src/fixed_struct.bin')
        ^^^^^^^^^^^^^^^^^^^^^^^^^^^^^^^^^^^^^^^^^^
  File "/usr/local/lib/python3.11/site-packages/construct/core.py", line 309, in parse_file
    return self.parse_stream(f, **contextkw)
           ^^^^^^^^^^^^^^^^^^^^^^^^^^^^^^^^^
  File "/usr/local/lib/python3.11/site-packages/construct/core.py", line 300, in parse_stream
    return self._parsereport(stream, context, "(parsing)")
           ^^^^^^^^^^^^^^^^^^^^^^^^^^^^^^^^^^^^^^^^^^^^^^^
  File "/usr/local/lib/python3.11/site-packages/construct/core.py", line 312, in _parsereport
    obj = self._parse(stream, context, path)
          ^^^^^^^^^^^^^^^^^^^^^^^^^^^^^^^^^^
  File "/usr/local/lib/python3.11/site-packages/construct/core.py", line 2120, in _parse
    subobj = sc._parsereport(stream, context, path)
             ^^^^^^^^^^^^^^^^^^^^^^^^^^^^^^^^^^^^^^
  File "/usr/local/lib/python3.11/site-packages/construct/core.py", line 312, in _parsereport
    obj = self._parse(stream, context, path)
          ^^^^^^^^^^^^^^^^^^^^^^^^^^^^^^^^^^
  File "/usr/local/lib/python3.11/site-packages/construct/core.py", line 2653, in _parse
    return self.subcon._parsereport(stream, context, path)
           ^^^^^^^^^^^^^^^^^^^^^^^^^^^^^^^^^^^^^^^^^^^^^^^
  File "/usr/local/lib/python3.11/site-packages/construct/core.py", line 312, in _parsereport
    obj = self._parse(stream, context, path)
          ^^^^^^^^^^^^^^^^^^^^^^^^^^^^^^^^^^
  File "/usr/local/lib/python3.11/site-packages/construct/core.py", line 5911, in _parse
    sc = self.subconfunc()
         ^^^^^^^^^^^^^^^^^
  File "/tests/compiled/construct/cast_to_imported.py", line 5, in <lambda>
    'one' / LazyBound(lambda: hello_world),
                              ^^^^^^^^^^^
NameError: name 'hello_world' is not defined
]]></error>
	</testcase>
</testsuite>
