<?xml version="1.0" encoding="UTF-8"?>
<testsuite name="test_enum_int_range_s.TestEnumIntRangeS-20220505210433" tests="1" file="test_enum_int_range_s.py" time="0.001" timestamp="2022-05-05T21:04:33" failures="0" errors="0" skipped="0">
	<testcase classname="test_enum_int_range_s.TestEnumIntRangeS" name="test_enum_int_range_s" time="0.001" timestamp="2022-05-05T21:04:33" file="spec/construct/test_enum_int_range_s.py" line="7"/>
</testsuite>
