<?xml version="1.0" encoding="UTF-8"?>
<testsuite errors="0" failures="0" file="test_enum_0.py" name="test_enum_0.TestEnum0-20220728001401" skipped="0" tests="1" time="0.001" timestamp="2022-07-28T00:14:01">
	<testcase classname="test_enum_0.TestEnum0" file="spec/construct/test_enum_0.py" line="7" name="test_enum_0" time="0.001" timestamp="2022-07-28T00:14:01">
		<system-out>
<![CDATA[]]>		</system-out>
		<system-err>
<![CDATA[]]>		</system-err>
	</testcase>
</testsuite>
