<?xml version="1.0" encoding="UTF-8"?>
<testsuite errors="0" failures="0" file="test_expr_sizeof_type_1.py" name="test_expr_sizeof_type_1.TestExprSizeofType1-20200824200311" skipped="0" tests="1" time="0.001" timestamp="2020-08-24T20:03:11">
	<testcase classname="test_expr_sizeof_type_1.TestExprSizeofType1" file="spec/construct/test_expr_sizeof_type_1.py" line="8" name="test_expr_sizeof_type_1" time="0.001" timestamp="2020-08-24T20:03:11">
		<system-out>
<![CDATA[]]>		</system-out>
		<system-err>
<![CDATA[]]>		</system-err>
	</testcase>
</testsuite>
