<?xml version="1.0" encoding="UTF-8"?>
<testsuite errors="0" failures="0" file="test_switch_manual_enum.py" name="test_switch_manual_enum.TestSwitchManualEnum-20220623172858" skipped="0" tests="1" time="0.001" timestamp="2022-06-23T17:28:58">
	<testcase classname="test_switch_manual_enum.TestSwitchManualEnum" file="spec/construct/test_switch_manual_enum.py" line="7" name="test_switch_manual_enum" time="0.001" timestamp="2022-06-23T17:28:58">
		<system-out>
<![CDATA[]]>		</system-out>
		<system-err>
<![CDATA[]]>		</system-err>
	</testcase>
</testsuite>
