<?xml version="1.0" encoding="UTF-8"?>
<testsuite name="test_expr_sizeof_type_0.TestExprSizeofType0-20220319214325" tests="1" file="test_expr_sizeof_type_0.py" time="0.000" timestamp="2022-03-19T21:43:25" failures="0" errors="0" skipped="0">
	<testcase classname="test_expr_sizeof_type_0.TestExprSizeofType0" name="test_expr_sizeof_type_0" time="0.000" timestamp="2022-03-19T21:43:25" file="spec/construct/test_expr_sizeof_type_0.py" line="8"/>
</testsuite>
