<?xml version="1.0" encoding="UTF-8"?>
<testsuite errors="1" failures="0" file="test_expr_bytes_cmp.py" name="test_expr_bytes_cmp.TestExprBytesCmp-20220205182953" skipped="0" tests="1" time="0.001" timestamp="2022-02-05T18:29:53">
	<testcase classname="test_expr_bytes_cmp.TestExprBytesCmp" file="spec/construct/test_expr_bytes_cmp.py" line="8" name="test_expr_bytes_cmp" time="0.001" timestamp="2022-02-05T18:29:53">
		<error message="ack2" type="AttributeError">
<![CDATA[Traceback (most recent call last):
  File "/home/travis/build/kaitai-io/ci_targets/tests/spec/construct/test_expr_bytes_cmp.py", line 9, in test_expr_bytes_cmp
    r = _schema.parse_file('src/fixed_struct.bin')
  File "/home/travis/virtualenv/python2.7.14/lib/python2.7/site-packages/construct/core.py", line 309, in parse_file
    return self.parse_stream(f, **contextkw)
  File "/home/travis/virtualenv/python2.7.14/lib/python2.7/site-packages/construct/core.py", line 300, in parse_stream
    return self._parsereport(stream, context, "(parsing)")
  File "/home/travis/virtualenv/python2.7.14/lib/python2.7/site-packages/construct/core.py", line 312, in _parsereport
    obj = self._parse(stream, context, path)
  File "/home/travis/virtualenv/python2.7.14/lib/python2.7/site-packages/construct/core.py", line 1982, in _parse
    subobj = sc._parsereport(stream, context, path)
  File "/home/travis/virtualenv/python2.7.14/lib/python2.7/site-packages/construct/core.py", line 312, in _parsereport
    obj = self._parse(stream, context, path)
  File "/home/travis/virtualenv/python2.7.14/lib/python2.7/site-packages/construct/core.py", line 2440, in _parse
    return self.subcon._parsereport(stream, context, path)
  File "/home/travis/virtualenv/python2.7.14/lib/python2.7/site-packages/construct/core.py", line 312, in _parsereport
    obj = self._parse(stream, context, path)
  File "/home/travis/virtualenv/python2.7.14/lib/python2.7/site-packages/construct/core.py", line 2576, in _parse
    return self.func(context) if callable(self.func) else self.func
  File "/home/travis/build/kaitai-io/ci_targets/tests/compiled/construct/expr_bytes_cmp.py", line 7, in <lambda>
    'is_le' / Computed(lambda this: this.two <= this.ack2),
  File "/home/travis/virtualenv/python2.7.14/lib/python2.7/site-packages/construct/lib/containers.py", line 102, in __getattr__
    raise AttributeError(name)
AttributeError: ack2
]]>		</error>
		<system-out>
<![CDATA[]]>		</system-out>
		<system-err>
<![CDATA[]]>		</system-err>
	</testcase>
</testsuite>
