<?xml version="1.0" encoding="UTF-8"?>
<testsuite name="test_floating_points.TestFloatingPoints-20210403173753" tests="1" file="test_floating_points.py" time="0.001" timestamp="2021-04-03T17:37:53" failures="0" errors="0" skipped="0">
	<testcase classname="test_floating_points.TestFloatingPoints" name="test_floating_points" time="0.001" timestamp="2021-04-03T17:37:53" file="spec/construct/test_floating_points.py" line="6"/>
</testsuite>
