<?xml version="1.0" encoding="UTF-8"?>
<testsuite errors="1" failures="0" file="test_imports_abs.py" name="test_imports_abs.TestImportsAbs-20220728094449" skipped="0" tests="1" time="0.001" timestamp="2022-07-28T09:44:49">
	<testcase classname="test_imports_abs.TestImportsAbs" file="spec/construct/test_imports_abs.py" line="7" name="test_imports_abs" time="0.001" timestamp="2022-07-28T09:44:49">
		<error message="global name 'vlq_base128_le' is not defined" type="NameError">
<![CDATA[Traceback (most recent call last):
  File "/home/travis/build/kaitai-io/ci_targets/tests/spec/construct/test_imports_abs.py", line 8, in test_imports_abs
    r = _schema.parse_file('src/fixed_struct.bin')
  File "/home/travis/virtualenv/python2.7.15/lib/python2.7/site-packages/construct/core.py", line 309, in parse_file
    return self.parse_stream(f, **contextkw)
  File "/home/travis/virtualenv/python2.7.15/lib/python2.7/site-packages/construct/core.py", line 300, in parse_stream
    return self._parsereport(stream, context, "(parsing)")
  File "/home/travis/virtualenv/python2.7.15/lib/python2.7/site-packages/construct/core.py", line 312, in _parsereport
    obj = self._parse(stream, context, path)
  File "/home/travis/virtualenv/python2.7.15/lib/python2.7/site-packages/construct/core.py", line 1982, in _parse
    subobj = sc._parsereport(stream, context, path)
  File "/home/travis/virtualenv/python2.7.15/lib/python2.7/site-packages/construct/core.py", line 312, in _parsereport
    obj = self._parse(stream, context, path)
  File "/home/travis/virtualenv/python2.7.15/lib/python2.7/site-packages/construct/core.py", line 2440, in _parse
    return self.subcon._parsereport(stream, context, path)
  File "/home/travis/virtualenv/python2.7.15/lib/python2.7/site-packages/construct/core.py", line 312, in _parsereport
    obj = self._parse(stream, context, path)
  File "/home/travis/virtualenv/python2.7.15/lib/python2.7/site-packages/construct/core.py", line 5534, in _parse
    sc = self.subconfunc()
  File "/home/travis/build/kaitai-io/ci_targets/tests/compiled/construct/imports_abs.py", line 5, in <lambda>
    'len' / LazyBound(lambda: vlq_base128_le),
NameError: global name 'vlq_base128_le' is not defined
]]>		</error>
		<system-out>
<![CDATA[]]>		</system-out>
		<system-err>
<![CDATA[]]>		</system-err>
	</testcase>
</testsuite>
