<?xml version="1.0" encoding="UTF-8"?>
<testsuite errors="1" failures="0" file="test_enum_of_value_inst.py" name="test_enum_of_value_inst.TestEnumOfValueInst-20220505210400" skipped="0" tests="1" time="0.001" timestamp="2022-05-05T21:04:00">
	<testcase classname="test_enum_of_value_inst.TestEnumOfValueInst" file="spec/construct/test_enum_of_value_inst.py" line="7" name="test_enum_of_value_inst" time="0.001" timestamp="2022-05-05T21:04:00">
		<error message="global name 'KaitaiStream' is not defined" type="NameError">
<![CDATA[Traceback (most recent call last):
  File "/home/travis/build/kaitai-io/ci_targets/tests/spec/construct/test_enum_of_value_inst.py", line 8, in test_enum_of_value_inst
    r = _schema.parse_file('src/enum_0.bin')
  File "/home/travis/virtualenv/python2.7.15/lib/python2.7/site-packages/construct/core.py", line 309, in parse_file
    return self.parse_stream(f, **contextkw)
  File "/home/travis/virtualenv/python2.7.15/lib/python2.7/site-packages/construct/core.py", line 300, in parse_stream
    return self._parsereport(stream, context, "(parsing)")
  File "/home/travis/virtualenv/python2.7.15/lib/python2.7/site-packages/construct/core.py", line 312, in _parsereport
    obj = self._parse(stream, context, path)
  File "/home/travis/virtualenv/python2.7.15/lib/python2.7/site-packages/construct/core.py", line 1982, in _parse
    subobj = sc._parsereport(stream, context, path)
  File "/home/travis/virtualenv/python2.7.15/lib/python2.7/site-packages/construct/core.py", line 312, in _parsereport
    obj = self._parse(stream, context, path)
  File "/home/travis/virtualenv/python2.7.15/lib/python2.7/site-packages/construct/core.py", line 2440, in _parse
    return self.subcon._parsereport(stream, context, path)
  File "/home/travis/virtualenv/python2.7.15/lib/python2.7/site-packages/construct/core.py", line 312, in _parsereport
    obj = self._parse(stream, context, path)
  File "/home/travis/virtualenv/python2.7.15/lib/python2.7/site-packages/construct/core.py", line 2576, in _parse
    return self.func(context) if callable(self.func) else self.func
  File "/home/travis/build/kaitai-io/ci_targets/tests/compiled/construct/enum_of_value_inst.py", line 13, in <lambda>
    'pet_3' / Computed(lambda this: KaitaiStream.resolve_enum(EnumOfValueInst.Animal, (4 if this.pet_1 == 'cat' else 12))),
NameError: global name 'KaitaiStream' is not defined
]]>		</error>
		<system-out>
<![CDATA[]]>		</system-out>
		<system-err>
<![CDATA[]]>		</system-err>
	</testcase>
</testsuite>
