<?xml version="1.0" encoding="UTF-8"?>
<testsuite errors="0" failures="0" file="test_repeat_eos_struct.py" name="test_repeat_eos_struct.TestRepeatEosStruct-20220707225917" skipped="0" tests="1" time="0.001" timestamp="2022-07-07T22:59:17">
	<testcase classname="test_repeat_eos_struct.TestRepeatEosStruct" file="spec/construct/test_repeat_eos_struct.py" line="8" name="test_repeat_eos_struct" time="0.001" timestamp="2022-07-07T22:59:17">
		<system-out>
<![CDATA[]]>		</system-out>
		<system-err>
<![CDATA[]]>		</system-err>
	</testcase>
</testsuite>
