<?xml version="1.0" encoding="UTF-8"?>
<testsuite errors="1" failures="0" file="test_expr_1.py" name="test_expr_1.TestExpr1-20230627085619" skipped="0" tests="1" time="0.001" timestamp="2023-06-27T08:56:19">
	<testcase classname="test_expr_1.TestExpr1" file="spec/construct/test_expr_1.py" line="8" name="test_expr_1" time="0.001" timestamp="2023-06-27T08:56:19">
		<error message="'len_of_1_mod'" type="KeyError">
<![CDATA[Traceback (most recent call last):
  File "/home/travis/build/kaitai-io/ci_targets/tests/spec/construct/test_expr_1.py", line 9, in test_expr_1
    r = _schema.parse_file('src/str_encodings.bin')
  File "/home/travis/virtualenv/python2.7.18/lib/python2.7/site-packages/construct/core.py", line 309, in parse_file
    return self.parse_stream(f, **contextkw)
  File "/home/travis/virtualenv/python2.7.18/lib/python2.7/site-packages/construct/core.py", line 300, in parse_stream
    return self._parsereport(stream, context, "(parsing)")
  File "/home/travis/virtualenv/python2.7.18/lib/python2.7/site-packages/construct/core.py", line 312, in _parsereport
    obj = self._parse(stream, context, path)
  File "/home/travis/virtualenv/python2.7.18/lib/python2.7/site-packages/construct/core.py", line 1982, in _parse
    subobj = sc._parsereport(stream, context, path)
  File "/home/travis/virtualenv/python2.7.18/lib/python2.7/site-packages/construct/core.py", line 312, in _parsereport
    obj = self._parse(stream, context, path)
  File "/home/travis/virtualenv/python2.7.18/lib/python2.7/site-packages/construct/core.py", line 2440, in _parse
    return self.subcon._parsereport(stream, context, path)
  File "/home/travis/virtualenv/python2.7.18/lib/python2.7/site-packages/construct/core.py", line 312, in _parsereport
    obj = self._parse(stream, context, path)
  File "/home/travis/virtualenv/python2.7.18/lib/python2.7/site-packages/construct/core.py", line 4489, in _parse
    length = evaluate(self.length, context)
  File "/home/travis/virtualenv/python2.7.18/lib/python2.7/site-packages/construct/core.py", line 197, in evaluate
    return param(context) if callable(param) else param
  File "/home/travis/virtualenv/python2.7.18/lib/python2.7/site-packages/construct/expr.py", line 188, in __call__
    return self.__parent(obj)[self.__field]
KeyError: 'len_of_1_mod'
]]>		</error>
		<system-out>
<![CDATA[]]>		</system-out>
		<system-err>
<![CDATA[]]>		</system-err>
	</testcase>
</testsuite>
