<?xml version="1.0" encoding="UTF-8"?>
<testsuite errors="0" failures="0" file="test_switch_manual_str.py" name="test_switch_manual_str.TestSwitchManualStr-20200911171952" skipped="0" tests="1" time="0.001" timestamp="2020-09-11T17:19:52">
	<testcase classname="test_switch_manual_str.TestSwitchManualStr" file="spec/construct/test_switch_manual_str.py" line="8" name="test_switch_manual_str" time="0.001" timestamp="2020-09-11T17:19:52">
		<system-out>
<![CDATA[]]>		</system-out>
		<system-err>
<![CDATA[]]>		</system-err>
	</testcase>
</testsuite>
