<?xml version="1.0" encoding="UTF-8"?>
<testsuite errors="0" failures="0" file="test_term_bytes.py" name="test_term_bytes.TestTermBytes-20220623172858" skipped="0" tests="1" time="0.000" timestamp="2022-06-23T17:28:58">
	<testcase classname="test_term_bytes.TestTermBytes" file="spec/construct/test_term_bytes.py" line="8" name="test_term_bytes" time="0.000" timestamp="2022-06-23T17:28:58">
		<system-out>
<![CDATA[]]>		</system-out>
		<system-err>
<![CDATA[]]>		</system-err>
	</testcase>
</testsuite>
