<?xml version="1.0" encoding="UTF-8"?>
<testsuite errors="0" failures="0" file="test_expr_sizeof_value_0.py" name="test_expr_sizeof_value_0.TestExprSizeofValue0-20220728094449" skipped="0" tests="1" time="0.003" timestamp="2022-07-28T09:44:49">
	<testcase classname="test_expr_sizeof_value_0.TestExprSizeofValue0" file="spec/construct/test_expr_sizeof_value_0.py" line="8" name="test_expr_sizeof_value_0" time="0.003" timestamp="2022-07-28T09:44:49">
		<system-out>
<![CDATA[]]>		</system-out>
		<system-err>
<![CDATA[]]>		</system-err>
	</testcase>
</testsuite>
