<?xml version="1.0" encoding="UTF-8"?>
<testsuite errors="1" failures="0" file="test_enum_int_range_s.py" name="test_enum_int_range_s.TestEnumIntRangeS-20201106101812" skipped="0" tests="1" time="0.001" timestamp="2020-11-06T10:18:12">
	<testcase classname="test_enum_int_range_s.TestEnumIntRangeS" file="spec/construct/test_enum_int_range_s.py" line="8" name="test_enum_int_range_s" time="0.001" timestamp="2020-11-06T10:18:12">
		<error message="'TestEnumIntRangeS' object has no attribute '_root'" type="AttributeError">
<![CDATA[Traceback (most recent call last):
  File "/home/travis/build/kaitai-io/ci_targets/tests/spec/construct/test_enum_int_range_s.py", line 11, in test_enum_int_range_s
    self.assertEqual(r.f1, self._root.Constants.int_min)
AttributeError: 'TestEnumIntRangeS' object has no attribute '_root'
]]>		</error>
		<system-out>
<![CDATA[]]>		</system-out>
		<system-err>
<![CDATA[]]>		</system-err>
	</testcase>
</testsuite>
