<?xml version="1.0" encoding="UTF-8"?>
<testsuite errors="0" failures="0" file="test_str_encodings.py" name="test_str_encodings.TestStrEncodings-20220318130449" skipped="0" tests="1" time="0.001" timestamp="2022-03-18T13:04:49">
	<testcase classname="test_str_encodings.TestStrEncodings" file="spec/construct/test_str_encodings.py" line="8" name="test_str_encodings" time="0.001" timestamp="2022-03-18T13:04:49">
		<system-out>
<![CDATA[]]>		</system-out>
		<system-err>
<![CDATA[]]>		</system-err>
	</testcase>
</testsuite>
