<?xml version="1.0" encoding="UTF-8"?>
<testsuite name="test_default_endian_mod.TestDefaultEndianMod-20210403173753" tests="1" file="test_default_endian_mod.py" time="0.001" timestamp="2021-04-03T17:37:53" failures="0" errors="0" skipped="0">
	<testcase classname="test_default_endian_mod.TestDefaultEndianMod" name="test_default_endian_mod" time="0.001" timestamp="2021-04-03T17:37:53" file="spec/construct/test_default_endian_mod.py" line="8"/>
</testsuite>
