<?xml version="1.0" encoding="UTF-8"?>
<testsuite name="test_docstrings.TestDocstrings-20210206143650" tests="1" file="test_docstrings.py" time="0.000" timestamp="2021-02-06T14:36:50" failures="0" errors="0" skipped="0">
	<testcase classname="test_docstrings.TestDocstrings" name="test_docstrings" time="0.000" timestamp="2021-02-06T14:36:50" file="spec/construct/test_docstrings.py" line="8"/>
</testsuite>
