<?xml version="1.0" encoding="UTF-8"?>
<testsuite name="test_integers_min_max.TestIntegersMinMax" tests="1" file="test_integers_min_max.py" time="0.002" timestamp="2023-08-02T17:40:31" failures="0" errors="0" skipped="0">
	<testcase classname="test_integers_min_max.TestIntegersMinMax" name="test_integers_min_max" time="0.002" timestamp="2023-08-02T17:40:31" file="spec/construct/test_integers_min_max.py" line="8"/>
</testsuite>
