<?xml version="1.0" encoding="UTF-8"?>
<testsuite name="test_position_in_seq.TestPositionInSeq-20200824200408" tests="1" file="test_position_in_seq.py" time="0.001" timestamp="2020-08-24T20:04:08" failures="0" errors="1" skipped="0">
	<testcase classname="test_position_in_seq.TestPositionInSeq" name="test_position_in_seq" time="0.001" timestamp="2020-08-24T20:04:08" file="spec/construct/test_position_in_seq.py" line="8">
		<error type="KeyError" message="'header'"><![CDATA[Traceback (most recent call last):
  File "/home/travis/build/kaitai-io/ci_targets/tests/spec/construct/test_position_in_seq.py", line 9, in test_position_in_seq
    r = _schema.parse_file('src/position_in_seq.bin')
  File "/home/travis/virtualenv/python3.8.1/lib/python3.8/site-packages/construct/core.py", line 309, in parse_file
    return self.parse_stream(f, **contextkw)
  File "/home/travis/virtualenv/python3.8.1/lib/python3.8/site-packages/construct/core.py", line 300, in parse_stream
    return self._parsereport(stream, context, "(parsing)")
  File "/home/travis/virtualenv/python3.8.1/lib/python3.8/site-packages/construct/core.py", line 312, in _parsereport
    obj = self._parse(stream, context, path)
  File "/home/travis/virtualenv/python3.8.1/lib/python3.8/site-packages/construct/core.py", line 1981, in _parse
    subobj = sc._parsereport(stream, context, path)
  File "/home/travis/virtualenv/python3.8.1/lib/python3.8/site-packages/construct/core.py", line 312, in _parsereport
    obj = self._parse(stream, context, path)
  File "/home/travis/virtualenv/python3.8.1/lib/python3.8/site-packages/construct/core.py", line 2439, in _parse
    return self.subcon._parsereport(stream, context, path)
  File "/home/travis/virtualenv/python3.8.1/lib/python3.8/site-packages/construct/core.py", line 312, in _parsereport
    obj = self._parse(stream, context, path)
  File "/home/travis/virtualenv/python3.8.1/lib/python3.8/site-packages/construct/core.py", line 2215, in _parse
    count = count(context)
  File "/home/travis/virtualenv/python3.8.1/lib/python3.8/site-packages/construct/expr.py", line 188, in __call__
    return self.__parent(obj)[self.__field]
  File "/home/travis/virtualenv/python3.8.1/lib/python3.8/site-packages/construct/expr.py", line 188, in __call__
    return self.__parent(obj)[self.__field]
KeyError: 'header'
]]></error>
		<system-out><![CDATA[]]></system-out>
		<system-err><![CDATA[]]></system-err>
	</testcase>
</testsuite>
