<?xml version="1.0" encoding="UTF-8"?>
<testsuite name="test_meta_tags.TestMetaTags-20211114130613" tests="1" file="test_meta_tags.py" time="0.000" timestamp="2021-11-14T13:06:13" failures="0" errors="0" skipped="0">
	<testcase classname="test_meta_tags.TestMetaTags" name="test_meta_tags" time="0.000" timestamp="2021-11-14T13:06:13" file="spec/construct/test_meta_tags.py" line="8"/>
</testsuite>
