<?xml version="1.0" encoding="UTF-8"?>
<testsuite errors="0" failures="0" file="test_integers.py" name="test_integers.TestIntegers-20210701222533" skipped="0" tests="1" time="0.002" timestamp="2021-07-01T22:25:33">
	<testcase classname="test_integers.TestIntegers" file="spec/construct/test_integers.py" line="8" name="test_integers" time="0.002" timestamp="2021-07-01T22:25:33">
		<system-out>
<![CDATA[]]>		</system-out>
		<system-err>
<![CDATA[]]>		</system-err>
	</testcase>
</testsuite>
