<?xml version="1.0" encoding="UTF-8"?>
<testsuite errors="0" failures="0" file="test_repeat_n_strz.py" name="test_repeat_n_strz.TestRepeatNStrz-20211106162836" skipped="0" tests="1" time="0.000" timestamp="2021-11-06T16:28:36">
	<testcase classname="test_repeat_n_strz.TestRepeatNStrz" file="spec/construct/test_repeat_n_strz.py" line="8" name="test_repeat_n_strz" time="0.000" timestamp="2021-11-06T16:28:36">
		<system-out>
<![CDATA[]]>		</system-out>
		<system-err>
<![CDATA[]]>		</system-err>
	</testcase>
</testsuite>
