<?xml version="1.0" encoding="UTF-8"?>
<testsuite errors="0" failures="0" file="test_default_endian_mod.py" name="test_default_endian_mod.TestDefaultEndianMod-20230624222616" skipped="0" tests="1" time="0.000" timestamp="2023-06-24T22:26:17">
	<testcase classname="test_default_endian_mod.TestDefaultEndianMod" file="spec/construct/test_default_endian_mod.py" line="8" name="test_default_endian_mod" time="0.000" timestamp="2023-06-24T22:26:17">
		<system-out>
<![CDATA[]]>		</system-out>
		<system-err>
<![CDATA[]]>		</system-err>
	</testcase>
</testsuite>
