<?xml version="1.0" encoding="UTF-8"?>
<testsuite name="test_switch_manual_int.TestSwitchManualInt-20220319214325" tests="1" file="test_switch_manual_int.py" time="0.001" timestamp="2022-03-19T21:43:25" failures="0" errors="0" skipped="0">
	<testcase classname="test_switch_manual_int.TestSwitchManualInt" name="test_switch_manual_int" time="0.001" timestamp="2022-03-19T21:43:25" file="spec/construct/test_switch_manual_int.py" line="8"/>
</testsuite>
