<?xml version="1.0" encoding="UTF-8"?>
<testsuite name="test_type_int_unary_op.TestTypeIntUnaryOp-20230719211151" tests="1" file="test_type_int_unary_op.py" time="0.000" timestamp="2023-07-19T21:11:51" failures="0" errors="0" skipped="0">
	<testcase classname="test_type_int_unary_op.TestTypeIntUnaryOp" name="test_type_int_unary_op" time="0.000" timestamp="2023-07-19T21:11:51" file="spec/construct/test_type_int_unary_op.py" line="8"/>
</testsuite>
