<?xml version="1.0" encoding="UTF-8"?>
<testsuite name="test_nav_parent3.TestNavParent3" tests="1" file="test_nav_parent3.py" time="0.001" timestamp="2023-07-30T15:26:35" failures="0" errors="0" skipped="0">
	<testcase classname="test_nav_parent3.TestNavParent3" name="test_nav_parent3" time="0.001" timestamp="2023-07-30T15:26:35" file="spec/construct/test_nav_parent3.py" line="8"/>
</testsuite>
