<?xml version="1.0" encoding="UTF-8"?>
<testsuite name="test_integers.TestIntegers-20210206143650" tests="1" file="test_integers.py" time="0.002" timestamp="2021-02-06T14:36:50" failures="0" errors="0" skipped="0">
	<testcase classname="test_integers.TestIntegers" name="test_integers" time="0.002" timestamp="2021-02-06T14:36:50" file="spec/construct/test_integers.py" line="8"/>
</testsuite>
