<?xml version="1.0" encoding="UTF-8"?>
<testsuite name="test_floating_points.TestFloatingPoints-20210302200010" tests="1" file="test_floating_points.py" time="0.001" timestamp="2021-03-02T20:00:10" failures="0" errors="0" skipped="0">
	<testcase classname="test_floating_points.TestFloatingPoints" name="test_floating_points" time="0.001" timestamp="2021-03-02T20:00:10" file="spec/construct/test_floating_points.py" line="6"/>
</testsuite>
