<?xml version="1.0" encoding="UTF-8"?>
<testsuite errors="0" failures="0" file="test_if_instances.py" name="test_if_instances.TestIfInstances-20230719210207" skipped="0" tests="1" time="0.000" timestamp="2023-07-19T21:02:07">
	<testcase classname="test_if_instances.TestIfInstances" file="spec/construct/test_if_instances.py" line="7" name="test_if_instances" time="0.000" timestamp="2023-07-19T21:02:07">
		<system-out>
<![CDATA[]]>		</system-out>
		<system-err>
<![CDATA[]]>		</system-err>
	</testcase>
</testsuite>
