<?xml version="1.0" encoding="UTF-8"?>
<testsuite name="test_nav_parent2.TestNavParent2-20210302200010" tests="1" file="test_nav_parent2.py" time="0.001" timestamp="2021-03-02T20:00:10" failures="0" errors="0" skipped="0">
	<testcase classname="test_nav_parent2.TestNavParent2" name="test_nav_parent2" time="0.001" timestamp="2021-03-02T20:00:10" file="spec/construct/test_nav_parent2.py" line="8"/>
</testsuite>
