<?xml version="1.0" encoding="UTF-8"?>
<testsuite name="test_hello_world.TestHelloWorld-20200911172037" tests="1" file="test_hello_world.py" time="0.000" timestamp="2020-09-11T17:20:37" failures="0" errors="0" skipped="0">
	<testcase classname="test_hello_world.TestHelloWorld" name="test_hello_world" time="0.000" timestamp="2020-09-11T17:20:37" file="spec/construct/test_hello_world.py" line="8">
		<system-out><![CDATA[]]></system-out>
		<system-err><![CDATA[]]></system-err>
	</testcase>
</testsuite>
