<?xml version="1.0" encoding="UTF-8"?>
<testsuite errors="0" failures="0" file="test_expr_int_div.py" name="test_expr_int_div.TestExprIntDiv-20200911171952" skipped="0" tests="1" time="0.001" timestamp="2020-09-11T17:19:52">
	<testcase classname="test_expr_int_div.TestExprIntDiv" file="spec/construct/test_expr_int_div.py" line="8" name="test_expr_int_div" time="0.001" timestamp="2020-09-11T17:19:52">
		<system-out>
<![CDATA[]]>		</system-out>
		<system-err>
<![CDATA[]]>		</system-err>
	</testcase>
</testsuite>
