<?xml version="1.0" encoding="UTF-8"?>
<testsuite name="test_expr_sizeof_value_0.TestExprSizeofValue0-20230627085720" tests="1" file="test_expr_sizeof_value_0.py" time="0.001" timestamp="2023-06-27T08:57:20" failures="0" errors="0" skipped="0">
	<testcase classname="test_expr_sizeof_value_0.TestExprSizeofValue0" name="test_expr_sizeof_value_0" time="0.001" timestamp="2023-06-27T08:57:20" file="spec/construct/test_expr_sizeof_value_0.py" line="8"/>
</testsuite>
