<?xml version="1.0" encoding="UTF-8"?>
<testsuite name="test_non_standard.TestNonStandard" tests="1" file="test_non_standard.py" time="0.000" timestamp="2023-07-23T22:32:40" failures="0" errors="0" skipped="0">
	<testcase classname="test_non_standard.TestNonStandard" name="test_non_standard" time="0.000" timestamp="2023-07-23T22:32:40" file="spec/construct/test_non_standard.py" line="8"/>
</testsuite>
