<?xml version="1.0" encoding="UTF-8"?>
<testsuite name="test_user_type.TestUserType-20230721073642" tests="1" file="test_user_type.py" time="0.000" timestamp="2023-07-21T07:36:42" failures="0" errors="0" skipped="0">
	<testcase classname="test_user_type.TestUserType" name="test_user_type" time="0.000" timestamp="2023-07-21T07:36:42" file="spec/construct/test_user_type.py" line="8"/>
</testsuite>
