<?xml version="1.0" encoding="UTF-8"?>
<testsuite name="test_repeat_eos_struct.TestRepeatEosStruct-20200824175310" tests="1" file="test_repeat_eos_struct.py" time="0.001" timestamp="2020-08-24T17:53:10" failures="0" errors="0" skipped="0">
	<testcase classname="test_repeat_eos_struct.TestRepeatEosStruct" name="test_repeat_eos_struct" time="0.001" timestamp="2020-08-24T17:53:10" file="spec/construct/test_repeat_eos_struct.py" line="8">
		<system-out><![CDATA[]]></system-out>
		<system-err><![CDATA[]]></system-err>
	</testcase>
</testsuite>
