<?xml version="1.0" encoding="UTF-8"?>
<testsuite errors="0" failures="0" file="test_integers_double_overflow.py" name="test_integers_double_overflow.TestIntegersDoubleOverflow-20230627085619" skipped="0" tests="1" time="0.001" timestamp="2023-06-27T08:56:19">
	<testcase classname="test_integers_double_overflow.TestIntegersDoubleOverflow" file="spec/construct/test_integers_double_overflow.py" line="8" name="test_integers_double_overflow" time="0.001" timestamp="2023-06-27T08:56:19">
		<system-out>
<![CDATA[]]>		</system-out>
		<system-err>
<![CDATA[]]>		</system-err>
	</testcase>
</testsuite>
