<?xml version="1.0" encoding="UTF-8"?>
<testsuite errors="0" failures="0" file="test_meta_xref.py" name="test_meta_xref.TestMetaXref-20200824162004" skipped="0" tests="1" time="0.000" timestamp="2020-08-24T16:20:04">
	<testcase classname="test_meta_xref.TestMetaXref" file="spec/construct/test_meta_xref.py" line="8" name="test_meta_xref" time="0.000" timestamp="2020-08-24T16:20:04">
		<system-out>
<![CDATA[]]>		</system-out>
		<system-err>
<![CDATA[]]>		</system-err>
	</testcase>
</testsuite>
