<?xml version="1.0" encoding="UTF-8"?>
<testsuite errors="0" failures="0" file="test_cast_nested.py" name="test_cast_nested.TestCastNested-20200824175243" skipped="0" tests="1" time="0.001" timestamp="2020-08-24T17:52:43">
	<testcase classname="test_cast_nested.TestCastNested" file="spec/construct/test_cast_nested.py" line="8" name="test_cast_nested" time="0.001" timestamp="2020-08-24T17:52:43">
		<system-out>
<![CDATA[]]>		</system-out>
		<system-err>
<![CDATA[]]>		</system-err>
	</testcase>
</testsuite>
