<?xml version="1.0" encoding="UTF-8"?>
<testsuite errors="0" failures="0" file="test_expr_sizeof_value_sized.py" name="test_expr_sizeof_value_sized.TestExprSizeofValueSized-20220415203253" skipped="0" tests="1" time="0.001" timestamp="2022-04-15T20:32:53">
	<testcase classname="test_expr_sizeof_value_sized.TestExprSizeofValueSized" file="spec/construct/test_expr_sizeof_value_sized.py" line="8" name="test_expr_sizeof_value_sized" time="0.001" timestamp="2022-04-15T20:32:53">
		<system-out>
<![CDATA[]]>		</system-out>
		<system-err>
<![CDATA[]]>		</system-err>
	</testcase>
</testsuite>
