<?xml version="1.0" encoding="UTF-8"?>
<testsuite name="test_str_encodings.TestStrEncodings-20230721092809" tests="1" file="test_str_encodings.py" time="0.000" timestamp="2023-07-21T09:28:10" failures="0" errors="0" skipped="0">
	<testcase classname="test_str_encodings.TestStrEncodings" name="test_str_encodings" time="0.000" timestamp="2023-07-21T09:28:10" file="spec/construct/test_str_encodings.py" line="8"/>
</testsuite>
