<?xml version="1.0" encoding="UTF-8"?>
<testsuite errors="1" failures="0" file="test_enum_to_i_class_border_1.py" name="test_enum_to_i_class_border_1.TestEnumToIClassBorder1-20211115222321" skipped="0" tests="1" time="0.001" timestamp="2021-11-15T22:23:21">
	<testcase classname="test_enum_to_i_class_border_1.TestEnumToIClassBorder1" file="spec/construct/test_enum_to_i_class_border_1.py" line="8" name="test_enum_to_i_class_border_1" time="0.001" timestamp="2021-11-15T22:23:21">
		<error message="name 'KaitaiStream' is not defined" type="NameError">
<![CDATA[Traceback (most recent call last):
  File "/home/travis/build/kaitai-io/ci_targets/tests/spec/construct/test_enum_to_i_class_border_1.py", line 9, in test_enum_to_i_class_border_1
    r = _schema.parse_file('src/enum_0.bin')
  File "/home/travis/virtualenv/python3.4.6/lib/python3.4/site-packages/construct/core.py", line 309, in parse_file
    return self.parse_stream(f, **contextkw)
  File "/home/travis/virtualenv/python3.4.6/lib/python3.4/site-packages/construct/core.py", line 300, in parse_stream
    return self._parsereport(stream, context, "(parsing)")
  File "/home/travis/virtualenv/python3.4.6/lib/python3.4/site-packages/construct/core.py", line 312, in _parsereport
    obj = self._parse(stream, context, path)
  File "/home/travis/virtualenv/python3.4.6/lib/python3.4/site-packages/construct/core.py", line 1982, in _parse
    subobj = sc._parsereport(stream, context, path)
  File "/home/travis/virtualenv/python3.4.6/lib/python3.4/site-packages/construct/core.py", line 312, in _parsereport
    obj = self._parse(stream, context, path)
  File "/home/travis/virtualenv/python3.4.6/lib/python3.4/site-packages/construct/core.py", line 2440, in _parse
    return self.subcon._parsereport(stream, context, path)
  File "/home/travis/virtualenv/python3.4.6/lib/python3.4/site-packages/construct/core.py", line 312, in _parsereport
    obj = self._parse(stream, context, path)
  File "/home/travis/virtualenv/python3.4.6/lib/python3.4/site-packages/construct/core.py", line 2576, in _parse
    return self.func(context) if callable(self.func) else self.func
  File "/home/travis/build/kaitai-io/ci_targets/tests/compiled/construct/enum_to_i_class_border_1.py", line 14, in <lambda>
    'some_dog' / Computed(lambda this: KaitaiStream.resolve_enum(EnumToIClassBorder1.Animal, 4)),
NameError: name 'KaitaiStream' is not defined
]]>		</error>
		<system-out>
<![CDATA[]]>		</system-out>
		<system-err>
<![CDATA[]]>		</system-err>
	</testcase>
</testsuite>
