<?xml version="1.0" encoding="UTF-8"?>
<testsuite name="test_index_to_param_expr.TestIndexToParamExpr-20200824070747" tests="1" file="test_index_to_param_expr.py" time="0.001" timestamp="2020-08-24T07:07:47" failures="0" errors="1" skipped="0">
	<testcase classname="test_index_to_param_expr.TestIndexToParamExpr" name="test_index_to_param_expr" time="0.001" timestamp="2020-08-24T07:07:47" file="spec/construct/test_index_to_param_expr.py" line="8">
		<error type="TypeError" message="list indices must be integers or slices, not Path"><![CDATA[Traceback (most recent call last):
  File "/home/travis/build/kaitai-io/ci_targets/tests/spec/construct/test_index_to_param_expr.py", line 9, in test_index_to_param_expr
    r = _schema.parse_file('src/index_sizes.bin')
  File "/home/travis/virtualenv/python3.8.1/lib/python3.8/site-packages/construct/core.py", line 309, in parse_file
    return self.parse_stream(f, **contextkw)
  File "/home/travis/virtualenv/python3.8.1/lib/python3.8/site-packages/construct/core.py", line 300, in parse_stream
    return self._parsereport(stream, context, "(parsing)")
  File "/home/travis/virtualenv/python3.8.1/lib/python3.8/site-packages/construct/core.py", line 312, in _parsereport
    obj = self._parse(stream, context, path)
  File "/home/travis/virtualenv/python3.8.1/lib/python3.8/site-packages/construct/core.py", line 1981, in _parse
    subobj = sc._parsereport(stream, context, path)
  File "/home/travis/virtualenv/python3.8.1/lib/python3.8/site-packages/construct/core.py", line 312, in _parsereport
    obj = self._parse(stream, context, path)
  File "/home/travis/virtualenv/python3.8.1/lib/python3.8/site-packages/construct/core.py", line 2439, in _parse
    return self.subcon._parsereport(stream, context, path)
  File "/home/travis/virtualenv/python3.8.1/lib/python3.8/site-packages/construct/core.py", line 312, in _parsereport
    obj = self._parse(stream, context, path)
  File "/home/travis/virtualenv/python3.8.1/lib/python3.8/site-packages/construct/core.py", line 2221, in _parse
    e = self.subcon._parsereport(stream, context, path)
  File "/home/travis/virtualenv/python3.8.1/lib/python3.8/site-packages/construct/core.py", line 312, in _parsereport
    obj = self._parse(stream, context, path)
  File "/home/travis/virtualenv/python3.8.1/lib/python3.8/site-packages/construct/core.py", line 5534, in _parse
    return sc._parsereport(stream, context, path)
  File "/home/travis/virtualenv/python3.8.1/lib/python3.8/site-packages/construct/core.py", line 312, in _parsereport
    obj = self._parse(stream, context, path)
  File "/home/travis/virtualenv/python3.8.1/lib/python3.8/site-packages/construct/core.py", line 1981, in _parse
    subobj = sc._parsereport(stream, context, path)
  File "/home/travis/virtualenv/python3.8.1/lib/python3.8/site-packages/construct/core.py", line 312, in _parsereport
    obj = self._parse(stream, context, path)
  File "/home/travis/virtualenv/python3.8.1/lib/python3.8/site-packages/construct/core.py", line 2439, in _parse
    return self.subcon._parsereport(stream, context, path)
  File "/home/travis/virtualenv/python3.8.1/lib/python3.8/site-packages/construct/core.py", line 312, in _parsereport
    obj = self._parse(stream, context, path)
  File "/home/travis/virtualenv/python3.8.1/lib/python3.8/site-packages/construct/core.py", line 4488, in _parse
    length = evaluate(self.length, context)
  File "/home/travis/virtualenv/python3.8.1/lib/python3.8/site-packages/construct/core.py", line 197, in evaluate
    return param(context) if callable(param) else param
  File "/home/travis/virtualenv/python3.8.1/lib/python3.8/site-packages/construct/expr.py", line 188, in __call__
    return self.__parent(obj)[self.__field]
TypeError: list indices must be integers or slices, not Path
]]></error>
		<system-out><![CDATA[]]></system-out>
		<system-err><![CDATA[]]></system-err>
	</testcase>
</testsuite>
