<?xml version="1.0" encoding="UTF-8"?>
<testsuite name="test_process_coerce_bytes.TestProcessCoerceBytes-20220415203318" tests="1" file="test_process_coerce_bytes.py" time="0.001" timestamp="2022-04-15T20:33:18" failures="1" errors="0" skipped="0">
	<testcase classname="test_process_coerce_bytes.TestProcessCoerceBytes" name="test_process_coerce_bytes" time="0.001" timestamp="2022-04-15T20:33:18" file="spec/construct/test_process_coerce_bytes.py" line="8">
		<failure type="AssertionError" message="b'\xe8\xe8\xe8\xe8' != b'BBBB'"><![CDATA[Traceback (most recent call last):
  File "/home/travis/build/kaitai-io/ci_targets/tests/spec/construct/test_process_coerce_bytes.py", line 13, in test_process_coerce_bytes
    self.assertEqual(r.records[1].buf, b"\x42\x42\x42\x42")
AssertionError: b'\xe8\xe8\xe8\xe8' != b'BBBB'
]]></failure>
	</testcase>
</testsuite>
