<?xml version="1.0" encoding="UTF-8"?>
<testsuite name="test_floating_points.TestFloatingPoints-20220409012352" tests="1" file="test_floating_points.py" time="0.001" timestamp="2022-04-09T01:23:52" failures="0" errors="0" skipped="0">
	<testcase classname="test_floating_points.TestFloatingPoints" name="test_floating_points" time="0.001" timestamp="2022-04-09T01:23:52" file="spec/construct/test_floating_points.py" line="6"/>
</testsuite>
