<?xml version="1.0" encoding="UTF-8"?>
<testsuite name="test_cast_nested.TestCastNested-20230624222634" tests="1" file="test_cast_nested.py" time="0.001" timestamp="2023-06-24T22:26:34" failures="0" errors="0" skipped="0">
	<testcase classname="test_cast_nested.TestCastNested" name="test_cast_nested" time="0.001" timestamp="2023-06-24T22:26:34" file="spec/construct/test_cast_nested.py" line="8"/>
</testsuite>
