<?xml version="1.0" encoding="UTF-8"?>
<testsuite errors="1" failures="0" file="test_params_call_extra_parens.py" name="test_params_call_extra_parens.TestParamsCallExtraParens-20230719212442" skipped="0" tests="1" time="0.001" timestamp="2023-07-19T21:24:42">
	<testcase classname="test_params_call_extra_parens.TestParamsCallExtraParens" file="spec/construct/test_params_call_extra_parens.py" line="8" name="test_params_call_extra_parens" time="0.001" timestamp="2023-07-19T21:24:42">
		<error message="'len'" type="KeyError">
<![CDATA[Traceback (most recent call last):
  File "/tests/spec/construct/test_params_call_extra_parens.py", line 9, in test_params_call_extra_parens
    r = _schema.parse_file('src/term_strz.bin')
  File "/usr/local/lib/python3.4/site-packages/construct/core.py", line 309, in parse_file
    return self.parse_stream(f, **contextkw)
  File "/usr/local/lib/python3.4/site-packages/construct/core.py", line 300, in parse_stream
    return self._parsereport(stream, context, "(parsing)")
  File "/usr/local/lib/python3.4/site-packages/construct/core.py", line 312, in _parsereport
    obj = self._parse(stream, context, path)
  File "/usr/local/lib/python3.4/site-packages/construct/core.py", line 1982, in _parse
    subobj = sc._parsereport(stream, context, path)
  File "/usr/local/lib/python3.4/site-packages/construct/core.py", line 312, in _parsereport
    obj = self._parse(stream, context, path)
  File "/usr/local/lib/python3.4/site-packages/construct/core.py", line 2440, in _parse
    return self.subcon._parsereport(stream, context, path)
  File "/usr/local/lib/python3.4/site-packages/construct/core.py", line 312, in _parsereport
    obj = self._parse(stream, context, path)
  File "/usr/local/lib/python3.4/site-packages/construct/core.py", line 5535, in _parse
    return sc._parsereport(stream, context, path)
  File "/usr/local/lib/python3.4/site-packages/construct/core.py", line 312, in _parsereport
    obj = self._parse(stream, context, path)
  File "/usr/local/lib/python3.4/site-packages/construct/core.py", line 1982, in _parse
    subobj = sc._parsereport(stream, context, path)
  File "/usr/local/lib/python3.4/site-packages/construct/core.py", line 312, in _parsereport
    obj = self._parse(stream, context, path)
  File "/usr/local/lib/python3.4/site-packages/construct/core.py", line 2440, in _parse
    return self.subcon._parsereport(stream, context, path)
  File "/usr/local/lib/python3.4/site-packages/construct/core.py", line 312, in _parsereport
    obj = self._parse(stream, context, path)
  File "/usr/local/lib/python3.4/site-packages/construct/core.py", line 4489, in _parse
    length = evaluate(self.length, context)
  File "/usr/local/lib/python3.4/site-packages/construct/core.py", line 197, in evaluate
    return param(context) if callable(param) else param
  File "/usr/local/lib/python3.4/site-packages/construct/expr.py", line 188, in __call__
    return self.__parent(obj)[self.__field]
KeyError: 'len'
]]>		</error>
		<system-out>
<![CDATA[]]>		</system-out>
		<system-err>
<![CDATA[]]>		</system-err>
	</testcase>
</testsuite>
