<?xml version="1.0" encoding="UTF-8"?>
<testsuite name="test_nav_parent_switch_cast.TestNavParentSwitchCast-20201106101858" tests="1" file="test_nav_parent_switch_cast.py" time="0.001" timestamp="2020-11-06T10:18:58" failures="0" errors="0" skipped="0">
	<testcase classname="test_nav_parent_switch_cast.TestNavParentSwitchCast" name="test_nav_parent_switch_cast" time="0.001" timestamp="2020-11-06T10:18:58" file="spec/construct/test_nav_parent_switch_cast.py" line="8"/>
</testsuite>
