<?xml version="1.0" encoding="UTF-8"?>
<testsuite name="test_hello_world.TestHelloWorld" tests="1" file="test_hello_world.py" time="0.000" timestamp="2023-08-02T21:06:19" failures="0" errors="0" skipped="0">
	<testcase classname="test_hello_world.TestHelloWorld" name="test_hello_world" time="0.000" timestamp="2023-08-02T21:06:19" file="spec/construct/test_hello_world.py" line="8"/>
</testsuite>
