<?xml version="1.0" encoding="UTF-8"?>
<testsuite name="test_switch_manual_int_size_else.TestSwitchManualIntSizeElse" tests="1" file="test_switch_manual_int_size_else.py" time="0.001" timestamp="2023-07-24T14:10:21" failures="0" errors="0" skipped="0">
	<testcase classname="test_switch_manual_int_size_else.TestSwitchManualIntSizeElse" name="test_switch_manual_int_size_else" time="0.001" timestamp="2023-07-24T14:10:21" file="spec/construct/test_switch_manual_int_size_else.py" line="7"/>
</testsuite>
