<?xml version="1.0" encoding="UTF-8"?>
<testsuite errors="0" failures="0" file="test_valid_not_parsed_if.py" name="test_valid_not_parsed_if.TestValidNotParsedIf-20230719212440" skipped="0" tests="1" time="0.000" timestamp="2023-07-19T21:24:40">
	<testcase classname="test_valid_not_parsed_if.TestValidNotParsedIf" file="spec/construct/test_valid_not_parsed_if.py" line="8" name="test_valid_not_parsed_if" time="0.000" timestamp="2023-07-19T21:24:40">
		<system-out>
<![CDATA[]]>		</system-out>
		<system-err>
<![CDATA[]]>		</system-err>
	</testcase>
</testsuite>
