<?xml version="1.0" encoding="UTF-8"?>
<testsuite errors="0" failures="0" file="test_default_big_endian.py" name="test_default_big_endian.TestDefaultBigEndian-20220505210434" skipped="0" tests="1" time="0.001" timestamp="2022-05-05T21:04:34">
	<testcase classname="test_default_big_endian.TestDefaultBigEndian" file="spec/construct/test_default_big_endian.py" line="8" name="test_default_big_endian" time="0.001" timestamp="2022-05-05T21:04:34">
		<system-out>
<![CDATA[]]>		</system-out>
		<system-err>
<![CDATA[]]>		</system-err>
	</testcase>
</testsuite>
