<?xml version="1.0" encoding="UTF-8"?>
<testsuite name="test_type_int_unary_op.TestTypeIntUnaryOp-20230721092042" tests="1" file="test_type_int_unary_op.py" time="0.000" timestamp="2023-07-21T09:20:43" failures="0" errors="0" skipped="0">
	<testcase classname="test_type_int_unary_op.TestTypeIntUnaryOp" name="test_type_int_unary_op" time="0.000" timestamp="2023-07-21T09:20:43" file="spec/construct/test_type_int_unary_op.py" line="8"/>
</testsuite>
