<?xml version="1.0" encoding="UTF-8"?>
<testsuite errors="0" failures="0" file="test_default_endian_mod.py" name="test_default_endian_mod.TestDefaultEndianMod-20230719190509" skipped="0" tests="1" time="0.001" timestamp="2023-07-19T19:05:09">
	<testcase classname="test_default_endian_mod.TestDefaultEndianMod" file="spec/construct/test_default_endian_mod.py" line="8" name="test_default_endian_mod" time="0.001" timestamp="2023-07-19T19:05:09">
		<system-out>
<![CDATA[]]>		</system-out>
		<system-err>
<![CDATA[]]>		</system-err>
	</testcase>
</testsuite>
