<?xml version="1.0" encoding="UTF-8"?>
<testsuite errors="0" failures="0" file="test_recursive_one.py" name="test_recursive_one.TestRecursiveOne-20230719212440" skipped="0" tests="1" time="0.000" timestamp="2023-07-19T21:24:40">
	<testcase classname="test_recursive_one.TestRecursiveOne" file="spec/construct/test_recursive_one.py" line="7" name="test_recursive_one" time="0.000" timestamp="2023-07-19T21:24:40">
		<system-out>
<![CDATA[]]>		</system-out>
		<system-err>
<![CDATA[]]>		</system-err>
	</testcase>
</testsuite>
