<?xml version="1.0" encoding="UTF-8"?>
<testsuite name="test_switch_manual_str.TestSwitchManualStr-20210206143650" tests="1" file="test_switch_manual_str.py" time="0.001" timestamp="2021-02-06T14:36:50" failures="0" errors="0" skipped="0">
	<testcase classname="test_switch_manual_str.TestSwitchManualStr" name="test_switch_manual_str" time="0.001" timestamp="2021-02-06T14:36:50" file="spec/construct/test_switch_manual_str.py" line="8"/>
</testsuite>
