<?xml version="1.0" encoding="UTF-8"?>
<testsuite name="test_nested_same_name.TestNestedSameName" tests="1" file="test_nested_same_name.py" time="0.000" timestamp="2023-08-02T21:06:19" failures="0" errors="0" skipped="0">
	<testcase classname="test_nested_same_name.TestNestedSameName" name="test_nested_same_name" time="0.000" timestamp="2023-08-02T21:06:19" file="spec/construct/test_nested_same_name.py" line="8"/>
</testsuite>
