<?xml version="1.0" encoding="UTF-8"?>
<testsuite errors="0" failures="0" file="test_enum_fancy.py" name="test_enum_fancy.TestEnumFancy-20220801170205" skipped="0" tests="1" time="0.001" timestamp="2022-08-01T17:02:05">
	<testcase classname="test_enum_fancy.TestEnumFancy" file="spec/construct/test_enum_fancy.py" line="7" name="test_enum_fancy" time="0.001" timestamp="2022-08-01T17:02:05">
		<system-out>
<![CDATA[]]>		</system-out>
		<system-err>
<![CDATA[]]>		</system-err>
	</testcase>
</testsuite>
