<?xml version="1.0" encoding="UTF-8"?>
<testsuite errors="1" failures="0" file="test_imports0.py" name="test_imports0.TestImports0-20220728094459" skipped="0" tests="1" time="0.001" timestamp="2022-07-28T09:44:59">
	<testcase classname="test_imports0.TestImports0" file="spec/construct/test_imports0.py" line="7" name="test_imports0" time="0.001" timestamp="2022-07-28T09:44:59">
		<error message="name 'hello_world' is not defined" type="NameError">
<![CDATA[Traceback (most recent call last):
  File "/home/travis/build/kaitai-io/ci_targets/tests/spec/construct/test_imports0.py", line 8, in test_imports0
    r = _schema.parse_file('src/fixed_struct.bin')
  File "/home/travis/virtualenv/python3.4.8/lib/python3.4/site-packages/construct/core.py", line 309, in parse_file
    return self.parse_stream(f, **contextkw)
  File "/home/travis/virtualenv/python3.4.8/lib/python3.4/site-packages/construct/core.py", line 300, in parse_stream
    return self._parsereport(stream, context, "(parsing)")
  File "/home/travis/virtualenv/python3.4.8/lib/python3.4/site-packages/construct/core.py", line 312, in _parsereport
    obj = self._parse(stream, context, path)
  File "/home/travis/virtualenv/python3.4.8/lib/python3.4/site-packages/construct/core.py", line 1982, in _parse
    subobj = sc._parsereport(stream, context, path)
  File "/home/travis/virtualenv/python3.4.8/lib/python3.4/site-packages/construct/core.py", line 312, in _parsereport
    obj = self._parse(stream, context, path)
  File "/home/travis/virtualenv/python3.4.8/lib/python3.4/site-packages/construct/core.py", line 2440, in _parse
    return self.subcon._parsereport(stream, context, path)
  File "/home/travis/virtualenv/python3.4.8/lib/python3.4/site-packages/construct/core.py", line 312, in _parsereport
    obj = self._parse(stream, context, path)
  File "/home/travis/virtualenv/python3.4.8/lib/python3.4/site-packages/construct/core.py", line 5534, in _parse
    sc = self.subconfunc()
  File "/home/travis/build/kaitai-io/ci_targets/tests/compiled/construct/imports0.py", line 6, in <lambda>
    'hw' / LazyBound(lambda: hello_world),
NameError: name 'hello_world' is not defined
]]>		</error>
		<system-out>
<![CDATA[]]>		</system-out>
		<system-err>
<![CDATA[]]>		</system-err>
	</testcase>
</testsuite>
