<?xml version="1.0" encoding="UTF-8"?>
<testsuite errors="0" failures="0" file="test_switch_multi_bool_ops.py" name="test_switch_multi_bool_ops.TestSwitchMultiBoolOps-20220623171421" skipped="0" tests="1" time="0.001" timestamp="2022-06-23T17:14:21">
	<testcase classname="test_switch_multi_bool_ops.TestSwitchMultiBoolOps" file="spec/construct/test_switch_multi_bool_ops.py" line="8" name="test_switch_multi_bool_ops" time="0.001" timestamp="2022-06-23T17:14:21">
		<system-out>
<![CDATA[]]>		</system-out>
		<system-err>
<![CDATA[]]>		</system-err>
	</testcase>
</testsuite>
