<?xml version="1.0" encoding="UTF-8"?>
<testsuite errors="0" failures="0" file="test_non_standard.py" name="test_non_standard.TestNonStandard-20220801221615" skipped="0" tests="1" time="0.001" timestamp="2022-08-01T22:16:15">
	<testcase classname="test_non_standard.TestNonStandard" file="spec/construct/test_non_standard.py" line="8" name="test_non_standard" time="0.001" timestamp="2022-08-01T22:16:15">
		<system-out>
<![CDATA[]]>		</system-out>
		<system-err>
<![CDATA[]]>		</system-err>
	</testcase>
</testsuite>
