<?xml version="1.0" encoding="UTF-8"?>
<testsuite name="test_expr_2.TestExpr2-20230721170646" tests="1" file="test_expr_2.py" time="0.003" timestamp="2023-07-21T17:06:46" failures="0" errors="1" skipped="0">
	<testcase classname="test_expr_2.TestExpr2" name="test_expr_2" time="0.003" timestamp="2023-07-21T17:06:46" file="spec/construct/test_expr_2.py" line="8">
		<error type="KeyError" message="'len_mod'"><![CDATA[Traceback (most recent call last):
  File "/tests/spec/construct/test_expr_2.py", line 9, in test_expr_2
    r = _schema.parse_file('src/str_encodings.bin')
        ^^^^^^^^^^^^^^^^^^^^^^^^^^^^^^^^^^^^^^^^^^^
  File "/usr/local/lib/python3.11/site-packages/construct/core.py", line 309, in parse_file
    return self.parse_stream(f, **contextkw)
           ^^^^^^^^^^^^^^^^^^^^^^^^^^^^^^^^^
  File "/usr/local/lib/python3.11/site-packages/construct/core.py", line 300, in parse_stream
    return self._parsereport(stream, context, "(parsing)")
           ^^^^^^^^^^^^^^^^^^^^^^^^^^^^^^^^^^^^^^^^^^^^^^^
  File "/usr/local/lib/python3.11/site-packages/construct/core.py", line 312, in _parsereport
    obj = self._parse(stream, context, path)
          ^^^^^^^^^^^^^^^^^^^^^^^^^^^^^^^^^^
  File "/usr/local/lib/python3.11/site-packages/construct/core.py", line 2120, in _parse
    subobj = sc._parsereport(stream, context, path)
             ^^^^^^^^^^^^^^^^^^^^^^^^^^^^^^^^^^^^^^
  File "/usr/local/lib/python3.11/site-packages/construct/core.py", line 312, in _parsereport
    obj = self._parse(stream, context, path)
          ^^^^^^^^^^^^^^^^^^^^^^^^^^^^^^^^^^
  File "/usr/local/lib/python3.11/site-packages/construct/core.py", line 2653, in _parse
    return self.subcon._parsereport(stream, context, path)
           ^^^^^^^^^^^^^^^^^^^^^^^^^^^^^^^^^^^^^^^^^^^^^^^
  File "/usr/local/lib/python3.11/site-packages/construct/core.py", line 312, in _parsereport
    obj = self._parse(stream, context, path)
          ^^^^^^^^^^^^^^^^^^^^^^^^^^^^^^^^^^
  File "/usr/local/lib/python3.11/site-packages/construct/core.py", line 5912, in _parse
    return sc._parsereport(stream, context, path)
           ^^^^^^^^^^^^^^^^^^^^^^^^^^^^^^^^^^^^^^
  File "/usr/local/lib/python3.11/site-packages/construct/core.py", line 312, in _parsereport
    obj = self._parse(stream, context, path)
          ^^^^^^^^^^^^^^^^^^^^^^^^^^^^^^^^^^
  File "/usr/local/lib/python3.11/site-packages/construct/core.py", line 2120, in _parse
    subobj = sc._parsereport(stream, context, path)
             ^^^^^^^^^^^^^^^^^^^^^^^^^^^^^^^^^^^^^^
  File "/usr/local/lib/python3.11/site-packages/construct/core.py", line 312, in _parsereport
    obj = self._parse(stream, context, path)
          ^^^^^^^^^^^^^^^^^^^^^^^^^^^^^^^^^^
  File "/usr/local/lib/python3.11/site-packages/construct/core.py", line 2653, in _parse
    return self.subcon._parsereport(stream, context, path)
           ^^^^^^^^^^^^^^^^^^^^^^^^^^^^^^^^^^^^^^^^^^^^^^^
  File "/usr/local/lib/python3.11/site-packages/construct/core.py", line 312, in _parsereport
    obj = self._parse(stream, context, path)
          ^^^^^^^^^^^^^^^^^^^^^^^^^^^^^^^^^^
  File "/usr/local/lib/python3.11/site-packages/construct/core.py", line 4829, in _parse
    length = evaluate(self.length, context)
             ^^^^^^^^^^^^^^^^^^^^^^^^^^^^^^
  File "/usr/local/lib/python3.11/site-packages/construct/core.py", line 198, in evaluate
    return param(context) if callable(param) else param
           ^^^^^^^^^^^^^^
  File "/usr/local/lib/python3.11/site-packages/construct/expr.py", line 188, in __call__
    return self.__parent(obj)[self.__field]
           ~~~~~~~~~~~~~~~~~~^^^^^^^^^^^^^^
KeyError: 'len_mod'
]]></error>
	</testcase>
</testsuite>
