<?xml version="1.0" encoding="UTF-8"?>
<testsuite name="test_expr_sizeof_type_0.TestExprSizeofType0-20210701222703" tests="1" file="test_expr_sizeof_type_0.py" time="0.001" timestamp="2021-07-01T22:27:03" failures="0" errors="0" skipped="0">
	<testcase classname="test_expr_sizeof_type_0.TestExprSizeofType0" name="test_expr_sizeof_type_0" time="0.001" timestamp="2021-07-01T22:27:03" file="spec/construct/test_expr_sizeof_type_0.py" line="8"/>
</testsuite>
