<?xml version="1.0" encoding="UTF-8"?>
<testsuite errors="0" failures="0" file="test_nav_parent.py" name="test_nav_parent.TestNavParent-20230721155857" skipped="0" tests="1" time="0.001" timestamp="2023-07-21T15:58:57">
	<testcase classname="test_nav_parent.TestNavParent" file="spec/construct/test_nav_parent.py" line="8" name="test_nav_parent" time="0.001" timestamp="2023-07-21T15:58:57">
		<system-out>
<![CDATA[]]>		</system-out>
		<system-err>
<![CDATA[]]>		</system-err>
	</testcase>
</testsuite>
