<?xml version="1.0" encoding="UTF-8"?>
<testsuite name="test_str_encodings_default.TestStrEncodingsDefault-20230719185308" tests="1" file="test_str_encodings_default.py" time="0.000" timestamp="2023-07-19T18:53:08" failures="0" errors="0" skipped="0">
	<testcase classname="test_str_encodings_default.TestStrEncodingsDefault" name="test_str_encodings_default" time="0.000" timestamp="2023-07-19T18:53:08" file="spec/construct/test_str_encodings_default.py" line="8"/>
</testsuite>
