<?xml version="1.0" encoding="UTF-8"?>
<testsuite errors="0" failures="0" file="test_str_literals2.py" name="test_str_literals2.TestStrLiterals2-20200824162004" skipped="0" tests="1" time="0.000" timestamp="2020-08-24T16:20:04">
	<testcase classname="test_str_literals2.TestStrLiterals2" file="spec/construct/test_str_literals2.py" line="8" name="test_str_literals2" time="0.000" timestamp="2020-08-24T16:20:04">
		<system-out>
<![CDATA[]]>		</system-out>
		<system-err>
<![CDATA[]]>		</system-err>
	</testcase>
</testsuite>
