<?xml version="1.0" encoding="UTF-8"?>
<testsuite name="test_nav_parent_vs_value_inst.TestNavParentVsValueInst-20220205183118" tests="1" file="test_nav_parent_vs_value_inst.py" time="0.000" timestamp="2022-02-05T18:31:18" failures="0" errors="0" skipped="0">
	<testcase classname="test_nav_parent_vs_value_inst.TestNavParentVsValueInst" name="test_nav_parent_vs_value_inst" time="0.000" timestamp="2022-02-05T18:31:18" file="spec/construct/test_nav_parent_vs_value_inst.py" line="8"/>
</testsuite>
