<?xml version="1.0" encoding="UTF-8"?>
<testsuite name="test_valid_short.TestValidShort-20201031095949" tests="1" file="test_valid_short.py" time="0.001" timestamp="2020-10-31T09:59:50" failures="0" errors="0" skipped="0">
	<testcase classname="test_valid_short.TestValidShort" name="test_valid_short" time="0.001" timestamp="2020-10-31T09:59:50" file="spec/construct/test_valid_short.py" line="8"/>
</testsuite>
