<?xml version="1.0" encoding="UTF-8"?>
<testsuite errors="0" failures="0" file="test_expr_array.py" name="test_expr_array.TestExprArray-20200911172000" skipped="0" tests="1" time="0.002" timestamp="2020-09-11T17:20:00">
	<testcase classname="test_expr_array.TestExprArray" file="spec/construct/test_expr_array.py" line="8" name="test_expr_array" time="0.002" timestamp="2020-09-11T17:20:00">
		<system-out>
<![CDATA[]]>		</system-out>
		<system-err>
<![CDATA[]]>		</system-err>
	</testcase>
</testsuite>
