<?xml version="1.0" encoding="UTF-8"?>
<testsuite name="test_repeat_eos_struct.TestRepeatEosStruct-20230624222634" tests="1" file="test_repeat_eos_struct.py" time="0.001" timestamp="2023-06-24T22:26:34" failures="0" errors="0" skipped="0">
	<testcase classname="test_repeat_eos_struct.TestRepeatEosStruct" name="test_repeat_eos_struct" time="0.001" timestamp="2023-06-24T22:26:34" file="spec/construct/test_repeat_eos_struct.py" line="8"/>
</testsuite>
