<?xml version="1.0" encoding="UTF-8"?>
<testsuite errors="0" failures="0" file="test_enum_deep.py" name="test_enum_deep.TestEnumDeep-20230721074155" skipped="0" tests="1" time="0.001" timestamp="2023-07-21T07:41:55">
	<testcase classname="test_enum_deep.TestEnumDeep" file="spec/construct/test_enum_deep.py" line="7" name="test_enum_deep" time="0.001" timestamp="2023-07-21T07:41:55">
		<system-out>
<![CDATA[]]>		</system-out>
		<system-err>
<![CDATA[]]>		</system-err>
	</testcase>
</testsuite>
