<?xml version="1.0" encoding="UTF-8"?>
<testsuite errors="0" failures="0" file="test_instance_user_array.py" name="test_instance_user_array.TestInstanceUserArray-20220728094449" skipped="0" tests="1" time="0.001" timestamp="2022-07-28T09:44:49">
	<testcase classname="test_instance_user_array.TestInstanceUserArray" file="spec/construct/test_instance_user_array.py" line="8" name="test_instance_user_array" time="0.001" timestamp="2022-07-28T09:44:49">
		<system-out>
<![CDATA[]]>		</system-out>
		<system-err>
<![CDATA[]]>		</system-err>
	</testcase>
</testsuite>
