<?xml version="1.0" encoding="UTF-8"?>
<testsuite errors="0" failures="0" file="test_nav_parent_vs_value_inst.py" name="test_nav_parent_vs_value_inst.TestNavParentVsValueInst-20200824200334" skipped="0" tests="1" time="0.001" timestamp="2020-08-24T20:03:34">
	<testcase classname="test_nav_parent_vs_value_inst.TestNavParentVsValueInst" file="spec/construct/test_nav_parent_vs_value_inst.py" line="8" name="test_nav_parent_vs_value_inst" time="0.001" timestamp="2020-08-24T20:03:34">
		<system-out>
<![CDATA[]]>		</system-out>
		<system-err>
<![CDATA[]]>		</system-err>
	</testcase>
</testsuite>
