<?xml version="1.0" encoding="UTF-8"?>
<testsuite name="test_docstrings_docref_multi.TestDocstringsDocrefMulti-20230627090132" tests="1" file="test_docstrings_docref_multi.py" time="0.000" timestamp="2023-06-27T09:01:32" failures="0" errors="0" skipped="0">
	<testcase classname="test_docstrings_docref_multi.TestDocstringsDocrefMulti" name="test_docstrings_docref_multi" time="0.000" timestamp="2023-06-27T09:01:32" file="spec/construct/test_docstrings_docref_multi.py" line="7"/>
</testsuite>
