<?xml version="1.0" encoding="UTF-8"?>
<testsuite name="test_expr_mod.TestExprMod-20220205183118" tests="1" file="test_expr_mod.py" time="0.001" timestamp="2022-02-05T18:31:18" failures="0" errors="0" skipped="0">
	<testcase classname="test_expr_mod.TestExprMod" name="test_expr_mod" time="0.001" timestamp="2022-02-05T18:31:18" file="spec/construct/test_expr_mod.py" line="8"/>
</testsuite>
