<?xml version="1.0" encoding="UTF-8"?>
<testsuite name="test_enum_1.TestEnum1-20230721092809" tests="1" file="test_enum_1.py" time="0.000" timestamp="2023-07-21T09:28:10" failures="0" errors="0" skipped="0">
	<testcase classname="test_enum_1.TestEnum1" name="test_enum_1" time="0.000" timestamp="2023-07-21T09:28:10" file="spec/construct/test_enum_1.py" line="7"/>
</testsuite>
