<?xml version="1.0" encoding="UTF-8"?>
<testsuite errors="0" failures="0" file="test_str_eos.py" name="test_str_eos.TestStrEos-20220319214303" skipped="0" tests="1" time="0.001" timestamp="2022-03-19T21:43:03">
	<testcase classname="test_str_eos.TestStrEos" file="spec/construct/test_str_eos.py" line="8" name="test_str_eos" time="0.001" timestamp="2022-03-19T21:43:03">
		<system-out>
<![CDATA[]]>		</system-out>
		<system-err>
<![CDATA[]]>		</system-err>
	</testcase>
</testsuite>
