<?xml version="1.0" encoding="UTF-8"?>
<testsuite name="test_switch_else_only.TestSwitchElseOnly-20230721074149" tests="1" file="test_switch_else_only.py" time="0.000" timestamp="2023-07-21T07:41:49" failures="0" errors="0" skipped="0">
	<testcase classname="test_switch_else_only.TestSwitchElseOnly" name="test_switch_else_only" time="0.000" timestamp="2023-07-21T07:41:49" file="spec/construct/test_switch_else_only.py" line="8"/>
</testsuite>
