<?xml version="1.0" encoding="UTF-8"?>
<testsuite name="test_switch_manual_str.TestSwitchManualStr-20211114130613" tests="1" file="test_switch_manual_str.py" time="0.002" timestamp="2021-11-14T13:06:13" failures="0" errors="0" skipped="0">
	<testcase classname="test_switch_manual_str.TestSwitchManualStr" name="test_switch_manual_str" time="0.002" timestamp="2021-11-14T13:06:13" file="spec/construct/test_switch_manual_str.py" line="8"/>
</testsuite>
