<?xml version="1.0" encoding="UTF-8"?>
<testsuite name="test_str_encodings_utf16.TestStrEncodingsUtf16-20220409012352" tests="1" file="test_str_encodings_utf16.py" time="0.001" timestamp="2022-04-09T01:23:53" failures="0" errors="0" skipped="0">
	<testcase classname="test_str_encodings_utf16.TestStrEncodingsUtf16" name="test_str_encodings_utf16" time="0.001" timestamp="2022-04-09T01:23:53" file="spec/construct/test_str_encodings_utf16.py" line="8"/>
</testsuite>
