<?xml version="1.0" encoding="UTF-8"?>
<testsuite name="test_meta_tags.TestMetaTags-20220318130518" tests="1" file="test_meta_tags.py" time="0.000" timestamp="2022-03-18T13:05:19" failures="0" errors="0" skipped="0">
	<testcase classname="test_meta_tags.TestMetaTags" name="test_meta_tags" time="0.000" timestamp="2022-03-18T13:05:19" file="spec/construct/test_meta_tags.py" line="8"/>
</testsuite>
