<?xml version="1.0" encoding="UTF-8"?>
<testsuite errors="0" failures="0" file="test_valid_switch.py" name="test_valid_switch.TestValidSwitch-20210302195815" skipped="0" tests="1" time="0.000" timestamp="2021-03-02T19:58:15">
	<testcase classname="test_valid_switch.TestValidSwitch" file="spec/construct/test_valid_switch.py" line="8" name="test_valid_switch" time="0.000" timestamp="2021-03-02T19:58:15">
		<system-out>
<![CDATA[]]>		</system-out>
		<system-err>
<![CDATA[]]>		</system-err>
	</testcase>
</testsuite>
