<?xml version="1.0" encoding="UTF-8"?>
<testsuite errors="0" failures="0" file="test_docstrings_docref.py" name="test_docstrings_docref.TestDocstringsDocref-20220728094449" skipped="0" tests="1" time="0.000" timestamp="2022-07-28T09:44:49">
	<testcase classname="test_docstrings_docref.TestDocstringsDocref" file="spec/construct/test_docstrings_docref.py" line="8" name="test_docstrings_docref" time="0.000" timestamp="2022-07-28T09:44:49">
		<system-out>
<![CDATA[]]>		</system-out>
		<system-err>
<![CDATA[]]>		</system-err>
	</testcase>
</testsuite>
