<?xml version="1.0" encoding="UTF-8"?>
<testsuite errors="0" failures="0" file="test_str_encodings.py" name="test_str_encodings.TestStrEncodings-20230627085618" skipped="0" tests="1" time="0.001" timestamp="2023-06-27T08:56:18">
	<testcase classname="test_str_encodings.TestStrEncodings" file="spec/construct/test_str_encodings.py" line="8" name="test_str_encodings" time="0.001" timestamp="2023-06-27T08:56:18">
		<system-out>
<![CDATA[]]>		</system-out>
		<system-err>
<![CDATA[]]>		</system-err>
	</testcase>
</testsuite>
