<?xml version="1.0" encoding="UTF-8"?>
<testsuite name="test_instance_std.TestInstanceStd-20230624222634" tests="1" file="test_instance_std.py" time="0.000" timestamp="2023-06-24T22:26:34" failures="0" errors="0" skipped="0">
	<testcase classname="test_instance_std.TestInstanceStd" name="test_instance_std" time="0.000" timestamp="2023-06-24T22:26:34" file="spec/construct/test_instance_std.py" line="8"/>
</testsuite>
