<?xml version="1.0" encoding="UTF-8"?>
<testsuite name="test_buffered_struct.TestBufferedStruct-20230628194228" tests="1" file="test_buffered_struct.py" time="0.001" timestamp="2023-06-28T19:42:28" failures="0" errors="0" skipped="0">
	<testcase classname="test_buffered_struct.TestBufferedStruct" name="test_buffered_struct" time="0.001" timestamp="2023-06-28T19:42:28" file="spec/construct/test_buffered_struct.py" line="8"/>
</testsuite>
