<?xml version="1.0" encoding="UTF-8"?>
<testsuite name="test_optional_id.TestOptionalId-20201031095949" tests="1" file="test_optional_id.py" time="0.001" timestamp="2020-10-31T09:59:49" failures="0" errors="0" skipped="0">
	<testcase classname="test_optional_id.TestOptionalId" name="test_optional_id" time="0.001" timestamp="2020-10-31T09:59:49" file="spec/construct/test_optional_id.py" line="6"/>
</testsuite>
