<?xml version="1.0" encoding="UTF-8"?>
<testsuite name="test_type_int_unary_op.TestTypeIntUnaryOp-20220617122803" tests="1" file="test_type_int_unary_op.py" time="0.001" timestamp="2022-06-17T12:28:04" failures="0" errors="0" skipped="0">
	<testcase classname="test_type_int_unary_op.TestTypeIntUnaryOp" name="test_type_int_unary_op" time="0.001" timestamp="2022-06-17T12:28:04" file="spec/construct/test_type_int_unary_op.py" line="8"/>
</testsuite>
