<?xml version="1.0" encoding="UTF-8"?>
<testsuite name="test_repeat_n_struct.TestRepeatNStruct-20211114130613" tests="1" file="test_repeat_n_struct.py" time="0.001" timestamp="2021-11-14T13:06:13" failures="0" errors="0" skipped="0">
	<testcase classname="test_repeat_n_struct.TestRepeatNStruct" name="test_repeat_n_struct" time="0.001" timestamp="2021-11-14T13:06:13" file="spec/construct/test_repeat_n_struct.py" line="8"/>
</testsuite>
