<?xml version="1.0" encoding="UTF-8"?>
<testsuite name="test_enum_if.TestEnumIf" tests="1" file="test_enum_if.py" time="0.001" timestamp="2023-07-24T14:10:21" failures="0" errors="0" skipped="0">
	<testcase classname="test_enum_if.TestEnumIf" name="test_enum_if" time="0.001" timestamp="2023-07-24T14:10:21" file="spec/construct/test_enum_if.py" line="7"/>
</testsuite>
