<?xml version="1.0" encoding="UTF-8"?>
<testsuite errors="0" failures="0" file="test_nav_parent2.py" name="test_nav_parent2.TestNavParent2-20220313103410" skipped="0" tests="1" time="0.001" timestamp="2022-03-13T10:34:10">
	<testcase classname="test_nav_parent2.TestNavParent2" file="spec/construct/test_nav_parent2.py" line="8" name="test_nav_parent2" time="0.001" timestamp="2022-03-13T10:34:10">
		<system-out>
<![CDATA[]]>		</system-out>
		<system-err>
<![CDATA[]]>		</system-err>
	</testcase>
</testsuite>
