<?xml version="1.0" encoding="UTF-8"?>
<testsuite errors="0" failures="0" file="test_enum_negative.py" name="test_enum_negative.TestEnumNegative-20220415203253" skipped="0" tests="1" time="0.001" timestamp="2022-04-15T20:32:53">
	<testcase classname="test_enum_negative.TestEnumNegative" file="spec/construct/test_enum_negative.py" line="7" name="test_enum_negative" time="0.001" timestamp="2022-04-15T20:32:53">
		<system-out>
<![CDATA[]]>		</system-out>
		<system-err>
<![CDATA[]]>		</system-err>
	</testcase>
</testsuite>
