<?xml version="1.0" encoding="UTF-8"?>
<testsuite errors="0" failures="0" file="test_switch_manual_int_size.py" name="test_switch_manual_int_size.TestSwitchManualIntSize" skipped="0" tests="1" time="0.003" timestamp="2023-08-02T17:40:29">
	<testcase classname="test_switch_manual_int_size.TestSwitchManualIntSize" file="spec/construct/test_switch_manual_int_size.py" line="8" name="test_switch_manual_int_size" time="0.003" timestamp="2023-08-02T17:40:29">
		<system-out>
<![CDATA[]]>		</system-out>
		<system-err>
<![CDATA[]]>		</system-err>
	</testcase>
</testsuite>
