<?xml version="1.0" encoding="UTF-8"?>
<testsuite name="test_term_u1_val.TestTermU1Val-20230628194709" tests="1" file="test_term_u1_val.py" time="0.001" timestamp="2023-06-28T19:47:09" failures="0" errors="0" skipped="0">
	<testcase classname="test_term_u1_val.TestTermU1Val" name="test_term_u1_val" time="0.001" timestamp="2023-06-28T19:47:09" file="spec/construct/test_term_u1_val.py" line="8"/>
</testsuite>
