<?xml version="1.0" encoding="UTF-8"?>
<testsuite errors="0" failures="0" file="test_nav_parent_switch.py" name="test_nav_parent_switch.TestNavParentSwitch-20201020230332" skipped="0" tests="1" time="0.001" timestamp="2020-10-20T23:03:33">
	<testcase classname="test_nav_parent_switch.TestNavParentSwitch" file="spec/construct/test_nav_parent_switch.py" line="8" name="test_nav_parent_switch" time="0.001" timestamp="2020-10-20T23:03:33">
		<system-out>
<![CDATA[]]>		</system-out>
		<system-err>
<![CDATA[]]>		</system-err>
	</testcase>
</testsuite>
