<?xml version="1.0" encoding="UTF-8"?>
<testsuite errors="0" failures="0" file="test_if_instances.py" name="test_if_instances.TestIfInstances-20230628194046" skipped="0" tests="1" time="0.001" timestamp="2023-06-28T19:40:47">
	<testcase classname="test_if_instances.TestIfInstances" file="spec/construct/test_if_instances.py" line="7" name="test_if_instances" time="0.001" timestamp="2023-06-28T19:40:47">
		<system-out>
<![CDATA[]]>		</system-out>
		<system-err>
<![CDATA[]]>		</system-err>
	</testcase>
</testsuite>
