<?xml version="1.0" encoding="UTF-8"?>
<testsuite errors="0" failures="0" file="test_nested_same_name2.py" name="test_nested_same_name2.TestNestedSameName2-20230719185303" skipped="0" tests="1" time="0.000" timestamp="2023-07-19T18:53:03">
	<testcase classname="test_nested_same_name2.TestNestedSameName2" file="spec/construct/test_nested_same_name2.py" line="8" name="test_nested_same_name2" time="0.000" timestamp="2023-07-19T18:53:03">
		<system-out>
<![CDATA[]]>		</system-out>
		<system-err>
<![CDATA[]]>		</system-err>
	</testcase>
</testsuite>
