<?xml version="1.0" encoding="UTF-8"?>
<testsuite errors="0" failures="0" file="test_switch_manual_int_size_else.py" name="test_switch_manual_int_size_else.TestSwitchManualIntSizeElse-20230719185303" skipped="0" tests="1" time="0.002" timestamp="2023-07-19T18:53:04">
	<testcase classname="test_switch_manual_int_size_else.TestSwitchManualIntSizeElse" file="spec/construct/test_switch_manual_int_size_else.py" line="7" name="test_switch_manual_int_size_else" time="0.002" timestamp="2023-07-19T18:53:04">
		<system-out>
<![CDATA[]]>		</system-out>
		<system-err>
<![CDATA[]]>		</system-err>
	</testcase>
</testsuite>
