<?xml version="1.0" encoding="UTF-8"?>
<testsuite name="test_meta_xref.TestMetaXref-20210701222703" tests="1" file="test_meta_xref.py" time="0.000" timestamp="2021-07-01T22:27:03" failures="0" errors="0" skipped="0">
	<testcase classname="test_meta_xref.TestMetaXref" name="test_meta_xref" time="0.000" timestamp="2021-07-01T22:27:03" file="spec/construct/test_meta_xref.py" line="8"/>
</testsuite>
