<?xml version="1.0" encoding="UTF-8"?>
<testsuite name="test_expr_sizeof_type_1.TestExprSizeofType1-20211114130613" tests="1" file="test_expr_sizeof_type_1.py" time="0.001" timestamp="2021-11-14T13:06:13" failures="0" errors="0" skipped="0">
	<testcase classname="test_expr_sizeof_type_1.TestExprSizeofType1" name="test_expr_sizeof_type_1" time="0.001" timestamp="2021-11-14T13:06:13" file="spec/construct/test_expr_sizeof_type_1.py" line="8"/>
</testsuite>
