<?xml version="1.0" encoding="UTF-8"?>
<testsuite errors="0" failures="0" file="test_switch_manual_enum_invalid_else.py" name="test_switch_manual_enum_invalid_else.TestSwitchManualEnumInvalidElse-20220415203253" skipped="0" tests="1" time="0.001" timestamp="2022-04-15T20:32:53">
	<testcase classname="test_switch_manual_enum_invalid_else.TestSwitchManualEnumInvalidElse" file="spec/construct/test_switch_manual_enum_invalid_else.py" line="8" name="test_switch_manual_enum_invalid_else" time="0.001" timestamp="2022-04-15T20:32:53">
		<system-out>
<![CDATA[]]>		</system-out>
		<system-err>
<![CDATA[]]>		</system-err>
	</testcase>
</testsuite>
