<?xml version="1.0" encoding="UTF-8"?>
<testsuite errors="0" failures="0" file="test_integers_min_max.py" name="test_integers_min_max.TestIntegersMinMax-20200911171952" skipped="0" tests="1" time="0.001" timestamp="2020-09-11T17:19:52">
	<testcase classname="test_integers_min_max.TestIntegersMinMax" file="spec/construct/test_integers_min_max.py" line="8" name="test_integers_min_max" time="0.001" timestamp="2020-09-11T17:19:52">
		<system-out>
<![CDATA[]]>		</system-out>
		<system-err>
<![CDATA[]]>		</system-err>
	</testcase>
</testsuite>
