<?xml version="1.0" encoding="UTF-8"?>
<testsuite name="test_enum_for_unknown_id.TestEnumForUnknownId-20220318130518" tests="1" file="test_enum_for_unknown_id.py" time="0.000" timestamp="2022-03-18T13:05:18" failures="0" errors="0" skipped="0">
	<testcase classname="test_enum_for_unknown_id.TestEnumForUnknownId" name="test_enum_for_unknown_id" time="0.000" timestamp="2022-03-18T13:05:18" file="spec/construct/test_enum_for_unknown_id.py" line="8"/>
</testsuite>
