<?xml version="1.0" encoding="UTF-8"?>
<testsuite name="test_nested_types2.TestNestedTypes2-20230719211151" tests="1" file="test_nested_types2.py" time="0.001" timestamp="2023-07-19T21:11:51" failures="0" errors="0" skipped="0">
	<testcase classname="test_nested_types2.TestNestedTypes2" name="test_nested_types2" time="0.001" timestamp="2023-07-19T21:11:51" file="spec/construct/test_nested_types2.py" line="8"/>
</testsuite>
