<?xml version="1.0" encoding="UTF-8"?>
<testsuite errors="0" failures="0" file="test_expr_int_div.py" name="test_expr_int_div.TestExprIntDiv-20220801221601" skipped="0" tests="1" time="0.000" timestamp="2022-08-01T22:16:01">
	<testcase classname="test_expr_int_div.TestExprIntDiv" file="spec/construct/test_expr_int_div.py" line="8" name="test_expr_int_div" time="0.000" timestamp="2022-08-01T22:16:01">
		<system-out>
<![CDATA[]]>		</system-out>
		<system-err>
<![CDATA[]]>		</system-err>
	</testcase>
</testsuite>
