<?xml version="1.0" encoding="UTF-8"?>
<testsuite name="test_combine_enum.TestCombineEnum-20230721074149" tests="1" file="test_combine_enum.py" time="0.000" timestamp="2023-07-21T07:41:49" failures="0" errors="0" skipped="0">
	<testcase classname="test_combine_enum.TestCombineEnum" name="test_combine_enum" time="0.000" timestamp="2023-07-21T07:41:49" file="spec/construct/test_combine_enum.py" line="7"/>
</testsuite>
