<?xml version="1.0" encoding="UTF-8"?>
<testsuite name="test_switch_manual_str_else.TestSwitchManualStrElse-20220210221253" tests="1" file="test_switch_manual_str_else.py" time="0.001" timestamp="2022-02-10T22:12:53" failures="0" errors="0" skipped="0">
	<testcase classname="test_switch_manual_str_else.TestSwitchManualStrElse" name="test_switch_manual_str_else" time="0.001" timestamp="2022-02-10T22:12:53" file="spec/construct/test_switch_manual_str_else.py" line="8"/>
</testsuite>
