<?xml version="1.0" encoding="UTF-8"?>
<testsuite name="test_yaml_ints.TestYamlInts-20220801170217" tests="1" file="test_yaml_ints.py" time="0.000" timestamp="2022-08-01T17:02:17" failures="0" errors="0" skipped="0">
	<testcase classname="test_yaml_ints.TestYamlInts" name="test_yaml_ints" time="0.000" timestamp="2022-08-01T17:02:17" file="spec/construct/test_yaml_ints.py" line="8"/>
</testsuite>
