<?xml version="1.0" encoding="UTF-8"?>
<testsuite name="test_params_pass_array_struct.TestParamsPassArrayStruct-20201031095949" tests="1" file="test_params_pass_array_struct.py" time="0.001" timestamp="2020-10-31T09:59:49" failures="0" errors="1" skipped="0">
	<testcase classname="test_params_pass_array_struct.TestParamsPassArrayStruct" name="test_params_pass_array_struct" time="0.001" timestamp="2020-10-31T09:59:49" file="spec/construct/test_params_pass_array_struct.py" line="8">
		<error type="AttributeError" message="structs"><![CDATA[Traceback (most recent call last):
  File "/home/travis/virtualenv/python3.9.0/lib/python3.9/site-packages/construct/lib/containers.py", line 100, in __getattr__
    return self[name]
KeyError: 'structs'

During handling of the above exception, another exception occurred:

Traceback (most recent call last):
  File "/home/travis/build/kaitai-io/ci_targets/tests/spec/construct/test_params_pass_array_struct.py", line 11, in test_params_pass_array_struct
    self.assertEqual(len(r.pass_structs.structs), 2)
  File "/home/travis/virtualenv/python3.9.0/lib/python3.9/site-packages/construct/lib/containers.py", line 102, in __getattr__
    raise AttributeError(name)
AttributeError: structs
]]></error>
	</testcase>
</testsuite>
