<?xml version="1.0" encoding="UTF-8"?>
<testsuite errors="0" failures="0" file="test_fixed_contents.py" name="test_fixed_contents.TestFixedContents-20230624222613" skipped="0" tests="1" time="0.001" timestamp="2023-06-24T22:26:13">
	<testcase classname="test_fixed_contents.TestFixedContents" file="spec/construct/test_fixed_contents.py" line="8" name="test_fixed_contents" time="0.001" timestamp="2023-06-24T22:26:13">
		<system-out>
<![CDATA[]]>		</system-out>
		<system-err>
<![CDATA[]]>		</system-err>
	</testcase>
</testsuite>
