<?xml version="1.0" encoding="UTF-8"?>
<testsuite name="test_yaml_ints.TestYamlInts-20201106111735" tests="1" file="test_yaml_ints.py" time="0.001" timestamp="2020-11-06T11:17:35" failures="0" errors="0" skipped="0">
	<testcase classname="test_yaml_ints.TestYamlInts" name="test_yaml_ints" time="0.001" timestamp="2020-11-06T11:17:35" file="spec/construct/test_yaml_ints.py" line="8"/>
</testsuite>
