<?xml version="1.0" encoding="UTF-8"?>
<testsuite errors="0" failures="0" file="test_combine_enum.py" name="test_combine_enum.TestCombineEnum-20230628194649" skipped="0" tests="1" time="0.001" timestamp="2023-06-28T19:46:49">
	<testcase classname="test_combine_enum.TestCombineEnum" file="spec/construct/test_combine_enum.py" line="7" name="test_combine_enum" time="0.001" timestamp="2023-06-28T19:46:49">
		<system-out>
<![CDATA[]]>		</system-out>
		<system-err>
<![CDATA[]]>		</system-err>
	</testcase>
</testsuite>
