<?xml version="1.0" encoding="UTF-8"?>
<testsuite errors="0" failures="0" file="test_if_values.py" name="test_if_values.TestIfValues-20220617122734" skipped="0" tests="1" time="0.001" timestamp="2022-06-17T12:27:34">
	<testcase classname="test_if_values.TestIfValues" file="spec/construct/test_if_values.py" line="8" name="test_if_values" time="0.001" timestamp="2022-06-17T12:27:34">
		<system-out>
<![CDATA[]]>		</system-out>
		<system-err>
<![CDATA[]]>		</system-err>
	</testcase>
</testsuite>
