<?xml version="1.0" encoding="UTF-8"?>
<testsuite errors="0" failures="0" file="test_enum_1.py" name="test_enum_1.TestEnum1-20230721073645" skipped="0" tests="1" time="0.001" timestamp="2023-07-21T07:36:46">
	<testcase classname="test_enum_1.TestEnum1" file="spec/construct/test_enum_1.py" line="7" name="test_enum_1" time="0.001" timestamp="2023-07-21T07:36:46">
		<system-out>
<![CDATA[]]>		</system-out>
		<system-err>
<![CDATA[]]>		</system-err>
	</testcase>
</testsuite>
