<?xml version="1.0" encoding="UTF-8"?>
<testsuite errors="0" failures="0" file="test_optional_id.py" name="test_optional_id.TestOptionalId-20200911172000" skipped="0" tests="1" time="0.001" timestamp="2020-09-11T17:20:00">
	<testcase classname="test_optional_id.TestOptionalId" file="spec/construct/test_optional_id.py" line="6" name="test_optional_id" time="0.001" timestamp="2020-09-11T17:20:00">
		<system-out>
<![CDATA[]]>		</system-out>
		<system-err>
<![CDATA[]]>		</system-err>
	</testcase>
</testsuite>
