<?xml version="1.0" encoding="UTF-8"?>
<testsuite name="test_nested_same_name2.TestNestedSameName2-20220728094514" tests="1" file="test_nested_same_name2.py" time="0.001" timestamp="2022-07-28T09:45:14" failures="0" errors="0" skipped="0">
	<testcase classname="test_nested_same_name2.TestNestedSameName2" name="test_nested_same_name2" time="0.001" timestamp="2022-07-28T09:45:14" file="spec/construct/test_nested_same_name2.py" line="8"/>
</testsuite>
