<?xml version="1.0" encoding="UTF-8"?>
<testsuite errors="0" failures="0" file="test_type_int_unary_op.py" name="test_type_int_unary_op.TestTypeIntUnaryOp-20200824070719" skipped="0" tests="1" time="0.001" timestamp="2020-08-24T07:07:19">
	<testcase classname="test_type_int_unary_op.TestTypeIntUnaryOp" file="spec/construct/test_type_int_unary_op.py" line="8" name="test_type_int_unary_op" time="0.001" timestamp="2020-08-24T07:07:19">
		<system-out>
<![CDATA[]]>		</system-out>
		<system-err>
<![CDATA[]]>		</system-err>
	</testcase>
</testsuite>
