<?xml version="1.0" encoding="UTF-8"?>
<testsuite name="test_str_encodings_default.TestStrEncodingsDefault" tests="1" file="test_str_encodings_default.py" time="0.000" timestamp="2023-07-28T21:49:42" failures="0" errors="0" skipped="0">
	<testcase classname="test_str_encodings_default.TestStrEncodingsDefault" name="test_str_encodings_default" time="0.000" timestamp="2023-07-28T21:49:42" file="spec/construct/test_str_encodings_default.py" line="8"/>
</testsuite>
