<?xml version="1.0" encoding="UTF-8"?>
<testsuite name="test_enum_negative.TestEnumNegative-20230721074149" tests="1" file="test_enum_negative.py" time="0.000" timestamp="2023-07-21T07:41:49" failures="0" errors="0" skipped="0">
	<testcase classname="test_enum_negative.TestEnumNegative" name="test_enum_negative" time="0.000" timestamp="2023-07-21T07:41:49" file="spec/construct/test_enum_negative.py" line="7"/>
</testsuite>
