<?xml version="1.0" encoding="UTF-8"?>
<testsuite errors="0" failures="0" file="test_multiple_use.py" name="test_multiple_use.TestMultipleUse-20230721073645" skipped="0" tests="1" time="0.001" timestamp="2023-07-21T07:36:46">
	<testcase classname="test_multiple_use.TestMultipleUse" file="spec/construct/test_multiple_use.py" line="8" name="test_multiple_use" time="0.001" timestamp="2023-07-21T07:36:46">
		<system-out>
<![CDATA[]]>		</system-out>
		<system-err>
<![CDATA[]]>		</system-err>
	</testcase>
</testsuite>
