<?xml version="1.0" encoding="UTF-8"?>
<testsuite errors="0" failures="0" file="test_combine_enum.py" name="test_combine_enum.TestCombineEnum" skipped="0" tests="1" time="0.001" timestamp="2023-07-24T14:10:24">
	<testcase classname="test_combine_enum.TestCombineEnum" file="spec/construct/test_combine_enum.py" line="7" name="test_combine_enum" time="0.001" timestamp="2023-07-24T14:10:24">
		<system-out>
<![CDATA[]]>		</system-out>
		<system-err>
<![CDATA[]]>		</system-err>
	</testcase>
</testsuite>
