<?xml version="1.0" encoding="UTF-8"?>
<testsuite name="test_valid_switch.TestValidSwitch-20220617122803" tests="1" file="test_valid_switch.py" time="0.000" timestamp="2022-06-17T12:28:04" failures="0" errors="0" skipped="0">
	<testcase classname="test_valid_switch.TestValidSwitch" name="test_valid_switch" time="0.000" timestamp="2022-06-17T12:28:04" file="spec/construct/test_valid_switch.py" line="8"/>
</testsuite>
