<?xml version="1.0" encoding="UTF-8"?>
<testsuite name="test_nav_parent_switch_cast.TestNavParentSwitchCast-20230628194709" tests="1" file="test_nav_parent_switch_cast.py" time="0.001" timestamp="2023-06-28T19:47:09" failures="0" errors="0" skipped="0">
	<testcase classname="test_nav_parent_switch_cast.TestNavParentSwitchCast" name="test_nav_parent_switch_cast" time="0.001" timestamp="2023-06-28T19:47:09" file="spec/construct/test_nav_parent_switch_cast.py" line="8"/>
</testsuite>
