<?xml version="1.0" encoding="UTF-8"?>
<testsuite name="test_switch_repeat_expr_invalid.TestSwitchRepeatExprInvalid-20210403173753" tests="1" file="test_switch_repeat_expr_invalid.py" time="0.001" timestamp="2021-04-03T17:37:53" failures="0" errors="0" skipped="0">
	<testcase classname="test_switch_repeat_expr_invalid.TestSwitchRepeatExprInvalid" name="test_switch_repeat_expr_invalid" time="0.001" timestamp="2021-04-03T17:37:53" file="spec/construct/test_switch_repeat_expr_invalid.py" line="8"/>
</testsuite>
