<?xml version="1.0" encoding="UTF-8"?>
<testsuite name="test_recursive_one.TestRecursiveOne" tests="1" file="test_recursive_one.py" time="0.001" timestamp="2023-07-28T22:12:43" failures="0" errors="0" skipped="0">
	<testcase classname="test_recursive_one.TestRecursiveOne" name="test_recursive_one" time="0.001" timestamp="2023-07-28T22:12:43" file="spec/construct/test_recursive_one.py" line="7"/>
</testsuite>
