<?xml version="1.0" encoding="UTF-8"?>
<testsuite errors="0" failures="0" file="test_str_eos.py" name="test_str_eos.TestStrEos-20230624222616" skipped="0" tests="1" time="0.000" timestamp="2023-06-24T22:26:17">
	<testcase classname="test_str_eos.TestStrEos" file="spec/construct/test_str_eos.py" line="8" name="test_str_eos" time="0.000" timestamp="2023-06-24T22:26:17">
		<system-out>
<![CDATA[]]>		</system-out>
		<system-err>
<![CDATA[]]>		</system-err>
	</testcase>
</testsuite>
