<?xml version="1.0" encoding="UTF-8"?>
<testsuite name="test_term_bytes.TestTermBytes-20230721074149" tests="1" file="test_term_bytes.py" time="0.000" timestamp="2023-07-21T07:41:49" failures="0" errors="0" skipped="0">
	<testcase classname="test_term_bytes.TestTermBytes" name="test_term_bytes" time="0.000" timestamp="2023-07-21T07:41:49" file="spec/construct/test_term_bytes.py" line="8"/>
</testsuite>
