<?xml version="1.0" encoding="UTF-8"?>
<testsuite name="test_docstrings.TestDocstrings-20200831200214" tests="1" file="test_docstrings.py" time="0.001" timestamp="2020-08-31T20:02:14" failures="0" errors="0" skipped="0">
	<testcase classname="test_docstrings.TestDocstrings" name="test_docstrings" time="0.001" timestamp="2020-08-31T20:02:14" file="spec/construct/test_docstrings.py" line="8">
		<system-out><![CDATA[]]></system-out>
		<system-err><![CDATA[]]></system-err>
	</testcase>
</testsuite>
