<?xml version="1.0" encoding="UTF-8"?>
<testsuite errors="0" failures="0" file="test_str_literals2.py" name="test_str_literals2.TestStrLiterals2-20210206143521" skipped="0" tests="1" time="0.001" timestamp="2021-02-06T14:35:21">
	<testcase classname="test_str_literals2.TestStrLiterals2" file="spec/construct/test_str_literals2.py" line="8" name="test_str_literals2" time="0.001" timestamp="2021-02-06T14:35:21">
		<system-out>
<![CDATA[]]>		</system-out>
		<system-err>
<![CDATA[]]>		</system-err>
	</testcase>
</testsuite>
