<?xml version="1.0" encoding="UTF-8"?>
<testsuite errors="0" failures="0" file="test_repeat_eos_struct.py" name="test_repeat_eos_struct.TestRepeatEosStruct-20230719212440" skipped="0" tests="1" time="0.000" timestamp="2023-07-19T21:24:40">
	<testcase classname="test_repeat_eos_struct.TestRepeatEosStruct" file="spec/construct/test_repeat_eos_struct.py" line="8" name="test_repeat_eos_struct" time="0.000" timestamp="2023-07-19T21:24:40">
		<system-out>
<![CDATA[]]>		</system-out>
		<system-err>
<![CDATA[]]>		</system-err>
	</testcase>
</testsuite>
