<?xml version="1.0" encoding="UTF-8"?>
<testsuite name="test_fixed_struct.TestFixedStruct-20220205183118" tests="1" file="test_fixed_struct.py" time="0.002" timestamp="2022-02-05T18:31:18" failures="0" errors="0" skipped="0">
	<testcase classname="test_fixed_struct.TestFixedStruct" name="test_fixed_struct" time="0.002" timestamp="2022-02-05T18:31:18" file="spec/construct/test_fixed_struct.py" line="8"/>
</testsuite>
