<?xml version="1.0" encoding="UTF-8"?>
<testsuite errors="0" failures="0" file="test_nav_parent_switch.py" name="test_nav_parent_switch.TestNavParentSwitch-20210206143521" skipped="0" tests="1" time="0.001" timestamp="2021-02-06T14:35:21">
	<testcase classname="test_nav_parent_switch.TestNavParentSwitch" file="spec/construct/test_nav_parent_switch.py" line="8" name="test_nav_parent_switch" time="0.001" timestamp="2021-02-06T14:35:21">
		<system-out>
<![CDATA[]]>		</system-out>
		<system-err>
<![CDATA[]]>		</system-err>
	</testcase>
</testsuite>
