<?xml version="1.0" encoding="UTF-8"?>
<testsuite errors="0" failures="0" file="test_enum_invalid.py" name="test_enum_invalid.TestEnumInvalid-20230627090126" skipped="0" tests="1" time="0.001" timestamp="2023-06-27T09:01:26">
	<testcase classname="test_enum_invalid.TestEnumInvalid" file="spec/construct/test_enum_invalid.py" line="7" name="test_enum_invalid" time="0.001" timestamp="2023-06-27T09:01:26">
		<system-out>
<![CDATA[]]>		</system-out>
		<system-err>
<![CDATA[]]>		</system-err>
	</testcase>
</testsuite>
