<?xml version="1.0" encoding="UTF-8"?>
<testsuite name="test_valid_long.TestValidLong-20230721155858" tests="1" file="test_valid_long.py" time="0.000" timestamp="2023-07-21T15:58:59" failures="0" errors="0" skipped="0">
	<testcase classname="test_valid_long.TestValidLong" name="test_valid_long" time="0.000" timestamp="2023-07-21T15:58:59" file="spec/construct/test_valid_long.py" line="8"/>
</testsuite>
