<?xml version="1.0" encoding="UTF-8"?>
<testsuite errors="0" failures="0" file="test_enum_long_range_s.py" name="test_enum_long_range_s.TestEnumLongRangeS-20220801170154" skipped="0" tests="1" time="0.001" timestamp="2022-08-01T17:01:54">
	<testcase classname="test_enum_long_range_s.TestEnumLongRangeS" file="spec/construct/test_enum_long_range_s.py" line="7" name="test_enum_long_range_s" time="0.001" timestamp="2022-08-01T17:01:54">
		<system-out>
<![CDATA[]]>		</system-out>
		<system-err>
<![CDATA[]]>		</system-err>
	</testcase>
</testsuite>
