<?xml version="1.0" encoding="UTF-8"?>
<testsuite name="test_nav_root.TestNavRoot-20230719211151" tests="1" file="test_nav_root.py" time="0.001" timestamp="2023-07-19T21:11:51" failures="0" errors="0" skipped="0">
	<testcase classname="test_nav_root.TestNavRoot" name="test_nav_root" time="0.001" timestamp="2023-07-19T21:11:51" file="spec/construct/test_nav_root.py" line="8"/>
</testsuite>
