<?xml version="1.0" encoding="UTF-8"?>
<testsuite name="test_switch_repeat_expr.TestSwitchRepeatExpr-20230628194709" tests="1" file="test_switch_repeat_expr.py" time="0.001" timestamp="2023-06-28T19:47:09" failures="0" errors="0" skipped="0">
	<testcase classname="test_switch_repeat_expr.TestSwitchRepeatExpr" name="test_switch_repeat_expr" time="0.001" timestamp="2023-06-28T19:47:09" file="spec/construct/test_switch_repeat_expr.py" line="8"/>
</testsuite>
