<?xml version="1.0" encoding="UTF-8"?>
<testsuite name="test_instance_std_array.TestInstanceStdArray-20230628194709" tests="1" file="test_instance_std_array.py" time="0.001" timestamp="2023-06-28T19:47:09" failures="0" errors="0" skipped="0">
	<testcase classname="test_instance_std_array.TestInstanceStdArray" name="test_instance_std_array" time="0.001" timestamp="2023-06-28T19:47:09" file="spec/construct/test_instance_std_array.py" line="8"/>
</testsuite>
