<?xml version="1.0" encoding="UTF-8"?>
<testsuite errors="0" failures="0" file="test_instance_std_array.py" name="test_instance_std_array.TestInstanceStdArray-20210701222533" skipped="0" tests="1" time="0.001" timestamp="2021-07-01T22:25:33">
	<testcase classname="test_instance_std_array.TestInstanceStdArray" file="spec/construct/test_instance_std_array.py" line="8" name="test_instance_std_array" time="0.001" timestamp="2021-07-01T22:25:33">
		<system-out>
<![CDATA[]]>		</system-out>
		<system-err>
<![CDATA[]]>		</system-err>
	</testcase>
</testsuite>
