<?xml version="1.0" encoding="UTF-8"?>
<testsuite errors="1" failures="0" file="test_enum_long_range_s.py" name="test_enum_long_range_s.TestEnumLongRangeS-20200824200311" skipped="0" tests="1" time="0.001" timestamp="2020-08-24T20:03:11">
	<testcase classname="test_enum_long_range_s.TestEnumLongRangeS" file="spec/construct/test_enum_long_range_s.py" line="8" name="test_enum_long_range_s" time="0.001" timestamp="2020-08-24T20:03:11">
		<error message="'TestEnumLongRangeS' object has no attribute '_root'" type="AttributeError">
<![CDATA[Traceback (most recent call last):
  File "/home/travis/build/kaitai-io/ci_targets/tests/spec/construct/test_enum_long_range_s.py", line 11, in test_enum_long_range_s
    self.assertEqual(r.f1, self._root.Constants.long_min)
AttributeError: 'TestEnumLongRangeS' object has no attribute '_root'
]]>		</error>
		<system-out>
<![CDATA[]]>		</system-out>
		<system-err>
<![CDATA[]]>		</system-err>
	</testcase>
</testsuite>
