<?xml version="1.0" encoding="UTF-8"?>
<testsuite name="test_process_to_user.TestProcessToUser-20230628194709" tests="1" file="test_process_to_user.py" time="0.001" timestamp="2023-06-28T19:47:09" failures="0" errors="1" skipped="0">
	<testcase classname="test_process_to_user.TestProcessToUser" name="test_process_to_user" time="0.001" timestamp="2023-06-28T19:47:09" file="spec/construct/test_process_to_user.py" line="8">
		<error type="UnicodeDecodeError" message="'utf-8' codec can't decode byte 0xac in position 1: invalid start byte"><![CDATA[Traceback (most recent call last):
  File "/home/travis/build/kaitai-io/ci_targets/tests/spec/construct/test_process_to_user.py", line 9, in test_process_to_user
    r = _schema.parse_file('src/process_rotate.bin')
  File "/home/travis/virtualenv/python3.10.9/lib/python3.10/site-packages/construct/core.py", line 309, in parse_file
    return self.parse_stream(f, **contextkw)
  File "/home/travis/virtualenv/python3.10.9/lib/python3.10/site-packages/construct/core.py", line 300, in parse_stream
    return self._parsereport(stream, context, "(parsing)")
  File "/home/travis/virtualenv/python3.10.9/lib/python3.10/site-packages/construct/core.py", line 312, in _parsereport
    obj = self._parse(stream, context, path)
  File "/home/travis/virtualenv/python3.10.9/lib/python3.10/site-packages/construct/core.py", line 2120, in _parse
    subobj = sc._parsereport(stream, context, path)
  File "/home/travis/virtualenv/python3.10.9/lib/python3.10/site-packages/construct/core.py", line 312, in _parsereport
    obj = self._parse(stream, context, path)
  File "/home/travis/virtualenv/python3.10.9/lib/python3.10/site-packages/construct/core.py", line 2653, in _parse
    return self.subcon._parsereport(stream, context, path)
  File "/home/travis/virtualenv/python3.10.9/lib/python3.10/site-packages/construct/core.py", line 312, in _parsereport
    obj = self._parse(stream, context, path)
  File "/home/travis/virtualenv/python3.10.9/lib/python3.10/site-packages/construct/core.py", line 4837, in _parse
    return self.subcon._parsereport(io.BytesIO(data), context, path)
  File "/home/travis/virtualenv/python3.10.9/lib/python3.10/site-packages/construct/core.py", line 312, in _parsereport
    obj = self._parse(stream, context, path)
  File "/home/travis/virtualenv/python3.10.9/lib/python3.10/site-packages/construct/core.py", line 5912, in _parse
    return sc._parsereport(stream, context, path)
  File "/home/travis/virtualenv/python3.10.9/lib/python3.10/site-packages/construct/core.py", line 312, in _parsereport
    obj = self._parse(stream, context, path)
  File "/home/travis/virtualenv/python3.10.9/lib/python3.10/site-packages/construct/core.py", line 2120, in _parse
    subobj = sc._parsereport(stream, context, path)
  File "/home/travis/virtualenv/python3.10.9/lib/python3.10/site-packages/construct/core.py", line 312, in _parsereport
    obj = self._parse(stream, context, path)
  File "/home/travis/virtualenv/python3.10.9/lib/python3.10/site-packages/construct/core.py", line 2653, in _parse
    return self.subcon._parsereport(stream, context, path)
  File "/home/travis/virtualenv/python3.10.9/lib/python3.10/site-packages/construct/core.py", line 312, in _parsereport
    obj = self._parse(stream, context, path)
  File "/home/travis/virtualenv/python3.10.9/lib/python3.10/site-packages/construct/core.py", line 704, in _parse
    return self._decode(obj, context, path)
  File "/home/travis/virtualenv/python3.10.9/lib/python3.10/site-packages/construct/core.py", line 1610, in _decode
    return obj.decode(self.encoding)
UnicodeDecodeError: 'utf-8' codec can't decode byte 0xac in position 1: invalid start byte
]]></error>
	</testcase>
</testsuite>
