<?xml version="1.0" encoding="UTF-8"?>
<testsuite name="test_default_big_endian.TestDefaultBigEndian-20230721092042" tests="1" file="test_default_big_endian.py" time="0.000" timestamp="2023-07-21T09:20:43" failures="0" errors="0" skipped="0">
	<testcase classname="test_default_big_endian.TestDefaultBigEndian" name="test_default_big_endian" time="0.000" timestamp="2023-07-21T09:20:43" file="spec/construct/test_default_big_endian.py" line="8"/>
</testsuite>
