<?xml version="1.0" encoding="UTF-8"?>
<testsuite name="test_switch_manual_int.TestSwitchManualInt-20200824162059" tests="1" file="test_switch_manual_int.py" time="0.001" timestamp="2020-08-24T16:20:59" failures="0" errors="0" skipped="0">
	<testcase classname="test_switch_manual_int.TestSwitchManualInt" name="test_switch_manual_int" time="0.001" timestamp="2020-08-24T16:20:59" file="spec/construct/test_switch_manual_int.py" line="8">
		<system-out><![CDATA[]]></system-out>
		<system-err><![CDATA[]]></system-err>
	</testcase>
</testsuite>
