<?xml version="1.0" encoding="UTF-8"?>
<testsuite name="test_nav_parent_vs_value_inst.TestNavParentVsValueInst-20220319214325" tests="1" file="test_nav_parent_vs_value_inst.py" time="0.001" timestamp="2022-03-19T21:43:25" failures="0" errors="0" skipped="0">
	<testcase classname="test_nav_parent_vs_value_inst.TestNavParentVsValueInst" name="test_nav_parent_vs_value_inst" time="0.001" timestamp="2022-03-19T21:43:25" file="spec/construct/test_nav_parent_vs_value_inst.py" line="8"/>
</testsuite>
