<?xml version="1.0" encoding="UTF-8"?>
<testsuite name="test_nav_parent_switch.TestNavParentSwitch-20210701222703" tests="1" file="test_nav_parent_switch.py" time="0.001" timestamp="2021-07-01T22:27:03" failures="0" errors="0" skipped="0">
	<testcase classname="test_nav_parent_switch.TestNavParentSwitch" name="test_nav_parent_switch" time="0.001" timestamp="2021-07-01T22:27:03" file="spec/construct/test_nav_parent_switch.py" line="8"/>
</testsuite>
