<?xml version="1.0" encoding="UTF-8"?>
<testsuite errors="0" failures="0" file="test_expr_0.py" name="test_expr_0.TestExpr0-20211106194805" skipped="0" tests="1" time="0.000" timestamp="2021-11-06T19:48:05">
	<testcase classname="test_expr_0.TestExpr0" file="spec/construct/test_expr_0.py" line="8" name="test_expr_0" time="0.000" timestamp="2021-11-06T19:48:05">
		<system-out>
<![CDATA[]]>		</system-out>
		<system-err>
<![CDATA[]]>		</system-err>
	</testcase>
</testsuite>
