<?xml version="1.0" encoding="UTF-8"?>
<testsuite errors="0" failures="0" file="test_process_coerce_switch.py" name="test_process_coerce_switch.TestProcessCoerceSwitch-20230628163722" skipped="0" tests="1" time="0.001" timestamp="2023-06-28T16:37:22">
	<testcase classname="test_process_coerce_switch.TestProcessCoerceSwitch" file="spec/construct/test_process_coerce_switch.py" line="8" name="test_process_coerce_switch" time="0.001" timestamp="2023-06-28T16:37:22">
		<system-out>
<![CDATA[]]>		</system-out>
		<system-err>
<![CDATA[]]>		</system-err>
	</testcase>
</testsuite>
