<?xml version="1.0" encoding="UTF-8"?>
<testsuite name="test_integers.TestIntegers-20220210221253" tests="1" file="test_integers.py" time="0.002" timestamp="2022-02-10T22:12:53" failures="0" errors="0" skipped="0">
	<testcase classname="test_integers.TestIntegers" name="test_integers" time="0.002" timestamp="2022-02-10T22:12:53" file="spec/construct/test_integers.py" line="8"/>
</testsuite>
