<?xml version="1.0" encoding="UTF-8"?>
<testsuite name="test_valid_long.TestValidLong-20230628194228" tests="1" file="test_valid_long.py" time="0.000" timestamp="2023-06-28T19:42:28" failures="0" errors="0" skipped="0">
	<testcase classname="test_valid_long.TestValidLong" name="test_valid_long" time="0.000" timestamp="2023-06-28T19:42:28" file="spec/construct/test_valid_long.py" line="8"/>
</testsuite>
