<?xml version="1.0" encoding="UTF-8"?>
<testsuite errors="0" failures="0" file="test_expr_0.py" name="test_expr_0.TestExpr0" skipped="0" tests="1" time="0.000" timestamp="2023-07-24T14:10:24">
	<testcase classname="test_expr_0.TestExpr0" file="spec/construct/test_expr_0.py" line="8" name="test_expr_0" time="0.000" timestamp="2023-07-24T14:10:24">
		<system-out>
<![CDATA[]]>		</system-out>
		<system-err>
<![CDATA[]]>		</system-err>
	</testcase>
</testsuite>
