<?xml version="1.0" encoding="UTF-8"?>
<testsuite name="test_if_values.TestIfValues-20220319214325" tests="1" file="test_if_values.py" time="0.001" timestamp="2022-03-19T21:43:25" failures="0" errors="0" skipped="0">
	<testcase classname="test_if_values.TestIfValues" name="test_if_values" time="0.001" timestamp="2022-03-19T21:43:25" file="spec/construct/test_if_values.py" line="8"/>
</testsuite>
