<?xml version="1.0" encoding="UTF-8"?>
<testsuite errors="0" failures="0" file="test_switch_manual_str_else.py" name="test_switch_manual_str_else.TestSwitchManualStrElse-20200824175243" skipped="0" tests="1" time="0.002" timestamp="2020-08-24T17:52:43">
	<testcase classname="test_switch_manual_str_else.TestSwitchManualStrElse" file="spec/construct/test_switch_manual_str_else.py" line="8" name="test_switch_manual_str_else" time="0.002" timestamp="2020-08-24T17:52:43">
		<system-out>
<![CDATA[]]>		</system-out>
		<system-err>
<![CDATA[]]>		</system-err>
	</testcase>
</testsuite>
