<?xml version="1.0" encoding="UTF-8"?>
<testsuite name="test_docstrings_docref_multi.TestDocstringsDocrefMulti-20230721155858" tests="1" file="test_docstrings_docref_multi.py" time="0.001" timestamp="2023-07-21T15:58:58" failures="0" errors="0" skipped="0">
	<testcase classname="test_docstrings_docref_multi.TestDocstringsDocrefMulti" name="test_docstrings_docref_multi" time="0.001" timestamp="2023-07-21T15:58:58" file="spec/construct/test_docstrings_docref_multi.py" line="7"/>
</testsuite>
