<?xml version="1.0" encoding="UTF-8"?>
<testsuite name="test_user_type.TestUserType-20220623173040" tests="1" file="test_user_type.py" time="0.001" timestamp="2022-06-23T17:30:40" failures="0" errors="0" skipped="0">
	<testcase classname="test_user_type.TestUserType" name="test_user_type" time="0.001" timestamp="2022-06-23T17:30:40" file="spec/construct/test_user_type.py" line="8"/>
</testsuite>
