<?xml version="1.0" encoding="UTF-8"?>
<testsuite errors="0" failures="0" file="test_repeat_n_strz_double.py" name="test_repeat_n_strz_double.TestRepeatNStrzDouble-20220415203241" skipped="0" tests="1" time="0.001" timestamp="2022-04-15T20:32:41">
	<testcase classname="test_repeat_n_strz_double.TestRepeatNStrzDouble" file="spec/construct/test_repeat_n_strz_double.py" line="8" name="test_repeat_n_strz_double" time="0.001" timestamp="2022-04-15T20:32:41">
		<system-out>
<![CDATA[]]>		</system-out>
		<system-err>
<![CDATA[]]>		</system-err>
	</testcase>
</testsuite>
