<?xml version="1.0" encoding="UTF-8"?>
<testsuite errors="0" failures="0" file="test_integers_min_max.py" name="test_integers_min_max.TestIntegersMinMax-20200824070719" skipped="0" tests="1" time="0.002" timestamp="2020-08-24T07:07:19">
	<testcase classname="test_integers_min_max.TestIntegersMinMax" file="spec/construct/test_integers_min_max.py" line="8" name="test_integers_min_max" time="0.002" timestamp="2020-08-24T07:07:19">
		<system-out>
<![CDATA[]]>		</system-out>
		<system-err>
<![CDATA[]]>		</system-err>
	</testcase>
</testsuite>
