<?xml version="1.0" encoding="UTF-8"?>
<testsuite name="test_enum_to_i_class_border_1.TestEnumToIClassBorder1-20220728094514" tests="1" file="test_enum_to_i_class_border_1.py" time="0.001" timestamp="2022-07-28T09:45:14" failures="0" errors="1" skipped="0">
	<testcase classname="test_enum_to_i_class_border_1.TestEnumToIClassBorder1" name="test_enum_to_i_class_border_1" time="0.001" timestamp="2022-07-28T09:45:14" file="spec/construct/test_enum_to_i_class_border_1.py" line="7">
		<error type="NameError" message="name 'KaitaiStream' is not defined"><![CDATA[Traceback (most recent call last):
  File "/home/travis/build/kaitai-io/ci_targets/tests/spec/construct/test_enum_to_i_class_border_1.py", line 8, in test_enum_to_i_class_border_1
    r = _schema.parse_file('src/enum_0.bin')
  File "/home/travis/virtualenv/python3.10.4/lib/python3.10/site-packages/construct/core.py", line 309, in parse_file
    return self.parse_stream(f, **contextkw)
  File "/home/travis/virtualenv/python3.10.4/lib/python3.10/site-packages/construct/core.py", line 300, in parse_stream
    return self._parsereport(stream, context, "(parsing)")
  File "/home/travis/virtualenv/python3.10.4/lib/python3.10/site-packages/construct/core.py", line 312, in _parsereport
    obj = self._parse(stream, context, path)
  File "/home/travis/virtualenv/python3.10.4/lib/python3.10/site-packages/construct/core.py", line 2120, in _parse
    subobj = sc._parsereport(stream, context, path)
  File "/home/travis/virtualenv/python3.10.4/lib/python3.10/site-packages/construct/core.py", line 312, in _parsereport
    obj = self._parse(stream, context, path)
  File "/home/travis/virtualenv/python3.10.4/lib/python3.10/site-packages/construct/core.py", line 2653, in _parse
    return self.subcon._parsereport(stream, context, path)
  File "/home/travis/virtualenv/python3.10.4/lib/python3.10/site-packages/construct/core.py", line 312, in _parsereport
    obj = self._parse(stream, context, path)
  File "/home/travis/virtualenv/python3.10.4/lib/python3.10/site-packages/construct/core.py", line 2798, in _parse
    return self.func(context) if callable(self.func) else self.func
  File "/home/travis/build/kaitai-io/ci_targets/tests/compiled/construct/enum_to_i_class_border_1.py", line 13, in <lambda>
    'some_dog' / Computed(lambda this: KaitaiStream.resolve_enum(EnumToIClassBorder1.Animal, 4)),
NameError: name 'KaitaiStream' is not defined
]]></error>
	</testcase>
</testsuite>
