<?xml version="1.0" encoding="UTF-8"?>
<testsuite errors="0" failures="0" file="test_integers.py" name="test_integers.TestIntegers-20220409012319" skipped="0" tests="1" time="0.001" timestamp="2022-04-09T01:23:20">
	<testcase classname="test_integers.TestIntegers" file="spec/construct/test_integers.py" line="8" name="test_integers" time="0.001" timestamp="2022-04-09T01:23:20">
		<system-out>
<![CDATA[]]>		</system-out>
		<system-err>
<![CDATA[]]>		</system-err>
	</testcase>
</testsuite>
