<?xml version="1.0" encoding="UTF-8"?>
<testsuite name="test_enum_deep_literals.TestEnumDeepLiterals-20220801170217" tests="1" file="test_enum_deep_literals.py" time="0.000" timestamp="2022-08-01T17:02:17" failures="0" errors="0" skipped="0">
	<testcase classname="test_enum_deep_literals.TestEnumDeepLiterals" name="test_enum_deep_literals" time="0.000" timestamp="2022-08-01T17:02:17" file="spec/construct/test_enum_deep_literals.py" line="7"/>
</testsuite>
