<?xml version="1.0" encoding="UTF-8"?>
<testsuite name="test_instance_std.TestInstanceStd-20220319214325" tests="1" file="test_instance_std.py" time="0.001" timestamp="2022-03-19T21:43:25" failures="0" errors="0" skipped="0">
	<testcase classname="test_instance_std.TestInstanceStd" name="test_instance_std" time="0.001" timestamp="2022-03-19T21:43:25" file="spec/construct/test_instance_std.py" line="8"/>
</testsuite>
