<?xml version="1.0" encoding="UTF-8"?>
<testsuite name="test_nav_parent_false2.TestNavParentFalse2-20230628194709" tests="1" file="test_nav_parent_false2.py" time="0.000" timestamp="2023-06-28T19:47:09" failures="0" errors="0" skipped="0">
	<testcase classname="test_nav_parent_false2.TestNavParentFalse2" name="test_nav_parent_false2" time="0.000" timestamp="2023-06-28T19:47:09" file="spec/construct/test_nav_parent_false2.py" line="8"/>
</testsuite>
