<?xml version="1.0" encoding="UTF-8"?>
<testsuite name="test_str_eos.TestStrEos-20220205183118" tests="1" file="test_str_eos.py" time="0.001" timestamp="2022-02-05T18:31:18" failures="0" errors="0" skipped="0">
	<testcase classname="test_str_eos.TestStrEos" name="test_str_eos" time="0.001" timestamp="2022-02-05T18:31:18" file="spec/construct/test_str_eos.py" line="8"/>
</testsuite>
