<?xml version="1.0" encoding="UTF-8"?>
<testsuite name="test_nested_types.TestNestedTypes" tests="1" file="test_nested_types.py" time="0.000" timestamp="2023-07-30T15:26:35" failures="0" errors="0" skipped="0">
	<testcase classname="test_nested_types.TestNestedTypes" name="test_nested_types" time="0.000" timestamp="2023-07-30T15:26:35" file="spec/construct/test_nested_types.py" line="8"/>
</testsuite>
