<?xml version="1.0" encoding="UTF-8"?>
<testsuite errors="0" failures="1" file="test_repeat_until_complex.py" name="test_repeat_until_complex.TestRepeatUntilComplex" skipped="0" tests="1" time="0.002" timestamp="2023-07-24T14:10:24">
	<testcase classname="test_repeat_until_complex.TestRepeatUntilComplex" file="spec/construct/test_repeat_until_complex.py" line="8" name="test_repeat_until_complex" time="0.002" timestamp="2023-07-24T14:10:24">
		<failure message="&lt;bound method Container.values of Contain[43 chars]4]))&gt; != [1, 2, 3, 4]" type="AssertionError">
<![CDATA[Traceback (most recent call last):
  File "/tests/spec/construct/test_repeat_until_complex.py", line 12, in test_repeat_until_complex
    self.assertEqual(r.first[0].values, [(0 + 1), 2, 3, 4])
AssertionError: <bound method Container.values of Contain[43 chars]4]))> != [1, 2, 3, 4]
]]>		</failure>
		<system-out>
<![CDATA[]]>		</system-out>
		<system-err>
<![CDATA[]]>		</system-err>
	</testcase>
</testsuite>
