<?xml version="1.0" encoding="UTF-8"?>
<testsuite name="test_switch_repeat_expr.TestSwitchRepeatExpr-20230627090132" tests="1" file="test_switch_repeat_expr.py" time="0.001" timestamp="2023-06-27T09:01:32" failures="0" errors="0" skipped="0">
	<testcase classname="test_switch_repeat_expr.TestSwitchRepeatExpr" name="test_switch_repeat_expr" time="0.001" timestamp="2023-06-27T09:01:32" file="spec/construct/test_switch_repeat_expr.py" line="8"/>
</testsuite>
