<?xml version="1.0" encoding="UTF-8"?>
<testsuite name="test_yaml_ints.TestYamlInts-20201020230353" tests="1" file="test_yaml_ints.py" time="0.001" timestamp="2020-10-20T23:03:53" failures="0" errors="0" skipped="0">
	<testcase classname="test_yaml_ints.TestYamlInts" name="test_yaml_ints" time="0.001" timestamp="2020-10-20T23:03:53" file="spec/construct/test_yaml_ints.py" line="8">
		<system-out><![CDATA[]]></system-out>
		<system-err><![CDATA[]]></system-err>
	</testcase>
</testsuite>
