<?xml version="1.0" encoding="UTF-8"?>
<testsuite name="test_repeat_n_strz_double.TestRepeatNStrzDouble-20230719185308" tests="1" file="test_repeat_n_strz_double.py" time="0.000" timestamp="2023-07-19T18:53:08" failures="0" errors="0" skipped="0">
	<testcase classname="test_repeat_n_strz_double.TestRepeatNStrzDouble" name="test_repeat_n_strz_double" time="0.000" timestamp="2023-07-19T18:53:08" file="spec/construct/test_repeat_n_strz_double.py" line="8"/>
</testsuite>
