<?xml version="1.0" encoding="UTF-8"?>
<testsuite errors="0" failures="0" file="test_nav_parent_false.py" name="test_nav_parent_false.TestNavParentFalse-20201106111619" skipped="0" tests="1" time="0.001" timestamp="2020-11-06T11:16:20">
	<testcase classname="test_nav_parent_false.TestNavParentFalse" file="spec/construct/test_nav_parent_false.py" line="8" name="test_nav_parent_false" time="0.001" timestamp="2020-11-06T11:16:20">
		<system-out>
<![CDATA[]]>		</system-out>
		<system-err>
<![CDATA[]]>		</system-err>
	</testcase>
</testsuite>
