<?xml version="1.0" encoding="UTF-8"?>
<testsuite name="test_instance_std.TestInstanceStd-20201031095949" tests="1" file="test_instance_std.py" time="0.001" timestamp="2020-10-31T09:59:49" failures="0" errors="0" skipped="0">
	<testcase classname="test_instance_std.TestInstanceStd" name="test_instance_std" time="0.001" timestamp="2020-10-31T09:59:49" file="spec/construct/test_instance_std.py" line="8"/>
</testsuite>
