<?xml version="1.0" encoding="UTF-8"?>
<testsuite errors="0" failures="0" file="test_expr_0.py" name="test_expr_0.TestExpr0-20230628194649" skipped="0" tests="1" time="0.001" timestamp="2023-06-28T19:46:49">
	<testcase classname="test_expr_0.TestExpr0" file="spec/construct/test_expr_0.py" line="8" name="test_expr_0" time="0.001" timestamp="2023-06-28T19:46:49">
		<system-out>
<![CDATA[]]>		</system-out>
		<system-err>
<![CDATA[]]>		</system-err>
	</testcase>
</testsuite>
