<?xml version="1.0" encoding="UTF-8"?>
<testsuite name="test_enum_long_range_s.TestEnumLongRangeS-20220728001417" tests="1" file="test_enum_long_range_s.py" time="0.001" timestamp="2022-07-28T00:14:17" failures="0" errors="0" skipped="0">
	<testcase classname="test_enum_long_range_s.TestEnumLongRangeS" name="test_enum_long_range_s" time="0.001" timestamp="2022-07-28T00:14:17" file="spec/construct/test_enum_long_range_s.py" line="7"/>
</testsuite>
