<?xml version="1.0" encoding="UTF-8"?>
<testsuite name="test_default_big_endian.TestDefaultBigEndian-20200824200408" tests="1" file="test_default_big_endian.py" time="0.001" timestamp="2020-08-24T20:04:08" failures="0" errors="0" skipped="0">
	<testcase classname="test_default_big_endian.TestDefaultBigEndian" name="test_default_big_endian" time="0.001" timestamp="2020-08-24T20:04:08" file="spec/construct/test_default_big_endian.py" line="8">
		<system-out><![CDATA[]]></system-out>
		<system-err><![CDATA[]]></system-err>
	</testcase>
</testsuite>
