<?xml version="1.0" encoding="UTF-8"?>
<testsuite errors="0" failures="0" file="test_optional_id.py" name="test_optional_id.TestOptionalId-20230719212442" skipped="0" tests="1" time="0.001" timestamp="2023-07-19T21:24:42">
	<testcase classname="test_optional_id.TestOptionalId" file="spec/construct/test_optional_id.py" line="6" name="test_optional_id" time="0.001" timestamp="2023-07-19T21:24:42">
		<system-out>
<![CDATA[]]>		</system-out>
		<system-err>
<![CDATA[]]>		</system-err>
	</testcase>
</testsuite>
