<?xml version="1.0" encoding="UTF-8"?>
<testsuite name="test_switch_manual_int_size.TestSwitchManualIntSize-20210403173753" tests="1" file="test_switch_manual_int_size.py" time="0.002" timestamp="2021-04-03T17:37:53" failures="0" errors="0" skipped="0">
	<testcase classname="test_switch_manual_int_size.TestSwitchManualIntSize" name="test_switch_manual_int_size" time="0.002" timestamp="2021-04-03T17:37:53" file="spec/construct/test_switch_manual_int_size.py" line="8"/>
</testsuite>
