<?xml version="1.0" encoding="UTF-8"?>
<testsuite name="test_switch_else_only.TestSwitchElseOnly-20220318130518" tests="1" file="test_switch_else_only.py" time="0.000" timestamp="2022-03-18T13:05:19" failures="0" errors="0" skipped="0">
	<testcase classname="test_switch_else_only.TestSwitchElseOnly" name="test_switch_else_only" time="0.000" timestamp="2022-03-18T13:05:19" file="spec/construct/test_switch_else_only.py" line="8"/>
</testsuite>
