<?xml version="1.0" encoding="UTF-8"?>
<testsuite errors="0" failures="0" file="test_yaml_ints.py" name="test_yaml_ints.TestYamlInts-20230624222616" skipped="0" tests="1" time="0.000" timestamp="2023-06-24T22:26:17">
	<testcase classname="test_yaml_ints.TestYamlInts" file="spec/construct/test_yaml_ints.py" line="8" name="test_yaml_ints" time="0.000" timestamp="2023-06-24T22:26:17">
		<system-out>
<![CDATA[]]>		</system-out>
		<system-err>
<![CDATA[]]>		</system-err>
	</testcase>
</testsuite>
