<?xml version="1.0" encoding="UTF-8"?>
<testsuite name="test_js_signed_right_shift.TestJsSignedRightShift" tests="1" file="test_js_signed_right_shift.py" time="0.000" timestamp="2023-07-23T22:32:40" failures="0" errors="0" skipped="0">
	<testcase classname="test_js_signed_right_shift.TestJsSignedRightShift" name="test_js_signed_right_shift" time="0.000" timestamp="2023-07-23T22:32:40" file="spec/construct/test_js_signed_right_shift.py" line="8"/>
</testsuite>
