<?xml version="1.0" encoding="UTF-8"?>
<testsuite name="test_instance_std.TestInstanceStd-20210206143650" tests="1" file="test_instance_std.py" time="0.001" timestamp="2021-02-06T14:36:50" failures="0" errors="0" skipped="0">
	<testcase classname="test_instance_std.TestInstanceStd" name="test_instance_std" time="0.001" timestamp="2021-02-06T14:36:50" file="spec/construct/test_instance_std.py" line="8"/>
</testsuite>
