<?xml version="1.0" encoding="UTF-8"?>
<testsuite errors="1" failures="0" file="test_imports_abs_abs.py" name="test_imports_abs_abs.TestImportsAbsAbs" skipped="0" tests="1" time="0.001" timestamp="2023-08-02T17:40:23">
	<testcase classname="test_imports_abs_abs.TestImportsAbsAbs" file="spec/construct/test_imports_abs_abs.py" line="6" name="test_imports_abs_abs" time="0.001" timestamp="2023-08-02T17:40:23">
		<error message="global name 'imported_and_abs' is not defined" type="NameError">
<![CDATA[Traceback (most recent call last):
  File "/tests/spec/construct/test_imports_abs_abs.py", line 7, in test_imports_abs_abs
    r = _schema.parse_file('src/fixed_struct.bin')
  File "/usr/local/lib/python2.7/site-packages/construct/core.py", line 309, in parse_file
    return self.parse_stream(f, **contextkw)
  File "/usr/local/lib/python2.7/site-packages/construct/core.py", line 300, in parse_stream
    return self._parsereport(stream, context, "(parsing)")
  File "/usr/local/lib/python2.7/site-packages/construct/core.py", line 312, in _parsereport
    obj = self._parse(stream, context, path)
  File "/usr/local/lib/python2.7/site-packages/construct/core.py", line 1982, in _parse
    subobj = sc._parsereport(stream, context, path)
  File "/usr/local/lib/python2.7/site-packages/construct/core.py", line 312, in _parsereport
    obj = self._parse(stream, context, path)
  File "/usr/local/lib/python2.7/site-packages/construct/core.py", line 2440, in _parse
    return self.subcon._parsereport(stream, context, path)
  File "/usr/local/lib/python2.7/site-packages/construct/core.py", line 312, in _parsereport
    obj = self._parse(stream, context, path)
  File "/usr/local/lib/python2.7/site-packages/construct/core.py", line 5534, in _parse
    sc = self.subconfunc()
  File "/tests/compiled/construct/imports_abs_abs.py", line 6, in <lambda>
    'two' / LazyBound(lambda: imported_and_abs),
NameError: global name 'imported_and_abs' is not defined
]]>		</error>
		<system-out>
<![CDATA[]]>		</system-out>
		<system-err>
<![CDATA[]]>		</system-err>
	</testcase>
</testsuite>
