<?xml version="1.0" encoding="UTF-8"?>
<testsuite name="test_integers.TestIntegers-20230628194228" tests="1" file="test_integers.py" time="0.001" timestamp="2023-06-28T19:42:28" failures="0" errors="0" skipped="0">
	<testcase classname="test_integers.TestIntegers" name="test_integers" time="0.001" timestamp="2023-06-28T19:42:28" file="spec/construct/test_integers.py" line="8"/>
</testsuite>
