<?xml version="1.0" encoding="UTF-8"?>
<testsuite name="test_nav_parent.TestNavParent-20220801170217" tests="1" file="test_nav_parent.py" time="0.001" timestamp="2022-08-01T17:02:17" failures="0" errors="0" skipped="0">
	<testcase classname="test_nav_parent.TestNavParent" name="test_nav_parent" time="0.001" timestamp="2022-08-01T17:02:17" file="spec/construct/test_nav_parent.py" line="8"/>
</testsuite>
