<?xml version="1.0" encoding="UTF-8"?>
<testsuite errors="0" failures="0" file="test_repeat_eos_u4.py" name="test_repeat_eos_u4.TestRepeatEosU4-20210403173613" skipped="0" tests="1" time="0.000" timestamp="2021-04-03T17:36:14">
	<testcase classname="test_repeat_eos_u4.TestRepeatEosU4" file="spec/construct/test_repeat_eos_u4.py" line="8" name="test_repeat_eos_u4" time="0.000" timestamp="2021-04-03T17:36:14">
		<system-out>
<![CDATA[]]>		</system-out>
		<system-err>
<![CDATA[]]>		</system-err>
	</testcase>
</testsuite>
