<?xml version="1.0" encoding="UTF-8"?>
<testsuite errors="0" failures="0" file="test_enum_deep.py" name="test_enum_deep.TestEnumDeep-20220505210400" skipped="0" tests="1" time="0.000" timestamp="2022-05-05T21:04:00">
	<testcase classname="test_enum_deep.TestEnumDeep" file="spec/construct/test_enum_deep.py" line="7" name="test_enum_deep" time="0.000" timestamp="2022-05-05T21:04:00">
		<system-out>
<![CDATA[]]>		</system-out>
		<system-err>
<![CDATA[]]>		</system-err>
	</testcase>
</testsuite>
