<?xml version="1.0" encoding="UTF-8"?>
<testsuite name="test_enum_if.TestEnumIf-20220415203318" tests="1" file="test_enum_if.py" time="0.001" timestamp="2022-04-15T20:33:18" failures="0" errors="0" skipped="0">
	<testcase classname="test_enum_if.TestEnumIf" name="test_enum_if" time="0.001" timestamp="2022-04-15T20:33:18" file="spec/construct/test_enum_if.py" line="7"/>
</testsuite>
