<?xml version="1.0" encoding="UTF-8"?>
<testsuite errors="0" failures="0" file="test_enum_negative.py" name="test_enum_negative.TestEnumNegative-20230721093842" skipped="0" tests="1" time="0.000" timestamp="2023-07-21T09:38:42">
	<testcase classname="test_enum_negative.TestEnumNegative" file="spec/construct/test_enum_negative.py" line="7" name="test_enum_negative" time="0.000" timestamp="2023-07-21T09:38:42">
		<system-out>
<![CDATA[]]>		</system-out>
		<system-err>
<![CDATA[]]>		</system-err>
	</testcase>
</testsuite>
