<?xml version="1.0" encoding="UTF-8"?>
<testsuite errors="0" failures="0" file="test_instance_std.py" name="test_instance_std.TestInstanceStd-20210302195815" skipped="0" tests="1" time="0.000" timestamp="2021-03-02T19:58:15">
	<testcase classname="test_instance_std.TestInstanceStd" file="spec/construct/test_instance_std.py" line="8" name="test_instance_std" time="0.000" timestamp="2021-03-02T19:58:15">
		<system-out>
<![CDATA[]]>		</system-out>
		<system-err>
<![CDATA[]]>		</system-err>
	</testcase>
</testsuite>
