<?xml version="1.0" encoding="UTF-8"?>
<testsuite name="test_nav_parent_false2.TestNavParentFalse2" tests="1" file="test_nav_parent_false2.py" time="0.000" timestamp="2023-07-28T14:34:34" failures="0" errors="0" skipped="0">
	<testcase classname="test_nav_parent_false2.TestNavParentFalse2" name="test_nav_parent_false2" time="0.000" timestamp="2023-07-28T14:34:34" file="spec/construct/test_nav_parent_false2.py" line="8"/>
</testsuite>
