<?xml version="1.0" encoding="UTF-8"?>
<testsuite name="test_nav_parent_false2.TestNavParentFalse2-20201028041302" tests="1" file="test_nav_parent_false2.py" time="0.001" timestamp="2020-10-28T04:13:02" failures="0" errors="0" skipped="0">
	<testcase classname="test_nav_parent_false2.TestNavParentFalse2" name="test_nav_parent_false2" time="0.001" timestamp="2020-10-28T04:13:02" file="spec/construct/test_nav_parent_false2.py" line="8">
		<system-out><![CDATA[]]></system-out>
		<system-err><![CDATA[]]></system-err>
	</testcase>
</testsuite>
