<?xml version="1.0" encoding="UTF-8"?>
<testsuite name="test_instance_std.TestInstanceStd" tests="1" file="test_instance_std.py" time="0.000" timestamp="2023-07-27T22:36:23" failures="0" errors="0" skipped="0">
	<testcase classname="test_instance_std.TestInstanceStd" name="test_instance_std" time="0.000" timestamp="2023-07-27T22:36:23" file="spec/construct/test_instance_std.py" line="8"/>
</testsuite>
