<?xml version="1.0" encoding="UTF-8"?>
<testsuite name="test_fixed_struct.TestFixedStruct-20220318130518" tests="1" file="test_fixed_struct.py" time="0.002" timestamp="2022-03-18T13:05:18" failures="0" errors="0" skipped="0">
	<testcase classname="test_fixed_struct.TestFixedStruct" name="test_fixed_struct" time="0.002" timestamp="2022-03-18T13:05:18" file="spec/construct/test_fixed_struct.py" line="8"/>
</testsuite>
