<?xml version="1.0" encoding="UTF-8"?>
<testsuite name="test_term_bytes.TestTermBytes-20230627085720" tests="1" file="test_term_bytes.py" time="0.001" timestamp="2023-06-27T08:57:20" failures="0" errors="0" skipped="0">
	<testcase classname="test_term_bytes.TestTermBytes" name="test_term_bytes" time="0.001" timestamp="2023-06-27T08:57:20" file="spec/construct/test_term_bytes.py" line="8"/>
</testsuite>
