<?xml version="1.0" encoding="UTF-8"?>
<testsuite name="test_floating_points.TestFloatingPoints-20220707225848" tests="1" file="test_floating_points.py" time="0.001" timestamp="2022-07-07T22:58:48" failures="0" errors="0" skipped="0">
	<testcase classname="test_floating_points.TestFloatingPoints" name="test_floating_points" time="0.001" timestamp="2022-07-07T22:58:48" file="spec/construct/test_floating_points.py" line="7"/>
</testsuite>
