<?xml version="1.0" encoding="UTF-8"?>
<testsuite name="test_default_endian_mod.TestDefaultEndianMod-20220313103530" tests="1" file="test_default_endian_mod.py" time="0.001" timestamp="2022-03-13T10:35:30" failures="0" errors="0" skipped="0">
	<testcase classname="test_default_endian_mod.TestDefaultEndianMod" name="test_default_endian_mod" time="0.001" timestamp="2022-03-13T10:35:30" file="spec/construct/test_default_endian_mod.py" line="8"/>
</testsuite>
