<?xml version="1.0" encoding="UTF-8"?>
<testsuite name="test_if_struct.TestIfStruct-20230721074149" tests="1" file="test_if_struct.py" time="0.001" timestamp="2023-07-21T07:41:49" failures="0" errors="0" skipped="0">
	<testcase classname="test_if_struct.TestIfStruct" name="test_if_struct" time="0.001" timestamp="2023-07-21T07:41:49" file="spec/construct/test_if_struct.py" line="8"/>
</testsuite>
