<?xml version="1.0" encoding="UTF-8"?>
<testsuite name="test_expr_array.TestExprArray-20220318130518" tests="1" file="test_expr_array.py" time="0.001" timestamp="2022-03-18T13:05:18" failures="0" errors="0" skipped="0">
	<testcase classname="test_expr_array.TestExprArray" name="test_expr_array" time="0.001" timestamp="2022-03-18T13:05:18" file="spec/construct/test_expr_array.py" line="8"/>
</testsuite>
