<?xml version="1.0" encoding="UTF-8"?>
<testsuite errors="1" failures="0" file="test_float_to_i.py" name="test_float_to_i.TestFloatToI-20220318130449" skipped="0" tests="1" time="0.001" timestamp="2022-03-18T13:04:49">
	<testcase classname="test_float_to_i.TestFloatToI" file="spec/construct/test_float_to_i.py" line="8" name="test_float_to_i" time="0.001" timestamp="2022-03-18T13:04:49">
		<error message="calc_float2" type="AttributeError">
<![CDATA[Traceback (most recent call last):
  File "/home/travis/build/kaitai-io/ci_targets/tests/spec/construct/test_float_to_i.py", line 9, in test_float_to_i
    r = _schema.parse_file('src/floating_points.bin')
  File "/home/travis/virtualenv/python2.7.15/lib/python2.7/site-packages/construct/core.py", line 309, in parse_file
    return self.parse_stream(f, **contextkw)
  File "/home/travis/virtualenv/python2.7.15/lib/python2.7/site-packages/construct/core.py", line 300, in parse_stream
    return self._parsereport(stream, context, "(parsing)")
  File "/home/travis/virtualenv/python2.7.15/lib/python2.7/site-packages/construct/core.py", line 312, in _parsereport
    obj = self._parse(stream, context, path)
  File "/home/travis/virtualenv/python2.7.15/lib/python2.7/site-packages/construct/core.py", line 1982, in _parse
    subobj = sc._parsereport(stream, context, path)
  File "/home/travis/virtualenv/python2.7.15/lib/python2.7/site-packages/construct/core.py", line 312, in _parsereport
    obj = self._parse(stream, context, path)
  File "/home/travis/virtualenv/python2.7.15/lib/python2.7/site-packages/construct/core.py", line 2440, in _parse
    return self.subcon._parsereport(stream, context, path)
  File "/home/travis/virtualenv/python2.7.15/lib/python2.7/site-packages/construct/core.py", line 312, in _parsereport
    obj = self._parse(stream, context, path)
  File "/home/travis/virtualenv/python2.7.15/lib/python2.7/site-packages/construct/core.py", line 2576, in _parse
    return self.func(context) if callable(self.func) else self.func
  File "/home/travis/build/kaitai-io/ci_targets/tests/compiled/construct/float_to_i.py", line 7, in <lambda>
    'float2_i' / Computed(lambda this: int(this.calc_float2)),
  File "/home/travis/virtualenv/python2.7.15/lib/python2.7/site-packages/construct/lib/containers.py", line 102, in __getattr__
    raise AttributeError(name)
AttributeError: calc_float2
]]>		</error>
		<system-out>
<![CDATA[]]>		</system-out>
		<system-err>
<![CDATA[]]>		</system-err>
	</testcase>
</testsuite>
