<?xml version="1.0" encoding="UTF-8"?>
<testsuite errors="0" failures="0" file="test_nav_root.py" name="test_nav_root.TestNavRoot-20200824070700" skipped="0" tests="1" time="0.001" timestamp="2020-08-24T07:07:00">
	<testcase classname="test_nav_root.TestNavRoot" file="spec/construct/test_nav_root.py" line="8" name="test_nav_root" time="0.001" timestamp="2020-08-24T07:07:00">
		<system-out>
<![CDATA[]]>		</system-out>
		<system-err>
<![CDATA[]]>		</system-err>
	</testcase>
</testsuite>
