<?xml version="1.0" encoding="UTF-8"?>
<testsuite name="test_nested_same_name.TestNestedSameName-20210403173753" tests="1" file="test_nested_same_name.py" time="0.001" timestamp="2021-04-03T17:37:53" failures="0" errors="0" skipped="0">
	<testcase classname="test_nested_same_name.TestNestedSameName" name="test_nested_same_name" time="0.001" timestamp="2021-04-03T17:37:53" file="spec/construct/test_nested_same_name.py" line="8"/>
</testsuite>
