<?xml version="1.0" encoding="UTF-8"?>
<testsuite name="test_str_eos.TestStrEos-20230719210200" tests="1" file="test_str_eos.py" time="0.000" timestamp="2023-07-19T21:02:00" failures="0" errors="0" skipped="0">
	<testcase classname="test_str_eos.TestStrEos" name="test_str_eos" time="0.000" timestamp="2023-07-19T21:02:00" file="spec/construct/test_str_eos.py" line="8"/>
</testsuite>
