<?xml version="1.0" encoding="UTF-8"?>
<testsuite errors="0" failures="0" file="test_default_big_endian.py" name="test_default_big_endian.TestDefaultBigEndian-20230628194046" skipped="0" tests="1" time="0.001" timestamp="2023-06-28T19:40:47">
	<testcase classname="test_default_big_endian.TestDefaultBigEndian" file="spec/construct/test_default_big_endian.py" line="8" name="test_default_big_endian" time="0.001" timestamp="2023-06-28T19:40:47">
		<system-out>
<![CDATA[]]>		</system-out>
		<system-err>
<![CDATA[]]>		</system-err>
	</testcase>
</testsuite>
