<?xml version="1.0" encoding="UTF-8"?>
<testsuite errors="0" failures="0" file="test_docstrings.py" name="test_docstrings.TestDocstrings-20220210221135" skipped="0" tests="1" time="0.000" timestamp="2022-02-10T22:11:35">
	<testcase classname="test_docstrings.TestDocstrings" file="spec/construct/test_docstrings.py" line="8" name="test_docstrings" time="0.000" timestamp="2022-02-10T22:11:35">
		<system-out>
<![CDATA[]]>		</system-out>
		<system-err>
<![CDATA[]]>		</system-err>
	</testcase>
</testsuite>
