<?xml version="1.0" encoding="UTF-8"?>
<testsuite name="test_fixed_contents.TestFixedContents-20220707225848" tests="1" file="test_fixed_contents.py" time="0.000" timestamp="2022-07-07T22:58:48" failures="0" errors="0" skipped="0">
	<testcase classname="test_fixed_contents.TestFixedContents" name="test_fixed_contents" time="0.000" timestamp="2022-07-07T22:58:48" file="spec/construct/test_fixed_contents.py" line="8"/>
</testsuite>
