<?xml version="1.0" encoding="UTF-8"?>
<testsuite errors="0" failures="0" file="test_str_encodings.py" name="test_str_encodings.TestStrEncodings-20210302195815" skipped="0" tests="1" time="0.002" timestamp="2021-03-02T19:58:15">
	<testcase classname="test_str_encodings.TestStrEncodings" file="spec/construct/test_str_encodings.py" line="8" name="test_str_encodings" time="0.002" timestamp="2021-03-02T19:58:15">
		<system-out>
<![CDATA[]]>		</system-out>
		<system-err>
<![CDATA[]]>		</system-err>
	</testcase>
</testsuite>
