<?xml version="1.0" encoding="UTF-8"?>
<testsuite errors="0" failures="0" file="test_buffered_struct.py" name="test_buffered_struct.TestBufferedStruct-20201028040937" skipped="0" tests="1" time="0.001" timestamp="2020-10-28T04:09:37">
	<testcase classname="test_buffered_struct.TestBufferedStruct" file="spec/construct/test_buffered_struct.py" line="8" name="test_buffered_struct" time="0.001" timestamp="2020-10-28T04:09:37">
		<system-out>
<![CDATA[]]>		</system-out>
		<system-err>
<![CDATA[]]>		</system-err>
	</testcase>
</testsuite>
