<?xml version="1.0" encoding="UTF-8"?>
<testsuite errors="0" failures="0" file="test_nested_same_name.py" name="test_nested_same_name.TestNestedSameName-20220313103419" skipped="0" tests="1" time="0.001" timestamp="2022-03-13T10:34:19">
	<testcase classname="test_nested_same_name.TestNestedSameName" file="spec/construct/test_nested_same_name.py" line="8" name="test_nested_same_name" time="0.001" timestamp="2022-03-13T10:34:19">
		<system-out>
<![CDATA[]]>		</system-out>
		<system-err>
<![CDATA[]]>		</system-err>
	</testcase>
</testsuite>
