<?xml version="1.0" encoding="UTF-8"?>
<testsuite errors="0" failures="0" file="test_nav_parent_false2.py" name="test_nav_parent_false2.TestNavParentFalse2-20230719211148" skipped="0" tests="1" time="0.000" timestamp="2023-07-19T21:11:48">
	<testcase classname="test_nav_parent_false2.TestNavParentFalse2" file="spec/construct/test_nav_parent_false2.py" line="8" name="test_nav_parent_false2" time="0.000" timestamp="2023-07-19T21:11:48">
		<system-out>
<![CDATA[]]>		</system-out>
		<system-err>
<![CDATA[]]>		</system-err>
	</testcase>
</testsuite>
