<?xml version="1.0" encoding="UTF-8"?>
<testsuite name="test_floating_points.TestFloatingPoints-20220728001417" tests="1" file="test_floating_points.py" time="0.001" timestamp="2022-07-28T00:14:17" failures="0" errors="0" skipped="0">
	<testcase classname="test_floating_points.TestFloatingPoints" name="test_floating_points" time="0.001" timestamp="2022-07-28T00:14:17" file="spec/construct/test_floating_points.py" line="7"/>
</testsuite>
