<?xml version="1.0" encoding="UTF-8"?>
<testsuite errors="0" failures="0" file="test_repeat_n_strz.py" name="test_repeat_n_strz.TestRepeatNStrz-20201106111644" skipped="0" tests="1" time="0.001" timestamp="2020-11-06T11:16:44">
	<testcase classname="test_repeat_n_strz.TestRepeatNStrz" file="spec/construct/test_repeat_n_strz.py" line="8" name="test_repeat_n_strz" time="0.001" timestamp="2020-11-06T11:16:44">
		<system-out>
<![CDATA[]]>		</system-out>
		<system-err>
<![CDATA[]]>		</system-err>
	</testcase>
</testsuite>
