<?xml version="1.0" encoding="UTF-8"?>
<testsuite errors="0" failures="0" file="test_optional_id.py" name="test_optional_id.TestOptionalId-20211106194805" skipped="0" tests="1" time="0.000" timestamp="2021-11-06T19:48:05">
	<testcase classname="test_optional_id.TestOptionalId" file="spec/construct/test_optional_id.py" line="6" name="test_optional_id" time="0.000" timestamp="2021-11-06T19:48:05">
		<system-out>
<![CDATA[]]>		</system-out>
		<system-err>
<![CDATA[]]>		</system-err>
	</testcase>
</testsuite>
