<?xml version="1.0" encoding="UTF-8"?>
<testsuite name="test_optional_id.TestOptionalId-20230721155858" tests="1" file="test_optional_id.py" time="0.000" timestamp="2023-07-21T15:58:58" failures="0" errors="0" skipped="0">
	<testcase classname="test_optional_id.TestOptionalId" name="test_optional_id" time="0.000" timestamp="2023-07-21T15:58:58" file="spec/construct/test_optional_id.py" line="6"/>
</testsuite>
