<?xml version="1.0" encoding="UTF-8"?>
<testsuite name="test_nested_types3.TestNestedTypes3-20201031095949" tests="1" file="test_nested_types3.py" time="0.001" timestamp="2020-10-31T09:59:49" failures="0" errors="0" skipped="0">
	<testcase classname="test_nested_types3.TestNestedTypes3" name="test_nested_types3" time="0.001" timestamp="2020-10-31T09:59:49" file="spec/construct/test_nested_types3.py" line="8"/>
</testsuite>
