<?xml version="1.0" encoding="UTF-8"?>
<testsuite errors="0" failures="0" file="test_switch_integers.py" name="test_switch_integers.TestSwitchIntegers-20200824070700" skipped="0" tests="1" time="0.001" timestamp="2020-08-24T07:07:00">
	<testcase classname="test_switch_integers.TestSwitchIntegers" file="spec/construct/test_switch_integers.py" line="8" name="test_switch_integers" time="0.001" timestamp="2020-08-24T07:07:00">
		<system-out>
<![CDATA[]]>		</system-out>
		<system-err>
<![CDATA[]]>		</system-err>
	</testcase>
</testsuite>
