<?xml version="1.0" encoding="UTF-8"?>
<testsuite errors="0" failures="0" file="test_expr_if_int_ops.py" name="test_expr_if_int_ops.TestExprIfIntOps-20200824200334" skipped="0" tests="1" time="0.001" timestamp="2020-08-24T20:03:34">
	<testcase classname="test_expr_if_int_ops.TestExprIfIntOps" file="spec/construct/test_expr_if_int_ops.py" line="8" name="test_expr_if_int_ops" time="0.001" timestamp="2020-08-24T20:03:34">
		<system-out>
<![CDATA[]]>		</system-out>
		<system-err>
<![CDATA[]]>		</system-err>
	</testcase>
</testsuite>
