<?xml version="1.0" encoding="UTF-8"?>
<testsuite name="test_repeat_n_strz_double.TestRepeatNStrzDouble-20211114130613" tests="1" file="test_repeat_n_strz_double.py" time="0.001" timestamp="2021-11-14T13:06:13" failures="0" errors="0" skipped="0">
	<testcase classname="test_repeat_n_strz_double.TestRepeatNStrzDouble" name="test_repeat_n_strz_double" time="0.001" timestamp="2021-11-14T13:06:13" file="spec/construct/test_repeat_n_strz_double.py" line="8"/>
</testsuite>
