<?xml version="1.0" encoding="UTF-8"?>
<testsuite name="test_enum_int_range_u.TestEnumIntRangeU-20200824200408" tests="1" file="test_enum_int_range_u.py" time="0.001" timestamp="2020-08-24T20:04:08" failures="0" errors="1" skipped="0">
	<testcase classname="test_enum_int_range_u.TestEnumIntRangeU" name="test_enum_int_range_u" time="0.001" timestamp="2020-08-24T20:04:08" file="spec/construct/test_enum_int_range_u.py" line="8">
		<error type="AttributeError" message="'TestEnumIntRangeU' object has no attribute '_root'"><![CDATA[Traceback (most recent call last):
  File "/home/travis/build/kaitai-io/ci_targets/tests/spec/construct/test_enum_int_range_u.py", line 11, in test_enum_int_range_u
    self.assertEqual(r.f1, self._root.Constants.zero)
AttributeError: 'TestEnumIntRangeU' object has no attribute '_root'
]]></error>
		<system-out><![CDATA[]]></system-out>
		<system-err><![CDATA[]]></system-err>
	</testcase>
</testsuite>
