<?xml version="1.0" encoding="UTF-8"?>
<testsuite name="test_combine_enum.TestCombineEnum-20230627085720" tests="1" file="test_combine_enum.py" time="0.000" timestamp="2023-06-27T08:57:20" failures="0" errors="0" skipped="0">
	<testcase classname="test_combine_enum.TestCombineEnum" name="test_combine_enum" time="0.000" timestamp="2023-06-27T08:57:20" file="spec/construct/test_combine_enum.py" line="7"/>
</testsuite>
