<?xml version="1.0" encoding="UTF-8"?>
<testsuite name="test_meta_xref.TestMetaXref-20201106101858" tests="1" file="test_meta_xref.py" time="0.000" timestamp="2020-11-06T10:18:58" failures="0" errors="0" skipped="0">
	<testcase classname="test_meta_xref.TestMetaXref" name="test_meta_xref" time="0.000" timestamp="2020-11-06T10:18:58" file="spec/construct/test_meta_xref.py" line="8"/>
</testsuite>
