<?xml version="1.0" encoding="UTF-8"?>
<testsuite errors="0" failures="0" file="test_yaml_ints.py" name="test_yaml_ints.TestYamlInts-20211114130437" skipped="0" tests="1" time="0.001" timestamp="2021-11-14T13:04:37">
	<testcase classname="test_yaml_ints.TestYamlInts" file="spec/construct/test_yaml_ints.py" line="8" name="test_yaml_ints" time="0.001" timestamp="2021-11-14T13:04:37">
		<system-out>
<![CDATA[]]>		</system-out>
		<system-err>
<![CDATA[]]>		</system-err>
	</testcase>
</testsuite>
