<?xml version="1.0" encoding="UTF-8"?>
<testsuite name="test_term_bytes.TestTermBytes-20220505210433" tests="1" file="test_term_bytes.py" time="0.001" timestamp="2022-05-05T21:04:33" failures="0" errors="0" skipped="0">
	<testcase classname="test_term_bytes.TestTermBytes" name="test_term_bytes" time="0.001" timestamp="2022-05-05T21:04:33" file="spec/construct/test_term_bytes.py" line="8"/>
</testsuite>
