<?xml version="1.0" encoding="UTF-8"?>
<testsuite name="test_expr_if_int_ops.TestExprIfIntOps-20220210221253" tests="1" file="test_expr_if_int_ops.py" time="0.001" timestamp="2022-02-10T22:12:53" failures="0" errors="0" skipped="0">
	<testcase classname="test_expr_if_int_ops.TestExprIfIntOps" name="test_expr_if_int_ops" time="0.001" timestamp="2022-02-10T22:12:53" file="spec/construct/test_expr_if_int_ops.py" line="8"/>
</testsuite>
