<?xml version="1.0" encoding="UTF-8"?>
<testsuite name="test_process_xor4_const.TestProcessXor4Const-20230719212444" tests="1" file="test_process_xor4_const.py" time="0.001" timestamp="2023-07-19T21:24:44" failures="1" errors="0" skipped="0">
	<testcase classname="test_process_xor4_const.TestProcessXor4Const" name="test_process_xor4_const" time="0.001" timestamp="2023-07-19T21:24:44" file="spec/construct/test_process_xor4_const.py" line="8">
		<failure type="AssertionError" message="b'\x8a\xd4\xcc4\x8e\xda\xd1' != b'foo bar'"><![CDATA[Traceback (most recent call last):
  File "/tests/spec/construct/test_process_xor4_const.py", line 11, in test_process_xor4_const
    self.assertEqual(r.buf, b"\x66\x6F\x6F\x20\x62\x61\x72")
AssertionError: b'\x8a\xd4\xcc4\x8e\xda\xd1' != b'foo bar'
]]></failure>
	</testcase>
</testsuite>
