<?xml version="1.0" encoding="UTF-8"?>
<testsuite name="test_nav_parent_switch.TestNavParentSwitch" tests="1" file="test_nav_parent_switch.py" time="0.000" timestamp="2023-07-28T21:49:42" failures="0" errors="0" skipped="0">
	<testcase classname="test_nav_parent_switch.TestNavParentSwitch" name="test_nav_parent_switch" time="0.000" timestamp="2023-07-28T21:49:42" file="spec/construct/test_nav_parent_switch.py" line="8"/>
</testsuite>
