<?xml version="1.0" encoding="UTF-8"?>
<testsuite errors="0" failures="0" file="test_repeat_n_strz_double.py" name="test_repeat_n_strz_double.TestRepeatNStrzDouble" skipped="0" tests="1" time="0.001" timestamp="2023-07-28T21:49:42">
	<testcase classname="test_repeat_n_strz_double.TestRepeatNStrzDouble" file="spec/construct/test_repeat_n_strz_double.py" line="8" name="test_repeat_n_strz_double" time="0.001" timestamp="2023-07-28T21:49:42">
		<system-out>
<![CDATA[]]>		</system-out>
		<system-err>
<![CDATA[]]>		</system-err>
	</testcase>
</testsuite>
