<?xml version="1.0" encoding="UTF-8"?>
<testsuite errors="0" failures="0" file="test_expr_str_encodings.py" name="test_expr_str_encodings.TestExprStrEncodings-20211106194807" skipped="0" tests="1" time="0.002" timestamp="2021-11-06T19:48:07">
	<testcase classname="test_expr_str_encodings.TestExprStrEncodings" file="spec/construct/test_expr_str_encodings.py" line="8" name="test_expr_str_encodings" time="0.002" timestamp="2021-11-06T19:48:07">
		<system-out>
<![CDATA[]]>		</system-out>
		<system-err>
<![CDATA[]]>		</system-err>
	</testcase>
</testsuite>
