<?xml version="1.0" encoding="UTF-8"?>
<testsuite errors="0" failures="0" file="test_meta_xref.py" name="test_meta_xref.TestMetaXref-20211106194805" skipped="0" tests="1" time="0.000" timestamp="2021-11-06T19:48:05">
	<testcase classname="test_meta_xref.TestMetaXref" file="spec/construct/test_meta_xref.py" line="8" name="test_meta_xref" time="0.000" timestamp="2021-11-06T19:48:05">
		<system-out>
<![CDATA[]]>		</system-out>
		<system-err>
<![CDATA[]]>		</system-err>
	</testcase>
</testsuite>
