<?xml version="1.0" encoding="UTF-8"?>
<testsuite name="test_enum_invalid.TestEnumInvalid-20230627090132" tests="1" file="test_enum_invalid.py" time="0.001" timestamp="2023-06-27T09:01:32" failures="0" errors="0" skipped="0">
	<testcase classname="test_enum_invalid.TestEnumInvalid" name="test_enum_invalid" time="0.001" timestamp="2023-06-27T09:01:32" file="spec/construct/test_enum_invalid.py" line="7"/>
</testsuite>
