<?xml version="1.0" encoding="UTF-8"?>
<testsuite errors="0" failures="1" file="test_process_custom.py" name="test_process_custom.TestProcessCustom-20220415203241" skipped="0" tests="1" time="0.001" timestamp="2022-04-15T20:32:41">
	<testcase classname="test_process_custom.TestProcessCustom" file="spec/construct/test_process_custom.py" line="8" name="test_process_custom" time="0.001" timestamp="2022-04-15T20:32:41">
		<failure message="'\t\xac\x8d\x8d\xed' != '\x10\xb3\x94\x94\xf4'" type="AssertionError">
<![CDATA[Traceback (most recent call last):
  File "/home/travis/build/kaitai-io/ci_targets/tests/spec/construct/test_process_custom.py", line 10, in test_process_custom
    self.assertEqual(r.buf1, b"\x10\xB3\x94\x94\xF4")
AssertionError: '\t\xac\x8d\x8d\xed' != '\x10\xb3\x94\x94\xf4'
]]>		</failure>
		<system-out>
<![CDATA[]]>		</system-out>
		<system-err>
<![CDATA[]]>		</system-err>
	</testcase>
</testsuite>
