<?xml version="1.0" encoding="UTF-8"?>
<testsuite name="test_js_signed_right_shift.TestJsSignedRightShift-20230719185308" tests="1" file="test_js_signed_right_shift.py" time="0.000" timestamp="2023-07-19T18:53:08" failures="0" errors="0" skipped="0">
	<testcase classname="test_js_signed_right_shift.TestJsSignedRightShift" name="test_js_signed_right_shift" time="0.000" timestamp="2023-07-19T18:53:08" file="spec/construct/test_js_signed_right_shift.py" line="8"/>
</testsuite>
