<?xml version="1.0" encoding="UTF-8"?>
<testsuite name="test_switch_manual_int_size.TestSwitchManualIntSize-20220617122803" tests="1" file="test_switch_manual_int_size.py" time="0.001" timestamp="2022-06-17T12:28:04" failures="0" errors="0" skipped="0">
	<testcase classname="test_switch_manual_int_size.TestSwitchManualIntSize" name="test_switch_manual_int_size" time="0.001" timestamp="2022-06-17T12:28:04" file="spec/construct/test_switch_manual_int_size.py" line="8"/>
</testsuite>
