<?xml version="1.0" encoding="UTF-8"?>
<testsuite name="test_switch_manual_enum_invalid.TestSwitchManualEnumInvalid-20220617122803" tests="1" file="test_switch_manual_enum_invalid.py" time="0.001" timestamp="2022-06-17T12:28:04" failures="0" errors="0" skipped="0">
	<testcase classname="test_switch_manual_enum_invalid.TestSwitchManualEnumInvalid" name="test_switch_manual_enum_invalid" time="0.001" timestamp="2022-06-17T12:28:04" file="spec/construct/test_switch_manual_enum_invalid.py" line="7"/>
</testsuite>
