<?xml version="1.0" encoding="UTF-8"?>
<testsuite name="test_user_type.TestUserType" tests="1" file="test_user_type.py" time="0.001" timestamp="2023-08-02T17:40:31" failures="0" errors="0" skipped="0">
	<testcase classname="test_user_type.TestUserType" name="test_user_type" time="0.001" timestamp="2023-08-02T17:40:31" file="spec/construct/test_user_type.py" line="8"/>
</testsuite>
