<?xml version="1.0" encoding="UTF-8"?>
<testsuite errors="0" failures="0" file="test_str_encodings_default.py" name="test_str_encodings_default.TestStrEncodingsDefault-20200824070700" skipped="0" tests="1" time="0.007" timestamp="2020-08-24T07:07:00">
	<testcase classname="test_str_encodings_default.TestStrEncodingsDefault" file="spec/construct/test_str_encodings_default.py" line="8" name="test_str_encodings_default" time="0.007" timestamp="2020-08-24T07:07:00">
		<system-out>
<![CDATA[]]>		</system-out>
		<system-err>
<![CDATA[]]>		</system-err>
	</testcase>
</testsuite>
