<?xml version="1.0" encoding="UTF-8"?>
<testsuite name="test_cast_nested.TestCastNested" tests="1" file="test_cast_nested.py" time="0.002" timestamp="2023-08-02T17:40:31" failures="0" errors="0" skipped="0">
	<testcase classname="test_cast_nested.TestCastNested" name="test_cast_nested" time="0.002" timestamp="2023-08-02T17:40:31" file="spec/construct/test_cast_nested.py" line="8"/>
</testsuite>
