<?xml version="1.0" encoding="UTF-8"?>
<testsuite name="test_repeat_until_sized.TestRepeatUntilSized" tests="1" file="test_repeat_until_sized.py" time="0.001" timestamp="2023-07-28T14:34:34" failures="0" errors="0" skipped="0">
	<testcase classname="test_repeat_until_sized.TestRepeatUntilSized" name="test_repeat_until_sized" time="0.001" timestamp="2023-07-28T14:34:34" file="spec/construct/test_repeat_until_sized.py" line="8"/>
</testsuite>
