<?xml version="1.0" encoding="UTF-8"?>
<testsuite errors="0" failures="0" file="test_expr_3.py" name="test_expr_3.TestExpr3-20200824200311" skipped="0" tests="1" time="0.002" timestamp="2020-08-24T20:03:11">
	<testcase classname="test_expr_3.TestExpr3" file="spec/construct/test_expr_3.py" line="8" name="test_expr_3" time="0.002" timestamp="2020-08-24T20:03:11">
		<system-out>
<![CDATA[]]>		</system-out>
		<system-err>
<![CDATA[]]>		</system-err>
	</testcase>
</testsuite>
