<?xml version="1.0" encoding="UTF-8"?>
<testsuite name="test_process_coerce_switch.TestProcessCoerceSwitch-20230721155858" tests="1" file="test_process_coerce_switch.py" time="0.001" timestamp="2023-07-21T15:58:58" failures="0" errors="0" skipped="0">
	<testcase classname="test_process_coerce_switch.TestProcessCoerceSwitch" name="test_process_coerce_switch" time="0.001" timestamp="2023-07-21T15:58:58" file="spec/construct/test_process_coerce_switch.py" line="8"/>
</testsuite>
