<?xml version="1.0" encoding="UTF-8"?>
<testsuite name="test_nav_parent.TestNavParent-20230719211151" tests="1" file="test_nav_parent.py" time="0.001" timestamp="2023-07-19T21:11:51" failures="0" errors="0" skipped="0">
	<testcase classname="test_nav_parent.TestNavParent" name="test_nav_parent" time="0.001" timestamp="2023-07-19T21:11:51" file="spec/construct/test_nav_parent.py" line="8"/>
</testsuite>
