<?xml version="1.0" encoding="UTF-8"?>
<testsuite name="test_combine_enum.TestCombineEnum-20220415203318" tests="1" file="test_combine_enum.py" time="0.001" timestamp="2022-04-15T20:33:18" failures="0" errors="0" skipped="0">
	<testcase classname="test_combine_enum.TestCombineEnum" name="test_combine_enum" time="0.001" timestamp="2022-04-15T20:33:18" file="spec/construct/test_combine_enum.py" line="7"/>
</testsuite>
