<?xml version="1.0" encoding="UTF-8"?>
<testsuite errors="0" failures="0" file="test_floating_points.py" name="test_floating_points.TestFloatingPoints-20211106162837" skipped="0" tests="1" time="0.001" timestamp="2021-11-06T16:28:37">
	<testcase classname="test_floating_points.TestFloatingPoints" file="spec/construct/test_floating_points.py" line="6" name="test_floating_points" time="0.001" timestamp="2021-11-06T16:28:37">
		<system-out>
<![CDATA[]]>		</system-out>
		<system-err>
<![CDATA[]]>		</system-err>
	</testcase>
</testsuite>
