<?xml version="1.0" encoding="UTF-8"?>
<testsuite errors="0" failures="0" file="test_str_encodings_default.py" name="test_str_encodings_default.TestStrEncodingsDefault-20210403173608" skipped="0" tests="1" time="0.007" timestamp="2021-04-03T17:36:08">
	<testcase classname="test_str_encodings_default.TestStrEncodingsDefault" file="spec/construct/test_str_encodings_default.py" line="8" name="test_str_encodings_default" time="0.007" timestamp="2021-04-03T17:36:08">
		<system-out>
<![CDATA[]]>		</system-out>
		<system-err>
<![CDATA[]]>		</system-err>
	</testcase>
</testsuite>
