<?xml version="1.0" encoding="UTF-8"?>
<testsuite name="test_js_signed_right_shift.TestJsSignedRightShift-20201106101858" tests="1" file="test_js_signed_right_shift.py" time="0.001" timestamp="2020-11-06T10:18:58" failures="0" errors="0" skipped="0">
	<testcase classname="test_js_signed_right_shift.TestJsSignedRightShift" name="test_js_signed_right_shift" time="0.001" timestamp="2020-11-06T10:18:58" file="spec/construct/test_js_signed_right_shift.py" line="8"/>
</testsuite>
