<?xml version="1.0" encoding="UTF-8"?>
<testsuite errors="0" failures="0" file="test_enum_for_unknown_id.py" name="test_enum_for_unknown_id.TestEnumForUnknownId-20220623172858" skipped="0" tests="1" time="0.000" timestamp="2022-06-23T17:28:58">
	<testcase classname="test_enum_for_unknown_id.TestEnumForUnknownId" file="spec/construct/test_enum_for_unknown_id.py" line="8" name="test_enum_for_unknown_id" time="0.000" timestamp="2022-06-23T17:28:58">
		<system-out>
<![CDATA[]]>		</system-out>
		<system-err>
<![CDATA[]]>		</system-err>
	</testcase>
</testsuite>
