<?xml version="1.0" encoding="UTF-8"?>
<testsuite errors="0" failures="1" file="test_zlib_with_header_78.py" name="test_zlib_with_header_78.TestZlibWithHeader78-20220210221135" skipped="0" tests="1" time="0.001" timestamp="2022-02-10T22:11:35">
	<testcase classname="test_zlib_with_header_78.TestZlibWithHeader78" file="spec/construct/test_zlib_with_header_78.py" line="8" name="test_zlib_with_header_78" time="0.001" timestamp="2022-02-10T22:11:35">
		<failure message="b'x\x9cKT(,\xcdL\xceVH*\xca/\xcfSH\xcb\xafP[37 chars]\x7f' != b'a quick brown fox jumps over'" type="AssertionError">
<![CDATA[Traceback (most recent call last):
  File "/home/travis/build/kaitai-io/ci_targets/tests/spec/construct/test_zlib_with_header_78.py", line 10, in test_zlib_with_header_78
    self.assertEqual(r.data, b"\x61\x20\x71\x75\x69\x63\x6B\x20\x62\x72\x6F\x77\x6E\x20\x66\x6F\x78\x20\x6A\x75\x6D\x70\x73\x20\x6F\x76\x65\x72")
AssertionError: b'x\x9cKT(,\xcdL\xceVH*\xca/\xcfSH\xcb\xafP[37 chars]\x7f' != b'a quick brown fox jumps over'
]]>		</failure>
		<system-out>
<![CDATA[]]>		</system-out>
		<system-err>
<![CDATA[]]>		</system-err>
	</testcase>
</testsuite>
