<?xml version="1.0" encoding="UTF-8"?>
<testsuite errors="1" failures="0" file="test_index_to_param_eos.py" name="test_index_to_param_eos.TestIndexToParamEos-20200824070700" skipped="0" tests="1" time="0.001" timestamp="2020-08-24T07:07:00">
	<testcase classname="test_index_to_param_eos.TestIndexToParamEos" file="spec/construct/test_index_to_param_eos.py" line="8" name="test_index_to_param_eos" time="0.001" timestamp="2020-08-24T07:07:00">
		<error message="list index out of range" type="IndexError">
<![CDATA[Traceback (most recent call last):
  File "/home/travis/build/kaitai-io/ci_targets/tests/spec/construct/test_index_to_param_eos.py", line 14, in test_index_to_param_eos
    self.assertEqual(r.blocks[0].buf, u"A")
IndexError: list index out of range
]]>		</error>
		<system-out>
<![CDATA[]]>		</system-out>
		<system-err>
<![CDATA[]]>		</system-err>
	</testcase>
</testsuite>
