<?xml version="1.0" encoding="UTF-8"?>
<testsuite name="test_term_u1_val.TestTermU1Val-20220617122803" tests="1" file="test_term_u1_val.py" time="0.001" timestamp="2022-06-17T12:28:04" failures="0" errors="0" skipped="0">
	<testcase classname="test_term_u1_val.TestTermU1Val" name="test_term_u1_val" time="0.001" timestamp="2022-06-17T12:28:04" file="spec/construct/test_term_u1_val.py" line="8"/>
</testsuite>
