<?xml version="1.0" encoding="UTF-8"?>
<testsuite errors="0" failures="0" file="test_enum_deep.py" name="test_enum_deep.TestEnumDeep-20220617122748" skipped="0" tests="1" time="0.001" timestamp="2022-06-17T12:27:48">
	<testcase classname="test_enum_deep.TestEnumDeep" file="spec/construct/test_enum_deep.py" line="7" name="test_enum_deep" time="0.001" timestamp="2022-06-17T12:27:48">
		<system-out>
<![CDATA[]]>		</system-out>
		<system-err>
<![CDATA[]]>		</system-err>
	</testcase>
</testsuite>
