<?xml version="1.0" encoding="UTF-8"?>
<testsuite name="test_valid_switch.TestValidSwitch-20200824200408" tests="1" file="test_valid_switch.py" time="0.000" timestamp="2020-08-24T20:04:08" failures="0" errors="0" skipped="0">
	<testcase classname="test_valid_switch.TestValidSwitch" name="test_valid_switch" time="0.000" timestamp="2020-08-24T20:04:08" file="spec/construct/test_valid_switch.py" line="8">
		<system-out><![CDATA[]]></system-out>
		<system-err><![CDATA[]]></system-err>
	</testcase>
</testsuite>
