<?xml version="1.0" encoding="UTF-8"?>
<testsuite errors="0" failures="0" file="test_nested_types.py" name="test_nested_types.TestNestedTypes-20230719211153" skipped="0" tests="1" time="0.001" timestamp="2023-07-19T21:11:53">
	<testcase classname="test_nested_types.TestNestedTypes" file="spec/construct/test_nested_types.py" line="8" name="test_nested_types" time="0.001" timestamp="2023-07-19T21:11:53">
		<system-out>
<![CDATA[]]>		</system-out>
		<system-err>
<![CDATA[]]>		</system-err>
	</testcase>
</testsuite>
