<?xml version="1.0" encoding="UTF-8"?>
<testsuite errors="0" failures="0" file="test_nested_types3.py" name="test_nested_types3.TestNestedTypes3-20220210221135" skipped="0" tests="1" time="0.002" timestamp="2022-02-10T22:11:35">
	<testcase classname="test_nested_types3.TestNestedTypes3" file="spec/construct/test_nested_types3.py" line="8" name="test_nested_types3" time="0.002" timestamp="2022-02-10T22:11:35">
		<system-out>
<![CDATA[]]>		</system-out>
		<system-err>
<![CDATA[]]>		</system-err>
	</testcase>
</testsuite>
