<?xml version="1.0" encoding="UTF-8"?>
<testsuite errors="0" failures="0" file="test_type_int_unary_op.py" name="test_type_int_unary_op.TestTypeIntUnaryOp" skipped="0" tests="1" time="0.001" timestamp="2023-08-02T17:40:29">
	<testcase classname="test_type_int_unary_op.TestTypeIntUnaryOp" file="spec/construct/test_type_int_unary_op.py" line="8" name="test_type_int_unary_op" time="0.001" timestamp="2023-08-02T17:40:29">
		<system-out>
<![CDATA[]]>		</system-out>
		<system-err>
<![CDATA[]]>		</system-err>
	</testcase>
</testsuite>
