<?xml version="1.0" encoding="UTF-8"?>
<testsuite name="test_valid_short.TestValidShort-20220210221253" tests="1" file="test_valid_short.py" time="0.000" timestamp="2022-02-10T22:12:53" failures="0" errors="0" skipped="0">
	<testcase classname="test_valid_short.TestValidShort" name="test_valid_short" time="0.000" timestamp="2022-02-10T22:12:53" file="spec/construct/test_valid_short.py" line="8"/>
</testsuite>
