<?xml version="1.0" encoding="UTF-8"?>
<testsuite name="test_nav_parent_switch_cast.TestNavParentSwitchCast-20230721074149" tests="1" file="test_nav_parent_switch_cast.py" time="0.000" timestamp="2023-07-21T07:41:49" failures="0" errors="0" skipped="0">
	<testcase classname="test_nav_parent_switch_cast.TestNavParentSwitchCast" name="test_nav_parent_switch_cast" time="0.000" timestamp="2023-07-21T07:41:49" file="spec/construct/test_nav_parent_switch_cast.py" line="8"/>
</testsuite>
