<?xml version="1.0" encoding="UTF-8"?>
<testsuite name="test_nav_parent_false2.TestNavParentFalse2-20211106194933" tests="1" file="test_nav_parent_false2.py" time="0.001" timestamp="2021-11-06T19:49:33" failures="0" errors="0" skipped="0">
	<testcase classname="test_nav_parent_false2.TestNavParentFalse2" name="test_nav_parent_false2" time="0.001" timestamp="2021-11-06T19:49:33" file="spec/construct/test_nav_parent_false2.py" line="8"/>
</testsuite>
