<?xml version="1.0" encoding="UTF-8"?>
<testsuite errors="0" failures="0" file="test_nested_types2.py" name="test_nested_types2.TestNestedTypes2-20201020225859" skipped="0" tests="1" time="0.001" timestamp="2020-10-20T22:58:59">
	<testcase classname="test_nested_types2.TestNestedTypes2" file="spec/construct/test_nested_types2.py" line="8" name="test_nested_types2" time="0.001" timestamp="2020-10-20T22:58:59">
		<system-out>
<![CDATA[]]>		</system-out>
		<system-err>
<![CDATA[]]>		</system-err>
	</testcase>
</testsuite>
