<?xml version="1.0" encoding="UTF-8"?>
<testsuite name="test_process_coerce_switch.TestProcessCoerceSwitch-20210403173753" tests="1" file="test_process_coerce_switch.py" time="0.001" timestamp="2021-04-03T17:37:53" failures="0" errors="0" skipped="0">
	<testcase classname="test_process_coerce_switch.TestProcessCoerceSwitch" name="test_process_coerce_switch" time="0.001" timestamp="2021-04-03T17:37:53" file="spec/construct/test_process_coerce_switch.py" line="8"/>
</testsuite>
