<?xml version="1.0" encoding="UTF-8"?>
<testsuite name="test_if_instances.TestIfInstances" tests="1" file="test_if_instances.py" time="0.001" timestamp="2023-07-27T22:36:23" failures="0" errors="0" skipped="0">
	<testcase classname="test_if_instances.TestIfInstances" name="test_if_instances" time="0.001" timestamp="2023-07-27T22:36:23" file="spec/construct/test_if_instances.py" line="7"/>
</testsuite>
