<?xml version="1.0" encoding="UTF-8"?>
<testsuite name="test_switch_manual_enum_invalid_else.TestSwitchManualEnumInvalidElse-20220623171419" tests="1" file="test_switch_manual_enum_invalid_else.py" time="0.001" timestamp="2022-06-23T17:14:19" failures="0" errors="0" skipped="0">
	<testcase classname="test_switch_manual_enum_invalid_else.TestSwitchManualEnumInvalidElse" name="test_switch_manual_enum_invalid_else" time="0.001" timestamp="2022-06-23T17:14:19" file="spec/construct/test_switch_manual_enum_invalid_else.py" line="8"/>
</testsuite>
