<?xml version="1.0" encoding="UTF-8"?>
<testsuite errors="1" failures="0" file="test_expr_calc_array_ops.py" name="test_expr_calc_array_ops.TestExprCalcArrayOps-20200831200112" skipped="0" tests="1" time="0.001" timestamp="2020-08-31T20:01:12">
	<testcase classname="test_expr_calc_array_ops.TestExprCalcArrayOps" file="spec/construct/test_expr_calc_array_ops.py" line="8" name="test_expr_calc_array_ops" time="0.001" timestamp="2020-08-31T20:01:12">
		<error message="int_array" type="AttributeError">
<![CDATA[Traceback (most recent call last):
  File "/home/travis/build/kaitai-io/ci_targets/tests/spec/construct/test_expr_calc_array_ops.py", line 9, in test_expr_calc_array_ops
    r = _schema.parse_file('src/fixed_struct.bin')
  File "/home/travis/virtualenv/python2.7.14/lib/python2.7/site-packages/construct/core.py", line 309, in parse_file
    return self.parse_stream(f, **contextkw)
  File "/home/travis/virtualenv/python2.7.14/lib/python2.7/site-packages/construct/core.py", line 300, in parse_stream
    return self._parsereport(stream, context, "(parsing)")
  File "/home/travis/virtualenv/python2.7.14/lib/python2.7/site-packages/construct/core.py", line 312, in _parsereport
    obj = self._parse(stream, context, path)
  File "/home/travis/virtualenv/python2.7.14/lib/python2.7/site-packages/construct/core.py", line 1982, in _parse
    subobj = sc._parsereport(stream, context, path)
  File "/home/travis/virtualenv/python2.7.14/lib/python2.7/site-packages/construct/core.py", line 312, in _parsereport
    obj = self._parse(stream, context, path)
  File "/home/travis/virtualenv/python2.7.14/lib/python2.7/site-packages/construct/core.py", line 2440, in _parse
    return self.subcon._parsereport(stream, context, path)
  File "/home/travis/virtualenv/python2.7.14/lib/python2.7/site-packages/construct/core.py", line 312, in _parsereport
    obj = self._parse(stream, context, path)
  File "/home/travis/virtualenv/python2.7.14/lib/python2.7/site-packages/construct/core.py", line 2576, in _parse
    return self.func(context) if callable(self.func) else self.func
  File "/home/travis/build/kaitai-io/ci_targets/tests/compiled/construct/expr_calc_array_ops.py", line 6, in <lambda>
    'int_array_size' / Computed(lambda this: len(this.int_array)),
  File "/home/travis/virtualenv/python2.7.14/lib/python2.7/site-packages/construct/lib/containers.py", line 102, in __getattr__
    raise AttributeError(name)
AttributeError: int_array
]]>		</error>
		<system-out>
<![CDATA[]]>		</system-out>
		<system-err>
<![CDATA[]]>		</system-err>
	</testcase>
</testsuite>
