<?xml version="1.0" encoding="UTF-8"?>
<!-- Generated by org.testng.reporters.JUnitReportReporter -->
<testsuite hostname="testing-gce-45823202-4e72-48e5-8292-cfb32848a652" name="io.kaitai.struct.spec.TestOptionalId" tests="1" failures="0" timestamp="26 May 2017 14:54:07 GMT" time="0.000" errors="0">
  <testcase name="testOptionalId" time="0.000" classname="io.kaitai.struct.spec.TestOptionalId"/>
</testsuite> <!-- io.kaitai.struct.spec.TestOptionalId -->
