<?xml version="1.0" encoding="UTF-8"?>
<!-- Generated by org.testng.reporters.JUnitReportReporter -->
<testsuite failures="0" tests="1" name="io.kaitai.struct.spec.TestSwitchManualStr" time="0.007" errors="0" timestamp="7 Jul 2023 21:40:56 GMT">
  <testcase classname="io.kaitai.struct.spec.TestSwitchManualStr" name="testSwitchManualStr" time="0.007"/>
</testsuite> <!-- io.kaitai.struct.spec.TestSwitchManualStr -->
