<?xml version="1.0" encoding="UTF-8"?>
<!-- Generated by org.testng.reporters.JUnitReportReporter -->
<testsuite hostname="travis-job-5d48ffa8-8521-44e7-9cde-361b823d1115" failures="0" tests="1" name="io.kaitai.struct.spec.TestParamsPassArrayInt" time="0.002" errors="0" timestamp="19 Mar 2022 21:42:01 GMT">
  <testcase classname="io.kaitai.struct.spec.TestParamsPassArrayInt" name="testParamsPassArrayInt" time="0.002"/>
</testsuite> <!-- io.kaitai.struct.spec.TestParamsPassArrayInt -->
