<?xml version="1.0" encoding="UTF-8"?>
<!-- Generated by org.testng.reporters.JUnitReportReporter -->
<testsuite hostname="travis-job-afc79f43-1fc9-4902-9b10-71a685a402b6" name="io.kaitai.struct.spec.TestNavParentFalse2" tests="1" failures="0" timestamp="25 Apr 2019 23:59:44 GMT" time="0.000" errors="0">
  <testcase name="testNavParentFalse2" time="0.000" classname="io.kaitai.struct.spec.TestNavParentFalse2"/>
</testsuite> <!-- io.kaitai.struct.spec.TestNavParentFalse2 -->
