<?xml version="1.0" encoding="UTF-8"?>
<!-- Generated by org.testng.reporters.JUnitReportReporter -->
<testsuite hostname="travis-job-6ad169ce-589b-43e5-99e6-f9db265d4495" name="io.kaitai.struct.spec.TestValidNotParsedIf" tests="1" failures="0" timestamp="14 Feb 2020 23:52:23 GMT" time="0.043" errors="0">
  <testcase name="testValidNotParsedIf" time="0.043" classname="io.kaitai.struct.spec.TestValidNotParsedIf"/>
</testsuite> <!-- io.kaitai.struct.spec.TestValidNotParsedIf -->
