<?xml version="1.0" encoding="UTF-8"?>
<!-- Generated by org.testng.reporters.JUnitReportReporter -->
<testsuite name="io.kaitai.struct.spec.TestBitsByteAligned" tests="1" failures="0" timestamp="5 Jul 2023 11:55:44 GMT" time="0.019" errors="0">
  <testcase name="testBitsByteAligned" time="0.019" classname="io.kaitai.struct.spec.TestBitsByteAligned"/>
</testsuite> <!-- io.kaitai.struct.spec.TestBitsByteAligned -->
