<?xml version="1.0" encoding="UTF-8"?>
<!-- Generated by org.testng.reporters.JUnitReportReporter -->
<testsuite name="io.kaitai.struct.spec.TestNavParentSwitch" tests="1" failures="0" timestamp="5 Jul 2023 11:55:41 GMT" time="0.015" errors="0">
  <testcase name="testNavParentSwitch" time="0.015" classname="io.kaitai.struct.spec.TestNavParentSwitch"/>
</testsuite> <!-- io.kaitai.struct.spec.TestNavParentSwitch -->
