<?xml version="1.0" encoding="UTF-8"?>
<!-- Generated by org.testng.reporters.JUnitReportReporter -->
<testsuite hostname="localhost" name="io.kaitai.struct.spec.TestExprSizeofValueSized" tests="1" failures="0" timestamp="16 Mar 2020 17:44:57 GMT" time="0.004" errors="0">
  <testcase name="testExprSizeofValueSized" time="0.004" classname="io.kaitai.struct.spec.TestExprSizeofValueSized"/>
</testsuite> <!-- io.kaitai.struct.spec.TestExprSizeofValueSized -->
