<?xml version="1.0" encoding="UTF-8"?>
<!-- Generated by org.testng.reporters.JUnitReportReporter -->
<testsuite name="io.kaitai.struct.spec.TestIfValues" tests="1" failures="0" timestamp="14 Jul 2023 18:42:46 GMT" time="0.004" errors="0">
  <testcase name="testIfValues" time="0.004" classname="io.kaitai.struct.spec.TestIfValues"/>
</testsuite> <!-- io.kaitai.struct.spec.TestIfValues -->
