<?xml version="1.0" encoding="UTF-8"?>
<!-- Generated by org.testng.reporters.JUnitReportReporter -->
<testsuite hostname="localhost" name="io.kaitai.struct.spec.TestSwitchIntegers" tests="1" failures="0" timestamp="2 Aug 2020 14:45:59 GMT" time="0.001" errors="0">
  <testcase name="testSwitchIntegers" time="0.001" classname="io.kaitai.struct.spec.TestSwitchIntegers"/>
</testsuite> <!-- io.kaitai.struct.spec.TestSwitchIntegers -->
