<?xml version="1.0" encoding="UTF-8"?>
<!-- Generated by org.testng.reporters.JUnitReportReporter -->
<testsuite hostname="travis-job-375a6496-5941-4e57-b4c7-2a7e02e5f077" name="io.kaitai.struct.spec.TestDocstrings" tests="1" failures="0" timestamp="17 Mar 2020 20:26:20 GMT" time="0.000" errors="0">
  <testcase name="testDocstrings" time="0.000" classname="io.kaitai.struct.spec.TestDocstrings"/>
</testsuite> <!-- io.kaitai.struct.spec.TestDocstrings -->
