<?xml version="1.0" encoding="UTF-8"?>
<!-- Generated by org.testng.reporters.JUnitReportReporter -->
<testsuite hostname="travis-job-8f2e52ec-e13e-412d-8bbe-8dc8447a52b0" failures="0" tests="1" name="io.kaitai.struct.spec.TestYamlInts" time="0.001" errors="0" timestamp="15 Apr 2022 20:31:58 GMT">
  <testcase classname="io.kaitai.struct.spec.TestYamlInts" name="testYamlInts" time="0.001"/>
</testsuite> <!-- io.kaitai.struct.spec.TestYamlInts -->
