<?xml version="1.0" encoding="UTF-8"?>
<!-- Generated by org.testng.reporters.JUnitReportReporter -->
<testsuite name="io.kaitai.struct.spec.TestEnumLongRangeU" tests="1" failures="0" timestamp="16 Oct 2023 18:19:03 GMT" time="0.021" errors="0">
  <testcase name="testEnumLongRangeU" time="0.021" classname="io.kaitai.struct.spec.TestEnumLongRangeU"/>
</testsuite> <!-- io.kaitai.struct.spec.TestEnumLongRangeU -->
