<?xml version="1.0" encoding="UTF-8"?>
<!-- Generated by org.testng.reporters.JUnitReportReporter -->
<testsuite hostname="testing-gce-ab4b2c68-2141-4379-af76-a9304396f389" name="io.kaitai.struct.spec.TestImportsCircularA" tests="1" failures="0" timestamp="21 Jul 2017 18:08:49 GMT" time="0.019" errors="0">
  <testcase name="testImportsCircularA" time="0.019" classname="io.kaitai.struct.spec.TestImportsCircularA"/>
</testsuite> <!-- io.kaitai.struct.spec.TestImportsCircularA -->
