<?xml version="1.0" encoding="UTF-8"?>
<!-- Generated by org.testng.reporters.JUnitReportReporter -->
<testsuite name="io.kaitai.struct.spec.TestYamlInts" tests="1" failures="0" timestamp="8 Jul 2023 21:16:03 GMT" time="0.001" errors="0">
  <testcase name="testYamlInts" time="0.001" classname="io.kaitai.struct.spec.TestYamlInts"/>
</testsuite> <!-- io.kaitai.struct.spec.TestYamlInts -->
