<?xml version="1.0" encoding="UTF-8"?>
<!-- Generated by org.testng.reporters.JUnitReportReporter -->
<testsuite hostname="fv-az445-378" failures="0" tests="1" name="io.kaitai.struct.spec.TestParamsPassArrayInt" time="0.003" errors="0" timestamp="28 Jun 2023 21:54:07 GMT">
  <testcase classname="io.kaitai.struct.spec.TestParamsPassArrayInt" name="testParamsPassArrayInt" time="0.003"/>
</testsuite> <!-- io.kaitai.struct.spec.TestParamsPassArrayInt -->
