<?xml version="1.0" encoding="UTF-8"?>
<!-- Generated by org.testng.reporters.JUnitReportReporter -->
<testsuite hostname="travis-job-2f64b2bc-b91a-4bef-8ecb-f3fa7b8be4be" name="io.kaitai.struct.spec.TestStrEncodingsUtf16" tests="1" failures="0" timestamp="24 Jun 2023 22:25:30 GMT" time="0.002" errors="0">
  <testcase name="testStrEncodingsUtf16" time="0.002" classname="io.kaitai.struct.spec.TestStrEncodingsUtf16"/>
</testsuite> <!-- io.kaitai.struct.spec.TestStrEncodingsUtf16 -->
