<?xml version="1.0" encoding="UTF-8"?>
<!-- Generated by org.testng.reporters.JUnitReportReporter -->
<testsuite hostname="travis-job-30e755b7-5f5c-4968-90b3-a1fcb999eb6e" name="io.kaitai.struct.spec.TestNavRoot" tests="1" failures="0" timestamp="9 Oct 2019 09:30:18 GMT" time="0.002" errors="0">
  <testcase name="testNavRoot" time="0.002" classname="io.kaitai.struct.spec.TestNavRoot"/>
</testsuite> <!-- io.kaitai.struct.spec.TestNavRoot -->
