<?xml version="1.0" encoding="UTF-8"?>
<!-- Generated by org.testng.reporters.JUnitReportReporter -->
<testsuite hostname="travis-job-783f3526-7896-40db-9297-745def7bc301" name="io.kaitai.struct.spec.TestExprIoPos" tests="1" failures="0" timestamp="6 Nov 2020 11:11:26 GMT" time="0.000" errors="0">
  <testcase name="testExprIoPos" time="0.000" classname="io.kaitai.struct.spec.TestExprIoPos"/>
</testsuite> <!-- io.kaitai.struct.spec.TestExprIoPos -->
