<?xml version="1.0" encoding="UTF-8"?>
<!-- Generated by org.testng.reporters.JUnitReportReporter -->
<testsuite hostname="travis-job-adb1099b-1327-4e9f-9315-b2eddf12164f" name="io.kaitai.struct.spec.TestCastToImported" tests="1" failures="0" timestamp="5 Jun 2020 21:53:33 GMT" time="0.005" errors="0">
  <testcase name="testCastToImported" time="0.005" classname="io.kaitai.struct.spec.TestCastToImported"/>
</testsuite> <!-- io.kaitai.struct.spec.TestCastToImported -->
