<?xml version="1.0" encoding="UTF-8"?>
<!-- Generated by org.testng.reporters.JUnitReportReporter -->
<testsuite hostname="travis-job-01019184-ece8-4de5-84e5-28a44646db61" name="io.kaitai.struct.spec.TestRepeatEosStruct" tests="1" failures="0" timestamp="24 Apr 2019 11:02:43 GMT" time="0.001" errors="0">
  <testcase name="testRepeatEosStruct" time="0.001" classname="io.kaitai.struct.spec.TestRepeatEosStruct"/>
</testsuite> <!-- io.kaitai.struct.spec.TestRepeatEosStruct -->
