<?xml version="1.0" encoding="UTF-8"?>
<!-- Generated by org.testng.reporters.JUnitReportReporter -->
<testsuite hostname="fv-az180-30" name="io.kaitai.struct.spec.TestMultipleUse" tests="1" failures="0" timestamp="3 Jul 2023 08:33:04 GMT" time="0.001" errors="0">
  <testcase name="testMultipleUse" time="0.001" classname="io.kaitai.struct.spec.TestMultipleUse"/>
</testsuite> <!-- io.kaitai.struct.spec.TestMultipleUse -->
