<?xml version="1.0" encoding="UTF-8"?>
<!-- Generated by org.testng.reporters.JUnitReportReporter -->
<testsuite hostname="localhost" name="io.kaitai.struct.spec.TestNavParentSwitchCast" tests="1" failures="0" timestamp="12 Apr 2020 12:02:07 GMT" time="0.013" errors="0">
  <testcase name="testNavParentSwitchCast" time="0.013" classname="io.kaitai.struct.spec.TestNavParentSwitchCast"/>
</testsuite> <!-- io.kaitai.struct.spec.TestNavParentSwitchCast -->
