<?xml version="1.0" encoding="UTF-8"?>
<!-- Generated by org.testng.reporters.JUnitReportReporter -->
<testsuite hostname="travis-job-d7b83350-feea-4eee-a737-4382d68ef009" name="io.kaitai.struct.spec.TestSwitchCast" tests="1" failures="0" timestamp="29 Oct 2018 14:45:59 GMT" time="0.000" errors="0">
  <testcase name="testSwitchCast" time="0.000" classname="io.kaitai.struct.spec.TestSwitchCast"/>
</testsuite> <!-- io.kaitai.struct.spec.TestSwitchCast -->
