<?xml version="1.0" encoding="UTF-8"?>
<!-- Generated by org.testng.reporters.JUnitReportReporter -->
<testsuite hostname="travis-job-7c71baba-91ec-4c5f-b68b-7f703019e770" name="io.kaitai.struct.spec.TestValidFailContents" tests="1" failures="0" timestamp="14 Apr 2020 19:15:21 GMT" time="0.003" errors="0">
  <testcase name="testValidFailContents" time="0.003" classname="io.kaitai.struct.spec.TestValidFailContents"/>
</testsuite> <!-- io.kaitai.struct.spec.TestValidFailContents -->
