<?xml version="1.0" encoding="UTF-8"?>
<!-- Generated by org.testng.reporters.JUnitReportReporter -->
<testsuite hostname="travis-job-1e77010a-1d18-487f-8c15-be895f8c37da" name="io.kaitai.struct.spec.TestRepeatUntilSized" tests="1" failures="0" timestamp="8 Apr 2018 21:27:35 GMT" time="0.001" errors="0">
  <testcase name="testRepeatUntilSized" time="0.001" classname="io.kaitai.struct.spec.TestRepeatUntilSized"/>
</testsuite> <!-- io.kaitai.struct.spec.TestRepeatUntilSized -->
