<?xml version="1.0" encoding="UTF-8"?>
<!-- Generated by org.testng.reporters.JUnitReportReporter -->
<testsuite failures="0" tests="1" name="io.kaitai.struct.spec.TestEnumImport" time="0.005" errors="0" timestamp="9 Oct 2023 19:30:23 GMT">
  <testcase classname="io.kaitai.struct.spec.TestEnumImport" name="testEnumImport" time="0.005"/>
</testsuite> <!-- io.kaitai.struct.spec.TestEnumImport -->
