<?xml version="1.0" encoding="UTF-8"?>
<!-- Generated by org.testng.reporters.JUnitReportReporter -->
<testsuite hostname="travis-job-0e4b6cf3-29f2-4fdf-8789-580845f8af75" name="io.kaitai.struct.spec.TestRepeatUntilS4" tests="1" failures="0" timestamp="20 Apr 2018 22:27:09 GMT" time="0.000" errors="0">
  <testcase name="testRepeatUntilS4" time="0.000" classname="io.kaitai.struct.spec.TestRepeatUntilS4"/>
</testsuite> <!-- io.kaitai.struct.spec.TestRepeatUntilS4 -->
