<?xml version="1.0" encoding="UTF-8"?>
<!-- Generated by org.testng.reporters.JUnitReportReporter -->
<testsuite hostname="travis-job-87e9cf0e-7257-47aa-bb6d-e887b542ae8a" failures="0" tests="1" name="io.kaitai.struct.spec.TestRepeatUntilCalcArrayType" time="0.005" errors="0" timestamp="9 May 2020 19:26:13 GMT">
  <testcase classname="io.kaitai.struct.spec.TestRepeatUntilCalcArrayType" name="testRepeatUntilCalcArrayType" time="0.005"/>
</testsuite> <!-- io.kaitai.struct.spec.TestRepeatUntilCalcArrayType -->
