<?xml version="1.0" encoding="UTF-8"?>
<!-- Generated by org.testng.reporters.JUnitReportReporter -->
<testsuite hostname="travis-job-1663a8da-d1a9-4b97-b05c-c437f97d837d" failures="0" tests="1" name="io.kaitai.struct.spec.TestBcdUserTypeLe" time="0.065" errors="0" timestamp="21 May 2020 22:46:45 GMT">
  <testcase classname="io.kaitai.struct.spec.TestBcdUserTypeLe" name="testBcdUserTypeLe" time="0.065"/>
</testsuite> <!-- io.kaitai.struct.spec.TestBcdUserTypeLe -->
