<?xml version="1.0" encoding="UTF-8"?>
<!-- Generated by org.testng.reporters.JUnitReportReporter -->
<testsuite failures="0" tests="1" name="io.kaitai.struct.spec.TestBcdUserTypeLe" time="0.030" errors="0" timestamp="22 Mar 2024 15:21:33 GMT">
  <testcase classname="io.kaitai.struct.spec.TestBcdUserTypeLe" name="testBcdUserTypeLe" time="0.030"/>
</testsuite> <!-- io.kaitai.struct.spec.TestBcdUserTypeLe -->
