<?xml version="1.0" encoding="UTF-8"?>
<!-- Generated by org.testng.reporters.JUnitReportReporter -->
<testsuite hostname="testing-gce-b6495536-0a94-4c26-93c0-ecd00c7606d0" name="io.kaitai.struct.spec.TestNestedTypes" tests="1" failures="0" timestamp="21 Jul 2017 10:27:58 GMT" time="0.002" errors="0">
  <testcase name="testNestedTypes" time="0.002" classname="io.kaitai.struct.spec.TestNestedTypes"/>
</testsuite> <!-- io.kaitai.struct.spec.TestNestedTypes -->
