<?xml version="1.0" encoding="UTF-8"?>
<!-- Generated by org.testng.reporters.JUnitReportReporter -->
<testsuite hostname="travis-job-8f68a782-a13d-4874-a546-d9b0ffddcdb0" name="io.kaitai.struct.spec.TestImportsAbsRel" tests="1" failures="0" timestamp="9 Apr 2019 19:15:04 GMT" time="0.001" errors="0">
  <testcase name="testImportsAbsRel" time="0.001" classname="io.kaitai.struct.spec.TestImportsAbsRel"/>
</testsuite> <!-- io.kaitai.struct.spec.TestImportsAbsRel -->
