<?xml version="1.0" encoding="UTF-8"?>
<!-- Generated by org.testng.reporters.JUnitReportReporter -->
<testsuite name="io.kaitai.struct.spec.TestBitsSignedResB32Le" tests="1" failures="0" timestamp="22 Mar 2024 15:21:39 GMT" time="0.015" errors="0">
  <testcase name="testBitsSignedResB32Le" time="0.015" classname="io.kaitai.struct.spec.TestBitsSignedResB32Le"/>
</testsuite> <!-- io.kaitai.struct.spec.TestBitsSignedResB32Le -->
