<?xml version="1.0" encoding="UTF-8"?>
<!-- Generated by org.testng.reporters.JUnitReportReporter -->
<testsuite hostname="travis-job-6de66155-e0d2-428d-8ec5-5ebf5b8aafba" name="io.kaitai.struct.spec.TestBufferedStruct" tests="1" failures="0" timestamp="11 Mar 2019 22:25:42 GMT" time="0.001" errors="0">
  <testcase name="testBufferedStruct" time="0.001" classname="io.kaitai.struct.spec.TestBufferedStruct"/>
</testsuite> <!-- io.kaitai.struct.spec.TestBufferedStruct -->
