<?xml version="1.0" encoding="UTF-8"?>
<!-- Generated by org.testng.reporters.JUnitReportReporter -->
<testsuite name="io.kaitai.struct.spec.TestEnumIf" tests="1" failures="0" timestamp="28 Jul 2023 22:13:01 GMT" time="0.005" errors="0">
  <testcase name="testEnumIf" time="0.005" classname="io.kaitai.struct.spec.TestEnumIf"/>
</testsuite> <!-- io.kaitai.struct.spec.TestEnumIf -->
