<?xml version="1.0" encoding="UTF-8"?>
<!-- Generated by org.testng.reporters.JUnitReportReporter -->
<testsuite hostname="travis-job-8221f2a4-7625-45f1-b67e-a3de392cb261" name="io.kaitai.struct.spec.TestNestedSameName2" tests="1" failures="0" timestamp="25 Jan 2019 22:16:25 GMT" time="0.005" errors="0">
  <testcase name="testNestedSameName2" time="0.005" classname="io.kaitai.struct.spec.TestNestedSameName2"/>
</testsuite> <!-- io.kaitai.struct.spec.TestNestedSameName2 -->
