<?xml version="1.0" encoding="UTF-8"?>
<!-- Generated by org.testng.reporters.JUnitReportReporter -->
<testsuite hostname="fv-az564-656" failures="0" tests="1" name="io.kaitai.struct.spec.TestSwitchManualEnum" time="0.002" errors="0" timestamp="1 Jul 2023 10:37:51 GMT">
  <testcase classname="io.kaitai.struct.spec.TestSwitchManualEnum" name="testSwitchManualEnum" time="0.002"/>
</testsuite> <!-- io.kaitai.struct.spec.TestSwitchManualEnum -->
