<?xml version="1.0" encoding="UTF-8"?>
<!-- Generated by org.testng.reporters.JUnitReportReporter -->
<testsuite name="io.kaitai.struct.spec.TestEosExceptionU4" tests="1" failures="0" timestamp="19 Jul 2023 17:04:14 GMT" time="0.001" errors="0">
  <testcase name="testEosExceptionU4" time="0.001" classname="io.kaitai.struct.spec.TestEosExceptionU4"/>
</testsuite> <!-- io.kaitai.struct.spec.TestEosExceptionU4 -->
