<?xml version="1.0" encoding="UTF-8"?>
<!-- Generated by org.testng.reporters.JUnitReportReporter -->
<testsuite hostname="travis-job-5c1bede0-71a8-4f71-a7f1-36af2c9ad9bd" name="io.kaitai.struct.spec.TestSwitchRepeatExpr" tests="1" failures="0" timestamp="8 Jul 2018 01:58:05 GMT" time="0.001" errors="0">
  <testcase name="testSwitchRepeatExpr" time="0.001" classname="io.kaitai.struct.spec.TestSwitchRepeatExpr"/>
</testsuite> <!-- io.kaitai.struct.spec.TestSwitchRepeatExpr -->
