<?xml version="1.0" encoding="UTF-8"?>
<!-- Generated by org.testng.reporters.JUnitReportReporter -->
<testsuite hostname="localhost" name="io.kaitai.struct.spec.TestProcessXorValue" tests="1" failures="0" timestamp="28 Sep 2019 20:09:20 GMT" time="0.001" errors="0">
  <testcase name="testProcessXorValue" time="0.001" classname="io.kaitai.struct.spec.TestProcessXorValue"/>
</testsuite> <!-- io.kaitai.struct.spec.TestProcessXorValue -->
