<?xml version="1.0" encoding="UTF-8"?>
<!-- Generated by org.testng.reporters.JUnitReportReporter -->
<testsuite hostname="travis-job-09adf421-09d0-4dd7-8809-5bca0ca7647e" name="io.kaitai.struct.spec.TestParamsDef" tests="1" failures="0" timestamp="30 Mar 2018 19:57:17 GMT" time="0.000" errors="0">
  <testcase name="testParamsDef" time="0.000" classname="io.kaitai.struct.spec.TestParamsDef"/>
</testsuite> <!-- io.kaitai.struct.spec.TestParamsDef -->
