<?xml version="1.0" encoding="UTF-8"?>
<!-- Generated by org.testng.reporters.JUnitReportReporter -->
<testsuite failures="0" tests="1" name="io.kaitai.struct.spec.TestStrLiterals" time="0.005" errors="0" timestamp="21 Jul 2023 07:42:06 GMT">
  <testcase classname="io.kaitai.struct.spec.TestStrLiterals" name="testStrLiterals" time="0.005"/>
</testsuite> <!-- io.kaitai.struct.spec.TestStrLiterals -->
