<?xml version="1.0" encoding="UTF-8"?>
<!-- Generated by org.testng.reporters.JUnitReportReporter -->
<testsuite hostname="localhost" name="io.kaitai.struct.spec.TestProcessToUser" tests="1" failures="0" timestamp="11 Apr 2020 09:22:51 GMT" time="0.001" errors="0">
  <testcase name="testProcessToUser" time="0.001" classname="io.kaitai.struct.spec.TestProcessToUser"/>
</testsuite> <!-- io.kaitai.struct.spec.TestProcessToUser -->
