<?xml version="1.0" encoding="UTF-8"?>
<!-- Generated by org.testng.reporters.JUnitReportReporter -->
<testsuite hostname="travis-job-ece646b0-a2c9-450d-8e6b-04fd269a540b" name="io.kaitai.struct.spec.TestSwitchManualIntElse" tests="1" failures="0" timestamp="20 Oct 2019 17:33:31 GMT" time="0.003" errors="0">
  <testcase name="testSwitchManualIntElse" time="0.003" classname="io.kaitai.struct.spec.TestSwitchManualIntElse"/>
</testsuite> <!-- io.kaitai.struct.spec.TestSwitchManualIntElse -->
