<?xml version="1.0" encoding="UTF-8"?>
<!-- Generated by org.testng.reporters.JUnitReportReporter -->
<testsuite hostname="localhost" name="io.kaitai.struct.spec.TestEnumDeep" tests="1" failures="0" timestamp="16 Feb 2020 12:54:17 GMT" time="0.019" errors="0">
  <testcase name="testEnumDeep" time="0.019" classname="io.kaitai.struct.spec.TestEnumDeep"/>
</testsuite> <!-- io.kaitai.struct.spec.TestEnumDeep -->
