<?xml version="1.0" encoding="UTF-8"?>
<!-- Generated by org.testng.reporters.JUnitReportReporter -->
<testsuite hostname="testing-gce-ab4b2c68-2141-4379-af76-a9304396f389" name="io.kaitai.struct.spec.TestIfStruct" tests="1" failures="0" timestamp="21 Jul 2017 18:08:49 GMT" time="0.002" errors="0">
  <testcase name="testIfStruct" time="0.002" classname="io.kaitai.struct.spec.TestIfStruct"/>
</testsuite> <!-- io.kaitai.struct.spec.TestIfStruct -->
