<?xml version="1.0" encoding="UTF-8"?>
<!-- Generated by org.testng.reporters.JUnitReportReporter -->
<testsuite hostname="travis-job-87b12841-f463-4b71-936b-4df821b2cee7" failures="0" tests="1" name="io.kaitai.struct.spec.TestImportsAbs" time="0.002" errors="0" timestamp="28 Oct 2020 01:12:50 GMT">
  <testcase classname="io.kaitai.struct.spec.TestImportsAbs" name="testImportsAbs" time="0.002"/>
</testsuite> <!-- io.kaitai.struct.spec.TestImportsAbs -->
