<?xml version="1.0" encoding="UTF-8"?>
<!-- Generated by org.testng.reporters.JUnitReportReporter -->
<testsuite failures="0" tests="1" name="io.kaitai.struct.spec.TestMultipleUse" time="0.003" errors="0" timestamp="8 Jul 2023 21:16:14 GMT">
  <testcase classname="io.kaitai.struct.spec.TestMultipleUse" name="testMultipleUse" time="0.003"/>
</testsuite> <!-- io.kaitai.struct.spec.TestMultipleUse -->
