<?xml version="1.0" encoding="UTF-8"?>
<!-- Generated by org.testng.reporters.JUnitReportReporter -->
<testsuite failures="0" tests="1" name="io.kaitai.struct.spec.TestProcessXor4Const" time="0.000" errors="0" timestamp="4 Aug 2023 18:55:41 GMT">
  <testcase classname="io.kaitai.struct.spec.TestProcessXor4Const" name="testProcessXor4Const" time="0.000"/>
</testsuite> <!-- io.kaitai.struct.spec.TestProcessXor4Const -->
