<?xml version="1.0" encoding="UTF-8"?>
<!-- Generated by org.testng.reporters.JUnitReportReporter -->
<testsuite hostname="fv-az173-426" failures="0" tests="1" name="io.kaitai.struct.spec.TestBitsByteAligned" time="0.002" errors="0" timestamp="28 Jun 2023 21:53:59 GMT">
  <testcase classname="io.kaitai.struct.spec.TestBitsByteAligned" name="testBitsByteAligned" time="0.002"/>
</testsuite> <!-- io.kaitai.struct.spec.TestBitsByteAligned -->
