<?xml version="1.0" encoding="UTF-8"?>
<!-- Generated by org.testng.reporters.JUnitReportReporter -->
<testsuite hostname="localhost" name="io.kaitai.struct.spec.TestIfValues" tests="1" failures="0" timestamp="8 Mar 2020 20:33:45 GMT" time="0.002" errors="0">
  <testcase name="testIfValues" time="0.002" classname="io.kaitai.struct.spec.TestIfValues"/>
</testsuite> <!-- io.kaitai.struct.spec.TestIfValues -->
