<?xml version="1.0" encoding="UTF-8"?>
<!-- Generated by org.testng.reporters.JUnitReportReporter -->
<testsuite hostname="travis-job-33b2ae61-969a-4ee2-902a-b75a21c9291e" name="io.kaitai.struct.spec.TestSwitchManualEnum" tests="1" failures="0" timestamp="11 Apr 2020 09:21:33 GMT" time="0.003" errors="0">
  <testcase name="testSwitchManualEnum" time="0.003" classname="io.kaitai.struct.spec.TestSwitchManualEnum"/>
</testsuite> <!-- io.kaitai.struct.spec.TestSwitchManualEnum -->
