<?xml version="1.0" encoding="UTF-8"?>
<!-- Generated by org.testng.reporters.JUnitReportReporter -->
<testsuite name="io.kaitai.struct.spec.TestValidLong" tests="1" failures="0" timestamp="21 Feb 2024 14:49:31 GMT" time="0.006" errors="0">
  <testcase name="testValidLong" time="0.006" classname="io.kaitai.struct.spec.TestValidLong"/>
</testsuite> <!-- io.kaitai.struct.spec.TestValidLong -->
