<?xml version="1.0" encoding="UTF-8"?>
<!-- Generated by org.testng.reporters.JUnitReportReporter -->
<testsuite hostname="travis-job-7acac345-be39-47ae-9dbc-12e415427ae2" failures="0" tests="1" name="io.kaitai.struct.spec.TestFloatToI" time="0.001" errors="0" timestamp="23 May 2020 22:04:56 GMT">
  <testcase classname="io.kaitai.struct.spec.TestFloatToI" name="testFloatToI" time="0.001"/>
</testsuite> <!-- io.kaitai.struct.spec.TestFloatToI -->
