<?xml version="1.0" encoding="UTF-8"?>
<!-- Generated by org.testng.reporters.JUnitReportReporter -->
<testsuite hostname="testing-gce-4312c108-4861-441b-8bf9-b5f911ce3c52" name="io.kaitai.struct.spec.TestEnumIf" tests="1" failures="0" timestamp="23 Aug 2017 19:10:51 GMT" time="0.020" errors="0">
  <testcase name="testEnumIf" time="0.020" classname="io.kaitai.struct.spec.TestEnumIf"/>
</testsuite> <!-- io.kaitai.struct.spec.TestEnumIf -->
