<?xml version="1.0" encoding="UTF-8"?>
<!-- Generated by org.testng.reporters.JUnitReportReporter -->
<testsuite hostname="travis-job-e0b58e5b-33b5-4c61-af5c-2793e9212ab6" name="io.kaitai.struct.spec.TestStrEncodingsDefault" tests="1" failures="0" timestamp="26 Mar 2018 17:51:29 GMT" time="0.021" errors="0">
  <testcase name="testStrEncodingsDefault" time="0.021" classname="io.kaitai.struct.spec.TestStrEncodingsDefault"/>
</testsuite> <!-- io.kaitai.struct.spec.TestStrEncodingsDefault -->
