<?xml version="1.0" encoding="UTF-8"?>
<!-- Generated by org.testng.reporters.JUnitReportReporter -->
<testsuite name="io.kaitai.struct.spec.TestBitsUnalignedB64Be" tests="1" failures="0" timestamp="2 Mar 2024 14:01:52 GMT" time="0.000" errors="0">
  <testcase name="testBitsUnalignedB64Be" time="0.000" classname="io.kaitai.struct.spec.TestBitsUnalignedB64Be"/>
</testsuite> <!-- io.kaitai.struct.spec.TestBitsUnalignedB64Be -->
