<?xml version="1.0" encoding="UTF-8"?>
<!-- Generated by org.testng.reporters.JUnitReportReporter -->
<testsuite hostname="travis-job-00f1356f-7004-4f0e-a208-a922aaff700c" name="io.kaitai.struct.spec.TestParamsCallShort" tests="1" failures="0" timestamp="13 Apr 2020 01:48:50 GMT" time="0.001" errors="0">
  <testcase name="testParamsCallShort" time="0.001" classname="io.kaitai.struct.spec.TestParamsCallShort"/>
</testsuite> <!-- io.kaitai.struct.spec.TestParamsCallShort -->
