<?xml version="1.0" encoding="UTF-8"?>
<!-- Generated by org.testng.reporters.JUnitReportReporter -->
<testsuite hostname="travis-job-46b80e97-8fe6-453b-b3d5-40df314f3f17" name="io.kaitai.struct.spec.TestOptionalId" tests="1" failures="0" timestamp="21 Oct 2019 18:52:36 GMT" time="0.001" errors="0">
  <testcase name="testOptionalId" time="0.001" classname="io.kaitai.struct.spec.TestOptionalId"/>
</testsuite> <!-- io.kaitai.struct.spec.TestOptionalId -->
