<?xml version="1.0" encoding="UTF-8"?>
<!-- Generated by org.testng.reporters.JUnitReportReporter -->
<testsuite hostname="travis-job-445fa113-e2de-4b25-b3d5-a1b526e13580" name="io.kaitai.struct.spec.TestValidFailEqBytes" tests="1" failures="0" timestamp="15 Oct 2019 16:15:00 GMT" time="0.005" errors="0">
  <testcase name="testValidFailEqBytes" time="0.005" classname="io.kaitai.struct.spec.TestValidFailEqBytes"/>
</testsuite> <!-- io.kaitai.struct.spec.TestValidFailEqBytes -->
