<?xml version="1.0" encoding="UTF-8"?>
<!-- Generated by org.testng.reporters.JUnitReportReporter -->
<testsuite hostname="travis-job-b4fa5a6c-d8d4-40be-8b83-ef934f0280c3" name="io.kaitai.struct.spec.TestDefaultEndianMod" tests="1" failures="0" timestamp="16 Aug 2018 01:58:52 GMT" time="0.003" errors="0">
  <testcase name="testDefaultEndianMod" time="0.003" classname="io.kaitai.struct.spec.TestDefaultEndianMod"/>
</testsuite> <!-- io.kaitai.struct.spec.TestDefaultEndianMod -->
