<?xml version="1.0" encoding="UTF-8"?>
<!-- Generated by org.testng.reporters.JUnitReportReporter -->
<testsuite hostname="localhost" name="io.kaitai.struct.spec.TestRepeatUntilComplex" tests="1" failures="0" timestamp="30 May 2020 22:24:24 GMT" time="0.017" errors="0">
  <testcase name="testRepeatUntilComplex" time="0.017" classname="io.kaitai.struct.spec.TestRepeatUntilComplex"/>
</testsuite> <!-- io.kaitai.struct.spec.TestRepeatUntilComplex -->
