<?xml version="1.0" encoding="UTF-8"?>
<!-- Generated by org.testng.reporters.JUnitReportReporter -->
<testsuite hostname="localhost" name="io.kaitai.struct.spec.TestEnumIntRangeS" tests="1" failures="0" timestamp="30 Jan 2020 22:44:03 GMT" time="0.000" errors="0">
  <testcase name="testEnumIntRangeS" time="0.000" classname="io.kaitai.struct.spec.TestEnumIntRangeS"/>
</testsuite> <!-- io.kaitai.struct.spec.TestEnumIntRangeS -->
