<?xml version="1.0" encoding="UTF-8"?>
<!-- Generated by org.testng.reporters.JUnitReportReporter -->
<testsuite hostname="testing-gce-7468e141-3dd1-4faa-8ee2-0c79aed9fb65" name="io.kaitai.struct.spec.TestIfStruct" tests="1" failures="0" timestamp="1 May 2017 21:24:30 GMT" time="0.022" errors="0">
  <testcase name="testIfStruct" time="0.022" classname="io.kaitai.struct.spec.TestIfStruct"/>
</testsuite> <!-- io.kaitai.struct.spec.TestIfStruct -->
