<?xml version="1.0" encoding="UTF-8"?>
<!-- Generated by org.testng.reporters.JUnitReportReporter -->
<testsuite name="io.kaitai.struct.spec.TestEnumIf" tests="1" failures="0" timestamp="28 Jul 2023 21:49:54 GMT" time="0.004" errors="0">
  <testcase name="testEnumIf" time="0.004" classname="io.kaitai.struct.spec.TestEnumIf"/>
</testsuite> <!-- io.kaitai.struct.spec.TestEnumIf -->
