<?xml version="1.0" encoding="UTF-8"?>
<!-- Generated by org.testng.reporters.JUnitReportReporter -->
<testsuite hostname="travis-job-9c57f261-d9fb-427e-83d6-88615632adce" failures="0" tests="1" name="io.kaitai.struct.spec.TestParamsEnum" time="0.003" errors="0" timestamp="14 Apr 2020 18:56:49 GMT">
  <testcase classname="io.kaitai.struct.spec.TestParamsEnum" name="testParamsEnum" time="0.003"/>
</testsuite> <!-- io.kaitai.struct.spec.TestParamsEnum -->
