<?xml version="1.0" encoding="UTF-8"?>
<!-- Generated by org.testng.reporters.JUnitReportReporter -->
<testsuite hostname="travis-job-05f867dd-085c-4dfe-a8e6-80d9bdb202dc" name="io.kaitai.struct.spec.TestDebugEnumName" tests="1" failures="0" timestamp="16 Apr 2020 22:12:48 GMT" time="0.002" errors="0">
  <testcase name="testDebugEnumName" time="0.002" classname="io.kaitai.struct.spec.TestDebugEnumName"/>
</testsuite> <!-- io.kaitai.struct.spec.TestDebugEnumName -->
