<?xml version="1.0" encoding="UTF-8"?>
<!-- Generated by org.testng.reporters.JUnitReportReporter -->
<testsuite hostname="travis-job-6de66155-e0d2-428d-8ec5-5ebf5b8aafba" name="io.kaitai.struct.spec.TestExprBytesCmp" tests="1" failures="0" timestamp="11 Mar 2019 22:25:42 GMT" time="0.015" errors="0">
  <testcase name="testExprBytesCmp" time="0.015" classname="io.kaitai.struct.spec.TestExprBytesCmp"/>
</testsuite> <!-- io.kaitai.struct.spec.TestExprBytesCmp -->
