<?xml version="1.0" encoding="UTF-8"?>
<!-- Generated by org.testng.reporters.JUnitReportReporter -->
<testsuite hostname="travis-job-35613f24-2b76-4162-844c-655c6ea43b96" name="io.kaitai.struct.spec.TestNavRoot" tests="1" failures="0" timestamp="18 Mar 2020 04:25:42 GMT" time="0.001" errors="0">
  <testcase name="testNavRoot" time="0.001" classname="io.kaitai.struct.spec.TestNavRoot"/>
</testsuite> <!-- io.kaitai.struct.spec.TestNavRoot -->
