<?xml version="1.0" encoding="UTF-8"?>
<!-- Generated by org.testng.reporters.JUnitReportReporter -->
<testsuite hostname="travis-job-4fda9644-15e3-4534-aa80-c08946f6e437" name="io.kaitai.struct.spec.TestStrLiterals" tests="1" failures="0" timestamp="22 Dec 2018 20:25:26 GMT" time="0.000" errors="0">
  <testcase name="testStrLiterals" time="0.000" classname="io.kaitai.struct.spec.TestStrLiterals"/>
</testsuite> <!-- io.kaitai.struct.spec.TestStrLiterals -->
