<?xml version="1.0" encoding="UTF-8"?>
<!-- Generated by org.testng.reporters.JUnitReportReporter -->
<testsuite hostname="travis-job-9b27b350-908d-47e8-9f6d-713ecb7c57a5" name="io.kaitai.struct.spec.TestImports0" tests="1" failures="0" timestamp="24 Oct 2018 15:25:59 GMT" time="0.001" errors="0">
  <testcase name="testImports0" time="0.001" classname="io.kaitai.struct.spec.TestImports0"/>
</testsuite> <!-- io.kaitai.struct.spec.TestImports0 -->
