<?xml version="1.0" encoding="UTF-8"?>
<!-- Generated by org.testng.reporters.JUnitReportReporter -->
<testsuite hostname="travis-job-80a88d48-f403-4447-b5a7-d8946fd8824d" failures="0" tests="1" name="io.kaitai.struct.spec.TestDocstringsDocrefMulti" time="0.000" errors="0" timestamp="26 Jul 2020 21:35:21 GMT">
  <testcase classname="io.kaitai.struct.spec.TestDocstringsDocrefMulti" name="testDocstringsDocrefMulti" time="0.000"/>
</testsuite> <!-- io.kaitai.struct.spec.TestDocstringsDocrefMulti -->
