<?xml version="1.0" encoding="UTF-8"?>
<!-- Generated by org.testng.reporters.JUnitReportReporter -->
<testsuite hostname="travis-job-a4692b34-4aa4-41c8-8f03-76d4ff80cc00" name="io.kaitai.struct.spec.TestUserType" tests="1" failures="0" timestamp="11 Apr 2018 00:03:50 GMT" time="0.003" errors="0">
  <testcase name="testUserType" time="0.003" classname="io.kaitai.struct.spec.TestUserType"/>
</testsuite> <!-- io.kaitai.struct.spec.TestUserType -->
