<?xml version="1.0" encoding="UTF-8"?>
<!-- Generated by org.testng.reporters.JUnitReportReporter -->
<testsuite hostname="localhost" name="io.kaitai.struct.spec.TestMultipleUse" tests="1" failures="0" timestamp="11 Feb 2020 09:33:32 GMT" time="0.002" errors="0">
  <testcase name="testMultipleUse" time="0.002" classname="io.kaitai.struct.spec.TestMultipleUse"/>
</testsuite> <!-- io.kaitai.struct.spec.TestMultipleUse -->
