<?xml version="1.0" encoding="UTF-8"?>
<!-- Generated by org.testng.reporters.JUnitReportReporter -->
<testsuite hostname="localhost" name="io.kaitai.struct.spec.TestRepeatNStruct" tests="1" failures="0" timestamp="20 Oct 2019 17:34:30 GMT" time="0.005" errors="0">
  <testcase name="testRepeatNStruct" time="0.005" classname="io.kaitai.struct.spec.TestRepeatNStruct"/>
</testsuite> <!-- io.kaitai.struct.spec.TestRepeatNStruct -->
