<?xml version="1.0" encoding="UTF-8"?>
<!-- Generated by org.testng.reporters.JUnitReportReporter -->
<testsuite hostname="localhost" name="io.kaitai.struct.spec.TestImportsAbsAbs" tests="1" failures="0" timestamp="1 Jan 2020 20:53:21 GMT" time="0.004" errors="0">
  <testcase name="testImportsAbsAbs" time="0.004" classname="io.kaitai.struct.spec.TestImportsAbsAbs"/>
</testsuite> <!-- io.kaitai.struct.spec.TestImportsAbsAbs -->
