<?xml version="1.0" encoding="UTF-8"?>
<!-- Generated by org.testng.reporters.JUnitReportReporter -->
<testsuite failures="0" tests="1" name="io.kaitai.struct.spec.TestRepeatEosU4" time="0.003" errors="0" timestamp="4 Nov 2023 10:59:20 GMT">
  <testcase classname="io.kaitai.struct.spec.TestRepeatEosU4" name="testRepeatEosU4" time="0.003"/>
</testsuite> <!-- io.kaitai.struct.spec.TestRepeatEosU4 -->
