<?xml version="1.0" encoding="UTF-8"?>
<!-- Generated by org.testng.reporters.JUnitReportReporter -->
<testsuite hostname="travis-job-fc1736e1-fe07-4463-88d2-20abd09ff00f" name="io.kaitai.struct.spec.TestCastToImported" tests="1" failures="0" timestamp="11 Mar 2019 20:03:21 GMT" time="0.001" errors="0">
  <testcase name="testCastToImported" time="0.001" classname="io.kaitai.struct.spec.TestCastToImported"/>
</testsuite> <!-- io.kaitai.struct.spec.TestCastToImported -->
