<?xml version="1.0" encoding="UTF-8"?>
<!-- Generated by org.testng.reporters.JUnitReportReporter -->
<testsuite hostname="localhost" name="io.kaitai.struct.spec.TestParamsPassArrayStruct" tests="1" failures="0" timestamp="7 Apr 2020 09:14:58 GMT" time="0.003" errors="0">
  <testcase name="testParamsPassArrayStruct" time="0.003" classname="io.kaitai.struct.spec.TestParamsPassArrayStruct"/>
</testsuite> <!-- io.kaitai.struct.spec.TestParamsPassArrayStruct -->
