<?xml version="1.0" encoding="UTF-8"?>
<!-- Generated by org.testng.reporters.JUnitReportReporter -->
<testsuite hostname="travis-job-52118940-d0e9-4618-be38-45633c5d2ae9" name="io.kaitai.struct.spec.TestSwitchManualIntElse" tests="1" failures="0" timestamp="7 Mar 2020 20:46:14 GMT" time="0.002" errors="0">
  <testcase name="testSwitchManualIntElse" time="0.002" classname="io.kaitai.struct.spec.TestSwitchManualIntElse"/>
</testsuite> <!-- io.kaitai.struct.spec.TestSwitchManualIntElse -->
