<?xml version="1.0" encoding="UTF-8"?>
<!-- Generated by org.testng.reporters.JUnitReportReporter -->
<testsuite hostname="travis-job-f685bc67-adf5-4373-804b-16aec9d813f5" failures="0" tests="1" name="io.kaitai.struct.spec.TestExpr2" time="0.006" errors="0" timestamp="1 Aug 2020 18:08:17 GMT">
  <testcase classname="io.kaitai.struct.spec.TestExpr2" name="testExpr2" time="0.006"/>
</testsuite> <!-- io.kaitai.struct.spec.TestExpr2 -->
