<?xml version="1.0" encoding="UTF-8"?>
<!-- Generated by org.testng.reporters.JUnitReportReporter -->
<testsuite hostname="testing-gce-a2728380-55df-4583-aa92-1cd520de2fff" name="io.kaitai.struct.spec.TestEnum0" tests="1" failures="0" timestamp="23 Jul 2017 15:09:02 GMT" time="0.001" errors="0">
  <testcase name="testEnum0" time="0.001" classname="io.kaitai.struct.spec.TestEnum0"/>
</testsuite> <!-- io.kaitai.struct.spec.TestEnum0 -->
