<?xml version="1.0" encoding="UTF-8"?>
<!-- Generated by org.testng.reporters.JUnitReportReporter -->
<testsuite name="io.kaitai.struct.spec.TestBitsSignedResB32Be" tests="1" failures="0" timestamp="2 Aug 2023 17:40:39 GMT" time="0.000" errors="0">
  <testcase name="testBitsSignedResB32Be" time="0.000" classname="io.kaitai.struct.spec.TestBitsSignedResB32Be"/>
</testsuite> <!-- io.kaitai.struct.spec.TestBitsSignedResB32Be -->
