<?xml version="1.0" encoding="UTF-8"?>
<!-- Generated by org.testng.reporters.JUnitReportReporter -->
<testsuite hostname="travis-job-2b5362ae-67f1-44fa-94da-5145cd196348" failures="0" tests="1" name="io.kaitai.struct.spec.TestRepeatNStrzDouble" time="0.001" errors="0" timestamp="12 Apr 2020 12:02:29 GMT">
  <testcase classname="io.kaitai.struct.spec.TestRepeatNStrzDouble" name="testRepeatNStrzDouble" time="0.001"/>
</testsuite> <!-- io.kaitai.struct.spec.TestRepeatNStrzDouble -->
