<?xml version="1.0" encoding="UTF-8"?>
<!-- Generated by org.testng.reporters.JUnitReportReporter -->
<testsuite hostname="fv-az257-325" name="io.kaitai.struct.spec.TestExprStrEncodings" tests="1" failures="0" timestamp="28 Jun 2023 21:54:03 GMT" time="0.032" errors="0">
  <testcase name="testExprStrEncodings" time="0.032" classname="io.kaitai.struct.spec.TestExprStrEncodings"/>
</testsuite> <!-- io.kaitai.struct.spec.TestExprStrEncodings -->
