<?xml version="1.0" encoding="UTF-8"?>
<!-- Generated by org.testng.reporters.JUnitReportReporter -->
<testsuite name="io.kaitai.struct.spec.TestBitsSignedResB32Le" tests="1" failures="0" timestamp="4 Mar 2024 00:01:19 GMT" time="0.001" errors="0">
  <testcase name="testBitsSignedResB32Le" time="0.001" classname="io.kaitai.struct.spec.TestBitsSignedResB32Le"/>
</testsuite> <!-- io.kaitai.struct.spec.TestBitsSignedResB32Le -->
