<?xml version="1.0" encoding="UTF-8"?>
<!-- Generated by org.testng.reporters.JUnitReportReporter -->
<testsuite failures="0" tests="1" name="io.kaitai.struct.spec.TestValidFailContents" time="0.000" errors="0" timestamp="5 Jul 2023 11:55:48 GMT">
  <testcase classname="io.kaitai.struct.spec.TestValidFailContents" name="testValidFailContents" time="0.000"/>
</testsuite> <!-- io.kaitai.struct.spec.TestValidFailContents -->
