<?xml version="1.0" encoding="UTF-8"?>
<!-- Generated by org.testng.reporters.JUnitReportReporter -->
<testsuite hostname="travis-job-7f1eac3d-6ee4-4cb0-be7f-2a7b14e57fb3" name="io.kaitai.struct.spec.TestSwitchMultiBoolOps" tests="1" failures="0" timestamp="6 Feb 2021 14:35:23 GMT" time="0.000" errors="0">
  <testcase name="testSwitchMultiBoolOps" time="0.000" classname="io.kaitai.struct.spec.TestSwitchMultiBoolOps"/>
</testsuite> <!-- io.kaitai.struct.spec.TestSwitchMultiBoolOps -->
