<?xml version="1.0" encoding="UTF-8"?>
<!-- Generated by org.testng.reporters.JUnitReportReporter -->
<testsuite hostname="travis-job-3f0dad30-32bc-4906-80cb-c29178fe6dee" name="io.kaitai.struct.spec.TestFloatToI" tests="1" failures="0" timestamp="26 Apr 2019 04:24:36 GMT" time="0.001" errors="0">
  <testcase name="testFloatToI" time="0.001" classname="io.kaitai.struct.spec.TestFloatToI"/>
</testsuite> <!-- io.kaitai.struct.spec.TestFloatToI -->
