<?xml version="1.0" encoding="UTF-8"?>
<!-- Generated by org.testng.reporters.JUnitReportReporter -->
<testsuite hostname="travis-job-b0a41994-b711-45e2-8eb8-5b39829d5a5d" name="io.kaitai.struct.spec.TestCastNested" tests="1" failures="0" timestamp="6 Jul 2019 05:32:41 GMT" time="0.002" errors="0">
  <testcase name="testCastNested" time="0.002" classname="io.kaitai.struct.spec.TestCastNested"/>
</testsuite> <!-- io.kaitai.struct.spec.TestCastNested -->
