<?xml version="1.0" encoding="UTF-8"?>
<!-- Generated by org.testng.reporters.JUnitReportReporter -->
<testsuite hostname="travis-job-c4665ce7-d6ed-495b-9aab-b9afdb35314d" failures="0" tests="1" name="io.kaitai.struct.spec.TestProcessXorConst" time="0.001" errors="0" timestamp="2 Aug 2020 14:46:30 GMT">
  <testcase classname="io.kaitai.struct.spec.TestProcessXorConst" name="testProcessXorConst" time="0.001"/>
</testsuite> <!-- io.kaitai.struct.spec.TestProcessXorConst -->
