<?xml version="1.0" encoding="UTF-8"?>
<!-- Generated by org.testng.reporters.JUnitReportReporter -->
<testsuite hostname="travis-job-08a055cc-de2a-4af7-a9ed-106cbf95af96" failures="0" tests="1" name="io.kaitai.struct.spec.TestValidFailEqInt" time="0.000" errors="0" timestamp="1 Aug 2022 22:15:11 GMT">
  <testcase classname="io.kaitai.struct.spec.TestValidFailEqInt" name="testValidFailEqInt" time="0.000"/>
</testsuite> <!-- io.kaitai.struct.spec.TestValidFailEqInt -->
