<?xml version="1.0" encoding="UTF-8"?>
<!-- Generated by org.testng.reporters.JUnitReportReporter -->
<testsuite hostname="testing-gce-50802a2c-874b-4980-a1c6-beb5493808ce" name="io.kaitai.struct.spec.TestProcessCoerceUsertype2" tests="1" failures="0" timestamp="24 Aug 2017 18:23:15 GMT" time="0.001" errors="0">
  <testcase name="testProcessCoerceUsertype2" time="0.001" classname="io.kaitai.struct.spec.TestProcessCoerceUsertype2"/>
</testsuite> <!-- io.kaitai.struct.spec.TestProcessCoerceUsertype2 -->
