<?xml version="1.0" encoding="UTF-8"?>
<!-- Generated by org.testng.reporters.JUnitReportReporter -->
<testsuite failures="0" tests="1" name="io.kaitai.struct.spec.TestBcdUserTypeBe" time="0.003" errors="0" timestamp="15 Jul 2023 06:48:20 GMT">
  <testcase classname="io.kaitai.struct.spec.TestBcdUserTypeBe" name="testBcdUserTypeBe" time="0.003"/>
</testsuite> <!-- io.kaitai.struct.spec.TestBcdUserTypeBe -->
