<?xml version="1.0" encoding="UTF-8"?>
<!-- Generated by org.testng.reporters.JUnitReportReporter -->
<testsuite failures="0" tests="1" name="io.kaitai.struct.spec.TestNavParentFalse" time="0.002" errors="0" timestamp="21 Jul 2023 09:28:42 GMT">
  <testcase classname="io.kaitai.struct.spec.TestNavParentFalse" name="testNavParentFalse" time="0.002"/>
</testsuite> <!-- io.kaitai.struct.spec.TestNavParentFalse -->
