<?xml version="1.0" encoding="UTF-8"?>
<!-- Generated by org.testng.reporters.JUnitReportReporter -->
<testsuite hostname="localhost" name="io.kaitai.struct.spec.TestValidNotParsedIf" tests="1" failures="0" timestamp="4 Nov 2019 10:55:05 GMT" time="0.058" errors="1">
  <testcase name="testValidNotParsedIf" time="0.058" classname="io.kaitai.struct.spec.TestValidNotParsedIf">
    <error type="java.lang.NullPointerException">
      <![CDATA[java.lang.NullPointerException
	at io.kaitai.struct.testformats.ValidNotParsedIf._read(ValidNotParsedIf.java:33)
	at io.kaitai.struct.testformats.ValidNotParsedIf.<init>(ValidNotParsedIf.java:27)
	at io.kaitai.struct.testformats.ValidNotParsedIf.<init>(ValidNotParsedIf.java:16)
	at io.kaitai.struct.testformats.ValidNotParsedIf.fromFile(ValidNotParsedIf.java:12)
	at io.kaitai.struct.spec.TestValidNotParsedIf.testValidNotParsedIf(TestValidNotParsedIf.java:12)
	at sun.reflect.NativeMethodAccessorImpl.invoke0(Native Method)
	at sun.reflect.NativeMethodAccessorImpl.invoke(NativeMethodAccessorImpl.java:62)
	at sun.reflect.DelegatingMethodAccessorImpl.invoke(DelegatingMethodAccessorImpl.java:43)
	at java.lang.reflect.Method.invoke(Method.java:498)
	at org.testng.internal.MethodInvocationHelper.invokeMethod(MethodInvocationHelper.java:86)
	at org.testng.internal.Invoker.invokeMethod(Invoker.java:643)
	at org.testng.internal.Invoker.invokeTestMethod(Invoker.java:820)
	at org.testng.internal.Invoker.invokeTestMethods(Invoker.java:1128)
	at org.testng.internal.TestMethodWorker.invokeTestMethods(TestMethodWorker.java:129)
	at org.testng.internal.TestMethodWorker.run(TestMethodWorker.java:112)
	at org.testng.TestRunner.privateRun(TestRunner.java:782)
	at org.testng.TestRunner.run(TestRunner.java:632)
	at org.testng.SuiteRunner.runTest(SuiteRunner.java:366)
	at org.testng.SuiteRunner.runSequentially(SuiteRunner.java:361)
	at org.testng.SuiteRunner.privateRun(SuiteRunner.java:319)
	at org.testng.SuiteRunner.run(SuiteRunner.java:268)
	at org.testng.SuiteRunnerWorker.runSuite(SuiteRunnerWorker.java:52)
	at org.testng.SuiteRunnerWorker.run(SuiteRunnerWorker.java:86)
	at org.testng.TestNG.runSuitesSequentially(TestNG.java:1244)
	at org.testng.TestNG.runSuitesLocally(TestNG.java:1169)
	at org.testng.TestNG.run(TestNG.java:1064)
	at org.testng.TestNG.privateMain(TestNG.java:1385)
	at org.testng.TestNG.main(TestNG.java:1354)
]]>
    </error>
  </testcase> <!-- testValidNotParsedIf -->
</testsuite> <!-- io.kaitai.struct.spec.TestValidNotParsedIf -->
