<?xml version="1.0" encoding="UTF-8"?>
<!-- Generated by org.testng.reporters.JUnitReportReporter -->
<testsuite hostname="localhost" name="io.kaitai.struct.spec.TestNestedTypes2" tests="1" failures="0" timestamp="28 Jul 2022 00:13:23 GMT" time="0.010" errors="0">
  <testcase name="testNestedTypes2" time="0.010" classname="io.kaitai.struct.spec.TestNestedTypes2"/>
</testsuite> <!-- io.kaitai.struct.spec.TestNestedTypes2 -->
