<?xml version="1.0" encoding="UTF-8"?>
<!-- Generated by org.testng.reporters.JUnitReportReporter -->
<testsuite failures="0" tests="1" name="io.kaitai.struct.spec.TestValidFailMinInt" time="0.021" errors="0" timestamp="10 Oct 2023 21:18:49 GMT">
  <testcase classname="io.kaitai.struct.spec.TestValidFailMinInt" name="testValidFailMinInt" time="0.021"/>
</testsuite> <!-- io.kaitai.struct.spec.TestValidFailMinInt -->
