<?xml version="1.0" encoding="UTF-8"?>
<!-- Generated by org.testng.reporters.JUnitReportReporter -->
<testsuite hostname="travis-job-2ff8ddea-a5c1-4179-8de2-65959a490243" name="io.kaitai.struct.spec.TestProcessXor4Value" tests="1" failures="0" timestamp="23 Mar 2018 20:25:40 GMT" time="0.001" errors="0">
  <testcase name="testProcessXor4Value" time="0.001" classname="io.kaitai.struct.spec.TestProcessXor4Value"/>
</testsuite> <!-- io.kaitai.struct.spec.TestProcessXor4Value -->
