<?xml version="1.0" encoding="UTF-8"?>
<!-- Generated by org.testng.reporters.JUnitReportReporter -->
<testsuite hostname="travis-job-e61abea9-c795-4c37-b398-a9ecfc5fa7e0" name="io.kaitai.struct.spec.TestStrEncodingsDefault" tests="1" failures="0" timestamp="11 Feb 2020 09:32:12 GMT" time="0.025" errors="0">
  <testcase name="testStrEncodingsDefault" time="0.025" classname="io.kaitai.struct.spec.TestStrEncodingsDefault"/>
</testsuite> <!-- io.kaitai.struct.spec.TestStrEncodingsDefault -->
