<?xml version="1.0" encoding="UTF-8"?>
<!-- Generated by org.testng.reporters.JUnitReportReporter -->
<testsuite hostname="testing-gce-9bd1f2be-9809-4720-be80-4cbefaec459f" name="io.kaitai.struct.spec.TestImportsCircularA" tests="1" failures="0" timestamp="1 May 2017 21:49:21 GMT" time="0.001" errors="0">
  <testcase name="testImportsCircularA" time="0.001" classname="io.kaitai.struct.spec.TestImportsCircularA"/>
</testsuite> <!-- io.kaitai.struct.spec.TestImportsCircularA -->
