<?xml version="1.0" encoding="UTF-8"?>
<!-- Generated by org.testng.reporters.JUnitReportReporter -->
<testsuite hostname="travis-job-4df52db8-645f-4c29-b105-1b4286559e16" failures="0" tests="1" name="io.kaitai.struct.spec.TestParamsCallExtraParens" time="0.005" errors="0" timestamp="29 Apr 2020 19:46:21 GMT">
  <testcase classname="io.kaitai.struct.spec.TestParamsCallExtraParens" name="testParamsCallExtraParens" time="0.005"/>
</testsuite> <!-- io.kaitai.struct.spec.TestParamsCallExtraParens -->
