<?xml version="1.0" encoding="UTF-8"?>
<!-- Generated by org.testng.reporters.JUnitReportReporter -->
<testsuite hostname="travis-job-e68da027-0fc0-4bc1-b228-283fa8e2f50f" name="io.kaitai.struct.spec.TestProcessCoerceSwitch" tests="1" failures="0" timestamp="26 Jul 2020 17:52:15 GMT" time="0.000" errors="0">
  <testcase name="testProcessCoerceSwitch" time="0.000" classname="io.kaitai.struct.spec.TestProcessCoerceSwitch"/>
</testsuite> <!-- io.kaitai.struct.spec.TestProcessCoerceSwitch -->
