<?xml version="1.0" encoding="UTF-8"?>
<!-- Generated by org.testng.reporters.JUnitReportReporter -->
<testsuite hostname="testing-gce-a16a6554-c4eb-41b8-a81f-21c9dc3a61f8" name="io.kaitai.struct.spec.TestIfStruct" tests="1" failures="0" timestamp="10 Apr 2017 17:02:55 GMT" time="0.019" errors="0">
  <testcase name="testIfStruct" time="0.019" classname="io.kaitai.struct.spec.TestIfStruct"/>
</testsuite> <!-- io.kaitai.struct.spec.TestIfStruct -->
