<?xml version="1.0" encoding="UTF-8"?>
<!-- Generated by org.testng.reporters.JUnitReportReporter -->
<testsuite hostname="travis-job-39e6574c-5e89-428b-804e-0efcd549ba83" failures="0" tests="1" name="io.kaitai.struct.spec.TestSwitchManualEnumInvalidElse" time="0.007" errors="0" timestamp="17 May 2020 21:29:20 GMT">
  <testcase classname="io.kaitai.struct.spec.TestSwitchManualEnumInvalidElse" name="testSwitchManualEnumInvalidElse" time="0.007"/>
</testsuite> <!-- io.kaitai.struct.spec.TestSwitchManualEnumInvalidElse -->
