<?xml version="1.0" encoding="UTF-8"?>
<!-- Generated by org.testng.reporters.JUnitReportReporter -->
<testsuite hostname="travis-job-ce3b5296-1000-4515-945c-719a953faf30" name="io.kaitai.struct.spec.TestTypeTernary" tests="1" failures="0" timestamp="27 Jul 2020 15:11:32 GMT" time="0.000" errors="0">
  <testcase name="testTypeTernary" time="0.000" classname="io.kaitai.struct.spec.TestTypeTernary"/>
</testsuite> <!-- io.kaitai.struct.spec.TestTypeTernary -->
