<?xml version="1.0" encoding="UTF-8"?>
<!-- Generated by org.testng.reporters.JUnitReportReporter -->
<testsuite hostname="travis-job-de3e818c-a386-4504-9e5a-2e66d456e0d4" name="io.kaitai.struct.spec.TestEnumForUnknownId" tests="1" failures="0" timestamp="15 Apr 2019 23:19:54 GMT" time="0.000" errors="0">
  <testcase name="testEnumForUnknownId" time="0.000" classname="io.kaitai.struct.spec.TestEnumForUnknownId"/>
</testsuite> <!-- io.kaitai.struct.spec.TestEnumForUnknownId -->
