<?xml version="1.0" encoding="UTF-8"?>
<!-- Generated by org.testng.reporters.JUnitReportReporter -->
<testsuite hostname="travis-job-923c40cc-8c11-4f9d-a4a6-8d7e38a0356c" name="io.kaitai.struct.spec.TestDebugEnumName" tests="1" failures="0" timestamp="26 Mar 2018 00:48:37 GMT" time="0.003" errors="0">
  <testcase name="testDebugEnumName" time="0.003" classname="io.kaitai.struct.spec.TestDebugEnumName"/>
</testsuite> <!-- io.kaitai.struct.spec.TestDebugEnumName -->
