<?xml version="1.0" encoding="UTF-8"?>
<!-- Generated by org.testng.reporters.JUnitReportReporter -->
<testsuite hostname="travis-job-c58ddf8e-1549-4197-b46e-dff815feeb19" name="io.kaitai.struct.spec.TestEnumIf" tests="1" failures="0" timestamp="23 May 2020 22:03:25 GMT" time="0.002" errors="0">
  <testcase name="testEnumIf" time="0.002" classname="io.kaitai.struct.spec.TestEnumIf"/>
</testsuite> <!-- io.kaitai.struct.spec.TestEnumIf -->
