<?xml version="1.0" encoding="UTF-8"?>
<!-- Generated by org.testng.reporters.JUnitReportReporter -->
<testsuite hostname="travis-job-1e77010a-1d18-487f-8c15-be895f8c37da" name="io.kaitai.struct.spec.TestNavParent" tests="1" failures="0" timestamp="8 Apr 2018 21:27:35 GMT" time="0.006" errors="0">
  <testcase name="testNavParent" time="0.006" classname="io.kaitai.struct.spec.TestNavParent"/>
</testsuite> <!-- io.kaitai.struct.spec.TestNavParent -->
