<?xml version="1.0" encoding="UTF-8"?>
<!-- Generated by org.testng.reporters.JUnitReportReporter -->
<testsuite hostname="travis-job-d48944f0-494f-4b5d-b0f9-b6db0fdd6062" name="io.kaitai.struct.spec.TestValidNotParsedIf" tests="1" failures="0" timestamp="28 Jul 2022 09:44:04 GMT" time="0.039" errors="0">
  <testcase name="testValidNotParsedIf" time="0.039" classname="io.kaitai.struct.spec.TestValidNotParsedIf"/>
</testsuite> <!-- io.kaitai.struct.spec.TestValidNotParsedIf -->
