<?xml version="1.0" encoding="UTF-8"?>
<!-- Generated by org.testng.reporters.JUnitReportReporter -->
<testsuite failures="0" tests="1" name="io.kaitai.struct.spec.TestTypeTernaryOpaque" time="0.001" errors="0" timestamp="28 Jul 2023 21:49:58 GMT">
  <testcase classname="io.kaitai.struct.spec.TestTypeTernaryOpaque" name="testTypeTernaryOpaque" time="0.001"/>
</testsuite> <!-- io.kaitai.struct.spec.TestTypeTernaryOpaque -->
