<?xml version="1.0" encoding="UTF-8"?>
<!-- Generated by org.testng.reporters.JUnitReportReporter -->
<testsuite hostname="travis-job-4182e9cc-9b3c-4c1f-bbf7-bd6ffa6366e8" name="io.kaitai.struct.spec.TestPositionToEnd" tests="1" failures="0" timestamp="29 Mar 2019 20:00:27 GMT" time="0.001" errors="0">
  <testcase name="testPositionToEnd" time="0.001" classname="io.kaitai.struct.spec.TestPositionToEnd"/>
</testsuite> <!-- io.kaitai.struct.spec.TestPositionToEnd -->
