<?xml version="1.0" encoding="UTF-8"?>
<!-- Generated by org.testng.reporters.JUnitReportReporter -->
<testsuite hostname="travis-job-1549b904-152a-4c1d-b918-d451fe2e54bd" name="io.kaitai.struct.spec.TestProcessToUser" tests="1" failures="0" timestamp="30 May 2020 22:23:17 GMT" time="0.000" errors="0">
  <testcase name="testProcessToUser" time="0.000" classname="io.kaitai.struct.spec.TestProcessToUser"/>
</testsuite> <!-- io.kaitai.struct.spec.TestProcessToUser -->
