<?xml version="1.0" encoding="UTF-8"?>
<!-- Generated by org.testng.reporters.JUnitReportReporter -->
<testsuite hostname="localhost" name="io.kaitai.struct.spec.TestEosExceptionU4" tests="1" failures="0" timestamp="29 Mar 2020 09:17:45 GMT" time="0.001" errors="0">
  <testcase name="testEosExceptionU4" time="0.001" classname="io.kaitai.struct.spec.TestEosExceptionU4"/>
</testsuite> <!-- io.kaitai.struct.spec.TestEosExceptionU4 -->
