<?xml version="1.0" encoding="UTF-8"?>
<!-- Generated by org.testng.reporters.JUnitReportReporter -->
<testsuite name="io.kaitai.struct.spec.TestTypeTernary" tests="1" failures="0" timestamp="5 Jul 2023 16:14:11 GMT" time="0.000" errors="0">
  <testcase name="testTypeTernary" time="0.000" classname="io.kaitai.struct.spec.TestTypeTernary"/>
</testsuite> <!-- io.kaitai.struct.spec.TestTypeTernary -->
