<?xml version="1.0" encoding="UTF-8"?>
<!-- Generated by org.testng.reporters.JUnitReportReporter -->
<testsuite hostname="localhost" name="io.kaitai.struct.spec.TestValidSwitch" tests="1" failures="0" timestamp="30 Mar 2020 15:00:08 GMT" time="0.000" errors="0">
  <testcase name="testValidSwitch" time="0.000" classname="io.kaitai.struct.spec.TestValidSwitch"/>
</testsuite> <!-- io.kaitai.struct.spec.TestValidSwitch -->
