<?xml version="1.0" encoding="UTF-8"?>
<!-- Generated by org.testng.reporters.JUnitReportReporter -->
<testsuite hostname="travis-job-375a6496-5941-4e57-b4c7-2a7e02e5f077" name="io.kaitai.struct.spec.TestEnumDeepLiterals" tests="1" failures="0" timestamp="17 Mar 2020 20:26:20 GMT" time="0.001" errors="0">
  <testcase name="testEnumDeepLiterals" time="0.001" classname="io.kaitai.struct.spec.TestEnumDeepLiterals"/>
</testsuite> <!-- io.kaitai.struct.spec.TestEnumDeepLiterals -->
