<?xml version="1.0" encoding="UTF-8"?>
<!-- Generated by org.testng.reporters.JUnitReportReporter -->
<testsuite name="io.kaitai.struct.spec.TestNestedTypes2" tests="1" failures="0" timestamp="2 Aug 2023 21:06:41 GMT" time="0.002" errors="0">
  <testcase name="testNestedTypes2" time="0.002" classname="io.kaitai.struct.spec.TestNestedTypes2"/>
</testsuite> <!-- io.kaitai.struct.spec.TestNestedTypes2 -->
