<?xml version="1.0" encoding="UTF-8"?>
<!-- Generated by org.testng.reporters.JUnitReportReporter -->
<testsuite hostname="travis-job-f3f15de0-bbfe-49e4-ad26-92ac6404042c" name="io.kaitai.struct.spec.TestIndexToParamUntil" tests="1" failures="0" timestamp="27 Apr 2019 17:18:10 GMT" time="0.000" errors="0">
  <testcase name="testIndexToParamUntil" time="0.000" classname="io.kaitai.struct.spec.TestIndexToParamUntil"/>
</testsuite> <!-- io.kaitai.struct.spec.TestIndexToParamUntil -->
