<?xml version="1.0" encoding="UTF-8"?>
<!-- Generated by org.testng.reporters.JUnitReportReporter -->
<testsuite hostname="travis-job-22606e76-6922-4cba-a690-cacbc9f61f9a" name="io.kaitai.struct.spec.TestExprIoPos" tests="1" failures="0" timestamp="29 Apr 2020 19:44:41 GMT" time="0.001" errors="0">
  <testcase name="testExprIoPos" time="0.001" classname="io.kaitai.struct.spec.TestExprIoPos"/>
</testsuite> <!-- io.kaitai.struct.spec.TestExprIoPos -->
