<?xml version="1.0" encoding="UTF-8"?>
<!-- Generated by org.testng.reporters.JUnitReportReporter -->
<testsuite hostname="fv-az570-599" name="io.kaitai.struct.spec.TestStrEncodings" tests="1" failures="0" timestamp="30 Jun 2023 19:50:31 GMT" time="0.074" errors="0">
  <testcase name="testStrEncodings" time="0.074" classname="io.kaitai.struct.spec.TestStrEncodings"/>
</testsuite> <!-- io.kaitai.struct.spec.TestStrEncodings -->
