<?xml version="1.0" encoding="UTF-8"?>
<!-- Generated by org.testng.reporters.JUnitReportReporter -->
<testsuite hostname="travis-job-d53549d6-0917-4621-85f5-ee7b3a4766a2" failures="0" tests="1" name="io.kaitai.struct.spec.TestDebugSwitchUser" time="0.002" errors="0" timestamp="17 Jun 2022 12:26:42 GMT">
  <testcase classname="io.kaitai.struct.spec.TestDebugSwitchUser" name="testDebugSwitchUser" time="0.002"/>
</testsuite> <!-- io.kaitai.struct.spec.TestDebugSwitchUser -->
