<?xml version="1.0" encoding="UTF-8"?>
<!-- Generated by org.testng.reporters.JUnitReportReporter -->
<testsuite failures="0" tests="1" name="io.kaitai.struct.spec.TestDefaultBigEndian" time="0.002" errors="0" timestamp="19 Jul 2023 21:02:29 GMT">
  <testcase classname="io.kaitai.struct.spec.TestDefaultBigEndian" name="testDefaultBigEndian" time="0.002"/>
</testsuite> <!-- io.kaitai.struct.spec.TestDefaultBigEndian -->
