<?xml version="1.0" encoding="UTF-8"?>
<!-- Generated by org.testng.reporters.JUnitReportReporter -->
<testsuite hostname="travis-job-3856b443-79e5-45c9-8b8d-d351e8faa2d8" name="io.kaitai.struct.spec.TestNestedTypes" tests="1" failures="0" timestamp="1 Apr 2019 21:59:21 GMT" time="0.015" errors="0">
  <testcase name="testNestedTypes" time="0.015" classname="io.kaitai.struct.spec.TestNestedTypes"/>
</testsuite> <!-- io.kaitai.struct.spec.TestNestedTypes -->
