<?xml version="1.0" encoding="UTF-8"?>
<!-- Generated by org.testng.reporters.JUnitReportReporter -->
<testsuite failures="0" tests="1" name="io.kaitai.struct.spec.TestPositionAbs" time="0.002" errors="0" timestamp="9 Oct 2023 19:30:23 GMT">
  <testcase classname="io.kaitai.struct.spec.TestPositionAbs" name="testPositionAbs" time="0.002"/>
</testsuite> <!-- io.kaitai.struct.spec.TestPositionAbs -->
