<?xml version="1.0" encoding="UTF-8"?>
<!-- Generated by org.testng.reporters.JUnitReportReporter -->
<testsuite hostname="testing-gce-b9a240af-6353-4dc8-87fc-c25a45216f72" name="io.kaitai.struct.spec.TestImportsCircularA" tests="1" failures="0" timestamp="17 May 2017 11:04:57 GMT" time="0.000" errors="0">
  <testcase name="testImportsCircularA" time="0.000" classname="io.kaitai.struct.spec.TestImportsCircularA"/>
</testsuite> <!-- io.kaitai.struct.spec.TestImportsCircularA -->
