<?xml version="1.0" encoding="UTF-8"?>
<!-- Generated by org.testng.reporters.JUnitReportReporter -->
<testsuite failures="0" tests="1" name="io.kaitai.struct.spec.TestDocstrings" time="0.002" errors="0" timestamp="6 Jul 2023 19:35:32 GMT">
  <testcase classname="io.kaitai.struct.spec.TestDocstrings" name="testDocstrings" time="0.002"/>
</testsuite> <!-- io.kaitai.struct.spec.TestDocstrings -->
