<?xml version="1.0" encoding="UTF-8"?>
<!-- Generated by org.testng.reporters.JUnitReportReporter -->
<testsuite hostname="travis-job-d85fd2f5-3041-4ce7-b793-073b382b3daa" failures="0" tests="1" name="io.kaitai.struct.spec.TestBcdUserTypeBe" time="0.006" errors="0" timestamp="20 Oct 2020 22:47:08 GMT">
  <testcase classname="io.kaitai.struct.spec.TestBcdUserTypeBe" name="testBcdUserTypeBe" time="0.006"/>
</testsuite> <!-- io.kaitai.struct.spec.TestBcdUserTypeBe -->
