<?xml version="1.0" encoding="UTF-8"?>
<!-- Generated by org.testng.reporters.JUnitReportReporter -->
<testsuite hostname="testing-gce-c8712559-f61d-45f2-80a7-86d5c5f5ba90" name="io.kaitai.struct.spec.TestNestedTypes" tests="1" failures="0" timestamp="17 Apr 2017 11:02:27 GMT" time="0.004" errors="0">
  <testcase name="testNestedTypes" time="0.004" classname="io.kaitai.struct.spec.TestNestedTypes"/>
</testsuite> <!-- io.kaitai.struct.spec.TestNestedTypes -->
