<?xml version="1.0" encoding="UTF-8"?>
<!-- Generated by org.testng.reporters.JUnitReportReporter -->
<testsuite hostname="travis-job-eb2edc05-239c-4dc5-ac65-350854d63d09" name="io.kaitai.struct.spec.TestInstanceStdArray" tests="1" failures="0" timestamp="18 Aug 2018 11:25:53 GMT" time="0.003" errors="0">
  <testcase name="testInstanceStdArray" time="0.003" classname="io.kaitai.struct.spec.TestInstanceStdArray"/>
</testsuite> <!-- io.kaitai.struct.spec.TestInstanceStdArray -->
