<?xml version="1.0" encoding="UTF-8"?>
<!-- Generated by org.testng.reporters.JUnitReportReporter -->
<testsuite hostname="localhost" name="io.kaitai.struct.spec.TestSwitchManualIntSize" tests="1" failures="0" timestamp="23 May 2020 22:04:31 GMT" time="0.009" errors="0">
  <testcase name="testSwitchManualIntSize" time="0.009" classname="io.kaitai.struct.spec.TestSwitchManualIntSize"/>
</testsuite> <!-- io.kaitai.struct.spec.TestSwitchManualIntSize -->
