<?xml version="1.0" encoding="UTF-8"?>
<!-- Generated by org.testng.reporters.JUnitReportReporter -->
<testsuite hostname="travis-job-5c589616-0fcc-4934-8a57-d2c66755d1ba" name="io.kaitai.struct.spec.TestParamsEnum" tests="1" failures="0" timestamp="9 Nov 2018 11:14:59 GMT" time="0.017" errors="0">
  <testcase name="testParamsEnum" time="0.017" classname="io.kaitai.struct.spec.TestParamsEnum"/>
</testsuite> <!-- io.kaitai.struct.spec.TestParamsEnum -->
