<?xml version="1.0" encoding="UTF-8"?>
<!-- Generated by org.testng.reporters.JUnitReportReporter -->
<testsuite hostname="travis-job-3e5130ec-7d80-49d9-94a6-8bdb79b372fe" name="io.kaitai.struct.spec.TestFixedContents" tests="1" failures="0" timestamp="8 Apr 2020 17:51:08 GMT" time="0.000" errors="0">
  <testcase name="testFixedContents" time="0.000" classname="io.kaitai.struct.spec.TestFixedContents"/>
</testsuite> <!-- io.kaitai.struct.spec.TestFixedContents -->
