<?xml version="1.0" encoding="UTF-8"?>
<!-- Generated by org.testng.reporters.JUnitReportReporter -->
<testsuite hostname="travis-job-6fad34db-3a44-4848-a0f0-26d115757141" failures="0" tests="1" name="io.kaitai.struct.spec.TestEnumInvalid" time="0.002" errors="0" timestamp="2 Mar 2020 22:02:38 GMT">
  <testcase classname="io.kaitai.struct.spec.TestEnumInvalid" name="testEnumInvalid" time="0.002"/>
</testsuite> <!-- io.kaitai.struct.spec.TestEnumInvalid -->
