<?xml version="1.0" encoding="UTF-8"?>
<!-- Generated by org.testng.reporters.JUnitReportReporter -->
<testsuite hostname="testing-gce-0e0dabb7-25c8-4956-b4fa-ea2f6c7fd4f5" name="io.kaitai.struct.spec.TestNestedTypes2" tests="1" failures="0" timestamp="23 Aug 2017 05:46:43 GMT" time="0.023" errors="0">
  <testcase name="testNestedTypes2" time="0.023" classname="io.kaitai.struct.spec.TestNestedTypes2"/>
</testsuite> <!-- io.kaitai.struct.spec.TestNestedTypes2 -->
