<?xml version="1.0" encoding="UTF-8"?>
<!-- Generated by org.testng.reporters.JUnitReportReporter -->
<testsuite hostname="travis-job-82ee99f6-a242-471d-a405-cc43f11a8d24" name="io.kaitai.struct.spec.TestEnum0" tests="1" failures="0" timestamp="21 Oct 2019 18:40:02 GMT" time="0.017" errors="0">
  <testcase name="testEnum0" time="0.017" classname="io.kaitai.struct.spec.TestEnum0"/>
</testsuite> <!-- io.kaitai.struct.spec.TestEnum0 -->
