<?xml version="1.0" encoding="UTF-8"?>
<!-- Generated by org.testng.reporters.JUnitReportReporter -->
<testsuite failures="0" tests="1" name="io.kaitai.struct.spec.TestExprStrEncodings" time="0.012" errors="0" timestamp="8 Jul 2023 22:35:22 GMT">
  <testcase classname="io.kaitai.struct.spec.TestExprStrEncodings" name="testExprStrEncodings" time="0.012"/>
</testsuite> <!-- io.kaitai.struct.spec.TestExprStrEncodings -->
