<?xml version="1.0" encoding="UTF-8"?>
<!-- Generated by org.testng.reporters.JUnitReportReporter -->
<testsuite hostname="travis-job-06067f31-f02b-4b32-aece-e21e19d203b1" name="io.kaitai.struct.spec.TestDocstringsDocrefMulti" tests="1" failures="0" timestamp="8 Mar 2020 21:32:08 GMT" time="0.000" errors="0">
  <testcase name="testDocstringsDocrefMulti" time="0.000" classname="io.kaitai.struct.spec.TestDocstringsDocrefMulti"/>
</testsuite> <!-- io.kaitai.struct.spec.TestDocstringsDocrefMulti -->
