<?xml version="1.0" encoding="UTF-8"?>
<!-- Generated by org.testng.reporters.JUnitReportReporter -->
<testsuite name="io.kaitai.struct.spec.TestOpaqueExternalType" tests="1" failures="0" timestamp="7 Jul 2023 19:33:20 GMT" time="0.001" errors="0">
  <testcase name="testOpaqueExternalType" time="0.001" classname="io.kaitai.struct.spec.TestOpaqueExternalType"/>
</testsuite> <!-- io.kaitai.struct.spec.TestOpaqueExternalType -->
