<?xml version="1.0" encoding="UTF-8"?>
<!-- Generated by org.testng.reporters.JUnitReportReporter -->
<testsuite hostname="testing-gce-52bc38ac-934a-42ff-8967-c621111f2b8a" name="io.kaitai.struct.spec.TestNestedTypes" tests="1" failures="0" timestamp="30 Apr 2017 11:33:29 GMT" time="0.002" errors="0">
  <testcase name="testNestedTypes" time="0.002" classname="io.kaitai.struct.spec.TestNestedTypes"/>
</testsuite> <!-- io.kaitai.struct.spec.TestNestedTypes -->
