<?xml version="1.0" encoding="UTF-8"?>
<!-- Generated by org.testng.reporters.JUnitReportReporter -->
<testsuite hostname="travis-job-8195d558-07ba-4d1a-aedf-b7141539e626" failures="0" tests="1" name="io.kaitai.struct.spec.TestParamsPassArrayInt" time="0.014" errors="0" timestamp="27 Jun 2023 08:55:09 GMT">
  <testcase classname="io.kaitai.struct.spec.TestParamsPassArrayInt" name="testParamsPassArrayInt" time="0.014"/>
</testsuite> <!-- io.kaitai.struct.spec.TestParamsPassArrayInt -->
