<?xml version="1.0" encoding="UTF-8"?>
<!-- Generated by org.testng.reporters.JUnitReportReporter -->
<testsuite hostname="travis-job-1c6fbe1e-09c5-46dd-872f-ff4c6a3a7e6c" name="io.kaitai.struct.spec.TestProcessXorConst" tests="1" failures="0" timestamp="13 Feb 2020 23:43:01 GMT" time="0.000" errors="0">
  <testcase name="testProcessXorConst" time="0.000" classname="io.kaitai.struct.spec.TestProcessXorConst"/>
</testsuite> <!-- io.kaitai.struct.spec.TestProcessXorConst -->
