<?xml version="1.0" encoding="UTF-8"?>
<!-- Generated by org.testng.reporters.JUnitReportReporter -->
<testsuite hostname="travis-job-3bfa338c-873b-443f-b193-d60a3d6691f6" name="io.kaitai.struct.spec.TestProcessCustom" tests="1" failures="0" timestamp="27 Dec 2018 07:46:36 GMT" time="0.002" errors="0">
  <testcase name="testProcessCustom" time="0.002" classname="io.kaitai.struct.spec.TestProcessCustom"/>
</testsuite> <!-- io.kaitai.struct.spec.TestProcessCustom -->
