<?xml version="1.0" encoding="UTF-8"?>
<!-- Generated by org.testng.reporters.JUnitReportReporter -->
<testsuite hostname="testing-gce-0907fb66-3464-4df2-80b3-33f2c0edb27f" name="io.kaitai.struct.spec.TestExprArray" tests="1" failures="0" timestamp="4 Oct 2017 05:50:27 GMT" time="0.002" errors="0">
  <testcase name="testExprArray" time="0.002" classname="io.kaitai.struct.spec.TestExprArray"/>
</testsuite> <!-- io.kaitai.struct.spec.TestExprArray -->
