<?xml version="1.0" encoding="UTF-8"?>
<!-- Generated by org.testng.reporters.JUnitReportReporter -->
<testsuite hostname="fv-az570-599" name="io.kaitai.struct.spec.TestSwitchManualStr" tests="1" failures="0" timestamp="30 Jun 2023 19:50:31 GMT" time="0.003" errors="0">
  <testcase name="testSwitchManualStr" time="0.003" classname="io.kaitai.struct.spec.TestSwitchManualStr"/>
</testsuite> <!-- io.kaitai.struct.spec.TestSwitchManualStr -->
