<?xml version="1.0" encoding="UTF-8"?>
<!-- Generated by org.testng.reporters.JUnitReportReporter -->
<testsuite hostname="travis-job-c5114837-ae7d-45b0-b443-97cfd948b3a1" failures="0" tests="1" name="io.kaitai.struct.spec.TestHelloWorld" time="0.002" errors="0" timestamp="9 Apr 2020 21:15:39 GMT">
  <testcase classname="io.kaitai.struct.spec.TestHelloWorld" name="testHelloWorld" time="0.002"/>
</testsuite> <!-- io.kaitai.struct.spec.TestHelloWorld -->
