<?xml version="1.0" encoding="UTF-8"?>
<!-- Generated by org.testng.reporters.JUnitReportReporter -->
<testsuite hostname="localhost" name="io.kaitai.struct.spec.TestSwitchElseOnly" tests="1" failures="0" timestamp="27 Jul 2020 15:12:57 GMT" time="0.001" errors="0">
  <testcase name="testSwitchElseOnly" time="0.001" classname="io.kaitai.struct.spec.TestSwitchElseOnly"/>
</testsuite> <!-- io.kaitai.struct.spec.TestSwitchElseOnly -->
