<?xml version="1.0" encoding="UTF-8"?>
<!-- Generated by org.testng.reporters.JUnitReportReporter -->
<testsuite hostname="fv-az203-929" failures="0" tests="1" name="io.kaitai.struct.spec.TestRepeatNStruct" time="0.011" errors="0" timestamp="28 Jun 2023 19:44:58 GMT">
  <testcase classname="io.kaitai.struct.spec.TestRepeatNStruct" name="testRepeatNStruct" time="0.011"/>
</testsuite> <!-- io.kaitai.struct.spec.TestRepeatNStruct -->
