<?xml version="1.0" encoding="UTF-8"?>
<!-- Generated by org.testng.reporters.JUnitReportReporter -->
<testsuite hostname="travis-job-bfd02900-ca18-4014-a4ab-3ee2c68a39fb" name="io.kaitai.struct.spec.TestExprMod" tests="1" failures="0" timestamp="4 Mar 2019 10:08:55 GMT" time="0.000" errors="0">
  <testcase name="testExprMod" time="0.000" classname="io.kaitai.struct.spec.TestExprMod"/>
</testsuite> <!-- io.kaitai.struct.spec.TestExprMod -->
