<?xml version="1.0" encoding="UTF-8"?>
<!-- Generated by org.testng.reporters.JUnitReportReporter -->
<testsuite hostname="localhost" name="io.kaitai.struct.spec.TestSwitchManualStr" tests="1" failures="0" timestamp="2 Mar 2021 19:58:20 GMT" time="0.006" errors="0">
  <testcase name="testSwitchManualStr" time="0.006" classname="io.kaitai.struct.spec.TestSwitchManualStr"/>
</testsuite> <!-- io.kaitai.struct.spec.TestSwitchManualStr -->
