<?xml version="1.0" encoding="UTF-8"?>
<!-- Generated by org.testng.reporters.JUnitReportReporter -->
<testsuite hostname="localhost" name="io.kaitai.struct.spec.TestImportsRel1" tests="1" failures="0" timestamp="15 Sep 2019 13:02:46 GMT" time="0.001" errors="0">
  <testcase name="testImportsRel1" time="0.001" classname="io.kaitai.struct.spec.TestImportsRel1"/>
</testsuite> <!-- io.kaitai.struct.spec.TestImportsRel1 -->
