<?xml version="1.0" encoding="UTF-8"?>
<!-- Generated by org.testng.reporters.JUnitReportReporter -->
<testsuite hostname="travis-job-cf7a62fe-cd17-4ab1-a06f-947f84142724" name="io.kaitai.struct.spec.TestExprMod" tests="1" failures="0" timestamp="23 Sep 2019 14:39:00 GMT" time="0.000" errors="0">
  <testcase name="testExprMod" time="0.000" classname="io.kaitai.struct.spec.TestExprMod"/>
</testsuite> <!-- io.kaitai.struct.spec.TestExprMod -->
