<?xml version="1.0" encoding="UTF-8"?>
<!-- Generated by org.testng.reporters.JUnitReportReporter -->
<testsuite hostname="travis-job-464b9757-123c-4fdf-859d-2326e6c656ae" failures="0" tests="1" name="io.kaitai.struct.spec.TestPositionToEnd" time="0.002" errors="0" timestamp="13 Feb 2020 23:44:31 GMT">
  <testcase classname="io.kaitai.struct.spec.TestPositionToEnd" name="testPositionToEnd" time="0.002"/>
</testsuite> <!-- io.kaitai.struct.spec.TestPositionToEnd -->
