<?xml version="1.0" encoding="UTF-8"?>
<!-- Generated by org.testng.reporters.JUnitReportReporter -->
<testsuite hostname="localhost" name="io.kaitai.struct.spec.TestIndexToParamExpr" tests="1" failures="0" timestamp="16 Oct 2019 17:01:53 GMT" time="0.004" errors="0">
  <testcase name="testIndexToParamExpr" time="0.004" classname="io.kaitai.struct.spec.TestIndexToParamExpr"/>
</testsuite> <!-- io.kaitai.struct.spec.TestIndexToParamExpr -->
