<?xml version="1.0" encoding="UTF-8"?>
<!-- Generated by org.testng.reporters.JUnitReportReporter -->
<testsuite hostname="travis-job-be1a0029-9a63-4b75-88e7-3d59b5c3e4a7" name="io.kaitai.struct.spec.TestDocstringsDocrefMulti" tests="1" failures="0" timestamp="21 Mar 2020 18:53:29 GMT" time="0.000" errors="0">
  <testcase name="testDocstringsDocrefMulti" time="0.000" classname="io.kaitai.struct.spec.TestDocstringsDocrefMulti"/>
</testsuite> <!-- io.kaitai.struct.spec.TestDocstringsDocrefMulti -->
