<?xml version="1.0" encoding="UTF-8"?>
<!-- Generated by org.testng.reporters.JUnitReportReporter -->
<testsuite name="io.kaitai.struct.spec.TestBitsShiftByB32Le" tests="1" failures="0" timestamp="5 Jul 2023 11:56:29 GMT" time="0.003" errors="0">
  <testcase name="testBitsShiftByB32Le" time="0.003" classname="io.kaitai.struct.spec.TestBitsShiftByB32Le"/>
</testsuite> <!-- io.kaitai.struct.spec.TestBitsShiftByB32Le -->
