<?xml version="1.0" encoding="UTF-8"?>
<!-- Generated by org.testng.reporters.JUnitReportReporter -->
<testsuite hostname="localhost" name="io.kaitai.struct.spec.TestEnum1" tests="1" failures="0" timestamp="29 Apr 2020 19:45:57 GMT" time="0.015" errors="0">
  <testcase name="testEnum1" time="0.015" classname="io.kaitai.struct.spec.TestEnum1"/>
</testsuite> <!-- io.kaitai.struct.spec.TestEnum1 -->
