<?xml version="1.0" encoding="UTF-8"?>
<!-- Generated by org.testng.reporters.JUnitReportReporter -->
<testsuite hostname="travis-job-e9f32a55-bda7-4d04-a681-8f21c861984b" name="io.kaitai.struct.spec.TestMultipleUse" tests="1" failures="0" timestamp="31 Jul 2020 22:30:27 GMT" time="0.001" errors="0">
  <testcase name="testMultipleUse" time="0.001" classname="io.kaitai.struct.spec.TestMultipleUse"/>
</testsuite> <!-- io.kaitai.struct.spec.TestMultipleUse -->
