<?xml version="1.0" encoding="UTF-8"?>
<!-- Generated by org.testng.reporters.JUnitReportReporter -->
<testsuite name="io.kaitai.struct.spec.TestMetaXref" tests="1" failures="0" timestamp="9 Oct 2023 18:35:56 GMT" time="0.000" errors="0">
  <testcase name="testMetaXref" time="0.000" classname="io.kaitai.struct.spec.TestMetaXref"/>
</testsuite> <!-- io.kaitai.struct.spec.TestMetaXref -->
