<?xml version="1.0" encoding="UTF-8"?>
<!-- Generated by org.testng.reporters.JUnitReportReporter -->
<testsuite failures="0" tests="1" name="io.kaitai.struct.spec.TestNavParentVsValueInst" time="0.026" errors="0" timestamp="2 Mar 2024 12:48:12 GMT">
  <testcase classname="io.kaitai.struct.spec.TestNavParentVsValueInst" name="testNavParentVsValueInst" time="0.026"/>
</testsuite> <!-- io.kaitai.struct.spec.TestNavParentVsValueInst -->
