<?xml version="1.0" encoding="UTF-8"?>
<!-- Generated by org.testng.reporters.JUnitReportReporter -->
<testsuite hostname="travis-job-bdf7585a-a195-4ead-a096-ad719bff9e80" name="io.kaitai.struct.spec.TestValidShort" tests="1" failures="0" timestamp="9 Dec 2019 19:39:27 GMT" time="0.000" errors="0">
  <testcase name="testValidShort" time="0.000" classname="io.kaitai.struct.spec.TestValidShort"/>
</testsuite> <!-- io.kaitai.struct.spec.TestValidShort -->
