<?xml version="1.0" encoding="UTF-8"?>
<!-- Generated by org.testng.reporters.JUnitReportReporter -->
<testsuite hostname="localhost" name="io.kaitai.struct.spec.TestIntegersMinMax" tests="1" failures="0" timestamp="30 Jul 2020 22:06:44 GMT" time="0.001" errors="0">
  <testcase name="testIntegersMinMax" time="0.001" classname="io.kaitai.struct.spec.TestIntegersMinMax"/>
</testsuite> <!-- io.kaitai.struct.spec.TestIntegersMinMax -->
