<?xml version="1.0" encoding="UTF-8"?>
<!-- Generated by org.testng.reporters.JUnitReportReporter -->
<testsuite hostname="travis-job-db3b37f1-55f6-4495-b925-54b5c64cb652" failures="0" tests="1" name="io.kaitai.struct.spec.TestSwitchManualStr" time="0.002" errors="0" timestamp="27 Jun 2023 09:00:04 GMT">
  <testcase classname="io.kaitai.struct.spec.TestSwitchManualStr" name="testSwitchManualStr" time="0.002"/>
</testsuite> <!-- io.kaitai.struct.spec.TestSwitchManualStr -->
