<?xml version="1.0" encoding="UTF-8"?>
<!-- Generated by org.testng.reporters.JUnitReportReporter -->
<testsuite hostname="travis-job-83f94461-03ed-47f1-9d49-61903cce8ae6" name="io.kaitai.struct.spec.TestIndexSizes" tests="1" failures="0" timestamp="27 Apr 2019 17:18:58 GMT" time="0.000" errors="0">
  <testcase name="testIndexSizes" time="0.000" classname="io.kaitai.struct.spec.TestIndexSizes"/>
</testsuite> <!-- io.kaitai.struct.spec.TestIndexSizes -->
