<?xml version="1.0" encoding="UTF-8"?>
<!-- Generated by org.testng.reporters.JUnitReportReporter -->
<testsuite hostname="travis-job-1d127c76-06b7-4101-aee6-c6270c63b1bc" failures="0" tests="1" name="io.kaitai.struct.spec.TestBytesPadTerm" time="0.018" errors="0" timestamp="10 Feb 2020 23:58:17 GMT">
  <testcase classname="io.kaitai.struct.spec.TestBytesPadTerm" name="testBytesPadTerm" time="0.018"/>
</testsuite> <!-- io.kaitai.struct.spec.TestBytesPadTerm -->
