<?xml version="1.0" encoding="UTF-8"?>
<!-- Generated by org.testng.reporters.JUnitReportReporter -->
<testsuite failures="0" tests="1" name="io.kaitai.struct.spec.TestEnumInvalid" time="0.002" errors="0" timestamp="5 Jul 2023 11:41:49 GMT">
  <testcase classname="io.kaitai.struct.spec.TestEnumInvalid" name="testEnumInvalid" time="0.002"/>
</testsuite> <!-- io.kaitai.struct.spec.TestEnumInvalid -->
