<?xml version="1.0" encoding="UTF-8"?>
<!-- Generated by org.testng.reporters.JUnitReportReporter -->
<testsuite hostname="localhost" name="io.kaitai.struct.spec.TestDebugSwitchUser" tests="1" failures="0" timestamp="26 Jul 2020 19:24:37 GMT" time="0.002" errors="0">
  <testcase name="testDebugSwitchUser" time="0.002" classname="io.kaitai.struct.spec.TestDebugSwitchUser"/>
</testsuite> <!-- io.kaitai.struct.spec.TestDebugSwitchUser -->
