<?xml version="1.0" encoding="UTF-8"?>
<!-- Generated by org.testng.reporters.JUnitReportReporter -->
<testsuite hostname="travis-job-803f34da-bc06-4b6e-8eec-19dda3a1cafe" name="io.kaitai.struct.spec.TestImportsRel1" tests="1" failures="0" timestamp="5 Apr 2019 16:49:02 GMT" time="0.002" errors="0">
  <testcase name="testImportsRel1" time="0.002" classname="io.kaitai.struct.spec.TestImportsRel1"/>
</testsuite> <!-- io.kaitai.struct.spec.TestImportsRel1 -->
