<?xml version="1.0" encoding="UTF-8"?>
<!-- Generated by org.testng.reporters.JUnitReportReporter -->
<testsuite hostname="localhost" name="io.kaitai.struct.spec.TestValidFailInst" tests="1" failures="0" timestamp="18 Feb 2020 16:57:11 GMT" time="0.002" errors="0">
  <testcase name="testValidFailInst" time="0.002" classname="io.kaitai.struct.spec.TestValidFailInst"/>
</testsuite> <!-- io.kaitai.struct.spec.TestValidFailInst -->
