<?xml version="1.0" encoding="UTF-8"?>
<!-- Generated by org.testng.reporters.JUnitReportReporter -->
<testsuite hostname="travis-job-87e9cf0e-7257-47aa-bb6d-e887b542ae8a" failures="0" tests="1" name="io.kaitai.struct.spec.TestDebugSwitchUser" time="0.003" errors="0" timestamp="9 May 2020 19:26:13 GMT">
  <testcase classname="io.kaitai.struct.spec.TestDebugSwitchUser" name="testDebugSwitchUser" time="0.003"/>
</testsuite> <!-- io.kaitai.struct.spec.TestDebugSwitchUser -->
