<?xml version="1.0" encoding="UTF-8"?>
<!-- Generated by org.testng.reporters.JUnitReportReporter -->
<testsuite hostname="travis-job-89c1676b-81c0-4bf7-be2d-3d47e475da76" name="io.kaitai.struct.spec.TestProcessCoerceSwitch" tests="1" failures="0" timestamp="18 Mar 2020 22:40:56 GMT" time="0.001" errors="0">
  <testcase name="testProcessCoerceSwitch" time="0.001" classname="io.kaitai.struct.spec.TestProcessCoerceSwitch"/>
</testsuite> <!-- io.kaitai.struct.spec.TestProcessCoerceSwitch -->
