<?xml version="1.0" encoding="UTF-8"?>
<!-- Generated by org.testng.reporters.JUnitReportReporter -->
<testsuite hostname="fv-az280-303" name="io.kaitai.struct.spec.TestExprSizeofValue0" tests="1" failures="0" timestamp="30 Jun 2023 19:49:13 GMT" time="0.001" errors="0">
  <testcase name="testExprSizeofValue0" time="0.001" classname="io.kaitai.struct.spec.TestExprSizeofValue0"/>
</testsuite> <!-- io.kaitai.struct.spec.TestExprSizeofValue0 -->
