<?xml version="1.0" encoding="UTF-8"?>
<!-- Generated by org.testng.reporters.JUnitReportReporter -->
<testsuite hostname="localhost" name="io.kaitai.struct.spec.TestRepeatEosStruct" tests="1" failures="0" timestamp="28 Jun 2020 16:21:49 GMT" time="0.002" errors="0">
  <testcase name="testRepeatEosStruct" time="0.002" classname="io.kaitai.struct.spec.TestRepeatEosStruct"/>
</testsuite> <!-- io.kaitai.struct.spec.TestRepeatEosStruct -->
