<?xml version="1.0" encoding="UTF-8"?>
<!-- Generated by org.testng.reporters.JUnitReportReporter -->
<testsuite hostname="travis-job-e9606138-e9cb-4108-996f-714ea7673b0f" name="io.kaitai.struct.spec.TestCastNested" tests="1" failures="0" timestamp="4 Mar 2019 16:06:26 GMT" time="0.011" errors="0">
  <testcase name="testCastNested" time="0.011" classname="io.kaitai.struct.spec.TestCastNested"/>
</testsuite> <!-- io.kaitai.struct.spec.TestCastNested -->
