<?xml version="1.0" encoding="UTF-8"?>
<!-- Generated by org.testng.reporters.JUnitReportReporter -->
<testsuite hostname="travis-job-23bd5775-9f82-4f13-8b9c-396a42609dfb" name="io.kaitai.struct.spec.TestStrLiterals2" tests="1" failures="0" timestamp="4 Nov 2019 10:53:44 GMT" time="0.001" errors="0">
  <testcase name="testStrLiterals2" time="0.001" classname="io.kaitai.struct.spec.TestStrLiterals2"/>
</testsuite> <!-- io.kaitai.struct.spec.TestStrLiterals2 -->
