<?xml version="1.0" encoding="UTF-8"?>
<!-- Generated by org.testng.reporters.JUnitReportReporter -->
<testsuite hostname="travis-job-96d42c87-4ca3-440f-a107-a86b4642af6d" failures="0" tests="1" name="io.kaitai.struct.spec.TestValidFailInst" time="0.057" errors="0" timestamp="18 Mar 2020 04:27:24 GMT">
  <testcase classname="io.kaitai.struct.spec.TestValidFailInst" name="testValidFailInst" time="0.057"/>
</testsuite> <!-- io.kaitai.struct.spec.TestValidFailInst -->
