<?xml version="1.0" encoding="UTF-8"?>
<!-- Generated by org.testng.reporters.JUnitReportReporter -->
<testsuite hostname="travis-job-e218dc6f-d59d-47e3-9616-7e3d814cc41f" failures="0" tests="1" name="io.kaitai.struct.spec.TestNestedTypes" time="0.001" errors="0" timestamp="16 Apr 2020 22:14:30 GMT">
  <testcase classname="io.kaitai.struct.spec.TestNestedTypes" name="testNestedTypes" time="0.001"/>
</testsuite> <!-- io.kaitai.struct.spec.TestNestedTypes -->
