<?xml version="1.0" encoding="UTF-8"?>
<!-- Generated by org.testng.reporters.JUnitReportReporter -->
<testsuite hostname="localhost" name="io.kaitai.struct.spec.TestParamsPassBool" tests="1" failures="0" timestamp="1 Aug 2022 17:01:16 GMT" time="0.005" errors="0">
  <testcase name="testParamsPassBool" time="0.005" classname="io.kaitai.struct.spec.TestParamsPassBool"/>
</testsuite> <!-- io.kaitai.struct.spec.TestParamsPassBool -->
