<?xml version="1.0" encoding="UTF-8"?>
<!-- Generated by org.testng.reporters.JUnitReportReporter -->
<testsuite hostname="travis-job-4b4126fa-d32c-41f2-a565-ef1371b4ed4e" name="io.kaitai.struct.spec.TestEnum0" tests="1" failures="0" timestamp="16 Feb 2020 12:53:00 GMT" time="0.017" errors="0">
  <testcase name="testEnum0" time="0.017" classname="io.kaitai.struct.spec.TestEnum0"/>
</testsuite> <!-- io.kaitai.struct.spec.TestEnum0 -->
