<?xml version="1.0" encoding="UTF-8"?>
<!-- Generated by org.testng.reporters.JUnitReportReporter -->
<testsuite hostname="travis-job-cbb69f81-1f64-44ef-a23c-155dbfe6a684" name="io.kaitai.struct.spec.TestPositionToEnd" tests="1" failures="0" timestamp="10 Apr 2018 22:23:20 GMT" time="0.006" errors="0">
  <testcase name="testPositionToEnd" time="0.006" classname="io.kaitai.struct.spec.TestPositionToEnd"/>
</testsuite> <!-- io.kaitai.struct.spec.TestPositionToEnd -->
