<?xml version="1.0" encoding="UTF-8"?>
<!-- Generated by org.testng.reporters.JUnitReportReporter -->
<testsuite name="io.kaitai.struct.spec.TestValidFailEqBytes" tests="1" failures="0" timestamp="21 Jul 2023 09:20:55 GMT" time="0.001" errors="0">
  <testcase name="testValidFailEqBytes" time="0.001" classname="io.kaitai.struct.spec.TestValidFailEqBytes"/>
</testsuite> <!-- io.kaitai.struct.spec.TestValidFailEqBytes -->
