<?xml version="1.0" encoding="UTF-8"?>
<!-- Generated by org.testng.reporters.JUnitReportReporter -->
<testsuite hostname="travis-job-dc35b62a-e232-45d9-b95e-f0c065e6d999" failures="0" tests="1" name="io.kaitai.struct.spec.TestImportsRel1" time="0.031" errors="0" timestamp="11 Jun 2020 18:42:19 GMT">
  <testcase classname="io.kaitai.struct.spec.TestImportsRel1" name="testImportsRel1" time="0.031"/>
</testsuite> <!-- io.kaitai.struct.spec.TestImportsRel1 -->
