<?xml version="1.0" encoding="UTF-8"?>
<!-- Generated by org.testng.reporters.JUnitReportReporter -->
<testsuite hostname="fv-az442-905" name="io.kaitai.struct.spec.TestNavParent3" tests="1" failures="0" timestamp="28 Jun 2023 19:40:20 GMT" time="0.038" errors="0">
  <testcase name="testNavParent3" time="0.038" classname="io.kaitai.struct.spec.TestNavParent3"/>
</testsuite> <!-- io.kaitai.struct.spec.TestNavParent3 -->
