<?xml version="1.0" encoding="UTF-8"?>
<!-- Generated by org.testng.reporters.JUnitReportReporter -->
<testsuite hostname="localhost" name="io.kaitai.struct.spec.TestEnumToI" tests="1" failures="0" timestamp="1 Aug 2020 18:07:47 GMT" time="0.003" errors="0">
  <testcase name="testEnumToI" time="0.003" classname="io.kaitai.struct.spec.TestEnumToI"/>
</testsuite> <!-- io.kaitai.struct.spec.TestEnumToI -->
