<?xml version="1.0" encoding="UTF-8"?>
<!-- Generated by org.testng.reporters.JUnitReportReporter -->
<testsuite hostname="localhost" name="io.kaitai.struct.spec.TestSwitchManualIntSizeEos" tests="1" failures="0" timestamp="15 Feb 2020 21:46:43 GMT" time="0.006" errors="0">
  <testcase name="testSwitchManualIntSizeEos" time="0.006" classname="io.kaitai.struct.spec.TestSwitchManualIntSizeEos"/>
</testsuite> <!-- io.kaitai.struct.spec.TestSwitchManualIntSizeEos -->
