<?xml version="1.0" encoding="UTF-8"?>
<!-- Generated by org.testng.reporters.JUnitReportReporter -->
<testsuite hostname="fv-az1125-668" name="io.kaitai.struct.spec.TestExprSizeofType1" tests="1" failures="0" timestamp="30 Jun 2023 19:33:33 GMT" time="0.000" errors="0">
  <testcase name="testExprSizeofType1" time="0.000" classname="io.kaitai.struct.spec.TestExprSizeofType1"/>
</testsuite> <!-- io.kaitai.struct.spec.TestExprSizeofType1 -->
