<?xml version="1.0" encoding="UTF-8"?>
<!-- Generated by org.testng.reporters.JUnitReportReporter -->
<testsuite hostname="testing-gce-9c6211f5-84a7-45ba-ac5f-979c3196d7d6" name="io.kaitai.struct.spec.TestIndexSizes" tests="1" failures="0" timestamp="13 Aug 2017 21:44:25 GMT" time="0.005" errors="0">
  <testcase name="testIndexSizes" time="0.005" classname="io.kaitai.struct.spec.TestIndexSizes"/>
</testsuite> <!-- io.kaitai.struct.spec.TestIndexSizes -->
