<?xml version="1.0" encoding="UTF-8"?>
<!-- Generated by org.testng.reporters.JUnitReportReporter -->
<testsuite hostname="travis-job-1619c81e-85f9-456a-9ec6-e6bf44e97a01" name="io.kaitai.struct.spec.TestStrLiterals" tests="1" failures="0" timestamp="31 Dec 2019 11:30:15 GMT" time="0.001" errors="0">
  <testcase name="testStrLiterals" time="0.001" classname="io.kaitai.struct.spec.TestStrLiterals"/>
</testsuite> <!-- io.kaitai.struct.spec.TestStrLiterals -->
