<?xml version="1.0" encoding="UTF-8"?>
<!-- Generated by org.testng.reporters.JUnitReportReporter -->
<testsuite name="io.kaitai.struct.spec.TestNestedTypeParam" tests="1" failures="0" timestamp="19 Jul 2023 15:05:03 GMT" time="0.000" errors="0">
  <testcase name="testNestedTypeParam" time="0.000" classname="io.kaitai.struct.spec.TestNestedTypeParam"/>
</testsuite> <!-- io.kaitai.struct.spec.TestNestedTypeParam -->
