<?xml version="1.0" encoding="UTF-8"?>
<!-- Generated by org.testng.reporters.JUnitReportReporter -->
<testsuite name="io.kaitai.struct.spec.TestValidFailRangeBytes" tests="1" failures="0" timestamp="6 Jul 2023 19:35:24 GMT" time="0.003" errors="0">
  <testcase name="testValidFailRangeBytes" time="0.003" classname="io.kaitai.struct.spec.TestValidFailRangeBytes"/>
</testsuite> <!-- io.kaitai.struct.spec.TestValidFailRangeBytes -->
