<?xml version="1.0" encoding="UTF-8"?>
<!-- Generated by org.testng.reporters.JUnitReportReporter -->
<testsuite hostname="travis-job-6db341c0-8898-4326-b739-4bbb2aaf8be6" failures="0" tests="1" name="io.kaitai.struct.spec.TestEnumNegative" time="0.002" errors="0" timestamp="8 Mar 2020 22:04:15 GMT">
  <testcase classname="io.kaitai.struct.spec.TestEnumNegative" name="testEnumNegative" time="0.002"/>
</testsuite> <!-- io.kaitai.struct.spec.TestEnumNegative -->
