<?xml version="1.0" encoding="UTF-8"?>
<!-- Generated by org.testng.reporters.JUnitReportReporter -->
<testsuite hostname="testing-gce-b9f23f5e-3f6c-4e1a-a7b2-89a0a783783d" name="io.kaitai.struct.spec.TestExpr3" tests="1" failures="0" timestamp="22 Aug 2017 17:11:35 GMT" time="0.002" errors="0">
  <testcase name="testExpr3" time="0.002" classname="io.kaitai.struct.spec.TestExpr3"/>
</testsuite> <!-- io.kaitai.struct.spec.TestExpr3 -->
