<?xml version="1.0" encoding="UTF-8"?>
<!-- Generated by org.testng.reporters.JUnitReportReporter -->
<testsuite hostname="travis-job-c941848c-d105-4cef-b8c3-3e3aa424f718" name="io.kaitai.struct.spec.TestSwitchManualStr" tests="1" failures="0" timestamp="29 Mar 2019 20:01:01 GMT" time="0.002" errors="0">
  <testcase name="testSwitchManualStr" time="0.002" classname="io.kaitai.struct.spec.TestSwitchManualStr"/>
</testsuite> <!-- io.kaitai.struct.spec.TestSwitchManualStr -->
