<?xml version="1.0" encoding="UTF-8"?>
<!-- Generated by org.testng.reporters.JUnitReportReporter -->
<testsuite hostname="travis-job-68f8ebbb-6a6d-4b82-86c8-394a436c01aa" name="io.kaitai.struct.spec.TestIoLocalVar" tests="1" failures="0" timestamp="22 Apr 2019 02:42:34 GMT" time="0.001" errors="0">
  <testcase name="testIoLocalVar" time="0.001" classname="io.kaitai.struct.spec.TestIoLocalVar"/>
</testsuite> <!-- io.kaitai.struct.spec.TestIoLocalVar -->
