<?xml version="1.0" encoding="UTF-8"?>
<!-- Generated by org.testng.reporters.JUnitReportReporter -->
<testsuite hostname="travis-job-7b7d2508-f3a9-47ba-bba8-db2942b98c12" name="io.kaitai.struct.spec.TestBcdUserTypeBe" tests="1" failures="0" timestamp="11 Mar 2019 21:53:56 GMT" time="0.003" errors="0">
  <testcase name="testBcdUserTypeBe" time="0.003" classname="io.kaitai.struct.spec.TestBcdUserTypeBe"/>
</testsuite> <!-- io.kaitai.struct.spec.TestBcdUserTypeBe -->
