<?xml version="1.0" encoding="UTF-8"?>
<!-- Generated by org.testng.reporters.JUnitReportReporter -->
<testsuite hostname="fv-az1030-851" name="io.kaitai.struct.spec.TestIntegersMinMax" tests="1" failures="0" timestamp="3 Jul 2023 18:50:40 GMT" time="0.015" errors="0">
  <testcase name="testIntegersMinMax" time="0.015" classname="io.kaitai.struct.spec.TestIntegersMinMax"/>
</testsuite> <!-- io.kaitai.struct.spec.TestIntegersMinMax -->
