<?xml version="1.0" encoding="UTF-8"?>
<!-- Generated by org.testng.reporters.JUnitReportReporter -->
<testsuite hostname="travis-job-501e4a97-e3f9-4167-b546-cc0554d8b536" name="io.kaitai.struct.spec.TestBitsByteAligned" tests="1" failures="0" timestamp="24 Aug 2020 19:58:13 GMT" time="0.000" errors="0">
  <testcase name="testBitsByteAligned" time="0.000" classname="io.kaitai.struct.spec.TestBitsByteAligned"/>
</testsuite> <!-- io.kaitai.struct.spec.TestBitsByteAligned -->
