<?xml version="1.0" encoding="UTF-8"?>
<!-- Generated by org.testng.reporters.JUnitReportReporter -->
<testsuite hostname="travis-job-76da8477-22ab-4ae8-b82e-daec8d62d0f0" name="io.kaitai.struct.spec.TestBufferedStruct" tests="1" failures="0" timestamp="24 Nov 2019 13:20:05 GMT" time="0.018" errors="0">
  <testcase name="testBufferedStruct" time="0.018" classname="io.kaitai.struct.spec.TestBufferedStruct"/>
</testsuite> <!-- io.kaitai.struct.spec.TestBufferedStruct -->
