<?xml version="1.0" encoding="UTF-8"?>
<!-- Generated by org.testng.reporters.JUnitReportReporter -->
<testsuite hostname="fv-az842-282" name="io.kaitai.struct.spec.TestNavParent" tests="1" failures="0" timestamp="30 Jun 2023 19:28:45 GMT" time="0.001" errors="0">
  <testcase name="testNavParent" time="0.001" classname="io.kaitai.struct.spec.TestNavParent"/>
</testsuite> <!-- io.kaitai.struct.spec.TestNavParent -->
