<?xml version="1.0" encoding="UTF-8"?>
<!-- Generated by org.testng.reporters.JUnitReportReporter -->
<testsuite hostname="travis-job-5d1ac751-13ca-4226-b11e-c6b3fec527f7" name="io.kaitai.struct.spec.TestNavParent" tests="1" failures="0" timestamp="30 Mar 2019 03:17:23 GMT" time="0.002" errors="0">
  <testcase name="testNavParent" time="0.002" classname="io.kaitai.struct.spec.TestNavParent"/>
</testsuite> <!-- io.kaitai.struct.spec.TestNavParent -->
