<?xml version="1.0" encoding="UTF-8"?>
<!-- Generated by org.testng.reporters.JUnitReportReporter -->
<testsuite hostname="travis-job-d8f26fe3-cd09-4009-acf4-7e201008b74a" name="io.kaitai.struct.spec.TestRepeatNStrzDouble" tests="1" failures="0" timestamp="31 Jan 2020 10:53:06 GMT" time="0.001" errors="0">
  <testcase name="testRepeatNStrzDouble" time="0.001" classname="io.kaitai.struct.spec.TestRepeatNStrzDouble"/>
</testsuite> <!-- io.kaitai.struct.spec.TestRepeatNStrzDouble -->
