<?xml version="1.0" encoding="UTF-8"?>
<!-- Generated by org.testng.reporters.JUnitReportReporter -->
<testsuite hostname="travis-job-26b3e722-8451-43df-a0d4-8acf4f3e1510" name="io.kaitai.struct.spec.TestEnumToI" tests="1" failures="0" timestamp="6 Apr 2018 07:05:30 GMT" time="0.000" errors="0">
  <testcase name="testEnumToI" time="0.000" classname="io.kaitai.struct.spec.TestEnumToI"/>
</testsuite> <!-- io.kaitai.struct.spec.TestEnumToI -->
