<?xml version="1.0" encoding="UTF-8"?>
<!-- Generated by org.testng.reporters.JUnitReportReporter -->
<testsuite failures="0" tests="1" name="io.kaitai.struct.spec.TestEnumDeepLiterals" time="0.001" errors="0" timestamp="29 Feb 2024 19:37:09 GMT">
  <testcase classname="io.kaitai.struct.spec.TestEnumDeepLiterals" name="testEnumDeepLiterals" time="0.001"/>
</testsuite> <!-- io.kaitai.struct.spec.TestEnumDeepLiterals -->
