<?xml version="1.0" encoding="UTF-8"?>
<!-- Generated by org.testng.reporters.JUnitReportReporter -->
<testsuite failures="0" tests="1" name="io.kaitai.struct.spec.TestNavParent2" time="0.003" errors="0" timestamp="7 Jul 2023 19:25:59 GMT">
  <testcase classname="io.kaitai.struct.spec.TestNavParent2" name="testNavParent2" time="0.003"/>
</testsuite> <!-- io.kaitai.struct.spec.TestNavParent2 -->
