<?xml version="1.0" encoding="UTF-8"?>
<!-- Generated by org.testng.reporters.JUnitReportReporter -->
<testsuite failures="0" tests="1" name="io.kaitai.struct.spec.TestParamsPassStruct" time="0.001" errors="0" timestamp="14 Jul 2023 18:53:04 GMT">
  <testcase classname="io.kaitai.struct.spec.TestParamsPassStruct" name="testParamsPassStruct" time="0.001"/>
</testsuite> <!-- io.kaitai.struct.spec.TestParamsPassStruct -->
