<?xml version="1.0" encoding="UTF-8"?>
<!-- Generated by org.testng.reporters.JUnitReportReporter -->
<testsuite hostname="travis-job-832bd3c7-d041-4c4e-8766-cde093f2468d" name="io.kaitai.struct.spec.TestStrEncodingsDefault" tests="1" failures="0" timestamp="23 Apr 2018 06:24:10 GMT" time="0.019" errors="0">
  <testcase name="testStrEncodingsDefault" time="0.019" classname="io.kaitai.struct.spec.TestStrEncodingsDefault"/>
</testsuite> <!-- io.kaitai.struct.spec.TestStrEncodingsDefault -->
