<?xml version="1.0" encoding="UTF-8"?>
<!-- Generated by org.testng.reporters.JUnitReportReporter -->
<testsuite hostname="localhost" name="io.kaitai.struct.spec.TestExpr2" tests="1" failures="0" timestamp="6 Nov 2020 10:14:07 GMT" time="0.002" errors="0">
  <testcase name="testExpr2" time="0.002" classname="io.kaitai.struct.spec.TestExpr2"/>
</testsuite> <!-- io.kaitai.struct.spec.TestExpr2 -->
