<?xml version="1.0" encoding="UTF-8"?>
<!-- Generated by org.testng.reporters.JUnitReportReporter -->
<testsuite hostname="travis-job-5d48ffa8-8521-44e7-9cde-361b823d1115" failures="0" tests="1" name="io.kaitai.struct.spec.TestBcdUserTypeBe" time="0.068" errors="0" timestamp="19 Mar 2022 21:42:01 GMT">
  <testcase classname="io.kaitai.struct.spec.TestBcdUserTypeBe" name="testBcdUserTypeBe" time="0.068"/>
</testsuite> <!-- io.kaitai.struct.spec.TestBcdUserTypeBe -->
