<?xml version="1.0" encoding="UTF-8"?>
<!-- Generated by org.testng.reporters.JUnitReportReporter -->
<testsuite name="io.kaitai.struct.spec.TestImportsAbsAbs" tests="1" failures="0" timestamp="19 Jul 2023 15:23:52 GMT" time="0.002" errors="0">
  <testcase name="testImportsAbsAbs" time="0.002" classname="io.kaitai.struct.spec.TestImportsAbsAbs"/>
</testsuite> <!-- io.kaitai.struct.spec.TestImportsAbsAbs -->
