<?xml version="1.0" encoding="UTF-8"?>
<!-- Generated by org.testng.reporters.JUnitReportReporter -->
<testsuite hostname="testing-gce-2f91451c-4a12-4cf5-beb2-e5538a42c1cc" name="io.kaitai.struct.spec.TestNavParent" tests="1" failures="0" timestamp="17 May 2017 14:01:12 GMT" time="0.004" errors="0">
  <testcase name="testNavParent" time="0.004" classname="io.kaitai.struct.spec.TestNavParent"/>
</testsuite> <!-- io.kaitai.struct.spec.TestNavParent -->
