<?xml version="1.0" encoding="UTF-8"?>
<!-- Generated by org.testng.reporters.JUnitReportReporter -->
<testsuite hostname="travis-job-3cdcac74-eb0f-4487-acb7-b9b0c082c069" failures="0" tests="1" name="io.kaitai.struct.spec.TestValidFailMaxInt" time="0.040" errors="0" timestamp="24 Aug 2020 17:49:18 GMT">
  <testcase classname="io.kaitai.struct.spec.TestValidFailMaxInt" name="testValidFailMaxInt" time="0.040"/>
</testsuite> <!-- io.kaitai.struct.spec.TestValidFailMaxInt -->
