<?xml version="1.0" encoding="UTF-8"?>
<!-- Generated by org.testng.reporters.JUnitReportReporter -->
<testsuite hostname="localhost" name="io.kaitai.struct.spec.TestEnumIntRangeS" tests="1" failures="0" timestamp="30 Mar 2020 15:00:08 GMT" time="0.019" errors="0">
  <testcase name="testEnumIntRangeS" time="0.019" classname="io.kaitai.struct.spec.TestEnumIntRangeS"/>
</testsuite> <!-- io.kaitai.struct.spec.TestEnumIntRangeS -->
