<?xml version="1.0" encoding="UTF-8"?>
<!-- Generated by org.testng.reporters.JUnitReportReporter -->
<testsuite hostname="travis-job-3686d5c9-f09b-4b45-a6bf-2d699fc59862" name="io.kaitai.struct.spec.TestSwitchManualIntSizeEos" tests="1" failures="0" timestamp="19 Mar 2019 02:53:15 GMT" time="0.004" errors="0">
  <testcase name="testSwitchManualIntSizeEos" time="0.004" classname="io.kaitai.struct.spec.TestSwitchManualIntSizeEos"/>
</testsuite> <!-- io.kaitai.struct.spec.TestSwitchManualIntSizeEos -->
