<?xml version="1.0" encoding="UTF-8"?>
<!-- Generated by org.testng.reporters.JUnitReportReporter -->
<testsuite hostname="travis-job-b327f98d-1e0a-4243-832c-9e23778e3669" name="io.kaitai.struct.spec.TestNestedSameName2" tests="1" failures="0" timestamp="30 Jul 2020 22:05:38 GMT" time="0.002" errors="0">
  <testcase name="testNestedSameName2" time="0.002" classname="io.kaitai.struct.spec.TestNestedSameName2"/>
</testsuite> <!-- io.kaitai.struct.spec.TestNestedSameName2 -->
