<?xml version="1.0" encoding="UTF-8"?>
<!-- Generated by org.testng.reporters.JUnitReportReporter -->
<testsuite hostname="localhost" name="io.kaitai.struct.spec.TestSwitchRepeatExpr" tests="1" failures="0" timestamp="15 Oct 2019 16:15:29 GMT" time="0.004" errors="0">
  <testcase name="testSwitchRepeatExpr" time="0.004" classname="io.kaitai.struct.spec.TestSwitchRepeatExpr"/>
</testsuite> <!-- io.kaitai.struct.spec.TestSwitchRepeatExpr -->
