<?xml version="1.0" encoding="UTF-8"?>
<!-- Generated by org.testng.reporters.JUnitReportReporter -->
<testsuite hostname="travis-job-f9f3c626-8cc1-42c2-9587-2ffd7d134b90" name="io.kaitai.struct.spec.TestDefaultEndianExprIsLe" tests="1" failures="0" timestamp="28 Sep 2019 12:41:50 GMT" time="0.057" errors="0">
  <testcase name="testDefaultEndianExprIsLe" time="0.057" classname="io.kaitai.struct.spec.TestDefaultEndianExprIsLe"/>
</testsuite> <!-- io.kaitai.struct.spec.TestDefaultEndianExprIsLe -->
