<?xml version="1.0" encoding="UTF-8"?>
<!-- Generated by org.testng.reporters.JUnitReportReporter -->
<testsuite failures="0" tests="1" name="io.kaitai.struct.spec.TestBcdUserTypeLe" time="0.020" errors="0" timestamp="28 Jul 2023 22:12:56 GMT">
  <testcase classname="io.kaitai.struct.spec.TestBcdUserTypeLe" name="testBcdUserTypeLe" time="0.020"/>
</testsuite> <!-- io.kaitai.struct.spec.TestBcdUserTypeLe -->
