<?xml version="1.0" encoding="UTF-8"?>
<!-- Generated by org.testng.reporters.JUnitReportReporter -->
<testsuite hostname="travis-job-829fe57f-7d59-4cb2-9bf8-43a4cf4c5949" name="io.kaitai.struct.spec.TestExprBytesCmp" tests="1" failures="0" timestamp="17 Mar 2019 16:27:46 GMT" time="0.019" errors="0">
  <testcase name="testExprBytesCmp" time="0.019" classname="io.kaitai.struct.spec.TestExprBytesCmp"/>
</testsuite> <!-- io.kaitai.struct.spec.TestExprBytesCmp -->
