<?xml version="1.0" encoding="UTF-8"?>
<!-- Generated by org.testng.reporters.JUnitReportReporter -->
<testsuite hostname="travis-job-48543812-e99f-4e0b-bf1f-1a91fbba38d8" name="io.kaitai.struct.spec.TestSwitchManualIntSizeElse" tests="1" failures="0" timestamp="2 Sep 2018 10:33:06 GMT" time="0.003" errors="0">
  <testcase name="testSwitchManualIntSizeElse" time="0.003" classname="io.kaitai.struct.spec.TestSwitchManualIntSizeElse"/>
</testsuite> <!-- io.kaitai.struct.spec.TestSwitchManualIntSizeElse -->
