<?xml version="1.0" encoding="UTF-8"?>
<!-- Generated by org.testng.reporters.JUnitReportReporter -->
<testsuite hostname="travis-job-4d24a502-3e60-4e8d-88da-74b1c6ca7449" name="io.kaitai.struct.spec.TestFixedContents" tests="1" failures="0" timestamp="10 Dec 2019 15:33:49 GMT" time="0.010" errors="0">
  <testcase name="testFixedContents" time="0.010" classname="io.kaitai.struct.spec.TestFixedContents"/>
</testsuite> <!-- io.kaitai.struct.spec.TestFixedContents -->
