<?xml version="1.0" encoding="UTF-8"?>
<!-- Generated by org.testng.reporters.JUnitReportReporter -->
<testsuite failures="0" tests="1" name="io.kaitai.struct.spec.TestRepeatUntilCalcArrayType" time="0.001" errors="0" timestamp="22 Mar 2024 00:50:02 GMT">
  <testcase classname="io.kaitai.struct.spec.TestRepeatUntilCalcArrayType" name="testRepeatUntilCalcArrayType" time="0.001"/>
</testsuite> <!-- io.kaitai.struct.spec.TestRepeatUntilCalcArrayType -->
