<?xml version="1.0" encoding="UTF-8"?>
<!-- Generated by org.testng.reporters.JUnitReportReporter -->
<testsuite name="io.kaitai.struct.spec.TestValidFailRangeBytes" tests="1" failures="0" timestamp="4 Nov 2023 09:50:59 GMT" time="0.004" errors="0">
  <testcase name="testValidFailRangeBytes" time="0.004" classname="io.kaitai.struct.spec.TestValidFailRangeBytes"/>
</testsuite> <!-- io.kaitai.struct.spec.TestValidFailRangeBytes -->
