<?xml version="1.0" encoding="UTF-8"?>
<!-- Generated by org.testng.reporters.JUnitReportReporter -->
<testsuite hostname="travis-job-89db40d5-a421-4934-afb9-f140d3f2fd8e" name="io.kaitai.struct.spec.TestIoLocalVar" tests="1" failures="0" timestamp="25 Nov 2019 00:06:01 GMT" time="0.000" errors="0">
  <testcase name="testIoLocalVar" time="0.000" classname="io.kaitai.struct.spec.TestIoLocalVar"/>
</testsuite> <!-- io.kaitai.struct.spec.TestIoLocalVar -->
