<?xml version="1.0" encoding="UTF-8"?>
<!-- Generated by org.testng.reporters.JUnitReportReporter -->
<testsuite hostname="travis-job-98cf9a4e-7724-411e-9f17-4941029825f6" failures="0" tests="1" name="io.kaitai.struct.spec.TestSwitchRepeatExpr" time="0.002" errors="0" timestamp="7 Jul 2022 22:57:30 GMT">
  <testcase classname="io.kaitai.struct.spec.TestSwitchRepeatExpr" name="testSwitchRepeatExpr" time="0.002"/>
</testsuite> <!-- io.kaitai.struct.spec.TestSwitchRepeatExpr -->
