<?xml version="1.0" encoding="UTF-8"?>
<!-- Generated by org.testng.reporters.JUnitReportReporter -->
<testsuite name="io.kaitai.struct.spec.TestToStringCustom" tests="1" failures="0" timestamp="16 Oct 2023 18:19:05 GMT" time="0.000" errors="0">
  <testcase name="testToStringCustom" time="0.000" classname="io.kaitai.struct.spec.TestToStringCustom"/>
</testsuite> <!-- io.kaitai.struct.spec.TestToStringCustom -->
