<?xml version="1.0" encoding="UTF-8"?>
<!-- Generated by org.testng.reporters.JUnitReportReporter -->
<testsuite hostname="localhost" name="io.kaitai.struct.spec.TestExprCalcArrayOps" tests="1" failures="0" timestamp="15 Mar 2020 14:31:45 GMT" time="0.003" errors="0">
  <testcase name="testExprCalcArrayOps" time="0.003" classname="io.kaitai.struct.spec.TestExprCalcArrayOps"/>
</testsuite> <!-- io.kaitai.struct.spec.TestExprCalcArrayOps -->
