<?xml version="1.0" encoding="UTF-8"?>
<!-- Generated by org.testng.reporters.JUnitReportReporter -->
<testsuite hostname="travis-job-cc1d3be6-6dee-431b-ada9-3f8774039bb4" failures="0" tests="1" name="io.kaitai.struct.spec.TestProcessXor4Const" time="0.002" errors="0" timestamp="22 May 2020 20:59:25 GMT">
  <testcase classname="io.kaitai.struct.spec.TestProcessXor4Const" name="testProcessXor4Const" time="0.002"/>
</testsuite> <!-- io.kaitai.struct.spec.TestProcessXor4Const -->
