<?xml version="1.0" encoding="UTF-8"?>
<!-- Generated by org.testng.reporters.JUnitReportReporter -->
<testsuite hostname="localhost" name="io.kaitai.struct.spec.TestDocstrings" tests="1" failures="0" timestamp="24 Aug 2020 07:03:20 GMT" time="0.003" errors="0">
  <testcase name="testDocstrings" time="0.003" classname="io.kaitai.struct.spec.TestDocstrings"/>
</testsuite> <!-- io.kaitai.struct.spec.TestDocstrings -->
