<?xml version="1.0" encoding="UTF-8"?>
<!-- Generated by org.testng.reporters.JUnitReportReporter -->
<testsuite name="io.kaitai.struct.spec.TestTermStrz" tests="1" failures="0" timestamp="30 Jul 2023 15:27:21 GMT" time="0.001" errors="0">
  <testcase name="testTermStrz" time="0.001" classname="io.kaitai.struct.spec.TestTermStrz"/>
</testsuite> <!-- io.kaitai.struct.spec.TestTermStrz -->
