<?xml version="1.0" encoding="UTF-8"?>
<!-- Generated by org.testng.reporters.JUnitReportReporter -->
<testsuite hostname="testing-gce-18c6e1f4-560d-4348-89e5-3952802fb902" name="io.kaitai.struct.spec.TestNestedTypes2" tests="1" failures="0" timestamp="12 Jul 2017 09:47:23 GMT" time="0.059" errors="0">
  <testcase name="testNestedTypes2" time="0.059" classname="io.kaitai.struct.spec.TestNestedTypes2"/>
</testsuite> <!-- io.kaitai.struct.spec.TestNestedTypes2 -->
