<?xml version="1.0" encoding="UTF-8"?>
<!-- Generated by org.testng.reporters.JUnitReportReporter -->
<testsuite hostname="travis-job-7948bb91-9b31-4964-a430-60ca607a245c" name="io.kaitai.struct.spec.TestStrEncodingsDefault" tests="1" failures="0" timestamp="30 Jan 2020 22:43:12 GMT" time="0.020" errors="0">
  <testcase name="testStrEncodingsDefault" time="0.020" classname="io.kaitai.struct.spec.TestStrEncodingsDefault"/>
</testsuite> <!-- io.kaitai.struct.spec.TestStrEncodingsDefault -->
