<?xml version="1.0" encoding="UTF-8"?>
<!-- Generated by org.testng.reporters.JUnitReportReporter -->
<testsuite hostname="localhost" name="io.kaitai.struct.spec.TestEnumToI" tests="1" failures="0" timestamp="31 Mar 2020 09:09:55 GMT" time="0.001" errors="0">
  <testcase name="testEnumToI" time="0.001" classname="io.kaitai.struct.spec.TestEnumToI"/>
</testsuite> <!-- io.kaitai.struct.spec.TestEnumToI -->
