<?xml version="1.0" encoding="UTF-8"?>
<!-- Generated by org.testng.reporters.JUnitReportReporter -->
<testsuite hostname="travis-job-0395d4f4-8c1b-427f-9433-951ae39e6a63" name="io.kaitai.struct.spec.TestValidNotParsedIf" tests="1" failures="0" timestamp="18 Feb 2020 16:56:07 GMT" time="0.062" errors="0">
  <testcase name="testValidNotParsedIf" time="0.062" classname="io.kaitai.struct.spec.TestValidNotParsedIf"/>
</testsuite> <!-- io.kaitai.struct.spec.TestValidNotParsedIf -->
