<?xml version="1.0" encoding="UTF-8"?>
<!-- Generated by org.testng.reporters.JUnitReportReporter -->
<testsuite hostname="localhost" name="io.kaitai.struct.spec.TestDefaultEndianExprInherited" tests="1" failures="0" timestamp="31 Jan 2020 10:54:11 GMT" time="0.003" errors="0">
  <testcase name="testDefaultEndianExprInherited" time="0.003" classname="io.kaitai.struct.spec.TestDefaultEndianExprInherited"/>
</testsuite> <!-- io.kaitai.struct.spec.TestDefaultEndianExprInherited -->
