<?xml version="1.0" encoding="UTF-8"?>
<!-- Generated by org.testng.reporters.JUnitReportReporter -->
<testsuite hostname="travis-job-9e0a5b5b-63f4-4612-9165-07960e54e744" name="io.kaitai.struct.spec.TestNavParent" tests="1" failures="0" timestamp="1 Aug 2020 18:06:19 GMT" time="0.002" errors="0">
  <testcase name="testNavParent" time="0.002" classname="io.kaitai.struct.spec.TestNavParent"/>
</testsuite> <!-- io.kaitai.struct.spec.TestNavParent -->
