<?xml version="1.0" encoding="UTF-8"?>
<!-- Generated by org.testng.reporters.JUnitReportReporter -->
<testsuite hostname="localhost" name="io.kaitai.struct.spec.TestDefaultEndianMod" tests="1" failures="0" timestamp="12 Mar 2020 20:25:38 GMT" time="0.001" errors="0">
  <testcase name="testDefaultEndianMod" time="0.001" classname="io.kaitai.struct.spec.TestDefaultEndianMod"/>
</testsuite> <!-- io.kaitai.struct.spec.TestDefaultEndianMod -->
