<?xml version="1.0" encoding="UTF-8"?>
<!-- Generated by org.testng.reporters.JUnitReportReporter -->
<testsuite hostname="localhost" name="io.kaitai.struct.spec.TestNonStandard" tests="1" failures="0" timestamp="12 Mar 2020 21:23:42 GMT" time="0.000" errors="0">
  <testcase name="testNonStandard" time="0.000" classname="io.kaitai.struct.spec.TestNonStandard"/>
</testsuite> <!-- io.kaitai.struct.spec.TestNonStandard -->
