<?xml version="1.0" encoding="UTF-8"?>
<!-- Generated by org.testng.reporters.JUnitReportReporter -->
<testsuite hostname="localhost" name="io.kaitai.struct.spec.TestImportsAbsRel" tests="1" failures="0" timestamp="9 May 2020 19:25:43 GMT" time="0.020" errors="0">
  <testcase name="testImportsAbsRel" time="0.020" classname="io.kaitai.struct.spec.TestImportsAbsRel"/>
</testsuite> <!-- io.kaitai.struct.spec.TestImportsAbsRel -->
