<?xml version="1.0" encoding="UTF-8"?>
<!-- Generated by org.testng.reporters.JUnitReportReporter -->
<testsuite failures="0" tests="1" name="io.kaitai.struct.spec.TestBitsUnalignedB32Le" time="0.001" errors="0" timestamp="28 Jul 2023 14:34:48 GMT">
  <testcase classname="io.kaitai.struct.spec.TestBitsUnalignedB32Le" name="testBitsUnalignedB32Le" time="0.001"/>
</testsuite> <!-- io.kaitai.struct.spec.TestBitsUnalignedB32Le -->
