<?xml version="1.0" encoding="UTF-8"?>
<!-- Generated by org.testng.reporters.JUnitReportReporter -->
<testsuite hostname="travis-job-2a3e02cf-e0fa-4db9-b00c-16d775e1a10b" name="io.kaitai.struct.spec.TestRecursiveOne" tests="1" failures="0" timestamp="2 Aug 2020 15:21:08 GMT" time="0.000" errors="0">
  <testcase name="testRecursiveOne" time="0.000" classname="io.kaitai.struct.spec.TestRecursiveOne"/>
</testsuite> <!-- io.kaitai.struct.spec.TestRecursiveOne -->
