<?xml version="1.0" encoding="UTF-8"?>
<!-- Generated by org.testng.reporters.JUnitReportReporter -->
<testsuite hostname="travis-job-3b12d3cf-f67b-473d-9b74-14b4349208c7" name="io.kaitai.struct.spec.TestSwitchManualInt" tests="1" failures="0" timestamp="5 Feb 2018 01:06:51 GMT" time="0.003" errors="0">
  <testcase name="testSwitchManualInt" time="0.003" classname="io.kaitai.struct.spec.TestSwitchManualInt"/>
</testsuite> <!-- io.kaitai.struct.spec.TestSwitchManualInt -->
