<?xml version="1.0" encoding="UTF-8"?>
<!-- Generated by org.testng.reporters.JUnitReportReporter -->
<testsuite hostname="travis-job-efbc858d-c243-4477-858b-2d628071b400" name="io.kaitai.struct.spec.TestIfValues" tests="1" failures="0" timestamp="21 Dec 2019 01:34:26 GMT" time="0.015" errors="0">
  <testcase name="testIfValues" time="0.015" classname="io.kaitai.struct.spec.TestIfValues"/>
</testsuite> <!-- io.kaitai.struct.spec.TestIfValues -->
