<?xml version="1.0" encoding="UTF-8"?>
<!-- Generated by org.testng.reporters.JUnitReportReporter -->
<testsuite failures="0" tests="1" name="io.kaitai.struct.spec.TestNestedTypes2" time="0.002" errors="0" timestamp="19 Jul 2023 15:23:53 GMT">
  <testcase classname="io.kaitai.struct.spec.TestNestedTypes2" name="testNestedTypes2" time="0.002"/>
</testsuite> <!-- io.kaitai.struct.spec.TestNestedTypes2 -->
