<?xml version="1.0" encoding="UTF-8"?>
<!-- Generated by org.testng.reporters.JUnitReportReporter -->
<testsuite hostname="travis-job-6121d3ed-f7cd-47d7-b52f-f189b7a336ad" name="io.kaitai.struct.spec.TestSwitchManualEnumInvalidElse" tests="1" failures="0" timestamp="19 Apr 2019 14:59:19 GMT" time="0.004" errors="0">
  <testcase name="testSwitchManualEnumInvalidElse" time="0.004" classname="io.kaitai.struct.spec.TestSwitchManualEnumInvalidElse"/>
</testsuite> <!-- io.kaitai.struct.spec.TestSwitchManualEnumInvalidElse -->
