<?xml version="1.0" encoding="UTF-8"?>
<!-- Generated by org.testng.reporters.JUnitReportReporter -->
<testsuite hostname="travis-job-b2f968e3-8e8e-45ca-899e-fbaeac566389" name="io.kaitai.struct.spec.TestEnumToIClassBorder1" tests="1" failures="0" timestamp="28 Oct 2020 01:08:16 GMT" time="0.001" errors="0">
  <testcase name="testEnumToIClassBorder1" time="0.001" classname="io.kaitai.struct.spec.TestEnumToIClassBorder1"/>
</testsuite> <!-- io.kaitai.struct.spec.TestEnumToIClassBorder1 -->
