<?xml version="1.0" encoding="UTF-8"?>
<!-- Generated by org.testng.reporters.JUnitReportReporter -->
<testsuite hostname="localhost" name="io.kaitai.struct.spec.TestImportsAbsRel" tests="1" failures="0" timestamp="18 May 2020 23:49:55 GMT" time="0.021" errors="0">
  <testcase name="testImportsAbsRel" time="0.021" classname="io.kaitai.struct.spec.TestImportsAbsRel"/>
</testsuite> <!-- io.kaitai.struct.spec.TestImportsAbsRel -->
