<?xml version="1.0" encoding="UTF-8"?>
<!-- Generated by org.testng.reporters.JUnitReportReporter -->
<testsuite failures="0" tests="1" name="io.kaitai.struct.spec.TestYamlInts" time="0.000" errors="0" timestamp="21 Jul 2023 07:42:06 GMT">
  <testcase classname="io.kaitai.struct.spec.TestYamlInts" name="testYamlInts" time="0.000"/>
</testsuite> <!-- io.kaitai.struct.spec.TestYamlInts -->
