<?xml version="1.0" encoding="UTF-8"?>
<!-- Generated by org.testng.reporters.JUnitReportReporter -->
<testsuite hostname="travis-job-9b27b350-908d-47e8-9f6d-713ecb7c57a5" name="io.kaitai.struct.spec.TestExprIoPos" tests="1" failures="0" timestamp="24 Oct 2018 15:25:59 GMT" time="0.002" errors="0">
  <testcase name="testExprIoPos" time="0.002" classname="io.kaitai.struct.spec.TestExprIoPos"/>
</testsuite> <!-- io.kaitai.struct.spec.TestExprIoPos -->
