<?xml version="1.0" encoding="UTF-8"?>
<!-- Generated by org.testng.reporters.JUnitReportReporter -->
<testsuite hostname="testing-gce-a536c45c-c79f-4c74-ba1e-720a7f88403d" name="io.kaitai.struct.spec.TestEnum1" tests="1" failures="0" timestamp="6 Sep 2017 14:04:21 GMT" time="0.004" errors="0">
  <testcase name="testEnum1" time="0.004" classname="io.kaitai.struct.spec.TestEnum1"/>
</testsuite> <!-- io.kaitai.struct.spec.TestEnum1 -->
