<?xml version="1.0" encoding="UTF-8"?>
<!-- Generated by org.testng.reporters.JUnitReportReporter -->
<testsuite hostname="travis-job-254b9cb2-0e35-4b72-b614-0df9273307ee" name="io.kaitai.struct.spec.TestSwitchManualEnum" tests="1" failures="0" timestamp="22 Mar 2018 22:39:31 GMT" time="0.003" errors="0">
  <testcase name="testSwitchManualEnum" time="0.003" classname="io.kaitai.struct.spec.TestSwitchManualEnum"/>
</testsuite> <!-- io.kaitai.struct.spec.TestSwitchManualEnum -->
