<?xml version="1.0" encoding="UTF-8"?>
<!-- Generated by org.testng.reporters.JUnitReportReporter -->
<testsuite hostname="testing-gce-72904b9e-f8d3-422a-ab08-e41ef49350f3" name="io.kaitai.struct.spec.TestSwitchManualInt" tests="1" failures="0" timestamp="17 May 2017 08:56:41 GMT" time="0.002" errors="0">
  <testcase name="testSwitchManualInt" time="0.002" classname="io.kaitai.struct.spec.TestSwitchManualInt"/>
</testsuite> <!-- io.kaitai.struct.spec.TestSwitchManualInt -->
