<?xml version="1.0" encoding="UTF-8"?>
<!-- Generated by org.testng.reporters.JUnitReportReporter -->
<testsuite hostname="travis-job-819f445d-fb8a-4092-baa0-570bf34da485" name="io.kaitai.struct.spec.TestEnumForUnknownId" tests="1" failures="0" timestamp="4 Mar 2019 17:25:10 GMT" time="0.005" errors="0">
  <testcase name="testEnumForUnknownId" time="0.005" classname="io.kaitai.struct.spec.TestEnumForUnknownId"/>
</testsuite> <!-- io.kaitai.struct.spec.TestEnumForUnknownId -->
