<?xml version="1.0" encoding="UTF-8"?>
<!-- Generated by org.testng.reporters.JUnitReportReporter -->
<testsuite hostname="travis-job-b8a262ce-a0b8-4e5f-a452-fd80f38a3851" name="io.kaitai.struct.spec.TestDefaultBigEndian" tests="1" failures="0" timestamp="25 Apr 2019 23:59:29 GMT" time="0.000" errors="0">
  <testcase name="testDefaultBigEndian" time="0.000" classname="io.kaitai.struct.spec.TestDefaultBigEndian"/>
</testsuite> <!-- io.kaitai.struct.spec.TestDefaultBigEndian -->
