<?xml version="1.0" encoding="UTF-8"?>
<!-- Generated by org.testng.reporters.JUnitReportReporter -->
<testsuite hostname="travis-job-6ef7c0d0-c9e1-4ba2-bac2-573dd713ec92" name="io.kaitai.struct.spec.TestValidFailExpr" tests="1" failures="0" timestamp="11 Sep 2020 17:14:47 GMT" time="0.000" errors="0">
  <testcase name="testValidFailExpr" time="0.000" classname="io.kaitai.struct.spec.TestValidFailExpr"/>
</testsuite> <!-- io.kaitai.struct.spec.TestValidFailExpr -->
