<?xml version="1.0" encoding="UTF-8"?>
<!-- Generated by org.testng.reporters.JUnitReportReporter -->
<testsuite hostname="travis-job-01019184-ece8-4de5-84e5-28a44646db61" name="io.kaitai.struct.spec.TestTermBytes" tests="1" failures="0" timestamp="24 Apr 2019 11:02:43 GMT" time="0.000" errors="0">
  <testcase name="testTermBytes" time="0.000" classname="io.kaitai.struct.spec.TestTermBytes"/>
</testsuite> <!-- io.kaitai.struct.spec.TestTermBytes -->
