<?xml version="1.0" encoding="UTF-8"?>
<!-- Generated by org.testng.reporters.JUnitReportReporter -->
<testsuite hostname="fv-az626-315" failures="0" tests="1" name="io.kaitai.struct.spec.TestValidFailInst" time="0.006" errors="0" timestamp="30 Jun 2023 19:44:21 GMT">
  <testcase classname="io.kaitai.struct.spec.TestValidFailInst" name="testValidFailInst" time="0.006"/>
</testsuite> <!-- io.kaitai.struct.spec.TestValidFailInst -->
