<?xml version="1.0" encoding="UTF-8"?>
<!-- Generated by org.testng.reporters.JUnitReportReporter -->
<testsuite hostname="localhost" name="io.kaitai.struct.spec.TestValidFailRangeInt" tests="1" failures="0" timestamp="22 Feb 2020 15:48:52 GMT" time="0.006" errors="0">
  <testcase name="testValidFailRangeInt" time="0.006" classname="io.kaitai.struct.spec.TestValidFailRangeInt"/>
</testsuite> <!-- io.kaitai.struct.spec.TestValidFailRangeInt -->
