<?xml version="1.0" encoding="UTF-8"?>
<!-- Generated by org.testng.reporters.JUnitReportReporter -->
<testsuite failures="0" tests="1" name="io.kaitai.struct.spec.TestValidFailMaxInt" time="0.001" errors="0" timestamp="24 Jul 2023 14:10:41 GMT">
  <testcase classname="io.kaitai.struct.spec.TestValidFailMaxInt" name="testValidFailMaxInt" time="0.001"/>
</testsuite> <!-- io.kaitai.struct.spec.TestValidFailMaxInt -->
