<?xml version="1.0" encoding="UTF-8"?>
<!-- Generated by org.testng.reporters.JUnitReportReporter -->
<testsuite name="io.kaitai.struct.spec.TestExprCalcArrayOps" tests="1" failures="0" timestamp="8 Jul 2023 13:02:29 GMT" time="0.006" errors="0">
  <testcase name="testExprCalcArrayOps" time="0.006" classname="io.kaitai.struct.spec.TestExprCalcArrayOps"/>
</testsuite> <!-- io.kaitai.struct.spec.TestExprCalcArrayOps -->
