<?xml version="1.0" encoding="UTF-8"?>
<!-- Generated by org.testng.reporters.JUnitReportReporter -->
<testsuite hostname="travis-job-31232ad3-f776-40ef-8189-4ad715e27660" name="io.kaitai.struct.spec.TestDefaultEndianExprInherited" tests="1" failures="0" timestamp="25 Dec 2018 12:17:17 GMT" time="0.002" errors="0">
  <testcase name="testDefaultEndianExprInherited" time="0.002" classname="io.kaitai.struct.spec.TestDefaultEndianExprInherited"/>
</testsuite> <!-- io.kaitai.struct.spec.TestDefaultEndianExprInherited -->
