<?xml version="1.0" encoding="UTF-8"?>
<!-- Generated by org.testng.reporters.JUnitReportReporter -->
<testsuite hostname="travis-job-1ea0b5f9-a9f4-44fe-b552-dc56b2b304e5" failures="0" tests="1" name="io.kaitai.struct.spec.TestBcdUserTypeLe" time="0.028" errors="0" timestamp="28 Jun 2023 16:36:58 GMT">
  <testcase classname="io.kaitai.struct.spec.TestBcdUserTypeLe" name="testBcdUserTypeLe" time="0.028"/>
</testsuite> <!-- io.kaitai.struct.spec.TestBcdUserTypeLe -->
