<?xml version="1.0" encoding="UTF-8"?>
<!-- Generated by org.testng.reporters.JUnitReportReporter -->
<testsuite hostname="travis-job-5cc39d86-73cc-4624-babc-25a207cdac04" name="io.kaitai.struct.spec.TestTermBytes" tests="1" failures="0" timestamp="22 Feb 2018 01:36:56 GMT" time="0.000" errors="0">
  <testcase name="testTermBytes" time="0.000" classname="io.kaitai.struct.spec.TestTermBytes"/>
</testsuite> <!-- io.kaitai.struct.spec.TestTermBytes -->
