<?xml version="1.0" encoding="UTF-8"?>
<!-- Generated by org.testng.reporters.JUnitReportReporter -->
<testsuite hostname="travis-job-39c57a17-da93-4c8e-b9fa-f729dc66f568" name="io.kaitai.struct.spec.TestSwitchManualStrElse" tests="1" failures="0" timestamp="12 Aug 2020 10:09:10 GMT" time="0.002" errors="0">
  <testcase name="testSwitchManualStrElse" time="0.002" classname="io.kaitai.struct.spec.TestSwitchManualStrElse"/>
</testsuite> <!-- io.kaitai.struct.spec.TestSwitchManualStrElse -->
