<?xml version="1.0" encoding="UTF-8"?>
<!-- Generated by org.testng.reporters.JUnitReportReporter -->
<testsuite hostname="travis-job-656e2dcb-5269-4d70-8c27-c6dd42d1edf2" name="io.kaitai.struct.spec.TestBytesPadTerm" tests="1" failures="0" timestamp="7 Oct 2019 09:13:28 GMT" time="0.000" errors="0">
  <testcase name="testBytesPadTerm" time="0.000" classname="io.kaitai.struct.spec.TestBytesPadTerm"/>
</testsuite> <!-- io.kaitai.struct.spec.TestBytesPadTerm -->
