<?xml version="1.0" encoding="UTF-8"?>
<!-- Generated by org.testng.reporters.JUnitReportReporter -->
<testsuite name="io.kaitai.struct.spec.TestValidFailRangeInt" tests="1" failures="0" timestamp="28 Jul 2023 21:49:59 GMT" time="0.000" errors="0">
  <testcase name="testValidFailRangeInt" time="0.000" classname="io.kaitai.struct.spec.TestValidFailRangeInt"/>
</testsuite> <!-- io.kaitai.struct.spec.TestValidFailRangeInt -->
