<?xml version="1.0" encoding="UTF-8"?>
<!-- Generated by org.testng.reporters.JUnitReportReporter -->
<testsuite hostname="travis-job-c99ab91f-43cd-4452-a276-4e86703fda91" failures="0" tests="1" name="io.kaitai.struct.spec.TestValidFailInst" time="0.073" errors="0" timestamp="28 Jun 2020 16:22:29 GMT">
  <testcase classname="io.kaitai.struct.spec.TestValidFailInst" name="testValidFailInst" time="0.073"/>
</testsuite> <!-- io.kaitai.struct.spec.TestValidFailInst -->
