<?xml version="1.0" encoding="UTF-8"?>
<!-- Generated by org.testng.reporters.JUnitReportReporter -->
<testsuite hostname="travis-job-f497ac56-f769-4ed8-a3cb-975a85373597" name="io.kaitai.struct.spec.TestEnumDeep" tests="1" failures="0" timestamp="9 Apr 2020 20:26:41 GMT" time="0.001" errors="0">
  <testcase name="testEnumDeep" time="0.001" classname="io.kaitai.struct.spec.TestEnumDeep"/>
</testsuite> <!-- io.kaitai.struct.spec.TestEnumDeep -->
