<?xml version="1.0" encoding="UTF-8"?>
<!-- Generated by org.testng.reporters.JUnitReportReporter -->
<testsuite hostname="localhost" name="io.kaitai.struct.spec.TestExprBytesCmp" tests="1" failures="0" timestamp="22 Jan 2020 12:13:53 GMT" time="0.000" errors="0">
  <testcase name="testExprBytesCmp" time="0.000" classname="io.kaitai.struct.spec.TestExprBytesCmp"/>
</testsuite> <!-- io.kaitai.struct.spec.TestExprBytesCmp -->
