<?xml version="1.0" encoding="UTF-8"?>
<!-- Generated by org.testng.reporters.JUnitReportReporter -->
<testsuite hostname="travis-job-f7d3665e-0f93-46fb-8461-c3738b09cbcc" name="io.kaitai.struct.spec.TestSwitchIntegers" tests="1" failures="0" timestamp="1 Apr 2019 21:33:23 GMT" time="0.001" errors="0">
  <testcase name="testSwitchIntegers" time="0.001" classname="io.kaitai.struct.spec.TestSwitchIntegers"/>
</testsuite> <!-- io.kaitai.struct.spec.TestSwitchIntegers -->
