<?xml version="1.0" encoding="UTF-8"?>
<!-- Generated by org.testng.reporters.JUnitReportReporter -->
<testsuite failures="0" tests="1" name="io.kaitai.struct.spec.TestProcessRotate" time="0.000" errors="0" timestamp="21 Feb 2024 15:14:03 GMT">
  <testcase classname="io.kaitai.struct.spec.TestProcessRotate" name="testProcessRotate" time="0.000"/>
</testsuite> <!-- io.kaitai.struct.spec.TestProcessRotate -->
