<?xml version="1.0" encoding="UTF-8"?>
<!-- Generated by org.testng.reporters.JUnitReportReporter -->
<testsuite name="io.kaitai.struct.spec.TestRepeatEosBit" tests="1" failures="0" timestamp="23 Jul 2023 22:32:49 GMT" time="0.001" errors="0">
  <testcase name="testRepeatEosBit" time="0.001" classname="io.kaitai.struct.spec.TestRepeatEosBit"/>
</testsuite> <!-- io.kaitai.struct.spec.TestRepeatEosBit -->
