<?xml version="1.0" encoding="UTF-8"?>
<!-- Generated by org.testng.reporters.JUnitReportReporter -->
<testsuite hostname="travis-job-dc4595cc-49c8-4fb7-8193-db456ef55a84" name="io.kaitai.struct.spec.TestOpaqueExternalType" tests="1" failures="0" timestamp="9 Apr 2020 21:29:31 GMT" time="0.000" errors="0">
  <testcase name="testOpaqueExternalType" time="0.000" classname="io.kaitai.struct.spec.TestOpaqueExternalType"/>
</testsuite> <!-- io.kaitai.struct.spec.TestOpaqueExternalType -->
