<?xml version="1.0" encoding="UTF-8"?>
<!-- Generated by org.testng.reporters.JUnitReportReporter -->
<testsuite hostname="travis-job-abb2d914-3248-4ba7-a710-96e4ba4b8657" name="io.kaitai.struct.spec.TestOpaqueExternalType02Parent" tests="1" failures="0" timestamp="26 Dec 2019 22:55:26 GMT" time="0.001" errors="0">
  <testcase name="testOpaqueExternalType02Parent" time="0.001" classname="io.kaitai.struct.spec.TestOpaqueExternalType02Parent"/>
</testsuite> <!-- io.kaitai.struct.spec.TestOpaqueExternalType02Parent -->
