<?xml version="1.0" encoding="UTF-8"?>
<!-- Generated by org.testng.reporters.JUnitReportReporter -->
<testsuite name="io.kaitai.struct.spec.TestMetaXref" tests="1" failures="0" timestamp="8 Jul 2023 21:16:01 GMT" time="0.001" errors="0">
  <testcase name="testMetaXref" time="0.001" classname="io.kaitai.struct.spec.TestMetaXref"/>
</testsuite> <!-- io.kaitai.struct.spec.TestMetaXref -->
