<?xml version="1.0" encoding="UTF-8"?>
<!-- Generated by org.testng.reporters.JUnitReportReporter -->
<testsuite hostname="travis-job-4ea054e8-f737-4211-afbf-5a0f83a89c73" name="io.kaitai.struct.spec.TestProcessXor4Const" tests="1" failures="0" timestamp="18 Apr 2019 02:23:28 GMT" time="0.001" errors="0">
  <testcase name="testProcessXor4Const" time="0.001" classname="io.kaitai.struct.spec.TestProcessXor4Const"/>
</testsuite> <!-- io.kaitai.struct.spec.TestProcessXor4Const -->
