<?xml version="1.0" encoding="UTF-8"?>
<!-- Generated by org.testng.reporters.JUnitReportReporter -->
<testsuite hostname="fv-az851-998" name="io.kaitai.struct.spec.TestRepeatUntilComplex" tests="1" failures="0" timestamp="30 Jun 2023 19:44:23 GMT" time="0.001" errors="0">
  <testcase name="testRepeatUntilComplex" time="0.001" classname="io.kaitai.struct.spec.TestRepeatUntilComplex"/>
</testsuite> <!-- io.kaitai.struct.spec.TestRepeatUntilComplex -->
