<?xml version="1.0" encoding="UTF-8"?>
<!-- Generated by org.testng.reporters.JUnitReportReporter -->
<testsuite hostname="travis-job-e1be84ba-ad58-43cc-9f9d-33f70ce43dec" name="io.kaitai.struct.spec.TestInstanceStdArray" tests="1" failures="0" timestamp="11 Mar 2019 16:17:39 GMT" time="0.000" errors="0">
  <testcase name="testInstanceStdArray" time="0.000" classname="io.kaitai.struct.spec.TestInstanceStdArray"/>
</testsuite> <!-- io.kaitai.struct.spec.TestInstanceStdArray -->
