<?xml version="1.0" encoding="UTF-8"?>
<!-- Generated by org.testng.reporters.JUnitReportReporter -->
<testsuite hostname="testing-gce-5b80394b-7843-4960-bf92-4f2a687f9c0a" name="io.kaitai.struct.spec.TestFixedStruct" tests="1" failures="0" timestamp="25 May 2017 12:11:57 GMT" time="0.003" errors="0">
  <testcase name="testFixedStruct" time="0.003" classname="io.kaitai.struct.spec.TestFixedStruct"/>
</testsuite> <!-- io.kaitai.struct.spec.TestFixedStruct -->
