<?xml version="1.0" encoding="UTF-8"?>
<!-- Generated by org.testng.reporters.JUnitReportReporter -->
<testsuite failures="0" tests="1" name="io.kaitai.struct.spec.TestIfValues" time="0.004" errors="0" timestamp="21 Jul 2023 15:59:21 GMT">
  <testcase classname="io.kaitai.struct.spec.TestIfValues" name="testIfValues" time="0.004"/>
</testsuite> <!-- io.kaitai.struct.spec.TestIfValues -->
