<?xml version="1.0" encoding="UTF-8"?>
<!-- Generated by org.testng.reporters.JUnitReportReporter -->
<testsuite hostname="fv-az247-376" failures="0" tests="1" name="io.kaitai.struct.spec.TestBcdUserTypeBe" time="0.033" errors="0" timestamp="30 Jun 2023 20:06:25 GMT">
  <testcase classname="io.kaitai.struct.spec.TestBcdUserTypeBe" name="testBcdUserTypeBe" time="0.033"/>
</testsuite> <!-- io.kaitai.struct.spec.TestBcdUserTypeBe -->
