<?xml version="1.0" encoding="UTF-8"?>
<!-- Generated by org.testng.reporters.JUnitReportReporter -->
<testsuite hostname="travis-job-8d17acc9-8b52-4dba-939f-67000e488789" name="io.kaitai.struct.spec.TestEofExceptionBytes" tests="1" failures="0" timestamp="15 Mar 2020 22:07:06 GMT" time="0.000" errors="0">
  <testcase name="testEofExceptionBytes" time="0.000" classname="io.kaitai.struct.spec.TestEofExceptionBytes"/>
</testsuite> <!-- io.kaitai.struct.spec.TestEofExceptionBytes -->
