<?xml version="1.0" encoding="UTF-8"?>
<!-- Generated by org.testng.reporters.JUnitReportReporter -->
<testsuite hostname="travis-job-79a9dcb1-f84b-4fc0-8a6f-c2355f939fb2" name="io.kaitai.struct.spec.TestCombineBytes" tests="1" failures="0" timestamp="9 May 2020 19:24:25 GMT" time="0.001" errors="0">
  <testcase name="testCombineBytes" time="0.001" classname="io.kaitai.struct.spec.TestCombineBytes"/>
</testsuite> <!-- io.kaitai.struct.spec.TestCombineBytes -->
