<?xml version="1.0" encoding="UTF-8"?>
<!-- Generated by org.testng.reporters.JUnitReportReporter -->
<testsuite failures="0" tests="1" name="io.kaitai.struct.spec.TestFloatingPoints" time="0.001" errors="0" timestamp="10 Oct 2023 21:18:49 GMT">
  <testcase classname="io.kaitai.struct.spec.TestFloatingPoints" name="testFloatingPoints" time="0.001"/>
</testsuite> <!-- io.kaitai.struct.spec.TestFloatingPoints -->
