<?xml version="1.0" encoding="UTF-8"?>
<!-- Generated by org.testng.reporters.JUnitReportReporter -->
<testsuite hostname="travis-job-a7597e0c-9017-4721-bee1-64795c63f37d" name="io.kaitai.struct.spec.TestValidFailInst" tests="1" failures="0" timestamp="7 Jul 2022 22:57:39 GMT" time="0.001" errors="0">
  <testcase name="testValidFailInst" time="0.001" classname="io.kaitai.struct.spec.TestValidFailInst"/>
</testsuite> <!-- io.kaitai.struct.spec.TestValidFailInst -->
