<?xml version="1.0" encoding="UTF-8"?>
<!-- Generated by org.testng.reporters.JUnitReportReporter -->
<testsuite failures="0" tests="1" name="io.kaitai.struct.spec.TestValidFailContents" time="0.018" errors="0" timestamp="18 Mar 2024 17:44:52 GMT">
  <testcase classname="io.kaitai.struct.spec.TestValidFailContents" name="testValidFailContents" time="0.018"/>
</testsuite> <!-- io.kaitai.struct.spec.TestValidFailContents -->
