<?xml version="1.0" encoding="UTF-8"?>
<!-- Generated by org.testng.reporters.JUnitReportReporter -->
<testsuite name="io.kaitai.struct.spec.TestExprMod" tests="1" failures="0" timestamp="19 Jul 2023 18:53:21 GMT" time="0.000" errors="0">
  <testcase name="testExprMod" time="0.000" classname="io.kaitai.struct.spec.TestExprMod"/>
</testsuite> <!-- io.kaitai.struct.spec.TestExprMod -->
