<?xml version="1.0" encoding="UTF-8"?>
<!-- Generated by org.testng.reporters.JUnitReportReporter -->
<testsuite hostname="localhost" name="io.kaitai.struct.spec.TestRepeatUntilComplex" tests="1" failures="0" timestamp="29 Mar 2020 09:17:45 GMT" time="0.003" errors="0">
  <testcase name="testRepeatUntilComplex" time="0.003" classname="io.kaitai.struct.spec.TestRepeatUntilComplex"/>
</testsuite> <!-- io.kaitai.struct.spec.TestRepeatUntilComplex -->
