<?xml version="1.0" encoding="UTF-8"?>
<!-- Generated by org.testng.reporters.JUnitReportReporter -->
<testsuite hostname="travis-job-c3baddd1-2fe9-48d6-b3a4-b1747da0d823" name="io.kaitai.struct.spec.TestValidShort" tests="1" failures="0" timestamp="15 Sep 2019 13:01:28 GMT" time="0.001" errors="0">
  <testcase name="testValidShort" time="0.001" classname="io.kaitai.struct.spec.TestValidShort"/>
</testsuite> <!-- io.kaitai.struct.spec.TestValidShort -->
