<?xml version="1.0" encoding="UTF-8"?>
<!-- Generated by org.testng.reporters.JUnitReportReporter -->
<testsuite hostname="localhost" name="io.kaitai.struct.spec.TestExprSizeofValue0" tests="1" failures="0" timestamp="13 Mar 2022 10:34:31 GMT" time="0.001" errors="0">
  <testcase name="testExprSizeofValue0" time="0.001" classname="io.kaitai.struct.spec.TestExprSizeofValue0"/>
</testsuite> <!-- io.kaitai.struct.spec.TestExprSizeofValue0 -->
