<?xml version="1.0" encoding="UTF-8"?>
<!-- Generated by org.testng.reporters.JUnitReportReporter -->
<testsuite hostname="travis-job-da913690-89a8-4760-a187-74f3249da207" name="io.kaitai.struct.spec.TestDefaultEndianExprException" tests="1" failures="0" timestamp="23 Apr 2018 08:32:50 GMT" time="0.003" errors="0">
  <testcase name="testDefaultEndianExprException" time="0.003" classname="io.kaitai.struct.spec.TestDefaultEndianExprException"/>
</testsuite> <!-- io.kaitai.struct.spec.TestDefaultEndianExprException -->
