<?xml version="1.0" encoding="UTF-8"?>
<!-- Generated by org.testng.reporters.JUnitReportReporter -->
<testsuite hostname="travis-job-d5e862ea-7ec6-4cb6-bb20-3d57df4e2225" name="io.kaitai.struct.spec.TestTermBytes" tests="1" failures="0" timestamp="28 Jul 2022 00:13:16 GMT" time="0.000" errors="0">
  <testcase name="testTermBytes" time="0.000" classname="io.kaitai.struct.spec.TestTermBytes"/>
</testsuite> <!-- io.kaitai.struct.spec.TestTermBytes -->
