<?xml version="1.0" encoding="UTF-8"?>
<!-- Generated by org.testng.reporters.JUnitReportReporter -->
<testsuite hostname="localhost" name="io.kaitai.struct.spec.TestIoLocalVar" tests="1" failures="0" timestamp="15 Oct 2019 23:20:22 GMT" time="0.002" errors="0">
  <testcase name="testIoLocalVar" time="0.002" classname="io.kaitai.struct.spec.TestIoLocalVar"/>
</testsuite> <!-- io.kaitai.struct.spec.TestIoLocalVar -->
