<?xml version="1.0" encoding="UTF-8"?>
<!-- Generated by org.testng.reporters.JUnitReportReporter -->
<testsuite hostname="localhost" name="io.kaitai.struct.spec.TestZlibWithHeader78" tests="1" failures="0" timestamp="10 Feb 2020 23:57:51 GMT" time="0.000" errors="0">
  <testcase name="testZlibWithHeader78" time="0.000" classname="io.kaitai.struct.spec.TestZlibWithHeader78"/>
</testsuite> <!-- io.kaitai.struct.spec.TestZlibWithHeader78 -->
