<?xml version="1.0" encoding="UTF-8"?>
<!-- Generated by org.testng.reporters.JUnitReportReporter -->
<testsuite hostname="travis-job-a39933f9-a897-4ab2-9533-3b6e84437dec" failures="0" tests="1" name="io.kaitai.struct.spec.TestBcdUserTypeBe" time="0.008" errors="0" timestamp="30 Jul 2020 22:07:17 GMT">
  <testcase classname="io.kaitai.struct.spec.TestBcdUserTypeBe" name="testBcdUserTypeBe" time="0.008"/>
</testsuite> <!-- io.kaitai.struct.spec.TestBcdUserTypeBe -->
