<?xml version="1.0" encoding="UTF-8"?>
<!-- Generated by org.testng.reporters.JUnitReportReporter -->
<testsuite hostname="travis-job-a739b57c-508f-4b25-ba24-55038cbce41a" failures="0" tests="1" name="io.kaitai.struct.spec.TestValidFailContents" time="0.010" errors="0" timestamp="16 Feb 2020 17:16:52 GMT">
  <testcase classname="io.kaitai.struct.spec.TestValidFailContents" name="testValidFailContents" time="0.010"/>
</testsuite> <!-- io.kaitai.struct.spec.TestValidFailContents -->
