<?xml version="1.0" encoding="UTF-8"?>
<!-- Generated by org.testng.reporters.JUnitReportReporter -->
<testsuite hostname="travis-job-4c5b2e97-77b4-45a2-a3ec-cf2ea9a132d0" failures="0" tests="1" name="io.kaitai.struct.spec.TestBcdUserTypeBe" time="0.009" errors="0" timestamp="4 Apr 2020 06:19:01 GMT">
  <testcase classname="io.kaitai.struct.spec.TestBcdUserTypeBe" name="testBcdUserTypeBe" time="0.009"/>
</testsuite> <!-- io.kaitai.struct.spec.TestBcdUserTypeBe -->
