<?xml version="1.0" encoding="UTF-8"?>
<!-- Generated by org.testng.reporters.JUnitReportReporter -->
<testsuite failures="0" tests="1" name="io.kaitai.struct.spec.TestStrLiterals" time="0.002" errors="0" timestamp="15 Oct 2023 23:51:13 GMT">
  <testcase classname="io.kaitai.struct.spec.TestStrLiterals" name="testStrLiterals" time="0.002"/>
</testsuite> <!-- io.kaitai.struct.spec.TestStrLiterals -->
