<?xml version="1.0" encoding="UTF-8"?>
<!-- Generated by org.testng.reporters.JUnitReportReporter -->
<testsuite hostname="travis-job-3f0dad30-32bc-4906-80cb-c29178fe6dee" name="io.kaitai.struct.spec.TestOpaqueExternalType02Parent" tests="1" failures="0" timestamp="26 Apr 2019 04:24:36 GMT" time="0.004" errors="0">
  <testcase name="testOpaqueExternalType02Parent" time="0.004" classname="io.kaitai.struct.spec.TestOpaqueExternalType02Parent"/>
</testsuite> <!-- io.kaitai.struct.spec.TestOpaqueExternalType02Parent -->
