<?xml version="1.0" encoding="UTF-8"?>
<!-- Generated by org.testng.reporters.JUnitReportReporter -->
<testsuite hostname="travis-job-d0931a20-2e32-4d9d-8ce1-867baa2cbcb5" failures="0" tests="1" name="io.kaitai.struct.spec.TestIntegers" time="0.001" errors="0" timestamp="24 Aug 2020 07:03:53 GMT">
  <testcase classname="io.kaitai.struct.spec.TestIntegers" name="testIntegers" time="0.001"/>
</testsuite> <!-- io.kaitai.struct.spec.TestIntegers -->
