<?xml version="1.0" encoding="UTF-8"?>
<!-- Generated by org.testng.reporters.JUnitReportReporter -->
<testsuite hostname="fv-az422-791" name="io.kaitai.struct.spec.TestExpr2" tests="1" failures="0" timestamp="3 Jul 2023 08:33:05 GMT" time="0.004" errors="0">
  <testcase name="testExpr2" time="0.004" classname="io.kaitai.struct.spec.TestExpr2"/>
</testsuite> <!-- io.kaitai.struct.spec.TestExpr2 -->
