<?xml version="1.0" encoding="UTF-8"?>
<!-- Generated by org.testng.reporters.JUnitReportReporter -->
<testsuite hostname="travis-job-9e6d7a6d-2273-4c27-a5c0-734885a05555" name="io.kaitai.struct.spec.TestProcessToUser" tests="1" failures="0" timestamp="28 Dec 2018 16:26:31 GMT" time="0.018" errors="0">
  <testcase name="testProcessToUser" time="0.018" classname="io.kaitai.struct.spec.TestProcessToUser"/>
</testsuite> <!-- io.kaitai.struct.spec.TestProcessToUser -->
