<?xml version="1.0" encoding="UTF-8"?>
<!-- Generated by org.testng.reporters.JUnitReportReporter -->
<testsuite hostname="localhost" name="io.kaitai.struct.spec.TestProcessCustomNoArgs" tests="1" failures="0" timestamp="8 Mar 2020 22:03:38 GMT" time="0.000" errors="0">
  <testcase name="testProcessCustomNoArgs" time="0.000" classname="io.kaitai.struct.spec.TestProcessCustomNoArgs"/>
</testsuite> <!-- io.kaitai.struct.spec.TestProcessCustomNoArgs -->
