<?xml version="1.0" encoding="UTF-8"?>
<!-- Generated by org.testng.reporters.JUnitReportReporter -->
<testsuite hostname="travis-job-665037e7-9d9f-4b63-a36f-291a44c08532" failures="0" tests="1" name="io.kaitai.struct.spec.TestFloatingPoints" time="0.001" errors="0" timestamp="6 Feb 2021 14:35:58 GMT">
  <testcase classname="io.kaitai.struct.spec.TestFloatingPoints" name="testFloatingPoints" time="0.001"/>
</testsuite> <!-- io.kaitai.struct.spec.TestFloatingPoints -->
