<?xml version="1.0" encoding="UTF-8"?>
<!-- Generated by org.testng.reporters.JUnitReportReporter -->
<testsuite hostname="travis-job-f0e12a32-aa06-49e1-99f5-0424029f1563" name="io.kaitai.struct.spec.TestSwitchManualEnum" tests="1" failures="0" timestamp="16 Sep 2019 19:46:04 GMT" time="0.003" errors="0">
  <testcase name="testSwitchManualEnum" time="0.003" classname="io.kaitai.struct.spec.TestSwitchManualEnum"/>
</testsuite> <!-- io.kaitai.struct.spec.TestSwitchManualEnum -->
