<?xml version="1.0" encoding="UTF-8"?>
<!-- Generated by org.testng.reporters.JUnitReportReporter -->
<testsuite hostname="testing-gce-18c6e1f4-560d-4348-89e5-3952802fb902" name="io.kaitai.struct.spec.TestExprBytesCmp" tests="1" failures="0" timestamp="12 Jul 2017 09:47:24 GMT" time="0.001" errors="0">
  <testcase name="testExprBytesCmp" time="0.001" classname="io.kaitai.struct.spec.TestExprBytesCmp"/>
</testsuite> <!-- io.kaitai.struct.spec.TestExprBytesCmp -->
