<?xml version="1.0" encoding="UTF-8"?>
<!-- Generated by org.testng.reporters.JUnitReportReporter -->
<testsuite hostname="travis-job-7e6f311d-4abd-4fc7-9197-f8c770fd8ad0" name="io.kaitai.struct.spec.TestDebug0" tests="1" failures="0" timestamp="29 Feb 2020 09:29:14 GMT" time="0.001" errors="0">
  <testcase name="testDebug0" time="0.001" classname="io.kaitai.struct.spec.TestDebug0"/>
</testsuite> <!-- io.kaitai.struct.spec.TestDebug0 -->
