<?xml version="1.0" encoding="UTF-8"?>
<!-- Generated by org.testng.reporters.JUnitReportReporter -->
<testsuite hostname="travis-job-d85fd2f5-3041-4ce7-b793-073b382b3daa" failures="0" tests="1" name="io.kaitai.struct.spec.TestSwitchManualEnum" time="0.002" errors="0" timestamp="20 Oct 2020 22:47:09 GMT">
  <testcase classname="io.kaitai.struct.spec.TestSwitchManualEnum" name="testSwitchManualEnum" time="0.002"/>
</testsuite> <!-- io.kaitai.struct.spec.TestSwitchManualEnum -->
