<?xml version="1.0" encoding="UTF-8"?>
<!-- Generated by org.testng.reporters.JUnitReportReporter -->
<testsuite hostname="travis-job-b8446a59-c352-49a0-b70d-d9d410ac75c7" name="io.kaitai.struct.spec.TestSwitchManualStrElse" tests="1" failures="0" timestamp="3 Nov 2019 11:46:05 GMT" time="0.002" errors="0">
  <testcase name="testSwitchManualStrElse" time="0.002" classname="io.kaitai.struct.spec.TestSwitchManualStrElse"/>
</testsuite> <!-- io.kaitai.struct.spec.TestSwitchManualStrElse -->
