<?xml version="1.0" encoding="UTF-8"?>
<!-- Generated by org.testng.reporters.JUnitReportReporter -->
<testsuite hostname="travis-job-05d7ba10-9dfa-4f4c-b781-0f7ca6935f12" name="io.kaitai.struct.spec.TestEnumInvalid" tests="1" failures="0" timestamp="31 Dec 2019 19:10:20 GMT" time="0.015" errors="0">
  <testcase name="testEnumInvalid" time="0.015" classname="io.kaitai.struct.spec.TestEnumInvalid"/>
</testsuite> <!-- io.kaitai.struct.spec.TestEnumInvalid -->
