<?xml version="1.0" encoding="UTF-8"?>
<!-- Generated by org.testng.reporters.JUnitReportReporter -->
<testsuite hostname="travis-job-c3ee78bc-c9a6-4e00-893a-2f90e9b810be" name="io.kaitai.struct.spec.TestCombineBool" tests="1" failures="0" timestamp="23 Aug 2020 21:42:50 GMT" time="0.000" errors="0">
  <testcase name="testCombineBool" time="0.000" classname="io.kaitai.struct.spec.TestCombineBool"/>
</testsuite> <!-- io.kaitai.struct.spec.TestCombineBool -->
