<?xml version="1.0" encoding="UTF-8"?>
<!-- Generated by org.testng.reporters.JUnitReportReporter -->
<testsuite name="io.kaitai.struct.spec.TestInstanceIoUser" tests="1" failures="0" timestamp="18 Mar 2024 17:44:47 GMT" time="0.000" errors="0">
  <testcase name="testInstanceIoUser" time="0.000" classname="io.kaitai.struct.spec.TestInstanceIoUser"/>
</testsuite> <!-- io.kaitai.struct.spec.TestInstanceIoUser -->
