<?xml version="1.0" encoding="UTF-8"?>
<!-- Generated by org.testng.reporters.JUnitReportReporter -->
<testsuite failures="0" tests="1" name="io.kaitai.struct.spec.TestFixedStruct" time="0.001" errors="0" timestamp="15 Jul 2023 06:48:20 GMT">
  <testcase classname="io.kaitai.struct.spec.TestFixedStruct" name="testFixedStruct" time="0.001"/>
</testsuite> <!-- io.kaitai.struct.spec.TestFixedStruct -->
