<?xml version="1.0" encoding="UTF-8"?>
<!-- Generated by org.testng.reporters.JUnitReportReporter -->
<testsuite hostname="localhost" name="io.kaitai.struct.spec.TestCombineBytes" tests="1" failures="0" timestamp="23 Aug 2020 21:44:18 GMT" time="0.001" errors="0">
  <testcase name="testCombineBytes" time="0.001" classname="io.kaitai.struct.spec.TestCombineBytes"/>
</testsuite> <!-- io.kaitai.struct.spec.TestCombineBytes -->
