<?xml version="1.0" encoding="UTF-8"?>
<!-- Generated by org.testng.reporters.JUnitReportReporter -->
<testsuite failures="0" tests="1" name="io.kaitai.struct.spec.TestExprStrEncodings" time="0.008" errors="0" timestamp="15 Jul 2023 06:44:28 GMT">
  <testcase classname="io.kaitai.struct.spec.TestExprStrEncodings" name="testExprStrEncodings" time="0.008"/>
</testsuite> <!-- io.kaitai.struct.spec.TestExprStrEncodings -->
