<?xml version="1.0" encoding="UTF-8"?>
<!-- Generated by org.testng.reporters.JUnitReportReporter -->
<testsuite failures="0" tests="1" name="io.kaitai.struct.spec.TestDefaultBitEndianMod" time="0.003" errors="0" timestamp="9 Oct 2023 18:36:08 GMT">
  <testcase classname="io.kaitai.struct.spec.TestDefaultBitEndianMod" name="testDefaultBitEndianMod" time="0.003"/>
</testsuite> <!-- io.kaitai.struct.spec.TestDefaultBitEndianMod -->
