<?xml version="1.0" encoding="UTF-8"?>
<!-- Generated by org.testng.reporters.JUnitReportReporter -->
<testsuite hostname="travis-job-68f8ebbb-6a6d-4b82-86c8-394a436c01aa" name="io.kaitai.struct.spec.TestImportsAbsRel" tests="1" failures="0" timestamp="22 Apr 2019 02:42:34 GMT" time="0.000" errors="0">
  <testcase name="testImportsAbsRel" time="0.000" classname="io.kaitai.struct.spec.TestImportsAbsRel"/>
</testsuite> <!-- io.kaitai.struct.spec.TestImportsAbsRel -->
