<?xml version="1.0" encoding="UTF-8"?>
<!-- Generated by org.testng.reporters.JUnitReportReporter -->
<testsuite hostname="localhost" name="io.kaitai.struct.spec.TestHelloWorld" tests="1" failures="0" timestamp="8 Apr 2020 17:52:25 GMT" time="0.000" errors="0">
  <testcase name="testHelloWorld" time="0.000" classname="io.kaitai.struct.spec.TestHelloWorld"/>
</testsuite> <!-- io.kaitai.struct.spec.TestHelloWorld -->
