<?xml version="1.0" encoding="UTF-8"?>
<!-- Generated by org.testng.reporters.JUnitReportReporter -->
<testsuite hostname="testing-gce-f00a6456-4843-4070-b1ed-a658e824758f" name="io.kaitai.struct.spec.TestNestedTypes2" tests="1" failures="0" timestamp="12 Oct 2017 13:20:16 GMT" time="0.053" errors="0">
  <testcase name="testNestedTypes2" time="0.053" classname="io.kaitai.struct.spec.TestNestedTypes2"/>
</testsuite> <!-- io.kaitai.struct.spec.TestNestedTypes2 -->
