<?xml version="1.0" encoding="UTF-8"?>
<!-- Generated by org.testng.reporters.JUnitReportReporter -->
<testsuite failures="0" tests="1" name="io.kaitai.struct.spec.TestExprIoPos" time="0.035" errors="0" timestamp="29 Feb 2024 19:37:08 GMT">
  <testcase classname="io.kaitai.struct.spec.TestExprIoPos" name="testExprIoPos" time="0.035"/>
</testsuite> <!-- io.kaitai.struct.spec.TestExprIoPos -->
