<?xml version="1.0" encoding="UTF-8"?>
<!-- Generated by org.testng.reporters.JUnitReportReporter -->
<testsuite hostname="travis-job-45b0e817-4be0-454f-87fb-a86993fccb89" name="io.kaitai.struct.spec.TestSwitchManualEnum" tests="1" failures="0" timestamp="24 Aug 2020 07:02:08 GMT" time="0.003" errors="0">
  <testcase name="testSwitchManualEnum" time="0.003" classname="io.kaitai.struct.spec.TestSwitchManualEnum"/>
</testsuite> <!-- io.kaitai.struct.spec.TestSwitchManualEnum -->
