<?xml version="1.0" encoding="UTF-8"?>
<!-- Generated by org.testng.reporters.JUnitReportReporter -->
<testsuite hostname="travis-job-f7426b15-ff8c-48d4-b946-6b6a807a5cf8" name="io.kaitai.struct.spec.TestStrLiterals2" tests="1" failures="0" timestamp="5 May 2022 21:03:24 GMT" time="0.001" errors="0">
  <testcase name="testStrLiterals2" time="0.001" classname="io.kaitai.struct.spec.TestStrLiterals2"/>
</testsuite> <!-- io.kaitai.struct.spec.TestStrLiterals2 -->
