<?xml version="1.0" encoding="UTF-8"?>
<!-- Generated by org.testng.reporters.JUnitReportReporter -->
<testsuite hostname="testing-gce-363ca0b2-67f8-42c5-96a5-96e3048f9db8" name="io.kaitai.struct.spec.TestExpr0" tests="1" failures="0" timestamp="25 May 2017 11:53:31 GMT" time="0.001" errors="0">
  <testcase name="testExpr0" time="0.001" classname="io.kaitai.struct.spec.TestExpr0"/>
</testsuite> <!-- io.kaitai.struct.spec.TestExpr0 -->
