<?xml version="1.0" encoding="UTF-8"?>
<!-- Generated by org.testng.reporters.JUnitReportReporter -->
<testsuite hostname="travis-job-ed158240-0da5-4fde-acbd-66d0c93f246c" failures="0" tests="1" name="io.kaitai.struct.spec.TestDefaultEndianExprException" time="0.001" errors="0" timestamp="6 Nov 2020 10:14:35 GMT">
  <testcase classname="io.kaitai.struct.spec.TestDefaultEndianExprException" name="testDefaultEndianExprException" time="0.001"/>
</testsuite> <!-- io.kaitai.struct.spec.TestDefaultEndianExprException -->
