<?xml version="1.0" encoding="UTF-8"?>
<!-- Generated by org.testng.reporters.JUnitReportReporter -->
<testsuite hostname="travis-job-3f2f8cfd-5bcc-4b8a-aa0c-c0122c7f5b23" name="io.kaitai.struct.spec.TestBcdUserTypeBe" tests="1" failures="0" timestamp="8 Jul 2020 06:44:06 GMT" time="0.002" errors="0">
  <testcase name="testBcdUserTypeBe" time="0.002" classname="io.kaitai.struct.spec.TestBcdUserTypeBe"/>
</testsuite> <!-- io.kaitai.struct.spec.TestBcdUserTypeBe -->
