<?xml version="1.0" encoding="UTF-8"?>
<!-- Generated by org.testng.reporters.JUnitReportReporter -->
<testsuite failures="0" tests="1" name="io.kaitai.struct.spec.TestExprOpsParens" time="0.009" errors="0" timestamp="22 Mar 2024 15:21:34 GMT">
  <testcase classname="io.kaitai.struct.spec.TestExprOpsParens" name="testExprOpsParens" time="0.009"/>
</testsuite> <!-- io.kaitai.struct.spec.TestExprOpsParens -->
