<?xml version="1.0" encoding="UTF-8"?>
<!-- Generated by org.testng.reporters.JUnitReportReporter -->
<testsuite hostname="travis-job-3b694868-28b6-4f55-9c09-afa6b527227d" name="io.kaitai.struct.spec.TestIoLocalVar" tests="1" failures="0" timestamp="17 Jun 2022 12:26:51 GMT" time="0.000" errors="0">
  <testcase name="testIoLocalVar" time="0.000" classname="io.kaitai.struct.spec.TestIoLocalVar"/>
</testsuite> <!-- io.kaitai.struct.spec.TestIoLocalVar -->
