<?xml version="1.0" encoding="UTF-8"?>
<!-- Generated by org.testng.reporters.JUnitReportReporter -->
<testsuite hostname="travis-job-3a9ae5b8-0314-4c84-bda8-b30e132b5664" name="io.kaitai.struct.spec.TestEofExceptionU4" tests="1" failures="0" timestamp="24 Mar 2018 23:41:31 GMT" time="0.001" errors="0">
  <testcase name="testEofExceptionU4" time="0.001" classname="io.kaitai.struct.spec.TestEofExceptionU4"/>
</testsuite> <!-- io.kaitai.struct.spec.TestEofExceptionU4 -->
