<?xml version="1.0" encoding="UTF-8"?>
<!-- Generated by org.testng.reporters.JUnitReportReporter -->
<testsuite hostname="travis-job-a4561113-6ef3-4a3c-af7a-514183eac801" name="io.kaitai.struct.spec.TestBytesPadTerm" tests="1" failures="0" timestamp="5 Feb 2018 01:47:46 GMT" time="0.000" errors="0">
  <testcase name="testBytesPadTerm" time="0.000" classname="io.kaitai.struct.spec.TestBytesPadTerm"/>
</testsuite> <!-- io.kaitai.struct.spec.TestBytesPadTerm -->
