<?xml version="1.0" encoding="UTF-8"?>
<!-- Generated by org.testng.reporters.JUnitReportReporter -->
<testsuite hostname="fv-az166-287" name="io.kaitai.struct.spec.TestNavRoot" tests="1" failures="0" timestamp="30 Jun 2023 19:28:37 GMT" time="0.017" errors="0">
  <testcase name="testNavRoot" time="0.017" classname="io.kaitai.struct.spec.TestNavRoot"/>
</testsuite> <!-- io.kaitai.struct.spec.TestNavRoot -->
