<?xml version="1.0" encoding="UTF-8"?>
<!-- Generated by org.testng.reporters.JUnitReportReporter -->
<testsuite hostname="travis-job-a0b53137-9e8f-48fb-91bf-2f80353d159c" name="io.kaitai.struct.spec.TestImportsAbsAbs" tests="1" failures="0" timestamp="14 Apr 2019 22:34:16 GMT" time="0.003" errors="0">
  <testcase name="testImportsAbsAbs" time="0.003" classname="io.kaitai.struct.spec.TestImportsAbsAbs"/>
</testsuite> <!-- io.kaitai.struct.spec.TestImportsAbsAbs -->
