<?xml version="1.0" encoding="UTF-8"?>
<!-- Generated by org.testng.reporters.JUnitReportReporter -->
<testsuite hostname="localhost" name="io.kaitai.struct.spec.TestEnumNegative" tests="1" failures="0" timestamp="7 Dec 2019 13:22:45 GMT" time="0.001" errors="0">
  <testcase name="testEnumNegative" time="0.001" classname="io.kaitai.struct.spec.TestEnumNegative"/>
</testsuite> <!-- io.kaitai.struct.spec.TestEnumNegative -->
