<?xml version="1.0" encoding="UTF-8"?>
<!-- Generated by org.testng.reporters.JUnitReportReporter -->
<testsuite hostname="travis-job-e5c79a5c-cc7a-4e9e-8b44-26341c2438a2" name="io.kaitai.struct.spec.TestDefaultEndianMod" tests="1" failures="0" timestamp="23 Apr 2018 01:32:13 GMT" time="0.003" errors="0">
  <testcase name="testDefaultEndianMod" time="0.003" classname="io.kaitai.struct.spec.TestDefaultEndianMod"/>
</testsuite> <!-- io.kaitai.struct.spec.TestDefaultEndianMod -->
