<?xml version="1.0" encoding="UTF-8"?>
<!-- Generated by org.testng.reporters.JUnitReportReporter -->
<testsuite hostname="travis-job-5c589616-0fcc-4934-8a57-d2c66755d1ba" name="io.kaitai.struct.spec.TestBcdUserTypeLe" tests="1" failures="0" timestamp="9 Nov 2018 11:14:59 GMT" time="0.002" errors="0">
  <testcase name="testBcdUserTypeLe" time="0.002" classname="io.kaitai.struct.spec.TestBcdUserTypeLe"/>
</testsuite> <!-- io.kaitai.struct.spec.TestBcdUserTypeLe -->
