<?xml version="1.0" encoding="UTF-8"?>
<!-- Generated by org.testng.reporters.JUnitReportReporter -->
<testsuite hostname="travis-job-5c9912ff-48de-4fc6-b757-3505dec4cd7f" name="io.kaitai.struct.spec.TestRepeatEosStruct" tests="1" failures="0" timestamp="12 Mar 2019 02:21:21 GMT" time="0.000" errors="0">
  <testcase name="testRepeatEosStruct" time="0.000" classname="io.kaitai.struct.spec.TestRepeatEosStruct"/>
</testsuite> <!-- io.kaitai.struct.spec.TestRepeatEosStruct -->
