<?xml version="1.0" encoding="UTF-8"?>
<!-- Generated by org.testng.reporters.JUnitReportReporter -->
<testsuite hostname="travis-job-a005d8f1-2689-4832-a0ce-c8a969450527" name="io.kaitai.struct.spec.TestStrEncodingsDefault" tests="1" failures="0" timestamp="26 Jul 2020 19:23:16 GMT" time="0.019" errors="0">
  <testcase name="testStrEncodingsDefault" time="0.019" classname="io.kaitai.struct.spec.TestStrEncodingsDefault"/>
</testsuite> <!-- io.kaitai.struct.spec.TestStrEncodingsDefault -->
