<?xml version="1.0" encoding="UTF-8"?>
<!-- Generated by org.testng.reporters.JUnitReportReporter -->
<testsuite hostname="travis-job-52118940-d0e9-4618-be38-45633c5d2ae9" name="io.kaitai.struct.spec.TestValidFailMaxInt" tests="1" failures="0" timestamp="7 Mar 2020 20:46:14 GMT" time="0.001" errors="0">
  <testcase name="testValidFailMaxInt" time="0.001" classname="io.kaitai.struct.spec.TestValidFailMaxInt"/>
</testsuite> <!-- io.kaitai.struct.spec.TestValidFailMaxInt -->
