<?xml version="1.0" encoding="UTF-8"?>
<!-- Generated by org.testng.reporters.JUnitReportReporter -->
<testsuite hostname="travis-job-c412cd7b-ccb8-4e02-ac2e-9d963939c71b" name="io.kaitai.struct.spec.TestRepeatEosStruct" tests="1" failures="0" timestamp="22 Mar 2018 20:18:49 GMT" time="0.001" errors="0">
  <testcase name="testRepeatEosStruct" time="0.001" classname="io.kaitai.struct.spec.TestRepeatEosStruct"/>
</testsuite> <!-- io.kaitai.struct.spec.TestRepeatEosStruct -->
