<?xml version="1.0" encoding="UTF-8"?>
<!-- Generated by org.testng.reporters.JUnitReportReporter -->
<testsuite hostname="travis-job-eb70d71a-c9e2-4091-a118-93ec83289d98" name="io.kaitai.struct.spec.TestPositionToEnd" tests="1" failures="0" timestamp="24 Aug 2020 16:08:25 GMT" time="0.002" errors="0">
  <testcase name="testPositionToEnd" time="0.002" classname="io.kaitai.struct.spec.TestPositionToEnd"/>
</testsuite> <!-- io.kaitai.struct.spec.TestPositionToEnd -->
