<?xml version="1.0" encoding="UTF-8"?>
<!-- Generated by org.testng.reporters.JUnitReportReporter -->
<testsuite hostname="travis-job-6acb55b0-2aa4-4c8a-a653-58fade3d7a83" failures="0" tests="1" name="io.kaitai.struct.spec.TestDocstringsDocref" time="0.001" errors="0" timestamp="16 Mar 2020 21:14:01 GMT">
  <testcase classname="io.kaitai.struct.spec.TestDocstringsDocref" name="testDocstringsDocref" time="0.001"/>
</testsuite> <!-- io.kaitai.struct.spec.TestDocstringsDocref -->
