<?xml version="1.0" encoding="UTF-8"?>
<!-- Generated by org.testng.reporters.JUnitReportReporter -->
<testsuite hostname="travis-job-afb93e8b-9c21-4d45-bc3d-31648988794d" failures="0" tests="1" name="io.kaitai.struct.spec.TestBcdUserTypeBe" time="0.010" errors="0" timestamp="14 Apr 2020 19:17:36 GMT">
  <testcase classname="io.kaitai.struct.spec.TestBcdUserTypeBe" name="testBcdUserTypeBe" time="0.010"/>
</testsuite> <!-- io.kaitai.struct.spec.TestBcdUserTypeBe -->
