<?xml version="1.0" encoding="UTF-8"?>
<!-- Generated by org.testng.reporters.JUnitReportReporter -->
<testsuite hostname="testing-gce-e376300a-7fa4-4d3f-83b2-1d40c009d02d" name="io.kaitai.struct.spec.TestDefaultEndianExprInherited" tests="1" failures="0" timestamp="7 Aug 2017 09:09:26 GMT" time="0.005" errors="0">
  <testcase name="testDefaultEndianExprInherited" time="0.005" classname="io.kaitai.struct.spec.TestDefaultEndianExprInherited"/>
</testsuite> <!-- io.kaitai.struct.spec.TestDefaultEndianExprInherited -->
