<?xml version="1.0" encoding="UTF-8"?>
<!-- Generated by org.testng.reporters.JUnitReportReporter -->
<testsuite hostname="travis-job-1135799b-4381-46cb-a4ba-a658e668b866" name="io.kaitai.struct.spec.TestStrEncodingsDefault" tests="1" failures="0" timestamp="28 Dec 2018 16:27:30 GMT" time="0.015" errors="0">
  <testcase name="testStrEncodingsDefault" time="0.015" classname="io.kaitai.struct.spec.TestStrEncodingsDefault"/>
</testsuite> <!-- io.kaitai.struct.spec.TestStrEncodingsDefault -->
