<?xml version="1.0" encoding="UTF-8"?>
<!-- Generated by org.testng.reporters.JUnitReportReporter -->
<testsuite hostname="localhost" name="io.kaitai.struct.spec.TestBytesPadTerm" tests="1" failures="0" timestamp="5 Jun 2020 09:02:02 GMT" time="0.001" errors="0">
  <testcase name="testBytesPadTerm" time="0.001" classname="io.kaitai.struct.spec.TestBytesPadTerm"/>
</testsuite> <!-- io.kaitai.struct.spec.TestBytesPadTerm -->
