<?xml version="1.0" encoding="UTF-8"?>
<!-- Generated by org.testng.reporters.JUnitReportReporter -->
<testsuite hostname="travis-job-60c5952f-df2d-47d4-981b-2b7a1efaf5ca" name="io.kaitai.struct.spec.TestDefaultEndianExprIsBe" tests="1" failures="0" timestamp="13 Oct 2019 09:37:52 GMT" time="0.002" errors="0">
  <testcase name="testDefaultEndianExprIsBe" time="0.002" classname="io.kaitai.struct.spec.TestDefaultEndianExprIsBe"/>
</testsuite> <!-- io.kaitai.struct.spec.TestDefaultEndianExprIsBe -->
