<?xml version="1.0" encoding="UTF-8"?>
<!-- Generated by org.testng.reporters.JUnitReportReporter -->
<testsuite failures="0" tests="1" name="io.kaitai.struct.spec.TestValidFailRangeStr" time="0.037" errors="0" timestamp="21 Jul 2023 09:21:04 GMT">
  <testcase classname="io.kaitai.struct.spec.TestValidFailRangeStr" name="testValidFailRangeStr" time="0.037"/>
</testsuite> <!-- io.kaitai.struct.spec.TestValidFailRangeStr -->
