<?xml version="1.0" encoding="UTF-8"?>
<!-- Generated by org.testng.reporters.JUnitReportReporter -->
<testsuite hostname="localhost" name="io.kaitai.struct.spec.TestPositionToEnd" tests="1" failures="0" timestamp="23 Jun 2022 17:29:31 GMT" time="0.000" errors="0">
  <testcase name="testPositionToEnd" time="0.000" classname="io.kaitai.struct.spec.TestPositionToEnd"/>
</testsuite> <!-- io.kaitai.struct.spec.TestPositionToEnd -->
