<?xml version="1.0" encoding="UTF-8"?>
<!-- Generated by org.testng.reporters.JUnitReportReporter -->
<testsuite hostname="travis-job-22606e76-6922-4cba-a690-cacbc9f61f9a" name="io.kaitai.struct.spec.TestValidNotParsedIf" tests="1" failures="0" timestamp="29 Apr 2020 19:44:41 GMT" time="0.059" errors="0">
  <testcase name="testValidNotParsedIf" time="0.059" classname="io.kaitai.struct.spec.TestValidNotParsedIf"/>
</testsuite> <!-- io.kaitai.struct.spec.TestValidNotParsedIf -->
