<?xml version="1.0" encoding="UTF-8"?>
<!-- Generated by org.testng.reporters.JUnitReportReporter -->
<testsuite name="io.kaitai.struct.spec.TestEnumDeep" tests="1" failures="0" timestamp="6 Jul 2023 18:35:29 GMT" time="0.015" errors="0">
  <testcase name="testEnumDeep" time="0.015" classname="io.kaitai.struct.spec.TestEnumDeep"/>
</testsuite> <!-- io.kaitai.struct.spec.TestEnumDeep -->
