<?xml version="1.0" encoding="UTF-8"?>
<!-- Generated by org.testng.reporters.JUnitReportReporter -->
<testsuite hostname="travis-job-dd47caec-f4b2-418f-bacd-a2a6a6cb6f46" name="io.kaitai.struct.spec.TestProcessCoerceUsertype2" tests="1" failures="0" timestamp="31 Mar 2020 06:34:41 GMT" time="0.021" errors="0">
  <testcase name="testProcessCoerceUsertype2" time="0.021" classname="io.kaitai.struct.spec.TestProcessCoerceUsertype2"/>
</testsuite> <!-- io.kaitai.struct.spec.TestProcessCoerceUsertype2 -->
