<?xml version="1.0" encoding="UTF-8"?>
<!-- Generated by org.testng.reporters.JUnitReportReporter -->
<testsuite failures="0" tests="1" name="io.kaitai.struct.spec.TestDefaultEndianExprException" time="0.034" errors="0" timestamp="19 Jul 2023 19:05:32 GMT">
  <testcase classname="io.kaitai.struct.spec.TestDefaultEndianExprException" name="testDefaultEndianExprException" time="0.034"/>
</testsuite> <!-- io.kaitai.struct.spec.TestDefaultEndianExprException -->
