<?xml version="1.0" encoding="UTF-8"?>
<!-- Generated by org.testng.reporters.JUnitReportReporter -->
<testsuite hostname="localhost" name="io.kaitai.struct.spec.TestTsPacketHeader" tests="1" failures="0" timestamp="8 Jul 2020 06:45:37 GMT" time="0.016" errors="0">
  <testcase name="testTsPacketHeader" time="0.016" classname="io.kaitai.struct.spec.TestTsPacketHeader"/>
</testsuite> <!-- io.kaitai.struct.spec.TestTsPacketHeader -->
