<?xml version="1.0" encoding="UTF-8"?>
<!-- Generated by org.testng.reporters.JUnitReportReporter -->
<testsuite hostname="travis-job-7d099768-8b5f-429b-8a9c-dc5beb1abd00" failures="0" tests="1" name="io.kaitai.struct.spec.TestEnumIf" time="0.003" errors="0" timestamp="4 Apr 2020 05:27:21 GMT">
  <testcase classname="io.kaitai.struct.spec.TestEnumIf" name="testEnumIf" time="0.003"/>
</testsuite> <!-- io.kaitai.struct.spec.TestEnumIf -->
