<?xml version="1.0" encoding="UTF-8"?>
<!-- Generated by org.testng.reporters.JUnitReportReporter -->
<testsuite hostname="fv-az570-599" name="io.kaitai.struct.spec.TestBcdUserTypeLe" tests="1" failures="0" timestamp="30 Jun 2023 19:50:34 GMT" time="0.002" errors="0">
  <testcase name="testBcdUserTypeLe" time="0.002" classname="io.kaitai.struct.spec.TestBcdUserTypeLe"/>
</testsuite> <!-- io.kaitai.struct.spec.TestBcdUserTypeLe -->
