<?xml version="1.0" encoding="UTF-8"?>
<!-- Generated by org.testng.reporters.JUnitReportReporter -->
<testsuite failures="0" tests="1" name="io.kaitai.struct.spec.TestDebugEnumName" time="0.006" errors="0" timestamp="24 Jul 2023 14:10:41 GMT">
  <testcase classname="io.kaitai.struct.spec.TestDebugEnumName" name="testDebugEnumName" time="0.006"/>
</testsuite> <!-- io.kaitai.struct.spec.TestDebugEnumName -->
