<?xml version="1.0" encoding="UTF-8"?>
<!-- Generated by org.testng.reporters.JUnitReportReporter -->
<testsuite hostname="travis-job-012571a6-4d07-4821-bff5-fc0a94a94b97" failures="0" tests="1" name="io.kaitai.struct.spec.TestNavParent2" time="0.001" errors="0" timestamp="23 Jun 2022 17:29:16 GMT">
  <testcase classname="io.kaitai.struct.spec.TestNavParent2" name="testNavParent2" time="0.001"/>
</testsuite> <!-- io.kaitai.struct.spec.TestNavParent2 -->
