<?xml version="1.0" encoding="UTF-8"?>
<!-- Generated by org.testng.reporters.JUnitReportReporter -->
<testsuite hostname="travis-job-8a7abaab-a806-4161-b883-aefa008da82a" name="io.kaitai.struct.spec.TestExpr3" tests="1" failures="0" timestamp="7 Apr 2020 09:13:37 GMT" time="0.000" errors="0">
  <testcase name="testExpr3" time="0.000" classname="io.kaitai.struct.spec.TestExpr3"/>
</testsuite> <!-- io.kaitai.struct.spec.TestExpr3 -->
