<?xml version="1.0" encoding="UTF-8"?>
<!-- Generated by org.testng.reporters.JUnitReportReporter -->
<testsuite hostname="travis-job-5959afe9-466d-4ff4-bef6-2e3f48646e16" name="io.kaitai.struct.spec.TestExprEnum" tests="1" failures="0" timestamp="12 Mar 2019 02:12:20 GMT" time="0.003" errors="0">
  <testcase name="testExprEnum" time="0.003" classname="io.kaitai.struct.spec.TestExprEnum"/>
</testsuite> <!-- io.kaitai.struct.spec.TestExprEnum -->
