<?xml version="1.0" encoding="UTF-8"?>
<!-- Generated by org.testng.reporters.JUnitReportReporter -->
<testsuite hostname="testing-gce-38f9f728-238d-42c0-a540-eeb9592fbc64" name="io.kaitai.struct.spec.TestDebugEnumName" tests="1" failures="0" timestamp="7 Jul 2017 17:35:59 GMT" time="0.003" errors="0">
  <testcase name="testDebugEnumName" time="0.003" classname="io.kaitai.struct.spec.TestDebugEnumName"/>
</testsuite> <!-- io.kaitai.struct.spec.TestDebugEnumName -->
