<?xml version="1.0" encoding="UTF-8"?>
<!-- Generated by org.testng.reporters.JUnitReportReporter -->
<testsuite name="io.kaitai.struct.spec.TestImportsCircularA" tests="1" failures="0" timestamp="15 Oct 2023 23:51:47 GMT" time="0.001" errors="0">
  <testcase name="testImportsCircularA" time="0.001" classname="io.kaitai.struct.spec.TestImportsCircularA"/>
</testsuite> <!-- io.kaitai.struct.spec.TestImportsCircularA -->
