<?xml version="1.0" encoding="UTF-8"?>
<!-- Generated by org.testng.reporters.JUnitReportReporter -->
<testsuite hostname="localhost" name="io.kaitai.struct.spec.TestExpr3" tests="1" failures="0" timestamp="30 Jan 2020 18:11:45 GMT" time="0.003" errors="0">
  <testcase name="testExpr3" time="0.003" classname="io.kaitai.struct.spec.TestExpr3"/>
</testsuite> <!-- io.kaitai.struct.spec.TestExpr3 -->
