<?xml version="1.0" encoding="UTF-8"?>
<!-- Generated by org.testng.reporters.JUnitReportReporter -->
<testsuite hostname="localhost" name="io.kaitai.struct.spec.TestZlibSurrounded" tests="1" failures="0" timestamp="23 Mar 2020 08:55:26 GMT" time="0.002" errors="0">
  <testcase name="testZlibSurrounded" time="0.002" classname="io.kaitai.struct.spec.TestZlibSurrounded"/>
</testsuite> <!-- io.kaitai.struct.spec.TestZlibSurrounded -->
