<?xml version="1.0" encoding="UTF-8"?>
<!-- Generated by org.testng.reporters.JUnitReportReporter -->
<testsuite hostname="travis-job-98aa10f5-cf9f-4c14-8865-86a685438b78" name="io.kaitai.struct.spec.TestRepeatEosU4" tests="1" failures="0" timestamp="4 Apr 2018 09:42:25 GMT" time="0.004" errors="0">
  <testcase name="testRepeatEosU4" time="0.004" classname="io.kaitai.struct.spec.TestRepeatEosU4"/>
</testsuite> <!-- io.kaitai.struct.spec.TestRepeatEosU4 -->
