<?xml version="1.0" encoding="UTF-8"?>
<!-- Generated by org.testng.reporters.JUnitReportReporter -->
<testsuite hostname="travis-job-a0b53137-9e8f-48fb-91bf-2f80353d159c" name="io.kaitai.struct.spec.TestInstanceIoUser" tests="1" failures="0" timestamp="14 Apr 2019 22:34:16 GMT" time="0.023" errors="0">
  <testcase name="testInstanceIoUser" time="0.023" classname="io.kaitai.struct.spec.TestInstanceIoUser"/>
</testsuite> <!-- io.kaitai.struct.spec.TestInstanceIoUser -->
