<?xml version="1.0" encoding="UTF-8"?>
<!-- Generated by org.testng.reporters.JUnitReportReporter -->
<testsuite hostname="travis-job-bde7fd19-03bd-48c8-be74-47df32732295" failures="0" tests="1" name="io.kaitai.struct.spec.TestSwitchManualInt" time="0.005" errors="0" timestamp="14 Feb 2020 23:53:45 GMT">
  <testcase classname="io.kaitai.struct.spec.TestSwitchManualInt" name="testSwitchManualInt" time="0.005"/>
</testsuite> <!-- io.kaitai.struct.spec.TestSwitchManualInt -->
