<?xml version="1.0" encoding="UTF-8"?>
<!-- Generated by org.testng.reporters.JUnitReportReporter -->
<testsuite failures="0" tests="1" name="io.kaitai.struct.spec.TestParamsPassStruct" time="0.011" errors="0" timestamp="4 Nov 2023 10:59:44 GMT">
  <testcase classname="io.kaitai.struct.spec.TestParamsPassStruct" name="testParamsPassStruct" time="0.011"/>
</testsuite> <!-- io.kaitai.struct.spec.TestParamsPassStruct -->
