<?xml version="1.0" encoding="UTF-8"?>
<!-- Generated by org.testng.reporters.JUnitReportReporter -->
<testsuite hostname="travis-job-386a6053-99e4-402f-9830-5a535fe65a1a" name="io.kaitai.struct.spec.TestProcessCoerceUsertype1" tests="1" failures="0" timestamp="27 Apr 2019 16:25:01 GMT" time="0.014" errors="0">
  <testcase name="testProcessCoerceUsertype1" time="0.014" classname="io.kaitai.struct.spec.TestProcessCoerceUsertype1"/>
</testsuite> <!-- io.kaitai.struct.spec.TestProcessCoerceUsertype1 -->
