<?xml version="1.0" encoding="UTF-8"?>
<!-- Generated by org.testng.reporters.JUnitReportReporter -->
<testsuite hostname="travis-job-e93828d2-dcd1-4f6a-a5d7-ca13077a58b4" failures="0" tests="1" name="io.kaitai.struct.spec.TestNavParentSwitch" time="0.001" errors="0" timestamp="17 Mar 2020 20:27:56 GMT">
  <testcase classname="io.kaitai.struct.spec.TestNavParentSwitch" name="testNavParentSwitch" time="0.001"/>
</testsuite> <!-- io.kaitai.struct.spec.TestNavParentSwitch -->
