<?xml version="1.0" encoding="UTF-8"?>
<!-- Generated by org.testng.reporters.JUnitReportReporter -->
<testsuite hostname="travis-job-0412e96d-c9d6-40e2-afe6-597529c0015e" name="io.kaitai.struct.spec.TestExpr2" tests="1" failures="0" timestamp="29 Mar 2019 20:53:55 GMT" time="0.001" errors="0">
  <testcase name="testExpr2" time="0.001" classname="io.kaitai.struct.spec.TestExpr2"/>
</testsuite> <!-- io.kaitai.struct.spec.TestExpr2 -->
