<?xml version="1.0" encoding="UTF-8"?>
<!-- Generated by org.testng.reporters.JUnitReportReporter -->
<testsuite hostname="localhost" name="io.kaitai.struct.spec.TestInstanceUserArray" tests="1" failures="0" timestamp="21 Mar 2020 22:35:25 GMT" time="0.001" errors="0">
  <testcase name="testInstanceUserArray" time="0.001" classname="io.kaitai.struct.spec.TestInstanceUserArray"/>
</testsuite> <!-- io.kaitai.struct.spec.TestInstanceUserArray -->
