<?xml version="1.0" encoding="UTF-8"?>
<!-- Generated by org.testng.reporters.JUnitReportReporter -->
<testsuite name="io.kaitai.struct.spec.TestRepeatUntilComplex" tests="1" failures="0" timestamp="4 Aug 2023 18:55:42 GMT" time="0.002" errors="0">
  <testcase name="testRepeatUntilComplex" time="0.002" classname="io.kaitai.struct.spec.TestRepeatUntilComplex"/>
</testsuite> <!-- io.kaitai.struct.spec.TestRepeatUntilComplex -->
