<?xml version="1.0" encoding="UTF-8"?>
<!-- Generated by org.testng.reporters.JUnitReportReporter -->
<testsuite failures="0" tests="1" name="io.kaitai.struct.spec.TestSwitchManualEnum" time="0.005" errors="0" timestamp="15 Jul 2023 06:48:20 GMT">
  <testcase classname="io.kaitai.struct.spec.TestSwitchManualEnum" name="testSwitchManualEnum" time="0.005"/>
</testsuite> <!-- io.kaitai.struct.spec.TestSwitchManualEnum -->
