<?xml version="1.0" encoding="UTF-8"?>
<!-- Generated by org.testng.reporters.JUnitReportReporter -->
<testsuite hostname="travis-job-d3300054-31d4-4159-a777-96740d68465a" name="io.kaitai.struct.spec.TestSwitchManualEnum" tests="1" failures="0" timestamp="12 Apr 2019 05:41:19 GMT" time="0.003" errors="0">
  <testcase name="testSwitchManualEnum" time="0.003" classname="io.kaitai.struct.spec.TestSwitchManualEnum"/>
</testsuite> <!-- io.kaitai.struct.spec.TestSwitchManualEnum -->
