<?xml version="1.0" encoding="UTF-8"?>
<!-- Generated by org.testng.reporters.JUnitReportReporter -->
<testsuite hostname="travis-job-c5f40903-5bee-418c-b022-bca3e6540c3e" name="io.kaitai.struct.spec.TestOpaqueExternalType02Parent" tests="1" failures="0" timestamp="25 Apr 2019 12:30:44 GMT" time="0.002" errors="0">
  <testcase name="testOpaqueExternalType02Parent" time="0.002" classname="io.kaitai.struct.spec.TestOpaqueExternalType02Parent"/>
</testsuite> <!-- io.kaitai.struct.spec.TestOpaqueExternalType02Parent -->
