<?xml version="1.0" encoding="UTF-8"?>
<!-- Generated by org.testng.reporters.JUnitReportReporter -->
<testsuite hostname="testing-gce-d9958b80-cac6-427e-ab22-ffb69c8fae85" name="io.kaitai.struct.spec.TestBcdUserTypeBe" tests="1" failures="0" timestamp="1 May 2017 06:43:40 GMT" time="0.002" errors="0">
  <testcase name="testBcdUserTypeBe" time="0.002" classname="io.kaitai.struct.spec.TestBcdUserTypeBe"/>
</testsuite> <!-- io.kaitai.struct.spec.TestBcdUserTypeBe -->
