<?xml version="1.0" encoding="UTF-8"?>
<!-- Generated by org.testng.reporters.JUnitReportReporter -->
<testsuite hostname="travis-job-01fe1654-1fb3-4d5c-94a6-5f22a312c360" failures="0" tests="1" name="io.kaitai.struct.spec.TestParamsDef" time="0.001" errors="0" timestamp="16 May 2020 22:37:31 GMT">
  <testcase classname="io.kaitai.struct.spec.TestParamsDef" name="testParamsDef" time="0.001"/>
</testsuite> <!-- io.kaitai.struct.spec.TestParamsDef -->
