<?xml version="1.0" encoding="UTF-8"?>
<!-- Generated by org.testng.reporters.JUnitReportReporter -->
<testsuite hostname="localhost" name="io.kaitai.struct.spec.TestProcessXor4Value" tests="1" failures="0" timestamp="31 Dec 2019 19:11:19 GMT" time="0.002" errors="0">
  <testcase name="testProcessXor4Value" time="0.002" classname="io.kaitai.struct.spec.TestProcessXor4Value"/>
</testsuite> <!-- io.kaitai.struct.spec.TestProcessXor4Value -->
