<?xml version="1.0" encoding="UTF-8"?>
<!-- Generated by org.testng.reporters.JUnitReportReporter -->
<testsuite failures="0" tests="1" name="io.kaitai.struct.spec.TestValidFailRangeStr" time="0.017" errors="0" timestamp="30 Jul 2023 15:26:52 GMT">
  <testcase classname="io.kaitai.struct.spec.TestValidFailRangeStr" name="testValidFailRangeStr" time="0.017"/>
</testsuite> <!-- io.kaitai.struct.spec.TestValidFailRangeStr -->
