<?xml version="1.0" encoding="UTF-8"?>
<!-- Generated by org.testng.reporters.JUnitReportReporter -->
<testsuite hostname="travis-job-d6f8231b-e3cd-4459-ada7-5e196b2c8f81" name="io.kaitai.struct.spec.TestPositionToEnd" tests="1" failures="0" timestamp="10 Apr 2018 23:57:33 GMT" time="0.003" errors="0">
  <testcase name="testPositionToEnd" time="0.003" classname="io.kaitai.struct.spec.TestPositionToEnd"/>
</testsuite> <!-- io.kaitai.struct.spec.TestPositionToEnd -->
