<?xml version="1.0" encoding="UTF-8"?>
<!-- Generated by org.testng.reporters.JUnitReportReporter -->
<testsuite hostname="testing-gce-0e0dabb7-25c8-4956-b4fa-ea2f6c7fd4f5" name="io.kaitai.struct.spec.TestSwitchManualIntElse" tests="1" failures="0" timestamp="23 Aug 2017 05:46:43 GMT" time="0.002" errors="0">
  <testcase name="testSwitchManualIntElse" time="0.002" classname="io.kaitai.struct.spec.TestSwitchManualIntElse"/>
</testsuite> <!-- io.kaitai.struct.spec.TestSwitchManualIntElse -->
