<?xml version="1.0" encoding="UTF-8"?>
<!-- Generated by org.testng.reporters.JUnitReportReporter -->
<testsuite hostname="travis-job-80eb10dc-441d-4a4a-ac31-77248b2b36ac" name="io.kaitai.struct.spec.TestSwitchRepeatExpr" tests="1" failures="0" timestamp="22 May 2020 23:17:34 GMT" time="0.000" errors="0">
  <testcase name="testSwitchRepeatExpr" time="0.000" classname="io.kaitai.struct.spec.TestSwitchRepeatExpr"/>
</testsuite> <!-- io.kaitai.struct.spec.TestSwitchRepeatExpr -->
