<?xml version="1.0" encoding="UTF-8"?>
<!-- Generated by org.testng.reporters.JUnitReportReporter -->
<testsuite hostname="travis-job-a9279675-13e5-456c-9ed8-1ea34b28e2ca" name="io.kaitai.struct.spec.TestSwitchManualStrElse" tests="1" failures="0" timestamp="8 Oct 2018 12:29:41 GMT" time="0.002" errors="0">
  <testcase name="testSwitchManualStrElse" time="0.002" classname="io.kaitai.struct.spec.TestSwitchManualStrElse"/>
</testsuite> <!-- io.kaitai.struct.spec.TestSwitchManualStrElse -->
