<?xml version="1.0" encoding="UTF-8"?>
<!-- Generated by org.testng.reporters.JUnitReportReporter -->
<testsuite failures="0" tests="1" name="io.kaitai.struct.spec.TestNestedSameName" time="0.002" errors="0" timestamp="2 Mar 2024 14:01:49 GMT">
  <testcase classname="io.kaitai.struct.spec.TestNestedSameName" name="testNestedSameName" time="0.002"/>
</testsuite> <!-- io.kaitai.struct.spec.TestNestedSameName -->
