<?xml version="1.0" encoding="UTF-8"?>
<!-- Generated by org.testng.reporters.JUnitReportReporter -->
<testsuite hostname="travis-job-5ea45530-6026-4454-9439-d9df74d8a405" name="io.kaitai.struct.spec.TestParamsDef" tests="1" failures="0" timestamp="22 Apr 2020 01:27:13 GMT" time="0.000" errors="0">
  <testcase name="testParamsDef" time="0.000" classname="io.kaitai.struct.spec.TestParamsDef"/>
</testsuite> <!-- io.kaitai.struct.spec.TestParamsDef -->
