<?xml version="1.0" encoding="UTF-8"?>
<!-- Generated by org.testng.reporters.JUnitReportReporter -->
<testsuite hostname="travis-job-2d30dec9-7f13-4a74-8701-28ca7ce1cbf5" name="io.kaitai.struct.spec.TestImportsAbsRel" tests="1" failures="0" timestamp="2 Mar 2020 22:00:47 GMT" time="0.001" errors="0">
  <testcase name="testImportsAbsRel" time="0.001" classname="io.kaitai.struct.spec.TestImportsAbsRel"/>
</testsuite> <!-- io.kaitai.struct.spec.TestImportsAbsRel -->
