<?xml version="1.0" encoding="UTF-8"?>
<!-- Generated by org.testng.reporters.JUnitReportReporter -->
<testsuite name="io.kaitai.struct.spec.TestUserType" tests="1" failures="0" timestamp="18 Mar 2024 17:44:51 GMT" time="0.002" errors="0">
  <testcase name="testUserType" time="0.002" classname="io.kaitai.struct.spec.TestUserType"/>
</testsuite> <!-- io.kaitai.struct.spec.TestUserType -->
