<?xml version="1.0" encoding="UTF-8"?>
<!-- Generated by org.testng.reporters.JUnitReportReporter -->
<testsuite hostname="travis-job-0307901e-5c75-4710-b368-a5e4ddb6c4e1" failures="0" tests="1" name="io.kaitai.struct.spec.TestExpr0" time="0.004" errors="0" timestamp="21 Apr 2020 21:22:42 GMT">
  <testcase classname="io.kaitai.struct.spec.TestExpr0" name="testExpr0" time="0.004"/>
</testsuite> <!-- io.kaitai.struct.spec.TestExpr0 -->
