<?xml version="1.0" encoding="UTF-8"?>
<!-- Generated by org.testng.reporters.JUnitReportReporter -->
<testsuite name="io.kaitai.struct.spec.TestValidEqStrEncodings" tests="1" failures="0" timestamp="9 Oct 2023 21:45:54 GMT" time="0.013" errors="0">
  <testcase name="testValidEqStrEncodings" time="0.013" classname="io.kaitai.struct.spec.TestValidEqStrEncodings"/>
</testsuite> <!-- io.kaitai.struct.spec.TestValidEqStrEncodings -->
