<?xml version="1.0" encoding="UTF-8"?>
<!-- Generated by org.testng.reporters.JUnitReportReporter -->
<testsuite name="io.kaitai.struct.spec.TestTypeTernary" tests="1" failures="0" timestamp="27 Jul 2023 22:36:34 GMT" time="0.001" errors="0">
  <testcase name="testTypeTernary" time="0.001" classname="io.kaitai.struct.spec.TestTypeTernary"/>
</testsuite> <!-- io.kaitai.struct.spec.TestTypeTernary -->
