<?xml version="1.0" encoding="UTF-8"?>
<!-- Generated by org.testng.reporters.JUnitReportReporter -->
<testsuite hostname="fv-az1104-758" name="io.kaitai.struct.spec.TestNavParent3" tests="1" failures="0" timestamp="30 Jun 2023 20:06:24 GMT" time="0.000" errors="0">
  <testcase name="testNavParent3" time="0.000" classname="io.kaitai.struct.spec.TestNavParent3"/>
</testsuite> <!-- io.kaitai.struct.spec.TestNavParent3 -->
