<?xml version="1.0" encoding="UTF-8"?>
<!-- Generated by org.testng.reporters.JUnitReportReporter -->
<testsuite hostname="travis-job-2e3f5827-7ddc-4e91-b3b4-c4870a210c6e" failures="0" tests="1" name="io.kaitai.struct.spec.TestSwitchManualStr" time="0.002" errors="0" timestamp="27 Jun 2023 08:56:09 GMT">
  <testcase classname="io.kaitai.struct.spec.TestSwitchManualStr" name="testSwitchManualStr" time="0.002"/>
</testsuite> <!-- io.kaitai.struct.spec.TestSwitchManualStr -->
