<?xml version="1.0" encoding="UTF-8"?>
<!-- Generated by org.testng.reporters.JUnitReportReporter -->
<testsuite hostname="travis-job-1af2bf27-889d-468a-95e8-e2200d0559a1" failures="0" tests="1" name="io.kaitai.struct.spec.TestMetaTags" time="0.000" errors="0" timestamp="8 Jul 2020 06:45:52 GMT">
  <testcase classname="io.kaitai.struct.spec.TestMetaTags" name="testMetaTags" time="0.000"/>
</testsuite> <!-- io.kaitai.struct.spec.TestMetaTags -->
