<?xml version="1.0" encoding="UTF-8"?>
<!-- Generated by org.testng.reporters.JUnitReportReporter -->
<testsuite hostname="testing-gce-ffd06cda-e8ab-46b5-aa7c-3be7c4807f00" name="io.kaitai.struct.spec.TestBitsEnum" tests="1" failures="0" timestamp="22 Jul 2017 21:42:11 GMT" time="0.001" errors="0">
  <testcase name="testBitsEnum" time="0.001" classname="io.kaitai.struct.spec.TestBitsEnum"/>
</testsuite> <!-- io.kaitai.struct.spec.TestBitsEnum -->
