<?xml version="1.0" encoding="UTF-8"?>
<!-- Generated by org.testng.reporters.JUnitReportReporter -->
<testsuite hostname="localhost" name="io.kaitai.struct.spec.TestEnum0" tests="1" failures="0" timestamp="14 Apr 2020 18:56:29 GMT" time="0.000" errors="0">
  <testcase name="testEnum0" time="0.000" classname="io.kaitai.struct.spec.TestEnum0"/>
</testsuite> <!-- io.kaitai.struct.spec.TestEnum0 -->
