<?xml version="1.0" encoding="UTF-8"?>
<!-- Generated by org.testng.reporters.JUnitReportReporter -->
<testsuite hostname="travis-job-8a7ef70c-96d4-479d-83e6-db21817c1e05" failures="0" tests="1" name="io.kaitai.struct.spec.TestOpaqueExternalType02Parent" time="0.004" errors="0" timestamp="6 Jun 2020 07:23:49 GMT">
  <testcase classname="io.kaitai.struct.spec.TestOpaqueExternalType02Parent" name="testOpaqueExternalType02Parent" time="0.004"/>
</testsuite> <!-- io.kaitai.struct.spec.TestOpaqueExternalType02Parent -->
