<?xml version="1.0" encoding="UTF-8"?>
<!-- Generated by org.testng.reporters.JUnitReportReporter -->
<testsuite hostname="travis-job-746176a3-ee01-4371-adab-122cad1aa21a" failures="0" tests="1" name="io.kaitai.struct.spec.TestStrEncodingsUtf16" time="0.007" errors="0" timestamp="15 Apr 2022 20:31:50 GMT">
  <testcase classname="io.kaitai.struct.spec.TestStrEncodingsUtf16" name="testStrEncodingsUtf16" time="0.007"/>
</testsuite> <!-- io.kaitai.struct.spec.TestStrEncodingsUtf16 -->
