<?xml version="1.0" encoding="UTF-8"?>
<!-- Generated by org.testng.reporters.JUnitReportReporter -->
<testsuite hostname="localhost" name="io.kaitai.struct.spec.TestParamsPassArrayStruct" tests="1" failures="0" timestamp="24 May 2020 21:53:04 GMT" time="0.001" errors="0">
  <testcase name="testParamsPassArrayStruct" time="0.001" classname="io.kaitai.struct.spec.TestParamsPassArrayStruct"/>
</testsuite> <!-- io.kaitai.struct.spec.TestParamsPassArrayStruct -->
