<?xml version="1.0" encoding="UTF-8"?>
<!-- Generated by org.testng.reporters.JUnitReportReporter -->
<testsuite hostname="travis-job-521509b5-9bec-455c-bc33-6c3891880406" failures="0" tests="1" name="io.kaitai.struct.spec.TestZlibWithHeader78" time="0.001" errors="0" timestamp="6 Nov 2020 11:13:14 GMT">
  <testcase classname="io.kaitai.struct.spec.TestZlibWithHeader78" name="testZlibWithHeader78" time="0.001"/>
</testsuite> <!-- io.kaitai.struct.spec.TestZlibWithHeader78 -->
