<?xml version="1.0" encoding="UTF-8"?>
<!-- Generated by org.testng.reporters.JUnitReportReporter -->
<testsuite hostname="travis-job-4182e9cc-9b3c-4c1f-bbf7-bd6ffa6366e8" name="io.kaitai.struct.spec.TestSwitchManualIntSizeEos" tests="1" failures="0" timestamp="29 Mar 2019 20:00:27 GMT" time="0.002" errors="0">
  <testcase name="testSwitchManualIntSizeEos" time="0.002" classname="io.kaitai.struct.spec.TestSwitchManualIntSizeEos"/>
</testsuite> <!-- io.kaitai.struct.spec.TestSwitchManualIntSizeEos -->
