<?xml version="1.0" encoding="UTF-8"?>
<!-- Generated by org.testng.reporters.JUnitReportReporter -->
<testsuite hostname="travis-job-fc63054b-d647-4b8c-98e6-91635a49651e" name="io.kaitai.struct.spec.TestProcessRotate" tests="1" failures="0" timestamp="24 Aug 2020 16:15:18 GMT" time="0.001" errors="0">
  <testcase name="testProcessRotate" time="0.001" classname="io.kaitai.struct.spec.TestProcessRotate"/>
</testsuite> <!-- io.kaitai.struct.spec.TestProcessRotate -->
