<?xml version="1.0" encoding="UTF-8"?>
<!-- Generated by org.testng.reporters.JUnitReportReporter -->
<testsuite hostname="travis-job-0d122bfb-c6e2-46d6-8d6d-4b43acd26a7a" name="io.kaitai.struct.spec.TestRepeatUntilComplex" tests="1" failures="0" timestamp="31 Aug 2020 19:56:34 GMT" time="0.000" errors="0">
  <testcase name="testRepeatUntilComplex" time="0.000" classname="io.kaitai.struct.spec.TestRepeatUntilComplex"/>
</testsuite> <!-- io.kaitai.struct.spec.TestRepeatUntilComplex -->
