<?xml version="1.0" encoding="UTF-8"?>
<!-- Generated by org.testng.reporters.JUnitReportReporter -->
<testsuite hostname="travis-job-b12aba44-e80b-4864-96ab-0f9eedd4f818" name="io.kaitai.struct.spec.TestTsPacketHeader" tests="1" failures="0" timestamp="9 Oct 2019 08:30:30 GMT" time="0.002" errors="0">
  <testcase name="testTsPacketHeader" time="0.002" classname="io.kaitai.struct.spec.TestTsPacketHeader"/>
</testsuite> <!-- io.kaitai.struct.spec.TestTsPacketHeader -->
