<?xml version="1.0" encoding="UTF-8"?>
<!-- Generated by org.testng.reporters.JUnitReportReporter -->
<testsuite hostname="travis-job-f6391831-f6fa-4068-bd86-1ba834eff031" name="io.kaitai.struct.spec.TestIndexToParamExpr" tests="1" failures="0" timestamp="25 Nov 2019 11:34:17 GMT" time="0.001" errors="0">
  <testcase name="testIndexToParamExpr" time="0.001" classname="io.kaitai.struct.spec.TestIndexToParamExpr"/>
</testsuite> <!-- io.kaitai.struct.spec.TestIndexToParamExpr -->
