<?xml version="1.0" encoding="UTF-8"?>
<!-- Generated by org.testng.reporters.JUnitReportReporter -->
<testsuite hostname="travis-job-bb8462d4-a182-4194-8481-bd7e37269b72" name="io.kaitai.struct.spec.TestDebugArrayUser" tests="1" failures="0" timestamp="28 Sep 2019 20:08:20 GMT" time="0.019" errors="0">
  <testcase name="testDebugArrayUser" time="0.019" classname="io.kaitai.struct.spec.TestDebugArrayUser"/>
</testsuite> <!-- io.kaitai.struct.spec.TestDebugArrayUser -->
