<?xml version="1.0" encoding="UTF-8"?>
<!-- Generated by org.testng.reporters.JUnitReportReporter -->
<testsuite hostname="travis-job-6157790c-bf86-479b-9240-ec4224681544" name="io.kaitai.struct.spec.TestRepeatUntilS4" tests="1" failures="0" timestamp="23 Mar 2018 15:12:53 GMT" time="0.000" errors="0">
  <testcase name="testRepeatUntilS4" time="0.000" classname="io.kaitai.struct.spec.TestRepeatUntilS4"/>
</testsuite> <!-- io.kaitai.struct.spec.TestRepeatUntilS4 -->
