<?xml version="1.0" encoding="UTF-8"?>
<!-- Generated by org.testng.reporters.JUnitReportReporter -->
<testsuite hostname="travis-job-a2819927-1f8b-4c13-9f8c-ff54bf964bdb" failures="0" tests="1" name="io.kaitai.struct.spec.TestEnumToIClassBorder1" time="0.017" errors="0" timestamp="1 Aug 2022 22:15:07 GMT">
  <testcase classname="io.kaitai.struct.spec.TestEnumToIClassBorder1" name="testEnumToIClassBorder1" time="0.017"/>
</testsuite> <!-- io.kaitai.struct.spec.TestEnumToIClassBorder1 -->
