<?xml version="1.0" encoding="UTF-8"?>
<!-- Generated by org.testng.reporters.JUnitReportReporter -->
<testsuite hostname="travis-job-f31c5d67-2233-4a4e-a4d7-b17328a210e7" failures="0" tests="1" name="io.kaitai.struct.spec.TestEosExceptionU4" time="0.039" errors="0" timestamp="12 Aug 2020 08:39:24 GMT">
  <testcase classname="io.kaitai.struct.spec.TestEosExceptionU4" name="testEosExceptionU4" time="0.039"/>
</testsuite> <!-- io.kaitai.struct.spec.TestEosExceptionU4 -->
