<?xml version="1.0" encoding="UTF-8"?>
<!-- Generated by org.testng.reporters.JUnitReportReporter -->
<testsuite hostname="localhost" name="io.kaitai.struct.spec.TestEofExceptionU4" tests="1" failures="0" timestamp="7 Mar 2020 20:47:28 GMT" time="0.005" errors="0">
  <testcase name="testEofExceptionU4" time="0.005" classname="io.kaitai.struct.spec.TestEofExceptionU4"/>
</testsuite> <!-- io.kaitai.struct.spec.TestEofExceptionU4 -->
