<?xml version="1.0" encoding="UTF-8"?>
<!-- Generated by org.testng.reporters.JUnitReportReporter -->
<testsuite hostname="localhost" name="io.kaitai.struct.spec.TestBitsSimpleLe" tests="1" failures="0" timestamp="17 Aug 2020 20:23:01 GMT" time="0.003" errors="0">
  <testcase name="testBitsSimpleLe" time="0.003" classname="io.kaitai.struct.spec.TestBitsSimpleLe"/>
</testsuite> <!-- io.kaitai.struct.spec.TestBitsSimpleLe -->
