<?xml version="1.0" encoding="UTF-8"?>
<!-- Generated by org.testng.reporters.JUnitReportReporter -->
<testsuite name="io.kaitai.struct.spec.TestValidFailEqBytes" tests="1" failures="0" timestamp="5 Jul 2023 11:55:44 GMT" time="0.002" errors="0">
  <testcase name="testValidFailEqBytes" time="0.002" classname="io.kaitai.struct.spec.TestValidFailEqBytes"/>
</testsuite> <!-- io.kaitai.struct.spec.TestValidFailEqBytes -->
