<?xml version="1.0" encoding="UTF-8"?>
<!-- Generated by org.testng.reporters.JUnitReportReporter -->
<testsuite hostname="travis-job-33ff1584-4455-4be8-91fe-2c0a40705cfb" failures="0" tests="1" name="io.kaitai.struct.spec.TestRepeatUntilComplex" time="0.002" errors="0" timestamp="9 Apr 2022 01:22:27 GMT">
  <testcase classname="io.kaitai.struct.spec.TestRepeatUntilComplex" name="testRepeatUntilComplex" time="0.002"/>
</testsuite> <!-- io.kaitai.struct.spec.TestRepeatUntilComplex -->
