<?xml version="1.0" encoding="UTF-8"?>
<!-- Generated by org.testng.reporters.JUnitReportReporter -->
<testsuite hostname="travis-job-bcd1a9d9-b921-45d6-93f5-e8b7246388a2" name="io.kaitai.struct.spec.TestCastToImported" tests="1" failures="0" timestamp="15 Apr 2020 03:22:51 GMT" time="0.006" errors="0">
  <testcase name="testCastToImported" time="0.006" classname="io.kaitai.struct.spec.TestCastToImported"/>
</testsuite> <!-- io.kaitai.struct.spec.TestCastToImported -->
