<?xml version="1.0" encoding="UTF-8"?>
<!-- Generated by org.testng.reporters.JUnitReportReporter -->
<testsuite hostname="testing-gce-3f8c44e2-e339-47f9-a46a-2015aca6f05c" name="io.kaitai.struct.spec.TestNestedSameName2" tests="1" failures="0" timestamp="30 Aug 2017 15:20:25 GMT" time="0.003" errors="0">
  <testcase name="testNestedSameName2" time="0.003" classname="io.kaitai.struct.spec.TestNestedSameName2"/>
</testsuite> <!-- io.kaitai.struct.spec.TestNestedSameName2 -->
