<?xml version="1.0" encoding="UTF-8"?>
<!-- Generated by org.testng.reporters.JUnitReportReporter -->
<testsuite hostname="fv-az674-164" name="io.kaitai.struct.spec.TestEnumToIClassBorder1" tests="1" failures="0" timestamp="1 Jul 2023 10:37:43 GMT" time="0.002" errors="0">
  <testcase name="testEnumToIClassBorder1" time="0.002" classname="io.kaitai.struct.spec.TestEnumToIClassBorder1"/>
</testsuite> <!-- io.kaitai.struct.spec.TestEnumToIClassBorder1 -->
