<?xml version="1.0" encoding="UTF-8"?>
<!-- Generated by org.testng.reporters.JUnitReportReporter -->
<testsuite failures="0" tests="1" name="io.kaitai.struct.spec.TestNavParentSwitch" time="0.003" errors="0" timestamp="9 Oct 2023 19:30:23 GMT">
  <testcase classname="io.kaitai.struct.spec.TestNavParentSwitch" name="testNavParentSwitch" time="0.003"/>
</testsuite> <!-- io.kaitai.struct.spec.TestNavParentSwitch -->
