<?xml version="1.0" encoding="UTF-8"?>
<!-- Generated by org.testng.reporters.JUnitReportReporter -->
<testsuite hostname="travis-job-dfe29099-6c72-47cb-b3be-4e472b0a4ada" name="io.kaitai.struct.spec.TestJsSignedRightShift" tests="1" failures="0" timestamp="8 Mar 2020 20:32:38 GMT" time="0.001" errors="0">
  <testcase name="testJsSignedRightShift" time="0.001" classname="io.kaitai.struct.spec.TestJsSignedRightShift"/>
</testsuite> <!-- io.kaitai.struct.spec.TestJsSignedRightShift -->
