<?xml version="1.0" encoding="UTF-8"?>
<!-- Generated by org.testng.reporters.JUnitReportReporter -->
<testsuite hostname="fv-az180-30" name="io.kaitai.struct.spec.TestValidFailEqBytes" tests="1" failures="0" timestamp="3 Jul 2023 08:33:04 GMT" time="0.006" errors="0">
  <testcase name="testValidFailEqBytes" time="0.006" classname="io.kaitai.struct.spec.TestValidFailEqBytes"/>
</testsuite> <!-- io.kaitai.struct.spec.TestValidFailEqBytes -->
