<?xml version="1.0" encoding="UTF-8"?>
<!-- Generated by org.testng.reporters.JUnitReportReporter -->
<testsuite failures="0" tests="1" name="io.kaitai.struct.spec.TestBcdUserTypeLe" time="0.024" errors="0" timestamp="2 Aug 2023 17:40:44 GMT">
  <testcase classname="io.kaitai.struct.spec.TestBcdUserTypeLe" name="testBcdUserTypeLe" time="0.024"/>
</testsuite> <!-- io.kaitai.struct.spec.TestBcdUserTypeLe -->
