<?xml version="1.0" encoding="UTF-8"?>
<!-- Generated by org.testng.reporters.JUnitReportReporter -->
<testsuite hostname="travis-job-859d946d-d913-4f4e-aa8b-f06d05b7ced3" name="io.kaitai.struct.spec.TestParamsPassUsertype" tests="1" failures="0" timestamp="8 Nov 2018 22:35:15 GMT" time="0.001" errors="0">
  <testcase name="testParamsPassUsertype" time="0.001" classname="io.kaitai.struct.spec.TestParamsPassUsertype"/>
</testsuite> <!-- io.kaitai.struct.spec.TestParamsPassUsertype -->
