<?xml version="1.0" encoding="UTF-8"?>
<!-- Generated by org.testng.reporters.JUnitReportReporter -->
<testsuite hostname="travis-job-ab9dba0e-f517-427a-8682-6713fd4874e3" name="io.kaitai.struct.spec.TestProcessXorConst" tests="1" failures="0" timestamp="2 Aug 2020 14:44:38 GMT" time="0.000" errors="0">
  <testcase name="testProcessXorConst" time="0.000" classname="io.kaitai.struct.spec.TestProcessXorConst"/>
</testsuite> <!-- io.kaitai.struct.spec.TestProcessXorConst -->
