<?xml version="1.0" encoding="UTF-8"?>
<!-- Generated by org.testng.reporters.JUnitReportReporter -->
<testsuite name="io.kaitai.struct.spec.TestValidFailRangeFloat" tests="1" failures="0" timestamp="2 Aug 2023 17:40:40 GMT" time="0.001" errors="0">
  <testcase name="testValidFailRangeFloat" time="0.001" classname="io.kaitai.struct.spec.TestValidFailRangeFloat"/>
</testsuite> <!-- io.kaitai.struct.spec.TestValidFailRangeFloat -->
