<?xml version="1.0" encoding="UTF-8"?>
<!-- Generated by org.testng.reporters.JUnitReportReporter -->
<testsuite hostname="localhost" name="io.kaitai.struct.spec.TestDocstringsDocref" tests="1" failures="0" timestamp="9 Oct 2019 08:31:45 GMT" time="0.000" errors="0">
  <testcase name="testDocstringsDocref" time="0.000" classname="io.kaitai.struct.spec.TestDocstringsDocref"/>
</testsuite> <!-- io.kaitai.struct.spec.TestDocstringsDocref -->
