<?xml version="1.0" encoding="UTF-8"?>
<!-- Generated by org.testng.reporters.JUnitReportReporter -->
<testsuite failures="0" tests="1" name="io.kaitai.struct.spec.TestOpaqueExternalType02Parent" time="0.006" errors="0" timestamp="5 Jul 2023 16:14:16 GMT">
  <testcase classname="io.kaitai.struct.spec.TestOpaqueExternalType02Parent" name="testOpaqueExternalType02Parent" time="0.006"/>
</testsuite> <!-- io.kaitai.struct.spec.TestOpaqueExternalType02Parent -->
