<?xml version="1.0" encoding="UTF-8"?>
<!-- Generated by org.testng.reporters.JUnitReportReporter -->
<testsuite name="io.kaitai.struct.spec.TestEnumDeepLiterals" tests="1" failures="0" timestamp="21 Jul 2023 15:59:13 GMT" time="0.002" errors="0">
  <testcase name="testEnumDeepLiterals" time="0.002" classname="io.kaitai.struct.spec.TestEnumDeepLiterals"/>
</testsuite> <!-- io.kaitai.struct.spec.TestEnumDeepLiterals -->
