<?xml version="1.0" encoding="UTF-8"?>
<!-- Generated by org.testng.reporters.JUnitReportReporter -->
<testsuite hostname="travis-job-01fe1654-1fb3-4d5c-94a6-5f22a312c360" failures="0" tests="1" name="io.kaitai.struct.spec.TestValidFailMaxInt" time="0.018" errors="0" timestamp="16 May 2020 22:37:30 GMT">
  <testcase classname="io.kaitai.struct.spec.TestValidFailMaxInt" name="testValidFailMaxInt" time="0.018"/>
</testsuite> <!-- io.kaitai.struct.spec.TestValidFailMaxInt -->
