<?xml version="1.0" encoding="UTF-8"?>
<!-- Generated by org.testng.reporters.JUnitReportReporter -->
<testsuite hostname="fv-az502-91" failures="0" tests="1" name="io.kaitai.struct.spec.TestProcessCoerceUsertype2" time="0.001" errors="0" timestamp="1 Jul 2023 10:37:46 GMT">
  <testcase classname="io.kaitai.struct.spec.TestProcessCoerceUsertype2" name="testProcessCoerceUsertype2" time="0.001"/>
</testsuite> <!-- io.kaitai.struct.spec.TestProcessCoerceUsertype2 -->
