<?xml version="1.0" encoding="UTF-8"?>
<!-- Generated by org.testng.reporters.JUnitReportReporter -->
<testsuite hostname="travis-job-46b80e97-8fe6-453b-b3d5-40df314f3f17" name="io.kaitai.struct.spec.TestNavParentVsValueInst" tests="1" failures="0" timestamp="21 Oct 2019 18:52:36 GMT" time="0.017" errors="0">
  <testcase name="testNavParentVsValueInst" time="0.017" classname="io.kaitai.struct.spec.TestNavParentVsValueInst"/>
</testsuite> <!-- io.kaitai.struct.spec.TestNavParentVsValueInst -->
