<?xml version="1.0" encoding="UTF-8"?>
<!-- Generated by org.testng.reporters.JUnitReportReporter -->
<testsuite hostname="localhost" name="io.kaitai.struct.spec.TestOptionalId" tests="1" failures="0" timestamp="24 Jun 2023 22:25:37 GMT" time="0.000" errors="0">
  <testcase name="testOptionalId" time="0.000" classname="io.kaitai.struct.spec.TestOptionalId"/>
</testsuite> <!-- io.kaitai.struct.spec.TestOptionalId -->
