<?xml version="1.0" encoding="UTF-8"?>
<!-- Generated by org.testng.reporters.JUnitReportReporter -->
<testsuite hostname="travis-job-e5880455-f651-4006-b1ff-60c6106ca1df" name="io.kaitai.struct.spec.TestNavParentFalse2" tests="1" failures="0" timestamp="9 Apr 2022 01:22:52 GMT" time="0.001" errors="0">
  <testcase name="testNavParentFalse2" time="0.001" classname="io.kaitai.struct.spec.TestNavParentFalse2"/>
</testsuite> <!-- io.kaitai.struct.spec.TestNavParentFalse2 -->
