<?xml version="1.0" encoding="UTF-8"?>
<!-- Generated by org.testng.reporters.JUnitReportReporter -->
<testsuite hostname="travis-job-1ca6997f-224e-412a-9956-16c7fa4d0801" name="io.kaitai.struct.spec.TestNestedTypes2" tests="1" failures="0" timestamp="13 Oct 2019 11:52:52 GMT" time="0.003" errors="0">
  <testcase name="testNestedTypes2" time="0.003" classname="io.kaitai.struct.spec.TestNestedTypes2"/>
</testsuite> <!-- io.kaitai.struct.spec.TestNestedTypes2 -->
