<?xml version="1.0" encoding="UTF-8"?>
<!-- Generated by org.testng.reporters.JUnitReportReporter -->
<testsuite hostname="travis-job-2a91571f-f21b-4d7e-b2d1-463503323db5" failures="0" tests="1" name="io.kaitai.struct.spec.TestTermStrz" time="0.000" errors="0" timestamp="11 Apr 2020 09:23:12 GMT">
  <testcase classname="io.kaitai.struct.spec.TestTermStrz" name="testTermStrz" time="0.000"/>
</testsuite> <!-- io.kaitai.struct.spec.TestTermStrz -->
