<?xml version="1.0" encoding="UTF-8"?>
<!-- Generated by org.testng.reporters.JUnitReportReporter -->
<testsuite hostname="localhost" name="io.kaitai.struct.spec.TestExprEnum" tests="1" failures="0" timestamp="12 Mar 2020 21:23:42 GMT" time="0.002" errors="0">
  <testcase name="testExprEnum" time="0.002" classname="io.kaitai.struct.spec.TestExprEnum"/>
</testsuite> <!-- io.kaitai.struct.spec.TestExprEnum -->
