<?xml version="1.0" encoding="UTF-8"?>
<!-- Generated by org.testng.reporters.JUnitReportReporter -->
<testsuite hostname="travis-job-f896c1f5-3437-4802-b114-b028b90b46db" name="io.kaitai.struct.spec.TestDocstringsDocrefMulti" tests="1" failures="0" timestamp="10 Nov 2019 04:13:34 GMT" time="0.000" errors="0">
  <testcase name="testDocstringsDocrefMulti" time="0.000" classname="io.kaitai.struct.spec.TestDocstringsDocrefMulti"/>
</testsuite> <!-- io.kaitai.struct.spec.TestDocstringsDocrefMulti -->
