<?xml version="1.0" encoding="UTF-8"?>
<!-- Generated by org.testng.reporters.JUnitReportReporter -->
<testsuite hostname="testing-gce-821b9268-404c-4c79-a8eb-14b99a85bf11" name="io.kaitai.struct.spec.TestExpr0" tests="1" failures="0" timestamp="5 Jul 2017 10:29:37 GMT" time="0.000" errors="0">
  <testcase name="testExpr0" time="0.000" classname="io.kaitai.struct.spec.TestExpr0"/>
</testsuite> <!-- io.kaitai.struct.spec.TestExpr0 -->
