<?xml version="1.0" encoding="UTF-8"?>
<!-- Generated by org.testng.reporters.JUnitReportReporter -->
<testsuite hostname="localhost" name="io.kaitai.struct.spec.TestNestedSameName2" tests="1" failures="0" timestamp="29 Dec 2019 12:38:14 GMT" time="0.001" errors="0">
  <testcase name="testNestedSameName2" time="0.001" classname="io.kaitai.struct.spec.TestNestedSameName2"/>
</testsuite> <!-- io.kaitai.struct.spec.TestNestedSameName2 -->
