<?xml version="1.0" encoding="UTF-8"?>
<!-- Generated by org.testng.reporters.JUnitReportReporter -->
<testsuite hostname="travis-job-a0ad1efb-8473-40ee-ad29-71af55c4d19f" name="io.kaitai.struct.spec.TestIfStruct" tests="1" failures="0" timestamp="15 Apr 2019 23:18:52 GMT" time="0.002" errors="0">
  <testcase name="testIfStruct" time="0.002" classname="io.kaitai.struct.spec.TestIfStruct"/>
</testsuite> <!-- io.kaitai.struct.spec.TestIfStruct -->
