<?xml version="1.0" encoding="UTF-8"?>
<!-- Generated by org.testng.reporters.JUnitReportReporter -->
<testsuite hostname="travis-job-368f665b-d813-4a6b-be30-c831d9e5327e" name="io.kaitai.struct.spec.TestFloatingPoints" tests="1" failures="0" timestamp="7 Oct 2019 06:34:23 GMT" time="0.000" errors="0">
  <testcase name="testFloatingPoints" time="0.000" classname="io.kaitai.struct.spec.TestFloatingPoints"/>
</testsuite> <!-- io.kaitai.struct.spec.TestFloatingPoints -->
