<?xml version="1.0" encoding="UTF-8"?>
<!-- Generated by org.testng.reporters.JUnitReportReporter -->
<testsuite hostname="localhost" name="io.kaitai.struct.spec.TestDocstrings" tests="1" failures="0" timestamp="23 May 2020 22:04:31 GMT" time="0.005" errors="0">
  <testcase name="testDocstrings" time="0.005" classname="io.kaitai.struct.spec.TestDocstrings"/>
</testsuite> <!-- io.kaitai.struct.spec.TestDocstrings -->
