<?xml version="1.0" encoding="UTF-8"?>
<!-- Generated by org.testng.reporters.JUnitReportReporter -->
<testsuite hostname="travis-job-92a10e2b-504b-4473-be44-c2166c5b5fea" name="io.kaitai.struct.spec.TestCastToImported" tests="1" failures="0" timestamp="8 Mar 2020 22:02:47 GMT" time="0.011" errors="0">
  <testcase name="testCastToImported" time="0.011" classname="io.kaitai.struct.spec.TestCastToImported"/>
</testsuite> <!-- io.kaitai.struct.spec.TestCastToImported -->
