<?xml version="1.0" encoding="UTF-8"?>
<!-- Generated by org.testng.reporters.JUnitReportReporter -->
<testsuite hostname="travis-job-045ead85-779f-401c-8438-fb6c51f20c50" name="io.kaitai.struct.spec.TestBitsEnum" tests="1" failures="0" timestamp="18 May 2020 23:48:55 GMT" time="0.000" errors="0">
  <testcase name="testBitsEnum" time="0.000" classname="io.kaitai.struct.spec.TestBitsEnum"/>
</testsuite> <!-- io.kaitai.struct.spec.TestBitsEnum -->
