<?xml version="1.0" encoding="UTF-8"?>
<!-- Generated by org.testng.reporters.JUnitReportReporter -->
<testsuite hostname="travis-job-09adf421-09d0-4dd7-8809-5bca0ca7647e" name="io.kaitai.struct.spec.TestDefaultEndianExprIsLe" tests="1" failures="0" timestamp="30 Mar 2018 19:57:17 GMT" time="0.026" errors="0">
  <testcase name="testDefaultEndianExprIsLe" time="0.026" classname="io.kaitai.struct.spec.TestDefaultEndianExprIsLe"/>
</testsuite> <!-- io.kaitai.struct.spec.TestDefaultEndianExprIsLe -->
