<?xml version="1.0" encoding="UTF-8"?>
<!-- Generated by org.testng.reporters.JUnitReportReporter -->
<testsuite hostname="travis-job-64eced81-03ef-4022-810c-51be0693322a" failures="0" tests="1" name="io.kaitai.struct.spec.TestNestedTypes2" time="0.002" errors="0" timestamp="28 Jul 2022 00:13:01 GMT">
  <testcase classname="io.kaitai.struct.spec.TestNestedTypes2" name="testNestedTypes2" time="0.002"/>
</testsuite> <!-- io.kaitai.struct.spec.TestNestedTypes2 -->
