<?xml version="1.0" encoding="UTF-8"?>
<!-- Generated by org.testng.reporters.JUnitReportReporter -->
<testsuite hostname="localhost" name="io.kaitai.struct.spec.TestValidFailContents" tests="1" failures="0" timestamp="12 Apr 2020 22:14:18 GMT" time="0.003" errors="0">
  <testcase name="testValidFailContents" time="0.003" classname="io.kaitai.struct.spec.TestValidFailContents"/>
</testsuite> <!-- io.kaitai.struct.spec.TestValidFailContents -->
