<?xml version="1.0" encoding="UTF-8"?>
<!-- Generated by org.testng.reporters.JUnitReportReporter -->
<testsuite hostname="travis-job-90fbad1c-ddcf-4a7e-bb16-a8249898e78a" name="io.kaitai.struct.spec.TestSwitchManualStrElse" tests="1" failures="0" timestamp="20 Mar 2019 08:16:03 GMT" time="0.003" errors="0">
  <testcase name="testSwitchManualStrElse" time="0.003" classname="io.kaitai.struct.spec.TestSwitchManualStrElse"/>
</testsuite> <!-- io.kaitai.struct.spec.TestSwitchManualStrElse -->
