<?xml version="1.0" encoding="UTF-8"?>
<!-- Generated by org.testng.reporters.JUnitReportReporter -->
<testsuite hostname="travis-job-cd009f7d-89c1-40e0-8c2b-3dabac28c138" name="io.kaitai.struct.spec.TestValidNotParsedIf" tests="1" failures="0" timestamp="22 Apr 2020 21:29:31 GMT" time="0.045" errors="0">
  <testcase name="testValidNotParsedIf" time="0.045" classname="io.kaitai.struct.spec.TestValidNotParsedIf"/>
</testsuite> <!-- io.kaitai.struct.spec.TestValidNotParsedIf -->
