<?xml version="1.0" encoding="UTF-8"?>
<!-- Generated by org.testng.reporters.JUnitReportReporter -->
<testsuite hostname="travis-job-cb0eed7b-7842-499f-ae59-99fb4bc64834" failures="0" tests="1" name="io.kaitai.struct.spec.TestNavParentOverride" time="0.002" errors="0" timestamp="26 Jul 2020 20:03:11 GMT">
  <testcase classname="io.kaitai.struct.spec.TestNavParentOverride" name="testNavParentOverride" time="0.002"/>
</testsuite> <!-- io.kaitai.struct.spec.TestNavParentOverride -->
