<?xml version="1.0" encoding="UTF-8"?>
<!-- Generated by org.testng.reporters.JUnitReportReporter -->
<testsuite hostname="fv-az585-351" name="io.kaitai.struct.spec.TestIntegersMinMax" tests="1" failures="0" timestamp="30 Jun 2023 19:33:39 GMT" time="0.020" errors="0">
  <testcase name="testIntegersMinMax" time="0.020" classname="io.kaitai.struct.spec.TestIntegersMinMax"/>
</testsuite> <!-- io.kaitai.struct.spec.TestIntegersMinMax -->
