<?xml version="1.0" encoding="UTF-8"?>
<!-- Generated by org.testng.reporters.JUnitReportReporter -->
<testsuite hostname="travis-job-9b828100-3c10-4cfe-b6ff-ead1ca4e4bb9" name="io.kaitai.struct.spec.TestStrLiterals" tests="1" failures="0" timestamp="9 Nov 2018 11:00:39 GMT" time="0.000" errors="0">
  <testcase name="testStrLiterals" time="0.000" classname="io.kaitai.struct.spec.TestStrLiterals"/>
</testsuite> <!-- io.kaitai.struct.spec.TestStrLiterals -->
