<?xml version="1.0" encoding="UTF-8"?>
<!-- Generated by org.testng.reporters.JUnitReportReporter -->
<testsuite hostname="localhost" name="io.kaitai.struct.spec.TestNestedTypes3" tests="1" failures="0" timestamp="16 May 2020 22:37:01 GMT" time="0.001" errors="0">
  <testcase name="testNestedTypes3" time="0.001" classname="io.kaitai.struct.spec.TestNestedTypes3"/>
</testsuite> <!-- io.kaitai.struct.spec.TestNestedTypes3 -->
