<?xml version="1.0" encoding="UTF-8"?>
<!-- Generated by org.testng.reporters.JUnitReportReporter -->
<testsuite failures="0" tests="1" name="io.kaitai.struct.spec.TestProcessCoerceUsertype1" time="0.000" errors="0" timestamp="14 Jul 2023 18:42:51 GMT">
  <testcase classname="io.kaitai.struct.spec.TestProcessCoerceUsertype1" name="testProcessCoerceUsertype1" time="0.000"/>
</testsuite> <!-- io.kaitai.struct.spec.TestProcessCoerceUsertype1 -->
