<?xml version="1.0" encoding="UTF-8"?>
<!-- Generated by org.testng.reporters.JUnitReportReporter -->
<testsuite hostname="travis-job-4d0bcbfe-9e39-47f8-9a20-7d1b41d4cd28" failures="0" tests="1" name="io.kaitai.struct.spec.TestNestedSameName" time="0.003" errors="0" timestamp="21 Mar 2020 18:55:06 GMT">
  <testcase classname="io.kaitai.struct.spec.TestNestedSameName" name="testNestedSameName" time="0.003"/>
</testsuite> <!-- io.kaitai.struct.spec.TestNestedSameName -->
