<?xml version="1.0" encoding="UTF-8"?>
<!-- Generated by org.testng.reporters.JUnitReportReporter -->
<testsuite hostname="localhost" name="io.kaitai.struct.spec.TestBitsUnalignedB64Be" tests="1" failures="0" timestamp="5 May 2022 21:03:33 GMT" time="0.001" errors="0">
  <testcase name="testBitsUnalignedB64Be" time="0.001" classname="io.kaitai.struct.spec.TestBitsUnalignedB64Be"/>
</testsuite> <!-- io.kaitai.struct.spec.TestBitsUnalignedB64Be -->
