<?xml version="1.0" encoding="UTF-8"?>
<!-- Generated by org.testng.reporters.JUnitReportReporter -->
<testsuite name="io.kaitai.struct.spec.TestExprCalcArrayOps" tests="1" failures="0" timestamp="14 Jul 2023 18:52:55 GMT" time="0.001" errors="0">
  <testcase name="testExprCalcArrayOps" time="0.001" classname="io.kaitai.struct.spec.TestExprCalcArrayOps"/>
</testsuite> <!-- io.kaitai.struct.spec.TestExprCalcArrayOps -->
