<?xml version="1.0" encoding="UTF-8"?>
<!-- Generated by org.testng.reporters.JUnitReportReporter -->
<testsuite failures="0" tests="1" name="io.kaitai.struct.spec.TestProcessXorValue" time="0.000" errors="0" timestamp="4 Mar 2024 00:01:14 GMT">
  <testcase classname="io.kaitai.struct.spec.TestProcessXorValue" name="testProcessXorValue" time="0.000"/>
</testsuite> <!-- io.kaitai.struct.spec.TestProcessXorValue -->
