<?xml version="1.0" encoding="UTF-8"?>
<!-- Generated by org.testng.reporters.JUnitReportReporter -->
<testsuite failures="0" tests="1" name="io.kaitai.struct.spec.TestBcdUserTypeBe" time="0.007" errors="0" timestamp="29 Feb 2024 20:40:07 GMT">
  <testcase classname="io.kaitai.struct.spec.TestBcdUserTypeBe" name="testBcdUserTypeBe" time="0.007"/>
</testsuite> <!-- io.kaitai.struct.spec.TestBcdUserTypeBe -->
