<?xml version="1.0" encoding="UTF-8"?>
<!-- Generated by org.testng.reporters.JUnitReportReporter -->
<testsuite hostname="travis-job-e8bc44b8-fa4d-481d-a4b4-c97894aef421" name="io.kaitai.struct.spec.TestRepeatNStrz" tests="1" failures="0" timestamp="16 Mar 2020 19:45:39 GMT" time="0.000" errors="0">
  <testcase name="testRepeatNStrz" time="0.000" classname="io.kaitai.struct.spec.TestRepeatNStrz"/>
</testsuite> <!-- io.kaitai.struct.spec.TestRepeatNStrz -->
