<?xml version="1.0" encoding="UTF-8"?>
<!-- Generated by org.testng.reporters.JUnitReportReporter -->
<testsuite hostname="localhost" name="io.kaitai.struct.spec.TestValidLong" tests="1" failures="0" timestamp="23 Aug 2020 21:44:18 GMT" time="0.002" errors="0">
  <testcase name="testValidLong" time="0.002" classname="io.kaitai.struct.spec.TestValidLong"/>
</testsuite> <!-- io.kaitai.struct.spec.TestValidLong -->
