<?xml version="1.0" encoding="UTF-8"?>
<!-- Generated by org.testng.reporters.JUnitReportReporter -->
<testsuite name="io.kaitai.struct.spec.TestParamsPassStruct" tests="1" failures="0" timestamp="9 Oct 2023 21:45:54 GMT" time="0.001" errors="0">
  <testcase name="testParamsPassStruct" time="0.001" classname="io.kaitai.struct.spec.TestParamsPassStruct"/>
</testsuite> <!-- io.kaitai.struct.spec.TestParamsPassStruct -->
