<?xml version="1.0" encoding="UTF-8"?>
<!-- Generated by org.testng.reporters.JUnitReportReporter -->
<testsuite hostname="testing-gce-73eaeac0-3d1e-491b-a0ba-9b93ceb9c528" name="io.kaitai.struct.spec.TestTermStrz" tests="1" failures="0" timestamp="1 Sep 2017 08:55:08 GMT" time="0.000" errors="0">
  <testcase name="testTermStrz" time="0.000" classname="io.kaitai.struct.spec.TestTermStrz"/>
</testsuite> <!-- io.kaitai.struct.spec.TestTermStrz -->
