<?xml version="1.0" encoding="UTF-8"?>
<!-- Generated by org.testng.reporters.JUnitReportReporter -->
<testsuite hostname="travis-job-26394006-cd78-4199-a7a5-acdc84f66bea" failures="0" tests="1" name="io.kaitai.struct.spec.TestImportsRel1" time="0.018" errors="0" timestamp="17 Aug 2020 20:23:38 GMT">
  <testcase classname="io.kaitai.struct.spec.TestImportsRel1" name="testImportsRel1" time="0.018"/>
</testsuite> <!-- io.kaitai.struct.spec.TestImportsRel1 -->
