<?xml version="1.0" encoding="UTF-8"?>
<!-- Generated by org.testng.reporters.JUnitReportReporter -->
<testsuite hostname="localhost" name="io.kaitai.struct.spec.TestExprSizeofType0" tests="1" failures="0" timestamp="16 Mar 2020 21:13:28 GMT" time="0.000" errors="0">
  <testcase name="testExprSizeofType0" time="0.000" classname="io.kaitai.struct.spec.TestExprSizeofType0"/>
</testsuite> <!-- io.kaitai.struct.spec.TestExprSizeofType0 -->
