<?xml version="1.0" encoding="UTF-8"?>
<!-- Generated by org.testng.reporters.JUnitReportReporter -->
<testsuite hostname="travis-job-bca858c3-5e9c-456d-966e-4e23852f6d66" name="io.kaitai.struct.spec.TestDocstrings" tests="1" failures="0" timestamp="12 Oct 2019 14:34:22 GMT" time="0.000" errors="0">
  <testcase name="testDocstrings" time="0.000" classname="io.kaitai.struct.spec.TestDocstrings"/>
</testsuite> <!-- io.kaitai.struct.spec.TestDocstrings -->
