<?xml version="1.0" encoding="UTF-8"?>
<!-- Generated by org.testng.reporters.JUnitReportReporter -->
<testsuite name="io.kaitai.struct.spec.TestInstanceUserArray" tests="1" failures="0" timestamp="29 Feb 2024 19:37:06 GMT" time="0.000" errors="0">
  <testcase name="testInstanceUserArray" time="0.000" classname="io.kaitai.struct.spec.TestInstanceUserArray"/>
</testsuite> <!-- io.kaitai.struct.spec.TestInstanceUserArray -->
