<?xml version="1.0" encoding="UTF-8"?>
<!-- Generated by org.testng.reporters.JUnitReportReporter -->
<testsuite hostname="testing-gce-e351cedf-1c65-43d9-9e00-103d329e90eb" name="io.kaitai.struct.spec.TestNestedTypes2" tests="1" failures="0" timestamp="27 Jun 2017 12:15:43 GMT" time="0.061" errors="0">
  <testcase name="testNestedTypes2" time="0.061" classname="io.kaitai.struct.spec.TestNestedTypes2"/>
</testsuite> <!-- io.kaitai.struct.spec.TestNestedTypes2 -->
