<?xml version="1.0" encoding="UTF-8"?>
<!-- Generated by org.testng.reporters.JUnitReportReporter -->
<testsuite hostname="travis-job-5cf119c1-5fb3-4fa2-bb25-85c467b5aab7" name="io.kaitai.struct.spec.TestImportsRel1" tests="1" failures="0" timestamp="12 Apr 2020 12:00:44 GMT" time="0.013" errors="0">
  <testcase name="testImportsRel1" time="0.013" classname="io.kaitai.struct.spec.TestImportsRel1"/>
</testsuite> <!-- io.kaitai.struct.spec.TestImportsRel1 -->
