<?xml version="1.0" encoding="UTF-8"?>
<!-- Generated by org.testng.reporters.JUnitReportReporter -->
<testsuite hostname="travis-job-a56d9fba-33de-4f8a-a75d-0cfe08872b7e" name="io.kaitai.struct.spec.TestIntegers" tests="1" failures="0" timestamp="6 Nov 2021 19:48:10 GMT" time="0.001" errors="0">
  <testcase name="testIntegers" time="0.001" classname="io.kaitai.struct.spec.TestIntegers"/>
</testsuite> <!-- io.kaitai.struct.spec.TestIntegers -->
