<?xml version="1.0" encoding="UTF-8"?>
<!-- Generated by org.testng.reporters.JUnitReportReporter -->
<testsuite hostname="travis-job-3f2f8cfd-5bcc-4b8a-aa0c-c0122c7f5b23" name="io.kaitai.struct.spec.TestValidNotParsedIf" tests="1" failures="0" timestamp="8 Jul 2020 06:44:06 GMT" time="0.043" errors="0">
  <testcase name="testValidNotParsedIf" time="0.043" classname="io.kaitai.struct.spec.TestValidNotParsedIf"/>
</testsuite> <!-- io.kaitai.struct.spec.TestValidNotParsedIf -->
