<?xml version="1.0" encoding="UTF-8"?>
<!-- Generated by org.testng.reporters.JUnitReportReporter -->
<testsuite name="io.kaitai.struct.spec.TestParamsCallShort" tests="1" failures="0" timestamp="9 Oct 2023 19:30:07 GMT" time="0.003" errors="0">
  <testcase name="testParamsCallShort" time="0.003" classname="io.kaitai.struct.spec.TestParamsCallShort"/>
</testsuite> <!-- io.kaitai.struct.spec.TestParamsCallShort -->
