<?xml version="1.0" encoding="UTF-8"?>
<!-- Generated by org.testng.reporters.JUnitReportReporter -->
<testsuite hostname="travis-job-56813af7-6283-46e5-bf12-c9513f419cd8" failures="0" tests="1" name="io.kaitai.struct.spec.TestStrEncodingsDefault" time="0.010" errors="0" timestamp="2 Mar 2021 19:58:44 GMT">
  <testcase classname="io.kaitai.struct.spec.TestStrEncodingsDefault" name="testStrEncodingsDefault" time="0.010"/>
</testsuite> <!-- io.kaitai.struct.spec.TestStrEncodingsDefault -->
