<?xml version="1.0" encoding="UTF-8"?>
<!-- Generated by org.testng.reporters.JUnitReportReporter -->
<testsuite hostname="localhost" name="io.kaitai.struct.spec.TestExprIoEof" tests="1" failures="0" timestamp="21 May 2020 22:46:07 GMT" time="0.001" errors="0">
  <testcase name="testExprIoEof" time="0.001" classname="io.kaitai.struct.spec.TestExprIoEof"/>
</testsuite> <!-- io.kaitai.struct.spec.TestExprIoEof -->
