<?xml version="1.0" encoding="UTF-8"?>
<!-- Generated by org.testng.reporters.JUnitReportReporter -->
<testsuite hostname="travis-job-6ad169ce-589b-43e5-99e6-f9db265d4495" name="io.kaitai.struct.spec.TestInstanceStdArray" tests="1" failures="0" timestamp="14 Feb 2020 23:52:23 GMT" time="0.000" errors="0">
  <testcase name="testInstanceStdArray" time="0.000" classname="io.kaitai.struct.spec.TestInstanceStdArray"/>
</testsuite> <!-- io.kaitai.struct.spec.TestInstanceStdArray -->
