<?xml version="1.0" encoding="UTF-8"?>
<!-- Generated by org.testng.reporters.JUnitReportReporter -->
<testsuite hostname="localhost" name="io.kaitai.struct.spec.TestIntegers" tests="1" failures="0" timestamp="25 Nov 2019 11:34:47 GMT" time="0.003" errors="0">
  <testcase name="testIntegers" time="0.003" classname="io.kaitai.struct.spec.TestIntegers"/>
</testsuite> <!-- io.kaitai.struct.spec.TestIntegers -->
