<?xml version="1.0" encoding="UTF-8"?>
<!-- Generated by org.testng.reporters.JUnitReportReporter -->
<testsuite name="io.kaitai.struct.spec.TestInstanceIoUser" tests="1" failures="0" timestamp="15 Jul 2023 06:44:34 GMT" time="0.002" errors="0">
  <testcase name="testInstanceIoUser" time="0.002" classname="io.kaitai.struct.spec.TestInstanceIoUser"/>
</testsuite> <!-- io.kaitai.struct.spec.TestInstanceIoUser -->
