<?xml version="1.0" encoding="UTF-8"?>
<!-- Generated by org.testng.reporters.JUnitReportReporter -->
<testsuite hostname="travis-job-c3ee78bc-c9a6-4e00-893a-2f90e9b810be" name="io.kaitai.struct.spec.TestParamsPassArrayInt" tests="1" failures="0" timestamp="23 Aug 2020 21:42:50 GMT" time="0.001" errors="0">
  <testcase name="testParamsPassArrayInt" time="0.001" classname="io.kaitai.struct.spec.TestParamsPassArrayInt"/>
</testsuite> <!-- io.kaitai.struct.spec.TestParamsPassArrayInt -->
