<?xml version="1.0" encoding="UTF-8"?>
<!-- Generated by org.testng.reporters.JUnitReportReporter -->
<testsuite hostname="travis-job-a2509f4b-945b-4ab0-a0b5-ea72e3566a6a" name="io.kaitai.struct.spec.TestSwitchManualInt" tests="1" failures="0" timestamp="10 Feb 2022 22:11:40 GMT" time="0.001" errors="0">
  <testcase name="testSwitchManualInt" time="0.001" classname="io.kaitai.struct.spec.TestSwitchManualInt"/>
</testsuite> <!-- io.kaitai.struct.spec.TestSwitchManualInt -->
