<?xml version="1.0" encoding="UTF-8"?>
<!-- Generated by org.testng.reporters.JUnitReportReporter -->
<testsuite name="io.kaitai.struct.spec.TestIndexSizes" tests="1" failures="0" timestamp="19 Jul 2023 21:12:04 GMT" time="0.000" errors="0">
  <testcase name="testIndexSizes" time="0.000" classname="io.kaitai.struct.spec.TestIndexSizes"/>
</testsuite> <!-- io.kaitai.struct.spec.TestIndexSizes -->
