<?xml version="1.0" encoding="UTF-8"?>
<!-- Generated by org.testng.reporters.JUnitReportReporter -->
<testsuite hostname="testing-gce-91ef210c-3927-407e-978d-e87fa30b3841" name="io.kaitai.struct.spec.TestDefaultBigEndian" tests="1" failures="0" timestamp="1 May 2017 07:00:00 GMT" time="0.000" errors="0">
  <testcase name="testDefaultBigEndian" time="0.000" classname="io.kaitai.struct.spec.TestDefaultBigEndian"/>
</testsuite> <!-- io.kaitai.struct.spec.TestDefaultBigEndian -->
