<?xml version="1.0" encoding="UTF-8"?>
<!-- Generated by org.testng.reporters.JUnitReportReporter -->
<testsuite hostname="testing-gce-0907fb66-3464-4df2-80b3-33f2c0edb27f" name="io.kaitai.struct.spec.TestDefaultEndianExprInherited" tests="1" failures="0" timestamp="4 Oct 2017 05:50:27 GMT" time="0.003" errors="0">
  <testcase name="testDefaultEndianExprInherited" time="0.003" classname="io.kaitai.struct.spec.TestDefaultEndianExprInherited"/>
</testsuite> <!-- io.kaitai.struct.spec.TestDefaultEndianExprInherited -->
