<?xml version="1.0" encoding="UTF-8"?>
<!-- Generated by org.testng.reporters.JUnitReportReporter -->
<testsuite hostname="travis-job-d40c7668-7a7d-44db-83ef-8db75385137a" failures="0" tests="1" name="io.kaitai.struct.spec.TestRepeatEosU4" time="0.001" errors="0" timestamp="13 Apr 2020 22:38:13 GMT">
  <testcase classname="io.kaitai.struct.spec.TestRepeatEosU4" name="testRepeatEosU4" time="0.001"/>
</testsuite> <!-- io.kaitai.struct.spec.TestRepeatEosU4 -->
