<?xml version="1.0" encoding="UTF-8"?>
<!-- Generated by org.testng.reporters.JUnitReportReporter -->
<testsuite hostname="testing-gce-0efece6b-b0d4-4a8a-9e97-19bdd555b230" name="io.kaitai.struct.spec.TestExprIoEof" tests="1" failures="0" timestamp="5 May 2017 20:46:56 GMT" time="0.000" errors="0">
  <testcase name="testExprIoEof" time="0.000" classname="io.kaitai.struct.spec.TestExprIoEof"/>
</testsuite> <!-- io.kaitai.struct.spec.TestExprIoEof -->
