<?xml version="1.0" encoding="UTF-8"?>
<!-- Generated by org.testng.reporters.JUnitReportReporter -->
<testsuite hostname="testing-gce-99396725-aa55-4191-9bb0-c2588ed52e8f" name="io.kaitai.struct.spec.TestMultipleUse" tests="1" failures="0" timestamp="5 Aug 2017 22:21:25 GMT" time="0.016" errors="0">
  <testcase name="testMultipleUse" time="0.016" classname="io.kaitai.struct.spec.TestMultipleUse"/>
</testsuite> <!-- io.kaitai.struct.spec.TestMultipleUse -->
