<?xml version="1.0" encoding="UTF-8"?>
<!-- Generated by org.testng.reporters.JUnitReportReporter -->
<testsuite hostname="travis-job-a2a6d197-a8ba-4f87-8fe9-dda241a0e986" name="io.kaitai.struct.spec.TestValidFailContents" tests="1" failures="0" timestamp="15 Feb 2020 19:39:43 GMT" time="0.003" errors="0">
  <testcase name="testValidFailContents" time="0.003" classname="io.kaitai.struct.spec.TestValidFailContents"/>
</testsuite> <!-- io.kaitai.struct.spec.TestValidFailContents -->
