<?xml version="1.0" encoding="UTF-8"?>
<!-- Generated by org.testng.reporters.JUnitReportReporter -->
<testsuite hostname="testing-gce-84396c4d-6cc7-4395-90ac-01d5486d57c8" name="io.kaitai.struct.spec.TestNavRoot" tests="1" failures="0" timestamp="2 May 2017 12:56:11 GMT" time="0.018" errors="0">
  <testcase name="testNavRoot" time="0.018" classname="io.kaitai.struct.spec.TestNavRoot"/>
</testsuite> <!-- io.kaitai.struct.spec.TestNavRoot -->
