<?xml version="1.0" encoding="UTF-8"?>
<!-- Generated by org.testng.reporters.JUnitReportReporter -->
<testsuite hostname="testing-gce-82f2e94c-e7cc-4a32-8fed-700e8a599321" name="io.kaitai.struct.spec.TestBcdUserTypeLe" tests="1" failures="0" timestamp="30 Jun 2017 11:25:04 GMT" time="0.005" errors="0">
  <testcase name="testBcdUserTypeLe" time="0.005" classname="io.kaitai.struct.spec.TestBcdUserTypeLe"/>
</testsuite> <!-- io.kaitai.struct.spec.TestBcdUserTypeLe -->
