<?xml version="1.0" encoding="UTF-8"?>
<!-- Generated by org.testng.reporters.JUnitReportReporter -->
<testsuite hostname="travis-job-ed01fc9b-1399-42fa-863e-64f6c771261f" name="io.kaitai.struct.spec.TestNestedTypes3" tests="1" failures="0" timestamp="31 Mar 2018 09:55:07 GMT" time="0.002" errors="0">
  <testcase name="testNestedTypes3" time="0.002" classname="io.kaitai.struct.spec.TestNestedTypes3"/>
</testsuite> <!-- io.kaitai.struct.spec.TestNestedTypes3 -->
