<?xml version="1.0" encoding="UTF-8"?>
<!-- Generated by org.testng.reporters.JUnitReportReporter -->
<testsuite hostname="travis-job-b590c55f-0b0e-41ab-99d0-428c09552bf4" failures="0" tests="1" name="io.kaitai.struct.spec.TestValidFailExpr" time="0.003" errors="0" timestamp="23 Aug 2020 21:44:46 GMT">
  <testcase classname="io.kaitai.struct.spec.TestValidFailExpr" name="testValidFailExpr" time="0.003"/>
</testsuite> <!-- io.kaitai.struct.spec.TestValidFailExpr -->
