<?xml version="1.0" encoding="UTF-8"?>
<!-- Generated by org.testng.reporters.JUnitReportReporter -->
<testsuite hostname="travis-job-a143e11b-b386-4d49-82c1-1b17611034e9" name="io.kaitai.struct.spec.TestSwitchManualEnum" tests="1" failures="0" timestamp="30 Mar 2019 03:16:57 GMT" time="0.002" errors="0">
  <testcase name="testSwitchManualEnum" time="0.002" classname="io.kaitai.struct.spec.TestSwitchManualEnum"/>
</testsuite> <!-- io.kaitai.struct.spec.TestSwitchManualEnum -->
