<?xml version="1.0" encoding="UTF-8"?>
<!-- Generated by org.testng.reporters.JUnitReportReporter -->
<testsuite hostname="localhost" name="io.kaitai.struct.spec.TestParamsPassUsertype" tests="1" failures="0" timestamp="13 Apr 2020 20:32:03 GMT" time="0.003" errors="0">
  <testcase name="testParamsPassUsertype" time="0.003" classname="io.kaitai.struct.spec.TestParamsPassUsertype"/>
</testsuite> <!-- io.kaitai.struct.spec.TestParamsPassUsertype -->
