<?xml version="1.0" encoding="UTF-8"?>
<!-- Generated by org.testng.reporters.JUnitReportReporter -->
<testsuite hostname="travis-job-ad75aed2-4215-498f-bffe-028dfc92a439" name="io.kaitai.struct.spec.TestIfStruct" tests="1" failures="0" timestamp="12 Mar 2019 02:49:22 GMT" time="0.002" errors="0">
  <testcase name="testIfStruct" time="0.002" classname="io.kaitai.struct.spec.TestIfStruct"/>
</testsuite> <!-- io.kaitai.struct.spec.TestIfStruct -->
