<?xml version="1.0" encoding="UTF-8"?>
<!-- Generated by org.testng.reporters.JUnitReportReporter -->
<testsuite hostname="travis-job-e32c0891-64aa-43b5-8cd3-5ce9bb9ee7eb" name="io.kaitai.struct.spec.TestRepeatNStrz" tests="1" failures="0" timestamp="22 Jan 2020 12:12:51 GMT" time="0.000" errors="0">
  <testcase name="testRepeatNStrz" time="0.000" classname="io.kaitai.struct.spec.TestRepeatNStrz"/>
</testsuite> <!-- io.kaitai.struct.spec.TestRepeatNStrz -->
