<?xml version="1.0" encoding="UTF-8"?>
<!-- Generated by org.testng.reporters.JUnitReportReporter -->
<testsuite name="io.kaitai.struct.spec.TestValidFailAnyofInt" tests="1" failures="0" timestamp="19 Jul 2023 21:24:56 GMT" time="0.001" errors="0">
  <testcase name="testValidFailAnyofInt" time="0.001" classname="io.kaitai.struct.spec.TestValidFailAnyofInt"/>
</testsuite> <!-- io.kaitai.struct.spec.TestValidFailAnyofInt -->
