<?xml version="1.0" encoding="UTF-8"?>
<!-- Generated by org.testng.reporters.JUnitReportReporter -->
<testsuite failures="0" tests="1" name="io.kaitai.struct.spec.TestExprIoPos" time="0.001" errors="0" timestamp="22 Mar 2024 15:21:35 GMT">
  <testcase classname="io.kaitai.struct.spec.TestExprIoPos" name="testExprIoPos" time="0.001"/>
</testsuite> <!-- io.kaitai.struct.spec.TestExprIoPos -->
