<?xml version="1.0" encoding="UTF-8"?>
<!-- Generated by org.testng.reporters.JUnitReportReporter -->
<testsuite hostname="travis-job-2cede158-6b08-4f80-bd38-56ec34814c6d" name="io.kaitai.struct.spec.TestNavParent2" tests="1" failures="0" timestamp="22 Apr 2018 17:14:41 GMT" time="0.001" errors="0">
  <testcase name="testNavParent2" time="0.001" classname="io.kaitai.struct.spec.TestNavParent2"/>
</testsuite> <!-- io.kaitai.struct.spec.TestNavParent2 -->
