<?xml version="1.0" encoding="UTF-8"?>
<!-- Generated by org.testng.reporters.JUnitReportReporter -->
<testsuite hostname="travis-job-32789063-99c5-4072-837f-ec9fdea1a182" name="io.kaitai.struct.spec.TestRepeatNStrzDouble" tests="1" failures="0" timestamp="17 Nov 2019 21:51:33 GMT" time="0.002" errors="0">
  <testcase name="testRepeatNStrzDouble" time="0.002" classname="io.kaitai.struct.spec.TestRepeatNStrzDouble"/>
</testsuite> <!-- io.kaitai.struct.spec.TestRepeatNStrzDouble -->
