<?xml version="1.0" encoding="UTF-8"?>
<!-- Generated by org.testng.reporters.JUnitReportReporter -->
<testsuite hostname="travis-job-156a321b-0f28-4cf2-bf58-35118cedddd9" name="io.kaitai.struct.spec.TestNavParentFalse2" tests="1" failures="0" timestamp="16 Apr 2018 00:40:58 GMT" time="0.001" errors="0">
  <testcase name="testNavParentFalse2" time="0.001" classname="io.kaitai.struct.spec.TestNavParentFalse2"/>
</testsuite> <!-- io.kaitai.struct.spec.TestNavParentFalse2 -->
