<?xml version="1.0" encoding="UTF-8"?>
<!-- Generated by org.testng.reporters.JUnitReportReporter -->
<testsuite hostname="localhost" name="io.kaitai.struct.spec.TestNestedTypes" tests="1" failures="0" timestamp="31 Mar 2020 09:09:55 GMT" time="0.000" errors="0">
  <testcase name="testNestedTypes" time="0.000" classname="io.kaitai.struct.spec.TestNestedTypes"/>
</testsuite> <!-- io.kaitai.struct.spec.TestNestedTypes -->
