<?xml version="1.0" encoding="UTF-8"?>
<!-- Generated by org.testng.reporters.JUnitReportReporter -->
<testsuite hostname="travis-job-278b5d9a-00ee-4f56-91a9-f2d4bf565d90" name="io.kaitai.struct.spec.TestStrEncodingsDefault" tests="1" failures="0" timestamp="8 Jun 2020 21:09:41 GMT" time="0.021" errors="0">
  <testcase name="testStrEncodingsDefault" time="0.021" classname="io.kaitai.struct.spec.TestStrEncodingsDefault"/>
</testsuite> <!-- io.kaitai.struct.spec.TestStrEncodingsDefault -->
