<?xml version="1.0" encoding="UTF-8"?>
<!-- Generated by org.testng.reporters.JUnitReportReporter -->
<testsuite hostname="travis-job-a6acd6e7-55a5-4980-b314-17557b88cdb1" failures="0" tests="1" name="io.kaitai.struct.spec.TestStrLiterals2" time="0.001" errors="0" timestamp="6 Apr 2020 20:18:53 GMT">
  <testcase classname="io.kaitai.struct.spec.TestStrLiterals2" name="testStrLiterals2" time="0.001"/>
</testsuite> <!-- io.kaitai.struct.spec.TestStrLiterals2 -->
