<?xml version="1.0" encoding="UTF-8"?>
<!-- Generated by org.testng.reporters.JUnitReportReporter -->
<testsuite hostname="travis-job-84aea0e6-bd60-41eb-8a15-d653007e3fc9" name="io.kaitai.struct.spec.TestDefaultBigEndian" tests="1" failures="0" timestamp="7 Apr 2018 11:38:29 GMT" time="0.001" errors="0">
  <testcase name="testDefaultBigEndian" time="0.001" classname="io.kaitai.struct.spec.TestDefaultBigEndian"/>
</testsuite> <!-- io.kaitai.struct.spec.TestDefaultBigEndian -->
