<?xml version="1.0" encoding="UTF-8"?>
<!-- Generated by org.testng.reporters.JUnitReportReporter -->
<testsuite hostname="fv-az280-303" failures="0" tests="1" name="io.kaitai.struct.spec.TestCastToImported" time="0.001" errors="0" timestamp="30 Jun 2023 19:49:16 GMT">
  <testcase classname="io.kaitai.struct.spec.TestCastToImported" name="testCastToImported" time="0.001"/>
</testsuite> <!-- io.kaitai.struct.spec.TestCastToImported -->
