<?xml version="1.0" encoding="UTF-8"?>
<!-- Generated by org.testng.reporters.JUnitReportReporter -->
<testsuite hostname="travis-job-1ec0a00d-2a16-4d56-a1aa-8d42b54be51d" name="io.kaitai.struct.spec.TestOpaqueExternalType" tests="1" failures="0" timestamp="10 Mar 2019 12:22:50 GMT" time="0.001" errors="0">
  <testcase name="testOpaqueExternalType" time="0.001" classname="io.kaitai.struct.spec.TestOpaqueExternalType"/>
</testsuite> <!-- io.kaitai.struct.spec.TestOpaqueExternalType -->
