<?xml version="1.0" encoding="UTF-8"?>
<!-- Generated by org.testng.reporters.JUnitReportReporter -->
<testsuite hostname="fv-az203-929" failures="0" tests="1" name="io.kaitai.struct.spec.TestSwitchManualEnum" time="0.003" errors="0" timestamp="28 Jun 2023 19:44:58 GMT">
  <testcase classname="io.kaitai.struct.spec.TestSwitchManualEnum" name="testSwitchManualEnum" time="0.003"/>
</testsuite> <!-- io.kaitai.struct.spec.TestSwitchManualEnum -->
