<?xml version="1.0" encoding="UTF-8"?>
<!-- Generated by org.testng.reporters.JUnitReportReporter -->
<testsuite hostname="fv-az422-791" name="io.kaitai.struct.spec.TestValidFailEqBytes" tests="1" failures="0" timestamp="30 Jun 2023 19:49:09 GMT" time="0.008" errors="0">
  <testcase name="testValidFailEqBytes" time="0.008" classname="io.kaitai.struct.spec.TestValidFailEqBytes"/>
</testsuite> <!-- io.kaitai.struct.spec.TestValidFailEqBytes -->
