<?xml version="1.0" encoding="UTF-8"?>
<!-- Generated by org.testng.reporters.JUnitReportReporter -->
<testsuite hostname="localhost" name="io.kaitai.struct.spec.TestParamsPassStruct" tests="1" failures="0" timestamp="12 Apr 2020 22:14:18 GMT" time="0.001" errors="0">
  <testcase name="testParamsPassStruct" time="0.001" classname="io.kaitai.struct.spec.TestParamsPassStruct"/>
</testsuite> <!-- io.kaitai.struct.spec.TestParamsPassStruct -->
