<?xml version="1.0" encoding="UTF-8"?>
<!-- Generated by org.testng.reporters.JUnitReportReporter -->
<testsuite hostname="travis-job-87b12841-f463-4b71-936b-4df821b2cee7" failures="0" tests="1" name="io.kaitai.struct.spec.TestValidFailMaxInt" time="0.046" errors="0" timestamp="28 Oct 2020 01:12:50 GMT">
  <testcase classname="io.kaitai.struct.spec.TestValidFailMaxInt" name="testValidFailMaxInt" time="0.046"/>
</testsuite> <!-- io.kaitai.struct.spec.TestValidFailMaxInt -->
