<?xml version="1.0" encoding="UTF-8"?>
<!-- Generated by org.testng.reporters.JUnitReportReporter -->
<testsuite hostname="travis-job-d8f26fe3-cd09-4009-acf4-7e201008b74a" name="io.kaitai.struct.spec.TestValidNotParsedIf" tests="1" failures="0" timestamp="31 Jan 2020 10:53:07 GMT" time="0.042" errors="0">
  <testcase name="testValidNotParsedIf" time="0.042" classname="io.kaitai.struct.spec.TestValidNotParsedIf"/>
</testsuite> <!-- io.kaitai.struct.spec.TestValidNotParsedIf -->
