<?xml version="1.0" encoding="UTF-8"?>
<!-- Generated by org.testng.reporters.JUnitReportReporter -->
<testsuite name="io.kaitai.struct.spec.TestZlibSurrounded" tests="1" failures="0" timestamp="19 Jul 2023 17:04:13 GMT" time="0.017" errors="0">
  <testcase name="testZlibSurrounded" time="0.017" classname="io.kaitai.struct.spec.TestZlibSurrounded"/>
</testsuite> <!-- io.kaitai.struct.spec.TestZlibSurrounded -->
