<?xml version="1.0" encoding="UTF-8"?>
<!-- Generated by org.testng.reporters.JUnitReportReporter -->
<testsuite hostname="travis-job-6db7f17f-bec7-45dc-95b0-ebe88d9df7b6" name="io.kaitai.struct.spec.TestInstanceStd" tests="1" failures="0" timestamp="22 Dec 2018 10:29:24 GMT" time="0.000" errors="0">
  <testcase name="testInstanceStd" time="0.000" classname="io.kaitai.struct.spec.TestInstanceStd"/>
</testsuite> <!-- io.kaitai.struct.spec.TestInstanceStd -->
