<?xml version="1.0" encoding="UTF-8"?>
<!-- Generated by org.testng.reporters.JUnitReportReporter -->
<testsuite hostname="localhost" name="io.kaitai.struct.spec.TestExprCalcArrayOps" tests="1" failures="0" timestamp="18 Aug 2020 14:38:22 GMT" time="0.000" errors="0">
  <testcase name="testExprCalcArrayOps" time="0.000" classname="io.kaitai.struct.spec.TestExprCalcArrayOps"/>
</testsuite> <!-- io.kaitai.struct.spec.TestExprCalcArrayOps -->
