<?xml version="1.0" encoding="UTF-8"?>
<!-- Generated by org.testng.reporters.JUnitReportReporter -->
<testsuite hostname="localhost" name="io.kaitai.struct.spec.TestIfValues" tests="1" failures="0" timestamp="16 Feb 2020 12:54:17 GMT" time="0.011" errors="0">
  <testcase name="testIfValues" time="0.011" classname="io.kaitai.struct.spec.TestIfValues"/>
</testsuite> <!-- io.kaitai.struct.spec.TestIfValues -->
