<?xml version="1.0" encoding="UTF-8"?>
<!-- Generated by org.testng.reporters.JUnitReportReporter -->
<testsuite hostname="localhost" name="io.kaitai.struct.spec.TestParamsPassUsertype" tests="1" failures="0" timestamp="10 Apr 2020 09:40:59 GMT" time="0.015" errors="0">
  <testcase name="testParamsPassUsertype" time="0.015" classname="io.kaitai.struct.spec.TestParamsPassUsertype"/>
</testsuite> <!-- io.kaitai.struct.spec.TestParamsPassUsertype -->
