<?xml version="1.0" encoding="UTF-8"?>
<!-- Generated by org.testng.reporters.JUnitReportReporter -->
<testsuite hostname="travis-job-8457c4ca-6e14-43a5-b98a-a2502cab8f72" failures="0" tests="1" name="io.kaitai.struct.spec.TestEnumForUnknownId" time="0.002" errors="0" timestamp="15 Feb 2020 19:41:09 GMT">
  <testcase classname="io.kaitai.struct.spec.TestEnumForUnknownId" name="testEnumForUnknownId" time="0.002"/>
</testsuite> <!-- io.kaitai.struct.spec.TestEnumForUnknownId -->
