<?xml version="1.0" encoding="UTF-8"?>
<!-- Generated by org.testng.reporters.JUnitReportReporter -->
<testsuite hostname="localhost" name="io.kaitai.struct.spec.TestStrEncodingsDefault" tests="1" failures="0" timestamp="30 Jul 2020 22:57:43 GMT" time="0.032" errors="0">
  <testcase name="testStrEncodingsDefault" time="0.032" classname="io.kaitai.struct.spec.TestStrEncodingsDefault"/>
</testsuite> <!-- io.kaitai.struct.spec.TestStrEncodingsDefault -->
