<?xml version="1.0" encoding="UTF-8"?>
<!-- Generated by org.testng.reporters.JUnitReportReporter -->
<testsuite name="io.kaitai.struct.spec.TestRepeatEosStruct" tests="1" failures="0" timestamp="29 Feb 2024 19:37:07 GMT" time="0.000" errors="0">
  <testcase name="testRepeatEosStruct" time="0.000" classname="io.kaitai.struct.spec.TestRepeatEosStruct"/>
</testsuite> <!-- io.kaitai.struct.spec.TestRepeatEosStruct -->
