<?xml version="1.0" encoding="UTF-8"?>
<!-- Generated by org.testng.reporters.JUnitReportReporter -->
<testsuite hostname="localhost" name="io.kaitai.struct.spec.TestDocstrings" tests="1" failures="0" timestamp="24 May 2020 21:53:04 GMT" time="0.006" errors="0">
  <testcase name="testDocstrings" time="0.006" classname="io.kaitai.struct.spec.TestDocstrings"/>
</testsuite> <!-- io.kaitai.struct.spec.TestDocstrings -->
