<?xml version="1.0" encoding="UTF-8"?>
<!-- Generated by org.testng.reporters.JUnitReportReporter -->
<testsuite hostname="travis-job-60c5952f-df2d-47d4-981b-2b7a1efaf5ca" name="io.kaitai.struct.spec.TestValidFailEqBytes" tests="1" failures="0" timestamp="13 Oct 2019 09:37:52 GMT" time="0.005" errors="0">
  <testcase name="testValidFailEqBytes" time="0.005" classname="io.kaitai.struct.spec.TestValidFailEqBytes"/>
</testsuite> <!-- io.kaitai.struct.spec.TestValidFailEqBytes -->
