<?xml version="1.0" encoding="UTF-8"?>
<!-- Generated by org.testng.reporters.JUnitReportReporter -->
<testsuite hostname="localhost" name="io.kaitai.struct.spec.TestSwitchManualIntSize" tests="1" failures="0" timestamp="13 Apr 2020 22:37:44 GMT" time="0.001" errors="0">
  <testcase name="testSwitchManualIntSize" time="0.001" classname="io.kaitai.struct.spec.TestSwitchManualIntSize"/>
</testsuite> <!-- io.kaitai.struct.spec.TestSwitchManualIntSize -->
