<?xml version="1.0" encoding="UTF-8"?>
<!-- Generated by org.testng.reporters.JUnitReportReporter -->
<testsuite hostname="localhost" name="io.kaitai.struct.spec.TestExprArray" tests="1" failures="0" timestamp="29 Feb 2020 17:16:08 GMT" time="0.001" errors="0">
  <testcase name="testExprArray" time="0.001" classname="io.kaitai.struct.spec.TestExprArray"/>
</testsuite> <!-- io.kaitai.struct.spec.TestExprArray -->
