<?xml version="1.0" encoding="UTF-8"?>
<!-- Generated by org.testng.reporters.JUnitReportReporter -->
<testsuite hostname="travis-job-64755078-e069-4975-b115-47b90bd91868" name="io.kaitai.struct.spec.TestBcdUserTypeLe" tests="1" failures="0" timestamp="16 Mar 2018 02:47:24 GMT" time="0.003" errors="0">
  <testcase name="testBcdUserTypeLe" time="0.003" classname="io.kaitai.struct.spec.TestBcdUserTypeLe"/>
</testsuite> <!-- io.kaitai.struct.spec.TestBcdUserTypeLe -->
