<?xml version="1.0" encoding="UTF-8"?>
<!-- Generated by org.testng.reporters.JUnitReportReporter -->
<testsuite name="io.kaitai.struct.spec.TestValidFailInst" tests="1" failures="0" timestamp="21 Jul 2023 09:28:35 GMT" time="0.000" errors="0">
  <testcase name="testValidFailInst" time="0.000" classname="io.kaitai.struct.spec.TestValidFailInst"/>
</testsuite> <!-- io.kaitai.struct.spec.TestValidFailInst -->
