<?xml version="1.0" encoding="UTF-8"?>
<!-- Generated by org.testng.reporters.JUnitReportReporter -->
<testsuite failures="0" tests="1" name="io.kaitai.struct.spec.TestValidFailContents" time="0.003" errors="0" timestamp="4 Mar 2024 00:00:45 GMT">
  <testcase classname="io.kaitai.struct.spec.TestValidFailContents" name="testValidFailContents" time="0.003"/>
</testsuite> <!-- io.kaitai.struct.spec.TestValidFailContents -->
