<?xml version="1.0" encoding="UTF-8"?>
<!-- Generated by org.testng.reporters.JUnitReportReporter -->
<testsuite hostname="travis-job-748c1152-27ad-4330-84a9-f1b353618dad" name="io.kaitai.struct.spec.TestParamsPassUsertype" tests="1" failures="0" timestamp="23 Apr 2018 17:29:28 GMT" time="0.000" errors="0">
  <testcase name="testParamsPassUsertype" time="0.000" classname="io.kaitai.struct.spec.TestParamsPassUsertype"/>
</testsuite> <!-- io.kaitai.struct.spec.TestParamsPassUsertype -->
