<?xml version="1.0" encoding="UTF-8"?>
<!-- Generated by org.testng.reporters.JUnitReportReporter -->
<testsuite hostname="localhost" name="io.kaitai.struct.spec.TestDebugEnumName" tests="1" failures="0" timestamp="11 Jun 2020 18:06:59 GMT" time="0.006" errors="0">
  <testcase name="testDebugEnumName" time="0.006" classname="io.kaitai.struct.spec.TestDebugEnumName"/>
</testsuite> <!-- io.kaitai.struct.spec.TestDebugEnumName -->
