<?xml version="1.0" encoding="UTF-8"?>
<!-- Generated by org.testng.reporters.JUnitReportReporter -->
<testsuite hostname="travis-job-1f15dbcc-3b61-44f4-a438-86ef4ea6f52a" failures="0" tests="1" name="io.kaitai.struct.spec.TestRepeatEosStruct" time="0.003" errors="0" timestamp="4 Apr 2020 06:04:12 GMT">
  <testcase classname="io.kaitai.struct.spec.TestRepeatEosStruct" name="testRepeatEosStruct" time="0.003"/>
</testsuite> <!-- io.kaitai.struct.spec.TestRepeatEosStruct -->
