<?xml version="1.0" encoding="UTF-8"?>
<!-- Generated by org.testng.reporters.JUnitReportReporter -->
<testsuite hostname="travis-job-4abcd871-9171-4ed9-aae8-8aa695c8530d" failures="0" tests="1" name="io.kaitai.struct.spec.TestEnumDeepLiterals" time="0.001" errors="0" timestamp="4 Apr 2020 14:30:41 GMT">
  <testcase classname="io.kaitai.struct.spec.TestEnumDeepLiterals" name="testEnumDeepLiterals" time="0.001"/>
</testsuite> <!-- io.kaitai.struct.spec.TestEnumDeepLiterals -->
