<?xml version="1.0" encoding="UTF-8"?>
<!-- Generated by org.testng.reporters.JUnitReportReporter -->
<testsuite hostname="testing-gce-4312c108-4861-441b-8bf9-b5f911ce3c52" name="io.kaitai.struct.spec.TestExprEnum" tests="1" failures="0" timestamp="23 Aug 2017 19:10:51 GMT" time="0.001" errors="0">
  <testcase name="testExprEnum" time="0.001" classname="io.kaitai.struct.spec.TestExprEnum"/>
</testsuite> <!-- io.kaitai.struct.spec.TestExprEnum -->
