<?xml version="1.0" encoding="UTF-8"?>
<!-- Generated by org.testng.reporters.JUnitReportReporter -->
<testsuite hostname="fv-az400-756" name="io.kaitai.struct.spec.TestTsPacketHeader" tests="1" failures="0" timestamp="30 Jun 2023 19:44:23 GMT" time="0.000" errors="0">
  <testcase name="testTsPacketHeader" time="0.000" classname="io.kaitai.struct.spec.TestTsPacketHeader"/>
</testsuite> <!-- io.kaitai.struct.spec.TestTsPacketHeader -->
