<?xml version="1.0" encoding="UTF-8"?>
<!-- Generated by org.testng.reporters.JUnitReportReporter -->
<testsuite hostname="travis-job-80c6b8fe-68f9-4a5f-9371-10f931439ac2" failures="0" tests="1" name="io.kaitai.struct.spec.TestImportsAbsRel" time="0.002" errors="0" timestamp="13 Apr 2020 01:50:27 GMT">
  <testcase classname="io.kaitai.struct.spec.TestImportsAbsRel" name="testImportsAbsRel" time="0.002"/>
</testsuite> <!-- io.kaitai.struct.spec.TestImportsAbsRel -->
