<?xml version="1.0" encoding="UTF-8"?>
<!-- Generated by org.testng.reporters.JUnitReportReporter -->
<testsuite hostname="travis-job-f7d3665e-0f93-46fb-8461-c3738b09cbcc" name="io.kaitai.struct.spec.TestSwitchManualStrElse" tests="1" failures="0" timestamp="1 Apr 2019 21:33:23 GMT" time="0.006" errors="0">
  <testcase name="testSwitchManualStrElse" time="0.006" classname="io.kaitai.struct.spec.TestSwitchManualStrElse"/>
</testsuite> <!-- io.kaitai.struct.spec.TestSwitchManualStrElse -->
