<?xml version="1.0" encoding="UTF-8"?>
<!-- Generated by org.testng.reporters.JUnitReportReporter -->
<testsuite hostname="localhost" name="io.kaitai.struct.spec.TestProcessCustomNoArgs" tests="1" failures="0" timestamp="12 Aug 2020 08:38:54 GMT" time="0.001" errors="0">
  <testcase name="testProcessCustomNoArgs" time="0.001" classname="io.kaitai.struct.spec.TestProcessCustomNoArgs"/>
</testsuite> <!-- io.kaitai.struct.spec.TestProcessCustomNoArgs -->
