<?xml version="1.0" encoding="UTF-8"?>
<!-- Generated by org.testng.reporters.JUnitReportReporter -->
<testsuite hostname="travis-job-6157790c-bf86-479b-9240-ec4224681544" name="io.kaitai.struct.spec.TestEnumIf" tests="1" failures="0" timestamp="23 Mar 2018 15:12:53 GMT" time="0.003" errors="0">
  <testcase name="testEnumIf" time="0.003" classname="io.kaitai.struct.spec.TestEnumIf"/>
</testsuite> <!-- io.kaitai.struct.spec.TestEnumIf -->
