<?xml version="1.0" encoding="UTF-8"?>
<!-- Generated by org.testng.reporters.JUnitReportReporter -->
<testsuite failures="0" tests="1" name="io.kaitai.struct.spec.TestBitsUnalignedB32Le" time="0.001" errors="0" timestamp="9 Oct 2023 18:36:08 GMT">
  <testcase classname="io.kaitai.struct.spec.TestBitsUnalignedB32Le" name="testBitsUnalignedB32Le" time="0.001"/>
</testsuite> <!-- io.kaitai.struct.spec.TestBitsUnalignedB32Le -->
