<?xml version="1.0" encoding="UTF-8"?>
<!-- Generated by org.testng.reporters.JUnitReportReporter -->
<testsuite hostname="localhost" name="io.kaitai.struct.spec.TestSwitchManualStrElse" tests="1" failures="0" timestamp="16 Nov 2019 23:17:25 GMT" time="0.004" errors="0">
  <testcase name="testSwitchManualStrElse" time="0.004" classname="io.kaitai.struct.spec.TestSwitchManualStrElse"/>
</testsuite> <!-- io.kaitai.struct.spec.TestSwitchManualStrElse -->
