<?xml version="1.0" encoding="UTF-8"?>
<!-- Generated by org.testng.reporters.JUnitReportReporter -->
<testsuite name="io.kaitai.struct.spec.TestTypeTernary2ndFalsy" tests="1" failures="0" timestamp="2 Aug 2023 17:40:40 GMT" time="0.002" errors="0">
  <testcase name="testTypeTernary2ndFalsy" time="0.002" classname="io.kaitai.struct.spec.TestTypeTernary2ndFalsy"/>
</testsuite> <!-- io.kaitai.struct.spec.TestTypeTernary2ndFalsy -->
