<?xml version="1.0" encoding="UTF-8"?>
<!-- Generated by org.testng.reporters.JUnitReportReporter -->
<testsuite hostname="travis-job-20b272d5-65a5-43f5-9105-78e492682133" failures="0" tests="1" name="io.kaitai.struct.spec.TestOpaqueExternalType" time="0.017" errors="0" timestamp="18 Mar 2022 13:03:51 GMT">
  <testcase classname="io.kaitai.struct.spec.TestOpaqueExternalType" name="testOpaqueExternalType" time="0.017"/>
</testsuite> <!-- io.kaitai.struct.spec.TestOpaqueExternalType -->
