<?xml version="1.0" encoding="UTF-8"?>
<!-- Generated by org.testng.reporters.JUnitReportReporter -->
<testsuite hostname="travis-job-c75059ad-4aea-4248-a228-6e5eb68a3576" name="io.kaitai.struct.spec.TestValidFailInst" tests="1" failures="0" timestamp="1 Mar 2020 19:39:58 GMT" time="0.001" errors="0">
  <testcase name="testValidFailInst" time="0.001" classname="io.kaitai.struct.spec.TestValidFailInst"/>
</testsuite> <!-- io.kaitai.struct.spec.TestValidFailInst -->
