<?xml version="1.0" encoding="UTF-8"?>
<!-- Generated by org.testng.reporters.JUnitReportReporter -->
<testsuite failures="0" tests="1" name="io.kaitai.struct.spec.TestEnumForUnknownId" time="0.003" errors="0" timestamp="27 Jul 2023 22:36:37 GMT">
  <testcase classname="io.kaitai.struct.spec.TestEnumForUnknownId" name="testEnumForUnknownId" time="0.003"/>
</testsuite> <!-- io.kaitai.struct.spec.TestEnumForUnknownId -->
