<?xml version="1.0" encoding="UTF-8"?>
<!-- Generated by org.testng.reporters.JUnitReportReporter -->
<testsuite hostname="travis-job-2d90a05b-c7df-4fb4-8aa5-fff0a9efba0d" failures="0" tests="1" name="io.kaitai.struct.spec.TestValidFailEqInt" time="0.004" errors="0" timestamp="15 Feb 2020 21:46:48 GMT">
  <testcase classname="io.kaitai.struct.spec.TestValidFailEqInt" name="testValidFailEqInt" time="0.004"/>
</testsuite> <!-- io.kaitai.struct.spec.TestValidFailEqInt -->
