<?xml version="1.0" encoding="UTF-8"?>
<!-- Generated by org.testng.reporters.JUnitReportReporter -->
<testsuite failures="0" tests="1" name="io.kaitai.struct.spec.TestSwitchElseOnly" time="0.000" errors="0" timestamp="4 Nov 2023 09:50:40 GMT">
  <testcase classname="io.kaitai.struct.spec.TestSwitchElseOnly" name="testSwitchElseOnly" time="0.000"/>
</testsuite> <!-- io.kaitai.struct.spec.TestSwitchElseOnly -->
