<?xml version="1.0" encoding="UTF-8"?>
<!-- Generated by org.testng.reporters.JUnitReportReporter -->
<testsuite failures="0" tests="1" name="io.kaitai.struct.spec.TestIndexToParamEos" time="0.002" errors="0" timestamp="8 Jul 2023 21:16:14 GMT">
  <testcase classname="io.kaitai.struct.spec.TestIndexToParamEos" name="testIndexToParamEos" time="0.002"/>
</testsuite> <!-- io.kaitai.struct.spec.TestIndexToParamEos -->
