<?xml version="1.0" encoding="UTF-8"?>
<!-- Generated by org.testng.reporters.JUnitReportReporter -->
<testsuite hostname="travis-job-c13ad074-4046-4d50-8237-31a2a1f9cf77" name="io.kaitai.struct.spec.TestStrEncodingsDefault" tests="1" failures="0" timestamp="11 Jun 2020 18:40:31 GMT" time="0.022" errors="0">
  <testcase name="testStrEncodingsDefault" time="0.022" classname="io.kaitai.struct.spec.TestStrEncodingsDefault"/>
</testsuite> <!-- io.kaitai.struct.spec.TestStrEncodingsDefault -->
