<?xml version="1.0" encoding="UTF-8"?>
<!-- Generated by org.testng.reporters.JUnitReportReporter -->
<testsuite hostname="testing-gce-6f816bdb-58ad-44d8-ad15-2d33815b1243" name="io.kaitai.struct.spec.TestHelloWorld" tests="1" failures="0" timestamp="27 Jun 2017 16:29:44 GMT" time="0.000" errors="0">
  <testcase name="testHelloWorld" time="0.000" classname="io.kaitai.struct.spec.TestHelloWorld"/>
</testsuite> <!-- io.kaitai.struct.spec.TestHelloWorld -->
