<?xml version="1.0" encoding="UTF-8"?>
<!-- Generated by org.testng.reporters.JUnitReportReporter -->
<testsuite hostname="travis-job-f8abc945-9b5f-49ae-b02e-0cce42c9dfa6" name="io.kaitai.struct.spec.TestValidFailInst" tests="1" failures="0" timestamp="24 Nov 2019 11:11:22 GMT" time="0.000" errors="1">
  <testcase name="testValidFailInst" time="0.000" classname="io.kaitai.struct.spec.TestValidFailInst">
    <error type="org.testng.TestException" message="
Method TestValidFailInst.testValidFailInst()[pri:0, instance:io.kaitai.struct.spec.TestValidFailInst@148e59] should have thrown an exception of type class io.kaitai.struct.KaitaiStream$ValidationNotEqualError">
      <![CDATA[org.testng.TestException: 
Method TestValidFailInst.testValidFailInst()[pri:0, instance:io.kaitai.struct.spec.TestValidFailInst@148e59] should have thrown an exception of type class io.kaitai.struct.KaitaiStream$ValidationNotEqualError
	at org.testng.internal.ExpectedExceptionsHolder.noException(ExpectedExceptionsHolder.java:89)
	at org.testng.internal.Invoker.handleInvocationResults(Invoker.java:1381)
	at org.testng.internal.Invoker.invokeMethod(Invoker.java:681)
	at org.testng.internal.Invoker.invokeTestMethod(Invoker.java:820)
	at org.testng.internal.Invoker.invokeTestMethods(Invoker.java:1128)
	at org.testng.internal.TestMethodWorker.invokeTestMethods(TestMethodWorker.java:129)
	at org.testng.internal.TestMethodWorker.run(TestMethodWorker.java:112)
	at org.testng.TestRunner.privateRun(TestRunner.java:782)
	at org.testng.TestRunner.run(TestRunner.java:632)
	at org.testng.SuiteRunner.runTest(SuiteRunner.java:366)
	at org.testng.SuiteRunner.runSequentially(SuiteRunner.java:361)
	at org.testng.SuiteRunner.privateRun(SuiteRunner.java:319)
	at org.testng.SuiteRunner.run(SuiteRunner.java:268)
	at org.testng.SuiteRunnerWorker.runSuite(SuiteRunnerWorker.java:52)
	at org.testng.SuiteRunnerWorker.run(SuiteRunnerWorker.java:86)
	at org.testng.TestNG.runSuitesSequentially(TestNG.java:1244)
	at org.testng.TestNG.runSuitesLocally(TestNG.java:1169)
	at org.testng.TestNG.run(TestNG.java:1064)
	at org.testng.TestNG.privateMain(TestNG.java:1385)
	at org.testng.TestNG.main(TestNG.java:1354)
]]>
    </error>
  </testcase> <!-- testValidFailInst -->
</testsuite> <!-- io.kaitai.struct.spec.TestValidFailInst -->
