<?xml version="1.0" encoding="UTF-8"?>
<!-- Generated by org.testng.reporters.JUnitReportReporter -->
<testsuite hostname="travis-job-c13ad074-4046-4d50-8237-31a2a1f9cf77" name="io.kaitai.struct.spec.TestNestedTypes2" tests="1" failures="0" timestamp="11 Jun 2020 18:40:31 GMT" time="0.019" errors="0">
  <testcase name="testNestedTypes2" time="0.019" classname="io.kaitai.struct.spec.TestNestedTypes2"/>
</testsuite> <!-- io.kaitai.struct.spec.TestNestedTypes2 -->
