<?xml version="1.0" encoding="UTF-8"?>
<!-- Generated by org.testng.reporters.JUnitReportReporter -->
<testsuite hostname="travis-job-29d74ff9-efc5-4fd6-bcf2-d7cb2ff4f271" name="io.kaitai.struct.spec.TestValidNotParsedIf" tests="1" failures="0" timestamp="10 Apr 2020 09:39:36 GMT" time="0.048" errors="0">
  <testcase name="testValidNotParsedIf" time="0.048" classname="io.kaitai.struct.spec.TestValidNotParsedIf"/>
</testsuite> <!-- io.kaitai.struct.spec.TestValidNotParsedIf -->
