<?xml version="1.0" encoding="UTF-8"?>
<!-- Generated by org.testng.reporters.JUnitReportReporter -->
<testsuite hostname="travis-job-0740dfab-51b3-455b-a5ed-0f72335b017d" failures="0" tests="1" name="io.kaitai.struct.spec.TestRepeatNStruct" time="0.002" errors="0" timestamp="4 Apr 2020 23:27:21 GMT">
  <testcase classname="io.kaitai.struct.spec.TestRepeatNStruct" name="testRepeatNStruct" time="0.002"/>
</testsuite> <!-- io.kaitai.struct.spec.TestRepeatNStruct -->
