<?xml version="1.0" encoding="UTF-8"?>
<!-- Generated by org.testng.reporters.JUnitReportReporter -->
<testsuite hostname="travis-job-b8e1b4e4-c61a-4830-9460-a2464d3dcc13" name="io.kaitai.struct.spec.TestEofExceptionU4" tests="1" failures="0" timestamp="5 Nov 2017 20:21:57 GMT" time="0.001" errors="0">
  <testcase name="testEofExceptionU4" time="0.001" classname="io.kaitai.struct.spec.TestEofExceptionU4"/>
</testsuite> <!-- io.kaitai.struct.spec.TestEofExceptionU4 -->
