<?xml version="1.0" encoding="UTF-8"?>
<!-- Generated by org.testng.reporters.JUnitReportReporter -->
<testsuite hostname="travis-job-48f59bef-409a-4ea8-a6d1-c166d4d8174e" name="io.kaitai.struct.spec.TestCastToImported" tests="1" failures="0" timestamp="6 Nov 2020 10:12:45 GMT" time="0.007" errors="0">
  <testcase name="testCastToImported" time="0.007" classname="io.kaitai.struct.spec.TestCastToImported"/>
</testsuite> <!-- io.kaitai.struct.spec.TestCastToImported -->
