<?xml version="1.0" encoding="UTF-8"?>
<!-- Generated by org.testng.reporters.JUnitReportReporter -->
<testsuite hostname="localhost" name="io.kaitai.struct.spec.TestEnumIntRangeU" tests="1" failures="0" timestamp="22 May 2020 23:18:51 GMT" time="0.001" errors="0">
  <testcase name="testEnumIntRangeU" time="0.001" classname="io.kaitai.struct.spec.TestEnumIntRangeU"/>
</testsuite> <!-- io.kaitai.struct.spec.TestEnumIntRangeU -->
