<?xml version="1.0" encoding="UTF-8"?>
<!-- Generated by org.testng.reporters.JUnitReportReporter -->
<testsuite failures="0" tests="1" name="io.kaitai.struct.spec.TestRepeatEosU4" time="0.002" errors="0" timestamp="19 Jul 2023 21:02:18 GMT">
  <testcase classname="io.kaitai.struct.spec.TestRepeatEosU4" name="testRepeatEosU4" time="0.002"/>
</testsuite> <!-- io.kaitai.struct.spec.TestRepeatEosU4 -->
