<?xml version="1.0" encoding="UTF-8"?>
<!-- Generated by org.testng.reporters.JUnitReportReporter -->
<testsuite name="io.kaitai.struct.spec.TestExprIoPos" tests="1" failures="0" timestamp="4 Aug 2023 18:55:42 GMT" time="0.015" errors="0">
  <testcase name="testExprIoPos" time="0.015" classname="io.kaitai.struct.spec.TestExprIoPos"/>
</testsuite> <!-- io.kaitai.struct.spec.TestExprIoPos -->
