<?xml version="1.0" encoding="UTF-8"?>
<!-- Generated by org.testng.reporters.JUnitReportReporter -->
<testsuite hostname="travis-job-7c36589f-d68e-4b5d-a994-11fd34d0b79c" failures="0" tests="1" name="io.kaitai.struct.spec.TestProcessRotate" time="0.001" errors="0" timestamp="1 Jul 2021 22:26:07 GMT">
  <testcase classname="io.kaitai.struct.spec.TestProcessRotate" name="testProcessRotate" time="0.001"/>
</testsuite> <!-- io.kaitai.struct.spec.TestProcessRotate -->
