<?xml version="1.0" encoding="UTF-8"?>
<!-- Generated by org.testng.reporters.JUnitReportReporter -->
<testsuite hostname="travis-job-a070b2a2-27b9-45da-bee1-49c255f6896e" name="io.kaitai.struct.spec.TestProcessXorConst" tests="1" failures="0" timestamp="25 Nov 2019 02:41:33 GMT" time="0.012" errors="0">
  <testcase name="testProcessXorConst" time="0.012" classname="io.kaitai.struct.spec.TestProcessXorConst"/>
</testsuite> <!-- io.kaitai.struct.spec.TestProcessXorConst -->
