<?xml version="1.0" encoding="UTF-8"?>
<!-- Generated by org.testng.reporters.JUnitReportReporter -->
<testsuite hostname="travis-job-12f516e7-d6a6-4dc6-b20d-902f98d50734" name="io.kaitai.struct.spec.TestSwitchManualIntSizeEos" tests="1" failures="0" timestamp="12 Apr 2019 05:42:33 GMT" time="0.003" errors="0">
  <testcase name="testSwitchManualIntSizeEos" time="0.003" classname="io.kaitai.struct.spec.TestSwitchManualIntSizeEos"/>
</testsuite> <!-- io.kaitai.struct.spec.TestSwitchManualIntSizeEos -->
