<?xml version="1.0" encoding="UTF-8"?>
<!-- Generated by org.testng.reporters.JUnitReportReporter -->
<testsuite hostname="travis-job-0a5aee45-6e8c-44da-a5ec-7136710cb548" failures="0" tests="1" name="io.kaitai.struct.spec.TestEnumIntRangeU" time="0.001" errors="0" timestamp="7 Jul 2022 22:57:28 GMT">
  <testcase classname="io.kaitai.struct.spec.TestEnumIntRangeU" name="testEnumIntRangeU" time="0.001"/>
</testsuite> <!-- io.kaitai.struct.spec.TestEnumIntRangeU -->
