<?xml version="1.0" encoding="UTF-8"?>
<!-- Generated by org.testng.reporters.JUnitReportReporter -->
<testsuite hostname="travis-job-422a035e-c3cf-4324-91f4-7738e3e5a404" name="io.kaitai.struct.spec.TestBytesPadTerm" tests="1" failures="0" timestamp="31 Jul 2020 20:33:25 GMT" time="0.000" errors="0">
  <testcase name="testBytesPadTerm" time="0.000" classname="io.kaitai.struct.spec.TestBytesPadTerm"/>
</testsuite> <!-- io.kaitai.struct.spec.TestBytesPadTerm -->
