<?xml version="1.0" encoding="UTF-8"?>
<!-- Generated by org.testng.reporters.JUnitReportReporter -->
<testsuite hostname="travis-job-8a7ef70c-96d4-479d-83e6-db21817c1e05" failures="0" tests="1" name="io.kaitai.struct.spec.TestParamsDef" time="0.001" errors="0" timestamp="6 Jun 2020 07:23:49 GMT">
  <testcase classname="io.kaitai.struct.spec.TestParamsDef" name="testParamsDef" time="0.001"/>
</testsuite> <!-- io.kaitai.struct.spec.TestParamsDef -->
