<?xml version="1.0" encoding="UTF-8"?>
<!-- Generated by org.testng.reporters.JUnitReportReporter -->
<testsuite failures="0" tests="1" name="io.kaitai.struct.spec.TestSwitchIntegers" time="0.003" errors="0" timestamp="5 Jul 2023 11:22:39 GMT">
  <testcase classname="io.kaitai.struct.spec.TestSwitchIntegers" name="testSwitchIntegers" time="0.003"/>
</testsuite> <!-- io.kaitai.struct.spec.TestSwitchIntegers -->
