<?xml version="1.0" encoding="UTF-8"?>
<!-- Generated by org.testng.reporters.JUnitReportReporter -->
<testsuite hostname="travis-job-83c2d0e4-a74f-41c5-8836-30df712231ed" name="io.kaitai.struct.spec.TestValidNotParsedIf" tests="1" failures="0" timestamp="15 Apr 2020 15:10:15 GMT" time="0.048" errors="0">
  <testcase name="testValidNotParsedIf" time="0.048" classname="io.kaitai.struct.spec.TestValidNotParsedIf"/>
</testsuite> <!-- io.kaitai.struct.spec.TestValidNotParsedIf -->
