<?xml version="1.0" encoding="UTF-8"?>
<!-- Generated by org.testng.reporters.JUnitReportReporter -->
<testsuite hostname="travis-job-809e9024-182f-4ed3-a4fe-64dfc0f179b2" name="io.kaitai.struct.spec.TestEnumOfValueInst" tests="1" failures="0" timestamp="12 Apr 2020 22:13:09 GMT" time="0.001" errors="0">
  <testcase name="testEnumOfValueInst" time="0.001" classname="io.kaitai.struct.spec.TestEnumOfValueInst"/>
</testsuite> <!-- io.kaitai.struct.spec.TestEnumOfValueInst -->
