<?xml version="1.0" encoding="UTF-8"?>
<!-- Generated by org.testng.reporters.JUnitReportReporter -->
<testsuite hostname="localhost" name="io.kaitai.struct.spec.TestMultipleUse" tests="1" failures="0" timestamp="3 Apr 2020 03:39:49 GMT" time="0.006" errors="0">
  <testcase name="testMultipleUse" time="0.006" classname="io.kaitai.struct.spec.TestMultipleUse"/>
</testsuite> <!-- io.kaitai.struct.spec.TestMultipleUse -->
