<?xml version="1.0" encoding="UTF-8"?>
<!-- Generated by org.testng.reporters.JUnitReportReporter -->
<testsuite hostname="travis-job-64aaa074-d2c0-40e8-8ab2-f23cd4a7ca10" failures="0" tests="1" name="io.kaitai.struct.spec.TestNavParentVsValueInst" time="0.019" errors="0" timestamp="30 Mar 2020 02:52:41 GMT">
  <testcase classname="io.kaitai.struct.spec.TestNavParentVsValueInst" name="testNavParentVsValueInst" time="0.019"/>
</testsuite> <!-- io.kaitai.struct.spec.TestNavParentVsValueInst -->
