<?xml version="1.0" encoding="UTF-8"?>
<!-- Generated by org.testng.reporters.JUnitReportReporter -->
<testsuite hostname="localhost" name="io.kaitai.struct.spec.TestExprIoPos" tests="1" failures="0" timestamp="31 Mar 2020 06:36:02 GMT" time="0.005" errors="0">
  <testcase name="testExprIoPos" time="0.005" classname="io.kaitai.struct.spec.TestExprIoPos"/>
</testsuite> <!-- io.kaitai.struct.spec.TestExprIoPos -->
