<?xml version="1.0" encoding="UTF-8"?>
<!-- Generated by org.testng.reporters.JUnitReportReporter -->
<testsuite hostname="travis-job-8148d872-a063-4e4b-8283-9c7344c74bad" failures="0" tests="1" name="io.kaitai.struct.spec.TestProcessCustomNoArgs" time="0.002" errors="0" timestamp="22 Apr 2020 01:28:53 GMT">
  <testcase classname="io.kaitai.struct.spec.TestProcessCustomNoArgs" name="testProcessCustomNoArgs" time="0.002"/>
</testsuite> <!-- io.kaitai.struct.spec.TestProcessCustomNoArgs -->
