<?xml version="1.0" encoding="UTF-8"?>
<!-- Generated by org.testng.reporters.JUnitReportReporter -->
<testsuite hostname="testing-gce-ed77ec82-f320-4f5d-8fe3-744b30f368c5" name="io.kaitai.struct.spec.TestStrEncodings" tests="1" failures="0" timestamp="6 Aug 2017 19:37:09 GMT" time="0.020" errors="0">
  <testcase name="testStrEncodings" time="0.020" classname="io.kaitai.struct.spec.TestStrEncodings"/>
</testsuite> <!-- io.kaitai.struct.spec.TestStrEncodings -->
