<?xml version="1.0" encoding="UTF-8"?>
<!-- Generated by org.testng.reporters.JUnitReportReporter -->
<testsuite hostname="travis-job-be1a0029-9a63-4b75-88e7-3d59b5c3e4a7" name="io.kaitai.struct.spec.TestCastToImported" tests="1" failures="0" timestamp="21 Mar 2020 18:53:29 GMT" time="0.005" errors="0">
  <testcase name="testCastToImported" time="0.005" classname="io.kaitai.struct.spec.TestCastToImported"/>
</testsuite> <!-- io.kaitai.struct.spec.TestCastToImported -->
