<?xml version="1.0" encoding="UTF-8"?>
<!-- Generated by org.testng.reporters.JUnitReportReporter -->
<testsuite hostname="travis-job-5a0733c5-e879-46ca-98a5-1481afc5f990" name="io.kaitai.struct.spec.TestNavParentSwitch" tests="1" failures="0" timestamp="11 Mar 2019 16:20:55 GMT" time="0.001" errors="0">
  <testcase name="testNavParentSwitch" time="0.001" classname="io.kaitai.struct.spec.TestNavParentSwitch"/>
</testsuite> <!-- io.kaitai.struct.spec.TestNavParentSwitch -->
