<?xml version="1.0" encoding="UTF-8"?>
<!-- Generated by org.testng.reporters.JUnitReportReporter -->
<testsuite hostname="travis-job-f078a925-6db2-4bc0-bff0-eef7325b3532" name="io.kaitai.struct.spec.TestNavRoot" tests="1" failures="0" timestamp="5 Nov 2018 01:13:52 GMT" time="0.001" errors="0">
  <testcase name="testNavRoot" time="0.001" classname="io.kaitai.struct.spec.TestNavRoot"/>
</testsuite> <!-- io.kaitai.struct.spec.TestNavRoot -->
