<?xml version="1.0" encoding="UTF-8"?>
<!-- Generated by org.testng.reporters.JUnitReportReporter -->
<testsuite hostname="travis-job-3c9fe842-5d0a-4988-9deb-592914b247e4" name="io.kaitai.struct.spec.TestExprEnum" tests="1" failures="0" timestamp="19 Mar 2019 02:51:35 GMT" time="0.002" errors="0">
  <testcase name="testExprEnum" time="0.002" classname="io.kaitai.struct.spec.TestExprEnum"/>
</testsuite> <!-- io.kaitai.struct.spec.TestExprEnum -->
