<?xml version="1.0" encoding="UTF-8"?>
<!-- Generated by org.testng.reporters.JUnitReportReporter -->
<testsuite hostname="travis-job-fdbb3a5c-a91b-4e45-bb53-8fbc2848aff1" name="io.kaitai.struct.spec.TestRepeatNStrzDouble" tests="1" failures="0" timestamp="22 Feb 2020 15:47:50 GMT" time="0.000" errors="0">
  <testcase name="testRepeatNStrzDouble" time="0.000" classname="io.kaitai.struct.spec.TestRepeatNStrzDouble"/>
</testsuite> <!-- io.kaitai.struct.spec.TestRepeatNStrzDouble -->
