<?xml version="1.0" encoding="UTF-8"?>
<!-- Generated by org.testng.reporters.JUnitReportReporter -->
<testsuite hostname="travis-job-5e12afab-197a-459c-ba2f-0391ad18579a" failures="0" tests="1" name="io.kaitai.struct.spec.TestBcdUserTypeLe" time="0.085" errors="0" timestamp="9 Apr 2020 20:42:49 GMT">
  <testcase classname="io.kaitai.struct.spec.TestBcdUserTypeLe" name="testBcdUserTypeLe" time="0.085"/>
</testsuite> <!-- io.kaitai.struct.spec.TestBcdUserTypeLe -->
