<?xml version="1.0" encoding="UTF-8"?>
<!-- Generated by org.testng.reporters.JUnitReportReporter -->
<testsuite failures="0" tests="1" name="io.kaitai.struct.spec.TestSwitchManualIntSize" time="0.002" errors="0" timestamp="19 Jul 2023 18:53:20 GMT">
  <testcase classname="io.kaitai.struct.spec.TestSwitchManualIntSize" name="testSwitchManualIntSize" time="0.002"/>
</testsuite> <!-- io.kaitai.struct.spec.TestSwitchManualIntSize -->
