<?xml version="1.0" encoding="UTF-8"?>
<!-- Generated by org.testng.reporters.JUnitReportReporter -->
<testsuite hostname="travis-job-044d5934-20d1-481c-a4a9-3f126a7942e9" name="io.kaitai.struct.spec.TestValidNotParsedIf" tests="1" failures="0" timestamp="18 Aug 2020 14:37:12 GMT" time="0.048" errors="0">
  <testcase name="testValidNotParsedIf" time="0.048" classname="io.kaitai.struct.spec.TestValidNotParsedIf"/>
</testsuite> <!-- io.kaitai.struct.spec.TestValidNotParsedIf -->
