<?xml version="1.0" encoding="UTF-8"?>
<!-- Generated by org.testng.reporters.JUnitReportReporter -->
<testsuite hostname="travis-job-c5b140c7-833d-465c-b127-3a932c09f41f" failures="0" tests="1" name="io.kaitai.struct.spec.TestTypeTernary" time="0.003" errors="0" timestamp="3 Apr 2021 17:36:48 GMT">
  <testcase classname="io.kaitai.struct.spec.TestTypeTernary" name="testTypeTernary" time="0.003"/>
</testsuite> <!-- io.kaitai.struct.spec.TestTypeTernary -->
