<?xml version="1.0" encoding="UTF-8"?>
<!-- Generated by org.testng.reporters.JUnitReportReporter -->
<testsuite hostname="travis-job-d12a6757-bff0-4e88-9531-b3a68faec275" name="io.kaitai.struct.spec.TestExprBytesCmp" tests="1" failures="0" timestamp="28 Mar 2019 23:50:14 GMT" time="0.000" errors="0">
  <testcase name="testExprBytesCmp" time="0.000" classname="io.kaitai.struct.spec.TestExprBytesCmp"/>
</testsuite> <!-- io.kaitai.struct.spec.TestExprBytesCmp -->
