<?xml version="1.0" encoding="UTF-8"?>
<!-- Generated by org.testng.reporters.JUnitReportReporter -->
<testsuite hostname="travis-job-17270a2a-cd38-4f59-a0f2-70243514fcab" name="io.kaitai.struct.spec.TestOpaqueWithParam" tests="1" failures="0" timestamp="22 Oct 2019 22:38:33 GMT" time="0.001" errors="0">
  <testcase name="testOpaqueWithParam" time="0.001" classname="io.kaitai.struct.spec.TestOpaqueWithParam"/>
</testsuite> <!-- io.kaitai.struct.spec.TestOpaqueWithParam -->
