<?xml version="1.0" encoding="UTF-8"?>
<!-- Generated by org.testng.reporters.JUnitReportReporter -->
<testsuite failures="0" tests="1" name="io.kaitai.struct.spec.TestStrEncodingsUtf16" time="0.014" errors="0" timestamp="9 Oct 2023 21:46:08 GMT">
  <testcase classname="io.kaitai.struct.spec.TestStrEncodingsUtf16" name="testStrEncodingsUtf16" time="0.014"/>
</testsuite> <!-- io.kaitai.struct.spec.TestStrEncodingsUtf16 -->
