<?xml version="1.0" encoding="UTF-8"?>
<!-- Generated by org.testng.reporters.JUnitReportReporter -->
<testsuite failures="0" tests="1" name="io.kaitai.struct.spec.TestBufferedStruct" time="0.015" errors="0" timestamp="16 Oct 2023 18:19:05 GMT">
  <testcase classname="io.kaitai.struct.spec.TestBufferedStruct" name="testBufferedStruct" time="0.015"/>
</testsuite> <!-- io.kaitai.struct.spec.TestBufferedStruct -->
