<?xml version="1.0" encoding="UTF-8"?>
<!-- Generated by org.testng.reporters.JUnitReportReporter -->
<testsuite hostname="travis-job-3ac1f51a-8a67-498c-8832-4a8a1bd07dc6" name="io.kaitai.struct.spec.TestDefaultEndianExprIsBe" tests="1" failures="0" timestamp="31 Dec 2018 00:27:16 GMT" time="0.002" errors="0">
  <testcase name="testDefaultEndianExprIsBe" time="0.002" classname="io.kaitai.struct.spec.TestDefaultEndianExprIsBe"/>
</testsuite> <!-- io.kaitai.struct.spec.TestDefaultEndianExprIsBe -->
