<?xml version="1.0" encoding="UTF-8"?>
<!-- Generated by org.testng.reporters.JUnitReportReporter -->
<testsuite hostname="travis-job-89db40d5-a421-4934-afb9-f140d3f2fd8e" name="io.kaitai.struct.spec.TestRepeatEosU4" tests="1" failures="0" timestamp="25 Nov 2019 00:06:01 GMT" time="0.001" errors="0">
  <testcase name="testRepeatEosU4" time="0.001" classname="io.kaitai.struct.spec.TestRepeatEosU4"/>
</testsuite> <!-- io.kaitai.struct.spec.TestRepeatEosU4 -->
