<?xml version="1.0" encoding="UTF-8"?>
<!-- Generated by org.testng.reporters.JUnitReportReporter -->
<testsuite hostname="fv-az173-426" failures="0" tests="1" name="io.kaitai.struct.spec.TestSwitchManualEnumInvalidElse" time="0.004" errors="0" timestamp="28 Jun 2023 21:53:59 GMT">
  <testcase classname="io.kaitai.struct.spec.TestSwitchManualEnumInvalidElse" name="testSwitchManualEnumInvalidElse" time="0.004"/>
</testsuite> <!-- io.kaitai.struct.spec.TestSwitchManualEnumInvalidElse -->
