<?xml version="1.0" encoding="UTF-8"?>
<!-- Generated by org.testng.reporters.JUnitReportReporter -->
<testsuite hostname="fv-az257-841" failures="0" tests="1" name="io.kaitai.struct.spec.TestSwitchBytearray" time="0.002" errors="0" timestamp="30 Jun 2023 19:50:38 GMT">
  <testcase classname="io.kaitai.struct.spec.TestSwitchBytearray" name="testSwitchBytearray" time="0.002"/>
</testsuite> <!-- io.kaitai.struct.spec.TestSwitchBytearray -->
