<?xml version="1.0" encoding="UTF-8"?>
<!-- Generated by org.testng.reporters.JUnitReportReporter -->
<testsuite hostname="testing-gce-aa02a199-0288-4a46-9b16-cae5101aaaec" name="io.kaitai.struct.spec.TestNestedTypes2" tests="1" failures="0" timestamp="25 May 2017 11:09:02 GMT" time="0.003" errors="0">
  <testcase name="testNestedTypes2" time="0.003" classname="io.kaitai.struct.spec.TestNestedTypes2"/>
</testsuite> <!-- io.kaitai.struct.spec.TestNestedTypes2 -->
