<?xml version="1.0" encoding="UTF-8"?>
<!-- Generated by org.testng.reporters.JUnitReportReporter -->
<testsuite name="io.kaitai.struct.spec.TestValidEqStrEncodings" tests="1" failures="0" timestamp="4 Aug 2023 22:04:23 GMT" time="0.022" errors="0">
  <testcase name="testValidEqStrEncodings" time="0.022" classname="io.kaitai.struct.spec.TestValidEqStrEncodings"/>
</testsuite> <!-- io.kaitai.struct.spec.TestValidEqStrEncodings -->
