<?xml version="1.0" encoding="UTF-8"?>
<!-- Generated by org.testng.reporters.JUnitReportReporter -->
<testsuite hostname="travis-job-b42b75bd-5690-413a-9a11-f0c6e9beee37" name="io.kaitai.struct.spec.TestNestedTypes" tests="1" failures="0" timestamp="26 Apr 2019 04:23:36 GMT" time="0.001" errors="0">
  <testcase name="testNestedTypes" time="0.001" classname="io.kaitai.struct.spec.TestNestedTypes"/>
</testsuite> <!-- io.kaitai.struct.spec.TestNestedTypes -->
