<?xml version="1.0" encoding="UTF-8"?>
<!-- Generated by org.testng.reporters.JUnitReportReporter -->
<testsuite hostname="travis-job-13abf8f1-ffe7-450c-97d5-82380f42ad01" failures="0" tests="1" name="io.kaitai.struct.spec.TestBitsEnum" time="0.001" errors="0" timestamp="22 Apr 2020 21:31:17 GMT">
  <testcase classname="io.kaitai.struct.spec.TestBitsEnum" name="testBitsEnum" time="0.001"/>
</testsuite> <!-- io.kaitai.struct.spec.TestBitsEnum -->
