<?xml version="1.0" encoding="UTF-8"?>
<!-- Generated by org.testng.reporters.JUnitReportReporter -->
<testsuite hostname="testing-gce-9209f2ab-063b-4902-8c9b-cbb753ac55b6" name="io.kaitai.struct.spec.TestBufferedStruct" tests="1" failures="0" timestamp="5 Aug 2017 22:55:51 GMT" time="0.003" errors="0">
  <testcase name="testBufferedStruct" time="0.003" classname="io.kaitai.struct.spec.TestBufferedStruct"/>
</testsuite> <!-- io.kaitai.struct.spec.TestBufferedStruct -->
