<?xml version="1.0" encoding="UTF-8"?>
<!-- Generated by org.testng.reporters.JUnitReportReporter -->
<testsuite hostname="testing-gce-e376300a-7fa4-4d3f-83b2-1d40c009d02d" name="io.kaitai.struct.spec.TestImportsAbs" tests="1" failures="0" timestamp="7 Aug 2017 09:09:26 GMT" time="0.011" errors="0">
  <testcase name="testImportsAbs" time="0.011" classname="io.kaitai.struct.spec.TestImportsAbs"/>
</testsuite> <!-- io.kaitai.struct.spec.TestImportsAbs -->
