<?xml version="1.0" encoding="UTF-8"?>
<!-- Generated by org.testng.reporters.JUnitReportReporter -->
<testsuite failures="0" tests="1" name="io.kaitai.struct.spec.TestStrEncodingsDefault" time="0.001" errors="0" timestamp="14 Jul 2023 18:42:51 GMT">
  <testcase classname="io.kaitai.struct.spec.TestStrEncodingsDefault" name="testStrEncodingsDefault" time="0.001"/>
</testsuite> <!-- io.kaitai.struct.spec.TestStrEncodingsDefault -->
