<?xml version="1.0" encoding="UTF-8"?>
<!-- Generated by org.testng.reporters.JUnitReportReporter -->
<testsuite name="io.kaitai.struct.spec.TestStrEncodings" tests="1" failures="0" timestamp="29 Feb 2024 19:37:06 GMT" time="0.010" errors="0">
  <testcase name="testStrEncodings" time="0.010" classname="io.kaitai.struct.spec.TestStrEncodings"/>
</testsuite> <!-- io.kaitai.struct.spec.TestStrEncodings -->
