<?xml version="1.0" encoding="UTF-8"?>
<!-- Generated by org.testng.reporters.JUnitReportReporter -->
<testsuite hostname="travis-job-1f931e5e-b2c1-4a81-b19b-31196e85d95c" name="io.kaitai.struct.spec.TestBytesPadTerm" tests="1" failures="0" timestamp="28 Dec 2018 16:16:58 GMT" time="0.000" errors="0">
  <testcase name="testBytesPadTerm" time="0.000" classname="io.kaitai.struct.spec.TestBytesPadTerm"/>
</testsuite> <!-- io.kaitai.struct.spec.TestBytesPadTerm -->
