<?xml version="1.0" encoding="UTF-8"?>
<!-- Generated by org.testng.reporters.JUnitReportReporter -->
<testsuite failures="0" tests="1" name="io.kaitai.struct.spec.TestParamsPassArrayInt" time="0.000" errors="0" timestamp="9 Oct 2023 18:36:07 GMT">
  <testcase classname="io.kaitai.struct.spec.TestParamsPassArrayInt" name="testParamsPassArrayInt" time="0.000"/>
</testsuite> <!-- io.kaitai.struct.spec.TestParamsPassArrayInt -->
