<?xml version="1.0" encoding="UTF-8"?>
<!-- Generated by org.testng.reporters.JUnitReportReporter -->
<testsuite failures="0" tests="1" name="io.kaitai.struct.spec.TestBitsSeqEndianCombo" time="0.000" errors="0" timestamp="16 Oct 2023 18:19:06 GMT">
  <testcase classname="io.kaitai.struct.spec.TestBitsSeqEndianCombo" name="testBitsSeqEndianCombo" time="0.000"/>
</testsuite> <!-- io.kaitai.struct.spec.TestBitsSeqEndianCombo -->
