<?xml version="1.0" encoding="UTF-8"?>
<!-- Generated by org.testng.reporters.JUnitReportReporter -->
<testsuite hostname="localhost" name="io.kaitai.struct.spec.TestValidFailMaxInt" tests="1" failures="0" timestamp="7 Jul 2022 22:57:44 GMT" time="0.000" errors="0">
  <testcase name="testValidFailMaxInt" time="0.000" classname="io.kaitai.struct.spec.TestValidFailMaxInt"/>
</testsuite> <!-- io.kaitai.struct.spec.TestValidFailMaxInt -->
