<?xml version="1.0" encoding="UTF-8"?>
<!-- Generated by org.testng.reporters.JUnitReportReporter -->
<testsuite hostname="travis-job-de3e818c-a386-4504-9e5a-2e66d456e0d4" name="io.kaitai.struct.spec.TestSwitchManualStrElse" tests="1" failures="0" timestamp="15 Apr 2019 23:19:54 GMT" time="0.006" errors="0">
  <testcase name="testSwitchManualStrElse" time="0.006" classname="io.kaitai.struct.spec.TestSwitchManualStrElse"/>
</testsuite> <!-- io.kaitai.struct.spec.TestSwitchManualStrElse -->
