<?xml version="1.0" encoding="UTF-8"?>
<!-- Generated by org.testng.reporters.JUnitReportReporter -->
<testsuite hostname="fv-az1125-668" name="io.kaitai.struct.spec.TestNavRoot" tests="1" failures="0" timestamp="30 Jun 2023 19:33:33 GMT" time="0.037" errors="0">
  <testcase name="testNavRoot" time="0.037" classname="io.kaitai.struct.spec.TestNavRoot"/>
</testsuite> <!-- io.kaitai.struct.spec.TestNavRoot -->
