<?xml version="1.0" encoding="UTF-8"?>
<!-- Generated by org.testng.reporters.JUnitReportReporter -->
<testsuite hostname="travis-job-ad9f7e30-cd70-4ccd-bc3f-7b19ee8028da" failures="0" tests="1" name="io.kaitai.struct.spec.TestBcdUserTypeBe" time="0.005" errors="0" timestamp="10 Mar 2020 10:14:03 GMT">
  <testcase classname="io.kaitai.struct.spec.TestBcdUserTypeBe" name="testBcdUserTypeBe" time="0.005"/>
</testsuite> <!-- io.kaitai.struct.spec.TestBcdUserTypeBe -->
