<?xml version="1.0" encoding="UTF-8"?>
<!-- Generated by org.testng.reporters.JUnitReportReporter -->
<testsuite hostname="fv-az792-418" name="io.kaitai.struct.spec.TestDebugSwitchUser" tests="1" failures="0" timestamp="30 Jun 2023 20:17:22 GMT" time="0.002" errors="0">
  <testcase name="testDebugSwitchUser" time="0.002" classname="io.kaitai.struct.spec.TestDebugSwitchUser"/>
</testsuite> <!-- io.kaitai.struct.spec.TestDebugSwitchUser -->
