<?xml version="1.0" encoding="UTF-8"?>
<!-- Generated by org.testng.reporters.JUnitReportReporter -->
<testsuite name="io.kaitai.struct.spec.TestValidLong" tests="1" failures="0" timestamp="7 Jul 2023 19:25:52 GMT" time="0.001" errors="0">
  <testcase name="testValidLong" time="0.001" classname="io.kaitai.struct.spec.TestValidLong"/>
</testsuite> <!-- io.kaitai.struct.spec.TestValidLong -->
