<?xml version="1.0" encoding="UTF-8"?>
<!-- Generated by org.testng.reporters.JUnitReportReporter -->
<testsuite hostname="travis-job-90e0b0f3-f2f1-4f54-936e-412a09904372" name="io.kaitai.struct.spec.TestSwitchManualIntSizeEos" tests="1" failures="0" timestamp="9 Apr 2019 19:16:29 GMT" time="0.003" errors="0">
  <testcase name="testSwitchManualIntSizeEos" time="0.003" classname="io.kaitai.struct.spec.TestSwitchManualIntSizeEos"/>
</testsuite> <!-- io.kaitai.struct.spec.TestSwitchManualIntSizeEos -->
