<?xml version="1.0" encoding="UTF-8"?>
<!-- Generated by org.testng.reporters.JUnitReportReporter -->
<testsuite hostname="travis-job-6db7f17f-bec7-45dc-95b0-ebe88d9df7b6" name="io.kaitai.struct.spec.TestRepeatUntilComplex" tests="1" failures="0" timestamp="22 Dec 2018 10:29:24 GMT" time="0.001" errors="0">
  <testcase name="testRepeatUntilComplex" time="0.001" classname="io.kaitai.struct.spec.TestRepeatUntilComplex"/>
</testsuite> <!-- io.kaitai.struct.spec.TestRepeatUntilComplex -->
