<?xml version="1.0" encoding="UTF-8"?>
<!-- Generated by org.testng.reporters.JUnitReportReporter -->
<testsuite hostname="fv-az792-418" failures="0" tests="1" name="io.kaitai.struct.spec.TestEnum0" time="0.002" errors="0" timestamp="28 Jun 2023 19:40:22 GMT">
  <testcase classname="io.kaitai.struct.spec.TestEnum0" name="testEnum0" time="0.002"/>
</testsuite> <!-- io.kaitai.struct.spec.TestEnum0 -->
