<?xml version="1.0" encoding="UTF-8"?>
<!-- Generated by org.testng.reporters.JUnitReportReporter -->
<testsuite hostname="travis-job-57cb1cb9-40a3-47db-b93c-9bd3b3a3b8f5" failures="0" tests="1" name="io.kaitai.struct.spec.TestDefaultBigEndian" time="0.002" errors="0" timestamp="24 May 2020 21:53:30 GMT">
  <testcase classname="io.kaitai.struct.spec.TestDefaultBigEndian" name="testDefaultBigEndian" time="0.002"/>
</testsuite> <!-- io.kaitai.struct.spec.TestDefaultBigEndian -->
