<?xml version="1.0" encoding="UTF-8"?>
<!-- Generated by org.testng.reporters.JUnitReportReporter -->
<testsuite hostname="travis-job-67a6106e-aadc-4ed1-86f8-255826a9e6dc" failures="0" tests="1" name="io.kaitai.struct.spec.TestValidFailContents" time="0.007" errors="0" timestamp="15 Mar 2020 22:08:42 GMT">
  <testcase classname="io.kaitai.struct.spec.TestValidFailContents" name="testValidFailContents" time="0.007"/>
</testsuite> <!-- io.kaitai.struct.spec.TestValidFailContents -->
