<?xml version="1.0" encoding="UTF-8"?>
<!-- Generated by org.testng.reporters.JUnitReportReporter -->
<testsuite name="io.kaitai.struct.spec.TestExprStrOps" tests="1" failures="0" timestamp="10 Oct 2023 21:18:30 GMT" time="0.011" errors="0">
  <testcase name="testExprStrOps" time="0.011" classname="io.kaitai.struct.spec.TestExprStrOps"/>
</testsuite> <!-- io.kaitai.struct.spec.TestExprStrOps -->
