<?xml version="1.0" encoding="UTF-8"?>
<!-- Generated by org.testng.reporters.JUnitReportReporter -->
<testsuite name="io.kaitai.struct.spec.TestRepeatNStruct" tests="1" failures="0" timestamp="21 Jul 2023 07:37:01 GMT" time="0.001" errors="0">
  <testcase name="testRepeatNStruct" time="0.001" classname="io.kaitai.struct.spec.TestRepeatNStruct"/>
</testsuite> <!-- io.kaitai.struct.spec.TestRepeatNStruct -->
