<?xml version="1.0" encoding="UTF-8"?>
<!-- Generated by org.testng.reporters.JUnitReportReporter -->
<testsuite hostname="localhost" name="io.kaitai.struct.spec.TestNavParentOverride" tests="1" failures="0" timestamp="25 Nov 2019 11:34:47 GMT" time="0.020" errors="0">
  <testcase name="testNavParentOverride" time="0.020" classname="io.kaitai.struct.spec.TestNavParentOverride"/>
</testsuite> <!-- io.kaitai.struct.spec.TestNavParentOverride -->
