<?xml version="1.0" encoding="UTF-8"?>
<!-- Generated by org.testng.reporters.JUnitReportReporter -->
<testsuite hostname="travis-job-0412e96d-c9d6-40e2-afe6-597529c0015e" name="io.kaitai.struct.spec.TestCastNested" tests="1" failures="0" timestamp="29 Mar 2019 20:53:55 GMT" time="0.016" errors="0">
  <testcase name="testCastNested" time="0.016" classname="io.kaitai.struct.spec.TestCastNested"/>
</testsuite> <!-- io.kaitai.struct.spec.TestCastNested -->
