<?xml version="1.0" encoding="UTF-8"?>
<!-- Generated by org.testng.reporters.JUnitReportReporter -->
<testsuite hostname="travis-job-4c08144a-f85f-472a-9e9e-07924d183ea3" failures="0" tests="1" name="io.kaitai.struct.spec.TestSwitchManualStr" time="0.002" errors="0" timestamp="30 May 2020 22:24:45 GMT">
  <testcase classname="io.kaitai.struct.spec.TestSwitchManualStr" name="testSwitchManualStr" time="0.002"/>
</testsuite> <!-- io.kaitai.struct.spec.TestSwitchManualStr -->
