<?xml version="1.0" encoding="UTF-8"?>
<!-- Generated by org.testng.reporters.JUnitReportReporter -->
<testsuite hostname="localhost" name="io.kaitai.struct.spec.TestProcessXor4Value" tests="1" failures="0" timestamp="15 Mar 2020 22:08:07 GMT" time="0.020" errors="0">
  <testcase name="testProcessXor4Value" time="0.020" classname="io.kaitai.struct.spec.TestProcessXor4Value"/>
</testsuite> <!-- io.kaitai.struct.spec.TestProcessXor4Value -->
