<?xml version="1.0" encoding="UTF-8"?>
<!-- Generated by org.testng.reporters.JUnitReportReporter -->
<testsuite hostname="travis-job-5c1bede0-71a8-4f71-a7f1-36af2c9ad9bd" name="io.kaitai.struct.spec.TestExprEnum" tests="1" failures="0" timestamp="8 Jul 2018 01:58:05 GMT" time="0.003" errors="0">
  <testcase name="testExprEnum" time="0.003" classname="io.kaitai.struct.spec.TestExprEnum"/>
</testsuite> <!-- io.kaitai.struct.spec.TestExprEnum -->
