<?xml version="1.0" encoding="UTF-8"?>
<!-- Generated by org.testng.reporters.JUnitReportReporter -->
<testsuite hostname="travis-job-9e0a5b5b-63f4-4612-9165-07960e54e744" name="io.kaitai.struct.spec.TestIntegersMinMax" tests="1" failures="0" timestamp="1 Aug 2020 18:06:19 GMT" time="0.001" errors="0">
  <testcase name="testIntegersMinMax" time="0.001" classname="io.kaitai.struct.spec.TestIntegersMinMax"/>
</testsuite> <!-- io.kaitai.struct.spec.TestIntegersMinMax -->
