<?xml version="1.0" encoding="UTF-8"?>
<!-- Generated by org.testng.reporters.JUnitReportReporter -->
<testsuite name="io.kaitai.struct.spec.TestEnumDeepLiterals" tests="1" failures="0" timestamp="4 Aug 2023 18:55:41 GMT" time="0.006" errors="0">
  <testcase name="testEnumDeepLiterals" time="0.006" classname="io.kaitai.struct.spec.TestEnumDeepLiterals"/>
</testsuite> <!-- io.kaitai.struct.spec.TestEnumDeepLiterals -->
