<?xml version="1.0" encoding="UTF-8"?>
<!-- Generated by org.testng.reporters.JUnitReportReporter -->
<testsuite name="io.kaitai.struct.spec.TestEnumIntRangeU" tests="1" failures="0" timestamp="5 Jul 2023 16:20:59 GMT" time="0.000" errors="0">
  <testcase name="testEnumIntRangeU" time="0.000" classname="io.kaitai.struct.spec.TestEnumIntRangeU"/>
</testsuite> <!-- io.kaitai.struct.spec.TestEnumIntRangeU -->
