<?xml version="1.0" encoding="UTF-8"?>
<!-- Generated by org.testng.reporters.JUnitReportReporter -->
<testsuite name="io.kaitai.struct.spec.TestEofExceptionBytes" tests="1" failures="0" timestamp="4 Nov 2023 10:59:42 GMT" time="0.001" errors="0">
  <testcase name="testEofExceptionBytes" time="0.001" classname="io.kaitai.struct.spec.TestEofExceptionBytes"/>
</testsuite> <!-- io.kaitai.struct.spec.TestEofExceptionBytes -->
