<?xml version="1.0" encoding="UTF-8"?>
<!-- Generated by org.testng.reporters.JUnitReportReporter -->
<testsuite hostname="travis-job-0412e96d-c9d6-40e2-afe6-597529c0015e" name="io.kaitai.struct.spec.TestSwitchCast" tests="1" failures="0" timestamp="29 Mar 2019 20:53:55 GMT" time="0.002" errors="0">
  <testcase name="testSwitchCast" time="0.002" classname="io.kaitai.struct.spec.TestSwitchCast"/>
</testsuite> <!-- io.kaitai.struct.spec.TestSwitchCast -->
