<?xml version="1.0" encoding="UTF-8"?>
<!-- Generated by org.testng.reporters.JUnitReportReporter -->
<testsuite hostname="travis-job-9a711a5b-8be2-47d0-96d6-3613266d736c" failures="0" tests="1" name="io.kaitai.struct.spec.TestInstanceStd" time="0.001" errors="0" timestamp="31 Jul 2020 22:32:12 GMT">
  <testcase classname="io.kaitai.struct.spec.TestInstanceStd" name="testInstanceStd" time="0.001"/>
</testsuite> <!-- io.kaitai.struct.spec.TestInstanceStd -->
