<?xml version="1.0" encoding="UTF-8"?>
<!-- Generated by org.testng.reporters.JUnitReportReporter -->
<testsuite hostname="fv-az1104-758" name="io.kaitai.struct.spec.TestCombineEnum" tests="1" failures="0" timestamp="30 Jun 2023 20:06:24 GMT" time="0.001" errors="0">
  <testcase name="testCombineEnum" time="0.001" classname="io.kaitai.struct.spec.TestCombineEnum"/>
</testsuite> <!-- io.kaitai.struct.spec.TestCombineEnum -->
