<?xml version="1.0" encoding="UTF-8"?>
<!-- Generated by org.testng.reporters.JUnitReportReporter -->
<testsuite hostname="travis-job-d3c87575-3396-4580-8c92-8a251af7d889" name="io.kaitai.struct.spec.TestValidNotParsedIf" tests="1" failures="0" timestamp="22 May 2020 20:57:42 GMT" time="0.041" errors="0">
  <testcase name="testValidNotParsedIf" time="0.041" classname="io.kaitai.struct.spec.TestValidNotParsedIf"/>
</testsuite> <!-- io.kaitai.struct.spec.TestValidNotParsedIf -->
