<?xml version="1.0" encoding="UTF-8"?>
<!-- Generated by org.testng.reporters.JUnitReportReporter -->
<testsuite hostname="travis-job-35613f24-2b76-4162-844c-655c6ea43b96" name="io.kaitai.struct.spec.TestExpr0" tests="1" failures="0" timestamp="18 Mar 2020 04:25:42 GMT" time="0.011" errors="0">
  <testcase name="testExpr0" time="0.011" classname="io.kaitai.struct.spec.TestExpr0"/>
</testsuite> <!-- io.kaitai.struct.spec.TestExpr0 -->
