<?xml version="1.0" encoding="UTF-8"?>
<!-- Generated by org.testng.reporters.JUnitReportReporter -->
<testsuite name="io.kaitai.struct.spec.TestTermBytes" tests="1" failures="0" timestamp="22 Mar 2024 00:49:55 GMT" time="0.000" errors="0">
  <testcase name="testTermBytes" time="0.000" classname="io.kaitai.struct.spec.TestTermBytes"/>
</testsuite> <!-- io.kaitai.struct.spec.TestTermBytes -->
