<?xml version="1.0" encoding="UTF-8"?>
<!-- Generated by org.testng.reporters.JUnitReportReporter -->
<testsuite hostname="localhost" name="io.kaitai.struct.spec.TestStrPadTermEmpty" tests="1" failures="0" timestamp="11 Jun 2020 18:06:59 GMT" time="0.005" errors="0">
  <testcase name="testStrPadTermEmpty" time="0.005" classname="io.kaitai.struct.spec.TestStrPadTermEmpty"/>
</testsuite> <!-- io.kaitai.struct.spec.TestStrPadTermEmpty -->
