<?xml version="1.0" encoding="UTF-8"?>
<!-- Generated by org.testng.reporters.JUnitReportReporter -->
<testsuite hostname="travis-job-a005d8f1-2689-4832-a0ce-c8a969450527" name="io.kaitai.struct.spec.TestEnumInvalid" tests="1" failures="0" timestamp="26 Jul 2020 19:23:16 GMT" time="0.000" errors="0">
  <testcase name="testEnumInvalid" time="0.000" classname="io.kaitai.struct.spec.TestEnumInvalid"/>
</testsuite> <!-- io.kaitai.struct.spec.TestEnumInvalid -->
