<?xml version="1.0" encoding="UTF-8"?>
<!-- Generated by org.testng.reporters.JUnitReportReporter -->
<testsuite hostname="localhost" name="io.kaitai.struct.spec.TestParamsCallExtraParens" tests="1" failures="0" timestamp="1 Aug 2022 17:01:16 GMT" time="0.020" errors="0">
  <testcase name="testParamsCallExtraParens" time="0.020" classname="io.kaitai.struct.spec.TestParamsCallExtraParens"/>
</testsuite> <!-- io.kaitai.struct.spec.TestParamsCallExtraParens -->
