<?xml version="1.0" encoding="UTF-8"?>
<!-- Generated by org.testng.reporters.JUnitReportReporter -->
<testsuite hostname="localhost" name="io.kaitai.struct.spec.TestCombineBool" tests="1" failures="0" timestamp="24 Aug 2020 19:59:37 GMT" time="0.000" errors="0">
  <testcase name="testCombineBool" time="0.000" classname="io.kaitai.struct.spec.TestCombineBool"/>
</testsuite> <!-- io.kaitai.struct.spec.TestCombineBool -->
