<?xml version="1.0" encoding="UTF-8"?>
<!-- Generated by org.testng.reporters.JUnitReportReporter -->
<testsuite failures="0" tests="1" name="io.kaitai.struct.spec.TestBcdUserTypeBe" time="0.005" errors="0" timestamp="21 Jul 2023 09:21:04 GMT">
  <testcase classname="io.kaitai.struct.spec.TestBcdUserTypeBe" name="testBcdUserTypeBe" time="0.005"/>
</testsuite> <!-- io.kaitai.struct.spec.TestBcdUserTypeBe -->
