<?xml version="1.0" encoding="UTF-8"?>
<!-- Generated by org.testng.reporters.JUnitReportReporter -->
<testsuite hostname="travis-job-fa43d3cb-964e-4fe4-8556-2b4337e2dddc" name="io.kaitai.struct.spec.TestFloatingPoints" tests="1" failures="0" timestamp="5 Jun 2020 09:00:50 GMT" time="0.000" errors="0">
  <testcase name="testFloatingPoints" time="0.000" classname="io.kaitai.struct.spec.TestFloatingPoints"/>
</testsuite> <!-- io.kaitai.struct.spec.TestFloatingPoints -->
