<?xml version="1.0" encoding="UTF-8"?>
<!-- Generated by org.testng.reporters.JUnitReportReporter -->
<testsuite hostname="localhost" name="io.kaitai.struct.spec.TestEnumIntRangeS" tests="1" failures="0" timestamp="16 Mar 2020 17:44:57 GMT" time="0.001" errors="0">
  <testcase name="testEnumIntRangeS" time="0.001" classname="io.kaitai.struct.spec.TestEnumIntRangeS"/>
</testsuite> <!-- io.kaitai.struct.spec.TestEnumIntRangeS -->
