<?xml version="1.0" encoding="UTF-8"?>
<!-- Generated by org.testng.reporters.JUnitReportReporter -->
<testsuite failures="0" tests="1" name="io.kaitai.struct.spec.TestStrEncodings" time="0.003" errors="0" timestamp="21 Feb 2024 15:14:01 GMT">
  <testcase classname="io.kaitai.struct.spec.TestStrEncodings" name="testStrEncodings" time="0.003"/>
</testsuite> <!-- io.kaitai.struct.spec.TestStrEncodings -->
