<?xml version="1.0" encoding="UTF-8"?>
<!-- Generated by org.testng.reporters.JUnitReportReporter -->
<testsuite failures="0" tests="1" name="io.kaitai.struct.spec.TestTypeIntUnaryOp" time="0.003" errors="0" timestamp="5 Jul 2023 16:14:28 GMT">
  <testcase classname="io.kaitai.struct.spec.TestTypeIntUnaryOp" name="testTypeIntUnaryOp" time="0.003"/>
</testsuite> <!-- io.kaitai.struct.spec.TestTypeIntUnaryOp -->
