<?xml version="1.0" encoding="UTF-8"?>
<!-- Generated by org.testng.reporters.JUnitReportReporter -->
<testsuite hostname="travis-job-f4e53729-b940-4b25-bb45-52e42ad28ab1" name="io.kaitai.struct.spec.TestNavParent" tests="1" failures="0" timestamp="4 Aug 2018 16:08:04 GMT" time="0.017" errors="0">
  <testcase name="testNavParent" time="0.017" classname="io.kaitai.struct.spec.TestNavParent"/>
</testsuite> <!-- io.kaitai.struct.spec.TestNavParent -->
