<?xml version="1.0" encoding="UTF-8"?>
<!-- Generated by org.testng.reporters.JUnitReportReporter -->
<testsuite failures="0" tests="1" name="io.kaitai.struct.spec.TestExprIoEof" time="0.016" errors="0" timestamp="5 Jul 2023 16:14:28 GMT">
  <testcase classname="io.kaitai.struct.spec.TestExprIoEof" name="testExprIoEof" time="0.016"/>
</testsuite> <!-- io.kaitai.struct.spec.TestExprIoEof -->
