<?xml version="1.0" encoding="UTF-8"?>
<!-- Generated by org.testng.reporters.JUnitReportReporter -->
<testsuite hostname="fv-az446-440" failures="0" tests="1" name="io.kaitai.struct.spec.TestRepeatEosBit" time="0.001" errors="0" timestamp="30 Jun 2023 20:17:09 GMT">
  <testcase classname="io.kaitai.struct.spec.TestRepeatEosBit" name="testRepeatEosBit" time="0.001"/>
</testsuite> <!-- io.kaitai.struct.spec.TestRepeatEosBit -->
