<?xml version="1.0" encoding="UTF-8"?>
<!-- Generated by org.testng.reporters.JUnitReportReporter -->
<testsuite hostname="travis-job-278b5d9a-00ee-4f56-91a9-f2d4bf565d90" name="io.kaitai.struct.spec.TestProcessXor4Value" tests="1" failures="0" timestamp="8 Jun 2020 21:09:41 GMT" time="0.000" errors="0">
  <testcase name="testProcessXor4Value" time="0.000" classname="io.kaitai.struct.spec.TestProcessXor4Value"/>
</testsuite> <!-- io.kaitai.struct.spec.TestProcessXor4Value -->
