<?xml version="1.0" encoding="UTF-8"?>
<!-- Generated by org.testng.reporters.JUnitReportReporter -->
<testsuite hostname="travis-job-549bb5b7-6016-4bd4-ae30-84537539a46d" name="io.kaitai.struct.spec.TestEnumToIClassBorder1" tests="1" failures="0" timestamp="30 Mar 2020 14:59:19 GMT" time="0.000" errors="0">
  <testcase name="testEnumToIClassBorder1" time="0.000" classname="io.kaitai.struct.spec.TestEnumToIClassBorder1"/>
</testsuite> <!-- io.kaitai.struct.spec.TestEnumToIClassBorder1 -->
