<?xml version="1.0" encoding="UTF-8"?>
<!-- Generated by org.testng.reporters.JUnitReportReporter -->
<testsuite hostname="travis-job-b8e1b4e4-c61a-4830-9460-a2464d3dcc13" name="io.kaitai.struct.spec.TestSwitchManualStrElse" tests="1" failures="0" timestamp="5 Nov 2017 20:21:57 GMT" time="0.005" errors="0">
  <testcase name="testSwitchManualStrElse" time="0.005" classname="io.kaitai.struct.spec.TestSwitchManualStrElse"/>
</testsuite> <!-- io.kaitai.struct.spec.TestSwitchManualStrElse -->
