<?xml version="1.0" encoding="UTF-8"?>
<!-- Generated by org.testng.reporters.JUnitReportReporter -->
<testsuite name="io.kaitai.struct.spec.TestEnumToI" tests="1" failures="0" timestamp="29 Feb 2024 19:37:07 GMT" time="0.019" errors="0">
  <testcase name="testEnumToI" time="0.019" classname="io.kaitai.struct.spec.TestEnumToI"/>
</testsuite> <!-- io.kaitai.struct.spec.TestEnumToI -->
