<?xml version="1.0" encoding="UTF-8"?>
<!-- Generated by org.testng.reporters.JUnitReportReporter -->
<testsuite hostname="travis-job-f95f7bb5-2392-4473-85d5-961012a90d4a" failures="0" tests="1" name="io.kaitai.struct.spec.TestProcessRepeatBytes" time="0.002" errors="0" timestamp="6 Nov 2021 16:29:04 GMT">
  <testcase classname="io.kaitai.struct.spec.TestProcessRepeatBytes" name="testProcessRepeatBytes" time="0.002"/>
</testsuite> <!-- io.kaitai.struct.spec.TestProcessRepeatBytes -->
