<?xml version="1.0" encoding="UTF-8"?>
<!-- Generated by org.testng.reporters.JUnitReportReporter -->
<testsuite hostname="travis-job-8b2be529-a5bf-4c27-a6eb-7e07bd44f89f" name="io.kaitai.struct.spec.TestBufferedStruct" tests="1" failures="0" timestamp="15 Apr 2018 20:30:03 GMT" time="0.003" errors="0">
  <testcase name="testBufferedStruct" time="0.003" classname="io.kaitai.struct.spec.TestBufferedStruct"/>
</testsuite> <!-- io.kaitai.struct.spec.TestBufferedStruct -->
