<?xml version="1.0" encoding="UTF-8"?>
<!-- Generated by org.testng.reporters.JUnitReportReporter -->
<testsuite hostname="localhost" name="io.kaitai.struct.spec.TestDefaultEndianExprIsLe" tests="1" failures="0" timestamp="9 Oct 2019 10:56:31 GMT" time="0.061" errors="0">
  <testcase name="testDefaultEndianExprIsLe" time="0.061" classname="io.kaitai.struct.spec.TestDefaultEndianExprIsLe"/>
</testsuite> <!-- io.kaitai.struct.spec.TestDefaultEndianExprIsLe -->
