<?xml version="1.0" encoding="UTF-8"?>
<!-- Generated by org.testng.reporters.JUnitReportReporter -->
<testsuite failures="0" tests="1" name="io.kaitai.struct.spec.TestDocstringsDocref" time="0.002" errors="0" timestamp="23 Jul 2023 22:33:02 GMT">
  <testcase classname="io.kaitai.struct.spec.TestDocstringsDocref" name="testDocstringsDocref" time="0.002"/>
</testsuite> <!-- io.kaitai.struct.spec.TestDocstringsDocref -->
