<?xml version="1.0" encoding="UTF-8"?>
<!-- Generated by org.testng.reporters.JUnitReportReporter -->
<testsuite hostname="travis-job-e68da027-0fc0-4bc1-b228-283fa8e2f50f" name="io.kaitai.struct.spec.TestNestedTypes2" tests="1" failures="0" timestamp="26 Jul 2020 17:52:15 GMT" time="0.018" errors="0">
  <testcase name="testNestedTypes2" time="0.018" classname="io.kaitai.struct.spec.TestNestedTypes2"/>
</testsuite> <!-- io.kaitai.struct.spec.TestNestedTypes2 -->
