<?xml version="1.0" encoding="UTF-8"?>
<!-- Generated by org.testng.reporters.JUnitReportReporter -->
<testsuite name="io.kaitai.struct.spec.TestIfValues" tests="1" failures="0" timestamp="7 Jul 2023 19:25:48 GMT" time="0.001" errors="0">
  <testcase name="testIfValues" time="0.001" classname="io.kaitai.struct.spec.TestIfValues"/>
</testsuite> <!-- io.kaitai.struct.spec.TestIfValues -->
