<?xml version="1.0" encoding="UTF-8"?>
<!-- Generated by org.testng.reporters.JUnitReportReporter -->
<testsuite hostname="travis-job-0684f080-28a5-4fb0-8145-c9657a7b926d" name="io.kaitai.struct.spec.TestEnum0" tests="1" failures="0" timestamp="27 Apr 2019 13:17:31 GMT" time="0.015" errors="0">
  <testcase name="testEnum0" time="0.015" classname="io.kaitai.struct.spec.TestEnum0"/>
</testsuite> <!-- io.kaitai.struct.spec.TestEnum0 -->
