<?xml version="1.0" encoding="UTF-8"?>
<!-- Generated by org.testng.reporters.JUnitReportReporter -->
<testsuite hostname="travis-job-274c46a3-f580-4841-8d16-1c38fc108bc2" name="io.kaitai.struct.spec.TestIndexToParamEos" tests="1" failures="0" timestamp="20 Oct 2020 22:40:49 GMT" time="0.001" errors="0">
  <testcase name="testIndexToParamEos" time="0.001" classname="io.kaitai.struct.spec.TestIndexToParamEos"/>
</testsuite> <!-- io.kaitai.struct.spec.TestIndexToParamEos -->
