<?xml version="1.0" encoding="UTF-8"?>
<!-- Generated by org.testng.reporters.JUnitReportReporter -->
<testsuite hostname="localhost" name="io.kaitai.struct.spec.TestFloatingPoints" tests="1" failures="0" timestamp="9 Oct 2019 08:31:45 GMT" time="0.002" errors="0">
  <testcase name="testFloatingPoints" time="0.002" classname="io.kaitai.struct.spec.TestFloatingPoints"/>
</testsuite> <!-- io.kaitai.struct.spec.TestFloatingPoints -->
