<?xml version="1.0" encoding="UTF-8"?>
<!-- Generated by org.testng.reporters.JUnitReportReporter -->
<testsuite hostname="fv-az578-184" failures="0" tests="1" name="io.kaitai.struct.spec.TestBcdUserTypeLe" time="0.028" errors="0" timestamp="28 Jun 2023 16:35:58 GMT">
  <testcase classname="io.kaitai.struct.spec.TestBcdUserTypeLe" name="testBcdUserTypeLe" time="0.028"/>
</testsuite> <!-- io.kaitai.struct.spec.TestBcdUserTypeLe -->
