<?xml version="1.0" encoding="UTF-8"?>
<!-- Generated by org.testng.reporters.JUnitReportReporter -->
<testsuite hostname="travis-job-dd2f6fce-bc9f-461e-8194-d6a9b763cf1a" failures="0" tests="1" name="io.kaitai.struct.spec.TestProcessXorValue" time="0.000" errors="0" timestamp="8 Jun 2020 21:10:54 GMT">
  <testcase classname="io.kaitai.struct.spec.TestProcessXorValue" name="testProcessXorValue" time="0.000"/>
</testsuite> <!-- io.kaitai.struct.spec.TestProcessXorValue -->
