<?xml version="1.0" encoding="UTF-8"?>
<!-- Generated by org.testng.reporters.JUnitReportReporter -->
<testsuite hostname="localhost" name="io.kaitai.struct.spec.TestValidFailRangeInt" tests="1" failures="0" timestamp="30 Mar 2020 02:52:03 GMT" time="0.002" errors="0">
  <testcase name="testValidFailRangeInt" time="0.002" classname="io.kaitai.struct.spec.TestValidFailRangeInt"/>
</testsuite> <!-- io.kaitai.struct.spec.TestValidFailRangeInt -->
