<?xml version="1.0" encoding="UTF-8"?>
<!-- Generated by org.testng.reporters.JUnitReportReporter -->
<testsuite hostname="localhost" name="io.kaitai.struct.spec.TestEnumIntRangeS" tests="1" failures="0" timestamp="28 Jun 2020 16:42:17 GMT" time="0.005" errors="0">
  <testcase name="testEnumIntRangeS" time="0.005" classname="io.kaitai.struct.spec.TestEnumIntRangeS"/>
</testsuite> <!-- io.kaitai.struct.spec.TestEnumIntRangeS -->
