<?xml version="1.0" encoding="UTF-8"?>
<!-- Generated by org.testng.reporters.JUnitReportReporter -->
<testsuite hostname="travis-job-18c53eb8-218a-42cd-8e1b-d0ced4c094dc" name="io.kaitai.struct.spec.TestStrLiterals2" tests="1" failures="0" timestamp="16 Oct 2019 17:00:41 GMT" time="0.000" errors="0">
  <testcase name="testStrLiterals2" time="0.000" classname="io.kaitai.struct.spec.TestStrLiterals2"/>
</testsuite> <!-- io.kaitai.struct.spec.TestStrLiterals2 -->
