<?xml version="1.0" encoding="UTF-8"?>
<!-- Generated by org.testng.reporters.JUnitReportReporter -->
<testsuite hostname="fv-az361-558" failures="0" tests="1" name="io.kaitai.struct.spec.TestIndexToParamEos" time="0.000" errors="0" timestamp="30 Jun 2023 19:33:34 GMT">
  <testcase classname="io.kaitai.struct.spec.TestIndexToParamEos" name="testIndexToParamEos" time="0.000"/>
</testsuite> <!-- io.kaitai.struct.spec.TestIndexToParamEos -->
