<?xml version="1.0" encoding="UTF-8"?>
<!-- Generated by org.testng.reporters.JUnitReportReporter -->
<testsuite hostname="localhost" name="io.kaitai.struct.spec.TestExprSizeofValueSized" tests="1" failures="0" timestamp="4 Apr 2020 14:30:26 GMT" time="0.006" errors="0">
  <testcase name="testExprSizeofValueSized" time="0.006" classname="io.kaitai.struct.spec.TestExprSizeofValueSized"/>
</testsuite> <!-- io.kaitai.struct.spec.TestExprSizeofValueSized -->
