<?xml version="1.0" encoding="UTF-8"?>
<!-- Generated by org.testng.reporters.JUnitReportReporter -->
<testsuite failures="0" tests="1" name="io.kaitai.struct.spec.TestDebugEnumName" time="0.001" errors="0" timestamp="4 Aug 2023 18:55:41 GMT">
  <testcase classname="io.kaitai.struct.spec.TestDebugEnumName" name="testDebugEnumName" time="0.001"/>
</testsuite> <!-- io.kaitai.struct.spec.TestDebugEnumName -->
