<?xml version="1.0" encoding="UTF-8"?>
<!-- Generated by org.testng.reporters.JUnitReportReporter -->
<testsuite hostname="travis-job-9df8906a-31d4-4d85-af1f-cfcad4f68ea7" failures="0" tests="1" name="io.kaitai.struct.spec.TestProcessCoerceBytes" time="0.002" errors="0" timestamp="5 Jun 2020 09:02:38 GMT">
  <testcase classname="io.kaitai.struct.spec.TestProcessCoerceBytes" name="testProcessCoerceBytes" time="0.002"/>
</testsuite> <!-- io.kaitai.struct.spec.TestProcessCoerceBytes -->
