<?xml version="1.0" encoding="UTF-8"?>
<!-- Generated by org.testng.reporters.JUnitReportReporter -->
<testsuite hostname="localhost" name="io.kaitai.struct.spec.TestCastToImported" tests="1" failures="0" timestamp="29 Dec 2019 11:01:55 GMT" time="0.004" errors="0">
  <testcase name="testCastToImported" time="0.004" classname="io.kaitai.struct.spec.TestCastToImported"/>
</testsuite> <!-- io.kaitai.struct.spec.TestCastToImported -->
