<?xml version="1.0" encoding="UTF-8"?>
<!-- Generated by org.testng.reporters.JUnitReportReporter -->
<testsuite hostname="travis-job-99e4fe41-7493-4b77-9293-7a5ac6ce7c0b" name="io.kaitai.struct.spec.TestRepeatEosBit" tests="1" failures="0" timestamp="10 Dec 2019 15:09:07 GMT" time="0.000" errors="0">
  <testcase name="testRepeatEosBit" time="0.000" classname="io.kaitai.struct.spec.TestRepeatEosBit"/>
</testsuite> <!-- io.kaitai.struct.spec.TestRepeatEosBit -->
