<?xml version="1.0" encoding="UTF-8"?>
<!-- Generated by org.testng.reporters.JUnitReportReporter -->
<testsuite name="io.kaitai.struct.spec.TestBitsSeqEndianCombo" tests="1" failures="0" timestamp="7 Jul 2023 19:25:52 GMT" time="0.000" errors="0">
  <testcase name="testBitsSeqEndianCombo" time="0.000" classname="io.kaitai.struct.spec.TestBitsSeqEndianCombo"/>
</testsuite> <!-- io.kaitai.struct.spec.TestBitsSeqEndianCombo -->
