<?xml version="1.0" encoding="UTF-8"?>
<!-- Generated by org.testng.reporters.JUnitReportReporter -->
<testsuite failures="0" tests="1" name="io.kaitai.struct.spec.TestDefaultEndianMod" time="0.002" errors="0" timestamp="2 Aug 2023 17:40:50 GMT">
  <testcase classname="io.kaitai.struct.spec.TestDefaultEndianMod" name="testDefaultEndianMod" time="0.002"/>
</testsuite> <!-- io.kaitai.struct.spec.TestDefaultEndianMod -->
