<?xml version="1.0" encoding="UTF-8"?>
<!-- Generated by org.testng.reporters.JUnitReportReporter -->
<testsuite hostname="testing-gce-c9bb06a3-f69e-4cbd-a50d-f56567b12971" name="io.kaitai.struct.spec.TestFloatingPoints" tests="1" failures="0" timestamp="19 Jul 2017 19:23:40 GMT" time="0.000" errors="0">
  <testcase name="testFloatingPoints" time="0.000" classname="io.kaitai.struct.spec.TestFloatingPoints"/>
</testsuite> <!-- io.kaitai.struct.spec.TestFloatingPoints -->
