<?xml version="1.0" encoding="UTF-8"?>
<!-- Generated by org.testng.reporters.JUnitReportReporter -->
<testsuite hostname="localhost" name="io.kaitai.struct.spec.TestInstanceStd" tests="1" failures="0" timestamp="28 Jul 2022 00:13:23 GMT" time="0.002" errors="0">
  <testcase name="testInstanceStd" time="0.002" classname="io.kaitai.struct.spec.TestInstanceStd"/>
</testsuite> <!-- io.kaitai.struct.spec.TestInstanceStd -->
