<?xml version="1.0" encoding="UTF-8"?>
<!-- Generated by org.testng.reporters.JUnitReportReporter -->
<testsuite failures="0" tests="1" name="io.kaitai.struct.spec.TestValidFailEqBytes" time="0.001" errors="0" timestamp="30 Jul 2023 15:26:52 GMT">
  <testcase classname="io.kaitai.struct.spec.TestValidFailEqBytes" name="testValidFailEqBytes" time="0.001"/>
</testsuite> <!-- io.kaitai.struct.spec.TestValidFailEqBytes -->
