<?xml version="1.0" encoding="UTF-8"?>
<!-- Generated by org.testng.reporters.JUnitReportReporter -->
<testsuite hostname="localhost" name="io.kaitai.struct.spec.TestSwitchManualIntElse" tests="1" failures="0" timestamp="23 Mar 2020 08:55:26 GMT" time="0.006" errors="0">
  <testcase name="testSwitchManualIntElse" time="0.006" classname="io.kaitai.struct.spec.TestSwitchManualIntElse"/>
</testsuite> <!-- io.kaitai.struct.spec.TestSwitchManualIntElse -->
