<?xml version="1.0" encoding="UTF-8"?>
<!-- Generated by org.testng.reporters.JUnitReportReporter -->
<testsuite hostname="localhost" name="io.kaitai.struct.spec.TestCastNested" tests="1" failures="0" timestamp="2 Aug 2020 15:22:28 GMT" time="0.001" errors="0">
  <testcase name="testCastNested" time="0.001" classname="io.kaitai.struct.spec.TestCastNested"/>
</testsuite> <!-- io.kaitai.struct.spec.TestCastNested -->
