<?xml version="1.0" encoding="UTF-8"?>
<!-- Generated by org.testng.reporters.JUnitReportReporter -->
<testsuite hostname="travis-job-83c2d0e4-a74f-41c5-8836-30df712231ed" name="io.kaitai.struct.spec.TestBufferedStruct" tests="1" failures="0" timestamp="15 Apr 2020 15:10:16 GMT" time="0.001" errors="0">
  <testcase name="testBufferedStruct" time="0.001" classname="io.kaitai.struct.spec.TestBufferedStruct"/>
</testsuite> <!-- io.kaitai.struct.spec.TestBufferedStruct -->
