<?xml version="1.0" encoding="UTF-8"?>
<!-- Generated by org.testng.reporters.JUnitReportReporter -->
<testsuite hostname="travis-job-8554adcc-c1fc-4da8-ad51-4c83214123ac" name="io.kaitai.struct.spec.TestRepeatUntilComplex" tests="1" failures="0" timestamp="12 Aug 2020 08:37:39 GMT" time="0.001" errors="0">
  <testcase name="testRepeatUntilComplex" time="0.001" classname="io.kaitai.struct.spec.TestRepeatUntilComplex"/>
</testsuite> <!-- io.kaitai.struct.spec.TestRepeatUntilComplex -->
