<?xml version="1.0" encoding="UTF-8"?>
<!-- Generated by org.testng.reporters.JUnitReportReporter -->
<testsuite failures="0" tests="1" name="io.kaitai.struct.spec.TestValidFailExpr" time="0.003" errors="0" timestamp="6 Jul 2023 18:35:44 GMT">
  <testcase classname="io.kaitai.struct.spec.TestValidFailExpr" name="testValidFailExpr" time="0.003"/>
</testsuite> <!-- io.kaitai.struct.spec.TestValidFailExpr -->
