<?xml version="1.0" encoding="UTF-8"?>
<!-- Generated by org.testng.reporters.JUnitReportReporter -->
<testsuite hostname="travis-job-80d15db2-0a4b-4a95-9e13-8226a4b85ce3" name="io.kaitai.struct.spec.TestSwitchElseOnly" tests="1" failures="0" timestamp="31 Oct 2020 09:54:03 GMT" time="0.000" errors="0">
  <testcase name="testSwitchElseOnly" time="0.000" classname="io.kaitai.struct.spec.TestSwitchElseOnly"/>
</testsuite> <!-- io.kaitai.struct.spec.TestSwitchElseOnly -->
