<?xml version="1.0" encoding="UTF-8"?>
<!-- Generated by org.testng.reporters.JUnitReportReporter -->
<testsuite hostname="fv-az562-842" failures="0" tests="1" name="io.kaitai.struct.spec.TestExprCalcArrayOps" time="0.000" errors="0" timestamp="28 Jun 2023 19:44:52 GMT">
  <testcase classname="io.kaitai.struct.spec.TestExprCalcArrayOps" name="testExprCalcArrayOps" time="0.000"/>
</testsuite> <!-- io.kaitai.struct.spec.TestExprCalcArrayOps -->
