<?xml version="1.0" encoding="UTF-8"?>
<!-- Generated by org.testng.reporters.JUnitReportReporter -->
<testsuite hostname="travis-job-b2f968e3-8e8e-45ca-899e-fbaeac566389" name="io.kaitai.struct.spec.TestIndexSizes" tests="1" failures="0" timestamp="28 Oct 2020 01:08:16 GMT" time="0.000" errors="0">
  <testcase name="testIndexSizes" time="0.000" classname="io.kaitai.struct.spec.TestIndexSizes"/>
</testsuite> <!-- io.kaitai.struct.spec.TestIndexSizes -->
