<?xml version="1.0" encoding="UTF-8"?>
<!-- Generated by org.testng.reporters.JUnitReportReporter -->
<testsuite hostname="fv-az792-418" failures="0" tests="1" name="io.kaitai.struct.spec.TestSwitchIntegers" time="0.005" errors="0" timestamp="28 Jun 2023 19:40:22 GMT">
  <testcase classname="io.kaitai.struct.spec.TestSwitchIntegers" name="testSwitchIntegers" time="0.005"/>
</testsuite> <!-- io.kaitai.struct.spec.TestSwitchIntegers -->
