<?xml version="1.0" encoding="UTF-8"?>
<!-- Generated by org.testng.reporters.JUnitReportReporter -->
<testsuite hostname="travis-job-63805b2a-271e-4093-98e0-989e1068c513" name="io.kaitai.struct.spec.TestNonStandard" tests="1" failures="0" timestamp="16 Nov 2018 22:28:53 GMT" time="0.001" errors="0">
  <testcase name="testNonStandard" time="0.001" classname="io.kaitai.struct.spec.TestNonStandard"/>
</testsuite> <!-- io.kaitai.struct.spec.TestNonStandard -->
