<?xml version="1.0" encoding="UTF-8"?>
<!-- Generated by org.testng.reporters.JUnitReportReporter -->
<testsuite hostname="localhost" name="io.kaitai.struct.spec.TestParamsCallShort" tests="1" failures="0" timestamp="12 Apr 2020 12:02:07 GMT" time="0.001" errors="0">
  <testcase name="testParamsCallShort" time="0.001" classname="io.kaitai.struct.spec.TestParamsCallShort"/>
</testsuite> <!-- io.kaitai.struct.spec.TestParamsCallShort -->
