<?xml version="1.0" encoding="UTF-8"?>
<!-- Generated by org.testng.reporters.JUnitReportReporter -->
<testsuite hostname="localhost" name="io.kaitai.struct.spec.TestImportsAbsRel" tests="1" failures="0" timestamp="29 Dec 2019 11:01:55 GMT" time="0.001" errors="0">
  <testcase name="testImportsAbsRel" time="0.001" classname="io.kaitai.struct.spec.TestImportsAbsRel"/>
</testsuite> <!-- io.kaitai.struct.spec.TestImportsAbsRel -->
