<?xml version="1.0" encoding="UTF-8"?>
<!-- Generated by org.testng.reporters.JUnitReportReporter -->
<testsuite hostname="travis-job-3600efcd-2e2f-4c65-a00d-bc7ddfd22dfe" name="io.kaitai.struct.spec.TestInstanceIoUser" tests="1" failures="0" timestamp="4 Mar 2019 16:07:04 GMT" time="0.019" errors="0">
  <testcase name="testInstanceIoUser" time="0.019" classname="io.kaitai.struct.spec.TestInstanceIoUser"/>
</testsuite> <!-- io.kaitai.struct.spec.TestInstanceIoUser -->
