<?xml version="1.0" encoding="UTF-8"?>
<!-- Generated by org.testng.reporters.JUnitReportReporter -->
<testsuite hostname="travis-job-1e6825d8-ccce-4ae1-bfe7-dd977a5e04d4" name="io.kaitai.struct.spec.TestCastToTop" tests="1" failures="0" timestamp="8 Nov 2018 14:25:39 GMT" time="0.000" errors="0">
  <testcase name="testCastToTop" time="0.000" classname="io.kaitai.struct.spec.TestCastToTop"/>
</testsuite> <!-- io.kaitai.struct.spec.TestCastToTop -->
