<?xml version="1.0" encoding="UTF-8"?>
<!-- Generated by org.testng.reporters.JUnitReportReporter -->
<testsuite hostname="localhost" name="io.kaitai.struct.spec.TestBcdUserTypeLe" tests="1" failures="0" timestamp="21 Oct 2019 18:40:19 GMT" time="0.009" errors="0">
  <testcase name="testBcdUserTypeLe" time="0.009" classname="io.kaitai.struct.spec.TestBcdUserTypeLe"/>
</testsuite> <!-- io.kaitai.struct.spec.TestBcdUserTypeLe -->
