<?xml version="1.0" encoding="UTF-8"?>
<!-- Generated by org.testng.reporters.JUnitReportReporter -->
<testsuite name="io.kaitai.struct.spec.TestProcessToUser" tests="1" failures="0" timestamp="5 Jul 2023 11:55:41 GMT" time="0.001" errors="0">
  <testcase name="testProcessToUser" time="0.001" classname="io.kaitai.struct.spec.TestProcessToUser"/>
</testsuite> <!-- io.kaitai.struct.spec.TestProcessToUser -->
