<?xml version="1.0" encoding="UTF-8"?>
<!-- Generated by org.testng.reporters.JUnitReportReporter -->
<testsuite hostname="localhost" name="io.kaitai.struct.spec.TestEnumDeep" tests="1" failures="0" timestamp="21 Dec 2019 01:35:37 GMT" time="0.000" errors="0">
  <testcase name="testEnumDeep" time="0.000" classname="io.kaitai.struct.spec.TestEnumDeep"/>
</testsuite> <!-- io.kaitai.struct.spec.TestEnumDeep -->
