<?xml version="1.0" encoding="UTF-8"?>
<!-- Generated by org.testng.reporters.JUnitReportReporter -->
<testsuite hostname="testing-gce-6f816bdb-58ad-44d8-ad15-2d33815b1243" name="io.kaitai.struct.spec.TestPositionToEnd" tests="1" failures="0" timestamp="27 Jun 2017 16:29:44 GMT" time="0.003" errors="0">
  <testcase name="testPositionToEnd" time="0.003" classname="io.kaitai.struct.spec.TestPositionToEnd"/>
</testsuite> <!-- io.kaitai.struct.spec.TestPositionToEnd -->
