<?xml version="1.0" encoding="UTF-8"?>
<!-- Generated by org.testng.reporters.JUnitReportReporter -->
<testsuite hostname="localhost" name="io.kaitai.struct.spec.TestBitsUnalignedB64Le" tests="1" failures="0" timestamp="9 Apr 2022 01:23:05 GMT" time="0.004" errors="0">
  <testcase name="testBitsUnalignedB64Le" time="0.004" classname="io.kaitai.struct.spec.TestBitsUnalignedB64Le"/>
</testsuite> <!-- io.kaitai.struct.spec.TestBitsUnalignedB64Le -->
