<?xml version="1.0" encoding="UTF-8"?>
<!-- Generated by org.testng.reporters.JUnitReportReporter -->
<testsuite hostname="travis-job-d63db960-47a5-4dd2-beb2-ac7b59d35ae6" failures="0" tests="1" name="io.kaitai.struct.spec.TestNavParent2" time="0.018" errors="0" timestamp="16 Mar 2020 22:30:11 GMT">
  <testcase classname="io.kaitai.struct.spec.TestNavParent2" name="testNavParent2" time="0.018"/>
</testsuite> <!-- io.kaitai.struct.spec.TestNavParent2 -->
