<?xml version="1.0" encoding="UTF-8"?>
<!-- Generated by org.testng.reporters.JUnitReportReporter -->
<testsuite name="io.kaitai.struct.spec.TestExprStrEncodings" tests="1" failures="0" timestamp="30 Jul 2023 15:27:21 GMT" time="0.011" errors="0">
  <testcase name="testExprStrEncodings" time="0.011" classname="io.kaitai.struct.spec.TestExprStrEncodings"/>
</testsuite> <!-- io.kaitai.struct.spec.TestExprStrEncodings -->
