<?xml version="1.0" encoding="UTF-8"?>
<!-- Generated by org.testng.reporters.JUnitReportReporter -->
<testsuite hostname="travis-job-3f2f8cfd-5bcc-4b8a-aa0c-c0122c7f5b23" name="io.kaitai.struct.spec.TestPositionToEnd" tests="1" failures="0" timestamp="8 Jul 2020 06:44:06 GMT" time="0.001" errors="0">
  <testcase name="testPositionToEnd" time="0.001" classname="io.kaitai.struct.spec.TestPositionToEnd"/>
</testsuite> <!-- io.kaitai.struct.spec.TestPositionToEnd -->
