<?xml version="1.0" encoding="UTF-8"?>
<!-- Generated by org.testng.reporters.JUnitReportReporter -->
<testsuite hostname="travis-job-833a7d69-bdc2-4836-b04f-c96069bf817c" name="io.kaitai.struct.spec.TestRepeatUntilSized" tests="1" failures="0" timestamp="25 Jan 2019 22:15:56 GMT" time="0.001" errors="0">
  <testcase name="testRepeatUntilSized" time="0.001" classname="io.kaitai.struct.spec.TestRepeatUntilSized"/>
</testsuite> <!-- io.kaitai.struct.spec.TestRepeatUntilSized -->
