<?xml version="1.0" encoding="UTF-8"?>
<!-- Generated by org.testng.reporters.JUnitReportReporter -->
<testsuite hostname="travis-job-7d9e8f84-98a6-4e03-bca6-4b9074e22b23" name="io.kaitai.struct.spec.TestExprOpsParens" tests="1" failures="0" timestamp="4 Apr 2020 06:03:37 GMT" time="0.000" errors="1">
  <testcase name="testExprOpsParens" time="0.000" classname="io.kaitai.struct.spec.TestExprOpsParens">
    <error type="java.lang.NoClassDefFoundError" message="io/kaitai/struct/testformats/ExprOpsParens">
      <![CDATA[java.lang.NoClassDefFoundError: io/kaitai/struct/testformats/ExprOpsParens
	at io.kaitai.struct.spec.TestExprOpsParens.testExprOpsParens(TestExprOpsParens.java:12)
	at sun.reflect.NativeMethodAccessorImpl.invoke0(Native Method)
	at sun.reflect.NativeMethodAccessorImpl.invoke(NativeMethodAccessorImpl.java:57)
	at sun.reflect.DelegatingMethodAccessorImpl.invoke(DelegatingMethodAccessorImpl.java:43)
	at java.lang.reflect.Method.invoke(Method.java:606)
	at org.testng.internal.MethodInvocationHelper.invokeMethod(MethodInvocationHelper.java:86)
	at org.testng.internal.Invoker.invokeMethod(Invoker.java:643)
	at org.testng.internal.Invoker.invokeTestMethod(Invoker.java:820)
	at org.testng.internal.Invoker.invokeTestMethods(Invoker.java:1128)
	at org.testng.internal.TestMethodWorker.invokeTestMethods(TestMethodWorker.java:129)
	at org.testng.internal.TestMethodWorker.run(TestMethodWorker.java:112)
	at org.testng.TestRunner.privateRun(TestRunner.java:782)
	at org.testng.TestRunner.run(TestRunner.java:632)
	at org.testng.SuiteRunner.runTest(SuiteRunner.java:366)
	at org.testng.SuiteRunner.runSequentially(SuiteRunner.java:361)
	at org.testng.SuiteRunner.privateRun(SuiteRunner.java:319)
	at org.testng.SuiteRunner.run(SuiteRunner.java:268)
	at org.testng.SuiteRunnerWorker.runSuite(SuiteRunnerWorker.java:52)
	at org.testng.SuiteRunnerWorker.run(SuiteRunnerWorker.java:86)
	at org.testng.TestNG.runSuitesSequentially(TestNG.java:1244)
	at org.testng.TestNG.runSuitesLocally(TestNG.java:1169)
	at org.testng.TestNG.run(TestNG.java:1064)
	at org.testng.TestNG.privateMain(TestNG.java:1385)
	at org.testng.TestNG.main(TestNG.java:1354)
Caused by: java.lang.ClassNotFoundException: io.kaitai.struct.testformats.ExprOpsParens
	at java.net.URLClassLoader$1.run(URLClassLoader.java:359)
	at java.net.URLClassLoader$1.run(URLClassLoader.java:348)
	at java.security.AccessController.doPrivileged(Native Method)
	at java.net.URLClassLoader.findClass(URLClassLoader.java:347)
	at java.lang.ClassLoader.loadClass(ClassLoader.java:425)
	at sun.misc.Launcher$AppClassLoader.loadClass(Launcher.java:312)
	at java.lang.ClassLoader.loadClass(ClassLoader.java:358)
	... 24 more
]]>
    </error>
  </testcase> <!-- testExprOpsParens -->
</testsuite> <!-- io.kaitai.struct.spec.TestExprOpsParens -->
