<?xml version="1.0" encoding="UTF-8"?>
<!-- Generated by org.testng.reporters.JUnitReportReporter -->
<testsuite hostname="travis-job-f9f3c626-8cc1-42c2-9587-2ffd7d134b90" name="io.kaitai.struct.spec.TestSwitchManualStr" tests="1" failures="0" timestamp="28 Sep 2019 12:41:50 GMT" time="0.002" errors="0">
  <testcase name="testSwitchManualStr" time="0.002" classname="io.kaitai.struct.spec.TestSwitchManualStr"/>
</testsuite> <!-- io.kaitai.struct.spec.TestSwitchManualStr -->
