<?xml version="1.0" encoding="UTF-8"?>
<!-- Generated by org.testng.reporters.JUnitReportReporter -->
<testsuite hostname="localhost" name="io.kaitai.struct.spec.TestParamsPassArrayStr" tests="1" failures="0" timestamp="28 Jun 2020 16:21:49 GMT" time="0.000" errors="0">
  <testcase name="testParamsPassArrayStr" time="0.000" classname="io.kaitai.struct.spec.TestParamsPassArrayStr"/>
</testsuite> <!-- io.kaitai.struct.spec.TestParamsPassArrayStr -->
