<?xml version="1.0" encoding="UTF-8"?>
<!-- Generated by org.testng.reporters.JUnitReportReporter -->
<testsuite hostname="localhost" name="io.kaitai.struct.spec.TestZlibWithHeader78" tests="1" failures="0" timestamp="8 Apr 2020 17:52:25 GMT" time="0.001" errors="0">
  <testcase name="testZlibWithHeader78" time="0.001" classname="io.kaitai.struct.spec.TestZlibWithHeader78"/>
</testsuite> <!-- io.kaitai.struct.spec.TestZlibWithHeader78 -->
