<?xml version="1.0" encoding="UTF-8"?>
<!-- Generated by org.testng.reporters.JUnitReportReporter -->
<testsuite hostname="travis-job-df29b842-1991-4e4d-9461-d1d14097f84b" name="io.kaitai.struct.spec.TestEnumOfValueInst" tests="1" failures="0" timestamp="19 Apr 2018 21:07:41 GMT" time="0.001" errors="0">
  <testcase name="testEnumOfValueInst" time="0.001" classname="io.kaitai.struct.spec.TestEnumOfValueInst"/>
</testsuite> <!-- io.kaitai.struct.spec.TestEnumOfValueInst -->
