<?xml version="1.0" encoding="UTF-8"?>
<!-- Generated by org.testng.reporters.JUnitReportReporter -->
<testsuite hostname="fv-az398-53" name="io.kaitai.struct.spec.TestBcdUserTypeBe" tests="1" failures="0" timestamp="28 Jun 2023 19:45:00 GMT" time="0.004" errors="0">
  <testcase name="testBcdUserTypeBe" time="0.004" classname="io.kaitai.struct.spec.TestBcdUserTypeBe"/>
</testsuite> <!-- io.kaitai.struct.spec.TestBcdUserTypeBe -->
