<?xml version="1.0" encoding="UTF-8"?>
<!-- Generated by org.testng.reporters.JUnitReportReporter -->
<testsuite hostname="travis-job-85ff8d47-129e-4817-b03f-241426687f36" failures="0" tests="1" name="io.kaitai.struct.spec.TestBitsSimpleLe" time="0.003" errors="0" timestamp="22 May 2020 23:19:13 GMT">
  <testcase classname="io.kaitai.struct.spec.TestBitsSimpleLe" name="testBitsSimpleLe" time="0.003"/>
</testsuite> <!-- io.kaitai.struct.spec.TestBitsSimpleLe -->
