<?xml version="1.0" encoding="UTF-8"?>
<!-- Generated by org.testng.reporters.JUnitReportReporter -->
<testsuite hostname="travis-job-28acb235-d79f-4c10-822c-5b5331f5e9d3" name="io.kaitai.struct.spec.TestProcessXorConst" tests="1" failures="0" timestamp="28 Mar 2019 23:48:48 GMT" time="0.000" errors="0">
  <testcase name="testProcessXorConst" time="0.000" classname="io.kaitai.struct.spec.TestProcessXorConst"/>
</testsuite> <!-- io.kaitai.struct.spec.TestProcessXorConst -->
