<?xml version="1.0" encoding="UTF-8"?>
<!-- Generated by org.testng.reporters.JUnitReportReporter -->
<testsuite hostname="localhost" name="io.kaitai.struct.spec.TestSwitchManualIntSizeEos" tests="1" failures="0" timestamp="18 Mar 2020 22:42:06 GMT" time="0.004" errors="0">
  <testcase name="testSwitchManualIntSizeEos" time="0.004" classname="io.kaitai.struct.spec.TestSwitchManualIntSizeEos"/>
</testsuite> <!-- io.kaitai.struct.spec.TestSwitchManualIntSizeEos -->
