<?xml version="1.0" encoding="UTF-8"?>
<!-- Generated by org.testng.reporters.JUnitReportReporter -->
<testsuite name="io.kaitai.struct.spec.TestBytesPadTerm" tests="1" failures="0" timestamp="19 Jul 2023 14:58:05 GMT" time="0.003" errors="0">
  <testcase name="testBytesPadTerm" time="0.003" classname="io.kaitai.struct.spec.TestBytesPadTerm"/>
</testsuite> <!-- io.kaitai.struct.spec.TestBytesPadTerm -->
