<?xml version="1.0" encoding="UTF-8"?>
<!-- Generated by org.testng.reporters.JUnitReportReporter -->
<testsuite hostname="fv-az257-841" failures="0" tests="1" name="io.kaitai.struct.spec.TestBitsSimple" time="0.003" errors="0" timestamp="30 Jun 2023 19:50:38 GMT">
  <testcase classname="io.kaitai.struct.spec.TestBitsSimple" name="testBitsSimple" time="0.003"/>
</testsuite> <!-- io.kaitai.struct.spec.TestBitsSimple -->
