<?xml version="1.0" encoding="UTF-8"?>
<!-- Generated by org.testng.reporters.JUnitReportReporter -->
<testsuite hostname="localhost" name="io.kaitai.struct.spec.TestDefaultBitEndianMod" tests="1" failures="0" timestamp="7 Jul 2022 22:57:44 GMT" time="0.002" errors="0">
  <testcase name="testDefaultBitEndianMod" time="0.002" classname="io.kaitai.struct.spec.TestDefaultBitEndianMod"/>
</testsuite> <!-- io.kaitai.struct.spec.TestDefaultBitEndianMod -->
