<?xml version="1.0" encoding="UTF-8"?>
<!-- Generated by org.testng.reporters.JUnitReportReporter -->
<testsuite hostname="travis-job-a070b2a2-27b9-45da-bee1-49c255f6896e" name="io.kaitai.struct.spec.TestSwitchManualStrElse" tests="1" failures="0" timestamp="25 Nov 2019 02:41:33 GMT" time="0.003" errors="0">
  <testcase name="testSwitchManualStrElse" time="0.003" classname="io.kaitai.struct.spec.TestSwitchManualStrElse"/>
</testsuite> <!-- io.kaitai.struct.spec.TestSwitchManualStrElse -->
