<?xml version="1.0" encoding="UTF-8"?>
<!-- Generated by org.testng.reporters.JUnitReportReporter -->
<testsuite name="io.kaitai.struct.spec.TestFloatingPoints" tests="1" failures="0" timestamp="28 Jul 2023 22:13:06 GMT" time="0.000" errors="0">
  <testcase name="testFloatingPoints" time="0.000" classname="io.kaitai.struct.spec.TestFloatingPoints"/>
</testsuite> <!-- io.kaitai.struct.spec.TestFloatingPoints -->
