<?xml version="1.0" encoding="UTF-8"?>
<!-- Generated by org.testng.reporters.JUnitReportReporter -->
<testsuite failures="0" tests="1" name="io.kaitai.struct.spec.TestProcessCoerceSwitch" time="0.005" errors="0" timestamp="19 Jul 2023 19:05:39 GMT">
  <testcase classname="io.kaitai.struct.spec.TestProcessCoerceSwitch" name="testProcessCoerceSwitch" time="0.005"/>
</testsuite> <!-- io.kaitai.struct.spec.TestProcessCoerceSwitch -->
