<?xml version="1.0" encoding="UTF-8"?>
<!-- Generated by org.testng.reporters.JUnitReportReporter -->
<testsuite hostname="travis-job-999b4014-1fd1-4318-8882-845386a7970a" failures="0" tests="1" name="io.kaitai.struct.spec.TestExprStrEncodings" time="0.001" errors="0" timestamp="23 Jun 2022 17:29:08 GMT">
  <testcase classname="io.kaitai.struct.spec.TestExprStrEncodings" name="testExprStrEncodings" time="0.001"/>
</testsuite> <!-- io.kaitai.struct.spec.TestExprStrEncodings -->
