<?xml version="1.0" encoding="UTF-8"?>
<!-- Generated by org.testng.reporters.JUnitReportReporter -->
<testsuite hostname="testing-gce-aed5201f-a522-41c7-9a82-198e962e15a8" name="io.kaitai.struct.spec.TestTypeTernary" tests="1" failures="0" timestamp="25 May 2017 13:02:13 GMT" time="0.001" errors="0">
  <testcase name="testTypeTernary" time="0.001" classname="io.kaitai.struct.spec.TestTypeTernary"/>
</testsuite> <!-- io.kaitai.struct.spec.TestTypeTernary -->
