<?xml version="1.0" encoding="UTF-8"?>
<!-- Generated by org.testng.reporters.JUnitReportReporter -->
<testsuite hostname="travis-job-0b531e4f-0dc5-41b3-a072-76c277a5db52" failures="0" tests="1" name="io.kaitai.struct.spec.TestPositionToEnd" time="0.001" errors="0" timestamp="7 Apr 2020 09:15:16 GMT">
  <testcase classname="io.kaitai.struct.spec.TestPositionToEnd" name="testPositionToEnd" time="0.001"/>
</testsuite> <!-- io.kaitai.struct.spec.TestPositionToEnd -->
