<?xml version="1.0" encoding="UTF-8"?>
<!-- Generated by org.testng.reporters.JUnitReportReporter -->
<testsuite name="io.kaitai.struct.spec.TestDebugSwitchUser" tests="1" failures="0" timestamp="21 Jul 2023 07:42:07 GMT" time="0.000" errors="0">
  <testcase name="testDebugSwitchUser" time="0.000" classname="io.kaitai.struct.spec.TestDebugSwitchUser"/>
</testsuite> <!-- io.kaitai.struct.spec.TestDebugSwitchUser -->
