<?xml version="1.0" encoding="UTF-8"?>
<!-- Generated by org.testng.reporters.JUnitReportReporter -->
<testsuite hostname="travis-job-d97fe7b0-0991-44dd-bf55-d3ad4cca14d4" name="io.kaitai.struct.spec.TestStrEos" tests="1" failures="0" timestamp="6 Apr 2020 20:17:09 GMT" time="0.001" errors="0">
  <testcase name="testStrEos" time="0.001" classname="io.kaitai.struct.spec.TestStrEos"/>
</testsuite> <!-- io.kaitai.struct.spec.TestStrEos -->
