<?xml version="1.0" encoding="UTF-8"?>
<!-- Generated by org.testng.reporters.JUnitReportReporter -->
<testsuite hostname="travis-job-8bbecd71-9546-4487-8541-5f6a9f43eae7" name="io.kaitai.struct.spec.TestProcessRepeatBytes" tests="1" failures="0" timestamp="16 Mar 2020 17:44:12 GMT" time="0.000" errors="0">
  <testcase name="testProcessRepeatBytes" time="0.000" classname="io.kaitai.struct.spec.TestProcessRepeatBytes"/>
</testsuite> <!-- io.kaitai.struct.spec.TestProcessRepeatBytes -->
