<?xml version="1.0" encoding="UTF-8"?>
<!-- Generated by org.testng.reporters.JUnitReportReporter -->
<testsuite hostname="localhost" name="io.kaitai.struct.spec.TestExpr3" tests="1" failures="0" timestamp="7 Mar 2020 20:47:27 GMT" time="0.000" errors="0">
  <testcase name="testExpr3" time="0.000" classname="io.kaitai.struct.spec.TestExpr3"/>
</testsuite> <!-- io.kaitai.struct.spec.TestExpr3 -->
