<?xml version="1.0" encoding="UTF-8"?>
<!-- Generated by org.testng.reporters.JUnitReportReporter -->
<testsuite hostname="travis-job-df3371d2-2143-4a47-b93c-1701cb0952af" failures="0" tests="1" name="io.kaitai.struct.spec.TestIndexToParamEos" time="0.002" errors="0" timestamp="15 Mar 2020 10:10:31 GMT">
  <testcase classname="io.kaitai.struct.spec.TestIndexToParamEos" name="testIndexToParamEos" time="0.002"/>
</testsuite> <!-- io.kaitai.struct.spec.TestIndexToParamEos -->
