<?xml version="1.0" encoding="UTF-8"?>
<!-- Generated by org.testng.reporters.JUnitReportReporter -->
<testsuite name="io.kaitai.struct.spec.TestIfInstances" tests="1" failures="0" timestamp="9 Oct 2023 19:30:10 GMT" time="0.001" errors="0">
  <testcase name="testIfInstances" time="0.001" classname="io.kaitai.struct.spec.TestIfInstances"/>
</testsuite> <!-- io.kaitai.struct.spec.TestIfInstances -->
