<?xml version="1.0" encoding="UTF-8"?>
<!-- Generated by org.testng.reporters.JUnitReportReporter -->
<testsuite hostname="travis-job-c58b19b5-302f-4f1d-a089-8543ccb202fc" name="io.kaitai.struct.spec.TestValidNotParsedIf" tests="1" failures="0" timestamp="4 Apr 2020 06:16:25 GMT" time="0.044" errors="0">
  <testcase name="testValidNotParsedIf" time="0.044" classname="io.kaitai.struct.spec.TestValidNotParsedIf"/>
</testsuite> <!-- io.kaitai.struct.spec.TestValidNotParsedIf -->
