<?xml version="1.0" encoding="UTF-8"?>
<!-- Generated by org.testng.reporters.JUnitReportReporter -->
<testsuite hostname="testing-gce-bb741157-8b19-4fe1-8652-6e69857a9cd6" name="io.kaitai.struct.spec.TestExprArray" tests="1" failures="0" timestamp="30 Apr 2017 20:41:10 GMT" time="0.001" errors="0">
  <testcase name="testExprArray" time="0.001" classname="io.kaitai.struct.spec.TestExprArray"/>
</testsuite> <!-- io.kaitai.struct.spec.TestExprArray -->
