<?xml version="1.0" encoding="UTF-8"?>
<!-- Generated by org.testng.reporters.JUnitReportReporter -->
<testsuite hostname="localhost" name="io.kaitai.struct.spec.TestFloatingPoints" tests="1" failures="0" timestamp="22 Apr 2020 01:28:13 GMT" time="0.010" errors="0">
  <testcase name="testFloatingPoints" time="0.010" classname="io.kaitai.struct.spec.TestFloatingPoints"/>
</testsuite> <!-- io.kaitai.struct.spec.TestFloatingPoints -->
