<?xml version="1.0" encoding="UTF-8"?>
<!-- Generated by org.testng.reporters.JUnitReportReporter -->
<testsuite hostname="travis-job-cc85c508-ecb3-4519-8271-6c0013dcfe5c" failures="0" tests="1" name="io.kaitai.struct.spec.TestProcessXorConst" time="0.000" errors="0" timestamp="28 Jun 2023 16:36:09 GMT">
  <testcase classname="io.kaitai.struct.spec.TestProcessXorConst" name="testProcessXorConst" time="0.000"/>
</testsuite> <!-- io.kaitai.struct.spec.TestProcessXorConst -->
