<?xml version="1.0" encoding="UTF-8"?>
<!-- Generated by org.testng.reporters.JUnitReportReporter -->
<testsuite hostname="travis-job-b92601c0-dc70-4f3b-b8f2-475ae39e0730" name="io.kaitai.struct.spec.TestEnumToI" tests="1" failures="0" timestamp="15 Apr 2020 22:17:22 GMT" time="0.001" errors="0">
  <testcase name="testEnumToI" time="0.001" classname="io.kaitai.struct.spec.TestEnumToI"/>
</testsuite> <!-- io.kaitai.struct.spec.TestEnumToI -->
