<?xml version="1.0" encoding="UTF-8"?>
<!-- Generated by org.testng.reporters.JUnitReportReporter -->
<testsuite hostname="travis-job-da12b09e-f1f4-401e-b1c6-1e8e8d4da61d" name="io.kaitai.struct.spec.TestCastToImported" tests="1" failures="0" timestamp="6 Nov 2021 16:28:50 GMT" time="0.003" errors="0">
  <testcase name="testCastToImported" time="0.003" classname="io.kaitai.struct.spec.TestCastToImported"/>
</testsuite> <!-- io.kaitai.struct.spec.TestCastToImported -->
