<?xml version="1.0" encoding="UTF-8"?>
<!-- Generated by org.testng.reporters.JUnitReportReporter -->
<testsuite failures="0" tests="1" name="io.kaitai.struct.spec.TestBcdUserTypeBe" time="0.002" errors="0" timestamp="28 Jul 2023 22:12:55 GMT">
  <testcase classname="io.kaitai.struct.spec.TestBcdUserTypeBe" name="testBcdUserTypeBe" time="0.002"/>
</testsuite> <!-- io.kaitai.struct.spec.TestBcdUserTypeBe -->
