<?xml version="1.0" encoding="UTF-8"?>
<!-- Generated by org.testng.reporters.JUnitReportReporter -->
<testsuite hostname="travis-job-05f867dd-085c-4dfe-a8e6-80d9bdb202dc" name="io.kaitai.struct.spec.TestInstanceStdArray" tests="1" failures="0" timestamp="16 Apr 2020 22:12:48 GMT" time="0.000" errors="0">
  <testcase name="testInstanceStdArray" time="0.000" classname="io.kaitai.struct.spec.TestInstanceStdArray"/>
</testsuite> <!-- io.kaitai.struct.spec.TestInstanceStdArray -->
