<?xml version="1.0" encoding="UTF-8"?>
<!-- Generated by org.testng.reporters.JUnitReportReporter -->
<testsuite failures="0" tests="1" name="io.kaitai.struct.spec.TestParamsPassArrayUsertype" time="0.018" errors="0" timestamp="8 Jul 2023 13:02:34 GMT">
  <testcase classname="io.kaitai.struct.spec.TestParamsPassArrayUsertype" name="testParamsPassArrayUsertype" time="0.018"/>
</testsuite> <!-- io.kaitai.struct.spec.TestParamsPassArrayUsertype -->
