<?xml version="1.0" encoding="UTF-8"?>
<!-- Generated by org.testng.reporters.JUnitReportReporter -->
<testsuite hostname="testing-gce-683e6022-01e1-4cf7-8de2-27585211c324" name="io.kaitai.struct.spec.TestEnumIf" tests="1" failures="0" timestamp="25 Aug 2017 14:59:43 GMT" time="0.020" errors="0">
  <testcase name="testEnumIf" time="0.020" classname="io.kaitai.struct.spec.TestEnumIf"/>
</testsuite> <!-- io.kaitai.struct.spec.TestEnumIf -->
