<?xml version="1.0" encoding="UTF-8"?>
<!-- Generated by org.testng.reporters.JUnitReportReporter -->
<testsuite name="io.kaitai.struct.spec.TestParamsPassArrayInt" tests="1" failures="0" timestamp="7 Jul 2023 21:40:46 GMT" time="0.015" errors="0">
  <testcase name="testParamsPassArrayInt" time="0.015" classname="io.kaitai.struct.spec.TestParamsPassArrayInt"/>
</testsuite> <!-- io.kaitai.struct.spec.TestParamsPassArrayInt -->
