<?xml version="1.0" encoding="UTF-8"?>
<!-- Generated by org.testng.reporters.JUnitReportReporter -->
<testsuite hostname="travis-job-c13ad074-4046-4d50-8237-31a2a1f9cf77" name="io.kaitai.struct.spec.TestValidNotParsedIf" tests="1" failures="0" timestamp="11 Jun 2020 18:40:31 GMT" time="0.046" errors="0">
  <testcase name="testValidNotParsedIf" time="0.046" classname="io.kaitai.struct.spec.TestValidNotParsedIf"/>
</testsuite> <!-- io.kaitai.struct.spec.TestValidNotParsedIf -->
