<?xml version="1.0" encoding="UTF-8"?>
<!-- Generated by org.testng.reporters.JUnitReportReporter -->
<testsuite failures="0" tests="1" name="io.kaitai.struct.spec.TestValidFailAnyofInt" time="0.001" errors="0" timestamp="5 Jul 2023 16:21:06 GMT">
  <testcase classname="io.kaitai.struct.spec.TestValidFailAnyofInt" name="testValidFailAnyofInt" time="0.001"/>
</testsuite> <!-- io.kaitai.struct.spec.TestValidFailAnyofInt -->
