<?xml version="1.0" encoding="UTF-8"?>
<!-- Generated by org.testng.reporters.JUnitReportReporter -->
<testsuite hostname="localhost" name="io.kaitai.struct.spec.TestIfValues" tests="1" failures="0" timestamp="23 Sep 2019 14:40:14 GMT" time="0.003" errors="0">
  <testcase name="testIfValues" time="0.003" classname="io.kaitai.struct.spec.TestIfValues"/>
</testsuite> <!-- io.kaitai.struct.spec.TestIfValues -->
