<?xml version="1.0" encoding="UTF-8"?>
<!-- Generated by org.testng.reporters.JUnitReportReporter -->
<testsuite hostname="localhost" name="io.kaitai.struct.spec.TestStrEncodingsDefault" tests="1" failures="0" timestamp="16 Feb 2020 17:16:37 GMT" time="0.021" errors="0">
  <testcase name="testStrEncodingsDefault" time="0.021" classname="io.kaitai.struct.spec.TestStrEncodingsDefault"/>
</testsuite> <!-- io.kaitai.struct.spec.TestStrEncodingsDefault -->
