<?xml version="1.0" encoding="UTF-8"?>
<!-- Generated by org.testng.reporters.JUnitReportReporter -->
<testsuite hostname="travis-job-9f2fe768-393c-4ed7-b369-4af550b7fef7" name="io.kaitai.struct.spec.TestSwitchManualEnum" tests="1" failures="0" timestamp="11 Jan 2020 15:55:07 GMT" time="0.003" errors="0">
  <testcase name="testSwitchManualEnum" time="0.003" classname="io.kaitai.struct.spec.TestSwitchManualEnum"/>
</testsuite> <!-- io.kaitai.struct.spec.TestSwitchManualEnum -->
