<?xml version="1.0" encoding="UTF-8"?>
<!-- Generated by org.testng.reporters.JUnitReportReporter -->
<testsuite name="io.kaitai.struct.spec.TestExprSizeofType0" tests="1" failures="0" timestamp="22 Mar 2024 00:49:59 GMT" time="0.018" errors="0">
  <testcase name="testExprSizeofType0" time="0.018" classname="io.kaitai.struct.spec.TestExprSizeofType0"/>
</testsuite> <!-- io.kaitai.struct.spec.TestExprSizeofType0 -->
