<?xml version="1.0" encoding="UTF-8"?>
<!-- Generated by org.testng.reporters.JUnitReportReporter -->
<testsuite hostname="travis-job-18c53eb8-218a-42cd-8e1b-d0ced4c094dc" name="io.kaitai.struct.spec.TestDefaultEndianExprIsLe" tests="1" failures="0" timestamp="16 Oct 2019 17:00:41 GMT" time="0.077" errors="0">
  <testcase name="testDefaultEndianExprIsLe" time="0.077" classname="io.kaitai.struct.spec.TestDefaultEndianExprIsLe"/>
</testsuite> <!-- io.kaitai.struct.spec.TestDefaultEndianExprIsLe -->
