<?xml version="1.0" encoding="UTF-8"?>
<!-- Generated by org.testng.reporters.JUnitReportReporter -->
<testsuite hostname="fv-az301-826" name="io.kaitai.struct.spec.TestExprStrEncodings" tests="1" failures="0" timestamp="28 Jun 2023 16:35:58 GMT" time="0.151" errors="0">
  <testcase name="testExprStrEncodings" time="0.151" classname="io.kaitai.struct.spec.TestExprStrEncodings"/>
</testsuite> <!-- io.kaitai.struct.spec.TestExprStrEncodings -->
