<?xml version="1.0" encoding="UTF-8"?>
<!-- Generated by org.testng.reporters.JUnitReportReporter -->
<testsuite hostname="travis-job-80b8e7e6-9b34-49c7-9de0-a8e409c322cb" name="io.kaitai.struct.spec.TestParamsEnum" tests="1" failures="0" timestamp="4 Mar 2019 10:10:23 GMT" time="0.020" errors="0">
  <testcase name="testParamsEnum" time="0.020" classname="io.kaitai.struct.spec.TestParamsEnum"/>
</testsuite> <!-- io.kaitai.struct.spec.TestParamsEnum -->
