<?xml version="1.0" encoding="UTF-8"?>
<!-- Generated by org.testng.reporters.JUnitReportReporter -->
<testsuite hostname="travis-job-9df8906a-31d4-4d85-af1f-cfcad4f68ea7" failures="0" tests="1" name="io.kaitai.struct.spec.TestBcdUserTypeLe" time="0.073" errors="0" timestamp="5 Jun 2020 09:02:39 GMT">
  <testcase classname="io.kaitai.struct.spec.TestBcdUserTypeLe" name="testBcdUserTypeLe" time="0.073"/>
</testsuite> <!-- io.kaitai.struct.spec.TestBcdUserTypeLe -->
