<?xml version="1.0" encoding="UTF-8"?>
<!-- Generated by org.testng.reporters.JUnitReportReporter -->
<testsuite name="io.kaitai.struct.spec.TestParamsPassUsertype" tests="1" failures="0" timestamp="21 Jul 2023 17:07:07 GMT" time="0.002" errors="0">
  <testcase name="testParamsPassUsertype" time="0.002" classname="io.kaitai.struct.spec.TestParamsPassUsertype"/>
</testsuite> <!-- io.kaitai.struct.spec.TestParamsPassUsertype -->
