<?xml version="1.0" encoding="UTF-8"?>
<!-- Generated by org.testng.reporters.JUnitReportReporter -->
<testsuite hostname="localhost" name="io.kaitai.struct.spec.TestValidFailEqInt" tests="1" failures="0" timestamp="13 Mar 2022 10:34:31 GMT" time="0.000" errors="0">
  <testcase name="testValidFailEqInt" time="0.000" classname="io.kaitai.struct.spec.TestValidFailEqInt"/>
</testsuite> <!-- io.kaitai.struct.spec.TestValidFailEqInt -->
