<?xml version="1.0" encoding="UTF-8"?>
<!-- Generated by org.testng.reporters.JUnitReportReporter -->
<testsuite hostname="fv-az585-351" name="io.kaitai.struct.spec.TestNavParent2" tests="1" failures="0" timestamp="30 Jun 2023 19:33:39 GMT" time="0.001" errors="0">
  <testcase name="testNavParent2" time="0.001" classname="io.kaitai.struct.spec.TestNavParent2"/>
</testsuite> <!-- io.kaitai.struct.spec.TestNavParent2 -->
