<?xml version="1.0" encoding="UTF-8"?>
<!-- Generated by org.testng.reporters.JUnitReportReporter -->
<testsuite hostname="travis-job-3c65f962-f720-4e6e-9211-a4bf9b791a76" name="io.kaitai.struct.spec.TestProcessCoerceBytes" tests="1" failures="0" timestamp="4 Apr 2020 23:25:34 GMT" time="0.000" errors="0">
  <testcase name="testProcessCoerceBytes" time="0.000" classname="io.kaitai.struct.spec.TestProcessCoerceBytes"/>
</testsuite> <!-- io.kaitai.struct.spec.TestProcessCoerceBytes -->
