<?xml version="1.0" encoding="UTF-8"?>
<!-- Generated by org.testng.reporters.JUnitReportReporter -->
<testsuite name="io.kaitai.struct.spec.TestDefaultEndianMod" tests="1" failures="0" timestamp="23 Jul 2023 22:32:49 GMT" time="0.001" errors="0">
  <testcase name="testDefaultEndianMod" time="0.001" classname="io.kaitai.struct.spec.TestDefaultEndianMod"/>
</testsuite> <!-- io.kaitai.struct.spec.TestDefaultEndianMod -->
