<?xml version="1.0" encoding="UTF-8"?>
<!-- Generated by org.testng.reporters.JUnitReportReporter -->
<testsuite hostname="travis-job-2e168521-79d1-4a0b-8720-ae3ee7c475b3" name="io.kaitai.struct.spec.TestImports0" tests="1" failures="0" timestamp="6 Jun 2020 07:22:09 GMT" time="0.001" errors="0">
  <testcase name="testImports0" time="0.001" classname="io.kaitai.struct.spec.TestImports0"/>
</testsuite> <!-- io.kaitai.struct.spec.TestImports0 -->
