<?xml version="1.0" encoding="UTF-8"?>
<!-- Generated by org.testng.reporters.JUnitReportReporter -->
<testsuite hostname="travis-job-b12aba44-e80b-4864-96ab-0f9eedd4f818" name="io.kaitai.struct.spec.TestExprSizeofValue0" tests="1" failures="0" timestamp="9 Oct 2019 08:30:30 GMT" time="0.001" errors="0">
  <testcase name="testExprSizeofValue0" time="0.001" classname="io.kaitai.struct.spec.TestExprSizeofValue0"/>
</testsuite> <!-- io.kaitai.struct.spec.TestExprSizeofValue0 -->
