<?xml version="1.0" encoding="UTF-8"?>
<!-- Generated by org.testng.reporters.JUnitReportReporter -->
<testsuite hostname="testing-gce-4835e15a-3d09-4a8a-a37e-eafe880871b9" name="io.kaitai.struct.spec.TestPositionInSeq" tests="1" failures="0" timestamp="25 Jul 2017 13:21:01 GMT" time="0.000" errors="0">
  <testcase name="testPositionInSeq" time="0.000" classname="io.kaitai.struct.spec.TestPositionInSeq"/>
</testsuite> <!-- io.kaitai.struct.spec.TestPositionInSeq -->
