<?xml version="1.0" encoding="UTF-8"?>
<!-- Generated by org.testng.reporters.JUnitReportReporter -->
<testsuite hostname="travis-job-97d5fe68-f2b0-4dfb-b0d6-9a4d45913c0c" name="io.kaitai.struct.spec.TestDebugEnumName" tests="1" failures="0" timestamp="28 Oct 2018 11:39:05 GMT" time="0.003" errors="0">
  <testcase name="testDebugEnumName" time="0.003" classname="io.kaitai.struct.spec.TestDebugEnumName"/>
</testsuite> <!-- io.kaitai.struct.spec.TestDebugEnumName -->
