<?xml version="1.0" encoding="UTF-8"?>
<!-- Generated by org.testng.reporters.JUnitReportReporter -->
<testsuite hostname="travis-job-69d052aa-dd93-408f-a521-e1cfc0e5acd4" name="io.kaitai.struct.spec.TestSwitchIntegers" tests="1" failures="0" timestamp="23 Apr 2018 06:13:30 GMT" time="0.001" errors="0">
  <testcase name="testSwitchIntegers" time="0.001" classname="io.kaitai.struct.spec.TestSwitchIntegers"/>
</testsuite> <!-- io.kaitai.struct.spec.TestSwitchIntegers -->
