<?xml version="1.0" encoding="UTF-8"?>
<!-- Generated by org.testng.reporters.JUnitReportReporter -->
<testsuite hostname="travis-job-efbc858d-c243-4477-858b-2d628071b400" name="io.kaitai.struct.spec.TestExprMod" tests="1" failures="0" timestamp="21 Dec 2019 01:34:26 GMT" time="0.000" errors="0">
  <testcase name="testExprMod" time="0.000" classname="io.kaitai.struct.spec.TestExprMod"/>
</testsuite> <!-- io.kaitai.struct.spec.TestExprMod -->
