<?xml version="1.0" encoding="UTF-8"?>
<!-- Generated by org.testng.reporters.JUnitReportReporter -->
<testsuite hostname="testing-gce-1279fdc4-42c6-46a6-b4bb-aaf26047c0c5" name="io.kaitai.struct.spec.TestProcessXorValue" tests="1" failures="0" timestamp="12 Jul 2017 08:43:06 GMT" time="0.001" errors="0">
  <testcase name="testProcessXorValue" time="0.001" classname="io.kaitai.struct.spec.TestProcessXorValue"/>
</testsuite> <!-- io.kaitai.struct.spec.TestProcessXorValue -->
