<?xml version="1.0" encoding="UTF-8"?>
<!-- Generated by org.testng.reporters.JUnitReportReporter -->
<testsuite name="io.kaitai.struct.spec.TestValidFailEqStr" tests="1" failures="0" timestamp="10 Oct 2023 21:18:39 GMT" time="0.001" errors="0">
  <testcase name="testValidFailEqStr" time="0.001" classname="io.kaitai.struct.spec.TestValidFailEqStr"/>
</testsuite> <!-- io.kaitai.struct.spec.TestValidFailEqStr -->
