<?xml version="1.0" encoding="UTF-8"?>
<!-- Generated by org.testng.reporters.JUnitReportReporter -->
<testsuite hostname="travis-job-28acb235-d79f-4c10-822c-5b5331f5e9d3" name="io.kaitai.struct.spec.TestCastToTop" tests="1" failures="0" timestamp="28 Mar 2019 23:48:48 GMT" time="0.001" errors="0">
  <testcase name="testCastToTop" time="0.001" classname="io.kaitai.struct.spec.TestCastToTop"/>
</testsuite> <!-- io.kaitai.struct.spec.TestCastToTop -->
