<?xml version="1.0" encoding="UTF-8"?>
<!-- Generated by org.testng.reporters.JUnitReportReporter -->
<testsuite hostname="travis-job-d6dc3626-91ae-46e2-9680-f2bdbf81d8bb" failures="0" tests="1" name="io.kaitai.struct.spec.TestNavParentSwitchCast" time="0.002" errors="0" timestamp="28 Jun 2020 16:42:41 GMT">
  <testcase classname="io.kaitai.struct.spec.TestNavParentSwitchCast" name="testNavParentSwitchCast" time="0.002"/>
</testsuite> <!-- io.kaitai.struct.spec.TestNavParentSwitchCast -->
