<?xml version="1.0" encoding="UTF-8"?>
<!-- Generated by org.testng.reporters.JUnitReportReporter -->
<testsuite hostname="travis-job-ada4fb66-949d-4761-aca1-3a42ae467a3a" name="io.kaitai.struct.spec.TestStrPadTerm" tests="1" failures="0" timestamp="23 Sep 2019 23:12:59 GMT" time="0.000" errors="0">
  <testcase name="testStrPadTerm" time="0.000" classname="io.kaitai.struct.spec.TestStrPadTerm"/>
</testsuite> <!-- io.kaitai.struct.spec.TestStrPadTerm -->
