<?xml version="1.0" encoding="UTF-8"?>
<!-- Generated by org.testng.reporters.JUnitReportReporter -->
<testsuite hostname="travis-job-8221f2a4-7625-45f1-b67e-a3de392cb261" name="io.kaitai.struct.spec.TestImportsRel1" tests="1" failures="0" timestamp="25 Jan 2019 22:16:25 GMT" time="0.002" errors="0">
  <testcase name="testImportsRel1" time="0.002" classname="io.kaitai.struct.spec.TestImportsRel1"/>
</testsuite> <!-- io.kaitai.struct.spec.TestImportsRel1 -->
