<?xml version="1.0" encoding="UTF-8"?>
<!-- Generated by org.testng.reporters.JUnitReportReporter -->
<testsuite hostname="travis-job-870011b9-f2bd-467c-a97d-dfbc5a6d01ce" name="io.kaitai.struct.spec.TestSwitchManualIntElse" tests="1" failures="0" timestamp="23 Jun 2022 17:29:30 GMT" time="0.002" errors="0">
  <testcase name="testSwitchManualIntElse" time="0.002" classname="io.kaitai.struct.spec.TestSwitchManualIntElse"/>
</testsuite> <!-- io.kaitai.struct.spec.TestSwitchManualIntElse -->
