<?xml version="1.0" encoding="UTF-8"?>
<!-- Generated by org.testng.reporters.JUnitReportReporter -->
<testsuite hostname="localhost" name="io.kaitai.struct.spec.TestRepeatNStrzDouble" tests="1" failures="0" timestamp="22 Jan 2020 12:13:53 GMT" time="0.004" errors="0">
  <testcase name="testRepeatNStrzDouble" time="0.004" classname="io.kaitai.struct.spec.TestRepeatNStrzDouble"/>
</testsuite> <!-- io.kaitai.struct.spec.TestRepeatNStrzDouble -->
