<?xml version="1.0" encoding="UTF-8"?>
<!-- Generated by org.testng.reporters.JUnitReportReporter -->
<testsuite hostname="travis-job-28a10336-3af2-43e8-b4b3-c95f622afec2" failures="0" tests="1" name="io.kaitai.struct.spec.TestEnumToIClassBorder1" time="0.003" errors="0" timestamp="31 Mar 2020 06:36:26 GMT">
  <testcase classname="io.kaitai.struct.spec.TestEnumToIClassBorder1" name="testEnumToIClassBorder1" time="0.003"/>
</testsuite> <!-- io.kaitai.struct.spec.TestEnumToIClassBorder1 -->
