<?xml version="1.0" encoding="UTF-8"?>
<!-- Generated by org.testng.reporters.JUnitReportReporter -->
<testsuite hostname="travis-job-be4c5ba6-4752-4bc3-90e1-9163e91488f9" name="io.kaitai.struct.spec.TestDebugEnumName" tests="1" failures="0" timestamp="28 Jun 2020 16:40:56 GMT" time="0.002" errors="0">
  <testcase name="testDebugEnumName" time="0.002" classname="io.kaitai.struct.spec.TestDebugEnumName"/>
</testsuite> <!-- io.kaitai.struct.spec.TestDebugEnumName -->
