<?xml version="1.0" encoding="UTF-8"?>
<!-- Generated by org.testng.reporters.JUnitReportReporter -->
<testsuite hostname="travis-job-86e2f7a8-76f6-4a2f-a02d-f2223fd4b88f" name="io.kaitai.struct.spec.TestValidFailContents" tests="1" failures="0" timestamp="23 Mar 2020 08:54:12 GMT" time="0.003" errors="0">
  <testcase name="testValidFailContents" time="0.003" classname="io.kaitai.struct.spec.TestValidFailContents"/>
</testsuite> <!-- io.kaitai.struct.spec.TestValidFailContents -->
