<?xml version="1.0" encoding="UTF-8"?>
<!-- Generated by org.testng.reporters.JUnitReportReporter -->
<testsuite hostname="fv-az626-315" failures="0" tests="1" name="io.kaitai.struct.spec.TestValidFailEqBytes" time="0.016" errors="0" timestamp="30 Jun 2023 19:44:21 GMT">
  <testcase classname="io.kaitai.struct.spec.TestValidFailEqBytes" name="testValidFailEqBytes" time="0.016"/>
</testsuite> <!-- io.kaitai.struct.spec.TestValidFailEqBytes -->
