<?xml version="1.0" encoding="UTF-8"?>
<!-- Generated by org.testng.reporters.JUnitReportReporter -->
<testsuite hostname="fv-az440-214" failures="0" tests="1" name="io.kaitai.struct.spec.TestEnumImport" time="0.004" errors="0" timestamp="30 Jun 2023 19:50:35 GMT">
  <testcase classname="io.kaitai.struct.spec.TestEnumImport" name="testEnumImport" time="0.004"/>
</testsuite> <!-- io.kaitai.struct.spec.TestEnumImport -->
