<?xml version="1.0" encoding="UTF-8"?>
<!-- Generated by org.testng.reporters.JUnitReportReporter -->
<testsuite hostname="localhost" name="io.kaitai.struct.spec.TestBitsEnum" tests="1" failures="0" timestamp="7 Apr 2020 09:14:58 GMT" time="0.000" errors="0">
  <testcase name="testBitsEnum" time="0.000" classname="io.kaitai.struct.spec.TestBitsEnum"/>
</testsuite> <!-- io.kaitai.struct.spec.TestBitsEnum -->
