<?xml version="1.0" encoding="UTF-8"?>
<!-- Generated by org.testng.reporters.JUnitReportReporter -->
<testsuite hostname="localhost" name="io.kaitai.struct.spec.TestProcessXorConst" tests="1" failures="0" timestamp="10 Dec 2019 21:33:41 GMT" time="0.003" errors="0">
  <testcase name="testProcessXorConst" time="0.003" classname="io.kaitai.struct.spec.TestProcessXorConst"/>
</testsuite> <!-- io.kaitai.struct.spec.TestProcessXorConst -->
