<?xml version="1.0" encoding="UTF-8"?>
<!-- Generated by org.testng.reporters.JUnitReportReporter -->
<testsuite name="io.kaitai.struct.spec.TestTsPacketHeader" tests="1" failures="0" timestamp="5 Jul 2023 16:20:57 GMT" time="0.000" errors="0">
  <testcase name="testTsPacketHeader" time="0.000" classname="io.kaitai.struct.spec.TestTsPacketHeader"/>
</testsuite> <!-- io.kaitai.struct.spec.TestTsPacketHeader -->
