<?xml version="1.0" encoding="UTF-8"?>
<!-- Generated by org.testng.reporters.JUnitReportReporter -->
<testsuite name="io.kaitai.struct.spec.TestExprArray" tests="1" failures="0" timestamp="5 Jul 2023 18:37:34 GMT" time="0.000" errors="0">
  <testcase name="testExprArray" time="0.000" classname="io.kaitai.struct.spec.TestExprArray"/>
</testsuite> <!-- io.kaitai.struct.spec.TestExprArray -->
