<?xml version="1.0" encoding="UTF-8"?>
<!-- Generated by org.testng.reporters.JUnitReportReporter -->
<testsuite failures="0" tests="1" name="io.kaitai.struct.spec.TestDocstringsDocrefMulti" time="0.001" errors="0" timestamp="18 Mar 2024 17:44:52 GMT">
  <testcase classname="io.kaitai.struct.spec.TestDocstringsDocrefMulti" name="testDocstringsDocrefMulti" time="0.001"/>
</testsuite> <!-- io.kaitai.struct.spec.TestDocstringsDocrefMulti -->
