<?xml version="1.0" encoding="UTF-8"?>
<!-- Generated by org.testng.reporters.JUnitReportReporter -->
<testsuite hostname="travis-job-fa43d3cb-964e-4fe4-8556-2b4337e2dddc" name="io.kaitai.struct.spec.TestValidNotParsedIf" tests="1" failures="0" timestamp="5 Jun 2020 09:00:50 GMT" time="0.041" errors="0">
  <testcase name="testValidNotParsedIf" time="0.041" classname="io.kaitai.struct.spec.TestValidNotParsedIf"/>
</testsuite> <!-- io.kaitai.struct.spec.TestValidNotParsedIf -->
