<?xml version="1.0" encoding="UTF-8"?>
<!-- Generated by org.testng.reporters.JUnitReportReporter -->
<testsuite hostname="travis-job-c75059ad-4aea-4248-a228-6e5eb68a3576" name="io.kaitai.struct.spec.TestNavParent" tests="1" failures="0" timestamp="1 Mar 2020 19:39:58 GMT" time="0.002" errors="0">
  <testcase name="testNavParent" time="0.002" classname="io.kaitai.struct.spec.TestNavParent"/>
</testsuite> <!-- io.kaitai.struct.spec.TestNavParent -->
