<?xml version="1.0" encoding="UTF-8"?>
<!-- Generated by org.testng.reporters.JUnitReportReporter -->
<testsuite hostname="localhost" name="io.kaitai.struct.spec.TestValidLong" tests="1" failures="0" timestamp="6 Nov 2021 19:48:18 GMT" time="0.001" errors="0">
  <testcase name="testValidLong" time="0.001" classname="io.kaitai.struct.spec.TestValidLong"/>
</testsuite> <!-- io.kaitai.struct.spec.TestValidLong -->
