<?xml version="1.0" encoding="UTF-8"?>
<!-- Generated by org.testng.reporters.JUnitReportReporter -->
<testsuite hostname="fv-az445-378" failures="0" tests="1" name="io.kaitai.struct.spec.TestParamsPassUsertype" time="0.004" errors="0" timestamp="28 Jun 2023 21:54:07 GMT">
  <testcase classname="io.kaitai.struct.spec.TestParamsPassUsertype" name="testParamsPassUsertype" time="0.004"/>
</testsuite> <!-- io.kaitai.struct.spec.TestParamsPassUsertype -->
