<?xml version="1.0" encoding="UTF-8"?>
<!-- Generated by org.testng.reporters.JUnitReportReporter -->
<testsuite failures="0" tests="1" name="io.kaitai.struct.spec.TestDefaultEndianExprIsBe" time="0.001" errors="0" timestamp="22 Mar 2024 15:21:34 GMT">
  <testcase classname="io.kaitai.struct.spec.TestDefaultEndianExprIsBe" name="testDefaultEndianExprIsBe" time="0.001"/>
</testsuite> <!-- io.kaitai.struct.spec.TestDefaultEndianExprIsBe -->
