<?xml version="1.0" encoding="UTF-8"?>
<!-- Generated by org.testng.reporters.JUnitReportReporter -->
<testsuite hostname="travis-job-ff1621ba-d0f6-4505-8a0d-fd22c2127be5" failures="0" tests="1" name="io.kaitai.struct.spec.TestProcessCoerceUsertype1" time="0.001" errors="0" timestamp="27 Jun 2023 08:59:15 GMT">
  <testcase classname="io.kaitai.struct.spec.TestProcessCoerceUsertype1" name="testProcessCoerceUsertype1" time="0.001"/>
</testsuite> <!-- io.kaitai.struct.spec.TestProcessCoerceUsertype1 -->
