<?xml version="1.0" encoding="UTF-8"?>
<!-- Generated by org.testng.reporters.JUnitReportReporter -->
<testsuite hostname="travis-job-cc9d74a5-8543-4138-890c-6cdda4f8ded8" failures="0" tests="1" name="io.kaitai.struct.spec.TestExprSizeofValue0" time="0.001" errors="0" timestamp="31 Aug 2020 19:58:29 GMT">
  <testcase classname="io.kaitai.struct.spec.TestExprSizeofValue0" name="testExprSizeofValue0" time="0.001"/>
</testsuite> <!-- io.kaitai.struct.spec.TestExprSizeofValue0 -->
