<?xml version="1.0" encoding="UTF-8"?>
<!-- Generated by org.testng.reporters.JUnitReportReporter -->
<testsuite hostname="localhost" name="io.kaitai.struct.spec.TestNavParentSwitch" tests="1" failures="0" timestamp="10 Nov 2019 04:14:29 GMT" time="0.003" errors="0">
  <testcase name="testNavParentSwitch" time="0.003" classname="io.kaitai.struct.spec.TestNavParentSwitch"/>
</testsuite> <!-- io.kaitai.struct.spec.TestNavParentSwitch -->
