<?xml version="1.0" encoding="UTF-8"?>
<!-- Generated by org.testng.reporters.JUnitReportReporter -->
<testsuite hostname="travis-job-3f094f3e-ea47-4add-bac9-cc1e67871757" name="io.kaitai.struct.spec.TestEnumFancy" tests="1" failures="0" timestamp="16 Nov 2019 23:15:56 GMT" time="0.001" errors="0">
  <testcase name="testEnumFancy" time="0.001" classname="io.kaitai.struct.spec.TestEnumFancy"/>
</testsuite> <!-- io.kaitai.struct.spec.TestEnumFancy -->
