<?xml version="1.0" encoding="UTF-8"?>
<!-- Generated by org.testng.reporters.JUnitReportReporter -->
<testsuite hostname="travis-job-9b650745-22db-4fb4-84e7-72c24130c948" failures="0" tests="1" name="io.kaitai.struct.spec.TestHelloWorld" time="0.002" errors="0" timestamp="21 Mar 2020 22:35:48 GMT">
  <testcase classname="io.kaitai.struct.spec.TestHelloWorld" name="testHelloWorld" time="0.002"/>
</testsuite> <!-- io.kaitai.struct.spec.TestHelloWorld -->
