<?xml version="1.0" encoding="UTF-8"?>
<!-- Generated by org.testng.reporters.JUnitReportReporter -->
<testsuite hostname="travis-job-728d76e2-6abd-4426-9cea-daaaf6d3bc33" name="io.kaitai.struct.spec.TestExprStrEncodings" tests="1" failures="0" timestamp="13 Mar 2022 10:34:29 GMT" time="0.020" errors="0">
  <testcase name="testExprStrEncodings" time="0.020" classname="io.kaitai.struct.spec.TestExprStrEncodings"/>
</testsuite> <!-- io.kaitai.struct.spec.TestExprStrEncodings -->
