<?xml version="1.0" encoding="UTF-8"?>
<!-- Generated by org.testng.reporters.JUnitReportReporter -->
<testsuite name="io.kaitai.struct.spec.TestIfValues" tests="1" failures="0" timestamp="8 Jul 2023 22:35:10 GMT" time="0.005" errors="0">
  <testcase name="testIfValues" time="0.005" classname="io.kaitai.struct.spec.TestIfValues"/>
</testsuite> <!-- io.kaitai.struct.spec.TestIfValues -->
