<?xml version="1.0" encoding="UTF-8"?>
<!-- Generated by org.testng.reporters.JUnitReportReporter -->
<testsuite hostname="localhost" name="io.kaitai.struct.spec.TestEnumLongRangeU" tests="1" failures="0" timestamp="29 Apr 2020 22:39:58 GMT" time="0.007" errors="0">
  <testcase name="testEnumLongRangeU" time="0.007" classname="io.kaitai.struct.spec.TestEnumLongRangeU"/>
</testsuite> <!-- io.kaitai.struct.spec.TestEnumLongRangeU -->
