<?xml version="1.0" encoding="UTF-8"?>
<!-- Generated by org.testng.reporters.JUnitReportReporter -->
<testsuite hostname="travis-job-1839348f-492b-4dfa-abd7-7af324b834d2" failures="0" tests="1" name="io.kaitai.struct.spec.TestMultipleUse" time="0.001" errors="0" timestamp="11 Feb 2020 09:34:03 GMT">
  <testcase classname="io.kaitai.struct.spec.TestMultipleUse" name="testMultipleUse" time="0.001"/>
</testsuite> <!-- io.kaitai.struct.spec.TestMultipleUse -->
