<?xml version="1.0" encoding="UTF-8"?>
<!-- Generated by org.testng.reporters.JUnitReportReporter -->
<testsuite hostname="fv-az417-420" failures="0" tests="1" name="io.kaitai.struct.spec.TestNestedTypes" time="0.003" errors="0" timestamp="3 Jul 2023 08:33:05 GMT">
  <testcase classname="io.kaitai.struct.spec.TestNestedTypes" name="testNestedTypes" time="0.003"/>
</testsuite> <!-- io.kaitai.struct.spec.TestNestedTypes -->
