<?xml version="1.0" encoding="UTF-8"?>
<!-- Generated by org.testng.reporters.JUnitReportReporter -->
<testsuite hostname="testing-gce-f6006972-bf4b-42a7-9acc-7dcebeeaad02" name="io.kaitai.struct.spec.TestBcdUserTypeLe" tests="1" failures="0" timestamp="5 Jul 2017 13:41:48 GMT" time="0.020" errors="0">
  <testcase name="testBcdUserTypeLe" time="0.020" classname="io.kaitai.struct.spec.TestBcdUserTypeLe"/>
</testsuite> <!-- io.kaitai.struct.spec.TestBcdUserTypeLe -->
