<?xml version="1.0" encoding="UTF-8"?>
<!-- Generated by org.testng.reporters.JUnitReportReporter -->
<testsuite hostname="testing-gce-8ce35df7-bdf6-4b2a-bb52-9888f7aeb742" name="io.kaitai.struct.spec.TestNestedTypes2" tests="1" failures="0" timestamp="28 Aug 2017 18:34:24 GMT" time="0.017" errors="0">
  <testcase name="testNestedTypes2" time="0.017" classname="io.kaitai.struct.spec.TestNestedTypes2"/>
</testsuite> <!-- io.kaitai.struct.spec.TestNestedTypes2 -->
