<?xml version="1.0" encoding="UTF-8"?>
<!-- Generated by org.testng.reporters.JUnitReportReporter -->
<testsuite failures="0" tests="1" name="io.kaitai.struct.spec.TestTermU1Val" time="0.002" errors="0" timestamp="21 Jul 2023 17:07:05 GMT">
  <testcase classname="io.kaitai.struct.spec.TestTermU1Val" name="testTermU1Val" time="0.002"/>
</testsuite> <!-- io.kaitai.struct.spec.TestTermU1Val -->
