<?xml version="1.0" encoding="UTF-8"?>
<!-- Generated by org.testng.reporters.JUnitReportReporter -->
<testsuite hostname="localhost" name="io.kaitai.struct.spec.TestEnumIf" tests="1" failures="0" timestamp="10 Nov 2019 04:14:30 GMT" time="0.015" errors="0">
  <testcase name="testEnumIf" time="0.015" classname="io.kaitai.struct.spec.TestEnumIf"/>
</testsuite> <!-- io.kaitai.struct.spec.TestEnumIf -->
