<?xml version="1.0" encoding="UTF-8"?>
<!-- Generated by org.testng.reporters.JUnitReportReporter -->
<testsuite hostname="travis-job-1969882c-36ff-4dd3-8120-4f9923dc39aa" name="io.kaitai.struct.spec.TestNavParent3" tests="1" failures="0" timestamp="13 Apr 2020 20:30:45 GMT" time="0.002" errors="0">
  <testcase name="testNavParent3" time="0.002" classname="io.kaitai.struct.spec.TestNavParent3"/>
</testsuite> <!-- io.kaitai.struct.spec.TestNavParent3 -->
