<?xml version="1.0" encoding="UTF-8"?>
<!-- Generated by org.testng.reporters.JUnitReportReporter -->
<testsuite hostname="travis-job-eb5eb942-8cd2-42d7-b441-a679587c1716" name="io.kaitai.struct.spec.TestDebugEnumName" tests="1" failures="0" timestamp="18 Apr 2019 13:30:07 GMT" time="0.002" errors="0">
  <testcase name="testDebugEnumName" time="0.002" classname="io.kaitai.struct.spec.TestDebugEnumName"/>
</testsuite> <!-- io.kaitai.struct.spec.TestDebugEnumName -->
