<?xml version="1.0" encoding="UTF-8"?>
<!-- Generated by org.testng.reporters.JUnitReportReporter -->
<testsuite hostname="testing-gce-40ae249b-fb28-417b-af36-13de5176b2b2" name="io.kaitai.struct.spec.TestSwitchManualStr" tests="1" failures="0" timestamp="1 Jun 2017 16:49:36 GMT" time="0.002" errors="0">
  <testcase name="testSwitchManualStr" time="0.002" classname="io.kaitai.struct.spec.TestSwitchManualStr"/>
</testsuite> <!-- io.kaitai.struct.spec.TestSwitchManualStr -->
