<?xml version="1.0" encoding="UTF-8"?>
<!-- Generated by org.testng.reporters.JUnitReportReporter -->
<testsuite hostname="fv-az442-905" name="io.kaitai.struct.spec.TestDocstringsDocrefMulti" tests="1" failures="0" timestamp="28 Jun 2023 19:40:20 GMT" time="0.000" errors="0">
  <testcase name="testDocstringsDocrefMulti" time="0.000" classname="io.kaitai.struct.spec.TestDocstringsDocrefMulti"/>
</testsuite> <!-- io.kaitai.struct.spec.TestDocstringsDocrefMulti -->
