<?xml version="1.0" encoding="UTF-8"?>
<!-- Generated by org.testng.reporters.JUnitReportReporter -->
<testsuite name="io.kaitai.struct.spec.TestValidEqStrEncodings" tests="1" failures="0" timestamp="5 Jul 2023 16:11:47 GMT" time="0.000" errors="0">
  <testcase name="testValidEqStrEncodings" time="0.000" classname="io.kaitai.struct.spec.TestValidEqStrEncodings"/>
</testsuite> <!-- io.kaitai.struct.spec.TestValidEqStrEncodings -->
