<?xml version="1.0" encoding="UTF-8"?>
<!-- Generated by org.testng.reporters.JUnitReportReporter -->
<testsuite hostname="localhost" name="io.kaitai.struct.spec.TestPositionToEnd" tests="1" failures="0" timestamp="23 Aug 2020 22:23:26 GMT" time="0.004" errors="0">
  <testcase name="testPositionToEnd" time="0.004" classname="io.kaitai.struct.spec.TestPositionToEnd"/>
</testsuite> <!-- io.kaitai.struct.spec.TestPositionToEnd -->
