<?xml version="1.0" encoding="UTF-8"?>
<!-- Generated by org.testng.reporters.JUnitReportReporter -->
<testsuite name="io.kaitai.struct.spec.TestCombineBytes" tests="1" failures="0" timestamp="22 Mar 2024 15:21:39 GMT" time="0.001" errors="0">
  <testcase name="testCombineBytes" time="0.001" classname="io.kaitai.struct.spec.TestCombineBytes"/>
</testsuite> <!-- io.kaitai.struct.spec.TestCombineBytes -->
