<?xml version="1.0" encoding="UTF-8"?>
<!-- Generated by org.testng.reporters.JUnitReportReporter -->
<testsuite hostname="travis-job-8d17acc9-8b52-4dba-939f-67000e488789" name="io.kaitai.struct.spec.TestNonStandard" tests="1" failures="0" timestamp="15 Mar 2020 22:07:06 GMT" time="0.001" errors="0">
  <testcase name="testNonStandard" time="0.001" classname="io.kaitai.struct.spec.TestNonStandard"/>
</testsuite> <!-- io.kaitai.struct.spec.TestNonStandard -->
