<?xml version="1.0" encoding="UTF-8"?>
<!-- Generated by org.testng.reporters.JUnitReportReporter -->
<testsuite hostname="travis-job-194eb21b-5c1b-45f9-bc3c-99ce3ac96152" failures="0" tests="1" name="io.kaitai.struct.spec.TestProcessCoerceBytes" time="0.002" errors="0" timestamp="29 Jul 2020 21:52:07 GMT">
  <testcase classname="io.kaitai.struct.spec.TestProcessCoerceBytes" name="testProcessCoerceBytes" time="0.002"/>
</testsuite> <!-- io.kaitai.struct.spec.TestProcessCoerceBytes -->
