<?xml version="1.0" encoding="UTF-8"?>
<!-- Generated by org.testng.reporters.JUnitReportReporter -->
<testsuite hostname="travis-job-756e2a8c-e215-4677-a153-47d3eb8b7552" failures="0" tests="1" name="io.kaitai.struct.spec.TestBcdUserTypeLe" time="0.017" errors="0" timestamp="9 Apr 2022 01:22:30 GMT">
  <testcase classname="io.kaitai.struct.spec.TestBcdUserTypeLe" name="testBcdUserTypeLe" time="0.017"/>
</testsuite> <!-- io.kaitai.struct.spec.TestBcdUserTypeLe -->
