<?xml version="1.0" encoding="UTF-8"?>
<!-- Generated by org.testng.reporters.JUnitReportReporter -->
<testsuite hostname="travis-job-932942d3-23b9-4b46-8373-8cddc12e0978" name="io.kaitai.struct.spec.TestEnum0" tests="1" failures="0" timestamp="22 Jul 2019 08:07:47 GMT" time="0.001" errors="0">
  <testcase name="testEnum0" time="0.001" classname="io.kaitai.struct.spec.TestEnum0"/>
</testsuite> <!-- io.kaitai.struct.spec.TestEnum0 -->
