<?xml version="1.0" encoding="UTF-8"?>
<!-- Generated by org.testng.reporters.JUnitReportReporter -->
<testsuite hostname="localhost" name="io.kaitai.struct.spec.TestExprSizeofType1" tests="1" failures="0" timestamp="1 Aug 2022 17:01:16 GMT" time="0.019" errors="0">
  <testcase name="testExprSizeofType1" time="0.019" classname="io.kaitai.struct.spec.TestExprSizeofType1"/>
</testsuite> <!-- io.kaitai.struct.spec.TestExprSizeofType1 -->
