<?xml version="1.0" encoding="UTF-8"?>
<!-- Generated by org.testng.reporters.JUnitReportReporter -->
<testsuite hostname="travis-job-476bde71-c8da-44e2-8938-30eb5860020d" name="io.kaitai.struct.spec.TestValidNotParsedIf" tests="1" failures="0" timestamp="14 Nov 2021 13:04:39 GMT" time="0.039" errors="0">
  <testcase name="testValidNotParsedIf" time="0.039" classname="io.kaitai.struct.spec.TestValidNotParsedIf"/>
</testsuite> <!-- io.kaitai.struct.spec.TestValidNotParsedIf -->
