<?xml version="1.0" encoding="UTF-8"?>
<!-- Generated by org.testng.reporters.JUnitReportReporter -->
<testsuite hostname="travis-job-f28dd098-0795-439c-97eb-a019aaecefca" name="io.kaitai.struct.spec.TestRepeatEosBit" tests="1" failures="0" timestamp="1 Jul 2021 22:25:31 GMT" time="0.000" errors="0">
  <testcase name="testRepeatEosBit" time="0.000" classname="io.kaitai.struct.spec.TestRepeatEosBit"/>
</testsuite> <!-- io.kaitai.struct.spec.TestRepeatEosBit -->
