<?xml version="1.0" encoding="UTF-8"?>
<!-- Generated by org.testng.reporters.JUnitReportReporter -->
<testsuite hostname="travis-job-8bbecd71-9546-4487-8541-5f6a9f43eae7" name="io.kaitai.struct.spec.TestStrEncodingsDefault" tests="1" failures="0" timestamp="16 Mar 2020 17:44:12 GMT" time="0.023" errors="0">
  <testcase name="testStrEncodingsDefault" time="0.023" classname="io.kaitai.struct.spec.TestStrEncodingsDefault"/>
</testsuite> <!-- io.kaitai.struct.spec.TestStrEncodingsDefault -->
