<?xml version="1.0" encoding="UTF-8"?>
<!-- Generated by org.testng.reporters.JUnitReportReporter -->
<testsuite hostname="testing-gce-dcb7f2be-715f-4001-84a0-6945d3db8f44" name="io.kaitai.struct.spec.TestNavParentOverride" tests="1" failures="0" timestamp="1 Sep 2017 15:38:28 GMT" time="0.002" errors="0">
  <testcase name="testNavParentOverride" time="0.002" classname="io.kaitai.struct.spec.TestNavParentOverride"/>
</testsuite> <!-- io.kaitai.struct.spec.TestNavParentOverride -->
