<?xml version="1.0" encoding="UTF-8"?>
<!-- Generated by org.testng.reporters.JUnitReportReporter -->
<testsuite name="io.kaitai.struct.spec.TestEnumToIClassBorder1" tests="1" failures="0" timestamp="5 Jul 2023 11:56:26 GMT" time="0.001" errors="0">
  <testcase name="testEnumToIClassBorder1" time="0.001" classname="io.kaitai.struct.spec.TestEnumToIClassBorder1"/>
</testsuite> <!-- io.kaitai.struct.spec.TestEnumToIClassBorder1 -->
