<?xml version="1.0" encoding="UTF-8"?>
<!-- Generated by org.testng.reporters.JUnitReportReporter -->
<testsuite hostname="travis-job-48090d40-8dd6-4101-b091-ddacfac7b95e" failures="0" tests="1" name="io.kaitai.struct.spec.TestValidFailContents" time="0.007" errors="0" timestamp="31 Oct 2020 09:55:53 GMT">
  <testcase classname="io.kaitai.struct.spec.TestValidFailContents" name="testValidFailContents" time="0.007"/>
</testsuite> <!-- io.kaitai.struct.spec.TestValidFailContents -->
