<?xml version="1.0" encoding="UTF-8"?>
<!-- Generated by org.testng.reporters.JUnitReportReporter -->
<testsuite failures="0" tests="1" name="io.kaitai.struct.spec.TestDefaultEndianExprException" time="0.026" errors="0" timestamp="28 Jul 2023 22:12:55 GMT">
  <testcase classname="io.kaitai.struct.spec.TestDefaultEndianExprException" name="testDefaultEndianExprException" time="0.026"/>
</testsuite> <!-- io.kaitai.struct.spec.TestDefaultEndianExprException -->
