<?xml version="1.0" encoding="UTF-8"?>
<!-- Generated by org.testng.reporters.JUnitReportReporter -->
<testsuite hostname="localhost" name="io.kaitai.struct.spec.TestStrLiterals2" tests="1" failures="0" timestamp="3 Apr 2020 03:39:49 GMT" time="0.001" errors="0">
  <testcase name="testStrLiterals2" time="0.001" classname="io.kaitai.struct.spec.TestStrLiterals2"/>
</testsuite> <!-- io.kaitai.struct.spec.TestStrLiterals2 -->
