<?xml version="1.0" encoding="UTF-8"?>
<!-- Generated by org.testng.reporters.JUnitReportReporter -->
<testsuite hostname="testing-gce-a7091717-9684-4cd5-888d-aef7c960f86a" name="io.kaitai.struct.spec.TestDebugEnumName" tests="1" failures="0" timestamp="20 Jul 2017 17:09:11 GMT" time="0.003" errors="0">
  <testcase name="testDebugEnumName" time="0.003" classname="io.kaitai.struct.spec.TestDebugEnumName"/>
</testsuite> <!-- io.kaitai.struct.spec.TestDebugEnumName -->
