<?xml version="1.0" encoding="UTF-8"?>
<!-- Generated by org.testng.reporters.JUnitReportReporter -->
<testsuite hostname="travis-job-f4e53729-b940-4b25-bb45-52e42ad28ab1" name="io.kaitai.struct.spec.TestSwitchBytearray" tests="1" failures="0" timestamp="4 Aug 2018 16:08:04 GMT" time="0.002" errors="0">
  <testcase name="testSwitchBytearray" time="0.002" classname="io.kaitai.struct.spec.TestSwitchBytearray"/>
</testsuite> <!-- io.kaitai.struct.spec.TestSwitchBytearray -->
