<?xml version="1.0" encoding="UTF-8"?>
<!-- Generated by org.testng.reporters.JUnitReportReporter -->
<testsuite hostname="travis-job-4d45da80-f639-4c3a-b83f-20a998bfbfd2" name="io.kaitai.struct.spec.TestInstanceIoUser" tests="1" failures="0" timestamp="8 Nov 2018 22:22:59 GMT" time="0.018" errors="0">
  <testcase name="testInstanceIoUser" time="0.018" classname="io.kaitai.struct.spec.TestInstanceIoUser"/>
</testsuite> <!-- io.kaitai.struct.spec.TestInstanceIoUser -->
