<?xml version="1.0" encoding="UTF-8"?>
<!-- Generated by org.testng.reporters.JUnitReportReporter -->
<testsuite name="io.kaitai.struct.spec.TestCastNested" tests="1" failures="0" timestamp="9 Oct 2023 19:30:07 GMT" time="0.000" errors="0">
  <testcase name="testCastNested" time="0.000" classname="io.kaitai.struct.spec.TestCastNested"/>
</testsuite> <!-- io.kaitai.struct.spec.TestCastNested -->
