<?xml version="1.0" encoding="UTF-8"?>
<!-- Generated by org.testng.reporters.JUnitReportReporter -->
<testsuite hostname="testing-gce-dad5e64e-0bf2-4936-8bfc-f2f707eb085b" name="io.kaitai.struct.spec.TestInstanceStd" tests="1" failures="0" timestamp="19 Aug 2017 15:43:19 GMT" time="0.022" errors="0">
  <testcase name="testInstanceStd" time="0.022" classname="io.kaitai.struct.spec.TestInstanceStd"/>
</testsuite> <!-- io.kaitai.struct.spec.TestInstanceStd -->
