<?xml version="1.0" encoding="UTF-8"?>
<!-- Generated by org.testng.reporters.JUnitReportReporter -->
<testsuite hostname="fv-az617-677" name="io.kaitai.struct.spec.TestIntegersMinMax" tests="1" failures="0" timestamp="1 Jul 2023 10:37:49 GMT" time="0.022" errors="0">
  <testcase name="testIntegersMinMax" time="0.022" classname="io.kaitai.struct.spec.TestIntegersMinMax"/>
</testsuite> <!-- io.kaitai.struct.spec.TestIntegersMinMax -->
