<?xml version="1.0" encoding="UTF-8"?>
<!-- Generated by org.testng.reporters.JUnitReportReporter -->
<testsuite hostname="testing-gce-7468e141-3dd1-4faa-8ee2-0c79aed9fb65" name="io.kaitai.struct.spec.TestExprMod" tests="1" failures="0" timestamp="1 May 2017 21:24:30 GMT" time="0.001" errors="0">
  <testcase name="testExprMod" time="0.001" classname="io.kaitai.struct.spec.TestExprMod"/>
</testsuite> <!-- io.kaitai.struct.spec.TestExprMod -->
