<?xml version="1.0" encoding="UTF-8"?>
<!-- Generated by org.testng.reporters.JUnitReportReporter -->
<testsuite hostname="localhost" name="io.kaitai.struct.spec.TestRepeatUntilComplex" tests="1" failures="0" timestamp="26 Jul 2020 17:53:36 GMT" time="0.024" errors="0">
  <testcase name="testRepeatUntilComplex" time="0.024" classname="io.kaitai.struct.spec.TestRepeatUntilComplex"/>
</testsuite> <!-- io.kaitai.struct.spec.TestRepeatUntilComplex -->
