<?xml version="1.0" encoding="UTF-8"?>
<!-- Generated by org.testng.reporters.JUnitReportReporter -->
<testsuite hostname="travis-job-3b12d3cf-f67b-473d-9b74-14b4349208c7" name="io.kaitai.struct.spec.TestInstanceUserArray" tests="1" failures="0" timestamp="5 Feb 2018 01:06:51 GMT" time="0.001" errors="0">
  <testcase name="testInstanceUserArray" time="0.001" classname="io.kaitai.struct.spec.TestInstanceUserArray"/>
</testsuite> <!-- io.kaitai.struct.spec.TestInstanceUserArray -->
