<?xml version="1.0" encoding="UTF-8"?>
<!-- Generated by org.testng.reporters.JUnitReportReporter -->
<testsuite hostname="testing-gce-e376300a-7fa4-4d3f-83b2-1d40c009d02d" name="io.kaitai.struct.spec.TestEnumToI" tests="1" failures="0" timestamp="7 Aug 2017 09:09:26 GMT" time="0.002" errors="0">
  <testcase name="testEnumToI" time="0.002" classname="io.kaitai.struct.spec.TestEnumToI"/>
</testsuite> <!-- io.kaitai.struct.spec.TestEnumToI -->
