<?xml version="1.0" encoding="UTF-8"?>
<!-- Generated by org.testng.reporters.JUnitReportReporter -->
<testsuite failures="0" tests="1" name="io.kaitai.struct.spec.TestSwitchCast" time="0.002" errors="0" timestamp="22 Mar 2024 15:21:34 GMT">
  <testcase classname="io.kaitai.struct.spec.TestSwitchCast" name="testSwitchCast" time="0.002"/>
</testsuite> <!-- io.kaitai.struct.spec.TestSwitchCast -->
