<?xml version="1.0" encoding="UTF-8"?>
<!-- Generated by org.testng.reporters.JUnitReportReporter -->
<testsuite hostname="travis-job-a56d9fba-33de-4f8a-a75d-0cfe08872b7e" name="io.kaitai.struct.spec.TestRepeatUntilS4" tests="1" failures="0" timestamp="6 Nov 2021 19:48:10 GMT" time="0.000" errors="0">
  <testcase name="testRepeatUntilS4" time="0.000" classname="io.kaitai.struct.spec.TestRepeatUntilS4"/>
</testsuite> <!-- io.kaitai.struct.spec.TestRepeatUntilS4 -->
