<?xml version="1.0" encoding="UTF-8"?>
<!-- Generated by org.testng.reporters.JUnitReportReporter -->
<testsuite failures="0" tests="1" name="io.kaitai.struct.spec.TestSwitchManualEnumInvalid" time="0.001" errors="0" timestamp="15 Jul 2023 06:48:19 GMT">
  <testcase classname="io.kaitai.struct.spec.TestSwitchManualEnumInvalid" name="testSwitchManualEnumInvalid" time="0.001"/>
</testsuite> <!-- io.kaitai.struct.spec.TestSwitchManualEnumInvalid -->
