<?xml version="1.0" encoding="UTF-8"?>
<!-- Generated by org.testng.reporters.JUnitReportReporter -->
<testsuite name="io.kaitai.struct.spec.TestNavParentSwitchCast" tests="1" failures="0" timestamp="14 Jul 2023 18:42:46 GMT" time="0.006" errors="0">
  <testcase name="testNavParentSwitchCast" time="0.006" classname="io.kaitai.struct.spec.TestNavParentSwitchCast"/>
</testsuite> <!-- io.kaitai.struct.spec.TestNavParentSwitchCast -->
