<?xml version="1.0" encoding="UTF-8"?>
<!-- Generated by org.testng.reporters.JUnitReportReporter -->
<testsuite hostname="travis-job-9d733207-2793-4a42-9774-0d292740a93b" name="io.kaitai.struct.spec.TestPositionInSeq" tests="1" failures="0" timestamp="14 Apr 2019 22:32:45 GMT" time="0.001" errors="0">
  <testcase name="testPositionInSeq" time="0.001" classname="io.kaitai.struct.spec.TestPositionInSeq"/>
</testsuite> <!-- io.kaitai.struct.spec.TestPositionInSeq -->
