<?xml version="1.0" encoding="UTF-8"?>
<!-- Generated by org.testng.reporters.JUnitReportReporter -->
<testsuite hostname="fv-az566-498" failures="0" tests="1" name="io.kaitai.struct.spec.TestCombineBytes" time="0.001" errors="0" timestamp="28 Jun 2023 16:35:48 GMT">
  <testcase classname="io.kaitai.struct.spec.TestCombineBytes" name="testCombineBytes" time="0.001"/>
</testsuite> <!-- io.kaitai.struct.spec.TestCombineBytes -->
