<?xml version="1.0" encoding="UTF-8"?>
<!-- Generated by org.testng.reporters.JUnitReportReporter -->
<testsuite hostname="localhost" name="io.kaitai.struct.spec.TestIndexToParamEos" tests="1" failures="0" timestamp="20 Oct 2019 17:34:30 GMT" time="0.001" errors="0">
  <testcase name="testIndexToParamEos" time="0.001" classname="io.kaitai.struct.spec.TestIndexToParamEos"/>
</testsuite> <!-- io.kaitai.struct.spec.TestIndexToParamEos -->
