<?xml version="1.0" encoding="UTF-8"?>
<!-- Generated by org.testng.reporters.JUnitReportReporter -->
<testsuite hostname="travis-job-3bfa338c-873b-443f-b193-d60a3d6691f6" name="io.kaitai.struct.spec.TestPositionToEnd" tests="1" failures="0" timestamp="27 Dec 2018 07:46:35 GMT" time="0.001" errors="0">
  <testcase name="testPositionToEnd" time="0.001" classname="io.kaitai.struct.spec.TestPositionToEnd"/>
</testsuite> <!-- io.kaitai.struct.spec.TestPositionToEnd -->
