<?xml version="1.0" encoding="UTF-8"?>
<!-- Generated by org.testng.reporters.JUnitReportReporter -->
<testsuite hostname="testing-gce-03c1043c-8132-4a18-9bda-dd61bb6844b9" name="io.kaitai.struct.spec.TestNavRoot" tests="1" failures="0" timestamp="30 Apr 2017 21:24:43 GMT" time="0.015" errors="0">
  <testcase name="testNavRoot" time="0.015" classname="io.kaitai.struct.spec.TestNavRoot"/>
</testsuite> <!-- io.kaitai.struct.spec.TestNavRoot -->
