<?xml version="1.0" encoding="UTF-8"?>
<!-- Generated by org.testng.reporters.JUnitReportReporter -->
<testsuite hostname="localhost" name="io.kaitai.struct.spec.TestBcdUserTypeLe" tests="1" failures="0" timestamp="10 Nov 2019 04:14:30 GMT" time="0.003" errors="0">
  <testcase name="testBcdUserTypeLe" time="0.003" classname="io.kaitai.struct.spec.TestBcdUserTypeLe"/>
</testsuite> <!-- io.kaitai.struct.spec.TestBcdUserTypeLe -->
