<?xml version="1.0" encoding="UTF-8"?>
<!-- Generated by org.testng.reporters.JUnitReportReporter -->
<testsuite hostname="travis-job-e5880455-f651-4006-b1ff-60c6106ca1df" name="io.kaitai.struct.spec.TestFixedStruct" tests="1" failures="0" timestamp="9 Apr 2022 01:22:52 GMT" time="0.019" errors="0">
  <testcase name="testFixedStruct" time="0.019" classname="io.kaitai.struct.spec.TestFixedStruct"/>
</testsuite> <!-- io.kaitai.struct.spec.TestFixedStruct -->
