<?xml version="1.0" encoding="UTF-8"?>
<!-- Generated by org.testng.reporters.JUnitReportReporter -->
<testsuite hostname="localhost" name="io.kaitai.struct.spec.TestSwitchManualEnum" tests="1" failures="0" timestamp="27 Jul 2020 15:12:57 GMT" time="0.005" errors="0">
  <testcase name="testSwitchManualEnum" time="0.005" classname="io.kaitai.struct.spec.TestSwitchManualEnum"/>
</testsuite> <!-- io.kaitai.struct.spec.TestSwitchManualEnum -->
