<?xml version="1.0" encoding="UTF-8"?>
<!-- Generated by org.testng.reporters.JUnitReportReporter -->
<testsuite name="io.kaitai.struct.spec.TestCastNested" tests="1" failures="0" timestamp="29 Feb 2024 20:40:03 GMT" time="0.026" errors="0">
  <testcase name="testCastNested" time="0.026" classname="io.kaitai.struct.spec.TestCastNested"/>
</testsuite> <!-- io.kaitai.struct.spec.TestCastNested -->
