<?xml version="1.0" encoding="UTF-8"?>
<!-- Generated by org.testng.reporters.JUnitReportReporter -->
<testsuite hostname="localhost" name="io.kaitai.struct.spec.TestEnumForUnknownId" tests="1" failures="0" timestamp="28 Sep 2019 20:09:20 GMT" time="0.000" errors="0">
  <testcase name="testEnumForUnknownId" time="0.000" classname="io.kaitai.struct.spec.TestEnumForUnknownId"/>
</testsuite> <!-- io.kaitai.struct.spec.TestEnumForUnknownId -->
