<?xml version="1.0" encoding="UTF-8"?>
<!-- Generated by org.testng.reporters.JUnitReportReporter -->
<testsuite hostname="localhost" name="io.kaitai.struct.spec.TestYamlInts" tests="1" failures="0" timestamp="8 Mar 2020 21:33:27 GMT" time="0.000" errors="0">
  <testcase name="testYamlInts" time="0.000" classname="io.kaitai.struct.spec.TestYamlInts"/>
</testsuite> <!-- io.kaitai.struct.spec.TestYamlInts -->
