<?xml version="1.0" encoding="UTF-8"?>
<!-- Generated by org.testng.reporters.JUnitReportReporter -->
<testsuite hostname="testing-gce-4312c108-4861-441b-8bf9-b5f911ce3c52" name="io.kaitai.struct.spec.TestDefaultEndianExprInherited" tests="1" failures="0" timestamp="23 Aug 2017 19:10:51 GMT" time="0.003" errors="0">
  <testcase name="testDefaultEndianExprInherited" time="0.003" classname="io.kaitai.struct.spec.TestDefaultEndianExprInherited"/>
</testsuite> <!-- io.kaitai.struct.spec.TestDefaultEndianExprInherited -->
