<?xml version="1.0" encoding="UTF-8"?>
<!-- Generated by org.testng.reporters.JUnitReportReporter -->
<testsuite hostname="travis-job-d42d593a-1694-4ae9-b348-dae4c16717a7" name="io.kaitai.struct.spec.TestSwitchManualEnum" tests="1" failures="0" timestamp="14 Apr 2018 15:28:19 GMT" time="0.003" errors="0">
  <testcase name="testSwitchManualEnum" time="0.003" classname="io.kaitai.struct.spec.TestSwitchManualEnum"/>
</testsuite> <!-- io.kaitai.struct.spec.TestSwitchManualEnum -->
