<?xml version="1.0" encoding="UTF-8"?>
<!-- Generated by org.testng.reporters.JUnitReportReporter -->
<testsuite hostname="localhost" name="io.kaitai.struct.spec.TestInstanceStd" tests="1" failures="0" timestamp="13 Feb 2020 23:44:22 GMT" time="0.000" errors="0">
  <testcase name="testInstanceStd" time="0.000" classname="io.kaitai.struct.spec.TestInstanceStd"/>
</testsuite> <!-- io.kaitai.struct.spec.TestInstanceStd -->
