<?xml version="1.0" encoding="UTF-8"?>
<!-- Generated by org.testng.reporters.JUnitReportReporter -->
<testsuite hostname="travis-job-82ee99f6-a242-471d-a405-cc43f11a8d24" name="io.kaitai.struct.spec.TestIndexToParamUntil" tests="1" failures="0" timestamp="21 Oct 2019 18:40:02 GMT" time="0.000" errors="0">
  <testcase name="testIndexToParamUntil" time="0.000" classname="io.kaitai.struct.spec.TestIndexToParamUntil"/>
</testsuite> <!-- io.kaitai.struct.spec.TestIndexToParamUntil -->
