<?xml version="1.0" encoding="UTF-8"?>
<!-- Generated by org.testng.reporters.JUnitReportReporter -->
<testsuite hostname="travis-job-f09bc85b-0237-4e5d-af4b-126c85cd390a" name="io.kaitai.struct.spec.TestValidFailInst" tests="1" failures="0" timestamp="17 May 2020 21:27:27 GMT" time="0.001" errors="0">
  <testcase name="testValidFailInst" time="0.001" classname="io.kaitai.struct.spec.TestValidFailInst"/>
</testsuite> <!-- io.kaitai.struct.spec.TestValidFailInst -->
