<?xml version="1.0" encoding="UTF-8"?>
<!-- Generated by org.testng.reporters.JUnitReportReporter -->
<testsuite hostname="travis-job-49ffaa0e-5d3d-41e0-b2fb-2962f49d7028" failures="0" tests="1" name="io.kaitai.struct.spec.TestParamsPassStruct" time="0.002" errors="0" timestamp="12 Apr 2020 22:14:45 GMT">
  <testcase classname="io.kaitai.struct.spec.TestParamsPassStruct" name="testParamsPassStruct" time="0.002"/>
</testsuite> <!-- io.kaitai.struct.spec.TestParamsPassStruct -->
