<?xml version="1.0" encoding="UTF-8"?>
<!-- Generated by org.testng.reporters.JUnitReportReporter -->
<testsuite hostname="localhost" name="io.kaitai.struct.spec.TestParamsCallExtraParens" tests="1" failures="0" timestamp="6 Feb 2021 14:35:27 GMT" time="0.024" errors="0">
  <testcase name="testParamsCallExtraParens" time="0.024" classname="io.kaitai.struct.spec.TestParamsCallExtraParens"/>
</testsuite> <!-- io.kaitai.struct.spec.TestParamsCallExtraParens -->
