<?xml version="1.0" encoding="UTF-8"?>
<!-- Generated by org.testng.reporters.JUnitReportReporter -->
<testsuite hostname="localhost" name="io.kaitai.struct.spec.TestSwitchCast" tests="1" failures="0" timestamp="31 Jul 2020 20:34:43 GMT" time="0.001" errors="0">
  <testcase name="testSwitchCast" time="0.001" classname="io.kaitai.struct.spec.TestSwitchCast"/>
</testsuite> <!-- io.kaitai.struct.spec.TestSwitchCast -->
