<?xml version="1.0" encoding="UTF-8"?>
<!-- Generated by org.testng.reporters.JUnitReportReporter -->
<testsuite name="io.kaitai.struct.spec.TestStrEncodings" tests="1" failures="0" timestamp="4 Mar 2024 00:01:19 GMT" time="0.011" errors="0">
  <testcase name="testStrEncodings" time="0.011" classname="io.kaitai.struct.spec.TestStrEncodings"/>
</testsuite> <!-- io.kaitai.struct.spec.TestStrEncodings -->
