<?xml version="1.0" encoding="UTF-8"?>
<!-- Generated by org.testng.reporters.JUnitReportReporter -->
<testsuite hostname="localhost" name="io.kaitai.struct.spec.TestDefaultEndianExprInherited" tests="1" failures="0" timestamp="23 Sep 2019 23:14:14 GMT" time="0.002" errors="0">
  <testcase name="testDefaultEndianExprInherited" time="0.002" classname="io.kaitai.struct.spec.TestDefaultEndianExprInherited"/>
</testsuite> <!-- io.kaitai.struct.spec.TestDefaultEndianExprInherited -->
