<?xml version="1.0" encoding="UTF-8"?>
<!-- Generated by org.testng.reporters.JUnitReportReporter -->
<testsuite hostname="travis-job-f685bc67-adf5-4373-804b-16aec9d813f5" failures="0" tests="1" name="io.kaitai.struct.spec.TestJsSignedRightShift" time="0.003" errors="0" timestamp="1 Aug 2020 18:08:17 GMT">
  <testcase classname="io.kaitai.struct.spec.TestJsSignedRightShift" name="testJsSignedRightShift" time="0.003"/>
</testsuite> <!-- io.kaitai.struct.spec.TestJsSignedRightShift -->
