<?xml version="1.0" encoding="UTF-8"?>
<!-- Generated by org.testng.reporters.JUnitReportReporter -->
<testsuite hostname="localhost" name="io.kaitai.struct.spec.TestPositionInSeq" tests="1" failures="0" timestamp="26 Jul 2020 19:24:37 GMT" time="0.001" errors="0">
  <testcase name="testPositionInSeq" time="0.001" classname="io.kaitai.struct.spec.TestPositionInSeq"/>
</testsuite> <!-- io.kaitai.struct.spec.TestPositionInSeq -->
