<?xml version="1.0" encoding="UTF-8"?>
<!-- Generated by org.testng.reporters.JUnitReportReporter -->
<testsuite hostname="fv-az361-558" failures="0" tests="1" name="io.kaitai.struct.spec.TestBcdUserTypeBe" time="0.011" errors="0" timestamp="30 Jun 2023 19:33:34 GMT">
  <testcase classname="io.kaitai.struct.spec.TestBcdUserTypeBe" name="testBcdUserTypeBe" time="0.011"/>
</testsuite> <!-- io.kaitai.struct.spec.TestBcdUserTypeBe -->
