<?xml version="1.0" encoding="UTF-8"?>
<!-- Generated by org.testng.reporters.JUnitReportReporter -->
<testsuite hostname="localhost" name="io.kaitai.struct.spec.TestValidFailRangeBytes" tests="1" failures="0" timestamp="17 Aug 2020 20:23:01 GMT" time="0.001" errors="0">
  <testcase name="testValidFailRangeBytes" time="0.001" classname="io.kaitai.struct.spec.TestValidFailRangeBytes"/>
</testsuite> <!-- io.kaitai.struct.spec.TestValidFailRangeBytes -->
