<?xml version="1.0" encoding="UTF-8"?>
<!-- Generated by org.testng.reporters.JUnitReportReporter -->
<testsuite hostname="travis-job-cc96c9fe-62b3-456c-a5a6-b52890f0206e" failures="0" tests="1" name="io.kaitai.struct.spec.TestRepeatEosU4" time="0.002" errors="0" timestamp="18 Feb 2020 16:57:44 GMT">
  <testcase classname="io.kaitai.struct.spec.TestRepeatEosU4" name="testRepeatEosU4" time="0.002"/>
</testsuite> <!-- io.kaitai.struct.spec.TestRepeatEosU4 -->
