<?xml version="1.0" encoding="UTF-8"?>
<!-- Generated by org.testng.reporters.JUnitReportReporter -->
<testsuite failures="0" tests="1" name="io.kaitai.struct.spec.TestParamsPassArrayInt" time="0.021" errors="0" timestamp="14 Jul 2023 18:42:50 GMT">
  <testcase classname="io.kaitai.struct.spec.TestParamsPassArrayInt" name="testParamsPassArrayInt" time="0.021"/>
</testsuite> <!-- io.kaitai.struct.spec.TestParamsPassArrayInt -->
