<?xml version="1.0" encoding="UTF-8"?>
<!-- Generated by org.testng.reporters.JUnitReportReporter -->
<testsuite hostname="travis-job-254b9cb2-0e35-4b72-b614-0df9273307ee" name="io.kaitai.struct.spec.TestStrEos" tests="1" failures="0" timestamp="22 Mar 2018 22:39:31 GMT" time="0.000" errors="0">
  <testcase name="testStrEos" time="0.000" classname="io.kaitai.struct.spec.TestStrEos"/>
</testsuite> <!-- io.kaitai.struct.spec.TestStrEos -->
