<?xml version="1.0" encoding="UTF-8"?>
<!-- Generated by org.testng.reporters.JUnitReportReporter -->
<testsuite hostname="travis-job-de41a90b-7021-4315-a097-5db11b80961b" failures="0" tests="1" name="io.kaitai.struct.spec.TestParamsPassBool" time="0.000" errors="0" timestamp="28 Jul 2022 09:43:56 GMT">
  <testcase classname="io.kaitai.struct.spec.TestParamsPassBool" name="testParamsPassBool" time="0.000"/>
</testsuite> <!-- io.kaitai.struct.spec.TestParamsPassBool -->
