<?xml version="1.0" encoding="UTF-8"?>
<!-- Generated by org.testng.reporters.JUnitReportReporter -->
<testsuite hostname="localhost" name="io.kaitai.struct.spec.TestSwitchManualStrElse" tests="1" failures="0" timestamp="13 Oct 2019 09:39:00 GMT" time="0.001" errors="0">
  <testcase name="testSwitchManualStrElse" time="0.001" classname="io.kaitai.struct.spec.TestSwitchManualStrElse"/>
</testsuite> <!-- io.kaitai.struct.spec.TestSwitchManualStrElse -->
