<?xml version="1.0" encoding="UTF-8"?>
<!-- Generated by org.testng.reporters.JUnitReportReporter -->
<testsuite name="io.kaitai.struct.spec.TestDefaultBitEndianMod" tests="1" failures="0" timestamp="9 Oct 2023 19:30:07 GMT" time="0.002" errors="0">
  <testcase name="testDefaultBitEndianMod" time="0.002" classname="io.kaitai.struct.spec.TestDefaultBitEndianMod"/>
</testsuite> <!-- io.kaitai.struct.spec.TestDefaultBitEndianMod -->
