<?xml version="1.0" encoding="UTF-8"?>
<!-- Generated by org.testng.reporters.JUnitReportReporter -->
<testsuite failures="0" tests="1" name="io.kaitai.struct.spec.TestValidFailRangeFloat" time="0.049" errors="0" timestamp="5 Jul 2023 11:22:31 GMT">
  <testcase classname="io.kaitai.struct.spec.TestValidFailRangeFloat" name="testValidFailRangeFloat" time="0.049"/>
</testsuite> <!-- io.kaitai.struct.spec.TestValidFailRangeFloat -->
