<?xml version="1.0" encoding="UTF-8"?>
<!-- Generated by org.testng.reporters.JUnitReportReporter -->
<testsuite failures="0" tests="1" name="io.kaitai.struct.spec.TestEnumNegative" time="0.002" errors="0" timestamp="9 Oct 2023 18:36:03 GMT">
  <testcase classname="io.kaitai.struct.spec.TestEnumNegative" name="testEnumNegative" time="0.002"/>
</testsuite> <!-- io.kaitai.struct.spec.TestEnumNegative -->
