<?xml version="1.0" encoding="UTF-8"?>
<!-- Generated by org.testng.reporters.JUnitReportReporter -->
<testsuite hostname="fv-az674-164" name="io.kaitai.struct.spec.TestStrEncodings" tests="1" failures="0" timestamp="1 Jul 2023 10:37:43 GMT" time="0.029" errors="0">
  <testcase name="testStrEncodings" time="0.029" classname="io.kaitai.struct.spec.TestStrEncodings"/>
</testsuite> <!-- io.kaitai.struct.spec.TestStrEncodings -->
