<?xml version="1.0" encoding="UTF-8"?>
<!-- Generated by org.testng.reporters.JUnitReportReporter -->
<testsuite hostname="travis-job-a519a1f5-b74e-4756-b1e8-481c8d425a72" name="io.kaitai.struct.spec.TestIndexToParamUntil" tests="1" failures="0" timestamp="23 Apr 2018 06:27:53 GMT" time="0.002" errors="0">
  <testcase name="testIndexToParamUntil" time="0.002" classname="io.kaitai.struct.spec.TestIndexToParamUntil"/>
</testsuite> <!-- io.kaitai.struct.spec.TestIndexToParamUntil -->
