<?xml version="1.0" encoding="UTF-8"?>
<!-- Generated by org.testng.reporters.JUnitReportReporter -->
<testsuite hostname="localhost" name="io.kaitai.struct.spec.TestProcessCoerceSwitch" tests="1" failures="0" timestamp="26 Jul 2020 20:02:52 GMT" time="0.001" errors="0">
  <testcase name="testProcessCoerceSwitch" time="0.001" classname="io.kaitai.struct.spec.TestProcessCoerceSwitch"/>
</testsuite> <!-- io.kaitai.struct.spec.TestProcessCoerceSwitch -->
