<?xml version="1.0" encoding="UTF-8"?>
<!-- Generated by org.testng.reporters.JUnitReportReporter -->
<testsuite hostname="travis-job-de3e818c-a386-4504-9e5a-2e66d456e0d4" name="io.kaitai.struct.spec.TestSwitchManualEnumInvalid" tests="1" failures="0" timestamp="15 Apr 2019 23:19:54 GMT" time="0.002" errors="1">
  <testcase name="testSwitchManualEnumInvalid" time="0.002" classname="io.kaitai.struct.spec.TestSwitchManualEnumInvalid">
    <error type="java.lang.NullPointerException">
      <![CDATA[java.lang.NullPointerException
	at io.kaitai.struct.testformats.SwitchManualEnumInvalid$Opcode._read(SwitchManualEnumInvalid.java:79)
	at io.kaitai.struct.testformats.SwitchManualEnumInvalid$Opcode.<init>(SwitchManualEnumInvalid.java:75)
	at io.kaitai.struct.testformats.SwitchManualEnumInvalid._read(SwitchManualEnumInvalid.java:38)
	at io.kaitai.struct.testformats.SwitchManualEnumInvalid.<init>(SwitchManualEnumInvalid.java:31)
	at io.kaitai.struct.testformats.SwitchManualEnumInvalid.<init>(SwitchManualEnumInvalid.java:20)
	at io.kaitai.struct.testformats.SwitchManualEnumInvalid.fromFile(SwitchManualEnumInvalid.java:16)
	at io.kaitai.struct.spec.TestSwitchManualEnumInvalid.testSwitchManualEnumInvalid(TestSwitchManualEnumInvalid.java:13)
	at sun.reflect.NativeMethodAccessorImpl.invoke0(Native Method)
	at sun.reflect.NativeMethodAccessorImpl.invoke(NativeMethodAccessorImpl.java:62)
	at sun.reflect.DelegatingMethodAccessorImpl.invoke(DelegatingMethodAccessorImpl.java:43)
	at java.lang.reflect.Method.invoke(Method.java:498)
	at org.testng.internal.MethodInvocationHelper.invokeMethod(MethodInvocationHelper.java:86)
	at org.testng.internal.Invoker.invokeMethod(Invoker.java:643)
	at org.testng.internal.Invoker.invokeTestMethod(Invoker.java:820)
	at org.testng.internal.Invoker.invokeTestMethods(Invoker.java:1128)
	at org.testng.internal.TestMethodWorker.invokeTestMethods(TestMethodWorker.java:129)
	at org.testng.internal.TestMethodWorker.run(TestMethodWorker.java:112)
	at org.testng.TestRunner.privateRun(TestRunner.java:782)
	at org.testng.TestRunner.run(TestRunner.java:632)
	at org.testng.SuiteRunner.runTest(SuiteRunner.java:366)
	at org.testng.SuiteRunner.runSequentially(SuiteRunner.java:361)
	at org.testng.SuiteRunner.privateRun(SuiteRunner.java:319)
	at org.testng.SuiteRunner.run(SuiteRunner.java:268)
	at org.testng.SuiteRunnerWorker.runSuite(SuiteRunnerWorker.java:52)
	at org.testng.SuiteRunnerWorker.run(SuiteRunnerWorker.java:86)
	at org.testng.TestNG.runSuitesSequentially(TestNG.java:1244)
	at org.testng.TestNG.runSuitesLocally(TestNG.java:1169)
	at org.testng.TestNG.run(TestNG.java:1064)
	at org.testng.TestNG.privateMain(TestNG.java:1385)
	at org.testng.TestNG.main(TestNG.java:1354)
]]>
    </error>
  </testcase> <!-- testSwitchManualEnumInvalid -->
</testsuite> <!-- io.kaitai.struct.spec.TestSwitchManualEnumInvalid -->
