<?xml version="1.0" encoding="UTF-8"?>
<!-- Generated by org.testng.reporters.JUnitReportReporter -->
<testsuite hostname="travis-job-de45ebdc-0bcb-4a30-bc24-93f4ea3cff82" failures="0" tests="1" name="io.kaitai.struct.spec.TestValidOptionalId" time="0.001" errors="0" timestamp="24 Jun 2023 22:26:56 GMT">
  <testcase classname="io.kaitai.struct.spec.TestValidOptionalId" name="testValidOptionalId" time="0.001"/>
</testsuite> <!-- io.kaitai.struct.spec.TestValidOptionalId -->
