<?xml version="1.0" encoding="UTF-8"?>
<!-- Generated by org.testng.reporters.JUnitReportReporter -->
<testsuite failures="0" tests="1" name="io.kaitai.struct.spec.TestImportsAbsAbs" time="0.000" errors="0" timestamp="4 Aug 2023 18:55:52 GMT">
  <testcase classname="io.kaitai.struct.spec.TestImportsAbsAbs" name="testImportsAbsAbs" time="0.000"/>
</testsuite> <!-- io.kaitai.struct.spec.TestImportsAbsAbs -->
