<?xml version="1.0" encoding="UTF-8"?>
<!-- Generated by org.testng.reporters.JUnitReportReporter -->
<testsuite hostname="travis-job-69d052aa-dd93-408f-a521-e1cfc0e5acd4" name="io.kaitai.struct.spec.TestNavParent" tests="1" failures="0" timestamp="23 Apr 2018 06:13:30 GMT" time="0.019" errors="0">
  <testcase name="testNavParent" time="0.019" classname="io.kaitai.struct.spec.TestNavParent"/>
</testsuite> <!-- io.kaitai.struct.spec.TestNavParent -->
