<?xml version="1.0" encoding="UTF-8"?>
<!-- Generated by org.testng.reporters.JUnitReportReporter -->
<testsuite hostname="localhost" name="io.kaitai.struct.spec.TestParamsPassArrayStr" tests="1" failures="0" timestamp="22 Apr 2020 21:30:41 GMT" time="0.001" errors="0">
  <testcase name="testParamsPassArrayStr" time="0.001" classname="io.kaitai.struct.spec.TestParamsPassArrayStr"/>
</testsuite> <!-- io.kaitai.struct.spec.TestParamsPassArrayStr -->
