<?xml version="1.0" encoding="UTF-8"?>
<!-- Generated by org.testng.reporters.JUnitReportReporter -->
<testsuite hostname="fv-az442-905" name="io.kaitai.struct.spec.TestStrPadTermEmpty" tests="1" failures="0" timestamp="28 Jun 2023 19:40:20 GMT" time="0.002" errors="0">
  <testcase name="testStrPadTermEmpty" time="0.002" classname="io.kaitai.struct.spec.TestStrPadTermEmpty"/>
</testsuite> <!-- io.kaitai.struct.spec.TestStrPadTermEmpty -->
