<?xml version="1.0" encoding="UTF-8"?>
<!-- Generated by org.testng.reporters.JUnitReportReporter -->
<testsuite failures="0" tests="1" name="io.kaitai.struct.spec.TestIntegersDoubleOverflow" time="0.005" errors="0" timestamp="28 Jul 2023 14:34:47 GMT">
  <testcase classname="io.kaitai.struct.spec.TestIntegersDoubleOverflow" name="testIntegersDoubleOverflow" time="0.005"/>
</testsuite> <!-- io.kaitai.struct.spec.TestIntegersDoubleOverflow -->
