<?xml version="1.0" encoding="UTF-8"?>
<!-- Generated by org.testng.reporters.JUnitReportReporter -->
<testsuite hostname="travis-job-a0388a0d-035c-484e-86fa-3c156defe19e" name="io.kaitai.struct.spec.TestSwitchManualIntElse" tests="1" failures="0" timestamp="1 May 2020 14:20:56 GMT" time="0.001" errors="0">
  <testcase name="testSwitchManualIntElse" time="0.001" classname="io.kaitai.struct.spec.TestSwitchManualIntElse"/>
</testsuite> <!-- io.kaitai.struct.spec.TestSwitchManualIntElse -->
