<?xml version="1.0" encoding="UTF-8"?>
<!-- Generated by org.testng.reporters.JUnitReportReporter -->
<testsuite name="io.kaitai.struct.spec.TestTypeTernary2ndFalsy" tests="1" failures="0" timestamp="19 Jul 2023 21:12:04 GMT" time="0.001" errors="0">
  <testcase name="testTypeTernary2ndFalsy" time="0.001" classname="io.kaitai.struct.spec.TestTypeTernary2ndFalsy"/>
</testsuite> <!-- io.kaitai.struct.spec.TestTypeTernary2ndFalsy -->
