<?xml version="1.0" encoding="UTF-8"?>
<!-- Generated by org.testng.reporters.JUnitReportReporter -->
<testsuite hostname="travis-job-0d2c196c-0079-4be1-a995-3e64fb4443df" failures="0" tests="1" name="io.kaitai.struct.spec.TestNestedSameName" time="0.002" errors="0" timestamp="9 Apr 2020 21:29:03 GMT">
  <testcase classname="io.kaitai.struct.spec.TestNestedSameName" name="testNestedSameName" time="0.002"/>
</testsuite> <!-- io.kaitai.struct.spec.TestNestedSameName -->
