<?xml version="1.0" encoding="UTF-8"?>
<!-- Generated by org.testng.reporters.JUnitReportReporter -->
<testsuite failures="0" tests="1" name="io.kaitai.struct.spec.TestSwitchManualIntElse" time="0.003" errors="0" timestamp="28 Jul 2023 14:34:48 GMT">
  <testcase classname="io.kaitai.struct.spec.TestSwitchManualIntElse" name="testSwitchManualIntElse" time="0.003"/>
</testsuite> <!-- io.kaitai.struct.spec.TestSwitchManualIntElse -->
