<?xml version="1.0" encoding="UTF-8"?>
<!-- Generated by org.testng.reporters.JUnitReportReporter -->
<testsuite hostname="travis-job-5959afe9-466d-4ff4-bef6-2e3f48646e16" name="io.kaitai.struct.spec.TestOpaqueWithParam" tests="1" failures="0" timestamp="12 Mar 2019 02:12:20 GMT" time="0.000" errors="0">
  <testcase name="testOpaqueWithParam" time="0.000" classname="io.kaitai.struct.spec.TestOpaqueWithParam"/>
</testsuite> <!-- io.kaitai.struct.spec.TestOpaqueWithParam -->
