<?xml version="1.0" encoding="UTF-8"?>
<!-- Generated by org.testng.reporters.JUnitReportReporter -->
<testsuite hostname="fv-az422-791" name="io.kaitai.struct.spec.TestPositionAbs" tests="1" failures="0" timestamp="30 Jun 2023 19:49:09 GMT" time="0.003" errors="0">
  <testcase name="testPositionAbs" time="0.003" classname="io.kaitai.struct.spec.TestPositionAbs"/>
</testsuite> <!-- io.kaitai.struct.spec.TestPositionAbs -->
