<?xml version="1.0" encoding="UTF-8"?>
<!-- Generated by org.testng.reporters.JUnitReportReporter -->
<testsuite hostname="travis-job-d6377100-3c05-414a-8f12-f1c873cda9bf" name="io.kaitai.struct.spec.TestCastToImported" tests="1" failures="0" timestamp="21 Apr 2020 21:21:00 GMT" time="0.005" errors="0">
  <testcase name="testCastToImported" time="0.005" classname="io.kaitai.struct.spec.TestCastToImported"/>
</testsuite> <!-- io.kaitai.struct.spec.TestCastToImported -->
