<?xml version="1.0" encoding="UTF-8"?>
<!-- Generated by org.testng.reporters.JUnitReportReporter -->
<testsuite hostname="travis-job-b92601c0-dc70-4f3b-b8f2-475ae39e0730" name="io.kaitai.struct.spec.TestValidNotParsedIf" tests="1" failures="0" timestamp="15 Apr 2020 22:17:22 GMT" time="0.047" errors="0">
  <testcase name="testValidNotParsedIf" time="0.047" classname="io.kaitai.struct.spec.TestValidNotParsedIf"/>
</testsuite> <!-- io.kaitai.struct.spec.TestValidNotParsedIf -->
