<?xml version="1.0" encoding="UTF-8"?>
<!-- Generated by org.testng.reporters.JUnitReportReporter -->
<testsuite hostname="localhost" name="io.kaitai.struct.spec.TestFloatToI" tests="1" failures="0" timestamp="14 Nov 2021 13:04:49 GMT" time="0.000" errors="0">
  <testcase name="testFloatToI" time="0.000" classname="io.kaitai.struct.spec.TestFloatToI"/>
</testsuite> <!-- io.kaitai.struct.spec.TestFloatToI -->
