<?xml version="1.0" encoding="UTF-8"?>
<!-- Generated by org.testng.reporters.JUnitReportReporter -->
<testsuite hostname="travis-job-9efb68cc-6902-43bb-8ed9-184b1f4cee4e" name="io.kaitai.struct.spec.TestExprBytesOps" tests="1" failures="0" timestamp="29 Mar 2020 09:16:11 GMT" time="0.001" errors="0">
  <testcase name="testExprBytesOps" time="0.001" classname="io.kaitai.struct.spec.TestExprBytesOps"/>
</testsuite> <!-- io.kaitai.struct.spec.TestExprBytesOps -->
