<?xml version="1.0" encoding="UTF-8"?>
<!-- Generated by org.testng.reporters.JUnitReportReporter -->
<testsuite hostname="travis-job-217e8ce7-087f-47fe-b4b7-b7dd41e4af2f" failures="0" tests="1" name="io.kaitai.struct.spec.TestBcdUserTypeLe" time="0.055" errors="0" timestamp="1 May 2020 14:22:33 GMT">
  <testcase classname="io.kaitai.struct.spec.TestBcdUserTypeLe" name="testBcdUserTypeLe" time="0.055"/>
</testsuite> <!-- io.kaitai.struct.spec.TestBcdUserTypeLe -->
