<?xml version="1.0" encoding="UTF-8"?>
<!-- Generated by org.testng.reporters.JUnitReportReporter -->
<testsuite hostname="localhost" name="io.kaitai.struct.spec.TestRepeatEosStruct" tests="1" failures="0" timestamp="8 Jun 2020 21:09:56 GMT" time="0.006" errors="0">
  <testcase name="testRepeatEosStruct" time="0.006" classname="io.kaitai.struct.spec.TestRepeatEosStruct"/>
</testsuite> <!-- io.kaitai.struct.spec.TestRepeatEosStruct -->
