<?xml version="1.0" encoding="UTF-8"?>
<!-- Generated by org.testng.reporters.JUnitReportReporter -->
<testsuite hostname="travis-job-a48e7a9e-55ce-460d-93a2-4bc1402e5ce4" failures="0" tests="1" name="io.kaitai.struct.spec.TestStrEncodings" time="0.002" errors="0" timestamp="12 Aug 2020 10:10:57 GMT">
  <testcase classname="io.kaitai.struct.spec.TestStrEncodings" name="testStrEncodings" time="0.002"/>
</testsuite> <!-- io.kaitai.struct.spec.TestStrEncodings -->
