<?xml version="1.0" encoding="UTF-8"?>
<!-- Generated by org.testng.reporters.JUnitReportReporter -->
<testsuite hostname="travis-job-ece646b0-a2c9-450d-8e6b-04fd269a540b" name="io.kaitai.struct.spec.TestEnumToI" tests="1" failures="0" timestamp="20 Oct 2019 17:33:32 GMT" time="0.001" errors="0">
  <testcase name="testEnumToI" time="0.001" classname="io.kaitai.struct.spec.TestEnumToI"/>
</testsuite> <!-- io.kaitai.struct.spec.TestEnumToI -->
