<?xml version="1.0" encoding="UTF-8"?>
<!-- Generated by org.testng.reporters.JUnitReportReporter -->
<testsuite hostname="localhost" name="io.kaitai.struct.spec.TestEosExceptionU4" tests="1" failures="0" timestamp="16 Mar 2020 22:29:41 GMT" time="0.000" errors="0">
  <testcase name="testEosExceptionU4" time="0.000" classname="io.kaitai.struct.spec.TestEosExceptionU4"/>
</testsuite> <!-- io.kaitai.struct.spec.TestEosExceptionU4 -->
