<?xml version="1.0" encoding="UTF-8"?>
<!-- Generated by org.testng.reporters.JUnitReportReporter -->
<testsuite hostname="localhost" name="io.kaitai.struct.spec.TestValidShort" tests="1" failures="0" timestamp="23 Aug 2020 22:23:26 GMT" time="0.000" errors="0">
  <testcase name="testValidShort" time="0.000" classname="io.kaitai.struct.spec.TestValidShort"/>
</testsuite> <!-- io.kaitai.struct.spec.TestValidShort -->
