<?xml version="1.0" encoding="UTF-8"?>
<!-- Generated by org.testng.reporters.JUnitReportReporter -->
<testsuite hostname="testing-gce-9209f2ab-063b-4902-8c9b-cbb753ac55b6" name="io.kaitai.struct.spec.TestExpr2" tests="1" failures="0" timestamp="5 Aug 2017 22:55:51 GMT" time="0.002" errors="0">
  <testcase name="testExpr2" time="0.002" classname="io.kaitai.struct.spec.TestExpr2"/>
</testsuite> <!-- io.kaitai.struct.spec.TestExpr2 -->
