<?xml version="1.0" encoding="UTF-8"?>
<!-- Generated by org.testng.reporters.JUnitReportReporter -->
<testsuite hostname="fv-az1114-201" failures="0" tests="1" name="io.kaitai.struct.spec.TestBcdUserTypeBe" time="0.037" errors="0" timestamp="30 Jun 2023 19:28:35 GMT">
  <testcase classname="io.kaitai.struct.spec.TestBcdUserTypeBe" name="testBcdUserTypeBe" time="0.037"/>
</testsuite> <!-- io.kaitai.struct.spec.TestBcdUserTypeBe -->
