<?xml version="1.0" encoding="UTF-8"?>
<!-- Generated by org.testng.reporters.JUnitReportReporter -->
<testsuite hostname="travis-job-1f2e0dfa-ca77-4ded-90f0-87b825325a19" name="io.kaitai.struct.spec.TestValidFailContents" tests="1" failures="0" timestamp="15 Mar 2020 10:09:09 GMT" time="0.003" errors="0">
  <testcase name="testValidFailContents" time="0.003" classname="io.kaitai.struct.spec.TestValidFailContents"/>
</testsuite> <!-- io.kaitai.struct.spec.TestValidFailContents -->
