<?xml version="1.0" encoding="UTF-8"?>
<!-- Generated by org.testng.reporters.JUnitReportReporter -->
<testsuite hostname="travis-job-c8a38111-0621-4376-ab90-f0f95f971e2b" name="io.kaitai.struct.spec.TestProcessRotate" tests="1" failures="0" timestamp="19 Mar 2022 21:42:17 GMT" time="0.000" errors="0">
  <testcase name="testProcessRotate" time="0.000" classname="io.kaitai.struct.spec.TestProcessRotate"/>
</testsuite> <!-- io.kaitai.struct.spec.TestProcessRotate -->
