<?xml version="1.0" encoding="UTF-8"?>
<!-- Generated by org.testng.reporters.JUnitReportReporter -->
<testsuite failures="0" tests="1" name="io.kaitai.struct.spec.TestValidEqStrEncodings" time="0.001" errors="0" timestamp="2 Mar 2024 14:01:49 GMT">
  <testcase classname="io.kaitai.struct.spec.TestValidEqStrEncodings" name="testValidEqStrEncodings" time="0.001"/>
</testsuite> <!-- io.kaitai.struct.spec.TestValidEqStrEncodings -->
