<?xml version="1.0" encoding="UTF-8"?>
<!-- Generated by org.testng.reporters.JUnitReportReporter -->
<testsuite hostname="travis-job-476bde71-c8da-44e2-8938-30eb5860020d" name="io.kaitai.struct.spec.TestStrLiterals2" tests="1" failures="0" timestamp="14 Nov 2021 13:04:39 GMT" time="0.000" errors="0">
  <testcase name="testStrLiterals2" time="0.000" classname="io.kaitai.struct.spec.TestStrLiterals2"/>
</testsuite> <!-- io.kaitai.struct.spec.TestStrLiterals2 -->
