<?xml version="1.0" encoding="UTF-8"?>
<!-- Generated by org.testng.reporters.JUnitReportReporter -->
<testsuite hostname="travis-job-18e67c07-c9b0-40f0-ac1f-f83a9a25c97e" name="io.kaitai.struct.spec.TestSwitchManualIntSizeElse" tests="1" failures="0" timestamp="1 Aug 2022 17:01:11 GMT" time="0.002" errors="0">
  <testcase name="testSwitchManualIntSizeElse" time="0.002" classname="io.kaitai.struct.spec.TestSwitchManualIntSizeElse"/>
</testsuite> <!-- io.kaitai.struct.spec.TestSwitchManualIntSizeElse -->
