<?xml version="1.0" encoding="UTF-8"?>
<!-- Generated by org.testng.reporters.JUnitReportReporter -->
<testsuite hostname="travis-job-d06d628c-77ae-499b-b538-9212e993bd40" failures="0" tests="1" name="io.kaitai.struct.spec.TestStrEncodingsUtf16" time="0.011" errors="0" timestamp="5 May 2022 21:03:04 GMT">
  <testcase classname="io.kaitai.struct.spec.TestStrEncodingsUtf16" name="testStrEncodingsUtf16" time="0.011"/>
</testsuite> <!-- io.kaitai.struct.spec.TestStrEncodingsUtf16 -->
