<?xml version="1.0" encoding="UTF-8"?>
<!-- Generated by org.testng.reporters.JUnitReportReporter -->
<testsuite failures="0" tests="1" name="io.kaitai.struct.spec.TestParamsCallExtraParens" time="0.004" errors="0" timestamp="18 Jul 2023 13:58:13 GMT">
  <testcase classname="io.kaitai.struct.spec.TestParamsCallExtraParens" name="testParamsCallExtraParens" time="0.004"/>
</testsuite> <!-- io.kaitai.struct.spec.TestParamsCallExtraParens -->
