<?xml version="1.0" encoding="UTF-8"?>
<!-- Generated by org.testng.reporters.JUnitReportReporter -->
<testsuite hostname="localhost" name="io.kaitai.struct.spec.TestNavParentFalse2" tests="1" failures="0" timestamp="28 Oct 2020 01:12:20 GMT" time="0.000" errors="0">
  <testcase name="testNavParentFalse2" time="0.000" classname="io.kaitai.struct.spec.TestNavParentFalse2"/>
</testsuite> <!-- io.kaitai.struct.spec.TestNavParentFalse2 -->
