<?xml version="1.0" encoding="UTF-8"?>
<!-- Generated by org.testng.reporters.JUnitReportReporter -->
<testsuite failures="0" tests="1" name="io.kaitai.struct.spec.TestDefaultEndianExprException" time="0.016" errors="0" timestamp="19 Jul 2023 15:05:13 GMT">
  <testcase classname="io.kaitai.struct.spec.TestDefaultEndianExprException" name="testDefaultEndianExprException" time="0.016"/>
</testsuite> <!-- io.kaitai.struct.spec.TestDefaultEndianExprException -->
