<?xml version="1.0" encoding="UTF-8"?>
<!-- Generated by org.testng.reporters.JUnitReportReporter -->
<testsuite name="io.kaitai.struct.spec.TestParamsCallExtraParens" tests="1" failures="0" timestamp="6 Jul 2023 19:35:25 GMT" time="0.006" errors="0">
  <testcase name="testParamsCallExtraParens" time="0.006" classname="io.kaitai.struct.spec.TestParamsCallExtraParens"/>
</testsuite> <!-- io.kaitai.struct.spec.TestParamsCallExtraParens -->
