<?xml version="1.0" encoding="UTF-8"?>
<!-- Generated by org.testng.reporters.JUnitReportReporter -->
<testsuite failures="0" tests="1" name="io.kaitai.struct.spec.TestValidShort" time="0.000" errors="0" timestamp="30 Jul 2023 15:26:53 GMT">
  <testcase classname="io.kaitai.struct.spec.TestValidShort" name="testValidShort" time="0.000"/>
</testsuite> <!-- io.kaitai.struct.spec.TestValidShort -->
