<?xml version="1.0" encoding="UTF-8"?>
<!-- Generated by org.testng.reporters.JUnitReportReporter -->
<testsuite hostname="travis-job-a0dcad58-803c-441d-9e90-04d0e6028b91" name="io.kaitai.struct.spec.TestStrEncodingsDefault" tests="1" failures="0" timestamp="20 Oct 2019 01:13:59 GMT" time="0.025" errors="0">
  <testcase name="testStrEncodingsDefault" time="0.025" classname="io.kaitai.struct.spec.TestStrEncodingsDefault"/>
</testsuite> <!-- io.kaitai.struct.spec.TestStrEncodingsDefault -->
