<?xml version="1.0" encoding="UTF-8"?>
<!-- Generated by org.testng.reporters.JUnitReportReporter -->
<testsuite hostname="travis-job-e4f4e5a7-7392-4dea-b5bd-4b9e52bcb877" name="io.kaitai.struct.spec.TestProcessCustomNoArgs" tests="1" failures="0" timestamp="15 Mar 2020 14:30:26 GMT" time="0.001" errors="0">
  <testcase name="testProcessCustomNoArgs" time="0.001" classname="io.kaitai.struct.spec.TestProcessCustomNoArgs"/>
</testsuite> <!-- io.kaitai.struct.spec.TestProcessCustomNoArgs -->
