<?xml version="1.0" encoding="UTF-8"?>
<!-- Generated by org.testng.reporters.JUnitReportReporter -->
<testsuite hostname="travis-job-cb3fb614-bfa4-4097-9a06-10eb3bdbb007" failures="0" tests="1" name="io.kaitai.struct.spec.TestValidFailEqBytes" time="0.001" errors="0" timestamp="12 Mar 2020 20:26:12 GMT">
  <testcase classname="io.kaitai.struct.spec.TestValidFailEqBytes" name="testValidFailEqBytes" time="0.001"/>
</testsuite> <!-- io.kaitai.struct.spec.TestValidFailEqBytes -->
