<?xml version="1.0" encoding="UTF-8"?>
<!-- Generated by org.testng.reporters.JUnitReportReporter -->
<testsuite hostname="travis-job-cb3fb614-bfa4-4097-9a06-10eb3bdbb007" failures="0" tests="1" name="io.kaitai.struct.spec.TestValidNotParsedIf" time="0.000" errors="0" timestamp="12 Mar 2020 20:26:11 GMT">
  <testcase classname="io.kaitai.struct.spec.TestValidNotParsedIf" name="testValidNotParsedIf" time="0.000"/>
</testsuite> <!-- io.kaitai.struct.spec.TestValidNotParsedIf -->
