<?xml version="1.0" encoding="UTF-8"?>
<!-- Generated by org.testng.reporters.JUnitReportReporter -->
<testsuite hostname="travis-job-023d783f-03b4-4a2d-b2db-01f546e57a37" name="io.kaitai.struct.spec.TestPositionInSeq" tests="1" failures="0" timestamp="10 Dec 2019 21:32:55 GMT" time="0.001" errors="0">
  <testcase name="testPositionInSeq" time="0.001" classname="io.kaitai.struct.spec.TestPositionInSeq"/>
</testsuite> <!-- io.kaitai.struct.spec.TestPositionInSeq -->
