<?xml version="1.0" encoding="UTF-8"?>
<!-- Generated by org.testng.reporters.JUnitReportReporter -->
<testsuite hostname="travis-job-4eaecba8-9db4-4b30-bc88-0e65e871bac7" name="io.kaitai.struct.spec.TestBufferedStruct" tests="1" failures="0" timestamp="11 Mar 2019 20:03:54 GMT" time="0.006" errors="0">
  <testcase name="testBufferedStruct" time="0.006" classname="io.kaitai.struct.spec.TestBufferedStruct"/>
</testsuite> <!-- io.kaitai.struct.spec.TestBufferedStruct -->
