<?xml version="1.0" encoding="UTF-8"?>
<!-- Generated by org.testng.reporters.JUnitReportReporter -->
<testsuite hostname="fv-az446-440" failures="0" tests="1" name="io.kaitai.struct.spec.TestNavRoot" time="0.039" errors="0" timestamp="30 Jun 2023 20:17:09 GMT">
  <testcase classname="io.kaitai.struct.spec.TestNavRoot" name="testNavRoot" time="0.039"/>
</testsuite> <!-- io.kaitai.struct.spec.TestNavRoot -->
