<?xml version="1.0" encoding="UTF-8"?>
<!-- Generated by org.testng.reporters.JUnitReportReporter -->
<testsuite hostname="travis-job-e5d3e786-5d27-42d1-9703-9a1cc38bdee0" failures="0" tests="1" name="io.kaitai.struct.spec.TestStrPadTermEmpty" time="0.001" errors="0" timestamp="17 Jun 2022 12:26:40 GMT">
  <testcase classname="io.kaitai.struct.spec.TestStrPadTermEmpty" name="testStrPadTermEmpty" time="0.001"/>
</testsuite> <!-- io.kaitai.struct.spec.TestStrPadTermEmpty -->
