<?xml version="1.0" encoding="UTF-8"?>
<!-- Generated by org.testng.reporters.JUnitReportReporter -->
<testsuite hostname="travis-job-a2a6d197-a8ba-4f87-8fe9-dda241a0e986" name="io.kaitai.struct.spec.TestInstanceUserArray" tests="1" failures="0" timestamp="15 Feb 2020 19:39:43 GMT" time="0.000" errors="0">
  <testcase name="testInstanceUserArray" time="0.000" classname="io.kaitai.struct.spec.TestInstanceUserArray"/>
</testsuite> <!-- io.kaitai.struct.spec.TestInstanceUserArray -->
