<?xml version="1.0" encoding="UTF-8"?>
<!-- Generated by org.testng.reporters.JUnitReportReporter -->
<testsuite hostname="localhost" name="io.kaitai.struct.spec.TestParamsPassArrayUsertype" tests="1" failures="0" timestamp="24 Aug 2020 07:03:21 GMT" time="0.000" errors="0">
  <testcase name="testParamsPassArrayUsertype" time="0.000" classname="io.kaitai.struct.spec.TestParamsPassArrayUsertype"/>
</testsuite> <!-- io.kaitai.struct.spec.TestParamsPassArrayUsertype -->
