<?xml version="1.0" encoding="UTF-8"?>
<!-- Generated by org.testng.reporters.JUnitReportReporter -->
<testsuite hostname="travis-job-25dbf01c-98fc-4f4c-8fb4-85df8721d457" name="io.kaitai.struct.spec.TestInstanceUserArray" tests="1" failures="0" timestamp="27 Jan 2018 00:35:23 GMT" time="0.005" errors="0">
  <testcase name="testInstanceUserArray" time="0.005" classname="io.kaitai.struct.spec.TestInstanceUserArray"/>
</testsuite> <!-- io.kaitai.struct.spec.TestInstanceUserArray -->
