<?xml version="1.0" encoding="UTF-8"?>
<!-- Generated by org.testng.reporters.JUnitReportReporter -->
<testsuite hostname="testing-gce-8ce35df7-bdf6-4b2a-bb52-9888f7aeb742" name="io.kaitai.struct.spec.TestSwitchCast" tests="1" failures="0" timestamp="28 Aug 2017 18:34:24 GMT" time="0.002" errors="0">
  <testcase name="testSwitchCast" time="0.002" classname="io.kaitai.struct.spec.TestSwitchCast"/>
</testsuite> <!-- io.kaitai.struct.spec.TestSwitchCast -->
