<?xml version="1.0" encoding="UTF-8"?>
<!-- Generated by org.testng.reporters.JUnitReportReporter -->
<testsuite hostname="localhost" name="io.kaitai.struct.spec.TestEnumImport" tests="1" failures="0" timestamp="28 Jul 2022 09:44:16 GMT" time="0.001" errors="0">
  <testcase name="testEnumImport" time="0.001" classname="io.kaitai.struct.spec.TestEnumImport"/>
</testsuite> <!-- io.kaitai.struct.spec.TestEnumImport -->
