<?xml version="1.0" encoding="UTF-8"?>
<!-- Generated by org.testng.reporters.JUnitReportReporter -->
<testsuite hostname="travis-job-a0ad1efb-8473-40ee-ad29-71af55c4d19f" name="io.kaitai.struct.spec.TestEnum0" tests="1" failures="0" timestamp="15 Apr 2019 23:18:52 GMT" time="0.013" errors="0">
  <testcase name="testEnum0" time="0.013" classname="io.kaitai.struct.spec.TestEnum0"/>
</testsuite> <!-- io.kaitai.struct.spec.TestEnum0 -->
