<?xml version="1.0" encoding="UTF-8"?>
<!-- Generated by org.testng.reporters.JUnitReportReporter -->
<testsuite hostname="fv-az620-252" failures="0" tests="1" name="io.kaitai.struct.spec.TestValidFailAnyofInt" time="0.005" errors="0" timestamp="30 Jun 2023 19:33:39 GMT">
  <testcase classname="io.kaitai.struct.spec.TestValidFailAnyofInt" name="testValidFailAnyofInt" time="0.005"/>
</testsuite> <!-- io.kaitai.struct.spec.TestValidFailAnyofInt -->
