<?xml version="1.0" encoding="UTF-8"?>
<!-- Generated by org.testng.reporters.JUnitReportReporter -->
<testsuite hostname="localhost" name="io.kaitai.struct.spec.TestProcessRepeatUsertype" tests="1" failures="0" timestamp="21 Apr 2020 21:22:22 GMT" time="0.000" errors="0">
  <testcase name="testProcessRepeatUsertype" time="0.000" classname="io.kaitai.struct.spec.TestProcessRepeatUsertype"/>
</testsuite> <!-- io.kaitai.struct.spec.TestProcessRepeatUsertype -->
