<?xml version="1.0" encoding="UTF-8"?>
<!-- Generated by org.testng.reporters.JUnitReportReporter -->
<testsuite hostname="localhost" name="io.kaitai.struct.spec.TestNavParentSwitch" tests="1" failures="0" timestamp="15 Mar 2020 10:10:11 GMT" time="0.020" errors="0">
  <testcase name="testNavParentSwitch" time="0.020" classname="io.kaitai.struct.spec.TestNavParentSwitch"/>
</testsuite> <!-- io.kaitai.struct.spec.TestNavParentSwitch -->
