<?xml version="1.0" encoding="UTF-8"?>
<!-- Generated by org.testng.reporters.JUnitReportReporter -->
<testsuite hostname="travis-job-d63fb4d4-d836-43ea-b824-386835c32f0a" name="io.kaitai.struct.spec.TestPositionInSeq" tests="1" failures="0" timestamp="16 Nov 2018 22:02:30 GMT" time="0.004" errors="0">
  <testcase name="testPositionInSeq" time="0.004" classname="io.kaitai.struct.spec.TestPositionInSeq"/>
</testsuite> <!-- io.kaitai.struct.spec.TestPositionInSeq -->
