<?xml version="1.0" encoding="UTF-8"?>
<!-- Generated by org.testng.reporters.JUnitReportReporter -->
<testsuite hostname="travis-job-581625e1-512d-4391-ac11-d5d448a74f81" failures="0" tests="1" name="io.kaitai.struct.spec.TestExprSizeofValue0" time="0.000" errors="0" timestamp="1 Aug 2020 15:51:49 GMT">
  <testcase classname="io.kaitai.struct.spec.TestExprSizeofValue0" name="testExprSizeofValue0" time="0.000"/>
</testsuite> <!-- io.kaitai.struct.spec.TestExprSizeofValue0 -->
