<?xml version="1.0" encoding="UTF-8"?>
<!-- Generated by org.testng.reporters.JUnitReportReporter -->
<testsuite name="io.kaitai.struct.spec.TestIfValues" tests="1" failures="0" timestamp="4 Aug 2023 18:55:41 GMT" time="0.000" errors="0">
  <testcase name="testIfValues" time="0.000" classname="io.kaitai.struct.spec.TestIfValues"/>
</testsuite> <!-- io.kaitai.struct.spec.TestIfValues -->
