<?xml version="1.0" encoding="UTF-8"?>
<!-- Generated by org.testng.reporters.JUnitReportReporter -->
<testsuite hostname="localhost" name="io.kaitai.struct.spec.TestRepeatNStruct" tests="1" failures="0" timestamp="19 Jan 2020 14:37:16 GMT" time="0.005" errors="0">
  <testcase name="testRepeatNStruct" time="0.005" classname="io.kaitai.struct.spec.TestRepeatNStruct"/>
</testsuite> <!-- io.kaitai.struct.spec.TestRepeatNStruct -->
