<?xml version="1.0" encoding="UTF-8"?>
<!-- Generated by org.testng.reporters.JUnitReportReporter -->
<testsuite hostname="fv-az622-74" failures="0" tests="1" name="io.kaitai.struct.spec.TestNavParentSwitch" time="0.013" errors="0" timestamp="3 Jul 2023 08:33:05 GMT">
  <testcase classname="io.kaitai.struct.spec.TestNavParentSwitch" name="testNavParentSwitch" time="0.013"/>
</testsuite> <!-- io.kaitai.struct.spec.TestNavParentSwitch -->
