<?xml version="1.0" encoding="UTF-8"?>
<!-- Generated by org.testng.reporters.JUnitReportReporter -->
<testsuite hostname="travis-job-0523019a-65cf-4dea-8f69-18a2e78d0f18" failures="0" tests="1" name="io.kaitai.struct.spec.TestIoLocalVar" time="0.001" errors="0" timestamp="11 Jun 2020 18:07:27 GMT">
  <testcase classname="io.kaitai.struct.spec.TestIoLocalVar" name="testIoLocalVar" time="0.001"/>
</testsuite> <!-- io.kaitai.struct.spec.TestIoLocalVar -->
