<?xml version="1.0" encoding="UTF-8"?>
<!-- Generated by org.testng.reporters.JUnitReportReporter -->
<testsuite hostname="localhost" name="io.kaitai.struct.spec.TestStrCombine" tests="1" failures="0" timestamp="2 Mar 2020 22:02:08 GMT" time="0.001" errors="0">
  <testcase name="testStrCombine" time="0.001" classname="io.kaitai.struct.spec.TestStrCombine"/>
</testsuite> <!-- io.kaitai.struct.spec.TestStrCombine -->
