<?xml version="1.0" encoding="UTF-8"?>
<!-- Generated by org.testng.reporters.JUnitReportReporter -->
<testsuite hostname="travis-job-8f908b62-d33c-444d-ab32-7345c0cf8190" name="io.kaitai.struct.spec.TestSwitchManualStrElse" tests="1" failures="0" timestamp="27 Apr 2019 21:17:46 GMT" time="0.002" errors="0">
  <testcase name="testSwitchManualStrElse" time="0.002" classname="io.kaitai.struct.spec.TestSwitchManualStrElse"/>
</testsuite> <!-- io.kaitai.struct.spec.TestSwitchManualStrElse -->
