<?xml version="1.0" encoding="UTF-8"?>
<!-- Generated by org.testng.reporters.JUnitReportReporter -->
<testsuite hostname="travis-job-1e3478f8-ccf2-419e-ba15-2ff519dffe6d" name="io.kaitai.struct.spec.TestValidSwitch" tests="1" failures="0" timestamp="9 Apr 2020 21:14:02 GMT" time="0.001" errors="0">
  <testcase name="testValidSwitch" time="0.001" classname="io.kaitai.struct.spec.TestValidSwitch"/>
</testsuite> <!-- io.kaitai.struct.spec.TestValidSwitch -->
