<?xml version="1.0" encoding="UTF-8"?>
<!-- Generated by org.testng.reporters.JUnitReportReporter -->
<testsuite failures="0" tests="1" name="io.kaitai.struct.spec.TestBitsSeqEndianCombo" time="0.001" errors="0" timestamp="5 Jul 2023 11:41:49 GMT">
  <testcase classname="io.kaitai.struct.spec.TestBitsSeqEndianCombo" name="testBitsSeqEndianCombo" time="0.001"/>
</testsuite> <!-- io.kaitai.struct.spec.TestBitsSeqEndianCombo -->
