<?xml version="1.0" encoding="UTF-8"?>
<!-- Generated by org.testng.reporters.JUnitReportReporter -->
<testsuite hostname="travis-job-7d9e8f84-98a6-4e03-bca6-4b9074e22b23" name="io.kaitai.struct.spec.TestValidFailInst" tests="1" failures="0" timestamp="4 Apr 2020 06:03:37 GMT" time="0.001" errors="0">
  <testcase name="testValidFailInst" time="0.001" classname="io.kaitai.struct.spec.TestValidFailInst"/>
</testsuite> <!-- io.kaitai.struct.spec.TestValidFailInst -->
