<?xml version="1.0" encoding="UTF-8"?>
<!-- Generated by org.testng.reporters.JUnitReportReporter -->
<testsuite hostname="localhost" name="io.kaitai.struct.spec.TestSwitchManualIntElse" tests="1" failures="0" timestamp="1 Jan 2020 06:35:23 GMT" time="0.002" errors="0">
  <testcase name="testSwitchManualIntElse" time="0.002" classname="io.kaitai.struct.spec.TestSwitchManualIntElse"/>
</testsuite> <!-- io.kaitai.struct.spec.TestSwitchManualIntElse -->
