<?xml version="1.0" encoding="UTF-8"?>
<!-- Generated by org.testng.reporters.JUnitReportReporter -->
<testsuite hostname="localhost" name="io.kaitai.struct.spec.TestNestedTypes2" tests="1" failures="0" timestamp="31 Mar 2020 06:36:02 GMT" time="0.002" errors="0">
  <testcase name="testNestedTypes2" time="0.002" classname="io.kaitai.struct.spec.TestNestedTypes2"/>
</testsuite> <!-- io.kaitai.struct.spec.TestNestedTypes2 -->
