<?xml version="1.0" encoding="UTF-8"?>
<!-- Generated by org.testng.reporters.JUnitReportReporter -->
<testsuite hostname="testing-gce-6ea2bf17-0236-4043-ab9e-a9b63a1322b9" name="io.kaitai.struct.spec.TestBcdUserTypeLe" tests="1" failures="0" timestamp="5 May 2017 09:37:45 GMT" time="0.002" errors="0">
  <testcase name="testBcdUserTypeLe" time="0.002" classname="io.kaitai.struct.spec.TestBcdUserTypeLe"/>
</testsuite> <!-- io.kaitai.struct.spec.TestBcdUserTypeLe -->
