<?xml version="1.0" encoding="UTF-8"?>
<!-- Generated by org.testng.reporters.JUnitReportReporter -->
<testsuite hostname="travis-job-d6f8231b-e3cd-4459-ada7-5e196b2c8f81" name="io.kaitai.struct.spec.TestStrPadTermEmpty" tests="1" failures="0" timestamp="10 Apr 2018 23:57:33 GMT" time="0.001" errors="0">
  <testcase name="testStrPadTermEmpty" time="0.001" classname="io.kaitai.struct.spec.TestStrPadTermEmpty"/>
</testsuite> <!-- io.kaitai.struct.spec.TestStrPadTermEmpty -->
