<?xml version="1.0" encoding="UTF-8"?>
<!-- Generated by org.testng.reporters.JUnitReportReporter -->
<testsuite hostname="travis-job-5a0042aa-2e27-45eb-a6ab-f508229d049e" failures="0" tests="1" name="io.kaitai.struct.spec.TestStrCombine" time="0.001" errors="0" timestamp="16 Mar 2020 19:47:22 GMT">
  <testcase classname="io.kaitai.struct.spec.TestStrCombine" name="testStrCombine" time="0.001"/>
</testsuite> <!-- io.kaitai.struct.spec.TestStrCombine -->
