<?xml version="1.0" encoding="UTF-8"?>
<!-- Generated by org.testng.reporters.JUnitReportReporter -->
<testsuite hostname="travis-job-cc85c508-ecb3-4519-8271-6c0013dcfe5c" failures="0" tests="1" name="io.kaitai.struct.spec.TestFixedStruct" time="0.004" errors="0" timestamp="28 Jun 2023 16:36:09 GMT">
  <testcase classname="io.kaitai.struct.spec.TestFixedStruct" name="testFixedStruct" time="0.004"/>
</testsuite> <!-- io.kaitai.struct.spec.TestFixedStruct -->
