<?xml version="1.0" encoding="UTF-8"?>
<!-- Generated by org.testng.reporters.JUnitReportReporter -->
<testsuite hostname="testing-gce-79b8fcd0-7f78-4852-b3b1-194b02f0ff28" name="io.kaitai.struct.spec.TestNavParent" tests="1" failures="0" timestamp="5 Aug 2017 07:12:27 GMT" time="0.007" errors="0">
  <testcase name="testNavParent" time="0.007" classname="io.kaitai.struct.spec.TestNavParent"/>
</testsuite> <!-- io.kaitai.struct.spec.TestNavParent -->
