<?xml version="1.0" encoding="UTF-8"?>
<!-- Generated by org.testng.reporters.JUnitReportReporter -->
<testsuite name="io.kaitai.struct.spec.TestNavParent2" tests="1" failures="0" timestamp="5 Jul 2023 16:14:11 GMT" time="0.004" errors="0">
  <testcase name="testNavParent2" time="0.004" classname="io.kaitai.struct.spec.TestNavParent2"/>
</testsuite> <!-- io.kaitai.struct.spec.TestNavParent2 -->
