<?xml version="1.0" encoding="UTF-8"?>
<!-- Generated by org.testng.reporters.JUnitReportReporter -->
<testsuite failures="0" tests="1" name="io.kaitai.struct.spec.TestRepeatUntilCalcArrayType" time="0.002" errors="0" timestamp="4 Nov 2023 09:50:40 GMT">
  <testcase classname="io.kaitai.struct.spec.TestRepeatUntilCalcArrayType" name="testRepeatUntilCalcArrayType" time="0.002"/>
</testsuite> <!-- io.kaitai.struct.spec.TestRepeatUntilCalcArrayType -->
