<?xml version="1.0" encoding="UTF-8"?>
<!-- Generated by org.testng.reporters.JUnitReportReporter -->
<testsuite failures="0" tests="1" name="io.kaitai.struct.spec.TestExprIoPos" time="0.026" errors="0" timestamp="29 Feb 2024 20:40:03 GMT">
  <testcase classname="io.kaitai.struct.spec.TestExprIoPos" name="testExprIoPos" time="0.026"/>
</testsuite> <!-- io.kaitai.struct.spec.TestExprIoPos -->
