<?xml version="1.0" encoding="UTF-8"?>
<!-- Generated by org.testng.reporters.JUnitReportReporter -->
<testsuite hostname="travis-job-29d74ff9-efc5-4fd6-bcf2-d7cb2ff4f271" name="io.kaitai.struct.spec.TestSwitchCast" tests="1" failures="0" timestamp="10 Apr 2020 09:39:36 GMT" time="0.002" errors="0">
  <testcase name="testSwitchCast" time="0.002" classname="io.kaitai.struct.spec.TestSwitchCast"/>
</testsuite> <!-- io.kaitai.struct.spec.TestSwitchCast -->
