<?xml version="1.0" encoding="UTF-8"?>
<!-- Generated by org.testng.reporters.JUnitReportReporter -->
<testsuite hostname="travis-job-2a3e9102-c590-4a06-856f-851bbda6fa68" failures="0" tests="1" name="io.kaitai.struct.spec.TestNestedTypes3" time="0.002" errors="0" timestamp="10 Apr 2020 09:41:23 GMT">
  <testcase classname="io.kaitai.struct.spec.TestNestedTypes3" name="testNestedTypes3" time="0.002"/>
</testsuite> <!-- io.kaitai.struct.spec.TestNestedTypes3 -->
