<?xml version="1.0" encoding="UTF-8"?>
<!-- Generated by org.testng.reporters.JUnitReportReporter -->
<testsuite hostname="travis-job-d0129ba3-ae13-41b9-bd26-f675174f27d0" name="io.kaitai.struct.spec.TestParamsDef" tests="1" failures="0" timestamp="26 Jul 2020 21:33:38 GMT" time="0.000" errors="0">
  <testcase name="testParamsDef" time="0.000" classname="io.kaitai.struct.spec.TestParamsDef"/>
</testsuite> <!-- io.kaitai.struct.spec.TestParamsDef -->
