<?xml version="1.0" encoding="UTF-8"?>
<!-- Generated by org.testng.reporters.JUnitReportReporter -->
<testsuite hostname="travis-job-90065638-8f34-48eb-98b2-cc0494c06514" name="io.kaitai.struct.spec.TestSwitchManualInt" tests="1" failures="0" timestamp="10 Apr 2018 22:27:41 GMT" time="0.002" errors="0">
  <testcase name="testSwitchManualInt" time="0.002" classname="io.kaitai.struct.spec.TestSwitchManualInt"/>
</testsuite> <!-- io.kaitai.struct.spec.TestSwitchManualInt -->
