<?xml version="1.0" encoding="UTF-8"?>
<!-- Generated by org.testng.reporters.JUnitReportReporter -->
<testsuite name="io.kaitai.struct.spec.TestImports0" tests="1" failures="0" timestamp="21 Jul 2023 09:38:55 GMT" time="0.000" errors="0">
  <testcase name="testImports0" time="0.000" classname="io.kaitai.struct.spec.TestImports0"/>
</testsuite> <!-- io.kaitai.struct.spec.TestImports0 -->
