<?xml version="1.0" encoding="UTF-8"?>
<!-- Generated by org.testng.reporters.JUnitReportReporter -->
<testsuite hostname="travis-job-bba10ba8-122f-482b-9523-ee4310725de3" name="io.kaitai.struct.spec.TestSwitchRepeatExpr" tests="1" failures="0" timestamp="4 Mar 2019 17:24:50 GMT" time="0.001" errors="0">
  <testcase name="testSwitchRepeatExpr" time="0.001" classname="io.kaitai.struct.spec.TestSwitchRepeatExpr"/>
</testsuite> <!-- io.kaitai.struct.spec.TestSwitchRepeatExpr -->
