<?xml version="1.0" encoding="UTF-8"?>
<!-- Generated by org.testng.reporters.JUnitReportReporter -->
<testsuite hostname="travis-job-aec99a30-6c95-4167-ae55-1f35735e4224" name="io.kaitai.struct.spec.TestImportsRel1" tests="1" failures="0" timestamp="18 Mar 2019 12:14:41 GMT" time="0.002" errors="0">
  <testcase name="testImportsRel1" time="0.002" classname="io.kaitai.struct.spec.TestImportsRel1"/>
</testsuite> <!-- io.kaitai.struct.spec.TestImportsRel1 -->
