<?xml version="1.0" encoding="UTF-8"?>
<!-- Generated by org.testng.reporters.JUnitReportReporter -->
<testsuite failures="0" tests="1" name="io.kaitai.struct.spec.TestBcdUserTypeBe" time="0.029" errors="0" timestamp="4 Mar 2024 00:00:45 GMT">
  <testcase classname="io.kaitai.struct.spec.TestBcdUserTypeBe" name="testBcdUserTypeBe" time="0.029"/>
</testsuite> <!-- io.kaitai.struct.spec.TestBcdUserTypeBe -->
