<?xml version="1.0" encoding="UTF-8"?>
<!-- Generated by org.testng.reporters.JUnitReportReporter -->
<testsuite hostname="travis-job-05671396-ca0b-46e0-a927-7758fa26ea66" name="io.kaitai.struct.spec.TestStrEncodingsDefault" tests="1" failures="0" timestamp="12 Apr 2019 05:23:27 GMT" time="0.016" errors="0">
  <testcase name="testStrEncodingsDefault" time="0.016" classname="io.kaitai.struct.spec.TestStrEncodingsDefault"/>
</testsuite> <!-- io.kaitai.struct.spec.TestStrEncodingsDefault -->
