<?xml version="1.0" encoding="UTF-8"?>
<!-- Generated by org.testng.reporters.JUnitReportReporter -->
<testsuite hostname="localhost" name="io.kaitai.struct.spec.TestExprSizeofValueSized" tests="1" failures="0" timestamp="9 Apr 2020 20:42:24 GMT" time="0.001" errors="0">
  <testcase name="testExprSizeofValueSized" time="0.001" classname="io.kaitai.struct.spec.TestExprSizeofValueSized"/>
</testsuite> <!-- io.kaitai.struct.spec.TestExprSizeofValueSized -->
