<?xml version="1.0" encoding="UTF-8"?>
<!-- Generated by org.testng.reporters.JUnitReportReporter -->
<testsuite hostname="travis-job-d30136ca-5cf6-401b-bbc8-81a8ef33aa3e" name="io.kaitai.struct.spec.TestIfStruct" tests="1" failures="0" timestamp="4 Mar 2019 11:25:25 GMT" time="0.002" errors="0">
  <testcase name="testIfStruct" time="0.002" classname="io.kaitai.struct.spec.TestIfStruct"/>
</testsuite> <!-- io.kaitai.struct.spec.TestIfStruct -->
