<?xml version="1.0" encoding="UTF-8"?>
<!-- Generated by org.testng.reporters.JUnitReportReporter -->
<testsuite hostname="travis-job-c843b8b6-6bc0-493f-8287-17c94dda387b" name="io.kaitai.struct.spec.TestRepeatEosU4" tests="1" failures="0" timestamp="7 Oct 2019 04:56:39 GMT" time="0.001" errors="0">
  <testcase name="testRepeatEosU4" time="0.001" classname="io.kaitai.struct.spec.TestRepeatEosU4"/>
</testsuite> <!-- io.kaitai.struct.spec.TestRepeatEosU4 -->
