<?xml version="1.0" encoding="UTF-8"?>
<!-- Generated by org.testng.reporters.JUnitReportReporter -->
<testsuite hostname="travis-job-66a8fdbc-14b1-4cb6-b399-dc11fcf97d77" failures="0" tests="1" name="io.kaitai.struct.spec.TestRepeatEosBit" time="0.002" errors="0" timestamp="6 Nov 2021 19:48:35 GMT">
  <testcase classname="io.kaitai.struct.spec.TestRepeatEosBit" name="testRepeatEosBit" time="0.002"/>
</testsuite> <!-- io.kaitai.struct.spec.TestRepeatEosBit -->
