<?xml version="1.0" encoding="UTF-8"?>
<!-- Generated by org.testng.reporters.JUnitReportReporter -->
<testsuite name="io.kaitai.struct.spec.TestProcessCustom" tests="1" failures="0" timestamp="2 Aug 2023 17:40:39 GMT" time="0.011" errors="0">
  <testcase name="testProcessCustom" time="0.011" classname="io.kaitai.struct.spec.TestProcessCustom"/>
</testsuite> <!-- io.kaitai.struct.spec.TestProcessCustom -->
