<?xml version="1.0" encoding="UTF-8"?>
<!-- Generated by org.testng.reporters.JUnitReportReporter -->
<testsuite hostname="testing-gce-f4596adf-8bfc-460f-a0a5-00917a498c65" name="io.kaitai.struct.spec.TestProcessXorConst" tests="1" failures="0" timestamp="13 Aug 2017 14:25:17 GMT" time="0.008" errors="0">
  <testcase name="testProcessXorConst" time="0.008" classname="io.kaitai.struct.spec.TestProcessXorConst"/>
</testsuite> <!-- io.kaitai.struct.spec.TestProcessXorConst -->
