<?xml version="1.0" encoding="UTF-8"?>
<!-- Generated by org.testng.reporters.JUnitReportReporter -->
<testsuite hostname="testing-gce-e351cedf-1c65-43d9-9e00-103d329e90eb" name="io.kaitai.struct.spec.TestInstanceStd" tests="1" failures="0" timestamp="27 Jun 2017 12:15:43 GMT" time="0.000" errors="0">
  <testcase name="testInstanceStd" time="0.000" classname="io.kaitai.struct.spec.TestInstanceStd"/>
</testsuite> <!-- io.kaitai.struct.spec.TestInstanceStd -->
