<?xml version="1.0" encoding="UTF-8"?>
<!-- Generated by org.testng.reporters.JUnitReportReporter -->
<testsuite hostname="travis-job-a46d43b3-8fc3-44df-88a8-45bea9324c4d" name="io.kaitai.struct.spec.TestPositionToEnd" tests="1" failures="0" timestamp="2 Mar 2021 19:58:10 GMT" time="0.001" errors="0">
  <testcase name="testPositionToEnd" time="0.001" classname="io.kaitai.struct.spec.TestPositionToEnd"/>
</testsuite> <!-- io.kaitai.struct.spec.TestPositionToEnd -->
