<?xml version="1.0" encoding="UTF-8"?>
<!-- Generated by org.testng.reporters.JUnitReportReporter -->
<testsuite hostname="localhost" name="io.kaitai.struct.spec.TestNavParentSwitchCast" tests="1" failures="0" timestamp="6 Apr 2020 20:18:32 GMT" time="0.014" errors="0">
  <testcase name="testNavParentSwitchCast" time="0.014" classname="io.kaitai.struct.spec.TestNavParentSwitchCast"/>
</testsuite> <!-- io.kaitai.struct.spec.TestNavParentSwitchCast -->
