<?xml version="1.0" encoding="UTF-8"?>
<!-- Generated by org.testng.reporters.JUnitReportReporter -->
<testsuite hostname="localhost" name="io.kaitai.struct.spec.TestIfStruct" tests="1" failures="0" timestamp="8 Mar 2020 21:33:27 GMT" time="0.004" errors="0">
  <testcase name="testIfStruct" time="0.004" classname="io.kaitai.struct.spec.TestIfStruct"/>
</testsuite> <!-- io.kaitai.struct.spec.TestIfStruct -->
