<?xml version="1.0" encoding="UTF-8"?>
<!-- Generated by org.testng.reporters.JUnitReportReporter -->
<testsuite hostname="travis-job-4c932a93-2cfd-4d42-84ca-13ed409e924b" name="io.kaitai.struct.spec.TestMetaXref" tests="1" failures="0" timestamp="29 Apr 2020 22:39:09 GMT" time="0.000" errors="0">
  <testcase name="testMetaXref" time="0.000" classname="io.kaitai.struct.spec.TestMetaXref"/>
</testsuite> <!-- io.kaitai.struct.spec.TestMetaXref -->
