<?xml version="1.0" encoding="UTF-8"?>
<!-- Generated by org.testng.reporters.JUnitReportReporter -->
<testsuite failures="0" tests="1" name="io.kaitai.struct.spec.TestHelloWorld" time="0.000" errors="0" timestamp="21 Jul 2023 17:07:00 GMT">
  <testcase classname="io.kaitai.struct.spec.TestHelloWorld" name="testHelloWorld" time="0.000"/>
</testsuite> <!-- io.kaitai.struct.spec.TestHelloWorld -->
