<?xml version="1.0" encoding="UTF-8"?>
<!-- Generated by org.testng.reporters.JUnitReportReporter -->
<testsuite name="io.kaitai.struct.spec.TestExpr2" tests="1" failures="0" timestamp="30 Jul 2023 15:26:57 GMT" time="0.002" errors="0">
  <testcase name="testExpr2" time="0.002" classname="io.kaitai.struct.spec.TestExpr2"/>
</testsuite> <!-- io.kaitai.struct.spec.TestExpr2 -->
