<?xml version="1.0" encoding="UTF-8"?>
<!-- Generated by org.testng.reporters.JUnitReportReporter -->
<testsuite hostname="localhost" name="io.kaitai.struct.spec.TestEnumDeepLiterals" tests="1" failures="0" timestamp="9 Apr 2020 21:15:11 GMT" time="0.001" errors="0">
  <testcase name="testEnumDeepLiterals" time="0.001" classname="io.kaitai.struct.spec.TestEnumDeepLiterals"/>
</testsuite> <!-- io.kaitai.struct.spec.TestEnumDeepLiterals -->
