<?xml version="1.0" encoding="UTF-8"?>
<!-- Generated by org.testng.reporters.JUnitReportReporter -->
<testsuite hostname="travis-job-445fa113-e2de-4b25-b3d5-a1b526e13580" name="io.kaitai.struct.spec.TestImportsAbsAbs" tests="1" failures="0" timestamp="15 Oct 2019 16:15:00 GMT" time="0.001" errors="0">
  <testcase name="testImportsAbsAbs" time="0.001" classname="io.kaitai.struct.spec.TestImportsAbsAbs"/>
</testsuite> <!-- io.kaitai.struct.spec.TestImportsAbsAbs -->
