<?xml version="1.0" encoding="UTF-8"?>
<!-- Generated by org.testng.reporters.JUnitReportReporter -->
<testsuite hostname="localhost" name="io.kaitai.struct.spec.TestNestedTypes3" tests="1" failures="0" timestamp="6 Nov 2020 10:14:07 GMT" time="0.002" errors="0">
  <testcase name="testNestedTypes3" time="0.002" classname="io.kaitai.struct.spec.TestNestedTypes3"/>
</testsuite> <!-- io.kaitai.struct.spec.TestNestedTypes3 -->
