<?xml version="1.0" encoding="UTF-8"?>
<!-- Generated by org.testng.reporters.JUnitReportReporter -->
<testsuite hostname="travis-job-05f867dd-085c-4dfe-a8e6-80d9bdb202dc" name="io.kaitai.struct.spec.TestValidNotParsedIf" tests="1" failures="0" timestamp="16 Apr 2020 22:12:48 GMT" time="0.047" errors="0">
  <testcase name="testValidNotParsedIf" time="0.047" classname="io.kaitai.struct.spec.TestValidNotParsedIf"/>
</testsuite> <!-- io.kaitai.struct.spec.TestValidNotParsedIf -->
