<?xml version="1.0" encoding="UTF-8"?>
<!-- Generated by org.testng.reporters.JUnitReportReporter -->
<testsuite hostname="travis-job-5576b432-3862-418f-8c78-bd33deb46eff" name="io.kaitai.struct.spec.TestValidFailEqBytes" tests="1" failures="0" timestamp="10 Apr 2020 11:05:53 GMT" time="0.001" errors="0">
  <testcase name="testValidFailEqBytes" time="0.001" classname="io.kaitai.struct.spec.TestValidFailEqBytes"/>
</testsuite> <!-- io.kaitai.struct.spec.TestValidFailEqBytes -->
