<?xml version="1.0" encoding="UTF-8"?>
<!-- Generated by org.testng.reporters.JUnitReportReporter -->
<testsuite hostname="travis-job-047c8a03-402f-4640-bd2e-76252519589d" name="io.kaitai.struct.spec.TestEnum0" tests="1" failures="0" timestamp="17 Apr 2018 14:07:56 GMT" time="0.015" errors="0">
  <testcase name="testEnum0" time="0.015" classname="io.kaitai.struct.spec.TestEnum0"/>
</testsuite> <!-- io.kaitai.struct.spec.TestEnum0 -->
