<?xml version="1.0" encoding="UTF-8"?>
<!-- Generated by org.testng.reporters.JUnitReportReporter -->
<testsuite hostname="travis-job-1f2e0dfa-ca77-4ded-90f0-87b825325a19" name="io.kaitai.struct.spec.TestEnumLongRangeU" tests="1" failures="0" timestamp="15 Mar 2020 10:09:09 GMT" time="0.001" errors="0">
  <testcase name="testEnumLongRangeU" time="0.001" classname="io.kaitai.struct.spec.TestEnumLongRangeU"/>
</testsuite> <!-- io.kaitai.struct.spec.TestEnumLongRangeU -->
