<?xml version="1.0" encoding="UTF-8"?>
<!-- Generated by org.testng.reporters.JUnitReportReporter -->
<testsuite hostname="travis-job-1969882c-36ff-4dd3-8120-4f9923dc39aa" name="io.kaitai.struct.spec.TestValidNotParsedIf" tests="1" failures="0" timestamp="13 Apr 2020 20:30:45 GMT" time="0.044" errors="0">
  <testcase name="testValidNotParsedIf" time="0.044" classname="io.kaitai.struct.spec.TestValidNotParsedIf"/>
</testsuite> <!-- io.kaitai.struct.spec.TestValidNotParsedIf -->
