<?xml version="1.0" encoding="UTF-8"?>
<!-- Generated by org.testng.reporters.JUnitReportReporter -->
<testsuite hostname="travis-job-263b4025-dbcc-4e71-823b-966ffbc48ed5" failures="0" tests="1" name="io.kaitai.struct.spec.TestValidFailInst" time="0.057" errors="0" timestamp="29 Mar 2020 09:17:52 GMT">
  <testcase classname="io.kaitai.struct.spec.TestValidFailInst" name="testValidFailInst" time="0.057"/>
</testsuite> <!-- io.kaitai.struct.spec.TestValidFailInst -->
