<?xml version="1.0" encoding="UTF-8"?>
<!-- Generated by org.testng.reporters.JUnitReportReporter -->
<testsuite hostname="testing-gce-4ce901e3-3f28-4160-87c3-0872c8a85ed5" name="io.kaitai.struct.spec.TestPositionToEnd" tests="1" failures="0" timestamp="29 Aug 2017 19:30:49 GMT" time="0.001" errors="0">
  <testcase name="testPositionToEnd" time="0.001" classname="io.kaitai.struct.spec.TestPositionToEnd"/>
</testsuite> <!-- io.kaitai.struct.spec.TestPositionToEnd -->
