<?xml version="1.0" encoding="UTF-8"?>
<!-- Generated by org.testng.reporters.JUnitReportReporter -->
<testsuite hostname="travis-job-581625e1-512d-4391-ac11-d5d448a74f81" failures="0" tests="1" name="io.kaitai.struct.spec.TestExpr2" time="0.007" errors="0" timestamp="1 Aug 2020 15:51:49 GMT">
  <testcase classname="io.kaitai.struct.spec.TestExpr2" name="testExpr2" time="0.007"/>
</testsuite> <!-- io.kaitai.struct.spec.TestExpr2 -->
