<?xml version="1.0" encoding="UTF-8"?>
<!-- Generated by org.testng.reporters.JUnitReportReporter -->
<testsuite name="io.kaitai.struct.spec.TestParamsEnum" tests="1" failures="0" timestamp="21 Feb 2024 14:49:33 GMT" time="0.001" errors="0">
  <testcase name="testParamsEnum" time="0.001" classname="io.kaitai.struct.spec.TestParamsEnum"/>
</testsuite> <!-- io.kaitai.struct.spec.TestParamsEnum -->
