<?xml version="1.0" encoding="UTF-8"?>
<!-- Generated by org.testng.reporters.JUnitReportReporter -->
<testsuite hostname="travis-job-6de66155-e0d2-428d-8ec5-5ebf5b8aafba" name="io.kaitai.struct.spec.TestImportsAbsAbs" tests="1" failures="0" timestamp="11 Mar 2019 22:25:42 GMT" time="0.002" errors="0">
  <testcase name="testImportsAbsAbs" time="0.002" classname="io.kaitai.struct.spec.TestImportsAbsAbs"/>
</testsuite> <!-- io.kaitai.struct.spec.TestImportsAbsAbs -->
