<?xml version="1.0" encoding="UTF-8"?>
<!-- Generated by org.testng.reporters.JUnitReportReporter -->
<testsuite hostname="travis-job-995bb45d-f28a-49af-93a7-e89fb6222706" failures="0" tests="1" name="io.kaitai.struct.spec.TestValidFailMaxInt" time="0.008" errors="0" timestamp="31 Mar 2020 09:10:17 GMT">
  <testcase classname="io.kaitai.struct.spec.TestValidFailMaxInt" name="testValidFailMaxInt" time="0.008"/>
</testsuite> <!-- io.kaitai.struct.spec.TestValidFailMaxInt -->
