<?xml version="1.0" encoding="UTF-8"?>
<!-- Generated by org.testng.reporters.JUnitReportReporter -->
<testsuite name="io.kaitai.struct.spec.TestDocstrings" tests="1" failures="0" timestamp="21 Feb 2024 15:14:02 GMT" time="0.017" errors="0">
  <testcase name="testDocstrings" time="0.017" classname="io.kaitai.struct.spec.TestDocstrings"/>
</testsuite> <!-- io.kaitai.struct.spec.TestDocstrings -->
