<?xml version="1.0" encoding="UTF-8"?>
<!-- Generated by org.testng.reporters.JUnitReportReporter -->
<testsuite hostname="travis-job-f608e75e-3a6e-4725-ad40-b818dc9784f0" failures="0" tests="1" name="io.kaitai.struct.spec.TestMultipleUse" time="0.001" errors="0" timestamp="15 Mar 2020 14:32:13 GMT">
  <testcase classname="io.kaitai.struct.spec.TestMultipleUse" name="testMultipleUse" time="0.001"/>
</testsuite> <!-- io.kaitai.struct.spec.TestMultipleUse -->
