<?xml version="1.0" encoding="UTF-8"?>
<!-- Generated by org.testng.reporters.JUnitReportReporter -->
<testsuite hostname="travis-job-f3f15de0-bbfe-49e4-ad26-92ac6404042c" name="io.kaitai.struct.spec.TestImportsAbsRel" tests="1" failures="0" timestamp="27 Apr 2019 17:18:10 GMT" time="0.001" errors="0">
  <testcase name="testImportsAbsRel" time="0.001" classname="io.kaitai.struct.spec.TestImportsAbsRel"/>
</testsuite> <!-- io.kaitai.struct.spec.TestImportsAbsRel -->
