<?xml version="1.0" encoding="UTF-8"?>
<!-- Generated by org.testng.reporters.JUnitReportReporter -->
<testsuite failures="0" tests="1" name="io.kaitai.struct.spec.TestNestedTypes" time="0.004" errors="0" timestamp="6 Jul 2023 19:35:26 GMT">
  <testcase classname="io.kaitai.struct.spec.TestNestedTypes" name="testNestedTypes" time="0.004"/>
</testsuite> <!-- io.kaitai.struct.spec.TestNestedTypes -->
