<?xml version="1.0" encoding="UTF-8"?>
<!-- Generated by org.testng.reporters.JUnitReportReporter -->
<testsuite hostname="testing-gce-42088b67-8a63-4fb3-9d90-0de2a7c9d5c6" name="io.kaitai.struct.spec.TestZlibWithHeader78" tests="1" failures="0" timestamp="20 Jul 2017 13:49:31 GMT" time="0.004" errors="0">
  <testcase name="testZlibWithHeader78" time="0.004" classname="io.kaitai.struct.spec.TestZlibWithHeader78"/>
</testsuite> <!-- io.kaitai.struct.spec.TestZlibWithHeader78 -->
