<?xml version="1.0" encoding="UTF-8"?>
<!-- Generated by org.testng.reporters.JUnitReportReporter -->
<testsuite hostname="travis-job-5cc39d86-73cc-4624-babc-25a207cdac04" name="io.kaitai.struct.spec.TestBufferedStruct" tests="1" failures="0" timestamp="22 Feb 2018 01:36:56 GMT" time="0.001" errors="0">
  <testcase name="testBufferedStruct" time="0.001" classname="io.kaitai.struct.spec.TestBufferedStruct"/>
</testsuite> <!-- io.kaitai.struct.spec.TestBufferedStruct -->
