<?xml version="1.0" encoding="UTF-8"?>
<!-- Generated by org.testng.reporters.JUnitReportReporter -->
<testsuite hostname="travis-job-ede7f5eb-bf6d-4adc-b929-3f5b6fb9281b" name="io.kaitai.struct.spec.TestExpr2" tests="1" failures="0" timestamp="7 Dec 2019 13:21:37 GMT" time="0.002" errors="0">
  <testcase name="testExpr2" time="0.002" classname="io.kaitai.struct.spec.TestExpr2"/>
</testsuite> <!-- io.kaitai.struct.spec.TestExpr2 -->
