<?xml version="1.0" encoding="UTF-8"?>
<!-- Generated by org.testng.reporters.JUnitReportReporter -->
<testsuite failures="0" tests="1" name="io.kaitai.struct.spec.TestValidFailEqStr" time="0.003" errors="0" timestamp="4 Nov 2023 09:51:02 GMT">
  <testcase classname="io.kaitai.struct.spec.TestValidFailEqStr" name="testValidFailEqStr" time="0.003"/>
</testsuite> <!-- io.kaitai.struct.spec.TestValidFailEqStr -->
