<?xml version="1.0" encoding="UTF-8"?>
<!-- Generated by org.testng.reporters.JUnitReportReporter -->
<testsuite hostname="travis-job-b0a41994-b711-45e2-8eb8-5b39829d5a5d" name="io.kaitai.struct.spec.TestValidFailEqBytes" tests="1" failures="0" timestamp="6 Jul 2019 05:32:41 GMT" time="0.006" errors="0">
  <testcase name="testValidFailEqBytes" time="0.006" classname="io.kaitai.struct.spec.TestValidFailEqBytes"/>
</testsuite> <!-- io.kaitai.struct.spec.TestValidFailEqBytes -->
