<?xml version="1.0" encoding="UTF-8"?>
<!-- Generated by org.testng.reporters.JUnitReportReporter -->
<testsuite hostname="localhost" name="io.kaitai.struct.spec.TestEnumToI" tests="1" failures="0" timestamp="12 Aug 2020 10:10:12 GMT" time="0.004" errors="0">
  <testcase name="testEnumToI" time="0.004" classname="io.kaitai.struct.spec.TestEnumToI"/>
</testsuite> <!-- io.kaitai.struct.spec.TestEnumToI -->
