<?xml version="1.0" encoding="UTF-8"?>
<!-- Generated by org.testng.reporters.JUnitReportReporter -->
<testsuite hostname="travis-job-0689e89a-d495-4eae-8af7-6d395bda54f6" failures="0" tests="1" name="io.kaitai.struct.spec.TestTsPacketHeader" time="0.030" errors="0" timestamp="18 May 2020 23:50:35 GMT">
  <testcase classname="io.kaitai.struct.spec.TestTsPacketHeader" name="testTsPacketHeader" time="0.030"/>
</testsuite> <!-- io.kaitai.struct.spec.TestTsPacketHeader -->
