<?xml version="1.0" encoding="UTF-8"?>
<!-- Generated by org.testng.reporters.JUnitReportReporter -->
<testsuite hostname="travis-job-1e35ca03-4d15-4c8b-bbef-7246209e3d99" name="io.kaitai.struct.spec.TestPositionToEnd" tests="1" failures="0" timestamp="11 Jun 2020 18:05:46 GMT" time="0.001" errors="0">
  <testcase name="testPositionToEnd" time="0.001" classname="io.kaitai.struct.spec.TestPositionToEnd"/>
</testsuite> <!-- io.kaitai.struct.spec.TestPositionToEnd -->
