<?xml version="1.0" encoding="UTF-8"?>
<!-- Generated by org.testng.reporters.JUnitReportReporter -->
<testsuite hostname="travis-job-6db341c0-8898-4326-b739-4bbb2aaf8be6" failures="0" tests="1" name="io.kaitai.struct.spec.TestExprSizeofType0" time="0.000" errors="0" timestamp="8 Mar 2020 22:04:15 GMT">
  <testcase classname="io.kaitai.struct.spec.TestExprSizeofType0" name="testExprSizeofType0" time="0.000"/>
</testsuite> <!-- io.kaitai.struct.spec.TestExprSizeofType0 -->
