<?xml version="1.0" encoding="UTF-8"?>
<!-- Generated by org.testng.reporters.JUnitReportReporter -->
<testsuite failures="0" tests="1" name="io.kaitai.struct.spec.TestRepeatEosStruct" time="0.001" errors="0" timestamp="21 Feb 2024 15:14:06 GMT">
  <testcase classname="io.kaitai.struct.spec.TestRepeatEosStruct" name="testRepeatEosStruct" time="0.001"/>
</testsuite> <!-- io.kaitai.struct.spec.TestRepeatEosStruct -->
