<?xml version="1.0" encoding="UTF-8"?>
<!-- Generated by org.testng.reporters.JUnitReportReporter -->
<testsuite hostname="fv-az446-440" name="io.kaitai.struct.spec.TestTypeTernary2ndFalsy" tests="1" failures="0" timestamp="30 Jun 2023 20:06:37 GMT" time="0.003" errors="0">
  <testcase name="testTypeTernary2ndFalsy" time="0.003" classname="io.kaitai.struct.spec.TestTypeTernary2ndFalsy"/>
</testsuite> <!-- io.kaitai.struct.spec.TestTypeTernary2ndFalsy -->
