<?xml version="1.0" encoding="UTF-8"?>
<!-- Generated by org.testng.reporters.JUnitReportReporter -->
<testsuite failures="0" tests="1" name="io.kaitai.struct.spec.TestExprEnum" time="0.002" errors="0" timestamp="19 Jul 2023 15:05:13 GMT">
  <testcase classname="io.kaitai.struct.spec.TestExprEnum" name="testExprEnum" time="0.002"/>
</testsuite> <!-- io.kaitai.struct.spec.TestExprEnum -->
