<?xml version="1.0" encoding="UTF-8"?>
<!-- Generated by org.testng.reporters.JUnitReportReporter -->
<testsuite hostname="testing-gce-75b1a56a-bc64-47c0-b38f-02b512e4145a" name="io.kaitai.struct.spec.TestOptionalId" tests="1" failures="0" timestamp="2 Sep 2017 21:12:00 GMT" time="0.001" errors="0">
  <testcase name="testOptionalId" time="0.001" classname="io.kaitai.struct.spec.TestOptionalId"/>
</testsuite> <!-- io.kaitai.struct.spec.TestOptionalId -->
