<?xml version="1.0" encoding="UTF-8"?>
<!-- Generated by org.testng.reporters.JUnitReportReporter -->
<testsuite hostname="travis-job-3d427bb9-d944-4624-9931-87feb2e4130c" failures="0" tests="1" name="io.kaitai.struct.spec.TestPositionInSeq" time="0.002" errors="0" timestamp="14 Nov 2021 13:05:00 GMT">
  <testcase classname="io.kaitai.struct.spec.TestPositionInSeq" name="testPositionInSeq" time="0.002"/>
</testsuite> <!-- io.kaitai.struct.spec.TestPositionInSeq -->
