<?xml version="1.0" encoding="UTF-8"?>
<!-- Generated by org.testng.reporters.JUnitReportReporter -->
<testsuite hostname="travis-job-5a201d4b-46b5-462e-9a25-eaf4fa3e8313" name="io.kaitai.struct.spec.TestValidNotParsedIf" tests="1" failures="0" timestamp="12 Jan 2020 09:27:33 GMT" time="0.038" errors="0">
  <testcase name="testValidNotParsedIf" time="0.038" classname="io.kaitai.struct.spec.TestValidNotParsedIf"/>
</testsuite> <!-- io.kaitai.struct.spec.TestValidNotParsedIf -->
