<?xml version="1.0" encoding="UTF-8"?>
<!-- Generated by org.testng.reporters.JUnitReportReporter -->
<testsuite hostname="localhost" name="io.kaitai.struct.spec.TestBytesPadTerm" tests="1" failures="0" timestamp="31 Oct 2020 09:55:33 GMT" time="0.004" errors="0">
  <testcase name="testBytesPadTerm" time="0.004" classname="io.kaitai.struct.spec.TestBytesPadTerm"/>
</testsuite> <!-- io.kaitai.struct.spec.TestBytesPadTerm -->
