<?xml version="1.0" encoding="UTF-8"?>
<!-- Generated by org.testng.reporters.JUnitReportReporter -->
<testsuite failures="0" tests="1" name="io.kaitai.struct.spec.TestBcdUserTypeLe" time="0.040" errors="0" timestamp="27 Jul 2023 22:36:32 GMT">
  <testcase classname="io.kaitai.struct.spec.TestBcdUserTypeLe" name="testBcdUserTypeLe" time="0.040"/>
</testsuite> <!-- io.kaitai.struct.spec.TestBcdUserTypeLe -->
