<?xml version="1.0" encoding="UTF-8"?>
<!-- Generated by org.testng.reporters.JUnitReportReporter -->
<testsuite hostname="testing-gce-9c6211f5-84a7-45ba-ac5f-979c3196d7d6" name="io.kaitai.struct.spec.TestProcessXor4Const" tests="1" failures="0" timestamp="13 Aug 2017 21:44:25 GMT" time="0.004" errors="0">
  <testcase name="testProcessXor4Const" time="0.004" classname="io.kaitai.struct.spec.TestProcessXor4Const"/>
</testsuite> <!-- io.kaitai.struct.spec.TestProcessXor4Const -->
