<?xml version="1.0" encoding="UTF-8"?>
<!-- Generated by org.testng.reporters.JUnitReportReporter -->
<testsuite hostname="travis-job-1524b4ab-b59f-441c-a899-c90af8091fb5" name="io.kaitai.struct.spec.TestMetaXref" tests="1" failures="0" timestamp="16 Jul 2018 16:52:46 GMT" time="0.000" errors="0">
  <testcase name="testMetaXref" time="0.000" classname="io.kaitai.struct.spec.TestMetaXref"/>
</testsuite> <!-- io.kaitai.struct.spec.TestMetaXref -->
