<?xml version="1.0" encoding="UTF-8"?>
<!-- Generated by org.testng.reporters.JUnitReportReporter -->
<testsuite hostname="travis-job-f34d3386-e8b3-4752-a2d3-1707e57eb7d8" name="io.kaitai.struct.spec.TestStrEncodingsDefault" tests="1" failures="0" timestamp="27 Apr 2019 13:18:07 GMT" time="0.028" errors="0">
  <testcase name="testStrEncodingsDefault" time="0.028" classname="io.kaitai.struct.spec.TestStrEncodingsDefault"/>
</testsuite> <!-- io.kaitai.struct.spec.TestStrEncodingsDefault -->
