<?xml version="1.0" encoding="UTF-8"?>
<!-- Generated by org.testng.reporters.JUnitReportReporter -->
<testsuite hostname="travis-job-3041d5ab-4212-4f74-b3bb-8072f85c4e52" failures="0" tests="1" name="io.kaitai.struct.spec.TestProcessCoerceUsertype2" time="0.001" errors="0" timestamp="8 Mar 2020 22:26:46 GMT">
  <testcase classname="io.kaitai.struct.spec.TestProcessCoerceUsertype2" name="testProcessCoerceUsertype2" time="0.001"/>
</testsuite> <!-- io.kaitai.struct.spec.TestProcessCoerceUsertype2 -->
