<?xml version="1.0" encoding="UTF-8"?>
<!-- Generated by org.testng.reporters.JUnitReportReporter -->
<testsuite hostname="travis-job-3813dece-13ae-42f7-b079-ab617130bf5a" name="io.kaitai.struct.spec.TestCastToTop" tests="1" failures="0" timestamp="10 Mar 2020 10:12:23 GMT" time="0.001" errors="0">
  <testcase name="testCastToTop" time="0.001" classname="io.kaitai.struct.spec.TestCastToTop"/>
</testsuite> <!-- io.kaitai.struct.spec.TestCastToTop -->
