<?xml version="1.0" encoding="UTF-8"?>
<!-- Generated by org.testng.reporters.JUnitReportReporter -->
<testsuite hostname="localhost" name="io.kaitai.struct.spec.TestProcessCoerceUsertype2" tests="1" failures="0" timestamp="2 Aug 2020 14:45:59 GMT" time="0.019" errors="0">
  <testcase name="testProcessCoerceUsertype2" time="0.019" classname="io.kaitai.struct.spec.TestProcessCoerceUsertype2"/>
</testsuite> <!-- io.kaitai.struct.spec.TestProcessCoerceUsertype2 -->
