<?xml version="1.0" encoding="UTF-8"?>
<!-- Generated by org.testng.reporters.JUnitReportReporter -->
<testsuite hostname="travis-job-d490a4bf-a0e9-4162-a181-57ae7af52a1c" failures="0" tests="1" name="io.kaitai.struct.spec.TestExprCalcArrayOps" time="0.003" errors="0" timestamp="22 Feb 2020 15:49:22 GMT">
  <testcase classname="io.kaitai.struct.spec.TestExprCalcArrayOps" name="testExprCalcArrayOps" time="0.003"/>
</testsuite> <!-- io.kaitai.struct.spec.TestExprCalcArrayOps -->
