<?xml version="1.0" encoding="UTF-8"?>
<!-- Generated by org.testng.reporters.JUnitReportReporter -->
<testsuite hostname="travis-job-f0e58106-50ce-4704-b7f2-0782974d36fd" name="io.kaitai.struct.spec.TestBcdUserTypeLe" tests="1" failures="0" timestamp="30 Jan 2020 18:10:41 GMT" time="0.002" errors="0">
  <testcase name="testBcdUserTypeLe" time="0.002" classname="io.kaitai.struct.spec.TestBcdUserTypeLe"/>
</testsuite> <!-- io.kaitai.struct.spec.TestBcdUserTypeLe -->
