<?xml version="1.0" encoding="UTF-8"?>
<!-- Generated by org.testng.reporters.JUnitReportReporter -->
<testsuite hostname="travis-job-464b9757-123c-4fdf-859d-2326e6c656ae" failures="0" tests="1" name="io.kaitai.struct.spec.TestEnumImport" time="0.004" errors="0" timestamp="13 Feb 2020 23:44:31 GMT">
  <testcase classname="io.kaitai.struct.spec.TestEnumImport" name="testEnumImport" time="0.004"/>
</testsuite> <!-- io.kaitai.struct.spec.TestEnumImport -->
