<?xml version="1.0" encoding="UTF-8"?>
<!-- Generated by org.testng.reporters.JUnitReportReporter -->
<testsuite hostname="fv-az612-949" failures="0" tests="1" name="io.kaitai.struct.spec.TestBcdUserTypeBe" time="0.004" errors="0" timestamp="28 Jun 2023 19:40:20 GMT">
  <testcase classname="io.kaitai.struct.spec.TestBcdUserTypeBe" name="testBcdUserTypeBe" time="0.004"/>
</testsuite> <!-- io.kaitai.struct.spec.TestBcdUserTypeBe -->
