<?xml version="1.0" encoding="UTF-8"?>
<!-- Generated by org.testng.reporters.JUnitReportReporter -->
<testsuite hostname="travis-job-5c1bede0-71a8-4f71-a7f1-36af2c9ad9bd" name="io.kaitai.struct.spec.TestEnum1" tests="1" failures="0" timestamp="8 Jul 2018 01:58:05 GMT" time="0.002" errors="0">
  <testcase name="testEnum1" time="0.002" classname="io.kaitai.struct.spec.TestEnum1"/>
</testsuite> <!-- io.kaitai.struct.spec.TestEnum1 -->
