<?xml version="1.0" encoding="UTF-8"?>
<!-- Generated by org.testng.reporters.JUnitReportReporter -->
<testsuite failures="0" tests="1" name="io.kaitai.struct.spec.TestImportsAbs" time="0.000" errors="0" timestamp="21 Jul 2023 09:39:01 GMT">
  <testcase classname="io.kaitai.struct.spec.TestImportsAbs" name="testImportsAbs" time="0.000"/>
</testsuite> <!-- io.kaitai.struct.spec.TestImportsAbs -->
