<?xml version="1.0" encoding="UTF-8"?>
<!-- Generated by org.testng.reporters.JUnitReportReporter -->
<testsuite name="io.kaitai.struct.spec.TestBufferedStruct" tests="1" failures="0" timestamp="16 Oct 2023 18:19:05 GMT" time="0.013" errors="0">
  <testcase name="testBufferedStruct" time="0.013" classname="io.kaitai.struct.spec.TestBufferedStruct"/>
</testsuite> <!-- io.kaitai.struct.spec.TestBufferedStruct -->
