<?xml version="1.0" encoding="UTF-8"?>
<!-- Generated by org.testng.reporters.JUnitReportReporter -->
<testsuite failures="0" tests="1" name="io.kaitai.struct.spec.TestProcessRepeatBytes" time="0.001" errors="0" timestamp="9 Oct 2023 19:30:23 GMT">
  <testcase classname="io.kaitai.struct.spec.TestProcessRepeatBytes" name="testProcessRepeatBytes" time="0.001"/>
</testsuite> <!-- io.kaitai.struct.spec.TestProcessRepeatBytes -->
