<?xml version="1.0" encoding="UTF-8"?>
<!-- Generated by org.testng.reporters.JUnitReportReporter -->
<testsuite name="io.kaitai.struct.spec.TestNestedSameName" tests="1" failures="0" timestamp="28 Jul 2023 14:34:45 GMT" time="0.001" errors="0">
  <testcase name="testNestedSameName" time="0.001" classname="io.kaitai.struct.spec.TestNestedSameName"/>
</testsuite> <!-- io.kaitai.struct.spec.TestNestedSameName -->
