<?xml version="1.0" encoding="UTF-8"?>
<!-- Generated by org.testng.reporters.JUnitReportReporter -->
<testsuite hostname="testing-gce-5b80394b-7843-4960-bf92-4f2a687f9c0a" name="io.kaitai.struct.spec.TestIfStruct" tests="1" failures="0" timestamp="25 May 2017 12:11:56 GMT" time="0.021" errors="0">
  <testcase name="testIfStruct" time="0.021" classname="io.kaitai.struct.spec.TestIfStruct"/>
</testsuite> <!-- io.kaitai.struct.spec.TestIfStruct -->
