<?xml version="1.0" encoding="UTF-8"?>
<!-- Generated by org.testng.reporters.JUnitReportReporter -->
<testsuite failures="0" tests="1" name="io.kaitai.struct.spec.TestBcdUserTypeBe" time="0.058" errors="0" timestamp="9 Oct 2023 18:36:08 GMT">
  <testcase classname="io.kaitai.struct.spec.TestBcdUserTypeBe" name="testBcdUserTypeBe" time="0.058"/>
</testsuite> <!-- io.kaitai.struct.spec.TestBcdUserTypeBe -->
