<?xml version="1.0" encoding="UTF-8"?>
<!-- Generated by org.testng.reporters.JUnitReportReporter -->
<testsuite hostname="travis-job-491ae46b-bc8a-4c73-ac91-b295a6f918d4" name="io.kaitai.struct.spec.TestBitsByteAligned" tests="1" failures="0" timestamp="1 Aug 2022 22:15:20 GMT" time="0.001" errors="0">
  <testcase name="testBitsByteAligned" time="0.001" classname="io.kaitai.struct.spec.TestBitsByteAligned"/>
</testsuite> <!-- io.kaitai.struct.spec.TestBitsByteAligned -->
