<?xml version="1.0" encoding="UTF-8"?>
<!-- Generated by org.testng.reporters.JUnitReportReporter -->
<testsuite hostname="travis-job-3cdcac74-eb0f-4487-acb7-b9b0c082c069" failures="0" tests="1" name="io.kaitai.struct.spec.TestRepeatUntilSized" time="0.004" errors="0" timestamp="24 Aug 2020 17:49:18 GMT">
  <testcase classname="io.kaitai.struct.spec.TestRepeatUntilSized" name="testRepeatUntilSized" time="0.004"/>
</testsuite> <!-- io.kaitai.struct.spec.TestRepeatUntilSized -->
