<?xml version="1.0" encoding="UTF-8"?>
<!-- Generated by org.testng.reporters.JUnitReportReporter -->
<testsuite hostname="localhost" name="io.kaitai.struct.spec.TestEofExceptionBytes" tests="1" failures="0" timestamp="1 Jan 2020 14:27:18 GMT" time="0.000" errors="0">
  <testcase name="testEofExceptionBytes" time="0.000" classname="io.kaitai.struct.spec.TestEofExceptionBytes"/>
</testsuite> <!-- io.kaitai.struct.spec.TestEofExceptionBytes -->
