<?xml version="1.0" encoding="UTF-8"?>
<!-- Generated by org.testng.reporters.JUnitReportReporter -->
<testsuite hostname="localhost" name="io.kaitai.struct.spec.TestExprSizeofType1" tests="1" failures="0" timestamp="13 Feb 2020 23:44:22 GMT" time="0.001" errors="0">
  <testcase name="testExprSizeofType1" time="0.001" classname="io.kaitai.struct.spec.TestExprSizeofType1"/>
</testsuite> <!-- io.kaitai.struct.spec.TestExprSizeofType1 -->
