<?xml version="1.0" encoding="UTF-8"?>
<!-- Generated by org.testng.reporters.JUnitReportReporter -->
<testsuite hostname="localhost" name="io.kaitai.struct.spec.TestStrEncodings" tests="1" failures="0" timestamp="11 Jun 2020 18:41:52 GMT" time="0.002" errors="0">
  <testcase name="testStrEncodings" time="0.002" classname="io.kaitai.struct.spec.TestStrEncodings"/>
</testsuite> <!-- io.kaitai.struct.spec.TestStrEncodings -->
