<?xml version="1.0" encoding="UTF-8"?>
<!-- Generated by org.testng.reporters.JUnitReportReporter -->
<testsuite hostname="localhost" name="io.kaitai.struct.spec.TestSwitchManualEnumInvalidElse" tests="1" failures="0" timestamp="29 Feb 2020 17:16:08 GMT" time="0.003" errors="0">
  <testcase name="testSwitchManualEnumInvalidElse" time="0.003" classname="io.kaitai.struct.spec.TestSwitchManualEnumInvalidElse"/>
</testsuite> <!-- io.kaitai.struct.spec.TestSwitchManualEnumInvalidElse -->
