<?xml version="1.0" encoding="UTF-8"?>
<!-- Generated by org.testng.reporters.JUnitReportReporter -->
<testsuite hostname="testing-gce-0509be4a-5b4e-429e-a884-13afe3d9a976" name="io.kaitai.struct.spec.TestRepeatNStrzDouble" tests="1" failures="0" timestamp="14 Sep 2017 11:23:39 GMT" time="0.001" errors="0">
  <testcase name="testRepeatNStrzDouble" time="0.001" classname="io.kaitai.struct.spec.TestRepeatNStrzDouble"/>
</testsuite> <!-- io.kaitai.struct.spec.TestRepeatNStrzDouble -->
