<?xml version="1.0" encoding="UTF-8"?>
<!-- Generated by org.testng.reporters.JUnitReportReporter -->
<testsuite hostname="localhost" name="io.kaitai.struct.spec.TestTypeTernaryOpaque" tests="1" failures="0" timestamp="19 Mar 2022 21:42:19 GMT" time="0.001" errors="0">
  <testcase name="testTypeTernaryOpaque" time="0.001" classname="io.kaitai.struct.spec.TestTypeTernaryOpaque"/>
</testsuite> <!-- io.kaitai.struct.spec.TestTypeTernaryOpaque -->
