<?xml version="1.0" encoding="UTF-8"?>
<!-- Generated by org.testng.reporters.JUnitReportReporter -->
<testsuite hostname="travis-job-78d52ee4-b519-4d2c-b606-ab06193872fe" name="io.kaitai.struct.spec.TestNavParentSwitch" tests="1" failures="0" timestamp="23 Aug 2020 22:22:13 GMT" time="0.001" errors="0">
  <testcase name="testNavParentSwitch" time="0.001" classname="io.kaitai.struct.spec.TestNavParentSwitch"/>
</testsuite> <!-- io.kaitai.struct.spec.TestNavParentSwitch -->
