<?xml version="1.0" encoding="UTF-8"?>
<!-- Generated by org.testng.reporters.JUnitReportReporter -->
<testsuite hostname="travis-job-4ae671d2-e34e-471d-aee4-0ccfd191394c" failures="0" tests="1" name="io.kaitai.struct.spec.TestParamsDef" time="0.000" errors="0" timestamp="23 Mar 2020 08:55:48 GMT">
  <testcase classname="io.kaitai.struct.spec.TestParamsDef" name="testParamsDef" time="0.000"/>
</testsuite> <!-- io.kaitai.struct.spec.TestParamsDef -->
