<?xml version="1.0" encoding="UTF-8"?>
<!-- Generated by org.testng.reporters.JUnitReportReporter -->
<testsuite hostname="travis-job-384c9b7e-286a-49e4-816d-f124b9398a97" name="io.kaitai.struct.spec.TestNavParentFalse2" tests="1" failures="0" timestamp="22 Apr 2019 02:43:46 GMT" time="0.000" errors="0">
  <testcase name="testNavParentFalse2" time="0.000" classname="io.kaitai.struct.spec.TestNavParentFalse2"/>
</testsuite> <!-- io.kaitai.struct.spec.TestNavParentFalse2 -->
