<?xml version="1.0" encoding="UTF-8"?>
<!-- Generated by org.testng.reporters.JUnitReportReporter -->
<testsuite hostname="travis-job-263b4025-dbcc-4e71-823b-966ffbc48ed5" failures="0" tests="1" name="io.kaitai.struct.spec.TestProcessCoerceSwitch" time="0.001" errors="0" timestamp="29 Mar 2020 09:17:51 GMT">
  <testcase classname="io.kaitai.struct.spec.TestProcessCoerceSwitch" name="testProcessCoerceSwitch" time="0.001"/>
</testsuite> <!-- io.kaitai.struct.spec.TestProcessCoerceSwitch -->
