<?xml version="1.0" encoding="UTF-8"?>
<!-- Generated by org.testng.reporters.JUnitReportReporter -->
<testsuite hostname="testing-gce-3a78953d-842c-4482-bb43-97c542c71b9a" name="io.kaitai.struct.spec.TestProcessCoerceUsertype1" tests="1" failures="0" timestamp="2 Jul 2017 12:02:01 GMT" time="0.002" errors="0">
  <testcase name="testProcessCoerceUsertype1" time="0.002" classname="io.kaitai.struct.spec.TestProcessCoerceUsertype1"/>
</testsuite> <!-- io.kaitai.struct.spec.TestProcessCoerceUsertype1 -->
