<?xml version="1.0" encoding="UTF-8"?>
<!-- Generated by org.testng.reporters.JUnitReportReporter -->
<testsuite hostname="travis-job-8e079e6b-b61d-4f73-8c28-49949e2beeeb" failures="0" tests="1" name="io.kaitai.struct.spec.TestProcessCustom" time="0.001" errors="0" timestamp="1 Aug 2022 17:00:51 GMT">
  <testcase classname="io.kaitai.struct.spec.TestProcessCustom" name="testProcessCustom" time="0.001"/>
</testsuite> <!-- io.kaitai.struct.spec.TestProcessCustom -->
