<?xml version="1.0" encoding="UTF-8"?>
<!-- Generated by org.testng.reporters.JUnitReportReporter -->
<testsuite name="io.kaitai.struct.spec.TestImportsAbsRel" tests="1" failures="0" timestamp="15 Jul 2023 06:44:34 GMT" time="0.001" errors="0">
  <testcase name="testImportsAbsRel" time="0.001" classname="io.kaitai.struct.spec.TestImportsAbsRel"/>
</testsuite> <!-- io.kaitai.struct.spec.TestImportsAbsRel -->
