<?xml version="1.0" encoding="UTF-8"?>
<!-- Generated by org.testng.reporters.JUnitReportReporter -->
<testsuite name="io.kaitai.struct.spec.TestEnumToIClassBorder1" tests="1" failures="0" timestamp="10 Oct 2023 21:18:39 GMT" time="0.000" errors="0">
  <testcase name="testEnumToIClassBorder1" time="0.000" classname="io.kaitai.struct.spec.TestEnumToIClassBorder1"/>
</testsuite> <!-- io.kaitai.struct.spec.TestEnumToIClassBorder1 -->
