<?xml version="1.0" encoding="UTF-8"?>
<!-- Generated by org.testng.reporters.JUnitReportReporter -->
<testsuite hostname="travis-job-20b272d5-65a5-43f5-9105-78e492682133" failures="0" tests="1" name="io.kaitai.struct.spec.TestSwitchIntegers" time="0.001" errors="0" timestamp="18 Mar 2022 13:03:50 GMT">
  <testcase classname="io.kaitai.struct.spec.TestSwitchIntegers" name="testSwitchIntegers" time="0.001"/>
</testsuite> <!-- io.kaitai.struct.spec.TestSwitchIntegers -->
