<?xml version="1.0" encoding="UTF-8"?>
<!-- Generated by org.testng.reporters.JUnitReportReporter -->
<testsuite hostname="travis-job-0e1b7bd6-dbda-4e55-ad8e-df62def59c74" failures="0" tests="1" name="io.kaitai.struct.spec.TestStrEncodingsDefault" time="0.007" errors="0" timestamp="24 Jun 2023 22:26:09 GMT">
  <testcase classname="io.kaitai.struct.spec.TestStrEncodingsDefault" name="testStrEncodingsDefault" time="0.007"/>
</testsuite> <!-- io.kaitai.struct.spec.TestStrEncodingsDefault -->
