<?xml version="1.0" encoding="UTF-8"?>
<!-- Generated by org.testng.reporters.JUnitReportReporter -->
<testsuite hostname="travis-job-41fbd910-d0a1-49d7-b172-52dc7772f249" name="io.kaitai.struct.spec.TestEofExceptionBytes" tests="1" failures="0" timestamp="21 Mar 2020 22:34:42 GMT" time="0.000" errors="0">
  <testcase name="testEofExceptionBytes" time="0.000" classname="io.kaitai.struct.spec.TestEofExceptionBytes"/>
</testsuite> <!-- io.kaitai.struct.spec.TestEofExceptionBytes -->
