<?xml version="1.0" encoding="UTF-8"?>
<!-- Generated by org.testng.reporters.JUnitReportReporter -->
<testsuite hostname="travis-job-9b650745-22db-4fb4-84e7-72c24130c948" failures="0" tests="1" name="io.kaitai.struct.spec.TestProcessRepeatUsertype" time="0.001" errors="0" timestamp="21 Mar 2020 22:35:48 GMT">
  <testcase classname="io.kaitai.struct.spec.TestProcessRepeatUsertype" name="testProcessRepeatUsertype" time="0.001"/>
</testsuite> <!-- io.kaitai.struct.spec.TestProcessRepeatUsertype -->
