<?xml version="1.0" encoding="UTF-8"?>
<!-- Generated by org.testng.reporters.JUnitReportReporter -->
<testsuite hostname="fv-az566-498" failures="0" tests="1" name="io.kaitai.struct.spec.TestNestedSameName" time="0.020" errors="0" timestamp="28 Jun 2023 16:35:48 GMT">
  <testcase classname="io.kaitai.struct.spec.TestNestedSameName" name="testNestedSameName" time="0.020"/>
</testsuite> <!-- io.kaitai.struct.spec.TestNestedSameName -->
