<?xml version="1.0" encoding="UTF-8"?>
<!-- Generated by org.testng.reporters.JUnitReportReporter -->
<testsuite hostname="travis-job-00f1356f-7004-4f0e-a208-a922aaff700c" name="io.kaitai.struct.spec.TestValidNotParsedIf" tests="1" failures="0" timestamp="13 Apr 2020 01:48:50 GMT" time="0.043" errors="0">
  <testcase name="testValidNotParsedIf" time="0.043" classname="io.kaitai.struct.spec.TestValidNotParsedIf"/>
</testsuite> <!-- io.kaitai.struct.spec.TestValidNotParsedIf -->
