<?xml version="1.0" encoding="UTF-8"?>
<!-- Generated by org.testng.reporters.JUnitReportReporter -->
<testsuite hostname="travis-job-fd99b536-a5d2-4d2f-b48d-ffdc3b06fb28" failures="0" tests="1" name="io.kaitai.struct.spec.TestEnumToIClassBorder1" time="0.005" errors="0" timestamp="16 Mar 2020 17:45:39 GMT">
  <testcase classname="io.kaitai.struct.spec.TestEnumToIClassBorder1" name="testEnumToIClassBorder1" time="0.005"/>
</testsuite> <!-- io.kaitai.struct.spec.TestEnumToIClassBorder1 -->
