<?xml version="1.0" encoding="UTF-8"?>
<!-- Generated by org.testng.reporters.JUnitReportReporter -->
<testsuite failures="0" tests="1" name="io.kaitai.struct.spec.TestIndexToParamExpr" time="0.003" errors="0" timestamp="2 Aug 2023 17:40:44 GMT">
  <testcase classname="io.kaitai.struct.spec.TestIndexToParamExpr" name="testIndexToParamExpr" time="0.003"/>
</testsuite> <!-- io.kaitai.struct.spec.TestIndexToParamExpr -->
