<?xml version="1.0" encoding="UTF-8"?>
<!-- Generated by org.testng.reporters.JUnitReportReporter -->
<testsuite name="io.kaitai.struct.spec.TestNavParent2" tests="1" failures="0" timestamp="4 Mar 2024 00:01:16 GMT" time="0.000" errors="0">
  <testcase name="testNavParent2" time="0.000" classname="io.kaitai.struct.spec.TestNavParent2"/>
</testsuite> <!-- io.kaitai.struct.spec.TestNavParent2 -->
