<?xml version="1.0" encoding="UTF-8"?>
<!-- Generated by org.testng.reporters.JUnitReportReporter -->
<testsuite hostname="travis-job-fa545ca4-b253-4a42-a791-6b8ac08910a2" name="io.kaitai.struct.spec.TestProcessToUser" tests="1" failures="0" timestamp="31 Dec 2018 00:28:47 GMT" time="0.001" errors="0">
  <testcase name="testProcessToUser" time="0.001" classname="io.kaitai.struct.spec.TestProcessToUser"/>
</testsuite> <!-- io.kaitai.struct.spec.TestProcessToUser -->
