<?xml version="1.0" encoding="UTF-8"?>
<!-- Generated by org.testng.reporters.JUnitReportReporter -->
<testsuite hostname="travis-job-a8ebf0e8-b172-4f07-abc6-43cf9686cead" failures="0" tests="1" name="io.kaitai.struct.spec.TestProcessCoerceUsertype1" time="0.001" errors="0" timestamp="30 Jul 2020 22:58:16 GMT">
  <testcase classname="io.kaitai.struct.spec.TestProcessCoerceUsertype1" name="testProcessCoerceUsertype1" time="0.001"/>
</testsuite> <!-- io.kaitai.struct.spec.TestProcessCoerceUsertype1 -->
