<?xml version="1.0" encoding="UTF-8"?>
<!-- Generated by org.testng.reporters.JUnitReportReporter -->
<testsuite hostname="testing-gce-dad5e64e-0bf2-4936-8bfc-f2f707eb085b" name="io.kaitai.struct.spec.TestExpr3" tests="1" failures="0" timestamp="19 Aug 2017 15:43:19 GMT" time="0.000" errors="0">
  <testcase name="testExpr3" time="0.000" classname="io.kaitai.struct.spec.TestExpr3"/>
</testsuite> <!-- io.kaitai.struct.spec.TestExpr3 -->
