<?xml version="1.0" encoding="UTF-8"?>
<!-- Generated by org.testng.reporters.JUnitReportReporter -->
<testsuite name="io.kaitai.struct.spec.TestEosExceptionBytes" tests="1" failures="0" timestamp="15 Jul 2023 06:48:14 GMT" time="0.001" errors="0">
  <testcase name="testEosExceptionBytes" time="0.001" classname="io.kaitai.struct.spec.TestEosExceptionBytes"/>
</testsuite> <!-- io.kaitai.struct.spec.TestEosExceptionBytes -->
