<?xml version="1.0" encoding="UTF-8"?>
<!-- Generated by org.testng.reporters.JUnitReportReporter -->
<testsuite hostname="localhost" name="io.kaitai.struct.spec.TestExprIoEof" tests="1" failures="0" timestamp="2 Apr 2020 13:35:19 GMT" time="0.000" errors="0">
  <testcase name="testExprIoEof" time="0.000" classname="io.kaitai.struct.spec.TestExprIoEof"/>
</testsuite> <!-- io.kaitai.struct.spec.TestExprIoEof -->
