<?xml version="1.0" encoding="UTF-8"?>
<!-- Generated by org.testng.reporters.JUnitReportReporter -->
<testsuite failures="0" tests="1" name="io.kaitai.struct.spec.TestBcdUserTypeBe" time="0.027" errors="0" timestamp="2 Mar 2024 12:48:11 GMT">
  <testcase classname="io.kaitai.struct.spec.TestBcdUserTypeBe" name="testBcdUserTypeBe" time="0.027"/>
</testsuite> <!-- io.kaitai.struct.spec.TestBcdUserTypeBe -->
