<?xml version="1.0" encoding="UTF-8"?>
<!-- Generated by org.testng.reporters.JUnitReportReporter -->
<testsuite hostname="travis-job-e0b58e5b-33b5-4c61-af5c-2793e9212ab6" name="io.kaitai.struct.spec.TestNavParent2" tests="1" failures="0" timestamp="26 Mar 2018 17:51:29 GMT" time="0.005" errors="0">
  <testcase name="testNavParent2" time="0.005" classname="io.kaitai.struct.spec.TestNavParent2"/>
</testsuite> <!-- io.kaitai.struct.spec.TestNavParent2 -->
