<?xml version="1.0" encoding="UTF-8"?>
<!-- Generated by org.testng.reporters.JUnitReportReporter -->
<testsuite failures="0" tests="1" name="io.kaitai.struct.spec.TestNavParentSwitch" time="0.001" errors="0" timestamp="4 Nov 2023 09:50:40 GMT">
  <testcase classname="io.kaitai.struct.spec.TestNavParentSwitch" name="testNavParentSwitch" time="0.001"/>
</testsuite> <!-- io.kaitai.struct.spec.TestNavParentSwitch -->
