<?xml version="1.0" encoding="UTF-8"?>
<!-- Generated by org.testng.reporters.JUnitReportReporter -->
<testsuite hostname="travis-job-9cc16106-a6dd-4178-bd13-506b1d36f757" failures="0" tests="1" name="io.kaitai.struct.spec.TestProcessCustomNoArgs" time="0.004" errors="0" timestamp="16 Feb 2020 12:54:24 GMT">
  <testcase classname="io.kaitai.struct.spec.TestProcessCustomNoArgs" name="testProcessCustomNoArgs" time="0.004"/>
</testsuite> <!-- io.kaitai.struct.spec.TestProcessCustomNoArgs -->
