<?xml version="1.0" encoding="UTF-8"?>
<!-- Generated by org.testng.reporters.JUnitReportReporter -->
<testsuite hostname="travis-job-89c1676b-81c0-4bf7-be2d-3d47e475da76" name="io.kaitai.struct.spec.TestEofExceptionU4" tests="1" failures="0" timestamp="18 Mar 2020 22:40:56 GMT" time="0.000" errors="0">
  <testcase name="testEofExceptionU4" time="0.000" classname="io.kaitai.struct.spec.TestEofExceptionU4"/>
</testsuite> <!-- io.kaitai.struct.spec.TestEofExceptionU4 -->
