<?xml version="1.0" encoding="UTF-8"?>
<!-- Generated by org.testng.reporters.JUnitReportReporter -->
<testsuite hostname="travis-job-5881c8c7-df87-4a21-ad2a-dc2dea7b18af" name="io.kaitai.struct.spec.TestNestedTypes3" tests="1" failures="0" timestamp="4 Mar 2019 09:01:11 GMT" time="0.001" errors="0">
  <testcase name="testNestedTypes3" time="0.001" classname="io.kaitai.struct.spec.TestNestedTypes3"/>
</testsuite> <!-- io.kaitai.struct.spec.TestNestedTypes3 -->
