<?xml version="1.0" encoding="UTF-8"?>
<!-- Generated by org.testng.reporters.JUnitReportReporter -->
<testsuite hostname="travis-job-0e91eed6-1061-4d87-b183-fed6bda00e49" name="io.kaitai.struct.spec.TestSwitchManualInt" tests="1" failures="0" timestamp="27 Apr 2019 16:25:49 GMT" time="0.002" errors="0">
  <testcase name="testSwitchManualInt" time="0.002" classname="io.kaitai.struct.spec.TestSwitchManualInt"/>
</testsuite> <!-- io.kaitai.struct.spec.TestSwitchManualInt -->
