<?xml version="1.0" encoding="UTF-8"?>
<!-- Generated by org.testng.reporters.JUnitReportReporter -->
<testsuite hostname="testing-gce-ed959886-aa83-4903-a981-1758f0d1f841" name="io.kaitai.struct.spec.TestIfValues" tests="1" failures="0" timestamp="13 Sep 2017 20:38:15 GMT" time="0.001" errors="0">
  <testcase name="testIfValues" time="0.001" classname="io.kaitai.struct.spec.TestIfValues"/>
</testsuite> <!-- io.kaitai.struct.spec.TestIfValues -->
