<?xml version="1.0" encoding="UTF-8"?>
<!-- Generated by org.testng.reporters.JUnitReportReporter -->
<testsuite name="io.kaitai.struct.spec.TestZlibWithHeader78" tests="1" failures="0" timestamp="21 Feb 2024 15:14:02 GMT" time="0.001" errors="0">
  <testcase name="testZlibWithHeader78" time="0.001" classname="io.kaitai.struct.spec.TestZlibWithHeader78"/>
</testsuite> <!-- io.kaitai.struct.spec.TestZlibWithHeader78 -->
