<?xml version="1.0" encoding="UTF-8"?>
<!-- Generated by org.testng.reporters.JUnitReportReporter -->
<testsuite hostname="travis-job-80a88d48-f403-4447-b5a7-d8946fd8824d" failures="0" tests="1" name="io.kaitai.struct.spec.TestNavParentSwitch" time="0.002" errors="0" timestamp="26 Jul 2020 21:35:21 GMT">
  <testcase classname="io.kaitai.struct.spec.TestNavParentSwitch" name="testNavParentSwitch" time="0.002"/>
</testsuite> <!-- io.kaitai.struct.spec.TestNavParentSwitch -->
