<?xml version="1.0" encoding="UTF-8"?>
<!-- Generated by org.testng.reporters.JUnitReportReporter -->
<testsuite hostname="localhost" name="io.kaitai.struct.spec.TestDefaultBigEndian" tests="1" failures="0" timestamp="24 Aug 2020 16:16:41 GMT" time="0.004" errors="0">
  <testcase name="testDefaultBigEndian" time="0.004" classname="io.kaitai.struct.spec.TestDefaultBigEndian"/>
</testsuite> <!-- io.kaitai.struct.spec.TestDefaultBigEndian -->
