<?xml version="1.0" encoding="UTF-8"?>
<!-- Generated by org.testng.reporters.JUnitReportReporter -->
<testsuite name="io.kaitai.struct.spec.TestBitsUnalignedB32Be" tests="1" failures="0" timestamp="2 Mar 2024 14:01:50 GMT" time="0.024" errors="0">
  <testcase name="testBitsUnalignedB32Be" time="0.024" classname="io.kaitai.struct.spec.TestBitsUnalignedB32Be"/>
</testsuite> <!-- io.kaitai.struct.spec.TestBitsUnalignedB32Be -->
