<?xml version="1.0" encoding="UTF-8"?>
<!-- Generated by org.testng.reporters.JUnitReportReporter -->
<testsuite hostname="travis-job-a739b57c-508f-4b25-ba24-55038cbce41a" failures="0" tests="1" name="io.kaitai.struct.spec.TestIfInstances" time="0.000" errors="0" timestamp="16 Feb 2020 17:16:52 GMT">
  <testcase classname="io.kaitai.struct.spec.TestIfInstances" name="testIfInstances" time="0.000"/>
</testsuite> <!-- io.kaitai.struct.spec.TestIfInstances -->
