<?xml version="1.0" encoding="UTF-8"?>
<!-- Generated by org.testng.reporters.JUnitReportReporter -->
<testsuite hostname="testing-gce-ff6817ac-a804-4e25-880d-9853d72441a2" name="io.kaitai.struct.spec.TestProcessXorConst" tests="1" failures="0" timestamp="5 Oct 2017 14:17:09 GMT" time="0.000" errors="0">
  <testcase name="testProcessXorConst" time="0.000" classname="io.kaitai.struct.spec.TestProcessXorConst"/>
</testsuite> <!-- io.kaitai.struct.spec.TestProcessXorConst -->
