<?xml version="1.0" encoding="UTF-8"?>
<!-- Generated by org.testng.reporters.JUnitReportReporter -->
<testsuite name="io.kaitai.struct.spec.TestExprStrOps" tests="1" failures="0" timestamp="9 Oct 2023 18:36:00 GMT" time="0.017" errors="0">
  <testcase name="testExprStrOps" time="0.017" classname="io.kaitai.struct.spec.TestExprStrOps"/>
</testsuite> <!-- io.kaitai.struct.spec.TestExprStrOps -->
