<?xml version="1.0" encoding="UTF-8"?>
<!-- Generated by org.testng.reporters.JUnitReportReporter -->
<testsuite name="io.kaitai.struct.spec.TestValidFailContents" tests="1" failures="0" timestamp="29 Feb 2024 20:40:05 GMT" time="0.002" errors="0">
  <testcase name="testValidFailContents" time="0.002" classname="io.kaitai.struct.spec.TestValidFailContents"/>
</testsuite> <!-- io.kaitai.struct.spec.TestValidFailContents -->
