<?xml version="1.0" encoding="UTF-8"?>
<!-- Generated by org.testng.reporters.JUnitReportReporter -->
<testsuite hostname="travis-job-d3300054-31d4-4159-a777-96740d68465a" name="io.kaitai.struct.spec.TestIoLocalVar" tests="1" failures="0" timestamp="12 Apr 2019 05:41:19 GMT" time="0.000" errors="0">
  <testcase name="testIoLocalVar" time="0.000" classname="io.kaitai.struct.spec.TestIoLocalVar"/>
</testsuite> <!-- io.kaitai.struct.spec.TestIoLocalVar -->
