<?xml version="1.0" encoding="UTF-8"?>
<!-- Generated by org.testng.reporters.JUnitReportReporter -->
<testsuite hostname="travis-job-0d122bfb-c6e2-46d6-8d6d-4b43acd26a7a" name="io.kaitai.struct.spec.TestExprIoEof" tests="1" failures="0" timestamp="31 Aug 2020 19:56:34 GMT" time="0.001" errors="0">
  <testcase name="testExprIoEof" time="0.001" classname="io.kaitai.struct.spec.TestExprIoEof"/>
</testsuite> <!-- io.kaitai.struct.spec.TestExprIoEof -->
