<?xml version="1.0" encoding="UTF-8"?>
<!-- Generated by org.testng.reporters.JUnitReportReporter -->
<testsuite hostname="travis-job-ab9dba0e-f517-427a-8682-6713fd4874e3" name="io.kaitai.struct.spec.TestEnumLongRangeS" tests="1" failures="0" timestamp="2 Aug 2020 14:44:38 GMT" time="0.001" errors="0">
  <testcase name="testEnumLongRangeS" time="0.001" classname="io.kaitai.struct.spec.TestEnumLongRangeS"/>
</testsuite> <!-- io.kaitai.struct.spec.TestEnumLongRangeS -->
