<?xml version="1.0" encoding="UTF-8"?>
<!-- Generated by org.testng.reporters.JUnitReportReporter -->
<testsuite hostname="travis-job-2aa5634e-bc0c-4d52-8bca-8a3faaae2ac3" name="io.kaitai.struct.spec.TestNavParentSwitch" tests="1" failures="0" timestamp="1 Jan 2020 20:52:13 GMT" time="0.001" errors="0">
  <testcase name="testNavParentSwitch" time="0.001" classname="io.kaitai.struct.spec.TestNavParentSwitch"/>
</testsuite> <!-- io.kaitai.struct.spec.TestNavParentSwitch -->
