<?xml version="1.0" encoding="UTF-8"?>
<!-- Generated by org.testng.reporters.JUnitReportReporter -->
<testsuite hostname="travis-job-746176a3-ee01-4371-adab-122cad1aa21a" failures="0" tests="1" name="io.kaitai.struct.spec.TestIndexToParamEos" time="0.001" errors="0" timestamp="15 Apr 2022 20:31:50 GMT">
  <testcase classname="io.kaitai.struct.spec.TestIndexToParamEos" name="testIndexToParamEos" time="0.001"/>
</testsuite> <!-- io.kaitai.struct.spec.TestIndexToParamEos -->
