<?xml version="1.0" encoding="UTF-8"?>
<!-- Generated by org.testng.reporters.JUnitReportReporter -->
<testsuite hostname="travis-job-90fbad1c-ddcf-4a7e-bb16-a8249898e78a" name="io.kaitai.struct.spec.TestExprBytesCmp" tests="1" failures="0" timestamp="20 Mar 2019 08:16:03 GMT" time="0.017" errors="0">
  <testcase name="testExprBytesCmp" time="0.017" classname="io.kaitai.struct.spec.TestExprBytesCmp"/>
</testsuite> <!-- io.kaitai.struct.spec.TestExprBytesCmp -->
