<?xml version="1.0" encoding="UTF-8"?>
<!-- Generated by org.testng.reporters.JUnitReportReporter -->
<testsuite hostname="travis-job-461ab3e6-b715-4813-9e90-44e4b7e93005" name="io.kaitai.struct.spec.TestExprMod" tests="1" failures="0" timestamp="25 Apr 2019 12:31:59 GMT" time="0.001" errors="0">
  <testcase name="testExprMod" time="0.001" classname="io.kaitai.struct.spec.TestExprMod"/>
</testsuite> <!-- io.kaitai.struct.spec.TestExprMod -->
