<?xml version="1.0" encoding="UTF-8"?>
<!-- Generated by org.testng.reporters.JUnitReportReporter -->
<testsuite name="io.kaitai.struct.spec.TestStrPadTermEmpty" tests="1" failures="0" timestamp="5 Jul 2023 18:37:36 GMT" time="0.005" errors="0">
  <testcase name="testStrPadTermEmpty" time="0.005" classname="io.kaitai.struct.spec.TestStrPadTermEmpty"/>
</testsuite> <!-- io.kaitai.struct.spec.TestStrPadTermEmpty -->
