<?xml version="1.0" encoding="UTF-8"?>
<!-- Generated by org.testng.reporters.JUnitReportReporter -->
<testsuite hostname="testing-gce-683e6022-01e1-4cf7-8de2-27585211c324" name="io.kaitai.struct.spec.TestProcessXor4Const" tests="1" failures="0" timestamp="25 Aug 2017 14:59:43 GMT" time="0.001" errors="0">
  <testcase name="testProcessXor4Const" time="0.001" classname="io.kaitai.struct.spec.TestProcessXor4Const"/>
</testsuite> <!-- io.kaitai.struct.spec.TestProcessXor4Const -->
