<?xml version="1.0" encoding="UTF-8"?>
<!-- Generated by org.testng.reporters.JUnitReportReporter -->
<testsuite hostname="fv-az842-282" name="io.kaitai.struct.spec.TestRepeatEosBit" tests="1" failures="0" timestamp="30 Jun 2023 19:28:45 GMT" time="0.000" errors="0">
  <testcase name="testRepeatEosBit" time="0.000" classname="io.kaitai.struct.spec.TestRepeatEosBit"/>
</testsuite> <!-- io.kaitai.struct.spec.TestRepeatEosBit -->
