<?xml version="1.0" encoding="UTF-8"?>
<!-- Generated by org.testng.reporters.JUnitReportReporter -->
<testsuite hostname="travis-job-549bb5b7-6016-4bd4-ae30-84537539a46d" name="io.kaitai.struct.spec.TestValidNotParsedIf" tests="1" failures="0" timestamp="30 Mar 2020 14:59:19 GMT" time="0.042" errors="0">
  <testcase name="testValidNotParsedIf" time="0.042" classname="io.kaitai.struct.spec.TestValidNotParsedIf"/>
</testsuite> <!-- io.kaitai.struct.spec.TestValidNotParsedIf -->
