<?xml version="1.0" encoding="UTF-8"?>
<!-- Generated by org.testng.reporters.JUnitReportReporter -->
<testsuite hostname="localhost" name="io.kaitai.struct.spec.TestNavParentSwitchCast" tests="1" failures="0" timestamp="21 Mar 2020 18:53:34 GMT" time="0.002" errors="0">
  <testcase name="testNavParentSwitchCast" time="0.002" classname="io.kaitai.struct.spec.TestNavParentSwitchCast"/>
</testsuite> <!-- io.kaitai.struct.spec.TestNavParentSwitchCast -->
