<?xml version="1.0" encoding="UTF-8"?>
<!-- Generated by org.testng.reporters.JUnitReportReporter -->
<testsuite name="io.kaitai.struct.spec.TestParamsPassArrayUsertype" tests="1" failures="0" timestamp="28 Jul 2023 22:13:06 GMT" time="0.001" errors="0">
  <testcase name="testParamsPassArrayUsertype" time="0.001" classname="io.kaitai.struct.spec.TestParamsPassArrayUsertype"/>
</testsuite> <!-- io.kaitai.struct.spec.TestParamsPassArrayUsertype -->
