<?xml version="1.0" encoding="UTF-8"?>
<!-- Generated by org.testng.reporters.JUnitReportReporter -->
<testsuite hostname="testing-gce-7234d7e0-be57-4b46-a4c2-3db5e6663cb5" name="io.kaitai.struct.spec.TestIfStruct" tests="1" failures="0" timestamp="5 Sep 2017 17:29:53 GMT" time="0.003" errors="0">
  <testcase name="testIfStruct" time="0.003" classname="io.kaitai.struct.spec.TestIfStruct"/>
</testsuite> <!-- io.kaitai.struct.spec.TestIfStruct -->
