<?xml version="1.0" encoding="UTF-8"?>
<!-- Generated by org.testng.reporters.JUnitReportReporter -->
<testsuite hostname="travis-job-f95e4c0e-27b1-4267-87e6-3b0d69589b1a" name="io.kaitai.struct.spec.TestEnumForUnknownId" tests="1" failures="0" timestamp="11 Mar 2019 22:26:09 GMT" time="0.005" errors="0">
  <testcase name="testEnumForUnknownId" time="0.005" classname="io.kaitai.struct.spec.TestEnumForUnknownId"/>
</testsuite> <!-- io.kaitai.struct.spec.TestEnumForUnknownId -->
