<?xml version="1.0" encoding="UTF-8"?>
<!-- Generated by org.testng.reporters.JUnitReportReporter -->
<testsuite hostname="travis-job-8554adcc-c1fc-4da8-ad51-4c83214123ac" name="io.kaitai.struct.spec.TestBitsSimple" tests="1" failures="0" timestamp="12 Aug 2020 08:37:39 GMT" time="0.000" errors="0">
  <testcase name="testBitsSimple" time="0.000" classname="io.kaitai.struct.spec.TestBitsSimple"/>
</testsuite> <!-- io.kaitai.struct.spec.TestBitsSimple -->
