<?xml version="1.0" encoding="UTF-8"?>
<!-- Generated by org.testng.reporters.JUnitReportReporter -->
<testsuite hostname="travis-job-f72914c3-8cb8-4623-910d-23e532ed548d" name="io.kaitai.struct.spec.TestUserType" tests="1" failures="0" timestamp="6 Jul 2019 05:33:45 GMT" time="0.000" errors="0">
  <testcase name="testUserType" time="0.000" classname="io.kaitai.struct.spec.TestUserType"/>
</testsuite> <!-- io.kaitai.struct.spec.TestUserType -->
