<?xml version="1.0" encoding="UTF-8"?>
<!-- Generated by org.testng.reporters.JUnitReportReporter -->
<testsuite name="io.kaitai.struct.spec.TestBcdUserTypeBe" tests="1" failures="0" timestamp="8 Jul 2023 22:35:10 GMT" time="0.006" errors="0">
  <testcase name="testBcdUserTypeBe" time="0.006" classname="io.kaitai.struct.spec.TestBcdUserTypeBe"/>
</testsuite> <!-- io.kaitai.struct.spec.TestBcdUserTypeBe -->
