<?xml version="1.0" encoding="UTF-8"?>
<!-- Generated by org.testng.reporters.JUnitReportReporter -->
<testsuite hostname="travis-job-7948bb91-9b31-4964-a430-60ca607a245c" name="io.kaitai.struct.spec.TestStrEos" tests="1" failures="0" timestamp="30 Jan 2020 22:43:12 GMT" time="0.001" errors="0">
  <testcase name="testStrEos" time="0.001" classname="io.kaitai.struct.spec.TestStrEos"/>
</testsuite> <!-- io.kaitai.struct.spec.TestStrEos -->
