<?xml version="1.0" encoding="UTF-8"?>
<!-- Generated by org.testng.reporters.JUnitReportReporter -->
<testsuite hostname="travis-job-a519a1f5-b74e-4756-b1e8-481c8d425a72" name="io.kaitai.struct.spec.TestIfValues" tests="1" failures="0" timestamp="23 Apr 2018 06:27:53 GMT" time="0.001" errors="0">
  <testcase name="testIfValues" time="0.001" classname="io.kaitai.struct.spec.TestIfValues"/>
</testsuite> <!-- io.kaitai.struct.spec.TestIfValues -->
