<?xml version="1.0" encoding="UTF-8"?>
<!-- Generated by org.testng.reporters.JUnitReportReporter -->
<testsuite failures="0" tests="1" name="io.kaitai.struct.spec.TestEosExceptionBytes" time="0.000" errors="0" timestamp="6 Jul 2023 18:35:31 GMT">
  <testcase classname="io.kaitai.struct.spec.TestEosExceptionBytes" name="testEosExceptionBytes" time="0.000"/>
</testsuite> <!-- io.kaitai.struct.spec.TestEosExceptionBytes -->
