<?xml version="1.0" encoding="UTF-8"?>
<!-- Generated by org.testng.reporters.JUnitReportReporter -->
<testsuite hostname="travis-job-c25a0103-1280-4cdb-90cb-57bdf1c9795f" failures="0" tests="1" name="io.kaitai.struct.spec.TestRepeatUntilComplex" time="0.001" errors="0" timestamp="13 Mar 2022 10:33:55 GMT">
  <testcase classname="io.kaitai.struct.spec.TestRepeatUntilComplex" name="testRepeatUntilComplex" time="0.001"/>
</testsuite> <!-- io.kaitai.struct.spec.TestRepeatUntilComplex -->
