<?xml version="1.0" encoding="UTF-8"?>
<!-- Generated by org.testng.reporters.JUnitReportReporter -->
<testsuite hostname="travis-job-ada4fb66-949d-4761-aca1-3a42ae467a3a" name="io.kaitai.struct.spec.TestIndexToParamUntil" tests="1" failures="0" timestamp="23 Sep 2019 23:12:59 GMT" time="0.001" errors="0">
  <testcase name="testIndexToParamUntil" time="0.001" classname="io.kaitai.struct.spec.TestIndexToParamUntil"/>
</testsuite> <!-- io.kaitai.struct.spec.TestIndexToParamUntil -->
