<?xml version="1.0" encoding="UTF-8"?>
<!-- Generated by org.testng.reporters.JUnitReportReporter -->
<testsuite hostname="fv-az555-865" failures="0" tests="1" name="io.kaitai.struct.spec.TestStrEos" time="0.000" errors="0" timestamp="30 Jun 2023 20:17:08 GMT">
  <testcase classname="io.kaitai.struct.spec.TestStrEos" name="testStrEos" time="0.000"/>
</testsuite> <!-- io.kaitai.struct.spec.TestStrEos -->
