<?xml version="1.0" encoding="UTF-8"?>
<!-- Generated by org.testng.reporters.JUnitReportReporter -->
<testsuite name="io.kaitai.struct.spec.TestValidFailRangeBytes" tests="1" failures="0" timestamp="16 Oct 2023 18:19:03 GMT" time="0.002" errors="0">
  <testcase name="testValidFailRangeBytes" time="0.002" classname="io.kaitai.struct.spec.TestValidFailRangeBytes"/>
</testsuite> <!-- io.kaitai.struct.spec.TestValidFailRangeBytes -->
