<?xml version="1.0" encoding="UTF-8"?>
<!-- Generated by org.testng.reporters.JUnitReportReporter -->
<testsuite hostname="travis-job-f7d3665e-0f93-46fb-8461-c3738b09cbcc" name="io.kaitai.struct.spec.TestBitsSimple" tests="1" failures="0" timestamp="1 Apr 2019 21:33:23 GMT" time="0.002" errors="0">
  <testcase name="testBitsSimple" time="0.002" classname="io.kaitai.struct.spec.TestBitsSimple"/>
</testsuite> <!-- io.kaitai.struct.spec.TestBitsSimple -->
