<?xml version="1.0" encoding="UTF-8"?>
<!-- Generated by org.testng.reporters.JUnitReportReporter -->
<testsuite hostname="travis-job-a070b2a2-27b9-45da-bee1-49c255f6896e" name="io.kaitai.struct.spec.TestRepeatUntilComplex" tests="1" failures="0" timestamp="25 Nov 2019 02:41:33 GMT" time="0.001" errors="0">
  <testcase name="testRepeatUntilComplex" time="0.001" classname="io.kaitai.struct.spec.TestRepeatUntilComplex"/>
</testsuite> <!-- io.kaitai.struct.spec.TestRepeatUntilComplex -->
