<?xml version="1.0" encoding="UTF-8"?>
<!-- Generated by org.testng.reporters.JUnitReportReporter -->
<testsuite hostname="localhost" name="io.kaitai.struct.spec.TestStrEncodingsUtf16" tests="1" failures="0" timestamp="15 Apr 2022 20:32:52 GMT" time="0.003" errors="0">
  <testcase name="testStrEncodingsUtf16" time="0.003" classname="io.kaitai.struct.spec.TestStrEncodingsUtf16"/>
</testsuite> <!-- io.kaitai.struct.spec.TestStrEncodingsUtf16 -->
