<?xml version="1.0" encoding="UTF-8"?>
<!-- Generated by org.testng.reporters.JUnitReportReporter -->
<testsuite hostname="testing-gce-c172d519-c349-4cb3-9418-7f1e86a57edc" name="io.kaitai.struct.spec.TestImports0" tests="1" failures="0" timestamp="28 Aug 2017 13:09:24 GMT" time="0.001" errors="0">
  <testcase name="testImports0" time="0.001" classname="io.kaitai.struct.spec.TestImports0"/>
</testsuite> <!-- io.kaitai.struct.spec.TestImports0 -->
