<?xml version="1.0" encoding="UTF-8"?>
<!-- Generated by org.testng.reporters.JUnitReportReporter -->
<testsuite hostname="travis-job-d8f26fe3-cd09-4009-acf4-7e201008b74a" name="io.kaitai.struct.spec.TestValidFailContents" tests="1" failures="0" timestamp="31 Jan 2020 10:53:06 GMT" time="0.003" errors="0">
  <testcase name="testValidFailContents" time="0.003" classname="io.kaitai.struct.spec.TestValidFailContents"/>
</testsuite> <!-- io.kaitai.struct.spec.TestValidFailContents -->
