<?xml version="1.0" encoding="UTF-8"?>
<!-- Generated by org.testng.reporters.JUnitReportReporter -->
<testsuite hostname="travis-job-dfe29099-6c72-47cb-b3be-4e472b0a4ada" name="io.kaitai.struct.spec.TestSwitchMultiBoolOps" tests="1" failures="0" timestamp="8 Mar 2020 20:32:38 GMT" time="0.000" errors="0">
  <testcase name="testSwitchMultiBoolOps" time="0.000" classname="io.kaitai.struct.spec.TestSwitchMultiBoolOps"/>
</testsuite> <!-- io.kaitai.struct.spec.TestSwitchMultiBoolOps -->
