<?xml version="1.0" encoding="UTF-8"?>
<!-- Generated by org.testng.reporters.JUnitReportReporter -->
<testsuite hostname="localhost" name="io.kaitai.struct.spec.TestExprSizeofValue0" tests="1" failures="0" timestamp="10 Apr 2020 09:40:59 GMT" time="0.000" errors="0">
  <testcase name="testExprSizeofValue0" time="0.000" classname="io.kaitai.struct.spec.TestExprSizeofValue0"/>
</testsuite> <!-- io.kaitai.struct.spec.TestExprSizeofValue0 -->
