<?xml version="1.0" encoding="UTF-8"?>
<!-- Generated by org.testng.reporters.JUnitReportReporter -->
<testsuite hostname="travis-job-de8a1f69-77c3-4a25-895b-7989021e5fd8" name="io.kaitai.struct.spec.TestDefaultBitEndianMod" tests="1" failures="0" timestamp="5 Feb 2022 18:29:57 GMT" time="0.001" errors="0">
  <testcase name="testDefaultBitEndianMod" time="0.001" classname="io.kaitai.struct.spec.TestDefaultBitEndianMod"/>
</testsuite> <!-- io.kaitai.struct.spec.TestDefaultBitEndianMod -->
