<?xml version="1.0" encoding="UTF-8"?>
<!-- Generated by org.testng.reporters.JUnitReportReporter -->
<testsuite hostname="travis-job-f72914c3-8cb8-4623-910d-23e532ed548d" name="io.kaitai.struct.spec.TestProcessXor4Const" tests="1" failures="0" timestamp="6 Jul 2019 05:33:44 GMT" time="0.001" errors="0">
  <testcase name="testProcessXor4Const" time="0.001" classname="io.kaitai.struct.spec.TestProcessXor4Const"/>
</testsuite> <!-- io.kaitai.struct.spec.TestProcessXor4Const -->
