<?xml version="1.0" encoding="UTF-8"?>
<!-- Generated by org.testng.reporters.JUnitReportReporter -->
<testsuite hostname="travis-job-819f445d-fb8a-4092-baa0-570bf34da485" name="io.kaitai.struct.spec.TestBufferedStruct" tests="1" failures="0" timestamp="4 Mar 2019 17:25:10 GMT" time="0.009" errors="0">
  <testcase name="testBufferedStruct" time="0.009" classname="io.kaitai.struct.spec.TestBufferedStruct"/>
</testsuite> <!-- io.kaitai.struct.spec.TestBufferedStruct -->
