<?xml version="1.0" encoding="UTF-8"?>
<!-- Generated by org.testng.reporters.JUnitReportReporter -->
<testsuite hostname="travis-job-449bbfcf-def4-4919-a4a4-7effc183d130" name="io.kaitai.struct.spec.TestStrEncodingsDefault" tests="1" failures="0" timestamp="12 Mar 2019 02:50:35 GMT" time="0.021" errors="0">
  <testcase name="testStrEncodingsDefault" time="0.021" classname="io.kaitai.struct.spec.TestStrEncodingsDefault"/>
</testsuite> <!-- io.kaitai.struct.spec.TestStrEncodingsDefault -->
