<?xml version="1.0" encoding="UTF-8"?>
<!-- Generated by org.testng.reporters.JUnitReportReporter -->
<testsuite hostname="travis-job-7f2baf39-12bc-4b8f-846a-1f665a3d378f" failures="0" tests="1" name="io.kaitai.struct.spec.TestExpr3" time="0.015" errors="0" timestamp="1 Mar 2020 19:41:38 GMT">
  <testcase classname="io.kaitai.struct.spec.TestExpr3" name="testExpr3" time="0.015"/>
</testsuite> <!-- io.kaitai.struct.spec.TestExpr3 -->
