<?xml version="1.0" encoding="UTF-8"?>
<!-- Generated by org.testng.reporters.JUnitReportReporter -->
<testsuite hostname="travis-job-642aebd7-3409-4778-9796-5f354540ecd4" failures="0" tests="1" name="io.kaitai.struct.spec.TestProcessXor4Const" time="0.000" errors="0" timestamp="31 Jan 2020 10:54:34 GMT">
  <testcase classname="io.kaitai.struct.spec.TestProcessXor4Const" name="testProcessXor4Const" time="0.000"/>
</testsuite> <!-- io.kaitai.struct.spec.TestProcessXor4Const -->
