<?xml version="1.0" encoding="UTF-8"?>
<!-- Generated by org.testng.reporters.JUnitReportReporter -->
<testsuite failures="0" tests="1" name="io.kaitai.struct.spec.TestValidEqStrEncodings" time="0.006" errors="0" timestamp="9 Oct 2023 18:36:03 GMT">
  <testcase classname="io.kaitai.struct.spec.TestValidEqStrEncodings" name="testValidEqStrEncodings" time="0.006"/>
</testsuite> <!-- io.kaitai.struct.spec.TestValidEqStrEncodings -->
