<?xml version="1.0" encoding="UTF-8"?>
<!-- Generated by org.testng.reporters.JUnitReportReporter -->
<testsuite hostname="travis-job-9e57816d-8ce4-4f84-8eb6-ad4910b67663" failures="0" tests="1" name="io.kaitai.struct.spec.TestDebugArrayUser" time="0.001" errors="0" timestamp="1 Aug 2022 17:00:59 GMT">
  <testcase classname="io.kaitai.struct.spec.TestDebugArrayUser" name="testDebugArrayUser" time="0.001"/>
</testsuite> <!-- io.kaitai.struct.spec.TestDebugArrayUser -->
