<?xml version="1.0" encoding="UTF-8"?>
<!-- Generated by org.testng.reporters.JUnitReportReporter -->
<testsuite failures="0" tests="1" name="io.kaitai.struct.spec.TestParamsPassArrayInt" time="0.020" errors="0" timestamp="18 Jul 2023 13:58:15 GMT">
  <testcase classname="io.kaitai.struct.spec.TestParamsPassArrayInt" name="testParamsPassArrayInt" time="0.020"/>
</testsuite> <!-- io.kaitai.struct.spec.TestParamsPassArrayInt -->
