<?xml version="1.0" encoding="UTF-8"?>
<!-- Generated by org.testng.reporters.JUnitReportReporter -->
<testsuite hostname="travis-job-819f445d-fb8a-4092-baa0-570bf34da485" name="io.kaitai.struct.spec.TestNavParentOverride" tests="1" failures="0" timestamp="4 Mar 2019 17:25:11 GMT" time="0.002" errors="0">
  <testcase name="testNavParentOverride" time="0.002" classname="io.kaitai.struct.spec.TestNavParentOverride"/>
</testsuite> <!-- io.kaitai.struct.spec.TestNavParentOverride -->
