<?xml version="1.0" encoding="UTF-8"?>
<!-- Generated by org.testng.reporters.JUnitReportReporter -->
<testsuite hostname="localhost" name="io.kaitai.struct.spec.TestSwitchMultiBoolOps" tests="1" failures="0" timestamp="22 Apr 2020 21:30:40 GMT" time="0.005" errors="0">
  <testcase name="testSwitchMultiBoolOps" time="0.005" classname="io.kaitai.struct.spec.TestSwitchMultiBoolOps"/>
</testsuite> <!-- io.kaitai.struct.spec.TestSwitchMultiBoolOps -->
