<?xml version="1.0" encoding="UTF-8"?>
<!-- Generated by org.testng.reporters.JUnitReportReporter -->
<testsuite hostname="travis-job-76ef201c-f97c-4c65-96f0-63f49a492037" name="io.kaitai.struct.spec.TestZlibWithHeader78" tests="1" failures="0" timestamp="11 Mar 2019 21:52:35 GMT" time="0.001" errors="0">
  <testcase name="testZlibWithHeader78" time="0.001" classname="io.kaitai.struct.spec.TestZlibWithHeader78"/>
</testsuite> <!-- io.kaitai.struct.spec.TestZlibWithHeader78 -->
