<?xml version="1.0" encoding="UTF-8"?>
<!-- Generated by org.testng.reporters.JUnitReportReporter -->
<testsuite failures="0" tests="1" name="io.kaitai.struct.spec.TestProcessCoerceUsertype2" time="0.002" errors="0" timestamp="6 Jul 2023 19:35:26 GMT">
  <testcase classname="io.kaitai.struct.spec.TestProcessCoerceUsertype2" name="testProcessCoerceUsertype2" time="0.002"/>
</testsuite> <!-- io.kaitai.struct.spec.TestProcessCoerceUsertype2 -->
