<?xml version="1.0" encoding="UTF-8"?>
<!-- Generated by org.testng.reporters.JUnitReportReporter -->
<testsuite name="io.kaitai.struct.spec.TestStrEncodingsDefault" tests="1" failures="0" timestamp="24 Jul 2023 14:10:32 GMT" time="0.004" errors="0">
  <testcase name="testStrEncodingsDefault" time="0.004" classname="io.kaitai.struct.spec.TestStrEncodingsDefault"/>
</testsuite> <!-- io.kaitai.struct.spec.TestStrEncodingsDefault -->
