<?xml version="1.0" encoding="UTF-8"?>
<!-- Generated by org.testng.reporters.JUnitReportReporter -->
<testsuite failures="0" tests="1" name="io.kaitai.struct.spec.TestIoLocalVar" time="0.020" errors="0" timestamp="22 Mar 2024 15:21:38 GMT">
  <testcase classname="io.kaitai.struct.spec.TestIoLocalVar" name="testIoLocalVar" time="0.020"/>
</testsuite> <!-- io.kaitai.struct.spec.TestIoLocalVar -->
