<?xml version="1.0" encoding="UTF-8"?>
<!-- Generated by org.testng.reporters.JUnitReportReporter -->
<testsuite hostname="localhost" name="io.kaitai.struct.spec.TestSwitchManualIntElse" tests="1" failures="0" timestamp="6 Jun 2020 07:23:19 GMT" time="0.005" errors="0">
  <testcase name="testSwitchManualIntElse" time="0.005" classname="io.kaitai.struct.spec.TestSwitchManualIntElse"/>
</testsuite> <!-- io.kaitai.struct.spec.TestSwitchManualIntElse -->
