<?xml version="1.0" encoding="UTF-8"?>
<!-- Generated by org.testng.reporters.JUnitReportReporter -->
<testsuite failures="0" tests="1" name="io.kaitai.struct.spec.TestExprSizeofType1" time="0.002" errors="0" timestamp="5 Jul 2023 16:14:16 GMT">
  <testcase classname="io.kaitai.struct.spec.TestExprSizeofType1" name="testExprSizeofType1" time="0.002"/>
</testsuite> <!-- io.kaitai.struct.spec.TestExprSizeofType1 -->
