<?xml version="1.0" encoding="UTF-8"?>
<!-- Generated by org.testng.reporters.JUnitReportReporter -->
<testsuite hostname="localhost" name="io.kaitai.struct.spec.TestSwitchBytearray" tests="1" failures="0" timestamp="9 Oct 2019 09:31:34 GMT" time="0.002" errors="0">
  <testcase name="testSwitchBytearray" time="0.002" classname="io.kaitai.struct.spec.TestSwitchBytearray"/>
</testsuite> <!-- io.kaitai.struct.spec.TestSwitchBytearray -->
