<?xml version="1.0" encoding="UTF-8"?>
<!-- Generated by org.testng.reporters.JUnitReportReporter -->
<testsuite hostname="localhost" name="io.kaitai.struct.spec.TestImportsAbsAbs" tests="1" failures="0" timestamp="23 May 2020 22:04:31 GMT" time="0.001" errors="0">
  <testcase name="testImportsAbsAbs" time="0.001" classname="io.kaitai.struct.spec.TestImportsAbsAbs"/>
</testsuite> <!-- io.kaitai.struct.spec.TestImportsAbsAbs -->
