<?xml version="1.0" encoding="UTF-8"?>
<!-- Generated by org.testng.reporters.JUnitReportReporter -->
<testsuite hostname="fv-az616-461" failures="0" tests="1" name="io.kaitai.struct.spec.TestNavParentSwitch" time="0.012" errors="0" timestamp="30 Jun 2023 19:49:09 GMT">
  <testcase classname="io.kaitai.struct.spec.TestNavParentSwitch" name="testNavParentSwitch" time="0.012"/>
</testsuite> <!-- io.kaitai.struct.spec.TestNavParentSwitch -->
