<?xml version="1.0" encoding="UTF-8"?>
<!-- Generated by org.testng.reporters.JUnitReportReporter -->
<testsuite hostname="travis-job-a25cb608-14a9-4e26-be44-ae6c2a80ce3d" failures="0" tests="1" name="io.kaitai.struct.spec.TestParamsPassUsertype" time="0.003" errors="0" timestamp="13 Apr 2020 20:32:22 GMT">
  <testcase classname="io.kaitai.struct.spec.TestParamsPassUsertype" name="testParamsPassUsertype" time="0.003"/>
</testsuite> <!-- io.kaitai.struct.spec.TestParamsPassUsertype -->
