<?xml version="1.0" encoding="UTF-8"?>
<!-- Generated by org.testng.reporters.JUnitReportReporter -->
<testsuite failures="0" tests="1" name="io.kaitai.struct.spec.TestBitsSignedShiftB32Le" time="0.005" errors="0" timestamp="10 Oct 2023 21:18:40 GMT">
  <testcase classname="io.kaitai.struct.spec.TestBitsSignedShiftB32Le" name="testBitsSignedShiftB32Le" time="0.005"/>
</testsuite> <!-- io.kaitai.struct.spec.TestBitsSignedShiftB32Le -->
