<?xml version="1.0" encoding="UTF-8"?>
<!-- Generated by org.testng.reporters.JUnitReportReporter -->
<testsuite hostname="localhost" name="io.kaitai.struct.spec.TestValidFailEqBytes" tests="1" failures="0" timestamp="11 Feb 2020 09:33:32 GMT" time="0.001" errors="0">
  <testcase name="testValidFailEqBytes" time="0.001" classname="io.kaitai.struct.spec.TestValidFailEqBytes"/>
</testsuite> <!-- io.kaitai.struct.spec.TestValidFailEqBytes -->
