<?xml version="1.0" encoding="UTF-8"?>
<!-- Generated by org.testng.reporters.JUnitReportReporter -->
<testsuite name="io.kaitai.struct.spec.TestBitsUnalignedB32Be" tests="1" failures="0" timestamp="5 Jul 2023 11:56:26 GMT" time="0.023" errors="0">
  <testcase name="testBitsUnalignedB32Be" time="0.023" classname="io.kaitai.struct.spec.TestBitsUnalignedB32Be"/>
</testsuite> <!-- io.kaitai.struct.spec.TestBitsUnalignedB32Be -->
