<?xml version="1.0" encoding="UTF-8"?>
<!-- Generated by org.testng.reporters.JUnitReportReporter -->
<testsuite failures="0" tests="1" name="io.kaitai.struct.spec.TestJsSignedRightShift" time="0.002" errors="0" timestamp="15 Jul 2023 06:48:19 GMT">
  <testcase classname="io.kaitai.struct.spec.TestJsSignedRightShift" name="testJsSignedRightShift" time="0.002"/>
</testsuite> <!-- io.kaitai.struct.spec.TestJsSignedRightShift -->
