<?xml version="1.0" encoding="UTF-8"?>
<!-- Generated by org.testng.reporters.JUnitReportReporter -->
<testsuite hostname="travis-job-39c57a17-da93-4c8e-b9fa-f729dc66f568" name="io.kaitai.struct.spec.TestNavParent3" tests="1" failures="0" timestamp="12 Aug 2020 10:09:10 GMT" time="0.001" errors="0">
  <testcase name="testNavParent3" time="0.001" classname="io.kaitai.struct.spec.TestNavParent3"/>
</testsuite> <!-- io.kaitai.struct.spec.TestNavParent3 -->
