<?xml version="1.0" encoding="UTF-8"?>
<!-- Generated by org.testng.reporters.JUnitReportReporter -->
<testsuite name="io.kaitai.struct.spec.TestNavParent" tests="1" failures="0" timestamp="4 Mar 2024 00:01:19 GMT" time="0.020" errors="0">
  <testcase name="testNavParent" time="0.020" classname="io.kaitai.struct.spec.TestNavParent"/>
</testsuite> <!-- io.kaitai.struct.spec.TestNavParent -->
