<?xml version="1.0" encoding="UTF-8"?>
<!-- Generated by org.testng.reporters.JUnitReportReporter -->
<testsuite failures="0" tests="1" name="io.kaitai.struct.spec.TestIntegersMinMax" time="0.002" errors="0" timestamp="21 Feb 2024 15:14:03 GMT">
  <testcase classname="io.kaitai.struct.spec.TestIntegersMinMax" name="testIntegersMinMax" time="0.002"/>
</testsuite> <!-- io.kaitai.struct.spec.TestIntegersMinMax -->
