<?xml version="1.0" encoding="UTF-8"?>
<!-- Generated by org.testng.reporters.JUnitReportReporter -->
<testsuite name="io.kaitai.struct.spec.TestZlibSurrounded" tests="1" failures="0" timestamp="4 Nov 2023 10:59:51 GMT" time="0.022" errors="0">
  <testcase name="testZlibSurrounded" time="0.022" classname="io.kaitai.struct.spec.TestZlibSurrounded"/>
</testsuite> <!-- io.kaitai.struct.spec.TestZlibSurrounded -->
