<?xml version="1.0" encoding="UTF-8"?>
<!-- Generated by org.testng.reporters.JUnitReportReporter -->
<testsuite hostname="travis-job-ff1621ba-d0f6-4505-8a0d-fd22c2127be5" failures="0" tests="1" name="io.kaitai.struct.spec.TestEnumToIClassBorder1" time="0.033" errors="0" timestamp="27 Jun 2023 08:59:15 GMT">
  <testcase classname="io.kaitai.struct.spec.TestEnumToIClassBorder1" name="testEnumToIClassBorder1" time="0.033"/>
</testsuite> <!-- io.kaitai.struct.spec.TestEnumToIClassBorder1 -->
