<?xml version="1.0" encoding="UTF-8"?>
<!-- Generated by org.testng.reporters.JUnitReportReporter -->
<testsuite hostname="localhost" name="io.kaitai.struct.spec.TestValidFailInst" tests="1" failures="0" timestamp="30 Jan 2020 18:11:45 GMT" time="0.000" errors="0">
  <testcase name="testValidFailInst" time="0.000" classname="io.kaitai.struct.spec.TestValidFailInst"/>
</testsuite> <!-- io.kaitai.struct.spec.TestValidFailInst -->
