<?xml version="1.0" encoding="UTF-8"?>
<!-- Generated by org.testng.reporters.JUnitReportReporter -->
<testsuite hostname="localhost" name="io.kaitai.struct.spec.TestNestedTypes2" tests="1" failures="0" timestamp="24 Aug 2020 07:03:20 GMT" time="0.004" errors="0">
  <testcase name="testNestedTypes2" time="0.004" classname="io.kaitai.struct.spec.TestNestedTypes2"/>
</testsuite> <!-- io.kaitai.struct.spec.TestNestedTypes2 -->
