<?xml version="1.0" encoding="UTF-8"?>
<!-- Generated by org.testng.reporters.JUnitReportReporter -->
<testsuite hostname="travis-job-b73bcc52-2c09-4e18-85e5-8b6e3861bada" name="io.kaitai.struct.spec.TestStrLiterals" tests="1" failures="0" timestamp="20 Mar 2019 08:17:22 GMT" time="0.000" errors="0">
  <testcase name="testStrLiterals" time="0.000" classname="io.kaitai.struct.spec.TestStrLiterals"/>
</testsuite> <!-- io.kaitai.struct.spec.TestStrLiterals -->
