<?xml version="1.0" encoding="UTF-8"?>
<!-- Generated by org.testng.reporters.JUnitReportReporter -->
<testsuite hostname="travis-job-02ab02e8-438e-4fe7-8355-b7e7fbb8ebbe" failures="0" tests="1" name="io.kaitai.struct.spec.TestValidFailInst" time="0.037" errors="0" timestamp="2 Apr 2020 13:35:44 GMT">
  <testcase classname="io.kaitai.struct.spec.TestValidFailInst" name="testValidFailInst" time="0.037"/>
</testsuite> <!-- io.kaitai.struct.spec.TestValidFailInst -->
