<?xml version="1.0" encoding="UTF-8"?>
<!-- Generated by org.testng.reporters.JUnitReportReporter -->
<testsuite hostname="localhost" name="io.kaitai.struct.spec.TestNavParentSwitchCast" tests="1" failures="0" timestamp="1 Jul 2021 22:25:39 GMT" time="0.000" errors="0">
  <testcase name="testNavParentSwitchCast" time="0.000" classname="io.kaitai.struct.spec.TestNavParentSwitchCast"/>
</testsuite> <!-- io.kaitai.struct.spec.TestNavParentSwitchCast -->
