<?xml version="1.0" encoding="UTF-8"?>
<!-- Generated by org.testng.reporters.JUnitReportReporter -->
<testsuite name="io.kaitai.struct.spec.TestSwitchElseOnly" tests="1" failures="0" timestamp="15 Oct 2023 23:51:42 GMT" time="0.000" errors="0">
  <testcase name="testSwitchElseOnly" time="0.000" classname="io.kaitai.struct.spec.TestSwitchElseOnly"/>
</testsuite> <!-- io.kaitai.struct.spec.TestSwitchElseOnly -->
