<?xml version="1.0" encoding="UTF-8"?>
<!-- Generated by org.testng.reporters.JUnitReportReporter -->
<testsuite hostname="localhost" name="io.kaitai.struct.spec.TestProcessToUser" tests="1" failures="0" timestamp="23 Mar 2020 08:55:26 GMT" time="0.000" errors="0">
  <testcase name="testProcessToUser" time="0.000" classname="io.kaitai.struct.spec.TestProcessToUser"/>
</testsuite> <!-- io.kaitai.struct.spec.TestProcessToUser -->
