<?xml version="1.0" encoding="UTF-8"?>
<!-- Generated by org.testng.reporters.JUnitReportReporter -->
<testsuite hostname="travis-job-9fe21418-ba19-4d6b-a870-1b4b75c01da7" failures="0" tests="1" name="io.kaitai.struct.spec.TestSwitchElseOnly" time="0.034" errors="0" timestamp="5 Feb 2022 18:29:44 GMT">
  <testcase classname="io.kaitai.struct.spec.TestSwitchElseOnly" name="testSwitchElseOnly" time="0.034"/>
</testsuite> <!-- io.kaitai.struct.spec.TestSwitchElseOnly -->
