<?xml version="1.0" encoding="UTF-8"?>
<!-- Generated by org.testng.reporters.JUnitReportReporter -->
<testsuite hostname="localhost" name="io.kaitai.struct.spec.TestBitsSimpleLe" tests="1" failures="0" timestamp="10 Feb 2022 22:11:45 GMT" time="0.002" errors="0">
  <testcase name="testBitsSimpleLe" time="0.002" classname="io.kaitai.struct.spec.TestBitsSimpleLe"/>
</testsuite> <!-- io.kaitai.struct.spec.TestBitsSimpleLe -->
