<?xml version="1.0" encoding="UTF-8"?>
<!-- Generated by org.testng.reporters.JUnitReportReporter -->
<testsuite name="io.kaitai.struct.spec.TestCombineStr" tests="1" failures="0" timestamp="29 Feb 2024 19:37:07 GMT" time="0.002" errors="0">
  <testcase name="testCombineStr" time="0.002" classname="io.kaitai.struct.spec.TestCombineStr"/>
</testsuite> <!-- io.kaitai.struct.spec.TestCombineStr -->
