<?xml version="1.0" encoding="UTF-8"?>
<!-- Generated by org.testng.reporters.JUnitReportReporter -->
<testsuite hostname="travis-job-d9d18348-7c74-4554-bfbc-bb62cace746e" name="io.kaitai.struct.spec.TestPositionInSeq" tests="1" failures="0" timestamp="15 Apr 2022 20:32:41 GMT" time="0.001" errors="0">
  <testcase name="testPositionInSeq" time="0.001" classname="io.kaitai.struct.spec.TestPositionInSeq"/>
</testsuite> <!-- io.kaitai.struct.spec.TestPositionInSeq -->
