<?xml version="1.0" encoding="UTF-8"?>
<!-- Generated by org.testng.reporters.JUnitReportReporter -->
<testsuite failures="0" tests="1" name="io.kaitai.struct.spec.TestImportsAbsAbs" time="0.005" errors="0" timestamp="19 Jul 2023 21:02:29 GMT">
  <testcase classname="io.kaitai.struct.spec.TestImportsAbsAbs" name="testImportsAbsAbs" time="0.005"/>
</testsuite> <!-- io.kaitai.struct.spec.TestImportsAbsAbs -->
