<?xml version="1.0" encoding="UTF-8"?>
<!-- Generated by org.testng.reporters.JUnitReportReporter -->
<testsuite hostname="travis-job-28acb235-d79f-4c10-822c-5b5331f5e9d3" name="io.kaitai.struct.spec.TestStrEncodings" tests="1" failures="0" timestamp="28 Mar 2019 23:48:48 GMT" time="0.014" errors="0">
  <testcase name="testStrEncodings" time="0.014" classname="io.kaitai.struct.spec.TestStrEncodings"/>
</testsuite> <!-- io.kaitai.struct.spec.TestStrEncodings -->
