<?xml version="1.0" encoding="UTF-8"?>
<!-- Generated by org.testng.reporters.JUnitReportReporter -->
<testsuite hostname="localhost" name="io.kaitai.struct.spec.TestRepeatUntilSized" tests="1" failures="0" timestamp="24 Nov 2019 11:12:23 GMT" time="0.000" errors="0">
  <testcase name="testRepeatUntilSized" time="0.000" classname="io.kaitai.struct.spec.TestRepeatUntilSized"/>
</testsuite> <!-- io.kaitai.struct.spec.TestRepeatUntilSized -->
