<?xml version="1.0" encoding="UTF-8"?>
<!-- Generated by org.testng.reporters.JUnitReportReporter -->
<testsuite name="io.kaitai.struct.spec.TestEnumToI" tests="1" failures="0" timestamp="21 Feb 2024 14:49:31 GMT" time="0.028" errors="0">
  <testcase name="testEnumToI" time="0.028" classname="io.kaitai.struct.spec.TestEnumToI"/>
</testsuite> <!-- io.kaitai.struct.spec.TestEnumToI -->
