<?xml version="1.0" encoding="UTF-8"?>
<!-- Generated by org.testng.reporters.JUnitReportReporter -->
<testsuite hostname="localhost" name="io.kaitai.struct.spec.TestSwitchManualEnum" tests="1" failures="0" timestamp="9 Oct 2019 10:56:31 GMT" time="0.007" errors="0">
  <testcase name="testSwitchManualEnum" time="0.007" classname="io.kaitai.struct.spec.TestSwitchManualEnum"/>
</testsuite> <!-- io.kaitai.struct.spec.TestSwitchManualEnum -->
