<?xml version="1.0" encoding="UTF-8"?>
<!-- Generated by org.testng.reporters.JUnitReportReporter -->
<testsuite hostname="localhost" name="io.kaitai.struct.spec.TestRepeatEosBit" tests="1" failures="0" timestamp="10 Apr 2020 11:07:00 GMT" time="0.020" errors="0">
  <testcase name="testRepeatEosBit" time="0.020" classname="io.kaitai.struct.spec.TestRepeatEosBit"/>
</testsuite> <!-- io.kaitai.struct.spec.TestRepeatEosBit -->
