<?xml version="1.0" encoding="UTF-8"?>
<!-- Generated by org.testng.reporters.JUnitReportReporter -->
<testsuite hostname="travis-job-783a103d-a408-4899-b374-0c737d3edf26" name="io.kaitai.struct.spec.TestProcessXor4Const" tests="1" failures="0" timestamp="17 Aug 2020 20:21:55 GMT" time="0.000" errors="0">
  <testcase name="testProcessXor4Const" time="0.000" classname="io.kaitai.struct.spec.TestProcessXor4Const"/>
</testsuite> <!-- io.kaitai.struct.spec.TestProcessXor4Const -->
