<?xml version="1.0" encoding="UTF-8"?>
<!-- Generated by org.testng.reporters.JUnitReportReporter -->
<testsuite failures="0" tests="1" name="io.kaitai.struct.spec.TestNavParent3" time="0.001" errors="0" timestamp="2 Mar 2024 12:48:11 GMT">
  <testcase classname="io.kaitai.struct.spec.TestNavParent3" name="testNavParent3" time="0.001"/>
</testsuite> <!-- io.kaitai.struct.spec.TestNavParent3 -->
