<?xml version="1.0" encoding="UTF-8"?>
<!-- Generated by org.testng.reporters.JUnitReportReporter -->
<testsuite hostname="travis-job-3cacadac-fce0-42b9-b397-4034988b2c2c" name="io.kaitai.struct.spec.TestTermBytes" tests="1" failures="0" timestamp="15 Oct 2019 23:19:01 GMT" time="0.000" errors="0">
  <testcase name="testTermBytes" time="0.000" classname="io.kaitai.struct.spec.TestTermBytes"/>
</testsuite> <!-- io.kaitai.struct.spec.TestTermBytes -->
