<?xml version="1.0" encoding="UTF-8"?>
<!-- Generated by org.testng.reporters.JUnitReportReporter -->
<testsuite hostname="testing-gce-fbda2da8-85fe-41be-8470-16ef895861a4" name="io.kaitai.struct.spec.TestStrEncodings" tests="1" failures="0" timestamp="20 Aug 2017 20:03:27 GMT" time="0.011" errors="0">
  <testcase name="testStrEncodings" time="0.011" classname="io.kaitai.struct.spec.TestStrEncodings"/>
</testsuite> <!-- io.kaitai.struct.spec.TestStrEncodings -->
