<?xml version="1.0" encoding="UTF-8"?>
<!-- Generated by org.testng.reporters.JUnitReportReporter -->
<testsuite hostname="travis-job-07cd9c1b-3b69-4d8d-b715-be9110765e3a" name="io.kaitai.struct.spec.TestIndexToParamEos" tests="1" failures="0" timestamp="10 Mar 2019 12:21:45 GMT" time="0.001" errors="0">
  <testcase name="testIndexToParamEos" time="0.001" classname="io.kaitai.struct.spec.TestIndexToParamEos"/>
</testsuite> <!-- io.kaitai.struct.spec.TestIndexToParamEos -->
