<?xml version="1.0" encoding="UTF-8"?>
<!-- Generated by org.testng.reporters.JUnitReportReporter -->
<testsuite hostname="localhost" name="io.kaitai.struct.spec.TestProcessXorValue" tests="1" failures="0" timestamp="11 Jan 2020 15:56:22 GMT" time="0.001" errors="0">
  <testcase name="testProcessXorValue" time="0.001" classname="io.kaitai.struct.spec.TestProcessXorValue"/>
</testsuite> <!-- io.kaitai.struct.spec.TestProcessXorValue -->
