<?xml version="1.0" encoding="UTF-8"?>
<!-- Generated by org.testng.reporters.JUnitReportReporter -->
<testsuite name="io.kaitai.struct.spec.TestValidFailRangeStr" tests="1" failures="0" timestamp="4 Mar 2024 00:01:16 GMT" time="0.001" errors="0">
  <testcase name="testValidFailRangeStr" time="0.001" classname="io.kaitai.struct.spec.TestValidFailRangeStr"/>
</testsuite> <!-- io.kaitai.struct.spec.TestValidFailRangeStr -->
