<?xml version="1.0" encoding="UTF-8"?>
<!-- Generated by org.testng.reporters.JUnitReportReporter -->
<testsuite hostname="travis-job-0141bfe9-ddb4-4135-883c-adbcc7707a3f" name="io.kaitai.struct.spec.TestRepeatNStrz" tests="1" failures="0" timestamp="16 Mar 2020 21:12:23 GMT" time="0.000" errors="0">
  <testcase name="testRepeatNStrz" time="0.000" classname="io.kaitai.struct.spec.TestRepeatNStrz"/>
</testsuite> <!-- io.kaitai.struct.spec.TestRepeatNStrz -->
