<?xml version="1.0" encoding="UTF-8"?>
<!-- Generated by org.testng.reporters.JUnitReportReporter -->
<testsuite failures="0" tests="1" name="io.kaitai.struct.spec.TestBcdUserTypeBe" time="0.017" errors="0" timestamp="4 Nov 2023 09:51:02 GMT">
  <testcase classname="io.kaitai.struct.spec.TestBcdUserTypeBe" name="testBcdUserTypeBe" time="0.017"/>
</testsuite> <!-- io.kaitai.struct.spec.TestBcdUserTypeBe -->
