<?xml version="1.0" encoding="UTF-8"?>
<!-- Generated by org.testng.reporters.JUnitReportReporter -->
<testsuite name="io.kaitai.struct.spec.TestDefaultEndianMod" tests="1" failures="0" timestamp="2 Aug 2023 17:40:40 GMT" time="0.016" errors="0">
  <testcase name="testDefaultEndianMod" time="0.016" classname="io.kaitai.struct.spec.TestDefaultEndianMod"/>
</testsuite> <!-- io.kaitai.struct.spec.TestDefaultEndianMod -->
