<?xml version="1.0" encoding="UTF-8"?>
<!-- Generated by org.testng.reporters.JUnitReportReporter -->
<testsuite hostname="travis-job-ac10f8c8-4c8c-4c70-a129-2100298bee08" name="io.kaitai.struct.spec.TestSwitchIntegers2" tests="1" failures="0" timestamp="24 Dec 2018 23:10:41 GMT" time="0.001" errors="0">
  <testcase name="testSwitchIntegers2" time="0.001" classname="io.kaitai.struct.spec.TestSwitchIntegers2"/>
</testsuite> <!-- io.kaitai.struct.spec.TestSwitchIntegers2 -->
