<?xml version="1.0" encoding="UTF-8"?>
<!-- Generated by org.testng.reporters.JUnitReportReporter -->
<testsuite hostname="travis-job-71e8be7b-7926-4969-83c2-ff361bec1cb1" name="io.kaitai.struct.spec.TestNavParentVsValueInst" tests="1" failures="0" timestamp="19 Jan 2020 14:36:04 GMT" time="0.000" errors="0">
  <testcase name="testNavParentVsValueInst" time="0.000" classname="io.kaitai.struct.spec.TestNavParentVsValueInst"/>
</testsuite> <!-- io.kaitai.struct.spec.TestNavParentVsValueInst -->
