<?xml version="1.0" encoding="UTF-8"?>
<!-- Generated by org.testng.reporters.JUnitReportReporter -->
<testsuite failures="0" tests="1" name="io.kaitai.struct.spec.TestValidOptionalId" time="0.001" errors="0" timestamp="21 Jul 2023 09:21:04 GMT">
  <testcase classname="io.kaitai.struct.spec.TestValidOptionalId" name="testValidOptionalId" time="0.001"/>
</testsuite> <!-- io.kaitai.struct.spec.TestValidOptionalId -->
