<?xml version="1.0" encoding="UTF-8"?>
<!-- Generated by org.testng.reporters.JUnitReportReporter -->
<testsuite hostname="fv-az417-420" failures="0" tests="1" name="io.kaitai.struct.spec.TestValidLong" time="0.002" errors="0" timestamp="3 Jul 2023 08:33:05 GMT">
  <testcase classname="io.kaitai.struct.spec.TestValidLong" name="testValidLong" time="0.002"/>
</testsuite> <!-- io.kaitai.struct.spec.TestValidLong -->
