<?xml version="1.0" encoding="UTF-8"?>
<!-- Generated by org.testng.reporters.JUnitReportReporter -->
<testsuite hostname="travis-job-4aa6d609-adbd-4296-9096-d5979201c76b" name="io.kaitai.struct.spec.TestRepeatNStrz" tests="1" failures="0" timestamp="4 Apr 2020 14:30:09 GMT" time="0.001" errors="0">
  <testcase name="testRepeatNStrz" time="0.001" classname="io.kaitai.struct.spec.TestRepeatNStrz"/>
</testsuite> <!-- io.kaitai.struct.spec.TestRepeatNStrz -->
