<?xml version="1.0" encoding="UTF-8"?>
<!-- Generated by org.testng.reporters.JUnitReportReporter -->
<testsuite hostname="travis-job-55131842-a9a4-449c-a500-5e57eecb3602" name="io.kaitai.struct.spec.TestNestedTypes2" tests="1" failures="0" timestamp="12 Mar 2020 20:24:54 GMT" time="0.003" errors="0">
  <testcase name="testNestedTypes2" time="0.003" classname="io.kaitai.struct.spec.TestNestedTypes2"/>
</testsuite> <!-- io.kaitai.struct.spec.TestNestedTypes2 -->
