<?xml version="1.0" encoding="UTF-8"?>
<!-- Generated by org.testng.reporters.JUnitReportReporter -->
<testsuite name="io.kaitai.struct.spec.TestBufferedStruct" tests="1" failures="0" timestamp="4 Aug 2023 22:04:23 GMT" time="0.001" errors="0">
  <testcase name="testBufferedStruct" time="0.001" classname="io.kaitai.struct.spec.TestBufferedStruct"/>
</testsuite> <!-- io.kaitai.struct.spec.TestBufferedStruct -->
