<?xml version="1.0" encoding="UTF-8"?>
<!-- Generated by org.testng.reporters.JUnitReportReporter -->
<testsuite name="io.kaitai.struct.spec.TestZlibSurrounded" tests="1" failures="0" timestamp="15 Jul 2023 06:44:26 GMT" time="0.013" errors="0">
  <testcase name="testZlibSurrounded" time="0.013" classname="io.kaitai.struct.spec.TestZlibSurrounded"/>
</testsuite> <!-- io.kaitai.struct.spec.TestZlibSurrounded -->
