<?xml version="1.0" encoding="UTF-8"?>
<!-- Generated by org.testng.reporters.JUnitReportReporter -->
<testsuite name="io.kaitai.struct.spec.TestProcessXor4Value" tests="1" failures="0" timestamp="30 Jul 2023 15:26:57 GMT" time="0.000" errors="0">
  <testcase name="testProcessXor4Value" time="0.000" classname="io.kaitai.struct.spec.TestProcessXor4Value"/>
</testsuite> <!-- io.kaitai.struct.spec.TestProcessXor4Value -->
