<?xml version="1.0" encoding="UTF-8"?>
<!-- Generated by org.testng.reporters.JUnitReportReporter -->
<testsuite hostname="travis-job-dd47caec-f4b2-418f-bacd-a2a6a6cb6f46" name="io.kaitai.struct.spec.TestEnumIntRangeU" tests="1" failures="0" timestamp="31 Mar 2020 06:34:41 GMT" time="0.000" errors="0">
  <testcase name="testEnumIntRangeU" time="0.000" classname="io.kaitai.struct.spec.TestEnumIntRangeU"/>
</testsuite> <!-- io.kaitai.struct.spec.TestEnumIntRangeU -->
