<?xml version="1.0" encoding="UTF-8"?>
<!-- Generated by org.testng.reporters.JUnitReportReporter -->
<testsuite hostname="travis-job-6b3fdf66-0ad3-4d74-af61-0a36f8cdf612" name="io.kaitai.struct.spec.TestRepeatUntilS4" tests="1" failures="0" timestamp="4 Mar 2019 08:58:49 GMT" time="0.000" errors="0">
  <testcase name="testRepeatUntilS4" time="0.000" classname="io.kaitai.struct.spec.TestRepeatUntilS4"/>
</testsuite> <!-- io.kaitai.struct.spec.TestRepeatUntilS4 -->
