<?xml version="1.0" encoding="UTF-8"?>
<!-- Generated by org.testng.reporters.JUnitReportReporter -->
<testsuite hostname="localhost" name="io.kaitai.struct.spec.TestProcessCustomNoArgs" tests="1" failures="0" timestamp="13 Mar 2022 10:34:31 GMT" time="0.006" errors="0">
  <testcase name="testProcessCustomNoArgs" time="0.006" classname="io.kaitai.struct.spec.TestProcessCustomNoArgs"/>
</testsuite> <!-- io.kaitai.struct.spec.TestProcessCustomNoArgs -->
