<?xml version="1.0" encoding="UTF-8"?>
<!-- Generated by org.testng.reporters.JUnitReportReporter -->
<testsuite name="io.kaitai.struct.spec.TestStrLiterals" tests="1" failures="0" timestamp="21 Jul 2023 15:59:15 GMT" time="0.003" errors="0">
  <testcase name="testStrLiterals" time="0.003" classname="io.kaitai.struct.spec.TestStrLiterals"/>
</testsuite> <!-- io.kaitai.struct.spec.TestStrLiterals -->
