<?xml version="1.0" encoding="UTF-8"?>
<!-- Generated by org.testng.reporters.JUnitReportReporter -->
<testsuite failures="0" tests="1" name="io.kaitai.struct.spec.TestRepeatNStrzDouble" time="0.000" errors="0" timestamp="21 Jul 2023 07:37:07 GMT">
  <testcase classname="io.kaitai.struct.spec.TestRepeatNStrzDouble" name="testRepeatNStrzDouble" time="0.000"/>
</testsuite> <!-- io.kaitai.struct.spec.TestRepeatNStrzDouble -->
