<?xml version="1.0" encoding="UTF-8"?>
<!-- Generated by org.testng.reporters.JUnitReportReporter -->
<testsuite hostname="travis-job-549ae619-d6b0-47e3-8377-bf43962813d4" name="io.kaitai.struct.spec.TestStrEncodings" tests="1" failures="0" timestamp="30 Jul 2020 22:56:24 GMT" time="0.000" errors="0">
  <testcase name="testStrEncodings" time="0.000" classname="io.kaitai.struct.spec.TestStrEncodings"/>
</testsuite> <!-- io.kaitai.struct.spec.TestStrEncodings -->
