<?xml version="1.0" encoding="UTF-8"?>
<!-- Generated by org.testng.reporters.JUnitReportReporter -->
<testsuite name="io.kaitai.struct.spec.TestExprBytesCmp" tests="1" failures="0" timestamp="22 Mar 2024 00:49:59 GMT" time="0.001" errors="0">
  <testcase name="testExprBytesCmp" time="0.001" classname="io.kaitai.struct.spec.TestExprBytesCmp"/>
</testsuite> <!-- io.kaitai.struct.spec.TestExprBytesCmp -->
