<?xml version="1.0" encoding="UTF-8"?>
<!-- Generated by org.testng.reporters.JUnitReportReporter -->
<testsuite hostname="travis-job-be1a0029-9a63-4b75-88e7-3d59b5c3e4a7" name="io.kaitai.struct.spec.TestImportsAbs" tests="1" failures="0" timestamp="21 Mar 2020 18:53:28 GMT" time="0.001" errors="0">
  <testcase name="testImportsAbs" time="0.001" classname="io.kaitai.struct.spec.TestImportsAbs"/>
</testsuite> <!-- io.kaitai.struct.spec.TestImportsAbs -->
