<?xml version="1.0" encoding="UTF-8"?>
<!-- Generated by org.testng.reporters.JUnitReportReporter -->
<testsuite name="io.kaitai.struct.spec.TestBitsSimple" tests="1" failures="0" timestamp="5 Jul 2023 11:56:29 GMT" time="0.005" errors="0">
  <testcase name="testBitsSimple" time="0.005" classname="io.kaitai.struct.spec.TestBitsSimple"/>
</testsuite> <!-- io.kaitai.struct.spec.TestBitsSimple -->
