<?xml version="1.0" encoding="UTF-8"?>
<!-- Generated by org.testng.reporters.JUnitReportReporter -->
<testsuite failures="0" tests="1" name="io.kaitai.struct.spec.TestNavParent" time="0.002" errors="0" timestamp="7 Jul 2023 21:40:55 GMT">
  <testcase classname="io.kaitai.struct.spec.TestNavParent" name="testNavParent" time="0.002"/>
</testsuite> <!-- io.kaitai.struct.spec.TestNavParent -->
