<?xml version="1.0" encoding="UTF-8"?>
<!-- Generated by org.testng.reporters.JUnitReportReporter -->
<testsuite hostname="localhost" name="io.kaitai.struct.spec.TestNavParentOverride" tests="1" failures="0" timestamp="16 Mar 2020 17:44:57 GMT" time="0.002" errors="0">
  <testcase name="testNavParentOverride" time="0.002" classname="io.kaitai.struct.spec.TestNavParentOverride"/>
</testsuite> <!-- io.kaitai.struct.spec.TestNavParentOverride -->
