<?xml version="1.0" encoding="UTF-8"?>
<!-- Generated by org.testng.reporters.JUnitReportReporter -->
<testsuite hostname="localhost" name="io.kaitai.struct.spec.TestNestedSameName" tests="1" failures="0" timestamp="11 Jan 2020 15:56:22 GMT" time="0.014" errors="0">
  <testcase name="testNestedSameName" time="0.014" classname="io.kaitai.struct.spec.TestNestedSameName"/>
</testsuite> <!-- io.kaitai.struct.spec.TestNestedSameName -->
