<?xml version="1.0" encoding="UTF-8"?>
<!-- Generated by org.testng.reporters.JUnitReportReporter -->
<testsuite hostname="localhost" name="io.kaitai.struct.spec.TestNestedSameName2" tests="1" failures="0" timestamp="7 Dec 2019 13:22:45 GMT" time="0.002" errors="0">
  <testcase name="testNestedSameName2" time="0.002" classname="io.kaitai.struct.spec.TestNestedSameName2"/>
</testsuite> <!-- io.kaitai.struct.spec.TestNestedSameName2 -->
