<?xml version="1.0" encoding="UTF-8"?>
<!-- Generated by org.testng.reporters.JUnitReportReporter -->
<testsuite name="io.kaitai.struct.spec.TestTermU1Val" tests="1" failures="0" timestamp="18 Jul 2023 13:58:08 GMT" time="0.000" errors="0">
  <testcase name="testTermU1Val" time="0.000" classname="io.kaitai.struct.spec.TestTermU1Val"/>
</testsuite> <!-- io.kaitai.struct.spec.TestTermU1Val -->
