<?xml version="1.0" encoding="UTF-8"?>
<!-- Generated by org.testng.reporters.JUnitReportReporter -->
<testsuite hostname="localhost" name="io.kaitai.struct.spec.TestRepeatUntilComplex" tests="1" failures="0" timestamp="24 Aug 2020 07:03:20 GMT" time="0.014" errors="0">
  <testcase name="testRepeatUntilComplex" time="0.014" classname="io.kaitai.struct.spec.TestRepeatUntilComplex"/>
</testsuite> <!-- io.kaitai.struct.spec.TestRepeatUntilComplex -->
