<?xml version="1.0" encoding="UTF-8"?>
<!-- Generated by org.testng.reporters.JUnitReportReporter -->
<testsuite hostname="localhost" name="io.kaitai.struct.spec.TestValidFailAnyofInt" tests="1" failures="0" timestamp="11 Jun 2020 18:06:59 GMT" time="0.000" errors="0">
  <testcase name="testValidFailAnyofInt" time="0.000" classname="io.kaitai.struct.spec.TestValidFailAnyofInt"/>
</testsuite> <!-- io.kaitai.struct.spec.TestValidFailAnyofInt -->
