<?xml version="1.0" encoding="UTF-8"?>
<!-- Generated by org.testng.reporters.JUnitReportReporter -->
<testsuite name="io.kaitai.struct.spec.TestTypeIntUnaryOp" tests="1" failures="0" timestamp="19 Jul 2023 18:53:21 GMT" time="0.001" errors="0">
  <testcase name="testTypeIntUnaryOp" time="0.001" classname="io.kaitai.struct.spec.TestTypeIntUnaryOp"/>
</testsuite> <!-- io.kaitai.struct.spec.TestTypeIntUnaryOp -->
