<?xml version="1.0" encoding="UTF-8"?>
<!-- Generated by org.testng.reporters.JUnitReportReporter -->
<testsuite hostname="travis-job-e68da027-0fc0-4bc1-b228-283fa8e2f50f" name="io.kaitai.struct.spec.TestUserType" tests="1" failures="0" timestamp="26 Jul 2020 17:52:15 GMT" time="0.001" errors="0">
  <testcase name="testUserType" time="0.001" classname="io.kaitai.struct.spec.TestUserType"/>
</testsuite> <!-- io.kaitai.struct.spec.TestUserType -->
