<?xml version="1.0" encoding="UTF-8"?>
<!-- Generated by org.testng.reporters.JUnitReportReporter -->
<testsuite hostname="travis-job-7affe39d-c7cb-43b0-9534-0390c1461c94" name="io.kaitai.struct.spec.TestStrEncodingsDefault" tests="1" failures="0" timestamp="5 Apr 2019 16:50:07 GMT" time="0.020" errors="0">
  <testcase name="testStrEncodingsDefault" time="0.020" classname="io.kaitai.struct.spec.TestStrEncodingsDefault"/>
</testsuite> <!-- io.kaitai.struct.spec.TestStrEncodingsDefault -->
