<?xml version="1.0" encoding="UTF-8"?>
<!-- Generated by org.testng.reporters.JUnitReportReporter -->
<testsuite hostname="localhost" name="io.kaitai.struct.spec.TestStrPadTermEmpty" tests="1" failures="0" timestamp="15 Apr 2020 22:18:44 GMT" time="0.001" errors="0">
  <testcase name="testStrPadTermEmpty" time="0.001" classname="io.kaitai.struct.spec.TestStrPadTermEmpty"/>
</testsuite> <!-- io.kaitai.struct.spec.TestStrPadTermEmpty -->
