<?xml version="1.0" encoding="UTF-8"?>
<!-- Generated by org.testng.reporters.JUnitReportReporter -->
<testsuite hostname="travis-job-3b694868-28b6-4f55-9c09-afa6b527227d" name="io.kaitai.struct.spec.TestValidNotParsedIf" tests="1" failures="0" timestamp="17 Jun 2022 12:26:51 GMT" time="0.040" errors="0">
  <testcase name="testValidNotParsedIf" time="0.040" classname="io.kaitai.struct.spec.TestValidNotParsedIf"/>
</testsuite> <!-- io.kaitai.struct.spec.TestValidNotParsedIf -->
