<?xml version="1.0" encoding="UTF-8"?>
<!-- Generated by org.testng.reporters.JUnitReportReporter -->
<testsuite hostname="testing-gce-ed77ec82-f320-4f5d-8fe3-744b30f368c5" name="io.kaitai.struct.spec.TestImports0" tests="1" failures="0" timestamp="6 Aug 2017 19:37:09 GMT" time="0.001" errors="0">
  <testcase name="testImports0" time="0.001" classname="io.kaitai.struct.spec.TestImports0"/>
</testsuite> <!-- io.kaitai.struct.spec.TestImports0 -->
