<?xml version="1.0" encoding="UTF-8"?>
<!-- Generated by org.testng.reporters.JUnitReportReporter -->
<testsuite hostname="travis-job-94027e1d-c43f-4955-a8e0-0c59ea8587e4" name="io.kaitai.struct.spec.TestSwitchIntegers2" tests="1" failures="0" timestamp="16 Mar 2020 22:28:29 GMT" time="0.000" errors="0">
  <testcase name="testSwitchIntegers2" time="0.000" classname="io.kaitai.struct.spec.TestSwitchIntegers2"/>
</testsuite> <!-- io.kaitai.struct.spec.TestSwitchIntegers2 -->
