<?xml version="1.0" encoding="UTF-8"?>
<!-- Generated by org.testng.reporters.JUnitReportReporter -->
<testsuite hostname="localhost" name="io.kaitai.struct.spec.TestFixedStruct" tests="1" failures="0" timestamp="18 Mar 2020 22:42:06 GMT" time="0.002" errors="0">
  <testcase name="testFixedStruct" time="0.002" classname="io.kaitai.struct.spec.TestFixedStruct"/>
</testsuite> <!-- io.kaitai.struct.spec.TestFixedStruct -->
