<?xml version="1.0" encoding="UTF-8"?>
<!-- Generated by org.testng.reporters.JUnitReportReporter -->
<testsuite hostname="travis-job-1e88376a-096f-4fad-a99c-b85caa06e490" failures="0" tests="1" name="io.kaitai.struct.spec.TestDebugEnumName" time="0.006" errors="0" timestamp="29 Feb 2020 17:16:30 GMT">
  <testcase classname="io.kaitai.struct.spec.TestDebugEnumName" name="testDebugEnumName" time="0.006"/>
</testsuite> <!-- io.kaitai.struct.spec.TestDebugEnumName -->
