<?xml version="1.0" encoding="UTF-8"?>
<!-- Generated by org.testng.reporters.JUnitReportReporter -->
<testsuite hostname="travis-job-06067f31-f02b-4b32-aece-e21e19d203b1" name="io.kaitai.struct.spec.TestCastToImported" tests="1" failures="0" timestamp="8 Mar 2020 21:32:08 GMT" time="0.006" errors="0">
  <testcase name="testCastToImported" time="0.006" classname="io.kaitai.struct.spec.TestCastToImported"/>
</testsuite> <!-- io.kaitai.struct.spec.TestCastToImported -->
