<?xml version="1.0" encoding="UTF-8"?>
<!-- Generated by org.testng.reporters.JUnitReportReporter -->
<testsuite name="io.kaitai.struct.spec.TestZlibWithHeader78" tests="1" failures="0" timestamp="4 Nov 2023 10:59:42 GMT" time="0.000" errors="0">
  <testcase name="testZlibWithHeader78" time="0.000" classname="io.kaitai.struct.spec.TestZlibWithHeader78"/>
</testsuite> <!-- io.kaitai.struct.spec.TestZlibWithHeader78 -->
