<?xml version="1.0" encoding="UTF-8"?>
<!-- Generated by org.testng.reporters.JUnitReportReporter -->
<testsuite hostname="travis-job-fac0fe44-4283-4fcd-8d8d-8fe97f17b996" name="io.kaitai.struct.spec.TestProcessXorValue" tests="1" failures="0" timestamp="17 Mar 2019 16:29:16 GMT" time="0.000" errors="0">
  <testcase name="testProcessXorValue" time="0.000" classname="io.kaitai.struct.spec.TestProcessXorValue"/>
</testsuite> <!-- io.kaitai.struct.spec.TestProcessXorValue -->
