<?xml version="1.0" encoding="UTF-8"?>
<!-- Generated by org.testng.reporters.JUnitReportReporter -->
<testsuite hostname="travis-job-4e84962d-56c9-4ca3-b0ce-a781a6a4f90d" name="io.kaitai.struct.spec.TestBufferedStruct" tests="1" failures="0" timestamp="18 Mar 2019 12:16:10 GMT" time="0.008" errors="0">
  <testcase name="testBufferedStruct" time="0.008" classname="io.kaitai.struct.spec.TestBufferedStruct"/>
</testsuite> <!-- io.kaitai.struct.spec.TestBufferedStruct -->
