<?xml version="1.0" encoding="UTF-8"?>
<!-- Generated by org.testng.reporters.JUnitReportReporter -->
<testsuite name="io.kaitai.struct.spec.TestParamsPassArrayUsertype" tests="1" failures="0" timestamp="6 Jul 2023 18:35:26 GMT" time="0.020" errors="0">
  <testcase name="testParamsPassArrayUsertype" time="0.020" classname="io.kaitai.struct.spec.TestParamsPassArrayUsertype"/>
</testsuite> <!-- io.kaitai.struct.spec.TestParamsPassArrayUsertype -->
