<?xml version="1.0" encoding="UTF-8"?>
<!-- Generated by org.testng.reporters.JUnitReportReporter -->
<testsuite hostname="travis-job-58348ea7-32a5-493e-a08e-5a620df1b4aa" name="io.kaitai.struct.spec.TestProcessCustom" tests="1" failures="0" timestamp="22 Mar 2018 19:43:31 GMT" time="0.002" errors="0">
  <testcase name="testProcessCustom" time="0.002" classname="io.kaitai.struct.spec.TestProcessCustom"/>
</testsuite> <!-- io.kaitai.struct.spec.TestProcessCustom -->
