<?xml version="1.0" encoding="UTF-8"?>
<!-- Generated by org.testng.reporters.JUnitReportReporter -->
<testsuite hostname="fv-az502-91" failures="0" tests="1" name="io.kaitai.struct.spec.TestBcdUserTypeLe" time="0.005" errors="0" timestamp="1 Jul 2023 10:37:47 GMT">
  <testcase classname="io.kaitai.struct.spec.TestBcdUserTypeLe" name="testBcdUserTypeLe" time="0.005"/>
</testsuite> <!-- io.kaitai.struct.spec.TestBcdUserTypeLe -->
