<?xml version="1.0" encoding="UTF-8"?>
<!-- Generated by org.testng.reporters.JUnitReportReporter -->
<testsuite hostname="localhost" name="io.kaitai.struct.spec.TestValidNotParsedIf" tests="1" failures="0" timestamp="5 Feb 2022 18:30:03 GMT" time="0.038" errors="0">
  <testcase name="testValidNotParsedIf" time="0.038" classname="io.kaitai.struct.spec.TestValidNotParsedIf"/>
</testsuite> <!-- io.kaitai.struct.spec.TestValidNotParsedIf -->
