<?xml version="1.0" encoding="UTF-8"?>
<!-- Generated by org.testng.reporters.JUnitReportReporter -->
<testsuite hostname="localhost" name="io.kaitai.struct.spec.TestProcessCoerceUsertype1" tests="1" failures="0" timestamp="12 Oct 2019 14:35:34 GMT" time="0.002" errors="0">
  <testcase name="testProcessCoerceUsertype1" time="0.002" classname="io.kaitai.struct.spec.TestProcessCoerceUsertype1"/>
</testsuite> <!-- io.kaitai.struct.spec.TestProcessCoerceUsertype1 -->
