<?xml version="1.0" encoding="UTF-8"?>
<!-- Generated by org.testng.reporters.JUnitReportReporter -->
<testsuite hostname="travis-job-af7d3c0c-200b-4b44-b041-69487453e3ba" failures="0" tests="1" name="io.kaitai.struct.spec.TestExpr1" time="0.000" errors="0" timestamp="15 Apr 2020 03:24:30 GMT">
  <testcase classname="io.kaitai.struct.spec.TestExpr1" name="testExpr1" time="0.000"/>
</testsuite> <!-- io.kaitai.struct.spec.TestExpr1 -->
