<?xml version="1.0" encoding="UTF-8"?>
<!-- Generated by org.testng.reporters.JUnitReportReporter -->
<testsuite name="io.kaitai.struct.spec.TestDebug0" tests="1" failures="0" timestamp="14 Jul 2023 18:53:08 GMT" time="0.001" errors="0">
  <testcase name="testDebug0" time="0.001" classname="io.kaitai.struct.spec.TestDebug0"/>
</testsuite> <!-- io.kaitai.struct.spec.TestDebug0 -->
