<?xml version="1.0" encoding="UTF-8"?>
<!-- Generated by org.testng.reporters.JUnitReportReporter -->
<testsuite failures="0" tests="1" name="io.kaitai.struct.spec.TestEofExceptionU4" time="0.001" errors="0" timestamp="19 Jul 2023 15:23:52 GMT">
  <testcase classname="io.kaitai.struct.spec.TestEofExceptionU4" name="testEofExceptionU4" time="0.001"/>
</testsuite> <!-- io.kaitai.struct.spec.TestEofExceptionU4 -->
