<?xml version="1.0" encoding="UTF-8"?>
<!-- Generated by org.testng.reporters.JUnitReportReporter -->
<testsuite hostname="travis-job-0e4b6cf3-29f2-4fdf-8789-580845f8af75" name="io.kaitai.struct.spec.TestStrEncodingsDefault" tests="1" failures="0" timestamp="20 Apr 2018 22:27:09 GMT" time="0.015" errors="0">
  <testcase name="testStrEncodingsDefault" time="0.015" classname="io.kaitai.struct.spec.TestStrEncodingsDefault"/>
</testsuite> <!-- io.kaitai.struct.spec.TestStrEncodingsDefault -->
