<?xml version="1.0" encoding="UTF-8"?>
<!-- Generated by org.testng.reporters.JUnitReportReporter -->
<testsuite failures="0" tests="1" name="io.kaitai.struct.spec.TestDebugEnumName" time="0.002" errors="0" timestamp="2 Mar 2024 12:48:12 GMT">
  <testcase classname="io.kaitai.struct.spec.TestDebugEnumName" name="testDebugEnumName" time="0.002"/>
</testsuite> <!-- io.kaitai.struct.spec.TestDebugEnumName -->
