<?xml version="1.0" encoding="UTF-8"?>
<!-- Generated by org.testng.reporters.JUnitReportReporter -->
<testsuite hostname="localhost" name="io.kaitai.struct.spec.TestParamsPassArrayStruct" tests="1" failures="0" timestamp="11 Jun 2020 18:41:52 GMT" time="0.001" errors="0">
  <testcase name="testParamsPassArrayStruct" time="0.001" classname="io.kaitai.struct.spec.TestParamsPassArrayStruct"/>
</testsuite> <!-- io.kaitai.struct.spec.TestParamsPassArrayStruct -->
