<?xml version="1.0" encoding="UTF-8"?>
<!-- Generated by org.testng.reporters.JUnitReportReporter -->
<testsuite hostname="localhost" name="io.kaitai.struct.spec.TestBitsSignedResB32Le" tests="1" failures="0" timestamp="28 Jul 2022 00:13:23 GMT" time="0.000" errors="0">
  <testcase name="testBitsSignedResB32Le" time="0.000" classname="io.kaitai.struct.spec.TestBitsSignedResB32Le"/>
</testsuite> <!-- io.kaitai.struct.spec.TestBitsSignedResB32Le -->
