<?xml version="1.0" encoding="UTF-8"?>
<!-- Generated by org.testng.reporters.JUnitReportReporter -->
<testsuite failures="0" tests="1" name="io.kaitai.struct.spec.TestParamsPassBool" time="0.005" errors="0" timestamp="16 Oct 2023 18:19:05 GMT">
  <testcase classname="io.kaitai.struct.spec.TestParamsPassBool" name="testParamsPassBool" time="0.005"/>
</testsuite> <!-- io.kaitai.struct.spec.TestParamsPassBool -->
