<?xml version="1.0" encoding="UTF-8"?>
<!-- Generated by org.testng.reporters.JUnitReportReporter -->
<testsuite hostname="testing-gce-29758666-5b83-49df-bd45-a35570d8b68a" name="io.kaitai.struct.spec.TestExprArray" tests="1" failures="0" timestamp="25 Jul 2017 20:07:44 GMT" time="0.001" errors="0">
  <testcase name="testExprArray" time="0.001" classname="io.kaitai.struct.spec.TestExprArray"/>
</testsuite> <!-- io.kaitai.struct.spec.TestExprArray -->
