<?xml version="1.0" encoding="UTF-8"?>
<!-- Generated by org.testng.reporters.JUnitReportReporter -->
<testsuite hostname="travis-job-4b061505-19cb-42bf-9397-d1608364900f" name="io.kaitai.struct.spec.TestSwitchManualIntElse" tests="1" failures="0" timestamp="27 Apr 2019 21:17:01 GMT" time="0.002" errors="0">
  <testcase name="testSwitchManualIntElse" time="0.002" classname="io.kaitai.struct.spec.TestSwitchManualIntElse"/>
</testsuite> <!-- io.kaitai.struct.spec.TestSwitchManualIntElse -->
