<?xml version="1.0" encoding="UTF-8"?>
<!-- Generated by org.testng.reporters.JUnitReportReporter -->
<testsuite hostname="travis-job-28c1d625-691c-4ba9-8438-7325a5425cb6" name="io.kaitai.struct.spec.TestJsSignedRightShift" tests="1" failures="0" timestamp="22 Jul 2019 08:06:45 GMT" time="0.000" errors="0">
  <testcase name="testJsSignedRightShift" time="0.000" classname="io.kaitai.struct.spec.TestJsSignedRightShift"/>
</testsuite> <!-- io.kaitai.struct.spec.TestJsSignedRightShift -->
