<?xml version="1.0" encoding="UTF-8"?>
<!-- Generated by org.testng.reporters.JUnitReportReporter -->
<testsuite name="io.kaitai.struct.spec.TestJsSignedRightShift" tests="1" failures="0" timestamp="6 Jul 2023 19:35:25 GMT" time="0.000" errors="0">
  <testcase name="testJsSignedRightShift" time="0.000" classname="io.kaitai.struct.spec.TestJsSignedRightShift"/>
</testsuite> <!-- io.kaitai.struct.spec.TestJsSignedRightShift -->
