<?xml version="1.0" encoding="UTF-8"?>
<!-- Generated by org.testng.reporters.JUnitReportReporter -->
<testsuite hostname="travis-job-cd009f7d-89c1-40e0-8c2b-3dabac28c138" name="io.kaitai.struct.spec.TestEofExceptionU4" tests="1" failures="0" timestamp="22 Apr 2020 21:29:31 GMT" time="0.001" errors="0">
  <testcase name="testEofExceptionU4" time="0.001" classname="io.kaitai.struct.spec.TestEofExceptionU4"/>
</testsuite> <!-- io.kaitai.struct.spec.TestEofExceptionU4 -->
