<?xml version="1.0" encoding="UTF-8"?>
<!-- Generated by org.testng.reporters.JUnitReportReporter -->
<testsuite hostname="travis-job-047c8a03-402f-4640-bd2e-76252519589d" name="io.kaitai.struct.spec.TestDefaultEndianExprIsBe" tests="1" failures="0" timestamp="17 Apr 2018 14:07:56 GMT" time="0.006" errors="0">
  <testcase name="testDefaultEndianExprIsBe" time="0.006" classname="io.kaitai.struct.spec.TestDefaultEndianExprIsBe"/>
</testsuite> <!-- io.kaitai.struct.spec.TestDefaultEndianExprIsBe -->
