<?xml version="1.0" encoding="UTF-8"?>
<!-- Generated by org.testng.reporters.JUnitReportReporter -->
<testsuite hostname="localhost" name="io.kaitai.struct.spec.TestImports0" tests="1" failures="0" timestamp="7 Oct 2019 04:57:42 GMT" time="0.002" errors="0">
  <testcase name="testImports0" time="0.002" classname="io.kaitai.struct.spec.TestImports0"/>
</testsuite> <!-- io.kaitai.struct.spec.TestImports0 -->
