<?xml version="1.0" encoding="UTF-8"?>
<!-- Generated by org.testng.reporters.JUnitReportReporter -->
<testsuite hostname="localhost" name="io.kaitai.struct.spec.TestStrPadTermEmpty" tests="1" failures="0" timestamp="4 Nov 2019 10:55:05 GMT" time="0.003" errors="0">
  <testcase name="testStrPadTermEmpty" time="0.003" classname="io.kaitai.struct.spec.TestStrPadTermEmpty"/>
</testsuite> <!-- io.kaitai.struct.spec.TestStrPadTermEmpty -->
