<?xml version="1.0" encoding="UTF-8"?>
<!-- Generated by org.testng.reporters.JUnitReportReporter -->
<testsuite hostname="testing-gce-82f2e94c-e7cc-4a32-8fed-700e8a599321" name="io.kaitai.struct.spec.TestStrEncodings" tests="1" failures="0" timestamp="30 Jun 2017 11:25:04 GMT" time="0.031" errors="0">
  <testcase name="testStrEncodings" time="0.031" classname="io.kaitai.struct.spec.TestStrEncodings"/>
</testsuite> <!-- io.kaitai.struct.spec.TestStrEncodings -->
