<?xml version="1.0" encoding="UTF-8"?>
<!-- Generated by org.testng.reporters.JUnitReportReporter -->
<testsuite hostname="travis-job-78d52ee4-b519-4d2c-b606-ab06193872fe" name="io.kaitai.struct.spec.TestValidFailMaxInt" tests="1" failures="0" timestamp="23 Aug 2020 22:22:13 GMT" time="0.000" errors="0">
  <testcase name="testValidFailMaxInt" time="0.000" classname="io.kaitai.struct.spec.TestValidFailMaxInt"/>
</testsuite> <!-- io.kaitai.struct.spec.TestValidFailMaxInt -->
