<?xml version="1.0" encoding="UTF-8"?>
<!-- Generated by org.testng.reporters.JUnitReportReporter -->
<testsuite hostname="travis-job-eb70d71a-c9e2-4091-a118-93ec83289d98" name="io.kaitai.struct.spec.TestIntegers" tests="1" failures="0" timestamp="24 Aug 2020 16:08:25 GMT" time="0.001" errors="0">
  <testcase name="testIntegers" time="0.001" classname="io.kaitai.struct.spec.TestIntegers"/>
</testsuite> <!-- io.kaitai.struct.spec.TestIntegers -->
