<?xml version="1.0" encoding="UTF-8"?>
<!-- Generated by org.testng.reporters.JUnitReportReporter -->
<testsuite failures="0" tests="1" name="io.kaitai.struct.spec.TestValidFailMinInt" time="0.062" errors="0" timestamp="9 Oct 2023 19:30:13 GMT">
  <testcase classname="io.kaitai.struct.spec.TestValidFailMinInt" name="testValidFailMinInt" time="0.062"/>
</testsuite> <!-- io.kaitai.struct.spec.TestValidFailMinInt -->
