<?xml version="1.0" encoding="UTF-8"?>
<!-- Generated by org.testng.reporters.JUnitReportReporter -->
<testsuite hostname="localhost" name="io.kaitai.struct.spec.TestExprBytesOps" tests="1" failures="0" timestamp="15 Oct 2019 16:15:29 GMT" time="0.002" errors="0">
  <testcase name="testExprBytesOps" time="0.002" classname="io.kaitai.struct.spec.TestExprBytesOps"/>
</testsuite> <!-- io.kaitai.struct.spec.TestExprBytesOps -->
