<?xml version="1.0" encoding="UTF-8"?>
<!-- Generated by org.testng.reporters.JUnitReportReporter -->
<testsuite hostname="travis-job-82ee99f6-a242-471d-a405-cc43f11a8d24" name="io.kaitai.struct.spec.TestExprMod" tests="1" failures="0" timestamp="21 Oct 2019 18:40:02 GMT" time="0.001" errors="0">
  <testcase name="testExprMod" time="0.001" classname="io.kaitai.struct.spec.TestExprMod"/>
</testsuite> <!-- io.kaitai.struct.spec.TestExprMod -->
