<?xml version="1.0" encoding="UTF-8"?>
<!-- Generated by org.testng.reporters.JUnitReportReporter -->
<testsuite hostname="travis-job-8bbd9b16-cfe6-4453-9a6f-7b9778b20ccb" name="io.kaitai.struct.spec.TestSwitchManualIntSizeEos" tests="1" failures="0" timestamp="12 Apr 2019 05:21:35 GMT" time="0.001" errors="0">
  <testcase name="testSwitchManualIntSizeEos" time="0.001" classname="io.kaitai.struct.spec.TestSwitchManualIntSizeEos"/>
</testsuite> <!-- io.kaitai.struct.spec.TestSwitchManualIntSizeEos -->
