<?xml version="1.0" encoding="UTF-8"?>
<!-- Generated by org.testng.reporters.JUnitReportReporter -->
<testsuite hostname="travis-job-cc20f5d4-8d7b-4547-a044-9915fbfea169" name="io.kaitai.struct.spec.TestCastToImported" tests="1" failures="0" timestamp="12 Mar 2020 21:22:45 GMT" time="0.005" errors="0">
  <testcase name="testCastToImported" time="0.005" classname="io.kaitai.struct.spec.TestCastToImported"/>
</testsuite> <!-- io.kaitai.struct.spec.TestCastToImported -->
