<?xml version="1.0" encoding="UTF-8"?>
<!-- Generated by org.testng.reporters.JUnitReportReporter -->
<testsuite hostname="travis-job-9fccec95-b2b2-4a3f-a3d4-0f2bd43b1bbb" name="io.kaitai.struct.spec.TestCastToImported" tests="1" failures="0" timestamp="26 Jul 2020 20:01:35 GMT" time="0.004" errors="0">
  <testcase name="testCastToImported" time="0.004" classname="io.kaitai.struct.spec.TestCastToImported"/>
</testsuite> <!-- io.kaitai.struct.spec.TestCastToImported -->
