<?xml version="1.0" encoding="UTF-8"?>
<!-- Generated by org.testng.reporters.JUnitReportReporter -->
<testsuite hostname="travis-job-69b08e85-0d0d-4c9d-8bc8-a05f7bcf9ded" name="io.kaitai.struct.spec.TestValidFailContents" tests="1" failures="0" timestamp="31 Mar 2020 09:08:40 GMT" time="0.004" errors="0">
  <testcase name="testValidFailContents" time="0.004" classname="io.kaitai.struct.spec.TestValidFailContents"/>
</testsuite> <!-- io.kaitai.struct.spec.TestValidFailContents -->
