<?xml version="1.0" encoding="UTF-8"?>
<!-- Generated by org.testng.reporters.JUnitReportReporter -->
<testsuite hostname="travis-job-c282242a-347c-4a32-8a1c-436874141f77" failures="0" tests="1" name="io.kaitai.struct.spec.TestPositionToEnd" time="0.000" errors="0" timestamp="15 Apr 2020 22:19:07 GMT">
  <testcase classname="io.kaitai.struct.spec.TestPositionToEnd" name="testPositionToEnd" time="0.000"/>
</testsuite> <!-- io.kaitai.struct.spec.TestPositionToEnd -->
