<?xml version="1.0" encoding="UTF-8"?>
<!-- Generated by org.testng.reporters.JUnitReportReporter -->
<testsuite hostname="fv-az280-303" failures="0" tests="1" name="io.kaitai.struct.spec.TestNavParentSwitch" time="0.016" errors="0" timestamp="30 Jun 2023 19:49:16 GMT">
  <testcase classname="io.kaitai.struct.spec.TestNavParentSwitch" name="testNavParentSwitch" time="0.016"/>
</testsuite> <!-- io.kaitai.struct.spec.TestNavParentSwitch -->
