<?xml version="1.0" encoding="UTF-8"?>
<!-- Generated by org.testng.reporters.JUnitReportReporter -->
<testsuite hostname="travis-job-5b9efc41-422c-4d22-9f3e-5abce2ceada8" name="io.kaitai.struct.spec.TestValidFailEqInt" tests="1" failures="0" timestamp="3 Apr 2020 03:38:33 GMT" time="0.000" errors="0">
  <testcase name="testValidFailEqInt" time="0.000" classname="io.kaitai.struct.spec.TestValidFailEqInt"/>
</testsuite> <!-- io.kaitai.struct.spec.TestValidFailEqInt -->
