<?xml version="1.0" encoding="UTF-8"?>
<!-- Generated by org.testng.reporters.JUnitReportReporter -->
<testsuite hostname="localhost" name="io.kaitai.struct.spec.TestImportsAbs" tests="1" failures="0" timestamp="25 Nov 2019 02:42:24 GMT" time="0.005" errors="0">
  <testcase name="testImportsAbs" time="0.005" classname="io.kaitai.struct.spec.TestImportsAbs"/>
</testsuite> <!-- io.kaitai.struct.spec.TestImportsAbs -->
