<?xml version="1.0" encoding="UTF-8"?>
<!-- Generated by org.testng.reporters.JUnitReportReporter -->
<testsuite hostname="travis-job-b98e08f4-3c2c-40e0-a79f-2867d8c2214e" name="io.kaitai.struct.spec.TestStrCombine" tests="1" failures="0" timestamp="15 Feb 2020 21:45:21 GMT" time="0.000" errors="0">
  <testcase name="testStrCombine" time="0.000" classname="io.kaitai.struct.spec.TestStrCombine"/>
</testsuite> <!-- io.kaitai.struct.spec.TestStrCombine -->
