<?xml version="1.0" encoding="UTF-8"?>
<!-- Generated by org.testng.reporters.JUnitReportReporter -->
<testsuite hostname="fv-az442-905" name="io.kaitai.struct.spec.TestEnumDeep" tests="1" failures="0" timestamp="28 Jun 2023 19:40:20 GMT" time="0.001" errors="0">
  <testcase name="testEnumDeep" time="0.001" classname="io.kaitai.struct.spec.TestEnumDeep"/>
</testsuite> <!-- io.kaitai.struct.spec.TestEnumDeep -->
