<?xml version="1.0" encoding="UTF-8"?>
<!-- Generated by org.testng.reporters.JUnitReportReporter -->
<testsuite hostname="localhost" name="io.kaitai.struct.spec.TestFixedContents" tests="1" failures="0" timestamp="12 Mar 2020 20:25:38 GMT" time="0.010" errors="0">
  <testcase name="testFixedContents" time="0.010" classname="io.kaitai.struct.spec.TestFixedContents"/>
</testsuite> <!-- io.kaitai.struct.spec.TestFixedContents -->
