<?xml version="1.0" encoding="UTF-8"?>
<!-- Generated by org.testng.reporters.JUnitReportReporter -->
<testsuite name="io.kaitai.struct.spec.TestValidFailExpr" tests="1" failures="0" timestamp="22 Mar 2024 15:21:38 GMT" time="0.001" errors="0">
  <testcase name="testValidFailExpr" time="0.001" classname="io.kaitai.struct.spec.TestValidFailExpr"/>
</testsuite> <!-- io.kaitai.struct.spec.TestValidFailExpr -->
