<?xml version="1.0" encoding="UTF-8"?>
<!-- Generated by org.testng.reporters.JUnitReportReporter -->
<testsuite hostname="travis-job-da913690-89a8-4760-a187-74f3249da207" name="io.kaitai.struct.spec.TestRepeatUntilS4" tests="1" failures="0" timestamp="23 Apr 2018 08:32:50 GMT" time="0.000" errors="0">
  <testcase name="testRepeatUntilS4" time="0.000" classname="io.kaitai.struct.spec.TestRepeatUntilS4"/>
</testsuite> <!-- io.kaitai.struct.spec.TestRepeatUntilS4 -->
