<?xml version="1.0" encoding="UTF-8"?>
<!-- Generated by org.testng.reporters.JUnitReportReporter -->
<testsuite hostname="localhost" name="io.kaitai.struct.spec.TestImportsCircularA" tests="1" failures="0" timestamp="29 Jul 2020 21:51:40 GMT" time="0.001" errors="0">
  <testcase name="testImportsCircularA" time="0.001" classname="io.kaitai.struct.spec.TestImportsCircularA"/>
</testsuite> <!-- io.kaitai.struct.spec.TestImportsCircularA -->
