<?xml version="1.0" encoding="UTF-8"?>
<!-- Generated by org.testng.reporters.JUnitReportReporter -->
<testsuite hostname="localhost" name="io.kaitai.struct.spec.TestValidFailRangeStr" tests="1" failures="0" timestamp="6 Feb 2021 14:35:27 GMT" time="0.002" errors="0">
  <testcase name="testValidFailRangeStr" time="0.002" classname="io.kaitai.struct.spec.TestValidFailRangeStr"/>
</testsuite> <!-- io.kaitai.struct.spec.TestValidFailRangeStr -->
