<?xml version="1.0" encoding="UTF-8"?>
<!-- Generated by org.testng.reporters.JUnitReportReporter -->
<testsuite hostname="travis-job-db116b00-3986-4885-8f72-f36aa6a1877b" failures="0" tests="1" name="io.kaitai.struct.spec.TestEosExceptionU4" time="0.033" errors="0" timestamp="31 Jul 2020 20:35:11 GMT">
  <testcase classname="io.kaitai.struct.spec.TestEosExceptionU4" name="testEosExceptionU4" time="0.033"/>
</testsuite> <!-- io.kaitai.struct.spec.TestEosExceptionU4 -->
