<?xml version="1.0" encoding="UTF-8"?>
<!-- Generated by org.testng.reporters.JUnitReportReporter -->
<testsuite hostname="travis-job-4d45da80-f639-4c3a-b83f-20a998bfbfd2" name="io.kaitai.struct.spec.TestStrEncodingsDefault" tests="1" failures="0" timestamp="8 Nov 2018 22:22:59 GMT" time="0.015" errors="0">
  <testcase name="testStrEncodingsDefault" time="0.015" classname="io.kaitai.struct.spec.TestStrEncodingsDefault"/>
</testsuite> <!-- io.kaitai.struct.spec.TestStrEncodingsDefault -->
