<?xml version="1.0" encoding="UTF-8"?>
<!-- Generated by org.testng.reporters.JUnitReportReporter -->
<testsuite hostname="localhost" name="io.kaitai.struct.spec.TestSwitchIntegers2" tests="1" failures="0" timestamp="29 Mar 2020 09:17:45 GMT" time="0.000" errors="0">
  <testcase name="testSwitchIntegers2" time="0.000" classname="io.kaitai.struct.spec.TestSwitchIntegers2"/>
</testsuite> <!-- io.kaitai.struct.spec.TestSwitchIntegers2 -->
