<?xml version="1.0" encoding="UTF-8"?>
<!-- Generated by org.testng.reporters.JUnitReportReporter -->
<testsuite hostname="localhost" name="io.kaitai.struct.spec.TestValidFailMinInt" tests="1" failures="0" timestamp="9 Apr 2020 21:27:19 GMT" time="0.000" errors="0">
  <testcase name="testValidFailMinInt" time="0.000" classname="io.kaitai.struct.spec.TestValidFailMinInt"/>
</testsuite> <!-- io.kaitai.struct.spec.TestValidFailMinInt -->
