<?xml version="1.0" encoding="UTF-8"?>
<!-- Generated by org.testng.reporters.JUnitReportReporter -->
<testsuite hostname="localhost" name="io.kaitai.struct.spec.TestBcdUserTypeBe" tests="1" failures="0" timestamp="11 Jun 2020 18:41:52 GMT" time="0.003" errors="0">
  <testcase name="testBcdUserTypeBe" time="0.003" classname="io.kaitai.struct.spec.TestBcdUserTypeBe"/>
</testsuite> <!-- io.kaitai.struct.spec.TestBcdUserTypeBe -->
