<?xml version="1.0" encoding="UTF-8"?>
<!-- Generated by org.testng.reporters.JUnitReportReporter -->
<testsuite hostname="travis-job-7088360a-d0a1-4960-adc1-8b4d0a4812a8" name="io.kaitai.struct.spec.TestProcessCoerceUsertype2" tests="1" failures="0" timestamp="22 Dec 2018 01:57:39 GMT" time="0.003" errors="0">
  <testcase name="testProcessCoerceUsertype2" time="0.003" classname="io.kaitai.struct.spec.TestProcessCoerceUsertype2"/>
</testsuite> <!-- io.kaitai.struct.spec.TestProcessCoerceUsertype2 -->
