<?xml version="1.0" encoding="UTF-8"?>
<!-- Generated by org.testng.reporters.JUnitReportReporter -->
<testsuite hostname="localhost" name="io.kaitai.struct.spec.TestExpr0" tests="1" failures="0" timestamp="5 Jun 2020 21:54:48 GMT" time="0.001" errors="0">
  <testcase name="testExpr0" time="0.001" classname="io.kaitai.struct.spec.TestExpr0"/>
</testsuite> <!-- io.kaitai.struct.spec.TestExpr0 -->
