<?xml version="1.0" encoding="UTF-8"?>
<!-- Generated by org.testng.reporters.JUnitReportReporter -->
<testsuite hostname="travis-job-adb1099b-1327-4e9f-9315-b2eddf12164f" name="io.kaitai.struct.spec.TestParamsCallExtraParens" tests="1" failures="0" timestamp="5 Jun 2020 21:53:33 GMT" time="0.011" errors="0">
  <testcase name="testParamsCallExtraParens" time="0.011" classname="io.kaitai.struct.spec.TestParamsCallExtraParens"/>
</testsuite> <!-- io.kaitai.struct.spec.TestParamsCallExtraParens -->
