<?xml version="1.0" encoding="UTF-8"?>
<!-- Generated by org.testng.reporters.JUnitReportReporter -->
<testsuite hostname="fv-az1030-851" name="io.kaitai.struct.spec.TestProcessCustom" tests="1" failures="0" timestamp="3 Jul 2023 18:50:40 GMT" time="0.000" errors="0">
  <testcase name="testProcessCustom" time="0.000" classname="io.kaitai.struct.spec.TestProcessCustom"/>
</testsuite> <!-- io.kaitai.struct.spec.TestProcessCustom -->
