<?xml version="1.0" encoding="UTF-8"?>
<!-- Generated by org.testng.reporters.JUnitReportReporter -->
<testsuite hostname="travis-job-deb9172a-bf36-4e86-a418-8c9fa86f1858" name="io.kaitai.struct.spec.TestRepeatNStrzDouble" tests="1" failures="0" timestamp="4 May 2018 02:48:51 GMT" time="0.002" errors="0">
  <testcase name="testRepeatNStrzDouble" time="0.002" classname="io.kaitai.struct.spec.TestRepeatNStrzDouble"/>
</testsuite> <!-- io.kaitai.struct.spec.TestRepeatNStrzDouble -->
