<?xml version="1.0" encoding="UTF-8"?>
<!-- Generated by org.testng.reporters.JUnitReportReporter -->
<testsuite failures="0" tests="1" name="io.kaitai.struct.spec.TestProcessXorConst" time="0.000" errors="0" timestamp="4 Mar 2024 00:01:18 GMT">
  <testcase classname="io.kaitai.struct.spec.TestProcessXorConst" name="testProcessXorConst" time="0.000"/>
</testsuite> <!-- io.kaitai.struct.spec.TestProcessXorConst -->
