<?xml version="1.0" encoding="UTF-8"?>
<!-- Generated by org.testng.reporters.JUnitReportReporter -->
<testsuite hostname="localhost" name="io.kaitai.struct.spec.TestSwitchManualStr" tests="1" failures="0" timestamp="13 Feb 2020 23:44:21 GMT" time="0.002" errors="0">
  <testcase name="testSwitchManualStr" time="0.002" classname="io.kaitai.struct.spec.TestSwitchManualStr"/>
</testsuite> <!-- io.kaitai.struct.spec.TestSwitchManualStr -->
