<?xml version="1.0" encoding="UTF-8"?>
<!-- Generated by org.testng.reporters.JUnitReportReporter -->
<testsuite hostname="localhost" name="io.kaitai.struct.spec.TestProcessRepeatUsertype" tests="1" failures="0" timestamp="1 Aug 2022 22:15:37 GMT" time="0.000" errors="0">
  <testcase name="testProcessRepeatUsertype" time="0.000" classname="io.kaitai.struct.spec.TestProcessRepeatUsertype"/>
</testsuite> <!-- io.kaitai.struct.spec.TestProcessRepeatUsertype -->
