<?xml version="1.0" encoding="UTF-8"?>
<!-- Generated by org.testng.reporters.JUnitReportReporter -->
<testsuite failures="0" tests="1" name="io.kaitai.struct.spec.TestBcdUserTypeLe" time="0.038" errors="0" timestamp="14 Jul 2023 18:42:50 GMT">
  <testcase classname="io.kaitai.struct.spec.TestBcdUserTypeLe" name="testBcdUserTypeLe" time="0.038"/>
</testsuite> <!-- io.kaitai.struct.spec.TestBcdUserTypeLe -->
