<?xml version="1.0" encoding="UTF-8"?>
<!-- Generated by org.testng.reporters.JUnitReportReporter -->
<testsuite hostname="localhost" name="io.kaitai.struct.spec.TestDebugArrayUser" tests="1" failures="0" timestamp="22 Oct 2019 22:39:28 GMT" time="0.020" errors="0">
  <testcase name="testDebugArrayUser" time="0.020" classname="io.kaitai.struct.spec.TestDebugArrayUser"/>
</testsuite> <!-- io.kaitai.struct.spec.TestDebugArrayUser -->
