<?xml version="1.0" encoding="UTF-8"?>
<!-- Generated by org.testng.reporters.JUnitReportReporter -->
<testsuite hostname="testing-gce-fa565c38-5e0c-4697-8db2-1756d401ad78" name="io.kaitai.struct.spec.TestExprBytesCmp" tests="1" failures="0" timestamp="17 Apr 2017 11:54:52 GMT" time="0.001" errors="0">
  <testcase name="testExprBytesCmp" time="0.001" classname="io.kaitai.struct.spec.TestExprBytesCmp"/>
</testsuite> <!-- io.kaitai.struct.spec.TestExprBytesCmp -->
