<?xml version="1.0" encoding="UTF-8"?>
<!-- Generated by org.testng.reporters.JUnitReportReporter -->
<testsuite hostname="travis-job-f8032eca-2e42-49bf-ad40-8018b3067fa6" name="io.kaitai.struct.spec.TestRepeatNStrz" tests="1" failures="0" timestamp="13 Apr 2020 22:36:28 GMT" time="0.000" errors="0">
  <testcase name="testRepeatNStrz" time="0.000" classname="io.kaitai.struct.spec.TestRepeatNStrz"/>
</testsuite> <!-- io.kaitai.struct.spec.TestRepeatNStrz -->
