<?xml version="1.0" encoding="UTF-8"?>
<!-- Generated by org.testng.reporters.JUnitReportReporter -->
<testsuite hostname="travis-job-957bde08-360f-4b8a-8ee9-dea02df09123" failures="0" tests="1" name="io.kaitai.struct.spec.TestValidFailContents" time="0.006" errors="0" timestamp="5 Jun 2020 21:55:14 GMT">
  <testcase classname="io.kaitai.struct.spec.TestValidFailContents" name="testValidFailContents" time="0.006"/>
</testsuite> <!-- io.kaitai.struct.spec.TestValidFailContents -->
