<?xml version="1.0" encoding="UTF-8"?>
<!-- Generated by org.testng.reporters.JUnitReportReporter -->
<testsuite failures="0" tests="1" name="io.kaitai.struct.spec.TestSwitchRepeatExprInvalid" time="0.001" errors="0" timestamp="2 Mar 2024 12:48:12 GMT">
  <testcase classname="io.kaitai.struct.spec.TestSwitchRepeatExprInvalid" name="testSwitchRepeatExprInvalid" time="0.001"/>
</testsuite> <!-- io.kaitai.struct.spec.TestSwitchRepeatExprInvalid -->
