<?xml version="1.0" encoding="UTF-8"?>
<!-- Generated by org.testng.reporters.JUnitReportReporter -->
<testsuite hostname="travis-job-5e56b504-197b-41cc-bdab-c5658170d177" failures="0" tests="1" name="io.kaitai.struct.spec.TestSwitchIntegers" time="0.003" errors="0" timestamp="26 Jul 2020 19:25:05 GMT">
  <testcase classname="io.kaitai.struct.spec.TestSwitchIntegers" name="testSwitchIntegers" time="0.003"/>
</testsuite> <!-- io.kaitai.struct.spec.TestSwitchIntegers -->
