<?xml version="1.0" encoding="UTF-8"?>
<!-- Generated by org.testng.reporters.JUnitReportReporter -->
<testsuite hostname="localhost" name="io.kaitai.struct.spec.TestEosExceptionBytes" tests="1" failures="0" timestamp="19 Jan 2020 14:37:16 GMT" time="0.003" errors="0">
  <testcase name="testEosExceptionBytes" time="0.003" classname="io.kaitai.struct.spec.TestEosExceptionBytes"/>
</testsuite> <!-- io.kaitai.struct.spec.TestEosExceptionBytes -->
