<?xml version="1.0" encoding="UTF-8"?>
<!-- Generated by org.testng.reporters.JUnitReportReporter -->
<testsuite hostname="travis-job-1ec0a00d-2a16-4d56-a1aa-8d42b54be51d" name="io.kaitai.struct.spec.TestIfValues" tests="1" failures="0" timestamp="10 Mar 2019 12:22:50 GMT" time="0.002" errors="0">
  <testcase name="testIfValues" time="0.002" classname="io.kaitai.struct.spec.TestIfValues"/>
</testsuite> <!-- io.kaitai.struct.spec.TestIfValues -->
