<?xml version="1.0" encoding="UTF-8"?>
<!-- Generated by org.testng.reporters.JUnitReportReporter -->
<testsuite hostname="fv-az203-929" failures="0" tests="1" name="io.kaitai.struct.spec.TestExprStrEncodings" time="0.041" errors="0" timestamp="28 Jun 2023 19:44:58 GMT">
  <testcase classname="io.kaitai.struct.spec.TestExprStrEncodings" name="testExprStrEncodings" time="0.041"/>
</testsuite> <!-- io.kaitai.struct.spec.TestExprStrEncodings -->
