<?xml version="1.0" encoding="UTF-8"?>
<!-- Generated by org.testng.reporters.JUnitReportReporter -->
<testsuite name="io.kaitai.struct.spec.TestProcessToUser" tests="1" failures="0" timestamp="28 Jul 2023 21:49:54 GMT" time="0.000" errors="0">
  <testcase name="testProcessToUser" time="0.000" classname="io.kaitai.struct.spec.TestProcessToUser"/>
</testsuite> <!-- io.kaitai.struct.spec.TestProcessToUser -->
