<?xml version="1.0" encoding="UTF-8"?>
<!-- Generated by org.testng.reporters.JUnitReportReporter -->
<testsuite hostname="travis-job-c0413913-44c0-4194-9180-3b0a676ab51c" failures="0" tests="1" name="io.kaitai.struct.spec.TestBcdUserTypeBe" time="0.067" errors="0" timestamp="10 Feb 2022 22:11:24 GMT">
  <testcase classname="io.kaitai.struct.spec.TestBcdUserTypeBe" name="testBcdUserTypeBe" time="0.067"/>
</testsuite> <!-- io.kaitai.struct.spec.TestBcdUserTypeBe -->
