<?xml version="1.0" encoding="UTF-8"?>
<!-- Generated by org.testng.reporters.JUnitReportReporter -->
<testsuite failures="0" tests="1" name="io.kaitai.struct.spec.TestZlibWithHeader78" time="0.001" errors="0" timestamp="7 Jul 2023 21:40:55 GMT">
  <testcase classname="io.kaitai.struct.spec.TestZlibWithHeader78" name="testZlibWithHeader78" time="0.001"/>
</testsuite> <!-- io.kaitai.struct.spec.TestZlibWithHeader78 -->
