<?xml version="1.0" encoding="UTF-8"?>
<!-- Generated by org.testng.reporters.JUnitReportReporter -->
<testsuite hostname="travis-job-26394006-cd78-4199-a7a5-acdc84f66bea" failures="0" tests="1" name="io.kaitai.struct.spec.TestParamsPassArrayUsertype" time="0.004" errors="0" timestamp="17 Aug 2020 20:23:38 GMT">
  <testcase classname="io.kaitai.struct.spec.TestParamsPassArrayUsertype" name="testParamsPassArrayUsertype" time="0.004"/>
</testsuite> <!-- io.kaitai.struct.spec.TestParamsPassArrayUsertype -->
