<?xml version="1.0" encoding="UTF-8"?>
<!-- Generated by org.testng.reporters.JUnitReportReporter -->
<testsuite hostname="localhost" name="io.kaitai.struct.spec.TestStrEncodingsDefault" tests="1" failures="0" timestamp="2 Mar 2021 19:58:20 GMT" time="0.025" errors="0">
  <testcase name="testStrEncodingsDefault" time="0.025" classname="io.kaitai.struct.spec.TestStrEncodingsDefault"/>
</testsuite> <!-- io.kaitai.struct.spec.TestStrEncodingsDefault -->
