<?xml version="1.0" encoding="UTF-8"?>
<!-- Generated by org.testng.reporters.JUnitReportReporter -->
<testsuite hostname="travis-job-a0ad1efb-8473-40ee-ad29-71af55c4d19f" name="io.kaitai.struct.spec.TestBufferedStruct" tests="1" failures="0" timestamp="15 Apr 2019 23:18:52 GMT" time="0.001" errors="0">
  <testcase name="testBufferedStruct" time="0.001" classname="io.kaitai.struct.spec.TestBufferedStruct"/>
</testsuite> <!-- io.kaitai.struct.spec.TestBufferedStruct -->
