<?xml version="1.0" encoding="UTF-8"?>
<!-- Generated by org.testng.reporters.JUnitReportReporter -->
<testsuite hostname="travis-job-4aa6d609-adbd-4296-9096-d5979201c76b" name="io.kaitai.struct.spec.TestValidFailContents" tests="1" failures="0" timestamp="4 Apr 2020 14:30:09 GMT" time="0.004" errors="0">
  <testcase name="testValidFailContents" time="0.004" classname="io.kaitai.struct.spec.TestValidFailContents"/>
</testsuite> <!-- io.kaitai.struct.spec.TestValidFailContents -->
