<?xml version="1.0" encoding="UTF-8"?>
<!-- Generated by org.testng.reporters.JUnitReportReporter -->
<testsuite hostname="localhost" name="io.kaitai.struct.spec.TestExprStrOps" tests="1" failures="0" timestamp="20 Oct 2020 22:46:43 GMT" time="0.001" errors="0">
  <testcase name="testExprStrOps" time="0.001" classname="io.kaitai.struct.spec.TestExprStrOps"/>
</testsuite> <!-- io.kaitai.struct.spec.TestExprStrOps -->
