<?xml version="1.0" encoding="UTF-8"?>
<!-- Generated by org.testng.reporters.JUnitReportReporter -->
<testsuite hostname="travis-job-7d786ea9-0674-4acd-bec8-e75036cf4434" name="io.kaitai.struct.spec.TestYamlInts" tests="1" failures="0" timestamp="12 Mar 2019 02:13:34 GMT" time="0.000" errors="0">
  <testcase name="testYamlInts" time="0.000" classname="io.kaitai.struct.spec.TestYamlInts"/>
</testsuite> <!-- io.kaitai.struct.spec.TestYamlInts -->
