<?xml version="1.0" encoding="UTF-8"?>
<!-- Generated by org.testng.reporters.JUnitReportReporter -->
<testsuite failures="0" tests="1" name="io.kaitai.struct.spec.TestCombineStr" time="0.016" errors="0" timestamp="5 Jul 2023 11:41:49 GMT">
  <testcase classname="io.kaitai.struct.spec.TestCombineStr" name="testCombineStr" time="0.016"/>
</testsuite> <!-- io.kaitai.struct.spec.TestCombineStr -->
