<?xml version="1.0" encoding="UTF-8"?>
<!-- Generated by org.testng.reporters.JUnitReportReporter -->
<testsuite hostname="travis-job-75b12aed-3450-4514-b503-42351d37ffcc" name="io.kaitai.struct.spec.TestValidNotParsedIf" tests="1" failures="0" timestamp="29 Dec 2019 11:01:07 GMT" time="0.042" errors="0">
  <testcase name="testValidNotParsedIf" time="0.042" classname="io.kaitai.struct.spec.TestValidNotParsedIf"/>
</testsuite> <!-- io.kaitai.struct.spec.TestValidNotParsedIf -->
