<?xml version="1.0" encoding="UTF-8"?>
<!-- Generated by org.testng.reporters.JUnitReportReporter -->
<testsuite hostname="travis-job-5a0733c5-e879-46ca-98a5-1481afc5f990" name="io.kaitai.struct.spec.TestBufferedStruct" tests="1" failures="0" timestamp="11 Mar 2019 16:20:55 GMT" time="0.009" errors="0">
  <testcase name="testBufferedStruct" time="0.009" classname="io.kaitai.struct.spec.TestBufferedStruct"/>
</testsuite> <!-- io.kaitai.struct.spec.TestBufferedStruct -->
