<?xml version="1.0" encoding="UTF-8"?>
<!-- Generated by org.testng.reporters.JUnitReportReporter -->
<testsuite name="io.kaitai.struct.spec.TestDebugArrayUser" tests="1" failures="0" timestamp="16 Oct 2023 18:19:03 GMT" time="0.003" errors="0">
  <testcase name="testDebugArrayUser" time="0.003" classname="io.kaitai.struct.spec.TestDebugArrayUser"/>
</testsuite> <!-- io.kaitai.struct.spec.TestDebugArrayUser -->
