<?xml version="1.0" encoding="UTF-8"?>
<!-- Generated by org.testng.reporters.JUnitReportReporter -->
<testsuite hostname="testing-gce-819c6cba-6a0f-44f9-9990-59c6d6c74039" name="io.kaitai.struct.spec.TestSwitchManualEnum" tests="1" failures="0" timestamp="14 Sep 2017 11:31:50 GMT" time="0.018" errors="0">
  <testcase name="testSwitchManualEnum" time="0.018" classname="io.kaitai.struct.spec.TestSwitchManualEnum"/>
</testsuite> <!-- io.kaitai.struct.spec.TestSwitchManualEnum -->
