<?xml version="1.0" encoding="UTF-8"?>
<!-- Generated by org.testng.reporters.JUnitReportReporter -->
<testsuite name="io.kaitai.struct.spec.TestEnumLongRangeS" tests="1" failures="0" timestamp="4 Nov 2023 09:50:59 GMT" time="0.013" errors="0">
  <testcase name="testEnumLongRangeS" time="0.013" classname="io.kaitai.struct.spec.TestEnumLongRangeS"/>
</testsuite> <!-- io.kaitai.struct.spec.TestEnumLongRangeS -->
