<?xml version="1.0" encoding="UTF-8"?>
<!-- Generated by org.testng.reporters.JUnitReportReporter -->
<testsuite hostname="travis-job-6ce32138-64aa-4ca6-aeac-f6990d0603ec" name="io.kaitai.struct.spec.TestProcessCustom" tests="1" failures="0" timestamp="8 Mar 2020 22:25:07 GMT" time="0.014" errors="0">
  <testcase name="testProcessCustom" time="0.014" classname="io.kaitai.struct.spec.TestProcessCustom"/>
</testsuite> <!-- io.kaitai.struct.spec.TestProcessCustom -->
