<?xml version="1.0" encoding="UTF-8"?>
<!-- Generated by org.testng.reporters.JUnitReportReporter -->
<testsuite failures="0" tests="1" name="io.kaitai.struct.spec.TestTypeTernary2ndFalsy" time="0.003" errors="0" timestamp="15 Oct 2023 23:51:13 GMT">
  <testcase classname="io.kaitai.struct.spec.TestTypeTernary2ndFalsy" name="testTypeTernary2ndFalsy" time="0.003"/>
</testsuite> <!-- io.kaitai.struct.spec.TestTypeTernary2ndFalsy -->
