<?xml version="1.0" encoding="UTF-8"?>
<!-- Generated by org.testng.reporters.JUnitReportReporter -->
<testsuite hostname="travis-job-7b0526ae-4f35-430b-ba43-570b4e73d446" name="io.kaitai.struct.spec.TestStrEncodingsDefault" tests="1" failures="0" timestamp="27 Dec 2018 18:34:09 GMT" time="0.015" errors="0">
  <testcase name="testStrEncodingsDefault" time="0.015" classname="io.kaitai.struct.spec.TestStrEncodingsDefault"/>
</testsuite> <!-- io.kaitai.struct.spec.TestStrEncodingsDefault -->
