<?xml version="1.0" encoding="UTF-8"?>
<!-- Generated by org.testng.reporters.JUnitReportReporter -->
<testsuite hostname="travis-job-1fe97b6c-d86c-40f6-b39c-dd6e013f39a6" name="io.kaitai.struct.spec.TestExprSizeofValueSized" tests="1" failures="0" timestamp="14 Apr 2020 18:55:06 GMT" time="0.001" errors="0">
  <testcase name="testExprSizeofValueSized" time="0.001" classname="io.kaitai.struct.spec.TestExprSizeofValueSized"/>
</testsuite> <!-- io.kaitai.struct.spec.TestExprSizeofValueSized -->
