<?xml version="1.0" encoding="UTF-8"?>
<!-- Generated by org.testng.reporters.JUnitReportReporter -->
<testsuite hostname="travis-job-dc0dbed3-a06b-4bbe-9526-3fa369e7bd44" name="io.kaitai.struct.spec.TestValidNotParsedIf" tests="1" failures="0" timestamp="24 Aug 2020 17:47:43 GMT" time="0.062" errors="0">
  <testcase name="testValidNotParsedIf" time="0.062" classname="io.kaitai.struct.spec.TestValidNotParsedIf"/>
</testsuite> <!-- io.kaitai.struct.spec.TestValidNotParsedIf -->
