<?xml version="1.0" encoding="UTF-8"?>
<!-- Generated by org.testng.reporters.JUnitReportReporter -->
<testsuite hostname="localhost" name="io.kaitai.struct.spec.TestStrEncodings" tests="1" failures="0" timestamp="3 Apr 2021 17:36:24 GMT" time="0.003" errors="0">
  <testcase name="testStrEncodings" time="0.003" classname="io.kaitai.struct.spec.TestStrEncodings"/>
</testsuite> <!-- io.kaitai.struct.spec.TestStrEncodings -->
