<?xml version="1.0" encoding="UTF-8"?>
<!-- Generated by org.testng.reporters.JUnitReportReporter -->
<testsuite hostname="travis-job-7eee0c4c-0816-494f-b5e0-666e222fb01e" failures="0" tests="1" name="io.kaitai.struct.spec.TestEnumToIClassBorder1" time="0.016" errors="0" timestamp="28 Jul 2022 09:43:51 GMT">
  <testcase classname="io.kaitai.struct.spec.TestEnumToIClassBorder1" name="testEnumToIClassBorder1" time="0.016"/>
</testsuite> <!-- io.kaitai.struct.spec.TestEnumToIClassBorder1 -->
