<?xml version="1.0" encoding="UTF-8"?>
<!-- Generated by org.testng.reporters.JUnitReportReporter -->
<testsuite hostname="travis-job-51b661b4-54b5-4a8f-ae7f-54a0ae186cad" name="io.kaitai.struct.spec.TestEnum1" tests="1" failures="0" timestamp="10 Feb 2020 23:57:01 GMT" time="0.001" errors="0">
  <testcase name="testEnum1" time="0.001" classname="io.kaitai.struct.spec.TestEnum1"/>
</testsuite> <!-- io.kaitai.struct.spec.TestEnum1 -->
