<?xml version="1.0" encoding="UTF-8"?>
<!-- Generated by org.testng.reporters.JUnitReportReporter -->
<testsuite hostname="travis-job-cc61ab65-de3b-42e5-a218-238d123e6443" failures="0" tests="1" name="io.kaitai.struct.spec.TestEnumToI" time="0.002" errors="0" timestamp="24 Aug 2020 19:59:59 GMT">
  <testcase classname="io.kaitai.struct.spec.TestEnumToI" name="testEnumToI" time="0.002"/>
</testsuite> <!-- io.kaitai.struct.spec.TestEnumToI -->
