<?xml version="1.0" encoding="UTF-8"?>
<!-- Generated by org.testng.reporters.JUnitReportReporter -->
<testsuite hostname="travis-job-ed30b3dc-995f-4ba8-944d-dc90beb2baf8" name="io.kaitai.struct.spec.TestProcessXor4Const" tests="1" failures="0" timestamp="29 Mar 2019 20:54:19 GMT" time="0.000" errors="0">
  <testcase name="testProcessXor4Const" time="0.000" classname="io.kaitai.struct.spec.TestProcessXor4Const"/>
</testsuite> <!-- io.kaitai.struct.spec.TestProcessXor4Const -->
