<?xml version="1.0" encoding="UTF-8"?>
<!-- Generated by org.testng.reporters.JUnitReportReporter -->
<testsuite hostname="testing-gce-b9f23f5e-3f6c-4e1a-a7b2-89a0a783783d" name="io.kaitai.struct.spec.TestStrPadTermEmpty" tests="1" failures="0" timestamp="22 Aug 2017 17:11:35 GMT" time="0.001" errors="0">
  <testcase name="testStrPadTermEmpty" time="0.001" classname="io.kaitai.struct.spec.TestStrPadTermEmpty"/>
</testsuite> <!-- io.kaitai.struct.spec.TestStrPadTermEmpty -->
