<?xml version="1.0" encoding="UTF-8"?>
<!-- Generated by org.testng.reporters.JUnitReportReporter -->
<testsuite hostname="travis-job-704a4edc-a92a-4599-b9c4-58d5fc6f5e2a" name="io.kaitai.struct.spec.TestSwitchIntegers" tests="1" failures="0" timestamp="18 Nov 2019 11:46:36 GMT" time="0.001" errors="0">
  <testcase name="testSwitchIntegers" time="0.001" classname="io.kaitai.struct.spec.TestSwitchIntegers"/>
</testsuite> <!-- io.kaitai.struct.spec.TestSwitchIntegers -->
