<?xml version="1.0" encoding="UTF-8"?>
<!-- Generated by org.testng.reporters.JUnitReportReporter -->
<testsuite hostname="fv-az257-325" name="io.kaitai.struct.spec.TestNavRoot" tests="1" failures="0" timestamp="28 Jun 2023 21:54:03 GMT" time="0.001" errors="0">
  <testcase name="testNavRoot" time="0.001" classname="io.kaitai.struct.spec.TestNavRoot"/>
</testsuite> <!-- io.kaitai.struct.spec.TestNavRoot -->
