<?xml version="1.0" encoding="UTF-8"?>
<!-- Generated by org.testng.reporters.JUnitReportReporter -->
<testsuite hostname="travis-job-a46d43b3-8fc3-44df-88a8-45bea9324c4d" name="io.kaitai.struct.spec.TestStrEncodingsDefault" tests="1" failures="0" timestamp="2 Mar 2021 19:58:10 GMT" time="0.019" errors="0">
  <testcase name="testStrEncodingsDefault" time="0.019" classname="io.kaitai.struct.spec.TestStrEncodingsDefault"/>
</testsuite> <!-- io.kaitai.struct.spec.TestStrEncodingsDefault -->
