<?xml version="1.0" encoding="UTF-8"?>
<!-- Generated by org.testng.reporters.JUnitReportReporter -->
<testsuite failures="0" tests="1" name="io.kaitai.struct.spec.TestRepeatUntilS4" time="0.000" errors="0" timestamp="19 Jul 2023 15:23:52 GMT">
  <testcase classname="io.kaitai.struct.spec.TestRepeatUntilS4" name="testRepeatUntilS4" time="0.000"/>
</testsuite> <!-- io.kaitai.struct.spec.TestRepeatUntilS4 -->
