<?xml version="1.0" encoding="UTF-8"?>
<!-- Generated by org.testng.reporters.JUnitReportReporter -->
<testsuite hostname="travis-job-a39933f9-a897-4ab2-9533-3b6e84437dec" failures="0" tests="1" name="io.kaitai.struct.spec.TestValidFailEqInt" time="0.002" errors="0" timestamp="30 Jul 2020 22:07:17 GMT">
  <testcase classname="io.kaitai.struct.spec.TestValidFailEqInt" name="testValidFailEqInt" time="0.002"/>
</testsuite> <!-- io.kaitai.struct.spec.TestValidFailEqInt -->
