<?xml version="1.0" encoding="UTF-8"?>
<!-- Generated by org.testng.reporters.JUnitReportReporter -->
<testsuite hostname="travis-job-9fccec95-b2b2-4a3f-a3d4-0f2bd43b1bbb" name="io.kaitai.struct.spec.TestValidSwitch" tests="1" failures="0" timestamp="26 Jul 2020 20:01:35 GMT" time="0.001" errors="0">
  <testcase name="testValidSwitch" time="0.001" classname="io.kaitai.struct.spec.TestValidSwitch"/>
</testsuite> <!-- io.kaitai.struct.spec.TestValidSwitch -->
