<?xml version="1.0" encoding="UTF-8"?>
<!-- Generated by org.testng.reporters.JUnitReportReporter -->
<testsuite name="io.kaitai.struct.spec.TestExprSizeofValueSized" tests="1" failures="0" timestamp="23 Jul 2023 22:32:48 GMT" time="0.002" errors="0">
  <testcase name="testExprSizeofValueSized" time="0.002" classname="io.kaitai.struct.spec.TestExprSizeofValueSized"/>
</testsuite> <!-- io.kaitai.struct.spec.TestExprSizeofValueSized -->
