<?xml version="1.0" encoding="UTF-8"?>
<!-- Generated by org.testng.reporters.JUnitReportReporter -->
<testsuite hostname="travis-job-e0ea4234-234b-4a2e-a6f4-a08ab9b90c93" name="io.kaitai.struct.spec.TestIndexToParamUntil" tests="1" failures="0" timestamp="8 Jul 2018 14:19:18 GMT" time="0.002" errors="0">
  <testcase name="testIndexToParamUntil" time="0.002" classname="io.kaitai.struct.spec.TestIndexToParamUntil"/>
</testsuite> <!-- io.kaitai.struct.spec.TestIndexToParamUntil -->
