<?xml version="1.0" encoding="UTF-8"?>
<!-- Generated by org.testng.reporters.JUnitReportReporter -->
<testsuite hostname="localhost" name="io.kaitai.struct.spec.TestEnumOfValueInst" tests="1" failures="0" timestamp="24 Sep 2019 14:51:26 GMT" time="0.005" errors="0">
  <testcase name="testEnumOfValueInst" time="0.005" classname="io.kaitai.struct.spec.TestEnumOfValueInst"/>
</testsuite> <!-- io.kaitai.struct.spec.TestEnumOfValueInst -->
