<?xml version="1.0" encoding="UTF-8"?>
<!-- Generated by org.testng.reporters.JUnitReportReporter -->
<testsuite hostname="travis-job-705b9f52-bab4-40b7-9b4a-758555900fe5" name="io.kaitai.struct.spec.TestIfValues" tests="1" failures="0" timestamp="1 Apr 2019 22:09:48 GMT" time="0.001" errors="0">
  <testcase name="testIfValues" time="0.001" classname="io.kaitai.struct.spec.TestIfValues"/>
</testsuite> <!-- io.kaitai.struct.spec.TestIfValues -->
