<?xml version="1.0" encoding="UTF-8"?>
<!-- Generated by org.testng.reporters.JUnitReportReporter -->
<testsuite name="io.kaitai.struct.spec.TestBitsSignedShiftB32Le" tests="1" failures="0" timestamp="10 Oct 2023 21:18:39 GMT" time="0.005" errors="0">
  <testcase name="testBitsSignedShiftB32Le" time="0.005" classname="io.kaitai.struct.spec.TestBitsSignedShiftB32Le"/>
</testsuite> <!-- io.kaitai.struct.spec.TestBitsSignedShiftB32Le -->
