<?xml version="1.0" encoding="UTF-8"?>
<!-- Generated by org.testng.reporters.JUnitReportReporter -->
<testsuite hostname="travis-job-9b828100-3c10-4cfe-b6ff-ead1ca4e4bb9" name="io.kaitai.struct.spec.TestDefaultEndianExprInherited" tests="1" failures="0" timestamp="9 Nov 2018 11:00:39 GMT" time="0.001" errors="0">
  <testcase name="testDefaultEndianExprInherited" time="0.001" classname="io.kaitai.struct.spec.TestDefaultEndianExprInherited"/>
</testsuite> <!-- io.kaitai.struct.spec.TestDefaultEndianExprInherited -->
