<?xml version="1.0" encoding="UTF-8"?>
<!-- Generated by org.testng.reporters.JUnitReportReporter -->
<testsuite failures="0" tests="1" name="io.kaitai.struct.spec.TestNavParentVsValueInst" time="0.016" errors="0" timestamp="21 Feb 2024 14:49:35 GMT">
  <testcase classname="io.kaitai.struct.spec.TestNavParentVsValueInst" name="testNavParentVsValueInst" time="0.016"/>
</testsuite> <!-- io.kaitai.struct.spec.TestNavParentVsValueInst -->
