<?xml version="1.0" encoding="UTF-8"?>
<!-- Generated by org.testng.reporters.JUnitReportReporter -->
<testsuite hostname="travis-job-783a103d-a408-4899-b374-0c737d3edf26" name="io.kaitai.struct.spec.TestEnumForUnknownId" tests="1" failures="0" timestamp="17 Aug 2020 20:21:55 GMT" time="0.001" errors="0">
  <testcase name="testEnumForUnknownId" time="0.001" classname="io.kaitai.struct.spec.TestEnumForUnknownId"/>
</testsuite> <!-- io.kaitai.struct.spec.TestEnumForUnknownId -->
