<?xml version="1.0" encoding="UTF-8"?>
<!-- Generated by org.testng.reporters.JUnitReportReporter -->
<testsuite name="io.kaitai.struct.spec.TestParamsPassArrayInt" tests="1" failures="0" timestamp="8 Jul 2023 13:02:29 GMT" time="0.017" errors="0">
  <testcase name="testParamsPassArrayInt" time="0.017" classname="io.kaitai.struct.spec.TestParamsPassArrayInt"/>
</testsuite> <!-- io.kaitai.struct.spec.TestParamsPassArrayInt -->
