<?xml version="1.0" encoding="UTF-8"?>
<!-- Generated by org.testng.reporters.JUnitReportReporter -->
<testsuite hostname="travis-job-2ff8ddea-a5c1-4179-8de2-65959a490243" name="io.kaitai.struct.spec.TestExpr3" tests="1" failures="0" timestamp="23 Mar 2018 20:25:40 GMT" time="0.003" errors="0">
  <testcase name="testExpr3" time="0.003" classname="io.kaitai.struct.spec.TestExpr3"/>
</testsuite> <!-- io.kaitai.struct.spec.TestExpr3 -->
