<?xml version="1.0" encoding="UTF-8"?>
<!-- Generated by org.testng.reporters.JUnitReportReporter -->
<testsuite hostname="localhost" name="io.kaitai.struct.spec.TestValidFailContents" tests="1" failures="0" timestamp="7 Dec 2019 13:22:45 GMT" time="0.005" errors="0">
  <testcase name="testValidFailContents" time="0.005" classname="io.kaitai.struct.spec.TestValidFailContents"/>
</testsuite> <!-- io.kaitai.struct.spec.TestValidFailContents -->
