<?xml version="1.0" encoding="UTF-8"?>
<!-- Generated by org.testng.reporters.JUnitReportReporter -->
<testsuite hostname="travis-job-1f931e5e-b2c1-4a81-b19b-31196e85d95c" name="io.kaitai.struct.spec.TestExprBytesCmp" tests="1" failures="0" timestamp="28 Dec 2018 16:16:58 GMT" time="0.001" errors="0">
  <testcase name="testExprBytesCmp" time="0.001" classname="io.kaitai.struct.spec.TestExprBytesCmp"/>
</testsuite> <!-- io.kaitai.struct.spec.TestExprBytesCmp -->
