<?xml version="1.0" encoding="UTF-8"?>
<!-- Generated by org.testng.reporters.JUnitReportReporter -->
<testsuite hostname="travis-job-98cf9a4e-7724-411e-9f17-4941029825f6" failures="0" tests="1" name="io.kaitai.struct.spec.TestExpr2" time="0.005" errors="0" timestamp="7 Jul 2022 22:57:29 GMT">
  <testcase classname="io.kaitai.struct.spec.TestExpr2" name="testExpr2" time="0.005"/>
</testsuite> <!-- io.kaitai.struct.spec.TestExpr2 -->
