<?xml version="1.0" encoding="UTF-8"?>
<!-- Generated by org.testng.reporters.JUnitReportReporter -->
<testsuite hostname="travis-job-d48944f0-494f-4b5d-b0f9-b6db0fdd6062" name="io.kaitai.struct.spec.TestFixedStruct" tests="1" failures="0" timestamp="28 Jul 2022 09:44:04 GMT" time="0.015" errors="0">
  <testcase name="testFixedStruct" time="0.015" classname="io.kaitai.struct.spec.TestFixedStruct"/>
</testsuite> <!-- io.kaitai.struct.spec.TestFixedStruct -->
