<?xml version="1.0" encoding="UTF-8"?>
<!-- Generated by org.testng.reporters.JUnitReportReporter -->
<testsuite hostname="travis-job-c0f79d09-2899-4bac-80d1-3c51f6e47968" name="io.kaitai.struct.spec.TestNavParent3" tests="1" failures="0" timestamp="1 Apr 2019 21:32:23 GMT" time="0.002" errors="0">
  <testcase name="testNavParent3" time="0.002" classname="io.kaitai.struct.spec.TestNavParent3"/>
</testsuite> <!-- io.kaitai.struct.spec.TestNavParent3 -->
