<?xml version="1.0" encoding="UTF-8"?>
<!-- Generated by org.testng.reporters.JUnitReportReporter -->
<testsuite hostname="testing-gce-2b8ade72-5ce0-4b0d-87e7-3c87f757ab0d" name="io.kaitai.struct.spec.TestNavParentFalse2" tests="1" failures="0" timestamp="10 Aug 2017 11:42:53 GMT" time="0.001" errors="0">
  <testcase name="testNavParentFalse2" time="0.001" classname="io.kaitai.struct.spec.TestNavParentFalse2"/>
</testsuite> <!-- io.kaitai.struct.spec.TestNavParentFalse2 -->
