<?xml version="1.0" encoding="UTF-8"?>
<!-- Generated by org.testng.reporters.JUnitReportReporter -->
<testsuite hostname="testing-gce-cb4415c4-1693-403c-9c61-d2583dcd3e8d" name="io.kaitai.struct.spec.TestBytesPadTerm" tests="1" failures="0" timestamp="20 Jul 2017 10:48:23 GMT" time="0.018" errors="0">
  <testcase name="testBytesPadTerm" time="0.018" classname="io.kaitai.struct.spec.TestBytesPadTerm"/>
</testsuite> <!-- io.kaitai.struct.spec.TestBytesPadTerm -->
