<?xml version="1.0" encoding="UTF-8"?>
<!-- Generated by org.testng.reporters.JUnitReportReporter -->
<testsuite hostname="travis-job-f8abc945-9b5f-49ae-b02e-0cce42c9dfa6" name="io.kaitai.struct.spec.TestProcessXorConst" tests="1" failures="0" timestamp="24 Nov 2019 11:11:22 GMT" time="0.011" errors="0">
  <testcase name="testProcessXorConst" time="0.011" classname="io.kaitai.struct.spec.TestProcessXorConst"/>
</testsuite> <!-- io.kaitai.struct.spec.TestProcessXorConst -->
