<?xml version="1.0" encoding="UTF-8"?>
<!-- Generated by org.testng.reporters.JUnitReportReporter -->
<testsuite hostname="fv-az203-929" failures="0" tests="1" name="io.kaitai.struct.spec.TestTermBytes" time="0.001" errors="0" timestamp="28 Jun 2023 19:44:57 GMT">
  <testcase classname="io.kaitai.struct.spec.TestTermBytes" name="testTermBytes" time="0.001"/>
</testsuite> <!-- io.kaitai.struct.spec.TestTermBytes -->
