<?xml version="1.0" encoding="UTF-8"?>
<!-- Generated by org.testng.reporters.JUnitReportReporter -->
<testsuite hostname="travis-job-ab7bc336-8807-4aac-bc5c-7a2cd904074a" failures="0" tests="1" name="io.kaitai.struct.spec.TestCombineBool" time="0.005" errors="0" timestamp="15 Apr 2020 15:11:53 GMT">
  <testcase classname="io.kaitai.struct.spec.TestCombineBool" name="testCombineBool" time="0.005"/>
</testsuite> <!-- io.kaitai.struct.spec.TestCombineBool -->
