<?xml version="1.0" encoding="UTF-8"?>
<!-- Generated by org.testng.reporters.JUnitReportReporter -->
<testsuite hostname="travis-job-7c14ec53-f6ad-47f4-b9a5-34dd1bac5d89" failures="0" tests="1" name="io.kaitai.struct.spec.TestEnumDeepLiterals" time="0.006" errors="0" timestamp="18 Aug 2020 14:39:01 GMT">
  <testcase classname="io.kaitai.struct.spec.TestEnumDeepLiterals" name="testEnumDeepLiterals" time="0.006"/>
</testsuite> <!-- io.kaitai.struct.spec.TestEnumDeepLiterals -->
