<?xml version="1.0" encoding="UTF-8"?>
<!-- Generated by org.testng.reporters.JUnitReportReporter -->
<testsuite name="io.kaitai.struct.spec.TestDefaultEndianExprException" tests="1" failures="0" timestamp="28 Jul 2023 22:13:01 GMT" time="0.021" errors="0">
  <testcase name="testDefaultEndianExprException" time="0.021" classname="io.kaitai.struct.spec.TestDefaultEndianExprException"/>
</testsuite> <!-- io.kaitai.struct.spec.TestDefaultEndianExprException -->
