<?xml version="1.0" encoding="UTF-8"?>
<!-- Generated by org.testng.reporters.JUnitReportReporter -->
<testsuite hostname="travis-job-ff5988c6-1b12-4908-902a-0101891647fb" failures="0" tests="1" name="io.kaitai.struct.spec.TestZlibWithHeader78" time="0.014" errors="0" timestamp="3 Apr 2020 03:40:22 GMT">
  <testcase classname="io.kaitai.struct.spec.TestZlibWithHeader78" name="testZlibWithHeader78" time="0.014"/>
</testsuite> <!-- io.kaitai.struct.spec.TestZlibWithHeader78 -->
