<?xml version="1.0" encoding="UTF-8"?>
<!-- Generated by org.testng.reporters.JUnitReportReporter -->
<testsuite failures="0" tests="1" name="io.kaitai.struct.spec.TestProcessToUser" time="0.001" errors="0" timestamp="2 Mar 2024 14:01:54 GMT">
  <testcase classname="io.kaitai.struct.spec.TestProcessToUser" name="testProcessToUser" time="0.001"/>
</testsuite> <!-- io.kaitai.struct.spec.TestProcessToUser -->
