<?xml version="1.0" encoding="UTF-8"?>
<!-- Generated by org.testng.reporters.JUnitReportReporter -->
<testsuite hostname="travis-job-d105692d-963e-4430-961f-b4d4843f6094" failures="0" tests="1" name="io.kaitai.struct.spec.TestIndexToParamUntil" time="0.002" errors="0" timestamp="8 Apr 2020 17:52:53 GMT">
  <testcase classname="io.kaitai.struct.spec.TestIndexToParamUntil" name="testIndexToParamUntil" time="0.002"/>
</testsuite> <!-- io.kaitai.struct.spec.TestIndexToParamUntil -->
