<?xml version="1.0" encoding="UTF-8"?>
<!-- Generated by org.testng.reporters.JUnitReportReporter -->
<testsuite hostname="testing-gce-45823202-4e72-48e5-8292-cfb32848a652" name="io.kaitai.struct.spec.TestNavParent2" tests="1" failures="0" timestamp="26 May 2017 14:54:07 GMT" time="0.015" errors="0">
  <testcase name="testNavParent2" time="0.015" classname="io.kaitai.struct.spec.TestNavParent2"/>
</testsuite> <!-- io.kaitai.struct.spec.TestNavParent2 -->
