<?xml version="1.0" encoding="UTF-8"?>
<!-- Generated by org.testng.reporters.JUnitReportReporter -->
<testsuite hostname="localhost" name="io.kaitai.struct.spec.TestProcessXor4Value" tests="1" failures="0" timestamp="16 Mar 2020 17:44:57 GMT" time="0.019" errors="0">
  <testcase name="testProcessXor4Value" time="0.019" classname="io.kaitai.struct.spec.TestProcessXor4Value"/>
</testsuite> <!-- io.kaitai.struct.spec.TestProcessXor4Value -->
