<?xml version="1.0" encoding="UTF-8"?>
<!-- Generated by org.testng.reporters.JUnitReportReporter -->
<testsuite hostname="travis-job-f5318521-9829-42f7-9d18-ff563145b234" name="io.kaitai.struct.spec.TestProcessXor4Value" tests="1" failures="0" timestamp="28 Jun 2020 16:20:32 GMT" time="0.001" errors="0">
  <testcase name="testProcessXor4Value" time="0.001" classname="io.kaitai.struct.spec.TestProcessXor4Value"/>
</testsuite> <!-- io.kaitai.struct.spec.TestProcessXor4Value -->
