<?xml version="1.0" encoding="UTF-8"?>
<!-- Generated by org.testng.reporters.JUnitReportReporter -->
<testsuite hostname="travis-job-5cc39d86-73cc-4624-babc-25a207cdac04" name="io.kaitai.struct.spec.TestMultipleUse" tests="1" failures="0" timestamp="22 Feb 2018 01:36:56 GMT" time="0.002" errors="0">
  <testcase name="testMultipleUse" time="0.002" classname="io.kaitai.struct.spec.TestMultipleUse"/>
</testsuite> <!-- io.kaitai.struct.spec.TestMultipleUse -->
