<?xml version="1.0" encoding="UTF-8"?>
<!-- Generated by org.testng.reporters.JUnitReportReporter -->
<testsuite hostname="localhost" name="io.kaitai.struct.spec.TestDefaultBitEndianMod" tests="1" failures="0" timestamp="1 Aug 2020 15:51:27 GMT" time="0.004" errors="0">
  <testcase name="testDefaultBitEndianMod" time="0.004" classname="io.kaitai.struct.spec.TestDefaultBitEndianMod"/>
</testsuite> <!-- io.kaitai.struct.spec.TestDefaultBitEndianMod -->
