<?xml version="1.0" encoding="UTF-8"?>
<!-- Generated by org.testng.reporters.JUnitReportReporter -->
<testsuite hostname="fv-az167-845" failures="0" tests="1" name="io.kaitai.struct.spec.TestNavRoot" time="0.020" errors="0" timestamp="30 Jun 2023 20:06:36 GMT">
  <testcase classname="io.kaitai.struct.spec.TestNavRoot" name="testNavRoot" time="0.020"/>
</testsuite> <!-- io.kaitai.struct.spec.TestNavRoot -->
