<?xml version="1.0" encoding="UTF-8"?>
<!-- Generated by org.testng.reporters.JUnitReportReporter -->
<testsuite name="io.kaitai.struct.spec.TestBitsSimple" tests="1" failures="0" timestamp="15 Jul 2023 06:48:22 GMT" time="0.002" errors="0">
  <testcase name="testBitsSimple" time="0.002" classname="io.kaitai.struct.spec.TestBitsSimple"/>
</testsuite> <!-- io.kaitai.struct.spec.TestBitsSimple -->
