<?xml version="1.0" encoding="UTF-8"?>
<!-- Generated by org.testng.reporters.JUnitReportReporter -->
<testsuite hostname="travis-job-f09bc85b-0237-4e5d-af4b-126c85cd390a" name="io.kaitai.struct.spec.TestParamsPassArrayInt" tests="1" failures="0" timestamp="17 May 2020 21:27:27 GMT" time="0.000" errors="0">
  <testcase name="testParamsPassArrayInt" time="0.000" classname="io.kaitai.struct.spec.TestParamsPassArrayInt"/>
</testsuite> <!-- io.kaitai.struct.spec.TestParamsPassArrayInt -->
