<?xml version="1.0" encoding="UTF-8"?>
<!-- Generated by org.testng.reporters.JUnitReportReporter -->
<testsuite hostname="travis-job-ad75aed2-4215-498f-bffe-028dfc92a439" name="io.kaitai.struct.spec.TestCastNested" tests="1" failures="0" timestamp="12 Mar 2019 02:49:22 GMT" time="0.021" errors="0">
  <testcase name="testCastNested" time="0.021" classname="io.kaitai.struct.spec.TestCastNested"/>
</testsuite> <!-- io.kaitai.struct.spec.TestCastNested -->
