<?xml version="1.0" encoding="UTF-8"?>
<!-- Generated by org.testng.reporters.JUnitReportReporter -->
<testsuite hostname="travis-job-f95e4c0e-27b1-4267-87e6-3b0d69589b1a" name="io.kaitai.struct.spec.TestInstanceUserArray" tests="1" failures="0" timestamp="11 Mar 2019 22:26:09 GMT" time="0.001" errors="0">
  <testcase name="testInstanceUserArray" time="0.001" classname="io.kaitai.struct.spec.TestInstanceUserArray"/>
</testsuite> <!-- io.kaitai.struct.spec.TestInstanceUserArray -->
