<?xml version="1.0" encoding="UTF-8"?>
<!-- Generated by org.testng.reporters.JUnitReportReporter -->
<testsuite hostname="travis-job-7b0526ae-4f35-430b-ba43-570b4e73d446" name="io.kaitai.struct.spec.TestNavParentSwitch" tests="1" failures="0" timestamp="27 Dec 2018 18:34:09 GMT" time="0.001" errors="0">
  <testcase name="testNavParentSwitch" time="0.001" classname="io.kaitai.struct.spec.TestNavParentSwitch"/>
</testsuite> <!-- io.kaitai.struct.spec.TestNavParentSwitch -->
