<?xml version="1.0" encoding="UTF-8"?>
<!-- Generated by org.testng.reporters.JUnitReportReporter -->
<testsuite hostname="travis-job-5a0733c5-e879-46ca-98a5-1481afc5f990" name="io.kaitai.struct.spec.TestExprEnum" tests="1" failures="0" timestamp="11 Mar 2019 16:20:54 GMT" time="0.003" errors="0">
  <testcase name="testExprEnum" time="0.003" classname="io.kaitai.struct.spec.TestExprEnum"/>
</testsuite> <!-- io.kaitai.struct.spec.TestExprEnum -->
