<?xml version="1.0" encoding="UTF-8"?>
<!-- Generated by org.testng.reporters.JUnitReportReporter -->
<testsuite hostname="localhost" name="io.kaitai.struct.spec.TestBcdUserTypeBe" tests="1" failures="0" timestamp="17 Jun 2022 12:27:00 GMT" time="0.002" errors="0">
  <testcase name="testBcdUserTypeBe" time="0.002" classname="io.kaitai.struct.spec.TestBcdUserTypeBe"/>
</testsuite> <!-- io.kaitai.struct.spec.TestBcdUserTypeBe -->
