<?xml version="1.0" encoding="UTF-8"?>
<!-- Generated by org.testng.reporters.JUnitReportReporter -->
<testsuite hostname="localhost" name="io.kaitai.struct.spec.TestNavParentVsValueInst" tests="1" failures="0" timestamp="24 Nov 2019 13:21:30 GMT" time="0.004" errors="0">
  <testcase name="testNavParentVsValueInst" time="0.004" classname="io.kaitai.struct.spec.TestNavParentVsValueInst"/>
</testsuite> <!-- io.kaitai.struct.spec.TestNavParentVsValueInst -->
