<?xml version="1.0" encoding="UTF-8"?>
<!-- Generated by org.testng.reporters.JUnitReportReporter -->
<testsuite hostname="travis-job-7fea1c98-d98c-4296-9d22-157912ebce9e" name="io.kaitai.struct.spec.TestBcdUserTypeBe" tests="1" failures="0" timestamp="1 Jan 2020 14:26:11 GMT" time="0.002" errors="0">
  <testcase name="testBcdUserTypeBe" time="0.002" classname="io.kaitai.struct.spec.TestBcdUserTypeBe"/>
</testsuite> <!-- io.kaitai.struct.spec.TestBcdUserTypeBe -->
