<?xml version="1.0" encoding="UTF-8"?>
<!-- Generated by org.testng.reporters.JUnitReportReporter -->
<testsuite hostname="travis-job-0d0ee60d-a33a-4bb2-b41d-d460ba3b4f54" name="io.kaitai.struct.spec.TestFixedContents" tests="1" failures="0" timestamp="29 Dec 2019 12:37:18 GMT" time="0.010" errors="0">
  <testcase name="testFixedContents" time="0.010" classname="io.kaitai.struct.spec.TestFixedContents"/>
</testsuite> <!-- io.kaitai.struct.spec.TestFixedContents -->
