<?xml version="1.0" encoding="UTF-8"?>
<!-- Generated by org.testng.reporters.JUnitReportReporter -->
<testsuite hostname="fv-az792-418" name="io.kaitai.struct.spec.TestBitsUnalignedB32Be" tests="1" failures="0" timestamp="30 Jun 2023 20:17:22 GMT" time="0.000" errors="0">
  <testcase name="testBitsUnalignedB32Be" time="0.000" classname="io.kaitai.struct.spec.TestBitsUnalignedB32Be"/>
</testsuite> <!-- io.kaitai.struct.spec.TestBitsUnalignedB32Be -->
