<?xml version="1.0" encoding="UTF-8"?>
<!-- Generated by org.testng.reporters.JUnitReportReporter -->
<testsuite hostname="travis-job-3d427bb9-d944-4624-9931-87feb2e4130c" failures="0" tests="1" name="io.kaitai.struct.spec.TestExprSizeofValueSized" time="0.001" errors="0" timestamp="14 Nov 2021 13:05:00 GMT">
  <testcase classname="io.kaitai.struct.spec.TestExprSizeofValueSized" name="testExprSizeofValueSized" time="0.001"/>
</testsuite> <!-- io.kaitai.struct.spec.TestExprSizeofValueSized -->
