<?xml version="1.0" encoding="UTF-8"?>
<!-- Generated by org.testng.reporters.JUnitReportReporter -->
<testsuite hostname="travis-job-1135799b-4381-46cb-a4ba-a658e668b866" name="io.kaitai.struct.spec.TestNavParent3" tests="1" failures="0" timestamp="28 Dec 2018 16:27:30 GMT" time="0.005" errors="0">
  <testcase name="testNavParent3" time="0.005" classname="io.kaitai.struct.spec.TestNavParent3"/>
</testsuite> <!-- io.kaitai.struct.spec.TestNavParent3 -->
