<?xml version="1.0" encoding="UTF-8"?>
<!-- Generated by org.testng.reporters.JUnitReportReporter -->
<testsuite hostname="travis-job-cdc828f1-eca3-42ed-b22a-280f7f3485e1" failures="0" tests="1" name="io.kaitai.struct.spec.TestEnumToIClassBorder1" time="0.004" errors="0" timestamp="29 Feb 2020 09:30:56 GMT">
  <testcase classname="io.kaitai.struct.spec.TestEnumToIClassBorder1" name="testEnumToIClassBorder1" time="0.004"/>
</testsuite> <!-- io.kaitai.struct.spec.TestEnumToIClassBorder1 -->
