<?xml version="1.0" encoding="UTF-8"?>
<!-- Generated by org.testng.reporters.JUnitReportReporter -->
<testsuite name="io.kaitai.struct.spec.TestParamsPassUsertype" tests="1" failures="0" timestamp="21 Jul 2023 09:38:56 GMT" time="0.001" errors="0">
  <testcase name="testParamsPassUsertype" time="0.001" classname="io.kaitai.struct.spec.TestParamsPassUsertype"/>
</testsuite> <!-- io.kaitai.struct.spec.TestParamsPassUsertype -->
