<?xml version="1.0" encoding="UTF-8"?>
<!-- Generated by org.testng.reporters.JUnitReportReporter -->
<testsuite hostname="travis-job-f7426b15-ff8c-48d4-b946-6b6a807a5cf8" name="io.kaitai.struct.spec.TestValidSwitch" tests="1" failures="0" timestamp="5 May 2022 21:03:24 GMT" time="0.000" errors="0">
  <testcase name="testValidSwitch" time="0.000" classname="io.kaitai.struct.spec.TestValidSwitch"/>
</testsuite> <!-- io.kaitai.struct.spec.TestValidSwitch -->
