<?xml version="1.0" encoding="UTF-8"?>
<!-- Generated by org.testng.reporters.JUnitReportReporter -->
<testsuite hostname="testing-gce-20e6932b-660f-41de-af7e-f4c829aa8a76" name="io.kaitai.struct.spec.TestRepeatUntilSized" tests="1" failures="0" timestamp="3 Jul 2017 08:20:30 GMT" time="0.001" errors="0">
  <testcase name="testRepeatUntilSized" time="0.001" classname="io.kaitai.struct.spec.TestRepeatUntilSized"/>
</testsuite> <!-- io.kaitai.struct.spec.TestRepeatUntilSized -->
