<?xml version="1.0" encoding="UTF-8"?>
<!-- Generated by org.testng.reporters.JUnitReportReporter -->
<testsuite hostname="travis-job-9e0ab522-9099-45eb-81c6-18e079bb56e3" failures="0" tests="1" name="io.kaitai.struct.spec.TestParamsPassUsertype" time="0.006" errors="0" timestamp="7 Mar 2020 20:47:50 GMT">
  <testcase classname="io.kaitai.struct.spec.TestParamsPassUsertype" name="testParamsPassUsertype" time="0.006"/>
</testsuite> <!-- io.kaitai.struct.spec.TestParamsPassUsertype -->
