<?xml version="1.0" encoding="UTF-8"?>
<!-- Generated by org.testng.reporters.JUnitReportReporter -->
<testsuite hostname="travis-job-84daa7f9-ed1d-4f0e-967d-92b722b7296a" name="io.kaitai.struct.spec.TestSwitchManualIntSizeElse" tests="1" failures="0" timestamp="21 Oct 2018 20:21:42 GMT" time="0.005" errors="0">
  <testcase name="testSwitchManualIntSizeElse" time="0.005" classname="io.kaitai.struct.spec.TestSwitchManualIntSizeElse"/>
</testsuite> <!-- io.kaitai.struct.spec.TestSwitchManualIntSizeElse -->
