<?xml version="1.0" encoding="UTF-8"?>
<!-- Generated by org.testng.reporters.JUnitReportReporter -->
<testsuite name="io.kaitai.struct.spec.TestSwitchRepeatExprInvalid" tests="1" failures="0" timestamp="22 Mar 2024 15:21:39 GMT" time="0.000" errors="0">
  <testcase name="testSwitchRepeatExprInvalid" time="0.000" classname="io.kaitai.struct.spec.TestSwitchRepeatExprInvalid"/>
</testsuite> <!-- io.kaitai.struct.spec.TestSwitchRepeatExprInvalid -->
