<?xml version="1.0" encoding="UTF-8"?>
<!-- Generated by org.testng.reporters.JUnitReportReporter -->
<testsuite hostname="travis-job-04ce876a-5a71-4e5f-9174-976c0c760968" name="io.kaitai.struct.spec.TestNestedTypeParam" tests="1" failures="0" timestamp="29 Jul 2020 21:50:22 GMT" time="0.001" errors="0">
  <testcase name="testNestedTypeParam" time="0.001" classname="io.kaitai.struct.spec.TestNestedTypeParam"/>
</testsuite> <!-- io.kaitai.struct.spec.TestNestedTypeParam -->
