<?xml version="1.0" encoding="UTF-8"?>
<!-- Generated by org.testng.reporters.JUnitReportReporter -->
<testsuite name="io.kaitai.struct.spec.TestBytesPadTerm" tests="1" failures="0" timestamp="2 Aug 2023 21:06:33 GMT" time="0.002" errors="0">
  <testcase name="testBytesPadTerm" time="0.002" classname="io.kaitai.struct.spec.TestBytesPadTerm"/>
</testsuite> <!-- io.kaitai.struct.spec.TestBytesPadTerm -->
