<?xml version="1.0" encoding="UTF-8"?>
<!-- Generated by org.testng.reporters.JUnitReportReporter -->
<testsuite hostname="travis-job-a47d8e1d-7df3-4b55-9baf-04bc447b8bc5" failures="0" tests="1" name="io.kaitai.struct.spec.TestNavRoot" time="0.001" errors="0" timestamp="27 Jul 2020 15:13:23 GMT">
  <testcase classname="io.kaitai.struct.spec.TestNavRoot" name="testNavRoot" time="0.001"/>
</testsuite> <!-- io.kaitai.struct.spec.TestNavRoot -->
