<?xml version="1.0" encoding="UTF-8"?>
<!-- Generated by org.testng.reporters.JUnitReportReporter -->
<testsuite hostname="testing-gce-c306a6fa-1280-4b30-9669-c14afbd9f3e9" name="io.kaitai.struct.spec.TestRepeatNStruct" tests="1" failures="0" timestamp="22 Jul 2017 09:08:51 GMT" time="0.001" errors="0">
  <testcase name="testRepeatNStruct" time="0.001" classname="io.kaitai.struct.spec.TestRepeatNStruct"/>
</testsuite> <!-- io.kaitai.struct.spec.TestRepeatNStruct -->
