<?xml version="1.0" encoding="UTF-8"?>
<!-- Generated by org.testng.reporters.JUnitReportReporter -->
<testsuite failures="0" tests="1" name="io.kaitai.struct.spec.TestEnumIntRangeU" time="0.000" errors="0" timestamp="22 Mar 2024 00:49:59 GMT">
  <testcase classname="io.kaitai.struct.spec.TestEnumIntRangeU" name="testEnumIntRangeU" time="0.000"/>
</testsuite> <!-- io.kaitai.struct.spec.TestEnumIntRangeU -->
