<?xml version="1.0" encoding="UTF-8"?>
<!-- Generated by org.testng.reporters.JUnitReportReporter -->
<testsuite hostname="fv-az446-440" name="io.kaitai.struct.spec.TestExprStrOps" tests="1" failures="0" timestamp="30 Jun 2023 20:06:37 GMT" time="0.001" errors="0">
  <testcase name="testExprStrOps" time="0.001" classname="io.kaitai.struct.spec.TestExprStrOps"/>
</testsuite> <!-- io.kaitai.struct.spec.TestExprStrOps -->
