<?xml version="1.0" encoding="UTF-8"?>
<!-- Generated by org.testng.reporters.JUnitReportReporter -->
<testsuite hostname="localhost" name="io.kaitai.struct.spec.TestParamsEnum" tests="1" failures="0" timestamp="7 Mar 2020 20:47:28 GMT" time="0.000" errors="0">
  <testcase name="testParamsEnum" time="0.000" classname="io.kaitai.struct.spec.TestParamsEnum"/>
</testsuite> <!-- io.kaitai.struct.spec.TestParamsEnum -->
