<?xml version="1.0" encoding="UTF-8"?>
<!-- Generated by org.testng.reporters.JUnitReportReporter -->
<testsuite hostname="travis-job-1a8ebc5f-982b-424c-9cda-cef58fb981e1" name="io.kaitai.struct.spec.TestPositionToEnd" tests="1" failures="0" timestamp="13 Apr 2019 00:23:24 GMT" time="0.000" errors="0">
  <testcase name="testPositionToEnd" time="0.000" classname="io.kaitai.struct.spec.TestPositionToEnd"/>
</testsuite> <!-- io.kaitai.struct.spec.TestPositionToEnd -->
