<?xml version="1.0" encoding="UTF-8"?>
<!-- Generated by org.testng.reporters.JUnitReportReporter -->
<testsuite hostname="travis-job-842f47c6-30a3-4277-a901-f8e4effd426d" name="io.kaitai.struct.spec.TestProcessXorConst" tests="1" failures="0" timestamp="14 Oct 2019 15:15:14 GMT" time="0.000" errors="0">
  <testcase name="testProcessXorConst" time="0.000" classname="io.kaitai.struct.spec.TestProcessXorConst"/>
</testsuite> <!-- io.kaitai.struct.spec.TestProcessXorConst -->
