<?xml version="1.0" encoding="UTF-8"?>
<!-- Generated by org.testng.reporters.JUnitReportReporter -->
<testsuite name="io.kaitai.struct.spec.TestParamsCallExtraParens" tests="1" failures="0" timestamp="19 Jul 2023 17:04:19 GMT" time="0.000" errors="0">
  <testcase name="testParamsCallExtraParens" time="0.000" classname="io.kaitai.struct.spec.TestParamsCallExtraParens"/>
</testsuite> <!-- io.kaitai.struct.spec.TestParamsCallExtraParens -->
