<?xml version="1.0" encoding="UTF-8"?>
<!-- Generated by org.testng.reporters.JUnitReportReporter -->
<testsuite hostname="localhost" name="io.kaitai.struct.spec.TestEnumOfValueInst" tests="1" failures="0" timestamp="28 Sep 2019 20:09:20 GMT" time="0.006" errors="0">
  <testcase name="testEnumOfValueInst" time="0.006" classname="io.kaitai.struct.spec.TestEnumOfValueInst"/>
</testsuite> <!-- io.kaitai.struct.spec.TestEnumOfValueInst -->
