<?xml version="1.0" encoding="UTF-8"?>
<!-- Generated by org.testng.reporters.JUnitReportReporter -->
<testsuite hostname="localhost" name="io.kaitai.struct.spec.TestTypeIntUnaryOp" tests="1" failures="0" timestamp="31 Dec 2019 11:31:26 GMT" time="0.017" errors="0">
  <testcase name="testTypeIntUnaryOp" time="0.017" classname="io.kaitai.struct.spec.TestTypeIntUnaryOp"/>
</testsuite> <!-- io.kaitai.struct.spec.TestTypeIntUnaryOp -->
