<?xml version="1.0" encoding="UTF-8"?>
<!-- Generated by org.testng.reporters.JUnitReportReporter -->
<testsuite name="io.kaitai.struct.spec.TestEnumDeep" tests="1" failures="0" timestamp="5 Jul 2023 11:56:29 GMT" time="0.021" errors="0">
  <testcase name="testEnumDeep" time="0.021" classname="io.kaitai.struct.spec.TestEnumDeep"/>
</testsuite> <!-- io.kaitai.struct.spec.TestEnumDeep -->
