<?xml version="1.0" encoding="UTF-8"?>
<!-- Generated by org.testng.reporters.JUnitReportReporter -->
<testsuite hostname="travis-job-835aefcc-ca0c-459a-8612-11767c3a68d0" name="io.kaitai.struct.spec.TestBytesPadTerm" tests="1" failures="0" timestamp="12 Mar 2019 02:20:18 GMT" time="0.000" errors="0">
  <testcase name="testBytesPadTerm" time="0.000" classname="io.kaitai.struct.spec.TestBytesPadTerm"/>
</testsuite> <!-- io.kaitai.struct.spec.TestBytesPadTerm -->
