<?xml version="1.0" encoding="UTF-8"?>
<!-- Generated by org.testng.reporters.JUnitReportReporter -->
<testsuite hostname="travis-job-d4faead2-1fa0-4daa-86c6-e041d8655865" name="io.kaitai.struct.spec.TestValidNotParsedIf" tests="1" failures="0" timestamp="3 Apr 2021 17:36:16 GMT" time="0.043" errors="0">
  <testcase name="testValidNotParsedIf" time="0.043" classname="io.kaitai.struct.spec.TestValidNotParsedIf"/>
</testsuite> <!-- io.kaitai.struct.spec.TestValidNotParsedIf -->
