<?xml version="1.0" encoding="UTF-8"?>
<!-- Generated by org.testng.reporters.JUnitReportReporter -->
<testsuite failures="0" tests="1" name="io.kaitai.struct.spec.TestBitsEnum" time="0.000" errors="0" timestamp="2 Mar 2024 12:47:44 GMT">
  <testcase classname="io.kaitai.struct.spec.TestBitsEnum" name="testBitsEnum" time="0.000"/>
</testsuite> <!-- io.kaitai.struct.spec.TestBitsEnum -->
