<?xml version="1.0" encoding="UTF-8"?>
<!-- Generated by org.testng.reporters.JUnitReportReporter -->
<testsuite hostname="travis-job-c5b140c7-833d-465c-b127-3a932c09f41f" failures="0" tests="1" name="io.kaitai.struct.spec.TestFloatToI" time="0.016" errors="0" timestamp="3 Apr 2021 17:36:49 GMT">
  <testcase classname="io.kaitai.struct.spec.TestFloatToI" name="testFloatToI" time="0.016"/>
</testsuite> <!-- io.kaitai.struct.spec.TestFloatToI -->
