<?xml version="1.0" encoding="UTF-8"?>
<!-- Generated by org.testng.reporters.JUnitReportReporter -->
<testsuite hostname="travis-job-51377383-82d7-4df7-beb6-fc03c82a5f3d" failures="0" tests="1" name="io.kaitai.struct.spec.TestStrLiterals2" time="0.002" errors="0" timestamp="23 Aug 2020 22:24:07 GMT">
  <testcase classname="io.kaitai.struct.spec.TestStrLiterals2" name="testStrLiterals2" time="0.002"/>
</testsuite> <!-- io.kaitai.struct.spec.TestStrLiterals2 -->
