<?xml version="1.0" encoding="UTF-8"?>
<!-- Generated by org.testng.reporters.JUnitReportReporter -->
<testsuite hostname="testing-gce-a7091717-9684-4cd5-888d-aef7c960f86a" name="io.kaitai.struct.spec.TestEnumIf" tests="1" failures="0" timestamp="20 Jul 2017 17:09:11 GMT" time="0.002" errors="0">
  <testcase name="testEnumIf" time="0.002" classname="io.kaitai.struct.spec.TestEnumIf"/>
</testsuite> <!-- io.kaitai.struct.spec.TestEnumIf -->
