<?xml version="1.0" encoding="UTF-8"?>
<!-- Generated by org.testng.reporters.JUnitReportReporter -->
<testsuite name="io.kaitai.struct.spec.TestStrEncodings" tests="1" failures="0" timestamp="2 Mar 2024 12:48:09 GMT" time="0.006" errors="0">
  <testcase name="testStrEncodings" time="0.006" classname="io.kaitai.struct.spec.TestStrEncodings"/>
</testsuite> <!-- io.kaitai.struct.spec.TestStrEncodings -->
