<?xml version="1.0" encoding="UTF-8"?>
<!-- Generated by org.testng.reporters.JUnitReportReporter -->
<testsuite hostname="localhost" name="io.kaitai.struct.spec.TestEnum1" tests="1" failures="0" timestamp="23 Aug 2020 21:44:18 GMT" time="0.011" errors="0">
  <testcase name="testEnum1" time="0.011" classname="io.kaitai.struct.spec.TestEnum1"/>
</testsuite> <!-- io.kaitai.struct.spec.TestEnum1 -->
