<?xml version="1.0" encoding="UTF-8"?>
<!-- Generated by org.testng.reporters.JUnitReportReporter -->
<testsuite failures="0" tests="1" name="io.kaitai.struct.spec.TestIfInstances" time="0.002" errors="0" timestamp="10 Oct 2023 21:18:40 GMT">
  <testcase classname="io.kaitai.struct.spec.TestIfInstances" name="testIfInstances" time="0.002"/>
</testsuite> <!-- io.kaitai.struct.spec.TestIfInstances -->
