<?xml version="1.0" encoding="UTF-8"?>
<!-- Generated by org.testng.reporters.JUnitReportReporter -->
<testsuite hostname="localhost" name="io.kaitai.struct.spec.TestEnumFancy" tests="1" failures="0" timestamp="31 Oct 2020 09:55:32 GMT" time="0.001" errors="0">
  <testcase name="testEnumFancy" time="0.001" classname="io.kaitai.struct.spec.TestEnumFancy"/>
</testsuite> <!-- io.kaitai.struct.spec.TestEnumFancy -->
