<?xml version="1.0" encoding="UTF-8"?>
<!-- Generated by org.testng.reporters.JUnitReportReporter -->
<testsuite failures="0" tests="1" name="io.kaitai.struct.spec.TestValidFailRangeStr" time="0.009" errors="0" timestamp="4 Mar 2024 00:01:18 GMT">
  <testcase classname="io.kaitai.struct.spec.TestValidFailRangeStr" name="testValidFailRangeStr" time="0.009"/>
</testsuite> <!-- io.kaitai.struct.spec.TestValidFailRangeStr -->
