<?xml version="1.0" encoding="UTF-8"?>
<!-- Generated by org.testng.reporters.JUnitReportReporter -->
<testsuite hostname="travis-job-addee085-682a-4866-81f7-131cd22f383c" name="io.kaitai.struct.spec.TestInstanceStdArray" tests="1" failures="0" timestamp="19 Apr 2019 14:58:44 GMT" time="0.000" errors="0">
  <testcase name="testInstanceStdArray" time="0.000" classname="io.kaitai.struct.spec.TestInstanceStdArray"/>
</testsuite> <!-- io.kaitai.struct.spec.TestInstanceStdArray -->
