<?xml version="1.0" encoding="UTF-8"?>
<!-- Generated by org.testng.reporters.JUnitReportReporter -->
<testsuite hostname="localhost" name="io.kaitai.struct.spec.TestStrLiterals" tests="1" failures="0" timestamp="10 Dec 2019 15:09:04 GMT" time="0.001" errors="0">
  <testcase name="testStrLiterals" time="0.001" classname="io.kaitai.struct.spec.TestStrLiterals"/>
</testsuite> <!-- io.kaitai.struct.spec.TestStrLiterals -->
