<?xml version="1.0" encoding="UTF-8"?>
<!-- Generated by org.testng.reporters.JUnitReportReporter -->
<testsuite name="io.kaitai.struct.spec.TestSwitchManualStr" tests="1" failures="0" timestamp="2 Aug 2023 21:06:41 GMT" time="0.001" errors="0">
  <testcase name="testSwitchManualStr" time="0.001" classname="io.kaitai.struct.spec.TestSwitchManualStr"/>
</testsuite> <!-- io.kaitai.struct.spec.TestSwitchManualStr -->
