<?xml version="1.0" encoding="UTF-8"?>
<!-- Generated by org.testng.reporters.JUnitReportReporter -->
<testsuite hostname="localhost" name="io.kaitai.struct.spec.TestExprCalcArrayOps" tests="1" failures="0" timestamp="8 Mar 2020 21:33:27 GMT" time="0.005" errors="0">
  <testcase name="testExprCalcArrayOps" time="0.005" classname="io.kaitai.struct.spec.TestExprCalcArrayOps"/>
</testsuite> <!-- io.kaitai.struct.spec.TestExprCalcArrayOps -->
