<?xml version="1.0" encoding="UTF-8"?>
<!-- Generated by org.testng.reporters.JUnitReportReporter -->
<testsuite hostname="localhost" name="io.kaitai.struct.spec.TestProcessXor4Const" tests="1" failures="0" timestamp="28 Jul 2022 00:13:23 GMT" time="0.000" errors="0">
  <testcase name="testProcessXor4Const" time="0.000" classname="io.kaitai.struct.spec.TestProcessXor4Const"/>
</testsuite> <!-- io.kaitai.struct.spec.TestProcessXor4Const -->
