<?xml version="1.0" encoding="UTF-8"?>
<!-- Generated by org.testng.reporters.JUnitReportReporter -->
<testsuite hostname="fv-az398-53" name="io.kaitai.struct.spec.TestValidFailExpr" tests="1" failures="0" timestamp="28 Jun 2023 19:45:00 GMT" time="0.000" errors="0">
  <testcase name="testValidFailExpr" time="0.000" classname="io.kaitai.struct.spec.TestValidFailExpr"/>
</testsuite> <!-- io.kaitai.struct.spec.TestValidFailExpr -->
