<?xml version="1.0" encoding="UTF-8"?>
<!-- Generated by org.testng.reporters.JUnitReportReporter -->
<testsuite hostname="testing-gce-2f91451c-4a12-4cf5-beb2-e5538a42c1cc" name="io.kaitai.struct.spec.TestSwitchManualStr" tests="1" failures="0" timestamp="17 May 2017 14:01:12 GMT" time="0.006" errors="0">
  <testcase name="testSwitchManualStr" time="0.006" classname="io.kaitai.struct.spec.TestSwitchManualStr"/>
</testsuite> <!-- io.kaitai.struct.spec.TestSwitchManualStr -->
