<?xml version="1.0" encoding="UTF-8"?>
<!-- Generated by org.testng.reporters.JUnitReportReporter -->
<testsuite name="io.kaitai.struct.spec.TestSwitchManualInt" tests="1" failures="0" timestamp="10 Oct 2023 21:18:30 GMT" time="0.002" errors="0">
  <testcase name="testSwitchManualInt" time="0.002" classname="io.kaitai.struct.spec.TestSwitchManualInt"/>
</testsuite> <!-- io.kaitai.struct.spec.TestSwitchManualInt -->
