<?xml version="1.0" encoding="UTF-8"?>
<!-- Generated by org.testng.reporters.JUnitReportReporter -->
<testsuite hostname="travis-job-3b5fe45d-ea40-4c5f-9337-a68696bc53fc" failures="0" tests="1" name="io.kaitai.struct.spec.TestBcdUserTypeLe" time="0.065" errors="0" timestamp="26 Jul 2020 17:53:58 GMT">
  <testcase classname="io.kaitai.struct.spec.TestBcdUserTypeLe" name="testBcdUserTypeLe" time="0.065"/>
</testsuite> <!-- io.kaitai.struct.spec.TestBcdUserTypeLe -->
