<?xml version="1.0" encoding="UTF-8"?>
<!-- Generated by org.testng.reporters.JUnitReportReporter -->
<testsuite hostname="travis-job-842f47c6-30a3-4277-a901-f8e4effd426d" name="io.kaitai.struct.spec.TestNavParent3" tests="1" failures="0" timestamp="14 Oct 2019 15:15:14 GMT" time="0.001" errors="0">
  <testcase name="testNavParent3" time="0.001" classname="io.kaitai.struct.spec.TestNavParent3"/>
</testsuite> <!-- io.kaitai.struct.spec.TestNavParent3 -->
