<?xml version="1.0" encoding="UTF-8"?>
<!-- Generated by org.testng.reporters.JUnitReportReporter -->
<testsuite hostname="localhost" name="io.kaitai.struct.spec.TestPositionInSeq" tests="1" failures="0" timestamp="31 Jul 2020 22:31:45 GMT" time="0.000" errors="0">
  <testcase name="testPositionInSeq" time="0.000" classname="io.kaitai.struct.spec.TestPositionInSeq"/>
</testsuite> <!-- io.kaitai.struct.spec.TestPositionInSeq -->
