<?xml version="1.0" encoding="UTF-8"?>
<!-- Generated by org.testng.reporters.JUnitReportReporter -->
<testsuite failures="0" tests="1" name="io.kaitai.struct.spec.TestPositionInSeq" time="0.003" errors="0" timestamp="19 Jul 2023 19:05:38 GMT">
  <testcase classname="io.kaitai.struct.spec.TestPositionInSeq" name="testPositionInSeq" time="0.003"/>
</testsuite> <!-- io.kaitai.struct.spec.TestPositionInSeq -->
