<?xml version="1.0" encoding="UTF-8"?>
<!-- Generated by org.testng.reporters.JUnitReportReporter -->
<testsuite failures="0" tests="1" name="io.kaitai.struct.spec.TestParamsPassArrayInt" time="0.017" errors="0" timestamp="28 Jul 2023 14:34:55 GMT">
  <testcase classname="io.kaitai.struct.spec.TestParamsPassArrayInt" name="testParamsPassArrayInt" time="0.017"/>
</testsuite> <!-- io.kaitai.struct.spec.TestParamsPassArrayInt -->
