<?xml version="1.0" encoding="UTF-8"?>
<!-- Generated by org.testng.reporters.JUnitReportReporter -->
<testsuite hostname="fv-az612-949" failures="0" tests="1" name="io.kaitai.struct.spec.TestSwitchManualEnumInvalid" time="0.001" errors="0" timestamp="28 Jun 2023 19:40:20 GMT">
  <testcase classname="io.kaitai.struct.spec.TestSwitchManualEnumInvalid" name="testSwitchManualEnumInvalid" time="0.001"/>
</testsuite> <!-- io.kaitai.struct.spec.TestSwitchManualEnumInvalid -->
