<?xml version="1.0" encoding="UTF-8"?>
<!-- Generated by org.testng.reporters.JUnitReportReporter -->
<testsuite failures="0" tests="1" name="io.kaitai.struct.spec.TestBitsUnalignedB32Be" time="0.001" errors="0" timestamp="10 Oct 2023 21:18:40 GMT">
  <testcase classname="io.kaitai.struct.spec.TestBitsUnalignedB32Be" name="testBitsUnalignedB32Be" time="0.001"/>
</testsuite> <!-- io.kaitai.struct.spec.TestBitsUnalignedB32Be -->
