<?xml version="1.0" encoding="UTF-8"?>
<!-- Generated by org.testng.reporters.JUnitReportReporter -->
<testsuite failures="0" tests="1" name="io.kaitai.struct.spec.TestValidFailInst" time="0.000" errors="0" timestamp="5 Jul 2023 18:37:45 GMT">
  <testcase classname="io.kaitai.struct.spec.TestValidFailInst" name="testValidFailInst" time="0.000"/>
</testsuite> <!-- io.kaitai.struct.spec.TestValidFailInst -->
