<?xml version="1.0" encoding="UTF-8"?>
<!-- Generated by org.testng.reporters.JUnitReportReporter -->
<testsuite hostname="travis-job-b8ab81d4-d16b-4355-a9f4-0865388e2b8d" name="io.kaitai.struct.spec.TestRecursiveOne" tests="1" failures="0" timestamp="25 Dec 2018 02:13:25 GMT" time="0.001" errors="0">
  <testcase name="testRecursiveOne" time="0.001" classname="io.kaitai.struct.spec.TestRecursiveOne"/>
</testsuite> <!-- io.kaitai.struct.spec.TestRecursiveOne -->
