<?xml version="1.0" encoding="UTF-8"?>
<!-- Generated by org.testng.reporters.JUnitReportReporter -->
<testsuite hostname="travis-job-0141bfe9-ddb4-4135-883c-adbcc7707a3f" name="io.kaitai.struct.spec.TestValidFailInst" tests="1" failures="0" timestamp="16 Mar 2020 21:12:23 GMT" time="0.001" errors="0">
  <testcase name="testValidFailInst" time="0.001" classname="io.kaitai.struct.spec.TestValidFailInst"/>
</testsuite> <!-- io.kaitai.struct.spec.TestValidFailInst -->
