<?xml version="1.0" encoding="UTF-8"?>
<!-- Generated by org.testng.reporters.JUnitReportReporter -->
<testsuite hostname="travis-job-b4fa5a6c-d8d4-40be-8b83-ef934f0280c3" name="io.kaitai.struct.spec.TestDefaultEndianExprIsLe" tests="1" failures="0" timestamp="16 Aug 2018 01:58:52 GMT" time="0.020" errors="0">
  <testcase name="testDefaultEndianExprIsLe" time="0.020" classname="io.kaitai.struct.spec.TestDefaultEndianExprIsLe"/>
</testsuite> <!-- io.kaitai.struct.spec.TestDefaultEndianExprIsLe -->
