<?xml version="1.0" encoding="UTF-8"?>
<!-- Generated by org.testng.reporters.JUnitReportReporter -->
<testsuite hostname="fv-az562-842" failures="0" tests="1" name="io.kaitai.struct.spec.TestNavParentSwitch" time="0.002" errors="0" timestamp="28 Jun 2023 19:44:52 GMT">
  <testcase classname="io.kaitai.struct.spec.TestNavParentSwitch" name="testNavParentSwitch" time="0.002"/>
</testsuite> <!-- io.kaitai.struct.spec.TestNavParentSwitch -->
