<?xml version="1.0" encoding="UTF-8"?>
<!-- Generated by org.testng.reporters.JUnitReportReporter -->
<testsuite hostname="travis-job-79a9dcb1-f84b-4fc0-8a6f-c2355f939fb2" name="io.kaitai.struct.spec.TestStrPadTerm" tests="1" failures="0" timestamp="9 May 2020 19:24:25 GMT" time="0.000" errors="0">
  <testcase name="testStrPadTerm" time="0.000" classname="io.kaitai.struct.spec.TestStrPadTerm"/>
</testsuite> <!-- io.kaitai.struct.spec.TestStrPadTerm -->
