<?xml version="1.0" encoding="UTF-8"?>
<!-- Generated by org.testng.reporters.JUnitReportReporter -->
<testsuite hostname="localhost" name="io.kaitai.struct.spec.TestImportsAbsAbs" tests="1" failures="0" timestamp="30 Jan 2020 18:11:44 GMT" time="0.013" errors="0">
  <testcase name="testImportsAbsAbs" time="0.013" classname="io.kaitai.struct.spec.TestImportsAbsAbs"/>
</testsuite> <!-- io.kaitai.struct.spec.TestImportsAbsAbs -->
