<?xml version="1.0" encoding="UTF-8"?>
<!-- Generated by org.testng.reporters.JUnitReportReporter -->
<testsuite hostname="travis-job-773df1cd-6a22-443a-a2b6-beb98f69b228" name="io.kaitai.struct.spec.TestRepeatEosBit" tests="1" failures="0" timestamp="1 Aug 2020 15:50:08 GMT" time="0.001" errors="0">
  <testcase name="testRepeatEosBit" time="0.001" classname="io.kaitai.struct.spec.TestRepeatEosBit"/>
</testsuite> <!-- io.kaitai.struct.spec.TestRepeatEosBit -->
