<?xml version="1.0" encoding="UTF-8"?>
<!-- Generated by org.testng.reporters.JUnitReportReporter -->
<testsuite failures="0" tests="1" name="io.kaitai.struct.spec.TestBitsUnalignedB32Be" time="0.000" errors="0" timestamp="8 Jul 2023 21:16:18 GMT">
  <testcase classname="io.kaitai.struct.spec.TestBitsUnalignedB32Be" name="testBitsUnalignedB32Be" time="0.000"/>
</testsuite> <!-- io.kaitai.struct.spec.TestBitsUnalignedB32Be -->
