<?xml version="1.0" encoding="UTF-8"?>
<!-- Generated by org.testng.reporters.JUnitReportReporter -->
<testsuite hostname="localhost" name="io.kaitai.struct.spec.TestDebugSwitchUser" tests="1" failures="0" timestamp="1 May 2020 14:21:53 GMT" time="0.004" errors="0">
  <testcase name="testDebugSwitchUser" time="0.004" classname="io.kaitai.struct.spec.TestDebugSwitchUser"/>
</testsuite> <!-- io.kaitai.struct.spec.TestDebugSwitchUser -->
