<?xml version="1.0" encoding="UTF-8"?>
<!-- Generated by org.testng.reporters.JUnitReportReporter -->
<testsuite hostname="fv-az792-418" name="io.kaitai.struct.spec.TestParamsPassArrayStr" tests="1" failures="0" timestamp="30 Jun 2023 20:17:22 GMT" time="0.001" errors="0">
  <testcase name="testParamsPassArrayStr" time="0.001" classname="io.kaitai.struct.spec.TestParamsPassArrayStr"/>
</testsuite> <!-- io.kaitai.struct.spec.TestParamsPassArrayStr -->
