<?xml version="1.0" encoding="UTF-8"?>
<!-- Generated by org.testng.reporters.JUnitReportReporter -->
<testsuite hostname="travis-job-5d1ac751-13ca-4226-b11e-c6b3fec527f7" name="io.kaitai.struct.spec.TestParamsDef" tests="1" failures="0" timestamp="30 Mar 2019 03:17:23 GMT" time="0.000" errors="0">
  <testcase name="testParamsDef" time="0.000" classname="io.kaitai.struct.spec.TestParamsDef"/>
</testsuite> <!-- io.kaitai.struct.spec.TestParamsDef -->
