<?xml version="1.0" encoding="UTF-8"?>
<!-- Generated by org.testng.reporters.JUnitReportReporter -->
<testsuite failures="0" tests="1" name="io.kaitai.struct.spec.TestExprToITrailing" time="0.001" errors="0" timestamp="29 Feb 2024 19:37:08 GMT">
  <testcase classname="io.kaitai.struct.spec.TestExprToITrailing" name="testExprToITrailing" time="0.001"/>
</testsuite> <!-- io.kaitai.struct.spec.TestExprToITrailing -->
