<?xml version="1.0" encoding="UTF-8"?>
<!-- Generated by org.testng.reporters.JUnitReportReporter -->
<testsuite hostname="localhost" name="io.kaitai.struct.spec.TestRepeatNStrz" tests="1" failures="0" timestamp="14 Oct 2019 15:16:31 GMT" time="0.001" errors="0">
  <testcase name="testRepeatNStrz" time="0.001" classname="io.kaitai.struct.spec.TestRepeatNStrz"/>
</testsuite> <!-- io.kaitai.struct.spec.TestRepeatNStrz -->
