<?xml version="1.0" encoding="UTF-8"?>
<!-- Generated by org.testng.reporters.JUnitReportReporter -->
<testsuite failures="0" tests="1" name="io.kaitai.struct.spec.TestStrEncodingsDefault" time="0.003" errors="0" timestamp="22 Mar 2024 00:50:01 GMT">
  <testcase classname="io.kaitai.struct.spec.TestStrEncodingsDefault" name="testStrEncodingsDefault" time="0.003"/>
</testsuite> <!-- io.kaitai.struct.spec.TestStrEncodingsDefault -->
