<?xml version="1.0" encoding="UTF-8"?>
<!-- Generated by org.testng.reporters.JUnitReportReporter -->
<testsuite name="io.kaitai.struct.spec.TestInstanceStd" tests="1" failures="0" timestamp="19 Jul 2023 21:02:13 GMT" time="0.001" errors="0">
  <testcase name="testInstanceStd" time="0.001" classname="io.kaitai.struct.spec.TestInstanceStd"/>
</testsuite> <!-- io.kaitai.struct.spec.TestInstanceStd -->
