<?xml version="1.0" encoding="UTF-8"?>
<!-- Generated by org.testng.reporters.JUnitReportReporter -->
<testsuite hostname="travis-job-3aaf346f-f0ca-42ba-a19d-536ff98c9159" failures="0" tests="1" name="io.kaitai.struct.spec.TestParamsEnum" time="0.002" errors="0" timestamp="11 Sep 2020 17:16:41 GMT">
  <testcase classname="io.kaitai.struct.spec.TestParamsEnum" name="testParamsEnum" time="0.002"/>
</testsuite> <!-- io.kaitai.struct.spec.TestParamsEnum -->
