<?xml version="1.0" encoding="UTF-8"?>
<!-- Generated by org.testng.reporters.JUnitReportReporter -->
<testsuite name="io.kaitai.struct.spec.TestExprSizeofType1" tests="1" failures="0" timestamp="2 Mar 2024 12:48:10 GMT" time="0.000" errors="0">
  <testcase name="testExprSizeofType1" time="0.000" classname="io.kaitai.struct.spec.TestExprSizeofType1"/>
</testsuite> <!-- io.kaitai.struct.spec.TestExprSizeofType1 -->
