<?xml version="1.0" encoding="UTF-8"?>
<!-- Generated by org.testng.reporters.JUnitReportReporter -->
<testsuite hostname="travis-job-b73bcc52-2c09-4e18-85e5-8b6e3861bada" name="io.kaitai.struct.spec.TestImportsAbsAbs" tests="1" failures="0" timestamp="20 Mar 2019 08:17:22 GMT" time="0.005" errors="0">
  <testcase name="testImportsAbsAbs" time="0.005" classname="io.kaitai.struct.spec.TestImportsAbsAbs"/>
</testsuite> <!-- io.kaitai.struct.spec.TestImportsAbsAbs -->
