<?xml version="1.0" encoding="UTF-8"?>
<!-- Generated by org.testng.reporters.JUnitReportReporter -->
<testsuite hostname="travis-job-1524b4ab-b59f-441c-a899-c90af8091fb5" name="io.kaitai.struct.spec.TestProcessCoerceUsertype2" tests="1" failures="0" timestamp="16 Jul 2018 16:52:46 GMT" time="0.002" errors="0">
  <testcase name="testProcessCoerceUsertype2" time="0.002" classname="io.kaitai.struct.spec.TestProcessCoerceUsertype2"/>
</testsuite> <!-- io.kaitai.struct.spec.TestProcessCoerceUsertype2 -->
