<?xml version="1.0" encoding="UTF-8"?>
<!-- Generated by org.testng.reporters.JUnitReportReporter -->
<testsuite hostname="travis-job-1df120ff-e472-4c05-9109-4723d62a1731" name="io.kaitai.struct.spec.TestEnumToI" tests="1" failures="0" timestamp="4 Mar 2019 11:26:41 GMT" time="0.000" errors="0">
  <testcase name="testEnumToI" time="0.000" classname="io.kaitai.struct.spec.TestEnumToI"/>
</testsuite> <!-- io.kaitai.struct.spec.TestEnumToI -->
