<?xml version="1.0" encoding="UTF-8"?>
<!-- Generated by org.testng.reporters.JUnitReportReporter -->
<testsuite hostname="travis-job-e0ea4234-234b-4a2e-a6f4-a08ab9b90c93" name="io.kaitai.struct.spec.TestRepeatEosStruct" tests="1" failures="0" timestamp="8 Jul 2018 14:19:18 GMT" time="0.001" errors="0">
  <testcase name="testRepeatEosStruct" time="0.001" classname="io.kaitai.struct.spec.TestRepeatEosStruct"/>
</testsuite> <!-- io.kaitai.struct.spec.TestRepeatEosStruct -->
