<?xml version="1.0" encoding="UTF-8"?>
<!-- Generated by org.testng.reporters.JUnitReportReporter -->
<testsuite hostname="travis-job-0af105a4-1ca4-40c3-b7a2-5b63ce3b702f" name="io.kaitai.struct.spec.TestProcessXorValue" tests="1" failures="0" timestamp="21 May 2020 22:44:46 GMT" time="0.001" errors="0">
  <testcase name="testProcessXorValue" time="0.001" classname="io.kaitai.struct.spec.TestProcessXorValue"/>
</testsuite> <!-- io.kaitai.struct.spec.TestProcessXorValue -->
