<?xml version="1.0" encoding="UTF-8"?>
<!-- Generated by org.testng.reporters.JUnitReportReporter -->
<testsuite hostname="travis-job-e5880455-f651-4006-b1ff-60c6106ca1df" name="io.kaitai.struct.spec.TestStrEos" tests="1" failures="0" timestamp="9 Apr 2022 01:22:52 GMT" time="0.000" errors="0">
  <testcase name="testStrEos" time="0.000" classname="io.kaitai.struct.spec.TestStrEos"/>
</testsuite> <!-- io.kaitai.struct.spec.TestStrEos -->
