<?xml version="1.0" encoding="UTF-8"?>
<!-- Generated by org.testng.reporters.JUnitReportReporter -->
<testsuite hostname="travis-job-cfe1d7f9-e7fe-4d5c-87c7-6ccebbd5322a" failures="0" tests="1" name="io.kaitai.struct.spec.TestProcessCoerceBytes" time="0.002" errors="0" timestamp="29 Apr 2020 22:40:33 GMT">
  <testcase classname="io.kaitai.struct.spec.TestProcessCoerceBytes" name="testProcessCoerceBytes" time="0.002"/>
</testsuite> <!-- io.kaitai.struct.spec.TestProcessCoerceBytes -->
