<?xml version="1.0" encoding="UTF-8"?>
<!-- Generated by org.testng.reporters.JUnitReportReporter -->
<testsuite hostname="travis-job-e2e41d59-65ab-4bfd-97b5-9c13367db9f0" failures="0" tests="1" name="io.kaitai.struct.spec.TestIfStruct" time="0.003" errors="0" timestamp="5 May 2022 21:03:04 GMT">
  <testcase classname="io.kaitai.struct.spec.TestIfStruct" name="testIfStruct" time="0.003"/>
</testsuite> <!-- io.kaitai.struct.spec.TestIfStruct -->
