<?xml version="1.0" encoding="UTF-8"?>
<!-- Generated by org.testng.reporters.JUnitReportReporter -->
<testsuite failures="0" tests="1" name="io.kaitai.struct.spec.TestMetaTags" time="0.003" errors="0" timestamp="28 Jul 2023 21:50:05 GMT">
  <testcase classname="io.kaitai.struct.spec.TestMetaTags" name="testMetaTags" time="0.003"/>
</testsuite> <!-- io.kaitai.struct.spec.TestMetaTags -->
