<?xml version="1.0" encoding="UTF-8"?>
<!-- Generated by org.testng.reporters.JUnitReportReporter -->
<testsuite hostname="travis-job-8c2a4f24-2315-439a-a515-12de2efa25e6" failures="0" tests="1" name="io.kaitai.struct.spec.TestValidFailRangeStr" time="0.001" errors="0" timestamp="2 Aug 2020 15:22:57 GMT">
  <testcase classname="io.kaitai.struct.spec.TestValidFailRangeStr" name="testValidFailRangeStr" time="0.001"/>
</testsuite> <!-- io.kaitai.struct.spec.TestValidFailRangeStr -->
