<?xml version="1.0" encoding="UTF-8"?>
<!-- Generated by org.testng.reporters.JUnitReportReporter -->
<testsuite hostname="travis-job-384c9b7e-286a-49e4-816d-f124b9398a97" name="io.kaitai.struct.spec.TestNestedTypes" tests="1" failures="0" timestamp="22 Apr 2019 02:43:46 GMT" time="0.001" errors="0">
  <testcase name="testNestedTypes" time="0.001" classname="io.kaitai.struct.spec.TestNestedTypes"/>
</testsuite> <!-- io.kaitai.struct.spec.TestNestedTypes -->
