<?xml version="1.0" encoding="UTF-8"?>
<!-- Generated by org.testng.reporters.JUnitReportReporter -->
<testsuite failures="0" tests="1" name="io.kaitai.struct.spec.TestParamsCallShort" time="0.002" errors="0" timestamp="21 Feb 2024 14:49:34 GMT">
  <testcase classname="io.kaitai.struct.spec.TestParamsCallShort" name="testParamsCallShort" time="0.002"/>
</testsuite> <!-- io.kaitai.struct.spec.TestParamsCallShort -->
