<?xml version="1.0" encoding="UTF-8"?>
<!-- Generated by org.testng.reporters.JUnitReportReporter -->
<testsuite hostname="travis-job-4aed893b-f3c3-4cf0-b9ee-8bac0f0d4c67" failures="0" tests="1" name="io.kaitai.struct.spec.TestValidFailMaxInt" time="0.059" errors="0" timestamp="24 Aug 2020 16:17:16 GMT">
  <testcase classname="io.kaitai.struct.spec.TestValidFailMaxInt" name="testValidFailMaxInt" time="0.059"/>
</testsuite> <!-- io.kaitai.struct.spec.TestValidFailMaxInt -->
