<?xml version="1.0" encoding="UTF-8"?>
<!-- Generated by org.testng.reporters.JUnitReportReporter -->
<testsuite hostname="travis-job-90065638-8f34-48eb-98b2-cc0494c06514" name="io.kaitai.struct.spec.TestExpr0" tests="1" failures="0" timestamp="10 Apr 2018 22:27:41 GMT" time="0.000" errors="0">
  <testcase name="testExpr0" time="0.000" classname="io.kaitai.struct.spec.TestExpr0"/>
</testsuite> <!-- io.kaitai.struct.spec.TestExpr0 -->
