<?xml version="1.0" encoding="UTF-8"?>
<!-- Generated by org.testng.reporters.JUnitReportReporter -->
<testsuite hostname="travis-job-7b7d2508-f3a9-47ba-bba8-db2942b98c12" name="io.kaitai.struct.spec.TestRepeatEosStruct" tests="1" failures="0" timestamp="11 Mar 2019 21:53:56 GMT" time="0.001" errors="0">
  <testcase name="testRepeatEosStruct" time="0.001" classname="io.kaitai.struct.spec.TestRepeatEosStruct"/>
</testsuite> <!-- io.kaitai.struct.spec.TestRepeatEosStruct -->
