<?xml version="1.0" encoding="UTF-8"?>
<!-- Generated by org.testng.reporters.JUnitReportReporter -->
<testsuite failures="0" tests="1" name="io.kaitai.struct.spec.TestEnumDeepLiterals" time="0.003" errors="0" timestamp="19 Jul 2023 15:05:13 GMT">
  <testcase classname="io.kaitai.struct.spec.TestEnumDeepLiterals" name="testEnumDeepLiterals" time="0.003"/>
</testsuite> <!-- io.kaitai.struct.spec.TestEnumDeepLiterals -->
