<?xml version="1.0" encoding="UTF-8"?>
<!-- Generated by org.testng.reporters.JUnitReportReporter -->
<testsuite hostname="localhost" name="io.kaitai.struct.spec.TestOpaqueExternalType02Parent" tests="1" failures="0" timestamp="9 Apr 2022 01:23:05 GMT" time="0.003" errors="0">
  <testcase name="testOpaqueExternalType02Parent" time="0.003" classname="io.kaitai.struct.spec.TestOpaqueExternalType02Parent"/>
</testsuite> <!-- io.kaitai.struct.spec.TestOpaqueExternalType02Parent -->
