<?xml version="1.0" encoding="UTF-8"?>
<!-- Generated by org.testng.reporters.JUnitReportReporter -->
<testsuite hostname="localhost" name="io.kaitai.struct.spec.TestParamsCallShort" tests="1" failures="0" timestamp="11 Sep 2020 17:16:12 GMT" time="0.020" errors="0">
  <testcase name="testParamsCallShort" time="0.020" classname="io.kaitai.struct.spec.TestParamsCallShort"/>
</testsuite> <!-- io.kaitai.struct.spec.TestParamsCallShort -->
