<?xml version="1.0" encoding="UTF-8"?>
<!-- Generated by org.testng.reporters.JUnitReportReporter -->
<testsuite failures="0" tests="1" name="io.kaitai.struct.spec.TestExpr3" time="0.010" errors="0" timestamp="8 Jul 2023 21:16:18 GMT">
  <testcase classname="io.kaitai.struct.spec.TestExpr3" name="testExpr3" time="0.010"/>
</testsuite> <!-- io.kaitai.struct.spec.TestExpr3 -->
