<?xml version="1.0" encoding="UTF-8"?>
<!-- Generated by org.testng.reporters.JUnitReportReporter -->
<testsuite hostname="travis-job-007dd5e7-8597-4c56-ab6e-5da1f8e6b4fc" name="io.kaitai.struct.spec.TestSwitchManualIntSize" tests="1" failures="0" timestamp="12 Aug 2018 10:42:25 GMT" time="0.016" errors="0">
  <testcase name="testSwitchManualIntSize" time="0.016" classname="io.kaitai.struct.spec.TestSwitchManualIntSize"/>
</testsuite> <!-- io.kaitai.struct.spec.TestSwitchManualIntSize -->
