<?xml version="1.0" encoding="UTF-8"?>
<!-- Generated by org.testng.reporters.JUnitReportReporter -->
<testsuite hostname="travis-job-16471033-1b41-4a28-95d9-c69ed9a9dced" name="io.kaitai.struct.spec.TestIoLocalVar" tests="1" failures="0" timestamp="2 Apr 2020 13:34:04 GMT" time="0.000" errors="0">
  <testcase name="testIoLocalVar" time="0.000" classname="io.kaitai.struct.spec.TestIoLocalVar"/>
</testsuite> <!-- io.kaitai.struct.spec.TestIoLocalVar -->
