<?xml version="1.0" encoding="UTF-8"?>
<!-- Generated by org.testng.reporters.JUnitReportReporter -->
<testsuite hostname="travis-job-a8a08828-8466-44d0-8a68-5848588a3f72" name="io.kaitai.struct.spec.TestNestedTypeParam" tests="1" failures="0" timestamp="16 May 2020 22:35:39 GMT" time="0.001" errors="0">
  <testcase name="testNestedTypeParam" time="0.001" classname="io.kaitai.struct.spec.TestNestedTypeParam"/>
</testsuite> <!-- io.kaitai.struct.spec.TestNestedTypeParam -->
