<?xml version="1.0" encoding="UTF-8"?>
<!-- Generated by org.testng.reporters.JUnitReportReporter -->
<testsuite hostname="travis-job-b87c7d53-8950-4458-b961-d5eb06219ddc" name="io.kaitai.struct.spec.TestStrLiterals" tests="1" failures="0" timestamp="24 Dec 2018 19:19:40 GMT" time="0.000" errors="0">
  <testcase name="testStrLiterals" time="0.000" classname="io.kaitai.struct.spec.TestStrLiterals"/>
</testsuite> <!-- io.kaitai.struct.spec.TestStrLiterals -->
