<?xml version="1.0" encoding="UTF-8"?>
<!-- Generated by org.testng.reporters.JUnitReportReporter -->
<testsuite hostname="travis-job-1479aee4-4bec-4261-ba81-a49f7e5121a0" name="io.kaitai.struct.spec.TestEnumNegative" tests="1" failures="0" timestamp="9 Oct 2019 10:55:14 GMT" time="0.000" errors="0">
  <testcase name="testEnumNegative" time="0.000" classname="io.kaitai.struct.spec.TestEnumNegative"/>
</testsuite> <!-- io.kaitai.struct.spec.TestEnumNegative -->
