<?xml version="1.0" encoding="UTF-8"?>
<!-- Generated by org.testng.reporters.JUnitReportReporter -->
<testsuite hostname="travis-job-1e88376a-096f-4fad-a99c-b85caa06e490" failures="0" tests="1" name="io.kaitai.struct.spec.TestCastToImported" time="0.000" errors="0" timestamp="29 Feb 2020 17:16:30 GMT">
  <testcase classname="io.kaitai.struct.spec.TestCastToImported" name="testCastToImported" time="0.000"/>
</testsuite> <!-- io.kaitai.struct.spec.TestCastToImported -->
