<?xml version="1.0" encoding="UTF-8"?>
<!-- Generated by org.testng.reporters.JUnitReportReporter -->
<testsuite failures="0" tests="1" name="io.kaitai.struct.spec.TestValidLong" time="0.000" errors="0" timestamp="23 Jul 2023 22:32:55 GMT">
  <testcase classname="io.kaitai.struct.spec.TestValidLong" name="testValidLong" time="0.000"/>
</testsuite> <!-- io.kaitai.struct.spec.TestValidLong -->
