<?xml version="1.0" encoding="UTF-8"?>
<!-- Generated by org.testng.reporters.JUnitReportReporter -->
<testsuite hostname="localhost" name="io.kaitai.struct.spec.TestEnum0" tests="1" failures="0" timestamp="4 Apr 2020 06:17:48 GMT" time="0.004" errors="0">
  <testcase name="testEnum0" time="0.004" classname="io.kaitai.struct.spec.TestEnum0"/>
</testsuite> <!-- io.kaitai.struct.spec.TestEnum0 -->
