<?xml version="1.0" encoding="UTF-8"?>
<!-- Generated by org.testng.reporters.JUnitReportReporter -->
<testsuite hostname="travis-job-4d584980-4e2f-448c-a0b4-2dad78e6332a" failures="0" tests="1" name="io.kaitai.struct.spec.TestExprSizeofType1" time="0.002" errors="0" timestamp="18 Mar 2022 13:04:02 GMT">
  <testcase classname="io.kaitai.struct.spec.TestExprSizeofType1" name="testExprSizeofType1" time="0.002"/>
</testsuite> <!-- io.kaitai.struct.spec.TestExprSizeofType1 -->
