<?xml version="1.0" encoding="UTF-8"?>
<!-- Generated by org.testng.reporters.JUnitReportReporter -->
<testsuite hostname="localhost" name="io.kaitai.struct.spec.TestValidShort" tests="1" failures="0" timestamp="9 Dec 2019 19:40:49 GMT" time="0.001" errors="0">
  <testcase name="testValidShort" time="0.001" classname="io.kaitai.struct.spec.TestValidShort"/>
</testsuite> <!-- io.kaitai.struct.spec.TestValidShort -->
