<?xml version="1.0" encoding="UTF-8"?>
<!-- Generated by org.testng.reporters.JUnitReportReporter -->
<testsuite name="io.kaitai.struct.spec.TestBitsShiftByB64Le" tests="1" failures="0" timestamp="21 Feb 2024 14:49:31 GMT" time="0.000" errors="0">
  <testcase name="testBitsShiftByB64Le" time="0.000" classname="io.kaitai.struct.spec.TestBitsShiftByB64Le"/>
</testsuite> <!-- io.kaitai.struct.spec.TestBitsShiftByB64Le -->
