<?xml version="1.0" encoding="UTF-8"?>
<!-- Generated by org.testng.reporters.JUnitReportReporter -->
<testsuite hostname="travis-job-ad75aed2-4215-498f-bffe-028dfc92a439" name="io.kaitai.struct.spec.TestImportsAbsRel" tests="1" failures="0" timestamp="12 Mar 2019 02:49:22 GMT" time="0.001" errors="0">
  <testcase name="testImportsAbsRel" time="0.001" classname="io.kaitai.struct.spec.TestImportsAbsRel"/>
</testsuite> <!-- io.kaitai.struct.spec.TestImportsAbsRel -->
