<?xml version="1.0" encoding="UTF-8"?>
<!-- Generated by org.testng.reporters.JUnitReportReporter -->
<testsuite hostname="travis-job-4ea054e8-f737-4211-afbf-5a0f83a89c73" name="io.kaitai.struct.spec.TestStrEncodingsDefault" tests="1" failures="0" timestamp="18 Apr 2019 02:23:28 GMT" time="0.023" errors="0">
  <testcase name="testStrEncodingsDefault" time="0.023" classname="io.kaitai.struct.spec.TestStrEncodingsDefault"/>
</testsuite> <!-- io.kaitai.struct.spec.TestStrEncodingsDefault -->
