<?xml version="1.0" encoding="UTF-8"?>
<!-- Generated by org.testng.reporters.JUnitReportReporter -->
<testsuite hostname="travis-job-263b4025-dbcc-4e71-823b-966ffbc48ed5" failures="0" tests="1" name="io.kaitai.struct.spec.TestNavParentSwitch" time="0.000" errors="0" timestamp="29 Mar 2020 09:17:52 GMT">
  <testcase classname="io.kaitai.struct.spec.TestNavParentSwitch" name="testNavParentSwitch" time="0.000"/>
</testsuite> <!-- io.kaitai.struct.spec.TestNavParentSwitch -->
