<?xml version="1.0" encoding="UTF-8"?>
<!-- Generated by org.testng.reporters.JUnitReportReporter -->
<testsuite hostname="travis-job-26a1ef8e-63dd-4b01-9385-42240b2444a6" name="io.kaitai.struct.spec.TestRepeatNStrzDouble" tests="1" failures="0" timestamp="12 Oct 2019 15:01:46 GMT" time="0.000" errors="0">
  <testcase name="testRepeatNStrzDouble" time="0.000" classname="io.kaitai.struct.spec.TestRepeatNStrzDouble"/>
</testsuite> <!-- io.kaitai.struct.spec.TestRepeatNStrzDouble -->
