<?xml version="1.0" encoding="UTF-8"?>
<!-- Generated by org.testng.reporters.JUnitReportReporter -->
<testsuite failures="0" tests="1" name="io.kaitai.struct.spec.TestIntegersMinMax" time="0.001" errors="0" timestamp="29 Feb 2024 20:40:03 GMT">
  <testcase classname="io.kaitai.struct.spec.TestIntegersMinMax" name="testIntegersMinMax" time="0.001"/>
</testsuite> <!-- io.kaitai.struct.spec.TestIntegersMinMax -->
