<?xml version="1.0" encoding="UTF-8"?>
<!-- Generated by org.testng.reporters.JUnitReportReporter -->
<testsuite hostname="testing-gce-fbda2da8-85fe-41be-8470-16ef895861a4" name="io.kaitai.struct.spec.TestEnumIf" tests="1" failures="0" timestamp="20 Aug 2017 20:03:27 GMT" time="0.020" errors="0">
  <testcase name="testEnumIf" time="0.020" classname="io.kaitai.struct.spec.TestEnumIf"/>
</testsuite> <!-- io.kaitai.struct.spec.TestEnumIf -->
