<?xml version="1.0" encoding="UTF-8"?>
<!-- Generated by org.testng.reporters.JUnitReportReporter -->
<testsuite hostname="travis-job-d16b27dd-7794-4ae7-9995-20d8f8a42cc3" failures="0" tests="1" name="io.kaitai.struct.spec.TestFloatToI" time="0.001" errors="0" timestamp="30 Mar 2020 15:00:42 GMT">
  <testcase classname="io.kaitai.struct.spec.TestFloatToI" name="testFloatToI" time="0.001"/>
</testsuite> <!-- io.kaitai.struct.spec.TestFloatToI -->
