<?xml version="1.0" encoding="UTF-8"?>
<!-- Generated by org.testng.reporters.JUnitReportReporter -->
<testsuite hostname="travis-job-e3615912-b4e1-468d-ab4f-0ca74ae461aa" name="io.kaitai.struct.spec.TestValidNotParsedIf" tests="1" failures="0" timestamp="1 Jan 2020 06:34:17 GMT" time="0.056" errors="0">
  <testcase name="testValidNotParsedIf" time="0.056" classname="io.kaitai.struct.spec.TestValidNotParsedIf"/>
</testsuite> <!-- io.kaitai.struct.spec.TestValidNotParsedIf -->
