<?xml version="1.0" encoding="UTF-8"?>
<!-- Generated by org.testng.reporters.JUnitReportReporter -->
<testsuite hostname="travis-job-fe73caa5-646f-4b14-bc4e-b8ffbd6d3cb8" failures="0" tests="1" name="io.kaitai.struct.spec.TestIndexToParamExpr" time="0.004" errors="0" timestamp="19 Mar 2022 21:42:11 GMT">
  <testcase classname="io.kaitai.struct.spec.TestIndexToParamExpr" name="testIndexToParamExpr" time="0.004"/>
</testsuite> <!-- io.kaitai.struct.spec.TestIndexToParamExpr -->
