<?xml version="1.0" encoding="UTF-8"?>
<!-- Generated by org.testng.reporters.JUnitReportReporter -->
<testsuite hostname="localhost" name="io.kaitai.struct.spec.TestValidFailMinInt" tests="1" failures="0" timestamp="8 Mar 2020 20:33:45 GMT" time="0.001" errors="0">
  <testcase name="testValidFailMinInt" time="0.001" classname="io.kaitai.struct.spec.TestValidFailMinInt"/>
</testsuite> <!-- io.kaitai.struct.spec.TestValidFailMinInt -->
