<?xml version="1.0" encoding="UTF-8"?>
<!-- Generated by org.testng.reporters.JUnitReportReporter -->
<testsuite hostname="travis-job-757bb345-4263-4761-8ca1-7b9473cac7ca" name="io.kaitai.struct.spec.TestTypeIntUnaryOp" tests="1" failures="0" timestamp="13 Apr 2019 00:22:56 GMT" time="0.000" errors="0">
  <testcase name="testTypeIntUnaryOp" time="0.000" classname="io.kaitai.struct.spec.TestTypeIntUnaryOp"/>
</testsuite> <!-- io.kaitai.struct.spec.TestTypeIntUnaryOp -->
