<?xml version="1.0" encoding="UTF-8"?>
<!-- Generated by org.testng.reporters.JUnitReportReporter -->
<testsuite failures="0" tests="1" name="io.kaitai.struct.spec.TestImportsCircularA" time="0.000" errors="0" timestamp="15 Jul 2023 06:44:34 GMT">
  <testcase classname="io.kaitai.struct.spec.TestImportsCircularA" name="testImportsCircularA" time="0.000"/>
</testsuite> <!-- io.kaitai.struct.spec.TestImportsCircularA -->
