<?xml version="1.0" encoding="UTF-8"?>
<!-- Generated by org.testng.reporters.JUnitReportReporter -->
<testsuite hostname="fv-az564-656" failures="0" tests="1" name="io.kaitai.struct.spec.TestNavRoot" time="0.022" errors="0" timestamp="1 Jul 2023 10:37:51 GMT">
  <testcase classname="io.kaitai.struct.spec.TestNavRoot" name="testNavRoot" time="0.022"/>
</testsuite> <!-- io.kaitai.struct.spec.TestNavRoot -->
