<?xml version="1.0" encoding="UTF-8"?>
<!-- Generated by org.testng.reporters.JUnitReportReporter -->
<testsuite hostname="travis-job-831efb63-0165-4497-87b6-0b0a36401b5f" failures="0" tests="1" name="io.kaitai.struct.spec.TestPositionAbs" time="0.002" errors="0" timestamp="8 Mar 2020 21:33:41 GMT">
  <testcase classname="io.kaitai.struct.spec.TestPositionAbs" name="testPositionAbs" time="0.002"/>
</testsuite> <!-- io.kaitai.struct.spec.TestPositionAbs -->
