<?xml version="1.0" encoding="UTF-8"?>
<!-- Generated by org.testng.reporters.JUnitReportReporter -->
<testsuite hostname="travis-job-59baab50-50eb-4475-91eb-c89e0da73bfc" name="io.kaitai.struct.spec.TestNavParent3" tests="1" failures="0" timestamp="29 Feb 2020 17:14:58 GMT" time="0.002" errors="0">
  <testcase name="testNavParent3" time="0.002" classname="io.kaitai.struct.spec.TestNavParent3"/>
</testsuite> <!-- io.kaitai.struct.spec.TestNavParent3 -->
