<?xml version="1.0" encoding="UTF-8"?>
<!-- Generated by org.testng.reporters.JUnitReportReporter -->
<testsuite hostname="travis-job-829fe57f-7d59-4cb2-9bf8-43a4cf4c5949" name="io.kaitai.struct.spec.TestProcessXor4Value" tests="1" failures="0" timestamp="17 Mar 2019 16:27:46 GMT" time="0.000" errors="0">
  <testcase name="testProcessXor4Value" time="0.000" classname="io.kaitai.struct.spec.TestProcessXor4Value"/>
</testsuite> <!-- io.kaitai.struct.spec.TestProcessXor4Value -->
