<?xml version="1.0" encoding="UTF-8"?>
<!-- Generated by org.testng.reporters.JUnitReportReporter -->
<testsuite hostname="travis-job-96d42c87-4ca3-440f-a107-a86b4642af6d" failures="0" tests="1" name="io.kaitai.struct.spec.TestZlibWithHeader78" time="0.001" errors="0" timestamp="18 Mar 2020 04:27:24 GMT">
  <testcase classname="io.kaitai.struct.spec.TestZlibWithHeader78" name="testZlibWithHeader78" time="0.001"/>
</testsuite> <!-- io.kaitai.struct.spec.TestZlibWithHeader78 -->
