<?xml version="1.0" encoding="UTF-8"?>
<!-- Generated by org.testng.reporters.JUnitReportReporter -->
<testsuite failures="0" tests="1" name="io.kaitai.struct.spec.TestSwitchMultiBoolOps" time="0.007" errors="0" timestamp="9 Oct 2023 21:46:08 GMT">
  <testcase classname="io.kaitai.struct.spec.TestSwitchMultiBoolOps" name="testSwitchMultiBoolOps" time="0.007"/>
</testsuite> <!-- io.kaitai.struct.spec.TestSwitchMultiBoolOps -->
