<?xml version="1.0" encoding="UTF-8"?>
<!-- Generated by org.testng.reporters.JUnitReportReporter -->
<testsuite hostname="travis-job-cec8d565-c21c-4170-a5d3-f610dd37d436" name="io.kaitai.struct.spec.TestEnumDeep" tests="1" failures="0" timestamp="24 Apr 2019 11:03:51 GMT" time="0.003" errors="0">
  <testcase name="testEnumDeep" time="0.003" classname="io.kaitai.struct.spec.TestEnumDeep"/>
</testsuite> <!-- io.kaitai.struct.spec.TestEnumDeep -->
