<?xml version="1.0" encoding="UTF-8"?>
<!-- Generated by org.testng.reporters.JUnitReportReporter -->
<testsuite hostname="travis-job-1479aee4-4bec-4261-ba81-a49f7e5121a0" name="io.kaitai.struct.spec.TestStrEncodings" tests="1" failures="0" timestamp="9 Oct 2019 10:55:14 GMT" time="0.001" errors="0">
  <testcase name="testStrEncodings" time="0.001" classname="io.kaitai.struct.spec.TestStrEncodings"/>
</testsuite> <!-- io.kaitai.struct.spec.TestStrEncodings -->
