<?xml version="1.0" encoding="UTF-8"?>
<!-- Generated by org.testng.reporters.JUnitReportReporter -->
<testsuite hostname="travis-job-5576b432-3862-418f-8c78-bd33deb46eff" name="io.kaitai.struct.spec.TestStrEncodingsDefault" tests="1" failures="0" timestamp="10 Apr 2020 11:05:53 GMT" time="0.024" errors="0">
  <testcase name="testStrEncodingsDefault" time="0.024" classname="io.kaitai.struct.spec.TestStrEncodingsDefault"/>
</testsuite> <!-- io.kaitai.struct.spec.TestStrEncodingsDefault -->
