<?xml version="1.0" encoding="UTF-8"?>
<!-- Generated by org.testng.reporters.JUnitReportReporter -->
<testsuite hostname="travis-job-f28dd098-0795-439c-97eb-a019aaecefca" name="io.kaitai.struct.spec.TestStrLiterals2" tests="1" failures="0" timestamp="1 Jul 2021 22:25:31 GMT" time="0.001" errors="0">
  <testcase name="testStrLiterals2" time="0.001" classname="io.kaitai.struct.spec.TestStrLiterals2"/>
</testsuite> <!-- io.kaitai.struct.spec.TestStrLiterals2 -->
