<?xml version="1.0" encoding="UTF-8"?>
<!-- Generated by org.testng.reporters.JUnitReportReporter -->
<testsuite hostname="localhost" name="io.kaitai.struct.spec.TestDefaultEndianMod" tests="1" failures="0" timestamp="20 Oct 2019 01:14:47 GMT" time="0.003" errors="0">
  <testcase name="testDefaultEndianMod" time="0.003" classname="io.kaitai.struct.spec.TestDefaultEndianMod"/>
</testsuite> <!-- io.kaitai.struct.spec.TestDefaultEndianMod -->
