<?xml version="1.0" encoding="UTF-8"?>
<!-- Generated by org.testng.reporters.JUnitReportReporter -->
<testsuite hostname="travis-job-f96f67b4-7c17-4bb5-8c2e-0669c6c83acb" name="io.kaitai.struct.spec.TestDebugArrayUser" tests="1" failures="0" timestamp="24 Sep 2019 14:49:23 GMT" time="0.015" errors="0">
  <testcase name="testDebugArrayUser" time="0.015" classname="io.kaitai.struct.spec.TestDebugArrayUser"/>
</testsuite> <!-- io.kaitai.struct.spec.TestDebugArrayUser -->
