<?xml version="1.0" encoding="UTF-8"?>
<!-- Generated by org.testng.reporters.JUnitReportReporter -->
<testsuite hostname="travis-job-e0ca7156-2673-4748-9a31-8d781fe02fa0" name="io.kaitai.struct.spec.TestValidFailExpr" tests="1" failures="0" timestamp="24 May 2020 21:51:50 GMT" time="0.001" errors="0">
  <testcase name="testValidFailExpr" time="0.001" classname="io.kaitai.struct.spec.TestValidFailExpr"/>
</testsuite> <!-- io.kaitai.struct.spec.TestValidFailExpr -->
