<?xml version="1.0" encoding="UTF-8"?>
<!-- Generated by org.testng.reporters.JUnitReportReporter -->
<testsuite hostname="travis-job-7affe39d-c7cb-43b0-9534-0390c1461c94" name="io.kaitai.struct.spec.TestProcessXor4Value" tests="1" failures="0" timestamp="5 Apr 2019 16:50:07 GMT" time="0.001" errors="0">
  <testcase name="testProcessXor4Value" time="0.001" classname="io.kaitai.struct.spec.TestProcessXor4Value"/>
</testsuite> <!-- io.kaitai.struct.spec.TestProcessXor4Value -->
