<?xml version="1.0" encoding="UTF-8"?>
<!-- Generated by org.testng.reporters.JUnitReportReporter -->
<testsuite hostname="localhost" name="io.kaitai.struct.spec.TestSwitchManualIntSizeEos" tests="1" failures="0" timestamp="3 Nov 2019 11:47:35 GMT" time="0.017" errors="0">
  <testcase name="testSwitchManualIntSizeEos" time="0.017" classname="io.kaitai.struct.spec.TestSwitchManualIntSizeEos"/>
</testsuite> <!-- io.kaitai.struct.spec.TestSwitchManualIntSizeEos -->
