<?xml version="1.0" encoding="UTF-8"?>
<!-- Generated by org.testng.reporters.JUnitReportReporter -->
<testsuite hostname="travis-job-51b661b4-54b5-4a8f-ae7f-54a0ae186cad" name="io.kaitai.struct.spec.TestValidNotParsedIf" tests="1" failures="0" timestamp="10 Feb 2020 23:57:01 GMT" time="0.043" errors="0">
  <testcase name="testValidNotParsedIf" time="0.043" classname="io.kaitai.struct.spec.TestValidNotParsedIf"/>
</testsuite> <!-- io.kaitai.struct.spec.TestValidNotParsedIf -->
