<?xml version="1.0" encoding="UTF-8"?>
<!-- Generated by org.testng.reporters.JUnitReportReporter -->
<testsuite hostname="travis-job-37f9a7aa-8093-49d3-b189-b11a157da2d8" name="io.kaitai.struct.spec.TestSwitchBytearray" tests="1" failures="0" timestamp="30 Mar 2020 02:50:58 GMT" time="0.001" errors="0">
  <testcase name="testSwitchBytearray" time="0.001" classname="io.kaitai.struct.spec.TestSwitchBytearray"/>
</testsuite> <!-- io.kaitai.struct.spec.TestSwitchBytearray -->
