<?xml version="1.0" encoding="UTF-8"?>
<!-- Generated by org.testng.reporters.JUnitReportReporter -->
<testsuite hostname="travis-job-e0ea4234-234b-4a2e-a6f4-a08ab9b90c93" name="io.kaitai.struct.spec.TestExpr1" tests="1" failures="0" timestamp="8 Jul 2018 14:19:18 GMT" time="0.000" errors="0">
  <testcase name="testExpr1" time="0.000" classname="io.kaitai.struct.spec.TestExpr1"/>
</testsuite> <!-- io.kaitai.struct.spec.TestExpr1 -->
