<?xml version="1.0" encoding="UTF-8"?>
<!-- Generated by org.testng.reporters.JUnitReportReporter -->
<testsuite name="io.kaitai.struct.spec.TestCombineBool" tests="1" failures="0" timestamp="4 Nov 2023 09:50:49 GMT" time="0.000" errors="0">
  <testcase name="testCombineBool" time="0.000" classname="io.kaitai.struct.spec.TestCombineBool"/>
</testsuite> <!-- io.kaitai.struct.spec.TestCombineBool -->
