<?xml version="1.0" encoding="UTF-8"?>
<!-- Generated by org.testng.reporters.JUnitReportReporter -->
<testsuite hostname="travis-job-d790ba68-c68f-459a-8313-fa3c3859a13b" name="io.kaitai.struct.spec.TestSwitchMultiBoolOps" tests="1" failures="0" timestamp="28 Feb 2018 01:17:41 GMT" time="0.004" errors="0">
  <testcase name="testSwitchMultiBoolOps" time="0.004" classname="io.kaitai.struct.spec.TestSwitchMultiBoolOps"/>
</testsuite> <!-- io.kaitai.struct.spec.TestSwitchMultiBoolOps -->
