<?xml version="1.0" encoding="UTF-8"?>
<!-- Generated by org.testng.reporters.JUnitReportReporter -->
<testsuite hostname="travis-job-0f867562-9cc5-45c7-bb04-b9d2aa34876d" failures="0" tests="1" name="io.kaitai.struct.spec.TestTermBytes" time="0.001" errors="0" timestamp="28 Jul 2022 00:13:17 GMT">
  <testcase classname="io.kaitai.struct.spec.TestTermBytes" name="testTermBytes" time="0.001"/>
</testsuite> <!-- io.kaitai.struct.spec.TestTermBytes -->
