<?xml version="1.0" encoding="UTF-8"?>
<!-- Generated by org.testng.reporters.JUnitReportReporter -->
<testsuite hostname="travis-job-b51945e2-32f3-4337-9d52-961366faac0d" failures="0" tests="1" name="io.kaitai.struct.spec.TestInstanceStdArray" time="0.000" errors="0" timestamp="18 Mar 2020 22:42:44 GMT">
  <testcase classname="io.kaitai.struct.spec.TestInstanceStdArray" name="testInstanceStdArray" time="0.000"/>
</testsuite> <!-- io.kaitai.struct.spec.TestInstanceStdArray -->
