<?xml version="1.0" encoding="UTF-8"?>
<!-- Generated by org.testng.reporters.JUnitReportReporter -->
<testsuite hostname="localhost" name="io.kaitai.struct.spec.TestNavParentSwitch" tests="1" failures="0" timestamp="25 Nov 2019 02:42:24 GMT" time="0.000" errors="0">
  <testcase name="testNavParentSwitch" time="0.000" classname="io.kaitai.struct.spec.TestNavParentSwitch"/>
</testsuite> <!-- io.kaitai.struct.spec.TestNavParentSwitch -->
