<?xml version="1.0" encoding="UTF-8"?>
<!-- Generated by org.testng.reporters.JUnitReportReporter -->
<testsuite hostname="travis-job-107d1aec-ef75-4a68-8101-855d40f06c18" name="io.kaitai.struct.spec.TestProcessCoerceSwitch" tests="1" failures="0" timestamp="18 Apr 2019 01:55:51 GMT" time="0.001" errors="0">
  <testcase name="testProcessCoerceSwitch" time="0.001" classname="io.kaitai.struct.spec.TestProcessCoerceSwitch"/>
</testsuite> <!-- io.kaitai.struct.spec.TestProcessCoerceSwitch -->
