<?xml version="1.0" encoding="UTF-8"?>
<!-- Generated by org.testng.reporters.JUnitReportReporter -->
<testsuite hostname="localhost" name="io.kaitai.struct.spec.TestStrEos" tests="1" failures="0" timestamp="5 May 2022 21:03:33 GMT" time="0.006" errors="0">
  <testcase name="testStrEos" time="0.006" classname="io.kaitai.struct.spec.TestStrEos"/>
</testsuite> <!-- io.kaitai.struct.spec.TestStrEos -->
