<?xml version="1.0" encoding="UTF-8"?>
<!-- Generated by org.testng.reporters.JUnitReportReporter -->
<testsuite name="io.kaitai.struct.spec.TestIntegersDoubleOverflow" tests="1" failures="0" timestamp="19 Jul 2023 18:53:15 GMT" time="0.000" errors="0">
  <testcase name="testIntegersDoubleOverflow" time="0.000" classname="io.kaitai.struct.spec.TestIntegersDoubleOverflow"/>
</testsuite> <!-- io.kaitai.struct.spec.TestIntegersDoubleOverflow -->
