<?xml version="1.0" encoding="UTF-8"?>
<!-- Generated by org.testng.reporters.JUnitReportReporter -->
<testsuite hostname="travis-job-bf59cdfd-53a4-4893-9560-383e7c45fc0a" name="io.kaitai.struct.spec.TestRepeatNStrz" tests="1" failures="0" timestamp="9 Apr 2020 20:41:20 GMT" time="0.000" errors="0">
  <testcase name="testRepeatNStrz" time="0.000" classname="io.kaitai.struct.spec.TestRepeatNStrz"/>
</testsuite> <!-- io.kaitai.struct.spec.TestRepeatNStrz -->
