<?xml version="1.0" encoding="UTF-8"?>
<!-- Generated by org.testng.reporters.JUnitReportReporter -->
<testsuite hostname="travis-job-de736bde-3b45-45ee-8151-6096b7b09dea" failures="0" tests="1" name="io.kaitai.struct.spec.TestExprMod" time="0.003" errors="0" timestamp="12 Mar 2020 21:24:45 GMT">
  <testcase classname="io.kaitai.struct.spec.TestExprMod" name="testExprMod" time="0.003"/>
</testsuite> <!-- io.kaitai.struct.spec.TestExprMod -->
