<?xml version="1.0" encoding="UTF-8"?>
<!-- Generated by org.testng.reporters.JUnitReportReporter -->
<testsuite hostname="travis-job-ffbf3c55-2761-4f63-98db-b4b734f9c5b6" name="io.kaitai.struct.spec.TestCastNested" tests="1" failures="0" timestamp="18 Mar 2018 10:17:39 GMT" time="0.002" errors="0">
  <testcase name="testCastNested" time="0.002" classname="io.kaitai.struct.spec.TestCastNested"/>
</testsuite> <!-- io.kaitai.struct.spec.TestCastNested -->
