<?xml version="1.0" encoding="UTF-8"?>
<!-- Generated by org.testng.reporters.JUnitReportReporter -->
<testsuite hostname="localhost" name="io.kaitai.struct.spec.TestIntegers" tests="1" failures="0" timestamp="5 May 2022 21:03:33 GMT" time="0.000" errors="0">
  <testcase name="testIntegers" time="0.000" classname="io.kaitai.struct.spec.TestIntegers"/>
</testsuite> <!-- io.kaitai.struct.spec.TestIntegers -->
