<?xml version="1.0" encoding="UTF-8"?>
<!-- Generated by org.testng.reporters.JUnitReportReporter -->
<testsuite hostname="localhost" name="io.kaitai.struct.spec.TestNavParent3" tests="1" failures="0" timestamp="17 Jun 2022 12:27:00 GMT" time="0.019" errors="0">
  <testcase name="testNavParent3" time="0.019" classname="io.kaitai.struct.spec.TestNavParent3"/>
</testsuite> <!-- io.kaitai.struct.spec.TestNavParent3 -->
