<?xml version="1.0" encoding="UTF-8"?>
<!-- Generated by org.testng.reporters.JUnitReportReporter -->
<testsuite hostname="localhost" name="io.kaitai.struct.spec.TestExprCalcArrayOps" tests="1" failures="0" timestamp="16 Mar 2020 19:46:54 GMT" time="0.002" errors="0">
  <testcase name="testExprCalcArrayOps" time="0.002" classname="io.kaitai.struct.spec.TestExprCalcArrayOps"/>
</testsuite> <!-- io.kaitai.struct.spec.TestExprCalcArrayOps -->
