<?xml version="1.0" encoding="UTF-8"?>
<!-- Generated by org.testng.reporters.JUnitReportReporter -->
<testsuite hostname="testing-gce-dcb7f2be-715f-4001-84a0-6945d3db8f44" name="io.kaitai.struct.spec.TestStrEncodings" tests="1" failures="0" timestamp="1 Sep 2017 15:38:28 GMT" time="0.020" errors="0">
  <testcase name="testStrEncodings" time="0.020" classname="io.kaitai.struct.spec.TestStrEncodings"/>
</testsuite> <!-- io.kaitai.struct.spec.TestStrEncodings -->
