<?xml version="1.0" encoding="UTF-8"?>
<!-- Generated by org.testng.reporters.JUnitReportReporter -->
<testsuite name="io.kaitai.struct.spec.TestValidEqStrEncodings" tests="1" failures="0" timestamp="18 Jul 2023 13:58:11 GMT" time="0.001" errors="0">
  <testcase name="testValidEqStrEncodings" time="0.001" classname="io.kaitai.struct.spec.TestValidEqStrEncodings"/>
</testsuite> <!-- io.kaitai.struct.spec.TestValidEqStrEncodings -->
