<?xml version="1.0" encoding="UTF-8"?>
<!-- Generated by org.testng.reporters.JUnitReportReporter -->
<testsuite hostname="testing-gce-63714aa9-cc0f-4707-8272-75b04ae3b3e2" name="io.kaitai.struct.spec.TestSwitchManualEnum" tests="1" failures="0" timestamp="6 Jun 2017 09:18:34 GMT" time="0.003" errors="0">
  <testcase name="testSwitchManualEnum" time="0.003" classname="io.kaitai.struct.spec.TestSwitchManualEnum"/>
</testsuite> <!-- io.kaitai.struct.spec.TestSwitchManualEnum -->
