<?xml version="1.0" encoding="UTF-8"?>
<!-- Generated by org.testng.reporters.JUnitReportReporter -->
<testsuite hostname="localhost" name="io.kaitai.struct.spec.TestFixedContents" tests="1" failures="0" timestamp="20 Oct 2020 22:46:43 GMT" time="0.000" errors="0">
  <testcase name="testFixedContents" time="0.000" classname="io.kaitai.struct.spec.TestFixedContents"/>
</testsuite> <!-- io.kaitai.struct.spec.TestFixedContents -->
