<?xml version="1.0" encoding="UTF-8"?>
<!-- Generated by org.testng.reporters.JUnitReportReporter -->
<testsuite hostname="localhost" name="io.kaitai.struct.spec.TestSwitchManualInt" tests="1" failures="0" timestamp="8 Mar 2020 20:33:46 GMT" time="0.001" errors="0">
  <testcase name="testSwitchManualInt" time="0.001" classname="io.kaitai.struct.spec.TestSwitchManualInt"/>
</testsuite> <!-- io.kaitai.struct.spec.TestSwitchManualInt -->
