<?xml version="1.0" encoding="UTF-8"?>
<!-- Generated by org.testng.reporters.JUnitReportReporter -->
<testsuite hostname="localhost" name="io.kaitai.struct.spec.TestParamsDef" tests="1" failures="0" timestamp="11 Apr 2020 09:22:51 GMT" time="0.004" errors="0">
  <testcase name="testParamsDef" time="0.004" classname="io.kaitai.struct.spec.TestParamsDef"/>
</testsuite> <!-- io.kaitai.struct.spec.TestParamsDef -->
