<?xml version="1.0" encoding="UTF-8"?>
<!-- Generated by org.testng.reporters.JUnitReportReporter -->
<testsuite hostname="testing-gce-ac795716-2a22-4246-802e-cffa68950239" name="io.kaitai.struct.spec.TestExpr1" tests="1" failures="0" timestamp="26 Sep 2017 19:40:47 GMT" time="0.000" errors="0">
  <testcase name="testExpr1" time="0.000" classname="io.kaitai.struct.spec.TestExpr1"/>
</testsuite> <!-- io.kaitai.struct.spec.TestExpr1 -->
