<?xml version="1.0" encoding="UTF-8"?>
<!-- Generated by org.testng.reporters.JUnitReportReporter -->
<testsuite hostname="travis-job-f6be8dc9-0b90-4701-92d3-5beabb1336b1" name="io.kaitai.struct.spec.TestExpr1" tests="1" failures="0" timestamp="4 Apr 2020 05:25:43 GMT" time="0.000" errors="0">
  <testcase name="testExpr1" time="0.000" classname="io.kaitai.struct.spec.TestExpr1"/>
</testsuite> <!-- io.kaitai.struct.spec.TestExpr1 -->
