<?xml version="1.0" encoding="UTF-8"?>
<!-- Generated by org.testng.reporters.JUnitReportReporter -->
<testsuite hostname="travis-job-bde7fd19-03bd-48c8-be74-47df32732295" failures="0" tests="1" name="io.kaitai.struct.spec.TestTermStrz" time="0.001" errors="0" timestamp="14 Feb 2020 23:53:45 GMT">
  <testcase classname="io.kaitai.struct.spec.TestTermStrz" name="testTermStrz" time="0.001"/>
</testsuite> <!-- io.kaitai.struct.spec.TestTermStrz -->
