<?xml version="1.0" encoding="UTF-8"?>
<!-- Generated by org.testng.reporters.JUnitReportReporter -->
<testsuite hostname="testing-gce-38f9f728-238d-42c0-a540-eeb9592fbc64" name="io.kaitai.struct.spec.TestStrEncodings" tests="1" failures="0" timestamp="7 Jul 2017 17:35:59 GMT" time="0.029" errors="0">
  <testcase name="testStrEncodings" time="0.029" classname="io.kaitai.struct.spec.TestStrEncodings"/>
</testsuite> <!-- io.kaitai.struct.spec.TestStrEncodings -->
