<?xml version="1.0" encoding="UTF-8"?>
<!-- Generated by org.testng.reporters.JUnitReportReporter -->
<testsuite hostname="travis-job-3e9268b4-1310-4b3a-af73-109659c02b8e" failures="0" tests="1" name="io.kaitai.struct.spec.TestImportsAbs" time="0.005" errors="0" timestamp="8 Mar 2020 20:34:16 GMT">
  <testcase classname="io.kaitai.struct.spec.TestImportsAbs" name="testImportsAbs" time="0.005"/>
</testsuite> <!-- io.kaitai.struct.spec.TestImportsAbs -->
