<?xml version="1.0" encoding="UTF-8"?>
<!-- Generated by org.testng.reporters.JUnitReportReporter -->
<testsuite hostname="travis-job-be4c5ba6-4752-4bc3-90e1-9163e91488f9" name="io.kaitai.struct.spec.TestStrEncodings" tests="1" failures="0" timestamp="28 Jun 2020 16:40:56 GMT" time="0.001" errors="0">
  <testcase name="testStrEncodings" time="0.001" classname="io.kaitai.struct.spec.TestStrEncodings"/>
</testsuite> <!-- io.kaitai.struct.spec.TestStrEncodings -->
