<?xml version="1.0" encoding="UTF-8"?>
<!-- Generated by org.testng.reporters.JUnitReportReporter -->
<testsuite hostname="travis-job-38815dce-d6f9-46be-9a4e-7eb73b6d93f4" name="io.kaitai.struct.spec.TestStrLiterals2" tests="1" failures="0" timestamp="16 Feb 2020 17:15:19 GMT" time="0.000" errors="0">
  <testcase name="testStrLiterals2" time="0.000" classname="io.kaitai.struct.spec.TestStrLiterals2"/>
</testsuite> <!-- io.kaitai.struct.spec.TestStrLiterals2 -->
