<?xml version="1.0" encoding="UTF-8"?>
<!-- Generated by org.testng.reporters.JUnitReportReporter -->
<testsuite hostname="travis-job-8f908b62-d33c-444d-ab32-7345c0cf8190" name="io.kaitai.struct.spec.TestExprSizeofType0" tests="1" failures="0" timestamp="27 Apr 2019 21:17:46 GMT" time="0.001" errors="0">
  <testcase name="testExprSizeofType0" time="0.001" classname="io.kaitai.struct.spec.TestExprSizeofType0"/>
</testsuite> <!-- io.kaitai.struct.spec.TestExprSizeofType0 -->
