<?xml version="1.0" encoding="UTF-8"?>
<!-- Generated by org.testng.reporters.JUnitReportReporter -->
<testsuite name="io.kaitai.struct.spec.TestDefaultEndianExprException" tests="1" failures="0" timestamp="5 Jul 2023 11:22:27 GMT" time="0.011" errors="0">
  <testcase name="testDefaultEndianExprException" time="0.011" classname="io.kaitai.struct.spec.TestDefaultEndianExprException"/>
</testsuite> <!-- io.kaitai.struct.spec.TestDefaultEndianExprException -->
