<?xml version="1.0" encoding="UTF-8"?>
<!-- Generated by org.testng.reporters.JUnitReportReporter -->
<testsuite hostname="localhost" name="io.kaitai.struct.spec.TestDebugArrayUser" tests="1" failures="0" timestamp="21 Dec 2019 01:35:38 GMT" time="0.001" errors="0">
  <testcase name="testDebugArrayUser" time="0.001" classname="io.kaitai.struct.spec.TestDebugArrayUser"/>
</testsuite> <!-- io.kaitai.struct.spec.TestDebugArrayUser -->
