<?xml version="1.0" encoding="UTF-8"?>
<!-- Generated by org.testng.reporters.JUnitReportReporter -->
<testsuite name="io.kaitai.struct.spec.TestNavParent" tests="1" failures="0" timestamp="15 Jul 2023 06:44:34 GMT" time="0.006" errors="0">
  <testcase name="testNavParent" time="0.006" classname="io.kaitai.struct.spec.TestNavParent"/>
</testsuite> <!-- io.kaitai.struct.spec.TestNavParent -->
