<?xml version="1.0" encoding="UTF-8"?>
<!-- Generated by org.testng.reporters.JUnitReportReporter -->
<testsuite failures="0" tests="1" name="io.kaitai.struct.spec.TestEnumToI" time="0.002" errors="0" timestamp="15 Oct 2023 23:51:07 GMT">
  <testcase classname="io.kaitai.struct.spec.TestEnumToI" name="testEnumToI" time="0.002"/>
</testsuite> <!-- io.kaitai.struct.spec.TestEnumToI -->
