<?xml version="1.0" encoding="UTF-8"?>
<!-- Generated by org.testng.reporters.JUnitReportReporter -->
<testsuite hostname="travis-job-83f94461-03ed-47f1-9d49-61903cce8ae6" name="io.kaitai.struct.spec.TestNestedSameName" tests="1" failures="0" timestamp="27 Apr 2019 17:18:58 GMT" time="0.020" errors="0">
  <testcase name="testNestedSameName" time="0.020" classname="io.kaitai.struct.spec.TestNestedSameName"/>
</testsuite> <!-- io.kaitai.struct.spec.TestNestedSameName -->
