<?xml version="1.0" encoding="UTF-8"?>
<!-- Generated by org.testng.reporters.JUnitReportReporter -->
<testsuite hostname="localhost" name="io.kaitai.struct.spec.TestParamsPassArrayInt" tests="1" failures="0" timestamp="16 May 2020 22:37:01 GMT" time="0.000" errors="0">
  <testcase name="testParamsPassArrayInt" time="0.000" classname="io.kaitai.struct.spec.TestParamsPassArrayInt"/>
</testsuite> <!-- io.kaitai.struct.spec.TestParamsPassArrayInt -->
