<?xml version="1.0" encoding="UTF-8"?>
<!-- Generated by org.testng.reporters.JUnitReportReporter -->
<testsuite hostname="fv-az1104-758" name="io.kaitai.struct.spec.TestBcdUserTypeLe" tests="1" failures="0" timestamp="30 Jun 2023 20:06:24 GMT" time="0.003" errors="0">
  <testcase name="testBcdUserTypeLe" time="0.003" classname="io.kaitai.struct.spec.TestBcdUserTypeLe"/>
</testsuite> <!-- io.kaitai.struct.spec.TestBcdUserTypeLe -->
