<?xml version="1.0" encoding="UTF-8"?>
<!-- Generated by org.testng.reporters.JUnitReportReporter -->
<testsuite hostname="travis-job-bdf7585a-a195-4ead-a096-ad719bff9e80" name="io.kaitai.struct.spec.TestValidNotParsedIf" tests="1" failures="0" timestamp="9 Dec 2019 19:39:27 GMT" time="0.041" errors="0">
  <testcase name="testValidNotParsedIf" time="0.041" classname="io.kaitai.struct.spec.TestValidNotParsedIf"/>
</testsuite> <!-- io.kaitai.struct.spec.TestValidNotParsedIf -->
