<?xml version="1.0" encoding="utf-8" standalone="no"?>
<test-run id="2" testcasecount="224" result="Failed" total="224" passed="223" failed="1" inconclusive="0" skipped="0" asserts="1023" engine-version="3.4.1.0" clr-version="4.0.30319.42000" start-time="2024-03-22 00:52:00Z" end-time="2024-03-22 00:52:02Z" duration="1.438272">
  <command-line><![CDATA[/home/runner/.nuget/packages/nunit.consolerunner/3.4.1/tools/nunit3-console.exe --result=test_out/csharp/TestResult.xml spec/csharp/kaitai_struct_csharp_tests_netframework/bin/Debug/kaitai_struct_csharp_tests.dll]]></command-line>
  <test-suite type="Assembly" id="0-1448" name="kaitai_struct_csharp_tests.dll" fullname="/home/runner/work/ci_targets/ci_targets/tests/spec/csharp/kaitai_struct_csharp_tests_netframework/bin/Debug/kaitai_struct_csharp_tests.dll" runstate="Runnable" testcasecount="224" result="Failed" site="Child" start-time="2024-03-22 00:52:00Z" end-time="2024-03-22 00:52:02Z" duration="1.360732" total="224" passed="223" failed="1" inconclusive="0" skipped="0" asserts="1023">
    <environment framework-version="3.4.1.0" clr-version="4.0.30319.42000" os-version="Unix 6.5.0.1016" platform="Unix" cwd="/home/runner/work/ci_targets/ci_targets/tests" machine-name="fv-az1146-984" user="runner" user-domain="fv-az1146-984" culture="" uiculture="" os-architecture="x64" />
    <settings>
      <setting name="WorkDirectory" value="/home/runner/work/ci_targets/ci_targets/tests" />
      <setting name="ImageRuntimeVersion" value="4.0.30319" />
      <setting name="ImageTargetFrameworkName" value=".NETFramework,Version=v4.8" />
      <setting name="ImageRequiresX86" value="False" />
      <setting name="ImageRequiresDefaultAppDomainAssemblyResolver" value="False" />
      <setting name="NumberOfTestWorkers" value="4" />
    </settings>
    <properties>
      <property name="_PID" value="2543" />
      <property name="_APPDOMAIN" value="test-domain-" />
    </properties>
    <failure>
      <message><![CDATA[One or more child tests had errors]]></message>
    </failure>
    <test-suite type="TestSuite" id="0-1449" name="Kaitai" fullname="Kaitai" runstate="Runnable" testcasecount="224" result="Failed" site="Child" start-time="2024-03-22 00:52:00Z" end-time="2024-03-22 00:52:02Z" duration="1.350025" total="224" passed="223" failed="1" inconclusive="0" skipped="0" asserts="1023">
      <failure>
        <message><![CDATA[One or more child tests had errors]]></message>
      </failure>
      <test-suite type="TestFixture" id="0-1000" name="SpecBcdUserTypeBe" fullname="Kaitai.SpecBcdUserTypeBe" classname="Kaitai.SpecBcdUserTypeBe" runstate="Runnable" testcasecount="1" result="Passed" start-time="2024-03-22 00:52:00Z" end-time="2024-03-22 00:52:00Z" duration="0.019530" total="1" passed="1" failed="0" inconclusive="0" skipped="0" asserts="6">
        <test-case id="0-1001" name="TestBcdUserTypeBe" fullname="Kaitai.SpecBcdUserTypeBe.TestBcdUserTypeBe" methodname="TestBcdUserTypeBe" classname="Kaitai.SpecBcdUserTypeBe" runstate="Runnable" seed="662513580" result="Passed" start-time="2024-03-22 00:52:00Z" end-time="2024-03-22 00:52:00Z" duration="0.012531" asserts="6" />
      </test-suite>
      <test-suite type="TestFixture" id="0-1002" name="SpecBcdUserTypeLe" fullname="Kaitai.SpecBcdUserTypeLe" classname="Kaitai.SpecBcdUserTypeLe" runstate="Runnable" testcasecount="1" result="Passed" start-time="2024-03-22 00:52:00Z" end-time="2024-03-22 00:52:00Z" duration="0.004791" total="1" passed="1" failed="0" inconclusive="0" skipped="0" asserts="6">
        <test-case id="0-1003" name="TestBcdUserTypeLe" fullname="Kaitai.SpecBcdUserTypeLe.TestBcdUserTypeLe" methodname="TestBcdUserTypeLe" classname="Kaitai.SpecBcdUserTypeLe" runstate="Runnable" seed="1277037077" result="Passed" start-time="2024-03-22 00:52:00Z" end-time="2024-03-22 00:52:00Z" duration="0.002352" asserts="6" />
      </test-suite>
      <test-suite type="TestFixture" id="0-1004" name="SpecBitsByteAligned" fullname="Kaitai.SpecBitsByteAligned" classname="Kaitai.SpecBitsByteAligned" runstate="Runnable" testcasecount="1" result="Passed" start-time="2024-03-22 00:52:00Z" end-time="2024-03-22 00:52:00Z" duration="0.006141" total="1" passed="1" failed="0" inconclusive="0" skipped="0" asserts="9">
        <test-case id="0-1005" name="TestBitsByteAligned" fullname="Kaitai.SpecBitsByteAligned.TestBitsByteAligned" methodname="TestBitsByteAligned" classname="Kaitai.SpecBitsByteAligned" runstate="Runnable" seed="1200451955" result="Passed" start-time="2024-03-22 00:52:00Z" end-time="2024-03-22 00:52:00Z" duration="0.003716" asserts="9" />
      </test-suite>
      <test-suite type="TestFixture" id="0-1006" name="SpecBitsEnum" fullname="Kaitai.SpecBitsEnum" classname="Kaitai.SpecBitsEnum" runstate="Runnable" testcasecount="1" result="Passed" start-time="2024-03-22 00:52:00Z" end-time="2024-03-22 00:52:00Z" duration="0.003047" total="1" passed="1" failed="0" inconclusive="0" skipped="0" asserts="3">
        <test-case id="0-1007" name="TestBitsEnum" fullname="Kaitai.SpecBitsEnum.TestBitsEnum" methodname="TestBitsEnum" classname="Kaitai.SpecBitsEnum" runstate="Runnable" seed="161664349" result="Passed" start-time="2024-03-22 00:52:00Z" end-time="2024-03-22 00:52:00Z" duration="0.000694" asserts="3" />
      </test-suite>
      <test-suite type="TestFixture" id="0-1008" name="SpecBitsSeqEndianCombo" fullname="Kaitai.SpecBitsSeqEndianCombo" classname="Kaitai.SpecBitsSeqEndianCombo" runstate="Runnable" testcasecount="1" result="Passed" start-time="2024-03-22 00:52:00Z" end-time="2024-03-22 00:52:00Z" duration="0.002987" total="1" passed="1" failed="0" inconclusive="0" skipped="0" asserts="8">
        <test-case id="0-1009" name="TestBitsSeqEndianCombo" fullname="Kaitai.SpecBitsSeqEndianCombo.TestBitsSeqEndianCombo" methodname="TestBitsSeqEndianCombo" classname="Kaitai.SpecBitsSeqEndianCombo" runstate="Runnable" seed="774435158" result="Passed" start-time="2024-03-22 00:52:00Z" end-time="2024-03-22 00:52:00Z" duration="0.000585" asserts="8" />
      </test-suite>
      <test-suite type="TestFixture" id="0-1010" name="SpecBitsShiftByB32Le" fullname="Kaitai.SpecBitsShiftByB32Le" classname="Kaitai.SpecBitsShiftByB32Le" runstate="Runnable" testcasecount="1" result="Passed" start-time="2024-03-22 00:52:00Z" end-time="2024-03-22 00:52:00Z" duration="0.002705" total="1" passed="1" failed="0" inconclusive="0" skipped="0" asserts="2">
        <test-case id="0-1011" name="TestBitsShiftByB32Le" fullname="Kaitai.SpecBitsShiftByB32Le.TestBitsShiftByB32Le" methodname="TestBitsShiftByB32Le" classname="Kaitai.SpecBitsShiftByB32Le" runstate="Runnable" seed="141842731" result="Passed" start-time="2024-03-22 00:52:00Z" end-time="2024-03-22 00:52:00Z" duration="0.000353" asserts="2" />
      </test-suite>
      <test-suite type="TestFixture" id="0-1012" name="SpecBitsShiftByB64Le" fullname="Kaitai.SpecBitsShiftByB64Le" classname="Kaitai.SpecBitsShiftByB64Le" runstate="Runnable" testcasecount="1" result="Passed" start-time="2024-03-22 00:52:00Z" end-time="2024-03-22 00:52:00Z" duration="0.002650" total="1" passed="1" failed="0" inconclusive="0" skipped="0" asserts="2">
        <test-case id="0-1013" name="TestBitsShiftByB64Le" fullname="Kaitai.SpecBitsShiftByB64Le.TestBitsShiftByB64Le" methodname="TestBitsShiftByB64Le" classname="Kaitai.SpecBitsShiftByB64Le" runstate="Runnable" seed="1593312558" result="Passed" start-time="2024-03-22 00:52:00Z" end-time="2024-03-22 00:52:00Z" duration="0.000301" asserts="2" />
      </test-suite>
      <test-suite type="TestFixture" id="0-1014" name="SpecBitsSignedResB32Be" fullname="Kaitai.SpecBitsSignedResB32Be" classname="Kaitai.SpecBitsSignedResB32Be" runstate="Runnable" testcasecount="1" result="Passed" start-time="2024-03-22 00:52:00Z" end-time="2024-03-22 00:52:00Z" duration="0.002611" total="1" passed="1" failed="0" inconclusive="0" skipped="0" asserts="1">
        <test-case id="0-1015" name="TestBitsSignedResB32Be" fullname="Kaitai.SpecBitsSignedResB32Be.TestBitsSignedResB32Be" methodname="TestBitsSignedResB32Be" classname="Kaitai.SpecBitsSignedResB32Be" runstate="Runnable" seed="1215251467" result="Passed" start-time="2024-03-22 00:52:00Z" end-time="2024-03-22 00:52:00Z" duration="0.000271" asserts="1" />
      </test-suite>
      <test-suite type="TestFixture" id="0-1016" name="SpecBitsSignedResB32Le" fullname="Kaitai.SpecBitsSignedResB32Le" classname="Kaitai.SpecBitsSignedResB32Le" runstate="Runnable" testcasecount="1" result="Passed" start-time="2024-03-22 00:52:00Z" end-time="2024-03-22 00:52:00Z" duration="0.002623" total="1" passed="1" failed="0" inconclusive="0" skipped="0" asserts="1">
        <test-case id="0-1017" name="TestBitsSignedResB32Le" fullname="Kaitai.SpecBitsSignedResB32Le.TestBitsSignedResB32Le" methodname="TestBitsSignedResB32Le" classname="Kaitai.SpecBitsSignedResB32Le" runstate="Runnable" seed="160469612" result="Passed" start-time="2024-03-22 00:52:00Z" end-time="2024-03-22 00:52:00Z" duration="0.000275" asserts="1" />
      </test-suite>
      <test-suite type="TestFixture" id="0-1018" name="SpecBitsSignedShiftB32Le" fullname="Kaitai.SpecBitsSignedShiftB32Le" classname="Kaitai.SpecBitsSignedShiftB32Le" runstate="Runnable" testcasecount="1" result="Passed" start-time="2024-03-22 00:52:00Z" end-time="2024-03-22 00:52:00Z" duration="0.002657" total="1" passed="1" failed="0" inconclusive="0" skipped="0" asserts="2">
        <test-case id="0-1019" name="TestBitsSignedShiftB32Le" fullname="Kaitai.SpecBitsSignedShiftB32Le.TestBitsSignedShiftB32Le" methodname="TestBitsSignedShiftB32Le" classname="Kaitai.SpecBitsSignedShiftB32Le" runstate="Runnable" seed="19604179" result="Passed" start-time="2024-03-22 00:52:00Z" end-time="2024-03-22 00:52:00Z" duration="0.000297" asserts="2" />
      </test-suite>
      <test-suite type="TestFixture" id="0-1020" name="SpecBitsSignedShiftB64Le" fullname="Kaitai.SpecBitsSignedShiftB64Le" classname="Kaitai.SpecBitsSignedShiftB64Le" runstate="Runnable" testcasecount="1" result="Passed" start-time="2024-03-22 00:52:00Z" end-time="2024-03-22 00:52:00Z" duration="0.002652" total="1" passed="1" failed="0" inconclusive="0" skipped="0" asserts="2">
        <test-case id="0-1021" name="TestBitsSignedShiftB64Le" fullname="Kaitai.SpecBitsSignedShiftB64Le.TestBitsSignedShiftB64Le" methodname="TestBitsSignedShiftB64Le" classname="Kaitai.SpecBitsSignedShiftB64Le" runstate="Runnable" seed="675448162" result="Passed" start-time="2024-03-22 00:52:00Z" end-time="2024-03-22 00:52:00Z" duration="0.000295" asserts="2" />
      </test-suite>
      <test-suite type="TestFixture" id="0-1022" name="SpecBitsSimple" fullname="Kaitai.SpecBitsSimple" classname="Kaitai.SpecBitsSimple" runstate="Runnable" testcasecount="1" result="Passed" start-time="2024-03-22 00:52:00Z" end-time="2024-03-22 00:52:00Z" duration="0.003838" total="1" passed="1" failed="0" inconclusive="0" skipped="0" asserts="14">
        <test-case id="0-1023" name="TestBitsSimple" fullname="Kaitai.SpecBitsSimple.TestBitsSimple" methodname="TestBitsSimple" classname="Kaitai.SpecBitsSimple" runstate="Runnable" seed="54576739" result="Passed" start-time="2024-03-22 00:52:00Z" end-time="2024-03-22 00:52:00Z" duration="0.001501" asserts="14" />
      </test-suite>
      <test-suite type="TestFixture" id="0-1024" name="SpecBitsSimpleLe" fullname="Kaitai.SpecBitsSimpleLe" classname="Kaitai.SpecBitsSimpleLe" runstate="Runnable" testcasecount="1" result="Passed" start-time="2024-03-22 00:52:00Z" end-time="2024-03-22 00:52:00Z" duration="0.003075" total="1" passed="1" failed="0" inconclusive="0" skipped="0" asserts="14">
        <test-case id="0-1025" name="TestBitsSimpleLe" fullname="Kaitai.SpecBitsSimpleLe.TestBitsSimpleLe" methodname="TestBitsSimpleLe" classname="Kaitai.SpecBitsSimpleLe" runstate="Runnable" seed="197661556" result="Passed" start-time="2024-03-22 00:52:00Z" end-time="2024-03-22 00:52:00Z" duration="0.000726" asserts="14" />
      </test-suite>
      <test-suite type="TestFixture" id="0-1026" name="SpecBitsUnalignedB32Be" fullname="Kaitai.SpecBitsUnalignedB32Be" classname="Kaitai.SpecBitsUnalignedB32Be" runstate="Runnable" testcasecount="1" result="Passed" start-time="2024-03-22 00:52:00Z" end-time="2024-03-22 00:52:00Z" duration="0.002693" total="1" passed="1" failed="0" inconclusive="0" skipped="0" asserts="3">
        <test-case id="0-1027" name="TestBitsUnalignedB32Be" fullname="Kaitai.SpecBitsUnalignedB32Be.TestBitsUnalignedB32Be" methodname="TestBitsUnalignedB32Be" classname="Kaitai.SpecBitsUnalignedB32Be" runstate="Runnable" seed="378092929" result="Passed" start-time="2024-03-22 00:52:00Z" end-time="2024-03-22 00:52:00Z" duration="0.000352" asserts="3" />
      </test-suite>
      <test-suite type="TestFixture" id="0-1028" name="SpecBitsUnalignedB32Le" fullname="Kaitai.SpecBitsUnalignedB32Le" classname="Kaitai.SpecBitsUnalignedB32Le" runstate="Runnable" testcasecount="1" result="Passed" start-time="2024-03-22 00:52:00Z" end-time="2024-03-22 00:52:00Z" duration="0.002676" total="1" passed="1" failed="0" inconclusive="0" skipped="0" asserts="3">
        <test-case id="0-1029" name="TestBitsUnalignedB32Le" fullname="Kaitai.SpecBitsUnalignedB32Le.TestBitsUnalignedB32Le" methodname="TestBitsUnalignedB32Le" classname="Kaitai.SpecBitsUnalignedB32Le" runstate="Runnable" seed="1103332237" result="Passed" start-time="2024-03-22 00:52:00Z" end-time="2024-03-22 00:52:00Z" duration="0.000339" asserts="3" />
      </test-suite>
      <test-suite type="TestFixture" id="0-1030" name="SpecBitsUnalignedB64Be" fullname="Kaitai.SpecBitsUnalignedB64Be" classname="Kaitai.SpecBitsUnalignedB64Be" runstate="Runnable" testcasecount="1" result="Passed" start-time="2024-03-22 00:52:00Z" end-time="2024-03-22 00:52:00Z" duration="0.002678" total="1" passed="1" failed="0" inconclusive="0" skipped="0" asserts="3">
        <test-case id="0-1031" name="TestBitsUnalignedB64Be" fullname="Kaitai.SpecBitsUnalignedB64Be.TestBitsUnalignedB64Be" methodname="TestBitsUnalignedB64Be" classname="Kaitai.SpecBitsUnalignedB64Be" runstate="Runnable" seed="1632223163" result="Passed" start-time="2024-03-22 00:52:00Z" end-time="2024-03-22 00:52:00Z" duration="0.000341" asserts="3" />
      </test-suite>
      <test-suite type="TestFixture" id="0-1032" name="SpecBitsUnalignedB64Le" fullname="Kaitai.SpecBitsUnalignedB64Le" classname="Kaitai.SpecBitsUnalignedB64Le" runstate="Runnable" testcasecount="1" result="Passed" start-time="2024-03-22 00:52:00Z" end-time="2024-03-22 00:52:00Z" duration="0.003662" total="1" passed="1" failed="0" inconclusive="0" skipped="0" asserts="3">
        <test-case id="0-1033" name="TestBitsUnalignedB64Le" fullname="Kaitai.SpecBitsUnalignedB64Le.TestBitsUnalignedB64Le" methodname="TestBitsUnalignedB64Le" classname="Kaitai.SpecBitsUnalignedB64Le" runstate="Runnable" seed="990730586" result="Passed" start-time="2024-03-22 00:52:00Z" end-time="2024-03-22 00:52:00Z" duration="0.000506" asserts="3" />
      </test-suite>
      <test-suite type="TestFixture" id="0-1034" name="SpecBufferedStruct" fullname="Kaitai.SpecBufferedStruct" classname="Kaitai.SpecBufferedStruct" runstate="Runnable" testcasecount="1" result="Passed" start-time="2024-03-22 00:52:00Z" end-time="2024-03-22 00:52:00Z" duration="0.003393" total="1" passed="1" failed="0" inconclusive="0" skipped="0" asserts="7">
        <test-case id="0-1035" name="TestBufferedStruct" fullname="Kaitai.SpecBufferedStruct.TestBufferedStruct" methodname="TestBufferedStruct" classname="Kaitai.SpecBufferedStruct" runstate="Runnable" seed="437761453" result="Passed" start-time="2024-03-22 00:52:00Z" end-time="2024-03-22 00:52:00Z" duration="0.001035" asserts="7" />
      </test-suite>
      <test-suite type="TestFixture" id="0-1036" name="SpecBytesPadTerm" fullname="Kaitai.SpecBytesPadTerm" classname="Kaitai.SpecBytesPadTerm" runstate="Runnable" testcasecount="1" result="Passed" start-time="2024-03-22 00:52:00Z" end-time="2024-03-22 00:52:00Z" duration="0.002891" total="1" passed="1" failed="0" inconclusive="0" skipped="0" asserts="4">
        <test-case id="0-1037" name="TestBytesPadTerm" fullname="Kaitai.SpecBytesPadTerm.TestBytesPadTerm" methodname="TestBytesPadTerm" classname="Kaitai.SpecBytesPadTerm" runstate="Runnable" seed="304928442" result="Passed" start-time="2024-03-22 00:52:00Z" end-time="2024-03-22 00:52:00Z" duration="0.000569" asserts="4" />
      </test-suite>
      <test-suite type="TestFixture" id="0-1038" name="SpecCastNested" fullname="Kaitai.SpecCastNested" classname="Kaitai.SpecCastNested" runstate="Runnable" testcasecount="1" result="Passed" start-time="2024-03-22 00:52:00Z" end-time="2024-03-22 00:52:00Z" duration="0.017630" total="1" passed="1" failed="0" inconclusive="0" skipped="0" asserts="4">
        <test-case id="0-1039" name="TestCastNested" fullname="Kaitai.SpecCastNested.TestCastNested" methodname="TestCastNested" classname="Kaitai.SpecCastNested" runstate="Runnable" seed="1911341128" result="Passed" start-time="2024-03-22 00:52:00Z" end-time="2024-03-22 00:52:00Z" duration="0.015308" asserts="4" />
      </test-suite>
      <test-suite type="TestFixture" id="0-1040" name="SpecCastToImported" fullname="Kaitai.SpecCastToImported" classname="Kaitai.SpecCastToImported" runstate="Runnable" testcasecount="1" result="Passed" start-time="2024-03-22 00:52:00Z" end-time="2024-03-22 00:52:00Z" duration="0.002761" total="1" passed="1" failed="0" inconclusive="0" skipped="0" asserts="2">
        <test-case id="0-1041" name="TestCastToImported" fullname="Kaitai.SpecCastToImported.TestCastToImported" methodname="TestCastToImported" classname="Kaitai.SpecCastToImported" runstate="Runnable" seed="1867899561" result="Passed" start-time="2024-03-22 00:52:00Z" end-time="2024-03-22 00:52:00Z" duration="0.000432" asserts="2" />
      </test-suite>
      <test-suite type="TestFixture" id="0-1042" name="SpecCastToTop" fullname="Kaitai.SpecCastToTop" classname="Kaitai.SpecCastToTop" runstate="Runnable" testcasecount="1" result="Passed" start-time="2024-03-22 00:52:00Z" end-time="2024-03-22 00:52:00Z" duration="0.003063" total="1" passed="1" failed="0" inconclusive="0" skipped="0" asserts="3">
        <test-case id="0-1043" name="TestCastToTop" fullname="Kaitai.SpecCastToTop.TestCastToTop" methodname="TestCastToTop" classname="Kaitai.SpecCastToTop" runstate="Runnable" seed="1719648823" result="Passed" start-time="2024-03-22 00:52:00Z" end-time="2024-03-22 00:52:00Z" duration="0.000739" asserts="3" />
      </test-suite>
      <test-suite type="TestFixture" id="0-1044" name="SpecCombineBool" fullname="Kaitai.SpecCombineBool" classname="Kaitai.SpecCombineBool" runstate="Runnable" testcasecount="1" result="Passed" start-time="2024-03-22 00:52:00Z" end-time="2024-03-22 00:52:00Z" duration="0.002703" total="1" passed="1" failed="0" inconclusive="0" skipped="0" asserts="2">
        <test-case id="0-1045" name="TestCombineBool" fullname="Kaitai.SpecCombineBool.TestCombineBool" methodname="TestCombineBool" classname="Kaitai.SpecCombineBool" runstate="Runnable" seed="1624104161" result="Passed" start-time="2024-03-22 00:52:00Z" end-time="2024-03-22 00:52:00Z" duration="0.000380" asserts="2" />
      </test-suite>
      <test-suite type="TestFixture" id="0-1046" name="SpecCombineBytes" fullname="Kaitai.SpecCombineBytes" classname="Kaitai.SpecCombineBytes" runstate="Runnable" testcasecount="1" result="Passed" start-time="2024-03-22 00:52:00Z" end-time="2024-03-22 00:52:00Z" duration="0.003063" total="1" passed="1" failed="0" inconclusive="0" skipped="0" asserts="10">
        <test-case id="0-1047" name="TestCombineBytes" fullname="Kaitai.SpecCombineBytes.TestCombineBytes" methodname="TestCombineBytes" classname="Kaitai.SpecCombineBytes" runstate="Runnable" seed="1820792448" result="Passed" start-time="2024-03-22 00:52:00Z" end-time="2024-03-22 00:52:00Z" duration="0.000740" asserts="10" />
      </test-suite>
      <test-suite type="TestFixture" id="0-1048" name="SpecCombineEnum" fullname="Kaitai.SpecCombineEnum" classname="Kaitai.SpecCombineEnum" runstate="Runnable" testcasecount="1" result="Passed" start-time="2024-03-22 00:52:00Z" end-time="2024-03-22 00:52:00Z" duration="0.002761" total="1" passed="1" failed="0" inconclusive="0" skipped="0" asserts="3">
        <test-case id="0-1049" name="TestCombineEnum" fullname="Kaitai.SpecCombineEnum.TestCombineEnum" methodname="TestCombineEnum" classname="Kaitai.SpecCombineEnum" runstate="Runnable" seed="858560573" result="Passed" start-time="2024-03-22 00:52:00Z" end-time="2024-03-22 00:52:00Z" duration="0.000437" asserts="3" />
      </test-suite>
      <test-suite type="TestFixture" id="0-1050" name="SpecCombineStr" fullname="Kaitai.SpecCombineStr" classname="Kaitai.SpecCombineStr" runstate="Runnable" testcasecount="1" result="Passed" start-time="2024-03-22 00:52:00Z" end-time="2024-03-22 00:52:00Z" duration="0.003162" total="1" passed="1" failed="0" inconclusive="0" skipped="0" asserts="15">
        <test-case id="0-1051" name="TestCombineStr" fullname="Kaitai.SpecCombineStr.TestCombineStr" methodname="TestCombineStr" classname="Kaitai.SpecCombineStr" runstate="Runnable" seed="2066906464" result="Passed" start-time="2024-03-22 00:52:00Z" end-time="2024-03-22 00:52:00Z" duration="0.000840" asserts="15" />
      </test-suite>
      <test-suite type="TestFixture" id="0-1052" name="SpecDebug0" fullname="Kaitai.SpecDebug0" classname="Kaitai.SpecDebug0" runstate="Runnable" testcasecount="1" result="Passed" start-time="2024-03-22 00:52:00Z" end-time="2024-03-22 00:52:00Z" duration="0.002352" total="1" passed="1" failed="0" inconclusive="0" skipped="0" asserts="0">
        <test-case id="0-1053" name="TestDebug0" fullname="Kaitai.SpecDebug0.TestDebug0" methodname="TestDebug0" classname="Kaitai.SpecDebug0" runstate="Runnable" seed="529543886" result="Passed" start-time="2024-03-22 00:52:00Z" end-time="2024-03-22 00:52:00Z" duration="0.000044" asserts="0" />
      </test-suite>
      <test-suite type="TestFixture" id="0-1054" name="SpecDebugArrayUser" fullname="Kaitai.SpecDebugArrayUser" classname="Kaitai.SpecDebugArrayUser" runstate="Runnable" testcasecount="1" result="Passed" start-time="2024-03-22 00:52:00Z" end-time="2024-03-22 00:52:00Z" duration="0.003000" total="1" passed="1" failed="0" inconclusive="0" skipped="0" asserts="4">
        <test-case id="0-1055" name="TestDebugArrayUser" fullname="Kaitai.SpecDebugArrayUser.TestDebugArrayUser" methodname="TestDebugArrayUser" classname="Kaitai.SpecDebugArrayUser" runstate="Runnable" seed="325244400" result="Passed" start-time="2024-03-22 00:52:00Z" end-time="2024-03-22 00:52:00Z" duration="0.000687" asserts="4" />
      </test-suite>
      <test-suite type="TestFixture" id="0-1056" name="SpecDebugEnumName" fullname="Kaitai.SpecDebugEnumName" classname="Kaitai.SpecDebugEnumName" runstate="Runnable" testcasecount="1" result="Passed" start-time="2024-03-22 00:52:00Z" end-time="2024-03-22 00:52:00Z" duration="0.002355" total="1" passed="1" failed="0" inconclusive="0" skipped="0" asserts="0">
        <test-case id="0-1057" name="TestDebugEnumName" fullname="Kaitai.SpecDebugEnumName.TestDebugEnumName" methodname="TestDebugEnumName" classname="Kaitai.SpecDebugEnumName" runstate="Runnable" seed="444292262" result="Passed" start-time="2024-03-22 00:52:00Z" end-time="2024-03-22 00:52:00Z" duration="0.000043" asserts="0" />
      </test-suite>
      <test-suite type="TestFixture" id="0-1058" name="SpecDebugSwitchUser" fullname="Kaitai.SpecDebugSwitchUser" classname="Kaitai.SpecDebugSwitchUser" runstate="Runnable" testcasecount="1" result="Passed" start-time="2024-03-22 00:52:00Z" end-time="2024-03-22 00:52:00Z" duration="0.002793" total="1" passed="1" failed="0" inconclusive="0" skipped="0" asserts="2">
        <test-case id="0-1059" name="TestDebugSwitchUser" fullname="Kaitai.SpecDebugSwitchUser.TestDebugSwitchUser" methodname="TestDebugSwitchUser" classname="Kaitai.SpecDebugSwitchUser" runstate="Runnable" seed="1410732816" result="Passed" start-time="2024-03-22 00:52:00Z" end-time="2024-03-22 00:52:00Z" duration="0.000475" asserts="2" />
      </test-suite>
      <test-suite type="TestFixture" id="0-1060" name="SpecDefaultBigEndian" fullname="Kaitai.SpecDefaultBigEndian" classname="Kaitai.SpecDefaultBigEndian" runstate="Runnable" testcasecount="1" result="Passed" start-time="2024-03-22 00:52:00Z" end-time="2024-03-22 00:52:00Z" duration="0.002625" total="1" passed="1" failed="0" inconclusive="0" skipped="0" asserts="1">
        <test-case id="0-1061" name="TestDefaultBigEndian" fullname="Kaitai.SpecDefaultBigEndian.TestDefaultBigEndian" methodname="TestDefaultBigEndian" classname="Kaitai.SpecDefaultBigEndian" runstate="Runnable" seed="537529059" result="Passed" start-time="2024-03-22 00:52:00Z" end-time="2024-03-22 00:52:00Z" duration="0.000307" asserts="1" />
      </test-suite>
      <test-suite type="TestFixture" id="0-1062" name="SpecDefaultBitEndianMod" fullname="Kaitai.SpecDefaultBitEndianMod" classname="Kaitai.SpecDefaultBitEndianMod" runstate="Runnable" testcasecount="1" result="Passed" start-time="2024-03-22 00:52:00Z" end-time="2024-03-22 00:52:00Z" duration="0.002874" total="1" passed="1" failed="0" inconclusive="0" skipped="0" asserts="4">
        <test-case id="0-1063" name="TestDefaultBitEndianMod" fullname="Kaitai.SpecDefaultBitEndianMod.TestDefaultBitEndianMod" methodname="TestDefaultBitEndianMod" classname="Kaitai.SpecDefaultBitEndianMod" runstate="Runnable" seed="986423107" result="Passed" start-time="2024-03-22 00:52:00Z" end-time="2024-03-22 00:52:00Z" duration="0.000537" asserts="4" />
      </test-suite>
      <test-suite type="TestFixture" id="0-1064" name="SpecDefaultEndianExprException" fullname="Kaitai.SpecDefaultEndianExprException" classname="Kaitai.SpecDefaultEndianExprException" runstate="Runnable" testcasecount="1" result="Passed" start-time="2024-03-22 00:52:00Z" end-time="2024-03-22 00:52:00Z" duration="0.005401" total="1" passed="1" failed="0" inconclusive="0" skipped="0" asserts="1">
        <test-case id="0-1065" name="TestDefaultEndianExprException" fullname="Kaitai.SpecDefaultEndianExprException.TestDefaultEndianExprException" methodname="TestDefaultEndianExprException" classname="Kaitai.SpecDefaultEndianExprException" runstate="Runnable" seed="677705984" result="Passed" start-time="2024-03-22 00:52:00Z" end-time="2024-03-22 00:52:00Z" duration="0.003069" asserts="1" />
      </test-suite>
      <test-suite type="TestFixture" id="0-1066" name="SpecDefaultEndianExprInherited" fullname="Kaitai.SpecDefaultEndianExprInherited" classname="Kaitai.SpecDefaultEndianExprInherited" runstate="Runnable" testcasecount="1" result="Passed" start-time="2024-03-22 00:52:00Z" end-time="2024-03-22 00:52:00Z" duration="0.004398" total="1" passed="1" failed="0" inconclusive="0" skipped="0" asserts="15">
        <test-case id="0-1067" name="TestDefaultEndianExprInherited" fullname="Kaitai.SpecDefaultEndianExprInherited.TestDefaultEndianExprInherited" methodname="TestDefaultEndianExprInherited" classname="Kaitai.SpecDefaultEndianExprInherited" runstate="Runnable" seed="1035519138" result="Passed" start-time="2024-03-22 00:52:00Z" end-time="2024-03-22 00:52:00Z" duration="0.002068" asserts="15" />
      </test-suite>
      <test-suite type="TestFixture" id="0-1068" name="SpecDefaultEndianExprIsBe" fullname="Kaitai.SpecDefaultEndianExprIsBe" classname="Kaitai.SpecDefaultEndianExprIsBe" runstate="Runnable" testcasecount="1" result="Passed" start-time="2024-03-22 00:52:00Z" end-time="2024-03-22 00:52:00Z" duration="0.004317" total="1" passed="1" failed="0" inconclusive="0" skipped="0" asserts="18">
        <test-case id="0-1069" name="TestDefaultEndianExprIsBe" fullname="Kaitai.SpecDefaultEndianExprIsBe.TestDefaultEndianExprIsBe" methodname="TestDefaultEndianExprIsBe" classname="Kaitai.SpecDefaultEndianExprIsBe" runstate="Runnable" seed="2094602549" result="Passed" start-time="2024-03-22 00:52:00Z" end-time="2024-03-22 00:52:00Z" duration="0.001990" asserts="18" />
      </test-suite>
      <test-suite type="TestFixture" id="0-1070" name="SpecDefaultEndianExprIsLe" fullname="Kaitai.SpecDefaultEndianExprIsLe" classname="Kaitai.SpecDefaultEndianExprIsLe" runstate="Runnable" testcasecount="1" result="Passed" start-time="2024-03-22 00:52:00Z" end-time="2024-03-22 00:52:00Z" duration="0.004081" total="1" passed="1" failed="0" inconclusive="0" skipped="0" asserts="12">
        <test-case id="0-1071" name="TestDefaultEndianExprIsLe" fullname="Kaitai.SpecDefaultEndianExprIsLe.TestDefaultEndianExprIsLe" methodname="TestDefaultEndianExprIsLe" classname="Kaitai.SpecDefaultEndianExprIsLe" runstate="Runnable" seed="1567291176" result="Passed" start-time="2024-03-22 00:52:00Z" end-time="2024-03-22 00:52:00Z" duration="0.001759" asserts="12" />
      </test-suite>
      <test-suite type="TestFixture" id="0-1072" name="SpecDefaultEndianMod" fullname="Kaitai.SpecDefaultEndianMod" classname="Kaitai.SpecDefaultEndianMod" runstate="Runnable" testcasecount="1" result="Passed" start-time="2024-03-22 00:52:00Z" end-time="2024-03-22 00:52:00Z" duration="0.002944" total="1" passed="1" failed="0" inconclusive="0" skipped="0" asserts="3">
        <test-case id="0-1073" name="TestDefaultEndianMod" fullname="Kaitai.SpecDefaultEndianMod.TestDefaultEndianMod" methodname="TestDefaultEndianMod" classname="Kaitai.SpecDefaultEndianMod" runstate="Runnable" seed="1001818741" result="Passed" start-time="2024-03-22 00:52:00Z" end-time="2024-03-22 00:52:00Z" duration="0.000624" asserts="3" />
      </test-suite>
      <test-suite type="TestFixture" id="0-1074" name="SpecDocstrings" fullname="Kaitai.SpecDocstrings" classname="Kaitai.SpecDocstrings" runstate="Runnable" testcasecount="1" result="Passed" start-time="2024-03-22 00:52:00Z" end-time="2024-03-22 00:52:00Z" duration="0.002563" total="1" passed="1" failed="0" inconclusive="0" skipped="0" asserts="0">
        <test-case id="0-1075" name="TestDocstrings" fullname="Kaitai.SpecDocstrings.TestDocstrings" methodname="TestDocstrings" classname="Kaitai.SpecDocstrings" runstate="Runnable" seed="581055020" result="Passed" start-time="2024-03-22 00:52:00Z" end-time="2024-03-22 00:52:00Z" duration="0.000249" asserts="0" />
      </test-suite>
      <test-suite type="TestFixture" id="0-1076" name="SpecDocstringsDocref" fullname="Kaitai.SpecDocstringsDocref" classname="Kaitai.SpecDocstringsDocref" runstate="Runnable" testcasecount="1" result="Passed" start-time="2024-03-22 00:52:00Z" end-time="2024-03-22 00:52:00Z" duration="0.002586" total="1" passed="1" failed="0" inconclusive="0" skipped="0" asserts="0">
        <test-case id="0-1077" name="TestDocstringsDocref" fullname="Kaitai.SpecDocstringsDocref.TestDocstringsDocref" methodname="TestDocstringsDocref" classname="Kaitai.SpecDocstringsDocref" runstate="Runnable" seed="938316112" result="Passed" start-time="2024-03-22 00:52:00Z" end-time="2024-03-22 00:52:00Z" duration="0.000248" asserts="0" />
      </test-suite>
      <test-suite type="TestFixture" id="0-1078" name="SpecDocstringsDocrefMulti" fullname="Kaitai.SpecDocstringsDocrefMulti" classname="Kaitai.SpecDocstringsDocrefMulti" runstate="Runnable" testcasecount="1" result="Passed" start-time="2024-03-22 00:52:00Z" end-time="2024-03-22 00:52:00Z" duration="0.002520" total="1" passed="1" failed="0" inconclusive="0" skipped="0" asserts="0">
        <test-case id="0-1079" name="TestDocstringsDocrefMulti" fullname="Kaitai.SpecDocstringsDocrefMulti.TestDocstringsDocrefMulti" methodname="TestDocstringsDocrefMulti" classname="Kaitai.SpecDocstringsDocrefMulti" runstate="Runnable" seed="2055107889" result="Passed" start-time="2024-03-22 00:52:00Z" end-time="2024-03-22 00:52:00Z" duration="0.000199" asserts="0" />
      </test-suite>
      <test-suite type="TestFixture" id="0-1080" name="SpecEnum0" fullname="Kaitai.SpecEnum0" classname="Kaitai.SpecEnum0" runstate="Runnable" testcasecount="1" result="Passed" start-time="2024-03-22 00:52:00Z" end-time="2024-03-22 00:52:00Z" duration="0.002627" total="1" passed="1" failed="0" inconclusive="0" skipped="0" asserts="2">
        <test-case id="0-1081" name="TestEnum0" fullname="Kaitai.SpecEnum0.TestEnum0" methodname="TestEnum0" classname="Kaitai.SpecEnum0" runstate="Runnable" seed="480198187" result="Passed" start-time="2024-03-22 00:52:00Z" end-time="2024-03-22 00:52:00Z" duration="0.000313" asserts="2" />
      </test-suite>
      <test-suite type="TestFixture" id="0-1082" name="SpecEnum1" fullname="Kaitai.SpecEnum1" classname="Kaitai.SpecEnum1" runstate="Runnable" testcasecount="1" result="Passed" start-time="2024-03-22 00:52:00Z" end-time="2024-03-22 00:52:00Z" duration="0.002785" total="1" passed="1" failed="0" inconclusive="0" skipped="0" asserts="2">
        <test-case id="0-1083" name="TestEnum1" fullname="Kaitai.SpecEnum1.TestEnum1" methodname="TestEnum1" classname="Kaitai.SpecEnum1" runstate="Runnable" seed="938845864" result="Passed" start-time="2024-03-22 00:52:00Z" end-time="2024-03-22 00:52:00Z" duration="0.000462" asserts="2" />
      </test-suite>
      <test-suite type="TestFixture" id="0-1084" name="SpecEnumDeep" fullname="Kaitai.SpecEnumDeep" classname="Kaitai.SpecEnumDeep" runstate="Runnable" testcasecount="1" result="Passed" start-time="2024-03-22 00:52:00Z" end-time="2024-03-22 00:52:00Z" duration="0.002627" total="1" passed="1" failed="0" inconclusive="0" skipped="0" asserts="2">
        <test-case id="0-1085" name="TestEnumDeep" fullname="Kaitai.SpecEnumDeep.TestEnumDeep" methodname="TestEnumDeep" classname="Kaitai.SpecEnumDeep" runstate="Runnable" seed="916151651" result="Passed" start-time="2024-03-22 00:52:00Z" end-time="2024-03-22 00:52:00Z" duration="0.000310" asserts="2" />
      </test-suite>
      <test-suite type="TestFixture" id="0-1086" name="SpecEnumDeepLiterals" fullname="Kaitai.SpecEnumDeepLiterals" classname="Kaitai.SpecEnumDeepLiterals" runstate="Runnable" testcasecount="1" result="Passed" start-time="2024-03-22 00:52:00Z" end-time="2024-03-22 00:52:00Z" duration="0.002714" total="1" passed="1" failed="0" inconclusive="0" skipped="0" asserts="2">
        <test-case id="0-1087" name="TestEnumDeepLiterals" fullname="Kaitai.SpecEnumDeepLiterals.TestEnumDeepLiterals" methodname="TestEnumDeepLiterals" classname="Kaitai.SpecEnumDeepLiterals" runstate="Runnable" seed="107204692" result="Passed" start-time="2024-03-22 00:52:00Z" end-time="2024-03-22 00:52:00Z" duration="0.000397" asserts="2" />
      </test-suite>
      <test-suite type="TestFixture" id="0-1088" name="SpecEnumFancy" fullname="Kaitai.SpecEnumFancy" classname="Kaitai.SpecEnumFancy" runstate="Runnable" testcasecount="1" result="Passed" start-time="2024-03-22 00:52:00Z" end-time="2024-03-22 00:52:00Z" duration="0.002617" total="1" passed="1" failed="0" inconclusive="0" skipped="0" asserts="2">
        <test-case id="0-1089" name="TestEnumFancy" fullname="Kaitai.SpecEnumFancy.TestEnumFancy" methodname="TestEnumFancy" classname="Kaitai.SpecEnumFancy" runstate="Runnable" seed="1603459779" result="Passed" start-time="2024-03-22 00:52:00Z" end-time="2024-03-22 00:52:00Z" duration="0.000301" asserts="2" />
      </test-suite>
      <test-suite type="TestFixture" id="0-1090" name="SpecEnumIf" fullname="Kaitai.SpecEnumIf" classname="Kaitai.SpecEnumIf" runstate="Runnable" testcasecount="1" result="Passed" start-time="2024-03-22 00:52:00Z" end-time="2024-03-22 00:52:00Z" duration="0.003928" total="1" passed="1" failed="0" inconclusive="0" skipped="0" asserts="7">
        <test-case id="0-1091" name="TestEnumIf" fullname="Kaitai.SpecEnumIf.TestEnumIf" methodname="TestEnumIf" classname="Kaitai.SpecEnumIf" runstate="Runnable" seed="427658941" result="Passed" start-time="2024-03-22 00:52:00Z" end-time="2024-03-22 00:52:00Z" duration="0.001604" asserts="7" />
      </test-suite>
      <test-suite type="TestFixture" id="0-1092" name="SpecEnumImport" fullname="Kaitai.SpecEnumImport" classname="Kaitai.SpecEnumImport" runstate="Runnable" testcasecount="1" result="Passed" start-time="2024-03-22 00:52:00Z" end-time="2024-03-22 00:52:00Z" duration="0.002670" total="1" passed="1" failed="0" inconclusive="0" skipped="0" asserts="2">
        <test-case id="0-1093" name="TestEnumImport" fullname="Kaitai.SpecEnumImport.TestEnumImport" methodname="TestEnumImport" classname="Kaitai.SpecEnumImport" runstate="Runnable" seed="2006535349" result="Passed" start-time="2024-03-22 00:52:00Z" end-time="2024-03-22 00:52:00Z" duration="0.000331" asserts="2" />
      </test-suite>
      <test-suite type="TestFixture" id="0-1094" name="SpecEnumIntRangeS" fullname="Kaitai.SpecEnumIntRangeS" classname="Kaitai.SpecEnumIntRangeS" runstate="Runnable" testcasecount="1" result="Passed" start-time="2024-03-22 00:52:00Z" end-time="2024-03-22 00:52:00Z" duration="0.002711" total="1" passed="1" failed="0" inconclusive="0" skipped="0" asserts="3">
        <test-case id="0-1095" name="TestEnumIntRangeS" fullname="Kaitai.SpecEnumIntRangeS.TestEnumIntRangeS" methodname="TestEnumIntRangeS" classname="Kaitai.SpecEnumIntRangeS" runstate="Runnable" seed="2091266097" result="Passed" start-time="2024-03-22 00:52:00Z" end-time="2024-03-22 00:52:00Z" duration="0.000367" asserts="3" />
      </test-suite>
      <test-suite type="TestFixture" id="0-1096" name="SpecEnumInvalid" fullname="Kaitai.SpecEnumInvalid" classname="Kaitai.SpecEnumInvalid" runstate="Runnable" testcasecount="1" result="Passed" start-time="2024-03-22 00:52:00Z" end-time="2024-03-22 00:52:00Z" duration="0.002655" total="1" passed="1" failed="0" inconclusive="0" skipped="0" asserts="2">
        <test-case id="0-1097" name="TestEnumInvalid" fullname="Kaitai.SpecEnumInvalid.TestEnumInvalid" methodname="TestEnumInvalid" classname="Kaitai.SpecEnumInvalid" runstate="Runnable" seed="197600835" result="Passed" start-time="2024-03-22 00:52:00Z" end-time="2024-03-22 00:52:00Z" duration="0.000320" asserts="2" />
      </test-suite>
      <test-suite type="TestFixture" id="0-1098" name="SpecEnumNegative" fullname="Kaitai.SpecEnumNegative" classname="Kaitai.SpecEnumNegative" runstate="Runnable" testcasecount="1" result="Passed" start-time="2024-03-22 00:52:01Z" end-time="2024-03-22 00:52:01Z" duration="0.002705" total="1" passed="1" failed="0" inconclusive="0" skipped="0" asserts="2">
        <test-case id="0-1099" name="TestEnumNegative" fullname="Kaitai.SpecEnumNegative.TestEnumNegative" methodname="TestEnumNegative" classname="Kaitai.SpecEnumNegative" runstate="Runnable" seed="563897380" result="Passed" start-time="2024-03-22 00:52:01Z" end-time="2024-03-22 00:52:01Z" duration="0.000366" asserts="2" />
      </test-suite>
      <test-suite type="TestFixture" id="0-1100" name="SpecEnumOfValueInst" fullname="Kaitai.SpecEnumOfValueInst" classname="Kaitai.SpecEnumOfValueInst" runstate="Runnable" testcasecount="1" result="Passed" start-time="2024-03-22 00:52:01Z" end-time="2024-03-22 00:52:01Z" duration="0.002806" total="1" passed="1" failed="0" inconclusive="0" skipped="0" asserts="4">
        <test-case id="0-1101" name="TestEnumOfValueInst" fullname="Kaitai.SpecEnumOfValueInst.TestEnumOfValueInst" methodname="TestEnumOfValueInst" classname="Kaitai.SpecEnumOfValueInst" runstate="Runnable" seed="2090015270" result="Passed" start-time="2024-03-22 00:52:01Z" end-time="2024-03-22 00:52:01Z" duration="0.000467" asserts="4" />
      </test-suite>
      <test-suite type="TestFixture" id="0-1102" name="SpecEofExceptionBytes" fullname="Kaitai.SpecEofExceptionBytes" classname="Kaitai.SpecEofExceptionBytes" runstate="Runnable" testcasecount="1" result="Passed" start-time="2024-03-22 00:52:01Z" end-time="2024-03-22 00:52:01Z" duration="0.003356" total="1" passed="1" failed="0" inconclusive="0" skipped="0" asserts="1">
        <test-case id="0-1103" name="TestEofExceptionBytes" fullname="Kaitai.SpecEofExceptionBytes.TestEofExceptionBytes" methodname="TestEofExceptionBytes" classname="Kaitai.SpecEofExceptionBytes" runstate="Runnable" seed="1644854165" result="Passed" start-time="2024-03-22 00:52:01Z" end-time="2024-03-22 00:52:01Z" duration="0.000991" asserts="1" />
      </test-suite>
      <test-suite type="TestFixture" id="0-1104" name="SpecEofExceptionU4" fullname="Kaitai.SpecEofExceptionU4" classname="Kaitai.SpecEofExceptionU4" runstate="Runnable" testcasecount="1" result="Passed" start-time="2024-03-22 00:52:01Z" end-time="2024-03-22 00:52:01Z" duration="0.002723" total="1" passed="1" failed="0" inconclusive="0" skipped="0" asserts="1">
        <test-case id="0-1105" name="TestEofExceptionU4" fullname="Kaitai.SpecEofExceptionU4.TestEofExceptionU4" methodname="TestEofExceptionU4" classname="Kaitai.SpecEofExceptionU4" runstate="Runnable" seed="2087993091" result="Passed" start-time="2024-03-22 00:52:01Z" end-time="2024-03-22 00:52:01Z" duration="0.000375" asserts="1" />
      </test-suite>
      <test-suite type="TestFixture" id="0-1106" name="SpecEosExceptionBytes" fullname="Kaitai.SpecEosExceptionBytes" classname="Kaitai.SpecEosExceptionBytes" runstate="Runnable" testcasecount="1" result="Passed" start-time="2024-03-22 00:52:01Z" end-time="2024-03-22 00:52:01Z" duration="0.002773" total="1" passed="1" failed="0" inconclusive="0" skipped="0" asserts="1">
        <test-case id="0-1107" name="TestEosExceptionBytes" fullname="Kaitai.SpecEosExceptionBytes.TestEosExceptionBytes" methodname="TestEosExceptionBytes" classname="Kaitai.SpecEosExceptionBytes" runstate="Runnable" seed="182209479" result="Passed" start-time="2024-03-22 00:52:01Z" end-time="2024-03-22 00:52:01Z" duration="0.000427" asserts="1" />
      </test-suite>
      <test-suite type="TestFixture" id="0-1108" name="SpecEosExceptionU4" fullname="Kaitai.SpecEosExceptionU4" classname="Kaitai.SpecEosExceptionU4" runstate="Runnable" testcasecount="1" result="Passed" start-time="2024-03-22 00:52:01Z" end-time="2024-03-22 00:52:01Z" duration="0.002778" total="1" passed="1" failed="0" inconclusive="0" skipped="0" asserts="1">
        <test-case id="0-1109" name="TestEosExceptionU4" fullname="Kaitai.SpecEosExceptionU4.TestEosExceptionU4" methodname="TestEosExceptionU4" classname="Kaitai.SpecEosExceptionU4" runstate="Runnable" seed="2069098255" result="Passed" start-time="2024-03-22 00:52:01Z" end-time="2024-03-22 00:52:01Z" duration="0.000434" asserts="1" />
      </test-suite>
      <test-suite type="TestFixture" id="0-1110" name="SpecExpr0" fullname="Kaitai.SpecExpr0" classname="Kaitai.SpecExpr0" runstate="Runnable" testcasecount="1" result="Passed" start-time="2024-03-22 00:52:01Z" end-time="2024-03-22 00:52:01Z" duration="0.002708" total="1" passed="1" failed="0" inconclusive="0" skipped="0" asserts="2">
        <test-case id="0-1111" name="TestExpr0" fullname="Kaitai.SpecExpr0.TestExpr0" methodname="TestExpr0" classname="Kaitai.SpecExpr0" runstate="Runnable" seed="1247823851" result="Passed" start-time="2024-03-22 00:52:01Z" end-time="2024-03-22 00:52:01Z" duration="0.000368" asserts="2" />
      </test-suite>
      <test-suite type="TestFixture" id="0-1112" name="SpecExpr1" fullname="Kaitai.SpecExpr1" classname="Kaitai.SpecExpr1" runstate="Runnable" testcasecount="1" result="Passed" start-time="2024-03-22 00:52:01Z" end-time="2024-03-22 00:52:01Z" duration="0.002846" total="1" passed="1" failed="0" inconclusive="0" skipped="0" asserts="4">
        <test-case id="0-1113" name="TestExpr1" fullname="Kaitai.SpecExpr1.TestExpr1" methodname="TestExpr1" classname="Kaitai.SpecExpr1" runstate="Runnable" seed="1771898024" result="Passed" start-time="2024-03-22 00:52:01Z" end-time="2024-03-22 00:52:01Z" duration="0.000494" asserts="4" />
      </test-suite>
      <test-suite type="TestFixture" id="0-1114" name="SpecExpr2" fullname="Kaitai.SpecExpr2" classname="Kaitai.SpecExpr2" runstate="Runnable" testcasecount="1" result="Passed" start-time="2024-03-22 00:52:01Z" end-time="2024-03-22 00:52:01Z" duration="0.003708" total="1" passed="1" failed="0" inconclusive="0" skipped="0" asserts="17">
        <test-case id="0-1115" name="TestExpr2" fullname="Kaitai.SpecExpr2.TestExpr2" methodname="TestExpr2" classname="Kaitai.SpecExpr2" runstate="Runnable" seed="1994161123" result="Passed" start-time="2024-03-22 00:52:01Z" end-time="2024-03-22 00:52:01Z" duration="0.001371" asserts="17" />
      </test-suite>
      <test-suite type="TestFixture" id="0-1116" name="SpecExpr3" fullname="Kaitai.SpecExpr3" classname="Kaitai.SpecExpr3" runstate="Runnable" testcasecount="1" result="Passed" start-time="2024-03-22 00:52:01Z" end-time="2024-03-22 00:52:01Z" duration="0.003413" total="1" passed="1" failed="0" inconclusive="0" skipped="0" asserts="12">
        <test-case id="0-1117" name="TestExpr3" fullname="Kaitai.SpecExpr3.TestExpr3" methodname="TestExpr3" classname="Kaitai.SpecExpr3" runstate="Runnable" seed="1420860323" result="Passed" start-time="2024-03-22 00:52:01Z" end-time="2024-03-22 00:52:01Z" duration="0.001049" asserts="12" />
      </test-suite>
      <test-suite type="TestFixture" id="0-1118" name="SpecExprArray" fullname="Kaitai.SpecExprArray" classname="Kaitai.SpecExprArray" runstate="Runnable" testcasecount="1" result="Passed" start-time="2024-03-22 00:52:01Z" end-time="2024-03-22 00:52:01Z" duration="0.007889" total="1" passed="1" failed="0" inconclusive="0" skipped="0" asserts="15">
        <test-case id="0-1119" name="TestExprArray" fullname="Kaitai.SpecExprArray.TestExprArray" methodname="TestExprArray" classname="Kaitai.SpecExprArray" runstate="Runnable" seed="1168835848" result="Passed" start-time="2024-03-22 00:52:01Z" end-time="2024-03-22 00:52:01Z" duration="0.005547" asserts="15" />
      </test-suite>
      <test-suite type="TestFixture" id="0-1120" name="SpecExprBytesCmp" fullname="Kaitai.SpecExprBytesCmp" classname="Kaitai.SpecExprBytesCmp" runstate="Runnable" testcasecount="1" result="Passed" start-time="2024-03-22 00:52:01Z" end-time="2024-03-22 00:52:01Z" duration="0.003361" total="1" passed="1" failed="0" inconclusive="0" skipped="0" asserts="10">
        <test-case id="0-1121" name="TestExprBytesCmp" fullname="Kaitai.SpecExprBytesCmp.TestExprBytesCmp" methodname="TestExprBytesCmp" classname="Kaitai.SpecExprBytesCmp" runstate="Runnable" seed="1496945829" result="Passed" start-time="2024-03-22 00:52:01Z" end-time="2024-03-22 00:52:01Z" duration="0.001013" asserts="10" />
      </test-suite>
      <test-suite type="TestFixture" id="0-1122" name="SpecExprBytesNonLiteral" fullname="Kaitai.SpecExprBytesNonLiteral" classname="Kaitai.SpecExprBytesNonLiteral" runstate="Runnable" testcasecount="1" result="Passed" start-time="2024-03-22 00:52:01Z" end-time="2024-03-22 00:52:01Z" duration="0.002745" total="1" passed="1" failed="0" inconclusive="0" skipped="0" asserts="3">
        <test-case id="0-1123" name="TestExprBytesNonLiteral" fullname="Kaitai.SpecExprBytesNonLiteral.TestExprBytesNonLiteral" methodname="TestExprBytesNonLiteral" classname="Kaitai.SpecExprBytesNonLiteral" runstate="Runnable" seed="1423227460" result="Passed" start-time="2024-03-22 00:52:01Z" end-time="2024-03-22 00:52:01Z" duration="0.000402" asserts="3" />
      </test-suite>
      <test-suite type="TestFixture" id="0-1124" name="SpecExprBytesOps" fullname="Kaitai.SpecExprBytesOps" classname="Kaitai.SpecExprBytesOps" runstate="Runnable" testcasecount="1" result="Passed" start-time="2024-03-22 00:52:01Z" end-time="2024-03-22 00:52:01Z" duration="0.004899" total="1" passed="1" failed="0" inconclusive="0" skipped="0" asserts="16">
        <test-case id="0-1125" name="TestExprBytesOps" fullname="Kaitai.SpecExprBytesOps.TestExprBytesOps" methodname="TestExprBytesOps" classname="Kaitai.SpecExprBytesOps" runstate="Runnable" seed="1155660480" result="Passed" start-time="2024-03-22 00:52:01Z" end-time="2024-03-22 00:52:01Z" duration="0.002557" asserts="16" />
      </test-suite>
      <test-suite type="TestFixture" id="0-1126" name="SpecExprCalcArrayOps" fullname="Kaitai.SpecExprCalcArrayOps" classname="Kaitai.SpecExprCalcArrayOps" runstate="Runnable" testcasecount="1" result="Passed" start-time="2024-03-22 00:52:01Z" end-time="2024-03-22 00:52:01Z" duration="0.004965" total="1" passed="1" failed="0" inconclusive="0" skipped="0" asserts="18">
        <test-case id="0-1127" name="TestExprCalcArrayOps" fullname="Kaitai.SpecExprCalcArrayOps.TestExprCalcArrayOps" methodname="TestExprCalcArrayOps" classname="Kaitai.SpecExprCalcArrayOps" runstate="Runnable" seed="1474391401" result="Passed" start-time="2024-03-22 00:52:01Z" end-time="2024-03-22 00:52:01Z" duration="0.002619" asserts="18" />
      </test-suite>
      <test-suite type="TestFixture" id="0-1128" name="SpecExprEnum" fullname="Kaitai.SpecExprEnum" classname="Kaitai.SpecExprEnum" runstate="Runnable" testcasecount="1" result="Passed" start-time="2024-03-22 00:52:01Z" end-time="2024-03-22 00:52:01Z" duration="0.002804" total="1" passed="1" failed="0" inconclusive="0" skipped="0" asserts="3">
        <test-case id="0-1129" name="TestExprEnum" fullname="Kaitai.SpecExprEnum.TestExprEnum" methodname="TestExprEnum" classname="Kaitai.SpecExprEnum" runstate="Runnable" seed="1905869404" result="Passed" start-time="2024-03-22 00:52:01Z" end-time="2024-03-22 00:52:01Z" duration="0.000461" asserts="3" />
      </test-suite>
      <test-suite type="TestFixture" id="0-1130" name="SpecExprFstring0" fullname="Kaitai.SpecExprFstring0" classname="Kaitai.SpecExprFstring0" runstate="Runnable" testcasecount="1" result="Passed" start-time="2024-03-22 00:52:01Z" end-time="2024-03-22 00:52:01Z" duration="0.003161" total="1" passed="1" failed="0" inconclusive="0" skipped="0" asserts="9">
        <test-case id="0-1131" name="TestExprFstring0" fullname="Kaitai.SpecExprFstring0.TestExprFstring0" methodname="TestExprFstring0" classname="Kaitai.SpecExprFstring0" runstate="Runnable" seed="110946093" result="Passed" start-time="2024-03-22 00:52:01Z" end-time="2024-03-22 00:52:01Z" duration="0.000814" asserts="9" />
      </test-suite>
      <test-suite type="TestFixture" id="0-1132" name="SpecExprIfIntOps" fullname="Kaitai.SpecExprIfIntOps" classname="Kaitai.SpecExprIfIntOps" runstate="Runnable" testcasecount="1" result="Passed" start-time="2024-03-22 00:52:01Z" end-time="2024-03-22 00:52:01Z" duration="0.003066" total="1" passed="1" failed="0" inconclusive="0" skipped="0" asserts="2">
        <test-case id="0-1133" name="TestExprIfIntOps" fullname="Kaitai.SpecExprIfIntOps.TestExprIfIntOps" methodname="TestExprIfIntOps" classname="Kaitai.SpecExprIfIntOps" runstate="Runnable" seed="1965592929" result="Passed" start-time="2024-03-22 00:52:01Z" end-time="2024-03-22 00:52:01Z" duration="0.000734" asserts="2" />
      </test-suite>
      <test-suite type="TestFixture" id="0-1134" name="SpecExprIntDiv" fullname="Kaitai.SpecExprIntDiv" classname="Kaitai.SpecExprIntDiv" runstate="Runnable" testcasecount="1" result="Failed" site="Child" start-time="2024-03-22 00:52:01Z" end-time="2024-03-22 00:52:01Z" duration="0.010372" total="1" passed="0" failed="1" inconclusive="0" skipped="0" asserts="4">
        <failure>
          <message><![CDATA[One or more child tests had errors]]></message>
        </failure>
        <test-case id="0-1135" name="TestExprIntDiv" fullname="Kaitai.SpecExprIntDiv.TestExprIntDiv" methodname="TestExprIntDiv" classname="Kaitai.SpecExprIntDiv" runstate="Runnable" seed="2114316395" result="Failed" start-time="2024-03-22 00:52:01Z" end-time="2024-03-22 00:52:01Z" duration="0.007998" asserts="4">
          <failure>
            <message><![CDATA[  Expected: -756
  But was:  -757
]]></message>
            <stack-trace><![CDATA[at Kaitai.SpecExprIntDiv.TestExprIntDiv () [0x00069] in <f1e25d40568249d1ae2bd4ed7307b288>:0
]]></stack-trace>
          </failure>
        </test-case>
      </test-suite>
      <test-suite type="TestFixture" id="0-1136" name="SpecExprIoEof" fullname="Kaitai.SpecExprIoEof" classname="Kaitai.SpecExprIoEof" runstate="Runnable" testcasecount="1" result="Passed" start-time="2024-03-22 00:52:01Z" end-time="2024-03-22 00:52:01Z" duration="0.003145" total="1" passed="1" failed="0" inconclusive="0" skipped="0" asserts="4">
        <test-case id="0-1137" name="TestExprIoEof" fullname="Kaitai.SpecExprIoEof.TestExprIoEof" methodname="TestExprIoEof" classname="Kaitai.SpecExprIoEof" runstate="Runnable" seed="1128646946" result="Passed" start-time="2024-03-22 00:52:01Z" end-time="2024-03-22 00:52:01Z" duration="0.000800" asserts="4" />
      </test-suite>
      <test-suite type="TestFixture" id="0-1138" name="SpecExprIoPos" fullname="Kaitai.SpecExprIoPos" classname="Kaitai.SpecExprIoPos" runstate="Runnable" testcasecount="1" result="Passed" start-time="2024-03-22 00:52:01Z" end-time="2024-03-22 00:52:01Z" duration="0.002950" total="1" passed="1" failed="0" inconclusive="0" skipped="0" asserts="6">
        <test-case id="0-1139" name="TestExprIoPos" fullname="Kaitai.SpecExprIoPos.TestExprIoPos" methodname="TestExprIoPos" classname="Kaitai.SpecExprIoPos" runstate="Runnable" seed="2003317871" result="Passed" start-time="2024-03-22 00:52:01Z" end-time="2024-03-22 00:52:01Z" duration="0.000611" asserts="6" />
      </test-suite>
      <test-suite type="TestFixture" id="0-1140" name="SpecExprMod" fullname="Kaitai.SpecExprMod" classname="Kaitai.SpecExprMod" runstate="Runnable" testcasecount="1" result="Passed" start-time="2024-03-22 00:52:01Z" end-time="2024-03-22 00:52:01Z" duration="0.002981" total="1" passed="1" failed="0" inconclusive="0" skipped="0" asserts="6">
        <test-case id="0-1141" name="TestExprMod" fullname="Kaitai.SpecExprMod.TestExprMod" methodname="TestExprMod" classname="Kaitai.SpecExprMod" runstate="Runnable" seed="631067040" result="Passed" start-time="2024-03-22 00:52:01Z" end-time="2024-03-22 00:52:01Z" duration="0.000637" asserts="6" />
      </test-suite>
      <test-suite type="TestFixture" id="0-1142" name="SpecExprOpsParens" fullname="Kaitai.SpecExprOpsParens" classname="Kaitai.SpecExprOpsParens" runstate="Runnable" testcasecount="1" result="Passed" start-time="2024-03-22 00:52:01Z" end-time="2024-03-22 00:52:01Z" duration="0.004761" total="1" passed="1" failed="0" inconclusive="0" skipped="0" asserts="9">
        <test-case id="0-1143" name="TestExprOpsParens" fullname="Kaitai.SpecExprOpsParens.TestExprOpsParens" methodname="TestExprOpsParens" classname="Kaitai.SpecExprOpsParens" runstate="Runnable" seed="834547342" result="Passed" start-time="2024-03-22 00:52:01Z" end-time="2024-03-22 00:52:01Z" duration="0.002419" asserts="9" />
      </test-suite>
      <test-suite type="TestFixture" id="0-1144" name="SpecExprSizeofType0" fullname="Kaitai.SpecExprSizeofType0" classname="Kaitai.SpecExprSizeofType0" runstate="Runnable" testcasecount="1" result="Passed" start-time="2024-03-22 00:52:01Z" end-time="2024-03-22 00:52:01Z" duration="0.002649" total="1" passed="1" failed="0" inconclusive="0" skipped="0" asserts="1">
        <test-case id="0-1145" name="TestExprSizeofType0" fullname="Kaitai.SpecExprSizeofType0.TestExprSizeofType0" methodname="TestExprSizeofType0" classname="Kaitai.SpecExprSizeofType0" runstate="Runnable" seed="1309675773" result="Passed" start-time="2024-03-22 00:52:01Z" end-time="2024-03-22 00:52:01Z" duration="0.000308" asserts="1" />
      </test-suite>
      <test-suite type="TestFixture" id="0-1146" name="SpecExprSizeofType1" fullname="Kaitai.SpecExprSizeofType1" classname="Kaitai.SpecExprSizeofType1" runstate="Runnable" testcasecount="1" result="Passed" start-time="2024-03-22 00:52:01Z" end-time="2024-03-22 00:52:01Z" duration="0.002652" total="1" passed="1" failed="0" inconclusive="0" skipped="0" asserts="2">
        <test-case id="0-1147" name="TestExprSizeofType1" fullname="Kaitai.SpecExprSizeofType1.TestExprSizeofType1" methodname="TestExprSizeofType1" classname="Kaitai.SpecExprSizeofType1" runstate="Runnable" seed="1919880168" result="Passed" start-time="2024-03-22 00:52:01Z" end-time="2024-03-22 00:52:01Z" duration="0.000319" asserts="2" />
      </test-suite>
      <test-suite type="TestFixture" id="0-1148" name="SpecExprSizeofValue0" fullname="Kaitai.SpecExprSizeofValue0" classname="Kaitai.SpecExprSizeofValue0" runstate="Runnable" testcasecount="1" result="Passed" start-time="2024-03-22 00:52:01Z" end-time="2024-03-22 00:52:01Z" duration="0.003591" total="1" passed="1" failed="0" inconclusive="0" skipped="0" asserts="5">
        <test-case id="0-1149" name="TestExprSizeofValue0" fullname="Kaitai.SpecExprSizeofValue0.TestExprSizeofValue0" methodname="TestExprSizeofValue0" classname="Kaitai.SpecExprSizeofValue0" runstate="Runnable" seed="478545221" result="Passed" start-time="2024-03-22 00:52:01Z" end-time="2024-03-22 00:52:01Z" duration="0.001257" asserts="5" />
      </test-suite>
      <test-suite type="TestFixture" id="0-1150" name="SpecExprSizeofValueSized" fullname="Kaitai.SpecExprSizeofValueSized" classname="Kaitai.SpecExprSizeofValueSized" runstate="Runnable" testcasecount="1" result="Passed" start-time="2024-03-22 00:52:01Z" end-time="2024-03-22 00:52:01Z" duration="0.002894" total="1" passed="1" failed="0" inconclusive="0" skipped="0" asserts="5">
        <test-case id="0-1151" name="TestExprSizeofValueSized" fullname="Kaitai.SpecExprSizeofValueSized.TestExprSizeofValueSized" methodname="TestExprSizeofValueSized" classname="Kaitai.SpecExprSizeofValueSized" runstate="Runnable" seed="1540400566" result="Passed" start-time="2024-03-22 00:52:01Z" end-time="2024-03-22 00:52:01Z" duration="0.000554" asserts="5" />
      </test-suite>
      <test-suite type="TestFixture" id="0-1152" name="SpecExprStrEncodings" fullname="Kaitai.SpecExprStrEncodings" classname="Kaitai.SpecExprStrEncodings" runstate="Runnable" testcasecount="1" result="Passed" start-time="2024-03-22 00:52:01Z" end-time="2024-03-22 00:52:01Z" duration="0.131819" total="1" passed="1" failed="0" inconclusive="0" skipped="0" asserts="7">
        <test-case id="0-1153" name="TestExprStrEncodings" fullname="Kaitai.SpecExprStrEncodings.TestExprStrEncodings" methodname="TestExprStrEncodings" classname="Kaitai.SpecExprStrEncodings" runstate="Runnable" seed="1385194103" result="Passed" start-time="2024-03-22 00:52:01Z" end-time="2024-03-22 00:52:01Z" duration="0.129479" asserts="7" />
      </test-suite>
      <test-suite type="TestFixture" id="0-1154" name="SpecExprStrOps" fullname="Kaitai.SpecExprStrOps" classname="Kaitai.SpecExprStrOps" runstate="Runnable" testcasecount="1" result="Passed" start-time="2024-03-22 00:52:01Z" end-time="2024-03-22 00:52:01Z" duration="0.003436" total="1" passed="1" failed="0" inconclusive="0" skipped="0" asserts="17">
        <test-case id="0-1155" name="TestExprStrOps" fullname="Kaitai.SpecExprStrOps.TestExprStrOps" methodname="TestExprStrOps" classname="Kaitai.SpecExprStrOps" runstate="Runnable" seed="545805015" result="Passed" start-time="2024-03-22 00:52:01Z" end-time="2024-03-22 00:52:01Z" duration="0.001077" asserts="17" />
      </test-suite>
      <test-suite type="TestFixture" id="0-1156" name="SpecExprToITrailing" fullname="Kaitai.SpecExprToITrailing" classname="Kaitai.SpecExprToITrailing" runstate="Runnable" testcasecount="1" result="Passed" start-time="2024-03-22 00:52:01Z" end-time="2024-03-22 00:52:01Z" duration="0.003095" total="1" passed="1" failed="0" inconclusive="0" skipped="0" asserts="3">
        <test-case id="0-1157" name="TestExprToITrailing" fullname="Kaitai.SpecExprToITrailing.TestExprToITrailing" methodname="TestExprToITrailing" classname="Kaitai.SpecExprToITrailing" runstate="Runnable" seed="1318008497" result="Passed" start-time="2024-03-22 00:52:01Z" end-time="2024-03-22 00:52:01Z" duration="0.000755" asserts="3" />
      </test-suite>
      <test-suite type="TestFixture" id="0-1158" name="SpecFixedContents" fullname="Kaitai.SpecFixedContents" classname="Kaitai.SpecFixedContents" runstate="Runnable" testcasecount="1" result="Passed" start-time="2024-03-22 00:52:01Z" end-time="2024-03-22 00:52:01Z" duration="0.002762" total="1" passed="1" failed="0" inconclusive="0" skipped="0" asserts="0">
        <test-case id="0-1159" name="TestFixedContents" fullname="Kaitai.SpecFixedContents.TestFixedContents" methodname="TestFixedContents" classname="Kaitai.SpecFixedContents" runstate="Runnable" seed="2068501935" result="Passed" start-time="2024-03-22 00:52:01Z" end-time="2024-03-22 00:52:01Z" duration="0.000409" asserts="0" />
      </test-suite>
      <test-suite type="TestFixture" id="0-1160" name="SpecFixedStruct" fullname="Kaitai.SpecFixedStruct" classname="Kaitai.SpecFixedStruct" runstate="Runnable" testcasecount="1" result="Passed" start-time="2024-03-22 00:52:01Z" end-time="2024-03-22 00:52:01Z" duration="0.003991" total="1" passed="1" failed="0" inconclusive="0" skipped="0" asserts="20">
        <test-case id="0-1161" name="TestFixedStruct" fullname="Kaitai.SpecFixedStruct.TestFixedStruct" methodname="TestFixedStruct" classname="Kaitai.SpecFixedStruct" runstate="Runnable" seed="446618169" result="Passed" start-time="2024-03-22 00:52:01Z" end-time="2024-03-22 00:52:01Z" duration="0.001652" asserts="20" />
      </test-suite>
      <test-suite type="TestFixture" id="0-1164" name="SpecFloatingPoints" fullname="Kaitai.SpecFloatingPoints" classname="Kaitai.SpecFloatingPoints" runstate="Runnable" testcasecount="1" result="Passed" start-time="2024-03-22 00:52:01Z" end-time="2024-03-22 00:52:01Z" duration="0.003025" total="1" passed="1" failed="0" inconclusive="0" skipped="0" asserts="8">
        <test-case id="0-1165" name="TestFloatingPoints" fullname="Kaitai.SpecFloatingPoints.TestFloatingPoints" methodname="TestFloatingPoints" classname="Kaitai.SpecFloatingPoints" runstate="Runnable" seed="427845359" result="Passed" start-time="2024-03-22 00:52:01Z" end-time="2024-03-22 00:52:01Z" duration="0.000681" asserts="8" />
      </test-suite>
      <test-suite type="TestFixture" id="0-1162" name="SpecFloatToI" fullname="Kaitai.SpecFloatToI" classname="Kaitai.SpecFloatToI" runstate="Runnable" testcasecount="1" result="Passed" start-time="2024-03-22 00:52:01Z" end-time="2024-03-22 00:52:01Z" duration="0.003034" total="1" passed="1" failed="0" inconclusive="0" skipped="0" asserts="8">
        <test-case id="0-1163" name="TestFloatToI" fullname="Kaitai.SpecFloatToI.TestFloatToI" methodname="TestFloatToI" classname="Kaitai.SpecFloatToI" runstate="Runnable" seed="1273001540" result="Passed" start-time="2024-03-22 00:52:01Z" end-time="2024-03-22 00:52:01Z" duration="0.000694" asserts="8" />
      </test-suite>
      <test-suite type="TestFixture" id="0-1166" name="SpecHelloWorld" fullname="Kaitai.SpecHelloWorld" classname="Kaitai.SpecHelloWorld" runstate="Runnable" testcasecount="1" result="Passed" start-time="2024-03-22 00:52:01Z" end-time="2024-03-22 00:52:01Z" duration="0.002545" total="1" passed="1" failed="0" inconclusive="0" skipped="0" asserts="1">
        <test-case id="0-1167" name="TestHelloWorld" fullname="Kaitai.SpecHelloWorld.TestHelloWorld" methodname="TestHelloWorld" classname="Kaitai.SpecHelloWorld" runstate="Runnable" seed="85740654" result="Passed" start-time="2024-03-22 00:52:01Z" end-time="2024-03-22 00:52:01Z" duration="0.000203" asserts="1" />
      </test-suite>
      <test-suite type="TestFixture" id="0-1168" name="SpecIfInstances" fullname="Kaitai.SpecIfInstances" classname="Kaitai.SpecIfInstances" runstate="Runnable" testcasecount="1" result="Passed" start-time="2024-03-22 00:52:01Z" end-time="2024-03-22 00:52:01Z" duration="0.002695" total="1" passed="1" failed="0" inconclusive="0" skipped="0" asserts="1">
        <test-case id="0-1169" name="TestIfInstances" fullname="Kaitai.SpecIfInstances.TestIfInstances" methodname="TestIfInstances" classname="Kaitai.SpecIfInstances" runstate="Runnable" seed="85757965" result="Passed" start-time="2024-03-22 00:52:01Z" end-time="2024-03-22 00:52:01Z" duration="0.000363" asserts="1" />
      </test-suite>
      <test-suite type="TestFixture" id="0-1170" name="SpecIfStruct" fullname="Kaitai.SpecIfStruct" classname="Kaitai.SpecIfStruct" runstate="Runnable" testcasecount="1" result="Passed" start-time="2024-03-22 00:52:01Z" end-time="2024-03-22 00:52:01Z" duration="0.003075" total="1" passed="1" failed="0" inconclusive="0" skipped="0" asserts="7">
        <test-case id="0-1171" name="TestIfStruct" fullname="Kaitai.SpecIfStruct.TestIfStruct" methodname="TestIfStruct" classname="Kaitai.SpecIfStruct" runstate="Runnable" seed="2139300478" result="Passed" start-time="2024-03-22 00:52:01Z" end-time="2024-03-22 00:52:01Z" duration="0.000743" asserts="7" />
      </test-suite>
      <test-suite type="TestFixture" id="0-1172" name="SpecIfValues" fullname="Kaitai.SpecIfValues" classname="Kaitai.SpecIfValues" runstate="Runnable" testcasecount="1" result="Passed" start-time="2024-03-22 00:52:01Z" end-time="2024-03-22 00:52:01Z" duration="0.003302" total="1" passed="1" failed="0" inconclusive="0" skipped="0" asserts="6">
        <test-case id="0-1173" name="TestIfValues" fullname="Kaitai.SpecIfValues.TestIfValues" methodname="TestIfValues" classname="Kaitai.SpecIfValues" runstate="Runnable" seed="1375056416" result="Passed" start-time="2024-03-22 00:52:01Z" end-time="2024-03-22 00:52:01Z" duration="0.000966" asserts="6" />
      </test-suite>
      <test-suite type="TestFixture" id="0-1174" name="SpecImports0" fullname="Kaitai.SpecImports0" classname="Kaitai.SpecImports0" runstate="Runnable" testcasecount="1" result="Passed" start-time="2024-03-22 00:52:01Z" end-time="2024-03-22 00:52:01Z" duration="0.002732" total="1" passed="1" failed="0" inconclusive="0" skipped="0" asserts="3">
        <test-case id="0-1175" name="TestImports0" fullname="Kaitai.SpecImports0.TestImports0" methodname="TestImports0" classname="Kaitai.SpecImports0" runstate="Runnable" seed="109273315" result="Passed" start-time="2024-03-22 00:52:01Z" end-time="2024-03-22 00:52:01Z" duration="0.000395" asserts="3" />
      </test-suite>
      <test-suite type="TestFixture" id="0-1176" name="SpecImportsAbs" fullname="Kaitai.SpecImportsAbs" classname="Kaitai.SpecImportsAbs" runstate="Runnable" testcasecount="1" result="Passed" start-time="2024-03-22 00:52:01Z" end-time="2024-03-22 00:52:01Z" duration="0.003581" total="1" passed="1" failed="0" inconclusive="0" skipped="0" asserts="2">
        <test-case id="0-1177" name="TestImportsAbs" fullname="Kaitai.SpecImportsAbs.TestImportsAbs" methodname="TestImportsAbs" classname="Kaitai.SpecImportsAbs" runstate="Runnable" seed="944953711" result="Passed" start-time="2024-03-22 00:52:01Z" end-time="2024-03-22 00:52:01Z" duration="0.001241" asserts="2" />
      </test-suite>
      <test-suite type="TestFixture" id="0-1178" name="SpecImportsAbsAbs" fullname="Kaitai.SpecImportsAbsAbs" classname="Kaitai.SpecImportsAbsAbs" runstate="Runnable" testcasecount="1" result="Passed" start-time="2024-03-22 00:52:01Z" end-time="2024-03-22 00:52:01Z" duration="0.002844" total="1" passed="1" failed="0" inconclusive="0" skipped="0" asserts="3">
        <test-case id="0-1179" name="TestImportsAbsAbs" fullname="Kaitai.SpecImportsAbsAbs.TestImportsAbsAbs" methodname="TestImportsAbsAbs" classname="Kaitai.SpecImportsAbsAbs" runstate="Runnable" seed="1286454667" result="Passed" start-time="2024-03-22 00:52:01Z" end-time="2024-03-22 00:52:01Z" duration="0.000501" asserts="3" />
      </test-suite>
      <test-suite type="TestFixture" id="0-1180" name="SpecImportsAbsRel" fullname="Kaitai.SpecImportsAbsRel" classname="Kaitai.SpecImportsAbsRel" runstate="Runnable" testcasecount="1" result="Passed" start-time="2024-03-22 00:52:01Z" end-time="2024-03-22 00:52:01Z" duration="0.002763" total="1" passed="1" failed="0" inconclusive="0" skipped="0" asserts="3">
        <test-case id="0-1181" name="TestImportsAbsRel" fullname="Kaitai.SpecImportsAbsRel.TestImportsAbsRel" methodname="TestImportsAbsRel" classname="Kaitai.SpecImportsAbsRel" runstate="Runnable" seed="1730028810" result="Passed" start-time="2024-03-22 00:52:01Z" end-time="2024-03-22 00:52:01Z" duration="0.000423" asserts="3" />
      </test-suite>
      <test-suite type="TestFixture" id="0-1182" name="SpecImportsCircularA" fullname="Kaitai.SpecImportsCircularA" classname="Kaitai.SpecImportsCircularA" runstate="Runnable" testcasecount="1" result="Passed" start-time="2024-03-22 00:52:01Z" end-time="2024-03-22 00:52:01Z" duration="0.002838" total="1" passed="1" failed="0" inconclusive="0" skipped="0" asserts="5">
        <test-case id="0-1183" name="TestImportsCircularA" fullname="Kaitai.SpecImportsCircularA.TestImportsCircularA" methodname="TestImportsCircularA" classname="Kaitai.SpecImportsCircularA" runstate="Runnable" seed="1551823573" result="Passed" start-time="2024-03-22 00:52:01Z" end-time="2024-03-22 00:52:01Z" duration="0.000495" asserts="5" />
      </test-suite>
      <test-suite type="TestFixture" id="0-1184" name="SpecImportsRel1" fullname="Kaitai.SpecImportsRel1" classname="Kaitai.SpecImportsRel1" runstate="Runnable" testcasecount="1" result="Passed" start-time="2024-03-22 00:52:01Z" end-time="2024-03-22 00:52:01Z" duration="0.002815" total="1" passed="1" failed="0" inconclusive="0" skipped="0" asserts="3">
        <test-case id="0-1185" name="TestImportsRel1" fullname="Kaitai.SpecImportsRel1.TestImportsRel1" methodname="TestImportsRel1" classname="Kaitai.SpecImportsRel1" runstate="Runnable" seed="737063613" result="Passed" start-time="2024-03-22 00:52:01Z" end-time="2024-03-22 00:52:01Z" duration="0.000483" asserts="3" />
      </test-suite>
      <test-suite type="TestFixture" id="0-1186" name="SpecIndexSizes" fullname="Kaitai.SpecIndexSizes" classname="Kaitai.SpecIndexSizes" runstate="Runnable" testcasecount="1" result="Passed" start-time="2024-03-22 00:52:01Z" end-time="2024-03-22 00:52:01Z" duration="0.002968" total="1" passed="1" failed="0" inconclusive="0" skipped="0" asserts="7">
        <test-case id="0-1187" name="TestIndexSizes" fullname="Kaitai.SpecIndexSizes.TestIndexSizes" methodname="TestIndexSizes" classname="Kaitai.SpecIndexSizes" runstate="Runnable" seed="830349634" result="Passed" start-time="2024-03-22 00:52:01Z" end-time="2024-03-22 00:52:01Z" duration="0.000630" asserts="7" />
      </test-suite>
      <test-suite type="TestFixture" id="0-1188" name="SpecIndexToParamEos" fullname="Kaitai.SpecIndexToParamEos" classname="Kaitai.SpecIndexToParamEos" runstate="Runnable" testcasecount="1" result="Passed" start-time="2024-03-22 00:52:01Z" end-time="2024-03-22 00:52:01Z" duration="0.003241" total="1" passed="1" failed="0" inconclusive="0" skipped="0" asserts="7">
        <test-case id="0-1189" name="TestIndexToParamEos" fullname="Kaitai.SpecIndexToParamEos.TestIndexToParamEos" methodname="TestIndexToParamEos" classname="Kaitai.SpecIndexToParamEos" runstate="Runnable" seed="1821835984" result="Passed" start-time="2024-03-22 00:52:01Z" end-time="2024-03-22 00:52:01Z" duration="0.000904" asserts="7" />
      </test-suite>
      <test-suite type="TestFixture" id="0-1190" name="SpecIndexToParamExpr" fullname="Kaitai.SpecIndexToParamExpr" classname="Kaitai.SpecIndexToParamExpr" runstate="Runnable" testcasecount="1" result="Passed" start-time="2024-03-22 00:52:01Z" end-time="2024-03-22 00:52:01Z" duration="0.003216" total="1" passed="1" failed="0" inconclusive="0" skipped="0" asserts="7">
        <test-case id="0-1191" name="TestIndexToParamExpr" fullname="Kaitai.SpecIndexToParamExpr.TestIndexToParamExpr" methodname="TestIndexToParamExpr" classname="Kaitai.SpecIndexToParamExpr" runstate="Runnable" seed="211273922" result="Passed" start-time="2024-03-22 00:52:01Z" end-time="2024-03-22 00:52:01Z" duration="0.000881" asserts="7" />
      </test-suite>
      <test-suite type="TestFixture" id="0-1192" name="SpecIndexToParamUntil" fullname="Kaitai.SpecIndexToParamUntil" classname="Kaitai.SpecIndexToParamUntil" runstate="Runnable" testcasecount="1" result="Passed" start-time="2024-03-22 00:52:01Z" end-time="2024-03-22 00:52:01Z" duration="0.003206" total="1" passed="1" failed="0" inconclusive="0" skipped="0" asserts="7">
        <test-case id="0-1193" name="TestIndexToParamUntil" fullname="Kaitai.SpecIndexToParamUntil.TestIndexToParamUntil" methodname="TestIndexToParamUntil" classname="Kaitai.SpecIndexToParamUntil" runstate="Runnable" seed="820361430" result="Passed" start-time="2024-03-22 00:52:01Z" end-time="2024-03-22 00:52:01Z" duration="0.000856" asserts="7" />
      </test-suite>
      <test-suite type="TestFixture" id="0-1194" name="SpecInstanceIoUser" fullname="Kaitai.SpecInstanceIoUser" classname="Kaitai.SpecInstanceIoUser" runstate="Runnable" testcasecount="1" result="Passed" start-time="2024-03-22 00:52:01Z" end-time="2024-03-22 00:52:01Z" duration="0.003449" total="1" passed="1" failed="0" inconclusive="0" skipped="0" asserts="4">
        <test-case id="0-1195" name="TestInstanceIoUser" fullname="Kaitai.SpecInstanceIoUser.TestInstanceIoUser" methodname="TestInstanceIoUser" classname="Kaitai.SpecInstanceIoUser" runstate="Runnable" seed="2030344273" result="Passed" start-time="2024-03-22 00:52:01Z" end-time="2024-03-22 00:52:01Z" duration="0.001111" asserts="4" />
      </test-suite>
      <test-suite type="TestFixture" id="0-1196" name="SpecInstanceStd" fullname="Kaitai.SpecInstanceStd" classname="Kaitai.SpecInstanceStd" runstate="Runnable" testcasecount="1" result="Passed" start-time="2024-03-22 00:52:01Z" end-time="2024-03-22 00:52:01Z" duration="0.002682" total="1" passed="1" failed="0" inconclusive="0" skipped="0" asserts="1">
        <test-case id="0-1197" name="TestInstanceStd" fullname="Kaitai.SpecInstanceStd.TestInstanceStd" methodname="TestInstanceStd" classname="Kaitai.SpecInstanceStd" runstate="Runnable" seed="841646151" result="Passed" start-time="2024-03-22 00:52:01Z" end-time="2024-03-22 00:52:01Z" duration="0.000349" asserts="1" />
      </test-suite>
      <test-suite type="TestFixture" id="0-1198" name="SpecInstanceStdArray" fullname="Kaitai.SpecInstanceStdArray" classname="Kaitai.SpecInstanceStdArray" runstate="Runnable" testcasecount="1" result="Passed" start-time="2024-03-22 00:52:01Z" end-time="2024-03-22 00:52:01Z" duration="0.003018" total="1" passed="1" failed="0" inconclusive="0" skipped="0" asserts="7">
        <test-case id="0-1199" name="TestInstanceStdArray" fullname="Kaitai.SpecInstanceStdArray.TestInstanceStdArray" methodname="TestInstanceStdArray" classname="Kaitai.SpecInstanceStdArray" runstate="Runnable" seed="703252143" result="Passed" start-time="2024-03-22 00:52:01Z" end-time="2024-03-22 00:52:01Z" duration="0.000685" asserts="7" />
      </test-suite>
      <test-suite type="TestFixture" id="0-1200" name="SpecInstanceUserArray" fullname="Kaitai.SpecInstanceUserArray" classname="Kaitai.SpecInstanceUserArray" runstate="Runnable" testcasecount="1" result="Passed" start-time="2024-03-22 00:52:01Z" end-time="2024-03-22 00:52:01Z" duration="0.003361" total="1" passed="1" failed="0" inconclusive="0" skipped="0" asserts="10">
        <test-case id="0-1201" name="TestInstanceUserArray" fullname="Kaitai.SpecInstanceUserArray.TestInstanceUserArray" methodname="TestInstanceUserArray" classname="Kaitai.SpecInstanceUserArray" runstate="Runnable" seed="1262556459" result="Passed" start-time="2024-03-22 00:52:01Z" end-time="2024-03-22 00:52:01Z" duration="0.001027" asserts="10" />
      </test-suite>
      <test-suite type="TestFixture" id="0-1202" name="SpecIntegers" fullname="Kaitai.SpecIntegers" classname="Kaitai.SpecIntegers" runstate="Runnable" testcasecount="1" result="Passed" start-time="2024-03-22 00:52:01Z" end-time="2024-03-22 00:52:01Z" duration="0.003499" total="1" passed="1" failed="0" inconclusive="0" skipped="0" asserts="20">
        <test-case id="0-1203" name="TestIntegers" fullname="Kaitai.SpecIntegers.TestIntegers" methodname="TestIntegers" classname="Kaitai.SpecIntegers" runstate="Runnable" seed="1470021280" result="Passed" start-time="2024-03-22 00:52:01Z" end-time="2024-03-22 00:52:01Z" duration="0.001160" asserts="20" />
      </test-suite>
      <test-suite type="TestFixture" id="0-1204" name="SpecIntegersDoubleOverflow" fullname="Kaitai.SpecIntegersDoubleOverflow" classname="Kaitai.SpecIntegersDoubleOverflow" runstate="Runnable" testcasecount="1" result="Passed" start-time="2024-03-22 00:52:01Z" end-time="2024-03-22 00:52:01Z" duration="0.002830" total="1" passed="1" failed="0" inconclusive="0" skipped="0" asserts="8">
        <test-case id="0-1205" name="TestIntegersDoubleOverflow" fullname="Kaitai.SpecIntegersDoubleOverflow.TestIntegersDoubleOverflow" methodname="TestIntegersDoubleOverflow" classname="Kaitai.SpecIntegersDoubleOverflow" runstate="Runnable" seed="1564158791" result="Passed" start-time="2024-03-22 00:52:01Z" end-time="2024-03-22 00:52:01Z" duration="0.000490" asserts="8" />
      </test-suite>
      <test-suite type="TestFixture" id="0-1206" name="SpecIntegersMinMax" fullname="Kaitai.SpecIntegersMinMax" classname="Kaitai.SpecIntegersMinMax" runstate="Runnable" testcasecount="1" result="Passed" start-time="2024-03-22 00:52:01Z" end-time="2024-03-22 00:52:01Z" duration="0.003507" total="1" passed="1" failed="0" inconclusive="0" skipped="0" asserts="28">
        <test-case id="0-1207" name="TestIntegersMinMax" fullname="Kaitai.SpecIntegersMinMax.TestIntegersMinMax" methodname="TestIntegersMinMax" classname="Kaitai.SpecIntegersMinMax" runstate="Runnable" seed="1913090570" result="Passed" start-time="2024-03-22 00:52:01Z" end-time="2024-03-22 00:52:01Z" duration="0.001169" asserts="28" />
      </test-suite>
      <test-suite type="TestFixture" id="0-1208" name="SpecIoLocalVar" fullname="Kaitai.SpecIoLocalVar" classname="Kaitai.SpecIoLocalVar" runstate="Runnable" testcasecount="1" result="Passed" start-time="2024-03-22 00:52:01Z" end-time="2024-03-22 00:52:01Z" duration="0.002921" total="1" passed="1" failed="0" inconclusive="0" skipped="0" asserts="2">
        <test-case id="0-1209" name="TestIoLocalVar" fullname="Kaitai.SpecIoLocalVar.TestIoLocalVar" methodname="TestIoLocalVar" classname="Kaitai.SpecIoLocalVar" runstate="Runnable" seed="78981094" result="Passed" start-time="2024-03-22 00:52:01Z" end-time="2024-03-22 00:52:01Z" duration="0.000580" asserts="2" />
      </test-suite>
      <test-suite type="TestFixture" id="0-1210" name="SpecJsSignedRightShift" fullname="Kaitai.SpecJsSignedRightShift" classname="Kaitai.SpecJsSignedRightShift" runstate="Runnable" testcasecount="1" result="Passed" start-time="2024-03-22 00:52:01Z" end-time="2024-03-22 00:52:01Z" duration="0.002679" total="1" passed="1" failed="0" inconclusive="0" skipped="0" asserts="2">
        <test-case id="0-1211" name="TestJsSignedRightShift" fullname="Kaitai.SpecJsSignedRightShift.TestJsSignedRightShift" methodname="TestJsSignedRightShift" classname="Kaitai.SpecJsSignedRightShift" runstate="Runnable" seed="2015071755" result="Passed" start-time="2024-03-22 00:52:01Z" end-time="2024-03-22 00:52:01Z" duration="0.000324" asserts="2" />
      </test-suite>
      <test-suite type="TestFixture" id="0-1212" name="SpecMetaTags" fullname="Kaitai.SpecMetaTags" classname="Kaitai.SpecMetaTags" runstate="Runnable" testcasecount="1" result="Passed" start-time="2024-03-22 00:52:01Z" end-time="2024-03-22 00:52:01Z" duration="0.002557" total="1" passed="1" failed="0" inconclusive="0" skipped="0" asserts="0">
        <test-case id="0-1213" name="TestMetaTags" fullname="Kaitai.SpecMetaTags.TestMetaTags" methodname="TestMetaTags" classname="Kaitai.SpecMetaTags" runstate="Runnable" seed="481677649" result="Passed" start-time="2024-03-22 00:52:01Z" end-time="2024-03-22 00:52:01Z" duration="0.000219" asserts="0" />
      </test-suite>
      <test-suite type="TestFixture" id="0-1214" name="SpecMetaXref" fullname="Kaitai.SpecMetaXref" classname="Kaitai.SpecMetaXref" runstate="Runnable" testcasecount="1" result="Passed" start-time="2024-03-22 00:52:01Z" end-time="2024-03-22 00:52:01Z" duration="0.002546" total="1" passed="1" failed="0" inconclusive="0" skipped="0" asserts="0">
        <test-case id="0-1215" name="TestMetaXref" fullname="Kaitai.SpecMetaXref.TestMetaXref" methodname="TestMetaXref" classname="Kaitai.SpecMetaXref" runstate="Runnable" seed="1177358867" result="Passed" start-time="2024-03-22 00:52:01Z" end-time="2024-03-22 00:52:01Z" duration="0.000212" asserts="0" />
      </test-suite>
      <test-suite type="TestFixture" id="0-1216" name="SpecMultipleUse" fullname="Kaitai.SpecMultipleUse" classname="Kaitai.SpecMultipleUse" runstate="Runnable" testcasecount="1" result="Passed" start-time="2024-03-22 00:52:01Z" end-time="2024-03-22 00:52:01Z" duration="0.002910" total="1" passed="1" failed="0" inconclusive="0" skipped="0" asserts="2">
        <test-case id="0-1217" name="TestMultipleUse" fullname="Kaitai.SpecMultipleUse.TestMultipleUse" methodname="TestMultipleUse" classname="Kaitai.SpecMultipleUse" runstate="Runnable" seed="1391592002" result="Passed" start-time="2024-03-22 00:52:01Z" end-time="2024-03-22 00:52:01Z" duration="0.000573" asserts="2" />
      </test-suite>
      <test-suite type="TestFixture" id="0-1218" name="SpecNavParent" fullname="Kaitai.SpecNavParent" classname="Kaitai.SpecNavParent" runstate="Runnable" testcasecount="1" result="Passed" start-time="2024-03-22 00:52:01Z" end-time="2024-03-22 00:52:01Z" duration="0.003255" total="1" passed="1" failed="0" inconclusive="0" skipped="0" asserts="5">
        <test-case id="0-1219" name="TestNavParent" fullname="Kaitai.SpecNavParent.TestNavParent" methodname="TestNavParent" classname="Kaitai.SpecNavParent" runstate="Runnable" seed="1321132229" result="Passed" start-time="2024-03-22 00:52:01Z" end-time="2024-03-22 00:52:01Z" duration="0.000913" asserts="5" />
      </test-suite>
      <test-suite type="TestFixture" id="0-1220" name="SpecNavParent2" fullname="Kaitai.SpecNavParent2" classname="Kaitai.SpecNavParent2" runstate="Runnable" testcasecount="1" result="Passed" start-time="2024-03-22 00:52:01Z" end-time="2024-03-22 00:52:01Z" duration="0.003432" total="1" passed="1" failed="0" inconclusive="0" skipped="0" asserts="10">
        <test-case id="0-1221" name="TestNavParent2" fullname="Kaitai.SpecNavParent2.TestNavParent2" methodname="TestNavParent2" classname="Kaitai.SpecNavParent2" runstate="Runnable" seed="1856452639" result="Passed" start-time="2024-03-22 00:52:01Z" end-time="2024-03-22 00:52:01Z" duration="0.001086" asserts="10" />
      </test-suite>
      <test-suite type="TestFixture" id="0-1222" name="SpecNavParent3" fullname="Kaitai.SpecNavParent3" classname="Kaitai.SpecNavParent3" runstate="Runnable" testcasecount="1" result="Passed" start-time="2024-03-22 00:52:01Z" end-time="2024-03-22 00:52:01Z" duration="0.003496" total="1" passed="1" failed="0" inconclusive="0" skipped="0" asserts="10">
        <test-case id="0-1223" name="TestNavParent3" fullname="Kaitai.SpecNavParent3.TestNavParent3" methodname="TestNavParent3" classname="Kaitai.SpecNavParent3" runstate="Runnable" seed="989910822" result="Passed" start-time="2024-03-22 00:52:01Z" end-time="2024-03-22 00:52:01Z" duration="0.001154" asserts="10" />
      </test-suite>
      <test-suite type="TestFixture" id="0-1224" name="SpecNavParentFalse" fullname="Kaitai.SpecNavParentFalse" classname="Kaitai.SpecNavParentFalse" runstate="Runnable" testcasecount="1" result="Passed" start-time="2024-03-22 00:52:01Z" end-time="2024-03-22 00:52:01Z" duration="0.003021" total="1" passed="1" failed="0" inconclusive="0" skipped="0" asserts="5">
        <test-case id="0-1225" name="TestNavParentFalse" fullname="Kaitai.SpecNavParentFalse.TestNavParentFalse" methodname="TestNavParentFalse" classname="Kaitai.SpecNavParentFalse" runstate="Runnable" seed="884900151" result="Passed" start-time="2024-03-22 00:52:01Z" end-time="2024-03-22 00:52:01Z" duration="0.000662" asserts="5" />
      </test-suite>
      <test-suite type="TestFixture" id="0-1226" name="SpecNavParentFalse2" fullname="Kaitai.SpecNavParentFalse2" classname="Kaitai.SpecNavParentFalse2" runstate="Runnable" testcasecount="1" result="Passed" start-time="2024-03-22 00:52:01Z" end-time="2024-03-22 00:52:01Z" duration="0.002691" total="1" passed="1" failed="0" inconclusive="0" skipped="0" asserts="1">
        <test-case id="0-1227" name="TestNavParentFalse2" fullname="Kaitai.SpecNavParentFalse2.TestNavParentFalse2" methodname="TestNavParentFalse2" classname="Kaitai.SpecNavParentFalse2" runstate="Runnable" seed="549006376" result="Passed" start-time="2024-03-22 00:52:01Z" end-time="2024-03-22 00:52:01Z" duration="0.000353" asserts="1" />
      </test-suite>
      <test-suite type="TestFixture" id="0-1228" name="SpecNavParentOverride" fullname="Kaitai.SpecNavParentOverride" classname="Kaitai.SpecNavParentOverride" runstate="Runnable" testcasecount="1" result="Passed" start-time="2024-03-22 00:52:01Z" end-time="2024-03-22 00:52:01Z" duration="0.002837" total="1" passed="1" failed="0" inconclusive="0" skipped="0" asserts="3">
        <test-case id="0-1229" name="TestNavParentOverride" fullname="Kaitai.SpecNavParentOverride.TestNavParentOverride" methodname="TestNavParentOverride" classname="Kaitai.SpecNavParentOverride" runstate="Runnable" seed="1166408263" result="Passed" start-time="2024-03-22 00:52:01Z" end-time="2024-03-22 00:52:01Z" duration="0.000499" asserts="3" />
      </test-suite>
      <test-suite type="TestFixture" id="0-1230" name="SpecNavParentSwitch" fullname="Kaitai.SpecNavParentSwitch" classname="Kaitai.SpecNavParentSwitch" runstate="Runnable" testcasecount="1" result="Passed" start-time="2024-03-22 00:52:01Z" end-time="2024-03-22 00:52:01Z" duration="0.002921" total="1" passed="1" failed="0" inconclusive="0" skipped="0" asserts="3">
        <test-case id="0-1231" name="TestNavParentSwitch" fullname="Kaitai.SpecNavParentSwitch.TestNavParentSwitch" methodname="TestNavParentSwitch" classname="Kaitai.SpecNavParentSwitch" runstate="Runnable" seed="423116786" result="Passed" start-time="2024-03-22 00:52:01Z" end-time="2024-03-22 00:52:01Z" duration="0.000579" asserts="3" />
      </test-suite>
      <test-suite type="TestFixture" id="0-1232" name="SpecNavParentVsValueInst" fullname="Kaitai.SpecNavParentVsValueInst" classname="Kaitai.SpecNavParentVsValueInst" runstate="Runnable" testcasecount="1" result="Passed" start-time="2024-03-22 00:52:01Z" end-time="2024-03-22 00:52:01Z" duration="0.002718" total="1" passed="1" failed="0" inconclusive="0" skipped="0" asserts="1">
        <test-case id="0-1233" name="TestNavParentVsValueInst" fullname="Kaitai.SpecNavParentVsValueInst.TestNavParentVsValueInst" methodname="TestNavParentVsValueInst" classname="Kaitai.SpecNavParentVsValueInst" runstate="Runnable" seed="1605906139" result="Passed" start-time="2024-03-22 00:52:01Z" end-time="2024-03-22 00:52:01Z" duration="0.000343" asserts="1" />
      </test-suite>
      <test-suite type="TestFixture" id="0-1234" name="SpecNavRoot" fullname="Kaitai.SpecNavRoot" classname="Kaitai.SpecNavRoot" runstate="Runnable" testcasecount="1" result="Passed" start-time="2024-03-22 00:52:01Z" end-time="2024-03-22 00:52:01Z" duration="0.003224" total="1" passed="1" failed="0" inconclusive="0" skipped="0" asserts="5">
        <test-case id="0-1235" name="TestNavRoot" fullname="Kaitai.SpecNavRoot.TestNavRoot" methodname="TestNavRoot" classname="Kaitai.SpecNavRoot" runstate="Runnable" seed="625794148" result="Passed" start-time="2024-03-22 00:52:01Z" end-time="2024-03-22 00:52:01Z" duration="0.000888" asserts="5" />
      </test-suite>
      <test-suite type="TestFixture" id="0-1236" name="SpecNestedSameName" fullname="Kaitai.SpecNestedSameName" classname="Kaitai.SpecNestedSameName" runstate="Runnable" testcasecount="1" result="Passed" start-time="2024-03-22 00:52:01Z" end-time="2024-03-22 00:52:01Z" duration="0.002875" total="1" passed="1" failed="0" inconclusive="0" skipped="0" asserts="2">
        <test-case id="0-1237" name="TestNestedSameName" fullname="Kaitai.SpecNestedSameName.TestNestedSameName" methodname="TestNestedSameName" classname="Kaitai.SpecNestedSameName" runstate="Runnable" seed="304334869" result="Passed" start-time="2024-03-22 00:52:01Z" end-time="2024-03-22 00:52:01Z" duration="0.000509" asserts="2" />
      </test-suite>
      <test-suite type="TestFixture" id="0-1238" name="SpecNestedSameName2" fullname="Kaitai.SpecNestedSameName2" classname="Kaitai.SpecNestedSameName2" runstate="Runnable" testcasecount="1" result="Passed" start-time="2024-03-22 00:52:01Z" end-time="2024-03-22 00:52:01Z" duration="0.003026" total="1" passed="1" failed="0" inconclusive="0" skipped="0" asserts="5">
        <test-case id="0-1239" name="TestNestedSameName2" fullname="Kaitai.SpecNestedSameName2.TestNestedSameName2" methodname="TestNestedSameName2" classname="Kaitai.SpecNestedSameName2" runstate="Runnable" seed="471694023" result="Passed" start-time="2024-03-22 00:52:01Z" end-time="2024-03-22 00:52:01Z" duration="0.000683" asserts="5" />
      </test-suite>
      <test-suite type="TestFixture" id="0-1240" name="SpecNestedTypeParam" fullname="Kaitai.SpecNestedTypeParam" classname="Kaitai.SpecNestedTypeParam" runstate="Runnable" testcasecount="1" result="Passed" start-time="2024-03-22 00:52:01Z" end-time="2024-03-22 00:52:01Z" duration="0.002721" total="1" passed="1" failed="0" inconclusive="0" skipped="0" asserts="2">
        <test-case id="0-1241" name="TestNestedTypeParam" fullname="Kaitai.SpecNestedTypeParam.TestNestedTypeParam" methodname="TestNestedTypeParam" classname="Kaitai.SpecNestedTypeParam" runstate="Runnable" seed="1241382081" result="Passed" start-time="2024-03-22 00:52:01Z" end-time="2024-03-22 00:52:01Z" duration="0.000382" asserts="2" />
      </test-suite>
      <test-suite type="TestFixture" id="0-1242" name="SpecNestedTypes" fullname="Kaitai.SpecNestedTypes" classname="Kaitai.SpecNestedTypes" runstate="Runnable" testcasecount="1" result="Passed" start-time="2024-03-22 00:52:01Z" end-time="2024-03-22 00:52:01Z" duration="0.002870" total="1" passed="1" failed="0" inconclusive="0" skipped="0" asserts="3">
        <test-case id="0-1243" name="TestNestedTypes" fullname="Kaitai.SpecNestedTypes.TestNestedTypes" methodname="TestNestedTypes" classname="Kaitai.SpecNestedTypes" runstate="Runnable" seed="1648750725" result="Passed" start-time="2024-03-22 00:52:01Z" end-time="2024-03-22 00:52:01Z" duration="0.000532" asserts="3" />
      </test-suite>
      <test-suite type="TestFixture" id="0-1244" name="SpecNestedTypes2" fullname="Kaitai.SpecNestedTypes2" classname="Kaitai.SpecNestedTypes2" runstate="Runnable" testcasecount="1" result="Passed" start-time="2024-03-22 00:52:01Z" end-time="2024-03-22 00:52:01Z" duration="0.003148" total="1" passed="1" failed="0" inconclusive="0" skipped="0" asserts="7">
        <test-case id="0-1245" name="TestNestedTypes2" fullname="Kaitai.SpecNestedTypes2.TestNestedTypes2" methodname="TestNestedTypes2" classname="Kaitai.SpecNestedTypes2" runstate="Runnable" seed="1327451935" result="Passed" start-time="2024-03-22 00:52:01Z" end-time="2024-03-22 00:52:01Z" duration="0.000809" asserts="7" />
      </test-suite>
      <test-suite type="TestFixture" id="0-1246" name="SpecNestedTypes3" fullname="Kaitai.SpecNestedTypes3" classname="Kaitai.SpecNestedTypes3" runstate="Runnable" testcasecount="1" result="Passed" start-time="2024-03-22 00:52:01Z" end-time="2024-03-22 00:52:01Z" duration="0.002940" total="1" passed="1" failed="0" inconclusive="0" skipped="0" asserts="5">
        <test-case id="0-1247" name="TestNestedTypes3" fullname="Kaitai.SpecNestedTypes3.TestNestedTypes3" methodname="TestNestedTypes3" classname="Kaitai.SpecNestedTypes3" runstate="Runnable" seed="231337852" result="Passed" start-time="2024-03-22 00:52:01Z" end-time="2024-03-22 00:52:01Z" duration="0.000599" asserts="5" />
      </test-suite>
      <test-suite type="TestFixture" id="0-1248" name="SpecNonStandard" fullname="Kaitai.SpecNonStandard" classname="Kaitai.SpecNonStandard" runstate="Runnable" testcasecount="1" result="Passed" start-time="2024-03-22 00:52:01Z" end-time="2024-03-22 00:52:01Z" duration="0.002655" total="1" passed="1" failed="0" inconclusive="0" skipped="0" asserts="1">
        <test-case id="0-1249" name="TestNonStandard" fullname="Kaitai.SpecNonStandard.TestNonStandard" methodname="TestNonStandard" classname="Kaitai.SpecNonStandard" runstate="Runnable" seed="73989815" result="Passed" start-time="2024-03-22 00:52:01Z" end-time="2024-03-22 00:52:01Z" duration="0.000318" asserts="1" />
      </test-suite>
      <test-suite type="TestFixture" id="0-1250" name="SpecOpaqueExternalType" fullname="Kaitai.SpecOpaqueExternalType" classname="Kaitai.SpecOpaqueExternalType" runstate="Runnable" testcasecount="1" result="Passed" start-time="2024-03-22 00:52:01Z" end-time="2024-03-22 00:52:01Z" duration="0.002771" total="1" passed="1" failed="0" inconclusive="0" skipped="0" asserts="3">
        <test-case id="0-1251" name="TestOpaqueExternalType" fullname="Kaitai.SpecOpaqueExternalType.TestOpaqueExternalType" methodname="TestOpaqueExternalType" classname="Kaitai.SpecOpaqueExternalType" runstate="Runnable" seed="1230504940" result="Passed" start-time="2024-03-22 00:52:01Z" end-time="2024-03-22 00:52:01Z" duration="0.000438" asserts="3" />
      </test-suite>
      <test-suite type="TestFixture" id="0-1252" name="SpecOpaqueExternalType02Parent" fullname="Kaitai.SpecOpaqueExternalType02Parent" classname="Kaitai.SpecOpaqueExternalType02Parent" runstate="Runnable" testcasecount="1" result="Passed" start-time="2024-03-22 00:52:01Z" end-time="2024-03-22 00:52:01Z" duration="0.002980" total="1" passed="1" failed="0" inconclusive="0" skipped="0" asserts="3">
        <test-case id="0-1253" name="TestOpaqueExternalType02Parent" fullname="Kaitai.SpecOpaqueExternalType02Parent.TestOpaqueExternalType02Parent" methodname="TestOpaqueExternalType02Parent" classname="Kaitai.SpecOpaqueExternalType02Parent" runstate="Runnable" seed="557187222" result="Passed" start-time="2024-03-22 00:52:01Z" end-time="2024-03-22 00:52:01Z" duration="0.000640" asserts="3" />
      </test-suite>
      <test-suite type="TestFixture" id="0-1254" name="SpecOpaqueWithParam" fullname="Kaitai.SpecOpaqueWithParam" classname="Kaitai.SpecOpaqueWithParam" runstate="Runnable" testcasecount="1" result="Passed" start-time="2024-03-22 00:52:01Z" end-time="2024-03-22 00:52:01Z" duration="0.002815" total="1" passed="1" failed="0" inconclusive="0" skipped="0" asserts="2">
        <test-case id="0-1255" name="TestOpaqueWithParam" fullname="Kaitai.SpecOpaqueWithParam.TestOpaqueWithParam" methodname="TestOpaqueWithParam" classname="Kaitai.SpecOpaqueWithParam" runstate="Runnable" seed="1264940459" result="Passed" start-time="2024-03-22 00:52:01Z" end-time="2024-03-22 00:52:01Z" duration="0.000476" asserts="2" />
      </test-suite>
      <test-suite type="TestFixture" id="0-1256" name="SpecOptionalId" fullname="Kaitai.SpecOptionalId" classname="Kaitai.SpecOptionalId" runstate="Runnable" testcasecount="1" result="Passed" start-time="2024-03-22 00:52:01Z" end-time="2024-03-22 00:52:01Z" duration="0.002691" total="1" passed="1" failed="0" inconclusive="0" skipped="0" asserts="3">
        <test-case id="0-1257" name="TestOptionalId" fullname="Kaitai.SpecOptionalId.TestOptionalId" methodname="TestOptionalId" classname="Kaitai.SpecOptionalId" runstate="Runnable" seed="1653783375" result="Passed" start-time="2024-03-22 00:52:01Z" end-time="2024-03-22 00:52:01Z" duration="0.000354" asserts="3" />
      </test-suite>
      <test-suite type="TestFixture" id="0-1258" name="SpecParamsCallExtraParens" fullname="Kaitai.SpecParamsCallExtraParens" classname="Kaitai.SpecParamsCallExtraParens" runstate="Runnable" testcasecount="1" result="Passed" start-time="2024-03-22 00:52:01Z" end-time="2024-03-22 00:52:01Z" duration="0.002687" total="1" passed="1" failed="0" inconclusive="0" skipped="0" asserts="1">
        <test-case id="0-1259" name="TestParamsCallExtraParens" fullname="Kaitai.SpecParamsCallExtraParens.TestParamsCallExtraParens" methodname="TestParamsCallExtraParens" classname="Kaitai.SpecParamsCallExtraParens" runstate="Runnable" seed="1966966312" result="Passed" start-time="2024-03-22 00:52:01Z" end-time="2024-03-22 00:52:01Z" duration="0.000351" asserts="1" />
      </test-suite>
      <test-suite type="TestFixture" id="0-1260" name="SpecParamsDef" fullname="Kaitai.SpecParamsDef" classname="Kaitai.SpecParamsDef" runstate="Runnable" testcasecount="1" result="Passed" start-time="2024-03-22 00:52:01Z" end-time="2024-03-22 00:52:01Z" duration="0.002551" total="1" passed="1" failed="0" inconclusive="0" skipped="0" asserts="2">
        <test-case id="0-1261" name="TestParamsDef" fullname="Kaitai.SpecParamsDef.TestParamsDef" methodname="TestParamsDef" classname="Kaitai.SpecParamsDef" runstate="Runnable" seed="2002861780" result="Passed" start-time="2024-03-22 00:52:01Z" end-time="2024-03-22 00:52:01Z" duration="0.000216" asserts="2" />
      </test-suite>
      <test-suite type="TestFixture" id="0-1262" name="SpecParamsEnum" fullname="Kaitai.SpecParamsEnum" classname="Kaitai.SpecParamsEnum" runstate="Runnable" testcasecount="1" result="Passed" start-time="2024-03-22 00:52:01Z" end-time="2024-03-22 00:52:01Z" duration="0.002789" total="1" passed="1" failed="0" inconclusive="0" skipped="0" asserts="2">
        <test-case id="0-1263" name="TestParamsEnum" fullname="Kaitai.SpecParamsEnum.TestParamsEnum" methodname="TestParamsEnum" classname="Kaitai.SpecParamsEnum" runstate="Runnable" seed="1780128426" result="Passed" start-time="2024-03-22 00:52:01Z" end-time="2024-03-22 00:52:01Z" duration="0.000456" asserts="2" />
      </test-suite>
      <test-suite type="TestFixture" id="0-1264" name="SpecParamsPassArrayInt" fullname="Kaitai.SpecParamsPassArrayInt" classname="Kaitai.SpecParamsPassArrayInt" runstate="Runnable" testcasecount="1" result="Passed" start-time="2024-03-22 00:52:01Z" end-time="2024-03-22 00:52:01Z" duration="0.003405" total="1" passed="1" failed="0" inconclusive="0" skipped="0" asserts="7">
        <test-case id="0-1265" name="TestParamsPassArrayInt" fullname="Kaitai.SpecParamsPassArrayInt.TestParamsPassArrayInt" methodname="TestParamsPassArrayInt" classname="Kaitai.SpecParamsPassArrayInt" runstate="Runnable" seed="1840669108" result="Passed" start-time="2024-03-22 00:52:01Z" end-time="2024-03-22 00:52:01Z" duration="0.001063" asserts="7" />
      </test-suite>
      <test-suite type="TestFixture" id="0-1266" name="SpecParamsPassArrayStr" fullname="Kaitai.SpecParamsPassArrayStr" classname="Kaitai.SpecParamsPassArrayStr" runstate="Runnable" testcasecount="1" result="Passed" start-time="2024-03-22 00:52:01Z" end-time="2024-03-22 00:52:01Z" duration="0.003090" total="1" passed="1" failed="0" inconclusive="0" skipped="0" asserts="7">
        <test-case id="0-1267" name="TestParamsPassArrayStr" fullname="Kaitai.SpecParamsPassArrayStr.TestParamsPassArrayStr" methodname="TestParamsPassArrayStr" classname="Kaitai.SpecParamsPassArrayStr" runstate="Runnable" seed="810827316" result="Passed" start-time="2024-03-22 00:52:01Z" end-time="2024-03-22 00:52:01Z" duration="0.000763" asserts="7" />
      </test-suite>
      <test-suite type="TestFixture" id="0-1268" name="SpecParamsPassArrayStruct" fullname="Kaitai.SpecParamsPassArrayStruct" classname="Kaitai.SpecParamsPassArrayStruct" runstate="Runnable" testcasecount="1" result="Passed" start-time="2024-03-22 00:52:01Z" end-time="2024-03-22 00:52:01Z" duration="0.003282" total="1" passed="1" failed="0" inconclusive="0" skipped="0" asserts="3">
        <test-case id="0-1269" name="TestParamsPassArrayStruct" fullname="Kaitai.SpecParamsPassArrayStruct.TestParamsPassArrayStruct" methodname="TestParamsPassArrayStruct" classname="Kaitai.SpecParamsPassArrayStruct" runstate="Runnable" seed="723297522" result="Passed" start-time="2024-03-22 00:52:01Z" end-time="2024-03-22 00:52:01Z" duration="0.000968" asserts="3" />
      </test-suite>
      <test-suite type="TestFixture" id="0-1270" name="SpecParamsPassArrayUsertype" fullname="Kaitai.SpecParamsPassArrayUsertype" classname="Kaitai.SpecParamsPassArrayUsertype" runstate="Runnable" testcasecount="1" result="Passed" start-time="2024-03-22 00:52:01Z" end-time="2024-03-22 00:52:01Z" duration="0.003192" total="1" passed="1" failed="0" inconclusive="0" skipped="0" asserts="5">
        <test-case id="0-1271" name="TestParamsPassArrayUsertype" fullname="Kaitai.SpecParamsPassArrayUsertype.TestParamsPassArrayUsertype" methodname="TestParamsPassArrayUsertype" classname="Kaitai.SpecParamsPassArrayUsertype" runstate="Runnable" seed="1151064148" result="Passed" start-time="2024-03-22 00:52:01Z" end-time="2024-03-22 00:52:01Z" duration="0.000870" asserts="5" />
      </test-suite>
      <test-suite type="TestFixture" id="0-1272" name="SpecParamsPassBool" fullname="Kaitai.SpecParamsPassBool" classname="Kaitai.SpecParamsPassBool" runstate="Runnable" testcasecount="1" result="Passed" start-time="2024-03-22 00:52:01Z" end-time="2024-03-22 00:52:01Z" duration="0.003246" total="1" passed="1" failed="0" inconclusive="0" skipped="0" asserts="14">
        <test-case id="0-1273" name="TestParamsPassBool" fullname="Kaitai.SpecParamsPassBool.TestParamsPassBool" methodname="TestParamsPassBool" classname="Kaitai.SpecParamsPassBool" runstate="Runnable" seed="465049765" result="Passed" start-time="2024-03-22 00:52:01Z" end-time="2024-03-22 00:52:01Z" duration="0.000930" asserts="14" />
      </test-suite>
      <test-suite type="TestFixture" id="0-1274" name="SpecParamsPassStruct" fullname="Kaitai.SpecParamsPassStruct" classname="Kaitai.SpecParamsPassStruct" runstate="Runnable" testcasecount="1" result="Passed" start-time="2024-03-22 00:52:01Z" end-time="2024-03-22 00:52:01Z" duration="0.002971" total="1" passed="1" failed="0" inconclusive="0" skipped="0" asserts="4">
        <test-case id="0-1275" name="TestParamsPassStruct" fullname="Kaitai.SpecParamsPassStruct.TestParamsPassStruct" methodname="TestParamsPassStruct" classname="Kaitai.SpecParamsPassStruct" runstate="Runnable" seed="1709632296" result="Passed" start-time="2024-03-22 00:52:01Z" end-time="2024-03-22 00:52:01Z" duration="0.000650" asserts="4" />
      </test-suite>
      <test-suite type="TestFixture" id="0-1276" name="SpecParamsPassUsertype" fullname="Kaitai.SpecParamsPassUsertype" classname="Kaitai.SpecParamsPassUsertype" runstate="Runnable" testcasecount="1" result="Passed" start-time="2024-03-22 00:52:01Z" end-time="2024-03-22 00:52:01Z" duration="0.002778" total="1" passed="1" failed="0" inconclusive="0" skipped="0" asserts="2">
        <test-case id="0-1277" name="TestParamsPassUsertype" fullname="Kaitai.SpecParamsPassUsertype.TestParamsPassUsertype" methodname="TestParamsPassUsertype" classname="Kaitai.SpecParamsPassUsertype" runstate="Runnable" seed="726049994" result="Passed" start-time="2024-03-22 00:52:01Z" end-time="2024-03-22 00:52:01Z" duration="0.000454" asserts="2" />
      </test-suite>
      <test-suite type="TestFixture" id="0-1278" name="SpecPositionAbs" fullname="Kaitai.SpecPositionAbs" classname="Kaitai.SpecPositionAbs" runstate="Runnable" testcasecount="1" result="Passed" start-time="2024-03-22 00:52:01Z" end-time="2024-03-22 00:52:01Z" duration="0.002783" total="1" passed="1" failed="0" inconclusive="0" skipped="0" asserts="2">
        <test-case id="0-1279" name="TestPositionAbs" fullname="Kaitai.SpecPositionAbs.TestPositionAbs" methodname="TestPositionAbs" classname="Kaitai.SpecPositionAbs" runstate="Runnable" seed="1106696737" result="Passed" start-time="2024-03-22 00:52:01Z" end-time="2024-03-22 00:52:01Z" duration="0.000460" asserts="2" />
      </test-suite>
      <test-suite type="TestFixture" id="0-1280" name="SpecPositionInSeq" fullname="Kaitai.SpecPositionInSeq" classname="Kaitai.SpecPositionInSeq" runstate="Runnable" testcasecount="1" result="Passed" start-time="2024-03-22 00:52:01Z" end-time="2024-03-22 00:52:01Z" duration="0.003401" total="1" passed="1" failed="0" inconclusive="0" skipped="0" asserts="1">
        <test-case id="0-1281" name="TestPositionInSeq" fullname="Kaitai.SpecPositionInSeq.TestPositionInSeq" methodname="TestPositionInSeq" classname="Kaitai.SpecPositionInSeq" runstate="Runnable" seed="500613589" result="Passed" start-time="2024-03-22 00:52:01Z" end-time="2024-03-22 00:52:01Z" duration="0.001081" asserts="1" />
      </test-suite>
      <test-suite type="TestFixture" id="0-1282" name="SpecPositionToEnd" fullname="Kaitai.SpecPositionToEnd" classname="Kaitai.SpecPositionToEnd" runstate="Runnable" testcasecount="1" result="Passed" start-time="2024-03-22 00:52:01Z" end-time="2024-03-22 00:52:01Z" duration="0.002798" total="1" passed="1" failed="0" inconclusive="0" skipped="0" asserts="2">
        <test-case id="0-1283" name="TestPositionToEnd" fullname="Kaitai.SpecPositionToEnd.TestPositionToEnd" methodname="TestPositionToEnd" classname="Kaitai.SpecPositionToEnd" runstate="Runnable" seed="81442185" result="Passed" start-time="2024-03-22 00:52:01Z" end-time="2024-03-22 00:52:01Z" duration="0.000436" asserts="2" />
      </test-suite>
      <test-suite type="TestFixture" id="0-1284" name="SpecProcessCoerceBytes" fullname="Kaitai.SpecProcessCoerceBytes" classname="Kaitai.SpecProcessCoerceBytes" runstate="Runnable" testcasecount="1" result="Passed" start-time="2024-03-22 00:52:01Z" end-time="2024-03-22 00:52:01Z" duration="0.003203" total="1" passed="1" failed="0" inconclusive="0" skipped="0" asserts="4">
        <test-case id="0-1285" name="TestProcessCoerceBytes" fullname="Kaitai.SpecProcessCoerceBytes.TestProcessCoerceBytes" methodname="TestProcessCoerceBytes" classname="Kaitai.SpecProcessCoerceBytes" runstate="Runnable" seed="1472222420" result="Passed" start-time="2024-03-22 00:52:01Z" end-time="2024-03-22 00:52:01Z" duration="0.000880" asserts="4" />
      </test-suite>
      <test-suite type="TestFixture" id="0-1286" name="SpecProcessCoerceSwitch" fullname="Kaitai.SpecProcessCoerceSwitch" classname="Kaitai.SpecProcessCoerceSwitch" runstate="Runnable" testcasecount="1" result="Passed" start-time="2024-03-22 00:52:01Z" end-time="2024-03-22 00:52:01Z" duration="0.002910" total="1" passed="1" failed="0" inconclusive="0" skipped="0" asserts="3">
        <test-case id="0-1287" name="TestProcessCoerceSwitch" fullname="Kaitai.SpecProcessCoerceSwitch.TestProcessCoerceSwitch" methodname="TestProcessCoerceSwitch" classname="Kaitai.SpecProcessCoerceSwitch" runstate="Runnable" seed="357586405" result="Passed" start-time="2024-03-22 00:52:01Z" end-time="2024-03-22 00:52:01Z" duration="0.000588" asserts="3" />
      </test-suite>
      <test-suite type="TestFixture" id="0-1288" name="SpecProcessCoerceUsertype1" fullname="Kaitai.SpecProcessCoerceUsertype1" classname="Kaitai.SpecProcessCoerceUsertype1" runstate="Runnable" testcasecount="1" result="Passed" start-time="2024-03-22 00:52:01Z" end-time="2024-03-22 00:52:01Z" duration="0.003212" total="1" passed="1" failed="0" inconclusive="0" skipped="0" asserts="4">
        <test-case id="0-1289" name="TestProcessCoerceUsertype1" fullname="Kaitai.SpecProcessCoerceUsertype1.TestProcessCoerceUsertype1" methodname="TestProcessCoerceUsertype1" classname="Kaitai.SpecProcessCoerceUsertype1" runstate="Runnable" seed="1797991670" result="Passed" start-time="2024-03-22 00:52:01Z" end-time="2024-03-22 00:52:01Z" duration="0.000887" asserts="4" />
      </test-suite>
      <test-suite type="TestFixture" id="0-1290" name="SpecProcessCoerceUsertype2" fullname="Kaitai.SpecProcessCoerceUsertype2" classname="Kaitai.SpecProcessCoerceUsertype2" runstate="Runnable" testcasecount="1" result="Passed" start-time="2024-03-22 00:52:01Z" end-time="2024-03-22 00:52:01Z" duration="0.003182" total="1" passed="1" failed="0" inconclusive="0" skipped="0" asserts="4">
        <test-case id="0-1291" name="TestProcessCoerceUsertype2" fullname="Kaitai.SpecProcessCoerceUsertype2.TestProcessCoerceUsertype2" methodname="TestProcessCoerceUsertype2" classname="Kaitai.SpecProcessCoerceUsertype2" runstate="Runnable" seed="806750440" result="Passed" start-time="2024-03-22 00:52:01Z" end-time="2024-03-22 00:52:01Z" duration="0.000855" asserts="4" />
      </test-suite>
      <test-suite type="TestFixture" id="0-1292" name="SpecProcessCustom" fullname="Kaitai.SpecProcessCustom" classname="Kaitai.SpecProcessCustom" runstate="Runnable" testcasecount="1" result="Passed" start-time="2024-03-22 00:52:01Z" end-time="2024-03-22 00:52:01Z" duration="0.002908" total="1" passed="1" failed="0" inconclusive="0" skipped="0" asserts="3">
        <test-case id="0-1293" name="TestProcessCustom" fullname="Kaitai.SpecProcessCustom.TestProcessCustom" methodname="TestProcessCustom" classname="Kaitai.SpecProcessCustom" runstate="Runnable" seed="616244069" result="Passed" start-time="2024-03-22 00:52:01Z" end-time="2024-03-22 00:52:01Z" duration="0.000546" asserts="3" />
      </test-suite>
      <test-suite type="TestFixture" id="0-1294" name="SpecProcessCustomNoArgs" fullname="Kaitai.SpecProcessCustomNoArgs" classname="Kaitai.SpecProcessCustomNoArgs" runstate="Runnable" testcasecount="1" result="Passed" start-time="2024-03-22 00:52:01Z" end-time="2024-03-22 00:52:01Z" duration="0.002686" total="1" passed="1" failed="0" inconclusive="0" skipped="0" asserts="1">
        <test-case id="0-1295" name="TestProcessCustomNoArgs" fullname="Kaitai.SpecProcessCustomNoArgs.TestProcessCustomNoArgs" methodname="TestProcessCustomNoArgs" classname="Kaitai.SpecProcessCustomNoArgs" runstate="Runnable" seed="308932929" result="Passed" start-time="2024-03-22 00:52:01Z" end-time="2024-03-22 00:52:01Z" duration="0.000365" asserts="1" />
      </test-suite>
      <test-suite type="TestFixture" id="0-1296" name="SpecProcessRepeatBytes" fullname="Kaitai.SpecProcessRepeatBytes" classname="Kaitai.SpecProcessRepeatBytes" runstate="Runnable" testcasecount="1" result="Passed" start-time="2024-03-22 00:52:01Z" end-time="2024-03-22 00:52:01Z" duration="0.002792" total="1" passed="1" failed="0" inconclusive="0" skipped="0" asserts="2">
        <test-case id="0-1297" name="TestProcessRepeatBytes" fullname="Kaitai.SpecProcessRepeatBytes.TestProcessRepeatBytes" methodname="TestProcessRepeatBytes" classname="Kaitai.SpecProcessRepeatBytes" runstate="Runnable" seed="1593637626" result="Passed" start-time="2024-03-22 00:52:01Z" end-time="2024-03-22 00:52:01Z" duration="0.000471" asserts="2" />
      </test-suite>
      <test-suite type="TestFixture" id="0-1298" name="SpecProcessRepeatUsertype" fullname="Kaitai.SpecProcessRepeatUsertype" classname="Kaitai.SpecProcessRepeatUsertype" runstate="Runnable" testcasecount="1" result="Passed" start-time="2024-03-22 00:52:01Z" end-time="2024-03-22 00:52:01Z" duration="0.003161" total="1" passed="1" failed="0" inconclusive="0" skipped="0" asserts="4">
        <test-case id="0-1299" name="TestProcessRepeatUsertype" fullname="Kaitai.SpecProcessRepeatUsertype.TestProcessRepeatUsertype" methodname="TestProcessRepeatUsertype" classname="Kaitai.SpecProcessRepeatUsertype" runstate="Runnable" seed="2070346386" result="Passed" start-time="2024-03-22 00:52:01Z" end-time="2024-03-22 00:52:01Z" duration="0.000838" asserts="4" />
      </test-suite>
      <test-suite type="TestFixture" id="0-1300" name="SpecProcessRotate" fullname="Kaitai.SpecProcessRotate" classname="Kaitai.SpecProcessRotate" runstate="Runnable" testcasecount="1" result="Passed" start-time="2024-03-22 00:52:01Z" end-time="2024-03-22 00:52:01Z" duration="0.002822" total="1" passed="1" failed="0" inconclusive="0" skipped="0" asserts="3">
        <test-case id="0-1301" name="TestProcessRotate" fullname="Kaitai.SpecProcessRotate.TestProcessRotate" methodname="TestProcessRotate" classname="Kaitai.SpecProcessRotate" runstate="Runnable" seed="1600101087" result="Passed" start-time="2024-03-22 00:52:01Z" end-time="2024-03-22 00:52:01Z" duration="0.000500" asserts="3" />
      </test-suite>
      <test-suite type="TestFixture" id="0-1302" name="SpecProcessToUser" fullname="Kaitai.SpecProcessToUser" classname="Kaitai.SpecProcessToUser" runstate="Runnable" testcasecount="1" result="Passed" start-time="2024-03-22 00:52:01Z" end-time="2024-03-22 00:52:01Z" duration="0.002711" total="1" passed="1" failed="0" inconclusive="0" skipped="0" asserts="1">
        <test-case id="0-1303" name="TestProcessToUser" fullname="Kaitai.SpecProcessToUser.TestProcessToUser" methodname="TestProcessToUser" classname="Kaitai.SpecProcessToUser" runstate="Runnable" seed="1071474831" result="Passed" start-time="2024-03-22 00:52:01Z" end-time="2024-03-22 00:52:01Z" duration="0.000395" asserts="1" />
      </test-suite>
      <test-suite type="TestFixture" id="0-1304" name="SpecProcessXor4Const" fullname="Kaitai.SpecProcessXor4Const" classname="Kaitai.SpecProcessXor4Const" runstate="Runnable" testcasecount="1" result="Passed" start-time="2024-03-22 00:52:01Z" end-time="2024-03-22 00:52:01Z" duration="0.002715" total="1" passed="1" failed="0" inconclusive="0" skipped="0" asserts="2">
        <test-case id="0-1305" name="TestProcessXor4Const" fullname="Kaitai.SpecProcessXor4Const.TestProcessXor4Const" methodname="TestProcessXor4Const" classname="Kaitai.SpecProcessXor4Const" runstate="Runnable" seed="750531118" result="Passed" start-time="2024-03-22 00:52:01Z" end-time="2024-03-22 00:52:01Z" duration="0.000398" asserts="2" />
      </test-suite>
      <test-suite type="TestFixture" id="0-1306" name="SpecProcessXor4Value" fullname="Kaitai.SpecProcessXor4Value" classname="Kaitai.SpecProcessXor4Value" runstate="Runnable" testcasecount="1" result="Passed" start-time="2024-03-22 00:52:01Z" end-time="2024-03-22 00:52:01Z" duration="0.002628" total="1" passed="1" failed="0" inconclusive="0" skipped="0" asserts="2">
        <test-case id="0-1307" name="TestProcessXor4Value" fullname="Kaitai.SpecProcessXor4Value.TestProcessXor4Value" methodname="TestProcessXor4Value" classname="Kaitai.SpecProcessXor4Value" runstate="Runnable" seed="1592502473" result="Passed" start-time="2024-03-22 00:52:01Z" end-time="2024-03-22 00:52:01Z" duration="0.000309" asserts="2" />
      </test-suite>
      <test-suite type="TestFixture" id="0-1308" name="SpecProcessXorConst" fullname="Kaitai.SpecProcessXorConst" classname="Kaitai.SpecProcessXorConst" runstate="Runnable" testcasecount="1" result="Passed" start-time="2024-03-22 00:52:01Z" end-time="2024-03-22 00:52:01Z" duration="0.002629" total="1" passed="1" failed="0" inconclusive="0" skipped="0" asserts="2">
        <test-case id="0-1309" name="TestProcessXorConst" fullname="Kaitai.SpecProcessXorConst.TestProcessXorConst" methodname="TestProcessXorConst" classname="Kaitai.SpecProcessXorConst" runstate="Runnable" seed="197885196" result="Passed" start-time="2024-03-22 00:52:01Z" end-time="2024-03-22 00:52:01Z" duration="0.000314" asserts="2" />
      </test-suite>
      <test-suite type="TestFixture" id="0-1310" name="SpecProcessXorValue" fullname="Kaitai.SpecProcessXorValue" classname="Kaitai.SpecProcessXorValue" runstate="Runnable" testcasecount="1" result="Passed" start-time="2024-03-22 00:52:01Z" end-time="2024-03-22 00:52:01Z" duration="0.002631" total="1" passed="1" failed="0" inconclusive="0" skipped="0" asserts="2">
        <test-case id="0-1311" name="TestProcessXorValue" fullname="Kaitai.SpecProcessXorValue.TestProcessXorValue" methodname="TestProcessXorValue" classname="Kaitai.SpecProcessXorValue" runstate="Runnable" seed="1790117122" result="Passed" start-time="2024-03-22 00:52:01Z" end-time="2024-03-22 00:52:01Z" duration="0.000316" asserts="2" />
      </test-suite>
      <test-suite type="TestFixture" id="0-1312" name="SpecRecursiveOne" fullname="Kaitai.SpecRecursiveOne" classname="Kaitai.SpecRecursiveOne" runstate="Runnable" testcasecount="1" result="Passed" start-time="2024-03-22 00:52:01Z" end-time="2024-03-22 00:52:01Z" duration="0.002884" total="1" passed="1" failed="0" inconclusive="0" skipped="0" asserts="4">
        <test-case id="0-1313" name="TestRecursiveOne" fullname="Kaitai.SpecRecursiveOne.TestRecursiveOne" methodname="TestRecursiveOne" classname="Kaitai.SpecRecursiveOne" runstate="Runnable" seed="686786930" result="Passed" start-time="2024-03-22 00:52:01Z" end-time="2024-03-22 00:52:01Z" duration="0.000533" asserts="4" />
      </test-suite>
      <test-suite type="TestFixture" id="0-1314" name="SpecRepeatEosBit" fullname="Kaitai.SpecRepeatEosBit" classname="Kaitai.SpecRepeatEosBit" runstate="Runnable" testcasecount="1" result="Passed" start-time="2024-03-22 00:52:01Z" end-time="2024-03-22 00:52:01Z" duration="0.002980" total="1" passed="1" failed="0" inconclusive="0" skipped="0" asserts="1">
        <test-case id="0-1315" name="TestRepeatEosBit" fullname="Kaitai.SpecRepeatEosBit.TestRepeatEosBit" methodname="TestRepeatEosBit" classname="Kaitai.SpecRepeatEosBit" runstate="Runnable" seed="1047796208" result="Passed" start-time="2024-03-22 00:52:01Z" end-time="2024-03-22 00:52:01Z" duration="0.000624" asserts="1" />
      </test-suite>
      <test-suite type="TestFixture" id="0-1316" name="SpecRepeatEosStruct" fullname="Kaitai.SpecRepeatEosStruct" classname="Kaitai.SpecRepeatEosStruct" runstate="Runnable" testcasecount="1" result="Passed" start-time="2024-03-22 00:52:01Z" end-time="2024-03-22 00:52:01Z" duration="0.003004" total="1" passed="1" failed="0" inconclusive="0" skipped="0" asserts="5">
        <test-case id="0-1317" name="TestRepeatEosStruct" fullname="Kaitai.SpecRepeatEosStruct.TestRepeatEosStruct" methodname="TestRepeatEosStruct" classname="Kaitai.SpecRepeatEosStruct" runstate="Runnable" seed="323420440" result="Passed" start-time="2024-03-22 00:52:01Z" end-time="2024-03-22 00:52:01Z" duration="0.000685" asserts="5" />
      </test-suite>
      <test-suite type="TestFixture" id="0-1318" name="SpecRepeatEosU4" fullname="Kaitai.SpecRepeatEosU4" classname="Kaitai.SpecRepeatEosU4" runstate="Runnable" testcasecount="1" result="Passed" start-time="2024-03-22 00:52:01Z" end-time="2024-03-22 00:52:01Z" duration="0.002982" total="1" passed="1" failed="0" inconclusive="0" skipped="0" asserts="1">
        <test-case id="0-1319" name="TestRepeatEosU4" fullname="Kaitai.SpecRepeatEosU4.TestRepeatEosU4" methodname="TestRepeatEosU4" classname="Kaitai.SpecRepeatEosU4" runstate="Runnable" seed="1178676101" result="Passed" start-time="2024-03-22 00:52:01Z" end-time="2024-03-22 00:52:01Z" duration="0.000651" asserts="1" />
      </test-suite>
      <test-suite type="TestFixture" id="0-1320" name="SpecRepeatNStruct" fullname="Kaitai.SpecRepeatNStruct" classname="Kaitai.SpecRepeatNStruct" runstate="Runnable" testcasecount="1" result="Passed" start-time="2024-03-22 00:52:01Z" end-time="2024-03-22 00:52:01Z" duration="0.003040" total="1" passed="1" failed="0" inconclusive="0" skipped="0" asserts="5">
        <test-case id="0-1321" name="TestRepeatNStruct" fullname="Kaitai.SpecRepeatNStruct.TestRepeatNStruct" methodname="TestRepeatNStruct" classname="Kaitai.SpecRepeatNStruct" runstate="Runnable" seed="2138651376" result="Passed" start-time="2024-03-22 00:52:01Z" end-time="2024-03-22 00:52:01Z" duration="0.000708" asserts="5" />
      </test-suite>
      <test-suite type="TestFixture" id="0-1322" name="SpecRepeatNStrz" fullname="Kaitai.SpecRepeatNStrz" classname="Kaitai.SpecRepeatNStrz" runstate="Runnable" testcasecount="1" result="Passed" start-time="2024-03-22 00:52:01Z" end-time="2024-03-22 00:52:01Z" duration="0.002909" total="1" passed="1" failed="0" inconclusive="0" skipped="0" asserts="2">
        <test-case id="0-1323" name="TestRepeatNStrz" fullname="Kaitai.SpecRepeatNStrz.TestRepeatNStrz" methodname="TestRepeatNStrz" classname="Kaitai.SpecRepeatNStrz" runstate="Runnable" seed="381315576" result="Passed" start-time="2024-03-22 00:52:01Z" end-time="2024-03-22 00:52:01Z" duration="0.000565" asserts="2" />
      </test-suite>
      <test-suite type="TestFixture" id="0-1324" name="SpecRepeatNStrzDouble" fullname="Kaitai.SpecRepeatNStrzDouble" classname="Kaitai.SpecRepeatNStrzDouble" runstate="Runnable" testcasecount="1" result="Passed" start-time="2024-03-22 00:52:01Z" end-time="2024-03-22 00:52:01Z" duration="0.002958" total="1" passed="1" failed="0" inconclusive="0" skipped="0" asserts="3">
        <test-case id="0-1325" name="TestRepeatNStrzDouble" fullname="Kaitai.SpecRepeatNStrzDouble.TestRepeatNStrzDouble" methodname="TestRepeatNStrzDouble" classname="Kaitai.SpecRepeatNStrzDouble" runstate="Runnable" seed="255045255" result="Passed" start-time="2024-03-22 00:52:01Z" end-time="2024-03-22 00:52:01Z" duration="0.000626" asserts="3" />
      </test-suite>
      <test-suite type="TestFixture" id="0-1326" name="SpecRepeatUntilCalcArrayType" fullname="Kaitai.SpecRepeatUntilCalcArrayType" classname="Kaitai.SpecRepeatUntilCalcArrayType" runstate="Runnable" testcasecount="1" result="Passed" start-time="2024-03-22 00:52:01Z" end-time="2024-03-22 00:52:01Z" duration="0.003347" total="1" passed="1" failed="0" inconclusive="0" skipped="0" asserts="7">
        <test-case id="0-1327" name="TestRepeatUntilCalcArrayType" fullname="Kaitai.SpecRepeatUntilCalcArrayType.TestRepeatUntilCalcArrayType" methodname="TestRepeatUntilCalcArrayType" classname="Kaitai.SpecRepeatUntilCalcArrayType" runstate="Runnable" seed="117766191" result="Passed" start-time="2024-03-22 00:52:01Z" end-time="2024-03-22 00:52:01Z" duration="0.001010" asserts="7" />
      </test-suite>
      <test-suite type="TestFixture" id="0-1328" name="SpecRepeatUntilComplex" fullname="Kaitai.SpecRepeatUntilComplex" classname="Kaitai.SpecRepeatUntilComplex" runstate="Runnable" testcasecount="1" result="Passed" start-time="2024-03-22 00:52:01Z" end-time="2024-03-22 00:52:01Z" duration="0.004975" total="1" passed="1" failed="0" inconclusive="0" skipped="0" asserts="15">
        <test-case id="0-1329" name="TestRepeatUntilComplex" fullname="Kaitai.SpecRepeatUntilComplex.TestRepeatUntilComplex" methodname="TestRepeatUntilComplex" classname="Kaitai.SpecRepeatUntilComplex" runstate="Runnable" seed="1417560721" result="Passed" start-time="2024-03-22 00:52:01Z" end-time="2024-03-22 00:52:01Z" duration="0.002616" asserts="15" />
      </test-suite>
      <test-suite type="TestFixture" id="0-1330" name="SpecRepeatUntilS4" fullname="Kaitai.SpecRepeatUntilS4" classname="Kaitai.SpecRepeatUntilS4" runstate="Runnable" testcasecount="1" result="Passed" start-time="2024-03-22 00:52:01Z" end-time="2024-03-22 00:52:01Z" duration="0.002925" total="1" passed="1" failed="0" inconclusive="0" skipped="0" asserts="2">
        <test-case id="0-1331" name="TestRepeatUntilS4" fullname="Kaitai.SpecRepeatUntilS4.TestRepeatUntilS4" methodname="TestRepeatUntilS4" classname="Kaitai.SpecRepeatUntilS4" runstate="Runnable" seed="622484556" result="Passed" start-time="2024-03-22 00:52:01Z" end-time="2024-03-22 00:52:01Z" duration="0.000581" asserts="2" />
      </test-suite>
      <test-suite type="TestFixture" id="0-1332" name="SpecRepeatUntilSized" fullname="Kaitai.SpecRepeatUntilSized" classname="Kaitai.SpecRepeatUntilSized" runstate="Runnable" testcasecount="1" result="Passed" start-time="2024-03-22 00:52:01Z" end-time="2024-03-22 00:52:01Z" duration="0.003199" total="1" passed="1" failed="0" inconclusive="0" skipped="0" asserts="7">
        <test-case id="0-1333" name="TestRepeatUntilSized" fullname="Kaitai.SpecRepeatUntilSized.TestRepeatUntilSized" methodname="TestRepeatUntilSized" classname="Kaitai.SpecRepeatUntilSized" runstate="Runnable" seed="1740454243" result="Passed" start-time="2024-03-22 00:52:01Z" end-time="2024-03-22 00:52:01Z" duration="0.000859" asserts="7" />
      </test-suite>
      <test-suite type="TestFixture" id="0-1334" name="SpecStrEncodings" fullname="Kaitai.SpecStrEncodings" classname="Kaitai.SpecStrEncodings" runstate="Runnable" testcasecount="1" result="Passed" start-time="2024-03-22 00:52:01Z" end-time="2024-03-22 00:52:01Z" duration="0.002786" total="1" passed="1" failed="0" inconclusive="0" skipped="0" asserts="4">
        <test-case id="0-1335" name="TestStrEncodings" fullname="Kaitai.SpecStrEncodings.TestStrEncodings" methodname="TestStrEncodings" classname="Kaitai.SpecStrEncodings" runstate="Runnable" seed="928900944" result="Passed" start-time="2024-03-22 00:52:01Z" end-time="2024-03-22 00:52:01Z" duration="0.000447" asserts="4" />
      </test-suite>
      <test-suite type="TestFixture" id="0-1336" name="SpecStrEncodingsDefault" fullname="Kaitai.SpecStrEncodingsDefault" classname="Kaitai.SpecStrEncodingsDefault" runstate="Runnable" testcasecount="1" result="Passed" start-time="2024-03-22 00:52:01Z" end-time="2024-03-22 00:52:01Z" duration="0.002876" total="1" passed="1" failed="0" inconclusive="0" skipped="0" asserts="4">
        <test-case id="0-1337" name="TestStrEncodingsDefault" fullname="Kaitai.SpecStrEncodingsDefault.TestStrEncodingsDefault" methodname="TestStrEncodingsDefault" classname="Kaitai.SpecStrEncodingsDefault" runstate="Runnable" seed="865118920" result="Passed" start-time="2024-03-22 00:52:01Z" end-time="2024-03-22 00:52:01Z" duration="0.000544" asserts="4" />
      </test-suite>
      <test-suite type="TestFixture" id="0-1338" name="SpecStrEncodingsUtf16" fullname="Kaitai.SpecStrEncodingsUtf16" classname="Kaitai.SpecStrEncodingsUtf16" runstate="Runnable" testcasecount="1" result="Passed" start-time="2024-03-22 00:52:01Z" end-time="2024-03-22 00:52:01Z" duration="0.004075" total="1" passed="1" failed="0" inconclusive="0" skipped="0" asserts="6">
        <test-case id="0-1339" name="TestStrEncodingsUtf16" fullname="Kaitai.SpecStrEncodingsUtf16.TestStrEncodingsUtf16" methodname="TestStrEncodingsUtf16" classname="Kaitai.SpecStrEncodingsUtf16" runstate="Runnable" seed="748169168" result="Passed" start-time="2024-03-22 00:52:01Z" end-time="2024-03-22 00:52:01Z" duration="0.001731" asserts="6" />
      </test-suite>
      <test-suite type="TestFixture" id="0-1340" name="SpecStrEos" fullname="Kaitai.SpecStrEos" classname="Kaitai.SpecStrEos" runstate="Runnable" testcasecount="1" result="Passed" start-time="2024-03-22 00:52:01Z" end-time="2024-03-22 00:52:01Z" duration="0.002657" total="1" passed="1" failed="0" inconclusive="0" skipped="0" asserts="1">
        <test-case id="0-1341" name="TestStrEos" fullname="Kaitai.SpecStrEos.TestStrEos" methodname="TestStrEos" classname="Kaitai.SpecStrEos" runstate="Runnable" seed="1490086368" result="Passed" start-time="2024-03-22 00:52:01Z" end-time="2024-03-22 00:52:01Z" duration="0.000306" asserts="1" />
      </test-suite>
      <test-suite type="TestFixture" id="0-1342" name="SpecStrLiterals" fullname="Kaitai.SpecStrLiterals" classname="Kaitai.SpecStrLiterals" runstate="Runnable" testcasecount="1" result="Passed" start-time="2024-03-22 00:52:01Z" end-time="2024-03-22 00:52:01Z" duration="0.004554" total="1" passed="1" failed="0" inconclusive="0" skipped="0" asserts="5">
        <test-case id="0-1343" name="TestStrLiterals" fullname="Kaitai.SpecStrLiterals.TestStrLiterals" methodname="TestStrLiterals" classname="Kaitai.SpecStrLiterals" runstate="Runnable" seed="971394642" result="Passed" start-time="2024-03-22 00:52:01Z" end-time="2024-03-22 00:52:01Z" duration="0.002209" asserts="5" />
      </test-suite>
      <test-suite type="TestFixture" id="0-1344" name="SpecStrLiterals2" fullname="Kaitai.SpecStrLiterals2" classname="Kaitai.SpecStrLiterals2" runstate="Runnable" testcasecount="1" result="Passed" start-time="2024-03-22 00:52:01Z" end-time="2024-03-22 00:52:01Z" duration="0.002738" total="1" passed="1" failed="0" inconclusive="0" skipped="0" asserts="4">
        <test-case id="0-1345" name="TestStrLiterals2" fullname="Kaitai.SpecStrLiterals2.TestStrLiterals2" methodname="TestStrLiterals2" classname="Kaitai.SpecStrLiterals2" runstate="Runnable" seed="900375440" result="Passed" start-time="2024-03-22 00:52:01Z" end-time="2024-03-22 00:52:01Z" duration="0.000394" asserts="4" />
      </test-suite>
      <test-suite type="TestFixture" id="0-1346" name="SpecStrPadTerm" fullname="Kaitai.SpecStrPadTerm" classname="Kaitai.SpecStrPadTerm" runstate="Runnable" testcasecount="1" result="Passed" start-time="2024-03-22 00:52:01Z" end-time="2024-03-22 00:52:01Z" duration="0.002757" total="1" passed="1" failed="0" inconclusive="0" skipped="0" asserts="4">
        <test-case id="0-1347" name="TestStrPadTerm" fullname="Kaitai.SpecStrPadTerm.TestStrPadTerm" methodname="TestStrPadTerm" classname="Kaitai.SpecStrPadTerm" runstate="Runnable" seed="1521401502" result="Passed" start-time="2024-03-22 00:52:01Z" end-time="2024-03-22 00:52:01Z" duration="0.000400" asserts="4" />
      </test-suite>
      <test-suite type="TestFixture" id="0-1348" name="SpecStrPadTermEmpty" fullname="Kaitai.SpecStrPadTermEmpty" classname="Kaitai.SpecStrPadTermEmpty" runstate="Runnable" testcasecount="1" result="Passed" start-time="2024-03-22 00:52:01Z" end-time="2024-03-22 00:52:01Z" duration="0.002714" total="1" passed="1" failed="0" inconclusive="0" skipped="0" asserts="4">
        <test-case id="0-1349" name="TestStrPadTermEmpty" fullname="Kaitai.SpecStrPadTermEmpty.TestStrPadTermEmpty" methodname="TestStrPadTermEmpty" classname="Kaitai.SpecStrPadTermEmpty" runstate="Runnable" seed="446694234" result="Passed" start-time="2024-03-22 00:52:01Z" end-time="2024-03-22 00:52:01Z" duration="0.000376" asserts="4" />
      </test-suite>
      <test-suite type="TestFixture" id="0-1350" name="SpecSwitchBytearray" fullname="Kaitai.SpecSwitchBytearray" classname="Kaitai.SpecSwitchBytearray" runstate="Runnable" testcasecount="1" result="Passed" start-time="2024-03-22 00:52:01Z" end-time="2024-03-22 00:52:01Z" duration="0.003537" total="1" passed="1" failed="0" inconclusive="0" skipped="0" asserts="9">
        <test-case id="0-1351" name="TestSwitchBytearray" fullname="Kaitai.SpecSwitchBytearray.TestSwitchBytearray" methodname="TestSwitchBytearray" classname="Kaitai.SpecSwitchBytearray" runstate="Runnable" seed="1851380034" result="Passed" start-time="2024-03-22 00:52:01Z" end-time="2024-03-22 00:52:01Z" duration="0.001177" asserts="9" />
      </test-suite>
      <test-suite type="TestFixture" id="0-1352" name="SpecSwitchCast" fullname="Kaitai.SpecSwitchCast" classname="Kaitai.SpecSwitchCast" runstate="Runnable" testcasecount="1" result="Passed" start-time="2024-03-22 00:52:01Z" end-time="2024-03-22 00:52:01Z" duration="0.003585" total="1" passed="1" failed="0" inconclusive="0" skipped="0" asserts="3">
        <test-case id="0-1353" name="TestSwitchCast" fullname="Kaitai.SpecSwitchCast.TestSwitchCast" methodname="TestSwitchCast" classname="Kaitai.SpecSwitchCast" runstate="Runnable" seed="1537180475" result="Passed" start-time="2024-03-22 00:52:01Z" end-time="2024-03-22 00:52:01Z" duration="0.001246" asserts="3" />
      </test-suite>
      <test-suite type="TestFixture" id="0-1354" name="SpecSwitchElseOnly" fullname="Kaitai.SpecSwitchElseOnly" classname="Kaitai.SpecSwitchElseOnly" runstate="Runnable" testcasecount="1" result="Passed" start-time="2024-03-22 00:52:01Z" end-time="2024-03-22 00:52:01Z" duration="0.002785" total="1" passed="1" failed="0" inconclusive="0" skipped="0" asserts="3">
        <test-case id="0-1355" name="TestSwitchElseOnly" fullname="Kaitai.SpecSwitchElseOnly.TestSwitchElseOnly" methodname="TestSwitchElseOnly" classname="Kaitai.SpecSwitchElseOnly" runstate="Runnable" seed="813890250" result="Passed" start-time="2024-03-22 00:52:01Z" end-time="2024-03-22 00:52:01Z" duration="0.000443" asserts="3" />
      </test-suite>
      <test-suite type="TestFixture" id="0-1356" name="SpecSwitchIntegers" fullname="Kaitai.SpecSwitchIntegers" classname="Kaitai.SpecSwitchIntegers" runstate="Runnable" testcasecount="1" result="Passed" start-time="2024-03-22 00:52:01Z" end-time="2024-03-22 00:52:01Z" duration="0.003248" total="1" passed="1" failed="0" inconclusive="0" skipped="0" asserts="9">
        <test-case id="0-1357" name="TestSwitchIntegers" fullname="Kaitai.SpecSwitchIntegers.TestSwitchIntegers" methodname="TestSwitchIntegers" classname="Kaitai.SpecSwitchIntegers" runstate="Runnable" seed="73110291" result="Passed" start-time="2024-03-22 00:52:01Z" end-time="2024-03-22 00:52:01Z" duration="0.000906" asserts="9" />
      </test-suite>
      <test-suite type="TestFixture" id="0-1358" name="SpecSwitchIntegers2" fullname="Kaitai.SpecSwitchIntegers2" classname="Kaitai.SpecSwitchIntegers2" runstate="Runnable" testcasecount="1" result="Passed" start-time="2024-03-22 00:52:01Z" end-time="2024-03-22 00:52:01Z" duration="0.003425" total="1" passed="1" failed="0" inconclusive="0" skipped="0" asserts="5">
        <test-case id="0-1359" name="TestSwitchIntegers2" fullname="Kaitai.SpecSwitchIntegers2.TestSwitchIntegers2" methodname="TestSwitchIntegers2" classname="Kaitai.SpecSwitchIntegers2" runstate="Runnable" seed="1524038332" result="Passed" start-time="2024-03-22 00:52:01Z" end-time="2024-03-22 00:52:01Z" duration="0.001073" asserts="5" />
      </test-suite>
      <test-suite type="TestFixture" id="0-1360" name="SpecSwitchManualEnum" fullname="Kaitai.SpecSwitchManualEnum" classname="Kaitai.SpecSwitchManualEnum" runstate="Runnable" testcasecount="1" result="Passed" start-time="2024-03-22 00:52:01Z" end-time="2024-03-22 00:52:01Z" duration="0.003484" total="1" passed="1" failed="0" inconclusive="0" skipped="0" asserts="9">
        <test-case id="0-1361" name="TestSwitchManualEnum" fullname="Kaitai.SpecSwitchManualEnum.TestSwitchManualEnum" methodname="TestSwitchManualEnum" classname="Kaitai.SpecSwitchManualEnum" runstate="Runnable" seed="1297094675" result="Passed" start-time="2024-03-22 00:52:01Z" end-time="2024-03-22 00:52:01Z" duration="0.001141" asserts="9" />
      </test-suite>
      <test-suite type="TestFixture" id="0-1362" name="SpecSwitchManualEnumInvalid" fullname="Kaitai.SpecSwitchManualEnumInvalid" classname="Kaitai.SpecSwitchManualEnumInvalid" runstate="Runnable" testcasecount="1" result="Passed" start-time="2024-03-22 00:52:01Z" end-time="2024-03-22 00:52:01Z" duration="0.003154" total="1" passed="1" failed="0" inconclusive="0" skipped="0" asserts="5">
        <test-case id="0-1363" name="TestSwitchManualEnumInvalid" fullname="Kaitai.SpecSwitchManualEnumInvalid.TestSwitchManualEnumInvalid" methodname="TestSwitchManualEnumInvalid" classname="Kaitai.SpecSwitchManualEnumInvalid" runstate="Runnable" seed="564768155" result="Passed" start-time="2024-03-22 00:52:01Z" end-time="2024-03-22 00:52:01Z" duration="0.000813" asserts="5" />
      </test-suite>
      <test-suite type="TestFixture" id="0-1364" name="SpecSwitchManualEnumInvalidElse" fullname="Kaitai.SpecSwitchManualEnumInvalidElse" classname="Kaitai.SpecSwitchManualEnumInvalidElse" runstate="Runnable" testcasecount="1" result="Passed" start-time="2024-03-22 00:52:01Z" end-time="2024-03-22 00:52:01Z" duration="0.003310" total="1" passed="1" failed="0" inconclusive="0" skipped="0" asserts="5">
        <test-case id="0-1365" name="TestSwitchManualEnumInvalidElse" fullname="Kaitai.SpecSwitchManualEnumInvalidElse.TestSwitchManualEnumInvalidElse" methodname="TestSwitchManualEnumInvalidElse" classname="Kaitai.SpecSwitchManualEnumInvalidElse" runstate="Runnable" seed="1774571719" result="Passed" start-time="2024-03-22 00:52:01Z" end-time="2024-03-22 00:52:01Z" duration="0.000965" asserts="5" />
      </test-suite>
      <test-suite type="TestFixture" id="0-1366" name="SpecSwitchManualInt" fullname="Kaitai.SpecSwitchManualInt" classname="Kaitai.SpecSwitchManualInt" runstate="Runnable" testcasecount="1" result="Passed" start-time="2024-03-22 00:52:01Z" end-time="2024-03-22 00:52:01Z" duration="0.003501" total="1" passed="1" failed="0" inconclusive="0" skipped="0" asserts="9">
        <test-case id="0-1367" name="TestSwitchManualInt" fullname="Kaitai.SpecSwitchManualInt.TestSwitchManualInt" methodname="TestSwitchManualInt" classname="Kaitai.SpecSwitchManualInt" runstate="Runnable" seed="1561862925" result="Passed" start-time="2024-03-22 00:52:01Z" end-time="2024-03-22 00:52:01Z" duration="0.001149" asserts="9" />
      </test-suite>
      <test-suite type="TestFixture" id="0-1368" name="SpecSwitchManualIntElse" fullname="Kaitai.SpecSwitchManualIntElse" classname="Kaitai.SpecSwitchManualIntElse" runstate="Runnable" testcasecount="1" result="Passed" start-time="2024-03-22 00:52:01Z" end-time="2024-03-22 00:52:01Z" duration="0.003504" total="1" passed="1" failed="0" inconclusive="0" skipped="0" asserts="9">
        <test-case id="0-1369" name="TestSwitchManualIntElse" fullname="Kaitai.SpecSwitchManualIntElse.TestSwitchManualIntElse" methodname="TestSwitchManualIntElse" classname="Kaitai.SpecSwitchManualIntElse" runstate="Runnable" seed="162310567" result="Passed" start-time="2024-03-22 00:52:01Z" end-time="2024-03-22 00:52:01Z" duration="0.001155" asserts="9" />
      </test-suite>
      <test-suite type="TestFixture" id="0-1370" name="SpecSwitchManualIntSize" fullname="Kaitai.SpecSwitchManualIntSize" classname="Kaitai.SpecSwitchManualIntSize" runstate="Runnable" testcasecount="1" result="Passed" start-time="2024-03-22 00:52:01Z" end-time="2024-03-22 00:52:01Z" duration="0.003836" total="1" passed="1" failed="0" inconclusive="0" skipped="0" asserts="10">
        <test-case id="0-1371" name="TestSwitchManualIntSize" fullname="Kaitai.SpecSwitchManualIntSize.TestSwitchManualIntSize" methodname="TestSwitchManualIntSize" classname="Kaitai.SpecSwitchManualIntSize" runstate="Runnable" seed="2054957422" result="Passed" start-time="2024-03-22 00:52:01Z" end-time="2024-03-22 00:52:01Z" duration="0.001492" asserts="10" />
      </test-suite>
      <test-suite type="TestFixture" id="0-1372" name="SpecSwitchManualIntSizeElse" fullname="Kaitai.SpecSwitchManualIntSizeElse" classname="Kaitai.SpecSwitchManualIntSizeElse" runstate="Runnable" testcasecount="1" result="Passed" start-time="2024-03-22 00:52:01Z" end-time="2024-03-22 00:52:01Z" duration="0.003864" total="1" passed="1" failed="0" inconclusive="0" skipped="0" asserts="10">
        <test-case id="0-1373" name="TestSwitchManualIntSizeElse" fullname="Kaitai.SpecSwitchManualIntSizeElse.TestSwitchManualIntSizeElse" methodname="TestSwitchManualIntSizeElse" classname="Kaitai.SpecSwitchManualIntSizeElse" runstate="Runnable" seed="1939431150" result="Passed" start-time="2024-03-22 00:52:01Z" end-time="2024-03-22 00:52:01Z" duration="0.001511" asserts="10" />
      </test-suite>
      <test-suite type="TestFixture" id="0-1374" name="SpecSwitchManualIntSizeEos" fullname="Kaitai.SpecSwitchManualIntSizeEos" classname="Kaitai.SpecSwitchManualIntSizeEos" runstate="Runnable" testcasecount="1" result="Passed" start-time="2024-03-22 00:52:01Z" end-time="2024-03-22 00:52:01Z" duration="0.003845" total="1" passed="1" failed="0" inconclusive="0" skipped="0" asserts="10">
        <test-case id="0-1375" name="TestSwitchManualIntSizeEos" fullname="Kaitai.SpecSwitchManualIntSizeEos.TestSwitchManualIntSizeEos" methodname="TestSwitchManualIntSizeEos" classname="Kaitai.SpecSwitchManualIntSizeEos" runstate="Runnable" seed="1312255284" result="Passed" start-time="2024-03-22 00:52:01Z" end-time="2024-03-22 00:52:01Z" duration="0.001499" asserts="10" />
      </test-suite>
      <test-suite type="TestFixture" id="0-1376" name="SpecSwitchManualStr" fullname="Kaitai.SpecSwitchManualStr" classname="Kaitai.SpecSwitchManualStr" runstate="Runnable" testcasecount="1" result="Passed" start-time="2024-03-22 00:52:01Z" end-time="2024-03-22 00:52:01Z" duration="0.003445" total="1" passed="1" failed="0" inconclusive="0" skipped="0" asserts="9">
        <test-case id="0-1377" name="TestSwitchManualStr" fullname="Kaitai.SpecSwitchManualStr.TestSwitchManualStr" methodname="TestSwitchManualStr" classname="Kaitai.SpecSwitchManualStr" runstate="Runnable" seed="2043626650" result="Passed" start-time="2024-03-22 00:52:01Z" end-time="2024-03-22 00:52:01Z" duration="0.001096" asserts="9" />
      </test-suite>
      <test-suite type="TestFixture" id="0-1378" name="SpecSwitchManualStrElse" fullname="Kaitai.SpecSwitchManualStrElse" classname="Kaitai.SpecSwitchManualStrElse" runstate="Runnable" testcasecount="1" result="Passed" start-time="2024-03-22 00:52:01Z" end-time="2024-03-22 00:52:01Z" duration="0.004154" total="1" passed="1" failed="0" inconclusive="0" skipped="0" asserts="9">
        <test-case id="0-1379" name="TestSwitchManualStrElse" fullname="Kaitai.SpecSwitchManualStrElse.TestSwitchManualStrElse" methodname="TestSwitchManualStrElse" classname="Kaitai.SpecSwitchManualStrElse" runstate="Runnable" seed="845886002" result="Passed" start-time="2024-03-22 00:52:01Z" end-time="2024-03-22 00:52:01Z" duration="0.001810" asserts="9" />
      </test-suite>
      <test-suite type="TestFixture" id="0-1380" name="SpecSwitchMultiBoolOps" fullname="Kaitai.SpecSwitchMultiBoolOps" classname="Kaitai.SpecSwitchMultiBoolOps" runstate="Runnable" testcasecount="1" result="Passed" start-time="2024-03-22 00:52:01Z" end-time="2024-03-22 00:52:01Z" duration="0.003309" total="1" passed="1" failed="0" inconclusive="0" skipped="0" asserts="9">
        <test-case id="0-1381" name="TestSwitchMultiBoolOps" fullname="Kaitai.SpecSwitchMultiBoolOps.TestSwitchMultiBoolOps" methodname="TestSwitchMultiBoolOps" classname="Kaitai.SpecSwitchMultiBoolOps" runstate="Runnable" seed="1947166018" result="Passed" start-time="2024-03-22 00:52:01Z" end-time="2024-03-22 00:52:01Z" duration="0.000969" asserts="9" />
      </test-suite>
      <test-suite type="TestFixture" id="0-1382" name="SpecSwitchRepeatExpr" fullname="Kaitai.SpecSwitchRepeatExpr" classname="Kaitai.SpecSwitchRepeatExpr" runstate="Runnable" testcasecount="1" result="Passed" start-time="2024-03-22 00:52:01Z" end-time="2024-03-22 00:52:01Z" duration="0.003177" total="1" passed="1" failed="0" inconclusive="0" skipped="0" asserts="3">
        <test-case id="0-1383" name="TestSwitchRepeatExpr" fullname="Kaitai.SpecSwitchRepeatExpr.TestSwitchRepeatExpr" methodname="TestSwitchRepeatExpr" classname="Kaitai.SpecSwitchRepeatExpr" runstate="Runnable" seed="1670170553" result="Passed" start-time="2024-03-22 00:52:01Z" end-time="2024-03-22 00:52:01Z" duration="0.000833" asserts="3" />
      </test-suite>
      <test-suite type="TestFixture" id="0-1384" name="SpecSwitchRepeatExprInvalid" fullname="Kaitai.SpecSwitchRepeatExprInvalid" classname="Kaitai.SpecSwitchRepeatExprInvalid" runstate="Runnable" testcasecount="1" result="Passed" start-time="2024-03-22 00:52:01Z" end-time="2024-03-22 00:52:01Z" duration="0.003090" total="1" passed="1" failed="0" inconclusive="0" skipped="0" asserts="3">
        <test-case id="0-1385" name="TestSwitchRepeatExprInvalid" fullname="Kaitai.SpecSwitchRepeatExprInvalid.TestSwitchRepeatExprInvalid" methodname="TestSwitchRepeatExprInvalid" classname="Kaitai.SpecSwitchRepeatExprInvalid" runstate="Runnable" seed="1129808318" result="Passed" start-time="2024-03-22 00:52:01Z" end-time="2024-03-22 00:52:01Z" duration="0.000717" asserts="3" />
      </test-suite>
      <test-suite type="TestFixture" id="0-1386" name="SpecTermBytes" fullname="Kaitai.SpecTermBytes" classname="Kaitai.SpecTermBytes" runstate="Runnable" testcasecount="1" result="Passed" start-time="2024-03-22 00:52:01Z" end-time="2024-03-22 00:52:01Z" duration="0.002718" total="1" passed="1" failed="0" inconclusive="0" skipped="0" asserts="3">
        <test-case id="0-1387" name="TestTermBytes" fullname="Kaitai.SpecTermBytes.TestTermBytes" methodname="TestTermBytes" classname="Kaitai.SpecTermBytes" runstate="Runnable" seed="563245209" result="Passed" start-time="2024-03-22 00:52:01Z" end-time="2024-03-22 00:52:01Z" duration="0.000372" asserts="3" />
      </test-suite>
      <test-suite type="TestFixture" id="0-1388" name="SpecTermStrz" fullname="Kaitai.SpecTermStrz" classname="Kaitai.SpecTermStrz" runstate="Runnable" testcasecount="1" result="Passed" start-time="2024-03-22 00:52:01Z" end-time="2024-03-22 00:52:01Z" duration="0.002595" total="1" passed="1" failed="0" inconclusive="0" skipped="0" asserts="3">
        <test-case id="0-1389" name="TestTermStrz" fullname="Kaitai.SpecTermStrz.TestTermStrz" methodname="TestTermStrz" classname="Kaitai.SpecTermStrz" runstate="Runnable" seed="1588302398" result="Passed" start-time="2024-03-22 00:52:01Z" end-time="2024-03-22 00:52:01Z" duration="0.000253" asserts="3" />
      </test-suite>
      <test-suite type="TestFixture" id="0-1390" name="SpecTermU1Val" fullname="Kaitai.SpecTermU1Val" classname="Kaitai.SpecTermU1Val" runstate="Runnable" testcasecount="1" result="Passed" start-time="2024-03-22 00:52:01Z" end-time="2024-03-22 00:52:01Z" duration="0.002709" total="1" passed="1" failed="0" inconclusive="0" skipped="0" asserts="2">
        <test-case id="0-1391" name="TestTermU1Val" fullname="Kaitai.SpecTermU1Val.TestTermU1Val" methodname="TestTermU1Val" classname="Kaitai.SpecTermU1Val" runstate="Runnable" seed="1649378945" result="Passed" start-time="2024-03-22 00:52:01Z" end-time="2024-03-22 00:52:01Z" duration="0.000375" asserts="2" />
      </test-suite>
      <test-suite type="TestFixture" id="0-1392" name="SpecToStringCustom" fullname="Kaitai.SpecToStringCustom" classname="Kaitai.SpecToStringCustom" runstate="Runnable" testcasecount="1" result="Passed" start-time="2024-03-22 00:52:01Z" end-time="2024-03-22 00:52:01Z" duration="0.002800" total="1" passed="1" failed="0" inconclusive="0" skipped="0" asserts="1">
        <test-case id="0-1393" name="TestToStringCustom" fullname="Kaitai.SpecToStringCustom.TestToStringCustom" methodname="TestToStringCustom" classname="Kaitai.SpecToStringCustom" runstate="Runnable" seed="323876272" result="Passed" start-time="2024-03-22 00:52:01Z" end-time="2024-03-22 00:52:01Z" duration="0.000464" asserts="1" />
      </test-suite>
      <test-suite type="TestFixture" id="0-1394" name="SpecTsPacketHeader" fullname="Kaitai.SpecTsPacketHeader" classname="Kaitai.SpecTsPacketHeader" runstate="Runnable" testcasecount="1" result="Passed" start-time="2024-03-22 00:52:01Z" end-time="2024-03-22 00:52:01Z" duration="0.002849" total="1" passed="1" failed="0" inconclusive="0" skipped="0" asserts="7">
        <test-case id="0-1395" name="TestTsPacketHeader" fullname="Kaitai.SpecTsPacketHeader.TestTsPacketHeader" methodname="TestTsPacketHeader" classname="Kaitai.SpecTsPacketHeader" runstate="Runnable" seed="310502030" result="Passed" start-time="2024-03-22 00:52:01Z" end-time="2024-03-22 00:52:01Z" duration="0.000515" asserts="7" />
      </test-suite>
      <test-suite type="TestFixture" id="0-1396" name="SpecTypeIntUnaryOp" fullname="Kaitai.SpecTypeIntUnaryOp" classname="Kaitai.SpecTypeIntUnaryOp" runstate="Runnable" testcasecount="1" result="Passed" start-time="2024-03-22 00:52:01Z" end-time="2024-03-22 00:52:01Z" duration="0.002767" total="1" passed="1" failed="0" inconclusive="0" skipped="0" asserts="4">
        <test-case id="0-1397" name="TestTypeIntUnaryOp" fullname="Kaitai.SpecTypeIntUnaryOp.TestTypeIntUnaryOp" methodname="TestTypeIntUnaryOp" classname="Kaitai.SpecTypeIntUnaryOp" runstate="Runnable" seed="1219479774" result="Passed" start-time="2024-03-22 00:52:01Z" end-time="2024-03-22 00:52:01Z" duration="0.000430" asserts="4" />
      </test-suite>
      <test-suite type="TestFixture" id="0-1398" name="SpecTypeTernary" fullname="Kaitai.SpecTypeTernary" classname="Kaitai.SpecTypeTernary" runstate="Runnable" testcasecount="1" result="Passed" start-time="2024-03-22 00:52:01Z" end-time="2024-03-22 00:52:01Z" duration="0.002861" total="1" passed="1" failed="0" inconclusive="0" skipped="0" asserts="1">
        <test-case id="0-1399" name="TestTypeTernary" fullname="Kaitai.SpecTypeTernary.TestTypeTernary" methodname="TestTypeTernary" classname="Kaitai.SpecTypeTernary" runstate="Runnable" seed="383388348" result="Passed" start-time="2024-03-22 00:52:01Z" end-time="2024-03-22 00:52:01Z" duration="0.000526" asserts="1" />
      </test-suite>
      <test-suite type="TestFixture" id="0-1400" name="SpecTypeTernary2ndFalsy" fullname="Kaitai.SpecTypeTernary2ndFalsy" classname="Kaitai.SpecTypeTernary2ndFalsy" runstate="Runnable" testcasecount="1" result="Passed" start-time="2024-03-22 00:52:01Z" end-time="2024-03-22 00:52:01Z" duration="0.003613" total="1" passed="1" failed="0" inconclusive="0" skipped="0" asserts="13">
        <test-case id="0-1401" name="TestTypeTernary2ndFalsy" fullname="Kaitai.SpecTypeTernary2ndFalsy.TestTypeTernary2ndFalsy" methodname="TestTypeTernary2ndFalsy" classname="Kaitai.SpecTypeTernary2ndFalsy" runstate="Runnable" seed="1389359045" result="Passed" start-time="2024-03-22 00:52:01Z" end-time="2024-03-22 00:52:01Z" duration="0.001277" asserts="13" />
      </test-suite>
      <test-suite type="TestFixture" id="0-1402" name="SpecTypeTernaryOpaque" fullname="Kaitai.SpecTypeTernaryOpaque" classname="Kaitai.SpecTypeTernaryOpaque" runstate="Runnable" testcasecount="1" result="Passed" start-time="2024-03-22 00:52:01Z" end-time="2024-03-22 00:52:01Z" duration="0.002812" total="1" passed="1" failed="0" inconclusive="0" skipped="0" asserts="3">
        <test-case id="0-1403" name="TestTypeTernaryOpaque" fullname="Kaitai.SpecTypeTernaryOpaque.TestTypeTernaryOpaque" methodname="TestTypeTernaryOpaque" classname="Kaitai.SpecTypeTernaryOpaque" runstate="Runnable" seed="1302077248" result="Passed" start-time="2024-03-22 00:52:01Z" end-time="2024-03-22 00:52:01Z" duration="0.000480" asserts="3" />
      </test-suite>
      <test-suite type="TestFixture" id="0-1404" name="SpecUserType" fullname="Kaitai.SpecUserType" classname="Kaitai.SpecUserType" runstate="Runnable" testcasecount="1" result="Passed" start-time="2024-03-22 00:52:01Z" end-time="2024-03-22 00:52:01Z" duration="0.002731" total="1" passed="1" failed="0" inconclusive="0" skipped="0" asserts="2">
        <test-case id="0-1405" name="TestUserType" fullname="Kaitai.SpecUserType.TestUserType" methodname="TestUserType" classname="Kaitai.SpecUserType" runstate="Runnable" seed="100421403" result="Passed" start-time="2024-03-22 00:52:01Z" end-time="2024-03-22 00:52:01Z" duration="0.000395" asserts="2" />
      </test-suite>
      <test-suite type="TestFixture" id="0-1406" name="SpecValidEqStrEncodings" fullname="Kaitai.SpecValidEqStrEncodings" classname="Kaitai.SpecValidEqStrEncodings" runstate="Runnable" testcasecount="1" result="Passed" start-time="2024-03-22 00:52:01Z" end-time="2024-03-22 00:52:01Z" duration="0.002845" total="1" passed="1" failed="0" inconclusive="0" skipped="0" asserts="0">
        <test-case id="0-1407" name="TestValidEqStrEncodings" fullname="Kaitai.SpecValidEqStrEncodings.TestValidEqStrEncodings" methodname="TestValidEqStrEncodings" classname="Kaitai.SpecValidEqStrEncodings" runstate="Runnable" seed="676488984" result="Passed" start-time="2024-03-22 00:52:01Z" end-time="2024-03-22 00:52:01Z" duration="0.000516" asserts="0" />
      </test-suite>
      <test-suite type="TestFixture" id="0-1408" name="SpecValidFailAnyofInt" fullname="Kaitai.SpecValidFailAnyofInt" classname="Kaitai.SpecValidFailAnyofInt" runstate="Runnable" testcasecount="1" result="Passed" start-time="2024-03-22 00:52:01Z" end-time="2024-03-22 00:52:01Z" duration="0.002999" total="1" passed="1" failed="0" inconclusive="0" skipped="0" asserts="1">
        <test-case id="0-1409" name="TestValidFailAnyofInt" fullname="Kaitai.SpecValidFailAnyofInt.TestValidFailAnyofInt" methodname="TestValidFailAnyofInt" classname="Kaitai.SpecValidFailAnyofInt" runstate="Runnable" seed="1263439488" result="Passed" start-time="2024-03-22 00:52:01Z" end-time="2024-03-22 00:52:01Z" duration="0.000652" asserts="1" />
      </test-suite>
      <test-suite type="TestFixture" id="0-1410" name="SpecValidFailContents" fullname="Kaitai.SpecValidFailContents" classname="Kaitai.SpecValidFailContents" runstate="Runnable" testcasecount="1" result="Passed" start-time="2024-03-22 00:52:01Z" end-time="2024-03-22 00:52:01Z" duration="0.002981" total="1" passed="1" failed="0" inconclusive="0" skipped="0" asserts="1">
        <test-case id="0-1411" name="TestValidFailContents" fullname="Kaitai.SpecValidFailContents.TestValidFailContents" methodname="TestValidFailContents" classname="Kaitai.SpecValidFailContents" runstate="Runnable" seed="1608361251" result="Passed" start-time="2024-03-22 00:52:01Z" end-time="2024-03-22 00:52:01Z" duration="0.000635" asserts="1" />
      </test-suite>
      <test-suite type="TestFixture" id="0-1412" name="SpecValidFailEqBytes" fullname="Kaitai.SpecValidFailEqBytes" classname="Kaitai.SpecValidFailEqBytes" runstate="Runnable" testcasecount="1" result="Passed" start-time="2024-03-22 00:52:01Z" end-time="2024-03-22 00:52:01Z" duration="0.002777" total="1" passed="1" failed="0" inconclusive="0" skipped="0" asserts="1">
        <test-case id="0-1413" name="TestValidFailEqBytes" fullname="Kaitai.SpecValidFailEqBytes.TestValidFailEqBytes" methodname="TestValidFailEqBytes" classname="Kaitai.SpecValidFailEqBytes" runstate="Runnable" seed="818436267" result="Passed" start-time="2024-03-22 00:52:01Z" end-time="2024-03-22 00:52:01Z" duration="0.000435" asserts="1" />
      </test-suite>
      <test-suite type="TestFixture" id="0-1414" name="SpecValidFailEqInt" fullname="Kaitai.SpecValidFailEqInt" classname="Kaitai.SpecValidFailEqInt" runstate="Runnable" testcasecount="1" result="Passed" start-time="2024-03-22 00:52:01Z" end-time="2024-03-22 00:52:01Z" duration="0.002787" total="1" passed="1" failed="0" inconclusive="0" skipped="0" asserts="1">
        <test-case id="0-1415" name="TestValidFailEqInt" fullname="Kaitai.SpecValidFailEqInt.TestValidFailEqInt" methodname="TestValidFailEqInt" classname="Kaitai.SpecValidFailEqInt" runstate="Runnable" seed="769029216" result="Passed" start-time="2024-03-22 00:52:01Z" end-time="2024-03-22 00:52:01Z" duration="0.000442" asserts="1" />
      </test-suite>
      <test-suite type="TestFixture" id="0-1416" name="SpecValidFailEqStr" fullname="Kaitai.SpecValidFailEqStr" classname="Kaitai.SpecValidFailEqStr" runstate="Runnable" testcasecount="1" result="Passed" start-time="2024-03-22 00:52:01Z" end-time="2024-03-22 00:52:01Z" duration="0.002727" total="1" passed="1" failed="0" inconclusive="0" skipped="0" asserts="1">
        <test-case id="0-1417" name="TestValidFailEqStr" fullname="Kaitai.SpecValidFailEqStr.TestValidFailEqStr" methodname="TestValidFailEqStr" classname="Kaitai.SpecValidFailEqStr" runstate="Runnable" seed="584566464" result="Passed" start-time="2024-03-22 00:52:01Z" end-time="2024-03-22 00:52:01Z" duration="0.000386" asserts="1" />
      </test-suite>
      <test-suite type="TestFixture" id="0-1418" name="SpecValidFailExpr" fullname="Kaitai.SpecValidFailExpr" classname="Kaitai.SpecValidFailExpr" runstate="Runnable" testcasecount="1" result="Passed" start-time="2024-03-22 00:52:01Z" end-time="2024-03-22 00:52:01Z" duration="0.003073" total="1" passed="1" failed="0" inconclusive="0" skipped="0" asserts="1">
        <test-case id="0-1419" name="TestValidFailExpr" fullname="Kaitai.SpecValidFailExpr.TestValidFailExpr" methodname="TestValidFailExpr" classname="Kaitai.SpecValidFailExpr" runstate="Runnable" seed="845361414" result="Passed" start-time="2024-03-22 00:52:01Z" end-time="2024-03-22 00:52:01Z" duration="0.000732" asserts="1" />
      </test-suite>
      <test-suite type="TestFixture" id="0-1420" name="SpecValidFailInst" fullname="Kaitai.SpecValidFailInst" classname="Kaitai.SpecValidFailInst" runstate="Runnable" testcasecount="1" result="Passed" start-time="2024-03-22 00:52:01Z" end-time="2024-03-22 00:52:01Z" duration="0.002904" total="1" passed="1" failed="0" inconclusive="0" skipped="0" asserts="1">
        <test-case id="0-1421" name="TestValidFailInst" fullname="Kaitai.SpecValidFailInst.TestValidFailInst" methodname="TestValidFailInst" classname="Kaitai.SpecValidFailInst" runstate="Runnable" seed="2057191541" result="Passed" start-time="2024-03-22 00:52:01Z" end-time="2024-03-22 00:52:01Z" duration="0.000557" asserts="1" />
      </test-suite>
      <test-suite type="TestFixture" id="0-1422" name="SpecValidFailMaxInt" fullname="Kaitai.SpecValidFailMaxInt" classname="Kaitai.SpecValidFailMaxInt" runstate="Runnable" testcasecount="1" result="Passed" start-time="2024-03-22 00:52:01Z" end-time="2024-03-22 00:52:01Z" duration="0.002802" total="1" passed="1" failed="0" inconclusive="0" skipped="0" asserts="1">
        <test-case id="0-1423" name="TestValidFailMaxInt" fullname="Kaitai.SpecValidFailMaxInt.TestValidFailMaxInt" methodname="TestValidFailMaxInt" classname="Kaitai.SpecValidFailMaxInt" runstate="Runnable" seed="301992915" result="Passed" start-time="2024-03-22 00:52:01Z" end-time="2024-03-22 00:52:01Z" duration="0.000464" asserts="1" />
      </test-suite>
      <test-suite type="TestFixture" id="0-1424" name="SpecValidFailMinInt" fullname="Kaitai.SpecValidFailMinInt" classname="Kaitai.SpecValidFailMinInt" runstate="Runnable" testcasecount="1" result="Passed" start-time="2024-03-22 00:52:01Z" end-time="2024-03-22 00:52:01Z" duration="0.002797" total="1" passed="1" failed="0" inconclusive="0" skipped="0" asserts="1">
        <test-case id="0-1425" name="TestValidFailMinInt" fullname="Kaitai.SpecValidFailMinInt.TestValidFailMinInt" methodname="TestValidFailMinInt" classname="Kaitai.SpecValidFailMinInt" runstate="Runnable" seed="487796243" result="Passed" start-time="2024-03-22 00:52:01Z" end-time="2024-03-22 00:52:01Z" duration="0.000453" asserts="1" />
      </test-suite>
      <test-suite type="TestFixture" id="0-1426" name="SpecValidFailRangeBytes" fullname="Kaitai.SpecValidFailRangeBytes" classname="Kaitai.SpecValidFailRangeBytes" runstate="Runnable" testcasecount="1" result="Passed" start-time="2024-03-22 00:52:02Z" end-time="2024-03-22 00:52:02Z" duration="0.002804" total="1" passed="1" failed="0" inconclusive="0" skipped="0" asserts="1">
        <test-case id="0-1427" name="TestValidFailRangeBytes" fullname="Kaitai.SpecValidFailRangeBytes.TestValidFailRangeBytes" methodname="TestValidFailRangeBytes" classname="Kaitai.SpecValidFailRangeBytes" runstate="Runnable" seed="1979414637" result="Passed" start-time="2024-03-22 00:52:02Z" end-time="2024-03-22 00:52:02Z" duration="0.000474" asserts="1" />
      </test-suite>
      <test-suite type="TestFixture" id="0-1428" name="SpecValidFailRangeFloat" fullname="Kaitai.SpecValidFailRangeFloat" classname="Kaitai.SpecValidFailRangeFloat" runstate="Runnable" testcasecount="1" result="Passed" start-time="2024-03-22 00:52:02Z" end-time="2024-03-22 00:52:02Z" duration="0.003832" total="1" passed="1" failed="0" inconclusive="0" skipped="0" asserts="1">
        <test-case id="0-1429" name="TestValidFailRangeFloat" fullname="Kaitai.SpecValidFailRangeFloat.TestValidFailRangeFloat" methodname="TestValidFailRangeFloat" classname="Kaitai.SpecValidFailRangeFloat" runstate="Runnable" seed="312723010" result="Passed" start-time="2024-03-22 00:52:02Z" end-time="2024-03-22 00:52:02Z" duration="0.001486" asserts="1" />
      </test-suite>
      <test-suite type="TestFixture" id="0-1430" name="SpecValidFailRangeInt" fullname="Kaitai.SpecValidFailRangeInt" classname="Kaitai.SpecValidFailRangeInt" runstate="Runnable" testcasecount="1" result="Passed" start-time="2024-03-22 00:52:02Z" end-time="2024-03-22 00:52:02Z" duration="0.002757" total="1" passed="1" failed="0" inconclusive="0" skipped="0" asserts="1">
        <test-case id="0-1431" name="TestValidFailRangeInt" fullname="Kaitai.SpecValidFailRangeInt.TestValidFailRangeInt" methodname="TestValidFailRangeInt" classname="Kaitai.SpecValidFailRangeInt" runstate="Runnable" seed="1674582568" result="Passed" start-time="2024-03-22 00:52:02Z" end-time="2024-03-22 00:52:02Z" duration="0.000424" asserts="1" />
      </test-suite>
      <test-suite type="TestFixture" id="0-1432" name="SpecValidFailRangeStr" fullname="Kaitai.SpecValidFailRangeStr" classname="Kaitai.SpecValidFailRangeStr" runstate="Runnable" testcasecount="1" result="Passed" start-time="2024-03-22 00:52:02Z" end-time="2024-03-22 00:52:02Z" duration="0.002791" total="1" passed="1" failed="0" inconclusive="0" skipped="0" asserts="1">
        <test-case id="0-1433" name="TestValidFailRangeStr" fullname="Kaitai.SpecValidFailRangeStr.TestValidFailRangeStr" methodname="TestValidFailRangeStr" classname="Kaitai.SpecValidFailRangeStr" runstate="Runnable" seed="1294390081" result="Passed" start-time="2024-03-22 00:52:02Z" end-time="2024-03-22 00:52:02Z" duration="0.000436" asserts="1" />
      </test-suite>
      <test-suite type="TestFixture" id="0-1434" name="SpecValidLong" fullname="Kaitai.SpecValidLong" classname="Kaitai.SpecValidLong" runstate="Runnable" testcasecount="1" result="Passed" start-time="2024-03-22 00:52:02Z" end-time="2024-03-22 00:52:02Z" duration="0.003035" total="1" passed="1" failed="0" inconclusive="0" skipped="0" asserts="0">
        <test-case id="0-1435" name="TestValidLong" fullname="Kaitai.SpecValidLong.TestValidLong" methodname="TestValidLong" classname="Kaitai.SpecValidLong" runstate="Runnable" seed="1194620744" result="Passed" start-time="2024-03-22 00:52:02Z" end-time="2024-03-22 00:52:02Z" duration="0.000703" asserts="0" />
      </test-suite>
      <test-suite type="TestFixture" id="0-1436" name="SpecValidNotParsedIf" fullname="Kaitai.SpecValidNotParsedIf" classname="Kaitai.SpecValidNotParsedIf" runstate="Runnable" testcasecount="1" result="Passed" start-time="2024-03-22 00:52:02Z" end-time="2024-03-22 00:52:02Z" duration="0.002730" total="1" passed="1" failed="0" inconclusive="0" skipped="0" asserts="0">
        <test-case id="0-1437" name="TestValidNotParsedIf" fullname="Kaitai.SpecValidNotParsedIf.TestValidNotParsedIf" methodname="TestValidNotParsedIf" classname="Kaitai.SpecValidNotParsedIf" runstate="Runnable" seed="1110184757" result="Passed" start-time="2024-03-22 00:52:02Z" end-time="2024-03-22 00:52:02Z" duration="0.000394" asserts="0" />
      </test-suite>
      <test-suite type="TestFixture" id="0-1438" name="SpecValidOptionalId" fullname="Kaitai.SpecValidOptionalId" classname="Kaitai.SpecValidOptionalId" runstate="Runnable" testcasecount="1" result="Passed" start-time="2024-03-22 00:52:02Z" end-time="2024-03-22 00:52:02Z" duration="0.002681" total="1" passed="1" failed="0" inconclusive="0" skipped="0" asserts="0">
        <test-case id="0-1439" name="TestValidOptionalId" fullname="Kaitai.SpecValidOptionalId.TestValidOptionalId" methodname="TestValidOptionalId" classname="Kaitai.SpecValidOptionalId" runstate="Runnable" seed="140003960" result="Passed" start-time="2024-03-22 00:52:02Z" end-time="2024-03-22 00:52:02Z" duration="0.000362" asserts="0" />
      </test-suite>
      <test-suite type="TestFixture" id="0-1440" name="SpecValidShort" fullname="Kaitai.SpecValidShort" classname="Kaitai.SpecValidShort" runstate="Runnable" testcasecount="1" result="Passed" start-time="2024-03-22 00:52:02Z" end-time="2024-03-22 00:52:02Z" duration="0.002966" total="1" passed="1" failed="0" inconclusive="0" skipped="0" asserts="0">
        <test-case id="0-1441" name="TestValidShort" fullname="Kaitai.SpecValidShort.TestValidShort" methodname="TestValidShort" classname="Kaitai.SpecValidShort" runstate="Runnable" seed="2006276041" result="Passed" start-time="2024-03-22 00:52:02Z" end-time="2024-03-22 00:52:02Z" duration="0.000641" asserts="0" />
      </test-suite>
      <test-suite type="TestFixture" id="0-1442" name="SpecValidSwitch" fullname="Kaitai.SpecValidSwitch" classname="Kaitai.SpecValidSwitch" runstate="Runnable" testcasecount="1" result="Passed" start-time="2024-03-22 00:52:02Z" end-time="2024-03-22 00:52:02Z" duration="0.002649" total="1" passed="1" failed="0" inconclusive="0" skipped="0" asserts="0">
        <test-case id="0-1443" name="TestValidSwitch" fullname="Kaitai.SpecValidSwitch.TestValidSwitch" methodname="TestValidSwitch" classname="Kaitai.SpecValidSwitch" runstate="Runnable" seed="1184363863" result="Passed" start-time="2024-03-22 00:52:02Z" end-time="2024-03-22 00:52:02Z" duration="0.000330" asserts="0" />
      </test-suite>
      <test-suite type="TestFixture" id="0-1444" name="SpecZlibSurrounded" fullname="Kaitai.SpecZlibSurrounded" classname="Kaitai.SpecZlibSurrounded" runstate="Runnable" testcasecount="1" result="Passed" start-time="2024-03-22 00:52:02Z" end-time="2024-03-22 00:52:02Z" duration="0.006848" total="1" passed="1" failed="0" inconclusive="0" skipped="0" asserts="1">
        <test-case id="0-1445" name="TestZlibSurrounded" fullname="Kaitai.SpecZlibSurrounded.TestZlibSurrounded" methodname="TestZlibSurrounded" classname="Kaitai.SpecZlibSurrounded" runstate="Runnable" seed="449519824" result="Passed" start-time="2024-03-22 00:52:02Z" end-time="2024-03-22 00:52:02Z" duration="0.004518" asserts="1" />
      </test-suite>
      <test-suite type="TestFixture" id="0-1446" name="SpecZlibWithHeader78" fullname="Kaitai.SpecZlibWithHeader78" classname="Kaitai.SpecZlibWithHeader78" runstate="Runnable" testcasecount="1" result="Passed" start-time="2024-03-22 00:52:02Z" end-time="2024-03-22 00:52:02Z" duration="0.002677" total="1" passed="1" failed="0" inconclusive="0" skipped="0" asserts="1">
        <test-case id="0-1447" name="TestZlibWithHeader78" fullname="Kaitai.SpecZlibWithHeader78.TestZlibWithHeader78" methodname="TestZlibWithHeader78" classname="Kaitai.SpecZlibWithHeader78" runstate="Runnable" seed="701022072" result="Passed" start-time="2024-03-22 00:52:02Z" end-time="2024-03-22 00:52:02Z" duration="0.000337" asserts="1" />
      </test-suite>
    </test-suite>
  </test-suite>
</test-run>