<?xml version="1.0" encoding="utf-8" standalone="no"?>
<test-run id="2" testcasecount="2" result="Passed" total="2" passed="2" failed="0" inconclusive="0" skipped="0" asserts="0" engine-version="3.4.1.0" clr-version="4.0.30319.42000" start-time="2020-08-23 21:12:47Z" end-time="2020-08-23 21:12:47Z" duration="0.096865">
  <command-line><![CDATA[/home/runner/work/ci_targets/ci_targets/tests/spec/csharp/packages/NUnit.ConsoleRunner.3.4.1/tools/nunit3-console.exe --result=test_out/csharp/TestResult.xml spec/csharp/kaitai_struct_csharp_tests/bin/Debug/kaitai_struct_csharp_tests.dll]]></command-line>
  <test-suite type="Assembly" id="0-1004" name="kaitai_struct_csharp_tests.dll" fullname="/home/runner/work/ci_targets/ci_targets/tests/spec/csharp/kaitai_struct_csharp_tests/bin/Debug/kaitai_struct_csharp_tests.dll" runstate="Runnable" testcasecount="2" result="Passed" start-time="2020-08-23 21:12:47Z" end-time="2020-08-23 21:12:47Z" duration="0.034593" total="2" passed="2" failed="0" inconclusive="0" skipped="0" asserts="0">
    <environment framework-version="3.4.1.0" clr-version="4.0.30319.42000" os-version="Unix 5.3.0.1034" platform="Unix" cwd="/home/runner/work/ci_targets/ci_targets/tests" machine-name="fv-az59" user="runner" user-domain="fv-az59" culture="" uiculture="" os-architecture="x64" />
    <settings>
      <setting name="WorkDirectory" value="/home/runner/work/ci_targets/ci_targets/tests" />
      <setting name="ImageRuntimeVersion" value="4.0.30319" />
      <setting name="ImageTargetFrameworkName" value=".NETFramework,Version=v4.5" />
      <setting name="ImageRequiresX86" value="False" />
      <setting name="ImageRequiresDefaultAppDomainAssemblyResolver" value="False" />
      <setting name="NumberOfTestWorkers" value="2" />
    </settings>
    <properties>
      <property name="_PID" value="2929" />
      <property name="_APPDOMAIN" value="test-domain-" />
    </properties>
    <test-suite type="TestSuite" id="0-1005" name="Kaitai" fullname="Kaitai" runstate="Runnable" testcasecount="2" result="Passed" start-time="2020-08-23 21:12:47Z" end-time="2020-08-23 21:12:47Z" duration="0.019936" total="2" passed="2" failed="0" inconclusive="0" skipped="0" asserts="0">
      <test-suite type="TestFixture" id="0-1000" name="SpecDebug0" fullname="Kaitai.SpecDebug0" classname="Kaitai.SpecDebug0" runstate="Runnable" testcasecount="1" result="Passed" start-time="2020-08-23 21:12:47Z" end-time="2020-08-23 21:12:47Z" duration="0.011751" total="1" passed="1" failed="0" inconclusive="0" skipped="0" asserts="0">
        <test-case id="0-1001" name="TestDebug0" fullname="Kaitai.SpecDebug0.TestDebug0" methodname="TestDebug0" classname="Kaitai.SpecDebug0" runstate="Runnable" seed="1563622887" result="Passed" start-time="2020-08-23 21:12:47Z" end-time="2020-08-23 21:12:47Z" duration="0.002355" asserts="0" />
      </test-suite>
      <test-suite type="TestFixture" id="0-1002" name="SpecDebugEnumName" fullname="Kaitai.SpecDebugEnumName" classname="Kaitai.SpecDebugEnumName" runstate="Runnable" testcasecount="1" result="Passed" start-time="2020-08-23 21:12:47Z" end-time="2020-08-23 21:12:47Z" duration="0.002547" total="1" passed="1" failed="0" inconclusive="0" skipped="0" asserts="0">
        <test-case id="0-1003" name="TestDebugEnumName" fullname="Kaitai.SpecDebugEnumName.TestDebugEnumName" methodname="TestDebugEnumName" classname="Kaitai.SpecDebugEnumName" runstate="Runnable" seed="1088531631" result="Passed" start-time="2020-08-23 21:12:47Z" end-time="2020-08-23 21:12:47Z" duration="0.000081" asserts="0" />
      </test-suite>
    </test-suite>
  </test-suite>
</test-run>