<?xml version="1.0" encoding="utf-8" standalone="no"?>
<test-run id="2" testcasecount="210" result="Failed" total="210" passed="209" failed="1" inconclusive="0" skipped="0" asserts="975" engine-version="3.4.1.0" clr-version="4.0.30319.42000" start-time="2021-11-18 00:07:09Z" end-time="2021-11-18 00:07:10Z" duration="1.584544">
  <command-line><![CDATA[/home/runner/work/ci_targets/ci_targets/tests/spec/csharp/packages/NUnit.ConsoleRunner.3.4.1/tools/nunit3-console.exe --result=test_out/csharp/TestResult.xml spec/csharp/kaitai_struct_csharp_tests/bin/Debug/kaitai_struct_csharp_tests.dll]]></command-line>
  <test-suite type="Assembly" id="0-1420" name="kaitai_struct_csharp_tests.dll" fullname="/home/runner/work/ci_targets/ci_targets/tests/spec/csharp/kaitai_struct_csharp_tests/bin/Debug/kaitai_struct_csharp_tests.dll" runstate="Runnable" testcasecount="210" result="Failed" site="Child" start-time="2021-11-18 00:07:09Z" end-time="2021-11-18 00:07:10Z" duration="1.477954" total="210" passed="209" failed="1" inconclusive="0" skipped="0" asserts="975">
    <environment framework-version="3.4.1.0" clr-version="4.0.30319.42000" os-version="Unix 5.11.0.1020" platform="Unix" cwd="/home/runner/work/ci_targets/ci_targets/tests" machine-name="fv-az154-477" user="runner" user-domain="fv-az154-477" culture="" uiculture="" os-architecture="x64" />
    <settings>
      <setting name="WorkDirectory" value="/home/runner/work/ci_targets/ci_targets/tests" />
      <setting name="ImageRuntimeVersion" value="4.0.30319" />
      <setting name="ImageTargetFrameworkName" value=".NETFramework,Version=v4.5" />
      <setting name="ImageRequiresX86" value="False" />
      <setting name="ImageRequiresDefaultAppDomainAssemblyResolver" value="False" />
      <setting name="NumberOfTestWorkers" value="2" />
    </settings>
    <properties>
      <property name="_PID" value="2311" />
      <property name="_APPDOMAIN" value="test-domain-" />
    </properties>
    <failure>
      <message><![CDATA[One or more child tests had errors]]></message>
    </failure>
    <test-suite type="TestSuite" id="0-1421" name="Kaitai" fullname="Kaitai" runstate="Runnable" testcasecount="210" result="Failed" site="Child" start-time="2021-11-18 00:07:09Z" end-time="2021-11-18 00:07:10Z" duration="1.464287" total="210" passed="209" failed="1" inconclusive="0" skipped="0" asserts="975">
      <failure>
        <message><![CDATA[One or more child tests had errors]]></message>
      </failure>
      <test-suite type="TestFixture" id="0-1000" name="SpecBcdUserTypeBe" fullname="Kaitai.SpecBcdUserTypeBe" classname="Kaitai.SpecBcdUserTypeBe" runstate="Runnable" testcasecount="1" result="Passed" start-time="2021-11-18 00:07:09Z" end-time="2021-11-18 00:07:09Z" duration="0.024463" total="1" passed="1" failed="0" inconclusive="0" skipped="0" asserts="6">
        <test-case id="0-1001" name="TestBcdUserTypeBe" fullname="Kaitai.SpecBcdUserTypeBe.TestBcdUserTypeBe" methodname="TestBcdUserTypeBe" classname="Kaitai.SpecBcdUserTypeBe" runstate="Runnable" seed="1607234240" result="Passed" start-time="2021-11-18 00:07:09Z" end-time="2021-11-18 00:07:09Z" duration="0.015711" asserts="6" />
      </test-suite>
      <test-suite type="TestFixture" id="0-1002" name="SpecBcdUserTypeLe" fullname="Kaitai.SpecBcdUserTypeLe" classname="Kaitai.SpecBcdUserTypeLe" runstate="Runnable" testcasecount="1" result="Passed" start-time="2021-11-18 00:07:09Z" end-time="2021-11-18 00:07:09Z" duration="0.005128" total="1" passed="1" failed="0" inconclusive="0" skipped="0" asserts="6">
        <test-case id="0-1003" name="TestBcdUserTypeLe" fullname="Kaitai.SpecBcdUserTypeLe.TestBcdUserTypeLe" methodname="TestBcdUserTypeLe" classname="Kaitai.SpecBcdUserTypeLe" runstate="Runnable" seed="384563620" result="Passed" start-time="2021-11-18 00:07:09Z" end-time="2021-11-18 00:07:09Z" duration="0.002736" asserts="6" />
      </test-suite>
      <test-suite type="TestFixture" id="0-1004" name="SpecBitsByteAligned" fullname="Kaitai.SpecBitsByteAligned" classname="Kaitai.SpecBitsByteAligned" runstate="Runnable" testcasecount="1" result="Passed" start-time="2021-11-18 00:07:09Z" end-time="2021-11-18 00:07:09Z" duration="0.006325" total="1" passed="1" failed="0" inconclusive="0" skipped="0" asserts="9">
        <test-case id="0-1005" name="TestBitsByteAligned" fullname="Kaitai.SpecBitsByteAligned.TestBitsByteAligned" methodname="TestBitsByteAligned" classname="Kaitai.SpecBitsByteAligned" runstate="Runnable" seed="1537750769" result="Passed" start-time="2021-11-18 00:07:09Z" end-time="2021-11-18 00:07:09Z" duration="0.003844" asserts="9" />
      </test-suite>
      <test-suite type="TestFixture" id="0-1006" name="SpecBitsEnum" fullname="Kaitai.SpecBitsEnum" classname="Kaitai.SpecBitsEnum" runstate="Runnable" testcasecount="1" result="Passed" start-time="2021-11-18 00:07:09Z" end-time="2021-11-18 00:07:09Z" duration="0.003230" total="1" passed="1" failed="0" inconclusive="0" skipped="0" asserts="3">
        <test-case id="0-1007" name="TestBitsEnum" fullname="Kaitai.SpecBitsEnum.TestBitsEnum" methodname="TestBitsEnum" classname="Kaitai.SpecBitsEnum" runstate="Runnable" seed="1754617338" result="Passed" start-time="2021-11-18 00:07:09Z" end-time="2021-11-18 00:07:09Z" duration="0.000762" asserts="3" />
      </test-suite>
      <test-suite type="TestFixture" id="0-1008" name="SpecBitsSeqEndianCombo" fullname="Kaitai.SpecBitsSeqEndianCombo" classname="Kaitai.SpecBitsSeqEndianCombo" runstate="Runnable" testcasecount="1" result="Passed" start-time="2021-11-18 00:07:09Z" end-time="2021-11-18 00:07:09Z" duration="0.003159" total="1" passed="1" failed="0" inconclusive="0" skipped="0" asserts="8">
        <test-case id="0-1009" name="TestBitsSeqEndianCombo" fullname="Kaitai.SpecBitsSeqEndianCombo.TestBitsSeqEndianCombo" methodname="TestBitsSeqEndianCombo" classname="Kaitai.SpecBitsSeqEndianCombo" runstate="Runnable" seed="1422153805" result="Passed" start-time="2021-11-18 00:07:09Z" end-time="2021-11-18 00:07:09Z" duration="0.000695" asserts="8" />
      </test-suite>
      <test-suite type="TestFixture" id="0-1010" name="SpecBitsSignedB32Le" fullname="Kaitai.SpecBitsSignedB32Le" classname="Kaitai.SpecBitsSignedB32Le" runstate="Runnable" testcasecount="1" result="Passed" start-time="2021-11-18 00:07:09Z" end-time="2021-11-18 00:07:09Z" duration="0.003396" total="1" passed="1" failed="0" inconclusive="0" skipped="0" asserts="4">
        <test-case id="0-1011" name="TestBitsSignedB32Le" fullname="Kaitai.SpecBitsSignedB32Le.TestBitsSignedB32Le" methodname="TestBitsSignedB32Le" classname="Kaitai.SpecBitsSignedB32Le" runstate="Runnable" seed="397505487" result="Passed" start-time="2021-11-18 00:07:09Z" end-time="2021-11-18 00:07:09Z" duration="0.000507" asserts="4" />
      </test-suite>
      <test-suite type="TestFixture" id="0-1012" name="SpecBitsSignedB64Le" fullname="Kaitai.SpecBitsSignedB64Le" classname="Kaitai.SpecBitsSignedB64Le" runstate="Runnable" testcasecount="1" result="Passed" start-time="2021-11-18 00:07:09Z" end-time="2021-11-18 00:07:09Z" duration="0.003057" total="1" passed="1" failed="0" inconclusive="0" skipped="0" asserts="4">
        <test-case id="0-1013" name="TestBitsSignedB64Le" fullname="Kaitai.SpecBitsSignedB64Le.TestBitsSignedB64Le" methodname="TestBitsSignedB64Le" classname="Kaitai.SpecBitsSignedB64Le" runstate="Runnable" seed="1369030577" result="Passed" start-time="2021-11-18 00:07:09Z" end-time="2021-11-18 00:07:09Z" duration="0.000606" asserts="4" />
      </test-suite>
      <test-suite type="TestFixture" id="0-1014" name="SpecBitsSimple" fullname="Kaitai.SpecBitsSimple" classname="Kaitai.SpecBitsSimple" runstate="Runnable" testcasecount="1" result="Passed" start-time="2021-11-18 00:07:09Z" end-time="2021-11-18 00:07:09Z" duration="0.004592" total="1" passed="1" failed="0" inconclusive="0" skipped="0" asserts="14">
        <test-case id="0-1015" name="TestBitsSimple" fullname="Kaitai.SpecBitsSimple.TestBitsSimple" methodname="TestBitsSimple" classname="Kaitai.SpecBitsSimple" runstate="Runnable" seed="1702481094" result="Passed" start-time="2021-11-18 00:07:09Z" end-time="2021-11-18 00:07:09Z" duration="0.001893" asserts="14" />
      </test-suite>
      <test-suite type="TestFixture" id="0-1016" name="SpecBitsSimpleLe" fullname="Kaitai.SpecBitsSimpleLe" classname="Kaitai.SpecBitsSimpleLe" runstate="Runnable" testcasecount="1" result="Passed" start-time="2021-11-18 00:07:09Z" end-time="2021-11-18 00:07:09Z" duration="0.003438" total="1" passed="1" failed="0" inconclusive="0" skipped="0" asserts="14">
        <test-case id="0-1017" name="TestBitsSimpleLe" fullname="Kaitai.SpecBitsSimpleLe.TestBitsSimpleLe" methodname="TestBitsSimpleLe" classname="Kaitai.SpecBitsSimpleLe" runstate="Runnable" seed="1273179246" result="Passed" start-time="2021-11-18 00:07:09Z" end-time="2021-11-18 00:07:09Z" duration="0.000925" asserts="14" />
      </test-suite>
      <test-suite type="TestFixture" id="0-1018" name="SpecBufferedStruct" fullname="Kaitai.SpecBufferedStruct" classname="Kaitai.SpecBufferedStruct" runstate="Runnable" testcasecount="1" result="Passed" start-time="2021-11-18 00:07:09Z" end-time="2021-11-18 00:07:09Z" duration="0.004206" total="1" passed="1" failed="0" inconclusive="0" skipped="0" asserts="7">
        <test-case id="0-1019" name="TestBufferedStruct" fullname="Kaitai.SpecBufferedStruct.TestBufferedStruct" methodname="TestBufferedStruct" classname="Kaitai.SpecBufferedStruct" runstate="Runnable" seed="2026245253" result="Passed" start-time="2021-11-18 00:07:09Z" end-time="2021-11-18 00:07:09Z" duration="0.001505" asserts="7" />
      </test-suite>
      <test-suite type="TestFixture" id="0-1020" name="SpecBytesPadTerm" fullname="Kaitai.SpecBytesPadTerm" classname="Kaitai.SpecBytesPadTerm" runstate="Runnable" testcasecount="1" result="Passed" start-time="2021-11-18 00:07:09Z" end-time="2021-11-18 00:07:09Z" duration="0.003290" total="1" passed="1" failed="0" inconclusive="0" skipped="0" asserts="4">
        <test-case id="0-1021" name="TestBytesPadTerm" fullname="Kaitai.SpecBytesPadTerm.TestBytesPadTerm" methodname="TestBytesPadTerm" classname="Kaitai.SpecBytesPadTerm" runstate="Runnable" seed="1158787075" result="Passed" start-time="2021-11-18 00:07:09Z" end-time="2021-11-18 00:07:09Z" duration="0.000756" asserts="4" />
      </test-suite>
      <test-suite type="TestFixture" id="0-1022" name="SpecCastNested" fullname="Kaitai.SpecCastNested" classname="Kaitai.SpecCastNested" runstate="Runnable" testcasecount="1" result="Passed" start-time="2021-11-18 00:07:09Z" end-time="2021-11-18 00:07:09Z" duration="0.023850" total="1" passed="1" failed="0" inconclusive="0" skipped="0" asserts="4">
        <test-case id="0-1023" name="TestCastNested" fullname="Kaitai.SpecCastNested.TestCastNested" methodname="TestCastNested" classname="Kaitai.SpecCastNested" runstate="Runnable" seed="1982557351" result="Passed" start-time="2021-11-18 00:07:09Z" end-time="2021-11-18 00:07:09Z" duration="0.021131" asserts="4" />
      </test-suite>
      <test-suite type="TestFixture" id="0-1024" name="SpecCastToImported" fullname="Kaitai.SpecCastToImported" classname="Kaitai.SpecCastToImported" runstate="Runnable" testcasecount="1" result="Passed" start-time="2021-11-18 00:07:09Z" end-time="2021-11-18 00:07:09Z" duration="0.003192" total="1" passed="1" failed="0" inconclusive="0" skipped="0" asserts="2">
        <test-case id="0-1025" name="TestCastToImported" fullname="Kaitai.SpecCastToImported.TestCastToImported" methodname="TestCastToImported" classname="Kaitai.SpecCastToImported" runstate="Runnable" seed="866537254" result="Passed" start-time="2021-11-18 00:07:09Z" end-time="2021-11-18 00:07:09Z" duration="0.000597" asserts="2" />
      </test-suite>
      <test-suite type="TestFixture" id="0-1026" name="SpecCastToTop" fullname="Kaitai.SpecCastToTop" classname="Kaitai.SpecCastToTop" runstate="Runnable" testcasecount="1" result="Passed" start-time="2021-11-18 00:07:09Z" end-time="2021-11-18 00:07:09Z" duration="0.003863" total="1" passed="1" failed="0" inconclusive="0" skipped="0" asserts="3">
        <test-case id="0-1027" name="TestCastToTop" fullname="Kaitai.SpecCastToTop.TestCastToTop" methodname="TestCastToTop" classname="Kaitai.SpecCastToTop" runstate="Runnable" seed="1140734911" result="Passed" start-time="2021-11-18 00:07:09Z" end-time="2021-11-18 00:07:09Z" duration="0.001151" asserts="3" />
      </test-suite>
      <test-suite type="TestFixture" id="0-1028" name="SpecCombineBool" fullname="Kaitai.SpecCombineBool" classname="Kaitai.SpecCombineBool" runstate="Runnable" testcasecount="1" result="Passed" start-time="2021-11-18 00:07:09Z" end-time="2021-11-18 00:07:09Z" duration="0.005591" total="1" passed="1" failed="0" inconclusive="0" skipped="0" asserts="2">
        <test-case id="0-1029" name="TestCombineBool" fullname="Kaitai.SpecCombineBool.TestCombineBool" methodname="TestCombineBool" classname="Kaitai.SpecCombineBool" runstate="Runnable" seed="508283719" result="Passed" start-time="2021-11-18 00:07:09Z" end-time="2021-11-18 00:07:09Z" duration="0.003142" asserts="2" />
      </test-suite>
      <test-suite type="TestFixture" id="0-1030" name="SpecCombineBytes" fullname="Kaitai.SpecCombineBytes" classname="Kaitai.SpecCombineBytes" runstate="Runnable" testcasecount="1" result="Passed" start-time="2021-11-18 00:07:09Z" end-time="2021-11-18 00:07:09Z" duration="0.003734" total="1" passed="1" failed="0" inconclusive="0" skipped="0" asserts="10">
        <test-case id="0-1031" name="TestCombineBytes" fullname="Kaitai.SpecCombineBytes.TestCombineBytes" methodname="TestCombineBytes" classname="Kaitai.SpecCombineBytes" runstate="Runnable" seed="1097875695" result="Passed" start-time="2021-11-18 00:07:09Z" end-time="2021-11-18 00:07:09Z" duration="0.001346" asserts="10" />
      </test-suite>
      <test-suite type="TestFixture" id="0-1032" name="SpecCombineEnum" fullname="Kaitai.SpecCombineEnum" classname="Kaitai.SpecCombineEnum" runstate="Runnable" testcasecount="1" result="Passed" start-time="2021-11-18 00:07:09Z" end-time="2021-11-18 00:07:09Z" duration="0.003042" total="1" passed="1" failed="0" inconclusive="0" skipped="0" asserts="3">
        <test-case id="0-1033" name="TestCombineEnum" fullname="Kaitai.SpecCombineEnum.TestCombineEnum" methodname="TestCombineEnum" classname="Kaitai.SpecCombineEnum" runstate="Runnable" seed="442789381" result="Passed" start-time="2021-11-18 00:07:09Z" end-time="2021-11-18 00:07:09Z" duration="0.000657" asserts="3" />
      </test-suite>
      <test-suite type="TestFixture" id="0-1034" name="SpecCombineStr" fullname="Kaitai.SpecCombineStr" classname="Kaitai.SpecCombineStr" runstate="Runnable" testcasecount="1" result="Passed" start-time="2021-11-18 00:07:09Z" end-time="2021-11-18 00:07:09Z" duration="0.003557" total="1" passed="1" failed="0" inconclusive="0" skipped="0" asserts="15">
        <test-case id="0-1035" name="TestCombineStr" fullname="Kaitai.SpecCombineStr.TestCombineStr" methodname="TestCombineStr" classname="Kaitai.SpecCombineStr" runstate="Runnable" seed="2045287679" result="Passed" start-time="2021-11-18 00:07:09Z" end-time="2021-11-18 00:07:09Z" duration="0.001144" asserts="15" />
      </test-suite>
      <test-suite type="TestFixture" id="0-1036" name="SpecDebug0" fullname="Kaitai.SpecDebug0" classname="Kaitai.SpecDebug0" runstate="Runnable" testcasecount="1" result="Passed" start-time="2021-11-18 00:07:09Z" end-time="2021-11-18 00:07:09Z" duration="0.002460" total="1" passed="1" failed="0" inconclusive="0" skipped="0" asserts="0">
        <test-case id="0-1037" name="TestDebug0" fullname="Kaitai.SpecDebug0.TestDebug0" methodname="TestDebug0" classname="Kaitai.SpecDebug0" runstate="Runnable" seed="1089928564" result="Passed" start-time="2021-11-18 00:07:09Z" end-time="2021-11-18 00:07:09Z" duration="0.000074" asserts="0" />
      </test-suite>
      <test-suite type="TestFixture" id="0-1038" name="SpecDebugArrayUser" fullname="Kaitai.SpecDebugArrayUser" classname="Kaitai.SpecDebugArrayUser" runstate="Runnable" testcasecount="1" result="Passed" start-time="2021-11-18 00:07:09Z" end-time="2021-11-18 00:07:09Z" duration="0.003322" total="1" passed="1" failed="0" inconclusive="0" skipped="0" asserts="4">
        <test-case id="0-1039" name="TestDebugArrayUser" fullname="Kaitai.SpecDebugArrayUser.TestDebugArrayUser" methodname="TestDebugArrayUser" classname="Kaitai.SpecDebugArrayUser" runstate="Runnable" seed="1965375081" result="Passed" start-time="2021-11-18 00:07:09Z" end-time="2021-11-18 00:07:09Z" duration="0.000939" asserts="4" />
      </test-suite>
      <test-suite type="TestFixture" id="0-1040" name="SpecDebugEnumName" fullname="Kaitai.SpecDebugEnumName" classname="Kaitai.SpecDebugEnumName" runstate="Runnable" testcasecount="1" result="Passed" start-time="2021-11-18 00:07:09Z" end-time="2021-11-18 00:07:09Z" duration="0.002478" total="1" passed="1" failed="0" inconclusive="0" skipped="0" asserts="0">
        <test-case id="0-1041" name="TestDebugEnumName" fullname="Kaitai.SpecDebugEnumName.TestDebugEnumName" methodname="TestDebugEnumName" classname="Kaitai.SpecDebugEnumName" runstate="Runnable" seed="847264831" result="Passed" start-time="2021-11-18 00:07:09Z" end-time="2021-11-18 00:07:09Z" duration="0.000069" asserts="0" />
      </test-suite>
      <test-suite type="TestFixture" id="0-1042" name="SpecDebugSwitchUser" fullname="Kaitai.SpecDebugSwitchUser" classname="Kaitai.SpecDebugSwitchUser" runstate="Runnable" testcasecount="1" result="Passed" start-time="2021-11-18 00:07:09Z" end-time="2021-11-18 00:07:09Z" duration="0.004888" total="1" passed="1" failed="0" inconclusive="0" skipped="0" asserts="2">
        <test-case id="0-1043" name="TestDebugSwitchUser" fullname="Kaitai.SpecDebugSwitchUser.TestDebugSwitchUser" methodname="TestDebugSwitchUser" classname="Kaitai.SpecDebugSwitchUser" runstate="Runnable" seed="1065445188" result="Passed" start-time="2021-11-18 00:07:09Z" end-time="2021-11-18 00:07:09Z" duration="0.000685" asserts="2" />
      </test-suite>
      <test-suite type="TestFixture" id="0-1044" name="SpecDefaultBigEndian" fullname="Kaitai.SpecDefaultBigEndian" classname="Kaitai.SpecDefaultBigEndian" runstate="Runnable" testcasecount="1" result="Passed" start-time="2021-11-18 00:07:09Z" end-time="2021-11-18 00:07:09Z" duration="0.002874" total="1" passed="1" failed="0" inconclusive="0" skipped="0" asserts="1">
        <test-case id="0-1045" name="TestDefaultBigEndian" fullname="Kaitai.SpecDefaultBigEndian.TestDefaultBigEndian" methodname="TestDefaultBigEndian" classname="Kaitai.SpecDefaultBigEndian" runstate="Runnable" seed="2023901466" result="Passed" start-time="2021-11-18 00:07:09Z" end-time="2021-11-18 00:07:09Z" duration="0.000449" asserts="1" />
      </test-suite>
      <test-suite type="TestFixture" id="0-1046" name="SpecDefaultBitEndianMod" fullname="Kaitai.SpecDefaultBitEndianMod" classname="Kaitai.SpecDefaultBitEndianMod" runstate="Runnable" testcasecount="1" result="Passed" start-time="2021-11-18 00:07:09Z" end-time="2021-11-18 00:07:09Z" duration="0.003225" total="1" passed="1" failed="0" inconclusive="0" skipped="0" asserts="4">
        <test-case id="0-1047" name="TestDefaultBitEndianMod" fullname="Kaitai.SpecDefaultBitEndianMod.TestDefaultBitEndianMod" methodname="TestDefaultBitEndianMod" classname="Kaitai.SpecDefaultBitEndianMod" runstate="Runnable" seed="1770540191" result="Passed" start-time="2021-11-18 00:07:09Z" end-time="2021-11-18 00:07:09Z" duration="0.000814" asserts="4" />
      </test-suite>
      <test-suite type="TestFixture" id="0-1048" name="SpecDefaultEndianExprException" fullname="Kaitai.SpecDefaultEndianExprException" classname="Kaitai.SpecDefaultEndianExprException" runstate="Runnable" testcasecount="1" result="Passed" start-time="2021-11-18 00:07:09Z" end-time="2021-11-18 00:07:09Z" duration="0.007031" total="1" passed="1" failed="0" inconclusive="0" skipped="0" asserts="1">
        <test-case id="0-1049" name="TestDefaultEndianExprException" fullname="Kaitai.SpecDefaultEndianExprException.TestDefaultEndianExprException" methodname="TestDefaultEndianExprException" classname="Kaitai.SpecDefaultEndianExprException" runstate="Runnable" seed="779546336" result="Passed" start-time="2021-11-18 00:07:09Z" end-time="2021-11-18 00:07:09Z" duration="0.004593" asserts="1" />
      </test-suite>
      <test-suite type="TestFixture" id="0-1050" name="SpecDefaultEndianExprInherited" fullname="Kaitai.SpecDefaultEndianExprInherited" classname="Kaitai.SpecDefaultEndianExprInherited" runstate="Runnable" testcasecount="1" result="Passed" start-time="2021-11-18 00:07:09Z" end-time="2021-11-18 00:07:09Z" duration="0.005882" total="1" passed="1" failed="0" inconclusive="0" skipped="0" asserts="15">
        <test-case id="0-1051" name="TestDefaultEndianExprInherited" fullname="Kaitai.SpecDefaultEndianExprInherited.TestDefaultEndianExprInherited" methodname="TestDefaultEndianExprInherited" classname="Kaitai.SpecDefaultEndianExprInherited" runstate="Runnable" seed="21348190" result="Passed" start-time="2021-11-18 00:07:09Z" end-time="2021-11-18 00:07:09Z" duration="0.003074" asserts="15" />
      </test-suite>
      <test-suite type="TestFixture" id="0-1052" name="SpecDefaultEndianExprIsBe" fullname="Kaitai.SpecDefaultEndianExprIsBe" classname="Kaitai.SpecDefaultEndianExprIsBe" runstate="Runnable" testcasecount="1" result="Passed" start-time="2021-11-18 00:07:09Z" end-time="2021-11-18 00:07:09Z" duration="0.005320" total="1" passed="1" failed="0" inconclusive="0" skipped="0" asserts="18">
        <test-case id="0-1053" name="TestDefaultEndianExprIsBe" fullname="Kaitai.SpecDefaultEndianExprIsBe.TestDefaultEndianExprIsBe" methodname="TestDefaultEndianExprIsBe" classname="Kaitai.SpecDefaultEndianExprIsBe" runstate="Runnable" seed="483038127" result="Passed" start-time="2021-11-18 00:07:09Z" end-time="2021-11-18 00:07:09Z" duration="0.002805" asserts="18" />
      </test-suite>
      <test-suite type="TestFixture" id="0-1054" name="SpecDefaultEndianExprIsLe" fullname="Kaitai.SpecDefaultEndianExprIsLe" classname="Kaitai.SpecDefaultEndianExprIsLe" runstate="Runnable" testcasecount="1" result="Passed" start-time="2021-11-18 00:07:09Z" end-time="2021-11-18 00:07:09Z" duration="0.004167" total="1" passed="1" failed="0" inconclusive="0" skipped="0" asserts="12">
        <test-case id="0-1055" name="TestDefaultEndianExprIsLe" fullname="Kaitai.SpecDefaultEndianExprIsLe.TestDefaultEndianExprIsLe" methodname="TestDefaultEndianExprIsLe" classname="Kaitai.SpecDefaultEndianExprIsLe" runstate="Runnable" seed="2086390346" result="Passed" start-time="2021-11-18 00:07:09Z" end-time="2021-11-18 00:07:09Z" duration="0.001583" asserts="12" />
      </test-suite>
      <test-suite type="TestFixture" id="0-1056" name="SpecDefaultEndianMod" fullname="Kaitai.SpecDefaultEndianMod" classname="Kaitai.SpecDefaultEndianMod" runstate="Runnable" testcasecount="1" result="Passed" start-time="2021-11-18 00:07:09Z" end-time="2021-11-18 00:07:09Z" duration="0.003664" total="1" passed="1" failed="0" inconclusive="0" skipped="0" asserts="3">
        <test-case id="0-1057" name="TestDefaultEndianMod" fullname="Kaitai.SpecDefaultEndianMod.TestDefaultEndianMod" methodname="TestDefaultEndianMod" classname="Kaitai.SpecDefaultEndianMod" runstate="Runnable" seed="345118811" result="Passed" start-time="2021-11-18 00:07:09Z" end-time="2021-11-18 00:07:09Z" duration="0.001171" asserts="3" />
      </test-suite>
      <test-suite type="TestFixture" id="0-1058" name="SpecDocstrings" fullname="Kaitai.SpecDocstrings" classname="Kaitai.SpecDocstrings" runstate="Runnable" testcasecount="1" result="Passed" start-time="2021-11-18 00:07:09Z" end-time="2021-11-18 00:07:09Z" duration="0.003135" total="1" passed="1" failed="0" inconclusive="0" skipped="0" asserts="0">
        <test-case id="0-1059" name="TestDocstrings" fullname="Kaitai.SpecDocstrings.TestDocstrings" methodname="TestDocstrings" classname="Kaitai.SpecDocstrings" runstate="Runnable" seed="1603133800" result="Passed" start-time="2021-11-18 00:07:09Z" end-time="2021-11-18 00:07:09Z" duration="0.000584" asserts="0" />
      </test-suite>
      <test-suite type="TestFixture" id="0-1060" name="SpecDocstringsDocref" fullname="Kaitai.SpecDocstringsDocref" classname="Kaitai.SpecDocstringsDocref" runstate="Runnable" testcasecount="1" result="Passed" start-time="2021-11-18 00:07:09Z" end-time="2021-11-18 00:07:09Z" duration="0.002854" total="1" passed="1" failed="0" inconclusive="0" skipped="0" asserts="0">
        <test-case id="0-1061" name="TestDocstringsDocref" fullname="Kaitai.SpecDocstringsDocref.TestDocstringsDocref" methodname="TestDocstringsDocref" classname="Kaitai.SpecDocstringsDocref" runstate="Runnable" seed="330728453" result="Passed" start-time="2021-11-18 00:07:09Z" end-time="2021-11-18 00:07:09Z" duration="0.000367" asserts="0" />
      </test-suite>
      <test-suite type="TestFixture" id="0-1062" name="SpecDocstringsDocrefMulti" fullname="Kaitai.SpecDocstringsDocrefMulti" classname="Kaitai.SpecDocstringsDocrefMulti" runstate="Runnable" testcasecount="1" result="Passed" start-time="2021-11-18 00:07:09Z" end-time="2021-11-18 00:07:09Z" duration="0.002815" total="1" passed="1" failed="0" inconclusive="0" skipped="0" asserts="0">
        <test-case id="0-1063" name="TestDocstringsDocrefMulti" fullname="Kaitai.SpecDocstringsDocrefMulti.TestDocstringsDocrefMulti" methodname="TestDocstringsDocrefMulti" classname="Kaitai.SpecDocstringsDocrefMulti" runstate="Runnable" seed="282164394" result="Passed" start-time="2021-11-18 00:07:09Z" end-time="2021-11-18 00:07:09Z" duration="0.000274" asserts="0" />
      </test-suite>
      <test-suite type="TestFixture" id="0-1064" name="SpecEnum0" fullname="Kaitai.SpecEnum0" classname="Kaitai.SpecEnum0" runstate="Runnable" testcasecount="1" result="Passed" start-time="2021-11-18 00:07:09Z" end-time="2021-11-18 00:07:09Z" duration="0.003049" total="1" passed="1" failed="0" inconclusive="0" skipped="0" asserts="2">
        <test-case id="0-1065" name="TestEnum0" fullname="Kaitai.SpecEnum0.TestEnum0" methodname="TestEnum0" classname="Kaitai.SpecEnum0" runstate="Runnable" seed="1757866636" result="Passed" start-time="2021-11-18 00:07:09Z" end-time="2021-11-18 00:07:09Z" duration="0.000443" asserts="2" />
      </test-suite>
      <test-suite type="TestFixture" id="0-1066" name="SpecEnum1" fullname="Kaitai.SpecEnum1" classname="Kaitai.SpecEnum1" runstate="Runnable" testcasecount="1" result="Passed" start-time="2021-11-18 00:07:09Z" end-time="2021-11-18 00:07:09Z" duration="0.003225" total="1" passed="1" failed="0" inconclusive="0" skipped="0" asserts="2">
        <test-case id="0-1067" name="TestEnum1" fullname="Kaitai.SpecEnum1.TestEnum1" methodname="TestEnum1" classname="Kaitai.SpecEnum1" runstate="Runnable" seed="231653956" result="Passed" start-time="2021-11-18 00:07:09Z" end-time="2021-11-18 00:07:09Z" duration="0.000624" asserts="2" />
      </test-suite>
      <test-suite type="TestFixture" id="0-1068" name="SpecEnumDeep" fullname="Kaitai.SpecEnumDeep" classname="Kaitai.SpecEnumDeep" runstate="Runnable" testcasecount="1" result="Passed" start-time="2021-11-18 00:07:09Z" end-time="2021-11-18 00:07:09Z" duration="0.003139" total="1" passed="1" failed="0" inconclusive="0" skipped="0" asserts="2">
        <test-case id="0-1069" name="TestEnumDeep" fullname="Kaitai.SpecEnumDeep.TestEnumDeep" methodname="TestEnumDeep" classname="Kaitai.SpecEnumDeep" runstate="Runnable" seed="2068057118" result="Passed" start-time="2021-11-18 00:07:09Z" end-time="2021-11-18 00:07:09Z" duration="0.000466" asserts="2" />
      </test-suite>
      <test-suite type="TestFixture" id="0-1070" name="SpecEnumDeepLiterals" fullname="Kaitai.SpecEnumDeepLiterals" classname="Kaitai.SpecEnumDeepLiterals" runstate="Runnable" testcasecount="1" result="Passed" start-time="2021-11-18 00:07:09Z" end-time="2021-11-18 00:07:09Z" duration="0.003237" total="1" passed="1" failed="0" inconclusive="0" skipped="0" asserts="2">
        <test-case id="0-1071" name="TestEnumDeepLiterals" fullname="Kaitai.SpecEnumDeepLiterals.TestEnumDeepLiterals" methodname="TestEnumDeepLiterals" classname="Kaitai.SpecEnumDeepLiterals" runstate="Runnable" seed="763014262" result="Passed" start-time="2021-11-18 00:07:09Z" end-time="2021-11-18 00:07:09Z" duration="0.000807" asserts="2" />
      </test-suite>
      <test-suite type="TestFixture" id="0-1072" name="SpecEnumFancy" fullname="Kaitai.SpecEnumFancy" classname="Kaitai.SpecEnumFancy" runstate="Runnable" testcasecount="1" result="Passed" start-time="2021-11-18 00:07:09Z" end-time="2021-11-18 00:07:09Z" duration="0.002997" total="1" passed="1" failed="0" inconclusive="0" skipped="0" asserts="2">
        <test-case id="0-1073" name="TestEnumFancy" fullname="Kaitai.SpecEnumFancy.TestEnumFancy" methodname="TestEnumFancy" classname="Kaitai.SpecEnumFancy" runstate="Runnable" seed="1902594426" result="Passed" start-time="2021-11-18 00:07:09Z" end-time="2021-11-18 00:07:09Z" duration="0.000423" asserts="2" />
      </test-suite>
      <test-suite type="TestFixture" id="0-1074" name="SpecEnumForUnknownId" fullname="Kaitai.SpecEnumForUnknownId" classname="Kaitai.SpecEnumForUnknownId" runstate="Runnable" testcasecount="1" result="Passed" start-time="2021-11-18 00:07:09Z" end-time="2021-11-18 00:07:09Z" duration="0.003045" total="1" passed="1" failed="0" inconclusive="0" skipped="0" asserts="1">
        <test-case id="0-1075" name="TestEnumForUnknownId" fullname="Kaitai.SpecEnumForUnknownId.TestEnumForUnknownId" methodname="TestEnumForUnknownId" classname="Kaitai.SpecEnumForUnknownId" runstate="Runnable" seed="75325647" result="Passed" start-time="2021-11-18 00:07:09Z" end-time="2021-11-18 00:07:09Z" duration="0.000543" asserts="1" />
      </test-suite>
      <test-suite type="TestFixture" id="0-1076" name="SpecEnumIf" fullname="Kaitai.SpecEnumIf" classname="Kaitai.SpecEnumIf" runstate="Runnable" testcasecount="1" result="Passed" start-time="2021-11-18 00:07:09Z" end-time="2021-11-18 00:07:09Z" duration="0.003757" total="1" passed="1" failed="0" inconclusive="0" skipped="0" asserts="7">
        <test-case id="0-1077" name="TestEnumIf" fullname="Kaitai.SpecEnumIf.TestEnumIf" methodname="TestEnumIf" classname="Kaitai.SpecEnumIf" runstate="Runnable" seed="1739408942" result="Passed" start-time="2021-11-18 00:07:09Z" end-time="2021-11-18 00:07:09Z" duration="0.001219" asserts="7" />
      </test-suite>
      <test-suite type="TestFixture" id="0-1078" name="SpecEnumImport" fullname="Kaitai.SpecEnumImport" classname="Kaitai.SpecEnumImport" runstate="Runnable" testcasecount="1" result="Passed" start-time="2021-11-18 00:07:09Z" end-time="2021-11-18 00:07:09Z" duration="0.003386" total="1" passed="1" failed="0" inconclusive="0" skipped="0" asserts="2">
        <test-case id="0-1079" name="TestEnumImport" fullname="Kaitai.SpecEnumImport.TestEnumImport" methodname="TestEnumImport" classname="Kaitai.SpecEnumImport" runstate="Runnable" seed="477895346" result="Passed" start-time="2021-11-18 00:07:09Z" end-time="2021-11-18 00:07:09Z" duration="0.000384" asserts="2" />
      </test-suite>
      <test-suite type="TestFixture" id="0-1080" name="SpecEnumIntRangeS" fullname="Kaitai.SpecEnumIntRangeS" classname="Kaitai.SpecEnumIntRangeS" runstate="Runnable" testcasecount="1" result="Passed" start-time="2021-11-18 00:07:09Z" end-time="2021-11-18 00:07:09Z" duration="0.003431" total="1" passed="1" failed="0" inconclusive="0" skipped="0" asserts="3">
        <test-case id="0-1081" name="TestEnumIntRangeS" fullname="Kaitai.SpecEnumIntRangeS.TestEnumIntRangeS" methodname="TestEnumIntRangeS" classname="Kaitai.SpecEnumIntRangeS" runstate="Runnable" seed="1549545501" result="Passed" start-time="2021-11-18 00:07:09Z" end-time="2021-11-18 00:07:09Z" duration="0.000660" asserts="3" />
      </test-suite>
      <test-suite type="TestFixture" id="0-1082" name="SpecEnumInvalid" fullname="Kaitai.SpecEnumInvalid" classname="Kaitai.SpecEnumInvalid" runstate="Runnable" testcasecount="1" result="Passed" start-time="2021-11-18 00:07:09Z" end-time="2021-11-18 00:07:09Z" duration="0.002920" total="1" passed="1" failed="0" inconclusive="0" skipped="0" asserts="2">
        <test-case id="0-1083" name="TestEnumInvalid" fullname="Kaitai.SpecEnumInvalid.TestEnumInvalid" methodname="TestEnumInvalid" classname="Kaitai.SpecEnumInvalid" runstate="Runnable" seed="1857282671" result="Passed" start-time="2021-11-18 00:07:09Z" end-time="2021-11-18 00:07:09Z" duration="0.000482" asserts="2" />
      </test-suite>
      <test-suite type="TestFixture" id="0-1084" name="SpecEnumNegative" fullname="Kaitai.SpecEnumNegative" classname="Kaitai.SpecEnumNegative" runstate="Runnable" testcasecount="1" result="Passed" start-time="2021-11-18 00:07:09Z" end-time="2021-11-18 00:07:09Z" duration="0.003673" total="1" passed="1" failed="0" inconclusive="0" skipped="0" asserts="2">
        <test-case id="0-1085" name="TestEnumNegative" fullname="Kaitai.SpecEnumNegative.TestEnumNegative" methodname="TestEnumNegative" classname="Kaitai.SpecEnumNegative" runstate="Runnable" seed="227514947" result="Passed" start-time="2021-11-18 00:07:09Z" end-time="2021-11-18 00:07:09Z" duration="0.000721" asserts="2" />
      </test-suite>
      <test-suite type="TestFixture" id="0-1086" name="SpecEnumOfValueInst" fullname="Kaitai.SpecEnumOfValueInst" classname="Kaitai.SpecEnumOfValueInst" runstate="Runnable" testcasecount="1" result="Passed" start-time="2021-11-18 00:07:09Z" end-time="2021-11-18 00:07:09Z" duration="0.003052" total="1" passed="1" failed="0" inconclusive="0" skipped="0" asserts="4">
        <test-case id="0-1087" name="TestEnumOfValueInst" fullname="Kaitai.SpecEnumOfValueInst.TestEnumOfValueInst" methodname="TestEnumOfValueInst" classname="Kaitai.SpecEnumOfValueInst" runstate="Runnable" seed="1325929451" result="Passed" start-time="2021-11-18 00:07:09Z" end-time="2021-11-18 00:07:09Z" duration="0.000585" asserts="4" />
      </test-suite>
      <test-suite type="TestFixture" id="0-1088" name="SpecEofExceptionBytes" fullname="Kaitai.SpecEofExceptionBytes" classname="Kaitai.SpecEofExceptionBytes" runstate="Runnable" testcasecount="1" result="Passed" start-time="2021-11-18 00:07:09Z" end-time="2021-11-18 00:07:09Z" duration="0.004363" total="1" passed="1" failed="0" inconclusive="0" skipped="0" asserts="1">
        <test-case id="0-1089" name="TestEofExceptionBytes" fullname="Kaitai.SpecEofExceptionBytes.TestEofExceptionBytes" methodname="TestEofExceptionBytes" classname="Kaitai.SpecEofExceptionBytes" runstate="Runnable" seed="590588636" result="Passed" start-time="2021-11-18 00:07:09Z" end-time="2021-11-18 00:07:09Z" duration="0.001516" asserts="1" />
      </test-suite>
      <test-suite type="TestFixture" id="0-1090" name="SpecEofExceptionU4" fullname="Kaitai.SpecEofExceptionU4" classname="Kaitai.SpecEofExceptionU4" runstate="Runnable" testcasecount="1" result="Passed" start-time="2021-11-18 00:07:09Z" end-time="2021-11-18 00:07:09Z" duration="0.002995" total="1" passed="1" failed="0" inconclusive="0" skipped="0" asserts="1">
        <test-case id="0-1091" name="TestEofExceptionU4" fullname="Kaitai.SpecEofExceptionU4.TestEofExceptionU4" methodname="TestEofExceptionU4" classname="Kaitai.SpecEofExceptionU4" runstate="Runnable" seed="1732131396" result="Passed" start-time="2021-11-18 00:07:09Z" end-time="2021-11-18 00:07:09Z" duration="0.000434" asserts="1" />
      </test-suite>
      <test-suite type="TestFixture" id="0-1092" name="SpecEosExceptionBytes" fullname="Kaitai.SpecEosExceptionBytes" classname="Kaitai.SpecEosExceptionBytes" runstate="Runnable" testcasecount="1" result="Passed" start-time="2021-11-18 00:07:09Z" end-time="2021-11-18 00:07:09Z" duration="0.002983" total="1" passed="1" failed="0" inconclusive="0" skipped="0" asserts="1">
        <test-case id="0-1093" name="TestEosExceptionBytes" fullname="Kaitai.SpecEosExceptionBytes.TestEosExceptionBytes" methodname="TestEosExceptionBytes" classname="Kaitai.SpecEosExceptionBytes" runstate="Runnable" seed="1025989636" result="Passed" start-time="2021-11-18 00:07:09Z" end-time="2021-11-18 00:07:09Z" duration="0.000524" asserts="1" />
      </test-suite>
      <test-suite type="TestFixture" id="0-1094" name="SpecEosExceptionU4" fullname="Kaitai.SpecEosExceptionU4" classname="Kaitai.SpecEosExceptionU4" runstate="Runnable" testcasecount="1" result="Passed" start-time="2021-11-18 00:07:09Z" end-time="2021-11-18 00:07:09Z" duration="0.003050" total="1" passed="1" failed="0" inconclusive="0" skipped="0" asserts="1">
        <test-case id="0-1095" name="TestEosExceptionU4" fullname="Kaitai.SpecEosExceptionU4.TestEosExceptionU4" methodname="TestEosExceptionU4" classname="Kaitai.SpecEosExceptionU4" runstate="Runnable" seed="1755665307" result="Passed" start-time="2021-11-18 00:07:09Z" end-time="2021-11-18 00:07:09Z" duration="0.000550" asserts="1" />
      </test-suite>
      <test-suite type="TestFixture" id="0-1096" name="SpecExpr0" fullname="Kaitai.SpecExpr0" classname="Kaitai.SpecExpr0" runstate="Runnable" testcasecount="1" result="Passed" start-time="2021-11-18 00:07:09Z" end-time="2021-11-18 00:07:09Z" duration="0.003202" total="1" passed="1" failed="0" inconclusive="0" skipped="0" asserts="2">
        <test-case id="0-1097" name="TestExpr0" fullname="Kaitai.SpecExpr0.TestExpr0" methodname="TestExpr0" classname="Kaitai.SpecExpr0" runstate="Runnable" seed="793800166" result="Passed" start-time="2021-11-18 00:07:09Z" end-time="2021-11-18 00:07:09Z" duration="0.000440" asserts="2" />
      </test-suite>
      <test-suite type="TestFixture" id="0-1098" name="SpecExpr1" fullname="Kaitai.SpecExpr1" classname="Kaitai.SpecExpr1" runstate="Runnable" testcasecount="1" result="Passed" start-time="2021-11-18 00:07:09Z" end-time="2021-11-18 00:07:09Z" duration="0.002980" total="1" passed="1" failed="0" inconclusive="0" skipped="0" asserts="4">
        <test-case id="0-1099" name="TestExpr1" fullname="Kaitai.SpecExpr1.TestExpr1" methodname="TestExpr1" classname="Kaitai.SpecExpr1" runstate="Runnable" seed="1851810930" result="Passed" start-time="2021-11-18 00:07:09Z" end-time="2021-11-18 00:07:09Z" duration="0.000537" asserts="4" />
      </test-suite>
      <test-suite type="TestFixture" id="0-1100" name="SpecExpr2" fullname="Kaitai.SpecExpr2" classname="Kaitai.SpecExpr2" runstate="Runnable" testcasecount="1" result="Passed" start-time="2021-11-18 00:07:09Z" end-time="2021-11-18 00:07:09Z" duration="0.004409" total="1" passed="1" failed="0" inconclusive="0" skipped="0" asserts="17">
        <test-case id="0-1101" name="TestExpr2" fullname="Kaitai.SpecExpr2.TestExpr2" methodname="TestExpr2" classname="Kaitai.SpecExpr2" runstate="Runnable" seed="1149039437" result="Passed" start-time="2021-11-18 00:07:09Z" end-time="2021-11-18 00:07:09Z" duration="0.001730" asserts="17" />
      </test-suite>
      <test-suite type="TestFixture" id="0-1102" name="SpecExpr3" fullname="Kaitai.SpecExpr3" classname="Kaitai.SpecExpr3" runstate="Runnable" testcasecount="1" result="Passed" start-time="2021-11-18 00:07:09Z" end-time="2021-11-18 00:07:09Z" duration="0.004283" total="1" passed="1" failed="0" inconclusive="0" skipped="0" asserts="12">
        <test-case id="0-1103" name="TestExpr3" fullname="Kaitai.SpecExpr3.TestExpr3" methodname="TestExpr3" classname="Kaitai.SpecExpr3" runstate="Runnable" seed="233407057" result="Passed" start-time="2021-11-18 00:07:09Z" end-time="2021-11-18 00:07:09Z" duration="0.001640" asserts="12" />
      </test-suite>
      <test-suite type="TestFixture" id="0-1104" name="SpecExprArray" fullname="Kaitai.SpecExprArray" classname="Kaitai.SpecExprArray" runstate="Runnable" testcasecount="1" result="Passed" start-time="2021-11-18 00:07:09Z" end-time="2021-11-18 00:07:09Z" duration="0.009156" total="1" passed="1" failed="0" inconclusive="0" skipped="0" asserts="15">
        <test-case id="0-1105" name="TestExprArray" fullname="Kaitai.SpecExprArray.TestExprArray" methodname="TestExprArray" classname="Kaitai.SpecExprArray" runstate="Runnable" seed="1599835346" result="Passed" start-time="2021-11-18 00:07:09Z" end-time="2021-11-18 00:07:09Z" duration="0.006702" asserts="15" />
      </test-suite>
      <test-suite type="TestFixture" id="0-1106" name="SpecExprBytesCmp" fullname="Kaitai.SpecExprBytesCmp" classname="Kaitai.SpecExprBytesCmp" runstate="Runnable" testcasecount="1" result="Passed" start-time="2021-11-18 00:07:09Z" end-time="2021-11-18 00:07:09Z" duration="0.004153" total="1" passed="1" failed="0" inconclusive="0" skipped="0" asserts="10">
        <test-case id="0-1107" name="TestExprBytesCmp" fullname="Kaitai.SpecExprBytesCmp.TestExprBytesCmp" methodname="TestExprBytesCmp" classname="Kaitai.SpecExprBytesCmp" runstate="Runnable" seed="2069732445" result="Passed" start-time="2021-11-18 00:07:09Z" end-time="2021-11-18 00:07:09Z" duration="0.001519" asserts="10" />
      </test-suite>
      <test-suite type="TestFixture" id="0-1108" name="SpecExprBytesOps" fullname="Kaitai.SpecExprBytesOps" classname="Kaitai.SpecExprBytesOps" runstate="Runnable" testcasecount="1" result="Passed" start-time="2021-11-18 00:07:09Z" end-time="2021-11-18 00:07:09Z" duration="0.005026" total="1" passed="1" failed="0" inconclusive="0" skipped="0" asserts="16">
        <test-case id="0-1109" name="TestExprBytesOps" fullname="Kaitai.SpecExprBytesOps.TestExprBytesOps" methodname="TestExprBytesOps" classname="Kaitai.SpecExprBytesOps" runstate="Runnable" seed="1187794074" result="Passed" start-time="2021-11-18 00:07:09Z" end-time="2021-11-18 00:07:09Z" duration="0.002554" asserts="16" />
      </test-suite>
      <test-suite type="TestFixture" id="0-1110" name="SpecExprCalcArrayOps" fullname="Kaitai.SpecExprCalcArrayOps" classname="Kaitai.SpecExprCalcArrayOps" runstate="Runnable" testcasecount="1" result="Passed" start-time="2021-11-18 00:07:09Z" end-time="2021-11-18 00:07:09Z" duration="0.006807" total="1" passed="1" failed="0" inconclusive="0" skipped="0" asserts="18">
        <test-case id="0-1111" name="TestExprCalcArrayOps" fullname="Kaitai.SpecExprCalcArrayOps.TestExprCalcArrayOps" methodname="TestExprCalcArrayOps" classname="Kaitai.SpecExprCalcArrayOps" runstate="Runnable" seed="179114241" result="Passed" start-time="2021-11-18 00:07:09Z" end-time="2021-11-18 00:07:09Z" duration="0.004303" asserts="18" />
      </test-suite>
      <test-suite type="TestFixture" id="0-1112" name="SpecExprEnum" fullname="Kaitai.SpecExprEnum" classname="Kaitai.SpecExprEnum" runstate="Runnable" testcasecount="1" result="Passed" start-time="2021-11-18 00:07:09Z" end-time="2021-11-18 00:07:09Z" duration="0.003063" total="1" passed="1" failed="0" inconclusive="0" skipped="0" asserts="3">
        <test-case id="0-1113" name="TestExprEnum" fullname="Kaitai.SpecExprEnum.TestExprEnum" methodname="TestExprEnum" classname="Kaitai.SpecExprEnum" runstate="Runnable" seed="1273059140" result="Passed" start-time="2021-11-18 00:07:09Z" end-time="2021-11-18 00:07:09Z" duration="0.000577" asserts="3" />
      </test-suite>
      <test-suite type="TestFixture" id="0-1114" name="SpecExprIfIntOps" fullname="Kaitai.SpecExprIfIntOps" classname="Kaitai.SpecExprIfIntOps" runstate="Runnable" testcasecount="1" result="Passed" start-time="2021-11-18 00:07:09Z" end-time="2021-11-18 00:07:09Z" duration="0.003303" total="1" passed="1" failed="0" inconclusive="0" skipped="0" asserts="2">
        <test-case id="0-1115" name="TestExprIfIntOps" fullname="Kaitai.SpecExprIfIntOps.TestExprIfIntOps" methodname="TestExprIfIntOps" classname="Kaitai.SpecExprIfIntOps" runstate="Runnable" seed="918400489" result="Passed" start-time="2021-11-18 00:07:09Z" end-time="2021-11-18 00:07:09Z" duration="0.000827" asserts="2" />
      </test-suite>
      <test-suite type="TestFixture" id="0-1116" name="SpecExprIntDiv" fullname="Kaitai.SpecExprIntDiv" classname="Kaitai.SpecExprIntDiv" runstate="Runnable" testcasecount="1" result="Failed" site="Child" start-time="2021-11-18 00:07:09Z" end-time="2021-11-18 00:07:09Z" duration="0.013063" total="1" passed="0" failed="1" inconclusive="0" skipped="0" asserts="4">
        <failure>
          <message><![CDATA[One or more child tests had errors]]></message>
        </failure>
        <test-case id="0-1117" name="TestExprIntDiv" fullname="Kaitai.SpecExprIntDiv.TestExprIntDiv" methodname="TestExprIntDiv" classname="Kaitai.SpecExprIntDiv" runstate="Runnable" seed="696530363" result="Failed" start-time="2021-11-18 00:07:09Z" end-time="2021-11-18 00:07:09Z" duration="0.010428" asserts="4">
          <failure>
            <message><![CDATA[  Expected: -756
  But was:  -757
]]></message>
            <stack-trace><![CDATA[at Kaitai.SpecExprIntDiv.TestExprIntDiv () [0x00069] in <c29ee8e2e5d94566a6874929239b20f5>:0
]]></stack-trace>
          </failure>
        </test-case>
      </test-suite>
      <test-suite type="TestFixture" id="0-1118" name="SpecExprIoEof" fullname="Kaitai.SpecExprIoEof" classname="Kaitai.SpecExprIoEof" runstate="Runnable" testcasecount="1" result="Passed" start-time="2021-11-18 00:07:09Z" end-time="2021-11-18 00:07:09Z" duration="0.003727" total="1" passed="1" failed="0" inconclusive="0" skipped="0" asserts="4">
        <test-case id="0-1119" name="TestExprIoEof" fullname="Kaitai.SpecExprIoEof.TestExprIoEof" methodname="TestExprIoEof" classname="Kaitai.SpecExprIoEof" runstate="Runnable" seed="1222181022" result="Passed" start-time="2021-11-18 00:07:09Z" end-time="2021-11-18 00:07:09Z" duration="0.001011" asserts="4" />
      </test-suite>
      <test-suite type="TestFixture" id="0-1120" name="SpecExprIoPos" fullname="Kaitai.SpecExprIoPos" classname="Kaitai.SpecExprIoPos" runstate="Runnable" testcasecount="1" result="Passed" start-time="2021-11-18 00:07:09Z" end-time="2021-11-18 00:07:09Z" duration="0.003452" total="1" passed="1" failed="0" inconclusive="0" skipped="0" asserts="6">
        <test-case id="0-1121" name="TestExprIoPos" fullname="Kaitai.SpecExprIoPos.TestExprIoPos" methodname="TestExprIoPos" classname="Kaitai.SpecExprIoPos" runstate="Runnable" seed="1251566456" result="Passed" start-time="2021-11-18 00:07:09Z" end-time="2021-11-18 00:07:09Z" duration="0.000797" asserts="6" />
      </test-suite>
      <test-suite type="TestFixture" id="0-1122" name="SpecExprMod" fullname="Kaitai.SpecExprMod" classname="Kaitai.SpecExprMod" runstate="Runnable" testcasecount="1" result="Passed" start-time="2021-11-18 00:07:09Z" end-time="2021-11-18 00:07:09Z" duration="0.003364" total="1" passed="1" failed="0" inconclusive="0" skipped="0" asserts="6">
        <test-case id="0-1123" name="TestExprMod" fullname="Kaitai.SpecExprMod.TestExprMod" methodname="TestExprMod" classname="Kaitai.SpecExprMod" runstate="Runnable" seed="1475680158" result="Passed" start-time="2021-11-18 00:07:09Z" end-time="2021-11-18 00:07:09Z" duration="0.000864" asserts="6" />
      </test-suite>
      <test-suite type="TestFixture" id="0-1124" name="SpecExprSizeofType0" fullname="Kaitai.SpecExprSizeofType0" classname="Kaitai.SpecExprSizeofType0" runstate="Runnable" testcasecount="1" result="Passed" start-time="2021-11-18 00:07:09Z" end-time="2021-11-18 00:07:09Z" duration="0.003097" total="1" passed="1" failed="0" inconclusive="0" skipped="0" asserts="1">
        <test-case id="0-1125" name="TestExprSizeofType0" fullname="Kaitai.SpecExprSizeofType0.TestExprSizeofType0" methodname="TestExprSizeofType0" classname="Kaitai.SpecExprSizeofType0" runstate="Runnable" seed="1317716931" result="Passed" start-time="2021-11-18 00:07:09Z" end-time="2021-11-18 00:07:09Z" duration="0.000548" asserts="1" />
      </test-suite>
      <test-suite type="TestFixture" id="0-1126" name="SpecExprSizeofType1" fullname="Kaitai.SpecExprSizeofType1" classname="Kaitai.SpecExprSizeofType1" runstate="Runnable" testcasecount="1" result="Passed" start-time="2021-11-18 00:07:09Z" end-time="2021-11-18 00:07:09Z" duration="0.002908" total="1" passed="1" failed="0" inconclusive="0" skipped="0" asserts="2">
        <test-case id="0-1127" name="TestExprSizeofType1" fullname="Kaitai.SpecExprSizeofType1.TestExprSizeofType1" methodname="TestExprSizeofType1" classname="Kaitai.SpecExprSizeofType1" runstate="Runnable" seed="1316269313" result="Passed" start-time="2021-11-18 00:07:09Z" end-time="2021-11-18 00:07:09Z" duration="0.000399" asserts="2" />
      </test-suite>
      <test-suite type="TestFixture" id="0-1128" name="SpecExprSizeofValue0" fullname="Kaitai.SpecExprSizeofValue0" classname="Kaitai.SpecExprSizeofValue0" runstate="Runnable" testcasecount="1" result="Passed" start-time="2021-11-18 00:07:09Z" end-time="2021-11-18 00:07:09Z" duration="0.003327" total="1" passed="1" failed="0" inconclusive="0" skipped="0" asserts="5">
        <test-case id="0-1129" name="TestExprSizeofValue0" fullname="Kaitai.SpecExprSizeofValue0.TestExprSizeofValue0" methodname="TestExprSizeofValue0" classname="Kaitai.SpecExprSizeofValue0" runstate="Runnable" seed="1324010298" result="Passed" start-time="2021-11-18 00:07:09Z" end-time="2021-11-18 00:07:09Z" duration="0.000823" asserts="5" />
      </test-suite>
      <test-suite type="TestFixture" id="0-1130" name="SpecExprSizeofValueSized" fullname="Kaitai.SpecExprSizeofValueSized" classname="Kaitai.SpecExprSizeofValueSized" runstate="Runnable" testcasecount="1" result="Passed" start-time="2021-11-18 00:07:09Z" end-time="2021-11-18 00:07:09Z" duration="0.003467" total="1" passed="1" failed="0" inconclusive="0" skipped="0" asserts="5">
        <test-case id="0-1131" name="TestExprSizeofValueSized" fullname="Kaitai.SpecExprSizeofValueSized.TestExprSizeofValueSized" methodname="TestExprSizeofValueSized" classname="Kaitai.SpecExprSizeofValueSized" runstate="Runnable" seed="924883566" result="Passed" start-time="2021-11-18 00:07:09Z" end-time="2021-11-18 00:07:09Z" duration="0.000918" asserts="5" />
      </test-suite>
      <test-suite type="TestFixture" id="0-1132" name="SpecExprStrEncodings" fullname="Kaitai.SpecExprStrEncodings" classname="Kaitai.SpecExprStrEncodings" runstate="Runnable" testcasecount="1" result="Passed" start-time="2021-11-18 00:07:09Z" end-time="2021-11-18 00:07:09Z" duration="0.155726" total="1" passed="1" failed="0" inconclusive="0" skipped="0" asserts="7">
        <test-case id="0-1133" name="TestExprStrEncodings" fullname="Kaitai.SpecExprStrEncodings.TestExprStrEncodings" methodname="TestExprStrEncodings" classname="Kaitai.SpecExprStrEncodings" runstate="Runnable" seed="1855905218" result="Passed" start-time="2021-11-18 00:07:09Z" end-time="2021-11-18 00:07:09Z" duration="0.153270" asserts="7" />
      </test-suite>
      <test-suite type="TestFixture" id="0-1134" name="SpecExprStrOps" fullname="Kaitai.SpecExprStrOps" classname="Kaitai.SpecExprStrOps" runstate="Runnable" testcasecount="1" result="Passed" start-time="2021-11-18 00:07:09Z" end-time="2021-11-18 00:07:09Z" duration="0.006912" total="1" passed="1" failed="0" inconclusive="0" skipped="0" asserts="17">
        <test-case id="0-1135" name="TestExprStrOps" fullname="Kaitai.SpecExprStrOps.TestExprStrOps" methodname="TestExprStrOps" classname="Kaitai.SpecExprStrOps" runstate="Runnable" seed="918847162" result="Passed" start-time="2021-11-18 00:07:09Z" end-time="2021-11-18 00:07:09Z" duration="0.004137" asserts="17" />
      </test-suite>
      <test-suite type="TestFixture" id="0-1136" name="SpecFixedContents" fullname="Kaitai.SpecFixedContents" classname="Kaitai.SpecFixedContents" runstate="Runnable" testcasecount="1" result="Passed" start-time="2021-11-18 00:07:09Z" end-time="2021-11-18 00:07:09Z" duration="0.003020" total="1" passed="1" failed="0" inconclusive="0" skipped="0" asserts="0">
        <test-case id="0-1137" name="TestFixedContents" fullname="Kaitai.SpecFixedContents.TestFixedContents" methodname="TestFixedContents" classname="Kaitai.SpecFixedContents" runstate="Runnable" seed="844274011" result="Passed" start-time="2021-11-18 00:07:09Z" end-time="2021-11-18 00:07:09Z" duration="0.000536" asserts="0" />
      </test-suite>
      <test-suite type="TestFixture" id="0-1138" name="SpecFixedStruct" fullname="Kaitai.SpecFixedStruct" classname="Kaitai.SpecFixedStruct" runstate="Runnable" testcasecount="1" result="Passed" start-time="2021-11-18 00:07:09Z" end-time="2021-11-18 00:07:09Z" duration="0.004437" total="1" passed="1" failed="0" inconclusive="0" skipped="0" asserts="20">
        <test-case id="0-1139" name="TestFixedStruct" fullname="Kaitai.SpecFixedStruct.TestFixedStruct" methodname="TestFixedStruct" classname="Kaitai.SpecFixedStruct" runstate="Runnable" seed="1855099764" result="Passed" start-time="2021-11-18 00:07:09Z" end-time="2021-11-18 00:07:09Z" duration="0.001988" asserts="20" />
      </test-suite>
      <test-suite type="TestFixture" id="0-1142" name="SpecFloatingPoints" fullname="Kaitai.SpecFloatingPoints" classname="Kaitai.SpecFloatingPoints" runstate="Runnable" testcasecount="1" result="Passed" start-time="2021-11-18 00:07:09Z" end-time="2021-11-18 00:07:09Z" duration="0.003354" total="1" passed="1" failed="0" inconclusive="0" skipped="0" asserts="8">
        <test-case id="0-1143" name="TestFloatingPoints" fullname="Kaitai.SpecFloatingPoints.TestFloatingPoints" methodname="TestFloatingPoints" classname="Kaitai.SpecFloatingPoints" runstate="Runnable" seed="923887244" result="Passed" start-time="2021-11-18 00:07:09Z" end-time="2021-11-18 00:07:09Z" duration="0.000829" asserts="8" />
      </test-suite>
      <test-suite type="TestFixture" id="0-1140" name="SpecFloatToI" fullname="Kaitai.SpecFloatToI" classname="Kaitai.SpecFloatToI" runstate="Runnable" testcasecount="1" result="Passed" start-time="2021-11-18 00:07:09Z" end-time="2021-11-18 00:07:09Z" duration="0.003386" total="1" passed="1" failed="0" inconclusive="0" skipped="0" asserts="8">
        <test-case id="0-1141" name="TestFloatToI" fullname="Kaitai.SpecFloatToI.TestFloatToI" methodname="TestFloatToI" classname="Kaitai.SpecFloatToI" runstate="Runnable" seed="1560813394" result="Passed" start-time="2021-11-18 00:07:09Z" end-time="2021-11-18 00:07:09Z" duration="0.000865" asserts="8" />
      </test-suite>
      <test-suite type="TestFixture" id="0-1144" name="SpecHelloWorld" fullname="Kaitai.SpecHelloWorld" classname="Kaitai.SpecHelloWorld" runstate="Runnable" testcasecount="1" result="Passed" start-time="2021-11-18 00:07:09Z" end-time="2021-11-18 00:07:09Z" duration="0.002768" total="1" passed="1" failed="0" inconclusive="0" skipped="0" asserts="1">
        <test-case id="0-1145" name="TestHelloWorld" fullname="Kaitai.SpecHelloWorld.TestHelloWorld" methodname="TestHelloWorld" classname="Kaitai.SpecHelloWorld" runstate="Runnable" seed="806840108" result="Passed" start-time="2021-11-18 00:07:09Z" end-time="2021-11-18 00:07:09Z" duration="0.000258" asserts="1" />
      </test-suite>
      <test-suite type="TestFixture" id="0-1146" name="SpecIfInstances" fullname="Kaitai.SpecIfInstances" classname="Kaitai.SpecIfInstances" runstate="Runnable" testcasecount="1" result="Passed" start-time="2021-11-18 00:07:09Z" end-time="2021-11-18 00:07:09Z" duration="0.003000" total="1" passed="1" failed="0" inconclusive="0" skipped="0" asserts="1">
        <test-case id="0-1147" name="TestIfInstances" fullname="Kaitai.SpecIfInstances.TestIfInstances" methodname="TestIfInstances" classname="Kaitai.SpecIfInstances" runstate="Runnable" seed="1021026977" result="Passed" start-time="2021-11-18 00:07:09Z" end-time="2021-11-18 00:07:09Z" duration="0.000518" asserts="1" />
      </test-suite>
      <test-suite type="TestFixture" id="0-1148" name="SpecIfStruct" fullname="Kaitai.SpecIfStruct" classname="Kaitai.SpecIfStruct" runstate="Runnable" testcasecount="1" result="Passed" start-time="2021-11-18 00:07:09Z" end-time="2021-11-18 00:07:09Z" duration="0.003371" total="1" passed="1" failed="0" inconclusive="0" skipped="0" asserts="7">
        <test-case id="0-1149" name="TestIfStruct" fullname="Kaitai.SpecIfStruct.TestIfStruct" methodname="TestIfStruct" classname="Kaitai.SpecIfStruct" runstate="Runnable" seed="887668088" result="Passed" start-time="2021-11-18 00:07:09Z" end-time="2021-11-18 00:07:09Z" duration="0.000911" asserts="7" />
      </test-suite>
      <test-suite type="TestFixture" id="0-1150" name="SpecIfValues" fullname="Kaitai.SpecIfValues" classname="Kaitai.SpecIfValues" runstate="Runnable" testcasecount="1" result="Passed" start-time="2021-11-18 00:07:09Z" end-time="2021-11-18 00:07:09Z" duration="0.003871" total="1" passed="1" failed="0" inconclusive="0" skipped="0" asserts="6">
        <test-case id="0-1151" name="TestIfValues" fullname="Kaitai.SpecIfValues.TestIfValues" methodname="TestIfValues" classname="Kaitai.SpecIfValues" runstate="Runnable" seed="221534128" result="Passed" start-time="2021-11-18 00:07:09Z" end-time="2021-11-18 00:07:09Z" duration="0.001426" asserts="6" />
      </test-suite>
      <test-suite type="TestFixture" id="0-1152" name="SpecImports0" fullname="Kaitai.SpecImports0" classname="Kaitai.SpecImports0" runstate="Runnable" testcasecount="1" result="Passed" start-time="2021-11-18 00:07:09Z" end-time="2021-11-18 00:07:09Z" duration="0.003076" total="1" passed="1" failed="0" inconclusive="0" skipped="0" asserts="3">
        <test-case id="0-1153" name="TestImports0" fullname="Kaitai.SpecImports0.TestImports0" methodname="TestImports0" classname="Kaitai.SpecImports0" runstate="Runnable" seed="1761447854" result="Passed" start-time="2021-11-18 00:07:09Z" end-time="2021-11-18 00:07:09Z" duration="0.000498" asserts="3" />
      </test-suite>
      <test-suite type="TestFixture" id="0-1154" name="SpecImportsAbs" fullname="Kaitai.SpecImportsAbs" classname="Kaitai.SpecImportsAbs" runstate="Runnable" testcasecount="1" result="Passed" start-time="2021-11-18 00:07:09Z" end-time="2021-11-18 00:07:09Z" duration="0.004134" total="1" passed="1" failed="0" inconclusive="0" skipped="0" asserts="2">
        <test-case id="0-1155" name="TestImportsAbs" fullname="Kaitai.SpecImportsAbs.TestImportsAbs" methodname="TestImportsAbs" classname="Kaitai.SpecImportsAbs" runstate="Runnable" seed="1608665939" result="Passed" start-time="2021-11-18 00:07:09Z" end-time="2021-11-18 00:07:09Z" duration="0.001570" asserts="2" />
      </test-suite>
      <test-suite type="TestFixture" id="0-1156" name="SpecImportsAbsAbs" fullname="Kaitai.SpecImportsAbsAbs" classname="Kaitai.SpecImportsAbsAbs" runstate="Runnable" testcasecount="1" result="Passed" start-time="2021-11-18 00:07:09Z" end-time="2021-11-18 00:07:09Z" duration="0.003139" total="1" passed="1" failed="0" inconclusive="0" skipped="0" asserts="3">
        <test-case id="0-1157" name="TestImportsAbsAbs" fullname="Kaitai.SpecImportsAbsAbs.TestImportsAbsAbs" methodname="TestImportsAbsAbs" classname="Kaitai.SpecImportsAbsAbs" runstate="Runnable" seed="1584219881" result="Passed" start-time="2021-11-18 00:07:09Z" end-time="2021-11-18 00:07:09Z" duration="0.000671" asserts="3" />
      </test-suite>
      <test-suite type="TestFixture" id="0-1158" name="SpecImportsAbsRel" fullname="Kaitai.SpecImportsAbsRel" classname="Kaitai.SpecImportsAbsRel" runstate="Runnable" testcasecount="1" result="Passed" start-time="2021-11-18 00:07:09Z" end-time="2021-11-18 00:07:09Z" duration="0.003076" total="1" passed="1" failed="0" inconclusive="0" skipped="0" asserts="3">
        <test-case id="0-1159" name="TestImportsAbsRel" fullname="Kaitai.SpecImportsAbsRel.TestImportsAbsRel" methodname="TestImportsAbsRel" classname="Kaitai.SpecImportsAbsRel" runstate="Runnable" seed="2089200701" result="Passed" start-time="2021-11-18 00:07:09Z" end-time="2021-11-18 00:07:09Z" duration="0.000546" asserts="3" />
      </test-suite>
      <test-suite type="TestFixture" id="0-1160" name="SpecImportsCircularA" fullname="Kaitai.SpecImportsCircularA" classname="Kaitai.SpecImportsCircularA" runstate="Runnable" testcasecount="1" result="Passed" start-time="2021-11-18 00:07:09Z" end-time="2021-11-18 00:07:09Z" duration="0.003288" total="1" passed="1" failed="0" inconclusive="0" skipped="0" asserts="5">
        <test-case id="0-1161" name="TestImportsCircularA" fullname="Kaitai.SpecImportsCircularA.TestImportsCircularA" methodname="TestImportsCircularA" classname="Kaitai.SpecImportsCircularA" runstate="Runnable" seed="171411995" result="Passed" start-time="2021-11-18 00:07:09Z" end-time="2021-11-18 00:07:09Z" duration="0.000761" asserts="5" />
      </test-suite>
      <test-suite type="TestFixture" id="0-1162" name="SpecImportsRel1" fullname="Kaitai.SpecImportsRel1" classname="Kaitai.SpecImportsRel1" runstate="Runnable" testcasecount="1" result="Passed" start-time="2021-11-18 00:07:09Z" end-time="2021-11-18 00:07:09Z" duration="0.003249" total="1" passed="1" failed="0" inconclusive="0" skipped="0" asserts="3">
        <test-case id="0-1163" name="TestImportsRel1" fullname="Kaitai.SpecImportsRel1.TestImportsRel1" methodname="TestImportsRel1" classname="Kaitai.SpecImportsRel1" runstate="Runnable" seed="1283114894" result="Passed" start-time="2021-11-18 00:07:09Z" end-time="2021-11-18 00:07:09Z" duration="0.000741" asserts="3" />
      </test-suite>
      <test-suite type="TestFixture" id="0-1164" name="SpecIndexSizes" fullname="Kaitai.SpecIndexSizes" classname="Kaitai.SpecIndexSizes" runstate="Runnable" testcasecount="1" result="Passed" start-time="2021-11-18 00:07:09Z" end-time="2021-11-18 00:07:09Z" duration="0.003528" total="1" passed="1" failed="0" inconclusive="0" skipped="0" asserts="7">
        <test-case id="0-1165" name="TestIndexSizes" fullname="Kaitai.SpecIndexSizes.TestIndexSizes" methodname="TestIndexSizes" classname="Kaitai.SpecIndexSizes" runstate="Runnable" seed="482054682" result="Passed" start-time="2021-11-18 00:07:09Z" end-time="2021-11-18 00:07:09Z" duration="0.000995" asserts="7" />
      </test-suite>
      <test-suite type="TestFixture" id="0-1166" name="SpecIndexToParamEos" fullname="Kaitai.SpecIndexToParamEos" classname="Kaitai.SpecIndexToParamEos" runstate="Runnable" testcasecount="1" result="Passed" start-time="2021-11-18 00:07:09Z" end-time="2021-11-18 00:07:09Z" duration="0.004007" total="1" passed="1" failed="0" inconclusive="0" skipped="0" asserts="7">
        <test-case id="0-1167" name="TestIndexToParamEos" fullname="Kaitai.SpecIndexToParamEos.TestIndexToParamEos" methodname="TestIndexToParamEos" classname="Kaitai.SpecIndexToParamEos" runstate="Runnable" seed="578703674" result="Passed" start-time="2021-11-18 00:07:09Z" end-time="2021-11-18 00:07:09Z" duration="0.001475" asserts="7" />
      </test-suite>
      <test-suite type="TestFixture" id="0-1168" name="SpecIndexToParamExpr" fullname="Kaitai.SpecIndexToParamExpr" classname="Kaitai.SpecIndexToParamExpr" runstate="Runnable" testcasecount="1" result="Passed" start-time="2021-11-18 00:07:09Z" end-time="2021-11-18 00:07:09Z" duration="0.003795" total="1" passed="1" failed="0" inconclusive="0" skipped="0" asserts="7">
        <test-case id="0-1169" name="TestIndexToParamExpr" fullname="Kaitai.SpecIndexToParamExpr.TestIndexToParamExpr" methodname="TestIndexToParamExpr" classname="Kaitai.SpecIndexToParamExpr" runstate="Runnable" seed="1412900431" result="Passed" start-time="2021-11-18 00:07:09Z" end-time="2021-11-18 00:07:09Z" duration="0.001292" asserts="7" />
      </test-suite>
      <test-suite type="TestFixture" id="0-1170" name="SpecIndexToParamUntil" fullname="Kaitai.SpecIndexToParamUntil" classname="Kaitai.SpecIndexToParamUntil" runstate="Runnable" testcasecount="1" result="Passed" start-time="2021-11-18 00:07:09Z" end-time="2021-11-18 00:07:09Z" duration="0.003606" total="1" passed="1" failed="0" inconclusive="0" skipped="0" asserts="7">
        <test-case id="0-1171" name="TestIndexToParamUntil" fullname="Kaitai.SpecIndexToParamUntil.TestIndexToParamUntil" methodname="TestIndexToParamUntil" classname="Kaitai.SpecIndexToParamUntil" runstate="Runnable" seed="1791988004" result="Passed" start-time="2021-11-18 00:07:09Z" end-time="2021-11-18 00:07:09Z" duration="0.001104" asserts="7" />
      </test-suite>
      <test-suite type="TestFixture" id="0-1172" name="SpecInstanceIoUser" fullname="Kaitai.SpecInstanceIoUser" classname="Kaitai.SpecInstanceIoUser" runstate="Runnable" testcasecount="1" result="Passed" start-time="2021-11-18 00:07:09Z" end-time="2021-11-18 00:07:09Z" duration="0.004015" total="1" passed="1" failed="0" inconclusive="0" skipped="0" asserts="4">
        <test-case id="0-1173" name="TestInstanceIoUser" fullname="Kaitai.SpecInstanceIoUser.TestInstanceIoUser" methodname="TestInstanceIoUser" classname="Kaitai.SpecInstanceIoUser" runstate="Runnable" seed="1226791028" result="Passed" start-time="2021-11-18 00:07:09Z" end-time="2021-11-18 00:07:09Z" duration="0.001450" asserts="4" />
      </test-suite>
      <test-suite type="TestFixture" id="0-1174" name="SpecInstanceStd" fullname="Kaitai.SpecInstanceStd" classname="Kaitai.SpecInstanceStd" runstate="Runnable" testcasecount="1" result="Passed" start-time="2021-11-18 00:07:09Z" end-time="2021-11-18 00:07:09Z" duration="0.002998" total="1" passed="1" failed="0" inconclusive="0" skipped="0" asserts="1">
        <test-case id="0-1175" name="TestInstanceStd" fullname="Kaitai.SpecInstanceStd.TestInstanceStd" methodname="TestInstanceStd" classname="Kaitai.SpecInstanceStd" runstate="Runnable" seed="1759459538" result="Passed" start-time="2021-11-18 00:07:09Z" end-time="2021-11-18 00:07:09Z" duration="0.000432" asserts="1" />
      </test-suite>
      <test-suite type="TestFixture" id="0-1176" name="SpecInstanceStdArray" fullname="Kaitai.SpecInstanceStdArray" classname="Kaitai.SpecInstanceStdArray" runstate="Runnable" testcasecount="1" result="Passed" start-time="2021-11-18 00:07:09Z" end-time="2021-11-18 00:07:09Z" duration="0.003428" total="1" passed="1" failed="0" inconclusive="0" skipped="0" asserts="7">
        <test-case id="0-1177" name="TestInstanceStdArray" fullname="Kaitai.SpecInstanceStdArray.TestInstanceStdArray" methodname="TestInstanceStdArray" classname="Kaitai.SpecInstanceStdArray" runstate="Runnable" seed="1810834055" result="Passed" start-time="2021-11-18 00:07:09Z" end-time="2021-11-18 00:07:09Z" duration="0.000883" asserts="7" />
      </test-suite>
      <test-suite type="TestFixture" id="0-1178" name="SpecInstanceUserArray" fullname="Kaitai.SpecInstanceUserArray" classname="Kaitai.SpecInstanceUserArray" runstate="Runnable" testcasecount="1" result="Passed" start-time="2021-11-18 00:07:09Z" end-time="2021-11-18 00:07:09Z" duration="0.004031" total="1" passed="1" failed="0" inconclusive="0" skipped="0" asserts="10">
        <test-case id="0-1179" name="TestInstanceUserArray" fullname="Kaitai.SpecInstanceUserArray.TestInstanceUserArray" methodname="TestInstanceUserArray" classname="Kaitai.SpecInstanceUserArray" runstate="Runnable" seed="1956133334" result="Passed" start-time="2021-11-18 00:07:09Z" end-time="2021-11-18 00:07:09Z" duration="0.001557" asserts="10" />
      </test-suite>
      <test-suite type="TestFixture" id="0-1180" name="SpecIntegers" fullname="Kaitai.SpecIntegers" classname="Kaitai.SpecIntegers" runstate="Runnable" testcasecount="1" result="Passed" start-time="2021-11-18 00:07:09Z" end-time="2021-11-18 00:07:09Z" duration="0.005567" total="1" passed="1" failed="0" inconclusive="0" skipped="0" asserts="20">
        <test-case id="0-1181" name="TestIntegers" fullname="Kaitai.SpecIntegers.TestIntegers" methodname="TestIntegers" classname="Kaitai.SpecIntegers" runstate="Runnable" seed="664419832" result="Passed" start-time="2021-11-18 00:07:09Z" end-time="2021-11-18 00:07:09Z" duration="0.002863" asserts="20" />
      </test-suite>
      <test-suite type="TestFixture" id="0-1182" name="SpecIntegersDoubleOverflow" fullname="Kaitai.SpecIntegersDoubleOverflow" classname="Kaitai.SpecIntegersDoubleOverflow" runstate="Runnable" testcasecount="1" result="Passed" start-time="2021-11-18 00:07:09Z" end-time="2021-11-18 00:07:09Z" duration="0.003238" total="1" passed="1" failed="0" inconclusive="0" skipped="0" asserts="8">
        <test-case id="0-1183" name="TestIntegersDoubleOverflow" fullname="Kaitai.SpecIntegersDoubleOverflow.TestIntegersDoubleOverflow" methodname="TestIntegersDoubleOverflow" classname="Kaitai.SpecIntegersDoubleOverflow" runstate="Runnable" seed="216698089" result="Passed" start-time="2021-11-18 00:07:09Z" end-time="2021-11-18 00:07:09Z" duration="0.000731" asserts="8" />
      </test-suite>
      <test-suite type="TestFixture" id="0-1184" name="SpecIntegersMinMax" fullname="Kaitai.SpecIntegersMinMax" classname="Kaitai.SpecIntegersMinMax" runstate="Runnable" testcasecount="1" result="Passed" start-time="2021-11-18 00:07:09Z" end-time="2021-11-18 00:07:09Z" duration="0.004172" total="1" passed="1" failed="0" inconclusive="0" skipped="0" asserts="28">
        <test-case id="0-1185" name="TestIntegersMinMax" fullname="Kaitai.SpecIntegersMinMax.TestIntegersMinMax" methodname="TestIntegersMinMax" classname="Kaitai.SpecIntegersMinMax" runstate="Runnable" seed="2146124397" result="Passed" start-time="2021-11-18 00:07:09Z" end-time="2021-11-18 00:07:09Z" duration="0.001651" asserts="28" />
      </test-suite>
      <test-suite type="TestFixture" id="0-1186" name="SpecIoLocalVar" fullname="Kaitai.SpecIoLocalVar" classname="Kaitai.SpecIoLocalVar" runstate="Runnable" testcasecount="1" result="Passed" start-time="2021-11-18 00:07:09Z" end-time="2021-11-18 00:07:09Z" duration="0.003292" total="1" passed="1" failed="0" inconclusive="0" skipped="0" asserts="2">
        <test-case id="0-1187" name="TestIoLocalVar" fullname="Kaitai.SpecIoLocalVar.TestIoLocalVar" methodname="TestIoLocalVar" classname="Kaitai.SpecIoLocalVar" runstate="Runnable" seed="652317993" result="Passed" start-time="2021-11-18 00:07:09Z" end-time="2021-11-18 00:07:09Z" duration="0.000795" asserts="2" />
      </test-suite>
      <test-suite type="TestFixture" id="0-1188" name="SpecJsSignedRightShift" fullname="Kaitai.SpecJsSignedRightShift" classname="Kaitai.SpecJsSignedRightShift" runstate="Runnable" testcasecount="1" result="Passed" start-time="2021-11-18 00:07:09Z" end-time="2021-11-18 00:07:09Z" duration="0.003203" total="1" passed="1" failed="0" inconclusive="0" skipped="0" asserts="2">
        <test-case id="0-1189" name="TestJsSignedRightShift" fullname="Kaitai.SpecJsSignedRightShift.TestJsSignedRightShift" methodname="TestJsSignedRightShift" classname="Kaitai.SpecJsSignedRightShift" runstate="Runnable" seed="327678827" result="Passed" start-time="2021-11-18 00:07:09Z" end-time="2021-11-18 00:07:09Z" duration="0.000563" asserts="2" />
      </test-suite>
      <test-suite type="TestFixture" id="0-1190" name="SpecMetaTags" fullname="Kaitai.SpecMetaTags" classname="Kaitai.SpecMetaTags" runstate="Runnable" testcasecount="1" result="Passed" start-time="2021-11-18 00:07:09Z" end-time="2021-11-18 00:07:10Z" duration="0.002994" total="1" passed="1" failed="0" inconclusive="0" skipped="0" asserts="0">
        <test-case id="0-1191" name="TestMetaTags" fullname="Kaitai.SpecMetaTags.TestMetaTags" methodname="TestMetaTags" classname="Kaitai.SpecMetaTags" runstate="Runnable" seed="1907892711" result="Passed" start-time="2021-11-18 00:07:09Z" end-time="2021-11-18 00:07:10Z" duration="0.000481" asserts="0" />
      </test-suite>
      <test-suite type="TestFixture" id="0-1192" name="SpecMetaXref" fullname="Kaitai.SpecMetaXref" classname="Kaitai.SpecMetaXref" runstate="Runnable" testcasecount="1" result="Passed" start-time="2021-11-18 00:07:10Z" end-time="2021-11-18 00:07:10Z" duration="0.002793" total="1" passed="1" failed="0" inconclusive="0" skipped="0" asserts="0">
        <test-case id="0-1193" name="TestMetaXref" fullname="Kaitai.SpecMetaXref.TestMetaXref" methodname="TestMetaXref" classname="Kaitai.SpecMetaXref" runstate="Runnable" seed="903485885" result="Passed" start-time="2021-11-18 00:07:10Z" end-time="2021-11-18 00:07:10Z" duration="0.000323" asserts="0" />
      </test-suite>
      <test-suite type="TestFixture" id="0-1194" name="SpecMultipleUse" fullname="Kaitai.SpecMultipleUse" classname="Kaitai.SpecMultipleUse" runstate="Runnable" testcasecount="1" result="Passed" start-time="2021-11-18 00:07:10Z" end-time="2021-11-18 00:07:10Z" duration="0.003435" total="1" passed="1" failed="0" inconclusive="0" skipped="0" asserts="2">
        <test-case id="0-1195" name="TestMultipleUse" fullname="Kaitai.SpecMultipleUse.TestMultipleUse" methodname="TestMultipleUse" classname="Kaitai.SpecMultipleUse" runstate="Runnable" seed="838444854" result="Passed" start-time="2021-11-18 00:07:10Z" end-time="2021-11-18 00:07:10Z" duration="0.000983" asserts="2" />
      </test-suite>
      <test-suite type="TestFixture" id="0-1196" name="SpecNavParent" fullname="Kaitai.SpecNavParent" classname="Kaitai.SpecNavParent" runstate="Runnable" testcasecount="1" result="Passed" start-time="2021-11-18 00:07:10Z" end-time="2021-11-18 00:07:10Z" duration="0.004112" total="1" passed="1" failed="0" inconclusive="0" skipped="0" asserts="5">
        <test-case id="0-1197" name="TestNavParent" fullname="Kaitai.SpecNavParent.TestNavParent" methodname="TestNavParent" classname="Kaitai.SpecNavParent" runstate="Runnable" seed="349166433" result="Passed" start-time="2021-11-18 00:07:10Z" end-time="2021-11-18 00:07:10Z" duration="0.001601" asserts="5" />
      </test-suite>
      <test-suite type="TestFixture" id="0-1198" name="SpecNavParent2" fullname="Kaitai.SpecNavParent2" classname="Kaitai.SpecNavParent2" runstate="Runnable" testcasecount="1" result="Passed" start-time="2021-11-18 00:07:10Z" end-time="2021-11-18 00:07:10Z" duration="0.004104" total="1" passed="1" failed="0" inconclusive="0" skipped="0" asserts="10">
        <test-case id="0-1199" name="TestNavParent2" fullname="Kaitai.SpecNavParent2.TestNavParent2" methodname="TestNavParent2" classname="Kaitai.SpecNavParent2" runstate="Runnable" seed="1118874241" result="Passed" start-time="2021-11-18 00:07:10Z" end-time="2021-11-18 00:07:10Z" duration="0.001588" asserts="10" />
      </test-suite>
      <test-suite type="TestFixture" id="0-1200" name="SpecNavParent3" fullname="Kaitai.SpecNavParent3" classname="Kaitai.SpecNavParent3" runstate="Runnable" testcasecount="1" result="Passed" start-time="2021-11-18 00:07:10Z" end-time="2021-11-18 00:07:10Z" duration="0.004400" total="1" passed="1" failed="0" inconclusive="0" skipped="0" asserts="10">
        <test-case id="0-1201" name="TestNavParent3" fullname="Kaitai.SpecNavParent3.TestNavParent3" methodname="TestNavParent3" classname="Kaitai.SpecNavParent3" runstate="Runnable" seed="344949151" result="Passed" start-time="2021-11-18 00:07:10Z" end-time="2021-11-18 00:07:10Z" duration="0.001720" asserts="10" />
      </test-suite>
      <test-suite type="TestFixture" id="0-1202" name="SpecNavParentFalse" fullname="Kaitai.SpecNavParentFalse" classname="Kaitai.SpecNavParentFalse" runstate="Runnable" testcasecount="1" result="Passed" start-time="2021-11-18 00:07:10Z" end-time="2021-11-18 00:07:10Z" duration="0.003445" total="1" passed="1" failed="0" inconclusive="0" skipped="0" asserts="5">
        <test-case id="0-1203" name="TestNavParentFalse" fullname="Kaitai.SpecNavParentFalse.TestNavParentFalse" methodname="TestNavParentFalse" classname="Kaitai.SpecNavParentFalse" runstate="Runnable" seed="832469717" result="Passed" start-time="2021-11-18 00:07:10Z" end-time="2021-11-18 00:07:10Z" duration="0.001002" asserts="5" />
      </test-suite>
      <test-suite type="TestFixture" id="0-1204" name="SpecNavParentFalse2" fullname="Kaitai.SpecNavParentFalse2" classname="Kaitai.SpecNavParentFalse2" runstate="Runnable" testcasecount="1" result="Passed" start-time="2021-11-18 00:07:10Z" end-time="2021-11-18 00:07:10Z" duration="0.002912" total="1" passed="1" failed="0" inconclusive="0" skipped="0" asserts="1">
        <test-case id="0-1205" name="TestNavParentFalse2" fullname="Kaitai.SpecNavParentFalse2.TestNavParentFalse2" methodname="TestNavParentFalse2" classname="Kaitai.SpecNavParentFalse2" runstate="Runnable" seed="1876317633" result="Passed" start-time="2021-11-18 00:07:10Z" end-time="2021-11-18 00:07:10Z" duration="0.000447" asserts="1" />
      </test-suite>
      <test-suite type="TestFixture" id="0-1206" name="SpecNavParentOverride" fullname="Kaitai.SpecNavParentOverride" classname="Kaitai.SpecNavParentOverride" runstate="Runnable" testcasecount="1" result="Passed" start-time="2021-11-18 00:07:10Z" end-time="2021-11-18 00:07:10Z" duration="0.003248" total="1" passed="1" failed="0" inconclusive="0" skipped="0" asserts="3">
        <test-case id="0-1207" name="TestNavParentOverride" fullname="Kaitai.SpecNavParentOverride.TestNavParentOverride" methodname="TestNavParentOverride" classname="Kaitai.SpecNavParentOverride" runstate="Runnable" seed="1452546882" result="Passed" start-time="2021-11-18 00:07:10Z" end-time="2021-11-18 00:07:10Z" duration="0.000812" asserts="3" />
      </test-suite>
      <test-suite type="TestFixture" id="0-1208" name="SpecNavParentSwitch" fullname="Kaitai.SpecNavParentSwitch" classname="Kaitai.SpecNavParentSwitch" runstate="Runnable" testcasecount="1" result="Passed" start-time="2021-11-18 00:07:10Z" end-time="2021-11-18 00:07:10Z" duration="0.003469" total="1" passed="1" failed="0" inconclusive="0" skipped="0" asserts="3">
        <test-case id="0-1209" name="TestNavParentSwitch" fullname="Kaitai.SpecNavParentSwitch.TestNavParentSwitch" methodname="TestNavParentSwitch" classname="Kaitai.SpecNavParentSwitch" runstate="Runnable" seed="1125192740" result="Passed" start-time="2021-11-18 00:07:10Z" end-time="2021-11-18 00:07:10Z" duration="0.000769" asserts="3" />
      </test-suite>
      <test-suite type="TestFixture" id="0-1210" name="SpecNavParentVsValueInst" fullname="Kaitai.SpecNavParentVsValueInst" classname="Kaitai.SpecNavParentVsValueInst" runstate="Runnable" testcasecount="1" result="Passed" start-time="2021-11-18 00:07:10Z" end-time="2021-11-18 00:07:10Z" duration="0.004363" total="1" passed="1" failed="0" inconclusive="0" skipped="0" asserts="1">
        <test-case id="0-1211" name="TestNavParentVsValueInst" fullname="Kaitai.SpecNavParentVsValueInst.TestNavParentVsValueInst" methodname="TestNavParentVsValueInst" classname="Kaitai.SpecNavParentVsValueInst" runstate="Runnable" seed="473589071" result="Passed" start-time="2021-11-18 00:07:10Z" end-time="2021-11-18 00:07:10Z" duration="0.000588" asserts="1" />
      </test-suite>
      <test-suite type="TestFixture" id="0-1212" name="SpecNavRoot" fullname="Kaitai.SpecNavRoot" classname="Kaitai.SpecNavRoot" runstate="Runnable" testcasecount="1" result="Passed" start-time="2021-11-18 00:07:10Z" end-time="2021-11-18 00:07:10Z" duration="0.003796" total="1" passed="1" failed="0" inconclusive="0" skipped="0" asserts="5">
        <test-case id="0-1213" name="TestNavRoot" fullname="Kaitai.SpecNavRoot.TestNavRoot" methodname="TestNavRoot" classname="Kaitai.SpecNavRoot" runstate="Runnable" seed="18306855" result="Passed" start-time="2021-11-18 00:07:10Z" end-time="2021-11-18 00:07:10Z" duration="0.001367" asserts="5" />
      </test-suite>
      <test-suite type="TestFixture" id="0-1214" name="SpecNestedSameName" fullname="Kaitai.SpecNestedSameName" classname="Kaitai.SpecNestedSameName" runstate="Runnable" testcasecount="1" result="Passed" start-time="2021-11-18 00:07:10Z" end-time="2021-11-18 00:07:10Z" duration="0.003063" total="1" passed="1" failed="0" inconclusive="0" skipped="0" asserts="2">
        <test-case id="0-1215" name="TestNestedSameName" fullname="Kaitai.SpecNestedSameName.TestNestedSameName" methodname="TestNestedSameName" classname="Kaitai.SpecNestedSameName" runstate="Runnable" seed="1768705850" result="Passed" start-time="2021-11-18 00:07:10Z" end-time="2021-11-18 00:07:10Z" duration="0.000676" asserts="2" />
      </test-suite>
      <test-suite type="TestFixture" id="0-1216" name="SpecNestedSameName2" fullname="Kaitai.SpecNestedSameName2" classname="Kaitai.SpecNestedSameName2" runstate="Runnable" testcasecount="1" result="Passed" start-time="2021-11-18 00:07:10Z" end-time="2021-11-18 00:07:10Z" duration="0.003536" total="1" passed="1" failed="0" inconclusive="0" skipped="0" asserts="5">
        <test-case id="0-1217" name="TestNestedSameName2" fullname="Kaitai.SpecNestedSameName2.TestNestedSameName2" methodname="TestNestedSameName2" classname="Kaitai.SpecNestedSameName2" runstate="Runnable" seed="998681918" result="Passed" start-time="2021-11-18 00:07:10Z" end-time="2021-11-18 00:07:10Z" duration="0.000926" asserts="5" />
      </test-suite>
      <test-suite type="TestFixture" id="0-1218" name="SpecNestedTypeParam" fullname="Kaitai.SpecNestedTypeParam" classname="Kaitai.SpecNestedTypeParam" runstate="Runnable" testcasecount="1" result="Passed" start-time="2021-11-18 00:07:10Z" end-time="2021-11-18 00:07:10Z" duration="0.002899" total="1" passed="1" failed="0" inconclusive="0" skipped="0" asserts="2">
        <test-case id="0-1219" name="TestNestedTypeParam" fullname="Kaitai.SpecNestedTypeParam.TestNestedTypeParam" methodname="TestNestedTypeParam" classname="Kaitai.SpecNestedTypeParam" runstate="Runnable" seed="1814636634" result="Passed" start-time="2021-11-18 00:07:10Z" end-time="2021-11-18 00:07:10Z" duration="0.000511" asserts="2" />
      </test-suite>
      <test-suite type="TestFixture" id="0-1220" name="SpecNestedTypes" fullname="Kaitai.SpecNestedTypes" classname="Kaitai.SpecNestedTypes" runstate="Runnable" testcasecount="1" result="Passed" start-time="2021-11-18 00:07:10Z" end-time="2021-11-18 00:07:10Z" duration="0.003219" total="1" passed="1" failed="0" inconclusive="0" skipped="0" asserts="3">
        <test-case id="0-1221" name="TestNestedTypes" fullname="Kaitai.SpecNestedTypes.TestNestedTypes" methodname="TestNestedTypes" classname="Kaitai.SpecNestedTypes" runstate="Runnable" seed="712876829" result="Passed" start-time="2021-11-18 00:07:10Z" end-time="2021-11-18 00:07:10Z" duration="0.000767" asserts="3" />
      </test-suite>
      <test-suite type="TestFixture" id="0-1222" name="SpecNestedTypes2" fullname="Kaitai.SpecNestedTypes2" classname="Kaitai.SpecNestedTypes2" runstate="Runnable" testcasecount="1" result="Passed" start-time="2021-11-18 00:07:10Z" end-time="2021-11-18 00:07:10Z" duration="0.003862" total="1" passed="1" failed="0" inconclusive="0" skipped="0" asserts="7">
        <test-case id="0-1223" name="TestNestedTypes2" fullname="Kaitai.SpecNestedTypes2.TestNestedTypes2" methodname="TestNestedTypes2" classname="Kaitai.SpecNestedTypes2" runstate="Runnable" seed="1077815103" result="Passed" start-time="2021-11-18 00:07:10Z" end-time="2021-11-18 00:07:10Z" duration="0.001434" asserts="7" />
      </test-suite>
      <test-suite type="TestFixture" id="0-1224" name="SpecNestedTypes3" fullname="Kaitai.SpecNestedTypes3" classname="Kaitai.SpecNestedTypes3" runstate="Runnable" testcasecount="1" result="Passed" start-time="2021-11-18 00:07:10Z" end-time="2021-11-18 00:07:10Z" duration="0.003993" total="1" passed="1" failed="0" inconclusive="0" skipped="0" asserts="5">
        <test-case id="0-1225" name="TestNestedTypes3" fullname="Kaitai.SpecNestedTypes3.TestNestedTypes3" methodname="TestNestedTypes3" classname="Kaitai.SpecNestedTypes3" runstate="Runnable" seed="50177845" result="Passed" start-time="2021-11-18 00:07:10Z" end-time="2021-11-18 00:07:10Z" duration="0.001511" asserts="5" />
      </test-suite>
      <test-suite type="TestFixture" id="0-1226" name="SpecNonStandard" fullname="Kaitai.SpecNonStandard" classname="Kaitai.SpecNonStandard" runstate="Runnable" testcasecount="1" result="Passed" start-time="2021-11-18 00:07:10Z" end-time="2021-11-18 00:07:10Z" duration="0.003050" total="1" passed="1" failed="0" inconclusive="0" skipped="0" asserts="1">
        <test-case id="0-1227" name="TestNonStandard" fullname="Kaitai.SpecNonStandard.TestNonStandard" methodname="TestNonStandard" classname="Kaitai.SpecNonStandard" runstate="Runnable" seed="1967637260" result="Passed" start-time="2021-11-18 00:07:10Z" end-time="2021-11-18 00:07:10Z" duration="0.000505" asserts="1" />
      </test-suite>
      <test-suite type="TestFixture" id="0-1228" name="SpecOpaqueExternalType" fullname="Kaitai.SpecOpaqueExternalType" classname="Kaitai.SpecOpaqueExternalType" runstate="Runnable" testcasecount="1" result="Passed" start-time="2021-11-18 00:07:10Z" end-time="2021-11-18 00:07:10Z" duration="0.003185" total="1" passed="1" failed="0" inconclusive="0" skipped="0" asserts="3">
        <test-case id="0-1229" name="TestOpaqueExternalType" fullname="Kaitai.SpecOpaqueExternalType.TestOpaqueExternalType" methodname="TestOpaqueExternalType" classname="Kaitai.SpecOpaqueExternalType" runstate="Runnable" seed="2028871571" result="Passed" start-time="2021-11-18 00:07:10Z" end-time="2021-11-18 00:07:10Z" duration="0.000593" asserts="3" />
      </test-suite>
      <test-suite type="TestFixture" id="0-1230" name="SpecOpaqueExternalType02Parent" fullname="Kaitai.SpecOpaqueExternalType02Parent" classname="Kaitai.SpecOpaqueExternalType02Parent" runstate="Runnable" testcasecount="1" result="Passed" start-time="2021-11-18 00:07:10Z" end-time="2021-11-18 00:07:10Z" duration="0.003390" total="1" passed="1" failed="0" inconclusive="0" skipped="0" asserts="3">
        <test-case id="0-1231" name="TestOpaqueExternalType02Parent" fullname="Kaitai.SpecOpaqueExternalType02Parent.TestOpaqueExternalType02Parent" methodname="TestOpaqueExternalType02Parent" classname="Kaitai.SpecOpaqueExternalType02Parent" runstate="Runnable" seed="831941478" result="Passed" start-time="2021-11-18 00:07:10Z" end-time="2021-11-18 00:07:10Z" duration="0.000847" asserts="3" />
      </test-suite>
      <test-suite type="TestFixture" id="0-1232" name="SpecOpaqueWithParam" fullname="Kaitai.SpecOpaqueWithParam" classname="Kaitai.SpecOpaqueWithParam" runstate="Runnable" testcasecount="1" result="Passed" start-time="2021-11-18 00:07:10Z" end-time="2021-11-18 00:07:10Z" duration="0.003532" total="1" passed="1" failed="0" inconclusive="0" skipped="0" asserts="2">
        <test-case id="0-1233" name="TestOpaqueWithParam" fullname="Kaitai.SpecOpaqueWithParam.TestOpaqueWithParam" methodname="TestOpaqueWithParam" classname="Kaitai.SpecOpaqueWithParam" runstate="Runnable" seed="1249730660" result="Passed" start-time="2021-11-18 00:07:10Z" end-time="2021-11-18 00:07:10Z" duration="0.000779" asserts="2" />
      </test-suite>
      <test-suite type="TestFixture" id="0-1234" name="SpecOptionalId" fullname="Kaitai.SpecOptionalId" classname="Kaitai.SpecOptionalId" runstate="Runnable" testcasecount="1" result="Passed" start-time="2021-11-18 00:07:10Z" end-time="2021-11-18 00:07:10Z" duration="0.002959" total="1" passed="1" failed="0" inconclusive="0" skipped="0" asserts="3">
        <test-case id="0-1235" name="TestOptionalId" fullname="Kaitai.SpecOptionalId.TestOptionalId" methodname="TestOptionalId" classname="Kaitai.SpecOptionalId" runstate="Runnable" seed="925019981" result="Passed" start-time="2021-11-18 00:07:10Z" end-time="2021-11-18 00:07:10Z" duration="0.000468" asserts="3" />
      </test-suite>
      <test-suite type="TestFixture" id="0-1236" name="SpecParamsCallExtraParens" fullname="Kaitai.SpecParamsCallExtraParens" classname="Kaitai.SpecParamsCallExtraParens" runstate="Runnable" testcasecount="1" result="Passed" start-time="2021-11-18 00:07:10Z" end-time="2021-11-18 00:07:10Z" duration="0.003043" total="1" passed="1" failed="0" inconclusive="0" skipped="0" asserts="1">
        <test-case id="0-1237" name="TestParamsCallExtraParens" fullname="Kaitai.SpecParamsCallExtraParens.TestParamsCallExtraParens" methodname="TestParamsCallExtraParens" classname="Kaitai.SpecParamsCallExtraParens" runstate="Runnable" seed="1868272546" result="Passed" start-time="2021-11-18 00:07:10Z" end-time="2021-11-18 00:07:10Z" duration="0.000461" asserts="1" />
      </test-suite>
      <test-suite type="TestFixture" id="0-1238" name="SpecParamsCallShort" fullname="Kaitai.SpecParamsCallShort" classname="Kaitai.SpecParamsCallShort" runstate="Runnable" testcasecount="1" result="Passed" start-time="2021-11-18 00:07:10Z" end-time="2021-11-18 00:07:10Z" duration="0.003362" total="1" passed="1" failed="0" inconclusive="0" skipped="0" asserts="3">
        <test-case id="0-1239" name="TestParamsCallShort" fullname="Kaitai.SpecParamsCallShort.TestParamsCallShort" methodname="TestParamsCallShort" classname="Kaitai.SpecParamsCallShort" runstate="Runnable" seed="270883942" result="Passed" start-time="2021-11-18 00:07:10Z" end-time="2021-11-18 00:07:10Z" duration="0.000786" asserts="3" />
      </test-suite>
      <test-suite type="TestFixture" id="0-1240" name="SpecParamsDef" fullname="Kaitai.SpecParamsDef" classname="Kaitai.SpecParamsDef" runstate="Runnable" testcasecount="1" result="Passed" start-time="2021-11-18 00:07:10Z" end-time="2021-11-18 00:07:10Z" duration="0.003074" total="1" passed="1" failed="0" inconclusive="0" skipped="0" asserts="2">
        <test-case id="0-1241" name="TestParamsDef" fullname="Kaitai.SpecParamsDef.TestParamsDef" methodname="TestParamsDef" classname="Kaitai.SpecParamsDef" runstate="Runnable" seed="594177505" result="Passed" start-time="2021-11-18 00:07:10Z" end-time="2021-11-18 00:07:10Z" duration="0.000392" asserts="2" />
      </test-suite>
      <test-suite type="TestFixture" id="0-1242" name="SpecParamsEnum" fullname="Kaitai.SpecParamsEnum" classname="Kaitai.SpecParamsEnum" runstate="Runnable" testcasecount="1" result="Passed" start-time="2021-11-18 00:07:10Z" end-time="2021-11-18 00:07:10Z" duration="0.003518" total="1" passed="1" failed="0" inconclusive="0" skipped="0" asserts="2">
        <test-case id="0-1243" name="TestParamsEnum" fullname="Kaitai.SpecParamsEnum.TestParamsEnum" methodname="TestParamsEnum" classname="Kaitai.SpecParamsEnum" runstate="Runnable" seed="1949210169" result="Passed" start-time="2021-11-18 00:07:10Z" end-time="2021-11-18 00:07:10Z" duration="0.001009" asserts="2" />
      </test-suite>
      <test-suite type="TestFixture" id="0-1244" name="SpecParamsPassArrayStr" fullname="Kaitai.SpecParamsPassArrayStr" classname="Kaitai.SpecParamsPassArrayStr" runstate="Runnable" testcasecount="1" result="Passed" start-time="2021-11-18 00:07:10Z" end-time="2021-11-18 00:07:10Z" duration="0.003405" total="1" passed="1" failed="0" inconclusive="0" skipped="0" asserts="7">
        <test-case id="0-1245" name="TestParamsPassArrayStr" fullname="Kaitai.SpecParamsPassArrayStr.TestParamsPassArrayStr" methodname="TestParamsPassArrayStr" classname="Kaitai.SpecParamsPassArrayStr" runstate="Runnable" seed="1362524711" result="Passed" start-time="2021-11-18 00:07:10Z" end-time="2021-11-18 00:07:10Z" duration="0.000907" asserts="7" />
      </test-suite>
      <test-suite type="TestFixture" id="0-1246" name="SpecParamsPassArrayStruct" fullname="Kaitai.SpecParamsPassArrayStruct" classname="Kaitai.SpecParamsPassArrayStruct" runstate="Runnable" testcasecount="1" result="Passed" start-time="2021-11-18 00:07:10Z" end-time="2021-11-18 00:07:10Z" duration="0.003868" total="1" passed="1" failed="0" inconclusive="0" skipped="0" asserts="3">
        <test-case id="0-1247" name="TestParamsPassArrayStruct" fullname="Kaitai.SpecParamsPassArrayStruct.TestParamsPassArrayStruct" methodname="TestParamsPassArrayStruct" classname="Kaitai.SpecParamsPassArrayStruct" runstate="Runnable" seed="1457024975" result="Passed" start-time="2021-11-18 00:07:10Z" end-time="2021-11-18 00:07:10Z" duration="0.001348" asserts="3" />
      </test-suite>
      <test-suite type="TestFixture" id="0-1248" name="SpecParamsPassArrayUsertype" fullname="Kaitai.SpecParamsPassArrayUsertype" classname="Kaitai.SpecParamsPassArrayUsertype" runstate="Runnable" testcasecount="1" result="Passed" start-time="2021-11-18 00:07:10Z" end-time="2021-11-18 00:07:10Z" duration="0.003600" total="1" passed="1" failed="0" inconclusive="0" skipped="0" asserts="5">
        <test-case id="0-1249" name="TestParamsPassArrayUsertype" fullname="Kaitai.SpecParamsPassArrayUsertype.TestParamsPassArrayUsertype" methodname="TestParamsPassArrayUsertype" classname="Kaitai.SpecParamsPassArrayUsertype" runstate="Runnable" seed="1577657304" result="Passed" start-time="2021-11-18 00:07:10Z" end-time="2021-11-18 00:07:10Z" duration="0.001073" asserts="5" />
      </test-suite>
      <test-suite type="TestFixture" id="0-1250" name="SpecParamsPassBool" fullname="Kaitai.SpecParamsPassBool" classname="Kaitai.SpecParamsPassBool" runstate="Runnable" testcasecount="1" result="Passed" start-time="2021-11-18 00:07:10Z" end-time="2021-11-18 00:07:10Z" duration="0.003846" total="1" passed="1" failed="0" inconclusive="0" skipped="0" asserts="14">
        <test-case id="0-1251" name="TestParamsPassBool" fullname="Kaitai.SpecParamsPassBool.TestParamsPassBool" methodname="TestParamsPassBool" classname="Kaitai.SpecParamsPassBool" runstate="Runnable" seed="683367504" result="Passed" start-time="2021-11-18 00:07:10Z" end-time="2021-11-18 00:07:10Z" duration="0.001160" asserts="14" />
      </test-suite>
      <test-suite type="TestFixture" id="0-1252" name="SpecParamsPassStruct" fullname="Kaitai.SpecParamsPassStruct" classname="Kaitai.SpecParamsPassStruct" runstate="Runnable" testcasecount="1" result="Passed" start-time="2021-11-18 00:07:10Z" end-time="2021-11-18 00:07:10Z" duration="0.003454" total="1" passed="1" failed="0" inconclusive="0" skipped="0" asserts="4">
        <test-case id="0-1253" name="TestParamsPassStruct" fullname="Kaitai.SpecParamsPassStruct.TestParamsPassStruct" methodname="TestParamsPassStruct" classname="Kaitai.SpecParamsPassStruct" runstate="Runnable" seed="1653012197" result="Passed" start-time="2021-11-18 00:07:10Z" end-time="2021-11-18 00:07:10Z" duration="0.000998" asserts="4" />
      </test-suite>
      <test-suite type="TestFixture" id="0-1254" name="SpecParamsPassUsertype" fullname="Kaitai.SpecParamsPassUsertype" classname="Kaitai.SpecParamsPassUsertype" runstate="Runnable" testcasecount="1" result="Passed" start-time="2021-11-18 00:07:10Z" end-time="2021-11-18 00:07:10Z" duration="0.003067" total="1" passed="1" failed="0" inconclusive="0" skipped="0" asserts="2">
        <test-case id="0-1255" name="TestParamsPassUsertype" fullname="Kaitai.SpecParamsPassUsertype.TestParamsPassUsertype" methodname="TestParamsPassUsertype" classname="Kaitai.SpecParamsPassUsertype" runstate="Runnable" seed="1462666504" result="Passed" start-time="2021-11-18 00:07:10Z" end-time="2021-11-18 00:07:10Z" duration="0.000587" asserts="2" />
      </test-suite>
      <test-suite type="TestFixture" id="0-1256" name="SpecPositionAbs" fullname="Kaitai.SpecPositionAbs" classname="Kaitai.SpecPositionAbs" runstate="Runnable" testcasecount="1" result="Passed" start-time="2021-11-18 00:07:10Z" end-time="2021-11-18 00:07:10Z" duration="0.003507" total="1" passed="1" failed="0" inconclusive="0" skipped="0" asserts="2">
        <test-case id="0-1257" name="TestPositionAbs" fullname="Kaitai.SpecPositionAbs.TestPositionAbs" methodname="TestPositionAbs" classname="Kaitai.SpecPositionAbs" runstate="Runnable" seed="1529530830" result="Passed" start-time="2021-11-18 00:07:10Z" end-time="2021-11-18 00:07:10Z" duration="0.000898" asserts="2" />
      </test-suite>
      <test-suite type="TestFixture" id="0-1258" name="SpecPositionInSeq" fullname="Kaitai.SpecPositionInSeq" classname="Kaitai.SpecPositionInSeq" runstate="Runnable" testcasecount="1" result="Passed" start-time="2021-11-18 00:07:10Z" end-time="2021-11-18 00:07:10Z" duration="0.003868" total="1" passed="1" failed="0" inconclusive="0" skipped="0" asserts="1">
        <test-case id="0-1259" name="TestPositionInSeq" fullname="Kaitai.SpecPositionInSeq.TestPositionInSeq" methodname="TestPositionInSeq" classname="Kaitai.SpecPositionInSeq" runstate="Runnable" seed="858528571" result="Passed" start-time="2021-11-18 00:07:10Z" end-time="2021-11-18 00:07:10Z" duration="0.001467" asserts="1" />
      </test-suite>
      <test-suite type="TestFixture" id="0-1260" name="SpecPositionToEnd" fullname="Kaitai.SpecPositionToEnd" classname="Kaitai.SpecPositionToEnd" runstate="Runnable" testcasecount="1" result="Passed" start-time="2021-11-18 00:07:10Z" end-time="2021-11-18 00:07:10Z" duration="0.003477" total="1" passed="1" failed="0" inconclusive="0" skipped="0" asserts="2">
        <test-case id="0-1261" name="TestPositionToEnd" fullname="Kaitai.SpecPositionToEnd.TestPositionToEnd" methodname="TestPositionToEnd" classname="Kaitai.SpecPositionToEnd" runstate="Runnable" seed="938188660" result="Passed" start-time="2021-11-18 00:07:10Z" end-time="2021-11-18 00:07:10Z" duration="0.000830" asserts="2" />
      </test-suite>
      <test-suite type="TestFixture" id="0-1262" name="SpecProcessCoerceBytes" fullname="Kaitai.SpecProcessCoerceBytes" classname="Kaitai.SpecProcessCoerceBytes" runstate="Runnable" testcasecount="1" result="Passed" start-time="2021-11-18 00:07:10Z" end-time="2021-11-18 00:07:10Z" duration="0.003541" total="1" passed="1" failed="0" inconclusive="0" skipped="0" asserts="4">
        <test-case id="0-1263" name="TestProcessCoerceBytes" fullname="Kaitai.SpecProcessCoerceBytes.TestProcessCoerceBytes" methodname="TestProcessCoerceBytes" classname="Kaitai.SpecProcessCoerceBytes" runstate="Runnable" seed="1328839194" result="Passed" start-time="2021-11-18 00:07:10Z" end-time="2021-11-18 00:07:10Z" duration="0.001108" asserts="4" />
      </test-suite>
      <test-suite type="TestFixture" id="0-1264" name="SpecProcessCoerceSwitch" fullname="Kaitai.SpecProcessCoerceSwitch" classname="Kaitai.SpecProcessCoerceSwitch" runstate="Runnable" testcasecount="1" result="Passed" start-time="2021-11-18 00:07:10Z" end-time="2021-11-18 00:07:10Z" duration="0.003288" total="1" passed="1" failed="0" inconclusive="0" skipped="0" asserts="3">
        <test-case id="0-1265" name="TestProcessCoerceSwitch" fullname="Kaitai.SpecProcessCoerceSwitch.TestProcessCoerceSwitch" methodname="TestProcessCoerceSwitch" classname="Kaitai.SpecProcessCoerceSwitch" runstate="Runnable" seed="1128498801" result="Passed" start-time="2021-11-18 00:07:10Z" end-time="2021-11-18 00:07:10Z" duration="0.000797" asserts="3" />
      </test-suite>
      <test-suite type="TestFixture" id="0-1266" name="SpecProcessCoerceUsertype1" fullname="Kaitai.SpecProcessCoerceUsertype1" classname="Kaitai.SpecProcessCoerceUsertype1" runstate="Runnable" testcasecount="1" result="Passed" start-time="2021-11-18 00:07:10Z" end-time="2021-11-18 00:07:10Z" duration="0.003910" total="1" passed="1" failed="0" inconclusive="0" skipped="0" asserts="4">
        <test-case id="0-1267" name="TestProcessCoerceUsertype1" fullname="Kaitai.SpecProcessCoerceUsertype1.TestProcessCoerceUsertype1" methodname="TestProcessCoerceUsertype1" classname="Kaitai.SpecProcessCoerceUsertype1" runstate="Runnable" seed="318173139" result="Passed" start-time="2021-11-18 00:07:10Z" end-time="2021-11-18 00:07:10Z" duration="0.001394" asserts="4" />
      </test-suite>
      <test-suite type="TestFixture" id="0-1268" name="SpecProcessCoerceUsertype2" fullname="Kaitai.SpecProcessCoerceUsertype2" classname="Kaitai.SpecProcessCoerceUsertype2" runstate="Runnable" testcasecount="1" result="Passed" start-time="2021-11-18 00:07:10Z" end-time="2021-11-18 00:07:10Z" duration="0.003803" total="1" passed="1" failed="0" inconclusive="0" skipped="0" asserts="4">
        <test-case id="0-1269" name="TestProcessCoerceUsertype2" fullname="Kaitai.SpecProcessCoerceUsertype2.TestProcessCoerceUsertype2" methodname="TestProcessCoerceUsertype2" classname="Kaitai.SpecProcessCoerceUsertype2" runstate="Runnable" seed="57406002" result="Passed" start-time="2021-11-18 00:07:10Z" end-time="2021-11-18 00:07:10Z" duration="0.001163" asserts="4" />
      </test-suite>
      <test-suite type="TestFixture" id="0-1270" name="SpecProcessCustom" fullname="Kaitai.SpecProcessCustom" classname="Kaitai.SpecProcessCustom" runstate="Runnable" testcasecount="1" result="Passed" start-time="2021-11-18 00:07:10Z" end-time="2021-11-18 00:07:10Z" duration="0.003425" total="1" passed="1" failed="0" inconclusive="0" skipped="0" asserts="3">
        <test-case id="0-1271" name="TestProcessCustom" fullname="Kaitai.SpecProcessCustom.TestProcessCustom" methodname="TestProcessCustom" classname="Kaitai.SpecProcessCustom" runstate="Runnable" seed="347686688" result="Passed" start-time="2021-11-18 00:07:10Z" end-time="2021-11-18 00:07:10Z" duration="0.000874" asserts="3" />
      </test-suite>
      <test-suite type="TestFixture" id="0-1272" name="SpecProcessCustomNoArgs" fullname="Kaitai.SpecProcessCustomNoArgs" classname="Kaitai.SpecProcessCustomNoArgs" runstate="Runnable" testcasecount="1" result="Passed" start-time="2021-11-18 00:07:10Z" end-time="2021-11-18 00:07:10Z" duration="0.002988" total="1" passed="1" failed="0" inconclusive="0" skipped="0" asserts="1">
        <test-case id="0-1273" name="TestProcessCustomNoArgs" fullname="Kaitai.SpecProcessCustomNoArgs.TestProcessCustomNoArgs" methodname="TestProcessCustomNoArgs" classname="Kaitai.SpecProcessCustomNoArgs" runstate="Runnable" seed="774263334" result="Passed" start-time="2021-11-18 00:07:10Z" end-time="2021-11-18 00:07:10Z" duration="0.000524" asserts="1" />
      </test-suite>
      <test-suite type="TestFixture" id="0-1274" name="SpecProcessRepeatBytes" fullname="Kaitai.SpecProcessRepeatBytes" classname="Kaitai.SpecProcessRepeatBytes" runstate="Runnable" testcasecount="1" result="Passed" start-time="2021-11-18 00:07:10Z" end-time="2021-11-18 00:07:10Z" duration="0.003157" total="1" passed="1" failed="0" inconclusive="0" skipped="0" asserts="2">
        <test-case id="0-1275" name="TestProcessRepeatBytes" fullname="Kaitai.SpecProcessRepeatBytes.TestProcessRepeatBytes" methodname="TestProcessRepeatBytes" classname="Kaitai.SpecProcessRepeatBytes" runstate="Runnable" seed="2082636045" result="Passed" start-time="2021-11-18 00:07:10Z" end-time="2021-11-18 00:07:10Z" duration="0.000613" asserts="2" />
      </test-suite>
      <test-suite type="TestFixture" id="0-1276" name="SpecProcessRepeatUsertype" fullname="Kaitai.SpecProcessRepeatUsertype" classname="Kaitai.SpecProcessRepeatUsertype" runstate="Runnable" testcasecount="1" result="Passed" start-time="2021-11-18 00:07:10Z" end-time="2021-11-18 00:07:10Z" duration="0.003657" total="1" passed="1" failed="0" inconclusive="0" skipped="0" asserts="4">
        <test-case id="0-1277" name="TestProcessRepeatUsertype" fullname="Kaitai.SpecProcessRepeatUsertype.TestProcessRepeatUsertype" methodname="TestProcessRepeatUsertype" classname="Kaitai.SpecProcessRepeatUsertype" runstate="Runnable" seed="1074112622" result="Passed" start-time="2021-11-18 00:07:10Z" end-time="2021-11-18 00:07:10Z" duration="0.001119" asserts="4" />
      </test-suite>
      <test-suite type="TestFixture" id="0-1278" name="SpecProcessRotate" fullname="Kaitai.SpecProcessRotate" classname="Kaitai.SpecProcessRotate" runstate="Runnable" testcasecount="1" result="Passed" start-time="2021-11-18 00:07:10Z" end-time="2021-11-18 00:07:10Z" duration="0.003134" total="1" passed="1" failed="0" inconclusive="0" skipped="0" asserts="3">
        <test-case id="0-1279" name="TestProcessRotate" fullname="Kaitai.SpecProcessRotate.TestProcessRotate" methodname="TestProcessRotate" classname="Kaitai.SpecProcessRotate" runstate="Runnable" seed="129900829" result="Passed" start-time="2021-11-18 00:07:10Z" end-time="2021-11-18 00:07:10Z" duration="0.000662" asserts="3" />
      </test-suite>
      <test-suite type="TestFixture" id="0-1280" name="SpecProcessToUser" fullname="Kaitai.SpecProcessToUser" classname="Kaitai.SpecProcessToUser" runstate="Runnable" testcasecount="1" result="Passed" start-time="2021-11-18 00:07:10Z" end-time="2021-11-18 00:07:10Z" duration="0.003290" total="1" passed="1" failed="0" inconclusive="0" skipped="0" asserts="1">
        <test-case id="0-1281" name="TestProcessToUser" fullname="Kaitai.SpecProcessToUser.TestProcessToUser" methodname="TestProcessToUser" classname="Kaitai.SpecProcessToUser" runstate="Runnable" seed="2112823165" result="Passed" start-time="2021-11-18 00:07:10Z" end-time="2021-11-18 00:07:10Z" duration="0.000514" asserts="1" />
      </test-suite>
      <test-suite type="TestFixture" id="0-1282" name="SpecProcessXor4Const" fullname="Kaitai.SpecProcessXor4Const" classname="Kaitai.SpecProcessXor4Const" runstate="Runnable" testcasecount="1" result="Passed" start-time="2021-11-18 00:07:10Z" end-time="2021-11-18 00:07:10Z" duration="0.003126" total="1" passed="1" failed="0" inconclusive="0" skipped="0" asserts="2">
        <test-case id="0-1283" name="TestProcessXor4Const" fullname="Kaitai.SpecProcessXor4Const.TestProcessXor4Const" methodname="TestProcessXor4Const" classname="Kaitai.SpecProcessXor4Const" runstate="Runnable" seed="204444926" result="Passed" start-time="2021-11-18 00:07:10Z" end-time="2021-11-18 00:07:10Z" duration="0.000596" asserts="2" />
      </test-suite>
      <test-suite type="TestFixture" id="0-1284" name="SpecProcessXor4Value" fullname="Kaitai.SpecProcessXor4Value" classname="Kaitai.SpecProcessXor4Value" runstate="Runnable" testcasecount="1" result="Passed" start-time="2021-11-18 00:07:10Z" end-time="2021-11-18 00:07:10Z" duration="0.002920" total="1" passed="1" failed="0" inconclusive="0" skipped="0" asserts="2">
        <test-case id="0-1285" name="TestProcessXor4Value" fullname="Kaitai.SpecProcessXor4Value.TestProcessXor4Value" methodname="TestProcessXor4Value" classname="Kaitai.SpecProcessXor4Value" runstate="Runnable" seed="95975438" result="Passed" start-time="2021-11-18 00:07:10Z" end-time="2021-11-18 00:07:10Z" duration="0.000432" asserts="2" />
      </test-suite>
      <test-suite type="TestFixture" id="0-1286" name="SpecProcessXorConst" fullname="Kaitai.SpecProcessXorConst" classname="Kaitai.SpecProcessXorConst" runstate="Runnable" testcasecount="1" result="Passed" start-time="2021-11-18 00:07:10Z" end-time="2021-11-18 00:07:10Z" duration="0.002892" total="1" passed="1" failed="0" inconclusive="0" skipped="0" asserts="2">
        <test-case id="0-1287" name="TestProcessXorConst" fullname="Kaitai.SpecProcessXorConst.TestProcessXorConst" methodname="TestProcessXorConst" classname="Kaitai.SpecProcessXorConst" runstate="Runnable" seed="2125484249" result="Passed" start-time="2021-11-18 00:07:10Z" end-time="2021-11-18 00:07:10Z" duration="0.000442" asserts="2" />
      </test-suite>
      <test-suite type="TestFixture" id="0-1288" name="SpecProcessXorValue" fullname="Kaitai.SpecProcessXorValue" classname="Kaitai.SpecProcessXorValue" runstate="Runnable" testcasecount="1" result="Passed" start-time="2021-11-18 00:07:10Z" end-time="2021-11-18 00:07:10Z" duration="0.003490" total="1" passed="1" failed="0" inconclusive="0" skipped="0" asserts="2">
        <test-case id="0-1289" name="TestProcessXorValue" fullname="Kaitai.SpecProcessXorValue.TestProcessXorValue" methodname="TestProcessXorValue" classname="Kaitai.SpecProcessXorValue" runstate="Runnable" seed="1969359558" result="Passed" start-time="2021-11-18 00:07:10Z" end-time="2021-11-18 00:07:10Z" duration="0.000727" asserts="2" />
      </test-suite>
      <test-suite type="TestFixture" id="0-1290" name="SpecRecursiveOne" fullname="Kaitai.SpecRecursiveOne" classname="Kaitai.SpecRecursiveOne" runstate="Runnable" testcasecount="1" result="Passed" start-time="2021-11-18 00:07:10Z" end-time="2021-11-18 00:07:10Z" duration="0.003274" total="1" passed="1" failed="0" inconclusive="0" skipped="0" asserts="4">
        <test-case id="0-1291" name="TestRecursiveOne" fullname="Kaitai.SpecRecursiveOne.TestRecursiveOne" methodname="TestRecursiveOne" classname="Kaitai.SpecRecursiveOne" runstate="Runnable" seed="382279576" result="Passed" start-time="2021-11-18 00:07:10Z" end-time="2021-11-18 00:07:10Z" duration="0.000754" asserts="4" />
      </test-suite>
      <test-suite type="TestFixture" id="0-1292" name="SpecRepeatEosBit" fullname="Kaitai.SpecRepeatEosBit" classname="Kaitai.SpecRepeatEosBit" runstate="Runnable" testcasecount="1" result="Passed" start-time="2021-11-18 00:07:10Z" end-time="2021-11-18 00:07:10Z" duration="0.003493" total="1" passed="1" failed="0" inconclusive="0" skipped="0" asserts="1">
        <test-case id="0-1293" name="TestRepeatEosBit" fullname="Kaitai.SpecRepeatEosBit.TestRepeatEosBit" methodname="TestRepeatEosBit" classname="Kaitai.SpecRepeatEosBit" runstate="Runnable" seed="130244272" result="Passed" start-time="2021-11-18 00:07:10Z" end-time="2021-11-18 00:07:10Z" duration="0.000966" asserts="1" />
      </test-suite>
      <test-suite type="TestFixture" id="0-1294" name="SpecRepeatEosStruct" fullname="Kaitai.SpecRepeatEosStruct" classname="Kaitai.SpecRepeatEosStruct" runstate="Runnable" testcasecount="1" result="Passed" start-time="2021-11-18 00:07:10Z" end-time="2021-11-18 00:07:10Z" duration="0.003365" total="1" passed="1" failed="0" inconclusive="0" skipped="0" asserts="5">
        <test-case id="0-1295" name="TestRepeatEosStruct" fullname="Kaitai.SpecRepeatEosStruct.TestRepeatEosStruct" methodname="TestRepeatEosStruct" classname="Kaitai.SpecRepeatEosStruct" runstate="Runnable" seed="1064287378" result="Passed" start-time="2021-11-18 00:07:10Z" end-time="2021-11-18 00:07:10Z" duration="0.000878" asserts="5" />
      </test-suite>
      <test-suite type="TestFixture" id="0-1296" name="SpecRepeatEosU4" fullname="Kaitai.SpecRepeatEosU4" classname="Kaitai.SpecRepeatEosU4" runstate="Runnable" testcasecount="1" result="Passed" start-time="2021-11-18 00:07:10Z" end-time="2021-11-18 00:07:10Z" duration="0.003786" total="1" passed="1" failed="0" inconclusive="0" skipped="0" asserts="1">
        <test-case id="0-1297" name="TestRepeatEosU4" fullname="Kaitai.SpecRepeatEosU4.TestRepeatEosU4" methodname="TestRepeatEosU4" classname="Kaitai.SpecRepeatEosU4" runstate="Runnable" seed="1054518597" result="Passed" start-time="2021-11-18 00:07:10Z" end-time="2021-11-18 00:07:10Z" duration="0.001283" asserts="1" />
      </test-suite>
      <test-suite type="TestFixture" id="0-1298" name="SpecRepeatNStruct" fullname="Kaitai.SpecRepeatNStruct" classname="Kaitai.SpecRepeatNStruct" runstate="Runnable" testcasecount="1" result="Passed" start-time="2021-11-18 00:07:10Z" end-time="2021-11-18 00:07:10Z" duration="0.003362" total="1" passed="1" failed="0" inconclusive="0" skipped="0" asserts="5">
        <test-case id="0-1299" name="TestRepeatNStruct" fullname="Kaitai.SpecRepeatNStruct.TestRepeatNStruct" methodname="TestRepeatNStruct" classname="Kaitai.SpecRepeatNStruct" runstate="Runnable" seed="1928592210" result="Passed" start-time="2021-11-18 00:07:10Z" end-time="2021-11-18 00:07:10Z" duration="0.000898" asserts="5" />
      </test-suite>
      <test-suite type="TestFixture" id="0-1300" name="SpecRepeatNStrz" fullname="Kaitai.SpecRepeatNStrz" classname="Kaitai.SpecRepeatNStrz" runstate="Runnable" testcasecount="1" result="Passed" start-time="2021-11-18 00:07:10Z" end-time="2021-11-18 00:07:10Z" duration="0.003414" total="1" passed="1" failed="0" inconclusive="0" skipped="0" asserts="2">
        <test-case id="0-1301" name="TestRepeatNStrz" fullname="Kaitai.SpecRepeatNStrz.TestRepeatNStrz" methodname="TestRepeatNStrz" classname="Kaitai.SpecRepeatNStrz" runstate="Runnable" seed="1025586271" result="Passed" start-time="2021-11-18 00:07:10Z" end-time="2021-11-18 00:07:10Z" duration="0.000700" asserts="2" />
      </test-suite>
      <test-suite type="TestFixture" id="0-1302" name="SpecRepeatNStrzDouble" fullname="Kaitai.SpecRepeatNStrzDouble" classname="Kaitai.SpecRepeatNStrzDouble" runstate="Runnable" testcasecount="1" result="Passed" start-time="2021-11-18 00:07:10Z" end-time="2021-11-18 00:07:10Z" duration="0.003667" total="1" passed="1" failed="0" inconclusive="0" skipped="0" asserts="3">
        <test-case id="0-1303" name="TestRepeatNStrzDouble" fullname="Kaitai.SpecRepeatNStrzDouble.TestRepeatNStrzDouble" methodname="TestRepeatNStrzDouble" classname="Kaitai.SpecRepeatNStrzDouble" runstate="Runnable" seed="471185893" result="Passed" start-time="2021-11-18 00:07:10Z" end-time="2021-11-18 00:07:10Z" duration="0.001115" asserts="3" />
      </test-suite>
      <test-suite type="TestFixture" id="0-1304" name="SpecRepeatUntilCalcArrayType" fullname="Kaitai.SpecRepeatUntilCalcArrayType" classname="Kaitai.SpecRepeatUntilCalcArrayType" runstate="Runnable" testcasecount="1" result="Passed" start-time="2021-11-18 00:07:10Z" end-time="2021-11-18 00:07:10Z" duration="0.003940" total="1" passed="1" failed="0" inconclusive="0" skipped="0" asserts="7">
        <test-case id="0-1305" name="TestRepeatUntilCalcArrayType" fullname="Kaitai.SpecRepeatUntilCalcArrayType.TestRepeatUntilCalcArrayType" methodname="TestRepeatUntilCalcArrayType" classname="Kaitai.SpecRepeatUntilCalcArrayType" runstate="Runnable" seed="622953949" result="Passed" start-time="2021-11-18 00:07:10Z" end-time="2021-11-18 00:07:10Z" duration="0.001318" asserts="7" />
      </test-suite>
      <test-suite type="TestFixture" id="0-1306" name="SpecRepeatUntilComplex" fullname="Kaitai.SpecRepeatUntilComplex" classname="Kaitai.SpecRepeatUntilComplex" runstate="Runnable" testcasecount="1" result="Passed" start-time="2021-11-18 00:07:10Z" end-time="2021-11-18 00:07:10Z" duration="0.006118" total="1" passed="1" failed="0" inconclusive="0" skipped="0" asserts="15">
        <test-case id="0-1307" name="TestRepeatUntilComplex" fullname="Kaitai.SpecRepeatUntilComplex.TestRepeatUntilComplex" methodname="TestRepeatUntilComplex" classname="Kaitai.SpecRepeatUntilComplex" runstate="Runnable" seed="730340696" result="Passed" start-time="2021-11-18 00:07:10Z" end-time="2021-11-18 00:07:10Z" duration="0.003434" asserts="15" />
      </test-suite>
      <test-suite type="TestFixture" id="0-1308" name="SpecRepeatUntilS4" fullname="Kaitai.SpecRepeatUntilS4" classname="Kaitai.SpecRepeatUntilS4" runstate="Runnable" testcasecount="1" result="Passed" start-time="2021-11-18 00:07:10Z" end-time="2021-11-18 00:07:10Z" duration="0.003962" total="1" passed="1" failed="0" inconclusive="0" skipped="0" asserts="2">
        <test-case id="0-1309" name="TestRepeatUntilS4" fullname="Kaitai.SpecRepeatUntilS4.TestRepeatUntilS4" methodname="TestRepeatUntilS4" classname="Kaitai.SpecRepeatUntilS4" runstate="Runnable" seed="174573886" result="Passed" start-time="2021-11-18 00:07:10Z" end-time="2021-11-18 00:07:10Z" duration="0.001276" asserts="2" />
      </test-suite>
      <test-suite type="TestFixture" id="0-1310" name="SpecRepeatUntilSized" fullname="Kaitai.SpecRepeatUntilSized" classname="Kaitai.SpecRepeatUntilSized" runstate="Runnable" testcasecount="1" result="Passed" start-time="2021-11-18 00:07:10Z" end-time="2021-11-18 00:07:10Z" duration="0.003716" total="1" passed="1" failed="0" inconclusive="0" skipped="0" asserts="7">
        <test-case id="0-1311" name="TestRepeatUntilSized" fullname="Kaitai.SpecRepeatUntilSized.TestRepeatUntilSized" methodname="TestRepeatUntilSized" classname="Kaitai.SpecRepeatUntilSized" runstate="Runnable" seed="1971670641" result="Passed" start-time="2021-11-18 00:07:10Z" end-time="2021-11-18 00:07:10Z" duration="0.001211" asserts="7" />
      </test-suite>
      <test-suite type="TestFixture" id="0-1312" name="SpecStrEncodings" fullname="Kaitai.SpecStrEncodings" classname="Kaitai.SpecStrEncodings" runstate="Runnable" testcasecount="1" result="Passed" start-time="2021-11-18 00:07:10Z" end-time="2021-11-18 00:07:10Z" duration="0.003251" total="1" passed="1" failed="0" inconclusive="0" skipped="0" asserts="4">
        <test-case id="0-1313" name="TestStrEncodings" fullname="Kaitai.SpecStrEncodings.TestStrEncodings" methodname="TestStrEncodings" classname="Kaitai.SpecStrEncodings" runstate="Runnable" seed="1653853408" result="Passed" start-time="2021-11-18 00:07:10Z" end-time="2021-11-18 00:07:10Z" duration="0.000713" asserts="4" />
      </test-suite>
      <test-suite type="TestFixture" id="0-1314" name="SpecStrEncodingsDefault" fullname="Kaitai.SpecStrEncodingsDefault" classname="Kaitai.SpecStrEncodingsDefault" runstate="Runnable" testcasecount="1" result="Passed" start-time="2021-11-18 00:07:10Z" end-time="2021-11-18 00:07:10Z" duration="0.003388" total="1" passed="1" failed="0" inconclusive="0" skipped="0" asserts="4">
        <test-case id="0-1315" name="TestStrEncodingsDefault" fullname="Kaitai.SpecStrEncodingsDefault.TestStrEncodingsDefault" methodname="TestStrEncodingsDefault" classname="Kaitai.SpecStrEncodingsDefault" runstate="Runnable" seed="796662130" result="Passed" start-time="2021-11-18 00:07:10Z" end-time="2021-11-18 00:07:10Z" duration="0.000778" asserts="4" />
      </test-suite>
      <test-suite type="TestFixture" id="0-1316" name="SpecStrEos" fullname="Kaitai.SpecStrEos" classname="Kaitai.SpecStrEos" runstate="Runnable" testcasecount="1" result="Passed" start-time="2021-11-18 00:07:10Z" end-time="2021-11-18 00:07:10Z" duration="0.002881" total="1" passed="1" failed="0" inconclusive="0" skipped="0" asserts="1">
        <test-case id="0-1317" name="TestStrEos" fullname="Kaitai.SpecStrEos.TestStrEos" methodname="TestStrEos" classname="Kaitai.SpecStrEos" runstate="Runnable" seed="2145056800" result="Passed" start-time="2021-11-18 00:07:10Z" end-time="2021-11-18 00:07:10Z" duration="0.000363" asserts="1" />
      </test-suite>
      <test-suite type="TestFixture" id="0-1318" name="SpecStrLiterals" fullname="Kaitai.SpecStrLiterals" classname="Kaitai.SpecStrLiterals" runstate="Runnable" testcasecount="1" result="Passed" start-time="2021-11-18 00:07:10Z" end-time="2021-11-18 00:07:10Z" duration="0.005698" total="1" passed="1" failed="0" inconclusive="0" skipped="0" asserts="5">
        <test-case id="0-1319" name="TestStrLiterals" fullname="Kaitai.SpecStrLiterals.TestStrLiterals" methodname="TestStrLiterals" classname="Kaitai.SpecStrLiterals" runstate="Runnable" seed="965551544" result="Passed" start-time="2021-11-18 00:07:10Z" end-time="2021-11-18 00:07:10Z" duration="0.002862" asserts="5" />
      </test-suite>
      <test-suite type="TestFixture" id="0-1320" name="SpecStrLiterals2" fullname="Kaitai.SpecStrLiterals2" classname="Kaitai.SpecStrLiterals2" runstate="Runnable" testcasecount="1" result="Passed" start-time="2021-11-18 00:07:10Z" end-time="2021-11-18 00:07:10Z" duration="0.003215" total="1" passed="1" failed="0" inconclusive="0" skipped="0" asserts="4">
        <test-case id="0-1321" name="TestStrLiterals2" fullname="Kaitai.SpecStrLiterals2.TestStrLiterals2" methodname="TestStrLiterals2" classname="Kaitai.SpecStrLiterals2" runstate="Runnable" seed="1217568049" result="Passed" start-time="2021-11-18 00:07:10Z" end-time="2021-11-18 00:07:10Z" duration="0.000760" asserts="4" />
      </test-suite>
      <test-suite type="TestFixture" id="0-1322" name="SpecStrPadTerm" fullname="Kaitai.SpecStrPadTerm" classname="Kaitai.SpecStrPadTerm" runstate="Runnable" testcasecount="1" result="Passed" start-time="2021-11-18 00:07:10Z" end-time="2021-11-18 00:07:10Z" duration="0.003413" total="1" passed="1" failed="0" inconclusive="0" skipped="0" asserts="4">
        <test-case id="0-1323" name="TestStrPadTerm" fullname="Kaitai.SpecStrPadTerm.TestStrPadTerm" methodname="TestStrPadTerm" classname="Kaitai.SpecStrPadTerm" runstate="Runnable" seed="1729465475" result="Passed" start-time="2021-11-18 00:07:10Z" end-time="2021-11-18 00:07:10Z" duration="0.000625" asserts="4" />
      </test-suite>
      <test-suite type="TestFixture" id="0-1324" name="SpecStrPadTermEmpty" fullname="Kaitai.SpecStrPadTermEmpty" classname="Kaitai.SpecStrPadTermEmpty" runstate="Runnable" testcasecount="1" result="Passed" start-time="2021-11-18 00:07:10Z" end-time="2021-11-18 00:07:10Z" duration="0.003036" total="1" passed="1" failed="0" inconclusive="0" skipped="0" asserts="4">
        <test-case id="0-1325" name="TestStrPadTermEmpty" fullname="Kaitai.SpecStrPadTermEmpty.TestStrPadTermEmpty" methodname="TestStrPadTermEmpty" classname="Kaitai.SpecStrPadTermEmpty" runstate="Runnable" seed="1597744184" result="Passed" start-time="2021-11-18 00:07:10Z" end-time="2021-11-18 00:07:10Z" duration="0.000522" asserts="4" />
      </test-suite>
      <test-suite type="TestFixture" id="0-1326" name="SpecSwitchBytearray" fullname="Kaitai.SpecSwitchBytearray" classname="Kaitai.SpecSwitchBytearray" runstate="Runnable" testcasecount="1" result="Passed" start-time="2021-11-18 00:07:10Z" end-time="2021-11-18 00:07:10Z" duration="0.004476" total="1" passed="1" failed="0" inconclusive="0" skipped="0" asserts="9">
        <test-case id="0-1327" name="TestSwitchBytearray" fullname="Kaitai.SpecSwitchBytearray.TestSwitchBytearray" methodname="TestSwitchBytearray" classname="Kaitai.SpecSwitchBytearray" runstate="Runnable" seed="60118033" result="Passed" start-time="2021-11-18 00:07:10Z" end-time="2021-11-18 00:07:10Z" duration="0.001823" asserts="9" />
      </test-suite>
      <test-suite type="TestFixture" id="0-1328" name="SpecSwitchCast" fullname="Kaitai.SpecSwitchCast" classname="Kaitai.SpecSwitchCast" runstate="Runnable" testcasecount="1" result="Passed" start-time="2021-11-18 00:07:10Z" end-time="2021-11-18 00:07:10Z" duration="0.004204" total="1" passed="1" failed="0" inconclusive="0" skipped="0" asserts="3">
        <test-case id="0-1329" name="TestSwitchCast" fullname="Kaitai.SpecSwitchCast.TestSwitchCast" methodname="TestSwitchCast" classname="Kaitai.SpecSwitchCast" runstate="Runnable" seed="413111506" result="Passed" start-time="2021-11-18 00:07:10Z" end-time="2021-11-18 00:07:10Z" duration="0.001771" asserts="3" />
      </test-suite>
      <test-suite type="TestFixture" id="0-1330" name="SpecSwitchElseOnly" fullname="Kaitai.SpecSwitchElseOnly" classname="Kaitai.SpecSwitchElseOnly" runstate="Runnable" testcasecount="1" result="Passed" start-time="2021-11-18 00:07:10Z" end-time="2021-11-18 00:07:10Z" duration="0.003097" total="1" passed="1" failed="0" inconclusive="0" skipped="0" asserts="3">
        <test-case id="0-1331" name="TestSwitchElseOnly" fullname="Kaitai.SpecSwitchElseOnly.TestSwitchElseOnly" methodname="TestSwitchElseOnly" classname="Kaitai.SpecSwitchElseOnly" runstate="Runnable" seed="1427950109" result="Passed" start-time="2021-11-18 00:07:10Z" end-time="2021-11-18 00:07:10Z" duration="0.000554" asserts="3" />
      </test-suite>
      <test-suite type="TestFixture" id="0-1332" name="SpecSwitchIntegers" fullname="Kaitai.SpecSwitchIntegers" classname="Kaitai.SpecSwitchIntegers" runstate="Runnable" testcasecount="1" result="Passed" start-time="2021-11-18 00:07:10Z" end-time="2021-11-18 00:07:10Z" duration="0.003527" total="1" passed="1" failed="0" inconclusive="0" skipped="0" asserts="9">
        <test-case id="0-1333" name="TestSwitchIntegers" fullname="Kaitai.SpecSwitchIntegers.TestSwitchIntegers" methodname="TestSwitchIntegers" classname="Kaitai.SpecSwitchIntegers" runstate="Runnable" seed="927679190" result="Passed" start-time="2021-11-18 00:07:10Z" end-time="2021-11-18 00:07:10Z" duration="0.001091" asserts="9" />
      </test-suite>
      <test-suite type="TestFixture" id="0-1334" name="SpecSwitchIntegers2" fullname="Kaitai.SpecSwitchIntegers2" classname="Kaitai.SpecSwitchIntegers2" runstate="Runnable" testcasecount="1" result="Passed" start-time="2021-11-18 00:07:10Z" end-time="2021-11-18 00:07:10Z" duration="0.003463" total="1" passed="1" failed="0" inconclusive="0" skipped="0" asserts="5">
        <test-case id="0-1335" name="TestSwitchIntegers2" fullname="Kaitai.SpecSwitchIntegers2.TestSwitchIntegers2" methodname="TestSwitchIntegers2" classname="Kaitai.SpecSwitchIntegers2" runstate="Runnable" seed="1174490324" result="Passed" start-time="2021-11-18 00:07:10Z" end-time="2021-11-18 00:07:10Z" duration="0.000925" asserts="5" />
      </test-suite>
      <test-suite type="TestFixture" id="0-1336" name="SpecSwitchManualEnum" fullname="Kaitai.SpecSwitchManualEnum" classname="Kaitai.SpecSwitchManualEnum" runstate="Runnable" testcasecount="1" result="Passed" start-time="2021-11-18 00:07:10Z" end-time="2021-11-18 00:07:10Z" duration="0.003889" total="1" passed="1" failed="0" inconclusive="0" skipped="0" asserts="9">
        <test-case id="0-1337" name="TestSwitchManualEnum" fullname="Kaitai.SpecSwitchManualEnum.TestSwitchManualEnum" methodname="TestSwitchManualEnum" classname="Kaitai.SpecSwitchManualEnum" runstate="Runnable" seed="1739275094" result="Passed" start-time="2021-11-18 00:07:10Z" end-time="2021-11-18 00:07:10Z" duration="0.001380" asserts="9" />
      </test-suite>
      <test-suite type="TestFixture" id="0-1338" name="SpecSwitchManualEnumInvalid" fullname="Kaitai.SpecSwitchManualEnumInvalid" classname="Kaitai.SpecSwitchManualEnumInvalid" runstate="Runnable" testcasecount="1" result="Passed" start-time="2021-11-18 00:07:10Z" end-time="2021-11-18 00:07:10Z" duration="0.003465" total="1" passed="1" failed="0" inconclusive="0" skipped="0" asserts="5">
        <test-case id="0-1339" name="TestSwitchManualEnumInvalid" fullname="Kaitai.SpecSwitchManualEnumInvalid.TestSwitchManualEnumInvalid" methodname="TestSwitchManualEnumInvalid" classname="Kaitai.SpecSwitchManualEnumInvalid" runstate="Runnable" seed="1206535528" result="Passed" start-time="2021-11-18 00:07:10Z" end-time="2021-11-18 00:07:10Z" duration="0.000969" asserts="5" />
      </test-suite>
      <test-suite type="TestFixture" id="0-1340" name="SpecSwitchManualEnumInvalidElse" fullname="Kaitai.SpecSwitchManualEnumInvalidElse" classname="Kaitai.SpecSwitchManualEnumInvalidElse" runstate="Runnable" testcasecount="1" result="Passed" start-time="2021-11-18 00:07:10Z" end-time="2021-11-18 00:07:10Z" duration="0.003638" total="1" passed="1" failed="0" inconclusive="0" skipped="0" asserts="5">
        <test-case id="0-1341" name="TestSwitchManualEnumInvalidElse" fullname="Kaitai.SpecSwitchManualEnumInvalidElse.TestSwitchManualEnumInvalidElse" methodname="TestSwitchManualEnumInvalidElse" classname="Kaitai.SpecSwitchManualEnumInvalidElse" runstate="Runnable" seed="2018693964" result="Passed" start-time="2021-11-18 00:07:10Z" end-time="2021-11-18 00:07:10Z" duration="0.001154" asserts="5" />
      </test-suite>
      <test-suite type="TestFixture" id="0-1342" name="SpecSwitchManualInt" fullname="Kaitai.SpecSwitchManualInt" classname="Kaitai.SpecSwitchManualInt" runstate="Runnable" testcasecount="1" result="Passed" start-time="2021-11-18 00:07:10Z" end-time="2021-11-18 00:07:10Z" duration="0.004126" total="1" passed="1" failed="0" inconclusive="0" skipped="0" asserts="9">
        <test-case id="0-1343" name="TestSwitchManualInt" fullname="Kaitai.SpecSwitchManualInt.TestSwitchManualInt" methodname="TestSwitchManualInt" classname="Kaitai.SpecSwitchManualInt" runstate="Runnable" seed="1693820241" result="Passed" start-time="2021-11-18 00:07:10Z" end-time="2021-11-18 00:07:10Z" duration="0.001654" asserts="9" />
      </test-suite>
      <test-suite type="TestFixture" id="0-1344" name="SpecSwitchManualIntElse" fullname="Kaitai.SpecSwitchManualIntElse" classname="Kaitai.SpecSwitchManualIntElse" runstate="Runnable" testcasecount="1" result="Passed" start-time="2021-11-18 00:07:10Z" end-time="2021-11-18 00:07:10Z" duration="0.003837" total="1" passed="1" failed="0" inconclusive="0" skipped="0" asserts="9">
        <test-case id="0-1345" name="TestSwitchManualIntElse" fullname="Kaitai.SpecSwitchManualIntElse.TestSwitchManualIntElse" methodname="TestSwitchManualIntElse" classname="Kaitai.SpecSwitchManualIntElse" runstate="Runnable" seed="2043256298" result="Passed" start-time="2021-11-18 00:07:10Z" end-time="2021-11-18 00:07:10Z" duration="0.001399" asserts="9" />
      </test-suite>
      <test-suite type="TestFixture" id="0-1346" name="SpecSwitchManualIntSize" fullname="Kaitai.SpecSwitchManualIntSize" classname="Kaitai.SpecSwitchManualIntSize" runstate="Runnable" testcasecount="1" result="Passed" start-time="2021-11-18 00:07:10Z" end-time="2021-11-18 00:07:10Z" duration="0.004274" total="1" passed="1" failed="0" inconclusive="0" skipped="0" asserts="10">
        <test-case id="0-1347" name="TestSwitchManualIntSize" fullname="Kaitai.SpecSwitchManualIntSize.TestSwitchManualIntSize" methodname="TestSwitchManualIntSize" classname="Kaitai.SpecSwitchManualIntSize" runstate="Runnable" seed="1935581578" result="Passed" start-time="2021-11-18 00:07:10Z" end-time="2021-11-18 00:07:10Z" duration="0.001762" asserts="10" />
      </test-suite>
      <test-suite type="TestFixture" id="0-1348" name="SpecSwitchManualIntSizeElse" fullname="Kaitai.SpecSwitchManualIntSizeElse" classname="Kaitai.SpecSwitchManualIntSizeElse" runstate="Runnable" testcasecount="1" result="Passed" start-time="2021-11-18 00:07:10Z" end-time="2021-11-18 00:07:10Z" duration="0.004430" total="1" passed="1" failed="0" inconclusive="0" skipped="0" asserts="10">
        <test-case id="0-1349" name="TestSwitchManualIntSizeElse" fullname="Kaitai.SpecSwitchManualIntSizeElse.TestSwitchManualIntSizeElse" methodname="TestSwitchManualIntSizeElse" classname="Kaitai.SpecSwitchManualIntSizeElse" runstate="Runnable" seed="1879631193" result="Passed" start-time="2021-11-18 00:07:10Z" end-time="2021-11-18 00:07:10Z" duration="0.001981" asserts="10" />
      </test-suite>
      <test-suite type="TestFixture" id="0-1350" name="SpecSwitchManualIntSizeEos" fullname="Kaitai.SpecSwitchManualIntSizeEos" classname="Kaitai.SpecSwitchManualIntSizeEos" runstate="Runnable" testcasecount="1" result="Passed" start-time="2021-11-18 00:07:10Z" end-time="2021-11-18 00:07:10Z" duration="0.004834" total="1" passed="1" failed="0" inconclusive="0" skipped="0" asserts="10">
        <test-case id="0-1351" name="TestSwitchManualIntSizeEos" fullname="Kaitai.SpecSwitchManualIntSizeEos.TestSwitchManualIntSizeEos" methodname="TestSwitchManualIntSizeEos" classname="Kaitai.SpecSwitchManualIntSizeEos" runstate="Runnable" seed="1764455340" result="Passed" start-time="2021-11-18 00:07:10Z" end-time="2021-11-18 00:07:10Z" duration="0.002233" asserts="10" />
      </test-suite>
      <test-suite type="TestFixture" id="0-1352" name="SpecSwitchManualStr" fullname="Kaitai.SpecSwitchManualStr" classname="Kaitai.SpecSwitchManualStr" runstate="Runnable" testcasecount="1" result="Passed" start-time="2021-11-18 00:07:10Z" end-time="2021-11-18 00:07:10Z" duration="0.003846" total="1" passed="1" failed="0" inconclusive="0" skipped="0" asserts="9">
        <test-case id="0-1353" name="TestSwitchManualStr" fullname="Kaitai.SpecSwitchManualStr.TestSwitchManualStr" methodname="TestSwitchManualStr" classname="Kaitai.SpecSwitchManualStr" runstate="Runnable" seed="796870330" result="Passed" start-time="2021-11-18 00:07:10Z" end-time="2021-11-18 00:07:10Z" duration="0.001428" asserts="9" />
      </test-suite>
      <test-suite type="TestFixture" id="0-1354" name="SpecSwitchManualStrElse" fullname="Kaitai.SpecSwitchManualStrElse" classname="Kaitai.SpecSwitchManualStrElse" runstate="Runnable" testcasecount="1" result="Passed" start-time="2021-11-18 00:07:10Z" end-time="2021-11-18 00:07:10Z" duration="0.003822" total="1" passed="1" failed="0" inconclusive="0" skipped="0" asserts="9">
        <test-case id="0-1355" name="TestSwitchManualStrElse" fullname="Kaitai.SpecSwitchManualStrElse.TestSwitchManualStrElse" methodname="TestSwitchManualStrElse" classname="Kaitai.SpecSwitchManualStrElse" runstate="Runnable" seed="1673571786" result="Passed" start-time="2021-11-18 00:07:10Z" end-time="2021-11-18 00:07:10Z" duration="0.001391" asserts="9" />
      </test-suite>
      <test-suite type="TestFixture" id="0-1356" name="SpecSwitchMultiBoolOps" fullname="Kaitai.SpecSwitchMultiBoolOps" classname="Kaitai.SpecSwitchMultiBoolOps" runstate="Runnable" testcasecount="1" result="Passed" start-time="2021-11-18 00:07:10Z" end-time="2021-11-18 00:07:10Z" duration="0.003761" total="1" passed="1" failed="0" inconclusive="0" skipped="0" asserts="9">
        <test-case id="0-1357" name="TestSwitchMultiBoolOps" fullname="Kaitai.SpecSwitchMultiBoolOps.TestSwitchMultiBoolOps" methodname="TestSwitchMultiBoolOps" classname="Kaitai.SpecSwitchMultiBoolOps" runstate="Runnable" seed="359395194" result="Passed" start-time="2021-11-18 00:07:10Z" end-time="2021-11-18 00:07:10Z" duration="0.001176" asserts="9" />
      </test-suite>
      <test-suite type="TestFixture" id="0-1358" name="SpecSwitchRepeatExpr" fullname="Kaitai.SpecSwitchRepeatExpr" classname="Kaitai.SpecSwitchRepeatExpr" runstate="Runnable" testcasecount="1" result="Passed" start-time="2021-11-18 00:07:10Z" end-time="2021-11-18 00:07:10Z" duration="0.003676" total="1" passed="1" failed="0" inconclusive="0" skipped="0" asserts="3">
        <test-case id="0-1359" name="TestSwitchRepeatExpr" fullname="Kaitai.SpecSwitchRepeatExpr.TestSwitchRepeatExpr" methodname="TestSwitchRepeatExpr" classname="Kaitai.SpecSwitchRepeatExpr" runstate="Runnable" seed="901253077" result="Passed" start-time="2021-11-18 00:07:10Z" end-time="2021-11-18 00:07:10Z" duration="0.001120" asserts="3" />
      </test-suite>
      <test-suite type="TestFixture" id="0-1360" name="SpecSwitchRepeatExprInvalid" fullname="Kaitai.SpecSwitchRepeatExprInvalid" classname="Kaitai.SpecSwitchRepeatExprInvalid" runstate="Runnable" testcasecount="1" result="Passed" start-time="2021-11-18 00:07:10Z" end-time="2021-11-18 00:07:10Z" duration="0.003760" total="1" passed="1" failed="0" inconclusive="0" skipped="0" asserts="3">
        <test-case id="0-1361" name="TestSwitchRepeatExprInvalid" fullname="Kaitai.SpecSwitchRepeatExprInvalid.TestSwitchRepeatExprInvalid" methodname="TestSwitchRepeatExprInvalid" classname="Kaitai.SpecSwitchRepeatExprInvalid" runstate="Runnable" seed="2056320116" result="Passed" start-time="2021-11-18 00:07:10Z" end-time="2021-11-18 00:07:10Z" duration="0.001113" asserts="3" />
      </test-suite>
      <test-suite type="TestFixture" id="0-1362" name="SpecTermBytes" fullname="Kaitai.SpecTermBytes" classname="Kaitai.SpecTermBytes" runstate="Runnable" testcasecount="1" result="Passed" start-time="2021-11-18 00:07:10Z" end-time="2021-11-18 00:07:10Z" duration="0.003079" total="1" passed="1" failed="0" inconclusive="0" skipped="0" asserts="3">
        <test-case id="0-1363" name="TestTermBytes" fullname="Kaitai.SpecTermBytes.TestTermBytes" methodname="TestTermBytes" classname="Kaitai.SpecTermBytes" runstate="Runnable" seed="570796843" result="Passed" start-time="2021-11-18 00:07:10Z" end-time="2021-11-18 00:07:10Z" duration="0.000556" asserts="3" />
      </test-suite>
      <test-suite type="TestFixture" id="0-1364" name="SpecTermStrz" fullname="Kaitai.SpecTermStrz" classname="Kaitai.SpecTermStrz" runstate="Runnable" testcasecount="1" result="Passed" start-time="2021-11-18 00:07:10Z" end-time="2021-11-18 00:07:10Z" duration="0.002795" total="1" passed="1" failed="0" inconclusive="0" skipped="0" asserts="3">
        <test-case id="0-1365" name="TestTermStrz" fullname="Kaitai.SpecTermStrz.TestTermStrz" methodname="TestTermStrz" classname="Kaitai.SpecTermStrz" runstate="Runnable" seed="1439104923" result="Passed" start-time="2021-11-18 00:07:10Z" end-time="2021-11-18 00:07:10Z" duration="0.000291" asserts="3" />
      </test-suite>
      <test-suite type="TestFixture" id="0-1366" name="SpecTermU1Val" fullname="Kaitai.SpecTermU1Val" classname="Kaitai.SpecTermU1Val" runstate="Runnable" testcasecount="1" result="Passed" start-time="2021-11-18 00:07:10Z" end-time="2021-11-18 00:07:10Z" duration="0.003177" total="1" passed="1" failed="0" inconclusive="0" skipped="0" asserts="2">
        <test-case id="0-1367" name="TestTermU1Val" fullname="Kaitai.SpecTermU1Val.TestTermU1Val" methodname="TestTermU1Val" classname="Kaitai.SpecTermU1Val" runstate="Runnable" seed="1541035824" result="Passed" start-time="2021-11-18 00:07:10Z" end-time="2021-11-18 00:07:10Z" duration="0.000680" asserts="2" />
      </test-suite>
      <test-suite type="TestFixture" id="0-1368" name="SpecTsPacketHeader" fullname="Kaitai.SpecTsPacketHeader" classname="Kaitai.SpecTsPacketHeader" runstate="Runnable" testcasecount="1" result="Passed" start-time="2021-11-18 00:07:10Z" end-time="2021-11-18 00:07:10Z" duration="0.003197" total="1" passed="1" failed="0" inconclusive="0" skipped="0" asserts="7">
        <test-case id="0-1369" name="TestTsPacketHeader" fullname="Kaitai.SpecTsPacketHeader.TestTsPacketHeader" methodname="TestTsPacketHeader" classname="Kaitai.SpecTsPacketHeader" runstate="Runnable" seed="2125648883" result="Passed" start-time="2021-11-18 00:07:10Z" end-time="2021-11-18 00:07:10Z" duration="0.000669" asserts="7" />
      </test-suite>
      <test-suite type="TestFixture" id="0-1370" name="SpecTypeIntUnaryOp" fullname="Kaitai.SpecTypeIntUnaryOp" classname="Kaitai.SpecTypeIntUnaryOp" runstate="Runnable" testcasecount="1" result="Passed" start-time="2021-11-18 00:07:10Z" end-time="2021-11-18 00:07:10Z" duration="0.003010" total="1" passed="1" failed="0" inconclusive="0" skipped="0" asserts="4">
        <test-case id="0-1371" name="TestTypeIntUnaryOp" fullname="Kaitai.SpecTypeIntUnaryOp.TestTypeIntUnaryOp" methodname="TestTypeIntUnaryOp" classname="Kaitai.SpecTypeIntUnaryOp" runstate="Runnable" seed="998503279" result="Passed" start-time="2021-11-18 00:07:10Z" end-time="2021-11-18 00:07:10Z" duration="0.000550" asserts="4" />
      </test-suite>
      <test-suite type="TestFixture" id="0-1372" name="SpecTypeTernary" fullname="Kaitai.SpecTypeTernary" classname="Kaitai.SpecTypeTernary" runstate="Runnable" testcasecount="1" result="Passed" start-time="2021-11-18 00:07:10Z" end-time="2021-11-18 00:07:10Z" duration="0.003189" total="1" passed="1" failed="0" inconclusive="0" skipped="0" asserts="1">
        <test-case id="0-1373" name="TestTypeTernary" fullname="Kaitai.SpecTypeTernary.TestTypeTernary" methodname="TestTypeTernary" classname="Kaitai.SpecTypeTernary" runstate="Runnable" seed="895270319" result="Passed" start-time="2021-11-18 00:07:10Z" end-time="2021-11-18 00:07:10Z" duration="0.000630" asserts="1" />
      </test-suite>
      <test-suite type="TestFixture" id="0-1374" name="SpecTypeTernary2ndFalsy" fullname="Kaitai.SpecTypeTernary2ndFalsy" classname="Kaitai.SpecTypeTernary2ndFalsy" runstate="Runnable" testcasecount="1" result="Passed" start-time="2021-11-18 00:07:10Z" end-time="2021-11-18 00:07:10Z" duration="0.004143" total="1" passed="1" failed="0" inconclusive="0" skipped="0" asserts="13">
        <test-case id="0-1375" name="TestTypeTernary2ndFalsy" fullname="Kaitai.SpecTypeTernary2ndFalsy.TestTypeTernary2ndFalsy" methodname="TestTypeTernary2ndFalsy" classname="Kaitai.SpecTypeTernary2ndFalsy" runstate="Runnable" seed="2108274649" result="Passed" start-time="2021-11-18 00:07:10Z" end-time="2021-11-18 00:07:10Z" duration="0.001626" asserts="13" />
      </test-suite>
      <test-suite type="TestFixture" id="0-1376" name="SpecTypeTernaryOpaque" fullname="Kaitai.SpecTypeTernaryOpaque" classname="Kaitai.SpecTypeTernaryOpaque" runstate="Runnable" testcasecount="1" result="Passed" start-time="2021-11-18 00:07:10Z" end-time="2021-11-18 00:07:10Z" duration="0.003982" total="1" passed="1" failed="0" inconclusive="0" skipped="0" asserts="3">
        <test-case id="0-1377" name="TestTypeTernaryOpaque" fullname="Kaitai.SpecTypeTernaryOpaque.TestTypeTernaryOpaque" methodname="TestTypeTernaryOpaque" classname="Kaitai.SpecTypeTernaryOpaque" runstate="Runnable" seed="2074235861" result="Passed" start-time="2021-11-18 00:07:10Z" end-time="2021-11-18 00:07:10Z" duration="0.000815" asserts="3" />
      </test-suite>
      <test-suite type="TestFixture" id="0-1378" name="SpecUserType" fullname="Kaitai.SpecUserType" classname="Kaitai.SpecUserType" runstate="Runnable" testcasecount="1" result="Passed" start-time="2021-11-18 00:07:10Z" end-time="2021-11-18 00:07:10Z" duration="0.003255" total="1" passed="1" failed="0" inconclusive="0" skipped="0" asserts="2">
        <test-case id="0-1379" name="TestUserType" fullname="Kaitai.SpecUserType.TestUserType" methodname="TestUserType" classname="Kaitai.SpecUserType" runstate="Runnable" seed="29572543" result="Passed" start-time="2021-11-18 00:07:10Z" end-time="2021-11-18 00:07:10Z" duration="0.000500" asserts="2" />
      </test-suite>
      <test-suite type="TestFixture" id="0-1380" name="SpecValidEqStrEncodings" fullname="Kaitai.SpecValidEqStrEncodings" classname="Kaitai.SpecValidEqStrEncodings" runstate="Runnable" testcasecount="1" result="Passed" start-time="2021-11-18 00:07:10Z" end-time="2021-11-18 00:07:10Z" duration="0.003226" total="1" passed="1" failed="0" inconclusive="0" skipped="0" asserts="0">
        <test-case id="0-1381" name="TestValidEqStrEncodings" fullname="Kaitai.SpecValidEqStrEncodings.TestValidEqStrEncodings" methodname="TestValidEqStrEncodings" classname="Kaitai.SpecValidEqStrEncodings" runstate="Runnable" seed="1124794152" result="Passed" start-time="2021-11-18 00:07:10Z" end-time="2021-11-18 00:07:10Z" duration="0.000704" asserts="0" />
      </test-suite>
      <test-suite type="TestFixture" id="0-1382" name="SpecValidFailAnyofInt" fullname="Kaitai.SpecValidFailAnyofInt" classname="Kaitai.SpecValidFailAnyofInt" runstate="Runnable" testcasecount="1" result="Passed" start-time="2021-11-18 00:07:10Z" end-time="2021-11-18 00:07:10Z" duration="0.003784" total="1" passed="1" failed="0" inconclusive="0" skipped="0" asserts="1">
        <test-case id="0-1383" name="TestValidFailAnyofInt" fullname="Kaitai.SpecValidFailAnyofInt.TestValidFailAnyofInt" methodname="TestValidFailAnyofInt" classname="Kaitai.SpecValidFailAnyofInt" runstate="Runnable" seed="850187631" result="Passed" start-time="2021-11-18 00:07:10Z" end-time="2021-11-18 00:07:10Z" duration="0.001218" asserts="1" />
      </test-suite>
      <test-suite type="TestFixture" id="0-1384" name="SpecValidFailContents" fullname="Kaitai.SpecValidFailContents" classname="Kaitai.SpecValidFailContents" runstate="Runnable" testcasecount="1" result="Passed" start-time="2021-11-18 00:07:10Z" end-time="2021-11-18 00:07:10Z" duration="0.003537" total="1" passed="1" failed="0" inconclusive="0" skipped="0" asserts="1">
        <test-case id="0-1385" name="TestValidFailContents" fullname="Kaitai.SpecValidFailContents.TestValidFailContents" methodname="TestValidFailContents" classname="Kaitai.SpecValidFailContents" runstate="Runnable" seed="1432043703" result="Passed" start-time="2021-11-18 00:07:10Z" end-time="2021-11-18 00:07:10Z" duration="0.001027" asserts="1" />
      </test-suite>
      <test-suite type="TestFixture" id="0-1386" name="SpecValidFailEqBytes" fullname="Kaitai.SpecValidFailEqBytes" classname="Kaitai.SpecValidFailEqBytes" runstate="Runnable" testcasecount="1" result="Passed" start-time="2021-11-18 00:07:10Z" end-time="2021-11-18 00:07:10Z" duration="0.003127" total="1" passed="1" failed="0" inconclusive="0" skipped="0" asserts="1">
        <test-case id="0-1387" name="TestValidFailEqBytes" fullname="Kaitai.SpecValidFailEqBytes.TestValidFailEqBytes" methodname="TestValidFailEqBytes" classname="Kaitai.SpecValidFailEqBytes" runstate="Runnable" seed="900649210" result="Passed" start-time="2021-11-18 00:07:10Z" end-time="2021-11-18 00:07:10Z" duration="0.000645" asserts="1" />
      </test-suite>
      <test-suite type="TestFixture" id="0-1388" name="SpecValidFailEqInt" fullname="Kaitai.SpecValidFailEqInt" classname="Kaitai.SpecValidFailEqInt" runstate="Runnable" testcasecount="1" result="Passed" start-time="2021-11-18 00:07:10Z" end-time="2021-11-18 00:07:10Z" duration="0.003142" total="1" passed="1" failed="0" inconclusive="0" skipped="0" asserts="1">
        <test-case id="0-1389" name="TestValidFailEqInt" fullname="Kaitai.SpecValidFailEqInt.TestValidFailEqInt" methodname="TestValidFailEqInt" classname="Kaitai.SpecValidFailEqInt" runstate="Runnable" seed="2058751508" result="Passed" start-time="2021-11-18 00:07:10Z" end-time="2021-11-18 00:07:10Z" duration="0.000701" asserts="1" />
      </test-suite>
      <test-suite type="TestFixture" id="0-1390" name="SpecValidFailEqStr" fullname="Kaitai.SpecValidFailEqStr" classname="Kaitai.SpecValidFailEqStr" runstate="Runnable" testcasecount="1" result="Passed" start-time="2021-11-18 00:07:10Z" end-time="2021-11-18 00:07:10Z" duration="0.003484" total="1" passed="1" failed="0" inconclusive="0" skipped="0" asserts="1">
        <test-case id="0-1391" name="TestValidFailEqStr" fullname="Kaitai.SpecValidFailEqStr.TestValidFailEqStr" methodname="TestValidFailEqStr" classname="Kaitai.SpecValidFailEqStr" runstate="Runnable" seed="394443305" result="Passed" start-time="2021-11-18 00:07:10Z" end-time="2021-11-18 00:07:10Z" duration="0.001019" asserts="1" />
      </test-suite>
      <test-suite type="TestFixture" id="0-1392" name="SpecValidFailExpr" fullname="Kaitai.SpecValidFailExpr" classname="Kaitai.SpecValidFailExpr" runstate="Runnable" testcasecount="1" result="Passed" start-time="2021-11-18 00:07:10Z" end-time="2021-11-18 00:07:10Z" duration="0.003546" total="1" passed="1" failed="0" inconclusive="0" skipped="0" asserts="1">
        <test-case id="0-1393" name="TestValidFailExpr" fullname="Kaitai.SpecValidFailExpr.TestValidFailExpr" methodname="TestValidFailExpr" classname="Kaitai.SpecValidFailExpr" runstate="Runnable" seed="1028780514" result="Passed" start-time="2021-11-18 00:07:10Z" end-time="2021-11-18 00:07:10Z" duration="0.000980" asserts="1" />
      </test-suite>
      <test-suite type="TestFixture" id="0-1394" name="SpecValidFailInst" fullname="Kaitai.SpecValidFailInst" classname="Kaitai.SpecValidFailInst" runstate="Runnable" testcasecount="1" result="Passed" start-time="2021-11-18 00:07:10Z" end-time="2021-11-18 00:07:10Z" duration="0.003306" total="1" passed="1" failed="0" inconclusive="0" skipped="0" asserts="1">
        <test-case id="0-1395" name="TestValidFailInst" fullname="Kaitai.SpecValidFailInst.TestValidFailInst" methodname="TestValidFailInst" classname="Kaitai.SpecValidFailInst" runstate="Runnable" seed="1791564608" result="Passed" start-time="2021-11-18 00:07:10Z" end-time="2021-11-18 00:07:10Z" duration="0.000687" asserts="1" />
      </test-suite>
      <test-suite type="TestFixture" id="0-1396" name="SpecValidFailMaxInt" fullname="Kaitai.SpecValidFailMaxInt" classname="Kaitai.SpecValidFailMaxInt" runstate="Runnable" testcasecount="1" result="Passed" start-time="2021-11-18 00:07:10Z" end-time="2021-11-18 00:07:10Z" duration="0.003276" total="1" passed="1" failed="0" inconclusive="0" skipped="0" asserts="1">
        <test-case id="0-1397" name="TestValidFailMaxInt" fullname="Kaitai.SpecValidFailMaxInt.TestValidFailMaxInt" methodname="TestValidFailMaxInt" classname="Kaitai.SpecValidFailMaxInt" runstate="Runnable" seed="2071400718" result="Passed" start-time="2021-11-18 00:07:10Z" end-time="2021-11-18 00:07:10Z" duration="0.000735" asserts="1" />
      </test-suite>
      <test-suite type="TestFixture" id="0-1398" name="SpecValidFailMinInt" fullname="Kaitai.SpecValidFailMinInt" classname="Kaitai.SpecValidFailMinInt" runstate="Runnable" testcasecount="1" result="Passed" start-time="2021-11-18 00:07:10Z" end-time="2021-11-18 00:07:10Z" duration="0.003353" total="1" passed="1" failed="0" inconclusive="0" skipped="0" asserts="1">
        <test-case id="0-1399" name="TestValidFailMinInt" fullname="Kaitai.SpecValidFailMinInt.TestValidFailMinInt" methodname="TestValidFailMinInt" classname="Kaitai.SpecValidFailMinInt" runstate="Runnable" seed="1597356076" result="Passed" start-time="2021-11-18 00:07:10Z" end-time="2021-11-18 00:07:10Z" duration="0.000683" asserts="1" />
      </test-suite>
      <test-suite type="TestFixture" id="0-1400" name="SpecValidFailRangeBytes" fullname="Kaitai.SpecValidFailRangeBytes" classname="Kaitai.SpecValidFailRangeBytes" runstate="Runnable" testcasecount="1" result="Passed" start-time="2021-11-18 00:07:10Z" end-time="2021-11-18 00:07:10Z" duration="0.003126" total="1" passed="1" failed="0" inconclusive="0" skipped="0" asserts="1">
        <test-case id="0-1401" name="TestValidFailRangeBytes" fullname="Kaitai.SpecValidFailRangeBytes.TestValidFailRangeBytes" methodname="TestValidFailRangeBytes" classname="Kaitai.SpecValidFailRangeBytes" runstate="Runnable" seed="1043742907" result="Passed" start-time="2021-11-18 00:07:10Z" end-time="2021-11-18 00:07:10Z" duration="0.000634" asserts="1" />
      </test-suite>
      <test-suite type="TestFixture" id="0-1402" name="SpecValidFailRangeFloat" fullname="Kaitai.SpecValidFailRangeFloat" classname="Kaitai.SpecValidFailRangeFloat" runstate="Runnable" testcasecount="1" result="Passed" start-time="2021-11-18 00:07:10Z" end-time="2021-11-18 00:07:10Z" duration="0.004730" total="1" passed="1" failed="0" inconclusive="0" skipped="0" asserts="1">
        <test-case id="0-1403" name="TestValidFailRangeFloat" fullname="Kaitai.SpecValidFailRangeFloat.TestValidFailRangeFloat" methodname="TestValidFailRangeFloat" classname="Kaitai.SpecValidFailRangeFloat" runstate="Runnable" seed="1946295186" result="Passed" start-time="2021-11-18 00:07:10Z" end-time="2021-11-18 00:07:10Z" duration="0.002184" asserts="1" />
      </test-suite>
      <test-suite type="TestFixture" id="0-1404" name="SpecValidFailRangeInt" fullname="Kaitai.SpecValidFailRangeInt" classname="Kaitai.SpecValidFailRangeInt" runstate="Runnable" testcasecount="1" result="Passed" start-time="2021-11-18 00:07:10Z" end-time="2021-11-18 00:07:10Z" duration="0.003293" total="1" passed="1" failed="0" inconclusive="0" skipped="0" asserts="1">
        <test-case id="0-1405" name="TestValidFailRangeInt" fullname="Kaitai.SpecValidFailRangeInt.TestValidFailRangeInt" methodname="TestValidFailRangeInt" classname="Kaitai.SpecValidFailRangeInt" runstate="Runnable" seed="944801634" result="Passed" start-time="2021-11-18 00:07:10Z" end-time="2021-11-18 00:07:10Z" duration="0.000742" asserts="1" />
      </test-suite>
      <test-suite type="TestFixture" id="0-1406" name="SpecValidFailRangeStr" fullname="Kaitai.SpecValidFailRangeStr" classname="Kaitai.SpecValidFailRangeStr" runstate="Runnable" testcasecount="1" result="Passed" start-time="2021-11-18 00:07:10Z" end-time="2021-11-18 00:07:10Z" duration="0.003123" total="1" passed="1" failed="0" inconclusive="0" skipped="0" asserts="1">
        <test-case id="0-1407" name="TestValidFailRangeStr" fullname="Kaitai.SpecValidFailRangeStr.TestValidFailRangeStr" methodname="TestValidFailRangeStr" classname="Kaitai.SpecValidFailRangeStr" runstate="Runnable" seed="1039141444" result="Passed" start-time="2021-11-18 00:07:10Z" end-time="2021-11-18 00:07:10Z" duration="0.000623" asserts="1" />
      </test-suite>
      <test-suite type="TestFixture" id="0-1408" name="SpecValidLong" fullname="Kaitai.SpecValidLong" classname="Kaitai.SpecValidLong" runstate="Runnable" testcasecount="1" result="Passed" start-time="2021-11-18 00:07:10Z" end-time="2021-11-18 00:07:10Z" duration="0.003800" total="1" passed="1" failed="0" inconclusive="0" skipped="0" asserts="0">
        <test-case id="0-1409" name="TestValidLong" fullname="Kaitai.SpecValidLong.TestValidLong" methodname="TestValidLong" classname="Kaitai.SpecValidLong" runstate="Runnable" seed="284569130" result="Passed" start-time="2021-11-18 00:07:10Z" end-time="2021-11-18 00:07:10Z" duration="0.000989" asserts="0" />
      </test-suite>
      <test-suite type="TestFixture" id="0-1410" name="SpecValidNotParsedIf" fullname="Kaitai.SpecValidNotParsedIf" classname="Kaitai.SpecValidNotParsedIf" runstate="Runnable" testcasecount="1" result="Passed" start-time="2021-11-18 00:07:10Z" end-time="2021-11-18 00:07:10Z" duration="0.003353" total="1" passed="1" failed="0" inconclusive="0" skipped="0" asserts="0">
        <test-case id="0-1411" name="TestValidNotParsedIf" fullname="Kaitai.SpecValidNotParsedIf.TestValidNotParsedIf" methodname="TestValidNotParsedIf" classname="Kaitai.SpecValidNotParsedIf" runstate="Runnable" seed="1117545540" result="Passed" start-time="2021-11-18 00:07:10Z" end-time="2021-11-18 00:07:10Z" duration="0.000772" asserts="0" />
      </test-suite>
      <test-suite type="TestFixture" id="0-1412" name="SpecValidShort" fullname="Kaitai.SpecValidShort" classname="Kaitai.SpecValidShort" runstate="Runnable" testcasecount="1" result="Passed" start-time="2021-11-18 00:07:10Z" end-time="2021-11-18 00:07:10Z" duration="0.003618" total="1" passed="1" failed="0" inconclusive="0" skipped="0" asserts="0">
        <test-case id="0-1413" name="TestValidShort" fullname="Kaitai.SpecValidShort.TestValidShort" methodname="TestValidShort" classname="Kaitai.SpecValidShort" runstate="Runnable" seed="660282284" result="Passed" start-time="2021-11-18 00:07:10Z" end-time="2021-11-18 00:07:10Z" duration="0.001184" asserts="0" />
      </test-suite>
      <test-suite type="TestFixture" id="0-1414" name="SpecValidSwitch" fullname="Kaitai.SpecValidSwitch" classname="Kaitai.SpecValidSwitch" runstate="Runnable" testcasecount="1" result="Passed" start-time="2021-11-18 00:07:10Z" end-time="2021-11-18 00:07:10Z" duration="0.003121" total="1" passed="1" failed="0" inconclusive="0" skipped="0" asserts="0">
        <test-case id="0-1415" name="TestValidSwitch" fullname="Kaitai.SpecValidSwitch.TestValidSwitch" methodname="TestValidSwitch" classname="Kaitai.SpecValidSwitch" runstate="Runnable" seed="1016657580" result="Passed" start-time="2021-11-18 00:07:10Z" end-time="2021-11-18 00:07:10Z" duration="0.000468" asserts="0" />
      </test-suite>
      <test-suite type="TestFixture" id="0-1416" name="SpecZlibSurrounded" fullname="Kaitai.SpecZlibSurrounded" classname="Kaitai.SpecZlibSurrounded" runstate="Runnable" testcasecount="1" result="Passed" start-time="2021-11-18 00:07:10Z" end-time="2021-11-18 00:07:10Z" duration="0.008547" total="1" passed="1" failed="0" inconclusive="0" skipped="0" asserts="1">
        <test-case id="0-1417" name="TestZlibSurrounded" fullname="Kaitai.SpecZlibSurrounded.TestZlibSurrounded" methodname="TestZlibSurrounded" classname="Kaitai.SpecZlibSurrounded" runstate="Runnable" seed="962035240" result="Passed" start-time="2021-11-18 00:07:10Z" end-time="2021-11-18 00:07:10Z" duration="0.005956" asserts="1" />
      </test-suite>
      <test-suite type="TestFixture" id="0-1418" name="SpecZlibWithHeader78" fullname="Kaitai.SpecZlibWithHeader78" classname="Kaitai.SpecZlibWithHeader78" runstate="Runnable" testcasecount="1" result="Passed" start-time="2021-11-18 00:07:10Z" end-time="2021-11-18 00:07:10Z" duration="0.004386" total="1" passed="1" failed="0" inconclusive="0" skipped="0" asserts="1">
        <test-case id="0-1419" name="TestZlibWithHeader78" fullname="Kaitai.SpecZlibWithHeader78.TestZlibWithHeader78" methodname="TestZlibWithHeader78" classname="Kaitai.SpecZlibWithHeader78" runstate="Runnable" seed="810342182" result="Passed" start-time="2021-11-18 00:07:10Z" end-time="2021-11-18 00:07:10Z" duration="0.001101" asserts="1" />
      </test-suite>
    </test-suite>
  </test-suite>
</test-run>