<?xml version="1.0" encoding="utf-8" standalone="no"?>
<test-run id="2" testcasecount="178" result="Passed" total="178" passed="178" failed="0" inconclusive="0" skipped="0" asserts="830" engine-version="3.4.1.0" clr-version="4.0.30319.42000" start-time="2020-03-31 09:05:47Z" end-time="2020-03-31 09:05:49Z" duration="2.202784">
  <command-line><![CDATA[spec/csharp/packages/NUnit.ConsoleRunner.3.4.1/tools/nunit3-console.exe --result=test_out/csharp/TestResult.xml spec/csharp/kaitai_struct_csharp_tests/bin/Debug/kaitai_struct_csharp_tests.dll]]></command-line>
  <test-suite type="Assembly" id="0-1356" name="kaitai_struct_csharp_tests.dll" fullname="C:\projects\ci-targets\tests\spec\csharp\kaitai_struct_csharp_tests\bin\Debug\kaitai_struct_csharp_tests.dll" runstate="Runnable" testcasecount="178" result="Passed" start-time="2020-03-31 09:05:47Z" end-time="2020-03-31 09:05:49Z" duration="2.055366" total="178" passed="178" failed="0" inconclusive="0" skipped="0" asserts="830">
    <environment framework-version="3.4.1.0" clr-version="4.0.30319.42000" os-version="Microsoft Windows NT 10.0.14393.0" platform="Win32NT" cwd="C:\projects\ci-targets\tests" machine-name="APPVYR-WIN" user="appveyor" user-domain="APPVYR-WIN" culture="en-US" uiculture="en-US" os-architecture="x64" />
    <settings>
      <setting name="WorkDirectory" value="C:\projects\ci-targets\tests" />
      <setting name="ImageRuntimeVersion" value="4.0.30319" />
      <setting name="ImageTargetFrameworkName" value=".NETFramework,Version=v4.5" />
      <setting name="ImageRequiresX86" value="False" />
      <setting name="ImageRequiresDefaultAppDomainAssemblyResolver" value="False" />
      <setting name="NumberOfTestWorkers" value="2" />
    </settings>
    <properties>
      <property name="_PID" value="464" />
      <property name="_APPDOMAIN" value="test-domain-" />
    </properties>
    <test-suite type="TestSuite" id="0-1357" name="Kaitai" fullname="Kaitai" runstate="Runnable" testcasecount="178" result="Passed" start-time="2020-03-31 09:05:47Z" end-time="2020-03-31 09:05:49Z" duration="2.030083" total="178" passed="178" failed="0" inconclusive="0" skipped="0" asserts="830">
      <test-suite type="TestFixture" id="0-1000" name="SpecBcdUserTypeBe" fullname="Kaitai.SpecBcdUserTypeBe" classname="Kaitai.SpecBcdUserTypeBe" runstate="Runnable" testcasecount="1" result="Passed" start-time="2020-03-31 09:05:47Z" end-time="2020-03-31 09:05:47Z" duration="0.062540" total="1" passed="1" failed="0" inconclusive="0" skipped="0" asserts="6">
        <test-case id="0-1001" name="TestBcdUserTypeBe" fullname="Kaitai.SpecBcdUserTypeBe.TestBcdUserTypeBe" methodname="TestBcdUserTypeBe" classname="Kaitai.SpecBcdUserTypeBe" runstate="Runnable" seed="487256539" result="Passed" start-time="2020-03-31 09:05:47Z" end-time="2020-03-31 09:05:47Z" duration="0.044304" asserts="6" />
      </test-suite>
      <test-suite type="TestFixture" id="0-1002" name="SpecBcdUserTypeLe" fullname="Kaitai.SpecBcdUserTypeLe" classname="Kaitai.SpecBcdUserTypeLe" runstate="Runnable" testcasecount="1" result="Passed" start-time="2020-03-31 09:05:47Z" end-time="2020-03-31 09:05:47Z" duration="0.013155" total="1" passed="1" failed="0" inconclusive="0" skipped="0" asserts="6">
        <test-case id="0-1003" name="TestBcdUserTypeLe" fullname="Kaitai.SpecBcdUserTypeLe.TestBcdUserTypeLe" methodname="TestBcdUserTypeLe" classname="Kaitai.SpecBcdUserTypeLe" runstate="Runnable" seed="42353960" result="Passed" start-time="2020-03-31 09:05:47Z" end-time="2020-03-31 09:05:47Z" duration="0.009590" asserts="6" />
      </test-suite>
      <test-suite type="TestFixture" id="0-1004" name="SpecBitsByteAligned" fullname="Kaitai.SpecBitsByteAligned" classname="Kaitai.SpecBitsByteAligned" runstate="Runnable" testcasecount="1" result="Passed" start-time="2020-03-31 09:05:47Z" end-time="2020-03-31 09:05:47Z" duration="0.012048" total="1" passed="1" failed="0" inconclusive="0" skipped="0" asserts="9">
        <test-case id="0-1005" name="TestBitsByteAligned" fullname="Kaitai.SpecBitsByteAligned.TestBitsByteAligned" methodname="TestBitsByteAligned" classname="Kaitai.SpecBitsByteAligned" runstate="Runnable" seed="1991633333" result="Passed" start-time="2020-03-31 09:05:47Z" end-time="2020-03-31 09:05:47Z" duration="0.008696" asserts="9" />
      </test-suite>
      <test-suite type="TestFixture" id="0-1006" name="SpecBitsEnum" fullname="Kaitai.SpecBitsEnum" classname="Kaitai.SpecBitsEnum" runstate="Runnable" testcasecount="1" result="Passed" start-time="2020-03-31 09:05:47Z" end-time="2020-03-31 09:05:47Z" duration="0.005012" total="1" passed="1" failed="0" inconclusive="0" skipped="0" asserts="3">
        <test-case id="0-1007" name="TestBitsEnum" fullname="Kaitai.SpecBitsEnum.TestBitsEnum" methodname="TestBitsEnum" classname="Kaitai.SpecBitsEnum" runstate="Runnable" seed="36881810" result="Passed" start-time="2020-03-31 09:05:47Z" end-time="2020-03-31 09:05:47Z" duration="0.001400" asserts="3" />
      </test-suite>
      <test-suite type="TestFixture" id="0-1008" name="SpecBitsSimple" fullname="Kaitai.SpecBitsSimple" classname="Kaitai.SpecBitsSimple" runstate="Runnable" testcasecount="1" result="Passed" start-time="2020-03-31 09:05:47Z" end-time="2020-03-31 09:05:47Z" duration="0.006990" total="1" passed="1" failed="0" inconclusive="0" skipped="0" asserts="14">
        <test-case id="0-1009" name="TestBitsSimple" fullname="Kaitai.SpecBitsSimple.TestBitsSimple" methodname="TestBitsSimple" classname="Kaitai.SpecBitsSimple" runstate="Runnable" seed="321191625" result="Passed" start-time="2020-03-31 09:05:47Z" end-time="2020-03-31 09:05:47Z" duration="0.003676" asserts="14" />
      </test-suite>
      <test-suite type="TestFixture" id="0-1010" name="SpecBufferedStruct" fullname="Kaitai.SpecBufferedStruct" classname="Kaitai.SpecBufferedStruct" runstate="Runnable" testcasecount="1" result="Passed" start-time="2020-03-31 09:05:47Z" end-time="2020-03-31 09:05:47Z" duration="0.008025" total="1" passed="1" failed="0" inconclusive="0" skipped="0" asserts="7">
        <test-case id="0-1011" name="TestBufferedStruct" fullname="Kaitai.SpecBufferedStruct.TestBufferedStruct" methodname="TestBufferedStruct" classname="Kaitai.SpecBufferedStruct" runstate="Runnable" seed="2021725951" result="Passed" start-time="2020-03-31 09:05:47Z" end-time="2020-03-31 09:05:47Z" duration="0.004036" asserts="7" />
      </test-suite>
      <test-suite type="TestFixture" id="0-1012" name="SpecBytesPadTerm" fullname="Kaitai.SpecBytesPadTerm" classname="Kaitai.SpecBytesPadTerm" runstate="Runnable" testcasecount="1" result="Passed" start-time="2020-03-31 09:05:47Z" end-time="2020-03-31 09:05:47Z" duration="0.004707" total="1" passed="1" failed="0" inconclusive="0" skipped="0" asserts="4">
        <test-case id="0-1013" name="TestBytesPadTerm" fullname="Kaitai.SpecBytesPadTerm.TestBytesPadTerm" methodname="TestBytesPadTerm" classname="Kaitai.SpecBytesPadTerm" runstate="Runnable" seed="1158153122" result="Passed" start-time="2020-03-31 09:05:47Z" end-time="2020-03-31 09:05:47Z" duration="0.001587" asserts="4" />
      </test-suite>
      <test-suite type="TestFixture" id="0-1014" name="SpecCastNested" fullname="Kaitai.SpecCastNested" classname="Kaitai.SpecCastNested" runstate="Runnable" testcasecount="1" result="Passed" start-time="2020-03-31 09:05:47Z" end-time="2020-03-31 09:05:47Z" duration="0.009047" total="1" passed="1" failed="0" inconclusive="0" skipped="0" asserts="4">
        <test-case id="0-1015" name="TestCastNested" fullname="Kaitai.SpecCastNested.TestCastNested" methodname="TestCastNested" classname="Kaitai.SpecCastNested" runstate="Runnable" seed="1647489775" result="Passed" start-time="2020-03-31 09:05:47Z" end-time="2020-03-31 09:05:47Z" duration="0.005251" asserts="4" />
      </test-suite>
      <test-suite type="TestFixture" id="0-1016" name="SpecCastToImported" fullname="Kaitai.SpecCastToImported" classname="Kaitai.SpecCastToImported" runstate="Runnable" testcasecount="1" result="Passed" start-time="2020-03-31 09:05:47Z" end-time="2020-03-31 09:05:47Z" duration="0.005028" total="1" passed="1" failed="0" inconclusive="0" skipped="0" asserts="2">
        <test-case id="0-1017" name="TestCastToImported" fullname="Kaitai.SpecCastToImported.TestCastToImported" methodname="TestCastToImported" classname="Kaitai.SpecCastToImported" runstate="Runnable" seed="209874100" result="Passed" start-time="2020-03-31 09:05:47Z" end-time="2020-03-31 09:05:47Z" duration="0.001399" asserts="2" />
      </test-suite>
      <test-suite type="TestFixture" id="0-1018" name="SpecCastToTop" fullname="Kaitai.SpecCastToTop" classname="Kaitai.SpecCastToTop" runstate="Runnable" testcasecount="1" result="Passed" start-time="2020-03-31 09:05:47Z" end-time="2020-03-31 09:05:47Z" duration="0.005026" total="1" passed="1" failed="0" inconclusive="0" skipped="0" asserts="3">
        <test-case id="0-1019" name="TestCastToTop" fullname="Kaitai.SpecCastToTop.TestCastToTop" methodname="TestCastToTop" classname="Kaitai.SpecCastToTop" runstate="Runnable" seed="795341830" result="Passed" start-time="2020-03-31 09:05:47Z" end-time="2020-03-31 09:05:47Z" duration="0.001412" asserts="3" />
      </test-suite>
      <test-suite type="TestFixture" id="0-1020" name="SpecDebug0" fullname="Kaitai.SpecDebug0" classname="Kaitai.SpecDebug0" runstate="Runnable" testcasecount="1" result="Passed" start-time="2020-03-31 09:05:47Z" end-time="2020-03-31 09:05:47Z" duration="0.004001" total="1" passed="1" failed="0" inconclusive="0" skipped="0" asserts="0">
        <test-case id="0-1021" name="TestDebug0" fullname="Kaitai.SpecDebug0.TestDebug0" methodname="TestDebug0" classname="Kaitai.SpecDebug0" runstate="Runnable" seed="2021069268" result="Passed" start-time="2020-03-31 09:05:47Z" end-time="2020-03-31 09:05:47Z" duration="0.000113" asserts="0" />
      </test-suite>
      <test-suite type="TestFixture" id="0-1022" name="SpecDebugArrayUser" fullname="Kaitai.SpecDebugArrayUser" classname="Kaitai.SpecDebugArrayUser" runstate="Runnable" testcasecount="1" result="Passed" start-time="2020-03-31 09:05:47Z" end-time="2020-03-31 09:05:47Z" duration="0.005065" total="1" passed="1" failed="0" inconclusive="0" skipped="0" asserts="4">
        <test-case id="0-1023" name="TestDebugArrayUser" fullname="Kaitai.SpecDebugArrayUser.TestDebugArrayUser" methodname="TestDebugArrayUser" classname="Kaitai.SpecDebugArrayUser" runstate="Runnable" seed="676460104" result="Passed" start-time="2020-03-31 09:05:47Z" end-time="2020-03-31 09:05:47Z" duration="0.001510" asserts="4" />
      </test-suite>
      <test-suite type="TestFixture" id="0-1024" name="SpecDebugEnumName" fullname="Kaitai.SpecDebugEnumName" classname="Kaitai.SpecDebugEnumName" runstate="Runnable" testcasecount="1" result="Passed" start-time="2020-03-31 09:05:47Z" end-time="2020-03-31 09:05:47Z" duration="0.004013" total="1" passed="1" failed="0" inconclusive="0" skipped="0" asserts="0">
        <test-case id="0-1025" name="TestDebugEnumName" fullname="Kaitai.SpecDebugEnumName.TestDebugEnumName" methodname="TestDebugEnumName" classname="Kaitai.SpecDebugEnumName" runstate="Runnable" seed="2055126237" result="Passed" start-time="2020-03-31 09:05:47Z" end-time="2020-03-31 09:05:47Z" duration="0.000112" asserts="0" />
      </test-suite>
      <test-suite type="TestFixture" id="0-1026" name="SpecDebugSwitchUser" fullname="Kaitai.SpecDebugSwitchUser" classname="Kaitai.SpecDebugSwitchUser" runstate="Runnable" testcasecount="1" result="Passed" start-time="2020-03-31 09:05:47Z" end-time="2020-03-31 09:05:47Z" duration="0.005992" total="1" passed="1" failed="0" inconclusive="0" skipped="0" asserts="2">
        <test-case id="0-1027" name="TestDebugSwitchUser" fullname="Kaitai.SpecDebugSwitchUser.TestDebugSwitchUser" methodname="TestDebugSwitchUser" classname="Kaitai.SpecDebugSwitchUser" runstate="Runnable" seed="2056143630" result="Passed" start-time="2020-03-31 09:05:47Z" end-time="2020-03-31 09:05:47Z" duration="0.002404" asserts="2" />
      </test-suite>
      <test-suite type="TestFixture" id="0-1028" name="SpecDefaultBigEndian" fullname="Kaitai.SpecDefaultBigEndian" classname="Kaitai.SpecDefaultBigEndian" runstate="Runnable" testcasecount="1" result="Passed" start-time="2020-03-31 09:05:47Z" end-time="2020-03-31 09:05:47Z" duration="0.005009" total="1" passed="1" failed="0" inconclusive="0" skipped="0" asserts="1">
        <test-case id="0-1029" name="TestDefaultBigEndian" fullname="Kaitai.SpecDefaultBigEndian.TestDefaultBigEndian" methodname="TestDefaultBigEndian" classname="Kaitai.SpecDefaultBigEndian" runstate="Runnable" seed="1604711127" result="Passed" start-time="2020-03-31 09:05:47Z" end-time="2020-03-31 09:05:47Z" duration="0.001648" asserts="1" />
      </test-suite>
      <test-suite type="TestFixture" id="0-1030" name="SpecDefaultEndianExprException" fullname="Kaitai.SpecDefaultEndianExprException" classname="Kaitai.SpecDefaultEndianExprException" runstate="Runnable" testcasecount="1" result="Passed" start-time="2020-03-31 09:05:47Z" end-time="2020-03-31 09:05:47Z" duration="0.019011" total="1" passed="1" failed="0" inconclusive="0" skipped="0" asserts="1">
        <test-case id="0-1031" name="TestDefaultEndianExprException" fullname="Kaitai.SpecDefaultEndianExprException.TestDefaultEndianExprException" methodname="TestDefaultEndianExprException" classname="Kaitai.SpecDefaultEndianExprException" runstate="Runnable" seed="1466860410" result="Passed" start-time="2020-03-31 09:05:47Z" end-time="2020-03-31 09:05:47Z" duration="0.015327" asserts="1" />
      </test-suite>
      <test-suite type="TestFixture" id="0-1032" name="SpecDefaultEndianExprInherited" fullname="Kaitai.SpecDefaultEndianExprInherited" classname="Kaitai.SpecDefaultEndianExprInherited" runstate="Runnable" testcasecount="1" result="Passed" start-time="2020-03-31 09:05:47Z" end-time="2020-03-31 09:05:47Z" duration="0.013612" total="1" passed="1" failed="0" inconclusive="0" skipped="0" asserts="15">
        <test-case id="0-1033" name="TestDefaultEndianExprInherited" fullname="Kaitai.SpecDefaultEndianExprInherited.TestDefaultEndianExprInherited" methodname="TestDefaultEndianExprInherited" classname="Kaitai.SpecDefaultEndianExprInherited" runstate="Runnable" seed="1360847644" result="Passed" start-time="2020-03-31 09:05:47Z" end-time="2020-03-31 09:05:47Z" duration="0.005798" asserts="15" />
      </test-suite>
      <test-suite type="TestFixture" id="0-1034" name="SpecDefaultEndianExprIsBe" fullname="Kaitai.SpecDefaultEndianExprIsBe" classname="Kaitai.SpecDefaultEndianExprIsBe" runstate="Runnable" testcasecount="1" result="Passed" start-time="2020-03-31 09:05:47Z" end-time="2020-03-31 09:05:47Z" duration="0.010994" total="1" passed="1" failed="0" inconclusive="0" skipped="0" asserts="18">
        <test-case id="0-1035" name="TestDefaultEndianExprIsBe" fullname="Kaitai.SpecDefaultEndianExprIsBe.TestDefaultEndianExprIsBe" methodname="TestDefaultEndianExprIsBe" classname="Kaitai.SpecDefaultEndianExprIsBe" runstate="Runnable" seed="1017579693" result="Passed" start-time="2020-03-31 09:05:47Z" end-time="2020-03-31 09:05:47Z" duration="0.007029" asserts="18" />
      </test-suite>
      <test-suite type="TestFixture" id="0-1036" name="SpecDefaultEndianExprIsLe" fullname="Kaitai.SpecDefaultEndianExprIsLe" classname="Kaitai.SpecDefaultEndianExprIsLe" runstate="Runnable" testcasecount="1" result="Passed" start-time="2020-03-31 09:05:47Z" end-time="2020-03-31 09:05:47Z" duration="0.007009" total="1" passed="1" failed="0" inconclusive="0" skipped="0" asserts="12">
        <test-case id="0-1037" name="TestDefaultEndianExprIsLe" fullname="Kaitai.SpecDefaultEndianExprIsLe.TestDefaultEndianExprIsLe" methodname="TestDefaultEndianExprIsLe" classname="Kaitai.SpecDefaultEndianExprIsLe" runstate="Runnable" seed="2009198608" result="Passed" start-time="2020-03-31 09:05:47Z" end-time="2020-03-31 09:05:47Z" duration="0.003005" asserts="12" />
      </test-suite>
      <test-suite type="TestFixture" id="0-1038" name="SpecDefaultEndianMod" fullname="Kaitai.SpecDefaultEndianMod" classname="Kaitai.SpecDefaultEndianMod" runstate="Runnable" testcasecount="1" result="Passed" start-time="2020-03-31 09:05:47Z" end-time="2020-03-31 09:05:47Z" duration="0.005718" total="1" passed="1" failed="0" inconclusive="0" skipped="0" asserts="3">
        <test-case id="0-1039" name="TestDefaultEndianMod" fullname="Kaitai.SpecDefaultEndianMod.TestDefaultEndianMod" methodname="TestDefaultEndianMod" classname="Kaitai.SpecDefaultEndianMod" runstate="Runnable" seed="1519466439" result="Passed" start-time="2020-03-31 09:05:47Z" end-time="2020-03-31 09:05:47Z" duration="0.002386" asserts="3" />
      </test-suite>
      <test-suite type="TestFixture" id="0-1040" name="SpecDocstrings" fullname="Kaitai.SpecDocstrings" classname="Kaitai.SpecDocstrings" runstate="Runnable" testcasecount="1" result="Passed" start-time="2020-03-31 09:05:47Z" end-time="2020-03-31 09:05:47Z" duration="0.007075" total="1" passed="1" failed="0" inconclusive="0" skipped="0" asserts="0">
        <test-case id="0-1041" name="TestDocstrings" fullname="Kaitai.SpecDocstrings.TestDocstrings" methodname="TestDocstrings" classname="Kaitai.SpecDocstrings" runstate="Runnable" seed="1017254583" result="Passed" start-time="2020-03-31 09:05:47Z" end-time="2020-03-31 09:05:47Z" duration="0.000821" asserts="0" />
      </test-suite>
      <test-suite type="TestFixture" id="0-1042" name="SpecDocstringsDocref" fullname="Kaitai.SpecDocstringsDocref" classname="Kaitai.SpecDocstringsDocref" runstate="Runnable" testcasecount="1" result="Passed" start-time="2020-03-31 09:05:47Z" end-time="2020-03-31 09:05:47Z" duration="0.004029" total="1" passed="1" failed="0" inconclusive="0" skipped="0" asserts="0">
        <test-case id="0-1043" name="TestDocstringsDocref" fullname="Kaitai.SpecDocstringsDocref.TestDocstringsDocref" methodname="TestDocstringsDocref" classname="Kaitai.SpecDocstringsDocref" runstate="Runnable" seed="2008405670" result="Passed" start-time="2020-03-31 09:05:47Z" end-time="2020-03-31 09:05:47Z" duration="0.000704" asserts="0" />
      </test-suite>
      <test-suite type="TestFixture" id="0-1044" name="SpecDocstringsDocrefMulti" fullname="Kaitai.SpecDocstringsDocrefMulti" classname="Kaitai.SpecDocstringsDocrefMulti" runstate="Runnable" testcasecount="1" result="Passed" start-time="2020-03-31 09:05:47Z" end-time="2020-03-31 09:05:47Z" duration="0.004002" total="1" passed="1" failed="0" inconclusive="0" skipped="0" asserts="0">
        <test-case id="0-1045" name="TestDocstringsDocrefMulti" fullname="Kaitai.SpecDocstringsDocrefMulti.TestDocstringsDocrefMulti" methodname="TestDocstringsDocrefMulti" classname="Kaitai.SpecDocstringsDocrefMulti" runstate="Runnable" seed="1255569359" result="Passed" start-time="2020-03-31 09:05:47Z" end-time="2020-03-31 09:05:47Z" duration="0.000530" asserts="0" />
      </test-suite>
      <test-suite type="TestFixture" id="0-1046" name="SpecEnum0" fullname="Kaitai.SpecEnum0" classname="Kaitai.SpecEnum0" runstate="Runnable" testcasecount="1" result="Passed" start-time="2020-03-31 09:05:47Z" end-time="2020-03-31 09:05:47Z" duration="0.003992" total="1" passed="1" failed="0" inconclusive="0" skipped="0" asserts="2">
        <test-case id="0-1047" name="TestEnum0" fullname="Kaitai.SpecEnum0.TestEnum0" methodname="TestEnum0" classname="Kaitai.SpecEnum0" runstate="Runnable" seed="1470763878" result="Passed" start-time="2020-03-31 09:05:47Z" end-time="2020-03-31 09:05:47Z" duration="0.000929" asserts="2" />
      </test-suite>
      <test-suite type="TestFixture" id="0-1048" name="SpecEnum1" fullname="Kaitai.SpecEnum1" classname="Kaitai.SpecEnum1" runstate="Runnable" testcasecount="1" result="Passed" start-time="2020-03-31 09:05:47Z" end-time="2020-03-31 09:05:47Z" duration="0.005053" total="1" passed="1" failed="0" inconclusive="0" skipped="0" asserts="2">
        <test-case id="0-1049" name="TestEnum1" fullname="Kaitai.SpecEnum1.TestEnum1" methodname="TestEnum1" classname="Kaitai.SpecEnum1" runstate="Runnable" seed="1799663059" result="Passed" start-time="2020-03-31 09:05:47Z" end-time="2020-03-31 09:05:47Z" duration="0.001491" asserts="2" />
      </test-suite>
      <test-suite type="TestFixture" id="0-1050" name="SpecEnumDeep" fullname="Kaitai.SpecEnumDeep" classname="Kaitai.SpecEnumDeep" runstate="Runnable" testcasecount="1" result="Passed" start-time="2020-03-31 09:05:47Z" end-time="2020-03-31 09:05:47Z" duration="0.004021" total="1" passed="1" failed="0" inconclusive="0" skipped="0" asserts="2">
        <test-case id="0-1051" name="TestEnumDeep" fullname="Kaitai.SpecEnumDeep.TestEnumDeep" methodname="TestEnumDeep" classname="Kaitai.SpecEnumDeep" runstate="Runnable" seed="59741114" result="Passed" start-time="2020-03-31 09:05:47Z" end-time="2020-03-31 09:05:47Z" duration="0.000965" asserts="2" />
      </test-suite>
      <test-suite type="TestFixture" id="0-1052" name="SpecEnumDeepLiterals" fullname="Kaitai.SpecEnumDeepLiterals" classname="Kaitai.SpecEnumDeepLiterals" runstate="Runnable" testcasecount="1" result="Passed" start-time="2020-03-31 09:05:47Z" end-time="2020-03-31 09:05:47Z" duration="0.004374" total="1" passed="1" failed="0" inconclusive="0" skipped="0" asserts="2">
        <test-case id="0-1053" name="TestEnumDeepLiterals" fullname="Kaitai.SpecEnumDeepLiterals.TestEnumDeepLiterals" methodname="TestEnumDeepLiterals" classname="Kaitai.SpecEnumDeepLiterals" runstate="Runnable" seed="2132282982" result="Passed" start-time="2020-03-31 09:05:47Z" end-time="2020-03-31 09:05:47Z" duration="0.001283" asserts="2" />
      </test-suite>
      <test-suite type="TestFixture" id="0-1054" name="SpecEnumFancy" fullname="Kaitai.SpecEnumFancy" classname="Kaitai.SpecEnumFancy" runstate="Runnable" testcasecount="1" result="Passed" start-time="2020-03-31 09:05:47Z" end-time="2020-03-31 09:05:47Z" duration="0.005078" total="1" passed="1" failed="0" inconclusive="0" skipped="0" asserts="2">
        <test-case id="0-1055" name="TestEnumFancy" fullname="Kaitai.SpecEnumFancy.TestEnumFancy" methodname="TestEnumFancy" classname="Kaitai.SpecEnumFancy" runstate="Runnable" seed="1852178599" result="Passed" start-time="2020-03-31 09:05:47Z" end-time="2020-03-31 09:05:47Z" duration="0.001182" asserts="2" />
      </test-suite>
      <test-suite type="TestFixture" id="0-1056" name="SpecEnumForUnknownId" fullname="Kaitai.SpecEnumForUnknownId" classname="Kaitai.SpecEnumForUnknownId" runstate="Runnable" testcasecount="1" result="Passed" start-time="2020-03-31 09:05:47Z" end-time="2020-03-31 09:05:47Z" duration="0.005018" total="1" passed="1" failed="0" inconclusive="0" skipped="0" asserts="1">
        <test-case id="0-1057" name="TestEnumForUnknownId" fullname="Kaitai.SpecEnumForUnknownId.TestEnumForUnknownId" methodname="TestEnumForUnknownId" classname="Kaitai.SpecEnumForUnknownId" runstate="Runnable" seed="1416634732" result="Passed" start-time="2020-03-31 09:05:47Z" end-time="2020-03-31 09:05:47Z" duration="0.001071" asserts="1" />
      </test-suite>
      <test-suite type="TestFixture" id="0-1058" name="SpecEnumIf" fullname="Kaitai.SpecEnumIf" classname="Kaitai.SpecEnumIf" runstate="Runnable" testcasecount="1" result="Passed" start-time="2020-03-31 09:05:47Z" end-time="2020-03-31 09:05:47Z" duration="0.007008" total="1" passed="1" failed="0" inconclusive="0" skipped="0" asserts="7">
        <test-case id="0-1059" name="TestEnumIf" fullname="Kaitai.SpecEnumIf.TestEnumIf" methodname="TestEnumIf" classname="Kaitai.SpecEnumIf" runstate="Runnable" seed="1329491811" result="Passed" start-time="2020-03-31 09:05:47Z" end-time="2020-03-31 09:05:47Z" duration="0.003437" asserts="7" />
      </test-suite>
      <test-suite type="TestFixture" id="0-1060" name="SpecEnumImport" fullname="Kaitai.SpecEnumImport" classname="Kaitai.SpecEnumImport" runstate="Runnable" testcasecount="1" result="Passed" start-time="2020-03-31 09:05:47Z" end-time="2020-03-31 09:05:47Z" duration="0.004979" total="1" passed="1" failed="0" inconclusive="0" skipped="0" asserts="2">
        <test-case id="0-1061" name="TestEnumImport" fullname="Kaitai.SpecEnumImport.TestEnumImport" methodname="TestEnumImport" classname="Kaitai.SpecEnumImport" runstate="Runnable" seed="46760519" result="Passed" start-time="2020-03-31 09:05:47Z" end-time="2020-03-31 09:05:47Z" duration="0.000998" asserts="2" />
      </test-suite>
      <test-suite type="TestFixture" id="0-1062" name="SpecEnumIntRangeS" fullname="Kaitai.SpecEnumIntRangeS" classname="Kaitai.SpecEnumIntRangeS" runstate="Runnable" testcasecount="1" result="Passed" start-time="2020-03-31 09:05:47Z" end-time="2020-03-31 09:05:47Z" duration="0.004989" total="1" passed="1" failed="0" inconclusive="0" skipped="0" asserts="3">
        <test-case id="0-1063" name="TestEnumIntRangeS" fullname="Kaitai.SpecEnumIntRangeS.TestEnumIntRangeS" methodname="TestEnumIntRangeS" classname="Kaitai.SpecEnumIntRangeS" runstate="Runnable" seed="1879357490" result="Passed" start-time="2020-03-31 09:05:47Z" end-time="2020-03-31 09:05:47Z" duration="0.001005" asserts="3" />
      </test-suite>
      <test-suite type="TestFixture" id="0-1064" name="SpecEnumNegative" fullname="Kaitai.SpecEnumNegative" classname="Kaitai.SpecEnumNegative" runstate="Runnable" testcasecount="1" result="Passed" start-time="2020-03-31 09:05:47Z" end-time="2020-03-31 09:05:47Z" duration="0.004997" total="1" passed="1" failed="0" inconclusive="0" skipped="0" asserts="2">
        <test-case id="0-1065" name="TestEnumNegative" fullname="Kaitai.SpecEnumNegative.TestEnumNegative" methodname="TestEnumNegative" classname="Kaitai.SpecEnumNegative" runstate="Runnable" seed="289577199" result="Passed" start-time="2020-03-31 09:05:47Z" end-time="2020-03-31 09:05:47Z" duration="0.001686" asserts="2" />
      </test-suite>
      <test-suite type="TestFixture" id="0-1066" name="SpecEnumOfValueInst" fullname="Kaitai.SpecEnumOfValueInst" classname="Kaitai.SpecEnumOfValueInst" runstate="Runnable" testcasecount="1" result="Passed" start-time="2020-03-31 09:05:47Z" end-time="2020-03-31 09:05:47Z" duration="0.005053" total="1" passed="1" failed="0" inconclusive="0" skipped="0" asserts="4">
        <test-case id="0-1067" name="TestEnumOfValueInst" fullname="Kaitai.SpecEnumOfValueInst.TestEnumOfValueInst" methodname="TestEnumOfValueInst" classname="Kaitai.SpecEnumOfValueInst" runstate="Runnable" seed="1499902761" result="Passed" start-time="2020-03-31 09:05:47Z" end-time="2020-03-31 09:05:47Z" duration="0.001186" asserts="4" />
      </test-suite>
      <test-suite type="TestFixture" id="0-1068" name="SpecEnumToI" fullname="Kaitai.SpecEnumToI" classname="Kaitai.SpecEnumToI" runstate="Runnable" testcasecount="1" result="Passed" start-time="2020-03-31 09:05:47Z" end-time="2020-03-31 09:05:47Z" duration="0.005011" total="1" passed="1" failed="0" inconclusive="0" skipped="0" asserts="5">
        <test-case id="0-1069" name="TestEnumToI" fullname="Kaitai.SpecEnumToI.TestEnumToI" methodname="TestEnumToI" classname="Kaitai.SpecEnumToI" runstate="Runnable" seed="1794871858" result="Passed" start-time="2020-03-31 09:05:47Z" end-time="2020-03-31 09:05:47Z" duration="0.001448" asserts="5" />
      </test-suite>
      <test-suite type="TestFixture" id="0-1070" name="SpecEofExceptionBytes" fullname="Kaitai.SpecEofExceptionBytes" classname="Kaitai.SpecEofExceptionBytes" runstate="Runnable" testcasecount="1" result="Passed" start-time="2020-03-31 09:05:47Z" end-time="2020-03-31 09:05:47Z" duration="0.005011" total="1" passed="1" failed="0" inconclusive="0" skipped="0" asserts="1">
        <test-case id="0-1071" name="TestEofExceptionBytes" fullname="Kaitai.SpecEofExceptionBytes.TestEofExceptionBytes" methodname="TestEofExceptionBytes" classname="Kaitai.SpecEofExceptionBytes" runstate="Runnable" seed="1159548424" result="Passed" start-time="2020-03-31 09:05:47Z" end-time="2020-03-31 09:05:47Z" duration="0.001338" asserts="1" />
      </test-suite>
      <test-suite type="TestFixture" id="0-1072" name="SpecEofExceptionU4" fullname="Kaitai.SpecEofExceptionU4" classname="Kaitai.SpecEofExceptionU4" runstate="Runnable" testcasecount="1" result="Passed" start-time="2020-03-31 09:05:47Z" end-time="2020-03-31 09:05:47Z" duration="0.005102" total="1" passed="1" failed="0" inconclusive="0" skipped="0" asserts="1">
        <test-case id="0-1073" name="TestEofExceptionU4" fullname="Kaitai.SpecEofExceptionU4.TestEofExceptionU4" methodname="TestEofExceptionU4" classname="Kaitai.SpecEofExceptionU4" runstate="Runnable" seed="429584579" result="Passed" start-time="2020-03-31 09:05:47Z" end-time="2020-03-31 09:05:47Z" duration="0.001247" asserts="1" />
      </test-suite>
      <test-suite type="TestFixture" id="0-1074" name="SpecEosExceptionBytes" fullname="Kaitai.SpecEosExceptionBytes" classname="Kaitai.SpecEosExceptionBytes" runstate="Runnable" testcasecount="1" result="Passed" start-time="2020-03-31 09:05:47Z" end-time="2020-03-31 09:05:47Z" duration="0.004994" total="1" passed="1" failed="0" inconclusive="0" skipped="0" asserts="1">
        <test-case id="0-1075" name="TestEosExceptionBytes" fullname="Kaitai.SpecEosExceptionBytes.TestEosExceptionBytes" methodname="TestEosExceptionBytes" classname="Kaitai.SpecEosExceptionBytes" runstate="Runnable" seed="1028356590" result="Passed" start-time="2020-03-31 09:05:47Z" end-time="2020-03-31 09:05:47Z" duration="0.001726" asserts="1" />
      </test-suite>
      <test-suite type="TestFixture" id="0-1076" name="SpecEosExceptionU4" fullname="Kaitai.SpecEosExceptionU4" classname="Kaitai.SpecEosExceptionU4" runstate="Runnable" testcasecount="1" result="Passed" start-time="2020-03-31 09:05:47Z" end-time="2020-03-31 09:05:47Z" duration="0.005002" total="1" passed="1" failed="0" inconclusive="0" skipped="0" asserts="1">
        <test-case id="0-1077" name="TestEosExceptionU4" fullname="Kaitai.SpecEosExceptionU4.TestEosExceptionU4" methodname="TestEosExceptionU4" classname="Kaitai.SpecEosExceptionU4" runstate="Runnable" seed="597602405" result="Passed" start-time="2020-03-31 09:05:47Z" end-time="2020-03-31 09:05:47Z" duration="0.001411" asserts="1" />
      </test-suite>
      <test-suite type="TestFixture" id="0-1078" name="SpecExpr0" fullname="Kaitai.SpecExpr0" classname="Kaitai.SpecExpr0" runstate="Runnable" testcasecount="1" result="Passed" start-time="2020-03-31 09:05:47Z" end-time="2020-03-31 09:05:47Z" duration="0.005020" total="1" passed="1" failed="0" inconclusive="0" skipped="0" asserts="2">
        <test-case id="0-1079" name="TestExpr0" fullname="Kaitai.SpecExpr0.TestExpr0" methodname="TestExpr0" classname="Kaitai.SpecExpr0" runstate="Runnable" seed="706045128" result="Passed" start-time="2020-03-31 09:05:47Z" end-time="2020-03-31 09:05:47Z" duration="0.001261" asserts="2" />
      </test-suite>
      <test-suite type="TestFixture" id="0-1080" name="SpecExpr1" fullname="Kaitai.SpecExpr1" classname="Kaitai.SpecExpr1" runstate="Runnable" testcasecount="1" result="Passed" start-time="2020-03-31 09:05:47Z" end-time="2020-03-31 09:05:47Z" duration="0.005013" total="1" passed="1" failed="0" inconclusive="0" skipped="0" asserts="4">
        <test-case id="0-1081" name="TestExpr1" fullname="Kaitai.SpecExpr1.TestExpr1" methodname="TestExpr1" classname="Kaitai.SpecExpr1" runstate="Runnable" seed="1286595208" result="Passed" start-time="2020-03-31 09:05:47Z" end-time="2020-03-31 09:05:47Z" duration="0.001444" asserts="4" />
      </test-suite>
      <test-suite type="TestFixture" id="0-1082" name="SpecExpr2" fullname="Kaitai.SpecExpr2" classname="Kaitai.SpecExpr2" runstate="Runnable" testcasecount="1" result="Passed" start-time="2020-03-31 09:05:47Z" end-time="2020-03-31 09:05:47Z" duration="0.008018" total="1" passed="1" failed="0" inconclusive="0" skipped="0" asserts="17">
        <test-case id="0-1083" name="TestExpr2" fullname="Kaitai.SpecExpr2.TestExpr2" methodname="TestExpr2" classname="Kaitai.SpecExpr2" runstate="Runnable" seed="236935753" result="Passed" start-time="2020-03-31 09:05:47Z" end-time="2020-03-31 09:05:47Z" duration="0.004062" asserts="17" />
      </test-suite>
      <test-suite type="TestFixture" id="0-1084" name="SpecExpr3" fullname="Kaitai.SpecExpr3" classname="Kaitai.SpecExpr3" runstate="Runnable" testcasecount="1" result="Passed" start-time="2020-03-31 09:05:47Z" end-time="2020-03-31 09:05:47Z" duration="0.006011" total="1" passed="1" failed="0" inconclusive="0" skipped="0" asserts="12">
        <test-case id="0-1085" name="TestExpr3" fullname="Kaitai.SpecExpr3.TestExpr3" methodname="TestExpr3" classname="Kaitai.SpecExpr3" runstate="Runnable" seed="1817533564" result="Passed" start-time="2020-03-31 09:05:47Z" end-time="2020-03-31 09:05:47Z" duration="0.002419" asserts="12" />
      </test-suite>
      <test-suite type="TestFixture" id="0-1086" name="SpecExprArray" fullname="Kaitai.SpecExprArray" classname="Kaitai.SpecExprArray" runstate="Runnable" testcasecount="1" result="Passed" start-time="2020-03-31 09:05:47Z" end-time="2020-03-31 09:05:47Z" duration="0.017030" total="1" passed="1" failed="0" inconclusive="0" skipped="0" asserts="15">
        <test-case id="0-1087" name="TestExprArray" fullname="Kaitai.SpecExprArray.TestExprArray" methodname="TestExprArray" classname="Kaitai.SpecExprArray" runstate="Runnable" seed="108749300" result="Passed" start-time="2020-03-31 09:05:47Z" end-time="2020-03-31 09:05:47Z" duration="0.013666" asserts="15" />
      </test-suite>
      <test-suite type="TestFixture" id="0-1088" name="SpecExprBytesCmp" fullname="Kaitai.SpecExprBytesCmp" classname="Kaitai.SpecExprBytesCmp" runstate="Runnable" testcasecount="1" result="Passed" start-time="2020-03-31 09:05:47Z" end-time="2020-03-31 09:05:47Z" duration="0.010009" total="1" passed="1" failed="0" inconclusive="0" skipped="0" asserts="10">
        <test-case id="0-1089" name="TestExprBytesCmp" fullname="Kaitai.SpecExprBytesCmp.TestExprBytesCmp" methodname="TestExprBytesCmp" classname="Kaitai.SpecExprBytesCmp" runstate="Runnable" seed="1509200100" result="Passed" start-time="2020-03-31 09:05:47Z" end-time="2020-03-31 09:05:47Z" duration="0.004145" asserts="10" />
      </test-suite>
      <test-suite type="TestFixture" id="0-1090" name="SpecExprBytesOps" fullname="Kaitai.SpecExprBytesOps" classname="Kaitai.SpecExprBytesOps" runstate="Runnable" testcasecount="1" result="Passed" start-time="2020-03-31 09:05:47Z" end-time="2020-03-31 09:05:47Z" duration="0.011015" total="1" passed="1" failed="0" inconclusive="0" skipped="0" asserts="12">
        <test-case id="0-1091" name="TestExprBytesOps" fullname="Kaitai.SpecExprBytesOps.TestExprBytesOps" methodname="TestExprBytesOps" classname="Kaitai.SpecExprBytesOps" runstate="Runnable" seed="381945803" result="Passed" start-time="2020-03-31 09:05:47Z" end-time="2020-03-31 09:05:47Z" duration="0.006972" asserts="12" />
      </test-suite>
      <test-suite type="TestFixture" id="0-1092" name="SpecExprCalcArrayOps" fullname="Kaitai.SpecExprCalcArrayOps" classname="Kaitai.SpecExprCalcArrayOps" runstate="Runnable" testcasecount="1" result="Passed" start-time="2020-03-31 09:05:47Z" end-time="2020-03-31 09:05:47Z" duration="0.009152" total="1" passed="1" failed="0" inconclusive="0" skipped="0" asserts="18">
        <test-case id="0-1093" name="TestExprCalcArrayOps" fullname="Kaitai.SpecExprCalcArrayOps.TestExprCalcArrayOps" methodname="TestExprCalcArrayOps" classname="Kaitai.SpecExprCalcArrayOps" runstate="Runnable" seed="338912517" result="Passed" start-time="2020-03-31 09:05:47Z" end-time="2020-03-31 09:05:47Z" duration="0.005440" asserts="18" />
      </test-suite>
      <test-suite type="TestFixture" id="0-1094" name="SpecExprEnum" fullname="Kaitai.SpecExprEnum" classname="Kaitai.SpecExprEnum" runstate="Runnable" testcasecount="1" result="Passed" start-time="2020-03-31 09:05:47Z" end-time="2020-03-31 09:05:47Z" duration="0.005011" total="1" passed="1" failed="0" inconclusive="0" skipped="0" asserts="3">
        <test-case id="0-1095" name="TestExprEnum" fullname="Kaitai.SpecExprEnum.TestExprEnum" methodname="TestExprEnum" classname="Kaitai.SpecExprEnum" runstate="Runnable" seed="1141678086" result="Passed" start-time="2020-03-31 09:05:47Z" end-time="2020-03-31 09:05:47Z" duration="0.001171" asserts="3" />
      </test-suite>
      <test-suite type="TestFixture" id="0-1096" name="SpecExprIoEof" fullname="Kaitai.SpecExprIoEof" classname="Kaitai.SpecExprIoEof" runstate="Runnable" testcasecount="1" result="Passed" start-time="2020-03-31 09:05:47Z" end-time="2020-03-31 09:05:47Z" duration="0.005995" total="1" passed="1" failed="0" inconclusive="0" skipped="0" asserts="4">
        <test-case id="0-1097" name="TestExprIoEof" fullname="Kaitai.SpecExprIoEof.TestExprIoEof" methodname="TestExprIoEof" classname="Kaitai.SpecExprIoEof" runstate="Runnable" seed="1801194911" result="Passed" start-time="2020-03-31 09:05:47Z" end-time="2020-03-31 09:05:47Z" duration="0.002304" asserts="4" />
      </test-suite>
      <test-suite type="TestFixture" id="0-1098" name="SpecExprIoPos" fullname="Kaitai.SpecExprIoPos" classname="Kaitai.SpecExprIoPos" runstate="Runnable" testcasecount="1" result="Passed" start-time="2020-03-31 09:05:47Z" end-time="2020-03-31 09:05:47Z" duration="0.005002" total="1" passed="1" failed="0" inconclusive="0" skipped="0" asserts="6">
        <test-case id="0-1099" name="TestExprIoPos" fullname="Kaitai.SpecExprIoPos.TestExprIoPos" methodname="TestExprIoPos" classname="Kaitai.SpecExprIoPos" runstate="Runnable" seed="1137736245" result="Passed" start-time="2020-03-31 09:05:47Z" end-time="2020-03-31 09:05:47Z" duration="0.001866" asserts="6" />
      </test-suite>
      <test-suite type="TestFixture" id="0-1100" name="SpecExprMod" fullname="Kaitai.SpecExprMod" classname="Kaitai.SpecExprMod" runstate="Runnable" testcasecount="1" result="Passed" start-time="2020-03-31 09:05:47Z" end-time="2020-03-31 09:05:47Z" duration="0.005859" total="1" passed="1" failed="0" inconclusive="0" skipped="0" asserts="6">
        <test-case id="0-1101" name="TestExprMod" fullname="Kaitai.SpecExprMod.TestExprMod" methodname="TestExprMod" classname="Kaitai.SpecExprMod" runstate="Runnable" seed="1836230906" result="Passed" start-time="2020-03-31 09:05:47Z" end-time="2020-03-31 09:05:47Z" duration="0.002458" asserts="6" />
      </test-suite>
      <test-suite type="TestFixture" id="0-1102" name="SpecExprSizeofType0" fullname="Kaitai.SpecExprSizeofType0" classname="Kaitai.SpecExprSizeofType0" runstate="Runnable" testcasecount="1" result="Passed" start-time="2020-03-31 09:05:47Z" end-time="2020-03-31 09:05:47Z" duration="0.005024" total="1" passed="1" failed="0" inconclusive="0" skipped="0" asserts="1">
        <test-case id="0-1103" name="TestExprSizeofType0" fullname="Kaitai.SpecExprSizeofType0.TestExprSizeofType0" methodname="TestExprSizeofType0" classname="Kaitai.SpecExprSizeofType0" runstate="Runnable" seed="50671862" result="Passed" start-time="2020-03-31 09:05:47Z" end-time="2020-03-31 09:05:47Z" duration="0.001013" asserts="1" />
      </test-suite>
      <test-suite type="TestFixture" id="0-1104" name="SpecExprSizeofType1" fullname="Kaitai.SpecExprSizeofType1" classname="Kaitai.SpecExprSizeofType1" runstate="Runnable" testcasecount="1" result="Passed" start-time="2020-03-31 09:05:47Z" end-time="2020-03-31 09:05:47Z" duration="0.005354" total="1" passed="1" failed="0" inconclusive="0" skipped="0" asserts="2">
        <test-case id="0-1105" name="TestExprSizeofType1" fullname="Kaitai.SpecExprSizeofType1.TestExprSizeofType1" methodname="TestExprSizeofType1" classname="Kaitai.SpecExprSizeofType1" runstate="Runnable" seed="1506892734" result="Passed" start-time="2020-03-31 09:05:47Z" end-time="2020-03-31 09:05:47Z" duration="0.001069" asserts="2" />
      </test-suite>
      <test-suite type="TestFixture" id="0-1106" name="SpecExprSizeofValue0" fullname="Kaitai.SpecExprSizeofValue0" classname="Kaitai.SpecExprSizeofValue0" runstate="Runnable" testcasecount="1" result="Passed" start-time="2020-03-31 09:05:47Z" end-time="2020-03-31 09:05:47Z" duration="0.006028" total="1" passed="1" failed="0" inconclusive="0" skipped="0" asserts="5">
        <test-case id="0-1107" name="TestExprSizeofValue0" fullname="Kaitai.SpecExprSizeofValue0.TestExprSizeofValue0" methodname="TestExprSizeofValue0" classname="Kaitai.SpecExprSizeofValue0" runstate="Runnable" seed="1365882788" result="Passed" start-time="2020-03-31 09:05:47Z" end-time="2020-03-31 09:05:47Z" duration="0.002220" asserts="5" />
      </test-suite>
      <test-suite type="TestFixture" id="0-1108" name="SpecExprSizeofValueSized" fullname="Kaitai.SpecExprSizeofValueSized" classname="Kaitai.SpecExprSizeofValueSized" runstate="Runnable" testcasecount="1" result="Passed" start-time="2020-03-31 09:05:47Z" end-time="2020-03-31 09:05:47Z" duration="0.006017" total="1" passed="1" failed="0" inconclusive="0" skipped="0" asserts="5">
        <test-case id="0-1109" name="TestExprSizeofValueSized" fullname="Kaitai.SpecExprSizeofValueSized.TestExprSizeofValueSized" methodname="TestExprSizeofValueSized" classname="Kaitai.SpecExprSizeofValueSized" runstate="Runnable" seed="841599735" result="Passed" start-time="2020-03-31 09:05:47Z" end-time="2020-03-31 09:05:47Z" duration="0.002559" asserts="5" />
      </test-suite>
      <test-suite type="TestFixture" id="0-1110" name="SpecExprStrOps" fullname="Kaitai.SpecExprStrOps" classname="Kaitai.SpecExprStrOps" runstate="Runnable" testcasecount="1" result="Passed" start-time="2020-03-31 09:05:47Z" end-time="2020-03-31 09:05:47Z" duration="0.008005" total="1" passed="1" failed="0" inconclusive="0" skipped="0" asserts="17">
        <test-case id="0-1111" name="TestExprStrOps" fullname="Kaitai.SpecExprStrOps.TestExprStrOps" methodname="TestExprStrOps" classname="Kaitai.SpecExprStrOps" runstate="Runnable" seed="1758812375" result="Passed" start-time="2020-03-31 09:05:47Z" end-time="2020-03-31 09:05:47Z" duration="0.004698" asserts="17" />
      </test-suite>
      <test-suite type="TestFixture" id="0-1112" name="SpecFixedContents" fullname="Kaitai.SpecFixedContents" classname="Kaitai.SpecFixedContents" runstate="Runnable" testcasecount="1" result="Passed" start-time="2020-03-31 09:05:47Z" end-time="2020-03-31 09:05:47Z" duration="0.006003" total="1" passed="1" failed="0" inconclusive="0" skipped="0" asserts="0">
        <test-case id="0-1113" name="TestFixedContents" fullname="Kaitai.SpecFixedContents.TestFixedContents" methodname="TestFixedContents" classname="Kaitai.SpecFixedContents" runstate="Runnable" seed="1624300059" result="Passed" start-time="2020-03-31 09:05:47Z" end-time="2020-03-31 09:05:47Z" duration="0.002165" asserts="0" />
      </test-suite>
      <test-suite type="TestFixture" id="0-1114" name="SpecFixedStruct" fullname="Kaitai.SpecFixedStruct" classname="Kaitai.SpecFixedStruct" runstate="Runnable" testcasecount="1" result="Passed" start-time="2020-03-31 09:05:47Z" end-time="2020-03-31 09:05:47Z" duration="0.012142" total="1" passed="1" failed="0" inconclusive="0" skipped="0" asserts="20">
        <test-case id="0-1115" name="TestFixedStruct" fullname="Kaitai.SpecFixedStruct.TestFixedStruct" methodname="TestFixedStruct" classname="Kaitai.SpecFixedStruct" runstate="Runnable" seed="2042939433" result="Passed" start-time="2020-03-31 09:05:47Z" end-time="2020-03-31 09:05:47Z" duration="0.008833" asserts="20" />
      </test-suite>
      <test-suite type="TestFixture" id="0-1118" name="SpecFloatingPoints" fullname="Kaitai.SpecFloatingPoints" classname="Kaitai.SpecFloatingPoints" runstate="Runnable" testcasecount="1" result="Passed" start-time="2020-03-31 09:05:47Z" end-time="2020-03-31 09:05:47Z" duration="0.006034" total="1" passed="1" failed="0" inconclusive="0" skipped="0" asserts="8">
        <test-case id="0-1119" name="TestFloatingPoints" fullname="Kaitai.SpecFloatingPoints.TestFloatingPoints" methodname="TestFloatingPoints" classname="Kaitai.SpecFloatingPoints" runstate="Runnable" seed="1647080600" result="Passed" start-time="2020-03-31 09:05:47Z" end-time="2020-03-31 09:05:47Z" duration="0.002319" asserts="8" />
      </test-suite>
      <test-suite type="TestFixture" id="0-1116" name="SpecFloatToI" fullname="Kaitai.SpecFloatToI" classname="Kaitai.SpecFloatToI" runstate="Runnable" testcasecount="1" result="Passed" start-time="2020-03-31 09:05:47Z" end-time="2020-03-31 09:05:47Z" duration="0.005865" total="1" passed="1" failed="0" inconclusive="0" skipped="0" asserts="8">
        <test-case id="0-1117" name="TestFloatToI" fullname="Kaitai.SpecFloatToI.TestFloatToI" methodname="TestFloatToI" classname="Kaitai.SpecFloatToI" runstate="Runnable" seed="225665383" result="Passed" start-time="2020-03-31 09:05:47Z" end-time="2020-03-31 09:05:47Z" duration="0.002079" asserts="8" />
      </test-suite>
      <test-suite type="TestFixture" id="0-1120" name="SpecHelloWorld" fullname="Kaitai.SpecHelloWorld" classname="Kaitai.SpecHelloWorld" runstate="Runnable" testcasecount="1" result="Passed" start-time="2020-03-31 09:05:47Z" end-time="2020-03-31 09:05:47Z" duration="0.004060" total="1" passed="1" failed="0" inconclusive="0" skipped="0" asserts="1">
        <test-case id="0-1121" name="TestHelloWorld" fullname="Kaitai.SpecHelloWorld.TestHelloWorld" methodname="TestHelloWorld" classname="Kaitai.SpecHelloWorld" runstate="Runnable" seed="2141825225" result="Passed" start-time="2020-03-31 09:05:47Z" end-time="2020-03-31 09:05:47Z" duration="0.000465" asserts="1" />
      </test-suite>
      <test-suite type="TestFixture" id="0-1122" name="SpecIfInstances" fullname="Kaitai.SpecIfInstances" classname="Kaitai.SpecIfInstances" runstate="Runnable" testcasecount="1" result="Passed" start-time="2020-03-31 09:05:47Z" end-time="2020-03-31 09:05:47Z" duration="0.005028" total="1" passed="1" failed="0" inconclusive="0" skipped="0" asserts="1">
        <test-case id="0-1123" name="TestIfInstances" fullname="Kaitai.SpecIfInstances.TestIfInstances" methodname="TestIfInstances" classname="Kaitai.SpecIfInstances" runstate="Runnable" seed="1327303939" result="Passed" start-time="2020-03-31 09:05:47Z" end-time="2020-03-31 09:05:47Z" duration="0.000977" asserts="1" />
      </test-suite>
      <test-suite type="TestFixture" id="0-1124" name="SpecIfStruct" fullname="Kaitai.SpecIfStruct" classname="Kaitai.SpecIfStruct" runstate="Runnable" testcasecount="1" result="Passed" start-time="2020-03-31 09:05:47Z" end-time="2020-03-31 09:05:47Z" duration="0.007000" total="1" passed="1" failed="0" inconclusive="0" skipped="0" asserts="7">
        <test-case id="0-1125" name="TestIfStruct" fullname="Kaitai.SpecIfStruct.TestIfStruct" methodname="TestIfStruct" classname="Kaitai.SpecIfStruct" runstate="Runnable" seed="1016717477" result="Passed" start-time="2020-03-31 09:05:47Z" end-time="2020-03-31 09:05:47Z" duration="0.003347" asserts="7" />
      </test-suite>
      <test-suite type="TestFixture" id="0-1126" name="SpecIfValues" fullname="Kaitai.SpecIfValues" classname="Kaitai.SpecIfValues" runstate="Runnable" testcasecount="1" result="Passed" start-time="2020-03-31 09:05:47Z" end-time="2020-03-31 09:05:47Z" duration="0.005023" total="1" passed="1" failed="0" inconclusive="0" skipped="0" asserts="6">
        <test-case id="0-1127" name="TestIfValues" fullname="Kaitai.SpecIfValues.TestIfValues" methodname="TestIfValues" classname="Kaitai.SpecIfValues" runstate="Runnable" seed="622840617" result="Passed" start-time="2020-03-31 09:05:47Z" end-time="2020-03-31 09:05:47Z" duration="0.001920" asserts="6" />
      </test-suite>
      <test-suite type="TestFixture" id="0-1128" name="SpecImports0" fullname="Kaitai.SpecImports0" classname="Kaitai.SpecImports0" runstate="Runnable" testcasecount="1" result="Passed" start-time="2020-03-31 09:05:47Z" end-time="2020-03-31 09:05:48Z" duration="0.005015" total="1" passed="1" failed="0" inconclusive="0" skipped="0" asserts="3">
        <test-case id="0-1129" name="TestImports0" fullname="Kaitai.SpecImports0.TestImports0" methodname="TestImports0" classname="Kaitai.SpecImports0" runstate="Runnable" seed="374589848" result="Passed" start-time="2020-03-31 09:05:47Z" end-time="2020-03-31 09:05:47Z" duration="0.001029" asserts="3" />
      </test-suite>
      <test-suite type="TestFixture" id="0-1130" name="SpecImportsAbs" fullname="Kaitai.SpecImportsAbs" classname="Kaitai.SpecImportsAbs" runstate="Runnable" testcasecount="1" result="Passed" start-time="2020-03-31 09:05:48Z" end-time="2020-03-31 09:05:48Z" duration="0.007013" total="1" passed="1" failed="0" inconclusive="0" skipped="0" asserts="2">
        <test-case id="0-1131" name="TestImportsAbs" fullname="Kaitai.SpecImportsAbs.TestImportsAbs" methodname="TestImportsAbs" classname="Kaitai.SpecImportsAbs" runstate="Runnable" seed="1970523933" result="Passed" start-time="2020-03-31 09:05:48Z" end-time="2020-03-31 09:05:48Z" duration="0.003891" asserts="2" />
      </test-suite>
      <test-suite type="TestFixture" id="0-1132" name="SpecImportsCircularA" fullname="Kaitai.SpecImportsCircularA" classname="Kaitai.SpecImportsCircularA" runstate="Runnable" testcasecount="1" result="Passed" start-time="2020-03-31 09:05:48Z" end-time="2020-03-31 09:05:48Z" duration="0.010108" total="1" passed="1" failed="0" inconclusive="0" skipped="0" asserts="5">
        <test-case id="0-1133" name="TestImportsCircularA" fullname="Kaitai.SpecImportsCircularA.TestImportsCircularA" methodname="TestImportsCircularA" classname="Kaitai.SpecImportsCircularA" runstate="Runnable" seed="74752847" result="Passed" start-time="2020-03-31 09:05:48Z" end-time="2020-03-31 09:05:48Z" duration="0.001523" asserts="5" />
      </test-suite>
      <test-suite type="TestFixture" id="0-1134" name="SpecIndexSizes" fullname="Kaitai.SpecIndexSizes" classname="Kaitai.SpecIndexSizes" runstate="Runnable" testcasecount="1" result="Passed" start-time="2020-03-31 09:05:48Z" end-time="2020-03-31 09:05:48Z" duration="0.006014" total="1" passed="1" failed="0" inconclusive="0" skipped="0" asserts="7">
        <test-case id="0-1135" name="TestIndexSizes" fullname="Kaitai.SpecIndexSizes.TestIndexSizes" methodname="TestIndexSizes" classname="Kaitai.SpecIndexSizes" runstate="Runnable" seed="1979374948" result="Passed" start-time="2020-03-31 09:05:48Z" end-time="2020-03-31 09:05:48Z" duration="0.002185" asserts="7" />
      </test-suite>
      <test-suite type="TestFixture" id="0-1136" name="SpecIndexToParamEos" fullname="Kaitai.SpecIndexToParamEos" classname="Kaitai.SpecIndexToParamEos" runstate="Runnable" testcasecount="1" result="Passed" start-time="2020-03-31 09:05:48Z" end-time="2020-03-31 09:05:48Z" duration="0.006030" total="1" passed="1" failed="0" inconclusive="0" skipped="0" asserts="7">
        <test-case id="0-1137" name="TestIndexToParamEos" fullname="Kaitai.SpecIndexToParamEos.TestIndexToParamEos" methodname="TestIndexToParamEos" classname="Kaitai.SpecIndexToParamEos" runstate="Runnable" seed="506190023" result="Passed" start-time="2020-03-31 09:05:48Z" end-time="2020-03-31 09:05:48Z" duration="0.002860" asserts="7" />
      </test-suite>
      <test-suite type="TestFixture" id="0-1138" name="SpecIndexToParamExpr" fullname="Kaitai.SpecIndexToParamExpr" classname="Kaitai.SpecIndexToParamExpr" runstate="Runnable" testcasecount="1" result="Passed" start-time="2020-03-31 09:05:48Z" end-time="2020-03-31 09:05:48Z" duration="0.005891" total="1" passed="1" failed="0" inconclusive="0" skipped="0" asserts="7">
        <test-case id="0-1139" name="TestIndexToParamExpr" fullname="Kaitai.SpecIndexToParamExpr.TestIndexToParamExpr" methodname="TestIndexToParamExpr" classname="Kaitai.SpecIndexToParamExpr" runstate="Runnable" seed="8411818" result="Passed" start-time="2020-03-31 09:05:48Z" end-time="2020-03-31 09:05:48Z" duration="0.002538" asserts="7" />
      </test-suite>
      <test-suite type="TestFixture" id="0-1140" name="SpecIndexToParamUntil" fullname="Kaitai.SpecIndexToParamUntil" classname="Kaitai.SpecIndexToParamUntil" runstate="Runnable" testcasecount="1" result="Passed" start-time="2020-03-31 09:05:48Z" end-time="2020-03-31 09:05:48Z" duration="0.010476" total="1" passed="1" failed="0" inconclusive="0" skipped="0" asserts="7">
        <test-case id="0-1141" name="TestIndexToParamUntil" fullname="Kaitai.SpecIndexToParamUntil.TestIndexToParamUntil" methodname="TestIndexToParamUntil" classname="Kaitai.SpecIndexToParamUntil" runstate="Runnable" seed="1032410845" result="Passed" start-time="2020-03-31 09:05:48Z" end-time="2020-03-31 09:05:48Z" duration="0.006771" asserts="7" />
      </test-suite>
      <test-suite type="TestFixture" id="0-1142" name="SpecInstanceIoUser" fullname="Kaitai.SpecInstanceIoUser" classname="Kaitai.SpecInstanceIoUser" runstate="Runnable" testcasecount="1" result="Passed" start-time="2020-03-31 09:05:48Z" end-time="2020-03-31 09:05:48Z" duration="0.007031" total="1" passed="1" failed="0" inconclusive="0" skipped="0" asserts="4">
        <test-case id="0-1143" name="TestInstanceIoUser" fullname="Kaitai.SpecInstanceIoUser.TestInstanceIoUser" methodname="TestInstanceIoUser" classname="Kaitai.SpecInstanceIoUser" runstate="Runnable" seed="86464977" result="Passed" start-time="2020-03-31 09:05:48Z" end-time="2020-03-31 09:05:48Z" duration="0.003851" asserts="4" />
      </test-suite>
      <test-suite type="TestFixture" id="0-1144" name="SpecInstanceStd" fullname="Kaitai.SpecInstanceStd" classname="Kaitai.SpecInstanceStd" runstate="Runnable" testcasecount="1" result="Passed" start-time="2020-03-31 09:05:48Z" end-time="2020-03-31 09:05:48Z" duration="0.004212" total="1" passed="1" failed="0" inconclusive="0" skipped="0" asserts="1">
        <test-case id="0-1145" name="TestInstanceStd" fullname="Kaitai.SpecInstanceStd.TestInstanceStd" methodname="TestInstanceStd" classname="Kaitai.SpecInstanceStd" runstate="Runnable" seed="968479324" result="Passed" start-time="2020-03-31 09:05:48Z" end-time="2020-03-31 09:05:48Z" duration="0.000865" asserts="1" />
      </test-suite>
      <test-suite type="TestFixture" id="0-1146" name="SpecInstanceStdArray" fullname="Kaitai.SpecInstanceStdArray" classname="Kaitai.SpecInstanceStdArray" runstate="Runnable" testcasecount="1" result="Passed" start-time="2020-03-31 09:05:48Z" end-time="2020-03-31 09:05:48Z" duration="0.006017" total="1" passed="1" failed="0" inconclusive="0" skipped="0" asserts="7">
        <test-case id="0-1147" name="TestInstanceStdArray" fullname="Kaitai.SpecInstanceStdArray.TestInstanceStdArray" methodname="TestInstanceStdArray" classname="Kaitai.SpecInstanceStdArray" runstate="Runnable" seed="773208934" result="Passed" start-time="2020-03-31 09:05:48Z" end-time="2020-03-31 09:05:48Z" duration="0.002260" asserts="7" />
      </test-suite>
      <test-suite type="TestFixture" id="0-1148" name="SpecInstanceUserArray" fullname="Kaitai.SpecInstanceUserArray" classname="Kaitai.SpecInstanceUserArray" runstate="Runnable" testcasecount="1" result="Passed" start-time="2020-03-31 09:05:48Z" end-time="2020-03-31 09:05:48Z" duration="0.012255" total="1" passed="1" failed="0" inconclusive="0" skipped="0" asserts="10">
        <test-case id="0-1149" name="TestInstanceUserArray" fullname="Kaitai.SpecInstanceUserArray.TestInstanceUserArray" methodname="TestInstanceUserArray" classname="Kaitai.SpecInstanceUserArray" runstate="Runnable" seed="563232045" result="Passed" start-time="2020-03-31 09:05:48Z" end-time="2020-03-31 09:05:48Z" duration="0.005561" asserts="10" />
      </test-suite>
      <test-suite type="TestFixture" id="0-1150" name="SpecIntegers" fullname="Kaitai.SpecIntegers" classname="Kaitai.SpecIntegers" runstate="Runnable" testcasecount="1" result="Passed" start-time="2020-03-31 09:05:48Z" end-time="2020-03-31 09:05:48Z" duration="0.011984" total="1" passed="1" failed="0" inconclusive="0" skipped="0" asserts="20">
        <test-case id="0-1151" name="TestIntegers" fullname="Kaitai.SpecIntegers.TestIntegers" methodname="TestIntegers" classname="Kaitai.SpecIntegers" runstate="Runnable" seed="1480067573" result="Passed" start-time="2020-03-31 09:05:48Z" end-time="2020-03-31 09:05:48Z" duration="0.008075" asserts="20" />
      </test-suite>
      <test-suite type="TestFixture" id="0-1152" name="SpecIntegersMinMax" fullname="Kaitai.SpecIntegersMinMax" classname="Kaitai.SpecIntegersMinMax" runstate="Runnable" testcasecount="1" result="Passed" start-time="2020-03-31 09:05:48Z" end-time="2020-03-31 09:05:48Z" duration="0.013032" total="1" passed="1" failed="0" inconclusive="0" skipped="0" asserts="28">
        <test-case id="0-1153" name="TestIntegersMinMax" fullname="Kaitai.SpecIntegersMinMax.TestIntegersMinMax" methodname="TestIntegersMinMax" classname="Kaitai.SpecIntegersMinMax" runstate="Runnable" seed="679213325" result="Passed" start-time="2020-03-31 09:05:48Z" end-time="2020-03-31 09:05:48Z" duration="0.005348" asserts="28" />
      </test-suite>
      <test-suite type="TestFixture" id="0-1154" name="SpecIoLocalVar" fullname="Kaitai.SpecIoLocalVar" classname="Kaitai.SpecIoLocalVar" runstate="Runnable" testcasecount="1" result="Passed" start-time="2020-03-31 09:05:48Z" end-time="2020-03-31 09:05:48Z" duration="0.007990" total="1" passed="1" failed="0" inconclusive="0" skipped="0" asserts="2">
        <test-case id="0-1155" name="TestIoLocalVar" fullname="Kaitai.SpecIoLocalVar.TestIoLocalVar" methodname="TestIoLocalVar" classname="Kaitai.SpecIoLocalVar" runstate="Runnable" seed="1674477873" result="Passed" start-time="2020-03-31 09:05:48Z" end-time="2020-03-31 09:05:48Z" duration="0.002338" asserts="2" />
      </test-suite>
      <test-suite type="TestFixture" id="0-1156" name="SpecJsSignedRightShift" fullname="Kaitai.SpecJsSignedRightShift" classname="Kaitai.SpecJsSignedRightShift" runstate="Runnable" testcasecount="1" result="Passed" start-time="2020-03-31 09:05:48Z" end-time="2020-03-31 09:05:48Z" duration="0.006598" total="1" passed="1" failed="0" inconclusive="0" skipped="0" asserts="2">
        <test-case id="0-1157" name="TestJsSignedRightShift" fullname="Kaitai.SpecJsSignedRightShift.TestJsSignedRightShift" methodname="TestJsSignedRightShift" classname="Kaitai.SpecJsSignedRightShift" runstate="Runnable" seed="757550449" result="Passed" start-time="2020-03-31 09:05:48Z" end-time="2020-03-31 09:05:48Z" duration="0.001378" asserts="2" />
      </test-suite>
      <test-suite type="TestFixture" id="0-1158" name="SpecMetaTags" fullname="Kaitai.SpecMetaTags" classname="Kaitai.SpecMetaTags" runstate="Runnable" testcasecount="1" result="Passed" start-time="2020-03-31 09:05:48Z" end-time="2020-03-31 09:05:48Z" duration="0.004004" total="1" passed="1" failed="0" inconclusive="0" skipped="0" asserts="0">
        <test-case id="0-1159" name="TestMetaTags" fullname="Kaitai.SpecMetaTags.TestMetaTags" methodname="TestMetaTags" classname="Kaitai.SpecMetaTags" runstate="Runnable" seed="1997604460" result="Passed" start-time="2020-03-31 09:05:48Z" end-time="2020-03-31 09:05:48Z" duration="0.000705" asserts="0" />
      </test-suite>
      <test-suite type="TestFixture" id="0-1160" name="SpecMetaXref" fullname="Kaitai.SpecMetaXref" classname="Kaitai.SpecMetaXref" runstate="Runnable" testcasecount="1" result="Passed" start-time="2020-03-31 09:05:48Z" end-time="2020-03-31 09:05:48Z" duration="0.006149" total="1" passed="1" failed="0" inconclusive="0" skipped="0" asserts="0">
        <test-case id="0-1161" name="TestMetaXref" fullname="Kaitai.SpecMetaXref.TestMetaXref" methodname="TestMetaXref" classname="Kaitai.SpecMetaXref" runstate="Runnable" seed="1892236427" result="Passed" start-time="2020-03-31 09:05:48Z" end-time="2020-03-31 09:05:48Z" duration="0.000620" asserts="0" />
      </test-suite>
      <test-suite type="TestFixture" id="0-1162" name="SpecMultipleUse" fullname="Kaitai.SpecMultipleUse" classname="Kaitai.SpecMultipleUse" runstate="Runnable" testcasecount="1" result="Passed" start-time="2020-03-31 09:05:48Z" end-time="2020-03-31 09:05:48Z" duration="0.011082" total="1" passed="1" failed="0" inconclusive="0" skipped="0" asserts="2">
        <test-case id="0-1163" name="TestMultipleUse" fullname="Kaitai.SpecMultipleUse.TestMultipleUse" methodname="TestMultipleUse" classname="Kaitai.SpecMultipleUse" runstate="Runnable" seed="1964131180" result="Passed" start-time="2020-03-31 09:05:48Z" end-time="2020-03-31 09:05:48Z" duration="0.002567" asserts="2" />
      </test-suite>
      <test-suite type="TestFixture" id="0-1164" name="SpecNavParent" fullname="Kaitai.SpecNavParent" classname="Kaitai.SpecNavParent" runstate="Runnable" testcasecount="1" result="Passed" start-time="2020-03-31 09:05:48Z" end-time="2020-03-31 09:05:48Z" duration="0.006033" total="1" passed="1" failed="0" inconclusive="0" skipped="0" asserts="5">
        <test-case id="0-1165" name="TestNavParent" fullname="Kaitai.SpecNavParent.TestNavParent" methodname="TestNavParent" classname="Kaitai.SpecNavParent" runstate="Runnable" seed="1898904176" result="Passed" start-time="2020-03-31 09:05:48Z" end-time="2020-03-31 09:05:48Z" duration="0.002805" asserts="5" />
      </test-suite>
      <test-suite type="TestFixture" id="0-1166" name="SpecNavParent2" fullname="Kaitai.SpecNavParent2" classname="Kaitai.SpecNavParent2" runstate="Runnable" testcasecount="1" result="Passed" start-time="2020-03-31 09:05:48Z" end-time="2020-03-31 09:05:48Z" duration="0.008566" total="1" passed="1" failed="0" inconclusive="0" skipped="0" asserts="10">
        <test-case id="0-1167" name="TestNavParent2" fullname="Kaitai.SpecNavParent2.TestNavParent2" methodname="TestNavParent2" classname="Kaitai.SpecNavParent2" runstate="Runnable" seed="1797483742" result="Passed" start-time="2020-03-31 09:05:48Z" end-time="2020-03-31 09:05:48Z" duration="0.004900" asserts="10" />
      </test-suite>
      <test-suite type="TestFixture" id="0-1168" name="SpecNavParent3" fullname="Kaitai.SpecNavParent3" classname="Kaitai.SpecNavParent3" runstate="Runnable" testcasecount="1" result="Passed" start-time="2020-03-31 09:05:48Z" end-time="2020-03-31 09:05:48Z" duration="0.008050" total="1" passed="1" failed="0" inconclusive="0" skipped="0" asserts="10">
        <test-case id="0-1169" name="TestNavParent3" fullname="Kaitai.SpecNavParent3.TestNavParent3" methodname="TestNavParent3" classname="Kaitai.SpecNavParent3" runstate="Runnable" seed="1710370813" result="Passed" start-time="2020-03-31 09:05:48Z" end-time="2020-03-31 09:05:48Z" duration="0.004749" asserts="10" />
      </test-suite>
      <test-suite type="TestFixture" id="0-1170" name="SpecNavParentFalse" fullname="Kaitai.SpecNavParentFalse" classname="Kaitai.SpecNavParentFalse" runstate="Runnable" testcasecount="1" result="Passed" start-time="2020-03-31 09:05:48Z" end-time="2020-03-31 09:05:48Z" duration="0.008149" total="1" passed="1" failed="0" inconclusive="0" skipped="0" asserts="5">
        <test-case id="0-1171" name="TestNavParentFalse" fullname="Kaitai.SpecNavParentFalse.TestNavParentFalse" methodname="TestNavParentFalse" classname="Kaitai.SpecNavParentFalse" runstate="Runnable" seed="1290268598" result="Passed" start-time="2020-03-31 09:05:48Z" end-time="2020-03-31 09:05:48Z" duration="0.003637" asserts="5" />
      </test-suite>
      <test-suite type="TestFixture" id="0-1172" name="SpecNavParentFalse2" fullname="Kaitai.SpecNavParentFalse2" classname="Kaitai.SpecNavParentFalse2" runstate="Runnable" testcasecount="1" result="Passed" start-time="2020-03-31 09:05:48Z" end-time="2020-03-31 09:05:48Z" duration="0.005938" total="1" passed="1" failed="0" inconclusive="0" skipped="0" asserts="1">
        <test-case id="0-1173" name="TestNavParentFalse2" fullname="Kaitai.SpecNavParentFalse2.TestNavParentFalse2" methodname="TestNavParentFalse2" classname="Kaitai.SpecNavParentFalse2" runstate="Runnable" seed="1567725159" result="Passed" start-time="2020-03-31 09:05:48Z" end-time="2020-03-31 09:05:48Z" duration="0.002199" asserts="1" />
      </test-suite>
      <test-suite type="TestFixture" id="0-1174" name="SpecNavParentOverride" fullname="Kaitai.SpecNavParentOverride" classname="Kaitai.SpecNavParentOverride" runstate="Runnable" testcasecount="1" result="Passed" start-time="2020-03-31 09:05:48Z" end-time="2020-03-31 09:05:48Z" duration="0.006044" total="1" passed="1" failed="0" inconclusive="0" skipped="0" asserts="3">
        <test-case id="0-1175" name="TestNavParentOverride" fullname="Kaitai.SpecNavParentOverride.TestNavParentOverride" methodname="TestNavParentOverride" classname="Kaitai.SpecNavParentOverride" runstate="Runnable" seed="636302690" result="Passed" start-time="2020-03-31 09:05:48Z" end-time="2020-03-31 09:05:48Z" duration="0.002595" asserts="3" />
      </test-suite>
      <test-suite type="TestFixture" id="0-1176" name="SpecNavParentSwitch" fullname="Kaitai.SpecNavParentSwitch" classname="Kaitai.SpecNavParentSwitch" runstate="Runnable" testcasecount="1" result="Passed" start-time="2020-03-31 09:05:48Z" end-time="2020-03-31 09:05:48Z" duration="0.005901" total="1" passed="1" failed="0" inconclusive="0" skipped="0" asserts="3">
        <test-case id="0-1177" name="TestNavParentSwitch" fullname="Kaitai.SpecNavParentSwitch.TestNavParentSwitch" methodname="TestNavParentSwitch" classname="Kaitai.SpecNavParentSwitch" runstate="Runnable" seed="557529894" result="Passed" start-time="2020-03-31 09:05:48Z" end-time="2020-03-31 09:05:48Z" duration="0.001790" asserts="3" />
      </test-suite>
      <test-suite type="TestFixture" id="0-1178" name="SpecNavParentVsValueInst" fullname="Kaitai.SpecNavParentVsValueInst" classname="Kaitai.SpecNavParentVsValueInst" runstate="Runnable" testcasecount="1" result="Passed" start-time="2020-03-31 09:05:48Z" end-time="2020-03-31 09:05:48Z" duration="0.006720" total="1" passed="1" failed="0" inconclusive="0" skipped="0" asserts="1">
        <test-case id="0-1179" name="TestNavParentVsValueInst" fullname="Kaitai.SpecNavParentVsValueInst.TestNavParentVsValueInst" methodname="TestNavParentVsValueInst" classname="Kaitai.SpecNavParentVsValueInst" runstate="Runnable" seed="2070413016" result="Passed" start-time="2020-03-31 09:05:48Z" end-time="2020-03-31 09:05:48Z" duration="0.001248" asserts="1" />
      </test-suite>
      <test-suite type="TestFixture" id="0-1180" name="SpecNavRoot" fullname="Kaitai.SpecNavRoot" classname="Kaitai.SpecNavRoot" runstate="Runnable" testcasecount="1" result="Passed" start-time="2020-03-31 09:05:48Z" end-time="2020-03-31 09:05:48Z" duration="0.006929" total="1" passed="1" failed="0" inconclusive="0" skipped="0" asserts="5">
        <test-case id="0-1181" name="TestNavRoot" fullname="Kaitai.SpecNavRoot.TestNavRoot" methodname="TestNavRoot" classname="Kaitai.SpecNavRoot" runstate="Runnable" seed="1133477609" result="Passed" start-time="2020-03-31 09:05:48Z" end-time="2020-03-31 09:05:48Z" duration="0.003534" asserts="5" />
      </test-suite>
      <test-suite type="TestFixture" id="0-1182" name="SpecNestedSameName" fullname="Kaitai.SpecNestedSameName" classname="Kaitai.SpecNestedSameName" runstate="Runnable" testcasecount="1" result="Passed" start-time="2020-03-31 09:05:48Z" end-time="2020-03-31 09:05:48Z" duration="0.006500" total="1" passed="1" failed="0" inconclusive="0" skipped="0" asserts="2">
        <test-case id="0-1183" name="TestNestedSameName" fullname="Kaitai.SpecNestedSameName.TestNestedSameName" methodname="TestNestedSameName" classname="Kaitai.SpecNestedSameName" runstate="Runnable" seed="1576600753" result="Passed" start-time="2020-03-31 09:05:48Z" end-time="2020-03-31 09:05:48Z" duration="0.002320" asserts="2" />
      </test-suite>
      <test-suite type="TestFixture" id="0-1184" name="SpecNestedSameName2" fullname="Kaitai.SpecNestedSameName2" classname="Kaitai.SpecNestedSameName2" runstate="Runnable" testcasecount="1" result="Passed" start-time="2020-03-31 09:05:48Z" end-time="2020-03-31 09:05:48Z" duration="0.006961" total="1" passed="1" failed="0" inconclusive="0" skipped="0" asserts="5">
        <test-case id="0-1185" name="TestNestedSameName2" fullname="Kaitai.SpecNestedSameName2.TestNestedSameName2" methodname="TestNestedSameName2" classname="Kaitai.SpecNestedSameName2" runstate="Runnable" seed="733731060" result="Passed" start-time="2020-03-31 09:05:48Z" end-time="2020-03-31 09:05:48Z" duration="0.003422" asserts="5" />
      </test-suite>
      <test-suite type="TestFixture" id="0-1186" name="SpecNestedTypes" fullname="Kaitai.SpecNestedTypes" classname="Kaitai.SpecNestedTypes" runstate="Runnable" testcasecount="1" result="Passed" start-time="2020-03-31 09:05:48Z" end-time="2020-03-31 09:05:48Z" duration="0.007018" total="1" passed="1" failed="0" inconclusive="0" skipped="0" asserts="3">
        <test-case id="0-1187" name="TestNestedTypes" fullname="Kaitai.SpecNestedTypes.TestNestedTypes" methodname="TestNestedTypes" classname="Kaitai.SpecNestedTypes" runstate="Runnable" seed="1247239369" result="Passed" start-time="2020-03-31 09:05:48Z" end-time="2020-03-31 09:05:48Z" duration="0.003014" asserts="3" />
      </test-suite>
      <test-suite type="TestFixture" id="0-1188" name="SpecNestedTypes2" fullname="Kaitai.SpecNestedTypes2" classname="Kaitai.SpecNestedTypes2" runstate="Runnable" testcasecount="1" result="Passed" start-time="2020-03-31 09:05:48Z" end-time="2020-03-31 09:05:48Z" duration="0.013699" total="1" passed="1" failed="0" inconclusive="0" skipped="0" asserts="7">
        <test-case id="0-1189" name="TestNestedTypes2" fullname="Kaitai.SpecNestedTypes2.TestNestedTypes2" methodname="TestNestedTypes2" classname="Kaitai.SpecNestedTypes2" runstate="Runnable" seed="1370842132" result="Passed" start-time="2020-03-31 09:05:48Z" end-time="2020-03-31 09:05:48Z" duration="0.005057" asserts="7" />
      </test-suite>
      <test-suite type="TestFixture" id="0-1190" name="SpecNestedTypes3" fullname="Kaitai.SpecNestedTypes3" classname="Kaitai.SpecNestedTypes3" runstate="Runnable" testcasecount="1" result="Passed" start-time="2020-03-31 09:05:48Z" end-time="2020-03-31 09:05:48Z" duration="0.006019" total="1" passed="1" failed="0" inconclusive="0" skipped="0" asserts="5">
        <test-case id="0-1191" name="TestNestedTypes3" fullname="Kaitai.SpecNestedTypes3.TestNestedTypes3" methodname="TestNestedTypes3" classname="Kaitai.SpecNestedTypes3" runstate="Runnable" seed="1515048765" result="Passed" start-time="2020-03-31 09:05:48Z" end-time="2020-03-31 09:05:48Z" duration="0.002912" asserts="5" />
      </test-suite>
      <test-suite type="TestFixture" id="0-1192" name="SpecNonStandard" fullname="Kaitai.SpecNonStandard" classname="Kaitai.SpecNonStandard" runstate="Runnable" testcasecount="1" result="Passed" start-time="2020-03-31 09:05:48Z" end-time="2020-03-31 09:05:48Z" duration="0.003797" total="1" passed="1" failed="0" inconclusive="0" skipped="0" asserts="1">
        <test-case id="0-1193" name="TestNonStandard" fullname="Kaitai.SpecNonStandard.TestNonStandard" methodname="TestNonStandard" classname="Kaitai.SpecNonStandard" runstate="Runnable" seed="292778862" result="Passed" start-time="2020-03-31 09:05:48Z" end-time="2020-03-31 09:05:48Z" duration="0.000907" asserts="1" />
      </test-suite>
      <test-suite type="TestFixture" id="0-1194" name="SpecOpaqueExternalType" fullname="Kaitai.SpecOpaqueExternalType" classname="Kaitai.SpecOpaqueExternalType" runstate="Runnable" testcasecount="1" result="Passed" start-time="2020-03-31 09:05:48Z" end-time="2020-03-31 09:05:48Z" duration="0.005031" total="1" passed="1" failed="0" inconclusive="0" skipped="0" asserts="3">
        <test-case id="0-1195" name="TestOpaqueExternalType" fullname="Kaitai.SpecOpaqueExternalType.TestOpaqueExternalType" methodname="TestOpaqueExternalType" classname="Kaitai.SpecOpaqueExternalType" runstate="Runnable" seed="1298657686" result="Passed" start-time="2020-03-31 09:05:48Z" end-time="2020-03-31 09:05:48Z" duration="0.001817" asserts="3" />
      </test-suite>
      <test-suite type="TestFixture" id="0-1196" name="SpecOpaqueExternalType02Parent" fullname="Kaitai.SpecOpaqueExternalType02Parent" classname="Kaitai.SpecOpaqueExternalType02Parent" runstate="Runnable" testcasecount="1" result="Passed" start-time="2020-03-31 09:05:48Z" end-time="2020-03-31 09:05:48Z" duration="0.005016" total="1" passed="1" failed="0" inconclusive="0" skipped="0" asserts="3">
        <test-case id="0-1197" name="TestOpaqueExternalType02Parent" fullname="Kaitai.SpecOpaqueExternalType02Parent.TestOpaqueExternalType02Parent" methodname="TestOpaqueExternalType02Parent" classname="Kaitai.SpecOpaqueExternalType02Parent" runstate="Runnable" seed="295473971" result="Passed" start-time="2020-03-31 09:05:48Z" end-time="2020-03-31 09:05:48Z" duration="0.001934" asserts="3" />
      </test-suite>
      <test-suite type="TestFixture" id="0-1198" name="SpecOpaqueWithParam" fullname="Kaitai.SpecOpaqueWithParam" classname="Kaitai.SpecOpaqueWithParam" runstate="Runnable" testcasecount="1" result="Passed" start-time="2020-03-31 09:05:48Z" end-time="2020-03-31 09:05:48Z" duration="0.005071" total="1" passed="1" failed="0" inconclusive="0" skipped="0" asserts="2">
        <test-case id="0-1199" name="TestOpaqueWithParam" fullname="Kaitai.SpecOpaqueWithParam.TestOpaqueWithParam" methodname="TestOpaqueWithParam" classname="Kaitai.SpecOpaqueWithParam" runstate="Runnable" seed="569445518" result="Passed" start-time="2020-03-31 09:05:48Z" end-time="2020-03-31 09:05:48Z" duration="0.001504" asserts="2" />
      </test-suite>
      <test-suite type="TestFixture" id="0-1200" name="SpecOptionalId" fullname="Kaitai.SpecOptionalId" classname="Kaitai.SpecOptionalId" runstate="Runnable" testcasecount="1" result="Passed" start-time="2020-03-31 09:05:48Z" end-time="2020-03-31 09:05:48Z" duration="0.004996" total="1" passed="1" failed="0" inconclusive="0" skipped="0" asserts="3">
        <test-case id="0-1201" name="TestOptionalId" fullname="Kaitai.SpecOptionalId.TestOptionalId" methodname="TestOptionalId" classname="Kaitai.SpecOptionalId" runstate="Runnable" seed="1283212748" result="Passed" start-time="2020-03-31 09:05:48Z" end-time="2020-03-31 09:05:48Z" duration="0.001426" asserts="3" />
      </test-suite>
      <test-suite type="TestFixture" id="0-1202" name="SpecParamsCallExtraParens" fullname="Kaitai.SpecParamsCallExtraParens" classname="Kaitai.SpecParamsCallExtraParens" runstate="Runnable" testcasecount="1" result="Passed" start-time="2020-03-31 09:05:48Z" end-time="2020-03-31 09:05:48Z" duration="0.005025" total="1" passed="1" failed="0" inconclusive="0" skipped="0" asserts="1">
        <test-case id="0-1203" name="TestParamsCallExtraParens" fullname="Kaitai.SpecParamsCallExtraParens.TestParamsCallExtraParens" methodname="TestParamsCallExtraParens" classname="Kaitai.SpecParamsCallExtraParens" runstate="Runnable" seed="1932516095" result="Passed" start-time="2020-03-31 09:05:48Z" end-time="2020-03-31 09:05:48Z" duration="0.001472" asserts="1" />
      </test-suite>
      <test-suite type="TestFixture" id="0-1204" name="SpecParamsCallShort" fullname="Kaitai.SpecParamsCallShort" classname="Kaitai.SpecParamsCallShort" runstate="Runnable" testcasecount="1" result="Passed" start-time="2020-03-31 09:05:48Z" end-time="2020-03-31 09:05:48Z" duration="0.006312" total="1" passed="1" failed="0" inconclusive="0" skipped="0" asserts="3">
        <test-case id="0-1205" name="TestParamsCallShort" fullname="Kaitai.SpecParamsCallShort.TestParamsCallShort" methodname="TestParamsCallShort" classname="Kaitai.SpecParamsCallShort" runstate="Runnable" seed="848932604" result="Passed" start-time="2020-03-31 09:05:48Z" end-time="2020-03-31 09:05:48Z" duration="0.002702" asserts="3" />
      </test-suite>
      <test-suite type="TestFixture" id="0-1206" name="SpecParamsDef" fullname="Kaitai.SpecParamsDef" classname="Kaitai.SpecParamsDef" runstate="Runnable" testcasecount="1" result="Passed" start-time="2020-03-31 09:05:48Z" end-time="2020-03-31 09:05:48Z" duration="0.008468" total="1" passed="1" failed="0" inconclusive="0" skipped="0" asserts="2">
        <test-case id="0-1207" name="TestParamsDef" fullname="Kaitai.SpecParamsDef.TestParamsDef" methodname="TestParamsDef" classname="Kaitai.SpecParamsDef" runstate="Runnable" seed="205845824" result="Passed" start-time="2020-03-31 09:05:48Z" end-time="2020-03-31 09:05:48Z" duration="0.000877" asserts="2" />
      </test-suite>
      <test-suite type="TestFixture" id="0-1208" name="SpecParamsEnum" fullname="Kaitai.SpecParamsEnum" classname="Kaitai.SpecParamsEnum" runstate="Runnable" testcasecount="1" result="Passed" start-time="2020-03-31 09:05:48Z" end-time="2020-03-31 09:05:48Z" duration="0.005927" total="1" passed="1" failed="0" inconclusive="0" skipped="0" asserts="2">
        <test-case id="0-1209" name="TestParamsEnum" fullname="Kaitai.SpecParamsEnum.TestParamsEnum" methodname="TestParamsEnum" classname="Kaitai.SpecParamsEnum" runstate="Runnable" seed="542436146" result="Passed" start-time="2020-03-31 09:05:48Z" end-time="2020-03-31 09:05:48Z" duration="0.001270" asserts="2" />
      </test-suite>
      <test-suite type="TestFixture" id="0-1210" name="SpecParamsPassUsertype" fullname="Kaitai.SpecParamsPassUsertype" classname="Kaitai.SpecParamsPassUsertype" runstate="Runnable" testcasecount="1" result="Passed" start-time="2020-03-31 09:05:48Z" end-time="2020-03-31 09:05:48Z" duration="0.007929" total="1" passed="1" failed="0" inconclusive="0" skipped="0" asserts="2">
        <test-case id="0-1211" name="TestParamsPassUsertype" fullname="Kaitai.SpecParamsPassUsertype.TestParamsPassUsertype" methodname="TestParamsPassUsertype" classname="Kaitai.SpecParamsPassUsertype" runstate="Runnable" seed="1679459201" result="Passed" start-time="2020-03-31 09:05:48Z" end-time="2020-03-31 09:05:48Z" duration="0.002253" asserts="2" />
      </test-suite>
      <test-suite type="TestFixture" id="0-1212" name="SpecPositionAbs" fullname="Kaitai.SpecPositionAbs" classname="Kaitai.SpecPositionAbs" runstate="Runnable" testcasecount="1" result="Passed" start-time="2020-03-31 09:05:48Z" end-time="2020-03-31 09:05:48Z" duration="0.004985" total="1" passed="1" failed="0" inconclusive="0" skipped="0" asserts="2">
        <test-case id="0-1213" name="TestPositionAbs" fullname="Kaitai.SpecPositionAbs.TestPositionAbs" methodname="TestPositionAbs" classname="Kaitai.SpecPositionAbs" runstate="Runnable" seed="204276675" result="Passed" start-time="2020-03-31 09:05:48Z" end-time="2020-03-31 09:05:48Z" duration="0.001589" asserts="2" />
      </test-suite>
      <test-suite type="TestFixture" id="0-1214" name="SpecPositionInSeq" fullname="Kaitai.SpecPositionInSeq" classname="Kaitai.SpecPositionInSeq" runstate="Runnable" testcasecount="1" result="Passed" start-time="2020-03-31 09:05:48Z" end-time="2020-03-31 09:05:48Z" duration="0.005021" total="1" passed="1" failed="0" inconclusive="0" skipped="0" asserts="1">
        <test-case id="0-1215" name="TestPositionInSeq" fullname="Kaitai.SpecPositionInSeq.TestPositionInSeq" methodname="TestPositionInSeq" classname="Kaitai.SpecPositionInSeq" runstate="Runnable" seed="1962539629" result="Passed" start-time="2020-03-31 09:05:48Z" end-time="2020-03-31 09:05:48Z" duration="0.001789" asserts="1" />
      </test-suite>
      <test-suite type="TestFixture" id="0-1216" name="SpecPositionToEnd" fullname="Kaitai.SpecPositionToEnd" classname="Kaitai.SpecPositionToEnd" runstate="Runnable" testcasecount="1" result="Passed" start-time="2020-03-31 09:05:48Z" end-time="2020-03-31 09:05:48Z" duration="0.005002" total="1" passed="1" failed="0" inconclusive="0" skipped="0" asserts="2">
        <test-case id="0-1217" name="TestPositionToEnd" fullname="Kaitai.SpecPositionToEnd.TestPositionToEnd" methodname="TestPositionToEnd" classname="Kaitai.SpecPositionToEnd" runstate="Runnable" seed="1811042325" result="Passed" start-time="2020-03-31 09:05:48Z" end-time="2020-03-31 09:05:48Z" duration="0.001426" asserts="2" />
      </test-suite>
      <test-suite type="TestFixture" id="0-1218" name="SpecProcessCoerceBytes" fullname="Kaitai.SpecProcessCoerceBytes" classname="Kaitai.SpecProcessCoerceBytes" runstate="Runnable" testcasecount="1" result="Passed" start-time="2020-03-31 09:05:48Z" end-time="2020-03-31 09:05:48Z" duration="0.007021" total="1" passed="1" failed="0" inconclusive="0" skipped="0" asserts="4">
        <test-case id="0-1219" name="TestProcessCoerceBytes" fullname="Kaitai.SpecProcessCoerceBytes.TestProcessCoerceBytes" methodname="TestProcessCoerceBytes" classname="Kaitai.SpecProcessCoerceBytes" runstate="Runnable" seed="1564918836" result="Passed" start-time="2020-03-31 09:05:48Z" end-time="2020-03-31 09:05:48Z" duration="0.003338" asserts="4" />
      </test-suite>
      <test-suite type="TestFixture" id="0-1220" name="SpecProcessCoerceSwitch" fullname="Kaitai.SpecProcessCoerceSwitch" classname="Kaitai.SpecProcessCoerceSwitch" runstate="Runnable" testcasecount="1" result="Passed" start-time="2020-03-31 09:05:48Z" end-time="2020-03-31 09:05:48Z" duration="0.005997" total="1" passed="1" failed="0" inconclusive="0" skipped="0" asserts="3">
        <test-case id="0-1221" name="TestProcessCoerceSwitch" fullname="Kaitai.SpecProcessCoerceSwitch.TestProcessCoerceSwitch" methodname="TestProcessCoerceSwitch" classname="Kaitai.SpecProcessCoerceSwitch" runstate="Runnable" seed="1249752212" result="Passed" start-time="2020-03-31 09:05:48Z" end-time="2020-03-31 09:05:48Z" duration="0.001953" asserts="3" />
      </test-suite>
      <test-suite type="TestFixture" id="0-1222" name="SpecProcessCoerceUsertype1" fullname="Kaitai.SpecProcessCoerceUsertype1" classname="Kaitai.SpecProcessCoerceUsertype1" runstate="Runnable" testcasecount="1" result="Passed" start-time="2020-03-31 09:05:48Z" end-time="2020-03-31 09:05:48Z" duration="0.005927" total="1" passed="1" failed="0" inconclusive="0" skipped="0" asserts="4">
        <test-case id="0-1223" name="TestProcessCoerceUsertype1" fullname="Kaitai.SpecProcessCoerceUsertype1.TestProcessCoerceUsertype1" methodname="TestProcessCoerceUsertype1" classname="Kaitai.SpecProcessCoerceUsertype1" runstate="Runnable" seed="2079850238" result="Passed" start-time="2020-03-31 09:05:48Z" end-time="2020-03-31 09:05:48Z" duration="0.002237" asserts="4" />
      </test-suite>
      <test-suite type="TestFixture" id="0-1224" name="SpecProcessCoerceUsertype2" fullname="Kaitai.SpecProcessCoerceUsertype2" classname="Kaitai.SpecProcessCoerceUsertype2" runstate="Runnable" testcasecount="1" result="Passed" start-time="2020-03-31 09:05:48Z" end-time="2020-03-31 09:05:48Z" duration="0.008075" total="1" passed="1" failed="0" inconclusive="0" skipped="0" asserts="4">
        <test-case id="0-1225" name="TestProcessCoerceUsertype2" fullname="Kaitai.SpecProcessCoerceUsertype2.TestProcessCoerceUsertype2" methodname="TestProcessCoerceUsertype2" classname="Kaitai.SpecProcessCoerceUsertype2" runstate="Runnable" seed="1438014224" result="Passed" start-time="2020-03-31 09:05:48Z" end-time="2020-03-31 09:05:48Z" duration="0.004197" asserts="4" />
      </test-suite>
      <test-suite type="TestFixture" id="0-1226" name="SpecProcessCustom" fullname="Kaitai.SpecProcessCustom" classname="Kaitai.SpecProcessCustom" runstate="Runnable" testcasecount="1" result="Passed" start-time="2020-03-31 09:05:48Z" end-time="2020-03-31 09:05:48Z" duration="0.007029" total="1" passed="1" failed="0" inconclusive="0" skipped="0" asserts="3">
        <test-case id="0-1227" name="TestProcessCustom" fullname="Kaitai.SpecProcessCustom.TestProcessCustom" methodname="TestProcessCustom" classname="Kaitai.SpecProcessCustom" runstate="Runnable" seed="704166198" result="Passed" start-time="2020-03-31 09:05:48Z" end-time="2020-03-31 09:05:48Z" duration="0.003086" asserts="3" />
      </test-suite>
      <test-suite type="TestFixture" id="0-1228" name="SpecProcessCustomNoArgs" fullname="Kaitai.SpecProcessCustomNoArgs" classname="Kaitai.SpecProcessCustomNoArgs" runstate="Runnable" testcasecount="1" result="Passed" start-time="2020-03-31 09:05:48Z" end-time="2020-03-31 09:05:48Z" duration="0.005120" total="1" passed="1" failed="0" inconclusive="0" skipped="0" asserts="1">
        <test-case id="0-1229" name="TestProcessCustomNoArgs" fullname="Kaitai.SpecProcessCustomNoArgs.TestProcessCustomNoArgs" methodname="TestProcessCustomNoArgs" classname="Kaitai.SpecProcessCustomNoArgs" runstate="Runnable" seed="895681226" result="Passed" start-time="2020-03-31 09:05:48Z" end-time="2020-03-31 09:05:48Z" duration="0.001694" asserts="1" />
      </test-suite>
      <test-suite type="TestFixture" id="0-1230" name="SpecProcessRepeatBytes" fullname="Kaitai.SpecProcessRepeatBytes" classname="Kaitai.SpecProcessRepeatBytes" runstate="Runnable" testcasecount="1" result="Passed" start-time="2020-03-31 09:05:48Z" end-time="2020-03-31 09:05:48Z" duration="0.005252" total="1" passed="1" failed="0" inconclusive="0" skipped="0" asserts="2">
        <test-case id="0-1231" name="TestProcessRepeatBytes" fullname="Kaitai.SpecProcessRepeatBytes.TestProcessRepeatBytes" methodname="TestProcessRepeatBytes" classname="Kaitai.SpecProcessRepeatBytes" runstate="Runnable" seed="1943858918" result="Passed" start-time="2020-03-31 09:05:48Z" end-time="2020-03-31 09:05:48Z" duration="0.001797" asserts="2" />
      </test-suite>
      <test-suite type="TestFixture" id="0-1232" name="SpecProcessRepeatUsertype" fullname="Kaitai.SpecProcessRepeatUsertype" classname="Kaitai.SpecProcessRepeatUsertype" runstate="Runnable" testcasecount="1" result="Passed" start-time="2020-03-31 09:05:48Z" end-time="2020-03-31 09:05:48Z" duration="0.005974" total="1" passed="1" failed="0" inconclusive="0" skipped="0" asserts="4">
        <test-case id="0-1233" name="TestProcessRepeatUsertype" fullname="Kaitai.SpecProcessRepeatUsertype.TestProcessRepeatUsertype" methodname="TestProcessRepeatUsertype" classname="Kaitai.SpecProcessRepeatUsertype" runstate="Runnable" seed="219376206" result="Passed" start-time="2020-03-31 09:05:48Z" end-time="2020-03-31 09:05:48Z" duration="0.002932" asserts="4" />
      </test-suite>
      <test-suite type="TestFixture" id="0-1234" name="SpecProcessRotate" fullname="Kaitai.SpecProcessRotate" classname="Kaitai.SpecProcessRotate" runstate="Runnable" testcasecount="1" result="Passed" start-time="2020-03-31 09:05:48Z" end-time="2020-03-31 09:05:48Z" duration="0.006010" total="1" passed="1" failed="0" inconclusive="0" skipped="0" asserts="3">
        <test-case id="0-1235" name="TestProcessRotate" fullname="Kaitai.SpecProcessRotate.TestProcessRotate" methodname="TestProcessRotate" classname="Kaitai.SpecProcessRotate" runstate="Runnable" seed="2034872113" result="Passed" start-time="2020-03-31 09:05:48Z" end-time="2020-03-31 09:05:48Z" duration="0.002431" asserts="3" />
      </test-suite>
      <test-suite type="TestFixture" id="0-1236" name="SpecProcessToUser" fullname="Kaitai.SpecProcessToUser" classname="Kaitai.SpecProcessToUser" runstate="Runnable" testcasecount="1" result="Passed" start-time="2020-03-31 09:05:48Z" end-time="2020-03-31 09:05:48Z" duration="0.005017" total="1" passed="1" failed="0" inconclusive="0" skipped="0" asserts="1">
        <test-case id="0-1237" name="TestProcessToUser" fullname="Kaitai.SpecProcessToUser.TestProcessToUser" methodname="TestProcessToUser" classname="Kaitai.SpecProcessToUser" runstate="Runnable" seed="263631454" result="Passed" start-time="2020-03-31 09:05:48Z" end-time="2020-03-31 09:05:48Z" duration="0.001712" asserts="1" />
      </test-suite>
      <test-suite type="TestFixture" id="0-1238" name="SpecProcessXor4Const" fullname="Kaitai.SpecProcessXor4Const" classname="Kaitai.SpecProcessXor4Const" runstate="Runnable" testcasecount="1" result="Passed" start-time="2020-03-31 09:05:48Z" end-time="2020-03-31 09:05:48Z" duration="0.005410" total="1" passed="1" failed="0" inconclusive="0" skipped="0" asserts="2">
        <test-case id="0-1239" name="TestProcessXor4Const" fullname="Kaitai.SpecProcessXor4Const.TestProcessXor4Const" methodname="TestProcessXor4Const" classname="Kaitai.SpecProcessXor4Const" runstate="Runnable" seed="694497992" result="Passed" start-time="2020-03-31 09:05:48Z" end-time="2020-03-31 09:05:48Z" duration="0.001682" asserts="2" />
      </test-suite>
      <test-suite type="TestFixture" id="0-1240" name="SpecProcessXor4Value" fullname="Kaitai.SpecProcessXor4Value" classname="Kaitai.SpecProcessXor4Value" runstate="Runnable" testcasecount="1" result="Passed" start-time="2020-03-31 09:05:48Z" end-time="2020-03-31 09:05:48Z" duration="0.005021" total="1" passed="1" failed="0" inconclusive="0" skipped="0" asserts="2">
        <test-case id="0-1241" name="TestProcessXor4Value" fullname="Kaitai.SpecProcessXor4Value.TestProcessXor4Value" methodname="TestProcessXor4Value" classname="Kaitai.SpecProcessXor4Value" runstate="Runnable" seed="1209274477" result="Passed" start-time="2020-03-31 09:05:48Z" end-time="2020-03-31 09:05:48Z" duration="0.001413" asserts="2" />
      </test-suite>
      <test-suite type="TestFixture" id="0-1242" name="SpecProcessXorConst" fullname="Kaitai.SpecProcessXorConst" classname="Kaitai.SpecProcessXorConst" runstate="Runnable" testcasecount="1" result="Passed" start-time="2020-03-31 09:05:48Z" end-time="2020-03-31 09:05:48Z" duration="0.005022" total="1" passed="1" failed="0" inconclusive="0" skipped="0" asserts="2">
        <test-case id="0-1243" name="TestProcessXorConst" fullname="Kaitai.SpecProcessXorConst.TestProcessXorConst" methodname="TestProcessXorConst" classname="Kaitai.SpecProcessXorConst" runstate="Runnable" seed="902744805" result="Passed" start-time="2020-03-31 09:05:48Z" end-time="2020-03-31 09:05:48Z" duration="0.001262" asserts="2" />
      </test-suite>
      <test-suite type="TestFixture" id="0-1244" name="SpecProcessXorValue" fullname="Kaitai.SpecProcessXorValue" classname="Kaitai.SpecProcessXorValue" runstate="Runnable" testcasecount="1" result="Passed" start-time="2020-03-31 09:05:48Z" end-time="2020-03-31 09:05:48Z" duration="0.005012" total="1" passed="1" failed="0" inconclusive="0" skipped="0" asserts="2">
        <test-case id="0-1245" name="TestProcessXorValue" fullname="Kaitai.SpecProcessXorValue.TestProcessXorValue" methodname="TestProcessXorValue" classname="Kaitai.SpecProcessXorValue" runstate="Runnable" seed="285073049" result="Passed" start-time="2020-03-31 09:05:48Z" end-time="2020-03-31 09:05:48Z" duration="0.001126" asserts="2" />
      </test-suite>
      <test-suite type="TestFixture" id="0-1246" name="SpecRecursiveOne" fullname="Kaitai.SpecRecursiveOne" classname="Kaitai.SpecRecursiveOne" runstate="Runnable" testcasecount="1" result="Passed" start-time="2020-03-31 09:05:48Z" end-time="2020-03-31 09:05:48Z" duration="0.006016" total="1" passed="1" failed="0" inconclusive="0" skipped="0" asserts="4">
        <test-case id="0-1247" name="TestRecursiveOne" fullname="Kaitai.SpecRecursiveOne.TestRecursiveOne" methodname="TestRecursiveOne" classname="Kaitai.SpecRecursiveOne" runstate="Runnable" seed="2091938395" result="Passed" start-time="2020-03-31 09:05:48Z" end-time="2020-03-31 09:05:48Z" duration="0.001991" asserts="4" />
      </test-suite>
      <test-suite type="TestFixture" id="0-1248" name="SpecRepeatEosBit" fullname="Kaitai.SpecRepeatEosBit" classname="Kaitai.SpecRepeatEosBit" runstate="Runnable" testcasecount="1" result="Passed" start-time="2020-03-31 09:05:48Z" end-time="2020-03-31 09:05:48Z" duration="0.005019" total="1" passed="1" failed="0" inconclusive="0" skipped="0" asserts="1">
        <test-case id="0-1249" name="TestRepeatEosBit" fullname="Kaitai.SpecRepeatEosBit.TestRepeatEosBit" methodname="TestRepeatEosBit" classname="Kaitai.SpecRepeatEosBit" runstate="Runnable" seed="1770860100" result="Passed" start-time="2020-03-31 09:05:48Z" end-time="2020-03-31 09:05:48Z" duration="0.001219" asserts="1" />
      </test-suite>
      <test-suite type="TestFixture" id="0-1250" name="SpecRepeatEosStruct" fullname="Kaitai.SpecRepeatEosStruct" classname="Kaitai.SpecRepeatEosStruct" runstate="Runnable" testcasecount="1" result="Passed" start-time="2020-03-31 09:05:48Z" end-time="2020-03-31 09:05:48Z" duration="0.006132" total="1" passed="1" failed="0" inconclusive="0" skipped="0" asserts="5">
        <test-case id="0-1251" name="TestRepeatEosStruct" fullname="Kaitai.SpecRepeatEosStruct.TestRepeatEosStruct" methodname="TestRepeatEosStruct" classname="Kaitai.SpecRepeatEosStruct" runstate="Runnable" seed="952008228" result="Passed" start-time="2020-03-31 09:05:48Z" end-time="2020-03-31 09:05:48Z" duration="0.002723" asserts="5" />
      </test-suite>
      <test-suite type="TestFixture" id="0-1252" name="SpecRepeatEosU4" fullname="Kaitai.SpecRepeatEosU4" classname="Kaitai.SpecRepeatEosU4" runstate="Runnable" testcasecount="1" result="Passed" start-time="2020-03-31 09:05:48Z" end-time="2020-03-31 09:05:48Z" duration="0.004998" total="1" passed="1" failed="0" inconclusive="0" skipped="0" asserts="1">
        <test-case id="0-1253" name="TestRepeatEosU4" fullname="Kaitai.SpecRepeatEosU4.TestRepeatEosU4" methodname="TestRepeatEosU4" classname="Kaitai.SpecRepeatEosU4" runstate="Runnable" seed="1742684462" result="Passed" start-time="2020-03-31 09:05:48Z" end-time="2020-03-31 09:05:48Z" duration="0.001343" asserts="1" />
      </test-suite>
      <test-suite type="TestFixture" id="0-1254" name="SpecRepeatNStruct" fullname="Kaitai.SpecRepeatNStruct" classname="Kaitai.SpecRepeatNStruct" runstate="Runnable" testcasecount="1" result="Passed" start-time="2020-03-31 09:05:48Z" end-time="2020-03-31 09:05:48Z" duration="0.006042" total="1" passed="1" failed="0" inconclusive="0" skipped="0" asserts="5">
        <test-case id="0-1255" name="TestRepeatNStruct" fullname="Kaitai.SpecRepeatNStruct.TestRepeatNStruct" methodname="TestRepeatNStruct" classname="Kaitai.SpecRepeatNStruct" runstate="Runnable" seed="1041545366" result="Passed" start-time="2020-03-31 09:05:48Z" end-time="2020-03-31 09:05:48Z" duration="0.002683" asserts="5" />
      </test-suite>
      <test-suite type="TestFixture" id="0-1256" name="SpecRepeatNStrz" fullname="Kaitai.SpecRepeatNStrz" classname="Kaitai.SpecRepeatNStrz" runstate="Runnable" testcasecount="1" result="Passed" start-time="2020-03-31 09:05:48Z" end-time="2020-03-31 09:05:48Z" duration="0.004960" total="1" passed="1" failed="0" inconclusive="0" skipped="0" asserts="2">
        <test-case id="0-1257" name="TestRepeatNStrz" fullname="Kaitai.SpecRepeatNStrz.TestRepeatNStrz" methodname="TestRepeatNStrz" classname="Kaitai.SpecRepeatNStrz" runstate="Runnable" seed="659804219" result="Passed" start-time="2020-03-31 09:05:48Z" end-time="2020-03-31 09:05:48Z" duration="0.001615" asserts="2" />
      </test-suite>
      <test-suite type="TestFixture" id="0-1258" name="SpecRepeatNStrzDouble" fullname="Kaitai.SpecRepeatNStrzDouble" classname="Kaitai.SpecRepeatNStrzDouble" runstate="Runnable" testcasecount="1" result="Passed" start-time="2020-03-31 09:05:48Z" end-time="2020-03-31 09:05:48Z" duration="0.004974" total="1" passed="1" failed="0" inconclusive="0" skipped="0" asserts="3">
        <test-case id="0-1259" name="TestRepeatNStrzDouble" fullname="Kaitai.SpecRepeatNStrzDouble.TestRepeatNStrzDouble" methodname="TestRepeatNStrzDouble" classname="Kaitai.SpecRepeatNStrzDouble" runstate="Runnable" seed="251821906" result="Passed" start-time="2020-03-31 09:05:48Z" end-time="2020-03-31 09:05:48Z" duration="0.001948" asserts="3" />
      </test-suite>
      <test-suite type="TestFixture" id="0-1260" name="SpecRepeatUntilComplex" fullname="Kaitai.SpecRepeatUntilComplex" classname="Kaitai.SpecRepeatUntilComplex" runstate="Runnable" testcasecount="1" result="Passed" start-time="2020-03-31 09:05:48Z" end-time="2020-03-31 09:05:48Z" duration="0.009011" total="1" passed="1" failed="0" inconclusive="0" skipped="0" asserts="15">
        <test-case id="0-1261" name="TestRepeatUntilComplex" fullname="Kaitai.SpecRepeatUntilComplex.TestRepeatUntilComplex" methodname="TestRepeatUntilComplex" classname="Kaitai.SpecRepeatUntilComplex" runstate="Runnable" seed="1846836620" result="Passed" start-time="2020-03-31 09:05:48Z" end-time="2020-03-31 09:05:48Z" duration="0.005035" asserts="15" />
      </test-suite>
      <test-suite type="TestFixture" id="0-1262" name="SpecRepeatUntilS4" fullname="Kaitai.SpecRepeatUntilS4" classname="Kaitai.SpecRepeatUntilS4" runstate="Runnable" testcasecount="1" result="Passed" start-time="2020-03-31 09:05:48Z" end-time="2020-03-31 09:05:48Z" duration="0.006433" total="1" passed="1" failed="0" inconclusive="0" skipped="0" asserts="2">
        <test-case id="0-1263" name="TestRepeatUntilS4" fullname="Kaitai.SpecRepeatUntilS4.TestRepeatUntilS4" methodname="TestRepeatUntilS4" classname="Kaitai.SpecRepeatUntilS4" runstate="Runnable" seed="1847979705" result="Passed" start-time="2020-03-31 09:05:48Z" end-time="2020-03-31 09:05:48Z" duration="0.001374" asserts="2" />
      </test-suite>
      <test-suite type="TestFixture" id="0-1264" name="SpecRepeatUntilSized" fullname="Kaitai.SpecRepeatUntilSized" classname="Kaitai.SpecRepeatUntilSized" runstate="Runnable" testcasecount="1" result="Passed" start-time="2020-03-31 09:05:48Z" end-time="2020-03-31 09:05:48Z" duration="0.015004" total="1" passed="1" failed="0" inconclusive="0" skipped="0" asserts="7">
        <test-case id="0-1265" name="TestRepeatUntilSized" fullname="Kaitai.SpecRepeatUntilSized.TestRepeatUntilSized" methodname="TestRepeatUntilSized" classname="Kaitai.SpecRepeatUntilSized" runstate="Runnable" seed="9090710" result="Passed" start-time="2020-03-31 09:05:48Z" end-time="2020-03-31 09:05:48Z" duration="0.001940" asserts="7" />
      </test-suite>
      <test-suite type="TestFixture" id="0-1266" name="SpecStrCombine" fullname="Kaitai.SpecStrCombine" classname="Kaitai.SpecStrCombine" runstate="Runnable" testcasecount="1" result="Passed" start-time="2020-03-31 09:05:48Z" end-time="2020-03-31 09:05:48Z" duration="0.006007" total="1" passed="1" failed="0" inconclusive="0" skipped="0" asserts="15">
        <test-case id="0-1267" name="TestStrCombine" fullname="Kaitai.SpecStrCombine.TestStrCombine" methodname="TestStrCombine" classname="Kaitai.SpecStrCombine" runstate="Runnable" seed="2034494918" result="Passed" start-time="2020-03-31 09:05:48Z" end-time="2020-03-31 09:05:48Z" duration="0.002600" asserts="15" />
      </test-suite>
      <test-suite type="TestFixture" id="0-1268" name="SpecStrEncodings" fullname="Kaitai.SpecStrEncodings" classname="Kaitai.SpecStrEncodings" runstate="Runnable" testcasecount="1" result="Passed" start-time="2020-03-31 09:05:48Z" end-time="2020-03-31 09:05:48Z" duration="0.005994" total="1" passed="1" failed="0" inconclusive="0" skipped="0" asserts="4">
        <test-case id="0-1269" name="TestStrEncodings" fullname="Kaitai.SpecStrEncodings.TestStrEncodings" methodname="TestStrEncodings" classname="Kaitai.SpecStrEncodings" runstate="Runnable" seed="1273891663" result="Passed" start-time="2020-03-31 09:05:48Z" end-time="2020-03-31 09:05:48Z" duration="0.002907" asserts="4" />
      </test-suite>
      <test-suite type="TestFixture" id="0-1270" name="SpecStrEncodingsDefault" fullname="Kaitai.SpecStrEncodingsDefault" classname="Kaitai.SpecStrEncodingsDefault" runstate="Runnable" testcasecount="1" result="Passed" start-time="2020-03-31 09:05:48Z" end-time="2020-03-31 09:05:48Z" duration="0.007020" total="1" passed="1" failed="0" inconclusive="0" skipped="0" asserts="4">
        <test-case id="0-1271" name="TestStrEncodingsDefault" fullname="Kaitai.SpecStrEncodingsDefault.TestStrEncodingsDefault" methodname="TestStrEncodingsDefault" classname="Kaitai.SpecStrEncodingsDefault" runstate="Runnable" seed="1790793026" result="Passed" start-time="2020-03-31 09:05:48Z" end-time="2020-03-31 09:05:48Z" duration="0.003092" asserts="4" />
      </test-suite>
      <test-suite type="TestFixture" id="0-1272" name="SpecStrEos" fullname="Kaitai.SpecStrEos" classname="Kaitai.SpecStrEos" runstate="Runnable" testcasecount="1" result="Passed" start-time="2020-03-31 09:05:48Z" end-time="2020-03-31 09:05:48Z" duration="0.004009" total="1" passed="1" failed="0" inconclusive="0" skipped="0" asserts="1">
        <test-case id="0-1273" name="TestStrEos" fullname="Kaitai.SpecStrEos.TestStrEos" methodname="TestStrEos" classname="Kaitai.SpecStrEos" runstate="Runnable" seed="1162793236" result="Passed" start-time="2020-03-31 09:05:48Z" end-time="2020-03-31 09:05:48Z" duration="0.000920" asserts="1" />
      </test-suite>
      <test-suite type="TestFixture" id="0-1274" name="SpecStrLiterals" fullname="Kaitai.SpecStrLiterals" classname="Kaitai.SpecStrLiterals" runstate="Runnable" testcasecount="1" result="Passed" start-time="2020-03-31 09:05:48Z" end-time="2020-03-31 09:05:48Z" duration="0.015004" total="1" passed="1" failed="0" inconclusive="0" skipped="0" asserts="5">
        <test-case id="0-1275" name="TestStrLiterals" fullname="Kaitai.SpecStrLiterals.TestStrLiterals" methodname="TestStrLiterals" classname="Kaitai.SpecStrLiterals" runstate="Runnable" seed="305586231" result="Passed" start-time="2020-03-31 09:05:48Z" end-time="2020-03-31 09:05:48Z" duration="0.011769" asserts="5" />
      </test-suite>
      <test-suite type="TestFixture" id="0-1276" name="SpecStrLiterals2" fullname="Kaitai.SpecStrLiterals2" classname="Kaitai.SpecStrLiterals2" runstate="Runnable" testcasecount="1" result="Passed" start-time="2020-03-31 09:05:48Z" end-time="2020-03-31 09:05:48Z" duration="0.005019" total="1" passed="1" failed="0" inconclusive="0" skipped="0" asserts="4">
        <test-case id="0-1277" name="TestStrLiterals2" fullname="Kaitai.SpecStrLiterals2.TestStrLiterals2" methodname="TestStrLiterals2" classname="Kaitai.SpecStrLiterals2" runstate="Runnable" seed="736603733" result="Passed" start-time="2020-03-31 09:05:48Z" end-time="2020-03-31 09:05:48Z" duration="0.001451" asserts="4" />
      </test-suite>
      <test-suite type="TestFixture" id="0-1278" name="SpecStrPadTerm" fullname="Kaitai.SpecStrPadTerm" classname="Kaitai.SpecStrPadTerm" runstate="Runnable" testcasecount="1" result="Passed" start-time="2020-03-31 09:05:48Z" end-time="2020-03-31 09:05:48Z" duration="0.005012" total="1" passed="1" failed="0" inconclusive="0" skipped="0" asserts="4">
        <test-case id="0-1279" name="TestStrPadTerm" fullname="Kaitai.SpecStrPadTerm.TestStrPadTerm" methodname="TestStrPadTerm" classname="Kaitai.SpecStrPadTerm" runstate="Runnable" seed="483166518" result="Passed" start-time="2020-03-31 09:05:48Z" end-time="2020-03-31 09:05:48Z" duration="0.001689" asserts="4" />
      </test-suite>
      <test-suite type="TestFixture" id="0-1280" name="SpecStrPadTermEmpty" fullname="Kaitai.SpecStrPadTermEmpty" classname="Kaitai.SpecStrPadTermEmpty" runstate="Runnable" testcasecount="1" result="Passed" start-time="2020-03-31 09:05:48Z" end-time="2020-03-31 09:05:48Z" duration="0.005992" total="1" passed="1" failed="0" inconclusive="0" skipped="0" asserts="4">
        <test-case id="0-1281" name="TestStrPadTermEmpty" fullname="Kaitai.SpecStrPadTermEmpty.TestStrPadTermEmpty" methodname="TestStrPadTermEmpty" classname="Kaitai.SpecStrPadTermEmpty" runstate="Runnable" seed="102531616" result="Passed" start-time="2020-03-31 09:05:48Z" end-time="2020-03-31 09:05:48Z" duration="0.001481" asserts="4" />
      </test-suite>
      <test-suite type="TestFixture" id="0-1282" name="SpecSwitchBytearray" fullname="Kaitai.SpecSwitchBytearray" classname="Kaitai.SpecSwitchBytearray" runstate="Runnable" testcasecount="1" result="Passed" start-time="2020-03-31 09:05:48Z" end-time="2020-03-31 09:05:48Z" duration="0.007018" total="1" passed="1" failed="0" inconclusive="0" skipped="0" asserts="9">
        <test-case id="0-1283" name="TestSwitchBytearray" fullname="Kaitai.SpecSwitchBytearray.TestSwitchBytearray" methodname="TestSwitchBytearray" classname="Kaitai.SpecSwitchBytearray" runstate="Runnable" seed="38733547" result="Passed" start-time="2020-03-31 09:05:48Z" end-time="2020-03-31 09:05:48Z" duration="0.003952" asserts="9" />
      </test-suite>
      <test-suite type="TestFixture" id="0-1284" name="SpecSwitchCast" fullname="Kaitai.SpecSwitchCast" classname="Kaitai.SpecSwitchCast" runstate="Runnable" testcasecount="1" result="Passed" start-time="2020-03-31 09:05:48Z" end-time="2020-03-31 09:05:48Z" duration="0.010876" total="1" passed="1" failed="0" inconclusive="0" skipped="0" asserts="3">
        <test-case id="0-1285" name="TestSwitchCast" fullname="Kaitai.SpecSwitchCast.TestSwitchCast" methodname="TestSwitchCast" classname="Kaitai.SpecSwitchCast" runstate="Runnable" seed="966409936" result="Passed" start-time="2020-03-31 09:05:48Z" end-time="2020-03-31 09:05:48Z" duration="0.007623" asserts="3" />
      </test-suite>
      <test-suite type="TestFixture" id="0-1286" name="SpecSwitchElseOnly" fullname="Kaitai.SpecSwitchElseOnly" classname="Kaitai.SpecSwitchElseOnly" runstate="Runnable" testcasecount="1" result="Passed" start-time="2020-03-31 09:05:48Z" end-time="2020-03-31 09:05:48Z" duration="0.006005" total="1" passed="1" failed="0" inconclusive="0" skipped="0" asserts="4">
        <test-case id="0-1287" name="TestSwitchElseOnly" fullname="Kaitai.SpecSwitchElseOnly.TestSwitchElseOnly" methodname="TestSwitchElseOnly" classname="Kaitai.SpecSwitchElseOnly" runstate="Runnable" seed="1220506634" result="Passed" start-time="2020-03-31 09:05:48Z" end-time="2020-03-31 09:05:48Z" duration="0.002224" asserts="4" />
      </test-suite>
      <test-suite type="TestFixture" id="0-1288" name="SpecSwitchIntegers" fullname="Kaitai.SpecSwitchIntegers" classname="Kaitai.SpecSwitchIntegers" runstate="Runnable" testcasecount="1" result="Passed" start-time="2020-03-31 09:05:48Z" end-time="2020-03-31 09:05:48Z" duration="0.007024" total="1" passed="1" failed="0" inconclusive="0" skipped="0" asserts="9">
        <test-case id="0-1289" name="TestSwitchIntegers" fullname="Kaitai.SpecSwitchIntegers.TestSwitchIntegers" methodname="TestSwitchIntegers" classname="Kaitai.SpecSwitchIntegers" runstate="Runnable" seed="462118973" result="Passed" start-time="2020-03-31 09:05:48Z" end-time="2020-03-31 09:05:48Z" duration="0.003004" asserts="9" />
      </test-suite>
      <test-suite type="TestFixture" id="0-1290" name="SpecSwitchIntegers2" fullname="Kaitai.SpecSwitchIntegers2" classname="Kaitai.SpecSwitchIntegers2" runstate="Runnable" testcasecount="1" result="Passed" start-time="2020-03-31 09:05:48Z" end-time="2020-03-31 09:05:48Z" duration="0.006000" total="1" passed="1" failed="0" inconclusive="0" skipped="0" asserts="5">
        <test-case id="0-1291" name="TestSwitchIntegers2" fullname="Kaitai.SpecSwitchIntegers2.TestSwitchIntegers2" methodname="TestSwitchIntegers2" classname="Kaitai.SpecSwitchIntegers2" runstate="Runnable" seed="1518277282" result="Passed" start-time="2020-03-31 09:05:48Z" end-time="2020-03-31 09:05:48Z" duration="0.002639" asserts="5" />
      </test-suite>
      <test-suite type="TestFixture" id="0-1292" name="SpecSwitchManualEnum" fullname="Kaitai.SpecSwitchManualEnum" classname="Kaitai.SpecSwitchManualEnum" runstate="Runnable" testcasecount="1" result="Passed" start-time="2020-03-31 09:05:48Z" end-time="2020-03-31 09:05:48Z" duration="0.005992" total="1" passed="1" failed="0" inconclusive="0" skipped="0" asserts="9">
        <test-case id="0-1293" name="TestSwitchManualEnum" fullname="Kaitai.SpecSwitchManualEnum.TestSwitchManualEnum" methodname="TestSwitchManualEnum" classname="Kaitai.SpecSwitchManualEnum" runstate="Runnable" seed="35512459" result="Passed" start-time="2020-03-31 09:05:48Z" end-time="2020-03-31 09:05:48Z" duration="0.002781" asserts="9" />
      </test-suite>
      <test-suite type="TestFixture" id="0-1294" name="SpecSwitchManualEnumInvalid" fullname="Kaitai.SpecSwitchManualEnumInvalid" classname="Kaitai.SpecSwitchManualEnumInvalid" runstate="Runnable" testcasecount="1" result="Passed" start-time="2020-03-31 09:05:48Z" end-time="2020-03-31 09:05:48Z" duration="0.006018" total="1" passed="1" failed="0" inconclusive="0" skipped="0" asserts="5">
        <test-case id="0-1295" name="TestSwitchManualEnumInvalid" fullname="Kaitai.SpecSwitchManualEnumInvalid.TestSwitchManualEnumInvalid" methodname="TestSwitchManualEnumInvalid" classname="Kaitai.SpecSwitchManualEnumInvalid" runstate="Runnable" seed="1515660154" result="Passed" start-time="2020-03-31 09:05:48Z" end-time="2020-03-31 09:05:48Z" duration="0.002108" asserts="5" />
      </test-suite>
      <test-suite type="TestFixture" id="0-1296" name="SpecSwitchManualEnumInvalidElse" fullname="Kaitai.SpecSwitchManualEnumInvalidElse" classname="Kaitai.SpecSwitchManualEnumInvalidElse" runstate="Runnable" testcasecount="1" result="Passed" start-time="2020-03-31 09:05:48Z" end-time="2020-03-31 09:05:48Z" duration="0.007008" total="1" passed="1" failed="0" inconclusive="0" skipped="0" asserts="5">
        <test-case id="0-1297" name="TestSwitchManualEnumInvalidElse" fullname="Kaitai.SpecSwitchManualEnumInvalidElse.TestSwitchManualEnumInvalidElse" methodname="TestSwitchManualEnumInvalidElse" classname="Kaitai.SpecSwitchManualEnumInvalidElse" runstate="Runnable" seed="591165027" result="Passed" start-time="2020-03-31 09:05:48Z" end-time="2020-03-31 09:05:48Z" duration="0.003396" asserts="5" />
      </test-suite>
      <test-suite type="TestFixture" id="0-1298" name="SpecSwitchManualInt" fullname="Kaitai.SpecSwitchManualInt" classname="Kaitai.SpecSwitchManualInt" runstate="Runnable" testcasecount="1" result="Passed" start-time="2020-03-31 09:05:48Z" end-time="2020-03-31 09:05:48Z" duration="0.007014" total="1" passed="1" failed="0" inconclusive="0" skipped="0" asserts="9">
        <test-case id="0-1299" name="TestSwitchManualInt" fullname="Kaitai.SpecSwitchManualInt.TestSwitchManualInt" methodname="TestSwitchManualInt" classname="Kaitai.SpecSwitchManualInt" runstate="Runnable" seed="935511702" result="Passed" start-time="2020-03-31 09:05:48Z" end-time="2020-03-31 09:05:48Z" duration="0.003015" asserts="9" />
      </test-suite>
      <test-suite type="TestFixture" id="0-1300" name="SpecSwitchManualIntElse" fullname="Kaitai.SpecSwitchManualIntElse" classname="Kaitai.SpecSwitchManualIntElse" runstate="Runnable" testcasecount="1" result="Passed" start-time="2020-03-31 09:05:48Z" end-time="2020-03-31 09:05:48Z" duration="0.007076" total="1" passed="1" failed="0" inconclusive="0" skipped="0" asserts="9">
        <test-case id="0-1301" name="TestSwitchManualIntElse" fullname="Kaitai.SpecSwitchManualIntElse.TestSwitchManualIntElse" methodname="TestSwitchManualIntElse" classname="Kaitai.SpecSwitchManualIntElse" runstate="Runnable" seed="820527084" result="Passed" start-time="2020-03-31 09:05:48Z" end-time="2020-03-31 09:05:48Z" duration="0.003587" asserts="9" />
      </test-suite>
      <test-suite type="TestFixture" id="0-1302" name="SpecSwitchManualIntSize" fullname="Kaitai.SpecSwitchManualIntSize" classname="Kaitai.SpecSwitchManualIntSize" runstate="Runnable" testcasecount="1" result="Passed" start-time="2020-03-31 09:05:48Z" end-time="2020-03-31 09:05:48Z" duration="0.007008" total="1" passed="1" failed="0" inconclusive="0" skipped="0" asserts="10">
        <test-case id="0-1303" name="TestSwitchManualIntSize" fullname="Kaitai.SpecSwitchManualIntSize.TestSwitchManualIntSize" methodname="TestSwitchManualIntSize" classname="Kaitai.SpecSwitchManualIntSize" runstate="Runnable" seed="1372975945" result="Passed" start-time="2020-03-31 09:05:48Z" end-time="2020-03-31 09:05:48Z" duration="0.003417" asserts="10" />
      </test-suite>
      <test-suite type="TestFixture" id="0-1304" name="SpecSwitchManualIntSizeElse" fullname="Kaitai.SpecSwitchManualIntSizeElse" classname="Kaitai.SpecSwitchManualIntSizeElse" runstate="Runnable" testcasecount="1" result="Passed" start-time="2020-03-31 09:05:48Z" end-time="2020-03-31 09:05:48Z" duration="0.008019" total="1" passed="1" failed="0" inconclusive="0" skipped="0" asserts="10">
        <test-case id="0-1305" name="TestSwitchManualIntSizeElse" fullname="Kaitai.SpecSwitchManualIntSizeElse.TestSwitchManualIntSizeElse" methodname="TestSwitchManualIntSizeElse" classname="Kaitai.SpecSwitchManualIntSizeElse" runstate="Runnable" seed="1537044431" result="Passed" start-time="2020-03-31 09:05:48Z" end-time="2020-03-31 09:05:48Z" duration="0.004880" asserts="10" />
      </test-suite>
      <test-suite type="TestFixture" id="0-1306" name="SpecSwitchManualIntSizeEos" fullname="Kaitai.SpecSwitchManualIntSizeEos" classname="Kaitai.SpecSwitchManualIntSizeEos" runstate="Runnable" testcasecount="1" result="Passed" start-time="2020-03-31 09:05:48Z" end-time="2020-03-31 09:05:48Z" duration="0.009080" total="1" passed="1" failed="0" inconclusive="0" skipped="0" asserts="10">
        <test-case id="0-1307" name="TestSwitchManualIntSizeEos" fullname="Kaitai.SpecSwitchManualIntSizeEos.TestSwitchManualIntSizeEos" methodname="TestSwitchManualIntSizeEos" classname="Kaitai.SpecSwitchManualIntSizeEos" runstate="Runnable" seed="370909333" result="Passed" start-time="2020-03-31 09:05:48Z" end-time="2020-03-31 09:05:48Z" duration="0.005418" asserts="10" />
      </test-suite>
      <test-suite type="TestFixture" id="0-1308" name="SpecSwitchManualStr" fullname="Kaitai.SpecSwitchManualStr" classname="Kaitai.SpecSwitchManualStr" runstate="Runnable" testcasecount="1" result="Passed" start-time="2020-03-31 09:05:48Z" end-time="2020-03-31 09:05:48Z" duration="0.007961" total="1" passed="1" failed="0" inconclusive="0" skipped="0" asserts="9">
        <test-case id="0-1309" name="TestSwitchManualStr" fullname="Kaitai.SpecSwitchManualStr.TestSwitchManualStr" methodname="TestSwitchManualStr" classname="Kaitai.SpecSwitchManualStr" runstate="Runnable" seed="1120145059" result="Passed" start-time="2020-03-31 09:05:48Z" end-time="2020-03-31 09:05:48Z" duration="0.003878" asserts="9" />
      </test-suite>
      <test-suite type="TestFixture" id="0-1310" name="SpecSwitchManualStrElse" fullname="Kaitai.SpecSwitchManualStrElse" classname="Kaitai.SpecSwitchManualStrElse" runstate="Runnable" testcasecount="1" result="Passed" start-time="2020-03-31 09:05:48Z" end-time="2020-03-31 09:05:49Z" duration="0.007013" total="1" passed="1" failed="0" inconclusive="0" skipped="0" asserts="9">
        <test-case id="0-1311" name="TestSwitchManualStrElse" fullname="Kaitai.SpecSwitchManualStrElse.TestSwitchManualStrElse" methodname="TestSwitchManualStrElse" classname="Kaitai.SpecSwitchManualStrElse" runstate="Runnable" seed="2126992238" result="Passed" start-time="2020-03-31 09:05:48Z" end-time="2020-03-31 09:05:49Z" duration="0.003846" asserts="9" />
      </test-suite>
      <test-suite type="TestFixture" id="0-1312" name="SpecSwitchMultiBoolOps" fullname="Kaitai.SpecSwitchMultiBoolOps" classname="Kaitai.SpecSwitchMultiBoolOps" runstate="Runnable" testcasecount="1" result="Passed" start-time="2020-03-31 09:05:49Z" end-time="2020-03-31 09:05:49Z" duration="0.009490" total="1" passed="1" failed="0" inconclusive="0" skipped="0" asserts="9">
        <test-case id="0-1313" name="TestSwitchMultiBoolOps" fullname="Kaitai.SpecSwitchMultiBoolOps.TestSwitchMultiBoolOps" methodname="TestSwitchMultiBoolOps" classname="Kaitai.SpecSwitchMultiBoolOps" runstate="Runnable" seed="1051402967" result="Passed" start-time="2020-03-31 09:05:49Z" end-time="2020-03-31 09:05:49Z" duration="0.004779" asserts="9" />
      </test-suite>
      <test-suite type="TestFixture" id="0-1314" name="SpecSwitchRepeatExpr" fullname="Kaitai.SpecSwitchRepeatExpr" classname="Kaitai.SpecSwitchRepeatExpr" runstate="Runnable" testcasecount="1" result="Passed" start-time="2020-03-31 09:05:49Z" end-time="2020-03-31 09:05:49Z" duration="0.005999" total="1" passed="1" failed="0" inconclusive="0" skipped="0" asserts="3">
        <test-case id="0-1315" name="TestSwitchRepeatExpr" fullname="Kaitai.SpecSwitchRepeatExpr.TestSwitchRepeatExpr" methodname="TestSwitchRepeatExpr" classname="Kaitai.SpecSwitchRepeatExpr" runstate="Runnable" seed="1068959094" result="Passed" start-time="2020-03-31 09:05:49Z" end-time="2020-03-31 09:05:49Z" duration="0.002540" asserts="3" />
      </test-suite>
      <test-suite type="TestFixture" id="0-1316" name="SpecTermBytes" fullname="Kaitai.SpecTermBytes" classname="Kaitai.SpecTermBytes" runstate="Runnable" testcasecount="1" result="Passed" start-time="2020-03-31 09:05:49Z" end-time="2020-03-31 09:05:49Z" duration="0.004988" total="1" passed="1" failed="0" inconclusive="0" skipped="0" asserts="3">
        <test-case id="0-1317" name="TestTermBytes" fullname="Kaitai.SpecTermBytes.TestTermBytes" methodname="TestTermBytes" classname="Kaitai.SpecTermBytes" runstate="Runnable" seed="986625830" result="Passed" start-time="2020-03-31 09:05:49Z" end-time="2020-03-31 09:05:49Z" duration="0.001146" asserts="3" />
      </test-suite>
      <test-suite type="TestFixture" id="0-1318" name="SpecTermStrz" fullname="Kaitai.SpecTermStrz" classname="Kaitai.SpecTermStrz" runstate="Runnable" testcasecount="1" result="Passed" start-time="2020-03-31 09:05:49Z" end-time="2020-03-31 09:05:49Z" duration="0.006021" total="1" passed="1" failed="0" inconclusive="0" skipped="0" asserts="3">
        <test-case id="0-1319" name="TestTermStrz" fullname="Kaitai.SpecTermStrz.TestTermStrz" methodname="TestTermStrz" classname="Kaitai.SpecTermStrz" runstate="Runnable" seed="167601731" result="Passed" start-time="2020-03-31 09:05:49Z" end-time="2020-03-31 09:05:49Z" duration="0.001014" asserts="3" />
      </test-suite>
      <test-suite type="TestFixture" id="0-1320" name="SpecTsPacketHeader" fullname="Kaitai.SpecTsPacketHeader" classname="Kaitai.SpecTsPacketHeader" runstate="Runnable" testcasecount="1" result="Passed" start-time="2020-03-31 09:05:49Z" end-time="2020-03-31 09:05:49Z" duration="0.006018" total="1" passed="1" failed="0" inconclusive="0" skipped="0" asserts="7">
        <test-case id="0-1321" name="TestTsPacketHeader" fullname="Kaitai.SpecTsPacketHeader.TestTsPacketHeader" methodname="TestTsPacketHeader" classname="Kaitai.SpecTsPacketHeader" runstate="Runnable" seed="1684013154" result="Passed" start-time="2020-03-31 09:05:49Z" end-time="2020-03-31 09:05:49Z" duration="0.002242" asserts="7" />
      </test-suite>
      <test-suite type="TestFixture" id="0-1322" name="SpecTypeIntUnaryOp" fullname="Kaitai.SpecTypeIntUnaryOp" classname="Kaitai.SpecTypeIntUnaryOp" runstate="Runnable" testcasecount="1" result="Passed" start-time="2020-03-31 09:05:49Z" end-time="2020-03-31 09:05:49Z" duration="0.005004" total="1" passed="1" failed="0" inconclusive="0" skipped="0" asserts="4">
        <test-case id="0-1323" name="TestTypeIntUnaryOp" fullname="Kaitai.SpecTypeIntUnaryOp.TestTypeIntUnaryOp" methodname="TestTypeIntUnaryOp" classname="Kaitai.SpecTypeIntUnaryOp" runstate="Runnable" seed="711946014" result="Passed" start-time="2020-03-31 09:05:49Z" end-time="2020-03-31 09:05:49Z" duration="0.001532" asserts="4" />
      </test-suite>
      <test-suite type="TestFixture" id="0-1324" name="SpecTypeTernary" fullname="Kaitai.SpecTypeTernary" classname="Kaitai.SpecTypeTernary" runstate="Runnable" testcasecount="1" result="Passed" start-time="2020-03-31 09:05:49Z" end-time="2020-03-31 09:05:49Z" duration="0.006016" total="1" passed="1" failed="0" inconclusive="0" skipped="0" asserts="1">
        <test-case id="0-1325" name="TestTypeTernary" fullname="Kaitai.SpecTypeTernary.TestTypeTernary" methodname="TestTypeTernary" classname="Kaitai.SpecTypeTernary" runstate="Runnable" seed="1312021723" result="Passed" start-time="2020-03-31 09:05:49Z" end-time="2020-03-31 09:05:49Z" duration="0.001985" asserts="1" />
      </test-suite>
      <test-suite type="TestFixture" id="0-1326" name="SpecTypeTernaryOpaque" fullname="Kaitai.SpecTypeTernaryOpaque" classname="Kaitai.SpecTypeTernaryOpaque" runstate="Runnable" testcasecount="1" result="Passed" start-time="2020-03-31 09:05:49Z" end-time="2020-03-31 09:05:49Z" duration="0.005050" total="1" passed="1" failed="0" inconclusive="0" skipped="0" asserts="3">
        <test-case id="0-1327" name="TestTypeTernaryOpaque" fullname="Kaitai.SpecTypeTernaryOpaque.TestTypeTernaryOpaque" methodname="TestTypeTernaryOpaque" classname="Kaitai.SpecTypeTernaryOpaque" runstate="Runnable" seed="1790258773" result="Passed" start-time="2020-03-31 09:05:49Z" end-time="2020-03-31 09:05:49Z" duration="0.001724" asserts="3" />
      </test-suite>
      <test-suite type="TestFixture" id="0-1328" name="SpecUserType" fullname="Kaitai.SpecUserType" classname="Kaitai.SpecUserType" runstate="Runnable" testcasecount="1" result="Passed" start-time="2020-03-31 09:05:49Z" end-time="2020-03-31 09:05:49Z" duration="0.009352" total="1" passed="1" failed="0" inconclusive="0" skipped="0" asserts="2">
        <test-case id="0-1329" name="TestUserType" fullname="Kaitai.SpecUserType.TestUserType" methodname="TestUserType" classname="Kaitai.SpecUserType" runstate="Runnable" seed="1606582438" result="Passed" start-time="2020-03-31 09:05:49Z" end-time="2020-03-31 09:05:49Z" duration="0.005315" asserts="2" />
      </test-suite>
      <test-suite type="TestFixture" id="0-1330" name="SpecValidFailAnyofInt" fullname="Kaitai.SpecValidFailAnyofInt" classname="Kaitai.SpecValidFailAnyofInt" runstate="Runnable" testcasecount="1" result="Passed" start-time="2020-03-31 09:05:49Z" end-time="2020-03-31 09:05:49Z" duration="0.009026" total="1" passed="1" failed="0" inconclusive="0" skipped="0" asserts="1">
        <test-case id="0-1331" name="TestValidFailAnyofInt" fullname="Kaitai.SpecValidFailAnyofInt.TestValidFailAnyofInt" methodname="TestValidFailAnyofInt" classname="Kaitai.SpecValidFailAnyofInt" runstate="Runnable" seed="671628318" result="Passed" start-time="2020-03-31 09:05:49Z" end-time="2020-03-31 09:05:49Z" duration="0.001829" asserts="1" />
      </test-suite>
      <test-suite type="TestFixture" id="0-1332" name="SpecValidFailContents" fullname="Kaitai.SpecValidFailContents" classname="Kaitai.SpecValidFailContents" runstate="Runnable" testcasecount="1" result="Passed" start-time="2020-03-31 09:05:49Z" end-time="2020-03-31 09:05:49Z" duration="0.007564" total="1" passed="1" failed="0" inconclusive="0" skipped="0" asserts="1">
        <test-case id="0-1333" name="TestValidFailContents" fullname="Kaitai.SpecValidFailContents.TestValidFailContents" methodname="TestValidFailContents" classname="Kaitai.SpecValidFailContents" runstate="Runnable" seed="646423058" result="Passed" start-time="2020-03-31 09:05:49Z" end-time="2020-03-31 09:05:49Z" duration="0.002153" asserts="1" />
      </test-suite>
      <test-suite type="TestFixture" id="0-1334" name="SpecValidFailEqBytes" fullname="Kaitai.SpecValidFailEqBytes" classname="Kaitai.SpecValidFailEqBytes" runstate="Runnable" testcasecount="1" result="Passed" start-time="2020-03-31 09:05:49Z" end-time="2020-03-31 09:05:49Z" duration="0.007013" total="1" passed="1" failed="0" inconclusive="0" skipped="0" asserts="1">
        <test-case id="0-1335" name="TestValidFailEqBytes" fullname="Kaitai.SpecValidFailEqBytes.TestValidFailEqBytes" methodname="TestValidFailEqBytes" classname="Kaitai.SpecValidFailEqBytes" runstate="Runnable" seed="1906516110" result="Passed" start-time="2020-03-31 09:05:49Z" end-time="2020-03-31 09:05:49Z" duration="0.001156" asserts="1" />
      </test-suite>
      <test-suite type="TestFixture" id="0-1336" name="SpecValidFailEqInt" fullname="Kaitai.SpecValidFailEqInt" classname="Kaitai.SpecValidFailEqInt" runstate="Runnable" testcasecount="1" result="Passed" start-time="2020-03-31 09:05:49Z" end-time="2020-03-31 09:05:49Z" duration="0.007020" total="1" passed="1" failed="0" inconclusive="0" skipped="0" asserts="1">
        <test-case id="0-1337" name="TestValidFailEqInt" fullname="Kaitai.SpecValidFailEqInt.TestValidFailEqInt" methodname="TestValidFailEqInt" classname="Kaitai.SpecValidFailEqInt" runstate="Runnable" seed="785192" result="Passed" start-time="2020-03-31 09:05:49Z" end-time="2020-03-31 09:05:49Z" duration="0.001591" asserts="1" />
      </test-suite>
      <test-suite type="TestFixture" id="0-1338" name="SpecValidFailInst" fullname="Kaitai.SpecValidFailInst" classname="Kaitai.SpecValidFailInst" runstate="Runnable" testcasecount="1" result="Passed" start-time="2020-03-31 09:05:49Z" end-time="2020-03-31 09:05:49Z" duration="0.006018" total="1" passed="1" failed="0" inconclusive="0" skipped="0" asserts="1">
        <test-case id="0-1339" name="TestValidFailInst" fullname="Kaitai.SpecValidFailInst.TestValidFailInst" methodname="TestValidFailInst" classname="Kaitai.SpecValidFailInst" runstate="Runnable" seed="1603869870" result="Passed" start-time="2020-03-31 09:05:49Z" end-time="2020-03-31 09:05:49Z" duration="0.001945" asserts="1" />
      </test-suite>
      <test-suite type="TestFixture" id="0-1340" name="SpecValidFailMaxInt" fullname="Kaitai.SpecValidFailMaxInt" classname="Kaitai.SpecValidFailMaxInt" runstate="Runnable" testcasecount="1" result="Passed" start-time="2020-03-31 09:05:49Z" end-time="2020-03-31 09:05:49Z" duration="0.005009" total="1" passed="1" failed="0" inconclusive="0" skipped="0" asserts="1">
        <test-case id="0-1341" name="TestValidFailMaxInt" fullname="Kaitai.SpecValidFailMaxInt.TestValidFailMaxInt" methodname="TestValidFailMaxInt" classname="Kaitai.SpecValidFailMaxInt" runstate="Runnable" seed="199394201" result="Passed" start-time="2020-03-31 09:05:49Z" end-time="2020-03-31 09:05:49Z" duration="0.001328" asserts="1" />
      </test-suite>
      <test-suite type="TestFixture" id="0-1342" name="SpecValidFailMinInt" fullname="Kaitai.SpecValidFailMinInt" classname="Kaitai.SpecValidFailMinInt" runstate="Runnable" testcasecount="1" result="Passed" start-time="2020-03-31 09:05:49Z" end-time="2020-03-31 09:05:49Z" duration="0.005007" total="1" passed="1" failed="0" inconclusive="0" skipped="0" asserts="1">
        <test-case id="0-1343" name="TestValidFailMinInt" fullname="Kaitai.SpecValidFailMinInt.TestValidFailMinInt" methodname="TestValidFailMinInt" classname="Kaitai.SpecValidFailMinInt" runstate="Runnable" seed="549161124" result="Passed" start-time="2020-03-31 09:05:49Z" end-time="2020-03-31 09:05:49Z" duration="0.001598" asserts="1" />
      </test-suite>
      <test-suite type="TestFixture" id="0-1344" name="SpecValidFailRangeInt" fullname="Kaitai.SpecValidFailRangeInt" classname="Kaitai.SpecValidFailRangeInt" runstate="Runnable" testcasecount="1" result="Passed" start-time="2020-03-31 09:05:49Z" end-time="2020-03-31 09:05:49Z" duration="0.005154" total="1" passed="1" failed="0" inconclusive="0" skipped="0" asserts="1">
        <test-case id="0-1345" name="TestValidFailRangeInt" fullname="Kaitai.SpecValidFailRangeInt.TestValidFailRangeInt" methodname="TestValidFailRangeInt" classname="Kaitai.SpecValidFailRangeInt" runstate="Runnable" seed="1892450888" result="Passed" start-time="2020-03-31 09:05:49Z" end-time="2020-03-31 09:05:49Z" duration="0.001126" asserts="1" />
      </test-suite>
      <test-suite type="TestFixture" id="0-1346" name="SpecValidLong" fullname="Kaitai.SpecValidLong" classname="Kaitai.SpecValidLong" runstate="Runnable" testcasecount="1" result="Passed" start-time="2020-03-31 09:05:49Z" end-time="2020-03-31 09:05:49Z" duration="0.008014" total="1" passed="1" failed="0" inconclusive="0" skipped="0" asserts="0">
        <test-case id="0-1347" name="TestValidLong" fullname="Kaitai.SpecValidLong.TestValidLong" methodname="TestValidLong" classname="Kaitai.SpecValidLong" runstate="Runnable" seed="379067218" result="Passed" start-time="2020-03-31 09:05:49Z" end-time="2020-03-31 09:05:49Z" duration="0.004542" asserts="0" />
      </test-suite>
      <test-suite type="TestFixture" id="0-1348" name="SpecValidNotParsedIf" fullname="Kaitai.SpecValidNotParsedIf" classname="Kaitai.SpecValidNotParsedIf" runstate="Runnable" testcasecount="1" result="Passed" start-time="2020-03-31 09:05:49Z" end-time="2020-03-31 09:05:49Z" duration="0.005009" total="1" passed="1" failed="0" inconclusive="0" skipped="0" asserts="0">
        <test-case id="0-1349" name="TestValidNotParsedIf" fullname="Kaitai.SpecValidNotParsedIf.TestValidNotParsedIf" methodname="TestValidNotParsedIf" classname="Kaitai.SpecValidNotParsedIf" runstate="Runnable" seed="1917949376" result="Passed" start-time="2020-03-31 09:05:49Z" end-time="2020-03-31 09:05:49Z" duration="0.001905" asserts="0" />
      </test-suite>
      <test-suite type="TestFixture" id="0-1350" name="SpecValidShort" fullname="Kaitai.SpecValidShort" classname="Kaitai.SpecValidShort" runstate="Runnable" testcasecount="1" result="Passed" start-time="2020-03-31 09:05:49Z" end-time="2020-03-31 09:05:49Z" duration="0.007203" total="1" passed="1" failed="0" inconclusive="0" skipped="0" asserts="0">
        <test-case id="0-1351" name="TestValidShort" fullname="Kaitai.SpecValidShort.TestValidShort" methodname="TestValidShort" classname="Kaitai.SpecValidShort" runstate="Runnable" seed="1035705230" result="Passed" start-time="2020-03-31 09:05:49Z" end-time="2020-03-31 09:05:49Z" duration="0.003696" asserts="0" />
      </test-suite>
      <test-suite type="TestFixture" id="0-1352" name="SpecValidSwitch" fullname="Kaitai.SpecValidSwitch" classname="Kaitai.SpecValidSwitch" runstate="Runnable" testcasecount="1" result="Passed" start-time="2020-03-31 09:05:49Z" end-time="2020-03-31 09:05:49Z" duration="0.005014" total="1" passed="1" failed="0" inconclusive="0" skipped="0" asserts="0">
        <test-case id="0-1353" name="TestValidSwitch" fullname="Kaitai.SpecValidSwitch.TestValidSwitch" methodname="TestValidSwitch" classname="Kaitai.SpecValidSwitch" runstate="Runnable" seed="1517266911" result="Passed" start-time="2020-03-31 09:05:49Z" end-time="2020-03-31 09:05:49Z" duration="0.001084" asserts="0" />
      </test-suite>
      <test-suite type="TestFixture" id="0-1354" name="SpecZlibWithHeader78" fullname="Kaitai.SpecZlibWithHeader78" classname="Kaitai.SpecZlibWithHeader78" runstate="Runnable" testcasecount="1" result="Passed" start-time="2020-03-31 09:05:49Z" end-time="2020-03-31 09:05:49Z" duration="0.034915" total="1" passed="1" failed="0" inconclusive="0" skipped="0" asserts="1">
        <test-case id="0-1355" name="TestZlibWithHeader78" fullname="Kaitai.SpecZlibWithHeader78.TestZlibWithHeader78" methodname="TestZlibWithHeader78" classname="Kaitai.SpecZlibWithHeader78" runstate="Runnable" seed="657390128" result="Passed" start-time="2020-03-31 09:05:49Z" end-time="2020-03-31 09:05:49Z" duration="0.030236" asserts="1" />
      </test-suite>
    </test-suite>
  </test-suite>
</test-run>