<?xml version="1.0" encoding="utf-8" standalone="no"?>
<test-run id="2" testcasecount="210" result="Failed" total="210" passed="209" failed="1" inconclusive="0" skipped="0" asserts="975" engine-version="3.4.1.0" clr-version="4.0.30319.42000" start-time="2022-03-12 22:29:01Z" end-time="2022-03-12 22:29:02Z" duration="1.453107">
  <command-line><![CDATA[/home/runner/work/ci_targets/ci_targets/tests/spec/csharp/packages/NUnit.ConsoleRunner.3.4.1/tools/nunit3-console.exe --result=test_out/csharp/TestResult.xml spec/csharp/kaitai_struct_csharp_tests/bin/Debug/kaitai_struct_csharp_tests.dll]]></command-line>
  <test-suite type="Assembly" id="0-1420" name="kaitai_struct_csharp_tests.dll" fullname="/home/runner/work/ci_targets/ci_targets/tests/spec/csharp/kaitai_struct_csharp_tests/bin/Debug/kaitai_struct_csharp_tests.dll" runstate="Runnable" testcasecount="210" result="Failed" site="Child" start-time="2022-03-12 22:29:01Z" end-time="2022-03-12 22:29:02Z" duration="1.341758" total="210" passed="209" failed="1" inconclusive="0" skipped="0" asserts="975">
    <environment framework-version="3.4.1.0" clr-version="4.0.30319.42000" os-version="Unix 5.11.0.1028" platform="Unix" cwd="/home/runner/work/ci_targets/ci_targets/tests" machine-name="fv-az290-705" user="runner" user-domain="fv-az290-705" culture="" uiculture="" os-architecture="x64" />
    <settings>
      <setting name="WorkDirectory" value="/home/runner/work/ci_targets/ci_targets/tests" />
      <setting name="ImageRuntimeVersion" value="4.0.30319" />
      <setting name="ImageTargetFrameworkName" value=".NETFramework,Version=v4.5" />
      <setting name="ImageRequiresX86" value="False" />
      <setting name="ImageRequiresDefaultAppDomainAssemblyResolver" value="False" />
      <setting name="NumberOfTestWorkers" value="2" />
    </settings>
    <properties>
      <property name="_PID" value="2281" />
      <property name="_APPDOMAIN" value="test-domain-" />
    </properties>
    <failure>
      <message><![CDATA[One or more child tests had errors]]></message>
    </failure>
    <test-suite type="TestSuite" id="0-1421" name="Kaitai" fullname="Kaitai" runstate="Runnable" testcasecount="210" result="Failed" site="Child" start-time="2022-03-12 22:29:01Z" end-time="2022-03-12 22:29:02Z" duration="1.328184" total="210" passed="209" failed="1" inconclusive="0" skipped="0" asserts="975">
      <failure>
        <message><![CDATA[One or more child tests had errors]]></message>
      </failure>
      <test-suite type="TestFixture" id="0-1000" name="SpecBcdUserTypeBe" fullname="Kaitai.SpecBcdUserTypeBe" classname="Kaitai.SpecBcdUserTypeBe" runstate="Runnable" testcasecount="1" result="Passed" start-time="2022-03-12 22:29:01Z" end-time="2022-03-12 22:29:01Z" duration="0.023170" total="1" passed="1" failed="0" inconclusive="0" skipped="0" asserts="6">
        <test-case id="0-1001" name="TestBcdUserTypeBe" fullname="Kaitai.SpecBcdUserTypeBe.TestBcdUserTypeBe" methodname="TestBcdUserTypeBe" classname="Kaitai.SpecBcdUserTypeBe" runstate="Runnable" seed="121019248" result="Passed" start-time="2022-03-12 22:29:01Z" end-time="2022-03-12 22:29:01Z" duration="0.014703" asserts="6" />
      </test-suite>
      <test-suite type="TestFixture" id="0-1002" name="SpecBcdUserTypeLe" fullname="Kaitai.SpecBcdUserTypeLe" classname="Kaitai.SpecBcdUserTypeLe" runstate="Runnable" testcasecount="1" result="Passed" start-time="2022-03-12 22:29:01Z" end-time="2022-03-12 22:29:01Z" duration="0.004887" total="1" passed="1" failed="0" inconclusive="0" skipped="0" asserts="6">
        <test-case id="0-1003" name="TestBcdUserTypeLe" fullname="Kaitai.SpecBcdUserTypeLe.TestBcdUserTypeLe" methodname="TestBcdUserTypeLe" classname="Kaitai.SpecBcdUserTypeLe" runstate="Runnable" seed="647038849" result="Passed" start-time="2022-03-12 22:29:01Z" end-time="2022-03-12 22:29:01Z" duration="0.002495" asserts="6" />
      </test-suite>
      <test-suite type="TestFixture" id="0-1004" name="SpecBitsByteAligned" fullname="Kaitai.SpecBitsByteAligned" classname="Kaitai.SpecBitsByteAligned" runstate="Runnable" testcasecount="1" result="Passed" start-time="2022-03-12 22:29:01Z" end-time="2022-03-12 22:29:01Z" duration="0.005826" total="1" passed="1" failed="0" inconclusive="0" skipped="0" asserts="9">
        <test-case id="0-1005" name="TestBitsByteAligned" fullname="Kaitai.SpecBitsByteAligned.TestBitsByteAligned" methodname="TestBitsByteAligned" classname="Kaitai.SpecBitsByteAligned" runstate="Runnable" seed="394015157" result="Passed" start-time="2022-03-12 22:29:01Z" end-time="2022-03-12 22:29:01Z" duration="0.003436" asserts="9" />
      </test-suite>
      <test-suite type="TestFixture" id="0-1006" name="SpecBitsEnum" fullname="Kaitai.SpecBitsEnum" classname="Kaitai.SpecBitsEnum" runstate="Runnable" testcasecount="1" result="Passed" start-time="2022-03-12 22:29:01Z" end-time="2022-03-12 22:29:01Z" duration="0.003076" total="1" passed="1" failed="0" inconclusive="0" skipped="0" asserts="3">
        <test-case id="0-1007" name="TestBitsEnum" fullname="Kaitai.SpecBitsEnum.TestBitsEnum" methodname="TestBitsEnum" classname="Kaitai.SpecBitsEnum" runstate="Runnable" seed="1637561580" result="Passed" start-time="2022-03-12 22:29:01Z" end-time="2022-03-12 22:29:01Z" duration="0.000718" asserts="3" />
      </test-suite>
      <test-suite type="TestFixture" id="0-1008" name="SpecBitsSeqEndianCombo" fullname="Kaitai.SpecBitsSeqEndianCombo" classname="Kaitai.SpecBitsSeqEndianCombo" runstate="Runnable" testcasecount="1" result="Passed" start-time="2022-03-12 22:29:01Z" end-time="2022-03-12 22:29:01Z" duration="0.003109" total="1" passed="1" failed="0" inconclusive="0" skipped="0" asserts="8">
        <test-case id="0-1009" name="TestBitsSeqEndianCombo" fullname="Kaitai.SpecBitsSeqEndianCombo.TestBitsSeqEndianCombo" methodname="TestBitsSeqEndianCombo" classname="Kaitai.SpecBitsSeqEndianCombo" runstate="Runnable" seed="214423694" result="Passed" start-time="2022-03-12 22:29:01Z" end-time="2022-03-12 22:29:01Z" duration="0.000722" asserts="8" />
      </test-suite>
      <test-suite type="TestFixture" id="0-1010" name="SpecBitsSignedB32Le" fullname="Kaitai.SpecBitsSignedB32Le" classname="Kaitai.SpecBitsSignedB32Le" runstate="Runnable" testcasecount="1" result="Passed" start-time="2022-03-12 22:29:01Z" end-time="2022-03-12 22:29:01Z" duration="0.002971" total="1" passed="1" failed="0" inconclusive="0" skipped="0" asserts="4">
        <test-case id="0-1011" name="TestBitsSignedB32Le" fullname="Kaitai.SpecBitsSignedB32Le.TestBitsSignedB32Le" methodname="TestBitsSignedB32Le" classname="Kaitai.SpecBitsSignedB32Le" runstate="Runnable" seed="406571275" result="Passed" start-time="2022-03-12 22:29:01Z" end-time="2022-03-12 22:29:01Z" duration="0.000486" asserts="4" />
      </test-suite>
      <test-suite type="TestFixture" id="0-1012" name="SpecBitsSignedB64Le" fullname="Kaitai.SpecBitsSignedB64Le" classname="Kaitai.SpecBitsSignedB64Le" runstate="Runnable" testcasecount="1" result="Passed" start-time="2022-03-12 22:29:01Z" end-time="2022-03-12 22:29:01Z" duration="0.003046" total="1" passed="1" failed="0" inconclusive="0" skipped="0" asserts="4">
        <test-case id="0-1013" name="TestBitsSignedB64Le" fullname="Kaitai.SpecBitsSignedB64Le.TestBitsSignedB64Le" methodname="TestBitsSignedB64Le" classname="Kaitai.SpecBitsSignedB64Le" runstate="Runnable" seed="367195417" result="Passed" start-time="2022-03-12 22:29:01Z" end-time="2022-03-12 22:29:01Z" duration="0.000639" asserts="4" />
      </test-suite>
      <test-suite type="TestFixture" id="0-1014" name="SpecBitsSimple" fullname="Kaitai.SpecBitsSimple" classname="Kaitai.SpecBitsSimple" runstate="Runnable" testcasecount="1" result="Passed" start-time="2022-03-12 22:29:01Z" end-time="2022-03-12 22:29:01Z" duration="0.004263" total="1" passed="1" failed="0" inconclusive="0" skipped="0" asserts="14">
        <test-case id="0-1015" name="TestBitsSimple" fullname="Kaitai.SpecBitsSimple.TestBitsSimple" methodname="TestBitsSimple" classname="Kaitai.SpecBitsSimple" runstate="Runnable" seed="1565453644" result="Passed" start-time="2022-03-12 22:29:01Z" end-time="2022-03-12 22:29:01Z" duration="0.001806" asserts="14" />
      </test-suite>
      <test-suite type="TestFixture" id="0-1016" name="SpecBitsSimpleLe" fullname="Kaitai.SpecBitsSimpleLe" classname="Kaitai.SpecBitsSimpleLe" runstate="Runnable" testcasecount="1" result="Passed" start-time="2022-03-12 22:29:01Z" end-time="2022-03-12 22:29:01Z" duration="0.003532" total="1" passed="1" failed="0" inconclusive="0" skipped="0" asserts="14">
        <test-case id="0-1017" name="TestBitsSimpleLe" fullname="Kaitai.SpecBitsSimpleLe.TestBitsSimpleLe" methodname="TestBitsSimpleLe" classname="Kaitai.SpecBitsSimpleLe" runstate="Runnable" seed="1077794525" result="Passed" start-time="2022-03-12 22:29:01Z" end-time="2022-03-12 22:29:01Z" duration="0.001035" asserts="14" />
      </test-suite>
      <test-suite type="TestFixture" id="0-1018" name="SpecBufferedStruct" fullname="Kaitai.SpecBufferedStruct" classname="Kaitai.SpecBufferedStruct" runstate="Runnable" testcasecount="1" result="Passed" start-time="2022-03-12 22:29:01Z" end-time="2022-03-12 22:29:01Z" duration="0.003715" total="1" passed="1" failed="0" inconclusive="0" skipped="0" asserts="7">
        <test-case id="0-1019" name="TestBufferedStruct" fullname="Kaitai.SpecBufferedStruct.TestBufferedStruct" methodname="TestBufferedStruct" classname="Kaitai.SpecBufferedStruct" runstate="Runnable" seed="1583750601" result="Passed" start-time="2022-03-12 22:29:01Z" end-time="2022-03-12 22:29:01Z" duration="0.001303" asserts="7" />
      </test-suite>
      <test-suite type="TestFixture" id="0-1020" name="SpecBytesPadTerm" fullname="Kaitai.SpecBytesPadTerm" classname="Kaitai.SpecBytesPadTerm" runstate="Runnable" testcasecount="1" result="Passed" start-time="2022-03-12 22:29:01Z" end-time="2022-03-12 22:29:01Z" duration="0.003150" total="1" passed="1" failed="0" inconclusive="0" skipped="0" asserts="4">
        <test-case id="0-1021" name="TestBytesPadTerm" fullname="Kaitai.SpecBytesPadTerm.TestBytesPadTerm" methodname="TestBytesPadTerm" classname="Kaitai.SpecBytesPadTerm" runstate="Runnable" seed="422311435" result="Passed" start-time="2022-03-12 22:29:01Z" end-time="2022-03-12 22:29:01Z" duration="0.000735" asserts="4" />
      </test-suite>
      <test-suite type="TestFixture" id="0-1022" name="SpecCastNested" fullname="Kaitai.SpecCastNested" classname="Kaitai.SpecCastNested" runstate="Runnable" testcasecount="1" result="Passed" start-time="2022-03-12 22:29:01Z" end-time="2022-03-12 22:29:01Z" duration="0.023503" total="1" passed="1" failed="0" inconclusive="0" skipped="0" asserts="4">
        <test-case id="0-1023" name="TestCastNested" fullname="Kaitai.SpecCastNested.TestCastNested" methodname="TestCastNested" classname="Kaitai.SpecCastNested" runstate="Runnable" seed="1178092920" result="Passed" start-time="2022-03-12 22:29:01Z" end-time="2022-03-12 22:29:01Z" duration="0.021103" asserts="4" />
      </test-suite>
      <test-suite type="TestFixture" id="0-1024" name="SpecCastToImported" fullname="Kaitai.SpecCastToImported" classname="Kaitai.SpecCastToImported" runstate="Runnable" testcasecount="1" result="Passed" start-time="2022-03-12 22:29:01Z" end-time="2022-03-12 22:29:01Z" duration="0.002998" total="1" passed="1" failed="0" inconclusive="0" skipped="0" asserts="2">
        <test-case id="0-1025" name="TestCastToImported" fullname="Kaitai.SpecCastToImported.TestCastToImported" methodname="TestCastToImported" classname="Kaitai.SpecCastToImported" runstate="Runnable" seed="158781903" result="Passed" start-time="2022-03-12 22:29:01Z" end-time="2022-03-12 22:29:01Z" duration="0.000590" asserts="2" />
      </test-suite>
      <test-suite type="TestFixture" id="0-1026" name="SpecCastToTop" fullname="Kaitai.SpecCastToTop" classname="Kaitai.SpecCastToTop" runstate="Runnable" testcasecount="1" result="Passed" start-time="2022-03-12 22:29:01Z" end-time="2022-03-12 22:29:01Z" duration="0.003381" total="1" passed="1" failed="0" inconclusive="0" skipped="0" asserts="3">
        <test-case id="0-1027" name="TestCastToTop" fullname="Kaitai.SpecCastToTop.TestCastToTop" methodname="TestCastToTop" classname="Kaitai.SpecCastToTop" runstate="Runnable" seed="2081512602" result="Passed" start-time="2022-03-12 22:29:01Z" end-time="2022-03-12 22:29:01Z" duration="0.000993" asserts="3" />
      </test-suite>
      <test-suite type="TestFixture" id="0-1028" name="SpecCombineBool" fullname="Kaitai.SpecCombineBool" classname="Kaitai.SpecCombineBool" runstate="Runnable" testcasecount="1" result="Passed" start-time="2022-03-12 22:29:01Z" end-time="2022-03-12 22:29:01Z" duration="0.005530" total="1" passed="1" failed="0" inconclusive="0" skipped="0" asserts="2">
        <test-case id="0-1029" name="TestCombineBool" fullname="Kaitai.SpecCombineBool.TestCombineBool" methodname="TestCombineBool" classname="Kaitai.SpecCombineBool" runstate="Runnable" seed="1139383510" result="Passed" start-time="2022-03-12 22:29:01Z" end-time="2022-03-12 22:29:01Z" duration="0.003027" asserts="2" />
      </test-suite>
      <test-suite type="TestFixture" id="0-1030" name="SpecCombineBytes" fullname="Kaitai.SpecCombineBytes" classname="Kaitai.SpecCombineBytes" runstate="Runnable" testcasecount="1" result="Passed" start-time="2022-03-12 22:29:01Z" end-time="2022-03-12 22:29:01Z" duration="0.003405" total="1" passed="1" failed="0" inconclusive="0" skipped="0" asserts="10">
        <test-case id="0-1031" name="TestCombineBytes" fullname="Kaitai.SpecCombineBytes.TestCombineBytes" methodname="TestCombineBytes" classname="Kaitai.SpecCombineBytes" runstate="Runnable" seed="611786670" result="Passed" start-time="2022-03-12 22:29:01Z" end-time="2022-03-12 22:29:01Z" duration="0.001010" asserts="10" />
      </test-suite>
      <test-suite type="TestFixture" id="0-1032" name="SpecCombineEnum" fullname="Kaitai.SpecCombineEnum" classname="Kaitai.SpecCombineEnum" runstate="Runnable" testcasecount="1" result="Passed" start-time="2022-03-12 22:29:01Z" end-time="2022-03-12 22:29:01Z" duration="0.002988" total="1" passed="1" failed="0" inconclusive="0" skipped="0" asserts="3">
        <test-case id="0-1033" name="TestCombineEnum" fullname="Kaitai.SpecCombineEnum.TestCombineEnum" methodname="TestCombineEnum" classname="Kaitai.SpecCombineEnum" runstate="Runnable" seed="1736856996" result="Passed" start-time="2022-03-12 22:29:01Z" end-time="2022-03-12 22:29:01Z" duration="0.000605" asserts="3" />
      </test-suite>
      <test-suite type="TestFixture" id="0-1034" name="SpecCombineStr" fullname="Kaitai.SpecCombineStr" classname="Kaitai.SpecCombineStr" runstate="Runnable" testcasecount="1" result="Passed" start-time="2022-03-12 22:29:01Z" end-time="2022-03-12 22:29:01Z" duration="0.003581" total="1" passed="1" failed="0" inconclusive="0" skipped="0" asserts="15">
        <test-case id="0-1035" name="TestCombineStr" fullname="Kaitai.SpecCombineStr.TestCombineStr" methodname="TestCombineStr" classname="Kaitai.SpecCombineStr" runstate="Runnable" seed="834933034" result="Passed" start-time="2022-03-12 22:29:01Z" end-time="2022-03-12 22:29:01Z" duration="0.001194" asserts="15" />
      </test-suite>
      <test-suite type="TestFixture" id="0-1036" name="SpecDebug0" fullname="Kaitai.SpecDebug0" classname="Kaitai.SpecDebug0" runstate="Runnable" testcasecount="1" result="Passed" start-time="2022-03-12 22:29:01Z" end-time="2022-03-12 22:29:01Z" duration="0.002444" total="1" passed="1" failed="0" inconclusive="0" skipped="0" asserts="0">
        <test-case id="0-1037" name="TestDebug0" fullname="Kaitai.SpecDebug0.TestDebug0" methodname="TestDebug0" classname="Kaitai.SpecDebug0" runstate="Runnable" seed="1016993981" result="Passed" start-time="2022-03-12 22:29:01Z" end-time="2022-03-12 22:29:01Z" duration="0.000067" asserts="0" />
      </test-suite>
      <test-suite type="TestFixture" id="0-1038" name="SpecDebugArrayUser" fullname="Kaitai.SpecDebugArrayUser" classname="Kaitai.SpecDebugArrayUser" runstate="Runnable" testcasecount="1" result="Passed" start-time="2022-03-12 22:29:01Z" end-time="2022-03-12 22:29:01Z" duration="0.003321" total="1" passed="1" failed="0" inconclusive="0" skipped="0" asserts="4">
        <test-case id="0-1039" name="TestDebugArrayUser" fullname="Kaitai.SpecDebugArrayUser.TestDebugArrayUser" methodname="TestDebugArrayUser" classname="Kaitai.SpecDebugArrayUser" runstate="Runnable" seed="1664542765" result="Passed" start-time="2022-03-12 22:29:01Z" end-time="2022-03-12 22:29:01Z" duration="0.000942" asserts="4" />
      </test-suite>
      <test-suite type="TestFixture" id="0-1040" name="SpecDebugEnumName" fullname="Kaitai.SpecDebugEnumName" classname="Kaitai.SpecDebugEnumName" runstate="Runnable" testcasecount="1" result="Passed" start-time="2022-03-12 22:29:01Z" end-time="2022-03-12 22:29:01Z" duration="0.002445" total="1" passed="1" failed="0" inconclusive="0" skipped="0" asserts="0">
        <test-case id="0-1041" name="TestDebugEnumName" fullname="Kaitai.SpecDebugEnumName.TestDebugEnumName" methodname="TestDebugEnumName" classname="Kaitai.SpecDebugEnumName" runstate="Runnable" seed="1128277804" result="Passed" start-time="2022-03-12 22:29:01Z" end-time="2022-03-12 22:29:01Z" duration="0.000067" asserts="0" />
      </test-suite>
      <test-suite type="TestFixture" id="0-1042" name="SpecDebugSwitchUser" fullname="Kaitai.SpecDebugSwitchUser" classname="Kaitai.SpecDebugSwitchUser" runstate="Runnable" testcasecount="1" result="Passed" start-time="2022-03-12 22:29:01Z" end-time="2022-03-12 22:29:01Z" duration="0.003048" total="1" passed="1" failed="0" inconclusive="0" skipped="0" asserts="2">
        <test-case id="0-1043" name="TestDebugSwitchUser" fullname="Kaitai.SpecDebugSwitchUser.TestDebugSwitchUser" methodname="TestDebugSwitchUser" classname="Kaitai.SpecDebugSwitchUser" runstate="Runnable" seed="870349416" result="Passed" start-time="2022-03-12 22:29:01Z" end-time="2022-03-12 22:29:01Z" duration="0.000665" asserts="2" />
      </test-suite>
      <test-suite type="TestFixture" id="0-1044" name="SpecDefaultBigEndian" fullname="Kaitai.SpecDefaultBigEndian" classname="Kaitai.SpecDefaultBigEndian" runstate="Runnable" testcasecount="1" result="Passed" start-time="2022-03-12 22:29:01Z" end-time="2022-03-12 22:29:01Z" duration="0.002812" total="1" passed="1" failed="0" inconclusive="0" skipped="0" asserts="1">
        <test-case id="0-1045" name="TestDefaultBigEndian" fullname="Kaitai.SpecDefaultBigEndian.TestDefaultBigEndian" methodname="TestDefaultBigEndian" classname="Kaitai.SpecDefaultBigEndian" runstate="Runnable" seed="1147523315" result="Passed" start-time="2022-03-12 22:29:01Z" end-time="2022-03-12 22:29:01Z" duration="0.000431" asserts="1" />
      </test-suite>
      <test-suite type="TestFixture" id="0-1046" name="SpecDefaultBitEndianMod" fullname="Kaitai.SpecDefaultBitEndianMod" classname="Kaitai.SpecDefaultBitEndianMod" runstate="Runnable" testcasecount="1" result="Passed" start-time="2022-03-12 22:29:01Z" end-time="2022-03-12 22:29:01Z" duration="0.003136" total="1" passed="1" failed="0" inconclusive="0" skipped="0" asserts="4">
        <test-case id="0-1047" name="TestDefaultBitEndianMod" fullname="Kaitai.SpecDefaultBitEndianMod.TestDefaultBitEndianMod" methodname="TestDefaultBitEndianMod" classname="Kaitai.SpecDefaultBitEndianMod" runstate="Runnable" seed="615489544" result="Passed" start-time="2022-03-12 22:29:01Z" end-time="2022-03-12 22:29:01Z" duration="0.000744" asserts="4" />
      </test-suite>
      <test-suite type="TestFixture" id="0-1048" name="SpecDefaultEndianExprException" fullname="Kaitai.SpecDefaultEndianExprException" classname="Kaitai.SpecDefaultEndianExprException" runstate="Runnable" testcasecount="1" result="Passed" start-time="2022-03-12 22:29:01Z" end-time="2022-03-12 22:29:01Z" duration="0.006524" total="1" passed="1" failed="0" inconclusive="0" skipped="0" asserts="1">
        <test-case id="0-1049" name="TestDefaultEndianExprException" fullname="Kaitai.SpecDefaultEndianExprException.TestDefaultEndianExprException" methodname="TestDefaultEndianExprException" classname="Kaitai.SpecDefaultEndianExprException" runstate="Runnable" seed="606554345" result="Passed" start-time="2022-03-12 22:29:01Z" end-time="2022-03-12 22:29:01Z" duration="0.004134" asserts="1" />
      </test-suite>
      <test-suite type="TestFixture" id="0-1050" name="SpecDefaultEndianExprInherited" fullname="Kaitai.SpecDefaultEndianExprInherited" classname="Kaitai.SpecDefaultEndianExprInherited" runstate="Runnable" testcasecount="1" result="Passed" start-time="2022-03-12 22:29:01Z" end-time="2022-03-12 22:29:01Z" duration="0.005218" total="1" passed="1" failed="0" inconclusive="0" skipped="0" asserts="15">
        <test-case id="0-1051" name="TestDefaultEndianExprInherited" fullname="Kaitai.SpecDefaultEndianExprInherited.TestDefaultEndianExprInherited" methodname="TestDefaultEndianExprInherited" classname="Kaitai.SpecDefaultEndianExprInherited" runstate="Runnable" seed="599501678" result="Passed" start-time="2022-03-12 22:29:01Z" end-time="2022-03-12 22:29:01Z" duration="0.002829" asserts="15" />
      </test-suite>
      <test-suite type="TestFixture" id="0-1052" name="SpecDefaultEndianExprIsBe" fullname="Kaitai.SpecDefaultEndianExprIsBe" classname="Kaitai.SpecDefaultEndianExprIsBe" runstate="Runnable" testcasecount="1" result="Passed" start-time="2022-03-12 22:29:01Z" end-time="2022-03-12 22:29:01Z" duration="0.005088" total="1" passed="1" failed="0" inconclusive="0" skipped="0" asserts="18">
        <test-case id="0-1053" name="TestDefaultEndianExprIsBe" fullname="Kaitai.SpecDefaultEndianExprIsBe.TestDefaultEndianExprIsBe" methodname="TestDefaultEndianExprIsBe" classname="Kaitai.SpecDefaultEndianExprIsBe" runstate="Runnable" seed="1594874794" result="Passed" start-time="2022-03-12 22:29:01Z" end-time="2022-03-12 22:29:01Z" duration="0.002691" asserts="18" />
      </test-suite>
      <test-suite type="TestFixture" id="0-1054" name="SpecDefaultEndianExprIsLe" fullname="Kaitai.SpecDefaultEndianExprIsLe" classname="Kaitai.SpecDefaultEndianExprIsLe" runstate="Runnable" testcasecount="1" result="Passed" start-time="2022-03-12 22:29:01Z" end-time="2022-03-12 22:29:01Z" duration="0.004069" total="1" passed="1" failed="0" inconclusive="0" skipped="0" asserts="12">
        <test-case id="0-1055" name="TestDefaultEndianExprIsLe" fullname="Kaitai.SpecDefaultEndianExprIsLe.TestDefaultEndianExprIsLe" methodname="TestDefaultEndianExprIsLe" classname="Kaitai.SpecDefaultEndianExprIsLe" runstate="Runnable" seed="71382726" result="Passed" start-time="2022-03-12 22:29:01Z" end-time="2022-03-12 22:29:01Z" duration="0.001683" asserts="12" />
      </test-suite>
      <test-suite type="TestFixture" id="0-1056" name="SpecDefaultEndianMod" fullname="Kaitai.SpecDefaultEndianMod" classname="Kaitai.SpecDefaultEndianMod" runstate="Runnable" testcasecount="1" result="Passed" start-time="2022-03-12 22:29:01Z" end-time="2022-03-12 22:29:01Z" duration="0.003187" total="1" passed="1" failed="0" inconclusive="0" skipped="0" asserts="3">
        <test-case id="0-1057" name="TestDefaultEndianMod" fullname="Kaitai.SpecDefaultEndianMod.TestDefaultEndianMod" methodname="TestDefaultEndianMod" classname="Kaitai.SpecDefaultEndianMod" runstate="Runnable" seed="903363354" result="Passed" start-time="2022-03-12 22:29:01Z" end-time="2022-03-12 22:29:01Z" duration="0.000799" asserts="3" />
      </test-suite>
      <test-suite type="TestFixture" id="0-1058" name="SpecDocstrings" fullname="Kaitai.SpecDocstrings" classname="Kaitai.SpecDocstrings" runstate="Runnable" testcasecount="1" result="Passed" start-time="2022-03-12 22:29:01Z" end-time="2022-03-12 22:29:01Z" duration="0.002711" total="1" passed="1" failed="0" inconclusive="0" skipped="0" asserts="0">
        <test-case id="0-1059" name="TestDocstrings" fullname="Kaitai.SpecDocstrings.TestDocstrings" methodname="TestDocstrings" classname="Kaitai.SpecDocstrings" runstate="Runnable" seed="430089319" result="Passed" start-time="2022-03-12 22:29:01Z" end-time="2022-03-12 22:29:01Z" duration="0.000327" asserts="0" />
      </test-suite>
      <test-suite type="TestFixture" id="0-1060" name="SpecDocstringsDocref" fullname="Kaitai.SpecDocstringsDocref" classname="Kaitai.SpecDocstringsDocref" runstate="Runnable" testcasecount="1" result="Passed" start-time="2022-03-12 22:29:01Z" end-time="2022-03-12 22:29:01Z" duration="0.002720" total="1" passed="1" failed="0" inconclusive="0" skipped="0" asserts="0">
        <test-case id="0-1061" name="TestDocstringsDocref" fullname="Kaitai.SpecDocstringsDocref.TestDocstringsDocref" methodname="TestDocstringsDocref" classname="Kaitai.SpecDocstringsDocref" runstate="Runnable" seed="1688638321" result="Passed" start-time="2022-03-12 22:29:01Z" end-time="2022-03-12 22:29:01Z" duration="0.000338" asserts="0" />
      </test-suite>
      <test-suite type="TestFixture" id="0-1062" name="SpecDocstringsDocrefMulti" fullname="Kaitai.SpecDocstringsDocrefMulti" classname="Kaitai.SpecDocstringsDocrefMulti" runstate="Runnable" testcasecount="1" result="Passed" start-time="2022-03-12 22:29:01Z" end-time="2022-03-12 22:29:01Z" duration="0.002646" total="1" passed="1" failed="0" inconclusive="0" skipped="0" asserts="0">
        <test-case id="0-1063" name="TestDocstringsDocrefMulti" fullname="Kaitai.SpecDocstringsDocrefMulti.TestDocstringsDocrefMulti" methodname="TestDocstringsDocrefMulti" classname="Kaitai.SpecDocstringsDocrefMulti" runstate="Runnable" seed="150813014" result="Passed" start-time="2022-03-12 22:29:01Z" end-time="2022-03-12 22:29:01Z" duration="0.000268" asserts="0" />
      </test-suite>
      <test-suite type="TestFixture" id="0-1064" name="SpecEnum0" fullname="Kaitai.SpecEnum0" classname="Kaitai.SpecEnum0" runstate="Runnable" testcasecount="1" result="Passed" start-time="2022-03-12 22:29:01Z" end-time="2022-03-12 22:29:01Z" duration="0.002814" total="1" passed="1" failed="0" inconclusive="0" skipped="0" asserts="2">
        <test-case id="0-1065" name="TestEnum0" fullname="Kaitai.SpecEnum0.TestEnum0" methodname="TestEnum0" classname="Kaitai.SpecEnum0" runstate="Runnable" seed="1433661600" result="Passed" start-time="2022-03-12 22:29:01Z" end-time="2022-03-12 22:29:01Z" duration="0.000428" asserts="2" />
      </test-suite>
      <test-suite type="TestFixture" id="0-1066" name="SpecEnum1" fullname="Kaitai.SpecEnum1" classname="Kaitai.SpecEnum1" runstate="Runnable" testcasecount="1" result="Passed" start-time="2022-03-12 22:29:01Z" end-time="2022-03-12 22:29:01Z" duration="0.003165" total="1" passed="1" failed="0" inconclusive="0" skipped="0" asserts="2">
        <test-case id="0-1067" name="TestEnum1" fullname="Kaitai.SpecEnum1.TestEnum1" methodname="TestEnum1" classname="Kaitai.SpecEnum1" runstate="Runnable" seed="2129158935" result="Passed" start-time="2022-03-12 22:29:01Z" end-time="2022-03-12 22:29:01Z" duration="0.000648" asserts="2" />
      </test-suite>
      <test-suite type="TestFixture" id="0-1068" name="SpecEnumDeep" fullname="Kaitai.SpecEnumDeep" classname="Kaitai.SpecEnumDeep" runstate="Runnable" testcasecount="1" result="Passed" start-time="2022-03-12 22:29:01Z" end-time="2022-03-12 22:29:01Z" duration="0.003023" total="1" passed="1" failed="0" inconclusive="0" skipped="0" asserts="2">
        <test-case id="0-1069" name="TestEnumDeep" fullname="Kaitai.SpecEnumDeep.TestEnumDeep" methodname="TestEnumDeep" classname="Kaitai.SpecEnumDeep" runstate="Runnable" seed="1647234506" result="Passed" start-time="2022-03-12 22:29:01Z" end-time="2022-03-12 22:29:01Z" duration="0.000624" asserts="2" />
      </test-suite>
      <test-suite type="TestFixture" id="0-1070" name="SpecEnumDeepLiterals" fullname="Kaitai.SpecEnumDeepLiterals" classname="Kaitai.SpecEnumDeepLiterals" runstate="Runnable" testcasecount="1" result="Passed" start-time="2022-03-12 22:29:01Z" end-time="2022-03-12 22:29:01Z" duration="0.002918" total="1" passed="1" failed="0" inconclusive="0" skipped="0" asserts="2">
        <test-case id="0-1071" name="TestEnumDeepLiterals" fullname="Kaitai.SpecEnumDeepLiterals.TestEnumDeepLiterals" methodname="TestEnumDeepLiterals" classname="Kaitai.SpecEnumDeepLiterals" runstate="Runnable" seed="1377153924" result="Passed" start-time="2022-03-12 22:29:01Z" end-time="2022-03-12 22:29:01Z" duration="0.000533" asserts="2" />
      </test-suite>
      <test-suite type="TestFixture" id="0-1072" name="SpecEnumFancy" fullname="Kaitai.SpecEnumFancy" classname="Kaitai.SpecEnumFancy" runstate="Runnable" testcasecount="1" result="Passed" start-time="2022-03-12 22:29:01Z" end-time="2022-03-12 22:29:01Z" duration="0.002806" total="1" passed="1" failed="0" inconclusive="0" skipped="0" asserts="2">
        <test-case id="0-1073" name="TestEnumFancy" fullname="Kaitai.SpecEnumFancy.TestEnumFancy" methodname="TestEnumFancy" classname="Kaitai.SpecEnumFancy" runstate="Runnable" seed="1079095101" result="Passed" start-time="2022-03-12 22:29:01Z" end-time="2022-03-12 22:29:01Z" duration="0.000425" asserts="2" />
      </test-suite>
      <test-suite type="TestFixture" id="0-1074" name="SpecEnumForUnknownId" fullname="Kaitai.SpecEnumForUnknownId" classname="Kaitai.SpecEnumForUnknownId" runstate="Runnable" testcasecount="1" result="Passed" start-time="2022-03-12 22:29:01Z" end-time="2022-03-12 22:29:01Z" duration="0.002789" total="1" passed="1" failed="0" inconclusive="0" skipped="0" asserts="1">
        <test-case id="0-1075" name="TestEnumForUnknownId" fullname="Kaitai.SpecEnumForUnknownId.TestEnumForUnknownId" methodname="TestEnumForUnknownId" classname="Kaitai.SpecEnumForUnknownId" runstate="Runnable" seed="1410738233" result="Passed" start-time="2022-03-12 22:29:01Z" end-time="2022-03-12 22:29:01Z" duration="0.000409" asserts="1" />
      </test-suite>
      <test-suite type="TestFixture" id="0-1076" name="SpecEnumIf" fullname="Kaitai.SpecEnumIf" classname="Kaitai.SpecEnumIf" runstate="Runnable" testcasecount="1" result="Passed" start-time="2022-03-12 22:29:01Z" end-time="2022-03-12 22:29:01Z" duration="0.004375" total="1" passed="1" failed="0" inconclusive="0" skipped="0" asserts="7">
        <test-case id="0-1077" name="TestEnumIf" fullname="Kaitai.SpecEnumIf.TestEnumIf" methodname="TestEnumIf" classname="Kaitai.SpecEnumIf" runstate="Runnable" seed="1265794082" result="Passed" start-time="2022-03-12 22:29:01Z" end-time="2022-03-12 22:29:01Z" duration="0.001970" asserts="7" />
      </test-suite>
      <test-suite type="TestFixture" id="0-1078" name="SpecEnumImport" fullname="Kaitai.SpecEnumImport" classname="Kaitai.SpecEnumImport" runstate="Runnable" testcasecount="1" result="Passed" start-time="2022-03-12 22:29:01Z" end-time="2022-03-12 22:29:01Z" duration="0.002799" total="1" passed="1" failed="0" inconclusive="0" skipped="0" asserts="2">
        <test-case id="0-1079" name="TestEnumImport" fullname="Kaitai.SpecEnumImport.TestEnumImport" methodname="TestEnumImport" classname="Kaitai.SpecEnumImport" runstate="Runnable" seed="1013823736" result="Passed" start-time="2022-03-12 22:29:01Z" end-time="2022-03-12 22:29:01Z" duration="0.000409" asserts="2" />
      </test-suite>
      <test-suite type="TestFixture" id="0-1080" name="SpecEnumIntRangeS" fullname="Kaitai.SpecEnumIntRangeS" classname="Kaitai.SpecEnumIntRangeS" runstate="Runnable" testcasecount="1" result="Passed" start-time="2022-03-12 22:29:01Z" end-time="2022-03-12 22:29:01Z" duration="0.002857" total="1" passed="1" failed="0" inconclusive="0" skipped="0" asserts="3">
        <test-case id="0-1081" name="TestEnumIntRangeS" fullname="Kaitai.SpecEnumIntRangeS.TestEnumIntRangeS" methodname="TestEnumIntRangeS" classname="Kaitai.SpecEnumIntRangeS" runstate="Runnable" seed="675148610" result="Passed" start-time="2022-03-12 22:29:01Z" end-time="2022-03-12 22:29:01Z" duration="0.000473" asserts="3" />
      </test-suite>
      <test-suite type="TestFixture" id="0-1082" name="SpecEnumInvalid" fullname="Kaitai.SpecEnumInvalid" classname="Kaitai.SpecEnumInvalid" runstate="Runnable" testcasecount="1" result="Passed" start-time="2022-03-12 22:29:01Z" end-time="2022-03-12 22:29:01Z" duration="0.002812" total="1" passed="1" failed="0" inconclusive="0" skipped="0" asserts="2">
        <test-case id="0-1083" name="TestEnumInvalid" fullname="Kaitai.SpecEnumInvalid.TestEnumInvalid" methodname="TestEnumInvalid" classname="Kaitai.SpecEnumInvalid" runstate="Runnable" seed="1445811763" result="Passed" start-time="2022-03-12 22:29:01Z" end-time="2022-03-12 22:29:01Z" duration="0.000414" asserts="2" />
      </test-suite>
      <test-suite type="TestFixture" id="0-1084" name="SpecEnumNegative" fullname="Kaitai.SpecEnumNegative" classname="Kaitai.SpecEnumNegative" runstate="Runnable" testcasecount="1" result="Passed" start-time="2022-03-12 22:29:01Z" end-time="2022-03-12 22:29:01Z" duration="0.002878" total="1" passed="1" failed="0" inconclusive="0" skipped="0" asserts="2">
        <test-case id="0-1085" name="TestEnumNegative" fullname="Kaitai.SpecEnumNegative.TestEnumNegative" methodname="TestEnumNegative" classname="Kaitai.SpecEnumNegative" runstate="Runnable" seed="1262285149" result="Passed" start-time="2022-03-12 22:29:01Z" end-time="2022-03-12 22:29:01Z" duration="0.000496" asserts="2" />
      </test-suite>
      <test-suite type="TestFixture" id="0-1086" name="SpecEnumOfValueInst" fullname="Kaitai.SpecEnumOfValueInst" classname="Kaitai.SpecEnumOfValueInst" runstate="Runnable" testcasecount="1" result="Passed" start-time="2022-03-12 22:29:01Z" end-time="2022-03-12 22:29:01Z" duration="0.003027" total="1" passed="1" failed="0" inconclusive="0" skipped="0" asserts="4">
        <test-case id="0-1087" name="TestEnumOfValueInst" fullname="Kaitai.SpecEnumOfValueInst.TestEnumOfValueInst" methodname="TestEnumOfValueInst" classname="Kaitai.SpecEnumOfValueInst" runstate="Runnable" seed="1884021216" result="Passed" start-time="2022-03-12 22:29:01Z" end-time="2022-03-12 22:29:01Z" duration="0.000635" asserts="4" />
      </test-suite>
      <test-suite type="TestFixture" id="0-1088" name="SpecEofExceptionBytes" fullname="Kaitai.SpecEofExceptionBytes" classname="Kaitai.SpecEofExceptionBytes" runstate="Runnable" testcasecount="1" result="Passed" start-time="2022-03-12 22:29:01Z" end-time="2022-03-12 22:29:01Z" duration="0.003707" total="1" passed="1" failed="0" inconclusive="0" skipped="0" asserts="1">
        <test-case id="0-1089" name="TestEofExceptionBytes" fullname="Kaitai.SpecEofExceptionBytes.TestEofExceptionBytes" methodname="TestEofExceptionBytes" classname="Kaitai.SpecEofExceptionBytes" runstate="Runnable" seed="1385190334" result="Passed" start-time="2022-03-12 22:29:01Z" end-time="2022-03-12 22:29:01Z" duration="0.001310" asserts="1" />
      </test-suite>
      <test-suite type="TestFixture" id="0-1090" name="SpecEofExceptionU4" fullname="Kaitai.SpecEofExceptionU4" classname="Kaitai.SpecEofExceptionU4" runstate="Runnable" testcasecount="1" result="Passed" start-time="2022-03-12 22:29:01Z" end-time="2022-03-12 22:29:01Z" duration="0.002873" total="1" passed="1" failed="0" inconclusive="0" skipped="0" asserts="1">
        <test-case id="0-1091" name="TestEofExceptionU4" fullname="Kaitai.SpecEofExceptionU4.TestEofExceptionU4" methodname="TestEofExceptionU4" classname="Kaitai.SpecEofExceptionU4" runstate="Runnable" seed="1832106033" result="Passed" start-time="2022-03-12 22:29:01Z" end-time="2022-03-12 22:29:01Z" duration="0.000477" asserts="1" />
      </test-suite>
      <test-suite type="TestFixture" id="0-1092" name="SpecEosExceptionBytes" fullname="Kaitai.SpecEosExceptionBytes" classname="Kaitai.SpecEosExceptionBytes" runstate="Runnable" testcasecount="1" result="Passed" start-time="2022-03-12 22:29:01Z" end-time="2022-03-12 22:29:01Z" duration="0.002943" total="1" passed="1" failed="0" inconclusive="0" skipped="0" asserts="1">
        <test-case id="0-1093" name="TestEosExceptionBytes" fullname="Kaitai.SpecEosExceptionBytes.TestEosExceptionBytes" methodname="TestEosExceptionBytes" classname="Kaitai.SpecEosExceptionBytes" runstate="Runnable" seed="193822064" result="Passed" start-time="2022-03-12 22:29:01Z" end-time="2022-03-12 22:29:01Z" duration="0.000549" asserts="1" />
      </test-suite>
      <test-suite type="TestFixture" id="0-1094" name="SpecEosExceptionU4" fullname="Kaitai.SpecEosExceptionU4" classname="Kaitai.SpecEosExceptionU4" runstate="Runnable" testcasecount="1" result="Passed" start-time="2022-03-12 22:29:01Z" end-time="2022-03-12 22:29:01Z" duration="0.002959" total="1" passed="1" failed="0" inconclusive="0" skipped="0" asserts="1">
        <test-case id="0-1095" name="TestEosExceptionU4" fullname="Kaitai.SpecEosExceptionU4.TestEosExceptionU4" methodname="TestEosExceptionU4" classname="Kaitai.SpecEosExceptionU4" runstate="Runnable" seed="1831563124" result="Passed" start-time="2022-03-12 22:29:01Z" end-time="2022-03-12 22:29:01Z" duration="0.000561" asserts="1" />
      </test-suite>
      <test-suite type="TestFixture" id="0-1096" name="SpecExpr0" fullname="Kaitai.SpecExpr0" classname="Kaitai.SpecExpr0" runstate="Runnable" testcasecount="1" result="Passed" start-time="2022-03-12 22:29:01Z" end-time="2022-03-12 22:29:01Z" duration="0.002855" total="1" passed="1" failed="0" inconclusive="0" skipped="0" asserts="2">
        <test-case id="0-1097" name="TestExpr0" fullname="Kaitai.SpecExpr0.TestExpr0" methodname="TestExpr0" classname="Kaitai.SpecExpr0" runstate="Runnable" seed="1625101899" result="Passed" start-time="2022-03-12 22:29:01Z" end-time="2022-03-12 22:29:01Z" duration="0.000468" asserts="2" />
      </test-suite>
      <test-suite type="TestFixture" id="0-1098" name="SpecExpr1" fullname="Kaitai.SpecExpr1" classname="Kaitai.SpecExpr1" runstate="Runnable" testcasecount="1" result="Passed" start-time="2022-03-12 22:29:01Z" end-time="2022-03-12 22:29:01Z" duration="0.002972" total="1" passed="1" failed="0" inconclusive="0" skipped="0" asserts="4">
        <test-case id="0-1099" name="TestExpr1" fullname="Kaitai.SpecExpr1.TestExpr1" methodname="TestExpr1" classname="Kaitai.SpecExpr1" runstate="Runnable" seed="1937593740" result="Passed" start-time="2022-03-12 22:29:01Z" end-time="2022-03-12 22:29:01Z" duration="0.000589" asserts="4" />
      </test-suite>
      <test-suite type="TestFixture" id="0-1100" name="SpecExpr2" fullname="Kaitai.SpecExpr2" classname="Kaitai.SpecExpr2" runstate="Runnable" testcasecount="1" result="Passed" start-time="2022-03-12 22:29:01Z" end-time="2022-03-12 22:29:01Z" duration="0.004506" total="1" passed="1" failed="0" inconclusive="0" skipped="0" asserts="17">
        <test-case id="0-1101" name="TestExpr2" fullname="Kaitai.SpecExpr2.TestExpr2" methodname="TestExpr2" classname="Kaitai.SpecExpr2" runstate="Runnable" seed="1273542434" result="Passed" start-time="2022-03-12 22:29:01Z" end-time="2022-03-12 22:29:01Z" duration="0.001749" asserts="17" />
      </test-suite>
      <test-suite type="TestFixture" id="0-1102" name="SpecExpr3" fullname="Kaitai.SpecExpr3" classname="Kaitai.SpecExpr3" runstate="Runnable" testcasecount="1" result="Passed" start-time="2022-03-12 22:29:01Z" end-time="2022-03-12 22:29:01Z" duration="0.003709" total="1" passed="1" failed="0" inconclusive="0" skipped="0" asserts="12">
        <test-case id="0-1103" name="TestExpr3" fullname="Kaitai.SpecExpr3.TestExpr3" methodname="TestExpr3" classname="Kaitai.SpecExpr3" runstate="Runnable" seed="980352427" result="Passed" start-time="2022-03-12 22:29:01Z" end-time="2022-03-12 22:29:01Z" duration="0.001319" asserts="12" />
      </test-suite>
      <test-suite type="TestFixture" id="0-1104" name="SpecExprArray" fullname="Kaitai.SpecExprArray" classname="Kaitai.SpecExprArray" runstate="Runnable" testcasecount="1" result="Passed" start-time="2022-03-12 22:29:01Z" end-time="2022-03-12 22:29:01Z" duration="0.009791" total="1" passed="1" failed="0" inconclusive="0" skipped="0" asserts="15">
        <test-case id="0-1105" name="TestExprArray" fullname="Kaitai.SpecExprArray.TestExprArray" methodname="TestExprArray" classname="Kaitai.SpecExprArray" runstate="Runnable" seed="1789496313" result="Passed" start-time="2022-03-12 22:29:01Z" end-time="2022-03-12 22:29:01Z" duration="0.007033" asserts="15" />
      </test-suite>
      <test-suite type="TestFixture" id="0-1106" name="SpecExprBytesCmp" fullname="Kaitai.SpecExprBytesCmp" classname="Kaitai.SpecExprBytesCmp" runstate="Runnable" testcasecount="1" result="Passed" start-time="2022-03-12 22:29:01Z" end-time="2022-03-12 22:29:01Z" duration="0.003670" total="1" passed="1" failed="0" inconclusive="0" skipped="0" asserts="10">
        <test-case id="0-1107" name="TestExprBytesCmp" fullname="Kaitai.SpecExprBytesCmp.TestExprBytesCmp" methodname="TestExprBytesCmp" classname="Kaitai.SpecExprBytesCmp" runstate="Runnable" seed="1489610459" result="Passed" start-time="2022-03-12 22:29:01Z" end-time="2022-03-12 22:29:01Z" duration="0.001273" asserts="10" />
      </test-suite>
      <test-suite type="TestFixture" id="0-1108" name="SpecExprBytesOps" fullname="Kaitai.SpecExprBytesOps" classname="Kaitai.SpecExprBytesOps" runstate="Runnable" testcasecount="1" result="Passed" start-time="2022-03-12 22:29:01Z" end-time="2022-03-12 22:29:01Z" duration="0.005090" total="1" passed="1" failed="0" inconclusive="0" skipped="0" asserts="16">
        <test-case id="0-1109" name="TestExprBytesOps" fullname="Kaitai.SpecExprBytesOps.TestExprBytesOps" methodname="TestExprBytesOps" classname="Kaitai.SpecExprBytesOps" runstate="Runnable" seed="517370792" result="Passed" start-time="2022-03-12 22:29:01Z" end-time="2022-03-12 22:29:01Z" duration="0.002701" asserts="16" />
      </test-suite>
      <test-suite type="TestFixture" id="0-1110" name="SpecExprCalcArrayOps" fullname="Kaitai.SpecExprCalcArrayOps" classname="Kaitai.SpecExprCalcArrayOps" runstate="Runnable" testcasecount="1" result="Passed" start-time="2022-03-12 22:29:01Z" end-time="2022-03-12 22:29:01Z" duration="0.006073" total="1" passed="1" failed="0" inconclusive="0" skipped="0" asserts="18">
        <test-case id="0-1111" name="TestExprCalcArrayOps" fullname="Kaitai.SpecExprCalcArrayOps.TestExprCalcArrayOps" methodname="TestExprCalcArrayOps" classname="Kaitai.SpecExprCalcArrayOps" runstate="Runnable" seed="619330836" result="Passed" start-time="2022-03-12 22:29:01Z" end-time="2022-03-12 22:29:01Z" duration="0.003626" asserts="18" />
      </test-suite>
      <test-suite type="TestFixture" id="0-1112" name="SpecExprEnum" fullname="Kaitai.SpecExprEnum" classname="Kaitai.SpecExprEnum" runstate="Runnable" testcasecount="1" result="Passed" start-time="2022-03-12 22:29:01Z" end-time="2022-03-12 22:29:01Z" duration="0.002989" total="1" passed="1" failed="0" inconclusive="0" skipped="0" asserts="3">
        <test-case id="0-1113" name="TestExprEnum" fullname="Kaitai.SpecExprEnum.TestExprEnum" methodname="TestExprEnum" classname="Kaitai.SpecExprEnum" runstate="Runnable" seed="1255765757" result="Passed" start-time="2022-03-12 22:29:01Z" end-time="2022-03-12 22:29:01Z" duration="0.000599" asserts="3" />
      </test-suite>
      <test-suite type="TestFixture" id="0-1114" name="SpecExprIfIntOps" fullname="Kaitai.SpecExprIfIntOps" classname="Kaitai.SpecExprIfIntOps" runstate="Runnable" testcasecount="1" result="Passed" start-time="2022-03-12 22:29:01Z" end-time="2022-03-12 22:29:01Z" duration="0.003283" total="1" passed="1" failed="0" inconclusive="0" skipped="0" asserts="2">
        <test-case id="0-1115" name="TestExprIfIntOps" fullname="Kaitai.SpecExprIfIntOps.TestExprIfIntOps" methodname="TestExprIfIntOps" classname="Kaitai.SpecExprIfIntOps" runstate="Runnable" seed="1373541855" result="Passed" start-time="2022-03-12 22:29:01Z" end-time="2022-03-12 22:29:01Z" duration="0.000895" asserts="2" />
      </test-suite>
      <test-suite type="TestFixture" id="0-1116" name="SpecExprIntDiv" fullname="Kaitai.SpecExprIntDiv" classname="Kaitai.SpecExprIntDiv" runstate="Runnable" testcasecount="1" result="Failed" site="Child" start-time="2022-03-12 22:29:01Z" end-time="2022-03-12 22:29:01Z" duration="0.013469" total="1" passed="0" failed="1" inconclusive="0" skipped="0" asserts="4">
        <failure>
          <message><![CDATA[One or more child tests had errors]]></message>
        </failure>
        <test-case id="0-1117" name="TestExprIntDiv" fullname="Kaitai.SpecExprIntDiv.TestExprIntDiv" methodname="TestExprIntDiv" classname="Kaitai.SpecExprIntDiv" runstate="Runnable" seed="1255566621" result="Failed" start-time="2022-03-12 22:29:01Z" end-time="2022-03-12 22:29:01Z" duration="0.011031" asserts="4">
          <failure>
            <message><![CDATA[  Expected: -756
  But was:  -757
]]></message>
            <stack-trace><![CDATA[at Kaitai.SpecExprIntDiv.TestExprIntDiv () [0x00069] in <9d12f6dafc4d432ba0f5a0a3e97955ca>:0
]]></stack-trace>
          </failure>
        </test-case>
      </test-suite>
      <test-suite type="TestFixture" id="0-1118" name="SpecExprIoEof" fullname="Kaitai.SpecExprIoEof" classname="Kaitai.SpecExprIoEof" runstate="Runnable" testcasecount="1" result="Passed" start-time="2022-03-12 22:29:01Z" end-time="2022-03-12 22:29:01Z" duration="0.003460" total="1" passed="1" failed="0" inconclusive="0" skipped="0" asserts="4">
        <test-case id="0-1119" name="TestExprIoEof" fullname="Kaitai.SpecExprIoEof.TestExprIoEof" methodname="TestExprIoEof" classname="Kaitai.SpecExprIoEof" runstate="Runnable" seed="1640008376" result="Passed" start-time="2022-03-12 22:29:01Z" end-time="2022-03-12 22:29:01Z" duration="0.001072" asserts="4" />
      </test-suite>
      <test-suite type="TestFixture" id="0-1120" name="SpecExprIoPos" fullname="Kaitai.SpecExprIoPos" classname="Kaitai.SpecExprIoPos" runstate="Runnable" testcasecount="1" result="Passed" start-time="2022-03-12 22:29:01Z" end-time="2022-03-12 22:29:01Z" duration="0.003197" total="1" passed="1" failed="0" inconclusive="0" skipped="0" asserts="6">
        <test-case id="0-1121" name="TestExprIoPos" fullname="Kaitai.SpecExprIoPos.TestExprIoPos" methodname="TestExprIoPos" classname="Kaitai.SpecExprIoPos" runstate="Runnable" seed="168280422" result="Passed" start-time="2022-03-12 22:29:01Z" end-time="2022-03-12 22:29:01Z" duration="0.000808" asserts="6" />
      </test-suite>
      <test-suite type="TestFixture" id="0-1122" name="SpecExprMod" fullname="Kaitai.SpecExprMod" classname="Kaitai.SpecExprMod" runstate="Runnable" testcasecount="1" result="Passed" start-time="2022-03-12 22:29:01Z" end-time="2022-03-12 22:29:01Z" duration="0.003208" total="1" passed="1" failed="0" inconclusive="0" skipped="0" asserts="6">
        <test-case id="0-1123" name="TestExprMod" fullname="Kaitai.SpecExprMod.TestExprMod" methodname="TestExprMod" classname="Kaitai.SpecExprMod" runstate="Runnable" seed="796367770" result="Passed" start-time="2022-03-12 22:29:01Z" end-time="2022-03-12 22:29:01Z" duration="0.000823" asserts="6" />
      </test-suite>
      <test-suite type="TestFixture" id="0-1124" name="SpecExprSizeofType0" fullname="Kaitai.SpecExprSizeofType0" classname="Kaitai.SpecExprSizeofType0" runstate="Runnable" testcasecount="1" result="Passed" start-time="2022-03-12 22:29:01Z" end-time="2022-03-12 22:29:01Z" duration="0.002731" total="1" passed="1" failed="0" inconclusive="0" skipped="0" asserts="1">
        <test-case id="0-1125" name="TestExprSizeofType0" fullname="Kaitai.SpecExprSizeofType0.TestExprSizeofType0" methodname="TestExprSizeofType0" classname="Kaitai.SpecExprSizeofType0" runstate="Runnable" seed="1735368803" result="Passed" start-time="2022-03-12 22:29:01Z" end-time="2022-03-12 22:29:01Z" duration="0.000349" asserts="1" />
      </test-suite>
      <test-suite type="TestFixture" id="0-1126" name="SpecExprSizeofType1" fullname="Kaitai.SpecExprSizeofType1" classname="Kaitai.SpecExprSizeofType1" runstate="Runnable" testcasecount="1" result="Passed" start-time="2022-03-12 22:29:01Z" end-time="2022-03-12 22:29:01Z" duration="0.002787" total="1" passed="1" failed="0" inconclusive="0" skipped="0" asserts="2">
        <test-case id="0-1127" name="TestExprSizeofType1" fullname="Kaitai.SpecExprSizeofType1.TestExprSizeofType1" methodname="TestExprSizeofType1" classname="Kaitai.SpecExprSizeofType1" runstate="Runnable" seed="965366778" result="Passed" start-time="2022-03-12 22:29:01Z" end-time="2022-03-12 22:29:01Z" duration="0.000405" asserts="2" />
      </test-suite>
      <test-suite type="TestFixture" id="0-1128" name="SpecExprSizeofValue0" fullname="Kaitai.SpecExprSizeofValue0" classname="Kaitai.SpecExprSizeofValue0" runstate="Runnable" testcasecount="1" result="Passed" start-time="2022-03-12 22:29:01Z" end-time="2022-03-12 22:29:01Z" duration="0.003121" total="1" passed="1" failed="0" inconclusive="0" skipped="0" asserts="5">
        <test-case id="0-1129" name="TestExprSizeofValue0" fullname="Kaitai.SpecExprSizeofValue0.TestExprSizeofValue0" methodname="TestExprSizeofValue0" classname="Kaitai.SpecExprSizeofValue0" runstate="Runnable" seed="736584339" result="Passed" start-time="2022-03-12 22:29:01Z" end-time="2022-03-12 22:29:01Z" duration="0.000739" asserts="5" />
      </test-suite>
      <test-suite type="TestFixture" id="0-1130" name="SpecExprSizeofValueSized" fullname="Kaitai.SpecExprSizeofValueSized" classname="Kaitai.SpecExprSizeofValueSized" runstate="Runnable" testcasecount="1" result="Passed" start-time="2022-03-12 22:29:01Z" end-time="2022-03-12 22:29:01Z" duration="0.003170" total="1" passed="1" failed="0" inconclusive="0" skipped="0" asserts="5">
        <test-case id="0-1131" name="TestExprSizeofValueSized" fullname="Kaitai.SpecExprSizeofValueSized.TestExprSizeofValueSized" methodname="TestExprSizeofValueSized" classname="Kaitai.SpecExprSizeofValueSized" runstate="Runnable" seed="2005055628" result="Passed" start-time="2022-03-12 22:29:01Z" end-time="2022-03-12 22:29:01Z" duration="0.000789" asserts="5" />
      </test-suite>
      <test-suite type="TestFixture" id="0-1132" name="SpecExprStrEncodings" fullname="Kaitai.SpecExprStrEncodings" classname="Kaitai.SpecExprStrEncodings" runstate="Runnable" testcasecount="1" result="Passed" start-time="2022-03-12 22:29:01Z" end-time="2022-03-12 22:29:01Z" duration="0.093100" total="1" passed="1" failed="0" inconclusive="0" skipped="0" asserts="7">
        <test-case id="0-1133" name="TestExprStrEncodings" fullname="Kaitai.SpecExprStrEncodings.TestExprStrEncodings" methodname="TestExprStrEncodings" classname="Kaitai.SpecExprStrEncodings" runstate="Runnable" seed="1807783187" result="Passed" start-time="2022-03-12 22:29:01Z" end-time="2022-03-12 22:29:01Z" duration="0.090687" asserts="7" />
      </test-suite>
      <test-suite type="TestFixture" id="0-1134" name="SpecExprStrOps" fullname="Kaitai.SpecExprStrOps" classname="Kaitai.SpecExprStrOps" runstate="Runnable" testcasecount="1" result="Passed" start-time="2022-03-12 22:29:01Z" end-time="2022-03-12 22:29:01Z" duration="0.006231" total="1" passed="1" failed="0" inconclusive="0" skipped="0" asserts="17">
        <test-case id="0-1135" name="TestExprStrOps" fullname="Kaitai.SpecExprStrOps.TestExprStrOps" methodname="TestExprStrOps" classname="Kaitai.SpecExprStrOps" runstate="Runnable" seed="941884309" result="Passed" start-time="2022-03-12 22:29:01Z" end-time="2022-03-12 22:29:01Z" duration="0.003762" asserts="17" />
      </test-suite>
      <test-suite type="TestFixture" id="0-1136" name="SpecFixedContents" fullname="Kaitai.SpecFixedContents" classname="Kaitai.SpecFixedContents" runstate="Runnable" testcasecount="1" result="Passed" start-time="2022-03-12 22:29:01Z" end-time="2022-03-12 22:29:01Z" duration="0.002963" total="1" passed="1" failed="0" inconclusive="0" skipped="0" asserts="0">
        <test-case id="0-1137" name="TestFixedContents" fullname="Kaitai.SpecFixedContents.TestFixedContents" methodname="TestFixedContents" classname="Kaitai.SpecFixedContents" runstate="Runnable" seed="482260616" result="Passed" start-time="2022-03-12 22:29:01Z" end-time="2022-03-12 22:29:01Z" duration="0.000548" asserts="0" />
      </test-suite>
      <test-suite type="TestFixture" id="0-1138" name="SpecFixedStruct" fullname="Kaitai.SpecFixedStruct" classname="Kaitai.SpecFixedStruct" runstate="Runnable" testcasecount="1" result="Passed" start-time="2022-03-12 22:29:01Z" end-time="2022-03-12 22:29:01Z" duration="0.004694" total="1" passed="1" failed="0" inconclusive="0" skipped="0" asserts="20">
        <test-case id="0-1139" name="TestFixedStruct" fullname="Kaitai.SpecFixedStruct.TestFixedStruct" methodname="TestFixedStruct" classname="Kaitai.SpecFixedStruct" runstate="Runnable" seed="1372436911" result="Passed" start-time="2022-03-12 22:29:01Z" end-time="2022-03-12 22:29:01Z" duration="0.002239" asserts="20" />
      </test-suite>
      <test-suite type="TestFixture" id="0-1142" name="SpecFloatingPoints" fullname="Kaitai.SpecFloatingPoints" classname="Kaitai.SpecFloatingPoints" runstate="Runnable" testcasecount="1" result="Passed" start-time="2022-03-12 22:29:01Z" end-time="2022-03-12 22:29:01Z" duration="0.003250" total="1" passed="1" failed="0" inconclusive="0" skipped="0" asserts="8">
        <test-case id="0-1143" name="TestFloatingPoints" fullname="Kaitai.SpecFloatingPoints.TestFloatingPoints" methodname="TestFloatingPoints" classname="Kaitai.SpecFloatingPoints" runstate="Runnable" seed="2094657150" result="Passed" start-time="2022-03-12 22:29:01Z" end-time="2022-03-12 22:29:01Z" duration="0.000863" asserts="8" />
      </test-suite>
      <test-suite type="TestFixture" id="0-1140" name="SpecFloatToI" fullname="Kaitai.SpecFloatToI" classname="Kaitai.SpecFloatToI" runstate="Runnable" testcasecount="1" result="Passed" start-time="2022-03-12 22:29:01Z" end-time="2022-03-12 22:29:01Z" duration="0.003296" total="1" passed="1" failed="0" inconclusive="0" skipped="0" asserts="8">
        <test-case id="0-1141" name="TestFloatToI" fullname="Kaitai.SpecFloatToI.TestFloatToI" methodname="TestFloatToI" classname="Kaitai.SpecFloatToI" runstate="Runnable" seed="1321802012" result="Passed" start-time="2022-03-12 22:29:01Z" end-time="2022-03-12 22:29:01Z" duration="0.000917" asserts="8" />
      </test-suite>
      <test-suite type="TestFixture" id="0-1144" name="SpecHelloWorld" fullname="Kaitai.SpecHelloWorld" classname="Kaitai.SpecHelloWorld" runstate="Runnable" testcasecount="1" result="Passed" start-time="2022-03-12 22:29:01Z" end-time="2022-03-12 22:29:01Z" duration="0.002620" total="1" passed="1" failed="0" inconclusive="0" skipped="0" asserts="1">
        <test-case id="0-1145" name="TestHelloWorld" fullname="Kaitai.SpecHelloWorld.TestHelloWorld" methodname="TestHelloWorld" classname="Kaitai.SpecHelloWorld" runstate="Runnable" seed="144053245" result="Passed" start-time="2022-03-12 22:29:01Z" end-time="2022-03-12 22:29:01Z" duration="0.000242" asserts="1" />
      </test-suite>
      <test-suite type="TestFixture" id="0-1146" name="SpecIfInstances" fullname="Kaitai.SpecIfInstances" classname="Kaitai.SpecIfInstances" runstate="Runnable" testcasecount="1" result="Passed" start-time="2022-03-12 22:29:01Z" end-time="2022-03-12 22:29:01Z" duration="0.002833" total="1" passed="1" failed="0" inconclusive="0" skipped="0" asserts="1">
        <test-case id="0-1147" name="TestIfInstances" fullname="Kaitai.SpecIfInstances.TestIfInstances" methodname="TestIfInstances" classname="Kaitai.SpecIfInstances" runstate="Runnable" seed="742157747" result="Passed" start-time="2022-03-12 22:29:01Z" end-time="2022-03-12 22:29:01Z" duration="0.000455" asserts="1" />
      </test-suite>
      <test-suite type="TestFixture" id="0-1148" name="SpecIfStruct" fullname="Kaitai.SpecIfStruct" classname="Kaitai.SpecIfStruct" runstate="Runnable" testcasecount="1" result="Passed" start-time="2022-03-12 22:29:01Z" end-time="2022-03-12 22:29:01Z" duration="0.003348" total="1" passed="1" failed="0" inconclusive="0" skipped="0" asserts="7">
        <test-case id="0-1149" name="TestIfStruct" fullname="Kaitai.SpecIfStruct.TestIfStruct" methodname="TestIfStruct" classname="Kaitai.SpecIfStruct" runstate="Runnable" seed="1938237427" result="Passed" start-time="2022-03-12 22:29:01Z" end-time="2022-03-12 22:29:01Z" duration="0.000963" asserts="7" />
      </test-suite>
      <test-suite type="TestFixture" id="0-1150" name="SpecIfValues" fullname="Kaitai.SpecIfValues" classname="Kaitai.SpecIfValues" runstate="Runnable" testcasecount="1" result="Passed" start-time="2022-03-12 22:29:01Z" end-time="2022-03-12 22:29:01Z" duration="0.003875" total="1" passed="1" failed="0" inconclusive="0" skipped="0" asserts="6">
        <test-case id="0-1151" name="TestIfValues" fullname="Kaitai.SpecIfValues.TestIfValues" methodname="TestIfValues" classname="Kaitai.SpecIfValues" runstate="Runnable" seed="1897665112" result="Passed" start-time="2022-03-12 22:29:01Z" end-time="2022-03-12 22:29:01Z" duration="0.001465" asserts="6" />
      </test-suite>
      <test-suite type="TestFixture" id="0-1152" name="SpecImports0" fullname="Kaitai.SpecImports0" classname="Kaitai.SpecImports0" runstate="Runnable" testcasecount="1" result="Passed" start-time="2022-03-12 22:29:01Z" end-time="2022-03-12 22:29:01Z" duration="0.002885" total="1" passed="1" failed="0" inconclusive="0" skipped="0" asserts="3">
        <test-case id="0-1153" name="TestImports0" fullname="Kaitai.SpecImports0.TestImports0" methodname="TestImports0" classname="Kaitai.SpecImports0" runstate="Runnable" seed="511265017" result="Passed" start-time="2022-03-12 22:29:01Z" end-time="2022-03-12 22:29:01Z" duration="0.000497" asserts="3" />
      </test-suite>
      <test-suite type="TestFixture" id="0-1154" name="SpecImportsAbs" fullname="Kaitai.SpecImportsAbs" classname="Kaitai.SpecImportsAbs" runstate="Runnable" testcasecount="1" result="Passed" start-time="2022-03-12 22:29:01Z" end-time="2022-03-12 22:29:01Z" duration="0.003709" total="1" passed="1" failed="0" inconclusive="0" skipped="0" asserts="2">
        <test-case id="0-1155" name="TestImportsAbs" fullname="Kaitai.SpecImportsAbs.TestImportsAbs" methodname="TestImportsAbs" classname="Kaitai.SpecImportsAbs" runstate="Runnable" seed="432362944" result="Passed" start-time="2022-03-12 22:29:01Z" end-time="2022-03-12 22:29:01Z" duration="0.001325" asserts="2" />
      </test-suite>
      <test-suite type="TestFixture" id="0-1156" name="SpecImportsAbsAbs" fullname="Kaitai.SpecImportsAbsAbs" classname="Kaitai.SpecImportsAbsAbs" runstate="Runnable" testcasecount="1" result="Passed" start-time="2022-03-12 22:29:01Z" end-time="2022-03-12 22:29:01Z" duration="0.003026" total="1" passed="1" failed="0" inconclusive="0" skipped="0" asserts="3">
        <test-case id="0-1157" name="TestImportsAbsAbs" fullname="Kaitai.SpecImportsAbsAbs.TestImportsAbsAbs" methodname="TestImportsAbsAbs" classname="Kaitai.SpecImportsAbsAbs" runstate="Runnable" seed="879062884" result="Passed" start-time="2022-03-12 22:29:01Z" end-time="2022-03-12 22:29:01Z" duration="0.000645" asserts="3" />
      </test-suite>
      <test-suite type="TestFixture" id="0-1158" name="SpecImportsAbsRel" fullname="Kaitai.SpecImportsAbsRel" classname="Kaitai.SpecImportsAbsRel" runstate="Runnable" testcasecount="1" result="Passed" start-time="2022-03-12 22:29:01Z" end-time="2022-03-12 22:29:01Z" duration="0.003011" total="1" passed="1" failed="0" inconclusive="0" skipped="0" asserts="3">
        <test-case id="0-1159" name="TestImportsAbsRel" fullname="Kaitai.SpecImportsAbsRel.TestImportsAbsRel" methodname="TestImportsAbsRel" classname="Kaitai.SpecImportsAbsRel" runstate="Runnable" seed="1242248584" result="Passed" start-time="2022-03-12 22:29:01Z" end-time="2022-03-12 22:29:01Z" duration="0.000561" asserts="3" />
      </test-suite>
      <test-suite type="TestFixture" id="0-1160" name="SpecImportsCircularA" fullname="Kaitai.SpecImportsCircularA" classname="Kaitai.SpecImportsCircularA" runstate="Runnable" testcasecount="1" result="Passed" start-time="2022-03-12 22:29:01Z" end-time="2022-03-12 22:29:01Z" duration="0.003039" total="1" passed="1" failed="0" inconclusive="0" skipped="0" asserts="5">
        <test-case id="0-1161" name="TestImportsCircularA" fullname="Kaitai.SpecImportsCircularA.TestImportsCircularA" methodname="TestImportsCircularA" classname="Kaitai.SpecImportsCircularA" runstate="Runnable" seed="602014652" result="Passed" start-time="2022-03-12 22:29:01Z" end-time="2022-03-12 22:29:01Z" duration="0.000661" asserts="5" />
      </test-suite>
      <test-suite type="TestFixture" id="0-1162" name="SpecImportsRel1" fullname="Kaitai.SpecImportsRel1" classname="Kaitai.SpecImportsRel1" runstate="Runnable" testcasecount="1" result="Passed" start-time="2022-03-12 22:29:01Z" end-time="2022-03-12 22:29:01Z" duration="0.003738" total="1" passed="1" failed="0" inconclusive="0" skipped="0" asserts="3">
        <test-case id="0-1163" name="TestImportsRel1" fullname="Kaitai.SpecImportsRel1.TestImportsRel1" methodname="TestImportsRel1" classname="Kaitai.SpecImportsRel1" runstate="Runnable" seed="729161341" result="Passed" start-time="2022-03-12 22:29:01Z" end-time="2022-03-12 22:29:01Z" duration="0.001184" asserts="3" />
      </test-suite>
      <test-suite type="TestFixture" id="0-1164" name="SpecIndexSizes" fullname="Kaitai.SpecIndexSizes" classname="Kaitai.SpecIndexSizes" runstate="Runnable" testcasecount="1" result="Passed" start-time="2022-03-12 22:29:01Z" end-time="2022-03-12 22:29:01Z" duration="0.003531" total="1" passed="1" failed="0" inconclusive="0" skipped="0" asserts="7">
        <test-case id="0-1165" name="TestIndexSizes" fullname="Kaitai.SpecIndexSizes.TestIndexSizes" methodname="TestIndexSizes" classname="Kaitai.SpecIndexSizes" runstate="Runnable" seed="368488423" result="Passed" start-time="2022-03-12 22:29:01Z" end-time="2022-03-12 22:29:01Z" duration="0.000829" asserts="7" />
      </test-suite>
      <test-suite type="TestFixture" id="0-1166" name="SpecIndexToParamEos" fullname="Kaitai.SpecIndexToParamEos" classname="Kaitai.SpecIndexToParamEos" runstate="Runnable" testcasecount="1" result="Passed" start-time="2022-03-12 22:29:01Z" end-time="2022-03-12 22:29:01Z" duration="0.003651" total="1" passed="1" failed="0" inconclusive="0" skipped="0" asserts="7">
        <test-case id="0-1167" name="TestIndexToParamEos" fullname="Kaitai.SpecIndexToParamEos.TestIndexToParamEos" methodname="TestIndexToParamEos" classname="Kaitai.SpecIndexToParamEos" runstate="Runnable" seed="948259345" result="Passed" start-time="2022-03-12 22:29:01Z" end-time="2022-03-12 22:29:01Z" duration="0.001215" asserts="7" />
      </test-suite>
      <test-suite type="TestFixture" id="0-1168" name="SpecIndexToParamExpr" fullname="Kaitai.SpecIndexToParamExpr" classname="Kaitai.SpecIndexToParamExpr" runstate="Runnable" testcasecount="1" result="Passed" start-time="2022-03-12 22:29:01Z" end-time="2022-03-12 22:29:01Z" duration="0.003508" total="1" passed="1" failed="0" inconclusive="0" skipped="0" asserts="7">
        <test-case id="0-1169" name="TestIndexToParamExpr" fullname="Kaitai.SpecIndexToParamExpr.TestIndexToParamExpr" methodname="TestIndexToParamExpr" classname="Kaitai.SpecIndexToParamExpr" runstate="Runnable" seed="2090958944" result="Passed" start-time="2022-03-12 22:29:01Z" end-time="2022-03-12 22:29:01Z" duration="0.001124" asserts="7" />
      </test-suite>
      <test-suite type="TestFixture" id="0-1170" name="SpecIndexToParamUntil" fullname="Kaitai.SpecIndexToParamUntil" classname="Kaitai.SpecIndexToParamUntil" runstate="Runnable" testcasecount="1" result="Passed" start-time="2022-03-12 22:29:01Z" end-time="2022-03-12 22:29:01Z" duration="0.004143" total="1" passed="1" failed="0" inconclusive="0" skipped="0" asserts="7">
        <test-case id="0-1171" name="TestIndexToParamUntil" fullname="Kaitai.SpecIndexToParamUntil.TestIndexToParamUntil" methodname="TestIndexToParamUntil" classname="Kaitai.SpecIndexToParamUntil" runstate="Runnable" seed="86403228" result="Passed" start-time="2022-03-12 22:29:01Z" end-time="2022-03-12 22:29:01Z" duration="0.001734" asserts="7" />
      </test-suite>
      <test-suite type="TestFixture" id="0-1172" name="SpecInstanceIoUser" fullname="Kaitai.SpecInstanceIoUser" classname="Kaitai.SpecInstanceIoUser" runstate="Runnable" testcasecount="1" result="Passed" start-time="2022-03-12 22:29:01Z" end-time="2022-03-12 22:29:01Z" duration="0.003784" total="1" passed="1" failed="0" inconclusive="0" skipped="0" asserts="4">
        <test-case id="0-1173" name="TestInstanceIoUser" fullname="Kaitai.SpecInstanceIoUser.TestInstanceIoUser" methodname="TestInstanceIoUser" classname="Kaitai.SpecInstanceIoUser" runstate="Runnable" seed="2038138674" result="Passed" start-time="2022-03-12 22:29:01Z" end-time="2022-03-12 22:29:01Z" duration="0.001404" asserts="4" />
      </test-suite>
      <test-suite type="TestFixture" id="0-1174" name="SpecInstanceStd" fullname="Kaitai.SpecInstanceStd" classname="Kaitai.SpecInstanceStd" runstate="Runnable" testcasecount="1" result="Passed" start-time="2022-03-12 22:29:01Z" end-time="2022-03-12 22:29:01Z" duration="0.002965" total="1" passed="1" failed="0" inconclusive="0" skipped="0" asserts="1">
        <test-case id="0-1175" name="TestInstanceStd" fullname="Kaitai.SpecInstanceStd.TestInstanceStd" methodname="TestInstanceStd" classname="Kaitai.SpecInstanceStd" runstate="Runnable" seed="1237853802" result="Passed" start-time="2022-03-12 22:29:01Z" end-time="2022-03-12 22:29:01Z" duration="0.000557" asserts="1" />
      </test-suite>
      <test-suite type="TestFixture" id="0-1176" name="SpecInstanceStdArray" fullname="Kaitai.SpecInstanceStdArray" classname="Kaitai.SpecInstanceStdArray" runstate="Runnable" testcasecount="1" result="Passed" start-time="2022-03-12 22:29:01Z" end-time="2022-03-12 22:29:01Z" duration="0.003261" total="1" passed="1" failed="0" inconclusive="0" skipped="0" asserts="7">
        <test-case id="0-1177" name="TestInstanceStdArray" fullname="Kaitai.SpecInstanceStdArray.TestInstanceStdArray" methodname="TestInstanceStdArray" classname="Kaitai.SpecInstanceStdArray" runstate="Runnable" seed="1555108758" result="Passed" start-time="2022-03-12 22:29:01Z" end-time="2022-03-12 22:29:01Z" duration="0.000877" asserts="7" />
      </test-suite>
      <test-suite type="TestFixture" id="0-1178" name="SpecInstanceUserArray" fullname="Kaitai.SpecInstanceUserArray" classname="Kaitai.SpecInstanceUserArray" runstate="Runnable" testcasecount="1" result="Passed" start-time="2022-03-12 22:29:01Z" end-time="2022-03-12 22:29:01Z" duration="0.003710" total="1" passed="1" failed="0" inconclusive="0" skipped="0" asserts="10">
        <test-case id="0-1179" name="TestInstanceUserArray" fullname="Kaitai.SpecInstanceUserArray.TestInstanceUserArray" methodname="TestInstanceUserArray" classname="Kaitai.SpecInstanceUserArray" runstate="Runnable" seed="961097951" result="Passed" start-time="2022-03-12 22:29:01Z" end-time="2022-03-12 22:29:01Z" duration="0.001324" asserts="10" />
      </test-suite>
      <test-suite type="TestFixture" id="0-1180" name="SpecIntegers" fullname="Kaitai.SpecIntegers" classname="Kaitai.SpecIntegers" runstate="Runnable" testcasecount="1" result="Passed" start-time="2022-03-12 22:29:01Z" end-time="2022-03-12 22:29:01Z" duration="0.003932" total="1" passed="1" failed="0" inconclusive="0" skipped="0" asserts="20">
        <test-case id="0-1181" name="TestIntegers" fullname="Kaitai.SpecIntegers.TestIntegers" methodname="TestIntegers" classname="Kaitai.SpecIntegers" runstate="Runnable" seed="803543174" result="Passed" start-time="2022-03-12 22:29:01Z" end-time="2022-03-12 22:29:01Z" duration="0.001547" asserts="20" />
      </test-suite>
      <test-suite type="TestFixture" id="0-1182" name="SpecIntegersDoubleOverflow" fullname="Kaitai.SpecIntegersDoubleOverflow" classname="Kaitai.SpecIntegersDoubleOverflow" runstate="Runnable" testcasecount="1" result="Passed" start-time="2022-03-12 22:29:01Z" end-time="2022-03-12 22:29:01Z" duration="0.003007" total="1" passed="1" failed="0" inconclusive="0" skipped="0" asserts="8">
        <test-case id="0-1183" name="TestIntegersDoubleOverflow" fullname="Kaitai.SpecIntegersDoubleOverflow.TestIntegersDoubleOverflow" methodname="TestIntegersDoubleOverflow" classname="Kaitai.SpecIntegersDoubleOverflow" runstate="Runnable" seed="391154473" result="Passed" start-time="2022-03-12 22:29:01Z" end-time="2022-03-12 22:29:01Z" duration="0.000621" asserts="8" />
      </test-suite>
      <test-suite type="TestFixture" id="0-1184" name="SpecIntegersMinMax" fullname="Kaitai.SpecIntegersMinMax" classname="Kaitai.SpecIntegersMinMax" runstate="Runnable" testcasecount="1" result="Passed" start-time="2022-03-12 22:29:01Z" end-time="2022-03-12 22:29:01Z" duration="0.004104" total="1" passed="1" failed="0" inconclusive="0" skipped="0" asserts="28">
        <test-case id="0-1185" name="TestIntegersMinMax" fullname="Kaitai.SpecIntegersMinMax.TestIntegersMinMax" methodname="TestIntegersMinMax" classname="Kaitai.SpecIntegersMinMax" runstate="Runnable" seed="417128008" result="Passed" start-time="2022-03-12 22:29:01Z" end-time="2022-03-12 22:29:01Z" duration="0.001710" asserts="28" />
      </test-suite>
      <test-suite type="TestFixture" id="0-1186" name="SpecIoLocalVar" fullname="Kaitai.SpecIoLocalVar" classname="Kaitai.SpecIoLocalVar" runstate="Runnable" testcasecount="1" result="Passed" start-time="2022-03-12 22:29:01Z" end-time="2022-03-12 22:29:01Z" duration="0.003132" total="1" passed="1" failed="0" inconclusive="0" skipped="0" asserts="2">
        <test-case id="0-1187" name="TestIoLocalVar" fullname="Kaitai.SpecIoLocalVar.TestIoLocalVar" methodname="TestIoLocalVar" classname="Kaitai.SpecIoLocalVar" runstate="Runnable" seed="1993374798" result="Passed" start-time="2022-03-12 22:29:01Z" end-time="2022-03-12 22:29:01Z" duration="0.000749" asserts="2" />
      </test-suite>
      <test-suite type="TestFixture" id="0-1188" name="SpecJsSignedRightShift" fullname="Kaitai.SpecJsSignedRightShift" classname="Kaitai.SpecJsSignedRightShift" runstate="Runnable" testcasecount="1" result="Passed" start-time="2022-03-12 22:29:01Z" end-time="2022-03-12 22:29:01Z" duration="0.002800" total="1" passed="1" failed="0" inconclusive="0" skipped="0" asserts="2">
        <test-case id="0-1189" name="TestJsSignedRightShift" fullname="Kaitai.SpecJsSignedRightShift.TestJsSignedRightShift" methodname="TestJsSignedRightShift" classname="Kaitai.SpecJsSignedRightShift" runstate="Runnable" seed="859417724" result="Passed" start-time="2022-03-12 22:29:01Z" end-time="2022-03-12 22:29:01Z" duration="0.000417" asserts="2" />
      </test-suite>
      <test-suite type="TestFixture" id="0-1190" name="SpecMetaTags" fullname="Kaitai.SpecMetaTags" classname="Kaitai.SpecMetaTags" runstate="Runnable" testcasecount="1" result="Passed" start-time="2022-03-12 22:29:01Z" end-time="2022-03-12 22:29:01Z" duration="0.002671" total="1" passed="1" failed="0" inconclusive="0" skipped="0" asserts="0">
        <test-case id="0-1191" name="TestMetaTags" fullname="Kaitai.SpecMetaTags.TestMetaTags" methodname="TestMetaTags" classname="Kaitai.SpecMetaTags" runstate="Runnable" seed="1891134002" result="Passed" start-time="2022-03-12 22:29:01Z" end-time="2022-03-12 22:29:01Z" duration="0.000289" asserts="0" />
      </test-suite>
      <test-suite type="TestFixture" id="0-1192" name="SpecMetaXref" fullname="Kaitai.SpecMetaXref" classname="Kaitai.SpecMetaXref" runstate="Runnable" testcasecount="1" result="Passed" start-time="2022-03-12 22:29:01Z" end-time="2022-03-12 22:29:01Z" duration="0.002657" total="1" passed="1" failed="0" inconclusive="0" skipped="0" asserts="0">
        <test-case id="0-1193" name="TestMetaXref" fullname="Kaitai.SpecMetaXref.TestMetaXref" methodname="TestMetaXref" classname="Kaitai.SpecMetaXref" runstate="Runnable" seed="205735767" result="Passed" start-time="2022-03-12 22:29:01Z" end-time="2022-03-12 22:29:01Z" duration="0.000273" asserts="0" />
      </test-suite>
      <test-suite type="TestFixture" id="0-1194" name="SpecMultipleUse" fullname="Kaitai.SpecMultipleUse" classname="Kaitai.SpecMultipleUse" runstate="Runnable" testcasecount="1" result="Passed" start-time="2022-03-12 22:29:01Z" end-time="2022-03-12 22:29:01Z" duration="0.003142" total="1" passed="1" failed="0" inconclusive="0" skipped="0" asserts="2">
        <test-case id="0-1195" name="TestMultipleUse" fullname="Kaitai.SpecMultipleUse.TestMultipleUse" methodname="TestMultipleUse" classname="Kaitai.SpecMultipleUse" runstate="Runnable" seed="1578281850" result="Passed" start-time="2022-03-12 22:29:01Z" end-time="2022-03-12 22:29:01Z" duration="0.000756" asserts="2" />
      </test-suite>
      <test-suite type="TestFixture" id="0-1196" name="SpecNavParent" fullname="Kaitai.SpecNavParent" classname="Kaitai.SpecNavParent" runstate="Runnable" testcasecount="1" result="Passed" start-time="2022-03-12 22:29:01Z" end-time="2022-03-12 22:29:01Z" duration="0.003639" total="1" passed="1" failed="0" inconclusive="0" skipped="0" asserts="5">
        <test-case id="0-1197" name="TestNavParent" fullname="Kaitai.SpecNavParent.TestNavParent" methodname="TestNavParent" classname="Kaitai.SpecNavParent" runstate="Runnable" seed="1920000760" result="Passed" start-time="2022-03-12 22:29:01Z" end-time="2022-03-12 22:29:01Z" duration="0.001257" asserts="5" />
      </test-suite>
      <test-suite type="TestFixture" id="0-1198" name="SpecNavParent2" fullname="Kaitai.SpecNavParent2" classname="Kaitai.SpecNavParent2" runstate="Runnable" testcasecount="1" result="Passed" start-time="2022-03-12 22:29:01Z" end-time="2022-03-12 22:29:01Z" duration="0.003879" total="1" passed="1" failed="0" inconclusive="0" skipped="0" asserts="10">
        <test-case id="0-1199" name="TestNavParent2" fullname="Kaitai.SpecNavParent2.TestNavParent2" methodname="TestNavParent2" classname="Kaitai.SpecNavParent2" runstate="Runnable" seed="45469469" result="Passed" start-time="2022-03-12 22:29:01Z" end-time="2022-03-12 22:29:01Z" duration="0.001491" asserts="10" />
      </test-suite>
      <test-suite type="TestFixture" id="0-1200" name="SpecNavParent3" fullname="Kaitai.SpecNavParent3" classname="Kaitai.SpecNavParent3" runstate="Runnable" testcasecount="1" result="Passed" start-time="2022-03-12 22:29:01Z" end-time="2022-03-12 22:29:01Z" duration="0.004058" total="1" passed="1" failed="0" inconclusive="0" skipped="0" asserts="10">
        <test-case id="0-1201" name="TestNavParent3" fullname="Kaitai.SpecNavParent3.TestNavParent3" methodname="TestNavParent3" classname="Kaitai.SpecNavParent3" runstate="Runnable" seed="738793612" result="Passed" start-time="2022-03-12 22:29:01Z" end-time="2022-03-12 22:29:01Z" duration="0.001635" asserts="10" />
      </test-suite>
      <test-suite type="TestFixture" id="0-1202" name="SpecNavParentFalse" fullname="Kaitai.SpecNavParentFalse" classname="Kaitai.SpecNavParentFalse" runstate="Runnable" testcasecount="1" result="Passed" start-time="2022-03-12 22:29:01Z" end-time="2022-03-12 22:29:01Z" duration="0.003268" total="1" passed="1" failed="0" inconclusive="0" skipped="0" asserts="5">
        <test-case id="0-1203" name="TestNavParentFalse" fullname="Kaitai.SpecNavParentFalse.TestNavParentFalse" methodname="TestNavParentFalse" classname="Kaitai.SpecNavParentFalse" runstate="Runnable" seed="1099078451" result="Passed" start-time="2022-03-12 22:29:01Z" end-time="2022-03-12 22:29:01Z" duration="0.000882" asserts="5" />
      </test-suite>
      <test-suite type="TestFixture" id="0-1204" name="SpecNavParentFalse2" fullname="Kaitai.SpecNavParentFalse2" classname="Kaitai.SpecNavParentFalse2" runstate="Runnable" testcasecount="1" result="Passed" start-time="2022-03-12 22:29:01Z" end-time="2022-03-12 22:29:01Z" duration="0.002837" total="1" passed="1" failed="0" inconclusive="0" skipped="0" asserts="1">
        <test-case id="0-1205" name="TestNavParentFalse2" fullname="Kaitai.SpecNavParentFalse2.TestNavParentFalse2" methodname="TestNavParentFalse2" classname="Kaitai.SpecNavParentFalse2" runstate="Runnable" seed="1996092610" result="Passed" start-time="2022-03-12 22:29:01Z" end-time="2022-03-12 22:29:01Z" duration="0.000452" asserts="1" />
      </test-suite>
      <test-suite type="TestFixture" id="0-1206" name="SpecNavParentOverride" fullname="Kaitai.SpecNavParentOverride" classname="Kaitai.SpecNavParentOverride" runstate="Runnable" testcasecount="1" result="Passed" start-time="2022-03-12 22:29:01Z" end-time="2022-03-12 22:29:01Z" duration="0.003046" total="1" passed="1" failed="0" inconclusive="0" skipped="0" asserts="3">
        <test-case id="0-1207" name="TestNavParentOverride" fullname="Kaitai.SpecNavParentOverride.TestNavParentOverride" methodname="TestNavParentOverride" classname="Kaitai.SpecNavParentOverride" runstate="Runnable" seed="1624265404" result="Passed" start-time="2022-03-12 22:29:01Z" end-time="2022-03-12 22:29:01Z" duration="0.000664" asserts="3" />
      </test-suite>
      <test-suite type="TestFixture" id="0-1208" name="SpecNavParentSwitch" fullname="Kaitai.SpecNavParentSwitch" classname="Kaitai.SpecNavParentSwitch" runstate="Runnable" testcasecount="1" result="Passed" start-time="2022-03-12 22:29:01Z" end-time="2022-03-12 22:29:01Z" duration="0.003148" total="1" passed="1" failed="0" inconclusive="0" skipped="0" asserts="3">
        <test-case id="0-1209" name="TestNavParentSwitch" fullname="Kaitai.SpecNavParentSwitch.TestNavParentSwitch" methodname="TestNavParentSwitch" classname="Kaitai.SpecNavParentSwitch" runstate="Runnable" seed="645259013" result="Passed" start-time="2022-03-12 22:29:01Z" end-time="2022-03-12 22:29:01Z" duration="0.000767" asserts="3" />
      </test-suite>
      <test-suite type="TestFixture" id="0-1210" name="SpecNavParentVsValueInst" fullname="Kaitai.SpecNavParentVsValueInst" classname="Kaitai.SpecNavParentVsValueInst" runstate="Runnable" testcasecount="1" result="Passed" start-time="2022-03-12 22:29:01Z" end-time="2022-03-12 22:29:01Z" duration="0.002845" total="1" passed="1" failed="0" inconclusive="0" skipped="0" asserts="1">
        <test-case id="0-1211" name="TestNavParentVsValueInst" fullname="Kaitai.SpecNavParentVsValueInst.TestNavParentVsValueInst" methodname="TestNavParentVsValueInst" classname="Kaitai.SpecNavParentVsValueInst" runstate="Runnable" seed="1601604188" result="Passed" start-time="2022-03-12 22:29:01Z" end-time="2022-03-12 22:29:01Z" duration="0.000450" asserts="1" />
      </test-suite>
      <test-suite type="TestFixture" id="0-1212" name="SpecNavRoot" fullname="Kaitai.SpecNavRoot" classname="Kaitai.SpecNavRoot" runstate="Runnable" testcasecount="1" result="Passed" start-time="2022-03-12 22:29:01Z" end-time="2022-03-12 22:29:01Z" duration="0.003612" total="1" passed="1" failed="0" inconclusive="0" skipped="0" asserts="5">
        <test-case id="0-1213" name="TestNavRoot" fullname="Kaitai.SpecNavRoot.TestNavRoot" methodname="TestNavRoot" classname="Kaitai.SpecNavRoot" runstate="Runnable" seed="424126988" result="Passed" start-time="2022-03-12 22:29:01Z" end-time="2022-03-12 22:29:01Z" duration="0.001227" asserts="5" />
      </test-suite>
      <test-suite type="TestFixture" id="0-1214" name="SpecNestedSameName" fullname="Kaitai.SpecNestedSameName" classname="Kaitai.SpecNestedSameName" runstate="Runnable" testcasecount="1" result="Passed" start-time="2022-03-12 22:29:01Z" end-time="2022-03-12 22:29:01Z" duration="0.003834" total="1" passed="1" failed="0" inconclusive="0" skipped="0" asserts="2">
        <test-case id="0-1215" name="TestNestedSameName" fullname="Kaitai.SpecNestedSameName.TestNestedSameName" methodname="TestNestedSameName" classname="Kaitai.SpecNestedSameName" runstate="Runnable" seed="147251871" result="Passed" start-time="2022-03-12 22:29:01Z" end-time="2022-03-12 22:29:01Z" duration="0.001423" asserts="2" />
      </test-suite>
      <test-suite type="TestFixture" id="0-1216" name="SpecNestedSameName2" fullname="Kaitai.SpecNestedSameName2" classname="Kaitai.SpecNestedSameName2" runstate="Runnable" testcasecount="1" result="Passed" start-time="2022-03-12 22:29:01Z" end-time="2022-03-12 22:29:01Z" duration="0.003324" total="1" passed="1" failed="0" inconclusive="0" skipped="0" asserts="5">
        <test-case id="0-1217" name="TestNestedSameName2" fullname="Kaitai.SpecNestedSameName2.TestNestedSameName2" methodname="TestNestedSameName2" classname="Kaitai.SpecNestedSameName2" runstate="Runnable" seed="1767236866" result="Passed" start-time="2022-03-12 22:29:01Z" end-time="2022-03-12 22:29:01Z" duration="0.000930" asserts="5" />
      </test-suite>
      <test-suite type="TestFixture" id="0-1218" name="SpecNestedTypeParam" fullname="Kaitai.SpecNestedTypeParam" classname="Kaitai.SpecNestedTypeParam" runstate="Runnable" testcasecount="1" result="Passed" start-time="2022-03-12 22:29:01Z" end-time="2022-03-12 22:29:01Z" duration="0.002909" total="1" passed="1" failed="0" inconclusive="0" skipped="0" asserts="2">
        <test-case id="0-1219" name="TestNestedTypeParam" fullname="Kaitai.SpecNestedTypeParam.TestNestedTypeParam" methodname="TestNestedTypeParam" classname="Kaitai.SpecNestedTypeParam" runstate="Runnable" seed="1078073624" result="Passed" start-time="2022-03-12 22:29:01Z" end-time="2022-03-12 22:29:01Z" duration="0.000512" asserts="2" />
      </test-suite>
      <test-suite type="TestFixture" id="0-1220" name="SpecNestedTypes" fullname="Kaitai.SpecNestedTypes" classname="Kaitai.SpecNestedTypes" runstate="Runnable" testcasecount="1" result="Passed" start-time="2022-03-12 22:29:01Z" end-time="2022-03-12 22:29:01Z" duration="0.003093" total="1" passed="1" failed="0" inconclusive="0" skipped="0" asserts="3">
        <test-case id="0-1221" name="TestNestedTypes" fullname="Kaitai.SpecNestedTypes.TestNestedTypes" methodname="TestNestedTypes" classname="Kaitai.SpecNestedTypes" runstate="Runnable" seed="955987458" result="Passed" start-time="2022-03-12 22:29:01Z" end-time="2022-03-12 22:29:01Z" duration="0.000707" asserts="3" />
      </test-suite>
      <test-suite type="TestFixture" id="0-1222" name="SpecNestedTypes2" fullname="Kaitai.SpecNestedTypes2" classname="Kaitai.SpecNestedTypes2" runstate="Runnable" testcasecount="1" result="Passed" start-time="2022-03-12 22:29:01Z" end-time="2022-03-12 22:29:01Z" duration="0.003466" total="1" passed="1" failed="0" inconclusive="0" skipped="0" asserts="7">
        <test-case id="0-1223" name="TestNestedTypes2" fullname="Kaitai.SpecNestedTypes2.TestNestedTypes2" methodname="TestNestedTypes2" classname="Kaitai.SpecNestedTypes2" runstate="Runnable" seed="547194204" result="Passed" start-time="2022-03-12 22:29:01Z" end-time="2022-03-12 22:29:01Z" duration="0.001082" asserts="7" />
      </test-suite>
      <test-suite type="TestFixture" id="0-1224" name="SpecNestedTypes3" fullname="Kaitai.SpecNestedTypes3" classname="Kaitai.SpecNestedTypes3" runstate="Runnable" testcasecount="1" result="Passed" start-time="2022-03-12 22:29:01Z" end-time="2022-03-12 22:29:01Z" duration="0.003225" total="1" passed="1" failed="0" inconclusive="0" skipped="0" asserts="5">
        <test-case id="0-1225" name="TestNestedTypes3" fullname="Kaitai.SpecNestedTypes3.TestNestedTypes3" methodname="TestNestedTypes3" classname="Kaitai.SpecNestedTypes3" runstate="Runnable" seed="935283204" result="Passed" start-time="2022-03-12 22:29:01Z" end-time="2022-03-12 22:29:01Z" duration="0.000844" asserts="5" />
      </test-suite>
      <test-suite type="TestFixture" id="0-1226" name="SpecNonStandard" fullname="Kaitai.SpecNonStandard" classname="Kaitai.SpecNonStandard" runstate="Runnable" testcasecount="1" result="Passed" start-time="2022-03-12 22:29:01Z" end-time="2022-03-12 22:29:01Z" duration="0.002789" total="1" passed="1" failed="0" inconclusive="0" skipped="0" asserts="1">
        <test-case id="0-1227" name="TestNonStandard" fullname="Kaitai.SpecNonStandard.TestNonStandard" methodname="TestNonStandard" classname="Kaitai.SpecNonStandard" runstate="Runnable" seed="357342927" result="Passed" start-time="2022-03-12 22:29:01Z" end-time="2022-03-12 22:29:01Z" duration="0.000409" asserts="1" />
      </test-suite>
      <test-suite type="TestFixture" id="0-1228" name="SpecOpaqueExternalType" fullname="Kaitai.SpecOpaqueExternalType" classname="Kaitai.SpecOpaqueExternalType" runstate="Runnable" testcasecount="1" result="Passed" start-time="2022-03-12 22:29:01Z" end-time="2022-03-12 22:29:01Z" duration="0.002969" total="1" passed="1" failed="0" inconclusive="0" skipped="0" asserts="3">
        <test-case id="0-1229" name="TestOpaqueExternalType" fullname="Kaitai.SpecOpaqueExternalType.TestOpaqueExternalType" methodname="TestOpaqueExternalType" classname="Kaitai.SpecOpaqueExternalType" runstate="Runnable" seed="787788619" result="Passed" start-time="2022-03-12 22:29:01Z" end-time="2022-03-12 22:29:01Z" duration="0.000585" asserts="3" />
      </test-suite>
      <test-suite type="TestFixture" id="0-1230" name="SpecOpaqueExternalType02Parent" fullname="Kaitai.SpecOpaqueExternalType02Parent" classname="Kaitai.SpecOpaqueExternalType02Parent" runstate="Runnable" testcasecount="1" result="Passed" start-time="2022-03-12 22:29:01Z" end-time="2022-03-12 22:29:01Z" duration="0.003198" total="1" passed="1" failed="0" inconclusive="0" skipped="0" asserts="3">
        <test-case id="0-1231" name="TestOpaqueExternalType02Parent" fullname="Kaitai.SpecOpaqueExternalType02Parent.TestOpaqueExternalType02Parent" methodname="TestOpaqueExternalType02Parent" classname="Kaitai.SpecOpaqueExternalType02Parent" runstate="Runnable" seed="1125180309" result="Passed" start-time="2022-03-12 22:29:01Z" end-time="2022-03-12 22:29:01Z" duration="0.000815" asserts="3" />
      </test-suite>
      <test-suite type="TestFixture" id="0-1232" name="SpecOpaqueWithParam" fullname="Kaitai.SpecOpaqueWithParam" classname="Kaitai.SpecOpaqueWithParam" runstate="Runnable" testcasecount="1" result="Passed" start-time="2022-03-12 22:29:01Z" end-time="2022-03-12 22:29:01Z" duration="0.003016" total="1" passed="1" failed="0" inconclusive="0" skipped="0" asserts="2">
        <test-case id="0-1233" name="TestOpaqueWithParam" fullname="Kaitai.SpecOpaqueWithParam.TestOpaqueWithParam" methodname="TestOpaqueWithParam" classname="Kaitai.SpecOpaqueWithParam" runstate="Runnable" seed="1573711230" result="Passed" start-time="2022-03-12 22:29:01Z" end-time="2022-03-12 22:29:01Z" duration="0.000636" asserts="2" />
      </test-suite>
      <test-suite type="TestFixture" id="0-1234" name="SpecOptionalId" fullname="Kaitai.SpecOptionalId" classname="Kaitai.SpecOptionalId" runstate="Runnable" testcasecount="1" result="Passed" start-time="2022-03-12 22:29:01Z" end-time="2022-03-12 22:29:01Z" duration="0.002834" total="1" passed="1" failed="0" inconclusive="0" skipped="0" asserts="3">
        <test-case id="0-1235" name="TestOptionalId" fullname="Kaitai.SpecOptionalId.TestOptionalId" methodname="TestOptionalId" classname="Kaitai.SpecOptionalId" runstate="Runnable" seed="607316982" result="Passed" start-time="2022-03-12 22:29:01Z" end-time="2022-03-12 22:29:01Z" duration="0.000449" asserts="3" />
      </test-suite>
      <test-suite type="TestFixture" id="0-1236" name="SpecParamsCallExtraParens" fullname="Kaitai.SpecParamsCallExtraParens" classname="Kaitai.SpecParamsCallExtraParens" runstate="Runnable" testcasecount="1" result="Passed" start-time="2022-03-12 22:29:01Z" end-time="2022-03-12 22:29:01Z" duration="0.002847" total="1" passed="1" failed="0" inconclusive="0" skipped="0" asserts="1">
        <test-case id="0-1237" name="TestParamsCallExtraParens" fullname="Kaitai.SpecParamsCallExtraParens.TestParamsCallExtraParens" methodname="TestParamsCallExtraParens" classname="Kaitai.SpecParamsCallExtraParens" runstate="Runnable" seed="1023168445" result="Passed" start-time="2022-03-12 22:29:01Z" end-time="2022-03-12 22:29:01Z" duration="0.000464" asserts="1" />
      </test-suite>
      <test-suite type="TestFixture" id="0-1238" name="SpecParamsCallShort" fullname="Kaitai.SpecParamsCallShort" classname="Kaitai.SpecParamsCallShort" runstate="Runnable" testcasecount="1" result="Passed" start-time="2022-03-12 22:29:01Z" end-time="2022-03-12 22:29:01Z" duration="0.003216" total="1" passed="1" failed="0" inconclusive="0" skipped="0" asserts="3">
        <test-case id="0-1239" name="TestParamsCallShort" fullname="Kaitai.SpecParamsCallShort.TestParamsCallShort" methodname="TestParamsCallShort" classname="Kaitai.SpecParamsCallShort" runstate="Runnable" seed="1861236373" result="Passed" start-time="2022-03-12 22:29:01Z" end-time="2022-03-12 22:29:01Z" duration="0.000782" asserts="3" />
      </test-suite>
      <test-suite type="TestFixture" id="0-1240" name="SpecParamsDef" fullname="Kaitai.SpecParamsDef" classname="Kaitai.SpecParamsDef" runstate="Runnable" testcasecount="1" result="Passed" start-time="2022-03-12 22:29:01Z" end-time="2022-03-12 22:29:01Z" duration="0.002642" total="1" passed="1" failed="0" inconclusive="0" skipped="0" asserts="2">
        <test-case id="0-1241" name="TestParamsDef" fullname="Kaitai.SpecParamsDef.TestParamsDef" methodname="TestParamsDef" classname="Kaitai.SpecParamsDef" runstate="Runnable" seed="1834053249" result="Passed" start-time="2022-03-12 22:29:01Z" end-time="2022-03-12 22:29:01Z" duration="0.000260" asserts="2" />
      </test-suite>
      <test-suite type="TestFixture" id="0-1242" name="SpecParamsEnum" fullname="Kaitai.SpecParamsEnum" classname="Kaitai.SpecParamsEnum" runstate="Runnable" testcasecount="1" result="Passed" start-time="2022-03-12 22:29:01Z" end-time="2022-03-12 22:29:01Z" duration="0.002967" total="1" passed="1" failed="0" inconclusive="0" skipped="0" asserts="2">
        <test-case id="0-1243" name="TestParamsEnum" fullname="Kaitai.SpecParamsEnum.TestParamsEnum" methodname="TestParamsEnum" classname="Kaitai.SpecParamsEnum" runstate="Runnable" seed="516687568" result="Passed" start-time="2022-03-12 22:29:01Z" end-time="2022-03-12 22:29:01Z" duration="0.000583" asserts="2" />
      </test-suite>
      <test-suite type="TestFixture" id="0-1244" name="SpecParamsPassArrayStr" fullname="Kaitai.SpecParamsPassArrayStr" classname="Kaitai.SpecParamsPassArrayStr" runstate="Runnable" testcasecount="1" result="Passed" start-time="2022-03-12 22:29:01Z" end-time="2022-03-12 22:29:01Z" duration="0.003723" total="1" passed="1" failed="0" inconclusive="0" skipped="0" asserts="7">
        <test-case id="0-1245" name="TestParamsPassArrayStr" fullname="Kaitai.SpecParamsPassArrayStr.TestParamsPassArrayStr" methodname="TestParamsPassArrayStr" classname="Kaitai.SpecParamsPassArrayStr" runstate="Runnable" seed="1510071087" result="Passed" start-time="2022-03-12 22:29:01Z" end-time="2022-03-12 22:29:01Z" duration="0.001311" asserts="7" />
      </test-suite>
      <test-suite type="TestFixture" id="0-1246" name="SpecParamsPassArrayStruct" fullname="Kaitai.SpecParamsPassArrayStruct" classname="Kaitai.SpecParamsPassArrayStruct" runstate="Runnable" testcasecount="1" result="Passed" start-time="2022-03-12 22:29:01Z" end-time="2022-03-12 22:29:01Z" duration="0.003786" total="1" passed="1" failed="0" inconclusive="0" skipped="0" asserts="3">
        <test-case id="0-1247" name="TestParamsPassArrayStruct" fullname="Kaitai.SpecParamsPassArrayStruct.TestParamsPassArrayStruct" methodname="TestParamsPassArrayStruct" classname="Kaitai.SpecParamsPassArrayStruct" runstate="Runnable" seed="885545835" result="Passed" start-time="2022-03-12 22:29:01Z" end-time="2022-03-12 22:29:01Z" duration="0.001369" asserts="3" />
      </test-suite>
      <test-suite type="TestFixture" id="0-1248" name="SpecParamsPassArrayUsertype" fullname="Kaitai.SpecParamsPassArrayUsertype" classname="Kaitai.SpecParamsPassArrayUsertype" runstate="Runnable" testcasecount="1" result="Passed" start-time="2022-03-12 22:29:01Z" end-time="2022-03-12 22:29:01Z" duration="0.003524" total="1" passed="1" failed="0" inconclusive="0" skipped="0" asserts="5">
        <test-case id="0-1249" name="TestParamsPassArrayUsertype" fullname="Kaitai.SpecParamsPassArrayUsertype.TestParamsPassArrayUsertype" methodname="TestParamsPassArrayUsertype" classname="Kaitai.SpecParamsPassArrayUsertype" runstate="Runnable" seed="2035618464" result="Passed" start-time="2022-03-12 22:29:01Z" end-time="2022-03-12 22:29:01Z" duration="0.001139" asserts="5" />
      </test-suite>
      <test-suite type="TestFixture" id="0-1250" name="SpecParamsPassBool" fullname="Kaitai.SpecParamsPassBool" classname="Kaitai.SpecParamsPassBool" runstate="Runnable" testcasecount="1" result="Passed" start-time="2022-03-12 22:29:01Z" end-time="2022-03-12 22:29:01Z" duration="0.003651" total="1" passed="1" failed="0" inconclusive="0" skipped="0" asserts="14">
        <test-case id="0-1251" name="TestParamsPassBool" fullname="Kaitai.SpecParamsPassBool.TestParamsPassBool" methodname="TestParamsPassBool" classname="Kaitai.SpecParamsPassBool" runstate="Runnable" seed="1449423750" result="Passed" start-time="2022-03-12 22:29:01Z" end-time="2022-03-12 22:29:01Z" duration="0.001268" asserts="14" />
      </test-suite>
      <test-suite type="TestFixture" id="0-1252" name="SpecParamsPassStruct" fullname="Kaitai.SpecParamsPassStruct" classname="Kaitai.SpecParamsPassStruct" runstate="Runnable" testcasecount="1" result="Passed" start-time="2022-03-12 22:29:01Z" end-time="2022-03-12 22:29:01Z" duration="0.003719" total="1" passed="1" failed="0" inconclusive="0" skipped="0" asserts="4">
        <test-case id="0-1253" name="TestParamsPassStruct" fullname="Kaitai.SpecParamsPassStruct.TestParamsPassStruct" methodname="TestParamsPassStruct" classname="Kaitai.SpecParamsPassStruct" runstate="Runnable" seed="1174389145" result="Passed" start-time="2022-03-12 22:29:01Z" end-time="2022-03-12 22:29:01Z" duration="0.001305" asserts="4" />
      </test-suite>
      <test-suite type="TestFixture" id="0-1254" name="SpecParamsPassUsertype" fullname="Kaitai.SpecParamsPassUsertype" classname="Kaitai.SpecParamsPassUsertype" runstate="Runnable" testcasecount="1" result="Passed" start-time="2022-03-12 22:29:01Z" end-time="2022-03-12 22:29:01Z" duration="0.003016" total="1" passed="1" failed="0" inconclusive="0" skipped="0" asserts="2">
        <test-case id="0-1255" name="TestParamsPassUsertype" fullname="Kaitai.SpecParamsPassUsertype.TestParamsPassUsertype" methodname="TestParamsPassUsertype" classname="Kaitai.SpecParamsPassUsertype" runstate="Runnable" seed="1858119719" result="Passed" start-time="2022-03-12 22:29:01Z" end-time="2022-03-12 22:29:01Z" duration="0.000625" asserts="2" />
      </test-suite>
      <test-suite type="TestFixture" id="0-1256" name="SpecPositionAbs" fullname="Kaitai.SpecPositionAbs" classname="Kaitai.SpecPositionAbs" runstate="Runnable" testcasecount="1" result="Passed" start-time="2022-03-12 22:29:01Z" end-time="2022-03-12 22:29:01Z" duration="0.003015" total="1" passed="1" failed="0" inconclusive="0" skipped="0" asserts="2">
        <test-case id="0-1257" name="TestPositionAbs" fullname="Kaitai.SpecPositionAbs.TestPositionAbs" methodname="TestPositionAbs" classname="Kaitai.SpecPositionAbs" runstate="Runnable" seed="104261311" result="Passed" start-time="2022-03-12 22:29:01Z" end-time="2022-03-12 22:29:01Z" duration="0.000620" asserts="2" />
      </test-suite>
      <test-suite type="TestFixture" id="0-1258" name="SpecPositionInSeq" fullname="Kaitai.SpecPositionInSeq" classname="Kaitai.SpecPositionInSeq" runstate="Runnable" testcasecount="1" result="Passed" start-time="2022-03-12 22:29:02Z" end-time="2022-03-12 22:29:02Z" duration="0.003826" total="1" passed="1" failed="0" inconclusive="0" skipped="0" asserts="1">
        <test-case id="0-1259" name="TestPositionInSeq" fullname="Kaitai.SpecPositionInSeq.TestPositionInSeq" methodname="TestPositionInSeq" classname="Kaitai.SpecPositionInSeq" runstate="Runnable" seed="432913075" result="Passed" start-time="2022-03-12 22:29:02Z" end-time="2022-03-12 22:29:02Z" duration="0.001437" asserts="1" />
      </test-suite>
      <test-suite type="TestFixture" id="0-1260" name="SpecPositionToEnd" fullname="Kaitai.SpecPositionToEnd" classname="Kaitai.SpecPositionToEnd" runstate="Runnable" testcasecount="1" result="Passed" start-time="2022-03-12 22:29:02Z" end-time="2022-03-12 22:29:02Z" duration="0.002987" total="1" passed="1" failed="0" inconclusive="0" skipped="0" asserts="2">
        <test-case id="0-1261" name="TestPositionToEnd" fullname="Kaitai.SpecPositionToEnd.TestPositionToEnd" methodname="TestPositionToEnd" classname="Kaitai.SpecPositionToEnd" runstate="Runnable" seed="477463226" result="Passed" start-time="2022-03-12 22:29:02Z" end-time="2022-03-12 22:29:02Z" duration="0.000594" asserts="2" />
      </test-suite>
      <test-suite type="TestFixture" id="0-1262" name="SpecProcessCoerceBytes" fullname="Kaitai.SpecProcessCoerceBytes" classname="Kaitai.SpecProcessCoerceBytes" runstate="Runnable" testcasecount="1" result="Passed" start-time="2022-03-12 22:29:02Z" end-time="2022-03-12 22:29:02Z" duration="0.003534" total="1" passed="1" failed="0" inconclusive="0" skipped="0" asserts="4">
        <test-case id="0-1263" name="TestProcessCoerceBytes" fullname="Kaitai.SpecProcessCoerceBytes.TestProcessCoerceBytes" methodname="TestProcessCoerceBytes" classname="Kaitai.SpecProcessCoerceBytes" runstate="Runnable" seed="1155429073" result="Passed" start-time="2022-03-12 22:29:02Z" end-time="2022-03-12 22:29:02Z" duration="0.001150" asserts="4" />
      </test-suite>
      <test-suite type="TestFixture" id="0-1264" name="SpecProcessCoerceSwitch" fullname="Kaitai.SpecProcessCoerceSwitch" classname="Kaitai.SpecProcessCoerceSwitch" runstate="Runnable" testcasecount="1" result="Passed" start-time="2022-03-12 22:29:02Z" end-time="2022-03-12 22:29:02Z" duration="0.003216" total="1" passed="1" failed="0" inconclusive="0" skipped="0" asserts="3">
        <test-case id="0-1265" name="TestProcessCoerceSwitch" fullname="Kaitai.SpecProcessCoerceSwitch.TestProcessCoerceSwitch" methodname="TestProcessCoerceSwitch" classname="Kaitai.SpecProcessCoerceSwitch" runstate="Runnable" seed="807057419" result="Passed" start-time="2022-03-12 22:29:02Z" end-time="2022-03-12 22:29:02Z" duration="0.000830" asserts="3" />
      </test-suite>
      <test-suite type="TestFixture" id="0-1266" name="SpecProcessCoerceUsertype1" fullname="Kaitai.SpecProcessCoerceUsertype1" classname="Kaitai.SpecProcessCoerceUsertype1" runstate="Runnable" testcasecount="1" result="Passed" start-time="2022-03-12 22:29:02Z" end-time="2022-03-12 22:29:02Z" duration="0.003591" total="1" passed="1" failed="0" inconclusive="0" skipped="0" asserts="4">
        <test-case id="0-1267" name="TestProcessCoerceUsertype1" fullname="Kaitai.SpecProcessCoerceUsertype1.TestProcessCoerceUsertype1" methodname="TestProcessCoerceUsertype1" classname="Kaitai.SpecProcessCoerceUsertype1" runstate="Runnable" seed="611597780" result="Passed" start-time="2022-03-12 22:29:02Z" end-time="2022-03-12 22:29:02Z" duration="0.001207" asserts="4" />
      </test-suite>
      <test-suite type="TestFixture" id="0-1268" name="SpecProcessCoerceUsertype2" fullname="Kaitai.SpecProcessCoerceUsertype2" classname="Kaitai.SpecProcessCoerceUsertype2" runstate="Runnable" testcasecount="1" result="Passed" start-time="2022-03-12 22:29:02Z" end-time="2022-03-12 22:29:02Z" duration="0.003588" total="1" passed="1" failed="0" inconclusive="0" skipped="0" asserts="4">
        <test-case id="0-1269" name="TestProcessCoerceUsertype2" fullname="Kaitai.SpecProcessCoerceUsertype2.TestProcessCoerceUsertype2" methodname="TestProcessCoerceUsertype2" classname="Kaitai.SpecProcessCoerceUsertype2" runstate="Runnable" seed="1963532646" result="Passed" start-time="2022-03-12 22:29:02Z" end-time="2022-03-12 22:29:02Z" duration="0.001202" asserts="4" />
      </test-suite>
      <test-suite type="TestFixture" id="0-1270" name="SpecProcessCustom" fullname="Kaitai.SpecProcessCustom" classname="Kaitai.SpecProcessCustom" runstate="Runnable" testcasecount="1" result="Passed" start-time="2022-03-12 22:29:02Z" end-time="2022-03-12 22:29:02Z" duration="0.003329" total="1" passed="1" failed="0" inconclusive="0" skipped="0" asserts="3">
        <test-case id="0-1271" name="TestProcessCustom" fullname="Kaitai.SpecProcessCustom.TestProcessCustom" methodname="TestProcessCustom" classname="Kaitai.SpecProcessCustom" runstate="Runnable" seed="2050028415" result="Passed" start-time="2022-03-12 22:29:02Z" end-time="2022-03-12 22:29:02Z" duration="0.000741" asserts="3" />
      </test-suite>
      <test-suite type="TestFixture" id="0-1272" name="SpecProcessCustomNoArgs" fullname="Kaitai.SpecProcessCustomNoArgs" classname="Kaitai.SpecProcessCustomNoArgs" runstate="Runnable" testcasecount="1" result="Passed" start-time="2022-03-12 22:29:02Z" end-time="2022-03-12 22:29:02Z" duration="0.002845" total="1" passed="1" failed="0" inconclusive="0" skipped="0" asserts="1">
        <test-case id="0-1273" name="TestProcessCustomNoArgs" fullname="Kaitai.SpecProcessCustomNoArgs.TestProcessCustomNoArgs" methodname="TestProcessCustomNoArgs" classname="Kaitai.SpecProcessCustomNoArgs" runstate="Runnable" seed="934008955" result="Passed" start-time="2022-03-12 22:29:02Z" end-time="2022-03-12 22:29:02Z" duration="0.000458" asserts="1" />
      </test-suite>
      <test-suite type="TestFixture" id="0-1274" name="SpecProcessRepeatBytes" fullname="Kaitai.SpecProcessRepeatBytes" classname="Kaitai.SpecProcessRepeatBytes" runstate="Runnable" testcasecount="1" result="Passed" start-time="2022-03-12 22:29:02Z" end-time="2022-03-12 22:29:02Z" duration="0.003005" total="1" passed="1" failed="0" inconclusive="0" skipped="0" asserts="2">
        <test-case id="0-1275" name="TestProcessRepeatBytes" fullname="Kaitai.SpecProcessRepeatBytes.TestProcessRepeatBytes" methodname="TestProcessRepeatBytes" classname="Kaitai.SpecProcessRepeatBytes" runstate="Runnable" seed="2147095575" result="Passed" start-time="2022-03-12 22:29:02Z" end-time="2022-03-12 22:29:02Z" duration="0.000620" asserts="2" />
      </test-suite>
      <test-suite type="TestFixture" id="0-1276" name="SpecProcessRepeatUsertype" fullname="Kaitai.SpecProcessRepeatUsertype" classname="Kaitai.SpecProcessRepeatUsertype" runstate="Runnable" testcasecount="1" result="Passed" start-time="2022-03-12 22:29:02Z" end-time="2022-03-12 22:29:02Z" duration="0.003506" total="1" passed="1" failed="0" inconclusive="0" skipped="0" asserts="4">
        <test-case id="0-1277" name="TestProcessRepeatUsertype" fullname="Kaitai.SpecProcessRepeatUsertype.TestProcessRepeatUsertype" methodname="TestProcessRepeatUsertype" classname="Kaitai.SpecProcessRepeatUsertype" runstate="Runnable" seed="692584492" result="Passed" start-time="2022-03-12 22:29:02Z" end-time="2022-03-12 22:29:02Z" duration="0.001112" asserts="4" />
      </test-suite>
      <test-suite type="TestFixture" id="0-1278" name="SpecProcessRotate" fullname="Kaitai.SpecProcessRotate" classname="Kaitai.SpecProcessRotate" runstate="Runnable" testcasecount="1" result="Passed" start-time="2022-03-12 22:29:02Z" end-time="2022-03-12 22:29:02Z" duration="0.003136" total="1" passed="1" failed="0" inconclusive="0" skipped="0" asserts="3">
        <test-case id="0-1279" name="TestProcessRotate" fullname="Kaitai.SpecProcessRotate.TestProcessRotate" methodname="TestProcessRotate" classname="Kaitai.SpecProcessRotate" runstate="Runnable" seed="2020105142" result="Passed" start-time="2022-03-12 22:29:02Z" end-time="2022-03-12 22:29:02Z" duration="0.000737" asserts="3" />
      </test-suite>
      <test-suite type="TestFixture" id="0-1280" name="SpecProcessToUser" fullname="Kaitai.SpecProcessToUser" classname="Kaitai.SpecProcessToUser" runstate="Runnable" testcasecount="1" result="Passed" start-time="2022-03-12 22:29:02Z" end-time="2022-03-12 22:29:02Z" duration="0.003024" total="1" passed="1" failed="0" inconclusive="0" skipped="0" asserts="1">
        <test-case id="0-1281" name="TestProcessToUser" fullname="Kaitai.SpecProcessToUser.TestProcessToUser" methodname="TestProcessToUser" classname="Kaitai.SpecProcessToUser" runstate="Runnable" seed="41043527" result="Passed" start-time="2022-03-12 22:29:02Z" end-time="2022-03-12 22:29:02Z" duration="0.000588" asserts="1" />
      </test-suite>
      <test-suite type="TestFixture" id="0-1282" name="SpecProcessXor4Const" fullname="Kaitai.SpecProcessXor4Const" classname="Kaitai.SpecProcessXor4Const" runstate="Runnable" testcasecount="1" result="Passed" start-time="2022-03-12 22:29:02Z" end-time="2022-03-12 22:29:02Z" duration="0.003094" total="1" passed="1" failed="0" inconclusive="0" skipped="0" asserts="2">
        <test-case id="0-1283" name="TestProcessXor4Const" fullname="Kaitai.SpecProcessXor4Const.TestProcessXor4Const" methodname="TestProcessXor4Const" classname="Kaitai.SpecProcessXor4Const" runstate="Runnable" seed="1301361453" result="Passed" start-time="2022-03-12 22:29:02Z" end-time="2022-03-12 22:29:02Z" duration="0.000648" asserts="2" />
      </test-suite>
      <test-suite type="TestFixture" id="0-1284" name="SpecProcessXor4Value" fullname="Kaitai.SpecProcessXor4Value" classname="Kaitai.SpecProcessXor4Value" runstate="Runnable" testcasecount="1" result="Passed" start-time="2022-03-12 22:29:02Z" end-time="2022-03-12 22:29:02Z" duration="0.002923" total="1" passed="1" failed="0" inconclusive="0" skipped="0" asserts="2">
        <test-case id="0-1285" name="TestProcessXor4Value" fullname="Kaitai.SpecProcessXor4Value.TestProcessXor4Value" methodname="TestProcessXor4Value" classname="Kaitai.SpecProcessXor4Value" runstate="Runnable" seed="384976032" result="Passed" start-time="2022-03-12 22:29:02Z" end-time="2022-03-12 22:29:02Z" duration="0.000503" asserts="2" />
      </test-suite>
      <test-suite type="TestFixture" id="0-1286" name="SpecProcessXorConst" fullname="Kaitai.SpecProcessXorConst" classname="Kaitai.SpecProcessXorConst" runstate="Runnable" testcasecount="1" result="Passed" start-time="2022-03-12 22:29:02Z" end-time="2022-03-12 22:29:02Z" duration="0.002879" total="1" passed="1" failed="0" inconclusive="0" skipped="0" asserts="2">
        <test-case id="0-1287" name="TestProcessXorConst" fullname="Kaitai.SpecProcessXorConst.TestProcessXorConst" methodname="TestProcessXorConst" classname="Kaitai.SpecProcessXorConst" runstate="Runnable" seed="1647634742" result="Passed" start-time="2022-03-12 22:29:02Z" end-time="2022-03-12 22:29:02Z" duration="0.000476" asserts="2" />
      </test-suite>
      <test-suite type="TestFixture" id="0-1288" name="SpecProcessXorValue" fullname="Kaitai.SpecProcessXorValue" classname="Kaitai.SpecProcessXorValue" runstate="Runnable" testcasecount="1" result="Passed" start-time="2022-03-12 22:29:02Z" end-time="2022-03-12 22:29:02Z" duration="0.002907" total="1" passed="1" failed="0" inconclusive="0" skipped="0" asserts="2">
        <test-case id="0-1289" name="TestProcessXorValue" fullname="Kaitai.SpecProcessXorValue.TestProcessXorValue" methodname="TestProcessXorValue" classname="Kaitai.SpecProcessXorValue" runstate="Runnable" seed="2037376284" result="Passed" start-time="2022-03-12 22:29:02Z" end-time="2022-03-12 22:29:02Z" duration="0.000503" asserts="2" />
      </test-suite>
      <test-suite type="TestFixture" id="0-1290" name="SpecRecursiveOne" fullname="Kaitai.SpecRecursiveOne" classname="Kaitai.SpecRecursiveOne" runstate="Runnable" testcasecount="1" result="Passed" start-time="2022-03-12 22:29:02Z" end-time="2022-03-12 22:29:02Z" duration="0.003165" total="1" passed="1" failed="0" inconclusive="0" skipped="0" asserts="4">
        <test-case id="0-1291" name="TestRecursiveOne" fullname="Kaitai.SpecRecursiveOne.TestRecursiveOne" methodname="TestRecursiveOne" classname="Kaitai.SpecRecursiveOne" runstate="Runnable" seed="193138240" result="Passed" start-time="2022-03-12 22:29:02Z" end-time="2022-03-12 22:29:02Z" duration="0.000759" asserts="4" />
      </test-suite>
      <test-suite type="TestFixture" id="0-1292" name="SpecRepeatEosBit" fullname="Kaitai.SpecRepeatEosBit" classname="Kaitai.SpecRepeatEosBit" runstate="Runnable" testcasecount="1" result="Passed" start-time="2022-03-12 22:29:02Z" end-time="2022-03-12 22:29:02Z" duration="0.003253" total="1" passed="1" failed="0" inconclusive="0" skipped="0" asserts="1">
        <test-case id="0-1293" name="TestRepeatEosBit" fullname="Kaitai.SpecRepeatEosBit.TestRepeatEosBit" methodname="TestRepeatEosBit" classname="Kaitai.SpecRepeatEosBit" runstate="Runnable" seed="1682259646" result="Passed" start-time="2022-03-12 22:29:02Z" end-time="2022-03-12 22:29:02Z" duration="0.000852" asserts="1" />
      </test-suite>
      <test-suite type="TestFixture" id="0-1294" name="SpecRepeatEosStruct" fullname="Kaitai.SpecRepeatEosStruct" classname="Kaitai.SpecRepeatEosStruct" runstate="Runnable" testcasecount="1" result="Passed" start-time="2022-03-12 22:29:02Z" end-time="2022-03-12 22:29:02Z" duration="0.003401" total="1" passed="1" failed="0" inconclusive="0" skipped="0" asserts="5">
        <test-case id="0-1295" name="TestRepeatEosStruct" fullname="Kaitai.SpecRepeatEosStruct.TestRepeatEosStruct" methodname="TestRepeatEosStruct" classname="Kaitai.SpecRepeatEosStruct" runstate="Runnable" seed="141681660" result="Passed" start-time="2022-03-12 22:29:02Z" end-time="2022-03-12 22:29:02Z" duration="0.001013" asserts="5" />
      </test-suite>
      <test-suite type="TestFixture" id="0-1296" name="SpecRepeatEosU4" fullname="Kaitai.SpecRepeatEosU4" classname="Kaitai.SpecRepeatEosU4" runstate="Runnable" testcasecount="1" result="Passed" start-time="2022-03-12 22:29:02Z" end-time="2022-03-12 22:29:02Z" duration="0.003493" total="1" passed="1" failed="0" inconclusive="0" skipped="0" asserts="1">
        <test-case id="0-1297" name="TestRepeatEosU4" fullname="Kaitai.SpecRepeatEosU4.TestRepeatEosU4" methodname="TestRepeatEosU4" classname="Kaitai.SpecRepeatEosU4" runstate="Runnable" seed="1192341587" result="Passed" start-time="2022-03-12 22:29:02Z" end-time="2022-03-12 22:29:02Z" duration="0.001086" asserts="1" />
      </test-suite>
      <test-suite type="TestFixture" id="0-1298" name="SpecRepeatNStruct" fullname="Kaitai.SpecRepeatNStruct" classname="Kaitai.SpecRepeatNStruct" runstate="Runnable" testcasecount="1" result="Passed" start-time="2022-03-12 22:29:02Z" end-time="2022-03-12 22:29:02Z" duration="0.003357" total="1" passed="1" failed="0" inconclusive="0" skipped="0" asserts="5">
        <test-case id="0-1299" name="TestRepeatNStruct" fullname="Kaitai.SpecRepeatNStruct.TestRepeatNStruct" methodname="TestRepeatNStruct" classname="Kaitai.SpecRepeatNStruct" runstate="Runnable" seed="347100532" result="Passed" start-time="2022-03-12 22:29:02Z" end-time="2022-03-12 22:29:02Z" duration="0.000963" asserts="5" />
      </test-suite>
      <test-suite type="TestFixture" id="0-1300" name="SpecRepeatNStrz" fullname="Kaitai.SpecRepeatNStrz" classname="Kaitai.SpecRepeatNStrz" runstate="Runnable" testcasecount="1" result="Passed" start-time="2022-03-12 22:29:02Z" end-time="2022-03-12 22:29:02Z" duration="0.003132" total="1" passed="1" failed="0" inconclusive="0" skipped="0" asserts="2">
        <test-case id="0-1301" name="TestRepeatNStrz" fullname="Kaitai.SpecRepeatNStrz.TestRepeatNStrz" methodname="TestRepeatNStrz" classname="Kaitai.SpecRepeatNStrz" runstate="Runnable" seed="2002563916" result="Passed" start-time="2022-03-12 22:29:02Z" end-time="2022-03-12 22:29:02Z" duration="0.000746" asserts="2" />
      </test-suite>
      <test-suite type="TestFixture" id="0-1302" name="SpecRepeatNStrzDouble" fullname="Kaitai.SpecRepeatNStrzDouble" classname="Kaitai.SpecRepeatNStrzDouble" runstate="Runnable" testcasecount="1" result="Passed" start-time="2022-03-12 22:29:02Z" end-time="2022-03-12 22:29:02Z" duration="0.003229" total="1" passed="1" failed="0" inconclusive="0" skipped="0" asserts="3">
        <test-case id="0-1303" name="TestRepeatNStrzDouble" fullname="Kaitai.SpecRepeatNStrzDouble.TestRepeatNStrzDouble" methodname="TestRepeatNStrzDouble" classname="Kaitai.SpecRepeatNStrzDouble" runstate="Runnable" seed="87075370" result="Passed" start-time="2022-03-12 22:29:02Z" end-time="2022-03-12 22:29:02Z" duration="0.000835" asserts="3" />
      </test-suite>
      <test-suite type="TestFixture" id="0-1304" name="SpecRepeatUntilCalcArrayType" fullname="Kaitai.SpecRepeatUntilCalcArrayType" classname="Kaitai.SpecRepeatUntilCalcArrayType" runstate="Runnable" testcasecount="1" result="Passed" start-time="2022-03-12 22:29:02Z" end-time="2022-03-12 22:29:02Z" duration="0.003744" total="1" passed="1" failed="0" inconclusive="0" skipped="0" asserts="7">
        <test-case id="0-1305" name="TestRepeatUntilCalcArrayType" fullname="Kaitai.SpecRepeatUntilCalcArrayType.TestRepeatUntilCalcArrayType" methodname="TestRepeatUntilCalcArrayType" classname="Kaitai.SpecRepeatUntilCalcArrayType" runstate="Runnable" seed="738161474" result="Passed" start-time="2022-03-12 22:29:02Z" end-time="2022-03-12 22:29:02Z" duration="0.001356" asserts="7" />
      </test-suite>
      <test-suite type="TestFixture" id="0-1306" name="SpecRepeatUntilComplex" fullname="Kaitai.SpecRepeatUntilComplex" classname="Kaitai.SpecRepeatUntilComplex" runstate="Runnable" testcasecount="1" result="Passed" start-time="2022-03-12 22:29:02Z" end-time="2022-03-12 22:29:02Z" duration="0.006336" total="1" passed="1" failed="0" inconclusive="0" skipped="0" asserts="15">
        <test-case id="0-1307" name="TestRepeatUntilComplex" fullname="Kaitai.SpecRepeatUntilComplex.TestRepeatUntilComplex" methodname="TestRepeatUntilComplex" classname="Kaitai.SpecRepeatUntilComplex" runstate="Runnable" seed="644146439" result="Passed" start-time="2022-03-12 22:29:02Z" end-time="2022-03-12 22:29:02Z" duration="0.003935" asserts="15" />
      </test-suite>
      <test-suite type="TestFixture" id="0-1308" name="SpecRepeatUntilS4" fullname="Kaitai.SpecRepeatUntilS4" classname="Kaitai.SpecRepeatUntilS4" runstate="Runnable" testcasecount="1" result="Passed" start-time="2022-03-12 22:29:02Z" end-time="2022-03-12 22:29:02Z" duration="0.003165" total="1" passed="1" failed="0" inconclusive="0" skipped="0" asserts="2">
        <test-case id="0-1309" name="TestRepeatUntilS4" fullname="Kaitai.SpecRepeatUntilS4.TestRepeatUntilS4" methodname="TestRepeatUntilS4" classname="Kaitai.SpecRepeatUntilS4" runstate="Runnable" seed="325549676" result="Passed" start-time="2022-03-12 22:29:02Z" end-time="2022-03-12 22:29:02Z" duration="0.000771" asserts="2" />
      </test-suite>
      <test-suite type="TestFixture" id="0-1310" name="SpecRepeatUntilSized" fullname="Kaitai.SpecRepeatUntilSized" classname="Kaitai.SpecRepeatUntilSized" runstate="Runnable" testcasecount="1" result="Passed" start-time="2022-03-12 22:29:02Z" end-time="2022-03-12 22:29:02Z" duration="0.003582" total="1" passed="1" failed="0" inconclusive="0" skipped="0" asserts="7">
        <test-case id="0-1311" name="TestRepeatUntilSized" fullname="Kaitai.SpecRepeatUntilSized.TestRepeatUntilSized" methodname="TestRepeatUntilSized" classname="Kaitai.SpecRepeatUntilSized" runstate="Runnable" seed="1037475884" result="Passed" start-time="2022-03-12 22:29:02Z" end-time="2022-03-12 22:29:02Z" duration="0.001176" asserts="7" />
      </test-suite>
      <test-suite type="TestFixture" id="0-1312" name="SpecStrEncodings" fullname="Kaitai.SpecStrEncodings" classname="Kaitai.SpecStrEncodings" runstate="Runnable" testcasecount="1" result="Passed" start-time="2022-03-12 22:29:02Z" end-time="2022-03-12 22:29:02Z" duration="0.002972" total="1" passed="1" failed="0" inconclusive="0" skipped="0" asserts="4">
        <test-case id="0-1313" name="TestStrEncodings" fullname="Kaitai.SpecStrEncodings.TestStrEncodings" methodname="TestStrEncodings" classname="Kaitai.SpecStrEncodings" runstate="Runnable" seed="1690395509" result="Passed" start-time="2022-03-12 22:29:02Z" end-time="2022-03-12 22:29:02Z" duration="0.000577" asserts="4" />
      </test-suite>
      <test-suite type="TestFixture" id="0-1314" name="SpecStrEncodingsDefault" fullname="Kaitai.SpecStrEncodingsDefault" classname="Kaitai.SpecStrEncodingsDefault" runstate="Runnable" testcasecount="1" result="Passed" start-time="2022-03-12 22:29:02Z" end-time="2022-03-12 22:29:02Z" duration="0.003086" total="1" passed="1" failed="0" inconclusive="0" skipped="0" asserts="4">
        <test-case id="0-1315" name="TestStrEncodingsDefault" fullname="Kaitai.SpecStrEncodingsDefault.TestStrEncodingsDefault" methodname="TestStrEncodingsDefault" classname="Kaitai.SpecStrEncodingsDefault" runstate="Runnable" seed="560691818" result="Passed" start-time="2022-03-12 22:29:02Z" end-time="2022-03-12 22:29:02Z" duration="0.000692" asserts="4" />
      </test-suite>
      <test-suite type="TestFixture" id="0-1316" name="SpecStrEos" fullname="Kaitai.SpecStrEos" classname="Kaitai.SpecStrEos" runstate="Runnable" testcasecount="1" result="Passed" start-time="2022-03-12 22:29:02Z" end-time="2022-03-12 22:29:02Z" duration="0.002763" total="1" passed="1" failed="0" inconclusive="0" skipped="0" asserts="1">
        <test-case id="0-1317" name="TestStrEos" fullname="Kaitai.SpecStrEos.TestStrEos" methodname="TestStrEos" classname="Kaitai.SpecStrEos" runstate="Runnable" seed="924371994" result="Passed" start-time="2022-03-12 22:29:02Z" end-time="2022-03-12 22:29:02Z" duration="0.000373" asserts="1" />
      </test-suite>
      <test-suite type="TestFixture" id="0-1318" name="SpecStrLiterals" fullname="Kaitai.SpecStrLiterals" classname="Kaitai.SpecStrLiterals" runstate="Runnable" testcasecount="1" result="Passed" start-time="2022-03-12 22:29:02Z" end-time="2022-03-12 22:29:02Z" duration="0.005391" total="1" passed="1" failed="0" inconclusive="0" skipped="0" asserts="5">
        <test-case id="0-1319" name="TestStrLiterals" fullname="Kaitai.SpecStrLiterals.TestStrLiterals" methodname="TestStrLiterals" classname="Kaitai.SpecStrLiterals" runstate="Runnable" seed="2101591134" result="Passed" start-time="2022-03-12 22:29:02Z" end-time="2022-03-12 22:29:02Z" duration="0.002907" asserts="5" />
      </test-suite>
      <test-suite type="TestFixture" id="0-1320" name="SpecStrLiterals2" fullname="Kaitai.SpecStrLiterals2" classname="Kaitai.SpecStrLiterals2" runstate="Runnable" testcasecount="1" result="Passed" start-time="2022-03-12 22:29:02Z" end-time="2022-03-12 22:29:02Z" duration="0.002898" total="1" passed="1" failed="0" inconclusive="0" skipped="0" asserts="4">
        <test-case id="0-1321" name="TestStrLiterals2" fullname="Kaitai.SpecStrLiterals2.TestStrLiterals2" methodname="TestStrLiterals2" classname="Kaitai.SpecStrLiterals2" runstate="Runnable" seed="1066658428" result="Passed" start-time="2022-03-12 22:29:02Z" end-time="2022-03-12 22:29:02Z" duration="0.000513" asserts="4" />
      </test-suite>
      <test-suite type="TestFixture" id="0-1322" name="SpecStrPadTerm" fullname="Kaitai.SpecStrPadTerm" classname="Kaitai.SpecStrPadTerm" runstate="Runnable" testcasecount="1" result="Passed" start-time="2022-03-12 22:29:02Z" end-time="2022-03-12 22:29:02Z" duration="0.002888" total="1" passed="1" failed="0" inconclusive="0" skipped="0" asserts="4">
        <test-case id="0-1323" name="TestStrPadTerm" fullname="Kaitai.SpecStrPadTerm.TestStrPadTerm" methodname="TestStrPadTerm" classname="Kaitai.SpecStrPadTerm" runstate="Runnable" seed="828301057" result="Passed" start-time="2022-03-12 22:29:02Z" end-time="2022-03-12 22:29:02Z" duration="0.000504" asserts="4" />
      </test-suite>
      <test-suite type="TestFixture" id="0-1324" name="SpecStrPadTermEmpty" fullname="Kaitai.SpecStrPadTermEmpty" classname="Kaitai.SpecStrPadTermEmpty" runstate="Runnable" testcasecount="1" result="Passed" start-time="2022-03-12 22:29:02Z" end-time="2022-03-12 22:29:02Z" duration="0.002871" total="1" passed="1" failed="0" inconclusive="0" skipped="0" asserts="4">
        <test-case id="0-1325" name="TestStrPadTermEmpty" fullname="Kaitai.SpecStrPadTermEmpty.TestStrPadTermEmpty" methodname="TestStrPadTermEmpty" classname="Kaitai.SpecStrPadTermEmpty" runstate="Runnable" seed="840816211" result="Passed" start-time="2022-03-12 22:29:02Z" end-time="2022-03-12 22:29:02Z" duration="0.000485" asserts="4" />
      </test-suite>
      <test-suite type="TestFixture" id="0-1326" name="SpecSwitchBytearray" fullname="Kaitai.SpecSwitchBytearray" classname="Kaitai.SpecSwitchBytearray" runstate="Runnable" testcasecount="1" result="Passed" start-time="2022-03-12 22:29:02Z" end-time="2022-03-12 22:29:02Z" duration="0.003881" total="1" passed="1" failed="0" inconclusive="0" skipped="0" asserts="9">
        <test-case id="0-1327" name="TestSwitchBytearray" fullname="Kaitai.SpecSwitchBytearray.TestSwitchBytearray" methodname="TestSwitchBytearray" classname="Kaitai.SpecSwitchBytearray" runstate="Runnable" seed="1924464454" result="Passed" start-time="2022-03-12 22:29:02Z" end-time="2022-03-12 22:29:02Z" duration="0.001492" asserts="9" />
      </test-suite>
      <test-suite type="TestFixture" id="0-1328" name="SpecSwitchCast" fullname="Kaitai.SpecSwitchCast" classname="Kaitai.SpecSwitchCast" runstate="Runnable" testcasecount="1" result="Passed" start-time="2022-03-12 22:29:02Z" end-time="2022-03-12 22:29:02Z" duration="0.004012" total="1" passed="1" failed="0" inconclusive="0" skipped="0" asserts="3">
        <test-case id="0-1329" name="TestSwitchCast" fullname="Kaitai.SpecSwitchCast.TestSwitchCast" methodname="TestSwitchCast" classname="Kaitai.SpecSwitchCast" runstate="Runnable" seed="1767718657" result="Passed" start-time="2022-03-12 22:29:02Z" end-time="2022-03-12 22:29:02Z" duration="0.001624" asserts="3" />
      </test-suite>
      <test-suite type="TestFixture" id="0-1330" name="SpecSwitchElseOnly" fullname="Kaitai.SpecSwitchElseOnly" classname="Kaitai.SpecSwitchElseOnly" runstate="Runnable" testcasecount="1" result="Passed" start-time="2022-03-12 22:29:02Z" end-time="2022-03-12 22:29:02Z" duration="0.002954" total="1" passed="1" failed="0" inconclusive="0" skipped="0" asserts="3">
        <test-case id="0-1331" name="TestSwitchElseOnly" fullname="Kaitai.SpecSwitchElseOnly.TestSwitchElseOnly" methodname="TestSwitchElseOnly" classname="Kaitai.SpecSwitchElseOnly" runstate="Runnable" seed="588625829" result="Passed" start-time="2022-03-12 22:29:02Z" end-time="2022-03-12 22:29:02Z" duration="0.000569" asserts="3" />
      </test-suite>
      <test-suite type="TestFixture" id="0-1332" name="SpecSwitchIntegers" fullname="Kaitai.SpecSwitchIntegers" classname="Kaitai.SpecSwitchIntegers" runstate="Runnable" testcasecount="1" result="Passed" start-time="2022-03-12 22:29:02Z" end-time="2022-03-12 22:29:02Z" duration="0.003594" total="1" passed="1" failed="0" inconclusive="0" skipped="0" asserts="9">
        <test-case id="0-1333" name="TestSwitchIntegers" fullname="Kaitai.SpecSwitchIntegers.TestSwitchIntegers" methodname="TestSwitchIntegers" classname="Kaitai.SpecSwitchIntegers" runstate="Runnable" seed="1858840452" result="Passed" start-time="2022-03-12 22:29:02Z" end-time="2022-03-12 22:29:02Z" duration="0.001209" asserts="9" />
      </test-suite>
      <test-suite type="TestFixture" id="0-1334" name="SpecSwitchIntegers2" fullname="Kaitai.SpecSwitchIntegers2" classname="Kaitai.SpecSwitchIntegers2" runstate="Runnable" testcasecount="1" result="Passed" start-time="2022-03-12 22:29:02Z" end-time="2022-03-12 22:29:02Z" duration="0.003431" total="1" passed="1" failed="0" inconclusive="0" skipped="0" asserts="5">
        <test-case id="0-1335" name="TestSwitchIntegers2" fullname="Kaitai.SpecSwitchIntegers2.TestSwitchIntegers2" methodname="TestSwitchIntegers2" classname="Kaitai.SpecSwitchIntegers2" runstate="Runnable" seed="2136636930" result="Passed" start-time="2022-03-12 22:29:02Z" end-time="2022-03-12 22:29:02Z" duration="0.001042" asserts="5" />
      </test-suite>
      <test-suite type="TestFixture" id="0-1336" name="SpecSwitchManualEnum" fullname="Kaitai.SpecSwitchManualEnum" classname="Kaitai.SpecSwitchManualEnum" runstate="Runnable" testcasecount="1" result="Passed" start-time="2022-03-12 22:29:02Z" end-time="2022-03-12 22:29:02Z" duration="0.003890" total="1" passed="1" failed="0" inconclusive="0" skipped="0" asserts="9">
        <test-case id="0-1337" name="TestSwitchManualEnum" fullname="Kaitai.SpecSwitchManualEnum.TestSwitchManualEnum" methodname="TestSwitchManualEnum" classname="Kaitai.SpecSwitchManualEnum" runstate="Runnable" seed="551427581" result="Passed" start-time="2022-03-12 22:29:02Z" end-time="2022-03-12 22:29:02Z" duration="0.001505" asserts="9" />
      </test-suite>
      <test-suite type="TestFixture" id="0-1338" name="SpecSwitchManualEnumInvalid" fullname="Kaitai.SpecSwitchManualEnumInvalid" classname="Kaitai.SpecSwitchManualEnumInvalid" runstate="Runnable" testcasecount="1" result="Passed" start-time="2022-03-12 22:29:02Z" end-time="2022-03-12 22:29:02Z" duration="0.003793" total="1" passed="1" failed="0" inconclusive="0" skipped="0" asserts="5">
        <test-case id="0-1339" name="TestSwitchManualEnumInvalid" fullname="Kaitai.SpecSwitchManualEnumInvalid.TestSwitchManualEnumInvalid" methodname="TestSwitchManualEnumInvalid" classname="Kaitai.SpecSwitchManualEnumInvalid" runstate="Runnable" seed="1300402626" result="Passed" start-time="2022-03-12 22:29:02Z" end-time="2022-03-12 22:29:02Z" duration="0.001381" asserts="5" />
      </test-suite>
      <test-suite type="TestFixture" id="0-1340" name="SpecSwitchManualEnumInvalidElse" fullname="Kaitai.SpecSwitchManualEnumInvalidElse" classname="Kaitai.SpecSwitchManualEnumInvalidElse" runstate="Runnable" testcasecount="1" result="Passed" start-time="2022-03-12 22:29:02Z" end-time="2022-03-12 22:29:02Z" duration="0.003607" total="1" passed="1" failed="0" inconclusive="0" skipped="0" asserts="5">
        <test-case id="0-1341" name="TestSwitchManualEnumInvalidElse" fullname="Kaitai.SpecSwitchManualEnumInvalidElse.TestSwitchManualEnumInvalidElse" methodname="TestSwitchManualEnumInvalidElse" classname="Kaitai.SpecSwitchManualEnumInvalidElse" runstate="Runnable" seed="901931196" result="Passed" start-time="2022-03-12 22:29:02Z" end-time="2022-03-12 22:29:02Z" duration="0.001219" asserts="5" />
      </test-suite>
      <test-suite type="TestFixture" id="0-1342" name="SpecSwitchManualInt" fullname="Kaitai.SpecSwitchManualInt" classname="Kaitai.SpecSwitchManualInt" runstate="Runnable" testcasecount="1" result="Passed" start-time="2022-03-12 22:29:02Z" end-time="2022-03-12 22:29:02Z" duration="0.003962" total="1" passed="1" failed="0" inconclusive="0" skipped="0" asserts="9">
        <test-case id="0-1343" name="TestSwitchManualInt" fullname="Kaitai.SpecSwitchManualInt.TestSwitchManualInt" methodname="TestSwitchManualInt" classname="Kaitai.SpecSwitchManualInt" runstate="Runnable" seed="483744346" result="Passed" start-time="2022-03-12 22:29:02Z" end-time="2022-03-12 22:29:02Z" duration="0.001559" asserts="9" />
      </test-suite>
      <test-suite type="TestFixture" id="0-1344" name="SpecSwitchManualIntElse" fullname="Kaitai.SpecSwitchManualIntElse" classname="Kaitai.SpecSwitchManualIntElse" runstate="Runnable" testcasecount="1" result="Passed" start-time="2022-03-12 22:29:02Z" end-time="2022-03-12 22:29:02Z" duration="0.003903" total="1" passed="1" failed="0" inconclusive="0" skipped="0" asserts="9">
        <test-case id="0-1345" name="TestSwitchManualIntElse" fullname="Kaitai.SpecSwitchManualIntElse.TestSwitchManualIntElse" methodname="TestSwitchManualIntElse" classname="Kaitai.SpecSwitchManualIntElse" runstate="Runnable" seed="974971732" result="Passed" start-time="2022-03-12 22:29:02Z" end-time="2022-03-12 22:29:02Z" duration="0.001514" asserts="9" />
      </test-suite>
      <test-suite type="TestFixture" id="0-1346" name="SpecSwitchManualIntSize" fullname="Kaitai.SpecSwitchManualIntSize" classname="Kaitai.SpecSwitchManualIntSize" runstate="Runnable" testcasecount="1" result="Passed" start-time="2022-03-12 22:29:02Z" end-time="2022-03-12 22:29:02Z" duration="0.004278" total="1" passed="1" failed="0" inconclusive="0" skipped="0" asserts="10">
        <test-case id="0-1347" name="TestSwitchManualIntSize" fullname="Kaitai.SpecSwitchManualIntSize.TestSwitchManualIntSize" methodname="TestSwitchManualIntSize" classname="Kaitai.SpecSwitchManualIntSize" runstate="Runnable" seed="2141856099" result="Passed" start-time="2022-03-12 22:29:02Z" end-time="2022-03-12 22:29:02Z" duration="0.001887" asserts="10" />
      </test-suite>
      <test-suite type="TestFixture" id="0-1348" name="SpecSwitchManualIntSizeElse" fullname="Kaitai.SpecSwitchManualIntSizeElse" classname="Kaitai.SpecSwitchManualIntSizeElse" runstate="Runnable" testcasecount="1" result="Passed" start-time="2022-03-12 22:29:02Z" end-time="2022-03-12 22:29:02Z" duration="0.005325" total="1" passed="1" failed="0" inconclusive="0" skipped="0" asserts="10">
        <test-case id="0-1349" name="TestSwitchManualIntSizeElse" fullname="Kaitai.SpecSwitchManualIntSizeElse.TestSwitchManualIntSizeElse" methodname="TestSwitchManualIntSizeElse" classname="Kaitai.SpecSwitchManualIntSizeElse" runstate="Runnable" seed="1214408793" result="Passed" start-time="2022-03-12 22:29:02Z" end-time="2022-03-12 22:29:02Z" duration="0.002921" asserts="10" />
      </test-suite>
      <test-suite type="TestFixture" id="0-1350" name="SpecSwitchManualIntSizeEos" fullname="Kaitai.SpecSwitchManualIntSizeEos" classname="Kaitai.SpecSwitchManualIntSizeEos" runstate="Runnable" testcasecount="1" result="Passed" start-time="2022-03-12 22:29:02Z" end-time="2022-03-12 22:29:02Z" duration="0.004237" total="1" passed="1" failed="0" inconclusive="0" skipped="0" asserts="10">
        <test-case id="0-1351" name="TestSwitchManualIntSizeEos" fullname="Kaitai.SpecSwitchManualIntSizeEos.TestSwitchManualIntSizeEos" methodname="TestSwitchManualIntSizeEos" classname="Kaitai.SpecSwitchManualIntSizeEos" runstate="Runnable" seed="414547545" result="Passed" start-time="2022-03-12 22:29:02Z" end-time="2022-03-12 22:29:02Z" duration="0.001844" asserts="10" />
      </test-suite>
      <test-suite type="TestFixture" id="0-1352" name="SpecSwitchManualStr" fullname="Kaitai.SpecSwitchManualStr" classname="Kaitai.SpecSwitchManualStr" runstate="Runnable" testcasecount="1" result="Passed" start-time="2022-03-12 22:29:02Z" end-time="2022-03-12 22:29:02Z" duration="0.003808" total="1" passed="1" failed="0" inconclusive="0" skipped="0" asserts="9">
        <test-case id="0-1353" name="TestSwitchManualStr" fullname="Kaitai.SpecSwitchManualStr.TestSwitchManualStr" methodname="TestSwitchManualStr" classname="Kaitai.SpecSwitchManualStr" runstate="Runnable" seed="935097910" result="Passed" start-time="2022-03-12 22:29:02Z" end-time="2022-03-12 22:29:02Z" duration="0.001421" asserts="9" />
      </test-suite>
      <test-suite type="TestFixture" id="0-1354" name="SpecSwitchManualStrElse" fullname="Kaitai.SpecSwitchManualStrElse" classname="Kaitai.SpecSwitchManualStrElse" runstate="Runnable" testcasecount="1" result="Passed" start-time="2022-03-12 22:29:02Z" end-time="2022-03-12 22:29:02Z" duration="0.004950" total="1" passed="1" failed="0" inconclusive="0" skipped="0" asserts="9">
        <test-case id="0-1355" name="TestSwitchManualStrElse" fullname="Kaitai.SpecSwitchManualStrElse.TestSwitchManualStrElse" methodname="TestSwitchManualStrElse" classname="Kaitai.SpecSwitchManualStrElse" runstate="Runnable" seed="477380075" result="Passed" start-time="2022-03-12 22:29:02Z" end-time="2022-03-12 22:29:02Z" duration="0.002536" asserts="9" />
      </test-suite>
      <test-suite type="TestFixture" id="0-1356" name="SpecSwitchMultiBoolOps" fullname="Kaitai.SpecSwitchMultiBoolOps" classname="Kaitai.SpecSwitchMultiBoolOps" runstate="Runnable" testcasecount="1" result="Passed" start-time="2022-03-12 22:29:02Z" end-time="2022-03-12 22:29:02Z" duration="0.003865" total="1" passed="1" failed="0" inconclusive="0" skipped="0" asserts="9">
        <test-case id="0-1357" name="TestSwitchMultiBoolOps" fullname="Kaitai.SpecSwitchMultiBoolOps.TestSwitchMultiBoolOps" methodname="TestSwitchMultiBoolOps" classname="Kaitai.SpecSwitchMultiBoolOps" runstate="Runnable" seed="1333099356" result="Passed" start-time="2022-03-12 22:29:02Z" end-time="2022-03-12 22:29:02Z" duration="0.001449" asserts="9" />
      </test-suite>
      <test-suite type="TestFixture" id="0-1358" name="SpecSwitchRepeatExpr" fullname="Kaitai.SpecSwitchRepeatExpr" classname="Kaitai.SpecSwitchRepeatExpr" runstate="Runnable" testcasecount="1" result="Passed" start-time="2022-03-12 22:29:02Z" end-time="2022-03-12 22:29:02Z" duration="0.003385" total="1" passed="1" failed="0" inconclusive="0" skipped="0" asserts="3">
        <test-case id="0-1359" name="TestSwitchRepeatExpr" fullname="Kaitai.SpecSwitchRepeatExpr.TestSwitchRepeatExpr" methodname="TestSwitchRepeatExpr" classname="Kaitai.SpecSwitchRepeatExpr" runstate="Runnable" seed="682298939" result="Passed" start-time="2022-03-12 22:29:02Z" end-time="2022-03-12 22:29:02Z" duration="0.000995" asserts="3" />
      </test-suite>
      <test-suite type="TestFixture" id="0-1360" name="SpecSwitchRepeatExprInvalid" fullname="Kaitai.SpecSwitchRepeatExprInvalid" classname="Kaitai.SpecSwitchRepeatExprInvalid" runstate="Runnable" testcasecount="1" result="Passed" start-time="2022-03-12 22:29:02Z" end-time="2022-03-12 22:29:02Z" duration="0.003261" total="1" passed="1" failed="0" inconclusive="0" skipped="0" asserts="3">
        <test-case id="0-1361" name="TestSwitchRepeatExprInvalid" fullname="Kaitai.SpecSwitchRepeatExprInvalid.TestSwitchRepeatExprInvalid" methodname="TestSwitchRepeatExprInvalid" classname="Kaitai.SpecSwitchRepeatExprInvalid" runstate="Runnable" seed="1774275606" result="Passed" start-time="2022-03-12 22:29:02Z" end-time="2022-03-12 22:29:02Z" duration="0.000887" asserts="3" />
      </test-suite>
      <test-suite type="TestFixture" id="0-1362" name="SpecTermBytes" fullname="Kaitai.SpecTermBytes" classname="Kaitai.SpecTermBytes" runstate="Runnable" testcasecount="1" result="Passed" start-time="2022-03-12 22:29:02Z" end-time="2022-03-12 22:29:02Z" duration="0.002855" total="1" passed="1" failed="0" inconclusive="0" skipped="0" asserts="3">
        <test-case id="0-1363" name="TestTermBytes" fullname="Kaitai.SpecTermBytes.TestTermBytes" methodname="TestTermBytes" classname="Kaitai.SpecTermBytes" runstate="Runnable" seed="158887548" result="Passed" start-time="2022-03-12 22:29:02Z" end-time="2022-03-12 22:29:02Z" duration="0.000476" asserts="3" />
      </test-suite>
      <test-suite type="TestFixture" id="0-1364" name="SpecTermStrz" fullname="Kaitai.SpecTermStrz" classname="Kaitai.SpecTermStrz" runstate="Runnable" testcasecount="1" result="Passed" start-time="2022-03-12 22:29:02Z" end-time="2022-03-12 22:29:02Z" duration="0.002674" total="1" passed="1" failed="0" inconclusive="0" skipped="0" asserts="3">
        <test-case id="0-1365" name="TestTermStrz" fullname="Kaitai.SpecTermStrz.TestTermStrz" methodname="TestTermStrz" classname="Kaitai.SpecTermStrz" runstate="Runnable" seed="428044929" result="Passed" start-time="2022-03-12 22:29:02Z" end-time="2022-03-12 22:29:02Z" duration="0.000293" asserts="3" />
      </test-suite>
      <test-suite type="TestFixture" id="0-1366" name="SpecTermU1Val" fullname="Kaitai.SpecTermU1Val" classname="Kaitai.SpecTermU1Val" runstate="Runnable" testcasecount="1" result="Passed" start-time="2022-03-12 22:29:02Z" end-time="2022-03-12 22:29:02Z" duration="0.002986" total="1" passed="1" failed="0" inconclusive="0" skipped="0" asserts="2">
        <test-case id="0-1367" name="TestTermU1Val" fullname="Kaitai.SpecTermU1Val.TestTermU1Val" methodname="TestTermU1Val" classname="Kaitai.SpecTermU1Val" runstate="Runnable" seed="1391266924" result="Passed" start-time="2022-03-12 22:29:02Z" end-time="2022-03-12 22:29:02Z" duration="0.000558" asserts="2" />
      </test-suite>
      <test-suite type="TestFixture" id="0-1368" name="SpecTsPacketHeader" fullname="Kaitai.SpecTsPacketHeader" classname="Kaitai.SpecTsPacketHeader" runstate="Runnable" testcasecount="1" result="Passed" start-time="2022-03-12 22:29:02Z" end-time="2022-03-12 22:29:02Z" duration="0.003400" total="1" passed="1" failed="0" inconclusive="0" skipped="0" asserts="7">
        <test-case id="0-1369" name="TestTsPacketHeader" fullname="Kaitai.SpecTsPacketHeader.TestTsPacketHeader" methodname="TestTsPacketHeader" classname="Kaitai.SpecTsPacketHeader" runstate="Runnable" seed="809115508" result="Passed" start-time="2022-03-12 22:29:02Z" end-time="2022-03-12 22:29:02Z" duration="0.000659" asserts="7" />
      </test-suite>
      <test-suite type="TestFixture" id="0-1370" name="SpecTypeIntUnaryOp" fullname="Kaitai.SpecTypeIntUnaryOp" classname="Kaitai.SpecTypeIntUnaryOp" runstate="Runnable" testcasecount="1" result="Passed" start-time="2022-03-12 22:29:02Z" end-time="2022-03-12 22:29:02Z" duration="0.002950" total="1" passed="1" failed="0" inconclusive="0" skipped="0" asserts="4">
        <test-case id="0-1371" name="TestTypeIntUnaryOp" fullname="Kaitai.SpecTypeIntUnaryOp.TestTypeIntUnaryOp" methodname="TestTypeIntUnaryOp" classname="Kaitai.SpecTypeIntUnaryOp" runstate="Runnable" seed="389608537" result="Passed" start-time="2022-03-12 22:29:02Z" end-time="2022-03-12 22:29:02Z" duration="0.000565" asserts="4" />
      </test-suite>
      <test-suite type="TestFixture" id="0-1372" name="SpecTypeTernary" fullname="Kaitai.SpecTypeTernary" classname="Kaitai.SpecTypeTernary" runstate="Runnable" testcasecount="1" result="Passed" start-time="2022-03-12 22:29:02Z" end-time="2022-03-12 22:29:02Z" duration="0.003058" total="1" passed="1" failed="0" inconclusive="0" skipped="0" asserts="1">
        <test-case id="0-1373" name="TestTypeTernary" fullname="Kaitai.SpecTypeTernary.TestTypeTernary" methodname="TestTypeTernary" classname="Kaitai.SpecTypeTernary" runstate="Runnable" seed="1626416765" result="Passed" start-time="2022-03-12 22:29:02Z" end-time="2022-03-12 22:29:02Z" duration="0.000669" asserts="1" />
      </test-suite>
      <test-suite type="TestFixture" id="0-1374" name="SpecTypeTernary2ndFalsy" fullname="Kaitai.SpecTypeTernary2ndFalsy" classname="Kaitai.SpecTypeTernary2ndFalsy" runstate="Runnable" testcasecount="1" result="Passed" start-time="2022-03-12 22:29:02Z" end-time="2022-03-12 22:29:02Z" duration="0.004044" total="1" passed="1" failed="0" inconclusive="0" skipped="0" asserts="13">
        <test-case id="0-1375" name="TestTypeTernary2ndFalsy" fullname="Kaitai.SpecTypeTernary2ndFalsy.TestTypeTernary2ndFalsy" methodname="TestTypeTernary2ndFalsy" classname="Kaitai.SpecTypeTernary2ndFalsy" runstate="Runnable" seed="1971511777" result="Passed" start-time="2022-03-12 22:29:02Z" end-time="2022-03-12 22:29:02Z" duration="0.001660" asserts="13" />
      </test-suite>
      <test-suite type="TestFixture" id="0-1376" name="SpecTypeTernaryOpaque" fullname="Kaitai.SpecTypeTernaryOpaque" classname="Kaitai.SpecTypeTernaryOpaque" runstate="Runnable" testcasecount="1" result="Passed" start-time="2022-03-12 22:29:02Z" end-time="2022-03-12 22:29:02Z" duration="0.003244" total="1" passed="1" failed="0" inconclusive="0" skipped="0" asserts="3">
        <test-case id="0-1377" name="TestTypeTernaryOpaque" fullname="Kaitai.SpecTypeTernaryOpaque.TestTypeTernaryOpaque" methodname="TestTypeTernaryOpaque" classname="Kaitai.SpecTypeTernaryOpaque" runstate="Runnable" seed="864402454" result="Passed" start-time="2022-03-12 22:29:02Z" end-time="2022-03-12 22:29:02Z" duration="0.000619" asserts="3" />
      </test-suite>
      <test-suite type="TestFixture" id="0-1378" name="SpecUserType" fullname="Kaitai.SpecUserType" classname="Kaitai.SpecUserType" runstate="Runnable" testcasecount="1" result="Passed" start-time="2022-03-12 22:29:02Z" end-time="2022-03-12 22:29:02Z" duration="0.002886" total="1" passed="1" failed="0" inconclusive="0" skipped="0" asserts="2">
        <test-case id="0-1379" name="TestUserType" fullname="Kaitai.SpecUserType.TestUserType" methodname="TestUserType" classname="Kaitai.SpecUserType" runstate="Runnable" seed="1575560031" result="Passed" start-time="2022-03-12 22:29:02Z" end-time="2022-03-12 22:29:02Z" duration="0.000500" asserts="2" />
      </test-suite>
      <test-suite type="TestFixture" id="0-1380" name="SpecValidEqStrEncodings" fullname="Kaitai.SpecValidEqStrEncodings" classname="Kaitai.SpecValidEqStrEncodings" runstate="Runnable" testcasecount="1" result="Passed" start-time="2022-03-12 22:29:02Z" end-time="2022-03-12 22:29:02Z" duration="0.003101" total="1" passed="1" failed="0" inconclusive="0" skipped="0" asserts="0">
        <test-case id="0-1381" name="TestValidEqStrEncodings" fullname="Kaitai.SpecValidEqStrEncodings.TestValidEqStrEncodings" methodname="TestValidEqStrEncodings" classname="Kaitai.SpecValidEqStrEncodings" runstate="Runnable" seed="1307034581" result="Passed" start-time="2022-03-12 22:29:02Z" end-time="2022-03-12 22:29:02Z" duration="0.000723" asserts="0" />
      </test-suite>
      <test-suite type="TestFixture" id="0-1382" name="SpecValidFailAnyofInt" fullname="Kaitai.SpecValidFailAnyofInt" classname="Kaitai.SpecValidFailAnyofInt" runstate="Runnable" testcasecount="1" result="Passed" start-time="2022-03-12 22:29:02Z" end-time="2022-03-12 22:29:02Z" duration="0.003574" total="1" passed="1" failed="0" inconclusive="0" skipped="0" asserts="1">
        <test-case id="0-1383" name="TestValidFailAnyofInt" fullname="Kaitai.SpecValidFailAnyofInt.TestValidFailAnyofInt" methodname="TestValidFailAnyofInt" classname="Kaitai.SpecValidFailAnyofInt" runstate="Runnable" seed="2040608799" result="Passed" start-time="2022-03-12 22:29:02Z" end-time="2022-03-12 22:29:02Z" duration="0.001177" asserts="1" />
      </test-suite>
      <test-suite type="TestFixture" id="0-1384" name="SpecValidFailContents" fullname="Kaitai.SpecValidFailContents" classname="Kaitai.SpecValidFailContents" runstate="Runnable" testcasecount="1" result="Passed" start-time="2022-03-12 22:29:02Z" end-time="2022-03-12 22:29:02Z" duration="0.003248" total="1" passed="1" failed="0" inconclusive="0" skipped="0" asserts="1">
        <test-case id="0-1385" name="TestValidFailContents" fullname="Kaitai.SpecValidFailContents.TestValidFailContents" methodname="TestValidFailContents" classname="Kaitai.SpecValidFailContents" runstate="Runnable" seed="1021713724" result="Passed" start-time="2022-03-12 22:29:02Z" end-time="2022-03-12 22:29:02Z" duration="0.000848" asserts="1" />
      </test-suite>
      <test-suite type="TestFixture" id="0-1386" name="SpecValidFailEqBytes" fullname="Kaitai.SpecValidFailEqBytes" classname="Kaitai.SpecValidFailEqBytes" runstate="Runnable" testcasecount="1" result="Passed" start-time="2022-03-12 22:29:02Z" end-time="2022-03-12 22:29:02Z" duration="0.002937" total="1" passed="1" failed="0" inconclusive="0" skipped="0" asserts="1">
        <test-case id="0-1387" name="TestValidFailEqBytes" fullname="Kaitai.SpecValidFailEqBytes.TestValidFailEqBytes" methodname="TestValidFailEqBytes" classname="Kaitai.SpecValidFailEqBytes" runstate="Runnable" seed="2089484415" result="Passed" start-time="2022-03-12 22:29:02Z" end-time="2022-03-12 22:29:02Z" duration="0.000540" asserts="1" />
      </test-suite>
      <test-suite type="TestFixture" id="0-1388" name="SpecValidFailEqInt" fullname="Kaitai.SpecValidFailEqInt" classname="Kaitai.SpecValidFailEqInt" runstate="Runnable" testcasecount="1" result="Passed" start-time="2022-03-12 22:29:02Z" end-time="2022-03-12 22:29:02Z" duration="0.002973" total="1" passed="1" failed="0" inconclusive="0" skipped="0" asserts="1">
        <test-case id="0-1389" name="TestValidFailEqInt" fullname="Kaitai.SpecValidFailEqInt.TestValidFailEqInt" methodname="TestValidFailEqInt" classname="Kaitai.SpecValidFailEqInt" runstate="Runnable" seed="137334197" result="Passed" start-time="2022-03-12 22:29:02Z" end-time="2022-03-12 22:29:02Z" duration="0.000582" asserts="1" />
      </test-suite>
      <test-suite type="TestFixture" id="0-1390" name="SpecValidFailEqStr" fullname="Kaitai.SpecValidFailEqStr" classname="Kaitai.SpecValidFailEqStr" runstate="Runnable" testcasecount="1" result="Passed" start-time="2022-03-12 22:29:02Z" end-time="2022-03-12 22:29:02Z" duration="0.002938" total="1" passed="1" failed="0" inconclusive="0" skipped="0" asserts="1">
        <test-case id="0-1391" name="TestValidFailEqStr" fullname="Kaitai.SpecValidFailEqStr.TestValidFailEqStr" methodname="TestValidFailEqStr" classname="Kaitai.SpecValidFailEqStr" runstate="Runnable" seed="2109558061" result="Passed" start-time="2022-03-12 22:29:02Z" end-time="2022-03-12 22:29:02Z" duration="0.000543" asserts="1" />
      </test-suite>
      <test-suite type="TestFixture" id="0-1392" name="SpecValidFailExpr" fullname="Kaitai.SpecValidFailExpr" classname="Kaitai.SpecValidFailExpr" runstate="Runnable" testcasecount="1" result="Passed" start-time="2022-03-12 22:29:02Z" end-time="2022-03-12 22:29:02Z" duration="0.003405" total="1" passed="1" failed="0" inconclusive="0" skipped="0" asserts="1">
        <test-case id="0-1393" name="TestValidFailExpr" fullname="Kaitai.SpecValidFailExpr.TestValidFailExpr" methodname="TestValidFailExpr" classname="Kaitai.SpecValidFailExpr" runstate="Runnable" seed="935481772" result="Passed" start-time="2022-03-12 22:29:02Z" end-time="2022-03-12 22:29:02Z" duration="0.001009" asserts="1" />
      </test-suite>
      <test-suite type="TestFixture" id="0-1394" name="SpecValidFailInst" fullname="Kaitai.SpecValidFailInst" classname="Kaitai.SpecValidFailInst" runstate="Runnable" testcasecount="1" result="Passed" start-time="2022-03-12 22:29:02Z" end-time="2022-03-12 22:29:02Z" duration="0.003042" total="1" passed="1" failed="0" inconclusive="0" skipped="0" asserts="1">
        <test-case id="0-1395" name="TestValidFailInst" fullname="Kaitai.SpecValidFailInst.TestValidFailInst" methodname="TestValidFailInst" classname="Kaitai.SpecValidFailInst" runstate="Runnable" seed="1283300698" result="Passed" start-time="2022-03-12 22:29:02Z" end-time="2022-03-12 22:29:02Z" duration="0.000645" asserts="1" />
      </test-suite>
      <test-suite type="TestFixture" id="0-1396" name="SpecValidFailMaxInt" fullname="Kaitai.SpecValidFailMaxInt" classname="Kaitai.SpecValidFailMaxInt" runstate="Runnable" testcasecount="1" result="Passed" start-time="2022-03-12 22:29:02Z" end-time="2022-03-12 22:29:02Z" duration="0.003033" total="1" passed="1" failed="0" inconclusive="0" skipped="0" asserts="1">
        <test-case id="0-1397" name="TestValidFailMaxInt" fullname="Kaitai.SpecValidFailMaxInt.TestValidFailMaxInt" methodname="TestValidFailMaxInt" classname="Kaitai.SpecValidFailMaxInt" runstate="Runnable" seed="1909634032" result="Passed" start-time="2022-03-12 22:29:02Z" end-time="2022-03-12 22:29:02Z" duration="0.000624" asserts="1" />
      </test-suite>
      <test-suite type="TestFixture" id="0-1398" name="SpecValidFailMinInt" fullname="Kaitai.SpecValidFailMinInt" classname="Kaitai.SpecValidFailMinInt" runstate="Runnable" testcasecount="1" result="Passed" start-time="2022-03-12 22:29:02Z" end-time="2022-03-12 22:29:02Z" duration="0.003036" total="1" passed="1" failed="0" inconclusive="0" skipped="0" asserts="1">
        <test-case id="0-1399" name="TestValidFailMinInt" fullname="Kaitai.SpecValidFailMinInt.TestValidFailMinInt" methodname="TestValidFailMinInt" classname="Kaitai.SpecValidFailMinInt" runstate="Runnable" seed="925197092" result="Passed" start-time="2022-03-12 22:29:02Z" end-time="2022-03-12 22:29:02Z" duration="0.000637" asserts="1" />
      </test-suite>
      <test-suite type="TestFixture" id="0-1400" name="SpecValidFailRangeBytes" fullname="Kaitai.SpecValidFailRangeBytes" classname="Kaitai.SpecValidFailRangeBytes" runstate="Runnable" testcasecount="1" result="Passed" start-time="2022-03-12 22:29:02Z" end-time="2022-03-12 22:29:02Z" duration="0.003029" total="1" passed="1" failed="0" inconclusive="0" skipped="0" asserts="1">
        <test-case id="0-1401" name="TestValidFailRangeBytes" fullname="Kaitai.SpecValidFailRangeBytes.TestValidFailRangeBytes" methodname="TestValidFailRangeBytes" classname="Kaitai.SpecValidFailRangeBytes" runstate="Runnable" seed="912640743" result="Passed" start-time="2022-03-12 22:29:02Z" end-time="2022-03-12 22:29:02Z" duration="0.000635" asserts="1" />
      </test-suite>
      <test-suite type="TestFixture" id="0-1402" name="SpecValidFailRangeFloat" fullname="Kaitai.SpecValidFailRangeFloat" classname="Kaitai.SpecValidFailRangeFloat" runstate="Runnable" testcasecount="1" result="Passed" start-time="2022-03-12 22:29:02Z" end-time="2022-03-12 22:29:02Z" duration="0.004525" total="1" passed="1" failed="0" inconclusive="0" skipped="0" asserts="1">
        <test-case id="0-1403" name="TestValidFailRangeFloat" fullname="Kaitai.SpecValidFailRangeFloat.TestValidFailRangeFloat" methodname="TestValidFailRangeFloat" classname="Kaitai.SpecValidFailRangeFloat" runstate="Runnable" seed="1380734850" result="Passed" start-time="2022-03-12 22:29:02Z" end-time="2022-03-12 22:29:02Z" duration="0.002128" asserts="1" />
      </test-suite>
      <test-suite type="TestFixture" id="0-1404" name="SpecValidFailRangeInt" fullname="Kaitai.SpecValidFailRangeInt" classname="Kaitai.SpecValidFailRangeInt" runstate="Runnable" testcasecount="1" result="Passed" start-time="2022-03-12 22:29:02Z" end-time="2022-03-12 22:29:02Z" duration="0.002947" total="1" passed="1" failed="0" inconclusive="0" skipped="0" asserts="1">
        <test-case id="0-1405" name="TestValidFailRangeInt" fullname="Kaitai.SpecValidFailRangeInt.TestValidFailRangeInt" methodname="TestValidFailRangeInt" classname="Kaitai.SpecValidFailRangeInt" runstate="Runnable" seed="1992303850" result="Passed" start-time="2022-03-12 22:29:02Z" end-time="2022-03-12 22:29:02Z" duration="0.000551" asserts="1" />
      </test-suite>
      <test-suite type="TestFixture" id="0-1406" name="SpecValidFailRangeStr" fullname="Kaitai.SpecValidFailRangeStr" classname="Kaitai.SpecValidFailRangeStr" runstate="Runnable" testcasecount="1" result="Passed" start-time="2022-03-12 22:29:02Z" end-time="2022-03-12 22:29:02Z" duration="0.002990" total="1" passed="1" failed="0" inconclusive="0" skipped="0" asserts="1">
        <test-case id="0-1407" name="TestValidFailRangeStr" fullname="Kaitai.SpecValidFailRangeStr.TestValidFailRangeStr" methodname="TestValidFailRangeStr" classname="Kaitai.SpecValidFailRangeStr" runstate="Runnable" seed="1335100290" result="Passed" start-time="2022-03-12 22:29:02Z" end-time="2022-03-12 22:29:02Z" duration="0.000588" asserts="1" />
      </test-suite>
      <test-suite type="TestFixture" id="0-1408" name="SpecValidLong" fullname="Kaitai.SpecValidLong" classname="Kaitai.SpecValidLong" runstate="Runnable" testcasecount="1" result="Passed" start-time="2022-03-12 22:29:02Z" end-time="2022-03-12 22:29:02Z" duration="0.003543" total="1" passed="1" failed="0" inconclusive="0" skipped="0" asserts="0">
        <test-case id="0-1409" name="TestValidLong" fullname="Kaitai.SpecValidLong.TestValidLong" methodname="TestValidLong" classname="Kaitai.SpecValidLong" runstate="Runnable" seed="233438046" result="Passed" start-time="2022-03-12 22:29:02Z" end-time="2022-03-12 22:29:02Z" duration="0.001147" asserts="0" />
      </test-suite>
      <test-suite type="TestFixture" id="0-1410" name="SpecValidNotParsedIf" fullname="Kaitai.SpecValidNotParsedIf" classname="Kaitai.SpecValidNotParsedIf" runstate="Runnable" testcasecount="1" result="Passed" start-time="2022-03-12 22:29:02Z" end-time="2022-03-12 22:29:02Z" duration="0.003000" total="1" passed="1" failed="0" inconclusive="0" skipped="0" asserts="0">
        <test-case id="0-1411" name="TestValidNotParsedIf" fullname="Kaitai.SpecValidNotParsedIf.TestValidNotParsedIf" methodname="TestValidNotParsedIf" classname="Kaitai.SpecValidNotParsedIf" runstate="Runnable" seed="1903079837" result="Passed" start-time="2022-03-12 22:29:02Z" end-time="2022-03-12 22:29:02Z" duration="0.000604" asserts="0" />
      </test-suite>
      <test-suite type="TestFixture" id="0-1412" name="SpecValidShort" fullname="Kaitai.SpecValidShort" classname="Kaitai.SpecValidShort" runstate="Runnable" testcasecount="1" result="Passed" start-time="2022-03-12 22:29:02Z" end-time="2022-03-12 22:29:02Z" duration="0.003430" total="1" passed="1" failed="0" inconclusive="0" skipped="0" asserts="0">
        <test-case id="0-1413" name="TestValidShort" fullname="Kaitai.SpecValidShort.TestValidShort" methodname="TestValidShort" classname="Kaitai.SpecValidShort" runstate="Runnable" seed="1015461521" result="Passed" start-time="2022-03-12 22:29:02Z" end-time="2022-03-12 22:29:02Z" duration="0.001030" asserts="0" />
      </test-suite>
      <test-suite type="TestFixture" id="0-1414" name="SpecValidSwitch" fullname="Kaitai.SpecValidSwitch" classname="Kaitai.SpecValidSwitch" runstate="Runnable" testcasecount="1" result="Passed" start-time="2022-03-12 22:29:02Z" end-time="2022-03-12 22:29:02Z" duration="0.002905" total="1" passed="1" failed="0" inconclusive="0" skipped="0" asserts="0">
        <test-case id="0-1415" name="TestValidSwitch" fullname="Kaitai.SpecValidSwitch.TestValidSwitch" methodname="TestValidSwitch" classname="Kaitai.SpecValidSwitch" runstate="Runnable" seed="1311506424" result="Passed" start-time="2022-03-12 22:29:02Z" end-time="2022-03-12 22:29:02Z" duration="0.000496" asserts="0" />
      </test-suite>
      <test-suite type="TestFixture" id="0-1416" name="SpecZlibSurrounded" fullname="Kaitai.SpecZlibSurrounded" classname="Kaitai.SpecZlibSurrounded" runstate="Runnable" testcasecount="1" result="Passed" start-time="2022-03-12 22:29:02Z" end-time="2022-03-12 22:29:02Z" duration="0.008591" total="1" passed="1" failed="0" inconclusive="0" skipped="0" asserts="1">
        <test-case id="0-1417" name="TestZlibSurrounded" fullname="Kaitai.SpecZlibSurrounded.TestZlibSurrounded" methodname="TestZlibSurrounded" classname="Kaitai.SpecZlibSurrounded" runstate="Runnable" seed="1480936726" result="Passed" start-time="2022-03-12 22:29:02Z" end-time="2022-03-12 22:29:02Z" duration="0.006183" asserts="1" />
      </test-suite>
      <test-suite type="TestFixture" id="0-1418" name="SpecZlibWithHeader78" fullname="Kaitai.SpecZlibWithHeader78" classname="Kaitai.SpecZlibWithHeader78" runstate="Runnable" testcasecount="1" result="Passed" start-time="2022-03-12 22:29:02Z" end-time="2022-03-12 22:29:02Z" duration="0.002834" total="1" passed="1" failed="0" inconclusive="0" skipped="0" asserts="1">
        <test-case id="0-1419" name="TestZlibWithHeader78" fullname="Kaitai.SpecZlibWithHeader78.TestZlibWithHeader78" methodname="TestZlibWithHeader78" classname="Kaitai.SpecZlibWithHeader78" runstate="Runnable" seed="2006467316" result="Passed" start-time="2022-03-12 22:29:02Z" end-time="2022-03-12 22:29:02Z" duration="0.000439" asserts="1" />
      </test-suite>
    </test-suite>
  </test-suite>
</test-run>