<?xml version="1.0" encoding="utf-8" standalone="no"?>
<test-run id="2" testcasecount="149" result="Passed" total="149" passed="149" failed="0" inconclusive="0" skipped="0" asserts="702" engine-version="3.4.1.0" clr-version="4.0.30319.42000" start-time="2019-10-13 09:35:39Z" end-time="2019-10-13 09:35:41Z" duration="1.516551">
  <command-line><![CDATA[spec/csharp/packages/NUnit.ConsoleRunner.3.4.1/tools/nunit3-console.exe --result=test_out/csharp/TestResult.xml spec/csharp/kaitai_struct_csharp_tests/bin/Debug/kaitai_struct_csharp_tests.dll]]></command-line>
  <test-suite type="Assembly" id="0-1298" name="kaitai_struct_csharp_tests.dll" fullname="C:\projects\ci-targets\tests\spec\csharp\kaitai_struct_csharp_tests\bin\Debug\kaitai_struct_csharp_tests.dll" runstate="Runnable" testcasecount="149" result="Passed" start-time="2019-10-13 09:35:39Z" end-time="2019-10-13 09:35:41Z" duration="1.445929" total="149" passed="149" failed="0" inconclusive="0" skipped="0" asserts="702">
    <environment framework-version="3.4.1.0" clr-version="4.0.30319.42000" os-version="Microsoft Windows NT 10.0.14393.0" platform="Win32NT" cwd="C:\projects\ci-targets\tests" machine-name="APPVYR-WIN" user="appveyor" user-domain="APPVYR-WIN" culture="en-US" uiculture="en-US" os-architecture="x64" />
    <settings>
      <setting name="WorkDirectory" value="C:\projects\ci-targets\tests" />
      <setting name="ImageRuntimeVersion" value="4.0.30319" />
      <setting name="ImageTargetFrameworkName" value=".NETFramework,Version=v4.5" />
      <setting name="ImageRequiresX86" value="False" />
      <setting name="ImageRequiresDefaultAppDomainAssemblyResolver" value="False" />
      <setting name="NumberOfTestWorkers" value="2" />
    </settings>
    <properties>
      <property name="_PID" value="5116" />
      <property name="_APPDOMAIN" value="test-domain-" />
    </properties>
    <test-suite type="TestSuite" id="0-1299" name="Kaitai" fullname="Kaitai" runstate="Runnable" testcasecount="149" result="Passed" start-time="2019-10-13 09:35:39Z" end-time="2019-10-13 09:35:41Z" duration="1.423643" total="149" passed="149" failed="0" inconclusive="0" skipped="0" asserts="702">
      <test-suite type="TestFixture" id="0-1000" name="SpecBcdUserTypeBe" fullname="Kaitai.SpecBcdUserTypeBe" classname="Kaitai.SpecBcdUserTypeBe" runstate="Runnable" testcasecount="1" result="Passed" start-time="2019-10-13 09:35:39Z" end-time="2019-10-13 09:35:39Z" duration="0.034129" total="1" passed="1" failed="0" inconclusive="0" skipped="0" asserts="6">
        <test-case id="0-1001" name="TestBcdUserTypeBe" fullname="Kaitai.SpecBcdUserTypeBe.TestBcdUserTypeBe" methodname="TestBcdUserTypeBe" classname="Kaitai.SpecBcdUserTypeBe" runstate="Runnable" seed="177527625" result="Passed" start-time="2019-10-13 09:35:39Z" end-time="2019-10-13 09:35:39Z" duration="0.021785" asserts="6" />
      </test-suite>
      <test-suite type="TestFixture" id="0-1002" name="SpecBcdUserTypeLe" fullname="Kaitai.SpecBcdUserTypeLe" classname="Kaitai.SpecBcdUserTypeLe" runstate="Runnable" testcasecount="1" result="Passed" start-time="2019-10-13 09:35:39Z" end-time="2019-10-13 09:35:39Z" duration="0.010058" total="1" passed="1" failed="0" inconclusive="0" skipped="0" asserts="6">
        <test-case id="0-1003" name="TestBcdUserTypeLe" fullname="Kaitai.SpecBcdUserTypeLe.TestBcdUserTypeLe" methodname="TestBcdUserTypeLe" classname="Kaitai.SpecBcdUserTypeLe" runstate="Runnable" seed="358257900" result="Passed" start-time="2019-10-13 09:35:39Z" end-time="2019-10-13 09:35:39Z" duration="0.006119" asserts="6" />
      </test-suite>
      <test-suite type="TestFixture" id="0-1004" name="SpecBitsByteAligned" fullname="Kaitai.SpecBitsByteAligned" classname="Kaitai.SpecBitsByteAligned" runstate="Runnable" testcasecount="1" result="Passed" start-time="2019-10-13 09:35:39Z" end-time="2019-10-13 09:35:39Z" duration="0.008997" total="1" passed="1" failed="0" inconclusive="0" skipped="0" asserts="9">
        <test-case id="0-1005" name="TestBitsByteAligned" fullname="Kaitai.SpecBitsByteAligned.TestBitsByteAligned" methodname="TestBitsByteAligned" classname="Kaitai.SpecBitsByteAligned" runstate="Runnable" seed="1769670069" result="Passed" start-time="2019-10-13 09:35:39Z" end-time="2019-10-13 09:35:39Z" duration="0.005347" asserts="9" />
      </test-suite>
      <test-suite type="TestFixture" id="0-1006" name="SpecBitsEnum" fullname="Kaitai.SpecBitsEnum" classname="Kaitai.SpecBitsEnum" runstate="Runnable" testcasecount="1" result="Passed" start-time="2019-10-13 09:35:39Z" end-time="2019-10-13 09:35:39Z" duration="0.003989" total="1" passed="1" failed="0" inconclusive="0" skipped="0" asserts="3">
        <test-case id="0-1007" name="TestBitsEnum" fullname="Kaitai.SpecBitsEnum.TestBitsEnum" methodname="TestBitsEnum" classname="Kaitai.SpecBitsEnum" runstate="Runnable" seed="1588568721" result="Passed" start-time="2019-10-13 09:35:39Z" end-time="2019-10-13 09:35:39Z" duration="0.000769" asserts="3" />
      </test-suite>
      <test-suite type="TestFixture" id="0-1008" name="SpecBitsSimple" fullname="Kaitai.SpecBitsSimple" classname="Kaitai.SpecBitsSimple" runstate="Runnable" testcasecount="1" result="Passed" start-time="2019-10-13 09:35:39Z" end-time="2019-10-13 09:35:39Z" duration="0.006003" total="1" passed="1" failed="0" inconclusive="0" skipped="0" asserts="14">
        <test-case id="0-1009" name="TestBitsSimple" fullname="Kaitai.SpecBitsSimple.TestBitsSimple" methodname="TestBitsSimple" classname="Kaitai.SpecBitsSimple" runstate="Runnable" seed="229056852" result="Passed" start-time="2019-10-13 09:35:39Z" end-time="2019-10-13 09:35:39Z" duration="0.002180" asserts="14" />
      </test-suite>
      <test-suite type="TestFixture" id="0-1010" name="SpecBufferedStruct" fullname="Kaitai.SpecBufferedStruct" classname="Kaitai.SpecBufferedStruct" runstate="Runnable" testcasecount="1" result="Passed" start-time="2019-10-13 09:35:39Z" end-time="2019-10-13 09:35:39Z" duration="0.006014" total="1" passed="1" failed="0" inconclusive="0" skipped="0" asserts="7">
        <test-case id="0-1011" name="TestBufferedStruct" fullname="Kaitai.SpecBufferedStruct.TestBufferedStruct" methodname="TestBufferedStruct" classname="Kaitai.SpecBufferedStruct" runstate="Runnable" seed="2071884472" result="Passed" start-time="2019-10-13 09:35:39Z" end-time="2019-10-13 09:35:39Z" duration="0.002058" asserts="7" />
      </test-suite>
      <test-suite type="TestFixture" id="0-1012" name="SpecBytesPadTerm" fullname="Kaitai.SpecBytesPadTerm" classname="Kaitai.SpecBytesPadTerm" runstate="Runnable" testcasecount="1" result="Passed" start-time="2019-10-13 09:35:39Z" end-time="2019-10-13 09:35:39Z" duration="0.005030" total="1" passed="1" failed="0" inconclusive="0" skipped="0" asserts="4">
        <test-case id="0-1013" name="TestBytesPadTerm" fullname="Kaitai.SpecBytesPadTerm.TestBytesPadTerm" methodname="TestBytesPadTerm" classname="Kaitai.SpecBytesPadTerm" runstate="Runnable" seed="1698965660" result="Passed" start-time="2019-10-13 09:35:39Z" end-time="2019-10-13 09:35:39Z" duration="0.001519" asserts="4" />
      </test-suite>
      <test-suite type="TestFixture" id="0-1014" name="SpecCastNested" fullname="Kaitai.SpecCastNested" classname="Kaitai.SpecCastNested" runstate="Runnable" testcasecount="1" result="Passed" start-time="2019-10-13 09:35:39Z" end-time="2019-10-13 09:35:39Z" duration="0.007009" total="1" passed="1" failed="0" inconclusive="0" skipped="0" asserts="4">
        <test-case id="0-1015" name="TestCastNested" fullname="Kaitai.SpecCastNested.TestCastNested" methodname="TestCastNested" classname="Kaitai.SpecCastNested" runstate="Runnable" seed="1793035079" result="Passed" start-time="2019-10-13 09:35:39Z" end-time="2019-10-13 09:35:39Z" duration="0.003062" asserts="4" />
      </test-suite>
      <test-suite type="TestFixture" id="0-1016" name="SpecCastToImported" fullname="Kaitai.SpecCastToImported" classname="Kaitai.SpecCastToImported" runstate="Runnable" testcasecount="1" result="Passed" start-time="2019-10-13 09:35:39Z" end-time="2019-10-13 09:35:39Z" duration="0.004993" total="1" passed="1" failed="0" inconclusive="0" skipped="0" asserts="2">
        <test-case id="0-1017" name="TestCastToImported" fullname="Kaitai.SpecCastToImported.TestCastToImported" methodname="TestCastToImported" classname="Kaitai.SpecCastToImported" runstate="Runnable" seed="75274352" result="Passed" start-time="2019-10-13 09:35:39Z" end-time="2019-10-13 09:35:39Z" duration="0.001020" asserts="2" />
      </test-suite>
      <test-suite type="TestFixture" id="0-1018" name="SpecCastToTop" fullname="Kaitai.SpecCastToTop" classname="Kaitai.SpecCastToTop" runstate="Runnable" testcasecount="1" result="Passed" start-time="2019-10-13 09:35:39Z" end-time="2019-10-13 09:35:39Z" duration="0.005002" total="1" passed="1" failed="0" inconclusive="0" skipped="0" asserts="3">
        <test-case id="0-1019" name="TestCastToTop" fullname="Kaitai.SpecCastToTop.TestCastToTop" methodname="TestCastToTop" classname="Kaitai.SpecCastToTop" runstate="Runnable" seed="148279137" result="Passed" start-time="2019-10-13 09:35:39Z" end-time="2019-10-13 09:35:39Z" duration="0.001046" asserts="3" />
      </test-suite>
      <test-suite type="TestFixture" id="0-1020" name="SpecDebug0" fullname="Kaitai.SpecDebug0" classname="Kaitai.SpecDebug0" runstate="Runnable" testcasecount="1" result="Passed" start-time="2019-10-13 09:35:39Z" end-time="2019-10-13 09:35:39Z" duration="0.004024" total="1" passed="1" failed="0" inconclusive="0" skipped="0" asserts="0">
        <test-case id="0-1021" name="TestDebug0" fullname="Kaitai.SpecDebug0.TestDebug0" methodname="TestDebug0" classname="Kaitai.SpecDebug0" runstate="Runnable" seed="1005567922" result="Passed" start-time="2019-10-13 09:35:39Z" end-time="2019-10-13 09:35:39Z" duration="0.000082" asserts="0" />
      </test-suite>
      <test-suite type="TestFixture" id="0-1022" name="SpecDebugArrayUser" fullname="Kaitai.SpecDebugArrayUser" classname="Kaitai.SpecDebugArrayUser" runstate="Runnable" testcasecount="1" result="Passed" start-time="2019-10-13 09:35:39Z" end-time="2019-10-13 09:35:39Z" duration="0.005012" total="1" passed="1" failed="0" inconclusive="0" skipped="0" asserts="4">
        <test-case id="0-1023" name="TestDebugArrayUser" fullname="Kaitai.SpecDebugArrayUser.TestDebugArrayUser" methodname="TestDebugArrayUser" classname="Kaitai.SpecDebugArrayUser" runstate="Runnable" seed="1388281745" result="Passed" start-time="2019-10-13 09:35:39Z" end-time="2019-10-13 09:35:39Z" duration="0.001249" asserts="4" />
      </test-suite>
      <test-suite type="TestFixture" id="0-1024" name="SpecDebugEnumName" fullname="Kaitai.SpecDebugEnumName" classname="Kaitai.SpecDebugEnumName" runstate="Runnable" testcasecount="1" result="Passed" start-time="2019-10-13 09:35:39Z" end-time="2019-10-13 09:35:40Z" duration="0.004016" total="1" passed="1" failed="0" inconclusive="0" skipped="0" asserts="0">
        <test-case id="0-1025" name="TestDebugEnumName" fullname="Kaitai.SpecDebugEnumName.TestDebugEnumName" methodname="TestDebugEnumName" classname="Kaitai.SpecDebugEnumName" runstate="Runnable" seed="2019090296" result="Passed" start-time="2019-10-13 09:35:40Z" end-time="2019-10-13 09:35:40Z" duration="0.000104" asserts="0" />
      </test-suite>
      <test-suite type="TestFixture" id="0-1026" name="SpecDefaultBigEndian" fullname="Kaitai.SpecDefaultBigEndian" classname="Kaitai.SpecDefaultBigEndian" runstate="Runnable" testcasecount="1" result="Passed" start-time="2019-10-13 09:35:40Z" end-time="2019-10-13 09:35:40Z" duration="0.009802" total="1" passed="1" failed="0" inconclusive="0" skipped="0" asserts="1">
        <test-case id="0-1027" name="TestDefaultBigEndian" fullname="Kaitai.SpecDefaultBigEndian.TestDefaultBigEndian" methodname="TestDefaultBigEndian" classname="Kaitai.SpecDefaultBigEndian" runstate="Runnable" seed="1153382554" result="Passed" start-time="2019-10-13 09:35:40Z" end-time="2019-10-13 09:35:40Z" duration="0.000715" asserts="1" />
      </test-suite>
      <test-suite type="TestFixture" id="0-1028" name="SpecDefaultEndianExprException" fullname="Kaitai.SpecDefaultEndianExprException" classname="Kaitai.SpecDefaultEndianExprException" runstate="Runnable" testcasecount="1" result="Passed" start-time="2019-10-13 09:35:40Z" end-time="2019-10-13 09:35:40Z" duration="0.012998" total="1" passed="1" failed="0" inconclusive="0" skipped="0" asserts="1">
        <test-case id="0-1029" name="TestDefaultEndianExprException" fullname="Kaitai.SpecDefaultEndianExprException.TestDefaultEndianExprException" methodname="TestDefaultEndianExprException" classname="Kaitai.SpecDefaultEndianExprException" runstate="Runnable" seed="313247368" result="Passed" start-time="2019-10-13 09:35:40Z" end-time="2019-10-13 09:35:40Z" duration="0.009322" asserts="1" />
      </test-suite>
      <test-suite type="TestFixture" id="0-1030" name="SpecDefaultEndianExprInherited" fullname="Kaitai.SpecDefaultEndianExprInherited" classname="Kaitai.SpecDefaultEndianExprInherited" runstate="Runnable" testcasecount="1" result="Passed" start-time="2019-10-13 09:35:40Z" end-time="2019-10-13 09:35:40Z" duration="0.008008" total="1" passed="1" failed="0" inconclusive="0" skipped="0" asserts="15">
        <test-case id="0-1031" name="TestDefaultEndianExprInherited" fullname="Kaitai.SpecDefaultEndianExprInherited.TestDefaultEndianExprInherited" methodname="TestDefaultEndianExprInherited" classname="Kaitai.SpecDefaultEndianExprInherited" runstate="Runnable" seed="1166529811" result="Passed" start-time="2019-10-13 09:35:40Z" end-time="2019-10-13 09:35:40Z" duration="0.003976" asserts="15" />
      </test-suite>
      <test-suite type="TestFixture" id="0-1032" name="SpecDefaultEndianExprIsBe" fullname="Kaitai.SpecDefaultEndianExprIsBe" classname="Kaitai.SpecDefaultEndianExprIsBe" runstate="Runnable" testcasecount="1" result="Passed" start-time="2019-10-13 09:35:40Z" end-time="2019-10-13 09:35:40Z" duration="0.008004" total="1" passed="1" failed="0" inconclusive="0" skipped="0" asserts="18">
        <test-case id="0-1033" name="TestDefaultEndianExprIsBe" fullname="Kaitai.SpecDefaultEndianExprIsBe.TestDefaultEndianExprIsBe" methodname="TestDefaultEndianExprIsBe" classname="Kaitai.SpecDefaultEndianExprIsBe" runstate="Runnable" seed="556720311" result="Passed" start-time="2019-10-13 09:35:40Z" end-time="2019-10-13 09:35:40Z" duration="0.003992" asserts="18" />
      </test-suite>
      <test-suite type="TestFixture" id="0-1034" name="SpecDefaultEndianExprIsLe" fullname="Kaitai.SpecDefaultEndianExprIsLe" classname="Kaitai.SpecDefaultEndianExprIsLe" runstate="Runnable" testcasecount="1" result="Passed" start-time="2019-10-13 09:35:40Z" end-time="2019-10-13 09:35:40Z" duration="0.006006" total="1" passed="1" failed="0" inconclusive="0" skipped="0" asserts="12">
        <test-case id="0-1035" name="TestDefaultEndianExprIsLe" fullname="Kaitai.SpecDefaultEndianExprIsLe.TestDefaultEndianExprIsLe" methodname="TestDefaultEndianExprIsLe" classname="Kaitai.SpecDefaultEndianExprIsLe" runstate="Runnable" seed="1396014371" result="Passed" start-time="2019-10-13 09:35:40Z" end-time="2019-10-13 09:35:40Z" duration="0.002699" asserts="12" />
      </test-suite>
      <test-suite type="TestFixture" id="0-1036" name="SpecDefaultEndianMod" fullname="Kaitai.SpecDefaultEndianMod" classname="Kaitai.SpecDefaultEndianMod" runstate="Runnable" testcasecount="1" result="Passed" start-time="2019-10-13 09:35:40Z" end-time="2019-10-13 09:35:40Z" duration="0.004983" total="1" passed="1" failed="0" inconclusive="0" skipped="0" asserts="3">
        <test-case id="0-1037" name="TestDefaultEndianMod" fullname="Kaitai.SpecDefaultEndianMod.TestDefaultEndianMod" methodname="TestDefaultEndianMod" classname="Kaitai.SpecDefaultEndianMod" runstate="Runnable" seed="1404084061" result="Passed" start-time="2019-10-13 09:35:40Z" end-time="2019-10-13 09:35:40Z" duration="0.001570" asserts="3" />
      </test-suite>
      <test-suite type="TestFixture" id="0-1038" name="SpecDocstrings" fullname="Kaitai.SpecDocstrings" classname="Kaitai.SpecDocstrings" runstate="Runnable" testcasecount="1" result="Passed" start-time="2019-10-13 09:35:40Z" end-time="2019-10-13 09:35:40Z" duration="0.003990" total="1" passed="1" failed="0" inconclusive="0" skipped="0" asserts="0">
        <test-case id="0-1039" name="TestDocstrings" fullname="Kaitai.SpecDocstrings.TestDocstrings" methodname="TestDocstrings" classname="Kaitai.SpecDocstrings" runstate="Runnable" seed="1516493109" result="Passed" start-time="2019-10-13 09:35:40Z" end-time="2019-10-13 09:35:40Z" duration="0.000450" asserts="0" />
      </test-suite>
      <test-suite type="TestFixture" id="0-1040" name="SpecDocstringsDocref" fullname="Kaitai.SpecDocstringsDocref" classname="Kaitai.SpecDocstringsDocref" runstate="Runnable" testcasecount="1" result="Passed" start-time="2019-10-13 09:35:40Z" end-time="2019-10-13 09:35:40Z" duration="0.004016" total="1" passed="1" failed="0" inconclusive="0" skipped="0" asserts="0">
        <test-case id="0-1041" name="TestDocstringsDocref" fullname="Kaitai.SpecDocstringsDocref.TestDocstringsDocref" methodname="TestDocstringsDocref" classname="Kaitai.SpecDocstringsDocref" runstate="Runnable" seed="1046555345" result="Passed" start-time="2019-10-13 09:35:40Z" end-time="2019-10-13 09:35:40Z" duration="0.000453" asserts="0" />
      </test-suite>
      <test-suite type="TestFixture" id="0-1042" name="SpecDocstringsDocrefMulti" fullname="Kaitai.SpecDocstringsDocrefMulti" classname="Kaitai.SpecDocstringsDocrefMulti" runstate="Runnable" testcasecount="1" result="Passed" start-time="2019-10-13 09:35:40Z" end-time="2019-10-13 09:35:40Z" duration="0.007012" total="1" passed="1" failed="0" inconclusive="0" skipped="0" asserts="0">
        <test-case id="0-1043" name="TestDocstringsDocrefMulti" fullname="Kaitai.SpecDocstringsDocrefMulti.TestDocstringsDocrefMulti" methodname="TestDocstringsDocrefMulti" classname="Kaitai.SpecDocstringsDocrefMulti" runstate="Runnable" seed="1754333773" result="Passed" start-time="2019-10-13 09:35:40Z" end-time="2019-10-13 09:35:40Z" duration="0.000443" asserts="0" />
      </test-suite>
      <test-suite type="TestFixture" id="0-1044" name="SpecEnum0" fullname="Kaitai.SpecEnum0" classname="Kaitai.SpecEnum0" runstate="Runnable" testcasecount="1" result="Passed" start-time="2019-10-13 09:35:40Z" end-time="2019-10-13 09:35:40Z" duration="0.004026" total="1" passed="1" failed="0" inconclusive="0" skipped="0" asserts="2">
        <test-case id="0-1045" name="TestEnum0" fullname="Kaitai.SpecEnum0.TestEnum0" methodname="TestEnum0" classname="Kaitai.SpecEnum0" runstate="Runnable" seed="2109456966" result="Passed" start-time="2019-10-13 09:35:40Z" end-time="2019-10-13 09:35:40Z" duration="0.000630" asserts="2" />
      </test-suite>
      <test-suite type="TestFixture" id="0-1046" name="SpecEnum1" fullname="Kaitai.SpecEnum1" classname="Kaitai.SpecEnum1" runstate="Runnable" testcasecount="1" result="Passed" start-time="2019-10-13 09:35:40Z" end-time="2019-10-13 09:35:40Z" duration="0.004997" total="1" passed="1" failed="0" inconclusive="0" skipped="0" asserts="2">
        <test-case id="0-1047" name="TestEnum1" fullname="Kaitai.SpecEnum1.TestEnum1" methodname="TestEnum1" classname="Kaitai.SpecEnum1" runstate="Runnable" seed="583504340" result="Passed" start-time="2019-10-13 09:35:40Z" end-time="2019-10-13 09:35:40Z" duration="0.001083" asserts="2" />
      </test-suite>
      <test-suite type="TestFixture" id="0-1048" name="SpecEnumDeep" fullname="Kaitai.SpecEnumDeep" classname="Kaitai.SpecEnumDeep" runstate="Runnable" testcasecount="1" result="Passed" start-time="2019-10-13 09:35:40Z" end-time="2019-10-13 09:35:40Z" duration="0.004013" total="1" passed="1" failed="0" inconclusive="0" skipped="0" asserts="2">
        <test-case id="0-1049" name="TestEnumDeep" fullname="Kaitai.SpecEnumDeep.TestEnumDeep" methodname="TestEnumDeep" classname="Kaitai.SpecEnumDeep" runstate="Runnable" seed="1715104226" result="Passed" start-time="2019-10-13 09:35:40Z" end-time="2019-10-13 09:35:40Z" duration="0.000647" asserts="2" />
      </test-suite>
      <test-suite type="TestFixture" id="0-1050" name="SpecEnumDeepLiterals" fullname="Kaitai.SpecEnumDeepLiterals" classname="Kaitai.SpecEnumDeepLiterals" runstate="Runnable" testcasecount="1" result="Passed" start-time="2019-10-13 09:35:40Z" end-time="2019-10-13 09:35:40Z" duration="0.003990" total="1" passed="1" failed="0" inconclusive="0" skipped="0" asserts="2">
        <test-case id="0-1051" name="TestEnumDeepLiterals" fullname="Kaitai.SpecEnumDeepLiterals.TestEnumDeepLiterals" methodname="TestEnumDeepLiterals" classname="Kaitai.SpecEnumDeepLiterals" runstate="Runnable" seed="848424755" result="Passed" start-time="2019-10-13 09:35:40Z" end-time="2019-10-13 09:35:40Z" duration="0.000832" asserts="2" />
      </test-suite>
      <test-suite type="TestFixture" id="0-1052" name="SpecEnumFancy" fullname="Kaitai.SpecEnumFancy" classname="Kaitai.SpecEnumFancy" runstate="Runnable" testcasecount="1" result="Passed" start-time="2019-10-13 09:35:40Z" end-time="2019-10-13 09:35:40Z" duration="0.003994" total="1" passed="1" failed="0" inconclusive="0" skipped="0" asserts="2">
        <test-case id="0-1053" name="TestEnumFancy" fullname="Kaitai.SpecEnumFancy.TestEnumFancy" methodname="TestEnumFancy" classname="Kaitai.SpecEnumFancy" runstate="Runnable" seed="797374742" result="Passed" start-time="2019-10-13 09:35:40Z" end-time="2019-10-13 09:35:40Z" duration="0.000612" asserts="2" />
      </test-suite>
      <test-suite type="TestFixture" id="0-1054" name="SpecEnumForUnknownId" fullname="Kaitai.SpecEnumForUnknownId" classname="Kaitai.SpecEnumForUnknownId" runstate="Runnable" testcasecount="1" result="Passed" start-time="2019-10-13 09:35:40Z" end-time="2019-10-13 09:35:40Z" duration="0.004011" total="1" passed="1" failed="0" inconclusive="0" skipped="0" asserts="1">
        <test-case id="0-1055" name="TestEnumForUnknownId" fullname="Kaitai.SpecEnumForUnknownId.TestEnumForUnknownId" methodname="TestEnumForUnknownId" classname="Kaitai.SpecEnumForUnknownId" runstate="Runnable" seed="2028716193" result="Passed" start-time="2019-10-13 09:35:40Z" end-time="2019-10-13 09:35:40Z" duration="0.000534" asserts="1" />
      </test-suite>
      <test-suite type="TestFixture" id="0-1056" name="SpecEnumIf" fullname="Kaitai.SpecEnumIf" classname="Kaitai.SpecEnumIf" runstate="Runnable" testcasecount="1" result="Passed" start-time="2019-10-13 09:35:40Z" end-time="2019-10-13 09:35:40Z" duration="0.006009" total="1" passed="1" failed="0" inconclusive="0" skipped="0" asserts="7">
        <test-case id="0-1057" name="TestEnumIf" fullname="Kaitai.SpecEnumIf.TestEnumIf" methodname="TestEnumIf" classname="Kaitai.SpecEnumIf" runstate="Runnable" seed="65799936" result="Passed" start-time="2019-10-13 09:35:40Z" end-time="2019-10-13 09:35:40Z" duration="0.002046" asserts="7" />
      </test-suite>
      <test-suite type="TestFixture" id="0-1058" name="SpecEnumNegative" fullname="Kaitai.SpecEnumNegative" classname="Kaitai.SpecEnumNegative" runstate="Runnable" testcasecount="1" result="Passed" start-time="2019-10-13 09:35:40Z" end-time="2019-10-13 09:35:40Z" duration="0.004010" total="1" passed="1" failed="0" inconclusive="0" skipped="0" asserts="2">
        <test-case id="0-1059" name="TestEnumNegative" fullname="Kaitai.SpecEnumNegative.TestEnumNegative" methodname="TestEnumNegative" classname="Kaitai.SpecEnumNegative" runstate="Runnable" seed="1536236789" result="Passed" start-time="2019-10-13 09:35:40Z" end-time="2019-10-13 09:35:40Z" duration="0.000721" asserts="2" />
      </test-suite>
      <test-suite type="TestFixture" id="0-1060" name="SpecEnumOfValueInst" fullname="Kaitai.SpecEnumOfValueInst" classname="Kaitai.SpecEnumOfValueInst" runstate="Runnable" testcasecount="1" result="Passed" start-time="2019-10-13 09:35:40Z" end-time="2019-10-13 09:35:40Z" duration="0.003983" total="1" passed="1" failed="0" inconclusive="0" skipped="0" asserts="4">
        <test-case id="0-1061" name="TestEnumOfValueInst" fullname="Kaitai.SpecEnumOfValueInst.TestEnumOfValueInst" methodname="TestEnumOfValueInst" classname="Kaitai.SpecEnumOfValueInst" runstate="Runnable" seed="1388019944" result="Passed" start-time="2019-10-13 09:35:40Z" end-time="2019-10-13 09:35:40Z" duration="0.000901" asserts="4" />
      </test-suite>
      <test-suite type="TestFixture" id="0-1062" name="SpecEnumToI" fullname="Kaitai.SpecEnumToI" classname="Kaitai.SpecEnumToI" runstate="Runnable" testcasecount="1" result="Passed" start-time="2019-10-13 09:35:40Z" end-time="2019-10-13 09:35:40Z" duration="0.004028" total="1" passed="1" failed="0" inconclusive="0" skipped="0" asserts="4">
        <test-case id="0-1063" name="TestEnumToI" fullname="Kaitai.SpecEnumToI.TestEnumToI" methodname="TestEnumToI" classname="Kaitai.SpecEnumToI" runstate="Runnable" seed="1740669674" result="Passed" start-time="2019-10-13 09:35:40Z" end-time="2019-10-13 09:35:40Z" duration="0.000900" asserts="4" />
      </test-suite>
      <test-suite type="TestFixture" id="0-1064" name="SpecEofExceptionBytes" fullname="Kaitai.SpecEofExceptionBytes" classname="Kaitai.SpecEofExceptionBytes" runstate="Runnable" testcasecount="1" result="Passed" start-time="2019-10-13 09:35:40Z" end-time="2019-10-13 09:35:40Z" duration="0.003963" total="1" passed="1" failed="0" inconclusive="0" skipped="0" asserts="1">
        <test-case id="0-1065" name="TestEofExceptionBytes" fullname="Kaitai.SpecEofExceptionBytes.TestEofExceptionBytes" methodname="TestEofExceptionBytes" classname="Kaitai.SpecEofExceptionBytes" runstate="Runnable" seed="1545713972" result="Passed" start-time="2019-10-13 09:35:40Z" end-time="2019-10-13 09:35:40Z" duration="0.000807" asserts="1" />
      </test-suite>
      <test-suite type="TestFixture" id="0-1066" name="SpecEofExceptionU4" fullname="Kaitai.SpecEofExceptionU4" classname="Kaitai.SpecEofExceptionU4" runstate="Runnable" testcasecount="1" result="Passed" start-time="2019-10-13 09:35:40Z" end-time="2019-10-13 09:35:40Z" duration="0.003983" total="1" passed="1" failed="0" inconclusive="0" skipped="0" asserts="1">
        <test-case id="0-1067" name="TestEofExceptionU4" fullname="Kaitai.SpecEofExceptionU4.TestEofExceptionU4" methodname="TestEofExceptionU4" classname="Kaitai.SpecEofExceptionU4" runstate="Runnable" seed="688714335" result="Passed" start-time="2019-10-13 09:35:40Z" end-time="2019-10-13 09:35:40Z" duration="0.000638" asserts="1" />
      </test-suite>
      <test-suite type="TestFixture" id="0-1068" name="SpecExpr0" fullname="Kaitai.SpecExpr0" classname="Kaitai.SpecExpr0" runstate="Runnable" testcasecount="1" result="Passed" start-time="2019-10-13 09:35:40Z" end-time="2019-10-13 09:35:40Z" duration="0.003991" total="1" passed="1" failed="0" inconclusive="0" skipped="0" asserts="2">
        <test-case id="0-1069" name="TestExpr0" fullname="Kaitai.SpecExpr0.TestExpr0" methodname="TestExpr0" classname="Kaitai.SpecExpr0" runstate="Runnable" seed="51169288" result="Passed" start-time="2019-10-13 09:35:40Z" end-time="2019-10-13 09:35:40Z" duration="0.000791" asserts="2" />
      </test-suite>
      <test-suite type="TestFixture" id="0-1070" name="SpecExpr1" fullname="Kaitai.SpecExpr1" classname="Kaitai.SpecExpr1" runstate="Runnable" testcasecount="1" result="Passed" start-time="2019-10-13 09:35:40Z" end-time="2019-10-13 09:35:40Z" duration="0.005026" total="1" passed="1" failed="0" inconclusive="0" skipped="0" asserts="4">
        <test-case id="0-1071" name="TestExpr1" fullname="Kaitai.SpecExpr1.TestExpr1" methodname="TestExpr1" classname="Kaitai.SpecExpr1" runstate="Runnable" seed="337154592" result="Passed" start-time="2019-10-13 09:35:40Z" end-time="2019-10-13 09:35:40Z" duration="0.000988" asserts="4" />
      </test-suite>
      <test-suite type="TestFixture" id="0-1072" name="SpecExpr2" fullname="Kaitai.SpecExpr2" classname="Kaitai.SpecExpr2" runstate="Runnable" testcasecount="1" result="Passed" start-time="2019-10-13 09:35:40Z" end-time="2019-10-13 09:35:40Z" duration="0.006966" total="1" passed="1" failed="0" inconclusive="0" skipped="0" asserts="17">
        <test-case id="0-1073" name="TestExpr2" fullname="Kaitai.SpecExpr2.TestExpr2" methodname="TestExpr2" classname="Kaitai.SpecExpr2" runstate="Runnable" seed="878523746" result="Passed" start-time="2019-10-13 09:35:40Z" end-time="2019-10-13 09:35:40Z" duration="0.003814" asserts="17" />
      </test-suite>
      <test-suite type="TestFixture" id="0-1074" name="SpecExpr3" fullname="Kaitai.SpecExpr3" classname="Kaitai.SpecExpr3" runstate="Runnable" testcasecount="1" result="Passed" start-time="2019-10-13 09:35:40Z" end-time="2019-10-13 09:35:40Z" duration="0.006007" total="1" passed="1" failed="0" inconclusive="0" skipped="0" asserts="12">
        <test-case id="0-1075" name="TestExpr3" fullname="Kaitai.SpecExpr3.TestExpr3" methodname="TestExpr3" classname="Kaitai.SpecExpr3" runstate="Runnable" seed="1015710306" result="Passed" start-time="2019-10-13 09:35:40Z" end-time="2019-10-13 09:35:40Z" duration="0.002104" asserts="12" />
      </test-suite>
      <test-suite type="TestFixture" id="0-1076" name="SpecExprArray" fullname="Kaitai.SpecExprArray" classname="Kaitai.SpecExprArray" runstate="Runnable" testcasecount="1" result="Passed" start-time="2019-10-13 09:35:40Z" end-time="2019-10-13 09:35:40Z" duration="0.013007" total="1" passed="1" failed="0" inconclusive="0" skipped="0" asserts="15">
        <test-case id="0-1077" name="TestExprArray" fullname="Kaitai.SpecExprArray.TestExprArray" methodname="TestExprArray" classname="Kaitai.SpecExprArray" runstate="Runnable" seed="1025979519" result="Passed" start-time="2019-10-13 09:35:40Z" end-time="2019-10-13 09:35:40Z" duration="0.009818" asserts="15" />
      </test-suite>
      <test-suite type="TestFixture" id="0-1078" name="SpecExprBytesCmp" fullname="Kaitai.SpecExprBytesCmp" classname="Kaitai.SpecExprBytesCmp" runstate="Runnable" testcasecount="1" result="Passed" start-time="2019-10-13 09:35:40Z" end-time="2019-10-13 09:35:40Z" duration="0.006010" total="1" passed="1" failed="0" inconclusive="0" skipped="0" asserts="10">
        <test-case id="0-1079" name="TestExprBytesCmp" fullname="Kaitai.SpecExprBytesCmp.TestExprBytesCmp" methodname="TestExprBytesCmp" classname="Kaitai.SpecExprBytesCmp" runstate="Runnable" seed="1302862227" result="Passed" start-time="2019-10-13 09:35:40Z" end-time="2019-10-13 09:35:40Z" duration="0.002190" asserts="10" />
      </test-suite>
      <test-suite type="TestFixture" id="0-1080" name="SpecExprEnum" fullname="Kaitai.SpecExprEnum" classname="Kaitai.SpecExprEnum" runstate="Runnable" testcasecount="1" result="Passed" start-time="2019-10-13 09:35:40Z" end-time="2019-10-13 09:35:40Z" duration="0.003989" total="1" passed="1" failed="0" inconclusive="0" skipped="0" asserts="3">
        <test-case id="0-1081" name="TestExprEnum" fullname="Kaitai.SpecExprEnum.TestExprEnum" methodname="TestExprEnum" classname="Kaitai.SpecExprEnum" runstate="Runnable" seed="1835859095" result="Passed" start-time="2019-10-13 09:35:40Z" end-time="2019-10-13 09:35:40Z" duration="0.000918" asserts="3" />
      </test-suite>
      <test-suite type="TestFixture" id="0-1082" name="SpecExprIoEof" fullname="Kaitai.SpecExprIoEof" classname="Kaitai.SpecExprIoEof" runstate="Runnable" testcasecount="1" result="Passed" start-time="2019-10-13 09:35:40Z" end-time="2019-10-13 09:35:40Z" duration="0.005030" total="1" passed="1" failed="0" inconclusive="0" skipped="0" asserts="4">
        <test-case id="0-1083" name="TestExprIoEof" fullname="Kaitai.SpecExprIoEof.TestExprIoEof" methodname="TestExprIoEof" classname="Kaitai.SpecExprIoEof" runstate="Runnable" seed="1914174371" result="Passed" start-time="2019-10-13 09:35:40Z" end-time="2019-10-13 09:35:40Z" duration="0.001399" asserts="4" />
      </test-suite>
      <test-suite type="TestFixture" id="0-1084" name="SpecExprIoPos" fullname="Kaitai.SpecExprIoPos" classname="Kaitai.SpecExprIoPos" runstate="Runnable" testcasecount="1" result="Passed" start-time="2019-10-13 09:35:40Z" end-time="2019-10-13 09:35:40Z" duration="0.005011" total="1" passed="1" failed="0" inconclusive="0" skipped="0" asserts="6">
        <test-case id="0-1085" name="TestExprIoPos" fullname="Kaitai.SpecExprIoPos.TestExprIoPos" methodname="TestExprIoPos" classname="Kaitai.SpecExprIoPos" runstate="Runnable" seed="305235921" result="Passed" start-time="2019-10-13 09:35:40Z" end-time="2019-10-13 09:35:40Z" duration="0.001432" asserts="6" />
      </test-suite>
      <test-suite type="TestFixture" id="0-1086" name="SpecExprMod" fullname="Kaitai.SpecExprMod" classname="Kaitai.SpecExprMod" runstate="Runnable" testcasecount="1" result="Passed" start-time="2019-10-13 09:35:40Z" end-time="2019-10-13 09:35:40Z" duration="0.005019" total="1" passed="1" failed="0" inconclusive="0" skipped="0" asserts="6">
        <test-case id="0-1087" name="TestExprMod" fullname="Kaitai.SpecExprMod.TestExprMod" methodname="TestExprMod" classname="Kaitai.SpecExprMod" runstate="Runnable" seed="249813478" result="Passed" start-time="2019-10-13 09:35:40Z" end-time="2019-10-13 09:35:40Z" duration="0.001588" asserts="6" />
      </test-suite>
      <test-suite type="TestFixture" id="0-1088" name="SpecExprSizeofType0" fullname="Kaitai.SpecExprSizeofType0" classname="Kaitai.SpecExprSizeofType0" runstate="Runnable" testcasecount="1" result="Passed" start-time="2019-10-13 09:35:40Z" end-time="2019-10-13 09:35:40Z" duration="0.004022" total="1" passed="1" failed="0" inconclusive="0" skipped="0" asserts="1">
        <test-case id="0-1089" name="TestExprSizeofType0" fullname="Kaitai.SpecExprSizeofType0.TestExprSizeofType0" methodname="TestExprSizeofType0" classname="Kaitai.SpecExprSizeofType0" runstate="Runnable" seed="2131045045" result="Passed" start-time="2019-10-13 09:35:40Z" end-time="2019-10-13 09:35:40Z" duration="0.000531" asserts="1" />
      </test-suite>
      <test-suite type="TestFixture" id="0-1090" name="SpecExprSizeofType1" fullname="Kaitai.SpecExprSizeofType1" classname="Kaitai.SpecExprSizeofType1" runstate="Runnable" testcasecount="1" result="Passed" start-time="2019-10-13 09:35:40Z" end-time="2019-10-13 09:35:40Z" duration="0.004017" total="1" passed="1" failed="0" inconclusive="0" skipped="0" asserts="2">
        <test-case id="0-1091" name="TestExprSizeofType1" fullname="Kaitai.SpecExprSizeofType1.TestExprSizeofType1" methodname="TestExprSizeofType1" classname="Kaitai.SpecExprSizeofType1" runstate="Runnable" seed="1430164115" result="Passed" start-time="2019-10-13 09:35:40Z" end-time="2019-10-13 09:35:40Z" duration="0.000622" asserts="2" />
      </test-suite>
      <test-suite type="TestFixture" id="0-1092" name="SpecExprSizeofValue0" fullname="Kaitai.SpecExprSizeofValue0" classname="Kaitai.SpecExprSizeofValue0" runstate="Runnable" testcasecount="1" result="Passed" start-time="2019-10-13 09:35:40Z" end-time="2019-10-13 09:35:40Z" duration="0.005006" total="1" passed="1" failed="0" inconclusive="0" skipped="0" asserts="5">
        <test-case id="0-1093" name="TestExprSizeofValue0" fullname="Kaitai.SpecExprSizeofValue0.TestExprSizeofValue0" methodname="TestExprSizeofValue0" classname="Kaitai.SpecExprSizeofValue0" runstate="Runnable" seed="674621534" result="Passed" start-time="2019-10-13 09:35:40Z" end-time="2019-10-13 09:35:40Z" duration="0.001173" asserts="5" />
      </test-suite>
      <test-suite type="TestFixture" id="0-1094" name="SpecExprSizeofValueSized" fullname="Kaitai.SpecExprSizeofValueSized" classname="Kaitai.SpecExprSizeofValueSized" runstate="Runnable" testcasecount="1" result="Passed" start-time="2019-10-13 09:35:40Z" end-time="2019-10-13 09:35:40Z" duration="0.004976" total="1" passed="1" failed="0" inconclusive="0" skipped="0" asserts="5">
        <test-case id="0-1095" name="TestExprSizeofValueSized" fullname="Kaitai.SpecExprSizeofValueSized.TestExprSizeofValueSized" methodname="TestExprSizeofValueSized" classname="Kaitai.SpecExprSizeofValueSized" runstate="Runnable" seed="1593544056" result="Passed" start-time="2019-10-13 09:35:40Z" end-time="2019-10-13 09:35:40Z" duration="0.001244" asserts="5" />
      </test-suite>
      <test-suite type="TestFixture" id="0-1096" name="SpecFixedContents" fullname="Kaitai.SpecFixedContents" classname="Kaitai.SpecFixedContents" runstate="Runnable" testcasecount="1" result="Passed" start-time="2019-10-13 09:35:40Z" end-time="2019-10-13 09:35:40Z" duration="0.005010" total="1" passed="1" failed="0" inconclusive="0" skipped="0" asserts="0">
        <test-case id="0-1097" name="TestFixedContents" fullname="Kaitai.SpecFixedContents.TestFixedContents" methodname="TestFixedContents" classname="Kaitai.SpecFixedContents" runstate="Runnable" seed="1408652956" result="Passed" start-time="2019-10-13 09:35:40Z" end-time="2019-10-13 09:35:40Z" duration="0.001255" asserts="0" />
      </test-suite>
      <test-suite type="TestFixture" id="0-1098" name="SpecFixedStruct" fullname="Kaitai.SpecFixedStruct" classname="Kaitai.SpecFixedStruct" runstate="Runnable" testcasecount="1" result="Passed" start-time="2019-10-13 09:35:40Z" end-time="2019-10-13 09:35:40Z" duration="0.008019" total="1" passed="1" failed="0" inconclusive="0" skipped="0" asserts="20">
        <test-case id="0-1099" name="TestFixedStruct" fullname="Kaitai.SpecFixedStruct.TestFixedStruct" methodname="TestFixedStruct" classname="Kaitai.SpecFixedStruct" runstate="Runnable" seed="2046264139" result="Passed" start-time="2019-10-13 09:35:40Z" end-time="2019-10-13 09:35:40Z" duration="0.004254" asserts="20" />
      </test-suite>
      <test-suite type="TestFixture" id="0-1102" name="SpecFloatingPoints" fullname="Kaitai.SpecFloatingPoints" classname="Kaitai.SpecFloatingPoints" runstate="Runnable" testcasecount="1" result="Passed" start-time="2019-10-13 09:35:40Z" end-time="2019-10-13 09:35:40Z" duration="0.006990" total="1" passed="1" failed="0" inconclusive="0" skipped="0" asserts="8">
        <test-case id="0-1103" name="TestFloatingPoints" fullname="Kaitai.SpecFloatingPoints.TestFloatingPoints" methodname="TestFloatingPoints" classname="Kaitai.SpecFloatingPoints" runstate="Runnable" seed="263141849" result="Passed" start-time="2019-10-13 09:35:40Z" end-time="2019-10-13 09:35:40Z" duration="0.003232" asserts="8" />
      </test-suite>
      <test-suite type="TestFixture" id="0-1100" name="SpecFloatToI" fullname="Kaitai.SpecFloatToI" classname="Kaitai.SpecFloatToI" runstate="Runnable" testcasecount="1" result="Passed" start-time="2019-10-13 09:35:40Z" end-time="2019-10-13 09:35:40Z" duration="0.005032" total="1" passed="1" failed="0" inconclusive="0" skipped="0" asserts="8">
        <test-case id="0-1101" name="TestFloatToI" fullname="Kaitai.SpecFloatToI.TestFloatToI" methodname="TestFloatToI" classname="Kaitai.SpecFloatToI" runstate="Runnable" seed="22486621" result="Passed" start-time="2019-10-13 09:35:40Z" end-time="2019-10-13 09:35:40Z" duration="0.001869" asserts="8" />
      </test-suite>
      <test-suite type="TestFixture" id="0-1104" name="SpecHelloWorld" fullname="Kaitai.SpecHelloWorld" classname="Kaitai.SpecHelloWorld" runstate="Runnable" testcasecount="1" result="Passed" start-time="2019-10-13 09:35:40Z" end-time="2019-10-13 09:35:40Z" duration="0.004005" total="1" passed="1" failed="0" inconclusive="0" skipped="0" asserts="1">
        <test-case id="0-1105" name="TestHelloWorld" fullname="Kaitai.SpecHelloWorld.TestHelloWorld" methodname="TestHelloWorld" classname="Kaitai.SpecHelloWorld" runstate="Runnable" seed="245526938" result="Passed" start-time="2019-10-13 09:35:40Z" end-time="2019-10-13 09:35:40Z" duration="0.000321" asserts="1" />
      </test-suite>
      <test-suite type="TestFixture" id="0-1106" name="SpecIfInstances" fullname="Kaitai.SpecIfInstances" classname="Kaitai.SpecIfInstances" runstate="Runnable" testcasecount="1" result="Passed" start-time="2019-10-13 09:35:40Z" end-time="2019-10-13 09:35:40Z" duration="0.005007" total="1" passed="1" failed="0" inconclusive="0" skipped="0" asserts="1">
        <test-case id="0-1107" name="TestIfInstances" fullname="Kaitai.SpecIfInstances.TestIfInstances" methodname="TestIfInstances" classname="Kaitai.SpecIfInstances" runstate="Runnable" seed="1099227946" result="Passed" start-time="2019-10-13 09:35:40Z" end-time="2019-10-13 09:35:40Z" duration="0.001099" asserts="1" />
      </test-suite>
      <test-suite type="TestFixture" id="0-1108" name="SpecIfStruct" fullname="Kaitai.SpecIfStruct" classname="Kaitai.SpecIfStruct" runstate="Runnable" testcasecount="1" result="Passed" start-time="2019-10-13 09:35:40Z" end-time="2019-10-13 09:35:40Z" duration="0.004982" total="1" passed="1" failed="0" inconclusive="0" skipped="0" asserts="7">
        <test-case id="0-1109" name="TestIfStruct" fullname="Kaitai.SpecIfStruct.TestIfStruct" methodname="TestIfStruct" classname="Kaitai.SpecIfStruct" runstate="Runnable" seed="594178182" result="Passed" start-time="2019-10-13 09:35:40Z" end-time="2019-10-13 09:35:40Z" duration="0.001869" asserts="7" />
      </test-suite>
      <test-suite type="TestFixture" id="0-1110" name="SpecIfValues" fullname="Kaitai.SpecIfValues" classname="Kaitai.SpecIfValues" runstate="Runnable" testcasecount="1" result="Passed" start-time="2019-10-13 09:35:40Z" end-time="2019-10-13 09:35:40Z" duration="0.004995" total="1" passed="1" failed="0" inconclusive="0" skipped="0" asserts="6">
        <test-case id="0-1111" name="TestIfValues" fullname="Kaitai.SpecIfValues.TestIfValues" methodname="TestIfValues" classname="Kaitai.SpecIfValues" runstate="Runnable" seed="724163032" result="Passed" start-time="2019-10-13 09:35:40Z" end-time="2019-10-13 09:35:40Z" duration="0.001439" asserts="6" />
      </test-suite>
      <test-suite type="TestFixture" id="0-1112" name="SpecImports0" fullname="Kaitai.SpecImports0" classname="Kaitai.SpecImports0" runstate="Runnable" testcasecount="1" result="Passed" start-time="2019-10-13 09:35:40Z" end-time="2019-10-13 09:35:40Z" duration="0.004005" total="1" passed="1" failed="0" inconclusive="0" skipped="0" asserts="3">
        <test-case id="0-1113" name="TestImports0" fullname="Kaitai.SpecImports0.TestImports0" methodname="TestImports0" classname="Kaitai.SpecImports0" runstate="Runnable" seed="39632448" result="Passed" start-time="2019-10-13 09:35:40Z" end-time="2019-10-13 09:35:40Z" duration="0.000803" asserts="3" />
      </test-suite>
      <test-suite type="TestFixture" id="0-1114" name="SpecImportsAbs" fullname="Kaitai.SpecImportsAbs" classname="Kaitai.SpecImportsAbs" runstate="Runnable" testcasecount="1" result="Passed" start-time="2019-10-13 09:35:40Z" end-time="2019-10-13 09:35:40Z" duration="0.006027" total="1" passed="1" failed="0" inconclusive="0" skipped="0" asserts="2">
        <test-case id="0-1115" name="TestImportsAbs" fullname="Kaitai.SpecImportsAbs.TestImportsAbs" methodname="TestImportsAbs" classname="Kaitai.SpecImportsAbs" runstate="Runnable" seed="1246550633" result="Passed" start-time="2019-10-13 09:35:40Z" end-time="2019-10-13 09:35:40Z" duration="0.002277" asserts="2" />
      </test-suite>
      <test-suite type="TestFixture" id="0-1116" name="SpecImportsCircularA" fullname="Kaitai.SpecImportsCircularA" classname="Kaitai.SpecImportsCircularA" runstate="Runnable" testcasecount="1" result="Passed" start-time="2019-10-13 09:35:40Z" end-time="2019-10-13 09:35:40Z" duration="0.005006" total="1" passed="1" failed="0" inconclusive="0" skipped="0" asserts="5">
        <test-case id="0-1117" name="TestImportsCircularA" fullname="Kaitai.SpecImportsCircularA.TestImportsCircularA" methodname="TestImportsCircularA" classname="Kaitai.SpecImportsCircularA" runstate="Runnable" seed="1091102630" result="Passed" start-time="2019-10-13 09:35:40Z" end-time="2019-10-13 09:35:40Z" duration="0.001137" asserts="5" />
      </test-suite>
      <test-suite type="TestFixture" id="0-1118" name="SpecIndexSizes" fullname="Kaitai.SpecIndexSizes" classname="Kaitai.SpecIndexSizes" runstate="Runnable" testcasecount="1" result="Passed" start-time="2019-10-13 09:35:40Z" end-time="2019-10-13 09:35:40Z" duration="0.004985" total="1" passed="1" failed="0" inconclusive="0" skipped="0" asserts="7">
        <test-case id="0-1119" name="TestIndexSizes" fullname="Kaitai.SpecIndexSizes.TestIndexSizes" methodname="TestIndexSizes" classname="Kaitai.SpecIndexSizes" runstate="Runnable" seed="2114971375" result="Passed" start-time="2019-10-13 09:35:40Z" end-time="2019-10-13 09:35:40Z" duration="0.001267" asserts="7" />
      </test-suite>
      <test-suite type="TestFixture" id="0-1120" name="SpecIndexToParamEos" fullname="Kaitai.SpecIndexToParamEos" classname="Kaitai.SpecIndexToParamEos" runstate="Runnable" testcasecount="1" result="Passed" start-time="2019-10-13 09:35:40Z" end-time="2019-10-13 09:35:40Z" duration="0.005023" total="1" passed="1" failed="0" inconclusive="0" skipped="0" asserts="7">
        <test-case id="0-1121" name="TestIndexToParamEos" fullname="Kaitai.SpecIndexToParamEos.TestIndexToParamEos" methodname="TestIndexToParamEos" classname="Kaitai.SpecIndexToParamEos" runstate="Runnable" seed="981838333" result="Passed" start-time="2019-10-13 09:35:40Z" end-time="2019-10-13 09:35:40Z" duration="0.001731" asserts="7" />
      </test-suite>
      <test-suite type="TestFixture" id="0-1122" name="SpecIndexToParamExpr" fullname="Kaitai.SpecIndexToParamExpr" classname="Kaitai.SpecIndexToParamExpr" runstate="Runnable" testcasecount="1" result="Passed" start-time="2019-10-13 09:35:40Z" end-time="2019-10-13 09:35:40Z" duration="0.005008" total="1" passed="1" failed="0" inconclusive="0" skipped="0" asserts="7">
        <test-case id="0-1123" name="TestIndexToParamExpr" fullname="Kaitai.SpecIndexToParamExpr.TestIndexToParamExpr" methodname="TestIndexToParamExpr" classname="Kaitai.SpecIndexToParamExpr" runstate="Runnable" seed="1318936176" result="Passed" start-time="2019-10-13 09:35:40Z" end-time="2019-10-13 09:35:40Z" duration="0.001751" asserts="7" />
      </test-suite>
      <test-suite type="TestFixture" id="0-1124" name="SpecIndexToParamUntil" fullname="Kaitai.SpecIndexToParamUntil" classname="Kaitai.SpecIndexToParamUntil" runstate="Runnable" testcasecount="1" result="Passed" start-time="2019-10-13 09:35:40Z" end-time="2019-10-13 09:35:40Z" duration="0.005008" total="1" passed="1" failed="0" inconclusive="0" skipped="0" asserts="7">
        <test-case id="0-1125" name="TestIndexToParamUntil" fullname="Kaitai.SpecIndexToParamUntil.TestIndexToParamUntil" methodname="TestIndexToParamUntil" classname="Kaitai.SpecIndexToParamUntil" runstate="Runnable" seed="1028347510" result="Passed" start-time="2019-10-13 09:35:40Z" end-time="2019-10-13 09:35:40Z" duration="0.001622" asserts="7" />
      </test-suite>
      <test-suite type="TestFixture" id="0-1126" name="SpecInstanceIoUser" fullname="Kaitai.SpecInstanceIoUser" classname="Kaitai.SpecInstanceIoUser" runstate="Runnable" testcasecount="1" result="Passed" start-time="2019-10-13 09:35:40Z" end-time="2019-10-13 09:35:40Z" duration="0.006018" total="1" passed="1" failed="0" inconclusive="0" skipped="0" asserts="4">
        <test-case id="0-1127" name="TestInstanceIoUser" fullname="Kaitai.SpecInstanceIoUser.TestInstanceIoUser" methodname="TestInstanceIoUser" classname="Kaitai.SpecInstanceIoUser" runstate="Runnable" seed="1367159866" result="Passed" start-time="2019-10-13 09:35:40Z" end-time="2019-10-13 09:35:40Z" duration="0.002025" asserts="4" />
      </test-suite>
      <test-suite type="TestFixture" id="0-1128" name="SpecInstanceStd" fullname="Kaitai.SpecInstanceStd" classname="Kaitai.SpecInstanceStd" runstate="Runnable" testcasecount="1" result="Passed" start-time="2019-10-13 09:35:40Z" end-time="2019-10-13 09:35:40Z" duration="0.004009" total="1" passed="1" failed="0" inconclusive="0" skipped="0" asserts="1">
        <test-case id="0-1129" name="TestInstanceStd" fullname="Kaitai.SpecInstanceStd.TestInstanceStd" methodname="TestInstanceStd" classname="Kaitai.SpecInstanceStd" runstate="Runnable" seed="2052653392" result="Passed" start-time="2019-10-13 09:35:40Z" end-time="2019-10-13 09:35:40Z" duration="0.000580" asserts="1" />
      </test-suite>
      <test-suite type="TestFixture" id="0-1130" name="SpecInstanceStdArray" fullname="Kaitai.SpecInstanceStdArray" classname="Kaitai.SpecInstanceStdArray" runstate="Runnable" testcasecount="1" result="Passed" start-time="2019-10-13 09:35:40Z" end-time="2019-10-13 09:35:40Z" duration="0.005008" total="1" passed="1" failed="0" inconclusive="0" skipped="0" asserts="7">
        <test-case id="0-1131" name="TestInstanceStdArray" fullname="Kaitai.SpecInstanceStdArray.TestInstanceStdArray" methodname="TestInstanceStdArray" classname="Kaitai.SpecInstanceStdArray" runstate="Runnable" seed="1540269838" result="Passed" start-time="2019-10-13 09:35:40Z" end-time="2019-10-13 09:35:40Z" duration="0.001383" asserts="7" />
      </test-suite>
      <test-suite type="TestFixture" id="0-1132" name="SpecInstanceUserArray" fullname="Kaitai.SpecInstanceUserArray" classname="Kaitai.SpecInstanceUserArray" runstate="Runnable" testcasecount="1" result="Passed" start-time="2019-10-13 09:35:40Z" end-time="2019-10-13 09:35:40Z" duration="0.006006" total="1" passed="1" failed="0" inconclusive="0" skipped="0" asserts="10">
        <test-case id="0-1133" name="TestInstanceUserArray" fullname="Kaitai.SpecInstanceUserArray.TestInstanceUserArray" methodname="TestInstanceUserArray" classname="Kaitai.SpecInstanceUserArray" runstate="Runnable" seed="1527223019" result="Passed" start-time="2019-10-13 09:35:40Z" end-time="2019-10-13 09:35:40Z" duration="0.002020" asserts="10" />
      </test-suite>
      <test-suite type="TestFixture" id="0-1134" name="SpecIntegers" fullname="Kaitai.SpecIntegers" classname="Kaitai.SpecIntegers" runstate="Runnable" testcasecount="1" result="Passed" start-time="2019-10-13 09:35:40Z" end-time="2019-10-13 09:35:40Z" duration="0.006982" total="1" passed="1" failed="0" inconclusive="0" skipped="0" asserts="20">
        <test-case id="0-1135" name="TestIntegers" fullname="Kaitai.SpecIntegers.TestIntegers" methodname="TestIntegers" classname="Kaitai.SpecIntegers" runstate="Runnable" seed="1413049306" result="Passed" start-time="2019-10-13 09:35:40Z" end-time="2019-10-13 09:35:40Z" duration="0.002988" asserts="20" />
      </test-suite>
      <test-suite type="TestFixture" id="0-1136" name="SpecIoLocalVar" fullname="Kaitai.SpecIoLocalVar" classname="Kaitai.SpecIoLocalVar" runstate="Runnable" testcasecount="1" result="Passed" start-time="2019-10-13 09:35:40Z" end-time="2019-10-13 09:35:40Z" duration="0.005011" total="1" passed="1" failed="0" inconclusive="0" skipped="0" asserts="2">
        <test-case id="0-1137" name="TestIoLocalVar" fullname="Kaitai.SpecIoLocalVar.TestIoLocalVar" methodname="TestIoLocalVar" classname="Kaitai.SpecIoLocalVar" runstate="Runnable" seed="1239338721" result="Passed" start-time="2019-10-13 09:35:40Z" end-time="2019-10-13 09:35:40Z" duration="0.001239" asserts="2" />
      </test-suite>
      <test-suite type="TestFixture" id="0-1138" name="SpecJsSignedRightShift" fullname="Kaitai.SpecJsSignedRightShift" classname="Kaitai.SpecJsSignedRightShift" runstate="Runnable" testcasecount="1" result="Passed" start-time="2019-10-13 09:35:40Z" end-time="2019-10-13 09:35:40Z" duration="0.004043" total="1" passed="1" failed="0" inconclusive="0" skipped="0" asserts="2">
        <test-case id="0-1139" name="TestJsSignedRightShift" fullname="Kaitai.SpecJsSignedRightShift.TestJsSignedRightShift" methodname="TestJsSignedRightShift" classname="Kaitai.SpecJsSignedRightShift" runstate="Runnable" seed="2041325538" result="Passed" start-time="2019-10-13 09:35:40Z" end-time="2019-10-13 09:35:40Z" duration="0.000619" asserts="2" />
      </test-suite>
      <test-suite type="TestFixture" id="0-1140" name="SpecMetaTags" fullname="Kaitai.SpecMetaTags" classname="Kaitai.SpecMetaTags" runstate="Runnable" testcasecount="1" result="Passed" start-time="2019-10-13 09:35:40Z" end-time="2019-10-13 09:35:40Z" duration="0.004009" total="1" passed="1" failed="0" inconclusive="0" skipped="0" asserts="0">
        <test-case id="0-1141" name="TestMetaTags" fullname="Kaitai.SpecMetaTags.TestMetaTags" methodname="TestMetaTags" classname="Kaitai.SpecMetaTags" runstate="Runnable" seed="211190982" result="Passed" start-time="2019-10-13 09:35:40Z" end-time="2019-10-13 09:35:40Z" duration="0.000424" asserts="0" />
      </test-suite>
      <test-suite type="TestFixture" id="0-1142" name="SpecMetaXref" fullname="Kaitai.SpecMetaXref" classname="Kaitai.SpecMetaXref" runstate="Runnable" testcasecount="1" result="Passed" start-time="2019-10-13 09:35:40Z" end-time="2019-10-13 09:35:40Z" duration="0.004017" total="1" passed="1" failed="0" inconclusive="0" skipped="0" asserts="0">
        <test-case id="0-1143" name="TestMetaXref" fullname="Kaitai.SpecMetaXref.TestMetaXref" methodname="TestMetaXref" classname="Kaitai.SpecMetaXref" runstate="Runnable" seed="695755580" result="Passed" start-time="2019-10-13 09:35:40Z" end-time="2019-10-13 09:35:40Z" duration="0.000378" asserts="0" />
      </test-suite>
      <test-suite type="TestFixture" id="0-1144" name="SpecMultipleUse" fullname="Kaitai.SpecMultipleUse" classname="Kaitai.SpecMultipleUse" runstate="Runnable" testcasecount="1" result="Passed" start-time="2019-10-13 09:35:40Z" end-time="2019-10-13 09:35:40Z" duration="0.005012" total="1" passed="1" failed="0" inconclusive="0" skipped="0" asserts="2">
        <test-case id="0-1145" name="TestMultipleUse" fullname="Kaitai.SpecMultipleUse.TestMultipleUse" methodname="TestMultipleUse" classname="Kaitai.SpecMultipleUse" runstate="Runnable" seed="1671714835" result="Passed" start-time="2019-10-13 09:35:40Z" end-time="2019-10-13 09:35:40Z" duration="0.001527" asserts="2" />
      </test-suite>
      <test-suite type="TestFixture" id="0-1146" name="SpecNavParent" fullname="Kaitai.SpecNavParent" classname="Kaitai.SpecNavParent" runstate="Runnable" testcasecount="1" result="Passed" start-time="2019-10-13 09:35:40Z" end-time="2019-10-13 09:35:40Z" duration="0.006009" total="1" passed="1" failed="0" inconclusive="0" skipped="0" asserts="5">
        <test-case id="0-1147" name="TestNavParent" fullname="Kaitai.SpecNavParent.TestNavParent" methodname="TestNavParent" classname="Kaitai.SpecNavParent" runstate="Runnable" seed="1963641563" result="Passed" start-time="2019-10-13 09:35:40Z" end-time="2019-10-13 09:35:40Z" duration="0.002019" asserts="5" />
      </test-suite>
      <test-suite type="TestFixture" id="0-1148" name="SpecNavParent2" fullname="Kaitai.SpecNavParent2" classname="Kaitai.SpecNavParent2" runstate="Runnable" testcasecount="1" result="Passed" start-time="2019-10-13 09:35:40Z" end-time="2019-10-13 09:35:40Z" duration="0.006005" total="1" passed="1" failed="0" inconclusive="0" skipped="0" asserts="10">
        <test-case id="0-1149" name="TestNavParent2" fullname="Kaitai.SpecNavParent2.TestNavParent2" methodname="TestNavParent2" classname="Kaitai.SpecNavParent2" runstate="Runnable" seed="642534324" result="Passed" start-time="2019-10-13 09:35:40Z" end-time="2019-10-13 09:35:40Z" duration="0.002285" asserts="10" />
      </test-suite>
      <test-suite type="TestFixture" id="0-1150" name="SpecNavParent3" fullname="Kaitai.SpecNavParent3" classname="Kaitai.SpecNavParent3" runstate="Runnable" testcasecount="1" result="Passed" start-time="2019-10-13 09:35:40Z" end-time="2019-10-13 09:35:40Z" duration="0.006003" total="1" passed="1" failed="0" inconclusive="0" skipped="0" asserts="10">
        <test-case id="0-1151" name="TestNavParent3" fullname="Kaitai.SpecNavParent3.TestNavParent3" methodname="TestNavParent3" classname="Kaitai.SpecNavParent3" runstate="Runnable" seed="754425801" result="Passed" start-time="2019-10-13 09:35:40Z" end-time="2019-10-13 09:35:40Z" duration="0.002432" asserts="10" />
      </test-suite>
      <test-suite type="TestFixture" id="0-1152" name="SpecNavParentFalse" fullname="Kaitai.SpecNavParentFalse" classname="Kaitai.SpecNavParentFalse" runstate="Runnable" testcasecount="1" result="Passed" start-time="2019-10-13 09:35:40Z" end-time="2019-10-13 09:35:40Z" duration="0.004994" total="1" passed="1" failed="0" inconclusive="0" skipped="0" asserts="5">
        <test-case id="0-1153" name="TestNavParentFalse" fullname="Kaitai.SpecNavParentFalse.TestNavParentFalse" methodname="TestNavParentFalse" classname="Kaitai.SpecNavParentFalse" runstate="Runnable" seed="1685309335" result="Passed" start-time="2019-10-13 09:35:40Z" end-time="2019-10-13 09:35:40Z" duration="0.001800" asserts="5" />
      </test-suite>
      <test-suite type="TestFixture" id="0-1154" name="SpecNavParentFalse2" fullname="Kaitai.SpecNavParentFalse2" classname="Kaitai.SpecNavParentFalse2" runstate="Runnable" testcasecount="1" result="Passed" start-time="2019-10-13 09:35:40Z" end-time="2019-10-13 09:35:40Z" duration="0.003992" total="1" passed="1" failed="0" inconclusive="0" skipped="0" asserts="1">
        <test-case id="0-1155" name="TestNavParentFalse2" fullname="Kaitai.SpecNavParentFalse2.TestNavParentFalse2" methodname="TestNavParentFalse2" classname="Kaitai.SpecNavParentFalse2" runstate="Runnable" seed="205766114" result="Passed" start-time="2019-10-13 09:35:40Z" end-time="2019-10-13 09:35:40Z" duration="0.000731" asserts="1" />
      </test-suite>
      <test-suite type="TestFixture" id="0-1156" name="SpecNavParentOverride" fullname="Kaitai.SpecNavParentOverride" classname="Kaitai.SpecNavParentOverride" runstate="Runnable" testcasecount="1" result="Passed" start-time="2019-10-13 09:35:40Z" end-time="2019-10-13 09:35:40Z" duration="0.005003" total="1" passed="1" failed="0" inconclusive="0" skipped="0" asserts="3">
        <test-case id="0-1157" name="TestNavParentOverride" fullname="Kaitai.SpecNavParentOverride.TestNavParentOverride" methodname="TestNavParentOverride" classname="Kaitai.SpecNavParentOverride" runstate="Runnable" seed="1399418778" result="Passed" start-time="2019-10-13 09:35:40Z" end-time="2019-10-13 09:35:40Z" duration="0.001396" asserts="3" />
      </test-suite>
      <test-suite type="TestFixture" id="0-1158" name="SpecNavParentSwitch" fullname="Kaitai.SpecNavParentSwitch" classname="Kaitai.SpecNavParentSwitch" runstate="Runnable" testcasecount="1" result="Passed" start-time="2019-10-13 09:35:40Z" end-time="2019-10-13 09:35:40Z" duration="0.004993" total="1" passed="1" failed="0" inconclusive="0" skipped="0" asserts="3">
        <test-case id="0-1159" name="TestNavParentSwitch" fullname="Kaitai.SpecNavParentSwitch.TestNavParentSwitch" methodname="TestNavParentSwitch" classname="Kaitai.SpecNavParentSwitch" runstate="Runnable" seed="636165312" result="Passed" start-time="2019-10-13 09:35:40Z" end-time="2019-10-13 09:35:40Z" duration="0.001327" asserts="3" />
      </test-suite>
      <test-suite type="TestFixture" id="0-1160" name="SpecNavParentVsValueInst" fullname="Kaitai.SpecNavParentVsValueInst" classname="Kaitai.SpecNavParentVsValueInst" runstate="Runnable" testcasecount="1" result="Passed" start-time="2019-10-13 09:35:40Z" end-time="2019-10-13 09:35:40Z" duration="0.004042" total="1" passed="1" failed="0" inconclusive="0" skipped="0" asserts="1">
        <test-case id="0-1161" name="TestNavParentVsValueInst" fullname="Kaitai.SpecNavParentVsValueInst.TestNavParentVsValueInst" methodname="TestNavParentVsValueInst" classname="Kaitai.SpecNavParentVsValueInst" runstate="Runnable" seed="1834403752" result="Passed" start-time="2019-10-13 09:35:40Z" end-time="2019-10-13 09:35:40Z" duration="0.000680" asserts="1" />
      </test-suite>
      <test-suite type="TestFixture" id="0-1162" name="SpecNavRoot" fullname="Kaitai.SpecNavRoot" classname="Kaitai.SpecNavRoot" runstate="Runnable" testcasecount="1" result="Passed" start-time="2019-10-13 09:35:40Z" end-time="2019-10-13 09:35:40Z" duration="0.004969" total="1" passed="1" failed="0" inconclusive="0" skipped="0" asserts="5">
        <test-case id="0-1163" name="TestNavRoot" fullname="Kaitai.SpecNavRoot.TestNavRoot" methodname="TestNavRoot" classname="Kaitai.SpecNavRoot" runstate="Runnable" seed="415063657" result="Passed" start-time="2019-10-13 09:35:40Z" end-time="2019-10-13 09:35:40Z" duration="0.001905" asserts="5" />
      </test-suite>
      <test-suite type="TestFixture" id="0-1164" name="SpecNestedSameName" fullname="Kaitai.SpecNestedSameName" classname="Kaitai.SpecNestedSameName" runstate="Runnable" testcasecount="1" result="Passed" start-time="2019-10-13 09:35:40Z" end-time="2019-10-13 09:35:40Z" duration="0.004970" total="1" passed="1" failed="0" inconclusive="0" skipped="0" asserts="2">
        <test-case id="0-1165" name="TestNestedSameName" fullname="Kaitai.SpecNestedSameName.TestNestedSameName" methodname="TestNestedSameName" classname="Kaitai.SpecNestedSameName" runstate="Runnable" seed="435378913" result="Passed" start-time="2019-10-13 09:35:40Z" end-time="2019-10-13 09:35:40Z" duration="0.001278" asserts="2" />
      </test-suite>
      <test-suite type="TestFixture" id="0-1166" name="SpecNestedSameName2" fullname="Kaitai.SpecNestedSameName2" classname="Kaitai.SpecNestedSameName2" runstate="Runnable" testcasecount="1" result="Passed" start-time="2019-10-13 09:35:40Z" end-time="2019-10-13 09:35:40Z" duration="0.006003" total="1" passed="1" failed="0" inconclusive="0" skipped="0" asserts="5">
        <test-case id="0-1167" name="TestNestedSameName2" fullname="Kaitai.SpecNestedSameName2.TestNestedSameName2" methodname="TestNestedSameName2" classname="Kaitai.SpecNestedSameName2" runstate="Runnable" seed="1343800715" result="Passed" start-time="2019-10-13 09:35:40Z" end-time="2019-10-13 09:35:40Z" duration="0.001974" asserts="5" />
      </test-suite>
      <test-suite type="TestFixture" id="0-1168" name="SpecNestedTypes" fullname="Kaitai.SpecNestedTypes" classname="Kaitai.SpecNestedTypes" runstate="Runnable" testcasecount="1" result="Passed" start-time="2019-10-13 09:35:40Z" end-time="2019-10-13 09:35:40Z" duration="0.004999" total="1" passed="1" failed="0" inconclusive="0" skipped="0" asserts="3">
        <test-case id="0-1169" name="TestNestedTypes" fullname="Kaitai.SpecNestedTypes.TestNestedTypes" methodname="TestNestedTypes" classname="Kaitai.SpecNestedTypes" runstate="Runnable" seed="355168738" result="Passed" start-time="2019-10-13 09:35:40Z" end-time="2019-10-13 09:35:40Z" duration="0.001489" asserts="3" />
      </test-suite>
      <test-suite type="TestFixture" id="0-1170" name="SpecNestedTypes2" fullname="Kaitai.SpecNestedTypes2" classname="Kaitai.SpecNestedTypes2" runstate="Runnable" testcasecount="1" result="Passed" start-time="2019-10-13 09:35:40Z" end-time="2019-10-13 09:35:40Z" duration="0.006025" total="1" passed="1" failed="0" inconclusive="0" skipped="0" asserts="7">
        <test-case id="0-1171" name="TestNestedTypes2" fullname="Kaitai.SpecNestedTypes2.TestNestedTypes2" methodname="TestNestedTypes2" classname="Kaitai.SpecNestedTypes2" runstate="Runnable" seed="142329655" result="Passed" start-time="2019-10-13 09:35:40Z" end-time="2019-10-13 09:35:40Z" duration="0.002174" asserts="7" />
      </test-suite>
      <test-suite type="TestFixture" id="0-1172" name="SpecNestedTypes3" fullname="Kaitai.SpecNestedTypes3" classname="Kaitai.SpecNestedTypes3" runstate="Runnable" testcasecount="1" result="Passed" start-time="2019-10-13 09:35:40Z" end-time="2019-10-13 09:35:40Z" duration="0.005068" total="1" passed="1" failed="0" inconclusive="0" skipped="0" asserts="5">
        <test-case id="0-1173" name="TestNestedTypes3" fullname="Kaitai.SpecNestedTypes3.TestNestedTypes3" methodname="TestNestedTypes3" classname="Kaitai.SpecNestedTypes3" runstate="Runnable" seed="61400516" result="Passed" start-time="2019-10-13 09:35:40Z" end-time="2019-10-13 09:35:40Z" duration="0.001632" asserts="5" />
      </test-suite>
      <test-suite type="TestFixture" id="0-1174" name="SpecNonStandard" fullname="Kaitai.SpecNonStandard" classname="Kaitai.SpecNonStandard" runstate="Runnable" testcasecount="1" result="Passed" start-time="2019-10-13 09:35:40Z" end-time="2019-10-13 09:35:40Z" duration="0.004011" total="1" passed="1" failed="0" inconclusive="0" skipped="0" asserts="1">
        <test-case id="0-1175" name="TestNonStandard" fullname="Kaitai.SpecNonStandard.TestNonStandard" methodname="TestNonStandard" classname="Kaitai.SpecNonStandard" runstate="Runnable" seed="1870127944" result="Passed" start-time="2019-10-13 09:35:40Z" end-time="2019-10-13 09:35:40Z" duration="0.000576" asserts="1" />
      </test-suite>
      <test-suite type="TestFixture" id="0-1176" name="SpecOpaqueExternalType" fullname="Kaitai.SpecOpaqueExternalType" classname="Kaitai.SpecOpaqueExternalType" runstate="Runnable" testcasecount="1" result="Passed" start-time="2019-10-13 09:35:40Z" end-time="2019-10-13 09:35:40Z" duration="0.005009" total="1" passed="1" failed="0" inconclusive="0" skipped="0" asserts="3">
        <test-case id="0-1177" name="TestOpaqueExternalType" fullname="Kaitai.SpecOpaqueExternalType.TestOpaqueExternalType" methodname="TestOpaqueExternalType" classname="Kaitai.SpecOpaqueExternalType" runstate="Runnable" seed="1177006350" result="Passed" start-time="2019-10-13 09:35:40Z" end-time="2019-10-13 09:35:40Z" duration="0.001028" asserts="3" />
      </test-suite>
      <test-suite type="TestFixture" id="0-1178" name="SpecOpaqueExternalType02Parent" fullname="Kaitai.SpecOpaqueExternalType02Parent" classname="Kaitai.SpecOpaqueExternalType02Parent" runstate="Runnable" testcasecount="1" result="Passed" start-time="2019-10-13 09:35:40Z" end-time="2019-10-13 09:35:40Z" duration="0.005017" total="1" passed="1" failed="0" inconclusive="0" skipped="0" asserts="3">
        <test-case id="0-1179" name="TestOpaqueExternalType02Parent" fullname="Kaitai.SpecOpaqueExternalType02Parent.TestOpaqueExternalType02Parent" methodname="TestOpaqueExternalType02Parent" classname="Kaitai.SpecOpaqueExternalType02Parent" runstate="Runnable" seed="2031092066" result="Passed" start-time="2019-10-13 09:35:40Z" end-time="2019-10-13 09:35:40Z" duration="0.001557" asserts="3" />
      </test-suite>
      <test-suite type="TestFixture" id="0-1180" name="SpecOpaqueWithParam" fullname="Kaitai.SpecOpaqueWithParam" classname="Kaitai.SpecOpaqueWithParam" runstate="Runnable" testcasecount="1" result="Passed" start-time="2019-10-13 09:35:40Z" end-time="2019-10-13 09:35:40Z" duration="0.005001" total="1" passed="1" failed="0" inconclusive="0" skipped="0" asserts="2">
        <test-case id="0-1181" name="TestOpaqueWithParam" fullname="Kaitai.SpecOpaqueWithParam.TestOpaqueWithParam" methodname="TestOpaqueWithParam" classname="Kaitai.SpecOpaqueWithParam" runstate="Runnable" seed="1736955700" result="Passed" start-time="2019-10-13 09:35:40Z" end-time="2019-10-13 09:35:40Z" duration="0.001136" asserts="2" />
      </test-suite>
      <test-suite type="TestFixture" id="0-1182" name="SpecOptionalId" fullname="Kaitai.SpecOptionalId" classname="Kaitai.SpecOptionalId" runstate="Runnable" testcasecount="1" result="Passed" start-time="2019-10-13 09:35:40Z" end-time="2019-10-13 09:35:40Z" duration="0.004007" total="1" passed="1" failed="0" inconclusive="0" skipped="0" asserts="3">
        <test-case id="0-1183" name="TestOptionalId" fullname="Kaitai.SpecOptionalId.TestOptionalId" methodname="TestOptionalId" classname="Kaitai.SpecOptionalId" runstate="Runnable" seed="1483572647" result="Passed" start-time="2019-10-13 09:35:40Z" end-time="2019-10-13 09:35:40Z" duration="0.000747" asserts="3" />
      </test-suite>
      <test-suite type="TestFixture" id="0-1184" name="SpecParamsCallShort" fullname="Kaitai.SpecParamsCallShort" classname="Kaitai.SpecParamsCallShort" runstate="Runnable" testcasecount="1" result="Passed" start-time="2019-10-13 09:35:40Z" end-time="2019-10-13 09:35:40Z" duration="0.005008" total="1" passed="1" failed="0" inconclusive="0" skipped="0" asserts="3">
        <test-case id="0-1185" name="TestParamsCallShort" fullname="Kaitai.SpecParamsCallShort.TestParamsCallShort" methodname="TestParamsCallShort" classname="Kaitai.SpecParamsCallShort" runstate="Runnable" seed="521675128" result="Passed" start-time="2019-10-13 09:35:40Z" end-time="2019-10-13 09:35:40Z" duration="0.001534" asserts="3" />
      </test-suite>
      <test-suite type="TestFixture" id="0-1186" name="SpecParamsDef" fullname="Kaitai.SpecParamsDef" classname="Kaitai.SpecParamsDef" runstate="Runnable" testcasecount="1" result="Passed" start-time="2019-10-13 09:35:40Z" end-time="2019-10-13 09:35:40Z" duration="0.004013" total="1" passed="1" failed="0" inconclusive="0" skipped="0" asserts="2">
        <test-case id="0-1187" name="TestParamsDef" fullname="Kaitai.SpecParamsDef.TestParamsDef" methodname="TestParamsDef" classname="Kaitai.SpecParamsDef" runstate="Runnable" seed="1719456031" result="Passed" start-time="2019-10-13 09:35:40Z" end-time="2019-10-13 09:35:40Z" duration="0.000289" asserts="2" />
      </test-suite>
      <test-suite type="TestFixture" id="0-1188" name="SpecParamsEnum" fullname="Kaitai.SpecParamsEnum" classname="Kaitai.SpecParamsEnum" runstate="Runnable" testcasecount="1" result="Passed" start-time="2019-10-13 09:35:40Z" end-time="2019-10-13 09:35:40Z" duration="0.005004" total="1" passed="1" failed="0" inconclusive="0" skipped="0" asserts="2">
        <test-case id="0-1189" name="TestParamsEnum" fullname="Kaitai.SpecParamsEnum.TestParamsEnum" methodname="TestParamsEnum" classname="Kaitai.SpecParamsEnum" runstate="Runnable" seed="664436026" result="Passed" start-time="2019-10-13 09:35:40Z" end-time="2019-10-13 09:35:40Z" duration="0.001047" asserts="2" />
      </test-suite>
      <test-suite type="TestFixture" id="0-1190" name="SpecParamsPassUsertype" fullname="Kaitai.SpecParamsPassUsertype" classname="Kaitai.SpecParamsPassUsertype" runstate="Runnable" testcasecount="1" result="Passed" start-time="2019-10-13 09:35:40Z" end-time="2019-10-13 09:35:40Z" duration="0.005012" total="1" passed="1" failed="0" inconclusive="0" skipped="0" asserts="2">
        <test-case id="0-1191" name="TestParamsPassUsertype" fullname="Kaitai.SpecParamsPassUsertype.TestParamsPassUsertype" methodname="TestParamsPassUsertype" classname="Kaitai.SpecParamsPassUsertype" runstate="Runnable" seed="1773646968" result="Passed" start-time="2019-10-13 09:35:40Z" end-time="2019-10-13 09:35:40Z" duration="0.001181" asserts="2" />
      </test-suite>
      <test-suite type="TestFixture" id="0-1192" name="SpecPositionAbs" fullname="Kaitai.SpecPositionAbs" classname="Kaitai.SpecPositionAbs" runstate="Runnable" testcasecount="1" result="Passed" start-time="2019-10-13 09:35:40Z" end-time="2019-10-13 09:35:40Z" duration="0.004960" total="1" passed="1" failed="0" inconclusive="0" skipped="0" asserts="2">
        <test-case id="0-1193" name="TestPositionAbs" fullname="Kaitai.SpecPositionAbs.TestPositionAbs" methodname="TestPositionAbs" classname="Kaitai.SpecPositionAbs" runstate="Runnable" seed="585756824" result="Passed" start-time="2019-10-13 09:35:40Z" end-time="2019-10-13 09:35:40Z" duration="0.001030" asserts="2" />
      </test-suite>
      <test-suite type="TestFixture" id="0-1194" name="SpecPositionInSeq" fullname="Kaitai.SpecPositionInSeq" classname="Kaitai.SpecPositionInSeq" runstate="Runnable" testcasecount="1" result="Passed" start-time="2019-10-13 09:35:40Z" end-time="2019-10-13 09:35:40Z" duration="0.004959" total="1" passed="1" failed="0" inconclusive="0" skipped="0" asserts="1">
        <test-case id="0-1195" name="TestPositionInSeq" fullname="Kaitai.SpecPositionInSeq.TestPositionInSeq" methodname="TestPositionInSeq" classname="Kaitai.SpecPositionInSeq" runstate="Runnable" seed="1848359420" result="Passed" start-time="2019-10-13 09:35:40Z" end-time="2019-10-13 09:35:40Z" duration="0.001383" asserts="1" />
      </test-suite>
      <test-suite type="TestFixture" id="0-1196" name="SpecPositionToEnd" fullname="Kaitai.SpecPositionToEnd" classname="Kaitai.SpecPositionToEnd" runstate="Runnable" testcasecount="1" result="Passed" start-time="2019-10-13 09:35:40Z" end-time="2019-10-13 09:35:40Z" duration="0.005015" total="1" passed="1" failed="0" inconclusive="0" skipped="0" asserts="2">
        <test-case id="0-1197" name="TestPositionToEnd" fullname="Kaitai.SpecPositionToEnd.TestPositionToEnd" methodname="TestPositionToEnd" classname="Kaitai.SpecPositionToEnd" runstate="Runnable" seed="391142178" result="Passed" start-time="2019-10-13 09:35:40Z" end-time="2019-10-13 09:35:40Z" duration="0.001007" asserts="2" />
      </test-suite>
      <test-suite type="TestFixture" id="0-1198" name="SpecProcessCoerceBytes" fullname="Kaitai.SpecProcessCoerceBytes" classname="Kaitai.SpecProcessCoerceBytes" runstate="Runnable" testcasecount="1" result="Passed" start-time="2019-10-13 09:35:40Z" end-time="2019-10-13 09:35:40Z" duration="0.004965" total="1" passed="1" failed="0" inconclusive="0" skipped="0" asserts="4">
        <test-case id="0-1199" name="TestProcessCoerceBytes" fullname="Kaitai.SpecProcessCoerceBytes.TestProcessCoerceBytes" methodname="TestProcessCoerceBytes" classname="Kaitai.SpecProcessCoerceBytes" runstate="Runnable" seed="449287217" result="Passed" start-time="2019-10-13 09:35:40Z" end-time="2019-10-13 09:35:40Z" duration="0.001910" asserts="4" />
      </test-suite>
      <test-suite type="TestFixture" id="0-1200" name="SpecProcessCoerceSwitch" fullname="Kaitai.SpecProcessCoerceSwitch" classname="Kaitai.SpecProcessCoerceSwitch" runstate="Runnable" testcasecount="1" result="Passed" start-time="2019-10-13 09:35:40Z" end-time="2019-10-13 09:35:40Z" duration="0.004997" total="1" passed="1" failed="0" inconclusive="0" skipped="0" asserts="3">
        <test-case id="0-1201" name="TestProcessCoerceSwitch" fullname="Kaitai.SpecProcessCoerceSwitch.TestProcessCoerceSwitch" methodname="TestProcessCoerceSwitch" classname="Kaitai.SpecProcessCoerceSwitch" runstate="Runnable" seed="818721777" result="Passed" start-time="2019-10-13 09:35:40Z" end-time="2019-10-13 09:35:40Z" duration="0.001633" asserts="3" />
      </test-suite>
      <test-suite type="TestFixture" id="0-1202" name="SpecProcessCoerceUsertype1" fullname="Kaitai.SpecProcessCoerceUsertype1" classname="Kaitai.SpecProcessCoerceUsertype1" runstate="Runnable" testcasecount="1" result="Passed" start-time="2019-10-13 09:35:40Z" end-time="2019-10-13 09:35:40Z" duration="0.005024" total="1" passed="1" failed="0" inconclusive="0" skipped="0" asserts="4">
        <test-case id="0-1203" name="TestProcessCoerceUsertype1" fullname="Kaitai.SpecProcessCoerceUsertype1.TestProcessCoerceUsertype1" methodname="TestProcessCoerceUsertype1" classname="Kaitai.SpecProcessCoerceUsertype1" runstate="Runnable" seed="714992611" result="Passed" start-time="2019-10-13 09:35:40Z" end-time="2019-10-13 09:35:40Z" duration="0.001771" asserts="4" />
      </test-suite>
      <test-suite type="TestFixture" id="0-1204" name="SpecProcessCoerceUsertype2" fullname="Kaitai.SpecProcessCoerceUsertype2" classname="Kaitai.SpecProcessCoerceUsertype2" runstate="Runnable" testcasecount="1" result="Passed" start-time="2019-10-13 09:35:40Z" end-time="2019-10-13 09:35:40Z" duration="0.004961" total="1" passed="1" failed="0" inconclusive="0" skipped="0" asserts="4">
        <test-case id="0-1205" name="TestProcessCoerceUsertype2" fullname="Kaitai.SpecProcessCoerceUsertype2.TestProcessCoerceUsertype2" methodname="TestProcessCoerceUsertype2" classname="Kaitai.SpecProcessCoerceUsertype2" runstate="Runnable" seed="1650401532" result="Passed" start-time="2019-10-13 09:35:40Z" end-time="2019-10-13 09:35:40Z" duration="0.001706" asserts="4" />
      </test-suite>
      <test-suite type="TestFixture" id="0-1206" name="SpecProcessCustom" fullname="Kaitai.SpecProcessCustom" classname="Kaitai.SpecProcessCustom" runstate="Runnable" testcasecount="1" result="Passed" start-time="2019-10-13 09:35:40Z" end-time="2019-10-13 09:35:40Z" duration="0.004997" total="1" passed="1" failed="0" inconclusive="0" skipped="0" asserts="3">
        <test-case id="0-1207" name="TestProcessCustom" fullname="Kaitai.SpecProcessCustom.TestProcessCustom" methodname="TestProcessCustom" classname="Kaitai.SpecProcessCustom" runstate="Runnable" seed="1659133214" result="Passed" start-time="2019-10-13 09:35:40Z" end-time="2019-10-13 09:35:40Z" duration="0.001520" asserts="3" />
      </test-suite>
      <test-suite type="TestFixture" id="0-1208" name="SpecProcessRotate" fullname="Kaitai.SpecProcessRotate" classname="Kaitai.SpecProcessRotate" runstate="Runnable" testcasecount="1" result="Passed" start-time="2019-10-13 09:35:40Z" end-time="2019-10-13 09:35:40Z" duration="0.005025" total="1" passed="1" failed="0" inconclusive="0" skipped="0" asserts="3">
        <test-case id="0-1209" name="TestProcessRotate" fullname="Kaitai.SpecProcessRotate.TestProcessRotate" methodname="TestProcessRotate" classname="Kaitai.SpecProcessRotate" runstate="Runnable" seed="1096589275" result="Passed" start-time="2019-10-13 09:35:40Z" end-time="2019-10-13 09:35:40Z" duration="0.001516" asserts="3" />
      </test-suite>
      <test-suite type="TestFixture" id="0-1210" name="SpecProcessToUser" fullname="Kaitai.SpecProcessToUser" classname="Kaitai.SpecProcessToUser" runstate="Runnable" testcasecount="1" result="Passed" start-time="2019-10-13 09:35:40Z" end-time="2019-10-13 09:35:40Z" duration="0.003985" total="1" passed="1" failed="0" inconclusive="0" skipped="0" asserts="1">
        <test-case id="0-1211" name="TestProcessToUser" fullname="Kaitai.SpecProcessToUser.TestProcessToUser" methodname="TestProcessToUser" classname="Kaitai.SpecProcessToUser" runstate="Runnable" seed="892967037" result="Passed" start-time="2019-10-13 09:35:40Z" end-time="2019-10-13 09:35:40Z" duration="0.000805" asserts="1" />
      </test-suite>
      <test-suite type="TestFixture" id="0-1212" name="SpecProcessXor4Const" fullname="Kaitai.SpecProcessXor4Const" classname="Kaitai.SpecProcessXor4Const" runstate="Runnable" testcasecount="1" result="Passed" start-time="2019-10-13 09:35:40Z" end-time="2019-10-13 09:35:40Z" duration="0.005020" total="1" passed="1" failed="0" inconclusive="0" skipped="0" asserts="2">
        <test-case id="0-1213" name="TestProcessXor4Const" fullname="Kaitai.SpecProcessXor4Const.TestProcessXor4Const" methodname="TestProcessXor4Const" classname="Kaitai.SpecProcessXor4Const" runstate="Runnable" seed="634895277" result="Passed" start-time="2019-10-13 09:35:40Z" end-time="2019-10-13 09:35:40Z" duration="0.001077" asserts="2" />
      </test-suite>
      <test-suite type="TestFixture" id="0-1214" name="SpecProcessXor4Value" fullname="Kaitai.SpecProcessXor4Value" classname="Kaitai.SpecProcessXor4Value" runstate="Runnable" testcasecount="1" result="Passed" start-time="2019-10-13 09:35:40Z" end-time="2019-10-13 09:35:40Z" duration="0.004005" total="1" passed="1" failed="0" inconclusive="0" skipped="0" asserts="2">
        <test-case id="0-1215" name="TestProcessXor4Value" fullname="Kaitai.SpecProcessXor4Value.TestProcessXor4Value" methodname="TestProcessXor4Value" classname="Kaitai.SpecProcessXor4Value" runstate="Runnable" seed="936512401" result="Passed" start-time="2019-10-13 09:35:40Z" end-time="2019-10-13 09:35:40Z" duration="0.000725" asserts="2" />
      </test-suite>
      <test-suite type="TestFixture" id="0-1216" name="SpecProcessXorConst" fullname="Kaitai.SpecProcessXorConst" classname="Kaitai.SpecProcessXorConst" runstate="Runnable" testcasecount="1" result="Passed" start-time="2019-10-13 09:35:40Z" end-time="2019-10-13 09:35:40Z" duration="0.004009" total="1" passed="1" failed="0" inconclusive="0" skipped="0" asserts="2">
        <test-case id="0-1217" name="TestProcessXorConst" fullname="Kaitai.SpecProcessXorConst.TestProcessXorConst" methodname="TestProcessXorConst" classname="Kaitai.SpecProcessXorConst" runstate="Runnable" seed="1482621217" result="Passed" start-time="2019-10-13 09:35:40Z" end-time="2019-10-13 09:35:40Z" duration="0.000658" asserts="2" />
      </test-suite>
      <test-suite type="TestFixture" id="0-1218" name="SpecProcessXorValue" fullname="Kaitai.SpecProcessXorValue" classname="Kaitai.SpecProcessXorValue" runstate="Runnable" testcasecount="1" result="Passed" start-time="2019-10-13 09:35:40Z" end-time="2019-10-13 09:35:40Z" duration="0.004017" total="1" passed="1" failed="0" inconclusive="0" skipped="0" asserts="2">
        <test-case id="0-1219" name="TestProcessXorValue" fullname="Kaitai.SpecProcessXorValue.TestProcessXorValue" methodname="TestProcessXorValue" classname="Kaitai.SpecProcessXorValue" runstate="Runnable" seed="247974478" result="Passed" start-time="2019-10-13 09:35:40Z" end-time="2019-10-13 09:35:40Z" duration="0.000683" asserts="2" />
      </test-suite>
      <test-suite type="TestFixture" id="0-1220" name="SpecRecursiveOne" fullname="Kaitai.SpecRecursiveOne" classname="Kaitai.SpecRecursiveOne" runstate="Runnable" testcasecount="1" result="Passed" start-time="2019-10-13 09:35:40Z" end-time="2019-10-13 09:35:40Z" duration="0.005007" total="1" passed="1" failed="0" inconclusive="0" skipped="0" asserts="4">
        <test-case id="0-1221" name="TestRecursiveOne" fullname="Kaitai.SpecRecursiveOne.TestRecursiveOne" methodname="TestRecursiveOne" classname="Kaitai.SpecRecursiveOne" runstate="Runnable" seed="528753402" result="Passed" start-time="2019-10-13 09:35:40Z" end-time="2019-10-13 09:35:40Z" duration="0.001163" asserts="4" />
      </test-suite>
      <test-suite type="TestFixture" id="0-1222" name="SpecRepeatEosBit" fullname="Kaitai.SpecRepeatEosBit" classname="Kaitai.SpecRepeatEosBit" runstate="Runnable" testcasecount="1" result="Passed" start-time="2019-10-13 09:35:40Z" end-time="2019-10-13 09:35:40Z" duration="0.004006" total="1" passed="1" failed="0" inconclusive="0" skipped="0" asserts="1">
        <test-case id="0-1223" name="TestRepeatEosBit" fullname="Kaitai.SpecRepeatEosBit.TestRepeatEosBit" methodname="TestRepeatEosBit" classname="Kaitai.SpecRepeatEosBit" runstate="Runnable" seed="695025943" result="Passed" start-time="2019-10-13 09:35:40Z" end-time="2019-10-13 09:35:40Z" duration="0.000669" asserts="1" />
      </test-suite>
      <test-suite type="TestFixture" id="0-1224" name="SpecRepeatEosStruct" fullname="Kaitai.SpecRepeatEosStruct" classname="Kaitai.SpecRepeatEosStruct" runstate="Runnable" testcasecount="1" result="Passed" start-time="2019-10-13 09:35:40Z" end-time="2019-10-13 09:35:40Z" duration="0.005016" total="1" passed="1" failed="0" inconclusive="0" skipped="0" asserts="5">
        <test-case id="0-1225" name="TestRepeatEosStruct" fullname="Kaitai.SpecRepeatEosStruct.TestRepeatEosStruct" methodname="TestRepeatEosStruct" classname="Kaitai.SpecRepeatEosStruct" runstate="Runnable" seed="661994853" result="Passed" start-time="2019-10-13 09:35:40Z" end-time="2019-10-13 09:35:40Z" duration="0.001293" asserts="5" />
      </test-suite>
      <test-suite type="TestFixture" id="0-1226" name="SpecRepeatEosU4" fullname="Kaitai.SpecRepeatEosU4" classname="Kaitai.SpecRepeatEosU4" runstate="Runnable" testcasecount="1" result="Passed" start-time="2019-10-13 09:35:40Z" end-time="2019-10-13 09:35:40Z" duration="0.003989" total="1" passed="1" failed="0" inconclusive="0" skipped="0" asserts="1">
        <test-case id="0-1227" name="TestRepeatEosU4" fullname="Kaitai.SpecRepeatEosU4.TestRepeatEosU4" methodname="TestRepeatEosU4" classname="Kaitai.SpecRepeatEosU4" runstate="Runnable" seed="1420740237" result="Passed" start-time="2019-10-13 09:35:40Z" end-time="2019-10-13 09:35:40Z" duration="0.000807" asserts="1" />
      </test-suite>
      <test-suite type="TestFixture" id="0-1228" name="SpecRepeatNStruct" fullname="Kaitai.SpecRepeatNStruct" classname="Kaitai.SpecRepeatNStruct" runstate="Runnable" testcasecount="1" result="Passed" start-time="2019-10-13 09:35:40Z" end-time="2019-10-13 09:35:40Z" duration="0.005005" total="1" passed="1" failed="0" inconclusive="0" skipped="0" asserts="5">
        <test-case id="0-1229" name="TestRepeatNStruct" fullname="Kaitai.SpecRepeatNStruct.TestRepeatNStruct" methodname="TestRepeatNStruct" classname="Kaitai.SpecRepeatNStruct" runstate="Runnable" seed="1571308678" result="Passed" start-time="2019-10-13 09:35:40Z" end-time="2019-10-13 09:35:40Z" duration="0.001345" asserts="5" />
      </test-suite>
      <test-suite type="TestFixture" id="0-1230" name="SpecRepeatNStrz" fullname="Kaitai.SpecRepeatNStrz" classname="Kaitai.SpecRepeatNStrz" runstate="Runnable" testcasecount="1" result="Passed" start-time="2019-10-13 09:35:40Z" end-time="2019-10-13 09:35:40Z" duration="0.003983" total="1" passed="1" failed="0" inconclusive="0" skipped="0" asserts="2">
        <test-case id="0-1231" name="TestRepeatNStrz" fullname="Kaitai.SpecRepeatNStrz.TestRepeatNStrz" methodname="TestRepeatNStrz" classname="Kaitai.SpecRepeatNStrz" runstate="Runnable" seed="2027185752" result="Passed" start-time="2019-10-13 09:35:40Z" end-time="2019-10-13 09:35:40Z" duration="0.000856" asserts="2" />
      </test-suite>
      <test-suite type="TestFixture" id="0-1232" name="SpecRepeatNStrzDouble" fullname="Kaitai.SpecRepeatNStrzDouble" classname="Kaitai.SpecRepeatNStrzDouble" runstate="Runnable" testcasecount="1" result="Passed" start-time="2019-10-13 09:35:40Z" end-time="2019-10-13 09:35:40Z" duration="0.005007" total="1" passed="1" failed="0" inconclusive="0" skipped="0" asserts="3">
        <test-case id="0-1233" name="TestRepeatNStrzDouble" fullname="Kaitai.SpecRepeatNStrzDouble.TestRepeatNStrzDouble" methodname="TestRepeatNStrzDouble" classname="Kaitai.SpecRepeatNStrzDouble" runstate="Runnable" seed="1048093415" result="Passed" start-time="2019-10-13 09:35:40Z" end-time="2019-10-13 09:35:40Z" duration="0.001209" asserts="3" />
      </test-suite>
      <test-suite type="TestFixture" id="0-1234" name="SpecRepeatUntilComplex" fullname="Kaitai.SpecRepeatUntilComplex" classname="Kaitai.SpecRepeatUntilComplex" runstate="Runnable" testcasecount="1" result="Passed" start-time="2019-10-13 09:35:40Z" end-time="2019-10-13 09:35:40Z" duration="0.008023" total="1" passed="1" failed="0" inconclusive="0" skipped="0" asserts="17">
        <test-case id="0-1235" name="TestRepeatUntilComplex" fullname="Kaitai.SpecRepeatUntilComplex.TestRepeatUntilComplex" methodname="TestRepeatUntilComplex" classname="Kaitai.SpecRepeatUntilComplex" runstate="Runnable" seed="1890465081" result="Passed" start-time="2019-10-13 09:35:40Z" end-time="2019-10-13 09:35:40Z" duration="0.004031" asserts="17" />
      </test-suite>
      <test-suite type="TestFixture" id="0-1236" name="SpecRepeatUntilS4" fullname="Kaitai.SpecRepeatUntilS4" classname="Kaitai.SpecRepeatUntilS4" runstate="Runnable" testcasecount="1" result="Passed" start-time="2019-10-13 09:35:40Z" end-time="2019-10-13 09:35:40Z" duration="0.005037" total="1" passed="1" failed="0" inconclusive="0" skipped="0" asserts="2">
        <test-case id="0-1237" name="TestRepeatUntilS4" fullname="Kaitai.SpecRepeatUntilS4.TestRepeatUntilS4" methodname="TestRepeatUntilS4" classname="Kaitai.SpecRepeatUntilS4" runstate="Runnable" seed="1754689016" result="Passed" start-time="2019-10-13 09:35:40Z" end-time="2019-10-13 09:35:40Z" duration="0.000970" asserts="2" />
      </test-suite>
      <test-suite type="TestFixture" id="0-1238" name="SpecRepeatUntilSized" fullname="Kaitai.SpecRepeatUntilSized" classname="Kaitai.SpecRepeatUntilSized" runstate="Runnable" testcasecount="1" result="Passed" start-time="2019-10-13 09:35:40Z" end-time="2019-10-13 09:35:40Z" duration="0.005059" total="1" passed="1" failed="0" inconclusive="0" skipped="0" asserts="7">
        <test-case id="0-1239" name="TestRepeatUntilSized" fullname="Kaitai.SpecRepeatUntilSized.TestRepeatUntilSized" methodname="TestRepeatUntilSized" classname="Kaitai.SpecRepeatUntilSized" runstate="Runnable" seed="2126209205" result="Passed" start-time="2019-10-13 09:35:40Z" end-time="2019-10-13 09:35:40Z" duration="0.001490" asserts="7" />
      </test-suite>
      <test-suite type="TestFixture" id="0-1240" name="SpecStrEncodings" fullname="Kaitai.SpecStrEncodings" classname="Kaitai.SpecStrEncodings" runstate="Runnable" testcasecount="1" result="Passed" start-time="2019-10-13 09:35:40Z" end-time="2019-10-13 09:35:40Z" duration="0.004989" total="1" passed="1" failed="0" inconclusive="0" skipped="0" asserts="4">
        <test-case id="0-1241" name="TestStrEncodings" fullname="Kaitai.SpecStrEncodings.TestStrEncodings" methodname="TestStrEncodings" classname="Kaitai.SpecStrEncodings" runstate="Runnable" seed="2051713655" result="Passed" start-time="2019-10-13 09:35:40Z" end-time="2019-10-13 09:35:40Z" duration="0.001472" asserts="4" />
      </test-suite>
      <test-suite type="TestFixture" id="0-1242" name="SpecStrEncodingsDefault" fullname="Kaitai.SpecStrEncodingsDefault" classname="Kaitai.SpecStrEncodingsDefault" runstate="Runnable" testcasecount="1" result="Passed" start-time="2019-10-13 09:35:40Z" end-time="2019-10-13 09:35:41Z" duration="0.005011" total="1" passed="1" failed="0" inconclusive="0" skipped="0" asserts="4">
        <test-case id="0-1243" name="TestStrEncodingsDefault" fullname="Kaitai.SpecStrEncodingsDefault.TestStrEncodingsDefault" methodname="TestStrEncodingsDefault" classname="Kaitai.SpecStrEncodingsDefault" runstate="Runnable" seed="1518883803" result="Passed" start-time="2019-10-13 09:35:40Z" end-time="2019-10-13 09:35:40Z" duration="0.001535" asserts="4" />
      </test-suite>
      <test-suite type="TestFixture" id="0-1244" name="SpecStrEos" fullname="Kaitai.SpecStrEos" classname="Kaitai.SpecStrEos" runstate="Runnable" testcasecount="1" result="Passed" start-time="2019-10-13 09:35:41Z" end-time="2019-10-13 09:35:41Z" duration="0.004025" total="1" passed="1" failed="0" inconclusive="0" skipped="0" asserts="1">
        <test-case id="0-1245" name="TestStrEos" fullname="Kaitai.SpecStrEos.TestStrEos" methodname="TestStrEos" classname="Kaitai.SpecStrEos" runstate="Runnable" seed="1807442629" result="Passed" start-time="2019-10-13 09:35:41Z" end-time="2019-10-13 09:35:41Z" duration="0.000528" asserts="1" />
      </test-suite>
      <test-suite type="TestFixture" id="0-1246" name="SpecStrLiterals" fullname="Kaitai.SpecStrLiterals" classname="Kaitai.SpecStrLiterals" runstate="Runnable" testcasecount="1" result="Passed" start-time="2019-10-13 09:35:41Z" end-time="2019-10-13 09:35:41Z" duration="0.010011" total="1" passed="1" failed="0" inconclusive="0" skipped="0" asserts="5">
        <test-case id="0-1247" name="TestStrLiterals" fullname="Kaitai.SpecStrLiterals.TestStrLiterals" methodname="TestStrLiterals" classname="Kaitai.SpecStrLiterals" runstate="Runnable" seed="379202561" result="Passed" start-time="2019-10-13 09:35:41Z" end-time="2019-10-13 09:35:41Z" duration="0.006773" asserts="5" />
      </test-suite>
      <test-suite type="TestFixture" id="0-1248" name="SpecStrLiterals2" fullname="Kaitai.SpecStrLiterals2" classname="Kaitai.SpecStrLiterals2" runstate="Runnable" testcasecount="1" result="Passed" start-time="2019-10-13 09:35:41Z" end-time="2019-10-13 09:35:41Z" duration="0.004015" total="1" passed="1" failed="0" inconclusive="0" skipped="0" asserts="4">
        <test-case id="0-1249" name="TestStrLiterals2" fullname="Kaitai.SpecStrLiterals2.TestStrLiterals2" methodname="TestStrLiterals2" classname="Kaitai.SpecStrLiterals2" runstate="Runnable" seed="274842606" result="Passed" start-time="2019-10-13 09:35:41Z" end-time="2019-10-13 09:35:41Z" duration="0.000775" asserts="4" />
      </test-suite>
      <test-suite type="TestFixture" id="0-1250" name="SpecStrPadTerm" fullname="Kaitai.SpecStrPadTerm" classname="Kaitai.SpecStrPadTerm" runstate="Runnable" testcasecount="1" result="Passed" start-time="2019-10-13 09:35:41Z" end-time="2019-10-13 09:35:41Z" duration="0.003984" total="1" passed="1" failed="0" inconclusive="0" skipped="0" asserts="4">
        <test-case id="0-1251" name="TestStrPadTerm" fullname="Kaitai.SpecStrPadTerm.TestStrPadTerm" methodname="TestStrPadTerm" classname="Kaitai.SpecStrPadTerm" runstate="Runnable" seed="1136309067" result="Passed" start-time="2019-10-13 09:35:41Z" end-time="2019-10-13 09:35:41Z" duration="0.000948" asserts="4" />
      </test-suite>
      <test-suite type="TestFixture" id="0-1252" name="SpecStrPadTermEmpty" fullname="Kaitai.SpecStrPadTermEmpty" classname="Kaitai.SpecStrPadTermEmpty" runstate="Runnable" testcasecount="1" result="Passed" start-time="2019-10-13 09:35:41Z" end-time="2019-10-13 09:35:41Z" duration="0.003998" total="1" passed="1" failed="0" inconclusive="0" skipped="0" asserts="4">
        <test-case id="0-1253" name="TestStrPadTermEmpty" fullname="Kaitai.SpecStrPadTermEmpty.TestStrPadTermEmpty" methodname="TestStrPadTermEmpty" classname="Kaitai.SpecStrPadTermEmpty" runstate="Runnable" seed="888992224" result="Passed" start-time="2019-10-13 09:35:41Z" end-time="2019-10-13 09:35:41Z" duration="0.000935" asserts="4" />
      </test-suite>
      <test-suite type="TestFixture" id="0-1254" name="SpecSwitchBytearray" fullname="Kaitai.SpecSwitchBytearray" classname="Kaitai.SpecSwitchBytearray" runstate="Runnable" testcasecount="1" result="Passed" start-time="2019-10-13 09:35:41Z" end-time="2019-10-13 09:35:41Z" duration="0.006005" total="1" passed="1" failed="0" inconclusive="0" skipped="0" asserts="9">
        <test-case id="0-1255" name="TestSwitchBytearray" fullname="Kaitai.SpecSwitchBytearray.TestSwitchBytearray" methodname="TestSwitchBytearray" classname="Kaitai.SpecSwitchBytearray" runstate="Runnable" seed="2042975034" result="Passed" start-time="2019-10-13 09:35:41Z" end-time="2019-10-13 09:35:41Z" duration="0.002159" asserts="9" />
      </test-suite>
      <test-suite type="TestFixture" id="0-1256" name="SpecSwitchCast" fullname="Kaitai.SpecSwitchCast" classname="Kaitai.SpecSwitchCast" runstate="Runnable" testcasecount="1" result="Passed" start-time="2019-10-13 09:35:41Z" end-time="2019-10-13 09:35:41Z" duration="0.008008" total="1" passed="1" failed="0" inconclusive="0" skipped="0" asserts="3">
        <test-case id="0-1257" name="TestSwitchCast" fullname="Kaitai.SpecSwitchCast.TestSwitchCast" methodname="TestSwitchCast" classname="Kaitai.SpecSwitchCast" runstate="Runnable" seed="447963238" result="Passed" start-time="2019-10-13 09:35:41Z" end-time="2019-10-13 09:35:41Z" duration="0.004105" asserts="3" />
      </test-suite>
      <test-suite type="TestFixture" id="0-1258" name="SpecSwitchIntegers" fullname="Kaitai.SpecSwitchIntegers" classname="Kaitai.SpecSwitchIntegers" runstate="Runnable" testcasecount="1" result="Passed" start-time="2019-10-13 09:35:41Z" end-time="2019-10-13 09:35:41Z" duration="0.005010" total="1" passed="1" failed="0" inconclusive="0" skipped="0" asserts="9">
        <test-case id="0-1259" name="TestSwitchIntegers" fullname="Kaitai.SpecSwitchIntegers.TestSwitchIntegers" methodname="TestSwitchIntegers" classname="Kaitai.SpecSwitchIntegers" runstate="Runnable" seed="687756643" result="Passed" start-time="2019-10-13 09:35:41Z" end-time="2019-10-13 09:35:41Z" duration="0.001643" asserts="9" />
      </test-suite>
      <test-suite type="TestFixture" id="0-1260" name="SpecSwitchIntegers2" fullname="Kaitai.SpecSwitchIntegers2" classname="Kaitai.SpecSwitchIntegers2" runstate="Runnable" testcasecount="1" result="Passed" start-time="2019-10-13 09:35:41Z" end-time="2019-10-13 09:35:41Z" duration="0.005011" total="1" passed="1" failed="0" inconclusive="0" skipped="0" asserts="5">
        <test-case id="0-1261" name="TestSwitchIntegers2" fullname="Kaitai.SpecSwitchIntegers2.TestSwitchIntegers2" methodname="TestSwitchIntegers2" classname="Kaitai.SpecSwitchIntegers2" runstate="Runnable" seed="677304469" result="Passed" start-time="2019-10-13 09:35:41Z" end-time="2019-10-13 09:35:41Z" duration="0.001631" asserts="5" />
      </test-suite>
      <test-suite type="TestFixture" id="0-1262" name="SpecSwitchManualEnum" fullname="Kaitai.SpecSwitchManualEnum" classname="Kaitai.SpecSwitchManualEnum" runstate="Runnable" testcasecount="1" result="Passed" start-time="2019-10-13 09:35:41Z" end-time="2019-10-13 09:35:41Z" duration="0.006008" total="1" passed="1" failed="0" inconclusive="0" skipped="0" asserts="9">
        <test-case id="0-1263" name="TestSwitchManualEnum" fullname="Kaitai.SpecSwitchManualEnum.TestSwitchManualEnum" methodname="TestSwitchManualEnum" classname="Kaitai.SpecSwitchManualEnum" runstate="Runnable" seed="1588667369" result="Passed" start-time="2019-10-13 09:35:41Z" end-time="2019-10-13 09:35:41Z" duration="0.002057" asserts="9" />
      </test-suite>
      <test-suite type="TestFixture" id="0-1264" name="SpecSwitchManualInt" fullname="Kaitai.SpecSwitchManualInt" classname="Kaitai.SpecSwitchManualInt" runstate="Runnable" testcasecount="1" result="Passed" start-time="2019-10-13 09:35:41Z" end-time="2019-10-13 09:35:41Z" duration="0.006010" total="1" passed="1" failed="0" inconclusive="0" skipped="0" asserts="9">
        <test-case id="0-1265" name="TestSwitchManualInt" fullname="Kaitai.SpecSwitchManualInt.TestSwitchManualInt" methodname="TestSwitchManualInt" classname="Kaitai.SpecSwitchManualInt" runstate="Runnable" seed="141461250" result="Passed" start-time="2019-10-13 09:35:41Z" end-time="2019-10-13 09:35:41Z" duration="0.002031" asserts="9" />
      </test-suite>
      <test-suite type="TestFixture" id="0-1266" name="SpecSwitchManualIntElse" fullname="Kaitai.SpecSwitchManualIntElse" classname="Kaitai.SpecSwitchManualIntElse" runstate="Runnable" testcasecount="1" result="Passed" start-time="2019-10-13 09:35:41Z" end-time="2019-10-13 09:35:41Z" duration="0.006025" total="1" passed="1" failed="0" inconclusive="0" skipped="0" asserts="9">
        <test-case id="0-1267" name="TestSwitchManualIntElse" fullname="Kaitai.SpecSwitchManualIntElse.TestSwitchManualIntElse" methodname="TestSwitchManualIntElse" classname="Kaitai.SpecSwitchManualIntElse" runstate="Runnable" seed="480954615" result="Passed" start-time="2019-10-13 09:35:41Z" end-time="2019-10-13 09:35:41Z" duration="0.002338" asserts="9" />
      </test-suite>
      <test-suite type="TestFixture" id="0-1268" name="SpecSwitchManualIntSize" fullname="Kaitai.SpecSwitchManualIntSize" classname="Kaitai.SpecSwitchManualIntSize" runstate="Runnable" testcasecount="1" result="Passed" start-time="2019-10-13 09:35:41Z" end-time="2019-10-13 09:35:41Z" duration="0.006021" total="1" passed="1" failed="0" inconclusive="0" skipped="0" asserts="10">
        <test-case id="0-1269" name="TestSwitchManualIntSize" fullname="Kaitai.SpecSwitchManualIntSize.TestSwitchManualIntSize" methodname="TestSwitchManualIntSize" classname="Kaitai.SpecSwitchManualIntSize" runstate="Runnable" seed="1560701907" result="Passed" start-time="2019-10-13 09:35:41Z" end-time="2019-10-13 09:35:41Z" duration="0.002561" asserts="10" />
      </test-suite>
      <test-suite type="TestFixture" id="0-1270" name="SpecSwitchManualIntSizeElse" fullname="Kaitai.SpecSwitchManualIntSizeElse" classname="Kaitai.SpecSwitchManualIntSizeElse" runstate="Runnable" testcasecount="1" result="Passed" start-time="2019-10-13 09:35:41Z" end-time="2019-10-13 09:35:41Z" duration="0.006020" total="1" passed="1" failed="0" inconclusive="0" skipped="0" asserts="10">
        <test-case id="0-1271" name="TestSwitchManualIntSizeElse" fullname="Kaitai.SpecSwitchManualIntSizeElse.TestSwitchManualIntSizeElse" methodname="TestSwitchManualIntSizeElse" classname="Kaitai.SpecSwitchManualIntSizeElse" runstate="Runnable" seed="1079453079" result="Passed" start-time="2019-10-13 09:35:41Z" end-time="2019-10-13 09:35:41Z" duration="0.002785" asserts="10" />
      </test-suite>
      <test-suite type="TestFixture" id="0-1272" name="SpecSwitchManualIntSizeEos" fullname="Kaitai.SpecSwitchManualIntSizeEos" classname="Kaitai.SpecSwitchManualIntSizeEos" runstate="Runnable" testcasecount="1" result="Passed" start-time="2019-10-13 09:35:41Z" end-time="2019-10-13 09:35:41Z" duration="0.006001" total="1" passed="1" failed="0" inconclusive="0" skipped="0" asserts="10">
        <test-case id="0-1273" name="TestSwitchManualIntSizeEos" fullname="Kaitai.SpecSwitchManualIntSizeEos.TestSwitchManualIntSizeEos" methodname="TestSwitchManualIntSizeEos" classname="Kaitai.SpecSwitchManualIntSizeEos" runstate="Runnable" seed="2128189079" result="Passed" start-time="2019-10-13 09:35:41Z" end-time="2019-10-13 09:35:41Z" duration="0.002789" asserts="10" />
      </test-suite>
      <test-suite type="TestFixture" id="0-1274" name="SpecSwitchManualStr" fullname="Kaitai.SpecSwitchManualStr" classname="Kaitai.SpecSwitchManualStr" runstate="Runnable" testcasecount="1" result="Passed" start-time="2019-10-13 09:35:41Z" end-time="2019-10-13 09:35:41Z" duration="0.006020" total="1" passed="1" failed="0" inconclusive="0" skipped="0" asserts="9">
        <test-case id="0-1275" name="TestSwitchManualStr" fullname="Kaitai.SpecSwitchManualStr.TestSwitchManualStr" methodname="TestSwitchManualStr" classname="Kaitai.SpecSwitchManualStr" runstate="Runnable" seed="1909942969" result="Passed" start-time="2019-10-13 09:35:41Z" end-time="2019-10-13 09:35:41Z" duration="0.002004" asserts="9" />
      </test-suite>
      <test-suite type="TestFixture" id="0-1276" name="SpecSwitchManualStrElse" fullname="Kaitai.SpecSwitchManualStrElse" classname="Kaitai.SpecSwitchManualStrElse" runstate="Runnable" testcasecount="1" result="Passed" start-time="2019-10-13 09:35:41Z" end-time="2019-10-13 09:35:41Z" duration="0.006014" total="1" passed="1" failed="0" inconclusive="0" skipped="0" asserts="9">
        <test-case id="0-1277" name="TestSwitchManualStrElse" fullname="Kaitai.SpecSwitchManualStrElse.TestSwitchManualStrElse" methodname="TestSwitchManualStrElse" classname="Kaitai.SpecSwitchManualStrElse" runstate="Runnable" seed="705787305" result="Passed" start-time="2019-10-13 09:35:41Z" end-time="2019-10-13 09:35:41Z" duration="0.002173" asserts="9" />
      </test-suite>
      <test-suite type="TestFixture" id="0-1278" name="SpecSwitchMultiBoolOps" fullname="Kaitai.SpecSwitchMultiBoolOps" classname="Kaitai.SpecSwitchMultiBoolOps" runstate="Runnable" testcasecount="1" result="Passed" start-time="2019-10-13 09:35:41Z" end-time="2019-10-13 09:35:41Z" duration="0.005037" total="1" passed="1" failed="0" inconclusive="0" skipped="0" asserts="9">
        <test-case id="0-1279" name="TestSwitchMultiBoolOps" fullname="Kaitai.SpecSwitchMultiBoolOps.TestSwitchMultiBoolOps" methodname="TestSwitchMultiBoolOps" classname="Kaitai.SpecSwitchMultiBoolOps" runstate="Runnable" seed="1165033380" result="Passed" start-time="2019-10-13 09:35:41Z" end-time="2019-10-13 09:35:41Z" duration="0.001743" asserts="9" />
      </test-suite>
      <test-suite type="TestFixture" id="0-1280" name="SpecSwitchRepeatExpr" fullname="Kaitai.SpecSwitchRepeatExpr" classname="Kaitai.SpecSwitchRepeatExpr" runstate="Runnable" testcasecount="1" result="Passed" start-time="2019-10-13 09:35:41Z" end-time="2019-10-13 09:35:41Z" duration="0.004990" total="1" passed="1" failed="0" inconclusive="0" skipped="0" asserts="3">
        <test-case id="0-1281" name="TestSwitchRepeatExpr" fullname="Kaitai.SpecSwitchRepeatExpr.TestSwitchRepeatExpr" methodname="TestSwitchRepeatExpr" classname="Kaitai.SpecSwitchRepeatExpr" runstate="Runnable" seed="1985197457" result="Passed" start-time="2019-10-13 09:35:41Z" end-time="2019-10-13 09:35:41Z" duration="0.001445" asserts="3" />
      </test-suite>
      <test-suite type="TestFixture" id="0-1282" name="SpecTermBytes" fullname="Kaitai.SpecTermBytes" classname="Kaitai.SpecTermBytes" runstate="Runnable" testcasecount="1" result="Passed" start-time="2019-10-13 09:35:41Z" end-time="2019-10-13 09:35:41Z" duration="0.004011" total="1" passed="1" failed="0" inconclusive="0" skipped="0" asserts="3">
        <test-case id="0-1283" name="TestTermBytes" fullname="Kaitai.SpecTermBytes.TestTermBytes" methodname="TestTermBytes" classname="Kaitai.SpecTermBytes" runstate="Runnable" seed="1278230908" result="Passed" start-time="2019-10-13 09:35:41Z" end-time="2019-10-13 09:35:41Z" duration="0.000776" asserts="3" />
      </test-suite>
      <test-suite type="TestFixture" id="0-1284" name="SpecTermStrz" fullname="Kaitai.SpecTermStrz" classname="Kaitai.SpecTermStrz" runstate="Runnable" testcasecount="1" result="Passed" start-time="2019-10-13 09:35:41Z" end-time="2019-10-13 09:35:41Z" duration="0.004005" total="1" passed="1" failed="0" inconclusive="0" skipped="0" asserts="3">
        <test-case id="0-1285" name="TestTermStrz" fullname="Kaitai.SpecTermStrz.TestTermStrz" methodname="TestTermStrz" classname="Kaitai.SpecTermStrz" runstate="Runnable" seed="634754693" result="Passed" start-time="2019-10-13 09:35:41Z" end-time="2019-10-13 09:35:41Z" duration="0.000309" asserts="3" />
      </test-suite>
      <test-suite type="TestFixture" id="0-1286" name="SpecTsPacketHeader" fullname="Kaitai.SpecTsPacketHeader" classname="Kaitai.SpecTsPacketHeader" runstate="Runnable" testcasecount="1" result="Passed" start-time="2019-10-13 09:35:41Z" end-time="2019-10-13 09:35:41Z" duration="0.005015" total="1" passed="1" failed="0" inconclusive="0" skipped="0" asserts="7">
        <test-case id="0-1287" name="TestTsPacketHeader" fullname="Kaitai.SpecTsPacketHeader.TestTsPacketHeader" methodname="TestTsPacketHeader" classname="Kaitai.SpecTsPacketHeader" runstate="Runnable" seed="1785611808" result="Passed" start-time="2019-10-13 09:35:41Z" end-time="2019-10-13 09:35:41Z" duration="0.001360" asserts="7" />
      </test-suite>
      <test-suite type="TestFixture" id="0-1288" name="SpecTypeIntUnaryOp" fullname="Kaitai.SpecTypeIntUnaryOp" classname="Kaitai.SpecTypeIntUnaryOp" runstate="Runnable" testcasecount="1" result="Passed" start-time="2019-10-13 09:35:41Z" end-time="2019-10-13 09:35:41Z" duration="0.003970" total="1" passed="1" failed="0" inconclusive="0" skipped="0" asserts="4">
        <test-case id="0-1289" name="TestTypeIntUnaryOp" fullname="Kaitai.SpecTypeIntUnaryOp.TestTypeIntUnaryOp" methodname="TestTypeIntUnaryOp" classname="Kaitai.SpecTypeIntUnaryOp" runstate="Runnable" seed="986349775" result="Passed" start-time="2019-10-13 09:35:41Z" end-time="2019-10-13 09:35:41Z" duration="0.000905" asserts="4" />
      </test-suite>
      <test-suite type="TestFixture" id="0-1290" name="SpecTypeTernary" fullname="Kaitai.SpecTypeTernary" classname="Kaitai.SpecTypeTernary" runstate="Runnable" testcasecount="1" result="Passed" start-time="2019-10-13 09:35:41Z" end-time="2019-10-13 09:35:41Z" duration="0.005004" total="1" passed="1" failed="0" inconclusive="0" skipped="0" asserts="1">
        <test-case id="0-1291" name="TestTypeTernary" fullname="Kaitai.SpecTypeTernary.TestTypeTernary" methodname="TestTypeTernary" classname="Kaitai.SpecTypeTernary" runstate="Runnable" seed="1068060115" result="Passed" start-time="2019-10-13 09:35:41Z" end-time="2019-10-13 09:35:41Z" duration="0.001142" asserts="1" />
      </test-suite>
      <test-suite type="TestFixture" id="0-1292" name="SpecTypeTernaryOpaque" fullname="Kaitai.SpecTypeTernaryOpaque" classname="Kaitai.SpecTypeTernaryOpaque" runstate="Runnable" testcasecount="1" result="Passed" start-time="2019-10-13 09:35:41Z" end-time="2019-10-13 09:35:41Z" duration="0.004948" total="1" passed="1" failed="0" inconclusive="0" skipped="0" asserts="3">
        <test-case id="0-1293" name="TestTypeTernaryOpaque" fullname="Kaitai.SpecTypeTernaryOpaque.TestTypeTernaryOpaque" methodname="TestTypeTernaryOpaque" classname="Kaitai.SpecTypeTernaryOpaque" runstate="Runnable" seed="247989150" result="Passed" start-time="2019-10-13 09:35:41Z" end-time="2019-10-13 09:35:41Z" duration="0.000970" asserts="3" />
      </test-suite>
      <test-suite type="TestFixture" id="0-1294" name="SpecUserType" fullname="Kaitai.SpecUserType" classname="Kaitai.SpecUserType" runstate="Runnable" testcasecount="1" result="Passed" start-time="2019-10-13 09:35:41Z" end-time="2019-10-13 09:35:41Z" duration="0.004004" total="1" passed="1" failed="0" inconclusive="0" skipped="0" asserts="2">
        <test-case id="0-1295" name="TestUserType" fullname="Kaitai.SpecUserType.TestUserType" methodname="TestUserType" classname="Kaitai.SpecUserType" runstate="Runnable" seed="913354931" result="Passed" start-time="2019-10-13 09:35:41Z" end-time="2019-10-13 09:35:41Z" duration="0.000847" asserts="2" />
      </test-suite>
      <test-suite type="TestFixture" id="0-1296" name="SpecZlibWithHeader78" fullname="Kaitai.SpecZlibWithHeader78" classname="Kaitai.SpecZlibWithHeader78" runstate="Runnable" testcasecount="1" result="Passed" start-time="2019-10-13 09:35:41Z" end-time="2019-10-13 09:35:41Z" duration="0.021359" total="1" passed="1" failed="0" inconclusive="0" skipped="0" asserts="1">
        <test-case id="0-1297" name="TestZlibWithHeader78" fullname="Kaitai.SpecZlibWithHeader78.TestZlibWithHeader78" methodname="TestZlibWithHeader78" classname="Kaitai.SpecZlibWithHeader78" runstate="Runnable" seed="2124061120" result="Passed" start-time="2019-10-13 09:35:41Z" end-time="2019-10-13 09:35:41Z" duration="0.017665" asserts="1" />
      </test-suite>
    </test-suite>
  </test-suite>
</test-run>