<?xml version="1.0" encoding="utf-8" standalone="no"?>
<test-run id="2" testcasecount="203" result="Failed" total="203" passed="202" failed="1" inconclusive="0" skipped="0" asserts="936" engine-version="3.4.1.0" clr-version="4.0.30319.42000" start-time="2020-08-01 18:03:13Z" end-time="2020-08-01 18:03:15Z" duration="1.499285">
  <command-line><![CDATA[/home/runner/work/ci_targets/ci_targets/tests/spec/csharp/packages/NUnit.ConsoleRunner.3.4.1/tools/nunit3-console.exe --result=test_out/csharp/TestResult.xml spec/csharp/kaitai_struct_csharp_tests/bin/Debug/kaitai_struct_csharp_tests.dll]]></command-line>
  <test-suite type="Assembly" id="0-1406" name="kaitai_struct_csharp_tests.dll" fullname="/home/runner/work/ci_targets/ci_targets/tests/spec/csharp/kaitai_struct_csharp_tests/bin/Debug/kaitai_struct_csharp_tests.dll" runstate="Runnable" testcasecount="203" result="Failed" site="Child" start-time="2020-08-01 18:03:13Z" end-time="2020-08-01 18:03:15Z" duration="1.382460" total="203" passed="202" failed="1" inconclusive="0" skipped="0" asserts="936">
    <environment framework-version="3.4.1.0" clr-version="4.0.30319.42000" os-version="Unix 5.3.0.1032" platform="Unix" cwd="/home/runner/work/ci_targets/ci_targets/tests" machine-name="fv-az59" user="runner" user-domain="fv-az59" culture="" uiculture="" os-architecture="x64" />
    <settings>
      <setting name="WorkDirectory" value="/home/runner/work/ci_targets/ci_targets/tests" />
      <setting name="ImageRuntimeVersion" value="4.0.30319" />
      <setting name="ImageTargetFrameworkName" value=".NETFramework,Version=v4.5" />
      <setting name="ImageRequiresX86" value="False" />
      <setting name="ImageRequiresDefaultAppDomainAssemblyResolver" value="False" />
      <setting name="NumberOfTestWorkers" value="2" />
    </settings>
    <properties>
      <property name="_PID" value="3393" />
      <property name="_APPDOMAIN" value="test-domain-" />
    </properties>
    <failure>
      <message><![CDATA[One or more child tests had errors]]></message>
    </failure>
    <test-suite type="TestSuite" id="0-1407" name="Kaitai" fullname="Kaitai" runstate="Runnable" testcasecount="203" result="Failed" site="Child" start-time="2020-08-01 18:03:13Z" end-time="2020-08-01 18:03:15Z" duration="1.366741" total="203" passed="202" failed="1" inconclusive="0" skipped="0" asserts="936">
      <failure>
        <message><![CDATA[One or more child tests had errors]]></message>
      </failure>
      <test-suite type="TestFixture" id="0-1000" name="SpecBcdUserTypeBe" fullname="Kaitai.SpecBcdUserTypeBe" classname="Kaitai.SpecBcdUserTypeBe" runstate="Runnable" testcasecount="1" result="Passed" start-time="2020-08-01 18:03:13Z" end-time="2020-08-01 18:03:13Z" duration="0.029277" total="1" passed="1" failed="0" inconclusive="0" skipped="0" asserts="6">
        <test-case id="0-1001" name="TestBcdUserTypeBe" fullname="Kaitai.SpecBcdUserTypeBe.TestBcdUserTypeBe" methodname="TestBcdUserTypeBe" classname="Kaitai.SpecBcdUserTypeBe" runstate="Runnable" seed="1750665690" result="Passed" start-time="2020-08-01 18:03:13Z" end-time="2020-08-01 18:03:13Z" duration="0.017733" asserts="6" />
      </test-suite>
      <test-suite type="TestFixture" id="0-1002" name="SpecBcdUserTypeLe" fullname="Kaitai.SpecBcdUserTypeLe" classname="Kaitai.SpecBcdUserTypeLe" runstate="Runnable" testcasecount="1" result="Passed" start-time="2020-08-01 18:03:13Z" end-time="2020-08-01 18:03:13Z" duration="0.005820" total="1" passed="1" failed="0" inconclusive="0" skipped="0" asserts="6">
        <test-case id="0-1003" name="TestBcdUserTypeLe" fullname="Kaitai.SpecBcdUserTypeLe.TestBcdUserTypeLe" methodname="TestBcdUserTypeLe" classname="Kaitai.SpecBcdUserTypeLe" runstate="Runnable" seed="986681237" result="Passed" start-time="2020-08-01 18:03:13Z" end-time="2020-08-01 18:03:13Z" duration="0.003318" asserts="6" />
      </test-suite>
      <test-suite type="TestFixture" id="0-1004" name="SpecBitsByteAligned" fullname="Kaitai.SpecBitsByteAligned" classname="Kaitai.SpecBitsByteAligned" runstate="Runnable" testcasecount="1" result="Passed" start-time="2020-08-01 18:03:13Z" end-time="2020-08-01 18:03:13Z" duration="0.006612" total="1" passed="1" failed="0" inconclusive="0" skipped="0" asserts="9">
        <test-case id="0-1005" name="TestBitsByteAligned" fullname="Kaitai.SpecBitsByteAligned.TestBitsByteAligned" methodname="TestBitsByteAligned" classname="Kaitai.SpecBitsByteAligned" runstate="Runnable" seed="1552179233" result="Passed" start-time="2020-08-01 18:03:13Z" end-time="2020-08-01 18:03:13Z" duration="0.004103" asserts="9" />
      </test-suite>
      <test-suite type="TestFixture" id="0-1006" name="SpecBitsEnum" fullname="Kaitai.SpecBitsEnum" classname="Kaitai.SpecBitsEnum" runstate="Runnable" testcasecount="1" result="Passed" start-time="2020-08-01 18:03:13Z" end-time="2020-08-01 18:03:13Z" duration="0.003325" total="1" passed="1" failed="0" inconclusive="0" skipped="0" asserts="3">
        <test-case id="0-1007" name="TestBitsEnum" fullname="Kaitai.SpecBitsEnum.TestBitsEnum" methodname="TestBitsEnum" classname="Kaitai.SpecBitsEnum" runstate="Runnable" seed="1589437460" result="Passed" start-time="2020-08-01 18:03:13Z" end-time="2020-08-01 18:03:13Z" duration="0.000812" asserts="3" />
      </test-suite>
      <test-suite type="TestFixture" id="0-1008" name="SpecBitsSeqEndianCombo" fullname="Kaitai.SpecBitsSeqEndianCombo" classname="Kaitai.SpecBitsSeqEndianCombo" runstate="Runnable" testcasecount="1" result="Passed" start-time="2020-08-01 18:03:13Z" end-time="2020-08-01 18:03:13Z" duration="0.003593" total="1" passed="1" failed="0" inconclusive="0" skipped="0" asserts="8">
        <test-case id="0-1009" name="TestBitsSeqEndianCombo" fullname="Kaitai.SpecBitsSeqEndianCombo.TestBitsSeqEndianCombo" methodname="TestBitsSeqEndianCombo" classname="Kaitai.SpecBitsSeqEndianCombo" runstate="Runnable" seed="1369319287" result="Passed" start-time="2020-08-01 18:03:13Z" end-time="2020-08-01 18:03:13Z" duration="0.000860" asserts="8" />
      </test-suite>
      <test-suite type="TestFixture" id="0-1010" name="SpecBitsSimple" fullname="Kaitai.SpecBitsSimple" classname="Kaitai.SpecBitsSimple" runstate="Runnable" testcasecount="1" result="Passed" start-time="2020-08-01 18:03:13Z" end-time="2020-08-01 18:03:13Z" duration="0.004776" total="1" passed="1" failed="0" inconclusive="0" skipped="0" asserts="14">
        <test-case id="0-1011" name="TestBitsSimple" fullname="Kaitai.SpecBitsSimple.TestBitsSimple" methodname="TestBitsSimple" classname="Kaitai.SpecBitsSimple" runstate="Runnable" seed="1063354832" result="Passed" start-time="2020-08-01 18:03:13Z" end-time="2020-08-01 18:03:13Z" duration="0.002290" asserts="14" />
      </test-suite>
      <test-suite type="TestFixture" id="0-1012" name="SpecBitsSimpleLe" fullname="Kaitai.SpecBitsSimpleLe" classname="Kaitai.SpecBitsSimpleLe" runstate="Runnable" testcasecount="1" result="Passed" start-time="2020-08-01 18:03:13Z" end-time="2020-08-01 18:03:13Z" duration="0.004369" total="1" passed="1" failed="0" inconclusive="0" skipped="0" asserts="14">
        <test-case id="0-1013" name="TestBitsSimpleLe" fullname="Kaitai.SpecBitsSimpleLe.TestBitsSimpleLe" methodname="TestBitsSimpleLe" classname="Kaitai.SpecBitsSimpleLe" runstate="Runnable" seed="1135950490" result="Passed" start-time="2020-08-01 18:03:13Z" end-time="2020-08-01 18:03:13Z" duration="0.001063" asserts="14" />
      </test-suite>
      <test-suite type="TestFixture" id="0-1014" name="SpecBufferedStruct" fullname="Kaitai.SpecBufferedStruct" classname="Kaitai.SpecBufferedStruct" runstate="Runnable" testcasecount="1" result="Passed" start-time="2020-08-01 18:03:13Z" end-time="2020-08-01 18:03:13Z" duration="0.004154" total="1" passed="1" failed="0" inconclusive="0" skipped="0" asserts="7">
        <test-case id="0-1015" name="TestBufferedStruct" fullname="Kaitai.SpecBufferedStruct.TestBufferedStruct" methodname="TestBufferedStruct" classname="Kaitai.SpecBufferedStruct" runstate="Runnable" seed="630784183" result="Passed" start-time="2020-08-01 18:03:13Z" end-time="2020-08-01 18:03:13Z" duration="0.001536" asserts="7" />
      </test-suite>
      <test-suite type="TestFixture" id="0-1016" name="SpecBytesPadTerm" fullname="Kaitai.SpecBytesPadTerm" classname="Kaitai.SpecBytesPadTerm" runstate="Runnable" testcasecount="1" result="Passed" start-time="2020-08-01 18:03:13Z" end-time="2020-08-01 18:03:13Z" duration="0.003496" total="1" passed="1" failed="0" inconclusive="0" skipped="0" asserts="4">
        <test-case id="0-1017" name="TestBytesPadTerm" fullname="Kaitai.SpecBytesPadTerm.TestBytesPadTerm" methodname="TestBytesPadTerm" classname="Kaitai.SpecBytesPadTerm" runstate="Runnable" seed="411063645" result="Passed" start-time="2020-08-01 18:03:13Z" end-time="2020-08-01 18:03:13Z" duration="0.000913" asserts="4" />
      </test-suite>
      <test-suite type="TestFixture" id="0-1018" name="SpecCastNested" fullname="Kaitai.SpecCastNested" classname="Kaitai.SpecCastNested" runstate="Runnable" testcasecount="1" result="Passed" start-time="2020-08-01 18:03:13Z" end-time="2020-08-01 18:03:13Z" duration="0.030401" total="1" passed="1" failed="0" inconclusive="0" skipped="0" asserts="4">
        <test-case id="0-1019" name="TestCastNested" fullname="Kaitai.SpecCastNested.TestCastNested" methodname="TestCastNested" classname="Kaitai.SpecCastNested" runstate="Runnable" seed="778722719" result="Passed" start-time="2020-08-01 18:03:13Z" end-time="2020-08-01 18:03:13Z" duration="0.027870" asserts="4" />
      </test-suite>
      <test-suite type="TestFixture" id="0-1020" name="SpecCastToImported" fullname="Kaitai.SpecCastToImported" classname="Kaitai.SpecCastToImported" runstate="Runnable" testcasecount="1" result="Passed" start-time="2020-08-01 18:03:13Z" end-time="2020-08-01 18:03:13Z" duration="0.003254" total="1" passed="1" failed="0" inconclusive="0" skipped="0" asserts="2">
        <test-case id="0-1021" name="TestCastToImported" fullname="Kaitai.SpecCastToImported.TestCastToImported" methodname="TestCastToImported" classname="Kaitai.SpecCastToImported" runstate="Runnable" seed="7464475" result="Passed" start-time="2020-08-01 18:03:13Z" end-time="2020-08-01 18:03:13Z" duration="0.000747" asserts="2" />
      </test-suite>
      <test-suite type="TestFixture" id="0-1022" name="SpecCastToTop" fullname="Kaitai.SpecCastToTop" classname="Kaitai.SpecCastToTop" runstate="Runnable" testcasecount="1" result="Passed" start-time="2020-08-01 18:03:13Z" end-time="2020-08-01 18:03:13Z" duration="0.003719" total="1" passed="1" failed="0" inconclusive="0" skipped="0" asserts="3">
        <test-case id="0-1023" name="TestCastToTop" fullname="Kaitai.SpecCastToTop.TestCastToTop" methodname="TestCastToTop" classname="Kaitai.SpecCastToTop" runstate="Runnable" seed="1063231815" result="Passed" start-time="2020-08-01 18:03:13Z" end-time="2020-08-01 18:03:13Z" duration="0.001291" asserts="3" />
      </test-suite>
      <test-suite type="TestFixture" id="0-1024" name="SpecCombineBool" fullname="Kaitai.SpecCombineBool" classname="Kaitai.SpecCombineBool" runstate="Runnable" testcasecount="1" result="Passed" start-time="2020-08-01 18:03:13Z" end-time="2020-08-01 18:03:13Z" duration="0.003153" total="1" passed="1" failed="0" inconclusive="0" skipped="0" asserts="2">
        <test-case id="0-1025" name="TestCombineBool" fullname="Kaitai.SpecCombineBool.TestCombineBool" methodname="TestCombineBool" classname="Kaitai.SpecCombineBool" runstate="Runnable" seed="131917756" result="Passed" start-time="2020-08-01 18:03:13Z" end-time="2020-08-01 18:03:13Z" duration="0.000730" asserts="2" />
      </test-suite>
      <test-suite type="TestFixture" id="0-1026" name="SpecCombineBytes" fullname="Kaitai.SpecCombineBytes" classname="Kaitai.SpecCombineBytes" runstate="Runnable" testcasecount="1" result="Passed" start-time="2020-08-01 18:03:13Z" end-time="2020-08-01 18:03:13Z" duration="0.003669" total="1" passed="1" failed="0" inconclusive="0" skipped="0" asserts="10">
        <test-case id="0-1027" name="TestCombineBytes" fullname="Kaitai.SpecCombineBytes.TestCombineBytes" methodname="TestCombineBytes" classname="Kaitai.SpecCombineBytes" runstate="Runnable" seed="386074922" result="Passed" start-time="2020-08-01 18:03:13Z" end-time="2020-08-01 18:03:13Z" duration="0.001214" asserts="10" />
      </test-suite>
      <test-suite type="TestFixture" id="0-1028" name="SpecCombineEnum" fullname="Kaitai.SpecCombineEnum" classname="Kaitai.SpecCombineEnum" runstate="Runnable" testcasecount="1" result="Passed" start-time="2020-08-01 18:03:13Z" end-time="2020-08-01 18:03:13Z" duration="0.003363" total="1" passed="1" failed="0" inconclusive="0" skipped="0" asserts="3">
        <test-case id="0-1029" name="TestCombineEnum" fullname="Kaitai.SpecCombineEnum.TestCombineEnum" methodname="TestCombineEnum" classname="Kaitai.SpecCombineEnum" runstate="Runnable" seed="684782310" result="Passed" start-time="2020-08-01 18:03:13Z" end-time="2020-08-01 18:03:13Z" duration="0.000814" asserts="3" />
      </test-suite>
      <test-suite type="TestFixture" id="0-1030" name="SpecCombineStr" fullname="Kaitai.SpecCombineStr" classname="Kaitai.SpecCombineStr" runstate="Runnable" testcasecount="1" result="Passed" start-time="2020-08-01 18:03:13Z" end-time="2020-08-01 18:03:13Z" duration="0.007139" total="1" passed="1" failed="0" inconclusive="0" skipped="0" asserts="15">
        <test-case id="0-1031" name="TestCombineStr" fullname="Kaitai.SpecCombineStr.TestCombineStr" methodname="TestCombineStr" classname="Kaitai.SpecCombineStr" runstate="Runnable" seed="1035806527" result="Passed" start-time="2020-08-01 18:03:13Z" end-time="2020-08-01 18:03:13Z" duration="0.001343" asserts="15" />
      </test-suite>
      <test-suite type="TestFixture" id="0-1032" name="SpecDebug0" fullname="Kaitai.SpecDebug0" classname="Kaitai.SpecDebug0" runstate="Runnable" testcasecount="1" result="Passed" start-time="2020-08-01 18:03:13Z" end-time="2020-08-01 18:03:13Z" duration="0.002576" total="1" passed="1" failed="0" inconclusive="0" skipped="0" asserts="0">
        <test-case id="0-1033" name="TestDebug0" fullname="Kaitai.SpecDebug0.TestDebug0" methodname="TestDebug0" classname="Kaitai.SpecDebug0" runstate="Runnable" seed="528982669" result="Passed" start-time="2020-08-01 18:03:13Z" end-time="2020-08-01 18:03:13Z" duration="0.000076" asserts="0" />
      </test-suite>
      <test-suite type="TestFixture" id="0-1034" name="SpecDebugArrayUser" fullname="Kaitai.SpecDebugArrayUser" classname="Kaitai.SpecDebugArrayUser" runstate="Runnable" testcasecount="1" result="Passed" start-time="2020-08-01 18:03:13Z" end-time="2020-08-01 18:03:13Z" duration="0.003805" total="1" passed="1" failed="0" inconclusive="0" skipped="0" asserts="4">
        <test-case id="0-1035" name="TestDebugArrayUser" fullname="Kaitai.SpecDebugArrayUser.TestDebugArrayUser" methodname="TestDebugArrayUser" classname="Kaitai.SpecDebugArrayUser" runstate="Runnable" seed="1034058569" result="Passed" start-time="2020-08-01 18:03:13Z" end-time="2020-08-01 18:03:13Z" duration="0.001265" asserts="4" />
      </test-suite>
      <test-suite type="TestFixture" id="0-1036" name="SpecDebugEnumName" fullname="Kaitai.SpecDebugEnumName" classname="Kaitai.SpecDebugEnumName" runstate="Runnable" testcasecount="1" result="Passed" start-time="2020-08-01 18:03:13Z" end-time="2020-08-01 18:03:13Z" duration="0.002658" total="1" passed="1" failed="0" inconclusive="0" skipped="0" asserts="0">
        <test-case id="0-1037" name="TestDebugEnumName" fullname="Kaitai.SpecDebugEnumName.TestDebugEnumName" methodname="TestDebugEnumName" classname="Kaitai.SpecDebugEnumName" runstate="Runnable" seed="339555926" result="Passed" start-time="2020-08-01 18:03:13Z" end-time="2020-08-01 18:03:13Z" duration="0.000073" asserts="0" />
      </test-suite>
      <test-suite type="TestFixture" id="0-1038" name="SpecDebugSwitchUser" fullname="Kaitai.SpecDebugSwitchUser" classname="Kaitai.SpecDebugSwitchUser" runstate="Runnable" testcasecount="1" result="Passed" start-time="2020-08-01 18:03:13Z" end-time="2020-08-01 18:03:13Z" duration="0.003337" total="1" passed="1" failed="0" inconclusive="0" skipped="0" asserts="2">
        <test-case id="0-1039" name="TestDebugSwitchUser" fullname="Kaitai.SpecDebugSwitchUser.TestDebugSwitchUser" methodname="TestDebugSwitchUser" classname="Kaitai.SpecDebugSwitchUser" runstate="Runnable" seed="447402584" result="Passed" start-time="2020-08-01 18:03:13Z" end-time="2020-08-01 18:03:13Z" duration="0.000856" asserts="2" />
      </test-suite>
      <test-suite type="TestFixture" id="0-1040" name="SpecDefaultBigEndian" fullname="Kaitai.SpecDefaultBigEndian" classname="Kaitai.SpecDefaultBigEndian" runstate="Runnable" testcasecount="1" result="Passed" start-time="2020-08-01 18:03:13Z" end-time="2020-08-01 18:03:13Z" duration="0.003050" total="1" passed="1" failed="0" inconclusive="0" skipped="0" asserts="1">
        <test-case id="0-1041" name="TestDefaultBigEndian" fullname="Kaitai.SpecDefaultBigEndian.TestDefaultBigEndian" methodname="TestDefaultBigEndian" classname="Kaitai.SpecDefaultBigEndian" runstate="Runnable" seed="531890836" result="Passed" start-time="2020-08-01 18:03:13Z" end-time="2020-08-01 18:03:13Z" duration="0.000503" asserts="1" />
      </test-suite>
      <test-suite type="TestFixture" id="0-1042" name="SpecDefaultBitEndianMod" fullname="Kaitai.SpecDefaultBitEndianMod" classname="Kaitai.SpecDefaultBitEndianMod" runstate="Runnable" testcasecount="1" result="Passed" start-time="2020-08-01 18:03:13Z" end-time="2020-08-01 18:03:13Z" duration="0.003430" total="1" passed="1" failed="0" inconclusive="0" skipped="0" asserts="4">
        <test-case id="0-1043" name="TestDefaultBitEndianMod" fullname="Kaitai.SpecDefaultBitEndianMod.TestDefaultBitEndianMod" methodname="TestDefaultBitEndianMod" classname="Kaitai.SpecDefaultBitEndianMod" runstate="Runnable" seed="965732491" result="Passed" start-time="2020-08-01 18:03:13Z" end-time="2020-08-01 18:03:13Z" duration="0.000868" asserts="4" />
      </test-suite>
      <test-suite type="TestFixture" id="0-1044" name="SpecDefaultEndianExprException" fullname="Kaitai.SpecDefaultEndianExprException" classname="Kaitai.SpecDefaultEndianExprException" runstate="Runnable" testcasecount="1" result="Passed" start-time="2020-08-01 18:03:13Z" end-time="2020-08-01 18:03:13Z" duration="0.007908" total="1" passed="1" failed="0" inconclusive="0" skipped="0" asserts="1">
        <test-case id="0-1045" name="TestDefaultEndianExprException" fullname="Kaitai.SpecDefaultEndianExprException.TestDefaultEndianExprException" methodname="TestDefaultEndianExprException" classname="Kaitai.SpecDefaultEndianExprException" runstate="Runnable" seed="1781414610" result="Passed" start-time="2020-08-01 18:03:13Z" end-time="2020-08-01 18:03:13Z" duration="0.005321" asserts="1" />
      </test-suite>
      <test-suite type="TestFixture" id="0-1046" name="SpecDefaultEndianExprInherited" fullname="Kaitai.SpecDefaultEndianExprInherited" classname="Kaitai.SpecDefaultEndianExprInherited" runstate="Runnable" testcasecount="1" result="Passed" start-time="2020-08-01 18:03:13Z" end-time="2020-08-01 18:03:13Z" duration="0.005982" total="1" passed="1" failed="0" inconclusive="0" skipped="0" asserts="15">
        <test-case id="0-1047" name="TestDefaultEndianExprInherited" fullname="Kaitai.SpecDefaultEndianExprInherited.TestDefaultEndianExprInherited" methodname="TestDefaultEndianExprInherited" classname="Kaitai.SpecDefaultEndianExprInherited" runstate="Runnable" seed="1292041444" result="Passed" start-time="2020-08-01 18:03:13Z" end-time="2020-08-01 18:03:13Z" duration="0.003453" asserts="15" />
      </test-suite>
      <test-suite type="TestFixture" id="0-1048" name="SpecDefaultEndianExprIsBe" fullname="Kaitai.SpecDefaultEndianExprIsBe" classname="Kaitai.SpecDefaultEndianExprIsBe" runstate="Runnable" testcasecount="1" result="Passed" start-time="2020-08-01 18:03:13Z" end-time="2020-08-01 18:03:13Z" duration="0.005862" total="1" passed="1" failed="0" inconclusive="0" skipped="0" asserts="18">
        <test-case id="0-1049" name="TestDefaultEndianExprIsBe" fullname="Kaitai.SpecDefaultEndianExprIsBe.TestDefaultEndianExprIsBe" methodname="TestDefaultEndianExprIsBe" classname="Kaitai.SpecDefaultEndianExprIsBe" runstate="Runnable" seed="1058376752" result="Passed" start-time="2020-08-01 18:03:13Z" end-time="2020-08-01 18:03:13Z" duration="0.003312" asserts="18" />
      </test-suite>
      <test-suite type="TestFixture" id="0-1050" name="SpecDefaultEndianExprIsLe" fullname="Kaitai.SpecDefaultEndianExprIsLe" classname="Kaitai.SpecDefaultEndianExprIsLe" runstate="Runnable" testcasecount="1" result="Passed" start-time="2020-08-01 18:03:13Z" end-time="2020-08-01 18:03:13Z" duration="0.004404" total="1" passed="1" failed="0" inconclusive="0" skipped="0" asserts="12">
        <test-case id="0-1051" name="TestDefaultEndianExprIsLe" fullname="Kaitai.SpecDefaultEndianExprIsLe.TestDefaultEndianExprIsLe" methodname="TestDefaultEndianExprIsLe" classname="Kaitai.SpecDefaultEndianExprIsLe" runstate="Runnable" seed="1112105586" result="Passed" start-time="2020-08-01 18:03:13Z" end-time="2020-08-01 18:03:13Z" duration="0.001896" asserts="12" />
      </test-suite>
      <test-suite type="TestFixture" id="0-1052" name="SpecDefaultEndianMod" fullname="Kaitai.SpecDefaultEndianMod" classname="Kaitai.SpecDefaultEndianMod" runstate="Runnable" testcasecount="1" result="Passed" start-time="2020-08-01 18:03:13Z" end-time="2020-08-01 18:03:13Z" duration="0.003366" total="1" passed="1" failed="0" inconclusive="0" skipped="0" asserts="3">
        <test-case id="0-1053" name="TestDefaultEndianMod" fullname="Kaitai.SpecDefaultEndianMod.TestDefaultEndianMod" methodname="TestDefaultEndianMod" classname="Kaitai.SpecDefaultEndianMod" runstate="Runnable" seed="383503608" result="Passed" start-time="2020-08-01 18:03:13Z" end-time="2020-08-01 18:03:13Z" duration="0.000909" asserts="3" />
      </test-suite>
      <test-suite type="TestFixture" id="0-1054" name="SpecDocstrings" fullname="Kaitai.SpecDocstrings" classname="Kaitai.SpecDocstrings" runstate="Runnable" testcasecount="1" result="Passed" start-time="2020-08-01 18:03:13Z" end-time="2020-08-01 18:03:13Z" duration="0.002821" total="1" passed="1" failed="0" inconclusive="0" skipped="0" asserts="0">
        <test-case id="0-1055" name="TestDocstrings" fullname="Kaitai.SpecDocstrings.TestDocstrings" methodname="TestDocstrings" classname="Kaitai.SpecDocstrings" runstate="Runnable" seed="1725897156" result="Passed" start-time="2020-08-01 18:03:13Z" end-time="2020-08-01 18:03:13Z" duration="0.000351" asserts="0" />
      </test-suite>
      <test-suite type="TestFixture" id="0-1056" name="SpecDocstringsDocref" fullname="Kaitai.SpecDocstringsDocref" classname="Kaitai.SpecDocstringsDocref" runstate="Runnable" testcasecount="1" result="Passed" start-time="2020-08-01 18:03:13Z" end-time="2020-08-01 18:03:13Z" duration="0.002912" total="1" passed="1" failed="0" inconclusive="0" skipped="0" asserts="0">
        <test-case id="0-1057" name="TestDocstringsDocref" fullname="Kaitai.SpecDocstringsDocref.TestDocstringsDocref" methodname="TestDocstringsDocref" classname="Kaitai.SpecDocstringsDocref" runstate="Runnable" seed="1463268753" result="Passed" start-time="2020-08-01 18:03:13Z" end-time="2020-08-01 18:03:13Z" duration="0.000423" asserts="0" />
      </test-suite>
      <test-suite type="TestFixture" id="0-1058" name="SpecDocstringsDocrefMulti" fullname="Kaitai.SpecDocstringsDocrefMulti" classname="Kaitai.SpecDocstringsDocrefMulti" runstate="Runnable" testcasecount="1" result="Passed" start-time="2020-08-01 18:03:13Z" end-time="2020-08-01 18:03:13Z" duration="0.002756" total="1" passed="1" failed="0" inconclusive="0" skipped="0" asserts="0">
        <test-case id="0-1059" name="TestDocstringsDocrefMulti" fullname="Kaitai.SpecDocstringsDocrefMulti.TestDocstringsDocrefMulti" methodname="TestDocstringsDocrefMulti" classname="Kaitai.SpecDocstringsDocrefMulti" runstate="Runnable" seed="898350574" result="Passed" start-time="2020-08-01 18:03:13Z" end-time="2020-08-01 18:03:13Z" duration="0.000291" asserts="0" />
      </test-suite>
      <test-suite type="TestFixture" id="0-1060" name="SpecEnum0" fullname="Kaitai.SpecEnum0" classname="Kaitai.SpecEnum0" runstate="Runnable" testcasecount="1" result="Passed" start-time="2020-08-01 18:03:13Z" end-time="2020-08-01 18:03:13Z" duration="0.003051" total="1" passed="1" failed="0" inconclusive="0" skipped="0" asserts="2">
        <test-case id="0-1061" name="TestEnum0" fullname="Kaitai.SpecEnum0.TestEnum0" methodname="TestEnum0" classname="Kaitai.SpecEnum0" runstate="Runnable" seed="474799769" result="Passed" start-time="2020-08-01 18:03:13Z" end-time="2020-08-01 18:03:13Z" duration="0.000498" asserts="2" />
      </test-suite>
      <test-suite type="TestFixture" id="0-1062" name="SpecEnum1" fullname="Kaitai.SpecEnum1" classname="Kaitai.SpecEnum1" runstate="Runnable" testcasecount="1" result="Passed" start-time="2020-08-01 18:03:13Z" end-time="2020-08-01 18:03:13Z" duration="0.003354" total="1" passed="1" failed="0" inconclusive="0" skipped="0" asserts="2">
        <test-case id="0-1063" name="TestEnum1" fullname="Kaitai.SpecEnum1.TestEnum1" methodname="TestEnum1" classname="Kaitai.SpecEnum1" runstate="Runnable" seed="189010916" result="Passed" start-time="2020-08-01 18:03:13Z" end-time="2020-08-01 18:03:13Z" duration="0.000850" asserts="2" />
      </test-suite>
      <test-suite type="TestFixture" id="0-1064" name="SpecEnumDeep" fullname="Kaitai.SpecEnumDeep" classname="Kaitai.SpecEnumDeep" runstate="Runnable" testcasecount="1" result="Passed" start-time="2020-08-01 18:03:13Z" end-time="2020-08-01 18:03:13Z" duration="0.002881" total="1" passed="1" failed="0" inconclusive="0" skipped="0" asserts="2">
        <test-case id="0-1065" name="TestEnumDeep" fullname="Kaitai.SpecEnumDeep.TestEnumDeep" methodname="TestEnumDeep" classname="Kaitai.SpecEnumDeep" runstate="Runnable" seed="1375096437" result="Passed" start-time="2020-08-01 18:03:13Z" end-time="2020-08-01 18:03:13Z" duration="0.000476" asserts="2" />
      </test-suite>
      <test-suite type="TestFixture" id="0-1066" name="SpecEnumDeepLiterals" fullname="Kaitai.SpecEnumDeepLiterals" classname="Kaitai.SpecEnumDeepLiterals" runstate="Runnable" testcasecount="1" result="Passed" start-time="2020-08-01 18:03:13Z" end-time="2020-08-01 18:03:13Z" duration="0.003575" total="1" passed="1" failed="0" inconclusive="0" skipped="0" asserts="2">
        <test-case id="0-1067" name="TestEnumDeepLiterals" fullname="Kaitai.SpecEnumDeepLiterals.TestEnumDeepLiterals" methodname="TestEnumDeepLiterals" classname="Kaitai.SpecEnumDeepLiterals" runstate="Runnable" seed="1785951224" result="Passed" start-time="2020-08-01 18:03:13Z" end-time="2020-08-01 18:03:13Z" duration="0.001021" asserts="2" />
      </test-suite>
      <test-suite type="TestFixture" id="0-1068" name="SpecEnumFancy" fullname="Kaitai.SpecEnumFancy" classname="Kaitai.SpecEnumFancy" runstate="Runnable" testcasecount="1" result="Passed" start-time="2020-08-01 18:03:13Z" end-time="2020-08-01 18:03:13Z" duration="0.002959" total="1" passed="1" failed="0" inconclusive="0" skipped="0" asserts="2">
        <test-case id="0-1069" name="TestEnumFancy" fullname="Kaitai.SpecEnumFancy.TestEnumFancy" methodname="TestEnumFancy" classname="Kaitai.SpecEnumFancy" runstate="Runnable" seed="397569338" result="Passed" start-time="2020-08-01 18:03:13Z" end-time="2020-08-01 18:03:13Z" duration="0.000450" asserts="2" />
      </test-suite>
      <test-suite type="TestFixture" id="0-1070" name="SpecEnumForUnknownId" fullname="Kaitai.SpecEnumForUnknownId" classname="Kaitai.SpecEnumForUnknownId" runstate="Runnable" testcasecount="1" result="Passed" start-time="2020-08-01 18:03:13Z" end-time="2020-08-01 18:03:13Z" duration="0.002842" total="1" passed="1" failed="0" inconclusive="0" skipped="0" asserts="1">
        <test-case id="0-1071" name="TestEnumForUnknownId" fullname="Kaitai.SpecEnumForUnknownId.TestEnumForUnknownId" methodname="TestEnumForUnknownId" classname="Kaitai.SpecEnumForUnknownId" runstate="Runnable" seed="249208209" result="Passed" start-time="2020-08-01 18:03:13Z" end-time="2020-08-01 18:03:13Z" duration="0.000391" asserts="1" />
      </test-suite>
      <test-suite type="TestFixture" id="0-1072" name="SpecEnumIf" fullname="Kaitai.SpecEnumIf" classname="Kaitai.SpecEnumIf" runstate="Runnable" testcasecount="1" result="Passed" start-time="2020-08-01 18:03:13Z" end-time="2020-08-01 18:03:13Z" duration="0.003812" total="1" passed="1" failed="0" inconclusive="0" skipped="0" asserts="7">
        <test-case id="0-1073" name="TestEnumIf" fullname="Kaitai.SpecEnumIf.TestEnumIf" methodname="TestEnumIf" classname="Kaitai.SpecEnumIf" runstate="Runnable" seed="1126740222" result="Passed" start-time="2020-08-01 18:03:13Z" end-time="2020-08-01 18:03:13Z" duration="0.001319" asserts="7" />
      </test-suite>
      <test-suite type="TestFixture" id="0-1074" name="SpecEnumImport" fullname="Kaitai.SpecEnumImport" classname="Kaitai.SpecEnumImport" runstate="Runnable" testcasecount="1" result="Passed" start-time="2020-08-01 18:03:13Z" end-time="2020-08-01 18:03:13Z" duration="0.003057" total="1" passed="1" failed="0" inconclusive="0" skipped="0" asserts="2">
        <test-case id="0-1075" name="TestEnumImport" fullname="Kaitai.SpecEnumImport.TestEnumImport" methodname="TestEnumImport" classname="Kaitai.SpecEnumImport" runstate="Runnable" seed="1219743205" result="Passed" start-time="2020-08-01 18:03:13Z" end-time="2020-08-01 18:03:13Z" duration="0.000536" asserts="2" />
      </test-suite>
      <test-suite type="TestFixture" id="0-1076" name="SpecEnumIntRangeS" fullname="Kaitai.SpecEnumIntRangeS" classname="Kaitai.SpecEnumIntRangeS" runstate="Runnable" testcasecount="1" result="Passed" start-time="2020-08-01 18:03:13Z" end-time="2020-08-01 18:03:13Z" duration="0.003145" total="1" passed="1" failed="0" inconclusive="0" skipped="0" asserts="3">
        <test-case id="0-1077" name="TestEnumIntRangeS" fullname="Kaitai.SpecEnumIntRangeS.TestEnumIntRangeS" methodname="TestEnumIntRangeS" classname="Kaitai.SpecEnumIntRangeS" runstate="Runnable" seed="1839823821" result="Passed" start-time="2020-08-01 18:03:13Z" end-time="2020-08-01 18:03:13Z" duration="0.000601" asserts="3" />
      </test-suite>
      <test-suite type="TestFixture" id="0-1078" name="SpecEnumInvalid" fullname="Kaitai.SpecEnumInvalid" classname="Kaitai.SpecEnumInvalid" runstate="Runnable" testcasecount="1" result="Passed" start-time="2020-08-01 18:03:13Z" end-time="2020-08-01 18:03:13Z" duration="0.003051" total="1" passed="1" failed="0" inconclusive="0" skipped="0" asserts="2">
        <test-case id="0-1079" name="TestEnumInvalid" fullname="Kaitai.SpecEnumInvalid.TestEnumInvalid" methodname="TestEnumInvalid" classname="Kaitai.SpecEnumInvalid" runstate="Runnable" seed="2098999028" result="Passed" start-time="2020-08-01 18:03:13Z" end-time="2020-08-01 18:03:13Z" duration="0.000528" asserts="2" />
      </test-suite>
      <test-suite type="TestFixture" id="0-1080" name="SpecEnumNegative" fullname="Kaitai.SpecEnumNegative" classname="Kaitai.SpecEnumNegative" runstate="Runnable" testcasecount="1" result="Passed" start-time="2020-08-01 18:03:13Z" end-time="2020-08-01 18:03:13Z" duration="0.003097" total="1" passed="1" failed="0" inconclusive="0" skipped="0" asserts="2">
        <test-case id="0-1081" name="TestEnumNegative" fullname="Kaitai.SpecEnumNegative.TestEnumNegative" methodname="TestEnumNegative" classname="Kaitai.SpecEnumNegative" runstate="Runnable" seed="614870440" result="Passed" start-time="2020-08-01 18:03:13Z" end-time="2020-08-01 18:03:13Z" duration="0.000590" asserts="2" />
      </test-suite>
      <test-suite type="TestFixture" id="0-1082" name="SpecEnumOfValueInst" fullname="Kaitai.SpecEnumOfValueInst" classname="Kaitai.SpecEnumOfValueInst" runstate="Runnable" testcasecount="1" result="Passed" start-time="2020-08-01 18:03:13Z" end-time="2020-08-01 18:03:13Z" duration="0.003233" total="1" passed="1" failed="0" inconclusive="0" skipped="0" asserts="4">
        <test-case id="0-1083" name="TestEnumOfValueInst" fullname="Kaitai.SpecEnumOfValueInst.TestEnumOfValueInst" methodname="TestEnumOfValueInst" classname="Kaitai.SpecEnumOfValueInst" runstate="Runnable" seed="463722150" result="Passed" start-time="2020-08-01 18:03:13Z" end-time="2020-08-01 18:03:13Z" duration="0.000732" asserts="4" />
      </test-suite>
      <test-suite type="TestFixture" id="0-1084" name="SpecEnumToI" fullname="Kaitai.SpecEnumToI" classname="Kaitai.SpecEnumToI" runstate="Runnable" testcasecount="1" result="Passed" start-time="2020-08-01 18:03:13Z" end-time="2020-08-01 18:03:13Z" duration="0.003276" total="1" passed="1" failed="0" inconclusive="0" skipped="0" asserts="5">
        <test-case id="0-1085" name="TestEnumToI" fullname="Kaitai.SpecEnumToI.TestEnumToI" methodname="TestEnumToI" classname="Kaitai.SpecEnumToI" runstate="Runnable" seed="1045035996" result="Passed" start-time="2020-08-01 18:03:13Z" end-time="2020-08-01 18:03:13Z" duration="0.000766" asserts="5" />
      </test-suite>
      <test-suite type="TestFixture" id="0-1086" name="SpecEofExceptionBytes" fullname="Kaitai.SpecEofExceptionBytes" classname="Kaitai.SpecEofExceptionBytes" runstate="Runnable" testcasecount="1" result="Passed" start-time="2020-08-01 18:03:13Z" end-time="2020-08-01 18:03:13Z" duration="0.003809" total="1" passed="1" failed="0" inconclusive="0" skipped="0" asserts="1">
        <test-case id="0-1087" name="TestEofExceptionBytes" fullname="Kaitai.SpecEofExceptionBytes.TestEofExceptionBytes" methodname="TestEofExceptionBytes" classname="Kaitai.SpecEofExceptionBytes" runstate="Runnable" seed="1207753370" result="Passed" start-time="2020-08-01 18:03:13Z" end-time="2020-08-01 18:03:13Z" duration="0.001344" asserts="1" />
      </test-suite>
      <test-suite type="TestFixture" id="0-1088" name="SpecEofExceptionU4" fullname="Kaitai.SpecEofExceptionU4" classname="Kaitai.SpecEofExceptionU4" runstate="Runnable" testcasecount="1" result="Passed" start-time="2020-08-01 18:03:13Z" end-time="2020-08-01 18:03:13Z" duration="0.003006" total="1" passed="1" failed="0" inconclusive="0" skipped="0" asserts="1">
        <test-case id="0-1089" name="TestEofExceptionU4" fullname="Kaitai.SpecEofExceptionU4.TestEofExceptionU4" methodname="TestEofExceptionU4" classname="Kaitai.SpecEofExceptionU4" runstate="Runnable" seed="1586586419" result="Passed" start-time="2020-08-01 18:03:13Z" end-time="2020-08-01 18:03:13Z" duration="0.000471" asserts="1" />
      </test-suite>
      <test-suite type="TestFixture" id="0-1090" name="SpecEosExceptionBytes" fullname="Kaitai.SpecEosExceptionBytes" classname="Kaitai.SpecEosExceptionBytes" runstate="Runnable" testcasecount="1" result="Passed" start-time="2020-08-01 18:03:13Z" end-time="2020-08-01 18:03:13Z" duration="0.003334" total="1" passed="1" failed="0" inconclusive="0" skipped="0" asserts="1">
        <test-case id="0-1091" name="TestEosExceptionBytes" fullname="Kaitai.SpecEosExceptionBytes.TestEosExceptionBytes" methodname="TestEosExceptionBytes" classname="Kaitai.SpecEosExceptionBytes" runstate="Runnable" seed="175022408" result="Passed" start-time="2020-08-01 18:03:13Z" end-time="2020-08-01 18:03:13Z" duration="0.000843" asserts="1" />
      </test-suite>
      <test-suite type="TestFixture" id="0-1092" name="SpecEosExceptionU4" fullname="Kaitai.SpecEosExceptionU4" classname="Kaitai.SpecEosExceptionU4" runstate="Runnable" testcasecount="1" result="Passed" start-time="2020-08-01 18:03:13Z" end-time="2020-08-01 18:03:13Z" duration="0.003237" total="1" passed="1" failed="0" inconclusive="0" skipped="0" asserts="1">
        <test-case id="0-1093" name="TestEosExceptionU4" fullname="Kaitai.SpecEosExceptionU4.TestEosExceptionU4" methodname="TestEosExceptionU4" classname="Kaitai.SpecEosExceptionU4" runstate="Runnable" seed="851819526" result="Passed" start-time="2020-08-01 18:03:13Z" end-time="2020-08-01 18:03:13Z" duration="0.000689" asserts="1" />
      </test-suite>
      <test-suite type="TestFixture" id="0-1094" name="SpecExpr0" fullname="Kaitai.SpecExpr0" classname="Kaitai.SpecExpr0" runstate="Runnable" testcasecount="1" result="Passed" start-time="2020-08-01 18:03:13Z" end-time="2020-08-01 18:03:13Z" duration="0.003113" total="1" passed="1" failed="0" inconclusive="0" skipped="0" asserts="2">
        <test-case id="0-1095" name="TestExpr0" fullname="Kaitai.SpecExpr0.TestExpr0" methodname="TestExpr0" classname="Kaitai.SpecExpr0" runstate="Runnable" seed="1714865874" result="Passed" start-time="2020-08-01 18:03:13Z" end-time="2020-08-01 18:03:13Z" duration="0.000603" asserts="2" />
      </test-suite>
      <test-suite type="TestFixture" id="0-1096" name="SpecExpr1" fullname="Kaitai.SpecExpr1" classname="Kaitai.SpecExpr1" runstate="Runnable" testcasecount="1" result="Passed" start-time="2020-08-01 18:03:13Z" end-time="2020-08-01 18:03:13Z" duration="0.003012" total="1" passed="1" failed="0" inconclusive="0" skipped="0" asserts="4">
        <test-case id="0-1097" name="TestExpr1" fullname="Kaitai.SpecExpr1.TestExpr1" methodname="TestExpr1" classname="Kaitai.SpecExpr1" runstate="Runnable" seed="319892836" result="Passed" start-time="2020-08-01 18:03:13Z" end-time="2020-08-01 18:03:13Z" duration="0.000590" asserts="4" />
      </test-suite>
      <test-suite type="TestFixture" id="0-1098" name="SpecExpr2" fullname="Kaitai.SpecExpr2" classname="Kaitai.SpecExpr2" runstate="Runnable" testcasecount="1" result="Passed" start-time="2020-08-01 18:03:13Z" end-time="2020-08-01 18:03:13Z" duration="0.004321" total="1" passed="1" failed="0" inconclusive="0" skipped="0" asserts="17">
        <test-case id="0-1099" name="TestExpr2" fullname="Kaitai.SpecExpr2.TestExpr2" methodname="TestExpr2" classname="Kaitai.SpecExpr2" runstate="Runnable" seed="176770612" result="Passed" start-time="2020-08-01 18:03:13Z" end-time="2020-08-01 18:03:13Z" duration="0.001792" asserts="17" />
      </test-suite>
      <test-suite type="TestFixture" id="0-1100" name="SpecExpr3" fullname="Kaitai.SpecExpr3" classname="Kaitai.SpecExpr3" runstate="Runnable" testcasecount="1" result="Passed" start-time="2020-08-01 18:03:13Z" end-time="2020-08-01 18:03:14Z" duration="0.004192" total="1" passed="1" failed="0" inconclusive="0" skipped="0" asserts="12">
        <test-case id="0-1101" name="TestExpr3" fullname="Kaitai.SpecExpr3.TestExpr3" methodname="TestExpr3" classname="Kaitai.SpecExpr3" runstate="Runnable" seed="1103666628" result="Passed" start-time="2020-08-01 18:03:13Z" end-time="2020-08-01 18:03:14Z" duration="0.001686" asserts="12" />
      </test-suite>
      <test-suite type="TestFixture" id="0-1102" name="SpecExprArray" fullname="Kaitai.SpecExprArray" classname="Kaitai.SpecExprArray" runstate="Runnable" testcasecount="1" result="Passed" start-time="2020-08-01 18:03:14Z" end-time="2020-08-01 18:03:14Z" duration="0.010526" total="1" passed="1" failed="0" inconclusive="0" skipped="0" asserts="15">
        <test-case id="0-1103" name="TestExprArray" fullname="Kaitai.SpecExprArray.TestExprArray" methodname="TestExprArray" classname="Kaitai.SpecExprArray" runstate="Runnable" seed="901795522" result="Passed" start-time="2020-08-01 18:03:14Z" end-time="2020-08-01 18:03:14Z" duration="0.007958" asserts="15" />
      </test-suite>
      <test-suite type="TestFixture" id="0-1104" name="SpecExprBytesCmp" fullname="Kaitai.SpecExprBytesCmp" classname="Kaitai.SpecExprBytesCmp" runstate="Runnable" testcasecount="1" result="Passed" start-time="2020-08-01 18:03:14Z" end-time="2020-08-01 18:03:14Z" duration="0.003966" total="1" passed="1" failed="0" inconclusive="0" skipped="0" asserts="10">
        <test-case id="0-1105" name="TestExprBytesCmp" fullname="Kaitai.SpecExprBytesCmp.TestExprBytesCmp" methodname="TestExprBytesCmp" classname="Kaitai.SpecExprBytesCmp" runstate="Runnable" seed="141230529" result="Passed" start-time="2020-08-01 18:03:14Z" end-time="2020-08-01 18:03:14Z" duration="0.001471" asserts="10" />
      </test-suite>
      <test-suite type="TestFixture" id="0-1106" name="SpecExprBytesOps" fullname="Kaitai.SpecExprBytesOps" classname="Kaitai.SpecExprBytesOps" runstate="Runnable" testcasecount="1" result="Passed" start-time="2020-08-01 18:03:14Z" end-time="2020-08-01 18:03:14Z" duration="0.005448" total="1" passed="1" failed="0" inconclusive="0" skipped="0" asserts="12">
        <test-case id="0-1107" name="TestExprBytesOps" fullname="Kaitai.SpecExprBytesOps.TestExprBytesOps" methodname="TestExprBytesOps" classname="Kaitai.SpecExprBytesOps" runstate="Runnable" seed="985047859" result="Passed" start-time="2020-08-01 18:03:14Z" end-time="2020-08-01 18:03:14Z" duration="0.002870" asserts="12" />
      </test-suite>
      <test-suite type="TestFixture" id="0-1108" name="SpecExprCalcArrayOps" fullname="Kaitai.SpecExprCalcArrayOps" classname="Kaitai.SpecExprCalcArrayOps" runstate="Runnable" testcasecount="1" result="Passed" start-time="2020-08-01 18:03:14Z" end-time="2020-08-01 18:03:14Z" duration="0.006252" total="1" passed="1" failed="0" inconclusive="0" skipped="0" asserts="18">
        <test-case id="0-1109" name="TestExprCalcArrayOps" fullname="Kaitai.SpecExprCalcArrayOps.TestExprCalcArrayOps" methodname="TestExprCalcArrayOps" classname="Kaitai.SpecExprCalcArrayOps" runstate="Runnable" seed="185161050" result="Passed" start-time="2020-08-01 18:03:14Z" end-time="2020-08-01 18:03:14Z" duration="0.003764" asserts="18" />
      </test-suite>
      <test-suite type="TestFixture" id="0-1110" name="SpecExprEnum" fullname="Kaitai.SpecExprEnum" classname="Kaitai.SpecExprEnum" runstate="Runnable" testcasecount="1" result="Passed" start-time="2020-08-01 18:03:14Z" end-time="2020-08-01 18:03:14Z" duration="0.003105" total="1" passed="1" failed="0" inconclusive="0" skipped="0" asserts="3">
        <test-case id="0-1111" name="TestExprEnum" fullname="Kaitai.SpecExprEnum.TestExprEnum" methodname="TestExprEnum" classname="Kaitai.SpecExprEnum" runstate="Runnable" seed="620968331" result="Passed" start-time="2020-08-01 18:03:14Z" end-time="2020-08-01 18:03:14Z" duration="0.000662" asserts="3" />
      </test-suite>
      <test-suite type="TestFixture" id="0-1112" name="SpecExprIfIntOps" fullname="Kaitai.SpecExprIfIntOps" classname="Kaitai.SpecExprIfIntOps" runstate="Runnable" testcasecount="1" result="Passed" start-time="2020-08-01 18:03:14Z" end-time="2020-08-01 18:03:14Z" duration="0.003687" total="1" passed="1" failed="0" inconclusive="0" skipped="0" asserts="2">
        <test-case id="0-1113" name="TestExprIfIntOps" fullname="Kaitai.SpecExprIfIntOps.TestExprIfIntOps" methodname="TestExprIfIntOps" classname="Kaitai.SpecExprIfIntOps" runstate="Runnable" seed="1335171905" result="Passed" start-time="2020-08-01 18:03:14Z" end-time="2020-08-01 18:03:14Z" duration="0.001155" asserts="2" />
      </test-suite>
      <test-suite type="TestFixture" id="0-1114" name="SpecExprIntDiv" fullname="Kaitai.SpecExprIntDiv" classname="Kaitai.SpecExprIntDiv" runstate="Runnable" testcasecount="1" result="Failed" site="Child" start-time="2020-08-01 18:03:14Z" end-time="2020-08-01 18:03:14Z" duration="0.014099" total="1" passed="0" failed="1" inconclusive="0" skipped="0" asserts="4">
        <failure>
          <message><![CDATA[One or more child tests had errors]]></message>
        </failure>
        <test-case id="0-1115" name="TestExprIntDiv" fullname="Kaitai.SpecExprIntDiv.TestExprIntDiv" methodname="TestExprIntDiv" classname="Kaitai.SpecExprIntDiv" runstate="Runnable" seed="1502723550" result="Failed" start-time="2020-08-01 18:03:14Z" end-time="2020-08-01 18:03:14Z" duration="0.011576" asserts="4">
          <failure>
            <message><![CDATA[  Expected: -756
  But was:  -757
]]></message>
            <stack-trace><![CDATA[at Kaitai.SpecExprIntDiv.TestExprIntDiv () [0x00069] in <6e0eaceb2f6c42019963f0972a5930e8>:0
]]></stack-trace>
          </failure>
        </test-case>
      </test-suite>
      <test-suite type="TestFixture" id="0-1116" name="SpecExprIoEof" fullname="Kaitai.SpecExprIoEof" classname="Kaitai.SpecExprIoEof" runstate="Runnable" testcasecount="1" result="Passed" start-time="2020-08-01 18:03:14Z" end-time="2020-08-01 18:03:14Z" duration="0.003923" total="1" passed="1" failed="0" inconclusive="0" skipped="0" asserts="4">
        <test-case id="0-1117" name="TestExprIoEof" fullname="Kaitai.SpecExprIoEof.TestExprIoEof" methodname="TestExprIoEof" classname="Kaitai.SpecExprIoEof" runstate="Runnable" seed="652276773" result="Passed" start-time="2020-08-01 18:03:14Z" end-time="2020-08-01 18:03:14Z" duration="0.001130" asserts="4" />
      </test-suite>
      <test-suite type="TestFixture" id="0-1118" name="SpecExprIoPos" fullname="Kaitai.SpecExprIoPos" classname="Kaitai.SpecExprIoPos" runstate="Runnable" testcasecount="1" result="Passed" start-time="2020-08-01 18:03:14Z" end-time="2020-08-01 18:03:14Z" duration="0.003264" total="1" passed="1" failed="0" inconclusive="0" skipped="0" asserts="6">
        <test-case id="0-1119" name="TestExprIoPos" fullname="Kaitai.SpecExprIoPos.TestExprIoPos" methodname="TestExprIoPos" classname="Kaitai.SpecExprIoPos" runstate="Runnable" seed="612263057" result="Passed" start-time="2020-08-01 18:03:14Z" end-time="2020-08-01 18:03:14Z" duration="0.000857" asserts="6" />
      </test-suite>
      <test-suite type="TestFixture" id="0-1120" name="SpecExprMod" fullname="Kaitai.SpecExprMod" classname="Kaitai.SpecExprMod" runstate="Runnable" testcasecount="1" result="Passed" start-time="2020-08-01 18:03:14Z" end-time="2020-08-01 18:03:14Z" duration="0.003220" total="1" passed="1" failed="0" inconclusive="0" skipped="0" asserts="6">
        <test-case id="0-1121" name="TestExprMod" fullname="Kaitai.SpecExprMod.TestExprMod" methodname="TestExprMod" classname="Kaitai.SpecExprMod" runstate="Runnable" seed="1486603482" result="Passed" start-time="2020-08-01 18:03:14Z" end-time="2020-08-01 18:03:14Z" duration="0.000805" asserts="6" />
      </test-suite>
      <test-suite type="TestFixture" id="0-1122" name="SpecExprSizeofType0" fullname="Kaitai.SpecExprSizeofType0" classname="Kaitai.SpecExprSizeofType0" runstate="Runnable" testcasecount="1" result="Passed" start-time="2020-08-01 18:03:14Z" end-time="2020-08-01 18:03:14Z" duration="0.002929" total="1" passed="1" failed="0" inconclusive="0" skipped="0" asserts="1">
        <test-case id="0-1123" name="TestExprSizeofType0" fullname="Kaitai.SpecExprSizeofType0.TestExprSizeofType0" methodname="TestExprSizeofType0" classname="Kaitai.SpecExprSizeofType0" runstate="Runnable" seed="1402837366" result="Passed" start-time="2020-08-01 18:03:14Z" end-time="2020-08-01 18:03:14Z" duration="0.000529" asserts="1" />
      </test-suite>
      <test-suite type="TestFixture" id="0-1124" name="SpecExprSizeofType1" fullname="Kaitai.SpecExprSizeofType1" classname="Kaitai.SpecExprSizeofType1" runstate="Runnable" testcasecount="1" result="Passed" start-time="2020-08-01 18:03:14Z" end-time="2020-08-01 18:03:14Z" duration="0.002988" total="1" passed="1" failed="0" inconclusive="0" skipped="0" asserts="2">
        <test-case id="0-1125" name="TestExprSizeofType1" fullname="Kaitai.SpecExprSizeofType1.TestExprSizeofType1" methodname="TestExprSizeofType1" classname="Kaitai.SpecExprSizeofType1" runstate="Runnable" seed="2078143002" result="Passed" start-time="2020-08-01 18:03:14Z" end-time="2020-08-01 18:03:14Z" duration="0.000494" asserts="2" />
      </test-suite>
      <test-suite type="TestFixture" id="0-1126" name="SpecExprSizeofValue0" fullname="Kaitai.SpecExprSizeofValue0" classname="Kaitai.SpecExprSizeofValue0" runstate="Runnable" testcasecount="1" result="Passed" start-time="2020-08-01 18:03:14Z" end-time="2020-08-01 18:03:14Z" duration="0.003335" total="1" passed="1" failed="0" inconclusive="0" skipped="0" asserts="5">
        <test-case id="0-1127" name="TestExprSizeofValue0" fullname="Kaitai.SpecExprSizeofValue0.TestExprSizeofValue0" methodname="TestExprSizeofValue0" classname="Kaitai.SpecExprSizeofValue0" runstate="Runnable" seed="1799708179" result="Passed" start-time="2020-08-01 18:03:14Z" end-time="2020-08-01 18:03:14Z" duration="0.000889" asserts="5" />
      </test-suite>
      <test-suite type="TestFixture" id="0-1128" name="SpecExprSizeofValueSized" fullname="Kaitai.SpecExprSizeofValueSized" classname="Kaitai.SpecExprSizeofValueSized" runstate="Runnable" testcasecount="1" result="Passed" start-time="2020-08-01 18:03:14Z" end-time="2020-08-01 18:03:14Z" duration="0.003311" total="1" passed="1" failed="0" inconclusive="0" skipped="0" asserts="5">
        <test-case id="0-1129" name="TestExprSizeofValueSized" fullname="Kaitai.SpecExprSizeofValueSized.TestExprSizeofValueSized" methodname="TestExprSizeofValueSized" classname="Kaitai.SpecExprSizeofValueSized" runstate="Runnable" seed="2011503752" result="Passed" start-time="2020-08-01 18:03:14Z" end-time="2020-08-01 18:03:14Z" duration="0.000908" asserts="5" />
      </test-suite>
      <test-suite type="TestFixture" id="0-1130" name="SpecExprStrOps" fullname="Kaitai.SpecExprStrOps" classname="Kaitai.SpecExprStrOps" runstate="Runnable" testcasecount="1" result="Passed" start-time="2020-08-01 18:03:14Z" end-time="2020-08-01 18:03:14Z" duration="0.006851" total="1" passed="1" failed="0" inconclusive="0" skipped="0" asserts="17">
        <test-case id="0-1131" name="TestExprStrOps" fullname="Kaitai.SpecExprStrOps.TestExprStrOps" methodname="TestExprStrOps" classname="Kaitai.SpecExprStrOps" runstate="Runnable" seed="1296106217" result="Passed" start-time="2020-08-01 18:03:14Z" end-time="2020-08-01 18:03:14Z" duration="0.004412" asserts="17" />
      </test-suite>
      <test-suite type="TestFixture" id="0-1132" name="SpecFixedContents" fullname="Kaitai.SpecFixedContents" classname="Kaitai.SpecFixedContents" runstate="Runnable" testcasecount="1" result="Passed" start-time="2020-08-01 18:03:14Z" end-time="2020-08-01 18:03:14Z" duration="0.002956" total="1" passed="1" failed="0" inconclusive="0" skipped="0" asserts="0">
        <test-case id="0-1133" name="TestFixedContents" fullname="Kaitai.SpecFixedContents.TestFixedContents" methodname="TestFixedContents" classname="Kaitai.SpecFixedContents" runstate="Runnable" seed="1734114873" result="Passed" start-time="2020-08-01 18:03:14Z" end-time="2020-08-01 18:03:14Z" duration="0.000546" asserts="0" />
      </test-suite>
      <test-suite type="TestFixture" id="0-1134" name="SpecFixedStruct" fullname="Kaitai.SpecFixedStruct" classname="Kaitai.SpecFixedStruct" runstate="Runnable" testcasecount="1" result="Passed" start-time="2020-08-01 18:03:14Z" end-time="2020-08-01 18:03:14Z" duration="0.004806" total="1" passed="1" failed="0" inconclusive="0" skipped="0" asserts="20">
        <test-case id="0-1135" name="TestFixedStruct" fullname="Kaitai.SpecFixedStruct.TestFixedStruct" methodname="TestFixedStruct" classname="Kaitai.SpecFixedStruct" runstate="Runnable" seed="199200036" result="Passed" start-time="2020-08-01 18:03:14Z" end-time="2020-08-01 18:03:14Z" duration="0.002274" asserts="20" />
      </test-suite>
      <test-suite type="TestFixture" id="0-1138" name="SpecFloatingPoints" fullname="Kaitai.SpecFloatingPoints" classname="Kaitai.SpecFloatingPoints" runstate="Runnable" testcasecount="1" result="Passed" start-time="2020-08-01 18:03:14Z" end-time="2020-08-01 18:03:14Z" duration="0.003491" total="1" passed="1" failed="0" inconclusive="0" skipped="0" asserts="8">
        <test-case id="0-1139" name="TestFloatingPoints" fullname="Kaitai.SpecFloatingPoints.TestFloatingPoints" methodname="TestFloatingPoints" classname="Kaitai.SpecFloatingPoints" runstate="Runnable" seed="257220003" result="Passed" start-time="2020-08-01 18:03:14Z" end-time="2020-08-01 18:03:14Z" duration="0.001020" asserts="8" />
      </test-suite>
      <test-suite type="TestFixture" id="0-1136" name="SpecFloatToI" fullname="Kaitai.SpecFloatToI" classname="Kaitai.SpecFloatToI" runstate="Runnable" testcasecount="1" result="Passed" start-time="2020-08-01 18:03:14Z" end-time="2020-08-01 18:03:14Z" duration="0.003463" total="1" passed="1" failed="0" inconclusive="0" skipped="0" asserts="8">
        <test-case id="0-1137" name="TestFloatToI" fullname="Kaitai.SpecFloatToI.TestFloatToI" methodname="TestFloatToI" classname="Kaitai.SpecFloatToI" runstate="Runnable" seed="2038689244" result="Passed" start-time="2020-08-01 18:03:14Z" end-time="2020-08-01 18:03:14Z" duration="0.001012" asserts="8" />
      </test-suite>
      <test-suite type="TestFixture" id="0-1140" name="SpecHelloWorld" fullname="Kaitai.SpecHelloWorld" classname="Kaitai.SpecHelloWorld" runstate="Runnable" testcasecount="1" result="Passed" start-time="2020-08-01 18:03:14Z" end-time="2020-08-01 18:03:14Z" duration="0.002651" total="1" passed="1" failed="0" inconclusive="0" skipped="0" asserts="1">
        <test-case id="0-1141" name="TestHelloWorld" fullname="Kaitai.SpecHelloWorld.TestHelloWorld" methodname="TestHelloWorld" classname="Kaitai.SpecHelloWorld" runstate="Runnable" seed="873544551" result="Passed" start-time="2020-08-01 18:03:14Z" end-time="2020-08-01 18:03:14Z" duration="0.000251" asserts="1" />
      </test-suite>
      <test-suite type="TestFixture" id="0-1142" name="SpecIfInstances" fullname="Kaitai.SpecIfInstances" classname="Kaitai.SpecIfInstances" runstate="Runnable" testcasecount="1" result="Passed" start-time="2020-08-01 18:03:14Z" end-time="2020-08-01 18:03:14Z" duration="0.002882" total="1" passed="1" failed="0" inconclusive="0" skipped="0" asserts="1">
        <test-case id="0-1143" name="TestIfInstances" fullname="Kaitai.SpecIfInstances.TestIfInstances" methodname="TestIfInstances" classname="Kaitai.SpecIfInstances" runstate="Runnable" seed="1270513201" result="Passed" start-time="2020-08-01 18:03:14Z" end-time="2020-08-01 18:03:14Z" duration="0.000463" asserts="1" />
      </test-suite>
      <test-suite type="TestFixture" id="0-1144" name="SpecIfStruct" fullname="Kaitai.SpecIfStruct" classname="Kaitai.SpecIfStruct" runstate="Runnable" testcasecount="1" result="Passed" start-time="2020-08-01 18:03:14Z" end-time="2020-08-01 18:03:14Z" duration="0.003341" total="1" passed="1" failed="0" inconclusive="0" skipped="0" asserts="7">
        <test-case id="0-1145" name="TestIfStruct" fullname="Kaitai.SpecIfStruct.TestIfStruct" methodname="TestIfStruct" classname="Kaitai.SpecIfStruct" runstate="Runnable" seed="1815062771" result="Passed" start-time="2020-08-01 18:03:14Z" end-time="2020-08-01 18:03:14Z" duration="0.000956" asserts="7" />
      </test-suite>
      <test-suite type="TestFixture" id="0-1146" name="SpecIfValues" fullname="Kaitai.SpecIfValues" classname="Kaitai.SpecIfValues" runstate="Runnable" testcasecount="1" result="Passed" start-time="2020-08-01 18:03:14Z" end-time="2020-08-01 18:03:14Z" duration="0.003585" total="1" passed="1" failed="0" inconclusive="0" skipped="0" asserts="6">
        <test-case id="0-1147" name="TestIfValues" fullname="Kaitai.SpecIfValues.TestIfValues" methodname="TestIfValues" classname="Kaitai.SpecIfValues" runstate="Runnable" seed="682380117" result="Passed" start-time="2020-08-01 18:03:14Z" end-time="2020-08-01 18:03:14Z" duration="0.001178" asserts="6" />
      </test-suite>
      <test-suite type="TestFixture" id="0-1148" name="SpecImports0" fullname="Kaitai.SpecImports0" classname="Kaitai.SpecImports0" runstate="Runnable" testcasecount="1" result="Passed" start-time="2020-08-01 18:03:14Z" end-time="2020-08-01 18:03:14Z" duration="0.003052" total="1" passed="1" failed="0" inconclusive="0" skipped="0" asserts="3">
        <test-case id="0-1149" name="TestImports0" fullname="Kaitai.SpecImports0.TestImports0" methodname="TestImports0" classname="Kaitai.SpecImports0" runstate="Runnable" seed="504167715" result="Passed" start-time="2020-08-01 18:03:14Z" end-time="2020-08-01 18:03:14Z" duration="0.000636" asserts="3" />
      </test-suite>
      <test-suite type="TestFixture" id="0-1150" name="SpecImportsAbs" fullname="Kaitai.SpecImportsAbs" classname="Kaitai.SpecImportsAbs" runstate="Runnable" testcasecount="1" result="Passed" start-time="2020-08-01 18:03:14Z" end-time="2020-08-01 18:03:14Z" duration="0.004154" total="1" passed="1" failed="0" inconclusive="0" skipped="0" asserts="2">
        <test-case id="0-1151" name="TestImportsAbs" fullname="Kaitai.SpecImportsAbs.TestImportsAbs" methodname="TestImportsAbs" classname="Kaitai.SpecImportsAbs" runstate="Runnable" seed="602691547" result="Passed" start-time="2020-08-01 18:03:14Z" end-time="2020-08-01 18:03:14Z" duration="0.001723" asserts="2" />
      </test-suite>
      <test-suite type="TestFixture" id="0-1152" name="SpecImportsAbsAbs" fullname="Kaitai.SpecImportsAbsAbs" classname="Kaitai.SpecImportsAbsAbs" runstate="Runnable" testcasecount="1" result="Passed" start-time="2020-08-01 18:03:14Z" end-time="2020-08-01 18:03:14Z" duration="0.003257" total="1" passed="1" failed="0" inconclusive="0" skipped="0" asserts="3">
        <test-case id="0-1153" name="TestImportsAbsAbs" fullname="Kaitai.SpecImportsAbsAbs.TestImportsAbsAbs" methodname="TestImportsAbsAbs" classname="Kaitai.SpecImportsAbsAbs" runstate="Runnable" seed="573845906" result="Passed" start-time="2020-08-01 18:03:14Z" end-time="2020-08-01 18:03:14Z" duration="0.000785" asserts="3" />
      </test-suite>
      <test-suite type="TestFixture" id="0-1154" name="SpecImportsAbsRel" fullname="Kaitai.SpecImportsAbsRel" classname="Kaitai.SpecImportsAbsRel" runstate="Runnable" testcasecount="1" result="Passed" start-time="2020-08-01 18:03:14Z" end-time="2020-08-01 18:03:14Z" duration="0.003139" total="1" passed="1" failed="0" inconclusive="0" skipped="0" asserts="3">
        <test-case id="0-1155" name="TestImportsAbsRel" fullname="Kaitai.SpecImportsAbsRel.TestImportsAbsRel" methodname="TestImportsAbsRel" classname="Kaitai.SpecImportsAbsRel" runstate="Runnable" seed="792837676" result="Passed" start-time="2020-08-01 18:03:14Z" end-time="2020-08-01 18:03:14Z" duration="0.000666" asserts="3" />
      </test-suite>
      <test-suite type="TestFixture" id="0-1156" name="SpecImportsCircularA" fullname="Kaitai.SpecImportsCircularA" classname="Kaitai.SpecImportsCircularA" runstate="Runnable" testcasecount="1" result="Passed" start-time="2020-08-01 18:03:14Z" end-time="2020-08-01 18:03:14Z" duration="0.003275" total="1" passed="1" failed="0" inconclusive="0" skipped="0" asserts="5">
        <test-case id="0-1157" name="TestImportsCircularA" fullname="Kaitai.SpecImportsCircularA.TestImportsCircularA" methodname="TestImportsCircularA" classname="Kaitai.SpecImportsCircularA" runstate="Runnable" seed="1556610973" result="Passed" start-time="2020-08-01 18:03:14Z" end-time="2020-08-01 18:03:14Z" duration="0.000821" asserts="5" />
      </test-suite>
      <test-suite type="TestFixture" id="0-1158" name="SpecImportsRel1" fullname="Kaitai.SpecImportsRel1" classname="Kaitai.SpecImportsRel1" runstate="Runnable" testcasecount="1" result="Passed" start-time="2020-08-01 18:03:14Z" end-time="2020-08-01 18:03:14Z" duration="0.003254" total="1" passed="1" failed="0" inconclusive="0" skipped="0" asserts="3">
        <test-case id="0-1159" name="TestImportsRel1" fullname="Kaitai.SpecImportsRel1.TestImportsRel1" methodname="TestImportsRel1" classname="Kaitai.SpecImportsRel1" runstate="Runnable" seed="586347531" result="Passed" start-time="2020-08-01 18:03:14Z" end-time="2020-08-01 18:03:14Z" duration="0.000791" asserts="3" />
      </test-suite>
      <test-suite type="TestFixture" id="0-1160" name="SpecIndexSizes" fullname="Kaitai.SpecIndexSizes" classname="Kaitai.SpecIndexSizes" runstate="Runnable" testcasecount="1" result="Passed" start-time="2020-08-01 18:03:14Z" end-time="2020-08-01 18:03:14Z" duration="0.003446" total="1" passed="1" failed="0" inconclusive="0" skipped="0" asserts="7">
        <test-case id="0-1161" name="TestIndexSizes" fullname="Kaitai.SpecIndexSizes.TestIndexSizes" methodname="TestIndexSizes" classname="Kaitai.SpecIndexSizes" runstate="Runnable" seed="1655720580" result="Passed" start-time="2020-08-01 18:03:14Z" end-time="2020-08-01 18:03:14Z" duration="0.000952" asserts="7" />
      </test-suite>
      <test-suite type="TestFixture" id="0-1162" name="SpecIndexToParamEos" fullname="Kaitai.SpecIndexToParamEos" classname="Kaitai.SpecIndexToParamEos" runstate="Runnable" testcasecount="1" result="Passed" start-time="2020-08-01 18:03:14Z" end-time="2020-08-01 18:03:14Z" duration="0.003796" total="1" passed="1" failed="0" inconclusive="0" skipped="0" asserts="7">
        <test-case id="0-1163" name="TestIndexToParamEos" fullname="Kaitai.SpecIndexToParamEos.TestIndexToParamEos" methodname="TestIndexToParamEos" classname="Kaitai.SpecIndexToParamEos" runstate="Runnable" seed="2015988741" result="Passed" start-time="2020-08-01 18:03:14Z" end-time="2020-08-01 18:03:14Z" duration="0.001285" asserts="7" />
      </test-suite>
      <test-suite type="TestFixture" id="0-1164" name="SpecIndexToParamExpr" fullname="Kaitai.SpecIndexToParamExpr" classname="Kaitai.SpecIndexToParamExpr" runstate="Runnable" testcasecount="1" result="Passed" start-time="2020-08-01 18:03:14Z" end-time="2020-08-01 18:03:14Z" duration="0.003848" total="1" passed="1" failed="0" inconclusive="0" skipped="0" asserts="7">
        <test-case id="0-1165" name="TestIndexToParamExpr" fullname="Kaitai.SpecIndexToParamExpr.TestIndexToParamExpr" methodname="TestIndexToParamExpr" classname="Kaitai.SpecIndexToParamExpr" runstate="Runnable" seed="2053103595" result="Passed" start-time="2020-08-01 18:03:14Z" end-time="2020-08-01 18:03:14Z" duration="0.001333" asserts="7" />
      </test-suite>
      <test-suite type="TestFixture" id="0-1166" name="SpecIndexToParamUntil" fullname="Kaitai.SpecIndexToParamUntil" classname="Kaitai.SpecIndexToParamUntil" runstate="Runnable" testcasecount="1" result="Passed" start-time="2020-08-01 18:03:14Z" end-time="2020-08-01 18:03:14Z" duration="0.003820" total="1" passed="1" failed="0" inconclusive="0" skipped="0" asserts="7">
        <test-case id="0-1167" name="TestIndexToParamUntil" fullname="Kaitai.SpecIndexToParamUntil.TestIndexToParamUntil" methodname="TestIndexToParamUntil" classname="Kaitai.SpecIndexToParamUntil" runstate="Runnable" seed="582188669" result="Passed" start-time="2020-08-01 18:03:14Z" end-time="2020-08-01 18:03:14Z" duration="0.001274" asserts="7" />
      </test-suite>
      <test-suite type="TestFixture" id="0-1168" name="SpecInstanceIoUser" fullname="Kaitai.SpecInstanceIoUser" classname="Kaitai.SpecInstanceIoUser" runstate="Runnable" testcasecount="1" result="Passed" start-time="2020-08-01 18:03:14Z" end-time="2020-08-01 18:03:14Z" duration="0.004099" total="1" passed="1" failed="0" inconclusive="0" skipped="0" asserts="4">
        <test-case id="0-1169" name="TestInstanceIoUser" fullname="Kaitai.SpecInstanceIoUser.TestInstanceIoUser" methodname="TestInstanceIoUser" classname="Kaitai.SpecInstanceIoUser" runstate="Runnable" seed="665771312" result="Passed" start-time="2020-08-01 18:03:14Z" end-time="2020-08-01 18:03:14Z" duration="0.001558" asserts="4" />
      </test-suite>
      <test-suite type="TestFixture" id="0-1170" name="SpecInstanceStd" fullname="Kaitai.SpecInstanceStd" classname="Kaitai.SpecInstanceStd" runstate="Runnable" testcasecount="1" result="Passed" start-time="2020-08-01 18:03:14Z" end-time="2020-08-01 18:03:14Z" duration="0.002984" total="1" passed="1" failed="0" inconclusive="0" skipped="0" asserts="1">
        <test-case id="0-1171" name="TestInstanceStd" fullname="Kaitai.SpecInstanceStd.TestInstanceStd" methodname="TestInstanceStd" classname="Kaitai.SpecInstanceStd" runstate="Runnable" seed="1929920294" result="Passed" start-time="2020-08-01 18:03:14Z" end-time="2020-08-01 18:03:14Z" duration="0.000471" asserts="1" />
      </test-suite>
      <test-suite type="TestFixture" id="0-1172" name="SpecInstanceStdArray" fullname="Kaitai.SpecInstanceStdArray" classname="Kaitai.SpecInstanceStdArray" runstate="Runnable" testcasecount="1" result="Passed" start-time="2020-08-01 18:03:14Z" end-time="2020-08-01 18:03:14Z" duration="0.003375" total="1" passed="1" failed="0" inconclusive="0" skipped="0" asserts="7">
        <test-case id="0-1173" name="TestInstanceStdArray" fullname="Kaitai.SpecInstanceStdArray.TestInstanceStdArray" methodname="TestInstanceStdArray" classname="Kaitai.SpecInstanceStdArray" runstate="Runnable" seed="2015996640" result="Passed" start-time="2020-08-01 18:03:14Z" end-time="2020-08-01 18:03:14Z" duration="0.000903" asserts="7" />
      </test-suite>
      <test-suite type="TestFixture" id="0-1174" name="SpecInstanceUserArray" fullname="Kaitai.SpecInstanceUserArray" classname="Kaitai.SpecInstanceUserArray" runstate="Runnable" testcasecount="1" result="Passed" start-time="2020-08-01 18:03:14Z" end-time="2020-08-01 18:03:14Z" duration="0.003789" total="1" passed="1" failed="0" inconclusive="0" skipped="0" asserts="10">
        <test-case id="0-1175" name="TestInstanceUserArray" fullname="Kaitai.SpecInstanceUserArray.TestInstanceUserArray" methodname="TestInstanceUserArray" classname="Kaitai.SpecInstanceUserArray" runstate="Runnable" seed="555557016" result="Passed" start-time="2020-08-01 18:03:14Z" end-time="2020-08-01 18:03:14Z" duration="0.001263" asserts="10" />
      </test-suite>
      <test-suite type="TestFixture" id="0-1176" name="SpecIntegers" fullname="Kaitai.SpecIntegers" classname="Kaitai.SpecIntegers" runstate="Runnable" testcasecount="1" result="Passed" start-time="2020-08-01 18:03:14Z" end-time="2020-08-01 18:03:14Z" duration="0.004000" total="1" passed="1" failed="0" inconclusive="0" skipped="0" asserts="20">
        <test-case id="0-1177" name="TestIntegers" fullname="Kaitai.SpecIntegers.TestIntegers" methodname="TestIntegers" classname="Kaitai.SpecIntegers" runstate="Runnable" seed="945078467" result="Passed" start-time="2020-08-01 18:03:14Z" end-time="2020-08-01 18:03:14Z" duration="0.001415" asserts="20" />
      </test-suite>
      <test-suite type="TestFixture" id="0-1178" name="SpecIntegersMinMax" fullname="Kaitai.SpecIntegersMinMax" classname="Kaitai.SpecIntegersMinMax" runstate="Runnable" testcasecount="1" result="Passed" start-time="2020-08-01 18:03:14Z" end-time="2020-08-01 18:03:14Z" duration="0.004253" total="1" passed="1" failed="0" inconclusive="0" skipped="0" asserts="28">
        <test-case id="0-1179" name="TestIntegersMinMax" fullname="Kaitai.SpecIntegersMinMax.TestIntegersMinMax" methodname="TestIntegersMinMax" classname="Kaitai.SpecIntegersMinMax" runstate="Runnable" seed="276505245" result="Passed" start-time="2020-08-01 18:03:14Z" end-time="2020-08-01 18:03:14Z" duration="0.001682" asserts="28" />
      </test-suite>
      <test-suite type="TestFixture" id="0-1180" name="SpecIoLocalVar" fullname="Kaitai.SpecIoLocalVar" classname="Kaitai.SpecIoLocalVar" runstate="Runnable" testcasecount="1" result="Passed" start-time="2020-08-01 18:03:14Z" end-time="2020-08-01 18:03:14Z" duration="0.003542" total="1" passed="1" failed="0" inconclusive="0" skipped="0" asserts="2">
        <test-case id="0-1181" name="TestIoLocalVar" fullname="Kaitai.SpecIoLocalVar.TestIoLocalVar" methodname="TestIoLocalVar" classname="Kaitai.SpecIoLocalVar" runstate="Runnable" seed="229065876" result="Passed" start-time="2020-08-01 18:03:14Z" end-time="2020-08-01 18:03:14Z" duration="0.000862" asserts="2" />
      </test-suite>
      <test-suite type="TestFixture" id="0-1182" name="SpecJsSignedRightShift" fullname="Kaitai.SpecJsSignedRightShift" classname="Kaitai.SpecJsSignedRightShift" runstate="Runnable" testcasecount="1" result="Passed" start-time="2020-08-01 18:03:14Z" end-time="2020-08-01 18:03:14Z" duration="0.002954" total="1" passed="1" failed="0" inconclusive="0" skipped="0" asserts="2">
        <test-case id="0-1183" name="TestJsSignedRightShift" fullname="Kaitai.SpecJsSignedRightShift.TestJsSignedRightShift" methodname="TestJsSignedRightShift" classname="Kaitai.SpecJsSignedRightShift" runstate="Runnable" seed="543486154" result="Passed" start-time="2020-08-01 18:03:14Z" end-time="2020-08-01 18:03:14Z" duration="0.000416" asserts="2" />
      </test-suite>
      <test-suite type="TestFixture" id="0-1184" name="SpecMetaTags" fullname="Kaitai.SpecMetaTags" classname="Kaitai.SpecMetaTags" runstate="Runnable" testcasecount="1" result="Passed" start-time="2020-08-01 18:03:14Z" end-time="2020-08-01 18:03:14Z" duration="0.003080" total="1" passed="1" failed="0" inconclusive="0" skipped="0" asserts="0">
        <test-case id="0-1185" name="TestMetaTags" fullname="Kaitai.SpecMetaTags.TestMetaTags" methodname="TestMetaTags" classname="Kaitai.SpecMetaTags" runstate="Runnable" seed="1552275622" result="Passed" start-time="2020-08-01 18:03:14Z" end-time="2020-08-01 18:03:14Z" duration="0.000531" asserts="0" />
      </test-suite>
      <test-suite type="TestFixture" id="0-1186" name="SpecMetaXref" fullname="Kaitai.SpecMetaXref" classname="Kaitai.SpecMetaXref" runstate="Runnable" testcasecount="1" result="Passed" start-time="2020-08-01 18:03:14Z" end-time="2020-08-01 18:03:14Z" duration="0.002700" total="1" passed="1" failed="0" inconclusive="0" skipped="0" asserts="0">
        <test-case id="0-1187" name="TestMetaXref" fullname="Kaitai.SpecMetaXref.TestMetaXref" methodname="TestMetaXref" classname="Kaitai.SpecMetaXref" runstate="Runnable" seed="1444822153" result="Passed" start-time="2020-08-01 18:03:14Z" end-time="2020-08-01 18:03:14Z" duration="0.000272" asserts="0" />
      </test-suite>
      <test-suite type="TestFixture" id="0-1188" name="SpecMultipleUse" fullname="Kaitai.SpecMultipleUse" classname="Kaitai.SpecMultipleUse" runstate="Runnable" testcasecount="1" result="Passed" start-time="2020-08-01 18:03:14Z" end-time="2020-08-01 18:03:14Z" duration="0.003441" total="1" passed="1" failed="0" inconclusive="0" skipped="0" asserts="2">
        <test-case id="0-1189" name="TestMultipleUse" fullname="Kaitai.SpecMultipleUse.TestMultipleUse" methodname="TestMultipleUse" classname="Kaitai.SpecMultipleUse" runstate="Runnable" seed="1884798188" result="Passed" start-time="2020-08-01 18:03:14Z" end-time="2020-08-01 18:03:14Z" duration="0.000887" asserts="2" />
      </test-suite>
      <test-suite type="TestFixture" id="0-1190" name="SpecNavParent" fullname="Kaitai.SpecNavParent" classname="Kaitai.SpecNavParent" runstate="Runnable" testcasecount="1" result="Passed" start-time="2020-08-01 18:03:14Z" end-time="2020-08-01 18:03:14Z" duration="0.003794" total="1" passed="1" failed="0" inconclusive="0" skipped="0" asserts="5">
        <test-case id="0-1191" name="TestNavParent" fullname="Kaitai.SpecNavParent.TestNavParent" methodname="TestNavParent" classname="Kaitai.SpecNavParent" runstate="Runnable" seed="664234538" result="Passed" start-time="2020-08-01 18:03:14Z" end-time="2020-08-01 18:03:14Z" duration="0.001323" asserts="5" />
      </test-suite>
      <test-suite type="TestFixture" id="0-1192" name="SpecNavParent2" fullname="Kaitai.SpecNavParent2" classname="Kaitai.SpecNavParent2" runstate="Runnable" testcasecount="1" result="Passed" start-time="2020-08-01 18:03:14Z" end-time="2020-08-01 18:03:14Z" duration="0.003940" total="1" passed="1" failed="0" inconclusive="0" skipped="0" asserts="10">
        <test-case id="0-1193" name="TestNavParent2" fullname="Kaitai.SpecNavParent2.TestNavParent2" methodname="TestNavParent2" classname="Kaitai.SpecNavParent2" runstate="Runnable" seed="369191689" result="Passed" start-time="2020-08-01 18:03:14Z" end-time="2020-08-01 18:03:14Z" duration="0.001476" asserts="10" />
      </test-suite>
      <test-suite type="TestFixture" id="0-1194" name="SpecNavParent3" fullname="Kaitai.SpecNavParent3" classname="Kaitai.SpecNavParent3" runstate="Runnable" testcasecount="1" result="Passed" start-time="2020-08-01 18:03:14Z" end-time="2020-08-01 18:03:14Z" duration="0.004996" total="1" passed="1" failed="0" inconclusive="0" skipped="0" asserts="10">
        <test-case id="0-1195" name="TestNavParent3" fullname="Kaitai.SpecNavParent3.TestNavParent3" methodname="TestNavParent3" classname="Kaitai.SpecNavParent3" runstate="Runnable" seed="720436495" result="Passed" start-time="2020-08-01 18:03:14Z" end-time="2020-08-01 18:03:14Z" duration="0.002396" asserts="10" />
      </test-suite>
      <test-suite type="TestFixture" id="0-1196" name="SpecNavParentFalse" fullname="Kaitai.SpecNavParentFalse" classname="Kaitai.SpecNavParentFalse" runstate="Runnable" testcasecount="1" result="Passed" start-time="2020-08-01 18:03:14Z" end-time="2020-08-01 18:03:14Z" duration="0.004449" total="1" passed="1" failed="0" inconclusive="0" skipped="0" asserts="5">
        <test-case id="0-1197" name="TestNavParentFalse" fullname="Kaitai.SpecNavParentFalse.TestNavParentFalse" methodname="TestNavParentFalse" classname="Kaitai.SpecNavParentFalse" runstate="Runnable" seed="1240493516" result="Passed" start-time="2020-08-01 18:03:14Z" end-time="2020-08-01 18:03:14Z" duration="0.001758" asserts="5" />
      </test-suite>
      <test-suite type="TestFixture" id="0-1198" name="SpecNavParentFalse2" fullname="Kaitai.SpecNavParentFalse2" classname="Kaitai.SpecNavParentFalse2" runstate="Runnable" testcasecount="1" result="Passed" start-time="2020-08-01 18:03:14Z" end-time="2020-08-01 18:03:14Z" duration="0.003144" total="1" passed="1" failed="0" inconclusive="0" skipped="0" asserts="1">
        <test-case id="0-1199" name="TestNavParentFalse2" fullname="Kaitai.SpecNavParentFalse2.TestNavParentFalse2" methodname="TestNavParentFalse2" classname="Kaitai.SpecNavParentFalse2" runstate="Runnable" seed="2145980163" result="Passed" start-time="2020-08-01 18:03:14Z" end-time="2020-08-01 18:03:14Z" duration="0.000665" asserts="1" />
      </test-suite>
      <test-suite type="TestFixture" id="0-1200" name="SpecNavParentOverride" fullname="Kaitai.SpecNavParentOverride" classname="Kaitai.SpecNavParentOverride" runstate="Runnable" testcasecount="1" result="Passed" start-time="2020-08-01 18:03:14Z" end-time="2020-08-01 18:03:14Z" duration="0.003286" total="1" passed="1" failed="0" inconclusive="0" skipped="0" asserts="3">
        <test-case id="0-1201" name="TestNavParentOverride" fullname="Kaitai.SpecNavParentOverride.TestNavParentOverride" methodname="TestNavParentOverride" classname="Kaitai.SpecNavParentOverride" runstate="Runnable" seed="460413234" result="Passed" start-time="2020-08-01 18:03:14Z" end-time="2020-08-01 18:03:14Z" duration="0.000745" asserts="3" />
      </test-suite>
      <test-suite type="TestFixture" id="0-1202" name="SpecNavParentSwitch" fullname="Kaitai.SpecNavParentSwitch" classname="Kaitai.SpecNavParentSwitch" runstate="Runnable" testcasecount="1" result="Passed" start-time="2020-08-01 18:03:14Z" end-time="2020-08-01 18:03:14Z" duration="0.003232" total="1" passed="1" failed="0" inconclusive="0" skipped="0" asserts="3">
        <test-case id="0-1203" name="TestNavParentSwitch" fullname="Kaitai.SpecNavParentSwitch.TestNavParentSwitch" methodname="TestNavParentSwitch" classname="Kaitai.SpecNavParentSwitch" runstate="Runnable" seed="1777409208" result="Passed" start-time="2020-08-01 18:03:14Z" end-time="2020-08-01 18:03:14Z" duration="0.000772" asserts="3" />
      </test-suite>
      <test-suite type="TestFixture" id="0-1204" name="SpecNavParentVsValueInst" fullname="Kaitai.SpecNavParentVsValueInst" classname="Kaitai.SpecNavParentVsValueInst" runstate="Runnable" testcasecount="1" result="Passed" start-time="2020-08-01 18:03:14Z" end-time="2020-08-01 18:03:14Z" duration="0.003111" total="1" passed="1" failed="0" inconclusive="0" skipped="0" asserts="1">
        <test-case id="0-1205" name="TestNavParentVsValueInst" fullname="Kaitai.SpecNavParentVsValueInst.TestNavParentVsValueInst" methodname="TestNavParentVsValueInst" classname="Kaitai.SpecNavParentVsValueInst" runstate="Runnable" seed="1739198840" result="Passed" start-time="2020-08-01 18:03:14Z" end-time="2020-08-01 18:03:14Z" duration="0.000610" asserts="1" />
      </test-suite>
      <test-suite type="TestFixture" id="0-1206" name="SpecNavRoot" fullname="Kaitai.SpecNavRoot" classname="Kaitai.SpecNavRoot" runstate="Runnable" testcasecount="1" result="Passed" start-time="2020-08-01 18:03:14Z" end-time="2020-08-01 18:03:14Z" duration="0.003874" total="1" passed="1" failed="0" inconclusive="0" skipped="0" asserts="5">
        <test-case id="0-1207" name="TestNavRoot" fullname="Kaitai.SpecNavRoot.TestNavRoot" methodname="TestNavRoot" classname="Kaitai.SpecNavRoot" runstate="Runnable" seed="1340340245" result="Passed" start-time="2020-08-01 18:03:14Z" end-time="2020-08-01 18:03:14Z" duration="0.001258" asserts="5" />
      </test-suite>
      <test-suite type="TestFixture" id="0-1208" name="SpecNestedSameName" fullname="Kaitai.SpecNestedSameName" classname="Kaitai.SpecNestedSameName" runstate="Runnable" testcasecount="1" result="Passed" start-time="2020-08-01 18:03:14Z" end-time="2020-08-01 18:03:14Z" duration="0.003368" total="1" passed="1" failed="0" inconclusive="0" skipped="0" asserts="2">
        <test-case id="0-1209" name="TestNestedSameName" fullname="Kaitai.SpecNestedSameName.TestNestedSameName" methodname="TestNestedSameName" classname="Kaitai.SpecNestedSameName" runstate="Runnable" seed="1417945610" result="Passed" start-time="2020-08-01 18:03:14Z" end-time="2020-08-01 18:03:14Z" duration="0.000796" asserts="2" />
      </test-suite>
      <test-suite type="TestFixture" id="0-1210" name="SpecNestedSameName2" fullname="Kaitai.SpecNestedSameName2" classname="Kaitai.SpecNestedSameName2" runstate="Runnable" testcasecount="1" result="Passed" start-time="2020-08-01 18:03:14Z" end-time="2020-08-01 18:03:14Z" duration="0.003657" total="1" passed="1" failed="0" inconclusive="0" skipped="0" asserts="5">
        <test-case id="0-1211" name="TestNestedSameName2" fullname="Kaitai.SpecNestedSameName2.TestNestedSameName2" methodname="TestNestedSameName2" classname="Kaitai.SpecNestedSameName2" runstate="Runnable" seed="1098908574" result="Passed" start-time="2020-08-01 18:03:14Z" end-time="2020-08-01 18:03:14Z" duration="0.001129" asserts="5" />
      </test-suite>
      <test-suite type="TestFixture" id="0-1212" name="SpecNestedTypeParam" fullname="Kaitai.SpecNestedTypeParam" classname="Kaitai.SpecNestedTypeParam" runstate="Runnable" testcasecount="1" result="Passed" start-time="2020-08-01 18:03:14Z" end-time="2020-08-01 18:03:14Z" duration="0.003212" total="1" passed="1" failed="0" inconclusive="0" skipped="0" asserts="2">
        <test-case id="0-1213" name="TestNestedTypeParam" fullname="Kaitai.SpecNestedTypeParam.TestNestedTypeParam" methodname="TestNestedTypeParam" classname="Kaitai.SpecNestedTypeParam" runstate="Runnable" seed="185324968" result="Passed" start-time="2020-08-01 18:03:14Z" end-time="2020-08-01 18:03:14Z" duration="0.000622" asserts="2" />
      </test-suite>
      <test-suite type="TestFixture" id="0-1214" name="SpecNestedTypes" fullname="Kaitai.SpecNestedTypes" classname="Kaitai.SpecNestedTypes" runstate="Runnable" testcasecount="1" result="Passed" start-time="2020-08-01 18:03:14Z" end-time="2020-08-01 18:03:14Z" duration="0.003255" total="1" passed="1" failed="0" inconclusive="0" skipped="0" asserts="3">
        <test-case id="0-1215" name="TestNestedTypes" fullname="Kaitai.SpecNestedTypes.TestNestedTypes" methodname="TestNestedTypes" classname="Kaitai.SpecNestedTypes" runstate="Runnable" seed="1083174188" result="Passed" start-time="2020-08-01 18:03:14Z" end-time="2020-08-01 18:03:14Z" duration="0.000803" asserts="3" />
      </test-suite>
      <test-suite type="TestFixture" id="0-1216" name="SpecNestedTypes2" fullname="Kaitai.SpecNestedTypes2" classname="Kaitai.SpecNestedTypes2" runstate="Runnable" testcasecount="1" result="Passed" start-time="2020-08-01 18:03:14Z" end-time="2020-08-01 18:03:14Z" duration="0.003764" total="1" passed="1" failed="0" inconclusive="0" skipped="0" asserts="7">
        <test-case id="0-1217" name="TestNestedTypes2" fullname="Kaitai.SpecNestedTypes2.TestNestedTypes2" methodname="TestNestedTypes2" classname="Kaitai.SpecNestedTypes2" runstate="Runnable" seed="779441298" result="Passed" start-time="2020-08-01 18:03:14Z" end-time="2020-08-01 18:03:14Z" duration="0.001262" asserts="7" />
      </test-suite>
      <test-suite type="TestFixture" id="0-1218" name="SpecNestedTypes3" fullname="Kaitai.SpecNestedTypes3" classname="Kaitai.SpecNestedTypes3" runstate="Runnable" testcasecount="1" result="Passed" start-time="2020-08-01 18:03:14Z" end-time="2020-08-01 18:03:14Z" duration="0.003507" total="1" passed="1" failed="0" inconclusive="0" skipped="0" asserts="5">
        <test-case id="0-1219" name="TestNestedTypes3" fullname="Kaitai.SpecNestedTypes3.TestNestedTypes3" methodname="TestNestedTypes3" classname="Kaitai.SpecNestedTypes3" runstate="Runnable" seed="1046890444" result="Passed" start-time="2020-08-01 18:03:14Z" end-time="2020-08-01 18:03:14Z" duration="0.000949" asserts="5" />
      </test-suite>
      <test-suite type="TestFixture" id="0-1220" name="SpecNonStandard" fullname="Kaitai.SpecNonStandard" classname="Kaitai.SpecNonStandard" runstate="Runnable" testcasecount="1" result="Passed" start-time="2020-08-01 18:03:14Z" end-time="2020-08-01 18:03:14Z" duration="0.003125" total="1" passed="1" failed="0" inconclusive="0" skipped="0" asserts="1">
        <test-case id="0-1221" name="TestNonStandard" fullname="Kaitai.SpecNonStandard.TestNonStandard" methodname="TestNonStandard" classname="Kaitai.SpecNonStandard" runstate="Runnable" seed="2143636511" result="Passed" start-time="2020-08-01 18:03:14Z" end-time="2020-08-01 18:03:14Z" duration="0.000569" asserts="1" />
      </test-suite>
      <test-suite type="TestFixture" id="0-1222" name="SpecOpaqueExternalType" fullname="Kaitai.SpecOpaqueExternalType" classname="Kaitai.SpecOpaqueExternalType" runstate="Runnable" testcasecount="1" result="Passed" start-time="2020-08-01 18:03:14Z" end-time="2020-08-01 18:03:14Z" duration="0.003251" total="1" passed="1" failed="0" inconclusive="0" skipped="0" asserts="3">
        <test-case id="0-1223" name="TestOpaqueExternalType" fullname="Kaitai.SpecOpaqueExternalType.TestOpaqueExternalType" methodname="TestOpaqueExternalType" classname="Kaitai.SpecOpaqueExternalType" runstate="Runnable" seed="1176667516" result="Passed" start-time="2020-08-01 18:03:14Z" end-time="2020-08-01 18:03:14Z" duration="0.000748" asserts="3" />
      </test-suite>
      <test-suite type="TestFixture" id="0-1224" name="SpecOpaqueExternalType02Parent" fullname="Kaitai.SpecOpaqueExternalType02Parent" classname="Kaitai.SpecOpaqueExternalType02Parent" runstate="Runnable" testcasecount="1" result="Passed" start-time="2020-08-01 18:03:14Z" end-time="2020-08-01 18:03:14Z" duration="0.003534" total="1" passed="1" failed="0" inconclusive="0" skipped="0" asserts="3">
        <test-case id="0-1225" name="TestOpaqueExternalType02Parent" fullname="Kaitai.SpecOpaqueExternalType02Parent.TestOpaqueExternalType02Parent" methodname="TestOpaqueExternalType02Parent" classname="Kaitai.SpecOpaqueExternalType02Parent" runstate="Runnable" seed="1624640846" result="Passed" start-time="2020-08-01 18:03:14Z" end-time="2020-08-01 18:03:14Z" duration="0.001005" asserts="3" />
      </test-suite>
      <test-suite type="TestFixture" id="0-1226" name="SpecOpaqueWithParam" fullname="Kaitai.SpecOpaqueWithParam" classname="Kaitai.SpecOpaqueWithParam" runstate="Runnable" testcasecount="1" result="Passed" start-time="2020-08-01 18:03:14Z" end-time="2020-08-01 18:03:14Z" duration="0.003419" total="1" passed="1" failed="0" inconclusive="0" skipped="0" asserts="2">
        <test-case id="0-1227" name="TestOpaqueWithParam" fullname="Kaitai.SpecOpaqueWithParam.TestOpaqueWithParam" methodname="TestOpaqueWithParam" classname="Kaitai.SpecOpaqueWithParam" runstate="Runnable" seed="830410410" result="Passed" start-time="2020-08-01 18:03:14Z" end-time="2020-08-01 18:03:14Z" duration="0.000778" asserts="2" />
      </test-suite>
      <test-suite type="TestFixture" id="0-1228" name="SpecOptionalId" fullname="Kaitai.SpecOptionalId" classname="Kaitai.SpecOptionalId" runstate="Runnable" testcasecount="1" result="Passed" start-time="2020-08-01 18:03:14Z" end-time="2020-08-01 18:03:14Z" duration="0.003105" total="1" passed="1" failed="0" inconclusive="0" skipped="0" asserts="3">
        <test-case id="0-1229" name="TestOptionalId" fullname="Kaitai.SpecOptionalId.TestOptionalId" methodname="TestOptionalId" classname="Kaitai.SpecOptionalId" runstate="Runnable" seed="1044796742" result="Passed" start-time="2020-08-01 18:03:14Z" end-time="2020-08-01 18:03:14Z" duration="0.000551" asserts="3" />
      </test-suite>
      <test-suite type="TestFixture" id="0-1230" name="SpecParamsCallExtraParens" fullname="Kaitai.SpecParamsCallExtraParens" classname="Kaitai.SpecParamsCallExtraParens" runstate="Runnable" testcasecount="1" result="Passed" start-time="2020-08-01 18:03:14Z" end-time="2020-08-01 18:03:14Z" duration="0.003000" total="1" passed="1" failed="0" inconclusive="0" skipped="0" asserts="1">
        <test-case id="0-1231" name="TestParamsCallExtraParens" fullname="Kaitai.SpecParamsCallExtraParens.TestParamsCallExtraParens" methodname="TestParamsCallExtraParens" classname="Kaitai.SpecParamsCallExtraParens" runstate="Runnable" seed="1407735811" result="Passed" start-time="2020-08-01 18:03:14Z" end-time="2020-08-01 18:03:14Z" duration="0.000535" asserts="1" />
      </test-suite>
      <test-suite type="TestFixture" id="0-1232" name="SpecParamsCallShort" fullname="Kaitai.SpecParamsCallShort" classname="Kaitai.SpecParamsCallShort" runstate="Runnable" testcasecount="1" result="Passed" start-time="2020-08-01 18:03:14Z" end-time="2020-08-01 18:03:14Z" duration="0.003427" total="1" passed="1" failed="0" inconclusive="0" skipped="0" asserts="3">
        <test-case id="0-1233" name="TestParamsCallShort" fullname="Kaitai.SpecParamsCallShort.TestParamsCallShort" methodname="TestParamsCallShort" classname="Kaitai.SpecParamsCallShort" runstate="Runnable" seed="1482332318" result="Passed" start-time="2020-08-01 18:03:14Z" end-time="2020-08-01 18:03:14Z" duration="0.000932" asserts="3" />
      </test-suite>
      <test-suite type="TestFixture" id="0-1234" name="SpecParamsDef" fullname="Kaitai.SpecParamsDef" classname="Kaitai.SpecParamsDef" runstate="Runnable" testcasecount="1" result="Passed" start-time="2020-08-01 18:03:14Z" end-time="2020-08-01 18:03:14Z" duration="0.002760" total="1" passed="1" failed="0" inconclusive="0" skipped="0" asserts="2">
        <test-case id="0-1235" name="TestParamsDef" fullname="Kaitai.SpecParamsDef.TestParamsDef" methodname="TestParamsDef" classname="Kaitai.SpecParamsDef" runstate="Runnable" seed="585641874" result="Passed" start-time="2020-08-01 18:03:14Z" end-time="2020-08-01 18:03:14Z" duration="0.000281" asserts="2" />
      </test-suite>
      <test-suite type="TestFixture" id="0-1236" name="SpecParamsEnum" fullname="Kaitai.SpecParamsEnum" classname="Kaitai.SpecParamsEnum" runstate="Runnable" testcasecount="1" result="Passed" start-time="2020-08-01 18:03:14Z" end-time="2020-08-01 18:03:14Z" duration="0.003232" total="1" passed="1" failed="0" inconclusive="0" skipped="0" asserts="2">
        <test-case id="0-1237" name="TestParamsEnum" fullname="Kaitai.SpecParamsEnum.TestParamsEnum" methodname="TestParamsEnum" classname="Kaitai.SpecParamsEnum" runstate="Runnable" seed="1868498005" result="Passed" start-time="2020-08-01 18:03:14Z" end-time="2020-08-01 18:03:14Z" duration="0.000738" asserts="2" />
      </test-suite>
      <test-suite type="TestFixture" id="0-1238" name="SpecParamsPassArrayStr" fullname="Kaitai.SpecParamsPassArrayStr" classname="Kaitai.SpecParamsPassArrayStr" runstate="Runnable" testcasecount="1" result="Passed" start-time="2020-08-01 18:03:14Z" end-time="2020-08-01 18:03:14Z" duration="0.003701" total="1" passed="1" failed="0" inconclusive="0" skipped="0" asserts="7">
        <test-case id="0-1239" name="TestParamsPassArrayStr" fullname="Kaitai.SpecParamsPassArrayStr.TestParamsPassArrayStr" methodname="TestParamsPassArrayStr" classname="Kaitai.SpecParamsPassArrayStr" runstate="Runnable" seed="448143680" result="Passed" start-time="2020-08-01 18:03:14Z" end-time="2020-08-01 18:03:14Z" duration="0.001135" asserts="7" />
      </test-suite>
      <test-suite type="TestFixture" id="0-1240" name="SpecParamsPassArrayStruct" fullname="Kaitai.SpecParamsPassArrayStruct" classname="Kaitai.SpecParamsPassArrayStruct" runstate="Runnable" testcasecount="1" result="Passed" start-time="2020-08-01 18:03:14Z" end-time="2020-08-01 18:03:14Z" duration="0.003955" total="1" passed="1" failed="0" inconclusive="0" skipped="0" asserts="3">
        <test-case id="0-1241" name="TestParamsPassArrayStruct" fullname="Kaitai.SpecParamsPassArrayStruct.TestParamsPassArrayStruct" methodname="TestParamsPassArrayStruct" classname="Kaitai.SpecParamsPassArrayStruct" runstate="Runnable" seed="650530107" result="Passed" start-time="2020-08-01 18:03:14Z" end-time="2020-08-01 18:03:14Z" duration="0.001391" asserts="3" />
      </test-suite>
      <test-suite type="TestFixture" id="0-1242" name="SpecParamsPassArrayUsertype" fullname="Kaitai.SpecParamsPassArrayUsertype" classname="Kaitai.SpecParamsPassArrayUsertype" runstate="Runnable" testcasecount="1" result="Passed" start-time="2020-08-01 18:03:14Z" end-time="2020-08-01 18:03:14Z" duration="0.003899" total="1" passed="1" failed="0" inconclusive="0" skipped="0" asserts="5">
        <test-case id="0-1243" name="TestParamsPassArrayUsertype" fullname="Kaitai.SpecParamsPassArrayUsertype.TestParamsPassArrayUsertype" methodname="TestParamsPassArrayUsertype" classname="Kaitai.SpecParamsPassArrayUsertype" runstate="Runnable" seed="1778097912" result="Passed" start-time="2020-08-01 18:03:14Z" end-time="2020-08-01 18:03:14Z" duration="0.001465" asserts="5" />
      </test-suite>
      <test-suite type="TestFixture" id="0-1244" name="SpecParamsPassStruct" fullname="Kaitai.SpecParamsPassStruct" classname="Kaitai.SpecParamsPassStruct" runstate="Runnable" testcasecount="1" result="Passed" start-time="2020-08-01 18:03:14Z" end-time="2020-08-01 18:03:14Z" duration="0.003425" total="1" passed="1" failed="0" inconclusive="0" skipped="0" asserts="4">
        <test-case id="0-1245" name="TestParamsPassStruct" fullname="Kaitai.SpecParamsPassStruct.TestParamsPassStruct" methodname="TestParamsPassStruct" classname="Kaitai.SpecParamsPassStruct" runstate="Runnable" seed="1369887234" result="Passed" start-time="2020-08-01 18:03:14Z" end-time="2020-08-01 18:03:14Z" duration="0.000909" asserts="4" />
      </test-suite>
      <test-suite type="TestFixture" id="0-1246" name="SpecParamsPassUsertype" fullname="Kaitai.SpecParamsPassUsertype" classname="Kaitai.SpecParamsPassUsertype" runstate="Runnable" testcasecount="1" result="Passed" start-time="2020-08-01 18:03:14Z" end-time="2020-08-01 18:03:14Z" duration="0.003319" total="1" passed="1" failed="0" inconclusive="0" skipped="0" asserts="2">
        <test-case id="0-1247" name="TestParamsPassUsertype" fullname="Kaitai.SpecParamsPassUsertype.TestParamsPassUsertype" methodname="TestParamsPassUsertype" classname="Kaitai.SpecParamsPassUsertype" runstate="Runnable" seed="1619747388" result="Passed" start-time="2020-08-01 18:03:14Z" end-time="2020-08-01 18:03:14Z" duration="0.000800" asserts="2" />
      </test-suite>
      <test-suite type="TestFixture" id="0-1248" name="SpecPositionAbs" fullname="Kaitai.SpecPositionAbs" classname="Kaitai.SpecPositionAbs" runstate="Runnable" testcasecount="1" result="Passed" start-time="2020-08-01 18:03:14Z" end-time="2020-08-01 18:03:14Z" duration="0.003157" total="1" passed="1" failed="0" inconclusive="0" skipped="0" asserts="2">
        <test-case id="0-1249" name="TestPositionAbs" fullname="Kaitai.SpecPositionAbs.TestPositionAbs" methodname="TestPositionAbs" classname="Kaitai.SpecPositionAbs" runstate="Runnable" seed="536457492" result="Passed" start-time="2020-08-01 18:03:14Z" end-time="2020-08-01 18:03:14Z" duration="0.000657" asserts="2" />
      </test-suite>
      <test-suite type="TestFixture" id="0-1250" name="SpecPositionInSeq" fullname="Kaitai.SpecPositionInSeq" classname="Kaitai.SpecPositionInSeq" runstate="Runnable" testcasecount="1" result="Passed" start-time="2020-08-01 18:03:14Z" end-time="2020-08-01 18:03:14Z" duration="0.004066" total="1" passed="1" failed="0" inconclusive="0" skipped="0" asserts="1">
        <test-case id="0-1251" name="TestPositionInSeq" fullname="Kaitai.SpecPositionInSeq.TestPositionInSeq" methodname="TestPositionInSeq" classname="Kaitai.SpecPositionInSeq" runstate="Runnable" seed="1300531365" result="Passed" start-time="2020-08-01 18:03:14Z" end-time="2020-08-01 18:03:14Z" duration="0.001581" asserts="1" />
      </test-suite>
      <test-suite type="TestFixture" id="0-1252" name="SpecPositionToEnd" fullname="Kaitai.SpecPositionToEnd" classname="Kaitai.SpecPositionToEnd" runstate="Runnable" testcasecount="1" result="Passed" start-time="2020-08-01 18:03:14Z" end-time="2020-08-01 18:03:14Z" duration="0.003134" total="1" passed="1" failed="0" inconclusive="0" skipped="0" asserts="2">
        <test-case id="0-1253" name="TestPositionToEnd" fullname="Kaitai.SpecPositionToEnd.TestPositionToEnd" methodname="TestPositionToEnd" classname="Kaitai.SpecPositionToEnd" runstate="Runnable" seed="467243282" result="Passed" start-time="2020-08-01 18:03:14Z" end-time="2020-08-01 18:03:14Z" duration="0.000603" asserts="2" />
      </test-suite>
      <test-suite type="TestFixture" id="0-1254" name="SpecProcessCoerceBytes" fullname="Kaitai.SpecProcessCoerceBytes" classname="Kaitai.SpecProcessCoerceBytes" runstate="Runnable" testcasecount="1" result="Passed" start-time="2020-08-01 18:03:14Z" end-time="2020-08-01 18:03:14Z" duration="0.003879" total="1" passed="1" failed="0" inconclusive="0" skipped="0" asserts="4">
        <test-case id="0-1255" name="TestProcessCoerceBytes" fullname="Kaitai.SpecProcessCoerceBytes.TestProcessCoerceBytes" methodname="TestProcessCoerceBytes" classname="Kaitai.SpecProcessCoerceBytes" runstate="Runnable" seed="1404548667" result="Passed" start-time="2020-08-01 18:03:14Z" end-time="2020-08-01 18:03:14Z" duration="0.001225" asserts="4" />
      </test-suite>
      <test-suite type="TestFixture" id="0-1256" name="SpecProcessCoerceSwitch" fullname="Kaitai.SpecProcessCoerceSwitch" classname="Kaitai.SpecProcessCoerceSwitch" runstate="Runnable" testcasecount="1" result="Passed" start-time="2020-08-01 18:03:14Z" end-time="2020-08-01 18:03:14Z" duration="0.003438" total="1" passed="1" failed="0" inconclusive="0" skipped="0" asserts="3">
        <test-case id="0-1257" name="TestProcessCoerceSwitch" fullname="Kaitai.SpecProcessCoerceSwitch.TestProcessCoerceSwitch" methodname="TestProcessCoerceSwitch" classname="Kaitai.SpecProcessCoerceSwitch" runstate="Runnable" seed="450658691" result="Passed" start-time="2020-08-01 18:03:14Z" end-time="2020-08-01 18:03:14Z" duration="0.000930" asserts="3" />
      </test-suite>
      <test-suite type="TestFixture" id="0-1258" name="SpecProcessCoerceUsertype1" fullname="Kaitai.SpecProcessCoerceUsertype1" classname="Kaitai.SpecProcessCoerceUsertype1" runstate="Runnable" testcasecount="1" result="Passed" start-time="2020-08-01 18:03:14Z" end-time="2020-08-01 18:03:14Z" duration="0.003915" total="1" passed="1" failed="0" inconclusive="0" skipped="0" asserts="4">
        <test-case id="0-1259" name="TestProcessCoerceUsertype1" fullname="Kaitai.SpecProcessCoerceUsertype1.TestProcessCoerceUsertype1" methodname="TestProcessCoerceUsertype1" classname="Kaitai.SpecProcessCoerceUsertype1" runstate="Runnable" seed="395043229" result="Passed" start-time="2020-08-01 18:03:14Z" end-time="2020-08-01 18:03:14Z" duration="0.001352" asserts="4" />
      </test-suite>
      <test-suite type="TestFixture" id="0-1260" name="SpecProcessCoerceUsertype2" fullname="Kaitai.SpecProcessCoerceUsertype2" classname="Kaitai.SpecProcessCoerceUsertype2" runstate="Runnable" testcasecount="1" result="Passed" start-time="2020-08-01 18:03:14Z" end-time="2020-08-01 18:03:14Z" duration="0.003621" total="1" passed="1" failed="0" inconclusive="0" skipped="0" asserts="4">
        <test-case id="0-1261" name="TestProcessCoerceUsertype2" fullname="Kaitai.SpecProcessCoerceUsertype2.TestProcessCoerceUsertype2" methodname="TestProcessCoerceUsertype2" classname="Kaitai.SpecProcessCoerceUsertype2" runstate="Runnable" seed="1953717162" result="Passed" start-time="2020-08-01 18:03:14Z" end-time="2020-08-01 18:03:14Z" duration="0.001147" asserts="4" />
      </test-suite>
      <test-suite type="TestFixture" id="0-1262" name="SpecProcessCustom" fullname="Kaitai.SpecProcessCustom" classname="Kaitai.SpecProcessCustom" runstate="Runnable" testcasecount="1" result="Passed" start-time="2020-08-01 18:03:14Z" end-time="2020-08-01 18:03:14Z" duration="0.003685" total="1" passed="1" failed="0" inconclusive="0" skipped="0" asserts="3">
        <test-case id="0-1263" name="TestProcessCustom" fullname="Kaitai.SpecProcessCustom.TestProcessCustom" methodname="TestProcessCustom" classname="Kaitai.SpecProcessCustom" runstate="Runnable" seed="1676417485" result="Passed" start-time="2020-08-01 18:03:14Z" end-time="2020-08-01 18:03:14Z" duration="0.001126" asserts="3" />
      </test-suite>
      <test-suite type="TestFixture" id="0-1264" name="SpecProcessCustomNoArgs" fullname="Kaitai.SpecProcessCustomNoArgs" classname="Kaitai.SpecProcessCustomNoArgs" runstate="Runnable" testcasecount="1" result="Passed" start-time="2020-08-01 18:03:14Z" end-time="2020-08-01 18:03:14Z" duration="0.003871" total="1" passed="1" failed="0" inconclusive="0" skipped="0" asserts="1">
        <test-case id="0-1265" name="TestProcessCustomNoArgs" fullname="Kaitai.SpecProcessCustomNoArgs.TestProcessCustomNoArgs" methodname="TestProcessCustomNoArgs" classname="Kaitai.SpecProcessCustomNoArgs" runstate="Runnable" seed="1005506157" result="Passed" start-time="2020-08-01 18:03:14Z" end-time="2020-08-01 18:03:14Z" duration="0.000624" asserts="1" />
      </test-suite>
      <test-suite type="TestFixture" id="0-1266" name="SpecProcessRepeatBytes" fullname="Kaitai.SpecProcessRepeatBytes" classname="Kaitai.SpecProcessRepeatBytes" runstate="Runnable" testcasecount="1" result="Passed" start-time="2020-08-01 18:03:14Z" end-time="2020-08-01 18:03:14Z" duration="0.003392" total="1" passed="1" failed="0" inconclusive="0" skipped="0" asserts="2">
        <test-case id="0-1267" name="TestProcessRepeatBytes" fullname="Kaitai.SpecProcessRepeatBytes.TestProcessRepeatBytes" methodname="TestProcessRepeatBytes" classname="Kaitai.SpecProcessRepeatBytes" runstate="Runnable" seed="1422077128" result="Passed" start-time="2020-08-01 18:03:14Z" end-time="2020-08-01 18:03:14Z" duration="0.000857" asserts="2" />
      </test-suite>
      <test-suite type="TestFixture" id="0-1268" name="SpecProcessRepeatUsertype" fullname="Kaitai.SpecProcessRepeatUsertype" classname="Kaitai.SpecProcessRepeatUsertype" runstate="Runnable" testcasecount="1" result="Passed" start-time="2020-08-01 18:03:14Z" end-time="2020-08-01 18:03:14Z" duration="0.003839" total="1" passed="1" failed="0" inconclusive="0" skipped="0" asserts="4">
        <test-case id="0-1269" name="TestProcessRepeatUsertype" fullname="Kaitai.SpecProcessRepeatUsertype.TestProcessRepeatUsertype" methodname="TestProcessRepeatUsertype" classname="Kaitai.SpecProcessRepeatUsertype" runstate="Runnable" seed="1576686435" result="Passed" start-time="2020-08-01 18:03:14Z" end-time="2020-08-01 18:03:14Z" duration="0.001356" asserts="4" />
      </test-suite>
      <test-suite type="TestFixture" id="0-1270" name="SpecProcessRotate" fullname="Kaitai.SpecProcessRotate" classname="Kaitai.SpecProcessRotate" runstate="Runnable" testcasecount="1" result="Passed" start-time="2020-08-01 18:03:14Z" end-time="2020-08-01 18:03:14Z" duration="0.003340" total="1" passed="1" failed="0" inconclusive="0" skipped="0" asserts="3">
        <test-case id="0-1271" name="TestProcessRotate" fullname="Kaitai.SpecProcessRotate.TestProcessRotate" methodname="TestProcessRotate" classname="Kaitai.SpecProcessRotate" runstate="Runnable" seed="1900713320" result="Passed" start-time="2020-08-01 18:03:14Z" end-time="2020-08-01 18:03:14Z" duration="0.000838" asserts="3" />
      </test-suite>
      <test-suite type="TestFixture" id="0-1272" name="SpecProcessToUser" fullname="Kaitai.SpecProcessToUser" classname="Kaitai.SpecProcessToUser" runstate="Runnable" testcasecount="1" result="Passed" start-time="2020-08-01 18:03:14Z" end-time="2020-08-01 18:03:14Z" duration="0.003187" total="1" passed="1" failed="0" inconclusive="0" skipped="0" asserts="1">
        <test-case id="0-1273" name="TestProcessToUser" fullname="Kaitai.SpecProcessToUser.TestProcessToUser" methodname="TestProcessToUser" classname="Kaitai.SpecProcessToUser" runstate="Runnable" seed="1385615545" result="Passed" start-time="2020-08-01 18:03:14Z" end-time="2020-08-01 18:03:14Z" duration="0.000608" asserts="1" />
      </test-suite>
      <test-suite type="TestFixture" id="0-1274" name="SpecProcessXor4Const" fullname="Kaitai.SpecProcessXor4Const" classname="Kaitai.SpecProcessXor4Const" runstate="Runnable" testcasecount="1" result="Passed" start-time="2020-08-01 18:03:14Z" end-time="2020-08-01 18:03:14Z" duration="0.003186" total="1" passed="1" failed="0" inconclusive="0" skipped="0" asserts="2">
        <test-case id="0-1275" name="TestProcessXor4Const" fullname="Kaitai.SpecProcessXor4Const.TestProcessXor4Const" methodname="TestProcessXor4Const" classname="Kaitai.SpecProcessXor4Const" runstate="Runnable" seed="1781529825" result="Passed" start-time="2020-08-01 18:03:14Z" end-time="2020-08-01 18:03:14Z" duration="0.000732" asserts="2" />
      </test-suite>
      <test-suite type="TestFixture" id="0-1276" name="SpecProcessXor4Value" fullname="Kaitai.SpecProcessXor4Value" classname="Kaitai.SpecProcessXor4Value" runstate="Runnable" testcasecount="1" result="Passed" start-time="2020-08-01 18:03:14Z" end-time="2020-08-01 18:03:14Z" duration="0.003061" total="1" passed="1" failed="0" inconclusive="0" skipped="0" asserts="2">
        <test-case id="0-1277" name="TestProcessXor4Value" fullname="Kaitai.SpecProcessXor4Value.TestProcessXor4Value" methodname="TestProcessXor4Value" classname="Kaitai.SpecProcessXor4Value" runstate="Runnable" seed="930804501" result="Passed" start-time="2020-08-01 18:03:14Z" end-time="2020-08-01 18:03:14Z" duration="0.000514" asserts="2" />
      </test-suite>
      <test-suite type="TestFixture" id="0-1278" name="SpecProcessXorConst" fullname="Kaitai.SpecProcessXorConst" classname="Kaitai.SpecProcessXorConst" runstate="Runnable" testcasecount="1" result="Passed" start-time="2020-08-01 18:03:14Z" end-time="2020-08-01 18:03:14Z" duration="0.003059" total="1" passed="1" failed="0" inconclusive="0" skipped="0" asserts="2">
        <test-case id="0-1279" name="TestProcessXorConst" fullname="Kaitai.SpecProcessXorConst.TestProcessXorConst" methodname="TestProcessXorConst" classname="Kaitai.SpecProcessXorConst" runstate="Runnable" seed="350377283" result="Passed" start-time="2020-08-01 18:03:14Z" end-time="2020-08-01 18:03:14Z" duration="0.000528" asserts="2" />
      </test-suite>
      <test-suite type="TestFixture" id="0-1280" name="SpecProcessXorValue" fullname="Kaitai.SpecProcessXorValue" classname="Kaitai.SpecProcessXorValue" runstate="Runnable" testcasecount="1" result="Passed" start-time="2020-08-01 18:03:14Z" end-time="2020-08-01 18:03:14Z" duration="0.003389" total="1" passed="1" failed="0" inconclusive="0" skipped="0" asserts="2">
        <test-case id="0-1281" name="TestProcessXorValue" fullname="Kaitai.SpecProcessXorValue.TestProcessXorValue" methodname="TestProcessXorValue" classname="Kaitai.SpecProcessXorValue" runstate="Runnable" seed="2022661343" result="Passed" start-time="2020-08-01 18:03:14Z" end-time="2020-08-01 18:03:14Z" duration="0.000849" asserts="2" />
      </test-suite>
      <test-suite type="TestFixture" id="0-1282" name="SpecRecursiveOne" fullname="Kaitai.SpecRecursiveOne" classname="Kaitai.SpecRecursiveOne" runstate="Runnable" testcasecount="1" result="Passed" start-time="2020-08-01 18:03:14Z" end-time="2020-08-01 18:03:14Z" duration="0.003375" total="1" passed="1" failed="0" inconclusive="0" skipped="0" asserts="4">
        <test-case id="0-1283" name="TestRecursiveOne" fullname="Kaitai.SpecRecursiveOne.TestRecursiveOne" methodname="TestRecursiveOne" classname="Kaitai.SpecRecursiveOne" runstate="Runnable" seed="1234379278" result="Passed" start-time="2020-08-01 18:03:14Z" end-time="2020-08-01 18:03:14Z" duration="0.000831" asserts="4" />
      </test-suite>
      <test-suite type="TestFixture" id="0-1284" name="SpecRepeatEosBit" fullname="Kaitai.SpecRepeatEosBit" classname="Kaitai.SpecRepeatEosBit" runstate="Runnable" testcasecount="1" result="Passed" start-time="2020-08-01 18:03:14Z" end-time="2020-08-01 18:03:14Z" duration="0.003518" total="1" passed="1" failed="0" inconclusive="0" skipped="0" asserts="1">
        <test-case id="0-1285" name="TestRepeatEosBit" fullname="Kaitai.SpecRepeatEosBit.TestRepeatEosBit" methodname="TestRepeatEosBit" classname="Kaitai.SpecRepeatEosBit" runstate="Runnable" seed="1036483538" result="Passed" start-time="2020-08-01 18:03:14Z" end-time="2020-08-01 18:03:14Z" duration="0.001001" asserts="1" />
      </test-suite>
      <test-suite type="TestFixture" id="0-1286" name="SpecRepeatEosStruct" fullname="Kaitai.SpecRepeatEosStruct" classname="Kaitai.SpecRepeatEosStruct" runstate="Runnable" testcasecount="1" result="Passed" start-time="2020-08-01 18:03:14Z" end-time="2020-08-01 18:03:14Z" duration="0.003707" total="1" passed="1" failed="0" inconclusive="0" skipped="0" asserts="5">
        <test-case id="0-1287" name="TestRepeatEosStruct" fullname="Kaitai.SpecRepeatEosStruct.TestRepeatEosStruct" methodname="TestRepeatEosStruct" classname="Kaitai.SpecRepeatEosStruct" runstate="Runnable" seed="1558283176" result="Passed" start-time="2020-08-01 18:03:14Z" end-time="2020-08-01 18:03:14Z" duration="0.001190" asserts="5" />
      </test-suite>
      <test-suite type="TestFixture" id="0-1288" name="SpecRepeatEosU4" fullname="Kaitai.SpecRepeatEosU4" classname="Kaitai.SpecRepeatEosU4" runstate="Runnable" testcasecount="1" result="Passed" start-time="2020-08-01 18:03:14Z" end-time="2020-08-01 18:03:14Z" duration="0.003765" total="1" passed="1" failed="0" inconclusive="0" skipped="0" asserts="1">
        <test-case id="0-1289" name="TestRepeatEosU4" fullname="Kaitai.SpecRepeatEosU4.TestRepeatEosU4" methodname="TestRepeatEosU4" classname="Kaitai.SpecRepeatEosU4" runstate="Runnable" seed="421102923" result="Passed" start-time="2020-08-01 18:03:14Z" end-time="2020-08-01 18:03:14Z" duration="0.001243" asserts="1" />
      </test-suite>
      <test-suite type="TestFixture" id="0-1290" name="SpecRepeatNStruct" fullname="Kaitai.SpecRepeatNStruct" classname="Kaitai.SpecRepeatNStruct" runstate="Runnable" testcasecount="1" result="Passed" start-time="2020-08-01 18:03:14Z" end-time="2020-08-01 18:03:14Z" duration="0.003627" total="1" passed="1" failed="0" inconclusive="0" skipped="0" asserts="5">
        <test-case id="0-1291" name="TestRepeatNStruct" fullname="Kaitai.SpecRepeatNStruct.TestRepeatNStruct" methodname="TestRepeatNStruct" classname="Kaitai.SpecRepeatNStruct" runstate="Runnable" seed="1804798268" result="Passed" start-time="2020-08-01 18:03:14Z" end-time="2020-08-01 18:03:14Z" duration="0.001143" asserts="5" />
      </test-suite>
      <test-suite type="TestFixture" id="0-1292" name="SpecRepeatNStrz" fullname="Kaitai.SpecRepeatNStrz" classname="Kaitai.SpecRepeatNStrz" runstate="Runnable" testcasecount="1" result="Passed" start-time="2020-08-01 18:03:14Z" end-time="2020-08-01 18:03:14Z" duration="0.003281" total="1" passed="1" failed="0" inconclusive="0" skipped="0" asserts="2">
        <test-case id="0-1293" name="TestRepeatNStrz" fullname="Kaitai.SpecRepeatNStrz.TestRepeatNStrz" methodname="TestRepeatNStrz" classname="Kaitai.SpecRepeatNStrz" runstate="Runnable" seed="2078058787" result="Passed" start-time="2020-08-01 18:03:14Z" end-time="2020-08-01 18:03:14Z" duration="0.000811" asserts="2" />
      </test-suite>
      <test-suite type="TestFixture" id="0-1294" name="SpecRepeatNStrzDouble" fullname="Kaitai.SpecRepeatNStrzDouble" classname="Kaitai.SpecRepeatNStrzDouble" runstate="Runnable" testcasecount="1" result="Passed" start-time="2020-08-01 18:03:14Z" end-time="2020-08-01 18:03:14Z" duration="0.003534" total="1" passed="1" failed="0" inconclusive="0" skipped="0" asserts="3">
        <test-case id="0-1295" name="TestRepeatNStrzDouble" fullname="Kaitai.SpecRepeatNStrzDouble.TestRepeatNStrzDouble" methodname="TestRepeatNStrzDouble" classname="Kaitai.SpecRepeatNStrzDouble" runstate="Runnable" seed="2097974675" result="Passed" start-time="2020-08-01 18:03:14Z" end-time="2020-08-01 18:03:14Z" duration="0.000998" asserts="3" />
      </test-suite>
      <test-suite type="TestFixture" id="0-1296" name="SpecRepeatUntilCalcArrayType" fullname="Kaitai.SpecRepeatUntilCalcArrayType" classname="Kaitai.SpecRepeatUntilCalcArrayType" runstate="Runnable" testcasecount="1" result="Passed" start-time="2020-08-01 18:03:14Z" end-time="2020-08-01 18:03:14Z" duration="0.004108" total="1" passed="1" failed="0" inconclusive="0" skipped="0" asserts="7">
        <test-case id="0-1297" name="TestRepeatUntilCalcArrayType" fullname="Kaitai.SpecRepeatUntilCalcArrayType.TestRepeatUntilCalcArrayType" methodname="TestRepeatUntilCalcArrayType" classname="Kaitai.SpecRepeatUntilCalcArrayType" runstate="Runnable" seed="297565440" result="Passed" start-time="2020-08-01 18:03:14Z" end-time="2020-08-01 18:03:14Z" duration="0.001622" asserts="7" />
      </test-suite>
      <test-suite type="TestFixture" id="0-1298" name="SpecRepeatUntilComplex" fullname="Kaitai.SpecRepeatUntilComplex" classname="Kaitai.SpecRepeatUntilComplex" runstate="Runnable" testcasecount="1" result="Passed" start-time="2020-08-01 18:03:14Z" end-time="2020-08-01 18:03:14Z" duration="0.006495" total="1" passed="1" failed="0" inconclusive="0" skipped="0" asserts="15">
        <test-case id="0-1299" name="TestRepeatUntilComplex" fullname="Kaitai.SpecRepeatUntilComplex.TestRepeatUntilComplex" methodname="TestRepeatUntilComplex" classname="Kaitai.SpecRepeatUntilComplex" runstate="Runnable" seed="1973974068" result="Passed" start-time="2020-08-01 18:03:14Z" end-time="2020-08-01 18:03:14Z" duration="0.003975" asserts="15" />
      </test-suite>
      <test-suite type="TestFixture" id="0-1300" name="SpecRepeatUntilS4" fullname="Kaitai.SpecRepeatUntilS4" classname="Kaitai.SpecRepeatUntilS4" runstate="Runnable" testcasecount="1" result="Passed" start-time="2020-08-01 18:03:14Z" end-time="2020-08-01 18:03:14Z" duration="0.003292" total="1" passed="1" failed="0" inconclusive="0" skipped="0" asserts="2">
        <test-case id="0-1301" name="TestRepeatUntilS4" fullname="Kaitai.SpecRepeatUntilS4.TestRepeatUntilS4" methodname="TestRepeatUntilS4" classname="Kaitai.SpecRepeatUntilS4" runstate="Runnable" seed="769107524" result="Passed" start-time="2020-08-01 18:03:14Z" end-time="2020-08-01 18:03:14Z" duration="0.000845" asserts="2" />
      </test-suite>
      <test-suite type="TestFixture" id="0-1302" name="SpecRepeatUntilSized" fullname="Kaitai.SpecRepeatUntilSized" classname="Kaitai.SpecRepeatUntilSized" runstate="Runnable" testcasecount="1" result="Passed" start-time="2020-08-01 18:03:14Z" end-time="2020-08-01 18:03:14Z" duration="0.003529" total="1" passed="1" failed="0" inconclusive="0" skipped="0" asserts="7">
        <test-case id="0-1303" name="TestRepeatUntilSized" fullname="Kaitai.SpecRepeatUntilSized.TestRepeatUntilSized" methodname="TestRepeatUntilSized" classname="Kaitai.SpecRepeatUntilSized" runstate="Runnable" seed="1447776073" result="Passed" start-time="2020-08-01 18:03:14Z" end-time="2020-08-01 18:03:14Z" duration="0.001060" asserts="7" />
      </test-suite>
      <test-suite type="TestFixture" id="0-1304" name="SpecStrEncodings" fullname="Kaitai.SpecStrEncodings" classname="Kaitai.SpecStrEncodings" runstate="Runnable" testcasecount="1" result="Passed" start-time="2020-08-01 18:03:14Z" end-time="2020-08-01 18:03:14Z" duration="0.083089" total="1" passed="1" failed="0" inconclusive="0" skipped="0" asserts="4">
        <test-case id="0-1305" name="TestStrEncodings" fullname="Kaitai.SpecStrEncodings.TestStrEncodings" methodname="TestStrEncodings" classname="Kaitai.SpecStrEncodings" runstate="Runnable" seed="515390998" result="Passed" start-time="2020-08-01 18:03:14Z" end-time="2020-08-01 18:03:14Z" duration="0.080556" asserts="4" />
      </test-suite>
      <test-suite type="TestFixture" id="0-1306" name="SpecStrEncodingsDefault" fullname="Kaitai.SpecStrEncodingsDefault" classname="Kaitai.SpecStrEncodingsDefault" runstate="Runnable" testcasecount="1" result="Passed" start-time="2020-08-01 18:03:14Z" end-time="2020-08-01 18:03:14Z" duration="0.003375" total="1" passed="1" failed="0" inconclusive="0" skipped="0" asserts="4">
        <test-case id="0-1307" name="TestStrEncodingsDefault" fullname="Kaitai.SpecStrEncodingsDefault.TestStrEncodingsDefault" methodname="TestStrEncodingsDefault" classname="Kaitai.SpecStrEncodingsDefault" runstate="Runnable" seed="630971660" result="Passed" start-time="2020-08-01 18:03:14Z" end-time="2020-08-01 18:03:14Z" duration="0.000838" asserts="4" />
      </test-suite>
      <test-suite type="TestFixture" id="0-1308" name="SpecStrEos" fullname="Kaitai.SpecStrEos" classname="Kaitai.SpecStrEos" runstate="Runnable" testcasecount="1" result="Passed" start-time="2020-08-01 18:03:14Z" end-time="2020-08-01 18:03:14Z" duration="0.002915" total="1" passed="1" failed="0" inconclusive="0" skipped="0" asserts="1">
        <test-case id="0-1309" name="TestStrEos" fullname="Kaitai.SpecStrEos.TestStrEos" methodname="TestStrEos" classname="Kaitai.SpecStrEos" runstate="Runnable" seed="1411745536" result="Passed" start-time="2020-08-01 18:03:14Z" end-time="2020-08-01 18:03:14Z" duration="0.000437" asserts="1" />
      </test-suite>
      <test-suite type="TestFixture" id="0-1310" name="SpecStrLiterals" fullname="Kaitai.SpecStrLiterals" classname="Kaitai.SpecStrLiterals" runstate="Runnable" testcasecount="1" result="Passed" start-time="2020-08-01 18:03:14Z" end-time="2020-08-01 18:03:14Z" duration="0.006224" total="1" passed="1" failed="0" inconclusive="0" skipped="0" asserts="5">
        <test-case id="0-1311" name="TestStrLiterals" fullname="Kaitai.SpecStrLiterals.TestStrLiterals" methodname="TestStrLiterals" classname="Kaitai.SpecStrLiterals" runstate="Runnable" seed="237156257" result="Passed" start-time="2020-08-01 18:03:14Z" end-time="2020-08-01 18:03:14Z" duration="0.003699" asserts="5" />
      </test-suite>
      <test-suite type="TestFixture" id="0-1312" name="SpecStrLiterals2" fullname="Kaitai.SpecStrLiterals2" classname="Kaitai.SpecStrLiterals2" runstate="Runnable" testcasecount="1" result="Passed" start-time="2020-08-01 18:03:14Z" end-time="2020-08-01 18:03:14Z" duration="0.003088" total="1" passed="1" failed="0" inconclusive="0" skipped="0" asserts="4">
        <test-case id="0-1313" name="TestStrLiterals2" fullname="Kaitai.SpecStrLiterals2.TestStrLiterals2" methodname="TestStrLiterals2" classname="Kaitai.SpecStrLiterals2" runstate="Runnable" seed="1151030513" result="Passed" start-time="2020-08-01 18:03:14Z" end-time="2020-08-01 18:03:14Z" duration="0.000611" asserts="4" />
      </test-suite>
      <test-suite type="TestFixture" id="0-1314" name="SpecStrPadTerm" fullname="Kaitai.SpecStrPadTerm" classname="Kaitai.SpecStrPadTerm" runstate="Runnable" testcasecount="1" result="Passed" start-time="2020-08-01 18:03:14Z" end-time="2020-08-01 18:03:14Z" duration="0.002996" total="1" passed="1" failed="0" inconclusive="0" skipped="0" asserts="4">
        <test-case id="0-1315" name="TestStrPadTerm" fullname="Kaitai.SpecStrPadTerm.TestStrPadTerm" methodname="TestStrPadTerm" classname="Kaitai.SpecStrPadTerm" runstate="Runnable" seed="717181544" result="Passed" start-time="2020-08-01 18:03:14Z" end-time="2020-08-01 18:03:14Z" duration="0.000520" asserts="4" />
      </test-suite>
      <test-suite type="TestFixture" id="0-1316" name="SpecStrPadTermEmpty" fullname="Kaitai.SpecStrPadTermEmpty" classname="Kaitai.SpecStrPadTermEmpty" runstate="Runnable" testcasecount="1" result="Passed" start-time="2020-08-01 18:03:14Z" end-time="2020-08-01 18:03:14Z" duration="0.003012" total="1" passed="1" failed="0" inconclusive="0" skipped="0" asserts="4">
        <test-case id="0-1317" name="TestStrPadTermEmpty" fullname="Kaitai.SpecStrPadTermEmpty.TestStrPadTermEmpty" methodname="TestStrPadTermEmpty" classname="Kaitai.SpecStrPadTermEmpty" runstate="Runnable" seed="336075223" result="Passed" start-time="2020-08-01 18:03:14Z" end-time="2020-08-01 18:03:14Z" duration="0.000501" asserts="4" />
      </test-suite>
      <test-suite type="TestFixture" id="0-1318" name="SpecSwitchBytearray" fullname="Kaitai.SpecSwitchBytearray" classname="Kaitai.SpecSwitchBytearray" runstate="Runnable" testcasecount="1" result="Passed" start-time="2020-08-01 18:03:14Z" end-time="2020-08-01 18:03:14Z" duration="0.004283" total="1" passed="1" failed="0" inconclusive="0" skipped="0" asserts="9">
        <test-case id="0-1319" name="TestSwitchBytearray" fullname="Kaitai.SpecSwitchBytearray.TestSwitchBytearray" methodname="TestSwitchBytearray" classname="Kaitai.SpecSwitchBytearray" runstate="Runnable" seed="163161682" result="Passed" start-time="2020-08-01 18:03:14Z" end-time="2020-08-01 18:03:14Z" duration="0.001726" asserts="9" />
      </test-suite>
      <test-suite type="TestFixture" id="0-1320" name="SpecSwitchCast" fullname="Kaitai.SpecSwitchCast" classname="Kaitai.SpecSwitchCast" runstate="Runnable" testcasecount="1" result="Passed" start-time="2020-08-01 18:03:14Z" end-time="2020-08-01 18:03:14Z" duration="0.004490" total="1" passed="1" failed="0" inconclusive="0" skipped="0" asserts="3">
        <test-case id="0-1321" name="TestSwitchCast" fullname="Kaitai.SpecSwitchCast.TestSwitchCast" methodname="TestSwitchCast" classname="Kaitai.SpecSwitchCast" runstate="Runnable" seed="796976660" result="Passed" start-time="2020-08-01 18:03:14Z" end-time="2020-08-01 18:03:14Z" duration="0.001909" asserts="3" />
      </test-suite>
      <test-suite type="TestFixture" id="0-1322" name="SpecSwitchElseOnly" fullname="Kaitai.SpecSwitchElseOnly" classname="Kaitai.SpecSwitchElseOnly" runstate="Runnable" testcasecount="1" result="Passed" start-time="2020-08-01 18:03:14Z" end-time="2020-08-01 18:03:14Z" duration="0.003142" total="1" passed="1" failed="0" inconclusive="0" skipped="0" asserts="3">
        <test-case id="0-1323" name="TestSwitchElseOnly" fullname="Kaitai.SpecSwitchElseOnly.TestSwitchElseOnly" methodname="TestSwitchElseOnly" classname="Kaitai.SpecSwitchElseOnly" runstate="Runnable" seed="113030530" result="Passed" start-time="2020-08-01 18:03:14Z" end-time="2020-08-01 18:03:14Z" duration="0.000642" asserts="3" />
      </test-suite>
      <test-suite type="TestFixture" id="0-1324" name="SpecSwitchIntegers" fullname="Kaitai.SpecSwitchIntegers" classname="Kaitai.SpecSwitchIntegers" runstate="Runnable" testcasecount="1" result="Passed" start-time="2020-08-01 18:03:14Z" end-time="2020-08-01 18:03:14Z" duration="0.003997" total="1" passed="1" failed="0" inconclusive="0" skipped="0" asserts="9">
        <test-case id="0-1325" name="TestSwitchIntegers" fullname="Kaitai.SpecSwitchIntegers.TestSwitchIntegers" methodname="TestSwitchIntegers" classname="Kaitai.SpecSwitchIntegers" runstate="Runnable" seed="992189419" result="Passed" start-time="2020-08-01 18:03:14Z" end-time="2020-08-01 18:03:14Z" duration="0.001453" asserts="9" />
      </test-suite>
      <test-suite type="TestFixture" id="0-1326" name="SpecSwitchIntegers2" fullname="Kaitai.SpecSwitchIntegers2" classname="Kaitai.SpecSwitchIntegers2" runstate="Runnable" testcasecount="1" result="Passed" start-time="2020-08-01 18:03:14Z" end-time="2020-08-01 18:03:14Z" duration="0.003867" total="1" passed="1" failed="0" inconclusive="0" skipped="0" asserts="5">
        <test-case id="0-1327" name="TestSwitchIntegers2" fullname="Kaitai.SpecSwitchIntegers2.TestSwitchIntegers2" methodname="TestSwitchIntegers2" classname="Kaitai.SpecSwitchIntegers2" runstate="Runnable" seed="883674457" result="Passed" start-time="2020-08-01 18:03:14Z" end-time="2020-08-01 18:03:14Z" duration="0.001197" asserts="5" />
      </test-suite>
      <test-suite type="TestFixture" id="0-1328" name="SpecSwitchManualEnum" fullname="Kaitai.SpecSwitchManualEnum" classname="Kaitai.SpecSwitchManualEnum" runstate="Runnable" testcasecount="1" result="Passed" start-time="2020-08-01 18:03:14Z" end-time="2020-08-01 18:03:14Z" duration="0.004403" total="1" passed="1" failed="0" inconclusive="0" skipped="0" asserts="9">
        <test-case id="0-1329" name="TestSwitchManualEnum" fullname="Kaitai.SpecSwitchManualEnum.TestSwitchManualEnum" methodname="TestSwitchManualEnum" classname="Kaitai.SpecSwitchManualEnum" runstate="Runnable" seed="511865122" result="Passed" start-time="2020-08-01 18:03:14Z" end-time="2020-08-01 18:03:14Z" duration="0.001885" asserts="9" />
      </test-suite>
      <test-suite type="TestFixture" id="0-1330" name="SpecSwitchManualEnumInvalid" fullname="Kaitai.SpecSwitchManualEnumInvalid" classname="Kaitai.SpecSwitchManualEnumInvalid" runstate="Runnable" testcasecount="1" result="Passed" start-time="2020-08-01 18:03:14Z" end-time="2020-08-01 18:03:14Z" duration="0.003849" total="1" passed="1" failed="0" inconclusive="0" skipped="0" asserts="5">
        <test-case id="0-1331" name="TestSwitchManualEnumInvalid" fullname="Kaitai.SpecSwitchManualEnumInvalid.TestSwitchManualEnumInvalid" methodname="TestSwitchManualEnumInvalid" classname="Kaitai.SpecSwitchManualEnumInvalid" runstate="Runnable" seed="1109733443" result="Passed" start-time="2020-08-01 18:03:14Z" end-time="2020-08-01 18:03:14Z" duration="0.001309" asserts="5" />
      </test-suite>
      <test-suite type="TestFixture" id="0-1332" name="SpecSwitchManualEnumInvalidElse" fullname="Kaitai.SpecSwitchManualEnumInvalidElse" classname="Kaitai.SpecSwitchManualEnumInvalidElse" runstate="Runnable" testcasecount="1" result="Passed" start-time="2020-08-01 18:03:14Z" end-time="2020-08-01 18:03:14Z" duration="0.003970" total="1" passed="1" failed="0" inconclusive="0" skipped="0" asserts="5">
        <test-case id="0-1333" name="TestSwitchManualEnumInvalidElse" fullname="Kaitai.SpecSwitchManualEnumInvalidElse.TestSwitchManualEnumInvalidElse" methodname="TestSwitchManualEnumInvalidElse" classname="Kaitai.SpecSwitchManualEnumInvalidElse" runstate="Runnable" seed="1781876776" result="Passed" start-time="2020-08-01 18:03:14Z" end-time="2020-08-01 18:03:14Z" duration="0.001425" asserts="5" />
      </test-suite>
      <test-suite type="TestFixture" id="0-1334" name="SpecSwitchManualInt" fullname="Kaitai.SpecSwitchManualInt" classname="Kaitai.SpecSwitchManualInt" runstate="Runnable" testcasecount="1" result="Passed" start-time="2020-08-01 18:03:14Z" end-time="2020-08-01 18:03:14Z" duration="0.004131" total="1" passed="1" failed="0" inconclusive="0" skipped="0" asserts="9">
        <test-case id="0-1335" name="TestSwitchManualInt" fullname="Kaitai.SpecSwitchManualInt.TestSwitchManualInt" methodname="TestSwitchManualInt" classname="Kaitai.SpecSwitchManualInt" runstate="Runnable" seed="1432423853" result="Passed" start-time="2020-08-01 18:03:14Z" end-time="2020-08-01 18:03:14Z" duration="0.001604" asserts="9" />
      </test-suite>
      <test-suite type="TestFixture" id="0-1336" name="SpecSwitchManualIntElse" fullname="Kaitai.SpecSwitchManualIntElse" classname="Kaitai.SpecSwitchManualIntElse" runstate="Runnable" testcasecount="1" result="Passed" start-time="2020-08-01 18:03:14Z" end-time="2020-08-01 18:03:14Z" duration="0.004061" total="1" passed="1" failed="0" inconclusive="0" skipped="0" asserts="9">
        <test-case id="0-1337" name="TestSwitchManualIntElse" fullname="Kaitai.SpecSwitchManualIntElse.TestSwitchManualIntElse" methodname="TestSwitchManualIntElse" classname="Kaitai.SpecSwitchManualIntElse" runstate="Runnable" seed="2090968758" result="Passed" start-time="2020-08-01 18:03:14Z" end-time="2020-08-01 18:03:14Z" duration="0.001613" asserts="9" />
      </test-suite>
      <test-suite type="TestFixture" id="0-1338" name="SpecSwitchManualIntSize" fullname="Kaitai.SpecSwitchManualIntSize" classname="Kaitai.SpecSwitchManualIntSize" runstate="Runnable" testcasecount="1" result="Passed" start-time="2020-08-01 18:03:14Z" end-time="2020-08-01 18:03:14Z" duration="0.005076" total="1" passed="1" failed="0" inconclusive="0" skipped="0" asserts="10">
        <test-case id="0-1339" name="TestSwitchManualIntSize" fullname="Kaitai.SpecSwitchManualIntSize.TestSwitchManualIntSize" methodname="TestSwitchManualIntSize" classname="Kaitai.SpecSwitchManualIntSize" runstate="Runnable" seed="1642708840" result="Passed" start-time="2020-08-01 18:03:14Z" end-time="2020-08-01 18:03:14Z" duration="0.002529" asserts="10" />
      </test-suite>
      <test-suite type="TestFixture" id="0-1340" name="SpecSwitchManualIntSizeElse" fullname="Kaitai.SpecSwitchManualIntSizeElse" classname="Kaitai.SpecSwitchManualIntSizeElse" runstate="Runnable" testcasecount="1" result="Passed" start-time="2020-08-01 18:03:14Z" end-time="2020-08-01 18:03:14Z" duration="0.004580" total="1" passed="1" failed="0" inconclusive="0" skipped="0" asserts="10">
        <test-case id="0-1341" name="TestSwitchManualIntSizeElse" fullname="Kaitai.SpecSwitchManualIntSizeElse.TestSwitchManualIntSizeElse" methodname="TestSwitchManualIntSizeElse" classname="Kaitai.SpecSwitchManualIntSizeElse" runstate="Runnable" seed="2016049780" result="Passed" start-time="2020-08-01 18:03:14Z" end-time="2020-08-01 18:03:14Z" duration="0.002110" asserts="10" />
      </test-suite>
      <test-suite type="TestFixture" id="0-1342" name="SpecSwitchManualIntSizeEos" fullname="Kaitai.SpecSwitchManualIntSizeEos" classname="Kaitai.SpecSwitchManualIntSizeEos" runstate="Runnable" testcasecount="1" result="Passed" start-time="2020-08-01 18:03:14Z" end-time="2020-08-01 18:03:14Z" duration="0.004486" total="1" passed="1" failed="0" inconclusive="0" skipped="0" asserts="10">
        <test-case id="0-1343" name="TestSwitchManualIntSizeEos" fullname="Kaitai.SpecSwitchManualIntSizeEos.TestSwitchManualIntSizeEos" methodname="TestSwitchManualIntSizeEos" classname="Kaitai.SpecSwitchManualIntSizeEos" runstate="Runnable" seed="675744216" result="Passed" start-time="2020-08-01 18:03:14Z" end-time="2020-08-01 18:03:14Z" duration="0.002027" asserts="10" />
      </test-suite>
      <test-suite type="TestFixture" id="0-1344" name="SpecSwitchManualStr" fullname="Kaitai.SpecSwitchManualStr" classname="Kaitai.SpecSwitchManualStr" runstate="Runnable" testcasecount="1" result="Passed" start-time="2020-08-01 18:03:14Z" end-time="2020-08-01 18:03:14Z" duration="0.003995" total="1" passed="1" failed="0" inconclusive="0" skipped="0" asserts="9">
        <test-case id="0-1345" name="TestSwitchManualStr" fullname="Kaitai.SpecSwitchManualStr.TestSwitchManualStr" methodname="TestSwitchManualStr" classname="Kaitai.SpecSwitchManualStr" runstate="Runnable" seed="1781440645" result="Passed" start-time="2020-08-01 18:03:14Z" end-time="2020-08-01 18:03:14Z" duration="0.001486" asserts="9" />
      </test-suite>
      <test-suite type="TestFixture" id="0-1346" name="SpecSwitchManualStrElse" fullname="Kaitai.SpecSwitchManualStrElse" classname="Kaitai.SpecSwitchManualStrElse" runstate="Runnable" testcasecount="1" result="Passed" start-time="2020-08-01 18:03:14Z" end-time="2020-08-01 18:03:14Z" duration="0.004847" total="1" passed="1" failed="0" inconclusive="0" skipped="0" asserts="9">
        <test-case id="0-1347" name="TestSwitchManualStrElse" fullname="Kaitai.SpecSwitchManualStrElse.TestSwitchManualStrElse" methodname="TestSwitchManualStrElse" classname="Kaitai.SpecSwitchManualStrElse" runstate="Runnable" seed="1074881683" result="Passed" start-time="2020-08-01 18:03:14Z" end-time="2020-08-01 18:03:14Z" duration="0.002278" asserts="9" />
      </test-suite>
      <test-suite type="TestFixture" id="0-1348" name="SpecSwitchMultiBoolOps" fullname="Kaitai.SpecSwitchMultiBoolOps" classname="Kaitai.SpecSwitchMultiBoolOps" runstate="Runnable" testcasecount="1" result="Passed" start-time="2020-08-01 18:03:14Z" end-time="2020-08-01 18:03:14Z" duration="0.003784" total="1" passed="1" failed="0" inconclusive="0" skipped="0" asserts="9">
        <test-case id="0-1349" name="TestSwitchMultiBoolOps" fullname="Kaitai.SpecSwitchMultiBoolOps.TestSwitchMultiBoolOps" methodname="TestSwitchMultiBoolOps" classname="Kaitai.SpecSwitchMultiBoolOps" runstate="Runnable" seed="1824747158" result="Passed" start-time="2020-08-01 18:03:14Z" end-time="2020-08-01 18:03:14Z" duration="0.001260" asserts="9" />
      </test-suite>
      <test-suite type="TestFixture" id="0-1350" name="SpecSwitchRepeatExpr" fullname="Kaitai.SpecSwitchRepeatExpr" classname="Kaitai.SpecSwitchRepeatExpr" runstate="Runnable" testcasecount="1" result="Passed" start-time="2020-08-01 18:03:14Z" end-time="2020-08-01 18:03:14Z" duration="0.003902" total="1" passed="1" failed="0" inconclusive="0" skipped="0" asserts="3">
        <test-case id="0-1351" name="TestSwitchRepeatExpr" fullname="Kaitai.SpecSwitchRepeatExpr.TestSwitchRepeatExpr" methodname="TestSwitchRepeatExpr" classname="Kaitai.SpecSwitchRepeatExpr" runstate="Runnable" seed="1355586987" result="Passed" start-time="2020-08-01 18:03:14Z" end-time="2020-08-01 18:03:14Z" duration="0.001330" asserts="3" />
      </test-suite>
      <test-suite type="TestFixture" id="0-1352" name="SpecSwitchRepeatExprInvalid" fullname="Kaitai.SpecSwitchRepeatExprInvalid" classname="Kaitai.SpecSwitchRepeatExprInvalid" runstate="Runnable" testcasecount="1" result="Passed" start-time="2020-08-01 18:03:14Z" end-time="2020-08-01 18:03:14Z" duration="0.003470" total="1" passed="1" failed="0" inconclusive="0" skipped="0" asserts="3">
        <test-case id="0-1353" name="TestSwitchRepeatExprInvalid" fullname="Kaitai.SpecSwitchRepeatExprInvalid.TestSwitchRepeatExprInvalid" methodname="TestSwitchRepeatExprInvalid" classname="Kaitai.SpecSwitchRepeatExprInvalid" runstate="Runnable" seed="2140239103" result="Passed" start-time="2020-08-01 18:03:14Z" end-time="2020-08-01 18:03:14Z" duration="0.000966" asserts="3" />
      </test-suite>
      <test-suite type="TestFixture" id="0-1354" name="SpecTermBytes" fullname="Kaitai.SpecTermBytes" classname="Kaitai.SpecTermBytes" runstate="Runnable" testcasecount="1" result="Passed" start-time="2020-08-01 18:03:14Z" end-time="2020-08-01 18:03:14Z" duration="0.003288" total="1" passed="1" failed="0" inconclusive="0" skipped="0" asserts="3">
        <test-case id="0-1355" name="TestTermBytes" fullname="Kaitai.SpecTermBytes.TestTermBytes" methodname="TestTermBytes" classname="Kaitai.SpecTermBytes" runstate="Runnable" seed="714697210" result="Passed" start-time="2020-08-01 18:03:14Z" end-time="2020-08-01 18:03:14Z" duration="0.000678" asserts="3" />
      </test-suite>
      <test-suite type="TestFixture" id="0-1356" name="SpecTermStrz" fullname="Kaitai.SpecTermStrz" classname="Kaitai.SpecTermStrz" runstate="Runnable" testcasecount="1" result="Passed" start-time="2020-08-01 18:03:14Z" end-time="2020-08-01 18:03:14Z" duration="0.002836" total="1" passed="1" failed="0" inconclusive="0" skipped="0" asserts="3">
        <test-case id="0-1357" name="TestTermStrz" fullname="Kaitai.SpecTermStrz.TestTermStrz" methodname="TestTermStrz" classname="Kaitai.SpecTermStrz" runstate="Runnable" seed="2132153710" result="Passed" start-time="2020-08-01 18:03:14Z" end-time="2020-08-01 18:03:14Z" duration="0.000372" asserts="3" />
      </test-suite>
      <test-suite type="TestFixture" id="0-1358" name="SpecTsPacketHeader" fullname="Kaitai.SpecTsPacketHeader" classname="Kaitai.SpecTsPacketHeader" runstate="Runnable" testcasecount="1" result="Passed" start-time="2020-08-01 18:03:14Z" end-time="2020-08-01 18:03:14Z" duration="0.003241" total="1" passed="1" failed="0" inconclusive="0" skipped="0" asserts="7">
        <test-case id="0-1359" name="TestTsPacketHeader" fullname="Kaitai.SpecTsPacketHeader.TestTsPacketHeader" methodname="TestTsPacketHeader" classname="Kaitai.SpecTsPacketHeader" runstate="Runnable" seed="1966402508" result="Passed" start-time="2020-08-01 18:03:14Z" end-time="2020-08-01 18:03:14Z" duration="0.000807" asserts="7" />
      </test-suite>
      <test-suite type="TestFixture" id="0-1360" name="SpecTypeIntUnaryOp" fullname="Kaitai.SpecTypeIntUnaryOp" classname="Kaitai.SpecTypeIntUnaryOp" runstate="Runnable" testcasecount="1" result="Passed" start-time="2020-08-01 18:03:14Z" end-time="2020-08-01 18:03:14Z" duration="0.003276" total="1" passed="1" failed="0" inconclusive="0" skipped="0" asserts="4">
        <test-case id="0-1361" name="TestTypeIntUnaryOp" fullname="Kaitai.SpecTypeIntUnaryOp.TestTypeIntUnaryOp" methodname="TestTypeIntUnaryOp" classname="Kaitai.SpecTypeIntUnaryOp" runstate="Runnable" seed="359176296" result="Passed" start-time="2020-08-01 18:03:14Z" end-time="2020-08-01 18:03:14Z" duration="0.000744" asserts="4" />
      </test-suite>
      <test-suite type="TestFixture" id="0-1362" name="SpecTypeTernary" fullname="Kaitai.SpecTypeTernary" classname="Kaitai.SpecTypeTernary" runstate="Runnable" testcasecount="1" result="Passed" start-time="2020-08-01 18:03:14Z" end-time="2020-08-01 18:03:14Z" duration="0.003308" total="1" passed="1" failed="0" inconclusive="0" skipped="0" asserts="1">
        <test-case id="0-1363" name="TestTypeTernary" fullname="Kaitai.SpecTypeTernary.TestTypeTernary" methodname="TestTypeTernary" classname="Kaitai.SpecTypeTernary" runstate="Runnable" seed="298017861" result="Passed" start-time="2020-08-01 18:03:14Z" end-time="2020-08-01 18:03:14Z" duration="0.000798" asserts="1" />
      </test-suite>
      <test-suite type="TestFixture" id="0-1364" name="SpecTypeTernary2ndFalsy" fullname="Kaitai.SpecTypeTernary2ndFalsy" classname="Kaitai.SpecTypeTernary2ndFalsy" runstate="Runnable" testcasecount="1" result="Passed" start-time="2020-08-01 18:03:14Z" end-time="2020-08-01 18:03:14Z" duration="0.004357" total="1" passed="1" failed="0" inconclusive="0" skipped="0" asserts="13">
        <test-case id="0-1365" name="TestTypeTernary2ndFalsy" fullname="Kaitai.SpecTypeTernary2ndFalsy.TestTypeTernary2ndFalsy" methodname="TestTypeTernary2ndFalsy" classname="Kaitai.SpecTypeTernary2ndFalsy" runstate="Runnable" seed="276349546" result="Passed" start-time="2020-08-01 18:03:14Z" end-time="2020-08-01 18:03:14Z" duration="0.001853" asserts="13" />
      </test-suite>
      <test-suite type="TestFixture" id="0-1366" name="SpecTypeTernaryOpaque" fullname="Kaitai.SpecTypeTernaryOpaque" classname="Kaitai.SpecTypeTernaryOpaque" runstate="Runnable" testcasecount="1" result="Passed" start-time="2020-08-01 18:03:14Z" end-time="2020-08-01 18:03:14Z" duration="0.004240" total="1" passed="1" failed="0" inconclusive="0" skipped="0" asserts="3">
        <test-case id="0-1367" name="TestTypeTernaryOpaque" fullname="Kaitai.SpecTypeTernaryOpaque.TestTypeTernaryOpaque" methodname="TestTypeTernaryOpaque" classname="Kaitai.SpecTypeTernaryOpaque" runstate="Runnable" seed="867465037" result="Passed" start-time="2020-08-01 18:03:14Z" end-time="2020-08-01 18:03:14Z" duration="0.001567" asserts="3" />
      </test-suite>
      <test-suite type="TestFixture" id="0-1368" name="SpecUserType" fullname="Kaitai.SpecUserType" classname="Kaitai.SpecUserType" runstate="Runnable" testcasecount="1" result="Passed" start-time="2020-08-01 18:03:14Z" end-time="2020-08-01 18:03:14Z" duration="0.003413" total="1" passed="1" failed="0" inconclusive="0" skipped="0" asserts="2">
        <test-case id="0-1369" name="TestUserType" fullname="Kaitai.SpecUserType.TestUserType" methodname="TestUserType" classname="Kaitai.SpecUserType" runstate="Runnable" seed="1002499491" result="Passed" start-time="2020-08-01 18:03:14Z" end-time="2020-08-01 18:03:14Z" duration="0.000665" asserts="2" />
      </test-suite>
      <test-suite type="TestFixture" id="0-1370" name="SpecValidFailAnyofInt" fullname="Kaitai.SpecValidFailAnyofInt" classname="Kaitai.SpecValidFailAnyofInt" runstate="Runnable" testcasecount="1" result="Passed" start-time="2020-08-01 18:03:14Z" end-time="2020-08-01 18:03:14Z" duration="0.004652" total="1" passed="1" failed="0" inconclusive="0" skipped="0" asserts="1">
        <test-case id="0-1371" name="TestValidFailAnyofInt" fullname="Kaitai.SpecValidFailAnyofInt.TestValidFailAnyofInt" methodname="TestValidFailAnyofInt" classname="Kaitai.SpecValidFailAnyofInt" runstate="Runnable" seed="1334541445" result="Passed" start-time="2020-08-01 18:03:14Z" end-time="2020-08-01 18:03:14Z" duration="0.001473" asserts="1" />
      </test-suite>
      <test-suite type="TestFixture" id="0-1372" name="SpecValidFailContents" fullname="Kaitai.SpecValidFailContents" classname="Kaitai.SpecValidFailContents" runstate="Runnable" testcasecount="1" result="Passed" start-time="2020-08-01 18:03:14Z" end-time="2020-08-01 18:03:14Z" duration="0.003548" total="1" passed="1" failed="0" inconclusive="0" skipped="0" asserts="1">
        <test-case id="0-1373" name="TestValidFailContents" fullname="Kaitai.SpecValidFailContents.TestValidFailContents" methodname="TestValidFailContents" classname="Kaitai.SpecValidFailContents" runstate="Runnable" seed="1212237364" result="Passed" start-time="2020-08-01 18:03:14Z" end-time="2020-08-01 18:03:14Z" duration="0.001001" asserts="1" />
      </test-suite>
      <test-suite type="TestFixture" id="0-1374" name="SpecValidFailEqBytes" fullname="Kaitai.SpecValidFailEqBytes" classname="Kaitai.SpecValidFailEqBytes" runstate="Runnable" testcasecount="1" result="Passed" start-time="2020-08-01 18:03:14Z" end-time="2020-08-01 18:03:14Z" duration="0.003194" total="1" passed="1" failed="0" inconclusive="0" skipped="0" asserts="1">
        <test-case id="0-1375" name="TestValidFailEqBytes" fullname="Kaitai.SpecValidFailEqBytes.TestValidFailEqBytes" methodname="TestValidFailEqBytes" classname="Kaitai.SpecValidFailEqBytes" runstate="Runnable" seed="1421579667" result="Passed" start-time="2020-08-01 18:03:14Z" end-time="2020-08-01 18:03:14Z" duration="0.000667" asserts="1" />
      </test-suite>
      <test-suite type="TestFixture" id="0-1376" name="SpecValidFailEqInt" fullname="Kaitai.SpecValidFailEqInt" classname="Kaitai.SpecValidFailEqInt" runstate="Runnable" testcasecount="1" result="Passed" start-time="2020-08-01 18:03:14Z" end-time="2020-08-01 18:03:14Z" duration="0.003187" total="1" passed="1" failed="0" inconclusive="0" skipped="0" asserts="1">
        <test-case id="0-1377" name="TestValidFailEqInt" fullname="Kaitai.SpecValidFailEqInt.TestValidFailEqInt" methodname="TestValidFailEqInt" classname="Kaitai.SpecValidFailEqInt" runstate="Runnable" seed="475595265" result="Passed" start-time="2020-08-01 18:03:14Z" end-time="2020-08-01 18:03:14Z" duration="0.000691" asserts="1" />
      </test-suite>
      <test-suite type="TestFixture" id="0-1378" name="SpecValidFailExpr" fullname="Kaitai.SpecValidFailExpr" classname="Kaitai.SpecValidFailExpr" runstate="Runnable" testcasecount="1" result="Passed" start-time="2020-08-01 18:03:14Z" end-time="2020-08-01 18:03:14Z" duration="0.004658" total="1" passed="1" failed="0" inconclusive="0" skipped="0" asserts="1">
        <test-case id="0-1379" name="TestValidFailExpr" fullname="Kaitai.SpecValidFailExpr.TestValidFailExpr" methodname="TestValidFailExpr" classname="Kaitai.SpecValidFailExpr" runstate="Runnable" seed="1721969534" result="Passed" start-time="2020-08-01 18:03:14Z" end-time="2020-08-01 18:03:14Z" duration="0.001079" asserts="1" />
      </test-suite>
      <test-suite type="TestFixture" id="0-1380" name="SpecValidFailInst" fullname="Kaitai.SpecValidFailInst" classname="Kaitai.SpecValidFailInst" runstate="Runnable" testcasecount="1" result="Passed" start-time="2020-08-01 18:03:14Z" end-time="2020-08-01 18:03:14Z" duration="0.003137" total="1" passed="1" failed="0" inconclusive="0" skipped="0" asserts="1">
        <test-case id="0-1381" name="TestValidFailInst" fullname="Kaitai.SpecValidFailInst.TestValidFailInst" methodname="TestValidFailInst" classname="Kaitai.SpecValidFailInst" runstate="Runnable" seed="898026700" result="Passed" start-time="2020-08-01 18:03:14Z" end-time="2020-08-01 18:03:14Z" duration="0.000688" asserts="1" />
      </test-suite>
      <test-suite type="TestFixture" id="0-1382" name="SpecValidFailMaxInt" fullname="Kaitai.SpecValidFailMaxInt" classname="Kaitai.SpecValidFailMaxInt" runstate="Runnable" testcasecount="1" result="Passed" start-time="2020-08-01 18:03:14Z" end-time="2020-08-01 18:03:14Z" duration="0.004000" total="1" passed="1" failed="0" inconclusive="0" skipped="0" asserts="1">
        <test-case id="0-1383" name="TestValidFailMaxInt" fullname="Kaitai.SpecValidFailMaxInt.TestValidFailMaxInt" methodname="TestValidFailMaxInt" classname="Kaitai.SpecValidFailMaxInt" runstate="Runnable" seed="1942537952" result="Passed" start-time="2020-08-01 18:03:14Z" end-time="2020-08-01 18:03:14Z" duration="0.001299" asserts="1" />
      </test-suite>
      <test-suite type="TestFixture" id="0-1384" name="SpecValidFailMinInt" fullname="Kaitai.SpecValidFailMinInt" classname="Kaitai.SpecValidFailMinInt" runstate="Runnable" testcasecount="1" result="Passed" start-time="2020-08-01 18:03:14Z" end-time="2020-08-01 18:03:14Z" duration="0.003218" total="1" passed="1" failed="0" inconclusive="0" skipped="0" asserts="1">
        <test-case id="0-1385" name="TestValidFailMinInt" fullname="Kaitai.SpecValidFailMinInt.TestValidFailMinInt" methodname="TestValidFailMinInt" classname="Kaitai.SpecValidFailMinInt" runstate="Runnable" seed="1658300449" result="Passed" start-time="2020-08-01 18:03:14Z" end-time="2020-08-01 18:03:14Z" duration="0.000683" asserts="1" />
      </test-suite>
      <test-suite type="TestFixture" id="0-1386" name="SpecValidFailRangeBytes" fullname="Kaitai.SpecValidFailRangeBytes" classname="Kaitai.SpecValidFailRangeBytes" runstate="Runnable" testcasecount="1" result="Passed" start-time="2020-08-01 18:03:14Z" end-time="2020-08-01 18:03:14Z" duration="0.003159" total="1" passed="1" failed="0" inconclusive="0" skipped="0" asserts="1">
        <test-case id="0-1387" name="TestValidFailRangeBytes" fullname="Kaitai.SpecValidFailRangeBytes.TestValidFailRangeBytes" methodname="TestValidFailRangeBytes" classname="Kaitai.SpecValidFailRangeBytes" runstate="Runnable" seed="1493891136" result="Passed" start-time="2020-08-01 18:03:14Z" end-time="2020-08-01 18:03:14Z" duration="0.000714" asserts="1" />
      </test-suite>
      <test-suite type="TestFixture" id="0-1388" name="SpecValidFailRangeFloat" fullname="Kaitai.SpecValidFailRangeFloat" classname="Kaitai.SpecValidFailRangeFloat" runstate="Runnable" testcasecount="1" result="Passed" start-time="2020-08-01 18:03:14Z" end-time="2020-08-01 18:03:14Z" duration="0.004686" total="1" passed="1" failed="0" inconclusive="0" skipped="0" asserts="1">
        <test-case id="0-1389" name="TestValidFailRangeFloat" fullname="Kaitai.SpecValidFailRangeFloat.TestValidFailRangeFloat" methodname="TestValidFailRangeFloat" classname="Kaitai.SpecValidFailRangeFloat" runstate="Runnable" seed="2100551760" result="Passed" start-time="2020-08-01 18:03:14Z" end-time="2020-08-01 18:03:14Z" duration="0.002174" asserts="1" />
      </test-suite>
      <test-suite type="TestFixture" id="0-1390" name="SpecValidFailRangeInt" fullname="Kaitai.SpecValidFailRangeInt" classname="Kaitai.SpecValidFailRangeInt" runstate="Runnable" testcasecount="1" result="Passed" start-time="2020-08-01 18:03:14Z" end-time="2020-08-01 18:03:14Z" duration="0.003200" total="1" passed="1" failed="0" inconclusive="0" skipped="0" asserts="1">
        <test-case id="0-1391" name="TestValidFailRangeInt" fullname="Kaitai.SpecValidFailRangeInt.TestValidFailRangeInt" methodname="TestValidFailRangeInt" classname="Kaitai.SpecValidFailRangeInt" runstate="Runnable" seed="415920809" result="Passed" start-time="2020-08-01 18:03:14Z" end-time="2020-08-01 18:03:14Z" duration="0.000620" asserts="1" />
      </test-suite>
      <test-suite type="TestFixture" id="0-1392" name="SpecValidFailRangeStr" fullname="Kaitai.SpecValidFailRangeStr" classname="Kaitai.SpecValidFailRangeStr" runstate="Runnable" testcasecount="1" result="Passed" start-time="2020-08-01 18:03:14Z" end-time="2020-08-01 18:03:14Z" duration="0.003271" total="1" passed="1" failed="0" inconclusive="0" skipped="0" asserts="1">
        <test-case id="0-1393" name="TestValidFailRangeStr" fullname="Kaitai.SpecValidFailRangeStr.TestValidFailRangeStr" methodname="TestValidFailRangeStr" classname="Kaitai.SpecValidFailRangeStr" runstate="Runnable" seed="781777924" result="Passed" start-time="2020-08-01 18:03:14Z" end-time="2020-08-01 18:03:14Z" duration="0.000753" asserts="1" />
      </test-suite>
      <test-suite type="TestFixture" id="0-1394" name="SpecValidLong" fullname="Kaitai.SpecValidLong" classname="Kaitai.SpecValidLong" runstate="Runnable" testcasecount="1" result="Passed" start-time="2020-08-01 18:03:14Z" end-time="2020-08-01 18:03:14Z" duration="0.003698" total="1" passed="1" failed="0" inconclusive="0" skipped="0" asserts="0">
        <test-case id="0-1395" name="TestValidLong" fullname="Kaitai.SpecValidLong.TestValidLong" methodname="TestValidLong" classname="Kaitai.SpecValidLong" runstate="Runnable" seed="476481791" result="Passed" start-time="2020-08-01 18:03:14Z" end-time="2020-08-01 18:03:14Z" duration="0.001179" asserts="0" />
      </test-suite>
      <test-suite type="TestFixture" id="0-1396" name="SpecValidNotParsedIf" fullname="Kaitai.SpecValidNotParsedIf" classname="Kaitai.SpecValidNotParsedIf" runstate="Runnable" testcasecount="1" result="Passed" start-time="2020-08-01 18:03:14Z" end-time="2020-08-01 18:03:14Z" duration="0.003155" total="1" passed="1" failed="0" inconclusive="0" skipped="0" asserts="0">
        <test-case id="0-1397" name="TestValidNotParsedIf" fullname="Kaitai.SpecValidNotParsedIf.TestValidNotParsedIf" methodname="TestValidNotParsedIf" classname="Kaitai.SpecValidNotParsedIf" runstate="Runnable" seed="940062243" result="Passed" start-time="2020-08-01 18:03:14Z" end-time="2020-08-01 18:03:14Z" duration="0.000623" asserts="0" />
      </test-suite>
      <test-suite type="TestFixture" id="0-1398" name="SpecValidShort" fullname="Kaitai.SpecValidShort" classname="Kaitai.SpecValidShort" runstate="Runnable" testcasecount="1" result="Passed" start-time="2020-08-01 18:03:14Z" end-time="2020-08-01 18:03:14Z" duration="0.003740" total="1" passed="1" failed="0" inconclusive="0" skipped="0" asserts="0">
        <test-case id="0-1399" name="TestValidShort" fullname="Kaitai.SpecValidShort.TestValidShort" methodname="TestValidShort" classname="Kaitai.SpecValidShort" runstate="Runnable" seed="1997537491" result="Passed" start-time="2020-08-01 18:03:14Z" end-time="2020-08-01 18:03:14Z" duration="0.001074" asserts="0" />
      </test-suite>
      <test-suite type="TestFixture" id="0-1400" name="SpecValidSwitch" fullname="Kaitai.SpecValidSwitch" classname="Kaitai.SpecValidSwitch" runstate="Runnable" testcasecount="1" result="Passed" start-time="2020-08-01 18:03:14Z" end-time="2020-08-01 18:03:14Z" duration="0.003016" total="1" passed="1" failed="0" inconclusive="0" skipped="0" asserts="0">
        <test-case id="0-1401" name="TestValidSwitch" fullname="Kaitai.SpecValidSwitch.TestValidSwitch" methodname="TestValidSwitch" classname="Kaitai.SpecValidSwitch" runstate="Runnable" seed="1734880867" result="Passed" start-time="2020-08-01 18:03:14Z" end-time="2020-08-01 18:03:14Z" duration="0.000526" asserts="0" />
      </test-suite>
      <test-suite type="TestFixture" id="0-1402" name="SpecZlibSurrounded" fullname="Kaitai.SpecZlibSurrounded" classname="Kaitai.SpecZlibSurrounded" runstate="Runnable" testcasecount="1" result="Passed" start-time="2020-08-01 18:03:14Z" end-time="2020-08-01 18:03:14Z" duration="0.009198" total="1" passed="1" failed="0" inconclusive="0" skipped="0" asserts="1">
        <test-case id="0-1403" name="TestZlibSurrounded" fullname="Kaitai.SpecZlibSurrounded.TestZlibSurrounded" methodname="TestZlibSurrounded" classname="Kaitai.SpecZlibSurrounded" runstate="Runnable" seed="60151466" result="Passed" start-time="2020-08-01 18:03:14Z" end-time="2020-08-01 18:03:14Z" duration="0.006696" asserts="1" />
      </test-suite>
      <test-suite type="TestFixture" id="0-1404" name="SpecZlibWithHeader78" fullname="Kaitai.SpecZlibWithHeader78" classname="Kaitai.SpecZlibWithHeader78" runstate="Runnable" testcasecount="1" result="Passed" start-time="2020-08-01 18:03:15Z" end-time="2020-08-01 18:03:15Z" duration="0.002957" total="1" passed="1" failed="0" inconclusive="0" skipped="0" asserts="1">
        <test-case id="0-1405" name="TestZlibWithHeader78" fullname="Kaitai.SpecZlibWithHeader78.TestZlibWithHeader78" methodname="TestZlibWithHeader78" classname="Kaitai.SpecZlibWithHeader78" runstate="Runnable" seed="959404078" result="Passed" start-time="2020-08-01 18:03:15Z" end-time="2020-08-01 18:03:15Z" duration="0.000488" asserts="1" />
      </test-suite>
    </test-suite>
  </test-suite>
</test-run>