<?xml version="1.0" encoding="utf-8" standalone="no"?>
<test-run id="2" testcasecount="133" result="Passed" total="133" passed="133" failed="0" inconclusive="0" skipped="0" asserts="648" engine-version="3.4.1.0" clr-version="4.0.30319.42000" start-time="2019-03-10 13:57:57Z" end-time="2019-03-10 13:57:58Z" duration="1.000615">
  <command-line><![CDATA[/home/travis/build/kaitai-io/ci_targets/tests/spec/csharp/packages/NUnit.ConsoleRunner.3.4.1/tools/nunit3-console.exe --result=test_out/csharp/TestResult.xml spec/csharp/kaitai_struct_csharp_tests/bin/Debug/kaitai_struct_csharp_tests.dll]]></command-line>
  <test-suite type="Assembly" id="0-1266" name="kaitai_struct_csharp_tests.dll" fullname="/home/travis/build/kaitai-io/ci_targets/tests/spec/csharp/kaitai_struct_csharp_tests/bin/Debug/kaitai_struct_csharp_tests.dll" runstate="Runnable" testcasecount="133" result="Passed" start-time="2019-03-10 13:57:57Z" end-time="2019-03-10 13:57:58Z" duration="0.905676" total="133" passed="133" failed="0" inconclusive="0" skipped="0" asserts="648">
    <environment framework-version="3.4.1.0" clr-version="4.0.30319.42000" os-version="Unix 4.4.0.101" platform="Unix" cwd="/home/travis/build/kaitai-io/ci_targets/tests" machine-name="travis-job-7651624b-0d99-4a10-843b-acd7a579056e" user="travis" user-domain="travis-job-7651624b-0d99-4a10-843b-acd7a579056e" culture="en-US" uiculture="en-US" os-architecture="x64" />
    <settings>
      <setting name="WorkDirectory" value="/home/travis/build/kaitai-io/ci_targets/tests" />
      <setting name="ImageRuntimeVersion" value="4.0.30319" />
      <setting name="ImageTargetFrameworkName" value=".NETFramework,Version=v4.5" />
      <setting name="ImageRequiresX86" value="False" />
      <setting name="ImageRequiresDefaultAppDomainAssemblyResolver" value="False" />
      <setting name="NumberOfTestWorkers" value="2" />
    </settings>
    <properties>
      <property name="_PID" value="9992" />
      <property name="_APPDOMAIN" value="test-domain-" />
    </properties>
    <test-suite type="TestSuite" id="0-1267" name="Kaitai" fullname="Kaitai" runstate="Runnable" testcasecount="133" result="Passed" start-time="2019-03-10 13:57:57Z" end-time="2019-03-10 13:57:58Z" duration="0.888983" total="133" passed="133" failed="0" inconclusive="0" skipped="0" asserts="648">
      <test-suite type="TestFixture" id="0-1000" name="SpecBcdUserTypeBe" fullname="Kaitai.SpecBcdUserTypeBe" classname="Kaitai.SpecBcdUserTypeBe" runstate="Runnable" testcasecount="1" result="Passed" start-time="2019-03-10 13:57:57Z" end-time="2019-03-10 13:57:58Z" duration="0.024466" total="1" passed="1" failed="0" inconclusive="0" skipped="0" asserts="6">
        <test-case id="0-1001" name="TestBcdUserTypeBe" fullname="Kaitai.SpecBcdUserTypeBe.TestBcdUserTypeBe" methodname="TestBcdUserTypeBe" classname="Kaitai.SpecBcdUserTypeBe" runstate="Runnable" seed="1042775468" result="Passed" start-time="2019-03-10 13:57:57Z" end-time="2019-03-10 13:57:58Z" duration="0.013230" asserts="6" />
      </test-suite>
      <test-suite type="TestFixture" id="0-1002" name="SpecBcdUserTypeLe" fullname="Kaitai.SpecBcdUserTypeLe" classname="Kaitai.SpecBcdUserTypeLe" runstate="Runnable" testcasecount="1" result="Passed" start-time="2019-03-10 13:57:58Z" end-time="2019-03-10 13:57:58Z" duration="0.007308" total="1" passed="1" failed="0" inconclusive="0" skipped="0" asserts="6">
        <test-case id="0-1003" name="TestBcdUserTypeLe" fullname="Kaitai.SpecBcdUserTypeLe.TestBcdUserTypeLe" methodname="TestBcdUserTypeLe" classname="Kaitai.SpecBcdUserTypeLe" runstate="Runnable" seed="1888375001" result="Passed" start-time="2019-03-10 13:57:58Z" end-time="2019-03-10 13:57:58Z" duration="0.004609" asserts="6" />
      </test-suite>
      <test-suite type="TestFixture" id="0-1004" name="SpecBitsByteAligned" fullname="Kaitai.SpecBitsByteAligned" classname="Kaitai.SpecBitsByteAligned" runstate="Runnable" testcasecount="1" result="Passed" start-time="2019-03-10 13:57:58Z" end-time="2019-03-10 13:57:58Z" duration="0.010550" total="1" passed="1" failed="0" inconclusive="0" skipped="0" asserts="9">
        <test-case id="0-1005" name="TestBitsByteAligned" fullname="Kaitai.SpecBitsByteAligned.TestBitsByteAligned" methodname="TestBitsByteAligned" classname="Kaitai.SpecBitsByteAligned" runstate="Runnable" seed="719612258" result="Passed" start-time="2019-03-10 13:57:58Z" end-time="2019-03-10 13:57:58Z" duration="0.005662" asserts="9" />
      </test-suite>
      <test-suite type="TestFixture" id="0-1006" name="SpecBitsEnum" fullname="Kaitai.SpecBitsEnum" classname="Kaitai.SpecBitsEnum" runstate="Runnable" testcasecount="1" result="Passed" start-time="2019-03-10 13:57:58Z" end-time="2019-03-10 13:57:58Z" duration="0.003806" total="1" passed="1" failed="0" inconclusive="0" skipped="0" asserts="3">
        <test-case id="0-1007" name="TestBitsEnum" fullname="Kaitai.SpecBitsEnum.TestBitsEnum" methodname="TestBitsEnum" classname="Kaitai.SpecBitsEnum" runstate="Runnable" seed="91640527" result="Passed" start-time="2019-03-10 13:57:58Z" end-time="2019-03-10 13:57:58Z" duration="0.001150" asserts="3" />
      </test-suite>
      <test-suite type="TestFixture" id="0-1008" name="SpecBitsSimple" fullname="Kaitai.SpecBitsSimple" classname="Kaitai.SpecBitsSimple" runstate="Runnable" testcasecount="1" result="Passed" start-time="2019-03-10 13:57:58Z" end-time="2019-03-10 13:57:58Z" duration="0.006427" total="1" passed="1" failed="0" inconclusive="0" skipped="0" asserts="14">
        <test-case id="0-1009" name="TestBitsSimple" fullname="Kaitai.SpecBitsSimple.TestBitsSimple" methodname="TestBitsSimple" classname="Kaitai.SpecBitsSimple" runstate="Runnable" seed="953788220" result="Passed" start-time="2019-03-10 13:57:58Z" end-time="2019-03-10 13:57:58Z" duration="0.002943" asserts="14" />
      </test-suite>
      <test-suite type="TestFixture" id="0-1010" name="SpecBufferedStruct" fullname="Kaitai.SpecBufferedStruct" classname="Kaitai.SpecBufferedStruct" runstate="Runnable" testcasecount="1" result="Passed" start-time="2019-03-10 13:57:58Z" end-time="2019-03-10 13:57:58Z" duration="0.004712" total="1" passed="1" failed="0" inconclusive="0" skipped="0" asserts="9">
        <test-case id="0-1011" name="TestBufferedStruct" fullname="Kaitai.SpecBufferedStruct.TestBufferedStruct" methodname="TestBufferedStruct" classname="Kaitai.SpecBufferedStruct" runstate="Runnable" seed="560315899" result="Passed" start-time="2019-03-10 13:57:58Z" end-time="2019-03-10 13:57:58Z" duration="0.002086" asserts="9" />
      </test-suite>
      <test-suite type="TestFixture" id="0-1012" name="SpecBytesPadTerm" fullname="Kaitai.SpecBytesPadTerm" classname="Kaitai.SpecBytesPadTerm" runstate="Runnable" testcasecount="1" result="Passed" start-time="2019-03-10 13:57:58Z" end-time="2019-03-10 13:57:58Z" duration="0.003555" total="1" passed="1" failed="0" inconclusive="0" skipped="0" asserts="4">
        <test-case id="0-1013" name="TestBytesPadTerm" fullname="Kaitai.SpecBytesPadTerm.TestBytesPadTerm" methodname="TestBytesPadTerm" classname="Kaitai.SpecBytesPadTerm" runstate="Runnable" seed="1218399571" result="Passed" start-time="2019-03-10 13:57:58Z" end-time="2019-03-10 13:57:58Z" duration="0.000972" asserts="4" />
      </test-suite>
      <test-suite type="TestFixture" id="0-1014" name="SpecCastToImported" fullname="Kaitai.SpecCastToImported" classname="Kaitai.SpecCastToImported" runstate="Runnable" testcasecount="1" result="Passed" start-time="2019-03-10 13:57:58Z" end-time="2019-03-10 13:57:58Z" duration="0.003339" total="1" passed="1" failed="0" inconclusive="0" skipped="0" asserts="2">
        <test-case id="0-1015" name="TestCastToImported" fullname="Kaitai.SpecCastToImported.TestCastToImported" methodname="TestCastToImported" classname="Kaitai.SpecCastToImported" runstate="Runnable" seed="1282793274" result="Passed" start-time="2019-03-10 13:57:58Z" end-time="2019-03-10 13:57:58Z" duration="0.000778" asserts="2" />
      </test-suite>
      <test-suite type="TestFixture" id="0-1016" name="SpecCastToTop" fullname="Kaitai.SpecCastToTop" classname="Kaitai.SpecCastToTop" runstate="Runnable" testcasecount="1" result="Passed" start-time="2019-03-10 13:57:58Z" end-time="2019-03-10 13:57:58Z" duration="0.003713" total="1" passed="1" failed="0" inconclusive="0" skipped="0" asserts="3">
        <test-case id="0-1017" name="TestCastToTop" fullname="Kaitai.SpecCastToTop.TestCastToTop" methodname="TestCastToTop" classname="Kaitai.SpecCastToTop" runstate="Runnable" seed="1085723626" result="Passed" start-time="2019-03-10 13:57:58Z" end-time="2019-03-10 13:57:58Z" duration="0.001134" asserts="3" />
      </test-suite>
      <test-suite type="TestFixture" id="0-1018" name="SpecDebug0" fullname="Kaitai.SpecDebug0" classname="Kaitai.SpecDebug0" runstate="Runnable" testcasecount="1" result="Passed" start-time="2019-03-10 13:57:58Z" end-time="2019-03-10 13:57:58Z" duration="0.002730" total="1" passed="1" failed="0" inconclusive="0" skipped="0" asserts="0">
        <test-case id="0-1019" name="TestDebug0" fullname="Kaitai.SpecDebug0.TestDebug0" methodname="TestDebug0" classname="Kaitai.SpecDebug0" runstate="Runnable" seed="967234507" result="Passed" start-time="2019-03-10 13:57:58Z" end-time="2019-03-10 13:57:58Z" duration="0.000093" asserts="0" />
      </test-suite>
      <test-suite type="TestFixture" id="0-1020" name="SpecDebugArrayUser" fullname="Kaitai.SpecDebugArrayUser" classname="Kaitai.SpecDebugArrayUser" runstate="Runnable" testcasecount="1" result="Passed" start-time="2019-03-10 13:57:58Z" end-time="2019-03-10 13:57:58Z" duration="0.003965" total="1" passed="1" failed="0" inconclusive="0" skipped="0" asserts="4">
        <test-case id="0-1021" name="TestDebugArrayUser" fullname="Kaitai.SpecDebugArrayUser.TestDebugArrayUser" methodname="TestDebugArrayUser" classname="Kaitai.SpecDebugArrayUser" runstate="Runnable" seed="1403767751" result="Passed" start-time="2019-03-10 13:57:58Z" end-time="2019-03-10 13:57:58Z" duration="0.001388" asserts="4" />
      </test-suite>
      <test-suite type="TestFixture" id="0-1022" name="SpecDebugEnumName" fullname="Kaitai.SpecDebugEnumName" classname="Kaitai.SpecDebugEnumName" runstate="Runnable" testcasecount="1" result="Passed" start-time="2019-03-10 13:57:58Z" end-time="2019-03-10 13:57:58Z" duration="0.002642" total="1" passed="1" failed="0" inconclusive="0" skipped="0" asserts="0">
        <test-case id="0-1023" name="TestDebugEnumName" fullname="Kaitai.SpecDebugEnumName.TestDebugEnumName" methodname="TestDebugEnumName" classname="Kaitai.SpecDebugEnumName" runstate="Runnable" seed="1017995455" result="Passed" start-time="2019-03-10 13:57:58Z" end-time="2019-03-10 13:57:58Z" duration="0.000086" asserts="0" />
      </test-suite>
      <test-suite type="TestFixture" id="0-1024" name="SpecDefaultBigEndian" fullname="Kaitai.SpecDefaultBigEndian" classname="Kaitai.SpecDefaultBigEndian" runstate="Runnable" testcasecount="1" result="Passed" start-time="2019-03-10 13:57:58Z" end-time="2019-03-10 13:57:58Z" duration="0.003096" total="1" passed="1" failed="0" inconclusive="0" skipped="0" asserts="1">
        <test-case id="0-1025" name="TestDefaultBigEndian" fullname="Kaitai.SpecDefaultBigEndian.TestDefaultBigEndian" methodname="TestDefaultBigEndian" classname="Kaitai.SpecDefaultBigEndian" runstate="Runnable" seed="211970458" result="Passed" start-time="2019-03-10 13:57:58Z" end-time="2019-03-10 13:57:58Z" duration="0.000604" asserts="1" />
      </test-suite>
      <test-suite type="TestFixture" id="0-1026" name="SpecDefaultEndianExprException" fullname="Kaitai.SpecDefaultEndianExprException" classname="Kaitai.SpecDefaultEndianExprException" runstate="Runnable" testcasecount="1" result="Passed" start-time="2019-03-10 13:57:58Z" end-time="2019-03-10 13:57:58Z" duration="0.007745" total="1" passed="1" failed="0" inconclusive="0" skipped="0" asserts="1">
        <test-case id="0-1027" name="TestDefaultEndianExprException" fullname="Kaitai.SpecDefaultEndianExprException.TestDefaultEndianExprException" methodname="TestDefaultEndianExprException" classname="Kaitai.SpecDefaultEndianExprException" runstate="Runnable" seed="897111802" result="Passed" start-time="2019-03-10 13:57:58Z" end-time="2019-03-10 13:57:58Z" duration="0.005162" asserts="1" />
      </test-suite>
      <test-suite type="TestFixture" id="0-1028" name="SpecDefaultEndianExprInherited" fullname="Kaitai.SpecDefaultEndianExprInherited" classname="Kaitai.SpecDefaultEndianExprInherited" runstate="Runnable" testcasecount="1" result="Passed" start-time="2019-03-10 13:57:58Z" end-time="2019-03-10 13:57:58Z" duration="0.006357" total="1" passed="1" failed="0" inconclusive="0" skipped="0" asserts="15">
        <test-case id="0-1029" name="TestDefaultEndianExprInherited" fullname="Kaitai.SpecDefaultEndianExprInherited.TestDefaultEndianExprInherited" methodname="TestDefaultEndianExprInherited" classname="Kaitai.SpecDefaultEndianExprInherited" runstate="Runnable" seed="1569476928" result="Passed" start-time="2019-03-10 13:57:58Z" end-time="2019-03-10 13:57:58Z" duration="0.003766" asserts="15" />
      </test-suite>
      <test-suite type="TestFixture" id="0-1030" name="SpecDefaultEndianExprIsBe" fullname="Kaitai.SpecDefaultEndianExprIsBe" classname="Kaitai.SpecDefaultEndianExprIsBe" runstate="Runnable" testcasecount="1" result="Passed" start-time="2019-03-10 13:57:58Z" end-time="2019-03-10 13:57:58Z" duration="0.005797" total="1" passed="1" failed="0" inconclusive="0" skipped="0" asserts="18">
        <test-case id="0-1031" name="TestDefaultEndianExprIsBe" fullname="Kaitai.SpecDefaultEndianExprIsBe.TestDefaultEndianExprIsBe" methodname="TestDefaultEndianExprIsBe" classname="Kaitai.SpecDefaultEndianExprIsBe" runstate="Runnable" seed="1313937751" result="Passed" start-time="2019-03-10 13:57:58Z" end-time="2019-03-10 13:57:58Z" duration="0.003256" asserts="18" />
      </test-suite>
      <test-suite type="TestFixture" id="0-1032" name="SpecDefaultEndianExprIsLe" fullname="Kaitai.SpecDefaultEndianExprIsLe" classname="Kaitai.SpecDefaultEndianExprIsLe" runstate="Runnable" testcasecount="1" result="Passed" start-time="2019-03-10 13:57:58Z" end-time="2019-03-10 13:57:58Z" duration="0.004727" total="1" passed="1" failed="0" inconclusive="0" skipped="0" asserts="12">
        <test-case id="0-1033" name="TestDefaultEndianExprIsLe" fullname="Kaitai.SpecDefaultEndianExprIsLe.TestDefaultEndianExprIsLe" methodname="TestDefaultEndianExprIsLe" classname="Kaitai.SpecDefaultEndianExprIsLe" runstate="Runnable" seed="1903465134" result="Passed" start-time="2019-03-10 13:57:58Z" end-time="2019-03-10 13:57:58Z" duration="0.002205" asserts="12" />
      </test-suite>
      <test-suite type="TestFixture" id="0-1034" name="SpecDefaultEndianMod" fullname="Kaitai.SpecDefaultEndianMod" classname="Kaitai.SpecDefaultEndianMod" runstate="Runnable" testcasecount="1" result="Passed" start-time="2019-03-10 13:57:58Z" end-time="2019-03-10 13:57:58Z" duration="0.003619" total="1" passed="1" failed="0" inconclusive="0" skipped="0" asserts="3">
        <test-case id="0-1035" name="TestDefaultEndianMod" fullname="Kaitai.SpecDefaultEndianMod.TestDefaultEndianMod" methodname="TestDefaultEndianMod" classname="Kaitai.SpecDefaultEndianMod" runstate="Runnable" seed="683774047" result="Passed" start-time="2019-03-10 13:57:58Z" end-time="2019-03-10 13:57:58Z" duration="0.001054" asserts="3" />
      </test-suite>
      <test-suite type="TestFixture" id="0-1036" name="SpecDocstrings" fullname="Kaitai.SpecDocstrings" classname="Kaitai.SpecDocstrings" runstate="Runnable" testcasecount="1" result="Passed" start-time="2019-03-10 13:57:58Z" end-time="2019-03-10 13:57:58Z" duration="0.002976" total="1" passed="1" failed="0" inconclusive="0" skipped="0" asserts="0">
        <test-case id="0-1037" name="TestDocstrings" fullname="Kaitai.SpecDocstrings.TestDocstrings" methodname="TestDocstrings" classname="Kaitai.SpecDocstrings" runstate="Runnable" seed="675389769" result="Passed" start-time="2019-03-10 13:57:58Z" end-time="2019-03-10 13:57:58Z" duration="0.000433" asserts="0" />
      </test-suite>
      <test-suite type="TestFixture" id="0-1038" name="SpecDocstringsDocref" fullname="Kaitai.SpecDocstringsDocref" classname="Kaitai.SpecDocstringsDocref" runstate="Runnable" testcasecount="1" result="Passed" start-time="2019-03-10 13:57:58Z" end-time="2019-03-10 13:57:58Z" duration="0.003017" total="1" passed="1" failed="0" inconclusive="0" skipped="0" asserts="0">
        <test-case id="0-1039" name="TestDocstringsDocref" fullname="Kaitai.SpecDocstringsDocref.TestDocstringsDocref" methodname="TestDocstringsDocref" classname="Kaitai.SpecDocstringsDocref" runstate="Runnable" seed="1028481466" result="Passed" start-time="2019-03-10 13:57:58Z" end-time="2019-03-10 13:57:58Z" duration="0.000492" asserts="0" />
      </test-suite>
      <test-suite type="TestFixture" id="0-1040" name="SpecEnum0" fullname="Kaitai.SpecEnum0" classname="Kaitai.SpecEnum0" runstate="Runnable" testcasecount="1" result="Passed" start-time="2019-03-10 13:57:58Z" end-time="2019-03-10 13:57:58Z" duration="0.003209" total="1" passed="1" failed="0" inconclusive="0" skipped="0" asserts="2">
        <test-case id="0-1041" name="TestEnum0" fullname="Kaitai.SpecEnum0.TestEnum0" methodname="TestEnum0" classname="Kaitai.SpecEnum0" runstate="Runnable" seed="60472415" result="Passed" start-time="2019-03-10 13:57:58Z" end-time="2019-03-10 13:57:58Z" duration="0.000647" asserts="2" />
      </test-suite>
      <test-suite type="TestFixture" id="0-1042" name="SpecEnum1" fullname="Kaitai.SpecEnum1" classname="Kaitai.SpecEnum1" runstate="Runnable" testcasecount="1" result="Passed" start-time="2019-03-10 13:57:58Z" end-time="2019-03-10 13:57:58Z" duration="0.003452" total="1" passed="1" failed="0" inconclusive="0" skipped="0" asserts="2">
        <test-case id="0-1043" name="TestEnum1" fullname="Kaitai.SpecEnum1.TestEnum1" methodname="TestEnum1" classname="Kaitai.SpecEnum1" runstate="Runnable" seed="763214359" result="Passed" start-time="2019-03-10 13:57:58Z" end-time="2019-03-10 13:57:58Z" duration="0.000854" asserts="2" />
      </test-suite>
      <test-suite type="TestFixture" id="0-1044" name="SpecEnumFancy" fullname="Kaitai.SpecEnumFancy" classname="Kaitai.SpecEnumFancy" runstate="Runnable" testcasecount="1" result="Passed" start-time="2019-03-10 13:57:58Z" end-time="2019-03-10 13:57:58Z" duration="0.004198" total="1" passed="1" failed="0" inconclusive="0" skipped="0" asserts="2">
        <test-case id="0-1045" name="TestEnumFancy" fullname="Kaitai.SpecEnumFancy.TestEnumFancy" methodname="TestEnumFancy" classname="Kaitai.SpecEnumFancy" runstate="Runnable" seed="1811161386" result="Passed" start-time="2019-03-10 13:57:58Z" end-time="2019-03-10 13:57:58Z" duration="0.000569" asserts="2" />
      </test-suite>
      <test-suite type="TestFixture" id="0-1046" name="SpecEnumForUnknownId" fullname="Kaitai.SpecEnumForUnknownId" classname="Kaitai.SpecEnumForUnknownId" runstate="Runnable" testcasecount="1" result="Passed" start-time="2019-03-10 13:57:58Z" end-time="2019-03-10 13:57:58Z" duration="0.003130" total="1" passed="1" failed="0" inconclusive="0" skipped="0" asserts="1">
        <test-case id="0-1047" name="TestEnumForUnknownId" fullname="Kaitai.SpecEnumForUnknownId.TestEnumForUnknownId" methodname="TestEnumForUnknownId" classname="Kaitai.SpecEnumForUnknownId" runstate="Runnable" seed="48430678" result="Passed" start-time="2019-03-10 13:57:58Z" end-time="2019-03-10 13:57:58Z" duration="0.000527" asserts="1" />
      </test-suite>
      <test-suite type="TestFixture" id="0-1048" name="SpecEnumIf" fullname="Kaitai.SpecEnumIf" classname="Kaitai.SpecEnumIf" runstate="Runnable" testcasecount="1" result="Passed" start-time="2019-03-10 13:57:58Z" end-time="2019-03-10 13:57:58Z" duration="0.019843" total="1" passed="1" failed="0" inconclusive="0" skipped="0" asserts="7">
        <test-case id="0-1049" name="TestEnumIf" fullname="Kaitai.SpecEnumIf.TestEnumIf" methodname="TestEnumIf" classname="Kaitai.SpecEnumIf" runstate="Runnable" seed="1460465142" result="Passed" start-time="2019-03-10 13:57:58Z" end-time="2019-03-10 13:57:58Z" duration="0.017303" asserts="7" />
      </test-suite>
      <test-suite type="TestFixture" id="0-1050" name="SpecEnumNegative" fullname="Kaitai.SpecEnumNegative" classname="Kaitai.SpecEnumNegative" runstate="Runnable" testcasecount="1" result="Passed" start-time="2019-03-10 13:57:58Z" end-time="2019-03-10 13:57:58Z" duration="0.003303" total="1" passed="1" failed="0" inconclusive="0" skipped="0" asserts="2">
        <test-case id="0-1051" name="TestEnumNegative" fullname="Kaitai.SpecEnumNegative.TestEnumNegative" methodname="TestEnumNegative" classname="Kaitai.SpecEnumNegative" runstate="Runnable" seed="540579792" result="Passed" start-time="2019-03-10 13:57:58Z" end-time="2019-03-10 13:57:58Z" duration="0.000754" asserts="2" />
      </test-suite>
      <test-suite type="TestFixture" id="0-1052" name="SpecEnumOfValueInst" fullname="Kaitai.SpecEnumOfValueInst" classname="Kaitai.SpecEnumOfValueInst" runstate="Runnable" testcasecount="1" result="Passed" start-time="2019-03-10 13:57:58Z" end-time="2019-03-10 13:57:58Z" duration="0.003502" total="1" passed="1" failed="0" inconclusive="0" skipped="0" asserts="4">
        <test-case id="0-1053" name="TestEnumOfValueInst" fullname="Kaitai.SpecEnumOfValueInst.TestEnumOfValueInst" methodname="TestEnumOfValueInst" classname="Kaitai.SpecEnumOfValueInst" runstate="Runnable" seed="2079095847" result="Passed" start-time="2019-03-10 13:57:58Z" end-time="2019-03-10 13:57:58Z" duration="0.000904" asserts="4" />
      </test-suite>
      <test-suite type="TestFixture" id="0-1054" name="SpecEnumToI" fullname="Kaitai.SpecEnumToI" classname="Kaitai.SpecEnumToI" runstate="Runnable" testcasecount="1" result="Passed" start-time="2019-03-10 13:57:58Z" end-time="2019-03-10 13:57:58Z" duration="0.003476" total="1" passed="1" failed="0" inconclusive="0" skipped="0" asserts="5">
        <test-case id="0-1055" name="TestEnumToI" fullname="Kaitai.SpecEnumToI.TestEnumToI" methodname="TestEnumToI" classname="Kaitai.SpecEnumToI" runstate="Runnable" seed="269038641" result="Passed" start-time="2019-03-10 13:57:58Z" end-time="2019-03-10 13:57:58Z" duration="0.000940" asserts="5" />
      </test-suite>
      <test-suite type="TestFixture" id="0-1056" name="SpecEofExceptionBytes" fullname="Kaitai.SpecEofExceptionBytes" classname="Kaitai.SpecEofExceptionBytes" runstate="Runnable" testcasecount="1" result="Passed" start-time="2019-03-10 13:57:58Z" end-time="2019-03-10 13:57:58Z" duration="0.003447" total="1" passed="1" failed="0" inconclusive="0" skipped="0" asserts="1">
        <test-case id="0-1057" name="TestEofExceptionBytes" fullname="Kaitai.SpecEofExceptionBytes.TestEofExceptionBytes" methodname="TestEofExceptionBytes" classname="Kaitai.SpecEofExceptionBytes" runstate="Runnable" seed="686857229" result="Passed" start-time="2019-03-10 13:57:58Z" end-time="2019-03-10 13:57:58Z" duration="0.000938" asserts="1" />
      </test-suite>
      <test-suite type="TestFixture" id="0-1058" name="SpecEofExceptionU4" fullname="Kaitai.SpecEofExceptionU4" classname="Kaitai.SpecEofExceptionU4" runstate="Runnable" testcasecount="1" result="Passed" start-time="2019-03-10 13:57:58Z" end-time="2019-03-10 13:57:58Z" duration="0.003172" total="1" passed="1" failed="0" inconclusive="0" skipped="0" asserts="1">
        <test-case id="0-1059" name="TestEofExceptionU4" fullname="Kaitai.SpecEofExceptionU4.TestEofExceptionU4" methodname="TestEofExceptionU4" classname="Kaitai.SpecEofExceptionU4" runstate="Runnable" seed="211365110" result="Passed" start-time="2019-03-10 13:57:58Z" end-time="2019-03-10 13:57:58Z" duration="0.000596" asserts="1" />
      </test-suite>
      <test-suite type="TestFixture" id="0-1060" name="SpecExpr0" fullname="Kaitai.SpecExpr0" classname="Kaitai.SpecExpr0" runstate="Runnable" testcasecount="1" result="Passed" start-time="2019-03-10 13:57:58Z" end-time="2019-03-10 13:57:58Z" duration="0.003124" total="1" passed="1" failed="0" inconclusive="0" skipped="0" asserts="2">
        <test-case id="0-1061" name="TestExpr0" fullname="Kaitai.SpecExpr0.TestExpr0" methodname="TestExpr0" classname="Kaitai.SpecExpr0" runstate="Runnable" seed="404473699" result="Passed" start-time="2019-03-10 13:57:58Z" end-time="2019-03-10 13:57:58Z" duration="0.000599" asserts="2" />
      </test-suite>
      <test-suite type="TestFixture" id="0-1062" name="SpecExpr1" fullname="Kaitai.SpecExpr1" classname="Kaitai.SpecExpr1" runstate="Runnable" testcasecount="1" result="Passed" start-time="2019-03-10 13:57:58Z" end-time="2019-03-10 13:57:58Z" duration="0.003762" total="1" passed="1" failed="0" inconclusive="0" skipped="0" asserts="4">
        <test-case id="0-1063" name="TestExpr1" fullname="Kaitai.SpecExpr1.TestExpr1" methodname="TestExpr1" classname="Kaitai.SpecExpr1" runstate="Runnable" seed="670434538" result="Passed" start-time="2019-03-10 13:57:58Z" end-time="2019-03-10 13:57:58Z" duration="0.001246" asserts="4" />
      </test-suite>
      <test-suite type="TestFixture" id="0-1064" name="SpecExpr2" fullname="Kaitai.SpecExpr2" classname="Kaitai.SpecExpr2" runstate="Runnable" testcasecount="1" result="Passed" start-time="2019-03-10 13:57:58Z" end-time="2019-03-10 13:57:58Z" duration="0.004649" total="1" passed="1" failed="0" inconclusive="0" skipped="0" asserts="16">
        <test-case id="0-1065" name="TestExpr2" fullname="Kaitai.SpecExpr2.TestExpr2" methodname="TestExpr2" classname="Kaitai.SpecExpr2" runstate="Runnable" seed="484398319" result="Passed" start-time="2019-03-10 13:57:58Z" end-time="2019-03-10 13:57:58Z" duration="0.002137" asserts="16" />
      </test-suite>
      <test-suite type="TestFixture" id="0-1066" name="SpecExpr3" fullname="Kaitai.SpecExpr3" classname="Kaitai.SpecExpr3" runstate="Runnable" testcasecount="1" result="Passed" start-time="2019-03-10 13:57:58Z" end-time="2019-03-10 13:57:58Z" duration="0.004534" total="1" passed="1" failed="0" inconclusive="0" skipped="0" asserts="12">
        <test-case id="0-1067" name="TestExpr3" fullname="Kaitai.SpecExpr3.TestExpr3" methodname="TestExpr3" classname="Kaitai.SpecExpr3" runstate="Runnable" seed="1312391433" result="Passed" start-time="2019-03-10 13:57:58Z" end-time="2019-03-10 13:57:58Z" duration="0.001920" asserts="12" />
      </test-suite>
      <test-suite type="TestFixture" id="0-1068" name="SpecExprArray" fullname="Kaitai.SpecExprArray" classname="Kaitai.SpecExprArray" runstate="Runnable" testcasecount="1" result="Passed" start-time="2019-03-10 13:57:58Z" end-time="2019-03-10 13:57:58Z" duration="0.010542" total="1" passed="1" failed="0" inconclusive="0" skipped="0" asserts="15">
        <test-case id="0-1069" name="TestExprArray" fullname="Kaitai.SpecExprArray.TestExprArray" methodname="TestExprArray" classname="Kaitai.SpecExprArray" runstate="Runnable" seed="451829083" result="Passed" start-time="2019-03-10 13:57:58Z" end-time="2019-03-10 13:57:58Z" duration="0.008009" asserts="15" />
      </test-suite>
      <test-suite type="TestFixture" id="0-1070" name="SpecExprBytesCmp" fullname="Kaitai.SpecExprBytesCmp" classname="Kaitai.SpecExprBytesCmp" runstate="Runnable" testcasecount="1" result="Passed" start-time="2019-03-10 13:57:58Z" end-time="2019-03-10 13:57:58Z" duration="0.004186" total="1" passed="1" failed="0" inconclusive="0" skipped="0" asserts="10">
        <test-case id="0-1071" name="TestExprBytesCmp" fullname="Kaitai.SpecExprBytesCmp.TestExprBytesCmp" methodname="TestExprBytesCmp" classname="Kaitai.SpecExprBytesCmp" runstate="Runnable" seed="760564741" result="Passed" start-time="2019-03-10 13:57:58Z" end-time="2019-03-10 13:57:58Z" duration="0.001635" asserts="10" />
      </test-suite>
      <test-suite type="TestFixture" id="0-1072" name="SpecExprEnum" fullname="Kaitai.SpecExprEnum" classname="Kaitai.SpecExprEnum" runstate="Runnable" testcasecount="1" result="Passed" start-time="2019-03-10 13:57:58Z" end-time="2019-03-10 13:57:58Z" duration="0.003269" total="1" passed="1" failed="0" inconclusive="0" skipped="0" asserts="3">
        <test-case id="0-1073" name="TestExprEnum" fullname="Kaitai.SpecExprEnum.TestExprEnum" methodname="TestExprEnum" classname="Kaitai.SpecExprEnum" runstate="Runnable" seed="33440601" result="Passed" start-time="2019-03-10 13:57:58Z" end-time="2019-03-10 13:57:58Z" duration="0.000749" asserts="3" />
      </test-suite>
      <test-suite type="TestFixture" id="0-1074" name="SpecExprIoEof" fullname="Kaitai.SpecExprIoEof" classname="Kaitai.SpecExprIoEof" runstate="Runnable" testcasecount="1" result="Passed" start-time="2019-03-10 13:57:58Z" end-time="2019-03-10 13:57:58Z" duration="0.003755" total="1" passed="1" failed="0" inconclusive="0" skipped="0" asserts="4">
        <test-case id="0-1075" name="TestExprIoEof" fullname="Kaitai.SpecExprIoEof.TestExprIoEof" methodname="TestExprIoEof" classname="Kaitai.SpecExprIoEof" runstate="Runnable" seed="1292135867" result="Passed" start-time="2019-03-10 13:57:58Z" end-time="2019-03-10 13:57:58Z" duration="0.001152" asserts="4" />
      </test-suite>
      <test-suite type="TestFixture" id="0-1076" name="SpecExprIoPos" fullname="Kaitai.SpecExprIoPos" classname="Kaitai.SpecExprIoPos" runstate="Runnable" testcasecount="1" result="Passed" start-time="2019-03-10 13:57:58Z" end-time="2019-03-10 13:57:58Z" duration="0.003632" total="1" passed="1" failed="0" inconclusive="0" skipped="0" asserts="6">
        <test-case id="0-1077" name="TestExprIoPos" fullname="Kaitai.SpecExprIoPos.TestExprIoPos" methodname="TestExprIoPos" classname="Kaitai.SpecExprIoPos" runstate="Runnable" seed="618245449" result="Passed" start-time="2019-03-10 13:57:58Z" end-time="2019-03-10 13:57:58Z" duration="0.001042" asserts="6" />
      </test-suite>
      <test-suite type="TestFixture" id="0-1078" name="SpecExprMod" fullname="Kaitai.SpecExprMod" classname="Kaitai.SpecExprMod" runstate="Runnable" testcasecount="1" result="Passed" start-time="2019-03-10 13:57:58Z" end-time="2019-03-10 13:57:58Z" duration="0.003559" total="1" passed="1" failed="0" inconclusive="0" skipped="0" asserts="6">
        <test-case id="0-1079" name="TestExprMod" fullname="Kaitai.SpecExprMod.TestExprMod" methodname="TestExprMod" classname="Kaitai.SpecExprMod" runstate="Runnable" seed="1866441136" result="Passed" start-time="2019-03-10 13:57:58Z" end-time="2019-03-10 13:57:58Z" duration="0.001039" asserts="6" />
      </test-suite>
      <test-suite type="TestFixture" id="0-1080" name="SpecFixedContents" fullname="Kaitai.SpecFixedContents" classname="Kaitai.SpecFixedContents" runstate="Runnable" testcasecount="1" result="Passed" start-time="2019-03-10 13:57:58Z" end-time="2019-03-10 13:57:58Z" duration="0.003311" total="1" passed="1" failed="0" inconclusive="0" skipped="0" asserts="0">
        <test-case id="0-1081" name="TestFixedContents" fullname="Kaitai.SpecFixedContents.TestFixedContents" methodname="TestFixedContents" classname="Kaitai.SpecFixedContents" runstate="Runnable" seed="1064649977" result="Passed" start-time="2019-03-10 13:57:58Z" end-time="2019-03-10 13:57:58Z" duration="0.000773" asserts="0" />
      </test-suite>
      <test-suite type="TestFixture" id="0-1082" name="SpecFixedStruct" fullname="Kaitai.SpecFixedStruct" classname="Kaitai.SpecFixedStruct" runstate="Runnable" testcasecount="1" result="Passed" start-time="2019-03-10 13:57:58Z" end-time="2019-03-10 13:57:58Z" duration="0.005110" total="1" passed="1" failed="0" inconclusive="0" skipped="0" asserts="21">
        <test-case id="0-1083" name="TestFixedStruct" fullname="Kaitai.SpecFixedStruct.TestFixedStruct" methodname="TestFixedStruct" classname="Kaitai.SpecFixedStruct" runstate="Runnable" seed="1774385956" result="Passed" start-time="2019-03-10 13:57:58Z" end-time="2019-03-10 13:57:58Z" duration="0.002514" asserts="21" />
      </test-suite>
      <test-suite type="TestFixture" id="0-1086" name="SpecFloatingPoints" fullname="Kaitai.SpecFloatingPoints" classname="Kaitai.SpecFloatingPoints" runstate="Runnable" testcasecount="1" result="Passed" start-time="2019-03-10 13:57:58Z" end-time="2019-03-10 13:57:58Z" duration="0.005233" total="1" passed="1" failed="0" inconclusive="0" skipped="0" asserts="8">
        <test-case id="0-1087" name="TestFloatingPoints" fullname="Kaitai.SpecFloatingPoints.TestFloatingPoints" methodname="TestFloatingPoints" classname="Kaitai.SpecFloatingPoints" runstate="Runnable" seed="1254969282" result="Passed" start-time="2019-03-10 13:57:58Z" end-time="2019-03-10 13:57:58Z" duration="0.002699" asserts="8" />
      </test-suite>
      <test-suite type="TestFixture" id="0-1084" name="SpecFloatToI" fullname="Kaitai.SpecFloatToI" classname="Kaitai.SpecFloatToI" runstate="Runnable" testcasecount="1" result="Passed" start-time="2019-03-10 13:57:58Z" end-time="2019-03-10 13:57:58Z" duration="0.003948" total="1" passed="1" failed="0" inconclusive="0" skipped="0" asserts="8">
        <test-case id="0-1085" name="TestFloatToI" fullname="Kaitai.SpecFloatToI.TestFloatToI" methodname="TestFloatToI" classname="Kaitai.SpecFloatToI" runstate="Runnable" seed="2083173653" result="Passed" start-time="2019-03-10 13:57:58Z" end-time="2019-03-10 13:57:58Z" duration="0.001330" asserts="8" />
      </test-suite>
      <test-suite type="TestFixture" id="0-1088" name="SpecHelloWorld" fullname="Kaitai.SpecHelloWorld" classname="Kaitai.SpecHelloWorld" runstate="Runnable" testcasecount="1" result="Passed" start-time="2019-03-10 13:57:58Z" end-time="2019-03-10 13:57:58Z" duration="0.002982" total="1" passed="1" failed="0" inconclusive="0" skipped="0" asserts="1">
        <test-case id="0-1089" name="TestHelloWorld" fullname="Kaitai.SpecHelloWorld.TestHelloWorld" methodname="TestHelloWorld" classname="Kaitai.SpecHelloWorld" runstate="Runnable" seed="1629495513" result="Passed" start-time="2019-03-10 13:57:58Z" end-time="2019-03-10 13:57:58Z" duration="0.000362" asserts="1" />
      </test-suite>
      <test-suite type="TestFixture" id="0-1090" name="SpecIfInstances" fullname="Kaitai.SpecIfInstances" classname="Kaitai.SpecIfInstances" runstate="Runnable" testcasecount="1" result="Passed" start-time="2019-03-10 13:57:58Z" end-time="2019-03-10 13:57:58Z" duration="0.003482" total="1" passed="1" failed="0" inconclusive="0" skipped="0" asserts="1">
        <test-case id="0-1091" name="TestIfInstances" fullname="Kaitai.SpecIfInstances.TestIfInstances" methodname="TestIfInstances" classname="Kaitai.SpecIfInstances" runstate="Runnable" seed="163094671" result="Passed" start-time="2019-03-10 13:57:58Z" end-time="2019-03-10 13:57:58Z" duration="0.000902" asserts="1" />
      </test-suite>
      <test-suite type="TestFixture" id="0-1092" name="SpecIfStruct" fullname="Kaitai.SpecIfStruct" classname="Kaitai.SpecIfStruct" runstate="Runnable" testcasecount="1" result="Passed" start-time="2019-03-10 13:57:58Z" end-time="2019-03-10 13:57:58Z" duration="0.003730" total="1" passed="1" failed="0" inconclusive="0" skipped="0" asserts="7">
        <test-case id="0-1093" name="TestIfStruct" fullname="Kaitai.SpecIfStruct.TestIfStruct" methodname="TestIfStruct" classname="Kaitai.SpecIfStruct" runstate="Runnable" seed="1103129014" result="Passed" start-time="2019-03-10 13:57:58Z" end-time="2019-03-10 13:57:58Z" duration="0.001212" asserts="7" />
      </test-suite>
      <test-suite type="TestFixture" id="0-1094" name="SpecIfValues" fullname="Kaitai.SpecIfValues" classname="Kaitai.SpecIfValues" runstate="Runnable" testcasecount="1" result="Passed" start-time="2019-03-10 13:57:58Z" end-time="2019-03-10 13:57:58Z" duration="0.004060" total="1" passed="1" failed="0" inconclusive="0" skipped="0" asserts="6">
        <test-case id="0-1095" name="TestIfValues" fullname="Kaitai.SpecIfValues.TestIfValues" methodname="TestIfValues" classname="Kaitai.SpecIfValues" runstate="Runnable" seed="1443266997" result="Passed" start-time="2019-03-10 13:57:58Z" end-time="2019-03-10 13:57:58Z" duration="0.001550" asserts="6" />
      </test-suite>
      <test-suite type="TestFixture" id="0-1096" name="SpecImports0" fullname="Kaitai.SpecImports0" classname="Kaitai.SpecImports0" runstate="Runnable" testcasecount="1" result="Passed" start-time="2019-03-10 13:57:58Z" end-time="2019-03-10 13:57:58Z" duration="0.003211" total="1" passed="1" failed="0" inconclusive="0" skipped="0" asserts="3">
        <test-case id="0-1097" name="TestImports0" fullname="Kaitai.SpecImports0.TestImports0" methodname="TestImports0" classname="Kaitai.SpecImports0" runstate="Runnable" seed="216877318" result="Passed" start-time="2019-03-10 13:57:58Z" end-time="2019-03-10 13:57:58Z" duration="0.000629" asserts="3" />
      </test-suite>
      <test-suite type="TestFixture" id="0-1098" name="SpecImportsAbs" fullname="Kaitai.SpecImportsAbs" classname="Kaitai.SpecImportsAbs" runstate="Runnable" testcasecount="1" result="Passed" start-time="2019-03-10 13:57:58Z" end-time="2019-03-10 13:57:58Z" duration="0.004256" total="1" passed="1" failed="0" inconclusive="0" skipped="0" asserts="2">
        <test-case id="0-1099" name="TestImportsAbs" fullname="Kaitai.SpecImportsAbs.TestImportsAbs" methodname="TestImportsAbs" classname="Kaitai.SpecImportsAbs" runstate="Runnable" seed="541065168" result="Passed" start-time="2019-03-10 13:57:58Z" end-time="2019-03-10 13:57:58Z" duration="0.001748" asserts="2" />
      </test-suite>
      <test-suite type="TestFixture" id="0-1100" name="SpecImportsCircularA" fullname="Kaitai.SpecImportsCircularA" classname="Kaitai.SpecImportsCircularA" runstate="Runnable" testcasecount="1" result="Passed" start-time="2019-03-10 13:57:58Z" end-time="2019-03-10 13:57:58Z" duration="0.003456" total="1" passed="1" failed="0" inconclusive="0" skipped="0" asserts="5">
        <test-case id="0-1101" name="TestImportsCircularA" fullname="Kaitai.SpecImportsCircularA.TestImportsCircularA" methodname="TestImportsCircularA" classname="Kaitai.SpecImportsCircularA" runstate="Runnable" seed="1352116934" result="Passed" start-time="2019-03-10 13:57:58Z" end-time="2019-03-10 13:57:58Z" duration="0.000834" asserts="5" />
      </test-suite>
      <test-suite type="TestFixture" id="0-1102" name="SpecIndexSizes" fullname="Kaitai.SpecIndexSizes" classname="Kaitai.SpecIndexSizes" runstate="Runnable" testcasecount="1" result="Passed" start-time="2019-03-10 13:57:58Z" end-time="2019-03-10 13:57:58Z" duration="0.003999" total="1" passed="1" failed="0" inconclusive="0" skipped="0" asserts="7">
        <test-case id="0-1103" name="TestIndexSizes" fullname="Kaitai.SpecIndexSizes.TestIndexSizes" methodname="TestIndexSizes" classname="Kaitai.SpecIndexSizes" runstate="Runnable" seed="57543858" result="Passed" start-time="2019-03-10 13:57:58Z" end-time="2019-03-10 13:57:58Z" duration="0.001125" asserts="7" />
      </test-suite>
      <test-suite type="TestFixture" id="0-1104" name="SpecIndexToParamEos" fullname="Kaitai.SpecIndexToParamEos" classname="Kaitai.SpecIndexToParamEos" runstate="Runnable" testcasecount="1" result="Passed" start-time="2019-03-10 13:57:58Z" end-time="2019-03-10 13:57:58Z" duration="0.004353" total="1" passed="1" failed="0" inconclusive="0" skipped="0" asserts="7">
        <test-case id="0-1105" name="TestIndexToParamEos" fullname="Kaitai.SpecIndexToParamEos.TestIndexToParamEos" methodname="TestIndexToParamEos" classname="Kaitai.SpecIndexToParamEos" runstate="Runnable" seed="1002978345" result="Passed" start-time="2019-03-10 13:57:58Z" end-time="2019-03-10 13:57:58Z" duration="0.001849" asserts="7" />
      </test-suite>
      <test-suite type="TestFixture" id="0-1106" name="SpecIndexToParamExpr" fullname="Kaitai.SpecIndexToParamExpr" classname="Kaitai.SpecIndexToParamExpr" runstate="Runnable" testcasecount="1" result="Passed" start-time="2019-03-10 13:57:58Z" end-time="2019-03-10 13:57:58Z" duration="0.004009" total="1" passed="1" failed="0" inconclusive="0" skipped="0" asserts="7">
        <test-case id="0-1107" name="TestIndexToParamExpr" fullname="Kaitai.SpecIndexToParamExpr.TestIndexToParamExpr" methodname="TestIndexToParamExpr" classname="Kaitai.SpecIndexToParamExpr" runstate="Runnable" seed="454177295" result="Passed" start-time="2019-03-10 13:57:58Z" end-time="2019-03-10 13:57:58Z" duration="0.001495" asserts="7" />
      </test-suite>
      <test-suite type="TestFixture" id="0-1108" name="SpecIndexToParamUntil" fullname="Kaitai.SpecIndexToParamUntil" classname="Kaitai.SpecIndexToParamUntil" runstate="Runnable" testcasecount="1" result="Passed" start-time="2019-03-10 13:57:58Z" end-time="2019-03-10 13:57:58Z" duration="0.004125" total="1" passed="1" failed="0" inconclusive="0" skipped="0" asserts="7">
        <test-case id="0-1109" name="TestIndexToParamUntil" fullname="Kaitai.SpecIndexToParamUntil.TestIndexToParamUntil" methodname="TestIndexToParamUntil" classname="Kaitai.SpecIndexToParamUntil" runstate="Runnable" seed="36033244" result="Passed" start-time="2019-03-10 13:57:58Z" end-time="2019-03-10 13:57:58Z" duration="0.001608" asserts="7" />
      </test-suite>
      <test-suite type="TestFixture" id="0-1110" name="SpecInstanceIoUser" fullname="Kaitai.SpecInstanceIoUser" classname="Kaitai.SpecInstanceIoUser" runstate="Runnable" testcasecount="1" result="Passed" start-time="2019-03-10 13:57:58Z" end-time="2019-03-10 13:57:58Z" duration="0.004402" total="1" passed="1" failed="0" inconclusive="0" skipped="0" asserts="4">
        <test-case id="0-1111" name="TestInstanceIoUser" fullname="Kaitai.SpecInstanceIoUser.TestInstanceIoUser" methodname="TestInstanceIoUser" classname="Kaitai.SpecInstanceIoUser" runstate="Runnable" seed="1294421887" result="Passed" start-time="2019-03-10 13:57:58Z" end-time="2019-03-10 13:57:58Z" duration="0.001893" asserts="4" />
      </test-suite>
      <test-suite type="TestFixture" id="0-1112" name="SpecInstanceStd" fullname="Kaitai.SpecInstanceStd" classname="Kaitai.SpecInstanceStd" runstate="Runnable" testcasecount="1" result="Passed" start-time="2019-03-10 13:57:58Z" end-time="2019-03-10 13:57:58Z" duration="0.003038" total="1" passed="1" failed="0" inconclusive="0" skipped="0" asserts="1">
        <test-case id="0-1113" name="TestInstanceStd" fullname="Kaitai.SpecInstanceStd.TestInstanceStd" methodname="TestInstanceStd" classname="Kaitai.SpecInstanceStd" runstate="Runnable" seed="1653413470" result="Passed" start-time="2019-03-10 13:57:58Z" end-time="2019-03-10 13:57:58Z" duration="0.000532" asserts="1" />
      </test-suite>
      <test-suite type="TestFixture" id="0-1114" name="SpecInstanceStdArray" fullname="Kaitai.SpecInstanceStdArray" classname="Kaitai.SpecInstanceStdArray" runstate="Runnable" testcasecount="1" result="Passed" start-time="2019-03-10 13:57:58Z" end-time="2019-03-10 13:57:58Z" duration="0.003677" total="1" passed="1" failed="0" inconclusive="0" skipped="0" asserts="7">
        <test-case id="0-1115" name="TestInstanceStdArray" fullname="Kaitai.SpecInstanceStdArray.TestInstanceStdArray" methodname="TestInstanceStdArray" classname="Kaitai.SpecInstanceStdArray" runstate="Runnable" seed="1669932608" result="Passed" start-time="2019-03-10 13:57:58Z" end-time="2019-03-10 13:57:58Z" duration="0.001151" asserts="7" />
      </test-suite>
      <test-suite type="TestFixture" id="0-1116" name="SpecInstanceUserArray" fullname="Kaitai.SpecInstanceUserArray" classname="Kaitai.SpecInstanceUserArray" runstate="Runnable" testcasecount="1" result="Passed" start-time="2019-03-10 13:57:58Z" end-time="2019-03-10 13:57:58Z" duration="0.004306" total="1" passed="1" failed="0" inconclusive="0" skipped="0" asserts="10">
        <test-case id="0-1117" name="TestInstanceUserArray" fullname="Kaitai.SpecInstanceUserArray.TestInstanceUserArray" methodname="TestInstanceUserArray" classname="Kaitai.SpecInstanceUserArray" runstate="Runnable" seed="336145892" result="Passed" start-time="2019-03-10 13:57:58Z" end-time="2019-03-10 13:57:58Z" duration="0.001770" asserts="10" />
      </test-suite>
      <test-suite type="TestFixture" id="0-1118" name="SpecJsSignedRightShift" fullname="Kaitai.SpecJsSignedRightShift" classname="Kaitai.SpecJsSignedRightShift" runstate="Runnable" testcasecount="1" result="Passed" start-time="2019-03-10 13:57:58Z" end-time="2019-03-10 13:57:58Z" duration="0.003103" total="1" passed="1" failed="0" inconclusive="0" skipped="0" asserts="2">
        <test-case id="0-1119" name="TestJsSignedRightShift" fullname="Kaitai.SpecJsSignedRightShift.TestJsSignedRightShift" methodname="TestJsSignedRightShift" classname="Kaitai.SpecJsSignedRightShift" runstate="Runnable" seed="62134315" result="Passed" start-time="2019-03-10 13:57:58Z" end-time="2019-03-10 13:57:58Z" duration="0.000522" asserts="2" />
      </test-suite>
      <test-suite type="TestFixture" id="0-1120" name="SpecMetaXref" fullname="Kaitai.SpecMetaXref" classname="Kaitai.SpecMetaXref" runstate="Runnable" testcasecount="1" result="Passed" start-time="2019-03-10 13:57:58Z" end-time="2019-03-10 13:57:58Z" duration="0.002868" total="1" passed="1" failed="0" inconclusive="0" skipped="0" asserts="0">
        <test-case id="0-1121" name="TestMetaXref" fullname="Kaitai.SpecMetaXref.TestMetaXref" methodname="TestMetaXref" classname="Kaitai.SpecMetaXref" runstate="Runnable" seed="474165923" result="Passed" start-time="2019-03-10 13:57:58Z" end-time="2019-03-10 13:57:58Z" duration="0.000357" asserts="0" />
      </test-suite>
      <test-suite type="TestFixture" id="0-1122" name="SpecMultipleUse" fullname="Kaitai.SpecMultipleUse" classname="Kaitai.SpecMultipleUse" runstate="Runnable" testcasecount="1" result="Passed" start-time="2019-03-10 13:57:58Z" end-time="2019-03-10 13:57:58Z" duration="0.003480" total="1" passed="1" failed="0" inconclusive="0" skipped="0" asserts="2">
        <test-case id="0-1123" name="TestMultipleUse" fullname="Kaitai.SpecMultipleUse.TestMultipleUse" methodname="TestMultipleUse" classname="Kaitai.SpecMultipleUse" runstate="Runnable" seed="497282782" result="Passed" start-time="2019-03-10 13:57:58Z" end-time="2019-03-10 13:57:58Z" duration="0.000973" asserts="2" />
      </test-suite>
      <test-suite type="TestFixture" id="0-1124" name="SpecNavParent" fullname="Kaitai.SpecNavParent" classname="Kaitai.SpecNavParent" runstate="Runnable" testcasecount="1" result="Passed" start-time="2019-03-10 13:57:58Z" end-time="2019-03-10 13:57:58Z" duration="0.004069" total="1" passed="1" failed="0" inconclusive="0" skipped="0" asserts="5">
        <test-case id="0-1125" name="TestNavParent" fullname="Kaitai.SpecNavParent.TestNavParent" methodname="TestNavParent" classname="Kaitai.SpecNavParent" runstate="Runnable" seed="1270871601" result="Passed" start-time="2019-03-10 13:57:58Z" end-time="2019-03-10 13:57:58Z" duration="0.001553" asserts="5" />
      </test-suite>
      <test-suite type="TestFixture" id="0-1126" name="SpecNavParent2" fullname="Kaitai.SpecNavParent2" classname="Kaitai.SpecNavParent2" runstate="Runnable" testcasecount="1" result="Passed" start-time="2019-03-10 13:57:58Z" end-time="2019-03-10 13:57:58Z" duration="0.004330" total="1" passed="1" failed="0" inconclusive="0" skipped="0" asserts="10">
        <test-case id="0-1127" name="TestNavParent2" fullname="Kaitai.SpecNavParent2.TestNavParent2" methodname="TestNavParent2" classname="Kaitai.SpecNavParent2" runstate="Runnable" seed="1492217769" result="Passed" start-time="2019-03-10 13:57:58Z" end-time="2019-03-10 13:57:58Z" duration="0.001828" asserts="10" />
      </test-suite>
      <test-suite type="TestFixture" id="0-1128" name="SpecNavParent3" fullname="Kaitai.SpecNavParent3" classname="Kaitai.SpecNavParent3" runstate="Runnable" testcasecount="1" result="Passed" start-time="2019-03-10 13:57:58Z" end-time="2019-03-10 13:57:58Z" duration="0.004448" total="1" passed="1" failed="0" inconclusive="0" skipped="0" asserts="10">
        <test-case id="0-1129" name="TestNavParent3" fullname="Kaitai.SpecNavParent3.TestNavParent3" methodname="TestNavParent3" classname="Kaitai.SpecNavParent3" runstate="Runnable" seed="700907839" result="Passed" start-time="2019-03-10 13:57:58Z" end-time="2019-03-10 13:57:58Z" duration="0.001935" asserts="10" />
      </test-suite>
      <test-suite type="TestFixture" id="0-1130" name="SpecNavParentFalse" fullname="Kaitai.SpecNavParentFalse" classname="Kaitai.SpecNavParentFalse" runstate="Runnable" testcasecount="1" result="Passed" start-time="2019-03-10 13:57:58Z" end-time="2019-03-10 13:57:58Z" duration="0.003673" total="1" passed="1" failed="0" inconclusive="0" skipped="0" asserts="5">
        <test-case id="0-1131" name="TestNavParentFalse" fullname="Kaitai.SpecNavParentFalse.TestNavParentFalse" methodname="TestNavParentFalse" classname="Kaitai.SpecNavParentFalse" runstate="Runnable" seed="1688731789" result="Passed" start-time="2019-03-10 13:57:58Z" end-time="2019-03-10 13:57:58Z" duration="0.001113" asserts="5" />
      </test-suite>
      <test-suite type="TestFixture" id="0-1132" name="SpecNavParentFalse2" fullname="Kaitai.SpecNavParentFalse2" classname="Kaitai.SpecNavParentFalse2" runstate="Runnable" testcasecount="1" result="Passed" start-time="2019-03-10 13:57:58Z" end-time="2019-03-10 13:57:58Z" duration="0.003125" total="1" passed="1" failed="0" inconclusive="0" skipped="0" asserts="1">
        <test-case id="0-1133" name="TestNavParentFalse2" fullname="Kaitai.SpecNavParentFalse2.TestNavParentFalse2" methodname="TestNavParentFalse2" classname="Kaitai.SpecNavParentFalse2" runstate="Runnable" seed="633421681" result="Passed" start-time="2019-03-10 13:57:58Z" end-time="2019-03-10 13:57:58Z" duration="0.000640" asserts="1" />
      </test-suite>
      <test-suite type="TestFixture" id="0-1134" name="SpecNavParentOverride" fullname="Kaitai.SpecNavParentOverride" classname="Kaitai.SpecNavParentOverride" runstate="Runnable" testcasecount="1" result="Passed" start-time="2019-03-10 13:57:58Z" end-time="2019-03-10 13:57:58Z" duration="0.003400" total="1" passed="1" failed="0" inconclusive="0" skipped="0" asserts="3">
        <test-case id="0-1135" name="TestNavParentOverride" fullname="Kaitai.SpecNavParentOverride.TestNavParentOverride" methodname="TestNavParentOverride" classname="Kaitai.SpecNavParentOverride" runstate="Runnable" seed="634014416" result="Passed" start-time="2019-03-10 13:57:58Z" end-time="2019-03-10 13:57:58Z" duration="0.000876" asserts="3" />
      </test-suite>
      <test-suite type="TestFixture" id="0-1136" name="SpecNavParentSwitch" fullname="Kaitai.SpecNavParentSwitch" classname="Kaitai.SpecNavParentSwitch" runstate="Runnable" testcasecount="1" result="Passed" start-time="2019-03-10 13:57:58Z" end-time="2019-03-10 13:57:58Z" duration="0.003453" total="1" passed="1" failed="0" inconclusive="0" skipped="0" asserts="3">
        <test-case id="0-1137" name="TestNavParentSwitch" fullname="Kaitai.SpecNavParentSwitch.TestNavParentSwitch" methodname="TestNavParentSwitch" classname="Kaitai.SpecNavParentSwitch" runstate="Runnable" seed="1774056512" result="Passed" start-time="2019-03-10 13:57:58Z" end-time="2019-03-10 13:57:58Z" duration="0.000959" asserts="3" />
      </test-suite>
      <test-suite type="TestFixture" id="0-1138" name="SpecNavParentVsValueInst" fullname="Kaitai.SpecNavParentVsValueInst" classname="Kaitai.SpecNavParentVsValueInst" runstate="Runnable" testcasecount="1" result="Passed" start-time="2019-03-10 13:57:58Z" end-time="2019-03-10 13:57:58Z" duration="0.003137" total="1" passed="1" failed="0" inconclusive="0" skipped="0" asserts="1">
        <test-case id="0-1139" name="TestNavParentVsValueInst" fullname="Kaitai.SpecNavParentVsValueInst.TestNavParentVsValueInst" methodname="TestNavParentVsValueInst" classname="Kaitai.SpecNavParentVsValueInst" runstate="Runnable" seed="132976155" result="Passed" start-time="2019-03-10 13:57:58Z" end-time="2019-03-10 13:57:58Z" duration="0.000573" asserts="1" />
      </test-suite>
      <test-suite type="TestFixture" id="0-1140" name="SpecNavRoot" fullname="Kaitai.SpecNavRoot" classname="Kaitai.SpecNavRoot" runstate="Runnable" testcasecount="1" result="Passed" start-time="2019-03-10 13:57:58Z" end-time="2019-03-10 13:57:58Z" duration="0.004044" total="1" passed="1" failed="0" inconclusive="0" skipped="0" asserts="5">
        <test-case id="0-1141" name="TestNavRoot" fullname="Kaitai.SpecNavRoot.TestNavRoot" methodname="TestNavRoot" classname="Kaitai.SpecNavRoot" runstate="Runnable" seed="1360386879" result="Passed" start-time="2019-03-10 13:57:58Z" end-time="2019-03-10 13:57:58Z" duration="0.001545" asserts="5" />
      </test-suite>
      <test-suite type="TestFixture" id="0-1142" name="SpecNestedSameName" fullname="Kaitai.SpecNestedSameName" classname="Kaitai.SpecNestedSameName" runstate="Runnable" testcasecount="1" result="Passed" start-time="2019-03-10 13:57:58Z" end-time="2019-03-10 13:57:58Z" duration="0.003464" total="1" passed="1" failed="0" inconclusive="0" skipped="0" asserts="2">
        <test-case id="0-1143" name="TestNestedSameName" fullname="Kaitai.SpecNestedSameName.TestNestedSameName" methodname="TestNestedSameName" classname="Kaitai.SpecNestedSameName" runstate="Runnable" seed="1820880386" result="Passed" start-time="2019-03-10 13:57:58Z" end-time="2019-03-10 13:57:58Z" duration="0.000944" asserts="2" />
      </test-suite>
      <test-suite type="TestFixture" id="0-1144" name="SpecNestedSameName2" fullname="Kaitai.SpecNestedSameName2" classname="Kaitai.SpecNestedSameName2" runstate="Runnable" testcasecount="1" result="Passed" start-time="2019-03-10 13:57:58Z" end-time="2019-03-10 13:57:58Z" duration="0.003746" total="1" passed="1" failed="0" inconclusive="0" skipped="0" asserts="5">
        <test-case id="0-1145" name="TestNestedSameName2" fullname="Kaitai.SpecNestedSameName2.TestNestedSameName2" methodname="TestNestedSameName2" classname="Kaitai.SpecNestedSameName2" runstate="Runnable" seed="1525526635" result="Passed" start-time="2019-03-10 13:57:58Z" end-time="2019-03-10 13:57:58Z" duration="0.001183" asserts="5" />
      </test-suite>
      <test-suite type="TestFixture" id="0-1146" name="SpecNestedTypes" fullname="Kaitai.SpecNestedTypes" classname="Kaitai.SpecNestedTypes" runstate="Runnable" testcasecount="1" result="Passed" start-time="2019-03-10 13:57:58Z" end-time="2019-03-10 13:57:58Z" duration="0.003508" total="1" passed="1" failed="0" inconclusive="0" skipped="0" asserts="3">
        <test-case id="0-1147" name="TestNestedTypes" fullname="Kaitai.SpecNestedTypes.TestNestedTypes" methodname="TestNestedTypes" classname="Kaitai.SpecNestedTypes" runstate="Runnable" seed="704752295" result="Passed" start-time="2019-03-10 13:57:58Z" end-time="2019-03-10 13:57:58Z" duration="0.000943" asserts="3" />
      </test-suite>
      <test-suite type="TestFixture" id="0-1148" name="SpecNestedTypes2" fullname="Kaitai.SpecNestedTypes2" classname="Kaitai.SpecNestedTypes2" runstate="Runnable" testcasecount="1" result="Passed" start-time="2019-03-10 13:57:58Z" end-time="2019-03-10 13:57:58Z" duration="0.003989" total="1" passed="1" failed="0" inconclusive="0" skipped="0" asserts="7">
        <test-case id="0-1149" name="TestNestedTypes2" fullname="Kaitai.SpecNestedTypes2.TestNestedTypes2" methodname="TestNestedTypes2" classname="Kaitai.SpecNestedTypes2" runstate="Runnable" seed="1791321613" result="Passed" start-time="2019-03-10 13:57:58Z" end-time="2019-03-10 13:57:58Z" duration="0.001481" asserts="7" />
      </test-suite>
      <test-suite type="TestFixture" id="0-1150" name="SpecNonStandard" fullname="Kaitai.SpecNonStandard" classname="Kaitai.SpecNonStandard" runstate="Runnable" testcasecount="1" result="Passed" start-time="2019-03-10 13:57:58Z" end-time="2019-03-10 13:57:58Z" duration="0.003159" total="1" passed="1" failed="0" inconclusive="0" skipped="0" asserts="1">
        <test-case id="0-1151" name="TestNonStandard" fullname="Kaitai.SpecNonStandard.TestNonStandard" methodname="TestNonStandard" classname="Kaitai.SpecNonStandard" runstate="Runnable" seed="1255626561" result="Passed" start-time="2019-03-10 13:57:58Z" end-time="2019-03-10 13:57:58Z" duration="0.000589" asserts="1" />
      </test-suite>
      <test-suite type="TestFixture" id="0-1152" name="SpecOpaqueExternalType" fullname="Kaitai.SpecOpaqueExternalType" classname="Kaitai.SpecOpaqueExternalType" runstate="Runnable" testcasecount="1" result="Passed" start-time="2019-03-10 13:57:58Z" end-time="2019-03-10 13:57:58Z" duration="0.003252" total="1" passed="1" failed="0" inconclusive="0" skipped="0" asserts="3">
        <test-case id="0-1153" name="TestOpaqueExternalType" fullname="Kaitai.SpecOpaqueExternalType.TestOpaqueExternalType" methodname="TestOpaqueExternalType" classname="Kaitai.SpecOpaqueExternalType" runstate="Runnable" seed="1270794806" result="Passed" start-time="2019-03-10 13:57:58Z" end-time="2019-03-10 13:57:58Z" duration="0.000754" asserts="3" />
      </test-suite>
      <test-suite type="TestFixture" id="0-1154" name="SpecOpaqueExternalType02Parent" fullname="Kaitai.SpecOpaqueExternalType02Parent" classname="Kaitai.SpecOpaqueExternalType02Parent" runstate="Runnable" testcasecount="1" result="Passed" start-time="2019-03-10 13:57:58Z" end-time="2019-03-10 13:57:58Z" duration="0.003576" total="1" passed="1" failed="0" inconclusive="0" skipped="0" asserts="3">
        <test-case id="0-1155" name="TestOpaqueExternalType02Parent" fullname="Kaitai.SpecOpaqueExternalType02Parent.TestOpaqueExternalType02Parent" methodname="TestOpaqueExternalType02Parent" classname="Kaitai.SpecOpaqueExternalType02Parent" runstate="Runnable" seed="2071675150" result="Passed" start-time="2019-03-10 13:57:58Z" end-time="2019-03-10 13:57:58Z" duration="0.001072" asserts="3" />
      </test-suite>
      <test-suite type="TestFixture" id="0-1156" name="SpecOpaqueWithParam" fullname="Kaitai.SpecOpaqueWithParam" classname="Kaitai.SpecOpaqueWithParam" runstate="Runnable" testcasecount="1" result="Passed" start-time="2019-03-10 13:57:58Z" end-time="2019-03-10 13:57:58Z" duration="0.003383" total="1" passed="1" failed="0" inconclusive="0" skipped="0" asserts="2">
        <test-case id="0-1157" name="TestOpaqueWithParam" fullname="Kaitai.SpecOpaqueWithParam.TestOpaqueWithParam" methodname="TestOpaqueWithParam" classname="Kaitai.SpecOpaqueWithParam" runstate="Runnable" seed="1018654915" result="Passed" start-time="2019-03-10 13:57:58Z" end-time="2019-03-10 13:57:58Z" duration="0.000863" asserts="2" />
      </test-suite>
      <test-suite type="TestFixture" id="0-1158" name="SpecOptionalId" fullname="Kaitai.SpecOptionalId" classname="Kaitai.SpecOptionalId" runstate="Runnable" testcasecount="1" result="Passed" start-time="2019-03-10 13:57:58Z" end-time="2019-03-10 13:57:58Z" duration="0.003235" total="1" passed="1" failed="0" inconclusive="0" skipped="0" asserts="3">
        <test-case id="0-1159" name="TestOptionalId" fullname="Kaitai.SpecOptionalId.TestOptionalId" methodname="TestOptionalId" classname="Kaitai.SpecOptionalId" runstate="Runnable" seed="108905285" result="Passed" start-time="2019-03-10 13:57:58Z" end-time="2019-03-10 13:57:58Z" duration="0.000576" asserts="3" />
      </test-suite>
      <test-suite type="TestFixture" id="0-1160" name="SpecParamsCallShort" fullname="Kaitai.SpecParamsCallShort" classname="Kaitai.SpecParamsCallShort" runstate="Runnable" testcasecount="1" result="Passed" start-time="2019-03-10 13:57:58Z" end-time="2019-03-10 13:57:58Z" duration="0.003745" total="1" passed="1" failed="0" inconclusive="0" skipped="0" asserts="3">
        <test-case id="0-1161" name="TestParamsCallShort" fullname="Kaitai.SpecParamsCallShort.TestParamsCallShort" methodname="TestParamsCallShort" classname="Kaitai.SpecParamsCallShort" runstate="Runnable" seed="1828516909" result="Passed" start-time="2019-03-10 13:57:58Z" end-time="2019-03-10 13:57:58Z" duration="0.001045" asserts="3" />
      </test-suite>
      <test-suite type="TestFixture" id="0-1162" name="SpecParamsDef" fullname="Kaitai.SpecParamsDef" classname="Kaitai.SpecParamsDef" runstate="Runnable" testcasecount="1" result="Passed" start-time="2019-03-10 13:57:58Z" end-time="2019-03-10 13:57:58Z" duration="0.002861" total="1" passed="1" failed="0" inconclusive="0" skipped="0" asserts="2">
        <test-case id="0-1163" name="TestParamsDef" fullname="Kaitai.SpecParamsDef.TestParamsDef" methodname="TestParamsDef" classname="Kaitai.SpecParamsDef" runstate="Runnable" seed="1936625839" result="Passed" start-time="2019-03-10 13:57:58Z" end-time="2019-03-10 13:57:58Z" duration="0.000354" asserts="2" />
      </test-suite>
      <test-suite type="TestFixture" id="0-1164" name="SpecPositionAbs" fullname="Kaitai.SpecPositionAbs" classname="Kaitai.SpecPositionAbs" runstate="Runnable" testcasecount="1" result="Passed" start-time="2019-03-10 13:57:58Z" end-time="2019-03-10 13:57:58Z" duration="0.003434" total="1" passed="1" failed="0" inconclusive="0" skipped="0" asserts="2">
        <test-case id="0-1165" name="TestPositionAbs" fullname="Kaitai.SpecPositionAbs.TestPositionAbs" methodname="TestPositionAbs" classname="Kaitai.SpecPositionAbs" runstate="Runnable" seed="1851473063" result="Passed" start-time="2019-03-10 13:57:58Z" end-time="2019-03-10 13:57:58Z" duration="0.000871" asserts="2" />
      </test-suite>
      <test-suite type="TestFixture" id="0-1166" name="SpecPositionInSeq" fullname="Kaitai.SpecPositionInSeq" classname="Kaitai.SpecPositionInSeq" runstate="Runnable" testcasecount="1" result="Passed" start-time="2019-03-10 13:57:58Z" end-time="2019-03-10 13:57:58Z" duration="0.004215" total="1" passed="1" failed="0" inconclusive="0" skipped="0" asserts="1">
        <test-case id="0-1167" name="TestPositionInSeq" fullname="Kaitai.SpecPositionInSeq.TestPositionInSeq" methodname="TestPositionInSeq" classname="Kaitai.SpecPositionInSeq" runstate="Runnable" seed="2106705681" result="Passed" start-time="2019-03-10 13:57:58Z" end-time="2019-03-10 13:57:58Z" duration="0.001646" asserts="1" />
      </test-suite>
      <test-suite type="TestFixture" id="0-1168" name="SpecPositionToEnd" fullname="Kaitai.SpecPositionToEnd" classname="Kaitai.SpecPositionToEnd" runstate="Runnable" testcasecount="1" result="Passed" start-time="2019-03-10 13:57:58Z" end-time="2019-03-10 13:57:58Z" duration="0.003324" total="1" passed="1" failed="0" inconclusive="0" skipped="0" asserts="2">
        <test-case id="0-1169" name="TestPositionToEnd" fullname="Kaitai.SpecPositionToEnd.TestPositionToEnd" methodname="TestPositionToEnd" classname="Kaitai.SpecPositionToEnd" runstate="Runnable" seed="1518463411" result="Passed" start-time="2019-03-10 13:57:58Z" end-time="2019-03-10 13:57:58Z" duration="0.000771" asserts="2" />
      </test-suite>
      <test-suite type="TestFixture" id="0-1170" name="SpecProcessCoerceBytes" fullname="Kaitai.SpecProcessCoerceBytes" classname="Kaitai.SpecProcessCoerceBytes" runstate="Runnable" testcasecount="1" result="Passed" start-time="2019-03-10 13:57:58Z" end-time="2019-03-10 13:57:58Z" duration="0.004565" total="1" passed="1" failed="0" inconclusive="0" skipped="0" asserts="4">
        <test-case id="0-1171" name="TestProcessCoerceBytes" fullname="Kaitai.SpecProcessCoerceBytes.TestProcessCoerceBytes" methodname="TestProcessCoerceBytes" classname="Kaitai.SpecProcessCoerceBytes" runstate="Runnable" seed="1393776726" result="Passed" start-time="2019-03-10 13:57:58Z" end-time="2019-03-10 13:57:58Z" duration="0.001992" asserts="4" />
      </test-suite>
      <test-suite type="TestFixture" id="0-1172" name="SpecProcessCoerceSwitch" fullname="Kaitai.SpecProcessCoerceSwitch" classname="Kaitai.SpecProcessCoerceSwitch" runstate="Runnable" testcasecount="1" result="Passed" start-time="2019-03-10 13:57:58Z" end-time="2019-03-10 13:57:58Z" duration="0.003591" total="1" passed="1" failed="0" inconclusive="0" skipped="0" asserts="3">
        <test-case id="0-1173" name="TestProcessCoerceSwitch" fullname="Kaitai.SpecProcessCoerceSwitch.TestProcessCoerceSwitch" methodname="TestProcessCoerceSwitch" classname="Kaitai.SpecProcessCoerceSwitch" runstate="Runnable" seed="1064461780" result="Passed" start-time="2019-03-10 13:57:58Z" end-time="2019-03-10 13:57:58Z" duration="0.000992" asserts="3" />
      </test-suite>
      <test-suite type="TestFixture" id="0-1174" name="SpecProcessCoerceUsertype1" fullname="Kaitai.SpecProcessCoerceUsertype1" classname="Kaitai.SpecProcessCoerceUsertype1" runstate="Runnable" testcasecount="1" result="Passed" start-time="2019-03-10 13:57:58Z" end-time="2019-03-10 13:57:58Z" duration="0.004187" total="1" passed="1" failed="0" inconclusive="0" skipped="0" asserts="4">
        <test-case id="0-1175" name="TestProcessCoerceUsertype1" fullname="Kaitai.SpecProcessCoerceUsertype1.TestProcessCoerceUsertype1" methodname="TestProcessCoerceUsertype1" classname="Kaitai.SpecProcessCoerceUsertype1" runstate="Runnable" seed="174344269" result="Passed" start-time="2019-03-10 13:57:58Z" end-time="2019-03-10 13:57:58Z" duration="0.001653" asserts="4" />
      </test-suite>
      <test-suite type="TestFixture" id="0-1176" name="SpecProcessCoerceUsertype2" fullname="Kaitai.SpecProcessCoerceUsertype2" classname="Kaitai.SpecProcessCoerceUsertype2" runstate="Runnable" testcasecount="1" result="Passed" start-time="2019-03-10 13:57:58Z" end-time="2019-03-10 13:57:58Z" duration="0.004149" total="1" passed="1" failed="0" inconclusive="0" skipped="0" asserts="4">
        <test-case id="0-1177" name="TestProcessCoerceUsertype2" fullname="Kaitai.SpecProcessCoerceUsertype2.TestProcessCoerceUsertype2" methodname="TestProcessCoerceUsertype2" classname="Kaitai.SpecProcessCoerceUsertype2" runstate="Runnable" seed="919435745" result="Passed" start-time="2019-03-10 13:57:58Z" end-time="2019-03-10 13:57:58Z" duration="0.001509" asserts="4" />
      </test-suite>
      <test-suite type="TestFixture" id="0-1178" name="SpecProcessRotate" fullname="Kaitai.SpecProcessRotate" classname="Kaitai.SpecProcessRotate" runstate="Runnable" testcasecount="1" result="Passed" start-time="2019-03-10 13:57:58Z" end-time="2019-03-10 13:57:58Z" duration="0.004289" total="1" passed="1" failed="0" inconclusive="0" skipped="0" asserts="3">
        <test-case id="0-1179" name="TestProcessRotate" fullname="Kaitai.SpecProcessRotate.TestProcessRotate" methodname="TestProcessRotate" classname="Kaitai.SpecProcessRotate" runstate="Runnable" seed="156408973" result="Passed" start-time="2019-03-10 13:57:58Z" end-time="2019-03-10 13:57:58Z" duration="0.001765" asserts="3" />
      </test-suite>
      <test-suite type="TestFixture" id="0-1180" name="SpecProcessToUser" fullname="Kaitai.SpecProcessToUser" classname="Kaitai.SpecProcessToUser" runstate="Runnable" testcasecount="1" result="Passed" start-time="2019-03-10 13:57:58Z" end-time="2019-03-10 13:57:58Z" duration="0.003214" total="1" passed="1" failed="0" inconclusive="0" skipped="0" asserts="1">
        <test-case id="0-1181" name="TestProcessToUser" fullname="Kaitai.SpecProcessToUser.TestProcessToUser" methodname="TestProcessToUser" classname="Kaitai.SpecProcessToUser" runstate="Runnable" seed="1096840073" result="Passed" start-time="2019-03-10 13:57:58Z" end-time="2019-03-10 13:57:58Z" duration="0.000696" asserts="1" />
      </test-suite>
      <test-suite type="TestFixture" id="0-1182" name="SpecProcessXor4Const" fullname="Kaitai.SpecProcessXor4Const" classname="Kaitai.SpecProcessXor4Const" runstate="Runnable" testcasecount="1" result="Passed" start-time="2019-03-10 13:57:58Z" end-time="2019-03-10 13:57:58Z" duration="0.003298" total="1" passed="1" failed="0" inconclusive="0" skipped="0" asserts="1">
        <test-case id="0-1183" name="TestProcessXor4Const" fullname="Kaitai.SpecProcessXor4Const.TestProcessXor4Const" methodname="TestProcessXor4Const" classname="Kaitai.SpecProcessXor4Const" runstate="Runnable" seed="1733566822" result="Passed" start-time="2019-03-10 13:57:58Z" end-time="2019-03-10 13:57:58Z" duration="0.000732" asserts="1" />
      </test-suite>
      <test-suite type="TestFixture" id="0-1184" name="SpecProcessXor4Value" fullname="Kaitai.SpecProcessXor4Value" classname="Kaitai.SpecProcessXor4Value" runstate="Runnable" testcasecount="1" result="Passed" start-time="2019-03-10 13:57:58Z" end-time="2019-03-10 13:57:58Z" duration="0.003201" total="1" passed="1" failed="0" inconclusive="0" skipped="0" asserts="2">
        <test-case id="0-1185" name="TestProcessXor4Value" fullname="Kaitai.SpecProcessXor4Value.TestProcessXor4Value" methodname="TestProcessXor4Value" classname="Kaitai.SpecProcessXor4Value" runstate="Runnable" seed="279286133" result="Passed" start-time="2019-03-10 13:57:58Z" end-time="2019-03-10 13:57:58Z" duration="0.000682" asserts="2" />
      </test-suite>
      <test-suite type="TestFixture" id="0-1186" name="SpecProcessXorConst" fullname="Kaitai.SpecProcessXorConst" classname="Kaitai.SpecProcessXorConst" runstate="Runnable" testcasecount="1" result="Passed" start-time="2019-03-10 13:57:58Z" end-time="2019-03-10 13:57:58Z" duration="0.003180" total="1" passed="1" failed="0" inconclusive="0" skipped="0" asserts="2">
        <test-case id="0-1187" name="TestProcessXorConst" fullname="Kaitai.SpecProcessXorConst.TestProcessXorConst" methodname="TestProcessXorConst" classname="Kaitai.SpecProcessXorConst" runstate="Runnable" seed="1643052466" result="Passed" start-time="2019-03-10 13:57:58Z" end-time="2019-03-10 13:57:58Z" duration="0.000582" asserts="2" />
      </test-suite>
      <test-suite type="TestFixture" id="0-1188" name="SpecProcessXorValue" fullname="Kaitai.SpecProcessXorValue" classname="Kaitai.SpecProcessXorValue" runstate="Runnable" testcasecount="1" result="Passed" start-time="2019-03-10 13:57:58Z" end-time="2019-03-10 13:57:58Z" duration="0.003160" total="1" passed="1" failed="0" inconclusive="0" skipped="0" asserts="2">
        <test-case id="0-1189" name="TestProcessXorValue" fullname="Kaitai.SpecProcessXorValue.TestProcessXorValue" methodname="TestProcessXorValue" classname="Kaitai.SpecProcessXorValue" runstate="Runnable" seed="737343258" result="Passed" start-time="2019-03-10 13:57:58Z" end-time="2019-03-10 13:57:58Z" duration="0.000627" asserts="2" />
      </test-suite>
      <test-suite type="TestFixture" id="0-1190" name="SpecRecursiveOne" fullname="Kaitai.SpecRecursiveOne" classname="Kaitai.SpecRecursiveOne" runstate="Runnable" testcasecount="1" result="Passed" start-time="2019-03-10 13:57:58Z" end-time="2019-03-10 13:57:58Z" duration="0.003431" total="1" passed="1" failed="0" inconclusive="0" skipped="0" asserts="4">
        <test-case id="0-1191" name="TestRecursiveOne" fullname="Kaitai.SpecRecursiveOne.TestRecursiveOne" methodname="TestRecursiveOne" classname="Kaitai.SpecRecursiveOne" runstate="Runnable" seed="60368037" result="Passed" start-time="2019-03-10 13:57:58Z" end-time="2019-03-10 13:57:58Z" duration="0.000909" asserts="4" />
      </test-suite>
      <test-suite type="TestFixture" id="0-1192" name="SpecRepeatEosStruct" fullname="Kaitai.SpecRepeatEosStruct" classname="Kaitai.SpecRepeatEosStruct" runstate="Runnable" testcasecount="1" result="Passed" start-time="2019-03-10 13:57:58Z" end-time="2019-03-10 13:57:58Z" duration="0.003905" total="1" passed="1" failed="0" inconclusive="0" skipped="0" asserts="5">
        <test-case id="0-1193" name="TestRepeatEosStruct" fullname="Kaitai.SpecRepeatEosStruct.TestRepeatEosStruct" methodname="TestRepeatEosStruct" classname="Kaitai.SpecRepeatEosStruct" runstate="Runnable" seed="1026063366" result="Passed" start-time="2019-03-10 13:57:58Z" end-time="2019-03-10 13:57:58Z" duration="0.001372" asserts="5" />
      </test-suite>
      <test-suite type="TestFixture" id="0-1194" name="SpecRepeatEosU4" fullname="Kaitai.SpecRepeatEosU4" classname="Kaitai.SpecRepeatEosU4" runstate="Runnable" testcasecount="1" result="Passed" start-time="2019-03-10 13:57:58Z" end-time="2019-03-10 13:57:58Z" duration="0.003810" total="1" passed="1" failed="0" inconclusive="0" skipped="0" asserts="1">
        <test-case id="0-1195" name="TestRepeatEosU4" fullname="Kaitai.SpecRepeatEosU4.TestRepeatEosU4" methodname="TestRepeatEosU4" classname="Kaitai.SpecRepeatEosU4" runstate="Runnable" seed="1802270282" result="Passed" start-time="2019-03-10 13:57:58Z" end-time="2019-03-10 13:57:58Z" duration="0.001261" asserts="1" />
      </test-suite>
      <test-suite type="TestFixture" id="0-1196" name="SpecRepeatNStruct" fullname="Kaitai.SpecRepeatNStruct" classname="Kaitai.SpecRepeatNStruct" runstate="Runnable" testcasecount="1" result="Passed" start-time="2019-03-10 13:57:58Z" end-time="2019-03-10 13:57:58Z" duration="0.003837" total="1" passed="1" failed="0" inconclusive="0" skipped="0" asserts="5">
        <test-case id="0-1197" name="TestRepeatNStruct" fullname="Kaitai.SpecRepeatNStruct.TestRepeatNStruct" methodname="TestRepeatNStruct" classname="Kaitai.SpecRepeatNStruct" runstate="Runnable" seed="542131003" result="Passed" start-time="2019-03-10 13:57:58Z" end-time="2019-03-10 13:57:58Z" duration="0.001331" asserts="5" />
      </test-suite>
      <test-suite type="TestFixture" id="0-1198" name="SpecRepeatNStrz" fullname="Kaitai.SpecRepeatNStrz" classname="Kaitai.SpecRepeatNStrz" runstate="Runnable" testcasecount="1" result="Passed" start-time="2019-03-10 13:57:58Z" end-time="2019-03-10 13:57:58Z" duration="0.003453" total="1" passed="1" failed="0" inconclusive="0" skipped="0" asserts="2">
        <test-case id="0-1199" name="TestRepeatNStrz" fullname="Kaitai.SpecRepeatNStrz.TestRepeatNStrz" methodname="TestRepeatNStrz" classname="Kaitai.SpecRepeatNStrz" runstate="Runnable" seed="275279399" result="Passed" start-time="2019-03-10 13:57:58Z" end-time="2019-03-10 13:57:58Z" duration="0.000912" asserts="2" />
      </test-suite>
      <test-suite type="TestFixture" id="0-1200" name="SpecRepeatNStrzDouble" fullname="Kaitai.SpecRepeatNStrzDouble" classname="Kaitai.SpecRepeatNStrzDouble" runstate="Runnable" testcasecount="1" result="Passed" start-time="2019-03-10 13:57:58Z" end-time="2019-03-10 13:57:58Z" duration="0.003450" total="1" passed="1" failed="0" inconclusive="0" skipped="0" asserts="3">
        <test-case id="0-1201" name="TestRepeatNStrzDouble" fullname="Kaitai.SpecRepeatNStrzDouble.TestRepeatNStrzDouble" methodname="TestRepeatNStrzDouble" classname="Kaitai.SpecRepeatNStrzDouble" runstate="Runnable" seed="495259296" result="Passed" start-time="2019-03-10 13:57:58Z" end-time="2019-03-10 13:57:58Z" duration="0.000934" asserts="3" />
      </test-suite>
      <test-suite type="TestFixture" id="0-1202" name="SpecRepeatUntilComplex" fullname="Kaitai.SpecRepeatUntilComplex" classname="Kaitai.SpecRepeatUntilComplex" runstate="Runnable" testcasecount="1" result="Passed" start-time="2019-03-10 13:57:58Z" end-time="2019-03-10 13:57:58Z" duration="0.006173" total="1" passed="1" failed="0" inconclusive="0" skipped="0" asserts="17">
        <test-case id="0-1203" name="TestRepeatUntilComplex" fullname="Kaitai.SpecRepeatUntilComplex.TestRepeatUntilComplex" methodname="TestRepeatUntilComplex" classname="Kaitai.SpecRepeatUntilComplex" runstate="Runnable" seed="782374210" result="Passed" start-time="2019-03-10 13:57:58Z" end-time="2019-03-10 13:57:58Z" duration="0.003580" asserts="17" />
      </test-suite>
      <test-suite type="TestFixture" id="0-1204" name="SpecRepeatUntilS4" fullname="Kaitai.SpecRepeatUntilS4" classname="Kaitai.SpecRepeatUntilS4" runstate="Runnable" testcasecount="1" result="Passed" start-time="2019-03-10 13:57:58Z" end-time="2019-03-10 13:57:58Z" duration="0.004096" total="1" passed="1" failed="0" inconclusive="0" skipped="0" asserts="2">
        <test-case id="0-1205" name="TestRepeatUntilS4" fullname="Kaitai.SpecRepeatUntilS4.TestRepeatUntilS4" methodname="TestRepeatUntilS4" classname="Kaitai.SpecRepeatUntilS4" runstate="Runnable" seed="1997921376" result="Passed" start-time="2019-03-10 13:57:58Z" end-time="2019-03-10 13:57:58Z" duration="0.001587" asserts="2" />
      </test-suite>
      <test-suite type="TestFixture" id="0-1206" name="SpecRepeatUntilSized" fullname="Kaitai.SpecRepeatUntilSized" classname="Kaitai.SpecRepeatUntilSized" runstate="Runnable" testcasecount="1" result="Passed" start-time="2019-03-10 13:57:58Z" end-time="2019-03-10 13:57:58Z" duration="0.004125" total="1" passed="1" failed="0" inconclusive="0" skipped="0" asserts="7">
        <test-case id="0-1207" name="TestRepeatUntilSized" fullname="Kaitai.SpecRepeatUntilSized.TestRepeatUntilSized" methodname="TestRepeatUntilSized" classname="Kaitai.SpecRepeatUntilSized" runstate="Runnable" seed="1261833493" result="Passed" start-time="2019-03-10 13:57:58Z" end-time="2019-03-10 13:57:58Z" duration="0.001588" asserts="7" />
      </test-suite>
      <test-suite type="TestFixture" id="0-1208" name="SpecStrEncodings" fullname="Kaitai.SpecStrEncodings" classname="Kaitai.SpecStrEncodings" runstate="Runnable" testcasecount="1" result="Passed" start-time="2019-03-10 13:57:58Z" end-time="2019-03-10 13:57:58Z" duration="0.019835" total="1" passed="1" failed="0" inconclusive="0" skipped="0" asserts="4">
        <test-case id="0-1209" name="TestStrEncodings" fullname="Kaitai.SpecStrEncodings.TestStrEncodings" methodname="TestStrEncodings" classname="Kaitai.SpecStrEncodings" runstate="Runnable" seed="1983812486" result="Passed" start-time="2019-03-10 13:57:58Z" end-time="2019-03-10 13:57:58Z" duration="0.017196" asserts="4" />
      </test-suite>
      <test-suite type="TestFixture" id="0-1210" name="SpecStrEncodingsDefault" fullname="Kaitai.SpecStrEncodingsDefault" classname="Kaitai.SpecStrEncodingsDefault" runstate="Runnable" testcasecount="1" result="Passed" start-time="2019-03-10 13:57:58Z" end-time="2019-03-10 13:57:58Z" duration="0.003501" total="1" passed="1" failed="0" inconclusive="0" skipped="0" asserts="4">
        <test-case id="0-1211" name="TestStrEncodingsDefault" fullname="Kaitai.SpecStrEncodingsDefault.TestStrEncodingsDefault" methodname="TestStrEncodingsDefault" classname="Kaitai.SpecStrEncodingsDefault" runstate="Runnable" seed="774311308" result="Passed" start-time="2019-03-10 13:57:58Z" end-time="2019-03-10 13:57:58Z" duration="0.000879" asserts="4" />
      </test-suite>
      <test-suite type="TestFixture" id="0-1212" name="SpecStrEos" fullname="Kaitai.SpecStrEos" classname="Kaitai.SpecStrEos" runstate="Runnable" testcasecount="1" result="Passed" start-time="2019-03-10 13:57:58Z" end-time="2019-03-10 13:57:58Z" duration="0.003057" total="1" passed="1" failed="0" inconclusive="0" skipped="0" asserts="1">
        <test-case id="0-1213" name="TestStrEos" fullname="Kaitai.SpecStrEos.TestStrEos" methodname="TestStrEos" classname="Kaitai.SpecStrEos" runstate="Runnable" seed="934369318" result="Passed" start-time="2019-03-10 13:57:58Z" end-time="2019-03-10 13:57:58Z" duration="0.000492" asserts="1" />
      </test-suite>
      <test-suite type="TestFixture" id="0-1214" name="SpecStrLiterals" fullname="Kaitai.SpecStrLiterals" classname="Kaitai.SpecStrLiterals" runstate="Runnable" testcasecount="1" result="Passed" start-time="2019-03-10 13:57:58Z" end-time="2019-03-10 13:57:58Z" duration="0.007195" total="1" passed="1" failed="0" inconclusive="0" skipped="0" asserts="5">
        <test-case id="0-1215" name="TestStrLiterals" fullname="Kaitai.SpecStrLiterals.TestStrLiterals" methodname="TestStrLiterals" classname="Kaitai.SpecStrLiterals" runstate="Runnable" seed="1355014804" result="Passed" start-time="2019-03-10 13:57:58Z" end-time="2019-03-10 13:57:58Z" duration="0.004680" asserts="5" />
      </test-suite>
      <test-suite type="TestFixture" id="0-1216" name="SpecStrLiterals2" fullname="Kaitai.SpecStrLiterals2" classname="Kaitai.SpecStrLiterals2" runstate="Runnable" testcasecount="1" result="Passed" start-time="2019-03-10 13:57:58Z" end-time="2019-03-10 13:57:58Z" duration="0.003333" total="1" passed="1" failed="0" inconclusive="0" skipped="0" asserts="4">
        <test-case id="0-1217" name="TestStrLiterals2" fullname="Kaitai.SpecStrLiterals2.TestStrLiterals2" methodname="TestStrLiterals2" classname="Kaitai.SpecStrLiterals2" runstate="Runnable" seed="1198460312" result="Passed" start-time="2019-03-10 13:57:58Z" end-time="2019-03-10 13:57:58Z" duration="0.000743" asserts="4" />
      </test-suite>
      <test-suite type="TestFixture" id="0-1218" name="SpecStrPadTerm" fullname="Kaitai.SpecStrPadTerm" classname="Kaitai.SpecStrPadTerm" runstate="Runnable" testcasecount="1" result="Passed" start-time="2019-03-10 13:57:58Z" end-time="2019-03-10 13:57:58Z" duration="0.003204" total="1" passed="1" failed="0" inconclusive="0" skipped="0" asserts="4">
        <test-case id="0-1219" name="TestStrPadTerm" fullname="Kaitai.SpecStrPadTerm.TestStrPadTerm" methodname="TestStrPadTerm" classname="Kaitai.SpecStrPadTerm" runstate="Runnable" seed="1276536375" result="Passed" start-time="2019-03-10 13:57:58Z" end-time="2019-03-10 13:57:58Z" duration="0.000661" asserts="4" />
      </test-suite>
      <test-suite type="TestFixture" id="0-1220" name="SpecStrPadTermEmpty" fullname="Kaitai.SpecStrPadTermEmpty" classname="Kaitai.SpecStrPadTermEmpty" runstate="Runnable" testcasecount="1" result="Passed" start-time="2019-03-10 13:57:58Z" end-time="2019-03-10 13:57:58Z" duration="0.003187" total="1" passed="1" failed="0" inconclusive="0" skipped="0" asserts="4">
        <test-case id="0-1221" name="TestStrPadTermEmpty" fullname="Kaitai.SpecStrPadTermEmpty.TestStrPadTermEmpty" methodname="TestStrPadTermEmpty" classname="Kaitai.SpecStrPadTermEmpty" runstate="Runnable" seed="577487032" result="Passed" start-time="2019-03-10 13:57:58Z" end-time="2019-03-10 13:57:58Z" duration="0.000609" asserts="4" />
      </test-suite>
      <test-suite type="TestFixture" id="0-1222" name="SpecSwitchBytearray" fullname="Kaitai.SpecSwitchBytearray" classname="Kaitai.SpecSwitchBytearray" runstate="Runnable" testcasecount="1" result="Passed" start-time="2019-03-10 13:57:58Z" end-time="2019-03-10 13:57:58Z" duration="0.004683" total="1" passed="1" failed="0" inconclusive="0" skipped="0" asserts="9">
        <test-case id="0-1223" name="TestSwitchBytearray" fullname="Kaitai.SpecSwitchBytearray.TestSwitchBytearray" methodname="TestSwitchBytearray" classname="Kaitai.SpecSwitchBytearray" runstate="Runnable" seed="480083098" result="Passed" start-time="2019-03-10 13:57:58Z" end-time="2019-03-10 13:57:58Z" duration="0.002180" asserts="9" />
      </test-suite>
      <test-suite type="TestFixture" id="0-1224" name="SpecSwitchCast" fullname="Kaitai.SpecSwitchCast" classname="Kaitai.SpecSwitchCast" runstate="Runnable" testcasecount="1" result="Passed" start-time="2019-03-10 13:57:58Z" end-time="2019-03-10 13:57:58Z" duration="0.004606" total="1" passed="1" failed="0" inconclusive="0" skipped="0" asserts="3">
        <test-case id="0-1225" name="TestSwitchCast" fullname="Kaitai.SpecSwitchCast.TestSwitchCast" methodname="TestSwitchCast" classname="Kaitai.SpecSwitchCast" runstate="Runnable" seed="258015731" result="Passed" start-time="2019-03-10 13:57:58Z" end-time="2019-03-10 13:57:58Z" duration="0.002098" asserts="3" />
      </test-suite>
      <test-suite type="TestFixture" id="0-1226" name="SpecSwitchIntegers" fullname="Kaitai.SpecSwitchIntegers" classname="Kaitai.SpecSwitchIntegers" runstate="Runnable" testcasecount="1" result="Passed" start-time="2019-03-10 13:57:58Z" end-time="2019-03-10 13:57:58Z" duration="0.004102" total="1" passed="1" failed="0" inconclusive="0" skipped="0" asserts="9">
        <test-case id="0-1227" name="TestSwitchIntegers" fullname="Kaitai.SpecSwitchIntegers.TestSwitchIntegers" methodname="TestSwitchIntegers" classname="Kaitai.SpecSwitchIntegers" runstate="Runnable" seed="1323644893" result="Passed" start-time="2019-03-10 13:57:58Z" end-time="2019-03-10 13:57:58Z" duration="0.001581" asserts="9" />
      </test-suite>
      <test-suite type="TestFixture" id="0-1228" name="SpecSwitchIntegers2" fullname="Kaitai.SpecSwitchIntegers2" classname="Kaitai.SpecSwitchIntegers2" runstate="Runnable" testcasecount="1" result="Passed" start-time="2019-03-10 13:57:58Z" end-time="2019-03-10 13:57:58Z" duration="0.003705" total="1" passed="1" failed="0" inconclusive="0" skipped="0" asserts="5">
        <test-case id="0-1229" name="TestSwitchIntegers2" fullname="Kaitai.SpecSwitchIntegers2.TestSwitchIntegers2" methodname="TestSwitchIntegers2" classname="Kaitai.SpecSwitchIntegers2" runstate="Runnable" seed="841457553" result="Passed" start-time="2019-03-10 13:57:58Z" end-time="2019-03-10 13:57:58Z" duration="0.001167" asserts="5" />
      </test-suite>
      <test-suite type="TestFixture" id="0-1230" name="SpecSwitchManualEnum" fullname="Kaitai.SpecSwitchManualEnum" classname="Kaitai.SpecSwitchManualEnum" runstate="Runnable" testcasecount="1" result="Passed" start-time="2019-03-10 13:57:58Z" end-time="2019-03-10 13:57:58Z" duration="0.004501" total="1" passed="1" failed="0" inconclusive="0" skipped="0" asserts="9">
        <test-case id="0-1231" name="TestSwitchManualEnum" fullname="Kaitai.SpecSwitchManualEnum.TestSwitchManualEnum" methodname="TestSwitchManualEnum" classname="Kaitai.SpecSwitchManualEnum" runstate="Runnable" seed="848518453" result="Passed" start-time="2019-03-10 13:57:58Z" end-time="2019-03-10 13:57:58Z" duration="0.002001" asserts="9" />
      </test-suite>
      <test-suite type="TestFixture" id="0-1232" name="SpecSwitchManualInt" fullname="Kaitai.SpecSwitchManualInt" classname="Kaitai.SpecSwitchManualInt" runstate="Runnable" testcasecount="1" result="Passed" start-time="2019-03-10 13:57:58Z" end-time="2019-03-10 13:57:58Z" duration="0.004444" total="1" passed="1" failed="0" inconclusive="0" skipped="0" asserts="9">
        <test-case id="0-1233" name="TestSwitchManualInt" fullname="Kaitai.SpecSwitchManualInt.TestSwitchManualInt" methodname="TestSwitchManualInt" classname="Kaitai.SpecSwitchManualInt" runstate="Runnable" seed="1553018272" result="Passed" start-time="2019-03-10 13:57:58Z" end-time="2019-03-10 13:57:58Z" duration="0.001915" asserts="9" />
      </test-suite>
      <test-suite type="TestFixture" id="0-1234" name="SpecSwitchManualIntElse" fullname="Kaitai.SpecSwitchManualIntElse" classname="Kaitai.SpecSwitchManualIntElse" runstate="Runnable" testcasecount="1" result="Passed" start-time="2019-03-10 13:57:58Z" end-time="2019-03-10 13:57:58Z" duration="0.004522" total="1" passed="1" failed="0" inconclusive="0" skipped="0" asserts="9">
        <test-case id="0-1235" name="TestSwitchManualIntElse" fullname="Kaitai.SpecSwitchManualIntElse.TestSwitchManualIntElse" methodname="TestSwitchManualIntElse" classname="Kaitai.SpecSwitchManualIntElse" runstate="Runnable" seed="1420414792" result="Passed" start-time="2019-03-10 13:57:58Z" end-time="2019-03-10 13:57:58Z" duration="0.001989" asserts="9" />
      </test-suite>
      <test-suite type="TestFixture" id="0-1236" name="SpecSwitchManualIntSize" fullname="Kaitai.SpecSwitchManualIntSize" classname="Kaitai.SpecSwitchManualIntSize" runstate="Runnable" testcasecount="1" result="Passed" start-time="2019-03-10 13:57:58Z" end-time="2019-03-10 13:57:58Z" duration="0.004847" total="1" passed="1" failed="0" inconclusive="0" skipped="0" asserts="10">
        <test-case id="0-1237" name="TestSwitchManualIntSize" fullname="Kaitai.SpecSwitchManualIntSize.TestSwitchManualIntSize" methodname="TestSwitchManualIntSize" classname="Kaitai.SpecSwitchManualIntSize" runstate="Runnable" seed="881465812" result="Passed" start-time="2019-03-10 13:57:58Z" end-time="2019-03-10 13:57:58Z" duration="0.002327" asserts="10" />
      </test-suite>
      <test-suite type="TestFixture" id="0-1238" name="SpecSwitchManualIntSizeElse" fullname="Kaitai.SpecSwitchManualIntSizeElse" classname="Kaitai.SpecSwitchManualIntSizeElse" runstate="Runnable" testcasecount="1" result="Passed" start-time="2019-03-10 13:57:58Z" end-time="2019-03-10 13:57:58Z" duration="0.004955" total="1" passed="1" failed="0" inconclusive="0" skipped="0" asserts="10">
        <test-case id="0-1239" name="TestSwitchManualIntSizeElse" fullname="Kaitai.SpecSwitchManualIntSizeElse.TestSwitchManualIntSizeElse" methodname="TestSwitchManualIntSizeElse" classname="Kaitai.SpecSwitchManualIntSizeElse" runstate="Runnable" seed="1792744982" result="Passed" start-time="2019-03-10 13:57:58Z" end-time="2019-03-10 13:57:58Z" duration="0.002403" asserts="10" />
      </test-suite>
      <test-suite type="TestFixture" id="0-1240" name="SpecSwitchManualIntSizeEos" fullname="Kaitai.SpecSwitchManualIntSizeEos" classname="Kaitai.SpecSwitchManualIntSizeEos" runstate="Runnable" testcasecount="1" result="Passed" start-time="2019-03-10 13:57:58Z" end-time="2019-03-10 13:57:58Z" duration="0.004949" total="1" passed="1" failed="0" inconclusive="0" skipped="0" asserts="10">
        <test-case id="0-1241" name="TestSwitchManualIntSizeEos" fullname="Kaitai.SpecSwitchManualIntSizeEos.TestSwitchManualIntSizeEos" methodname="TestSwitchManualIntSizeEos" classname="Kaitai.SpecSwitchManualIntSizeEos" runstate="Runnable" seed="682189707" result="Passed" start-time="2019-03-10 13:57:58Z" end-time="2019-03-10 13:57:58Z" duration="0.002413" asserts="10" />
      </test-suite>
      <test-suite type="TestFixture" id="0-1242" name="SpecSwitchManualStr" fullname="Kaitai.SpecSwitchManualStr" classname="Kaitai.SpecSwitchManualStr" runstate="Runnable" testcasecount="1" result="Passed" start-time="2019-03-10 13:57:58Z" end-time="2019-03-10 13:57:58Z" duration="0.004470" total="1" passed="1" failed="0" inconclusive="0" skipped="0" asserts="9">
        <test-case id="0-1243" name="TestSwitchManualStr" fullname="Kaitai.SpecSwitchManualStr.TestSwitchManualStr" methodname="TestSwitchManualStr" classname="Kaitai.SpecSwitchManualStr" runstate="Runnable" seed="989295828" result="Passed" start-time="2019-03-10 13:57:58Z" end-time="2019-03-10 13:57:58Z" duration="0.001913" asserts="9" />
      </test-suite>
      <test-suite type="TestFixture" id="0-1244" name="SpecSwitchManualStrElse" fullname="Kaitai.SpecSwitchManualStrElse" classname="Kaitai.SpecSwitchManualStrElse" runstate="Runnable" testcasecount="1" result="Passed" start-time="2019-03-10 13:57:58Z" end-time="2019-03-10 13:57:58Z" duration="0.004596" total="1" passed="1" failed="0" inconclusive="0" skipped="0" asserts="9">
        <test-case id="0-1245" name="TestSwitchManualStrElse" fullname="Kaitai.SpecSwitchManualStrElse.TestSwitchManualStrElse" methodname="TestSwitchManualStrElse" classname="Kaitai.SpecSwitchManualStrElse" runstate="Runnable" seed="1635262843" result="Passed" start-time="2019-03-10 13:57:58Z" end-time="2019-03-10 13:57:58Z" duration="0.002053" asserts="9" />
      </test-suite>
      <test-suite type="TestFixture" id="0-1246" name="SpecSwitchMultiBoolOps" fullname="Kaitai.SpecSwitchMultiBoolOps" classname="Kaitai.SpecSwitchMultiBoolOps" runstate="Runnable" testcasecount="1" result="Passed" start-time="2019-03-10 13:57:58Z" end-time="2019-03-10 13:57:58Z" duration="0.004360" total="1" passed="1" failed="0" inconclusive="0" skipped="0" asserts="9">
        <test-case id="0-1247" name="TestSwitchMultiBoolOps" fullname="Kaitai.SpecSwitchMultiBoolOps.TestSwitchMultiBoolOps" methodname="TestSwitchMultiBoolOps" classname="Kaitai.SpecSwitchMultiBoolOps" runstate="Runnable" seed="625003004" result="Passed" start-time="2019-03-10 13:57:58Z" end-time="2019-03-10 13:57:58Z" duration="0.001761" asserts="9" />
      </test-suite>
      <test-suite type="TestFixture" id="0-1248" name="SpecSwitchRepeatExpr" fullname="Kaitai.SpecSwitchRepeatExpr" classname="Kaitai.SpecSwitchRepeatExpr" runstate="Runnable" testcasecount="1" result="Passed" start-time="2019-03-10 13:57:58Z" end-time="2019-03-10 13:57:58Z" duration="0.003934" total="1" passed="1" failed="0" inconclusive="0" skipped="0" asserts="3">
        <test-case id="0-1249" name="TestSwitchRepeatExpr" fullname="Kaitai.SpecSwitchRepeatExpr.TestSwitchRepeatExpr" methodname="TestSwitchRepeatExpr" classname="Kaitai.SpecSwitchRepeatExpr" runstate="Runnable" seed="1870276949" result="Passed" start-time="2019-03-10 13:57:58Z" end-time="2019-03-10 13:57:58Z" duration="0.001415" asserts="3" />
      </test-suite>
      <test-suite type="TestFixture" id="0-1250" name="SpecTermBytes" fullname="Kaitai.SpecTermBytes" classname="Kaitai.SpecTermBytes" runstate="Runnable" testcasecount="1" result="Passed" start-time="2019-03-10 13:57:58Z" end-time="2019-03-10 13:57:58Z" duration="0.003098" total="1" passed="1" failed="0" inconclusive="0" skipped="0" asserts="3">
        <test-case id="0-1251" name="TestTermBytes" fullname="Kaitai.SpecTermBytes.TestTermBytes" methodname="TestTermBytes" classname="Kaitai.SpecTermBytes" runstate="Runnable" seed="917486102" result="Passed" start-time="2019-03-10 13:57:58Z" end-time="2019-03-10 13:57:58Z" duration="0.000584" asserts="3" />
      </test-suite>
      <test-suite type="TestFixture" id="0-1252" name="SpecTermStrz" fullname="Kaitai.SpecTermStrz" classname="Kaitai.SpecTermStrz" runstate="Runnable" testcasecount="1" result="Passed" start-time="2019-03-10 13:57:58Z" end-time="2019-03-10 13:57:58Z" duration="0.002946" total="1" passed="1" failed="0" inconclusive="0" skipped="0" asserts="3">
        <test-case id="0-1253" name="TestTermStrz" fullname="Kaitai.SpecTermStrz.TestTermStrz" methodname="TestTermStrz" classname="Kaitai.SpecTermStrz" runstate="Runnable" seed="1121267490" result="Passed" start-time="2019-03-10 13:57:58Z" end-time="2019-03-10 13:57:58Z" duration="0.000369" asserts="3" />
      </test-suite>
      <test-suite type="TestFixture" id="0-1254" name="SpecTsPacketHeader" fullname="Kaitai.SpecTsPacketHeader" classname="Kaitai.SpecTsPacketHeader" runstate="Runnable" testcasecount="1" result="Passed" start-time="2019-03-10 13:57:58Z" end-time="2019-03-10 13:57:58Z" duration="0.003442" total="1" passed="1" failed="0" inconclusive="0" skipped="0" asserts="7">
        <test-case id="0-1255" name="TestTsPacketHeader" fullname="Kaitai.SpecTsPacketHeader.TestTsPacketHeader" methodname="TestTsPacketHeader" classname="Kaitai.SpecTsPacketHeader" runstate="Runnable" seed="451435817" result="Passed" start-time="2019-03-10 13:57:58Z" end-time="2019-03-10 13:57:58Z" duration="0.000929" asserts="7" />
      </test-suite>
      <test-suite type="TestFixture" id="0-1256" name="SpecTypeIntUnaryOp" fullname="Kaitai.SpecTypeIntUnaryOp" classname="Kaitai.SpecTypeIntUnaryOp" runstate="Runnable" testcasecount="1" result="Passed" start-time="2019-03-10 13:57:58Z" end-time="2019-03-10 13:57:58Z" duration="0.003315" total="1" passed="1" failed="0" inconclusive="0" skipped="0" asserts="4">
        <test-case id="0-1257" name="TestTypeIntUnaryOp" fullname="Kaitai.SpecTypeIntUnaryOp.TestTypeIntUnaryOp" methodname="TestTypeIntUnaryOp" classname="Kaitai.SpecTypeIntUnaryOp" runstate="Runnable" seed="886683266" result="Passed" start-time="2019-03-10 13:57:58Z" end-time="2019-03-10 13:57:58Z" duration="0.000712" asserts="4" />
      </test-suite>
      <test-suite type="TestFixture" id="0-1258" name="SpecTypeTernary" fullname="Kaitai.SpecTypeTernary" classname="Kaitai.SpecTypeTernary" runstate="Runnable" testcasecount="1" result="Passed" start-time="2019-03-10 13:57:58Z" end-time="2019-03-10 13:57:58Z" duration="0.003472" total="1" passed="1" failed="0" inconclusive="0" skipped="0" asserts="1">
        <test-case id="0-1259" name="TestTypeTernary" fullname="Kaitai.SpecTypeTernary.TestTypeTernary" methodname="TestTypeTernary" classname="Kaitai.SpecTypeTernary" runstate="Runnable" seed="1734447466" result="Passed" start-time="2019-03-10 13:57:58Z" end-time="2019-03-10 13:57:58Z" duration="0.000923" asserts="1" />
      </test-suite>
      <test-suite type="TestFixture" id="0-1260" name="SpecTypeTernaryOpaque" fullname="Kaitai.SpecTypeTernaryOpaque" classname="Kaitai.SpecTypeTernaryOpaque" runstate="Runnable" testcasecount="1" result="Passed" start-time="2019-03-10 13:57:58Z" end-time="2019-03-10 13:57:58Z" duration="0.003362" total="1" passed="1" failed="0" inconclusive="0" skipped="0" asserts="3">
        <test-case id="0-1261" name="TestTypeTernaryOpaque" fullname="Kaitai.SpecTypeTernaryOpaque.TestTypeTernaryOpaque" methodname="TestTypeTernaryOpaque" classname="Kaitai.SpecTypeTernaryOpaque" runstate="Runnable" seed="731256216" result="Passed" start-time="2019-03-10 13:57:58Z" end-time="2019-03-10 13:57:58Z" duration="0.000835" asserts="3" />
      </test-suite>
      <test-suite type="TestFixture" id="0-1262" name="SpecUserType" fullname="Kaitai.SpecUserType" classname="Kaitai.SpecUserType" runstate="Runnable" testcasecount="1" result="Passed" start-time="2019-03-10 13:57:58Z" end-time="2019-03-10 13:57:58Z" duration="0.003207" total="1" passed="1" failed="0" inconclusive="0" skipped="0" asserts="2">
        <test-case id="0-1263" name="TestUserType" fullname="Kaitai.SpecUserType.TestUserType" methodname="TestUserType" classname="Kaitai.SpecUserType" runstate="Runnable" seed="518260834" result="Passed" start-time="2019-03-10 13:57:58Z" end-time="2019-03-10 13:57:58Z" duration="0.000719" asserts="2" />
      </test-suite>
      <test-suite type="TestFixture" id="0-1264" name="SpecZlibWithHeader78" fullname="Kaitai.SpecZlibWithHeader78" classname="Kaitai.SpecZlibWithHeader78" runstate="Runnable" testcasecount="1" result="Passed" start-time="2019-03-10 13:57:58Z" end-time="2019-03-10 13:57:58Z" duration="0.009720" total="1" passed="1" failed="0" inconclusive="0" skipped="0" asserts="1">
        <test-case id="0-1265" name="TestZlibWithHeader78" fullname="Kaitai.SpecZlibWithHeader78.TestZlibWithHeader78" methodname="TestZlibWithHeader78" classname="Kaitai.SpecZlibWithHeader78" runstate="Runnable" seed="416363778" result="Passed" start-time="2019-03-10 13:57:58Z" end-time="2019-03-10 13:57:58Z" duration="0.007215" asserts="1" />
      </test-suite>
    </test-suite>
  </test-suite>
</test-run>