<?xml version="1.0" encoding="utf-8" standalone="no"?>
<test-run id="2" testcasecount="186" result="Passed" total="186" passed="186" failed="0" inconclusive="0" skipped="0" asserts="864" engine-version="3.4.1.0" clr-version="4.0.30319.42000" start-time="2020-04-09 23:43:02Z" end-time="2020-04-09 23:43:04Z" duration="1.904394">
  <command-line><![CDATA[spec/csharp/packages/NUnit.ConsoleRunner.3.4.1/tools/nunit3-console.exe --result=test_out/csharp/TestResult.xml spec/csharp/kaitai_struct_csharp_tests/bin/Debug/kaitai_struct_csharp_tests.dll]]></command-line>
  <test-suite type="Assembly" id="0-1372" name="kaitai_struct_csharp_tests.dll" fullname="C:\projects\ci-targets\tests\spec\csharp\kaitai_struct_csharp_tests\bin\Debug\kaitai_struct_csharp_tests.dll" runstate="Runnable" testcasecount="186" result="Passed" start-time="2020-04-09 23:43:02Z" end-time="2020-04-09 23:43:04Z" duration="1.819145" total="186" passed="186" failed="0" inconclusive="0" skipped="0" asserts="864">
    <environment framework-version="3.4.1.0" clr-version="4.0.30319.42000" os-version="Microsoft Windows NT 10.0.14393.0" platform="Win32NT" cwd="C:\projects\ci-targets\tests" machine-name="APPVYR-WIN" user="appveyor" user-domain="APPVYR-WIN" culture="en-US" uiculture="en-US" os-architecture="x64" />
    <settings>
      <setting name="WorkDirectory" value="C:\projects\ci-targets\tests" />
      <setting name="ImageRuntimeVersion" value="4.0.30319" />
      <setting name="ImageTargetFrameworkName" value=".NETFramework,Version=v4.5" />
      <setting name="ImageRequiresX86" value="False" />
      <setting name="ImageRequiresDefaultAppDomainAssemblyResolver" value="False" />
      <setting name="NumberOfTestWorkers" value="2" />
    </settings>
    <properties>
      <property name="_PID" value="1264" />
      <property name="_APPDOMAIN" value="test-domain-" />
    </properties>
    <test-suite type="TestSuite" id="0-1373" name="Kaitai" fullname="Kaitai" runstate="Runnable" testcasecount="186" result="Passed" start-time="2020-04-09 23:43:02Z" end-time="2020-04-09 23:43:04Z" duration="1.793116" total="186" passed="186" failed="0" inconclusive="0" skipped="0" asserts="864">
      <test-suite type="TestFixture" id="0-1000" name="SpecBcdUserTypeBe" fullname="Kaitai.SpecBcdUserTypeBe" classname="Kaitai.SpecBcdUserTypeBe" runstate="Runnable" testcasecount="1" result="Passed" start-time="2020-04-09 23:43:02Z" end-time="2020-04-09 23:43:02Z" duration="0.037352" total="1" passed="1" failed="0" inconclusive="0" skipped="0" asserts="6">
        <test-case id="0-1001" name="TestBcdUserTypeBe" fullname="Kaitai.SpecBcdUserTypeBe.TestBcdUserTypeBe" methodname="TestBcdUserTypeBe" classname="Kaitai.SpecBcdUserTypeBe" runstate="Runnable" seed="162901888" result="Passed" start-time="2020-04-09 23:43:02Z" end-time="2020-04-09 23:43:02Z" duration="0.023931" asserts="6" />
      </test-suite>
      <test-suite type="TestFixture" id="0-1002" name="SpecBcdUserTypeLe" fullname="Kaitai.SpecBcdUserTypeLe" classname="Kaitai.SpecBcdUserTypeLe" runstate="Runnable" testcasecount="1" result="Passed" start-time="2020-04-09 23:43:02Z" end-time="2020-04-09 23:43:02Z" duration="0.010048" total="1" passed="1" failed="0" inconclusive="0" skipped="0" asserts="6">
        <test-case id="0-1003" name="TestBcdUserTypeLe" fullname="Kaitai.SpecBcdUserTypeLe.TestBcdUserTypeLe" methodname="TestBcdUserTypeLe" classname="Kaitai.SpecBcdUserTypeLe" runstate="Runnable" seed="866822207" result="Passed" start-time="2020-04-09 23:43:02Z" end-time="2020-04-09 23:43:02Z" duration="0.006603" asserts="6" />
      </test-suite>
      <test-suite type="TestFixture" id="0-1004" name="SpecBitsByteAligned" fullname="Kaitai.SpecBitsByteAligned" classname="Kaitai.SpecBitsByteAligned" runstate="Runnable" testcasecount="1" result="Passed" start-time="2020-04-09 23:43:02Z" end-time="2020-04-09 23:43:02Z" duration="0.011021" total="1" passed="1" failed="0" inconclusive="0" skipped="0" asserts="9">
        <test-case id="0-1005" name="TestBitsByteAligned" fullname="Kaitai.SpecBitsByteAligned.TestBitsByteAligned" methodname="TestBitsByteAligned" classname="Kaitai.SpecBitsByteAligned" runstate="Runnable" seed="1525840041" result="Passed" start-time="2020-04-09 23:43:02Z" end-time="2020-04-09 23:43:02Z" duration="0.006883" asserts="9" />
      </test-suite>
      <test-suite type="TestFixture" id="0-1006" name="SpecBitsEnum" fullname="Kaitai.SpecBitsEnum" classname="Kaitai.SpecBitsEnum" runstate="Runnable" testcasecount="1" result="Passed" start-time="2020-04-09 23:43:02Z" end-time="2020-04-09 23:43:02Z" duration="0.003988" total="1" passed="1" failed="0" inconclusive="0" skipped="0" asserts="3">
        <test-case id="0-1007" name="TestBitsEnum" fullname="Kaitai.SpecBitsEnum.TestBitsEnum" methodname="TestBitsEnum" classname="Kaitai.SpecBitsEnum" runstate="Runnable" seed="1691646933" result="Passed" start-time="2020-04-09 23:43:02Z" end-time="2020-04-09 23:43:02Z" duration="0.000936" asserts="3" />
      </test-suite>
      <test-suite type="TestFixture" id="0-1008" name="SpecBitsSimple" fullname="Kaitai.SpecBitsSimple" classname="Kaitai.SpecBitsSimple" runstate="Runnable" testcasecount="1" result="Passed" start-time="2020-04-09 23:43:02Z" end-time="2020-04-09 23:43:02Z" duration="0.006009" total="1" passed="1" failed="0" inconclusive="0" skipped="0" asserts="14">
        <test-case id="0-1009" name="TestBitsSimple" fullname="Kaitai.SpecBitsSimple.TestBitsSimple" methodname="TestBitsSimple" classname="Kaitai.SpecBitsSimple" runstate="Runnable" seed="2001986281" result="Passed" start-time="2020-04-09 23:43:02Z" end-time="2020-04-09 23:43:02Z" duration="0.002491" asserts="14" />
      </test-suite>
      <test-suite type="TestFixture" id="0-1010" name="SpecBufferedStruct" fullname="Kaitai.SpecBufferedStruct" classname="Kaitai.SpecBufferedStruct" runstate="Runnable" testcasecount="1" result="Passed" start-time="2020-04-09 23:43:02Z" end-time="2020-04-09 23:43:02Z" duration="0.005987" total="1" passed="1" failed="0" inconclusive="0" skipped="0" asserts="7">
        <test-case id="0-1011" name="TestBufferedStruct" fullname="Kaitai.SpecBufferedStruct.TestBufferedStruct" methodname="TestBufferedStruct" classname="Kaitai.SpecBufferedStruct" runstate="Runnable" seed="237536576" result="Passed" start-time="2020-04-09 23:43:02Z" end-time="2020-04-09 23:43:02Z" duration="0.002479" asserts="7" />
      </test-suite>
      <test-suite type="TestFixture" id="0-1012" name="SpecBytesPadTerm" fullname="Kaitai.SpecBytesPadTerm" classname="Kaitai.SpecBytesPadTerm" runstate="Runnable" testcasecount="1" result="Passed" start-time="2020-04-09 23:43:02Z" end-time="2020-04-09 23:43:02Z" duration="0.005034" total="1" passed="1" failed="0" inconclusive="0" skipped="0" asserts="4">
        <test-case id="0-1013" name="TestBytesPadTerm" fullname="Kaitai.SpecBytesPadTerm.TestBytesPadTerm" methodname="TestBytesPadTerm" classname="Kaitai.SpecBytesPadTerm" runstate="Runnable" seed="2024101435" result="Passed" start-time="2020-04-09 23:43:02Z" end-time="2020-04-09 23:43:02Z" duration="0.001527" asserts="4" />
      </test-suite>
      <test-suite type="TestFixture" id="0-1014" name="SpecCastNested" fullname="Kaitai.SpecCastNested" classname="Kaitai.SpecCastNested" runstate="Runnable" testcasecount="1" result="Passed" start-time="2020-04-09 23:43:02Z" end-time="2020-04-09 23:43:02Z" duration="0.006997" total="1" passed="1" failed="0" inconclusive="0" skipped="0" asserts="4">
        <test-case id="0-1015" name="TestCastNested" fullname="Kaitai.SpecCastNested.TestCastNested" methodname="TestCastNested" classname="Kaitai.SpecCastNested" runstate="Runnable" seed="267455396" result="Passed" start-time="2020-04-09 23:43:02Z" end-time="2020-04-09 23:43:02Z" duration="0.003004" asserts="4" />
      </test-suite>
      <test-suite type="TestFixture" id="0-1016" name="SpecCastToImported" fullname="Kaitai.SpecCastToImported" classname="Kaitai.SpecCastToImported" runstate="Runnable" testcasecount="1" result="Passed" start-time="2020-04-09 23:43:02Z" end-time="2020-04-09 23:43:02Z" duration="0.005009" total="1" passed="1" failed="0" inconclusive="0" skipped="0" asserts="2">
        <test-case id="0-1017" name="TestCastToImported" fullname="Kaitai.SpecCastToImported.TestCastToImported" methodname="TestCastToImported" classname="Kaitai.SpecCastToImported" runstate="Runnable" seed="944143771" result="Passed" start-time="2020-04-09 23:43:02Z" end-time="2020-04-09 23:43:02Z" duration="0.001083" asserts="2" />
      </test-suite>
      <test-suite type="TestFixture" id="0-1018" name="SpecCastToTop" fullname="Kaitai.SpecCastToTop" classname="Kaitai.SpecCastToTop" runstate="Runnable" testcasecount="1" result="Passed" start-time="2020-04-09 23:43:02Z" end-time="2020-04-09 23:43:02Z" duration="0.005009" total="1" passed="1" failed="0" inconclusive="0" skipped="0" asserts="3">
        <test-case id="0-1019" name="TestCastToTop" fullname="Kaitai.SpecCastToTop.TestCastToTop" methodname="TestCastToTop" classname="Kaitai.SpecCastToTop" runstate="Runnable" seed="1768948318" result="Passed" start-time="2020-04-09 23:43:02Z" end-time="2020-04-09 23:43:02Z" duration="0.001221" asserts="3" />
      </test-suite>
      <test-suite type="TestFixture" id="0-1020" name="SpecCombineBool" fullname="Kaitai.SpecCombineBool" classname="Kaitai.SpecCombineBool" runstate="Runnable" testcasecount="1" result="Passed" start-time="2020-04-09 23:43:02Z" end-time="2020-04-09 23:43:02Z" duration="0.003990" total="1" passed="1" failed="0" inconclusive="0" skipped="0" asserts="2">
        <test-case id="0-1021" name="TestCombineBool" fullname="Kaitai.SpecCombineBool.TestCombineBool" methodname="TestCombineBool" classname="Kaitai.SpecCombineBool" runstate="Runnable" seed="1167067273" result="Passed" start-time="2020-04-09 23:43:02Z" end-time="2020-04-09 23:43:02Z" duration="0.000852" asserts="2" />
      </test-suite>
      <test-suite type="TestFixture" id="0-1022" name="SpecCombineBytes" fullname="Kaitai.SpecCombineBytes" classname="Kaitai.SpecCombineBytes" runstate="Runnable" testcasecount="1" result="Passed" start-time="2020-04-09 23:43:02Z" end-time="2020-04-09 23:43:02Z" duration="0.006013" total="1" passed="1" failed="0" inconclusive="0" skipped="0" asserts="10">
        <test-case id="0-1023" name="TestCombineBytes" fullname="Kaitai.SpecCombineBytes.TestCombineBytes" methodname="TestCombineBytes" classname="Kaitai.SpecCombineBytes" runstate="Runnable" seed="1840093765" result="Passed" start-time="2020-04-09 23:43:02Z" end-time="2020-04-09 23:43:02Z" duration="0.002087" asserts="10" />
      </test-suite>
      <test-suite type="TestFixture" id="0-1024" name="SpecCombineEnum" fullname="Kaitai.SpecCombineEnum" classname="Kaitai.SpecCombineEnum" runstate="Runnable" testcasecount="1" result="Passed" start-time="2020-04-09 23:43:02Z" end-time="2020-04-09 23:43:02Z" duration="0.010641" total="1" passed="1" failed="0" inconclusive="0" skipped="0" asserts="3">
        <test-case id="0-1025" name="TestCombineEnum" fullname="Kaitai.SpecCombineEnum.TestCombineEnum" methodname="TestCombineEnum" classname="Kaitai.SpecCombineEnum" runstate="Runnable" seed="1754419439" result="Passed" start-time="2020-04-09 23:43:02Z" end-time="2020-04-09 23:43:02Z" duration="0.001063" asserts="3" />
      </test-suite>
      <test-suite type="TestFixture" id="0-1026" name="SpecCombineStr" fullname="Kaitai.SpecCombineStr" classname="Kaitai.SpecCombineStr" runstate="Runnable" testcasecount="1" result="Passed" start-time="2020-04-09 23:43:02Z" end-time="2020-04-09 23:43:02Z" duration="0.006008" total="1" passed="1" failed="0" inconclusive="0" skipped="0" asserts="15">
        <test-case id="0-1027" name="TestCombineStr" fullname="Kaitai.SpecCombineStr.TestCombineStr" methodname="TestCombineStr" classname="Kaitai.SpecCombineStr" runstate="Runnable" seed="1539697349" result="Passed" start-time="2020-04-09 23:43:02Z" end-time="2020-04-09 23:43:02Z" duration="0.002646" asserts="15" />
      </test-suite>
      <test-suite type="TestFixture" id="0-1028" name="SpecDebug0" fullname="Kaitai.SpecDebug0" classname="Kaitai.SpecDebug0" runstate="Runnable" testcasecount="1" result="Passed" start-time="2020-04-09 23:43:02Z" end-time="2020-04-09 23:43:02Z" duration="0.003994" total="1" passed="1" failed="0" inconclusive="0" skipped="0" asserts="0">
        <test-case id="0-1029" name="TestDebug0" fullname="Kaitai.SpecDebug0.TestDebug0" methodname="TestDebug0" classname="Kaitai.SpecDebug0" runstate="Runnable" seed="1690246589" result="Passed" start-time="2020-04-09 23:43:02Z" end-time="2020-04-09 23:43:02Z" duration="0.000167" asserts="0" />
      </test-suite>
      <test-suite type="TestFixture" id="0-1030" name="SpecDebugArrayUser" fullname="Kaitai.SpecDebugArrayUser" classname="Kaitai.SpecDebugArrayUser" runstate="Runnable" testcasecount="1" result="Passed" start-time="2020-04-09 23:43:02Z" end-time="2020-04-09 23:43:02Z" duration="0.005008" total="1" passed="1" failed="0" inconclusive="0" skipped="0" asserts="4">
        <test-case id="0-1031" name="TestDebugArrayUser" fullname="Kaitai.SpecDebugArrayUser.TestDebugArrayUser" methodname="TestDebugArrayUser" classname="Kaitai.SpecDebugArrayUser" runstate="Runnable" seed="1218158285" result="Passed" start-time="2020-04-09 23:43:02Z" end-time="2020-04-09 23:43:02Z" duration="0.001622" asserts="4" />
      </test-suite>
      <test-suite type="TestFixture" id="0-1032" name="SpecDebugEnumName" fullname="Kaitai.SpecDebugEnumName" classname="Kaitai.SpecDebugEnumName" runstate="Runnable" testcasecount="1" result="Passed" start-time="2020-04-09 23:43:02Z" end-time="2020-04-09 23:43:02Z" duration="0.004013" total="1" passed="1" failed="0" inconclusive="0" skipped="0" asserts="0">
        <test-case id="0-1033" name="TestDebugEnumName" fullname="Kaitai.SpecDebugEnumName.TestDebugEnumName" methodname="TestDebugEnumName" classname="Kaitai.SpecDebugEnumName" runstate="Runnable" seed="890988289" result="Passed" start-time="2020-04-09 23:43:02Z" end-time="2020-04-09 23:43:02Z" duration="0.000104" asserts="0" />
      </test-suite>
      <test-suite type="TestFixture" id="0-1034" name="SpecDebugSwitchUser" fullname="Kaitai.SpecDebugSwitchUser" classname="Kaitai.SpecDebugSwitchUser" runstate="Runnable" testcasecount="1" result="Passed" start-time="2020-04-09 23:43:02Z" end-time="2020-04-09 23:43:02Z" duration="0.005012" total="1" passed="1" failed="0" inconclusive="0" skipped="0" asserts="2">
        <test-case id="0-1035" name="TestDebugSwitchUser" fullname="Kaitai.SpecDebugSwitchUser.TestDebugSwitchUser" methodname="TestDebugSwitchUser" classname="Kaitai.SpecDebugSwitchUser" runstate="Runnable" seed="425465511" result="Passed" start-time="2020-04-09 23:43:02Z" end-time="2020-04-09 23:43:02Z" duration="0.001252" asserts="2" />
      </test-suite>
      <test-suite type="TestFixture" id="0-1036" name="SpecDefaultBigEndian" fullname="Kaitai.SpecDefaultBigEndian" classname="Kaitai.SpecDefaultBigEndian" runstate="Runnable" testcasecount="1" result="Passed" start-time="2020-04-09 23:43:02Z" end-time="2020-04-09 23:43:02Z" duration="0.004008" total="1" passed="1" failed="0" inconclusive="0" skipped="0" asserts="1">
        <test-case id="0-1037" name="TestDefaultBigEndian" fullname="Kaitai.SpecDefaultBigEndian.TestDefaultBigEndian" methodname="TestDefaultBigEndian" classname="Kaitai.SpecDefaultBigEndian" runstate="Runnable" seed="462869289" result="Passed" start-time="2020-04-09 23:43:02Z" end-time="2020-04-09 23:43:02Z" duration="0.000694" asserts="1" />
      </test-suite>
      <test-suite type="TestFixture" id="0-1038" name="SpecDefaultEndianExprException" fullname="Kaitai.SpecDefaultEndianExprException" classname="Kaitai.SpecDefaultEndianExprException" runstate="Runnable" testcasecount="1" result="Passed" start-time="2020-04-09 23:43:02Z" end-time="2020-04-09 23:43:02Z" duration="0.012963" total="1" passed="1" failed="0" inconclusive="0" skipped="0" asserts="1">
        <test-case id="0-1039" name="TestDefaultEndianExprException" fullname="Kaitai.SpecDefaultEndianExprException.TestDefaultEndianExprException" methodname="TestDefaultEndianExprException" classname="Kaitai.SpecDefaultEndianExprException" runstate="Runnable" seed="1358140458" result="Passed" start-time="2020-04-09 23:43:02Z" end-time="2020-04-09 23:43:02Z" duration="0.009822" asserts="1" />
      </test-suite>
      <test-suite type="TestFixture" id="0-1040" name="SpecDefaultEndianExprInherited" fullname="Kaitai.SpecDefaultEndianExprInherited" classname="Kaitai.SpecDefaultEndianExprInherited" runstate="Runnable" testcasecount="1" result="Passed" start-time="2020-04-09 23:43:02Z" end-time="2020-04-09 23:43:02Z" duration="0.011995" total="1" passed="1" failed="0" inconclusive="0" skipped="0" asserts="15">
        <test-case id="0-1041" name="TestDefaultEndianExprInherited" fullname="Kaitai.SpecDefaultEndianExprInherited.TestDefaultEndianExprInherited" methodname="TestDefaultEndianExprInherited" classname="Kaitai.SpecDefaultEndianExprInherited" runstate="Runnable" seed="243488778" result="Passed" start-time="2020-04-09 23:43:02Z" end-time="2020-04-09 23:43:02Z" duration="0.004830" asserts="15" />
      </test-suite>
      <test-suite type="TestFixture" id="0-1042" name="SpecDefaultEndianExprIsBe" fullname="Kaitai.SpecDefaultEndianExprIsBe" classname="Kaitai.SpecDefaultEndianExprIsBe" runstate="Runnable" testcasecount="1" result="Passed" start-time="2020-04-09 23:43:02Z" end-time="2020-04-09 23:43:02Z" duration="0.008012" total="1" passed="1" failed="0" inconclusive="0" skipped="0" asserts="18">
        <test-case id="0-1043" name="TestDefaultEndianExprIsBe" fullname="Kaitai.SpecDefaultEndianExprIsBe.TestDefaultEndianExprIsBe" methodname="TestDefaultEndianExprIsBe" classname="Kaitai.SpecDefaultEndianExprIsBe" runstate="Runnable" seed="209978729" result="Passed" start-time="2020-04-09 23:43:02Z" end-time="2020-04-09 23:43:02Z" duration="0.004507" asserts="18" />
      </test-suite>
      <test-suite type="TestFixture" id="0-1044" name="SpecDefaultEndianExprIsLe" fullname="Kaitai.SpecDefaultEndianExprIsLe" classname="Kaitai.SpecDefaultEndianExprIsLe" runstate="Runnable" testcasecount="1" result="Passed" start-time="2020-04-09 23:43:02Z" end-time="2020-04-09 23:43:02Z" duration="0.006906" total="1" passed="1" failed="0" inconclusive="0" skipped="0" asserts="12">
        <test-case id="0-1045" name="TestDefaultEndianExprIsLe" fullname="Kaitai.SpecDefaultEndianExprIsLe.TestDefaultEndianExprIsLe" methodname="TestDefaultEndianExprIsLe" classname="Kaitai.SpecDefaultEndianExprIsLe" runstate="Runnable" seed="420239489" result="Passed" start-time="2020-04-09 23:43:02Z" end-time="2020-04-09 23:43:02Z" duration="0.003178" asserts="12" />
      </test-suite>
      <test-suite type="TestFixture" id="0-1046" name="SpecDefaultEndianMod" fullname="Kaitai.SpecDefaultEndianMod" classname="Kaitai.SpecDefaultEndianMod" runstate="Runnable" testcasecount="1" result="Passed" start-time="2020-04-09 23:43:02Z" end-time="2020-04-09 23:43:03Z" duration="0.005009" total="1" passed="1" failed="0" inconclusive="0" skipped="0" asserts="3">
        <test-case id="0-1047" name="TestDefaultEndianMod" fullname="Kaitai.SpecDefaultEndianMod.TestDefaultEndianMod" methodname="TestDefaultEndianMod" classname="Kaitai.SpecDefaultEndianMod" runstate="Runnable" seed="1241734931" result="Passed" start-time="2020-04-09 23:43:02Z" end-time="2020-04-09 23:43:02Z" duration="0.001870" asserts="3" />
      </test-suite>
      <test-suite type="TestFixture" id="0-1048" name="SpecDocstrings" fullname="Kaitai.SpecDocstrings" classname="Kaitai.SpecDocstrings" runstate="Runnable" testcasecount="1" result="Passed" start-time="2020-04-09 23:43:03Z" end-time="2020-04-09 23:43:03Z" duration="0.004034" total="1" passed="1" failed="0" inconclusive="0" skipped="0" asserts="0">
        <test-case id="0-1049" name="TestDocstrings" fullname="Kaitai.SpecDocstrings.TestDocstrings" methodname="TestDocstrings" classname="Kaitai.SpecDocstrings" runstate="Runnable" seed="1516425781" result="Passed" start-time="2020-04-09 23:43:03Z" end-time="2020-04-09 23:43:03Z" duration="0.000569" asserts="0" />
      </test-suite>
      <test-suite type="TestFixture" id="0-1050" name="SpecDocstringsDocref" fullname="Kaitai.SpecDocstringsDocref" classname="Kaitai.SpecDocstringsDocref" runstate="Runnable" testcasecount="1" result="Passed" start-time="2020-04-09 23:43:03Z" end-time="2020-04-09 23:43:03Z" duration="0.003981" total="1" passed="1" failed="0" inconclusive="0" skipped="0" asserts="0">
        <test-case id="0-1051" name="TestDocstringsDocref" fullname="Kaitai.SpecDocstringsDocref.TestDocstringsDocref" methodname="TestDocstringsDocref" classname="Kaitai.SpecDocstringsDocref" runstate="Runnable" seed="1447127809" result="Passed" start-time="2020-04-09 23:43:03Z" end-time="2020-04-09 23:43:03Z" duration="0.000680" asserts="0" />
      </test-suite>
      <test-suite type="TestFixture" id="0-1052" name="SpecDocstringsDocrefMulti" fullname="Kaitai.SpecDocstringsDocrefMulti" classname="Kaitai.SpecDocstringsDocrefMulti" runstate="Runnable" testcasecount="1" result="Passed" start-time="2020-04-09 23:43:03Z" end-time="2020-04-09 23:43:03Z" duration="0.004007" total="1" passed="1" failed="0" inconclusive="0" skipped="0" asserts="0">
        <test-case id="0-1053" name="TestDocstringsDocrefMulti" fullname="Kaitai.SpecDocstringsDocrefMulti.TestDocstringsDocrefMulti" methodname="TestDocstringsDocrefMulti" classname="Kaitai.SpecDocstringsDocrefMulti" runstate="Runnable" seed="1953323008" result="Passed" start-time="2020-04-09 23:43:03Z" end-time="2020-04-09 23:43:03Z" duration="0.000475" asserts="0" />
      </test-suite>
      <test-suite type="TestFixture" id="0-1054" name="SpecEnum0" fullname="Kaitai.SpecEnum0" classname="Kaitai.SpecEnum0" runstate="Runnable" testcasecount="1" result="Passed" start-time="2020-04-09 23:43:03Z" end-time="2020-04-09 23:43:03Z" duration="0.004029" total="1" passed="1" failed="0" inconclusive="0" skipped="0" asserts="2">
        <test-case id="0-1055" name="TestEnum0" fullname="Kaitai.SpecEnum0.TestEnum0" methodname="TestEnum0" classname="Kaitai.SpecEnum0" runstate="Runnable" seed="931092583" result="Passed" start-time="2020-04-09 23:43:03Z" end-time="2020-04-09 23:43:03Z" duration="0.000769" asserts="2" />
      </test-suite>
      <test-suite type="TestFixture" id="0-1056" name="SpecEnum1" fullname="Kaitai.SpecEnum1" classname="Kaitai.SpecEnum1" runstate="Runnable" testcasecount="1" result="Passed" start-time="2020-04-09 23:43:03Z" end-time="2020-04-09 23:43:03Z" duration="0.005034" total="1" passed="1" failed="0" inconclusive="0" skipped="0" asserts="2">
        <test-case id="0-1057" name="TestEnum1" fullname="Kaitai.SpecEnum1.TestEnum1" methodname="TestEnum1" classname="Kaitai.SpecEnum1" runstate="Runnable" seed="1521839030" result="Passed" start-time="2020-04-09 23:43:03Z" end-time="2020-04-09 23:43:03Z" duration="0.001439" asserts="2" />
      </test-suite>
      <test-suite type="TestFixture" id="0-1058" name="SpecEnumDeep" fullname="Kaitai.SpecEnumDeep" classname="Kaitai.SpecEnumDeep" runstate="Runnable" testcasecount="1" result="Passed" start-time="2020-04-09 23:43:03Z" end-time="2020-04-09 23:43:03Z" duration="0.004011" total="1" passed="1" failed="0" inconclusive="0" skipped="0" asserts="2">
        <test-case id="0-1059" name="TestEnumDeep" fullname="Kaitai.SpecEnumDeep.TestEnumDeep" methodname="TestEnumDeep" classname="Kaitai.SpecEnumDeep" runstate="Runnable" seed="1427582125" result="Passed" start-time="2020-04-09 23:43:03Z" end-time="2020-04-09 23:43:03Z" duration="0.000816" asserts="2" />
      </test-suite>
      <test-suite type="TestFixture" id="0-1060" name="SpecEnumDeepLiterals" fullname="Kaitai.SpecEnumDeepLiterals" classname="Kaitai.SpecEnumDeepLiterals" runstate="Runnable" testcasecount="1" result="Passed" start-time="2020-04-09 23:43:03Z" end-time="2020-04-09 23:43:03Z" duration="0.005014" total="1" passed="1" failed="0" inconclusive="0" skipped="0" asserts="2">
        <test-case id="0-1061" name="TestEnumDeepLiterals" fullname="Kaitai.SpecEnumDeepLiterals.TestEnumDeepLiterals" methodname="TestEnumDeepLiterals" classname="Kaitai.SpecEnumDeepLiterals" runstate="Runnable" seed="640448597" result="Passed" start-time="2020-04-09 23:43:03Z" end-time="2020-04-09 23:43:03Z" duration="0.001046" asserts="2" />
      </test-suite>
      <test-suite type="TestFixture" id="0-1062" name="SpecEnumFancy" fullname="Kaitai.SpecEnumFancy" classname="Kaitai.SpecEnumFancy" runstate="Runnable" testcasecount="1" result="Passed" start-time="2020-04-09 23:43:03Z" end-time="2020-04-09 23:43:03Z" duration="0.005013" total="1" passed="1" failed="0" inconclusive="0" skipped="0" asserts="2">
        <test-case id="0-1063" name="TestEnumFancy" fullname="Kaitai.SpecEnumFancy.TestEnumFancy" methodname="TestEnumFancy" classname="Kaitai.SpecEnumFancy" runstate="Runnable" seed="396629150" result="Passed" start-time="2020-04-09 23:43:03Z" end-time="2020-04-09 23:43:03Z" duration="0.000965" asserts="2" />
      </test-suite>
      <test-suite type="TestFixture" id="0-1064" name="SpecEnumForUnknownId" fullname="Kaitai.SpecEnumForUnknownId" classname="Kaitai.SpecEnumForUnknownId" runstate="Runnable" testcasecount="1" result="Passed" start-time="2020-04-09 23:43:03Z" end-time="2020-04-09 23:43:03Z" duration="0.004008" total="1" passed="1" failed="0" inconclusive="0" skipped="0" asserts="1">
        <test-case id="0-1065" name="TestEnumForUnknownId" fullname="Kaitai.SpecEnumForUnknownId.TestEnumForUnknownId" methodname="TestEnumForUnknownId" classname="Kaitai.SpecEnumForUnknownId" runstate="Runnable" seed="1212151890" result="Passed" start-time="2020-04-09 23:43:03Z" end-time="2020-04-09 23:43:03Z" duration="0.000767" asserts="1" />
      </test-suite>
      <test-suite type="TestFixture" id="0-1066" name="SpecEnumIf" fullname="Kaitai.SpecEnumIf" classname="Kaitai.SpecEnumIf" runstate="Runnable" testcasecount="1" result="Passed" start-time="2020-04-09 23:43:03Z" end-time="2020-04-09 23:43:03Z" duration="0.006012" total="1" passed="1" failed="0" inconclusive="0" skipped="0" asserts="7">
        <test-case id="0-1067" name="TestEnumIf" fullname="Kaitai.SpecEnumIf.TestEnumIf" methodname="TestEnumIf" classname="Kaitai.SpecEnumIf" runstate="Runnable" seed="1888982355" result="Passed" start-time="2020-04-09 23:43:03Z" end-time="2020-04-09 23:43:03Z" duration="0.002335" asserts="7" />
      </test-suite>
      <test-suite type="TestFixture" id="0-1068" name="SpecEnumImport" fullname="Kaitai.SpecEnumImport" classname="Kaitai.SpecEnumImport" runstate="Runnable" testcasecount="1" result="Passed" start-time="2020-04-09 23:43:03Z" end-time="2020-04-09 23:43:03Z" duration="0.003994" total="1" passed="1" failed="0" inconclusive="0" skipped="0" asserts="2">
        <test-case id="0-1069" name="TestEnumImport" fullname="Kaitai.SpecEnumImport.TestEnumImport" methodname="TestEnumImport" classname="Kaitai.SpecEnumImport" runstate="Runnable" seed="679680851" result="Passed" start-time="2020-04-09 23:43:03Z" end-time="2020-04-09 23:43:03Z" duration="0.000785" asserts="2" />
      </test-suite>
      <test-suite type="TestFixture" id="0-1070" name="SpecEnumIntRangeS" fullname="Kaitai.SpecEnumIntRangeS" classname="Kaitai.SpecEnumIntRangeS" runstate="Runnable" testcasecount="1" result="Passed" start-time="2020-04-09 23:43:03Z" end-time="2020-04-09 23:43:03Z" duration="0.004369" total="1" passed="1" failed="0" inconclusive="0" skipped="0" asserts="3">
        <test-case id="0-1071" name="TestEnumIntRangeS" fullname="Kaitai.SpecEnumIntRangeS.TestEnumIntRangeS" methodname="TestEnumIntRangeS" classname="Kaitai.SpecEnumIntRangeS" runstate="Runnable" seed="455192156" result="Passed" start-time="2020-04-09 23:43:03Z" end-time="2020-04-09 23:43:03Z" duration="0.000911" asserts="3" />
      </test-suite>
      <test-suite type="TestFixture" id="0-1072" name="SpecEnumInvalid" fullname="Kaitai.SpecEnumInvalid" classname="Kaitai.SpecEnumInvalid" runstate="Runnable" testcasecount="1" result="Passed" start-time="2020-04-09 23:43:03Z" end-time="2020-04-09 23:43:03Z" duration="0.004005" total="1" passed="1" failed="0" inconclusive="0" skipped="0" asserts="2">
        <test-case id="0-1073" name="TestEnumInvalid" fullname="Kaitai.SpecEnumInvalid.TestEnumInvalid" methodname="TestEnumInvalid" classname="Kaitai.SpecEnumInvalid" runstate="Runnable" seed="924263117" result="Passed" start-time="2020-04-09 23:43:03Z" end-time="2020-04-09 23:43:03Z" duration="0.000728" asserts="2" />
      </test-suite>
      <test-suite type="TestFixture" id="0-1074" name="SpecEnumNegative" fullname="Kaitai.SpecEnumNegative" classname="Kaitai.SpecEnumNegative" runstate="Runnable" testcasecount="1" result="Passed" start-time="2020-04-09 23:43:03Z" end-time="2020-04-09 23:43:03Z" duration="0.004009" total="1" passed="1" failed="0" inconclusive="0" skipped="0" asserts="2">
        <test-case id="0-1075" name="TestEnumNegative" fullname="Kaitai.SpecEnumNegative.TestEnumNegative" methodname="TestEnumNegative" classname="Kaitai.SpecEnumNegative" runstate="Runnable" seed="1473007408" result="Passed" start-time="2020-04-09 23:43:03Z" end-time="2020-04-09 23:43:03Z" duration="0.000887" asserts="2" />
      </test-suite>
      <test-suite type="TestFixture" id="0-1076" name="SpecEnumOfValueInst" fullname="Kaitai.SpecEnumOfValueInst" classname="Kaitai.SpecEnumOfValueInst" runstate="Runnable" testcasecount="1" result="Passed" start-time="2020-04-09 23:43:03Z" end-time="2020-04-09 23:43:03Z" duration="0.005012" total="1" passed="1" failed="0" inconclusive="0" skipped="0" asserts="4">
        <test-case id="0-1077" name="TestEnumOfValueInst" fullname="Kaitai.SpecEnumOfValueInst.TestEnumOfValueInst" methodname="TestEnumOfValueInst" classname="Kaitai.SpecEnumOfValueInst" runstate="Runnable" seed="1267889496" result="Passed" start-time="2020-04-09 23:43:03Z" end-time="2020-04-09 23:43:03Z" duration="0.001126" asserts="4" />
      </test-suite>
      <test-suite type="TestFixture" id="0-1078" name="SpecEnumToI" fullname="Kaitai.SpecEnumToI" classname="Kaitai.SpecEnumToI" runstate="Runnable" testcasecount="1" result="Passed" start-time="2020-04-09 23:43:03Z" end-time="2020-04-09 23:43:03Z" duration="0.005010" total="1" passed="1" failed="0" inconclusive="0" skipped="0" asserts="5">
        <test-case id="0-1079" name="TestEnumToI" fullname="Kaitai.SpecEnumToI.TestEnumToI" methodname="TestEnumToI" classname="Kaitai.SpecEnumToI" runstate="Runnable" seed="1372311415" result="Passed" start-time="2020-04-09 23:43:03Z" end-time="2020-04-09 23:43:03Z" duration="0.001223" asserts="5" />
      </test-suite>
      <test-suite type="TestFixture" id="0-1080" name="SpecEofExceptionBytes" fullname="Kaitai.SpecEofExceptionBytes" classname="Kaitai.SpecEofExceptionBytes" runstate="Runnable" testcasecount="1" result="Passed" start-time="2020-04-09 23:43:03Z" end-time="2020-04-09 23:43:03Z" duration="0.005005" total="1" passed="1" failed="0" inconclusive="0" skipped="0" asserts="1">
        <test-case id="0-1081" name="TestEofExceptionBytes" fullname="Kaitai.SpecEofExceptionBytes.TestEofExceptionBytes" methodname="TestEofExceptionBytes" classname="Kaitai.SpecEofExceptionBytes" runstate="Runnable" seed="1740382217" result="Passed" start-time="2020-04-09 23:43:03Z" end-time="2020-04-09 23:43:03Z" duration="0.001305" asserts="1" />
      </test-suite>
      <test-suite type="TestFixture" id="0-1082" name="SpecEofExceptionU4" fullname="Kaitai.SpecEofExceptionU4" classname="Kaitai.SpecEofExceptionU4" runstate="Runnable" testcasecount="1" result="Passed" start-time="2020-04-09 23:43:03Z" end-time="2020-04-09 23:43:03Z" duration="0.005012" total="1" passed="1" failed="0" inconclusive="0" skipped="0" asserts="1">
        <test-case id="0-1083" name="TestEofExceptionU4" fullname="Kaitai.SpecEofExceptionU4.TestEofExceptionU4" methodname="TestEofExceptionU4" classname="Kaitai.SpecEofExceptionU4" runstate="Runnable" seed="1113736078" result="Passed" start-time="2020-04-09 23:43:03Z" end-time="2020-04-09 23:43:03Z" duration="0.000900" asserts="1" />
      </test-suite>
      <test-suite type="TestFixture" id="0-1084" name="SpecEosExceptionBytes" fullname="Kaitai.SpecEosExceptionBytes" classname="Kaitai.SpecEosExceptionBytes" runstate="Runnable" testcasecount="1" result="Passed" start-time="2020-04-09 23:43:03Z" end-time="2020-04-09 23:43:03Z" duration="0.005014" total="1" passed="1" failed="0" inconclusive="0" skipped="0" asserts="1">
        <test-case id="0-1085" name="TestEosExceptionBytes" fullname="Kaitai.SpecEosExceptionBytes.TestEosExceptionBytes" methodname="TestEosExceptionBytes" classname="Kaitai.SpecEosExceptionBytes" runstate="Runnable" seed="47525896" result="Passed" start-time="2020-04-09 23:43:03Z" end-time="2020-04-09 23:43:03Z" duration="0.000921" asserts="1" />
      </test-suite>
      <test-suite type="TestFixture" id="0-1086" name="SpecEosExceptionU4" fullname="Kaitai.SpecEosExceptionU4" classname="Kaitai.SpecEosExceptionU4" runstate="Runnable" testcasecount="1" result="Passed" start-time="2020-04-09 23:43:03Z" end-time="2020-04-09 23:43:03Z" duration="0.005017" total="1" passed="1" failed="0" inconclusive="0" skipped="0" asserts="1">
        <test-case id="0-1087" name="TestEosExceptionU4" fullname="Kaitai.SpecEosExceptionU4.TestEosExceptionU4" methodname="TestEosExceptionU4" classname="Kaitai.SpecEosExceptionU4" runstate="Runnable" seed="891393045" result="Passed" start-time="2020-04-09 23:43:03Z" end-time="2020-04-09 23:43:03Z" duration="0.001092" asserts="1" />
      </test-suite>
      <test-suite type="TestFixture" id="0-1088" name="SpecExpr0" fullname="Kaitai.SpecExpr0" classname="Kaitai.SpecExpr0" runstate="Runnable" testcasecount="1" result="Passed" start-time="2020-04-09 23:43:03Z" end-time="2020-04-09 23:43:03Z" duration="0.004021" total="1" passed="1" failed="0" inconclusive="0" skipped="0" asserts="2">
        <test-case id="0-1089" name="TestExpr0" fullname="Kaitai.SpecExpr0.TestExpr0" methodname="TestExpr0" classname="Kaitai.SpecExpr0" runstate="Runnable" seed="376929415" result="Passed" start-time="2020-04-09 23:43:03Z" end-time="2020-04-09 23:43:03Z" duration="0.000836" asserts="2" />
      </test-suite>
      <test-suite type="TestFixture" id="0-1090" name="SpecExpr1" fullname="Kaitai.SpecExpr1" classname="Kaitai.SpecExpr1" runstate="Runnable" testcasecount="1" result="Passed" start-time="2020-04-09 23:43:03Z" end-time="2020-04-09 23:43:03Z" duration="0.005009" total="1" passed="1" failed="0" inconclusive="0" skipped="0" asserts="4">
        <test-case id="0-1091" name="TestExpr1" fullname="Kaitai.SpecExpr1.TestExpr1" methodname="TestExpr1" classname="Kaitai.SpecExpr1" runstate="Runnable" seed="720815721" result="Passed" start-time="2020-04-09 23:43:03Z" end-time="2020-04-09 23:43:03Z" duration="0.001159" asserts="4" />
      </test-suite>
      <test-suite type="TestFixture" id="0-1092" name="SpecExpr2" fullname="Kaitai.SpecExpr2" classname="Kaitai.SpecExpr2" runstate="Runnable" testcasecount="1" result="Passed" start-time="2020-04-09 23:43:03Z" end-time="2020-04-09 23:43:03Z" duration="0.007008" total="1" passed="1" failed="0" inconclusive="0" skipped="0" asserts="17">
        <test-case id="0-1093" name="TestExpr2" fullname="Kaitai.SpecExpr2.TestExpr2" methodname="TestExpr2" classname="Kaitai.SpecExpr2" runstate="Runnable" seed="1340521323" result="Passed" start-time="2020-04-09 23:43:03Z" end-time="2020-04-09 23:43:03Z" duration="0.003378" asserts="17" />
      </test-suite>
      <test-suite type="TestFixture" id="0-1094" name="SpecExpr3" fullname="Kaitai.SpecExpr3" classname="Kaitai.SpecExpr3" runstate="Runnable" testcasecount="1" result="Passed" start-time="2020-04-09 23:43:03Z" end-time="2020-04-09 23:43:03Z" duration="0.006057" total="1" passed="1" failed="0" inconclusive="0" skipped="0" asserts="12">
        <test-case id="0-1095" name="TestExpr3" fullname="Kaitai.SpecExpr3.TestExpr3" methodname="TestExpr3" classname="Kaitai.SpecExpr3" runstate="Runnable" seed="350516145" result="Passed" start-time="2020-04-09 23:43:03Z" end-time="2020-04-09 23:43:03Z" duration="0.002306" asserts="12" />
      </test-suite>
      <test-suite type="TestFixture" id="0-1096" name="SpecExprArray" fullname="Kaitai.SpecExprArray" classname="Kaitai.SpecExprArray" runstate="Runnable" testcasecount="1" result="Passed" start-time="2020-04-09 23:43:03Z" end-time="2020-04-09 23:43:03Z" duration="0.015992" total="1" passed="1" failed="0" inconclusive="0" skipped="0" asserts="15">
        <test-case id="0-1097" name="TestExprArray" fullname="Kaitai.SpecExprArray.TestExprArray" methodname="TestExprArray" classname="Kaitai.SpecExprArray" runstate="Runnable" seed="1915927873" result="Passed" start-time="2020-04-09 23:43:03Z" end-time="2020-04-09 23:43:03Z" duration="0.012619" asserts="15" />
      </test-suite>
      <test-suite type="TestFixture" id="0-1098" name="SpecExprBytesCmp" fullname="Kaitai.SpecExprBytesCmp" classname="Kaitai.SpecExprBytesCmp" runstate="Runnable" testcasecount="1" result="Passed" start-time="2020-04-09 23:43:03Z" end-time="2020-04-09 23:43:03Z" duration="0.006016" total="1" passed="1" failed="0" inconclusive="0" skipped="0" asserts="10">
        <test-case id="0-1099" name="TestExprBytesCmp" fullname="Kaitai.SpecExprBytesCmp.TestExprBytesCmp" methodname="TestExprBytesCmp" classname="Kaitai.SpecExprBytesCmp" runstate="Runnable" seed="28314575" result="Passed" start-time="2020-04-09 23:43:03Z" end-time="2020-04-09 23:43:03Z" duration="0.002374" asserts="10" />
      </test-suite>
      <test-suite type="TestFixture" id="0-1100" name="SpecExprBytesOps" fullname="Kaitai.SpecExprBytesOps" classname="Kaitai.SpecExprBytesOps" runstate="Runnable" testcasecount="1" result="Passed" start-time="2020-04-09 23:43:03Z" end-time="2020-04-09 23:43:03Z" duration="0.008010" total="1" passed="1" failed="0" inconclusive="0" skipped="0" asserts="12">
        <test-case id="0-1101" name="TestExprBytesOps" fullname="Kaitai.SpecExprBytesOps.TestExprBytesOps" methodname="TestExprBytesOps" classname="Kaitai.SpecExprBytesOps" runstate="Runnable" seed="1690687903" result="Passed" start-time="2020-04-09 23:43:03Z" end-time="2020-04-09 23:43:03Z" duration="0.004208" asserts="12" />
      </test-suite>
      <test-suite type="TestFixture" id="0-1102" name="SpecExprCalcArrayOps" fullname="Kaitai.SpecExprCalcArrayOps" classname="Kaitai.SpecExprCalcArrayOps" runstate="Runnable" testcasecount="1" result="Passed" start-time="2020-04-09 23:43:03Z" end-time="2020-04-09 23:43:03Z" duration="0.008001" total="1" passed="1" failed="0" inconclusive="0" skipped="0" asserts="18">
        <test-case id="0-1103" name="TestExprCalcArrayOps" fullname="Kaitai.SpecExprCalcArrayOps.TestExprCalcArrayOps" methodname="TestExprCalcArrayOps" classname="Kaitai.SpecExprCalcArrayOps" runstate="Runnable" seed="1137187720" result="Passed" start-time="2020-04-09 23:43:03Z" end-time="2020-04-09 23:43:03Z" duration="0.004848" asserts="18" />
      </test-suite>
      <test-suite type="TestFixture" id="0-1104" name="SpecExprEnum" fullname="Kaitai.SpecExprEnum" classname="Kaitai.SpecExprEnum" runstate="Runnable" testcasecount="1" result="Passed" start-time="2020-04-09 23:43:03Z" end-time="2020-04-09 23:43:03Z" duration="0.005010" total="1" passed="1" failed="0" inconclusive="0" skipped="0" asserts="3">
        <test-case id="0-1105" name="TestExprEnum" fullname="Kaitai.SpecExprEnum.TestExprEnum" methodname="TestExprEnum" classname="Kaitai.SpecExprEnum" runstate="Runnable" seed="857145403" result="Passed" start-time="2020-04-09 23:43:03Z" end-time="2020-04-09 23:43:03Z" duration="0.000989" asserts="3" />
      </test-suite>
      <test-suite type="TestFixture" id="0-1106" name="SpecExprIoEof" fullname="Kaitai.SpecExprIoEof" classname="Kaitai.SpecExprIoEof" runstate="Runnable" testcasecount="1" result="Passed" start-time="2020-04-09 23:43:03Z" end-time="2020-04-09 23:43:03Z" duration="0.006011" total="1" passed="1" failed="0" inconclusive="0" skipped="0" asserts="4">
        <test-case id="0-1107" name="TestExprIoEof" fullname="Kaitai.SpecExprIoEof.TestExprIoEof" methodname="TestExprIoEof" classname="Kaitai.SpecExprIoEof" runstate="Runnable" seed="1289037236" result="Passed" start-time="2020-04-09 23:43:03Z" end-time="2020-04-09 23:43:03Z" duration="0.002161" asserts="4" />
      </test-suite>
      <test-suite type="TestFixture" id="0-1108" name="SpecExprIoPos" fullname="Kaitai.SpecExprIoPos" classname="Kaitai.SpecExprIoPos" runstate="Runnable" testcasecount="1" result="Passed" start-time="2020-04-09 23:43:03Z" end-time="2020-04-09 23:43:03Z" duration="0.005005" total="1" passed="1" failed="0" inconclusive="0" skipped="0" asserts="6">
        <test-case id="0-1109" name="TestExprIoPos" fullname="Kaitai.SpecExprIoPos.TestExprIoPos" methodname="TestExprIoPos" classname="Kaitai.SpecExprIoPos" runstate="Runnable" seed="639254855" result="Passed" start-time="2020-04-09 23:43:03Z" end-time="2020-04-09 23:43:03Z" duration="0.001569" asserts="6" />
      </test-suite>
      <test-suite type="TestFixture" id="0-1110" name="SpecExprMod" fullname="Kaitai.SpecExprMod" classname="Kaitai.SpecExprMod" runstate="Runnable" testcasecount="1" result="Passed" start-time="2020-04-09 23:43:03Z" end-time="2020-04-09 23:43:03Z" duration="0.005032" total="1" passed="1" failed="0" inconclusive="0" skipped="0" asserts="6">
        <test-case id="0-1111" name="TestExprMod" fullname="Kaitai.SpecExprMod.TestExprMod" methodname="TestExprMod" classname="Kaitai.SpecExprMod" runstate="Runnable" seed="984104765" result="Passed" start-time="2020-04-09 23:43:03Z" end-time="2020-04-09 23:43:03Z" duration="0.001484" asserts="6" />
      </test-suite>
      <test-suite type="TestFixture" id="0-1112" name="SpecExprSizeofType0" fullname="Kaitai.SpecExprSizeofType0" classname="Kaitai.SpecExprSizeofType0" runstate="Runnable" testcasecount="1" result="Passed" start-time="2020-04-09 23:43:03Z" end-time="2020-04-09 23:43:03Z" duration="0.004023" total="1" passed="1" failed="0" inconclusive="0" skipped="0" asserts="1">
        <test-case id="0-1113" name="TestExprSizeofType0" fullname="Kaitai.SpecExprSizeofType0.TestExprSizeofType0" methodname="TestExprSizeofType0" classname="Kaitai.SpecExprSizeofType0" runstate="Runnable" seed="311216827" result="Passed" start-time="2020-04-09 23:43:03Z" end-time="2020-04-09 23:43:03Z" duration="0.000624" asserts="1" />
      </test-suite>
      <test-suite type="TestFixture" id="0-1114" name="SpecExprSizeofType1" fullname="Kaitai.SpecExprSizeofType1" classname="Kaitai.SpecExprSizeofType1" runstate="Runnable" testcasecount="1" result="Passed" start-time="2020-04-09 23:43:03Z" end-time="2020-04-09 23:43:03Z" duration="0.004008" total="1" passed="1" failed="0" inconclusive="0" skipped="0" asserts="2">
        <test-case id="0-1115" name="TestExprSizeofType1" fullname="Kaitai.SpecExprSizeofType1.TestExprSizeofType1" methodname="TestExprSizeofType1" classname="Kaitai.SpecExprSizeofType1" runstate="Runnable" seed="722738541" result="Passed" start-time="2020-04-09 23:43:03Z" end-time="2020-04-09 23:43:03Z" duration="0.000676" asserts="2" />
      </test-suite>
      <test-suite type="TestFixture" id="0-1116" name="SpecExprSizeofValue0" fullname="Kaitai.SpecExprSizeofValue0" classname="Kaitai.SpecExprSizeofValue0" runstate="Runnable" testcasecount="1" result="Passed" start-time="2020-04-09 23:43:03Z" end-time="2020-04-09 23:43:03Z" duration="0.005044" total="1" passed="1" failed="0" inconclusive="0" skipped="0" asserts="5">
        <test-case id="0-1117" name="TestExprSizeofValue0" fullname="Kaitai.SpecExprSizeofValue0.TestExprSizeofValue0" methodname="TestExprSizeofValue0" classname="Kaitai.SpecExprSizeofValue0" runstate="Runnable" seed="264811398" result="Passed" start-time="2020-04-09 23:43:03Z" end-time="2020-04-09 23:43:03Z" duration="0.001300" asserts="5" />
      </test-suite>
      <test-suite type="TestFixture" id="0-1118" name="SpecExprSizeofValueSized" fullname="Kaitai.SpecExprSizeofValueSized" classname="Kaitai.SpecExprSizeofValueSized" runstate="Runnable" testcasecount="1" result="Passed" start-time="2020-04-09 23:43:03Z" end-time="2020-04-09 23:43:03Z" duration="0.005014" total="1" passed="1" failed="0" inconclusive="0" skipped="0" asserts="5">
        <test-case id="0-1119" name="TestExprSizeofValueSized" fullname="Kaitai.SpecExprSizeofValueSized.TestExprSizeofValueSized" methodname="TestExprSizeofValueSized" classname="Kaitai.SpecExprSizeofValueSized" runstate="Runnable" seed="1816523370" result="Passed" start-time="2020-04-09 23:43:03Z" end-time="2020-04-09 23:43:03Z" duration="0.001311" asserts="5" />
      </test-suite>
      <test-suite type="TestFixture" id="0-1120" name="SpecExprStrOps" fullname="Kaitai.SpecExprStrOps" classname="Kaitai.SpecExprStrOps" runstate="Runnable" testcasecount="1" result="Passed" start-time="2020-04-09 23:43:03Z" end-time="2020-04-09 23:43:03Z" duration="0.006988" total="1" passed="1" failed="0" inconclusive="0" skipped="0" asserts="17">
        <test-case id="0-1121" name="TestExprStrOps" fullname="Kaitai.SpecExprStrOps.TestExprStrOps" methodname="TestExprStrOps" classname="Kaitai.SpecExprStrOps" runstate="Runnable" seed="752406002" result="Passed" start-time="2020-04-09 23:43:03Z" end-time="2020-04-09 23:43:03Z" duration="0.003006" asserts="17" />
      </test-suite>
      <test-suite type="TestFixture" id="0-1122" name="SpecFixedContents" fullname="Kaitai.SpecFixedContents" classname="Kaitai.SpecFixedContents" runstate="Runnable" testcasecount="1" result="Passed" start-time="2020-04-09 23:43:03Z" end-time="2020-04-09 23:43:03Z" duration="0.005026" total="1" passed="1" failed="0" inconclusive="0" skipped="0" asserts="0">
        <test-case id="0-1123" name="TestFixedContents" fullname="Kaitai.SpecFixedContents.TestFixedContents" methodname="TestFixedContents" classname="Kaitai.SpecFixedContents" runstate="Runnable" seed="1884057920" result="Passed" start-time="2020-04-09 23:43:03Z" end-time="2020-04-09 23:43:03Z" duration="0.001090" asserts="0" />
      </test-suite>
      <test-suite type="TestFixture" id="0-1124" name="SpecFixedStruct" fullname="Kaitai.SpecFixedStruct" classname="Kaitai.SpecFixedStruct" runstate="Runnable" testcasecount="1" result="Passed" start-time="2020-04-09 23:43:03Z" end-time="2020-04-09 23:43:03Z" duration="0.008997" total="1" passed="1" failed="0" inconclusive="0" skipped="0" asserts="20">
        <test-case id="0-1125" name="TestFixedStruct" fullname="Kaitai.SpecFixedStruct.TestFixedStruct" methodname="TestFixedStruct" classname="Kaitai.SpecFixedStruct" runstate="Runnable" seed="548803147" result="Passed" start-time="2020-04-09 23:43:03Z" end-time="2020-04-09 23:43:03Z" duration="0.005312" asserts="20" />
      </test-suite>
      <test-suite type="TestFixture" id="0-1128" name="SpecFloatingPoints" fullname="Kaitai.SpecFloatingPoints" classname="Kaitai.SpecFloatingPoints" runstate="Runnable" testcasecount="1" result="Passed" start-time="2020-04-09 23:43:03Z" end-time="2020-04-09 23:43:03Z" duration="0.005094" total="1" passed="1" failed="0" inconclusive="0" skipped="0" asserts="8">
        <test-case id="0-1129" name="TestFloatingPoints" fullname="Kaitai.SpecFloatingPoints.TestFloatingPoints" methodname="TestFloatingPoints" classname="Kaitai.SpecFloatingPoints" runstate="Runnable" seed="669451862" result="Passed" start-time="2020-04-09 23:43:03Z" end-time="2020-04-09 23:43:03Z" duration="0.001519" asserts="8" />
      </test-suite>
      <test-suite type="TestFixture" id="0-1126" name="SpecFloatToI" fullname="Kaitai.SpecFloatToI" classname="Kaitai.SpecFloatToI" runstate="Runnable" testcasecount="1" result="Passed" start-time="2020-04-09 23:43:03Z" end-time="2020-04-09 23:43:03Z" duration="0.005011" total="1" passed="1" failed="0" inconclusive="0" skipped="0" asserts="8">
        <test-case id="0-1127" name="TestFloatToI" fullname="Kaitai.SpecFloatToI.TestFloatToI" methodname="TestFloatToI" classname="Kaitai.SpecFloatToI" runstate="Runnable" seed="280758048" result="Passed" start-time="2020-04-09 23:43:03Z" end-time="2020-04-09 23:43:03Z" duration="0.001826" asserts="8" />
      </test-suite>
      <test-suite type="TestFixture" id="0-1130" name="SpecHelloWorld" fullname="Kaitai.SpecHelloWorld" classname="Kaitai.SpecHelloWorld" runstate="Runnable" testcasecount="1" result="Passed" start-time="2020-04-09 23:43:03Z" end-time="2020-04-09 23:43:03Z" duration="0.004009" total="1" passed="1" failed="0" inconclusive="0" skipped="0" asserts="1">
        <test-case id="0-1131" name="TestHelloWorld" fullname="Kaitai.SpecHelloWorld.TestHelloWorld" methodname="TestHelloWorld" classname="Kaitai.SpecHelloWorld" runstate="Runnable" seed="1241551808" result="Passed" start-time="2020-04-09 23:43:03Z" end-time="2020-04-09 23:43:03Z" duration="0.000311" asserts="1" />
      </test-suite>
      <test-suite type="TestFixture" id="0-1132" name="SpecIfInstances" fullname="Kaitai.SpecIfInstances" classname="Kaitai.SpecIfInstances" runstate="Runnable" testcasecount="1" result="Passed" start-time="2020-04-09 23:43:03Z" end-time="2020-04-09 23:43:03Z" duration="0.003831" total="1" passed="1" failed="0" inconclusive="0" skipped="0" asserts="1">
        <test-case id="0-1133" name="TestIfInstances" fullname="Kaitai.SpecIfInstances.TestIfInstances" methodname="TestIfInstances" classname="Kaitai.SpecIfInstances" runstate="Runnable" seed="800040378" result="Passed" start-time="2020-04-09 23:43:03Z" end-time="2020-04-09 23:43:03Z" duration="0.000608" asserts="1" />
      </test-suite>
      <test-suite type="TestFixture" id="0-1134" name="SpecIfStruct" fullname="Kaitai.SpecIfStruct" classname="Kaitai.SpecIfStruct" runstate="Runnable" testcasecount="1" result="Passed" start-time="2020-04-09 23:43:03Z" end-time="2020-04-09 23:43:03Z" duration="0.006011" total="1" passed="1" failed="0" inconclusive="0" skipped="0" asserts="7">
        <test-case id="0-1135" name="TestIfStruct" fullname="Kaitai.SpecIfStruct.TestIfStruct" methodname="TestIfStruct" classname="Kaitai.SpecIfStruct" runstate="Runnable" seed="656060704" result="Passed" start-time="2020-04-09 23:43:03Z" end-time="2020-04-09 23:43:03Z" duration="0.002063" asserts="7" />
      </test-suite>
      <test-suite type="TestFixture" id="0-1136" name="SpecIfValues" fullname="Kaitai.SpecIfValues" classname="Kaitai.SpecIfValues" runstate="Runnable" testcasecount="1" result="Passed" start-time="2020-04-09 23:43:03Z" end-time="2020-04-09 23:43:03Z" duration="0.005012" total="1" passed="1" failed="0" inconclusive="0" skipped="0" asserts="6">
        <test-case id="0-1137" name="TestIfValues" fullname="Kaitai.SpecIfValues.TestIfValues" methodname="TestIfValues" classname="Kaitai.SpecIfValues" runstate="Runnable" seed="335302409" result="Passed" start-time="2020-04-09 23:43:03Z" end-time="2020-04-09 23:43:03Z" duration="0.001544" asserts="6" />
      </test-suite>
      <test-suite type="TestFixture" id="0-1138" name="SpecImports0" fullname="Kaitai.SpecImports0" classname="Kaitai.SpecImports0" runstate="Runnable" testcasecount="1" result="Passed" start-time="2020-04-09 23:43:03Z" end-time="2020-04-09 23:43:03Z" duration="0.003991" total="1" passed="1" failed="0" inconclusive="0" skipped="0" asserts="3">
        <test-case id="0-1139" name="TestImports0" fullname="Kaitai.SpecImports0.TestImports0" methodname="TestImports0" classname="Kaitai.SpecImports0" runstate="Runnable" seed="473053997" result="Passed" start-time="2020-04-09 23:43:03Z" end-time="2020-04-09 23:43:03Z" duration="0.000848" asserts="3" />
      </test-suite>
      <test-suite type="TestFixture" id="0-1140" name="SpecImportsAbs" fullname="Kaitai.SpecImportsAbs" classname="Kaitai.SpecImportsAbs" runstate="Runnable" testcasecount="1" result="Passed" start-time="2020-04-09 23:43:03Z" end-time="2020-04-09 23:43:03Z" duration="0.005982" total="1" passed="1" failed="0" inconclusive="0" skipped="0" asserts="2">
        <test-case id="0-1141" name="TestImportsAbs" fullname="Kaitai.SpecImportsAbs.TestImportsAbs" methodname="TestImportsAbs" classname="Kaitai.SpecImportsAbs" runstate="Runnable" seed="1035255168" result="Passed" start-time="2020-04-09 23:43:03Z" end-time="2020-04-09 23:43:03Z" duration="0.002467" asserts="2" />
      </test-suite>
      <test-suite type="TestFixture" id="0-1142" name="SpecImportsCircularA" fullname="Kaitai.SpecImportsCircularA" classname="Kaitai.SpecImportsCircularA" runstate="Runnable" testcasecount="1" result="Passed" start-time="2020-04-09 23:43:03Z" end-time="2020-04-09 23:43:03Z" duration="0.005031" total="1" passed="1" failed="0" inconclusive="0" skipped="0" asserts="5">
        <test-case id="0-1143" name="TestImportsCircularA" fullname="Kaitai.SpecImportsCircularA.TestImportsCircularA" methodname="TestImportsCircularA" classname="Kaitai.SpecImportsCircularA" runstate="Runnable" seed="1742474497" result="Passed" start-time="2020-04-09 23:43:03Z" end-time="2020-04-09 23:43:03Z" duration="0.001192" asserts="5" />
      </test-suite>
      <test-suite type="TestFixture" id="0-1144" name="SpecIndexSizes" fullname="Kaitai.SpecIndexSizes" classname="Kaitai.SpecIndexSizes" runstate="Runnable" testcasecount="1" result="Passed" start-time="2020-04-09 23:43:03Z" end-time="2020-04-09 23:43:03Z" duration="0.005000" total="1" passed="1" failed="0" inconclusive="0" skipped="0" asserts="7">
        <test-case id="0-1145" name="TestIndexSizes" fullname="Kaitai.SpecIndexSizes.TestIndexSizes" methodname="TestIndexSizes" classname="Kaitai.SpecIndexSizes" runstate="Runnable" seed="1491984778" result="Passed" start-time="2020-04-09 23:43:03Z" end-time="2020-04-09 23:43:03Z" duration="0.001356" asserts="7" />
      </test-suite>
      <test-suite type="TestFixture" id="0-1146" name="SpecIndexToParamEos" fullname="Kaitai.SpecIndexToParamEos" classname="Kaitai.SpecIndexToParamEos" runstate="Runnable" testcasecount="1" result="Passed" start-time="2020-04-09 23:43:03Z" end-time="2020-04-09 23:43:03Z" duration="0.005983" total="1" passed="1" failed="0" inconclusive="0" skipped="0" asserts="7">
        <test-case id="0-1147" name="TestIndexToParamEos" fullname="Kaitai.SpecIndexToParamEos.TestIndexToParamEos" methodname="TestIndexToParamEos" classname="Kaitai.SpecIndexToParamEos" runstate="Runnable" seed="140719853" result="Passed" start-time="2020-04-09 23:43:03Z" end-time="2020-04-09 23:43:03Z" duration="0.001988" asserts="7" />
      </test-suite>
      <test-suite type="TestFixture" id="0-1148" name="SpecIndexToParamExpr" fullname="Kaitai.SpecIndexToParamExpr" classname="Kaitai.SpecIndexToParamExpr" runstate="Runnable" testcasecount="1" result="Passed" start-time="2020-04-09 23:43:03Z" end-time="2020-04-09 23:43:03Z" duration="0.004986" total="1" passed="1" failed="0" inconclusive="0" skipped="0" asserts="7">
        <test-case id="0-1149" name="TestIndexToParamExpr" fullname="Kaitai.SpecIndexToParamExpr.TestIndexToParamExpr" methodname="TestIndexToParamExpr" classname="Kaitai.SpecIndexToParamExpr" runstate="Runnable" seed="1944807792" result="Passed" start-time="2020-04-09 23:43:03Z" end-time="2020-04-09 23:43:03Z" duration="0.001787" asserts="7" />
      </test-suite>
      <test-suite type="TestFixture" id="0-1150" name="SpecIndexToParamUntil" fullname="Kaitai.SpecIndexToParamUntil" classname="Kaitai.SpecIndexToParamUntil" runstate="Runnable" testcasecount="1" result="Passed" start-time="2020-04-09 23:43:03Z" end-time="2020-04-09 23:43:03Z" duration="0.006009" total="1" passed="1" failed="0" inconclusive="0" skipped="0" asserts="7">
        <test-case id="0-1151" name="TestIndexToParamUntil" fullname="Kaitai.SpecIndexToParamUntil.TestIndexToParamUntil" methodname="TestIndexToParamUntil" classname="Kaitai.SpecIndexToParamUntil" runstate="Runnable" seed="375766641" result="Passed" start-time="2020-04-09 23:43:03Z" end-time="2020-04-09 23:43:03Z" duration="0.002040" asserts="7" />
      </test-suite>
      <test-suite type="TestFixture" id="0-1152" name="SpecInstanceIoUser" fullname="Kaitai.SpecInstanceIoUser" classname="Kaitai.SpecInstanceIoUser" runstate="Runnable" testcasecount="1" result="Passed" start-time="2020-04-09 23:43:03Z" end-time="2020-04-09 23:43:03Z" duration="0.006011" total="1" passed="1" failed="0" inconclusive="0" skipped="0" asserts="4">
        <test-case id="0-1153" name="TestInstanceIoUser" fullname="Kaitai.SpecInstanceIoUser.TestInstanceIoUser" methodname="TestInstanceIoUser" classname="Kaitai.SpecInstanceIoUser" runstate="Runnable" seed="95462575" result="Passed" start-time="2020-04-09 23:43:03Z" end-time="2020-04-09 23:43:03Z" duration="0.002009" asserts="4" />
      </test-suite>
      <test-suite type="TestFixture" id="0-1154" name="SpecInstanceStd" fullname="Kaitai.SpecInstanceStd" classname="Kaitai.SpecInstanceStd" runstate="Runnable" testcasecount="1" result="Passed" start-time="2020-04-09 23:43:03Z" end-time="2020-04-09 23:43:03Z" duration="0.003988" total="1" passed="1" failed="0" inconclusive="0" skipped="0" asserts="1">
        <test-case id="0-1155" name="TestInstanceStd" fullname="Kaitai.SpecInstanceStd.TestInstanceStd" methodname="TestInstanceStd" classname="Kaitai.SpecInstanceStd" runstate="Runnable" seed="309396840" result="Passed" start-time="2020-04-09 23:43:03Z" end-time="2020-04-09 23:43:03Z" duration="0.000764" asserts="1" />
      </test-suite>
      <test-suite type="TestFixture" id="0-1156" name="SpecInstanceStdArray" fullname="Kaitai.SpecInstanceStdArray" classname="Kaitai.SpecInstanceStdArray" runstate="Runnable" testcasecount="1" result="Passed" start-time="2020-04-09 23:43:03Z" end-time="2020-04-09 23:43:03Z" duration="0.005030" total="1" passed="1" failed="0" inconclusive="0" skipped="0" asserts="7">
        <test-case id="0-1157" name="TestInstanceStdArray" fullname="Kaitai.SpecInstanceStdArray.TestInstanceStdArray" methodname="TestInstanceStdArray" classname="Kaitai.SpecInstanceStdArray" runstate="Runnable" seed="2107321973" result="Passed" start-time="2020-04-09 23:43:03Z" end-time="2020-04-09 23:43:03Z" duration="0.001436" asserts="7" />
      </test-suite>
      <test-suite type="TestFixture" id="0-1158" name="SpecInstanceUserArray" fullname="Kaitai.SpecInstanceUserArray" classname="Kaitai.SpecInstanceUserArray" runstate="Runnable" testcasecount="1" result="Passed" start-time="2020-04-09 23:43:03Z" end-time="2020-04-09 23:43:03Z" duration="0.005998" total="1" passed="1" failed="0" inconclusive="0" skipped="0" asserts="10">
        <test-case id="0-1159" name="TestInstanceUserArray" fullname="Kaitai.SpecInstanceUserArray.TestInstanceUserArray" methodname="TestInstanceUserArray" classname="Kaitai.SpecInstanceUserArray" runstate="Runnable" seed="1491133750" result="Passed" start-time="2020-04-09 23:43:03Z" end-time="2020-04-09 23:43:03Z" duration="0.002122" asserts="10" />
      </test-suite>
      <test-suite type="TestFixture" id="0-1160" name="SpecIntegers" fullname="Kaitai.SpecIntegers" classname="Kaitai.SpecIntegers" runstate="Runnable" testcasecount="1" result="Passed" start-time="2020-04-09 23:43:03Z" end-time="2020-04-09 23:43:03Z" duration="0.006991" total="1" passed="1" failed="0" inconclusive="0" skipped="0" asserts="20">
        <test-case id="0-1161" name="TestIntegers" fullname="Kaitai.SpecIntegers.TestIntegers" methodname="TestIntegers" classname="Kaitai.SpecIntegers" runstate="Runnable" seed="267203902" result="Passed" start-time="2020-04-09 23:43:03Z" end-time="2020-04-09 23:43:03Z" duration="0.003896" asserts="20" />
      </test-suite>
      <test-suite type="TestFixture" id="0-1162" name="SpecIntegersMinMax" fullname="Kaitai.SpecIntegersMinMax" classname="Kaitai.SpecIntegersMinMax" runstate="Runnable" testcasecount="1" result="Passed" start-time="2020-04-09 23:43:03Z" end-time="2020-04-09 23:43:03Z" duration="0.007006" total="1" passed="1" failed="0" inconclusive="0" skipped="0" asserts="28">
        <test-case id="0-1163" name="TestIntegersMinMax" fullname="Kaitai.SpecIntegersMinMax.TestIntegersMinMax" methodname="TestIntegersMinMax" classname="Kaitai.SpecIntegersMinMax" runstate="Runnable" seed="1967686239" result="Passed" start-time="2020-04-09 23:43:03Z" end-time="2020-04-09 23:43:03Z" duration="0.003352" asserts="28" />
      </test-suite>
      <test-suite type="TestFixture" id="0-1164" name="SpecIoLocalVar" fullname="Kaitai.SpecIoLocalVar" classname="Kaitai.SpecIoLocalVar" runstate="Runnable" testcasecount="1" result="Passed" start-time="2020-04-09 23:43:03Z" end-time="2020-04-09 23:43:03Z" duration="0.005007" total="1" passed="1" failed="0" inconclusive="0" skipped="0" asserts="2">
        <test-case id="0-1165" name="TestIoLocalVar" fullname="Kaitai.SpecIoLocalVar.TestIoLocalVar" methodname="TestIoLocalVar" classname="Kaitai.SpecIoLocalVar" runstate="Runnable" seed="1738285" result="Passed" start-time="2020-04-09 23:43:03Z" end-time="2020-04-09 23:43:03Z" duration="0.001431" asserts="2" />
      </test-suite>
      <test-suite type="TestFixture" id="0-1166" name="SpecJsSignedRightShift" fullname="Kaitai.SpecJsSignedRightShift" classname="Kaitai.SpecJsSignedRightShift" runstate="Runnable" testcasecount="1" result="Passed" start-time="2020-04-09 23:43:03Z" end-time="2020-04-09 23:43:03Z" duration="0.004011" total="1" passed="1" failed="0" inconclusive="0" skipped="0" asserts="2">
        <test-case id="0-1167" name="TestJsSignedRightShift" fullname="Kaitai.SpecJsSignedRightShift.TestJsSignedRightShift" methodname="TestJsSignedRightShift" classname="Kaitai.SpecJsSignedRightShift" runstate="Runnable" seed="1717786646" result="Passed" start-time="2020-04-09 23:43:03Z" end-time="2020-04-09 23:43:03Z" duration="0.000676" asserts="2" />
      </test-suite>
      <test-suite type="TestFixture" id="0-1168" name="SpecMetaTags" fullname="Kaitai.SpecMetaTags" classname="Kaitai.SpecMetaTags" runstate="Runnable" testcasecount="1" result="Passed" start-time="2020-04-09 23:43:03Z" end-time="2020-04-09 23:43:03Z" duration="0.003994" total="1" passed="1" failed="0" inconclusive="0" skipped="0" asserts="0">
        <test-case id="0-1169" name="TestMetaTags" fullname="Kaitai.SpecMetaTags.TestMetaTags" methodname="TestMetaTags" classname="Kaitai.SpecMetaTags" runstate="Runnable" seed="1329507325" result="Passed" start-time="2020-04-09 23:43:03Z" end-time="2020-04-09 23:43:03Z" duration="0.000456" asserts="0" />
      </test-suite>
      <test-suite type="TestFixture" id="0-1170" name="SpecMetaXref" fullname="Kaitai.SpecMetaXref" classname="Kaitai.SpecMetaXref" runstate="Runnable" testcasecount="1" result="Passed" start-time="2020-04-09 23:43:03Z" end-time="2020-04-09 23:43:03Z" duration="0.004017" total="1" passed="1" failed="0" inconclusive="0" skipped="0" asserts="0">
        <test-case id="0-1171" name="TestMetaXref" fullname="Kaitai.SpecMetaXref.TestMetaXref" methodname="TestMetaXref" classname="Kaitai.SpecMetaXref" runstate="Runnable" seed="244670308" result="Passed" start-time="2020-04-09 23:43:03Z" end-time="2020-04-09 23:43:03Z" duration="0.000482" asserts="0" />
      </test-suite>
      <test-suite type="TestFixture" id="0-1172" name="SpecMultipleUse" fullname="Kaitai.SpecMultipleUse" classname="Kaitai.SpecMultipleUse" runstate="Runnable" testcasecount="1" result="Passed" start-time="2020-04-09 23:43:03Z" end-time="2020-04-09 23:43:03Z" duration="0.005013" total="1" passed="1" failed="0" inconclusive="0" skipped="0" asserts="2">
        <test-case id="0-1173" name="TestMultipleUse" fullname="Kaitai.SpecMultipleUse.TestMultipleUse" methodname="TestMultipleUse" classname="Kaitai.SpecMultipleUse" runstate="Runnable" seed="346202170" result="Passed" start-time="2020-04-09 23:43:03Z" end-time="2020-04-09 23:43:03Z" duration="0.001572" asserts="2" />
      </test-suite>
      <test-suite type="TestFixture" id="0-1174" name="SpecNavParent" fullname="Kaitai.SpecNavParent" classname="Kaitai.SpecNavParent" runstate="Runnable" testcasecount="1" result="Passed" start-time="2020-04-09 23:43:03Z" end-time="2020-04-09 23:43:03Z" duration="0.006004" total="1" passed="1" failed="0" inconclusive="0" skipped="0" asserts="5">
        <test-case id="0-1175" name="TestNavParent" fullname="Kaitai.SpecNavParent.TestNavParent" methodname="TestNavParent" classname="Kaitai.SpecNavParent" runstate="Runnable" seed="70022908" result="Passed" start-time="2020-04-09 23:43:03Z" end-time="2020-04-09 23:43:03Z" duration="0.002168" asserts="5" />
      </test-suite>
      <test-suite type="TestFixture" id="0-1176" name="SpecNavParent2" fullname="Kaitai.SpecNavParent2" classname="Kaitai.SpecNavParent2" runstate="Runnable" testcasecount="1" result="Passed" start-time="2020-04-09 23:43:03Z" end-time="2020-04-09 23:43:03Z" duration="0.006018" total="1" passed="1" failed="0" inconclusive="0" skipped="0" asserts="10">
        <test-case id="0-1177" name="TestNavParent2" fullname="Kaitai.SpecNavParent2.TestNavParent2" methodname="TestNavParent2" classname="Kaitai.SpecNavParent2" runstate="Runnable" seed="17336747" result="Passed" start-time="2020-04-09 23:43:03Z" end-time="2020-04-09 23:43:03Z" duration="0.002542" asserts="10" />
      </test-suite>
      <test-suite type="TestFixture" id="0-1178" name="SpecNavParent3" fullname="Kaitai.SpecNavParent3" classname="Kaitai.SpecNavParent3" runstate="Runnable" testcasecount="1" result="Passed" start-time="2020-04-09 23:43:03Z" end-time="2020-04-09 23:43:03Z" duration="0.006015" total="1" passed="1" failed="0" inconclusive="0" skipped="0" asserts="10">
        <test-case id="0-1179" name="TestNavParent3" fullname="Kaitai.SpecNavParent3.TestNavParent3" methodname="TestNavParent3" classname="Kaitai.SpecNavParent3" runstate="Runnable" seed="444296828" result="Passed" start-time="2020-04-09 23:43:03Z" end-time="2020-04-09 23:43:03Z" duration="0.002756" asserts="10" />
      </test-suite>
      <test-suite type="TestFixture" id="0-1180" name="SpecNavParentFalse" fullname="Kaitai.SpecNavParentFalse" classname="Kaitai.SpecNavParentFalse" runstate="Runnable" testcasecount="1" result="Passed" start-time="2020-04-09 23:43:03Z" end-time="2020-04-09 23:43:03Z" duration="0.006016" total="1" passed="1" failed="0" inconclusive="0" skipped="0" asserts="5">
        <test-case id="0-1181" name="TestNavParentFalse" fullname="Kaitai.SpecNavParentFalse.TestNavParentFalse" methodname="TestNavParentFalse" classname="Kaitai.SpecNavParentFalse" runstate="Runnable" seed="2036027036" result="Passed" start-time="2020-04-09 23:43:03Z" end-time="2020-04-09 23:43:03Z" duration="0.002064" asserts="5" />
      </test-suite>
      <test-suite type="TestFixture" id="0-1182" name="SpecNavParentFalse2" fullname="Kaitai.SpecNavParentFalse2" classname="Kaitai.SpecNavParentFalse2" runstate="Runnable" testcasecount="1" result="Passed" start-time="2020-04-09 23:43:03Z" end-time="2020-04-09 23:43:03Z" duration="0.004212" total="1" passed="1" failed="0" inconclusive="0" skipped="0" asserts="1">
        <test-case id="0-1183" name="TestNavParentFalse2" fullname="Kaitai.SpecNavParentFalse2.TestNavParentFalse2" methodname="TestNavParentFalse2" classname="Kaitai.SpecNavParentFalse2" runstate="Runnable" seed="1409616564" result="Passed" start-time="2020-04-09 23:43:03Z" end-time="2020-04-09 23:43:03Z" duration="0.000890" asserts="1" />
      </test-suite>
      <test-suite type="TestFixture" id="0-1184" name="SpecNavParentOverride" fullname="Kaitai.SpecNavParentOverride" classname="Kaitai.SpecNavParentOverride" runstate="Runnable" testcasecount="1" result="Passed" start-time="2020-04-09 23:43:03Z" end-time="2020-04-09 23:43:03Z" duration="0.005011" total="1" passed="1" failed="0" inconclusive="0" skipped="0" asserts="3">
        <test-case id="0-1185" name="TestNavParentOverride" fullname="Kaitai.SpecNavParentOverride.TestNavParentOverride" methodname="TestNavParentOverride" classname="Kaitai.SpecNavParentOverride" runstate="Runnable" seed="101847171" result="Passed" start-time="2020-04-09 23:43:03Z" end-time="2020-04-09 23:43:03Z" duration="0.001531" asserts="3" />
      </test-suite>
      <test-suite type="TestFixture" id="0-1186" name="SpecNavParentSwitch" fullname="Kaitai.SpecNavParentSwitch" classname="Kaitai.SpecNavParentSwitch" runstate="Runnable" testcasecount="1" result="Passed" start-time="2020-04-09 23:43:03Z" end-time="2020-04-09 23:43:03Z" duration="0.005034" total="1" passed="1" failed="0" inconclusive="0" skipped="0" asserts="3">
        <test-case id="0-1187" name="TestNavParentSwitch" fullname="Kaitai.SpecNavParentSwitch.TestNavParentSwitch" methodname="TestNavParentSwitch" classname="Kaitai.SpecNavParentSwitch" runstate="Runnable" seed="1714813507" result="Passed" start-time="2020-04-09 23:43:03Z" end-time="2020-04-09 23:43:03Z" duration="0.001491" asserts="3" />
      </test-suite>
      <test-suite type="TestFixture" id="0-1188" name="SpecNavParentVsValueInst" fullname="Kaitai.SpecNavParentVsValueInst" classname="Kaitai.SpecNavParentVsValueInst" runstate="Runnable" testcasecount="1" result="Passed" start-time="2020-04-09 23:43:03Z" end-time="2020-04-09 23:43:03Z" duration="0.004195" total="1" passed="1" failed="0" inconclusive="0" skipped="0" asserts="1">
        <test-case id="0-1189" name="TestNavParentVsValueInst" fullname="Kaitai.SpecNavParentVsValueInst.TestNavParentVsValueInst" methodname="TestNavParentVsValueInst" classname="Kaitai.SpecNavParentVsValueInst" runstate="Runnable" seed="1940758800" result="Passed" start-time="2020-04-09 23:43:03Z" end-time="2020-04-09 23:43:03Z" duration="0.000797" asserts="1" />
      </test-suite>
      <test-suite type="TestFixture" id="0-1190" name="SpecNavRoot" fullname="Kaitai.SpecNavRoot" classname="Kaitai.SpecNavRoot" runstate="Runnable" testcasecount="1" result="Passed" start-time="2020-04-09 23:43:03Z" end-time="2020-04-09 23:43:03Z" duration="0.005989" total="1" passed="1" failed="0" inconclusive="0" skipped="0" asserts="5">
        <test-case id="0-1191" name="TestNavRoot" fullname="Kaitai.SpecNavRoot.TestNavRoot" methodname="TestNavRoot" classname="Kaitai.SpecNavRoot" runstate="Runnable" seed="15899867" result="Passed" start-time="2020-04-09 23:43:03Z" end-time="2020-04-09 23:43:03Z" duration="0.002440" asserts="5" />
      </test-suite>
      <test-suite type="TestFixture" id="0-1192" name="SpecNestedSameName" fullname="Kaitai.SpecNestedSameName" classname="Kaitai.SpecNestedSameName" runstate="Runnable" testcasecount="1" result="Passed" start-time="2020-04-09 23:43:03Z" end-time="2020-04-09 23:43:03Z" duration="0.004971" total="1" passed="1" failed="0" inconclusive="0" skipped="0" asserts="2">
        <test-case id="0-1193" name="TestNestedSameName" fullname="Kaitai.SpecNestedSameName.TestNestedSameName" methodname="TestNestedSameName" classname="Kaitai.SpecNestedSameName" runstate="Runnable" seed="1749008385" result="Passed" start-time="2020-04-09 23:43:03Z" end-time="2020-04-09 23:43:03Z" duration="0.001580" asserts="2" />
      </test-suite>
      <test-suite type="TestFixture" id="0-1194" name="SpecNestedSameName2" fullname="Kaitai.SpecNestedSameName2" classname="Kaitai.SpecNestedSameName2" runstate="Runnable" testcasecount="1" result="Passed" start-time="2020-04-09 23:43:03Z" end-time="2020-04-09 23:43:03Z" duration="0.006221" total="1" passed="1" failed="0" inconclusive="0" skipped="0" asserts="5">
        <test-case id="0-1195" name="TestNestedSameName2" fullname="Kaitai.SpecNestedSameName2.TestNestedSameName2" methodname="TestNestedSameName2" classname="Kaitai.SpecNestedSameName2" runstate="Runnable" seed="1696523921" result="Passed" start-time="2020-04-09 23:43:03Z" end-time="2020-04-09 23:43:03Z" duration="0.002404" asserts="5" />
      </test-suite>
      <test-suite type="TestFixture" id="0-1196" name="SpecNestedTypeParam" fullname="Kaitai.SpecNestedTypeParam" classname="Kaitai.SpecNestedTypeParam" runstate="Runnable" testcasecount="1" result="Passed" start-time="2020-04-09 23:43:03Z" end-time="2020-04-09 23:43:03Z" duration="0.005010" total="1" passed="1" failed="0" inconclusive="0" skipped="0" asserts="2">
        <test-case id="0-1197" name="TestNestedTypeParam" fullname="Kaitai.SpecNestedTypeParam.TestNestedTypeParam" methodname="TestNestedTypeParam" classname="Kaitai.SpecNestedTypeParam" runstate="Runnable" seed="1806334736" result="Passed" start-time="2020-04-09 23:43:03Z" end-time="2020-04-09 23:43:03Z" duration="0.000986" asserts="2" />
      </test-suite>
      <test-suite type="TestFixture" id="0-1198" name="SpecNestedTypes" fullname="Kaitai.SpecNestedTypes" classname="Kaitai.SpecNestedTypes" runstate="Runnable" testcasecount="1" result="Passed" start-time="2020-04-09 23:43:03Z" end-time="2020-04-09 23:43:03Z" duration="0.005023" total="1" passed="1" failed="0" inconclusive="0" skipped="0" asserts="3">
        <test-case id="0-1199" name="TestNestedTypes" fullname="Kaitai.SpecNestedTypes.TestNestedTypes" methodname="TestNestedTypes" classname="Kaitai.SpecNestedTypes" runstate="Runnable" seed="767568443" result="Passed" start-time="2020-04-09 23:43:03Z" end-time="2020-04-09 23:43:03Z" duration="0.001504" asserts="3" />
      </test-suite>
      <test-suite type="TestFixture" id="0-1200" name="SpecNestedTypes2" fullname="Kaitai.SpecNestedTypes2" classname="Kaitai.SpecNestedTypes2" runstate="Runnable" testcasecount="1" result="Passed" start-time="2020-04-09 23:43:03Z" end-time="2020-04-09 23:43:03Z" duration="0.006013" total="1" passed="1" failed="0" inconclusive="0" skipped="0" asserts="7">
        <test-case id="0-1201" name="TestNestedTypes2" fullname="Kaitai.SpecNestedTypes2.TestNestedTypes2" methodname="TestNestedTypes2" classname="Kaitai.SpecNestedTypes2" runstate="Runnable" seed="518060086" result="Passed" start-time="2020-04-09 23:43:03Z" end-time="2020-04-09 23:43:03Z" duration="0.002541" asserts="7" />
      </test-suite>
      <test-suite type="TestFixture" id="0-1202" name="SpecNestedTypes3" fullname="Kaitai.SpecNestedTypes3" classname="Kaitai.SpecNestedTypes3" runstate="Runnable" testcasecount="1" result="Passed" start-time="2020-04-09 23:43:03Z" end-time="2020-04-09 23:43:03Z" duration="0.004990" total="1" passed="1" failed="0" inconclusive="0" skipped="0" asserts="5">
        <test-case id="0-1203" name="TestNestedTypes3" fullname="Kaitai.SpecNestedTypes3.TestNestedTypes3" methodname="TestNestedTypes3" classname="Kaitai.SpecNestedTypes3" runstate="Runnable" seed="1547152524" result="Passed" start-time="2020-04-09 23:43:03Z" end-time="2020-04-09 23:43:03Z" duration="0.001877" asserts="5" />
      </test-suite>
      <test-suite type="TestFixture" id="0-1204" name="SpecNonStandard" fullname="Kaitai.SpecNonStandard" classname="Kaitai.SpecNonStandard" runstate="Runnable" testcasecount="1" result="Passed" start-time="2020-04-09 23:43:03Z" end-time="2020-04-09 23:43:03Z" duration="0.004010" total="1" passed="1" failed="0" inconclusive="0" skipped="0" asserts="1">
        <test-case id="0-1205" name="TestNonStandard" fullname="Kaitai.SpecNonStandard.TestNonStandard" methodname="TestNonStandard" classname="Kaitai.SpecNonStandard" runstate="Runnable" seed="767401474" result="Passed" start-time="2020-04-09 23:43:03Z" end-time="2020-04-09 23:43:03Z" duration="0.000651" asserts="1" />
      </test-suite>
      <test-suite type="TestFixture" id="0-1206" name="SpecOpaqueExternalType" fullname="Kaitai.SpecOpaqueExternalType" classname="Kaitai.SpecOpaqueExternalType" runstate="Runnable" testcasecount="1" result="Passed" start-time="2020-04-09 23:43:03Z" end-time="2020-04-09 23:43:03Z" duration="0.005006" total="1" passed="1" failed="0" inconclusive="0" skipped="0" asserts="3">
        <test-case id="0-1207" name="TestOpaqueExternalType" fullname="Kaitai.SpecOpaqueExternalType.TestOpaqueExternalType" methodname="TestOpaqueExternalType" classname="Kaitai.SpecOpaqueExternalType" runstate="Runnable" seed="137163246" result="Passed" start-time="2020-04-09 23:43:03Z" end-time="2020-04-09 23:43:03Z" duration="0.001190" asserts="3" />
      </test-suite>
      <test-suite type="TestFixture" id="0-1208" name="SpecOpaqueExternalType02Parent" fullname="Kaitai.SpecOpaqueExternalType02Parent" classname="Kaitai.SpecOpaqueExternalType02Parent" runstate="Runnable" testcasecount="1" result="Passed" start-time="2020-04-09 23:43:03Z" end-time="2020-04-09 23:43:03Z" duration="0.005010" total="1" passed="1" failed="0" inconclusive="0" skipped="0" asserts="3">
        <test-case id="0-1209" name="TestOpaqueExternalType02Parent" fullname="Kaitai.SpecOpaqueExternalType02Parent.TestOpaqueExternalType02Parent" methodname="TestOpaqueExternalType02Parent" classname="Kaitai.SpecOpaqueExternalType02Parent" runstate="Runnable" seed="1297218128" result="Passed" start-time="2020-04-09 23:43:03Z" end-time="2020-04-09 23:43:03Z" duration="0.001773" asserts="3" />
      </test-suite>
      <test-suite type="TestFixture" id="0-1210" name="SpecOpaqueWithParam" fullname="Kaitai.SpecOpaqueWithParam" classname="Kaitai.SpecOpaqueWithParam" runstate="Runnable" testcasecount="1" result="Passed" start-time="2020-04-09 23:43:03Z" end-time="2020-04-09 23:43:03Z" duration="0.005010" total="1" passed="1" failed="0" inconclusive="0" skipped="0" asserts="2">
        <test-case id="0-1211" name="TestOpaqueWithParam" fullname="Kaitai.SpecOpaqueWithParam.TestOpaqueWithParam" methodname="TestOpaqueWithParam" classname="Kaitai.SpecOpaqueWithParam" runstate="Runnable" seed="1680778319" result="Passed" start-time="2020-04-09 23:43:03Z" end-time="2020-04-09 23:43:03Z" duration="0.001123" asserts="2" />
      </test-suite>
      <test-suite type="TestFixture" id="0-1212" name="SpecOptionalId" fullname="Kaitai.SpecOptionalId" classname="Kaitai.SpecOptionalId" runstate="Runnable" testcasecount="1" result="Passed" start-time="2020-04-09 23:43:03Z" end-time="2020-04-09 23:43:03Z" duration="0.004014" total="1" passed="1" failed="0" inconclusive="0" skipped="0" asserts="3">
        <test-case id="0-1213" name="TestOptionalId" fullname="Kaitai.SpecOptionalId.TestOptionalId" methodname="TestOptionalId" classname="Kaitai.SpecOptionalId" runstate="Runnable" seed="1684792897" result="Passed" start-time="2020-04-09 23:43:03Z" end-time="2020-04-09 23:43:03Z" duration="0.000841" asserts="3" />
      </test-suite>
      <test-suite type="TestFixture" id="0-1214" name="SpecParamsCallExtraParens" fullname="Kaitai.SpecParamsCallExtraParens" classname="Kaitai.SpecParamsCallExtraParens" runstate="Runnable" testcasecount="1" result="Passed" start-time="2020-04-09 23:43:03Z" end-time="2020-04-09 23:43:03Z" duration="0.003997" total="1" passed="1" failed="0" inconclusive="0" skipped="0" asserts="1">
        <test-case id="0-1215" name="TestParamsCallExtraParens" fullname="Kaitai.SpecParamsCallExtraParens.TestParamsCallExtraParens" methodname="TestParamsCallExtraParens" classname="Kaitai.SpecParamsCallExtraParens" runstate="Runnable" seed="848843857" result="Passed" start-time="2020-04-09 23:43:03Z" end-time="2020-04-09 23:43:03Z" duration="0.000924" asserts="1" />
      </test-suite>
      <test-suite type="TestFixture" id="0-1216" name="SpecParamsCallShort" fullname="Kaitai.SpecParamsCallShort" classname="Kaitai.SpecParamsCallShort" runstate="Runnable" testcasecount="1" result="Passed" start-time="2020-04-09 23:43:03Z" end-time="2020-04-09 23:43:03Z" duration="0.005012" total="1" passed="1" failed="0" inconclusive="0" skipped="0" asserts="3">
        <test-case id="0-1217" name="TestParamsCallShort" fullname="Kaitai.SpecParamsCallShort.TestParamsCallShort" methodname="TestParamsCallShort" classname="Kaitai.SpecParamsCallShort" runstate="Runnable" seed="2039862701" result="Passed" start-time="2020-04-09 23:43:03Z" end-time="2020-04-09 23:43:03Z" duration="0.001597" asserts="3" />
      </test-suite>
      <test-suite type="TestFixture" id="0-1218" name="SpecParamsDef" fullname="Kaitai.SpecParamsDef" classname="Kaitai.SpecParamsDef" runstate="Runnable" testcasecount="1" result="Passed" start-time="2020-04-09 23:43:03Z" end-time="2020-04-09 23:43:03Z" duration="0.004031" total="1" passed="1" failed="0" inconclusive="0" skipped="0" asserts="2">
        <test-case id="0-1219" name="TestParamsDef" fullname="Kaitai.SpecParamsDef.TestParamsDef" methodname="TestParamsDef" classname="Kaitai.SpecParamsDef" runstate="Runnable" seed="606427776" result="Passed" start-time="2020-04-09 23:43:03Z" end-time="2020-04-09 23:43:03Z" duration="0.000321" asserts="2" />
      </test-suite>
      <test-suite type="TestFixture" id="0-1220" name="SpecParamsEnum" fullname="Kaitai.SpecParamsEnum" classname="Kaitai.SpecParamsEnum" runstate="Runnable" testcasecount="1" result="Passed" start-time="2020-04-09 23:43:03Z" end-time="2020-04-09 23:43:03Z" duration="0.005032" total="1" passed="1" failed="0" inconclusive="0" skipped="0" asserts="2">
        <test-case id="0-1221" name="TestParamsEnum" fullname="Kaitai.SpecParamsEnum.TestParamsEnum" methodname="TestParamsEnum" classname="Kaitai.SpecParamsEnum" runstate="Runnable" seed="911511697" result="Passed" start-time="2020-04-09 23:43:03Z" end-time="2020-04-09 23:43:03Z" duration="0.001194" asserts="2" />
      </test-suite>
      <test-suite type="TestFixture" id="0-1222" name="SpecParamsPassArrayStr" fullname="Kaitai.SpecParamsPassArrayStr" classname="Kaitai.SpecParamsPassArrayStr" runstate="Runnable" testcasecount="1" result="Passed" start-time="2020-04-09 23:43:03Z" end-time="2020-04-09 23:43:03Z" duration="0.005012" total="1" passed="1" failed="0" inconclusive="0" skipped="0" asserts="7">
        <test-case id="0-1223" name="TestParamsPassArrayStr" fullname="Kaitai.SpecParamsPassArrayStr.TestParamsPassArrayStr" methodname="TestParamsPassArrayStr" classname="Kaitai.SpecParamsPassArrayStr" runstate="Runnable" seed="321794717" result="Passed" start-time="2020-04-09 23:43:03Z" end-time="2020-04-09 23:43:03Z" duration="0.001705" asserts="7" />
      </test-suite>
      <test-suite type="TestFixture" id="0-1224" name="SpecParamsPassArrayStruct" fullname="Kaitai.SpecParamsPassArrayStruct" classname="Kaitai.SpecParamsPassArrayStruct" runstate="Runnable" testcasecount="1" result="Passed" start-time="2020-04-09 23:43:03Z" end-time="2020-04-09 23:43:03Z" duration="0.006032" total="1" passed="1" failed="0" inconclusive="0" skipped="0" asserts="3">
        <test-case id="0-1225" name="TestParamsPassArrayStruct" fullname="Kaitai.SpecParamsPassArrayStruct.TestParamsPassArrayStruct" methodname="TestParamsPassArrayStruct" classname="Kaitai.SpecParamsPassArrayStruct" runstate="Runnable" seed="785329829" result="Passed" start-time="2020-04-09 23:43:03Z" end-time="2020-04-09 23:43:03Z" duration="0.002026" asserts="3" />
      </test-suite>
      <test-suite type="TestFixture" id="0-1226" name="SpecParamsPassArrayUsertype" fullname="Kaitai.SpecParamsPassArrayUsertype" classname="Kaitai.SpecParamsPassArrayUsertype" runstate="Runnable" testcasecount="1" result="Passed" start-time="2020-04-09 23:43:03Z" end-time="2020-04-09 23:43:03Z" duration="0.006038" total="1" passed="1" failed="0" inconclusive="0" skipped="0" asserts="5">
        <test-case id="0-1227" name="TestParamsPassArrayUsertype" fullname="Kaitai.SpecParamsPassArrayUsertype.TestParamsPassArrayUsertype" methodname="TestParamsPassArrayUsertype" classname="Kaitai.SpecParamsPassArrayUsertype" runstate="Runnable" seed="1118302194" result="Passed" start-time="2020-04-09 23:43:03Z" end-time="2020-04-09 23:43:03Z" duration="0.001972" asserts="5" />
      </test-suite>
      <test-suite type="TestFixture" id="0-1228" name="SpecParamsPassUsertype" fullname="Kaitai.SpecParamsPassUsertype" classname="Kaitai.SpecParamsPassUsertype" runstate="Runnable" testcasecount="1" result="Passed" start-time="2020-04-09 23:43:03Z" end-time="2020-04-09 23:43:03Z" duration="0.005013" total="1" passed="1" failed="0" inconclusive="0" skipped="0" asserts="2">
        <test-case id="0-1229" name="TestParamsPassUsertype" fullname="Kaitai.SpecParamsPassUsertype.TestParamsPassUsertype" methodname="TestParamsPassUsertype" classname="Kaitai.SpecParamsPassUsertype" runstate="Runnable" seed="96976908" result="Passed" start-time="2020-04-09 23:43:03Z" end-time="2020-04-09 23:43:03Z" duration="0.001444" asserts="2" />
      </test-suite>
      <test-suite type="TestFixture" id="0-1230" name="SpecPositionAbs" fullname="Kaitai.SpecPositionAbs" classname="Kaitai.SpecPositionAbs" runstate="Runnable" testcasecount="1" result="Passed" start-time="2020-04-09 23:43:03Z" end-time="2020-04-09 23:43:03Z" duration="0.005035" total="1" passed="1" failed="0" inconclusive="0" skipped="0" asserts="2">
        <test-case id="0-1231" name="TestPositionAbs" fullname="Kaitai.SpecPositionAbs.TestPositionAbs" methodname="TestPositionAbs" classname="Kaitai.SpecPositionAbs" runstate="Runnable" seed="314634067" result="Passed" start-time="2020-04-09 23:43:03Z" end-time="2020-04-09 23:43:03Z" duration="0.001126" asserts="2" />
      </test-suite>
      <test-suite type="TestFixture" id="0-1232" name="SpecPositionInSeq" fullname="Kaitai.SpecPositionInSeq" classname="Kaitai.SpecPositionInSeq" runstate="Runnable" testcasecount="1" result="Passed" start-time="2020-04-09 23:43:03Z" end-time="2020-04-09 23:43:03Z" duration="0.004776" total="1" passed="1" failed="0" inconclusive="0" skipped="0" asserts="1">
        <test-case id="0-1233" name="TestPositionInSeq" fullname="Kaitai.SpecPositionInSeq.TestPositionInSeq" methodname="TestPositionInSeq" classname="Kaitai.SpecPositionInSeq" runstate="Runnable" seed="8677699" result="Passed" start-time="2020-04-09 23:43:03Z" end-time="2020-04-09 23:43:03Z" duration="0.001348" asserts="1" />
      </test-suite>
      <test-suite type="TestFixture" id="0-1234" name="SpecPositionToEnd" fullname="Kaitai.SpecPositionToEnd" classname="Kaitai.SpecPositionToEnd" runstate="Runnable" testcasecount="1" result="Passed" start-time="2020-04-09 23:43:03Z" end-time="2020-04-09 23:43:03Z" duration="0.006093" total="1" passed="1" failed="0" inconclusive="0" skipped="0" asserts="2">
        <test-case id="0-1235" name="TestPositionToEnd" fullname="Kaitai.SpecPositionToEnd.TestPositionToEnd" methodname="TestPositionToEnd" classname="Kaitai.SpecPositionToEnd" runstate="Runnable" seed="1919699024" result="Passed" start-time="2020-04-09 23:43:03Z" end-time="2020-04-09 23:43:03Z" duration="0.001134" asserts="2" />
      </test-suite>
      <test-suite type="TestFixture" id="0-1236" name="SpecProcessCoerceBytes" fullname="Kaitai.SpecProcessCoerceBytes" classname="Kaitai.SpecProcessCoerceBytes" runstate="Runnable" testcasecount="1" result="Passed" start-time="2020-04-09 23:43:03Z" end-time="2020-04-09 23:43:03Z" duration="0.004986" total="1" passed="1" failed="0" inconclusive="0" skipped="0" asserts="4">
        <test-case id="0-1237" name="TestProcessCoerceBytes" fullname="Kaitai.SpecProcessCoerceBytes.TestProcessCoerceBytes" methodname="TestProcessCoerceBytes" classname="Kaitai.SpecProcessCoerceBytes" runstate="Runnable" seed="1462482294" result="Passed" start-time="2020-04-09 23:43:03Z" end-time="2020-04-09 23:43:03Z" duration="0.001880" asserts="4" />
      </test-suite>
      <test-suite type="TestFixture" id="0-1238" name="SpecProcessCoerceSwitch" fullname="Kaitai.SpecProcessCoerceSwitch" classname="Kaitai.SpecProcessCoerceSwitch" runstate="Runnable" testcasecount="1" result="Passed" start-time="2020-04-09 23:43:03Z" end-time="2020-04-09 23:43:03Z" duration="0.004986" total="1" passed="1" failed="0" inconclusive="0" skipped="0" asserts="3">
        <test-case id="0-1239" name="TestProcessCoerceSwitch" fullname="Kaitai.SpecProcessCoerceSwitch.TestProcessCoerceSwitch" methodname="TestProcessCoerceSwitch" classname="Kaitai.SpecProcessCoerceSwitch" runstate="Runnable" seed="1096607184" result="Passed" start-time="2020-04-09 23:43:03Z" end-time="2020-04-09 23:43:03Z" duration="0.001665" asserts="3" />
      </test-suite>
      <test-suite type="TestFixture" id="0-1240" name="SpecProcessCoerceUsertype1" fullname="Kaitai.SpecProcessCoerceUsertype1" classname="Kaitai.SpecProcessCoerceUsertype1" runstate="Runnable" testcasecount="1" result="Passed" start-time="2020-04-09 23:43:03Z" end-time="2020-04-09 23:43:03Z" duration="0.005010" total="1" passed="1" failed="0" inconclusive="0" skipped="0" asserts="4">
        <test-case id="0-1241" name="TestProcessCoerceUsertype1" fullname="Kaitai.SpecProcessCoerceUsertype1.TestProcessCoerceUsertype1" methodname="TestProcessCoerceUsertype1" classname="Kaitai.SpecProcessCoerceUsertype1" runstate="Runnable" seed="531554791" result="Passed" start-time="2020-04-09 23:43:03Z" end-time="2020-04-09 23:43:03Z" duration="0.002133" asserts="4" />
      </test-suite>
      <test-suite type="TestFixture" id="0-1242" name="SpecProcessCoerceUsertype2" fullname="Kaitai.SpecProcessCoerceUsertype2" classname="Kaitai.SpecProcessCoerceUsertype2" runstate="Runnable" testcasecount="1" result="Passed" start-time="2020-04-09 23:43:03Z" end-time="2020-04-09 23:43:03Z" duration="0.005617" total="1" passed="1" failed="0" inconclusive="0" skipped="0" asserts="4">
        <test-case id="0-1243" name="TestProcessCoerceUsertype2" fullname="Kaitai.SpecProcessCoerceUsertype2.TestProcessCoerceUsertype2" methodname="TestProcessCoerceUsertype2" classname="Kaitai.SpecProcessCoerceUsertype2" runstate="Runnable" seed="2092837635" result="Passed" start-time="2020-04-09 23:43:03Z" end-time="2020-04-09 23:43:03Z" duration="0.002029" asserts="4" />
      </test-suite>
      <test-suite type="TestFixture" id="0-1244" name="SpecProcessCustom" fullname="Kaitai.SpecProcessCustom" classname="Kaitai.SpecProcessCustom" runstate="Runnable" testcasecount="1" result="Passed" start-time="2020-04-09 23:43:03Z" end-time="2020-04-09 23:43:03Z" duration="0.005005" total="1" passed="1" failed="0" inconclusive="0" skipped="0" asserts="3">
        <test-case id="0-1245" name="TestProcessCustom" fullname="Kaitai.SpecProcessCustom.TestProcessCustom" methodname="TestProcessCustom" classname="Kaitai.SpecProcessCustom" runstate="Runnable" seed="1122985231" result="Passed" start-time="2020-04-09 23:43:03Z" end-time="2020-04-09 23:43:03Z" duration="0.001807" asserts="3" />
      </test-suite>
      <test-suite type="TestFixture" id="0-1246" name="SpecProcessCustomNoArgs" fullname="Kaitai.SpecProcessCustomNoArgs" classname="Kaitai.SpecProcessCustomNoArgs" runstate="Runnable" testcasecount="1" result="Passed" start-time="2020-04-09 23:43:03Z" end-time="2020-04-09 23:43:03Z" duration="0.004016" total="1" passed="1" failed="0" inconclusive="0" skipped="0" asserts="1">
        <test-case id="0-1247" name="TestProcessCustomNoArgs" fullname="Kaitai.SpecProcessCustomNoArgs.TestProcessCustomNoArgs" methodname="TestProcessCustomNoArgs" classname="Kaitai.SpecProcessCustomNoArgs" runstate="Runnable" seed="662842995" result="Passed" start-time="2020-04-09 23:43:03Z" end-time="2020-04-09 23:43:03Z" duration="0.000832" asserts="1" />
      </test-suite>
      <test-suite type="TestFixture" id="0-1248" name="SpecProcessRepeatBytes" fullname="Kaitai.SpecProcessRepeatBytes" classname="Kaitai.SpecProcessRepeatBytes" runstate="Runnable" testcasecount="1" result="Passed" start-time="2020-04-09 23:43:03Z" end-time="2020-04-09 23:43:03Z" duration="0.005014" total="1" passed="1" failed="0" inconclusive="0" skipped="0" asserts="2">
        <test-case id="0-1249" name="TestProcessRepeatBytes" fullname="Kaitai.SpecProcessRepeatBytes.TestProcessRepeatBytes" methodname="TestProcessRepeatBytes" classname="Kaitai.SpecProcessRepeatBytes" runstate="Runnable" seed="2084330279" result="Passed" start-time="2020-04-09 23:43:03Z" end-time="2020-04-09 23:43:03Z" duration="0.000984" asserts="2" />
      </test-suite>
      <test-suite type="TestFixture" id="0-1250" name="SpecProcessRepeatUsertype" fullname="Kaitai.SpecProcessRepeatUsertype" classname="Kaitai.SpecProcessRepeatUsertype" runstate="Runnable" testcasecount="1" result="Passed" start-time="2020-04-09 23:43:03Z" end-time="2020-04-09 23:43:03Z" duration="0.005015" total="1" passed="1" failed="0" inconclusive="0" skipped="0" asserts="4">
        <test-case id="0-1251" name="TestProcessRepeatUsertype" fullname="Kaitai.SpecProcessRepeatUsertype.TestProcessRepeatUsertype" methodname="TestProcessRepeatUsertype" classname="Kaitai.SpecProcessRepeatUsertype" runstate="Runnable" seed="68461333" result="Passed" start-time="2020-04-09 23:43:03Z" end-time="2020-04-09 23:43:03Z" duration="0.001586" asserts="4" />
      </test-suite>
      <test-suite type="TestFixture" id="0-1252" name="SpecProcessRotate" fullname="Kaitai.SpecProcessRotate" classname="Kaitai.SpecProcessRotate" runstate="Runnable" testcasecount="1" result="Passed" start-time="2020-04-09 23:43:03Z" end-time="2020-04-09 23:43:03Z" duration="0.004995" total="1" passed="1" failed="0" inconclusive="0" skipped="0" asserts="3">
        <test-case id="0-1253" name="TestProcessRotate" fullname="Kaitai.SpecProcessRotate.TestProcessRotate" methodname="TestProcessRotate" classname="Kaitai.SpecProcessRotate" runstate="Runnable" seed="350720984" result="Passed" start-time="2020-04-09 23:43:03Z" end-time="2020-04-09 23:43:03Z" duration="0.001425" asserts="3" />
      </test-suite>
      <test-suite type="TestFixture" id="0-1254" name="SpecProcessToUser" fullname="Kaitai.SpecProcessToUser" classname="Kaitai.SpecProcessToUser" runstate="Runnable" testcasecount="1" result="Passed" start-time="2020-04-09 23:43:03Z" end-time="2020-04-09 23:43:03Z" duration="0.003947" total="1" passed="1" failed="0" inconclusive="0" skipped="0" asserts="1">
        <test-case id="0-1255" name="TestProcessToUser" fullname="Kaitai.SpecProcessToUser.TestProcessToUser" methodname="TestProcessToUser" classname="Kaitai.SpecProcessToUser" runstate="Runnable" seed="1833477833" result="Passed" start-time="2020-04-09 23:43:03Z" end-time="2020-04-09 23:43:03Z" duration="0.000919" asserts="1" />
      </test-suite>
      <test-suite type="TestFixture" id="0-1256" name="SpecProcessXor4Const" fullname="Kaitai.SpecProcessXor4Const" classname="Kaitai.SpecProcessXor4Const" runstate="Runnable" testcasecount="1" result="Passed" start-time="2020-04-09 23:43:03Z" end-time="2020-04-09 23:43:03Z" duration="0.005010" total="1" passed="1" failed="0" inconclusive="0" skipped="0" asserts="2">
        <test-case id="0-1257" name="TestProcessXor4Const" fullname="Kaitai.SpecProcessXor4Const.TestProcessXor4Const" methodname="TestProcessXor4Const" classname="Kaitai.SpecProcessXor4Const" runstate="Runnable" seed="1053970323" result="Passed" start-time="2020-04-09 23:43:03Z" end-time="2020-04-09 23:43:03Z" duration="0.001031" asserts="2" />
      </test-suite>
      <test-suite type="TestFixture" id="0-1258" name="SpecProcessXor4Value" fullname="Kaitai.SpecProcessXor4Value" classname="Kaitai.SpecProcessXor4Value" runstate="Runnable" testcasecount="1" result="Passed" start-time="2020-04-09 23:43:03Z" end-time="2020-04-09 23:43:03Z" duration="0.004017" total="1" passed="1" failed="0" inconclusive="0" skipped="0" asserts="2">
        <test-case id="0-1259" name="TestProcessXor4Value" fullname="Kaitai.SpecProcessXor4Value.TestProcessXor4Value" methodname="TestProcessXor4Value" classname="Kaitai.SpecProcessXor4Value" runstate="Runnable" seed="1399339505" result="Passed" start-time="2020-04-09 23:43:03Z" end-time="2020-04-09 23:43:03Z" duration="0.000785" asserts="2" />
      </test-suite>
      <test-suite type="TestFixture" id="0-1260" name="SpecProcessXorConst" fullname="Kaitai.SpecProcessXorConst" classname="Kaitai.SpecProcessXorConst" runstate="Runnable" testcasecount="1" result="Passed" start-time="2020-04-09 23:43:03Z" end-time="2020-04-09 23:43:03Z" duration="0.004009" total="1" passed="1" failed="0" inconclusive="0" skipped="0" asserts="2">
        <test-case id="0-1261" name="TestProcessXorConst" fullname="Kaitai.SpecProcessXorConst.TestProcessXorConst" methodname="TestProcessXorConst" classname="Kaitai.SpecProcessXorConst" runstate="Runnable" seed="504991072" result="Passed" start-time="2020-04-09 23:43:03Z" end-time="2020-04-09 23:43:03Z" duration="0.000763" asserts="2" />
      </test-suite>
      <test-suite type="TestFixture" id="0-1262" name="SpecProcessXorValue" fullname="Kaitai.SpecProcessXorValue" classname="Kaitai.SpecProcessXorValue" runstate="Runnable" testcasecount="1" result="Passed" start-time="2020-04-09 23:43:03Z" end-time="2020-04-09 23:43:03Z" duration="0.004017" total="1" passed="1" failed="0" inconclusive="0" skipped="0" asserts="2">
        <test-case id="0-1263" name="TestProcessXorValue" fullname="Kaitai.SpecProcessXorValue.TestProcessXorValue" methodname="TestProcessXorValue" classname="Kaitai.SpecProcessXorValue" runstate="Runnable" seed="1380361333" result="Passed" start-time="2020-04-09 23:43:03Z" end-time="2020-04-09 23:43:03Z" duration="0.000757" asserts="2" />
      </test-suite>
      <test-suite type="TestFixture" id="0-1264" name="SpecRecursiveOne" fullname="Kaitai.SpecRecursiveOne" classname="Kaitai.SpecRecursiveOne" runstate="Runnable" testcasecount="1" result="Passed" start-time="2020-04-09 23:43:03Z" end-time="2020-04-09 23:43:03Z" duration="0.005007" total="1" passed="1" failed="0" inconclusive="0" skipped="0" asserts="4">
        <test-case id="0-1265" name="TestRecursiveOne" fullname="Kaitai.SpecRecursiveOne.TestRecursiveOne" methodname="TestRecursiveOne" classname="Kaitai.SpecRecursiveOne" runstate="Runnable" seed="410794962" result="Passed" start-time="2020-04-09 23:43:03Z" end-time="2020-04-09 23:43:03Z" duration="0.001322" asserts="4" />
      </test-suite>
      <test-suite type="TestFixture" id="0-1266" name="SpecRepeatEosBit" fullname="Kaitai.SpecRepeatEosBit" classname="Kaitai.SpecRepeatEosBit" runstate="Runnable" testcasecount="1" result="Passed" start-time="2020-04-09 23:43:04Z" end-time="2020-04-09 23:43:04Z" duration="0.004013" total="1" passed="1" failed="0" inconclusive="0" skipped="0" asserts="1">
        <test-case id="0-1267" name="TestRepeatEosBit" fullname="Kaitai.SpecRepeatEosBit.TestRepeatEosBit" methodname="TestRepeatEosBit" classname="Kaitai.SpecRepeatEosBit" runstate="Runnable" seed="1812993840" result="Passed" start-time="2020-04-09 23:43:04Z" end-time="2020-04-09 23:43:04Z" duration="0.000753" asserts="1" />
      </test-suite>
      <test-suite type="TestFixture" id="0-1268" name="SpecRepeatEosStruct" fullname="Kaitai.SpecRepeatEosStruct" classname="Kaitai.SpecRepeatEosStruct" runstate="Runnable" testcasecount="1" result="Passed" start-time="2020-04-09 23:43:04Z" end-time="2020-04-09 23:43:04Z" duration="0.004734" total="1" passed="1" failed="0" inconclusive="0" skipped="0" asserts="5">
        <test-case id="0-1269" name="TestRepeatEosStruct" fullname="Kaitai.SpecRepeatEosStruct.TestRepeatEosStruct" methodname="TestRepeatEosStruct" classname="Kaitai.SpecRepeatEosStruct" runstate="Runnable" seed="1137492308" result="Passed" start-time="2020-04-09 23:43:04Z" end-time="2020-04-09 23:43:04Z" duration="0.001462" asserts="5" />
      </test-suite>
      <test-suite type="TestFixture" id="0-1270" name="SpecRepeatEosU4" fullname="Kaitai.SpecRepeatEosU4" classname="Kaitai.SpecRepeatEosU4" runstate="Runnable" testcasecount="1" result="Passed" start-time="2020-04-09 23:43:04Z" end-time="2020-04-09 23:43:04Z" duration="0.004006" total="1" passed="1" failed="0" inconclusive="0" skipped="0" asserts="1">
        <test-case id="0-1271" name="TestRepeatEosU4" fullname="Kaitai.SpecRepeatEosU4.TestRepeatEosU4" methodname="TestRepeatEosU4" classname="Kaitai.SpecRepeatEosU4" runstate="Runnable" seed="144208299" result="Passed" start-time="2020-04-09 23:43:04Z" end-time="2020-04-09 23:43:04Z" duration="0.000880" asserts="1" />
      </test-suite>
      <test-suite type="TestFixture" id="0-1272" name="SpecRepeatNStruct" fullname="Kaitai.SpecRepeatNStruct" classname="Kaitai.SpecRepeatNStruct" runstate="Runnable" testcasecount="1" result="Passed" start-time="2020-04-09 23:43:04Z" end-time="2020-04-09 23:43:04Z" duration="0.005009" total="1" passed="1" failed="0" inconclusive="0" skipped="0" asserts="5">
        <test-case id="0-1273" name="TestRepeatNStruct" fullname="Kaitai.SpecRepeatNStruct.TestRepeatNStruct" methodname="TestRepeatNStruct" classname="Kaitai.SpecRepeatNStruct" runstate="Runnable" seed="847330854" result="Passed" start-time="2020-04-09 23:43:04Z" end-time="2020-04-09 23:43:04Z" duration="0.001516" asserts="5" />
      </test-suite>
      <test-suite type="TestFixture" id="0-1274" name="SpecRepeatNStrz" fullname="Kaitai.SpecRepeatNStrz" classname="Kaitai.SpecRepeatNStrz" runstate="Runnable" testcasecount="1" result="Passed" start-time="2020-04-09 23:43:04Z" end-time="2020-04-09 23:43:04Z" duration="0.005014" total="1" passed="1" failed="0" inconclusive="0" skipped="0" asserts="2">
        <test-case id="0-1275" name="TestRepeatNStrz" fullname="Kaitai.SpecRepeatNStrz.TestRepeatNStrz" methodname="TestRepeatNStrz" classname="Kaitai.SpecRepeatNStrz" runstate="Runnable" seed="134581286" result="Passed" start-time="2020-04-09 23:43:04Z" end-time="2020-04-09 23:43:04Z" duration="0.001017" asserts="2" />
      </test-suite>
      <test-suite type="TestFixture" id="0-1276" name="SpecRepeatNStrzDouble" fullname="Kaitai.SpecRepeatNStrzDouble" classname="Kaitai.SpecRepeatNStrzDouble" runstate="Runnable" testcasecount="1" result="Passed" start-time="2020-04-09 23:43:04Z" end-time="2020-04-09 23:43:04Z" duration="0.005011" total="1" passed="1" failed="0" inconclusive="0" skipped="0" asserts="3">
        <test-case id="0-1277" name="TestRepeatNStrzDouble" fullname="Kaitai.SpecRepeatNStrzDouble.TestRepeatNStrzDouble" methodname="TestRepeatNStrzDouble" classname="Kaitai.SpecRepeatNStrzDouble" runstate="Runnable" seed="984896253" result="Passed" start-time="2020-04-09 23:43:04Z" end-time="2020-04-09 23:43:04Z" duration="0.001177" asserts="3" />
      </test-suite>
      <test-suite type="TestFixture" id="0-1278" name="SpecRepeatUntilComplex" fullname="Kaitai.SpecRepeatUntilComplex" classname="Kaitai.SpecRepeatUntilComplex" runstate="Runnable" testcasecount="1" result="Passed" start-time="2020-04-09 23:43:04Z" end-time="2020-04-09 23:43:04Z" duration="0.008051" total="1" passed="1" failed="0" inconclusive="0" skipped="0" asserts="15">
        <test-case id="0-1279" name="TestRepeatUntilComplex" fullname="Kaitai.SpecRepeatUntilComplex.TestRepeatUntilComplex" methodname="TestRepeatUntilComplex" classname="Kaitai.SpecRepeatUntilComplex" runstate="Runnable" seed="1902131915" result="Passed" start-time="2020-04-09 23:43:04Z" end-time="2020-04-09 23:43:04Z" duration="0.004387" asserts="15" />
      </test-suite>
      <test-suite type="TestFixture" id="0-1280" name="SpecRepeatUntilS4" fullname="Kaitai.SpecRepeatUntilS4" classname="Kaitai.SpecRepeatUntilS4" runstate="Runnable" testcasecount="1" result="Passed" start-time="2020-04-09 23:43:04Z" end-time="2020-04-09 23:43:04Z" duration="0.003962" total="1" passed="1" failed="0" inconclusive="0" skipped="0" asserts="2">
        <test-case id="0-1281" name="TestRepeatUntilS4" fullname="Kaitai.SpecRepeatUntilS4.TestRepeatUntilS4" methodname="TestRepeatUntilS4" classname="Kaitai.SpecRepeatUntilS4" runstate="Runnable" seed="824678775" result="Passed" start-time="2020-04-09 23:43:04Z" end-time="2020-04-09 23:43:04Z" duration="0.000925" asserts="2" />
      </test-suite>
      <test-suite type="TestFixture" id="0-1282" name="SpecRepeatUntilSized" fullname="Kaitai.SpecRepeatUntilSized" classname="Kaitai.SpecRepeatUntilSized" runstate="Runnable" testcasecount="1" result="Passed" start-time="2020-04-09 23:43:04Z" end-time="2020-04-09 23:43:04Z" duration="0.005014" total="1" passed="1" failed="0" inconclusive="0" skipped="0" asserts="7">
        <test-case id="0-1283" name="TestRepeatUntilSized" fullname="Kaitai.SpecRepeatUntilSized.TestRepeatUntilSized" methodname="TestRepeatUntilSized" classname="Kaitai.SpecRepeatUntilSized" runstate="Runnable" seed="236877490" result="Passed" start-time="2020-04-09 23:43:04Z" end-time="2020-04-09 23:43:04Z" duration="0.001654" asserts="7" />
      </test-suite>
      <test-suite type="TestFixture" id="0-1284" name="SpecStrEncodings" fullname="Kaitai.SpecStrEncodings" classname="Kaitai.SpecStrEncodings" runstate="Runnable" testcasecount="1" result="Passed" start-time="2020-04-09 23:43:04Z" end-time="2020-04-09 23:43:04Z" duration="0.005432" total="1" passed="1" failed="0" inconclusive="0" skipped="0" asserts="4">
        <test-case id="0-1285" name="TestStrEncodings" fullname="Kaitai.SpecStrEncodings.TestStrEncodings" methodname="TestStrEncodings" classname="Kaitai.SpecStrEncodings" runstate="Runnable" seed="356102235" result="Passed" start-time="2020-04-09 23:43:04Z" end-time="2020-04-09 23:43:04Z" duration="0.002040" asserts="4" />
      </test-suite>
      <test-suite type="TestFixture" id="0-1286" name="SpecStrEncodingsDefault" fullname="Kaitai.SpecStrEncodingsDefault" classname="Kaitai.SpecStrEncodingsDefault" runstate="Runnable" testcasecount="1" result="Passed" start-time="2020-04-09 23:43:04Z" end-time="2020-04-09 23:43:04Z" duration="0.005032" total="1" passed="1" failed="0" inconclusive="0" skipped="0" asserts="4">
        <test-case id="0-1287" name="TestStrEncodingsDefault" fullname="Kaitai.SpecStrEncodingsDefault.TestStrEncodingsDefault" methodname="TestStrEncodingsDefault" classname="Kaitai.SpecStrEncodingsDefault" runstate="Runnable" seed="258279614" result="Passed" start-time="2020-04-09 23:43:04Z" end-time="2020-04-09 23:43:04Z" duration="0.001611" asserts="4" />
      </test-suite>
      <test-suite type="TestFixture" id="0-1288" name="SpecStrEos" fullname="Kaitai.SpecStrEos" classname="Kaitai.SpecStrEos" runstate="Runnable" testcasecount="1" result="Passed" start-time="2020-04-09 23:43:04Z" end-time="2020-04-09 23:43:04Z" duration="0.004028" total="1" passed="1" failed="0" inconclusive="0" skipped="0" asserts="1">
        <test-case id="0-1289" name="TestStrEos" fullname="Kaitai.SpecStrEos.TestStrEos" methodname="TestStrEos" classname="Kaitai.SpecStrEos" runstate="Runnable" seed="1702627954" result="Passed" start-time="2020-04-09 23:43:04Z" end-time="2020-04-09 23:43:04Z" duration="0.000603" asserts="1" />
      </test-suite>
      <test-suite type="TestFixture" id="0-1290" name="SpecStrLiterals" fullname="Kaitai.SpecStrLiterals" classname="Kaitai.SpecStrLiterals" runstate="Runnable" testcasecount="1" result="Passed" start-time="2020-04-09 23:43:04Z" end-time="2020-04-09 23:43:04Z" duration="0.011015" total="1" passed="1" failed="0" inconclusive="0" skipped="0" asserts="5">
        <test-case id="0-1291" name="TestStrLiterals" fullname="Kaitai.SpecStrLiterals.TestStrLiterals" methodname="TestStrLiterals" classname="Kaitai.SpecStrLiterals" runstate="Runnable" seed="302911478" result="Passed" start-time="2020-04-09 23:43:04Z" end-time="2020-04-09 23:43:04Z" duration="0.007412" asserts="5" />
      </test-suite>
      <test-suite type="TestFixture" id="0-1292" name="SpecStrLiterals2" fullname="Kaitai.SpecStrLiterals2" classname="Kaitai.SpecStrLiterals2" runstate="Runnable" testcasecount="1" result="Passed" start-time="2020-04-09 23:43:04Z" end-time="2020-04-09 23:43:04Z" duration="0.004008" total="1" passed="1" failed="0" inconclusive="0" skipped="0" asserts="4">
        <test-case id="0-1293" name="TestStrLiterals2" fullname="Kaitai.SpecStrLiterals2.TestStrLiterals2" methodname="TestStrLiterals2" classname="Kaitai.SpecStrLiterals2" runstate="Runnable" seed="145053791" result="Passed" start-time="2020-04-09 23:43:04Z" end-time="2020-04-09 23:43:04Z" duration="0.000899" asserts="4" />
      </test-suite>
      <test-suite type="TestFixture" id="0-1294" name="SpecStrPadTerm" fullname="Kaitai.SpecStrPadTerm" classname="Kaitai.SpecStrPadTerm" runstate="Runnable" testcasecount="1" result="Passed" start-time="2020-04-09 23:43:04Z" end-time="2020-04-09 23:43:04Z" duration="0.004977" total="1" passed="1" failed="0" inconclusive="0" skipped="0" asserts="4">
        <test-case id="0-1295" name="TestStrPadTerm" fullname="Kaitai.SpecStrPadTerm.TestStrPadTerm" methodname="TestStrPadTerm" classname="Kaitai.SpecStrPadTerm" runstate="Runnable" seed="84167019" result="Passed" start-time="2020-04-09 23:43:04Z" end-time="2020-04-09 23:43:04Z" duration="0.001377" asserts="4" />
      </test-suite>
      <test-suite type="TestFixture" id="0-1296" name="SpecStrPadTermEmpty" fullname="Kaitai.SpecStrPadTermEmpty" classname="Kaitai.SpecStrPadTermEmpty" runstate="Runnable" testcasecount="1" result="Passed" start-time="2020-04-09 23:43:04Z" end-time="2020-04-09 23:43:04Z" duration="0.004982" total="1" passed="1" failed="0" inconclusive="0" skipped="0" asserts="4">
        <test-case id="0-1297" name="TestStrPadTermEmpty" fullname="Kaitai.SpecStrPadTermEmpty.TestStrPadTermEmpty" methodname="TestStrPadTermEmpty" classname="Kaitai.SpecStrPadTermEmpty" runstate="Runnable" seed="1298346059" result="Passed" start-time="2020-04-09 23:43:04Z" end-time="2020-04-09 23:43:04Z" duration="0.001052" asserts="4" />
      </test-suite>
      <test-suite type="TestFixture" id="0-1298" name="SpecSwitchBytearray" fullname="Kaitai.SpecSwitchBytearray" classname="Kaitai.SpecSwitchBytearray" runstate="Runnable" testcasecount="1" result="Passed" start-time="2020-04-09 23:43:04Z" end-time="2020-04-09 23:43:04Z" duration="0.006000" total="1" passed="1" failed="0" inconclusive="0" skipped="0" asserts="9">
        <test-case id="0-1299" name="TestSwitchBytearray" fullname="Kaitai.SpecSwitchBytearray.TestSwitchBytearray" methodname="TestSwitchBytearray" classname="Kaitai.SpecSwitchBytearray" runstate="Runnable" seed="785661432" result="Passed" start-time="2020-04-09 23:43:04Z" end-time="2020-04-09 23:43:04Z" duration="0.002376" asserts="9" />
      </test-suite>
      <test-suite type="TestFixture" id="0-1300" name="SpecSwitchCast" fullname="Kaitai.SpecSwitchCast" classname="Kaitai.SpecSwitchCast" runstate="Runnable" testcasecount="1" result="Passed" start-time="2020-04-09 23:43:04Z" end-time="2020-04-09 23:43:04Z" duration="0.007991" total="1" passed="1" failed="0" inconclusive="0" skipped="0" asserts="3">
        <test-case id="0-1301" name="TestSwitchCast" fullname="Kaitai.SpecSwitchCast.TestSwitchCast" methodname="TestSwitchCast" classname="Kaitai.SpecSwitchCast" runstate="Runnable" seed="573381579" result="Passed" start-time="2020-04-09 23:43:04Z" end-time="2020-04-09 23:43:04Z" duration="0.004937" asserts="3" />
      </test-suite>
      <test-suite type="TestFixture" id="0-1302" name="SpecSwitchElseOnly" fullname="Kaitai.SpecSwitchElseOnly" classname="Kaitai.SpecSwitchElseOnly" runstate="Runnable" testcasecount="1" result="Passed" start-time="2020-04-09 23:43:04Z" end-time="2020-04-09 23:43:04Z" duration="0.005011" total="1" passed="1" failed="0" inconclusive="0" skipped="0" asserts="4">
        <test-case id="0-1303" name="TestSwitchElseOnly" fullname="Kaitai.SpecSwitchElseOnly.TestSwitchElseOnly" methodname="TestSwitchElseOnly" classname="Kaitai.SpecSwitchElseOnly" runstate="Runnable" seed="1899507387" result="Passed" start-time="2020-04-09 23:43:04Z" end-time="2020-04-09 23:43:04Z" duration="0.001466" asserts="4" />
      </test-suite>
      <test-suite type="TestFixture" id="0-1304" name="SpecSwitchIntegers" fullname="Kaitai.SpecSwitchIntegers" classname="Kaitai.SpecSwitchIntegers" runstate="Runnable" testcasecount="1" result="Passed" start-time="2020-04-09 23:43:04Z" end-time="2020-04-09 23:43:04Z" duration="0.005007" total="1" passed="1" failed="0" inconclusive="0" skipped="0" asserts="9">
        <test-case id="0-1305" name="TestSwitchIntegers" fullname="Kaitai.SpecSwitchIntegers.TestSwitchIntegers" methodname="TestSwitchIntegers" classname="Kaitai.SpecSwitchIntegers" runstate="Runnable" seed="842355885" result="Passed" start-time="2020-04-09 23:43:04Z" end-time="2020-04-09 23:43:04Z" duration="0.001761" asserts="9" />
      </test-suite>
      <test-suite type="TestFixture" id="0-1306" name="SpecSwitchIntegers2" fullname="Kaitai.SpecSwitchIntegers2" classname="Kaitai.SpecSwitchIntegers2" runstate="Runnable" testcasecount="1" result="Passed" start-time="2020-04-09 23:43:04Z" end-time="2020-04-09 23:43:04Z" duration="0.005004" total="1" passed="1" failed="0" inconclusive="0" skipped="0" asserts="5">
        <test-case id="0-1307" name="TestSwitchIntegers2" fullname="Kaitai.SpecSwitchIntegers2.TestSwitchIntegers2" methodname="TestSwitchIntegers2" classname="Kaitai.SpecSwitchIntegers2" runstate="Runnable" seed="1119564561" result="Passed" start-time="2020-04-09 23:43:04Z" end-time="2020-04-09 23:43:04Z" duration="0.001690" asserts="5" />
      </test-suite>
      <test-suite type="TestFixture" id="0-1308" name="SpecSwitchManualEnum" fullname="Kaitai.SpecSwitchManualEnum" classname="Kaitai.SpecSwitchManualEnum" runstate="Runnable" testcasecount="1" result="Passed" start-time="2020-04-09 23:43:04Z" end-time="2020-04-09 23:43:04Z" duration="0.006033" total="1" passed="1" failed="0" inconclusive="0" skipped="0" asserts="9">
        <test-case id="0-1309" name="TestSwitchManualEnum" fullname="Kaitai.SpecSwitchManualEnum.TestSwitchManualEnum" methodname="TestSwitchManualEnum" classname="Kaitai.SpecSwitchManualEnum" runstate="Runnable" seed="317489984" result="Passed" start-time="2020-04-09 23:43:04Z" end-time="2020-04-09 23:43:04Z" duration="0.002355" asserts="9" />
      </test-suite>
      <test-suite type="TestFixture" id="0-1310" name="SpecSwitchManualEnumInvalid" fullname="Kaitai.SpecSwitchManualEnumInvalid" classname="Kaitai.SpecSwitchManualEnumInvalid" runstate="Runnable" testcasecount="1" result="Passed" start-time="2020-04-09 23:43:04Z" end-time="2020-04-09 23:43:04Z" duration="0.005042" total="1" passed="1" failed="0" inconclusive="0" skipped="0" asserts="5">
        <test-case id="0-1311" name="TestSwitchManualEnumInvalid" fullname="Kaitai.SpecSwitchManualEnumInvalid.TestSwitchManualEnumInvalid" methodname="TestSwitchManualEnumInvalid" classname="Kaitai.SpecSwitchManualEnumInvalid" runstate="Runnable" seed="2136381739" result="Passed" start-time="2020-04-09 23:43:04Z" end-time="2020-04-09 23:43:04Z" duration="0.001494" asserts="5" />
      </test-suite>
      <test-suite type="TestFixture" id="0-1312" name="SpecSwitchManualEnumInvalidElse" fullname="Kaitai.SpecSwitchManualEnumInvalidElse" classname="Kaitai.SpecSwitchManualEnumInvalidElse" runstate="Runnable" testcasecount="1" result="Passed" start-time="2020-04-09 23:43:04Z" end-time="2020-04-09 23:43:04Z" duration="0.005009" total="1" passed="1" failed="0" inconclusive="0" skipped="0" asserts="5">
        <test-case id="0-1313" name="TestSwitchManualEnumInvalidElse" fullname="Kaitai.SpecSwitchManualEnumInvalidElse.TestSwitchManualEnumInvalidElse" methodname="TestSwitchManualEnumInvalidElse" classname="Kaitai.SpecSwitchManualEnumInvalidElse" runstate="Runnable" seed="1267628895" result="Passed" start-time="2020-04-09 23:43:04Z" end-time="2020-04-09 23:43:04Z" duration="0.001726" asserts="5" />
      </test-suite>
      <test-suite type="TestFixture" id="0-1314" name="SpecSwitchManualInt" fullname="Kaitai.SpecSwitchManualInt" classname="Kaitai.SpecSwitchManualInt" runstate="Runnable" testcasecount="1" result="Passed" start-time="2020-04-09 23:43:04Z" end-time="2020-04-09 23:43:04Z" duration="0.006029" total="1" passed="1" failed="0" inconclusive="0" skipped="0" asserts="9">
        <test-case id="0-1315" name="TestSwitchManualInt" fullname="Kaitai.SpecSwitchManualInt.TestSwitchManualInt" methodname="TestSwitchManualInt" classname="Kaitai.SpecSwitchManualInt" runstate="Runnable" seed="1166746281" result="Passed" start-time="2020-04-09 23:43:04Z" end-time="2020-04-09 23:43:04Z" duration="0.002179" asserts="9" />
      </test-suite>
      <test-suite type="TestFixture" id="0-1316" name="SpecSwitchManualIntElse" fullname="Kaitai.SpecSwitchManualIntElse" classname="Kaitai.SpecSwitchManualIntElse" runstate="Runnable" testcasecount="1" result="Passed" start-time="2020-04-09 23:43:04Z" end-time="2020-04-09 23:43:04Z" duration="0.006013" total="1" passed="1" failed="0" inconclusive="0" skipped="0" asserts="9">
        <test-case id="0-1317" name="TestSwitchManualIntElse" fullname="Kaitai.SpecSwitchManualIntElse.TestSwitchManualIntElse" methodname="TestSwitchManualIntElse" classname="Kaitai.SpecSwitchManualIntElse" runstate="Runnable" seed="349618446" result="Passed" start-time="2020-04-09 23:43:04Z" end-time="2020-04-09 23:43:04Z" duration="0.002559" asserts="9" />
      </test-suite>
      <test-suite type="TestFixture" id="0-1318" name="SpecSwitchManualIntSize" fullname="Kaitai.SpecSwitchManualIntSize" classname="Kaitai.SpecSwitchManualIntSize" runstate="Runnable" testcasecount="1" result="Passed" start-time="2020-04-09 23:43:04Z" end-time="2020-04-09 23:43:04Z" duration="0.005979" total="1" passed="1" failed="0" inconclusive="0" skipped="0" asserts="10">
        <test-case id="0-1319" name="TestSwitchManualIntSize" fullname="Kaitai.SpecSwitchManualIntSize.TestSwitchManualIntSize" methodname="TestSwitchManualIntSize" classname="Kaitai.SpecSwitchManualIntSize" runstate="Runnable" seed="1278374693" result="Passed" start-time="2020-04-09 23:43:04Z" end-time="2020-04-09 23:43:04Z" duration="0.002818" asserts="10" />
      </test-suite>
      <test-suite type="TestFixture" id="0-1320" name="SpecSwitchManualIntSizeElse" fullname="Kaitai.SpecSwitchManualIntSizeElse" classname="Kaitai.SpecSwitchManualIntSizeElse" runstate="Runnable" testcasecount="1" result="Passed" start-time="2020-04-09 23:43:04Z" end-time="2020-04-09 23:43:04Z" duration="0.007007" total="1" passed="1" failed="0" inconclusive="0" skipped="0" asserts="10">
        <test-case id="0-1321" name="TestSwitchManualIntSizeElse" fullname="Kaitai.SpecSwitchManualIntSizeElse.TestSwitchManualIntSizeElse" methodname="TestSwitchManualIntSizeElse" classname="Kaitai.SpecSwitchManualIntSizeElse" runstate="Runnable" seed="228001817" result="Passed" start-time="2020-04-09 23:43:04Z" end-time="2020-04-09 23:43:04Z" duration="0.002991" asserts="10" />
      </test-suite>
      <test-suite type="TestFixture" id="0-1322" name="SpecSwitchManualIntSizeEos" fullname="Kaitai.SpecSwitchManualIntSizeEos" classname="Kaitai.SpecSwitchManualIntSizeEos" runstate="Runnable" testcasecount="1" result="Passed" start-time="2020-04-09 23:43:04Z" end-time="2020-04-09 23:43:04Z" duration="0.006999" total="1" passed="1" failed="0" inconclusive="0" skipped="0" asserts="10">
        <test-case id="0-1323" name="TestSwitchManualIntSizeEos" fullname="Kaitai.SpecSwitchManualIntSizeEos.TestSwitchManualIntSizeEos" methodname="TestSwitchManualIntSizeEos" classname="Kaitai.SpecSwitchManualIntSizeEos" runstate="Runnable" seed="1230092994" result="Passed" start-time="2020-04-09 23:43:04Z" end-time="2020-04-09 23:43:04Z" duration="0.003005" asserts="10" />
      </test-suite>
      <test-suite type="TestFixture" id="0-1324" name="SpecSwitchManualStr" fullname="Kaitai.SpecSwitchManualStr" classname="Kaitai.SpecSwitchManualStr" runstate="Runnable" testcasecount="1" result="Passed" start-time="2020-04-09 23:43:04Z" end-time="2020-04-09 23:43:04Z" duration="0.006016" total="1" passed="1" failed="0" inconclusive="0" skipped="0" asserts="9">
        <test-case id="0-1325" name="TestSwitchManualStr" fullname="Kaitai.SpecSwitchManualStr.TestSwitchManualStr" methodname="TestSwitchManualStr" classname="Kaitai.SpecSwitchManualStr" runstate="Runnable" seed="696267257" result="Passed" start-time="2020-04-09 23:43:04Z" end-time="2020-04-09 23:43:04Z" duration="0.002304" asserts="9" />
      </test-suite>
      <test-suite type="TestFixture" id="0-1326" name="SpecSwitchManualStrElse" fullname="Kaitai.SpecSwitchManualStrElse" classname="Kaitai.SpecSwitchManualStrElse" runstate="Runnable" testcasecount="1" result="Passed" start-time="2020-04-09 23:43:04Z" end-time="2020-04-09 23:43:04Z" duration="0.006231" total="1" passed="1" failed="0" inconclusive="0" skipped="0" asserts="9">
        <test-case id="0-1327" name="TestSwitchManualStrElse" fullname="Kaitai.SpecSwitchManualStrElse.TestSwitchManualStrElse" methodname="TestSwitchManualStrElse" classname="Kaitai.SpecSwitchManualStrElse" runstate="Runnable" seed="1462514420" result="Passed" start-time="2020-04-09 23:43:04Z" end-time="2020-04-09 23:43:04Z" duration="0.003901" asserts="9" />
      </test-suite>
      <test-suite type="TestFixture" id="0-1328" name="SpecSwitchMultiBoolOps" fullname="Kaitai.SpecSwitchMultiBoolOps" classname="Kaitai.SpecSwitchMultiBoolOps" runstate="Runnable" testcasecount="1" result="Passed" start-time="2020-04-09 23:43:04Z" end-time="2020-04-09 23:43:04Z" duration="0.006019" total="1" passed="1" failed="0" inconclusive="0" skipped="0" asserts="9">
        <test-case id="0-1329" name="TestSwitchMultiBoolOps" fullname="Kaitai.SpecSwitchMultiBoolOps.TestSwitchMultiBoolOps" methodname="TestSwitchMultiBoolOps" classname="Kaitai.SpecSwitchMultiBoolOps" runstate="Runnable" seed="1958770198" result="Passed" start-time="2020-04-09 23:43:04Z" end-time="2020-04-09 23:43:04Z" duration="0.002008" asserts="9" />
      </test-suite>
      <test-suite type="TestFixture" id="0-1330" name="SpecSwitchRepeatExpr" fullname="Kaitai.SpecSwitchRepeatExpr" classname="Kaitai.SpecSwitchRepeatExpr" runstate="Runnable" testcasecount="1" result="Passed" start-time="2020-04-09 23:43:04Z" end-time="2020-04-09 23:43:04Z" duration="0.005007" total="1" passed="1" failed="0" inconclusive="0" skipped="0" asserts="3">
        <test-case id="0-1331" name="TestSwitchRepeatExpr" fullname="Kaitai.SpecSwitchRepeatExpr.TestSwitchRepeatExpr" methodname="TestSwitchRepeatExpr" classname="Kaitai.SpecSwitchRepeatExpr" runstate="Runnable" seed="181612076" result="Passed" start-time="2020-04-09 23:43:04Z" end-time="2020-04-09 23:43:04Z" duration="0.001686" asserts="3" />
      </test-suite>
      <test-suite type="TestFixture" id="0-1332" name="SpecTermBytes" fullname="Kaitai.SpecTermBytes" classname="Kaitai.SpecTermBytes" runstate="Runnable" testcasecount="1" result="Passed" start-time="2020-04-09 23:43:04Z" end-time="2020-04-09 23:43:04Z" duration="0.005540" total="1" passed="1" failed="0" inconclusive="0" skipped="0" asserts="3">
        <test-case id="0-1333" name="TestTermBytes" fullname="Kaitai.SpecTermBytes.TestTermBytes" methodname="TestTermBytes" classname="Kaitai.SpecTermBytes" runstate="Runnable" seed="1198785760" result="Passed" start-time="2020-04-09 23:43:04Z" end-time="2020-04-09 23:43:04Z" duration="0.001042" asserts="3" />
      </test-suite>
      <test-suite type="TestFixture" id="0-1334" name="SpecTermStrz" fullname="Kaitai.SpecTermStrz" classname="Kaitai.SpecTermStrz" runstate="Runnable" testcasecount="1" result="Passed" start-time="2020-04-09 23:43:04Z" end-time="2020-04-09 23:43:04Z" duration="0.005018" total="1" passed="1" failed="0" inconclusive="0" skipped="0" asserts="3">
        <test-case id="0-1335" name="TestTermStrz" fullname="Kaitai.SpecTermStrz.TestTermStrz" methodname="TestTermStrz" classname="Kaitai.SpecTermStrz" runstate="Runnable" seed="1164251100" result="Passed" start-time="2020-04-09 23:43:04Z" end-time="2020-04-09 23:43:04Z" duration="0.000424" asserts="3" />
      </test-suite>
      <test-suite type="TestFixture" id="0-1336" name="SpecTsPacketHeader" fullname="Kaitai.SpecTsPacketHeader" classname="Kaitai.SpecTsPacketHeader" runstate="Runnable" testcasecount="1" result="Passed" start-time="2020-04-09 23:43:04Z" end-time="2020-04-09 23:43:04Z" duration="0.005013" total="1" passed="1" failed="0" inconclusive="0" skipped="0" asserts="7">
        <test-case id="0-1337" name="TestTsPacketHeader" fullname="Kaitai.SpecTsPacketHeader.TestTsPacketHeader" methodname="TestTsPacketHeader" classname="Kaitai.SpecTsPacketHeader" runstate="Runnable" seed="1238997816" result="Passed" start-time="2020-04-09 23:43:04Z" end-time="2020-04-09 23:43:04Z" duration="0.001619" asserts="7" />
      </test-suite>
      <test-suite type="TestFixture" id="0-1338" name="SpecTypeIntUnaryOp" fullname="Kaitai.SpecTypeIntUnaryOp" classname="Kaitai.SpecTypeIntUnaryOp" runstate="Runnable" testcasecount="1" result="Passed" start-time="2020-04-09 23:43:04Z" end-time="2020-04-09 23:43:04Z" duration="0.005021" total="1" passed="1" failed="0" inconclusive="0" skipped="0" asserts="4">
        <test-case id="0-1339" name="TestTypeIntUnaryOp" fullname="Kaitai.SpecTypeIntUnaryOp.TestTypeIntUnaryOp" methodname="TestTypeIntUnaryOp" classname="Kaitai.SpecTypeIntUnaryOp" runstate="Runnable" seed="1959853482" result="Passed" start-time="2020-04-09 23:43:04Z" end-time="2020-04-09 23:43:04Z" duration="0.001084" asserts="4" />
      </test-suite>
      <test-suite type="TestFixture" id="0-1340" name="SpecTypeTernary" fullname="Kaitai.SpecTypeTernary" classname="Kaitai.SpecTypeTernary" runstate="Runnable" testcasecount="1" result="Passed" start-time="2020-04-09 23:43:04Z" end-time="2020-04-09 23:43:04Z" duration="0.005013" total="1" passed="1" failed="0" inconclusive="0" skipped="0" asserts="1">
        <test-case id="0-1341" name="TestTypeTernary" fullname="Kaitai.SpecTypeTernary.TestTypeTernary" methodname="TestTypeTernary" classname="Kaitai.SpecTypeTernary" runstate="Runnable" seed="469970515" result="Passed" start-time="2020-04-09 23:43:04Z" end-time="2020-04-09 23:43:04Z" duration="0.001295" asserts="1" />
      </test-suite>
      <test-suite type="TestFixture" id="0-1342" name="SpecTypeTernaryOpaque" fullname="Kaitai.SpecTypeTernaryOpaque" classname="Kaitai.SpecTypeTernaryOpaque" runstate="Runnable" testcasecount="1" result="Passed" start-time="2020-04-09 23:43:04Z" end-time="2020-04-09 23:43:04Z" duration="0.004981" total="1" passed="1" failed="0" inconclusive="0" skipped="0" asserts="3">
        <test-case id="0-1343" name="TestTypeTernaryOpaque" fullname="Kaitai.SpecTypeTernaryOpaque.TestTypeTernaryOpaque" methodname="TestTypeTernaryOpaque" classname="Kaitai.SpecTypeTernaryOpaque" runstate="Runnable" seed="1841111030" result="Passed" start-time="2020-04-09 23:43:04Z" end-time="2020-04-09 23:43:04Z" duration="0.001098" asserts="3" />
      </test-suite>
      <test-suite type="TestFixture" id="0-1344" name="SpecUserType" fullname="Kaitai.SpecUserType" classname="Kaitai.SpecUserType" runstate="Runnable" testcasecount="1" result="Passed" start-time="2020-04-09 23:43:04Z" end-time="2020-04-09 23:43:04Z" duration="0.004006" total="1" passed="1" failed="0" inconclusive="0" skipped="0" asserts="2">
        <test-case id="0-1345" name="TestUserType" fullname="Kaitai.SpecUserType.TestUserType" methodname="TestUserType" classname="Kaitai.SpecUserType" runstate="Runnable" seed="1630129503" result="Passed" start-time="2020-04-09 23:43:04Z" end-time="2020-04-09 23:43:04Z" duration="0.000934" asserts="2" />
      </test-suite>
      <test-suite type="TestFixture" id="0-1346" name="SpecValidFailAnyofInt" fullname="Kaitai.SpecValidFailAnyofInt" classname="Kaitai.SpecValidFailAnyofInt" runstate="Runnable" testcasecount="1" result="Passed" start-time="2020-04-09 23:43:04Z" end-time="2020-04-09 23:43:04Z" duration="0.005010" total="1" passed="1" failed="0" inconclusive="0" skipped="0" asserts="1">
        <test-case id="0-1347" name="TestValidFailAnyofInt" fullname="Kaitai.SpecValidFailAnyofInt.TestValidFailAnyofInt" methodname="TestValidFailAnyofInt" classname="Kaitai.SpecValidFailAnyofInt" runstate="Runnable" seed="1888684094" result="Passed" start-time="2020-04-09 23:43:04Z" end-time="2020-04-09 23:43:04Z" duration="0.001366" asserts="1" />
      </test-suite>
      <test-suite type="TestFixture" id="0-1348" name="SpecValidFailContents" fullname="Kaitai.SpecValidFailContents" classname="Kaitai.SpecValidFailContents" runstate="Runnable" testcasecount="1" result="Passed" start-time="2020-04-09 23:43:04Z" end-time="2020-04-09 23:43:04Z" duration="0.005009" total="1" passed="1" failed="0" inconclusive="0" skipped="0" asserts="1">
        <test-case id="0-1349" name="TestValidFailContents" fullname="Kaitai.SpecValidFailContents.TestValidFailContents" methodname="TestValidFailContents" classname="Kaitai.SpecValidFailContents" runstate="Runnable" seed="564356745" result="Passed" start-time="2020-04-09 23:43:04Z" end-time="2020-04-09 23:43:04Z" duration="0.001337" asserts="1" />
      </test-suite>
      <test-suite type="TestFixture" id="0-1350" name="SpecValidFailEqBytes" fullname="Kaitai.SpecValidFailEqBytes" classname="Kaitai.SpecValidFailEqBytes" runstate="Runnable" testcasecount="1" result="Passed" start-time="2020-04-09 23:43:04Z" end-time="2020-04-09 23:43:04Z" duration="0.006010" total="1" passed="1" failed="0" inconclusive="0" skipped="0" asserts="1">
        <test-case id="0-1351" name="TestValidFailEqBytes" fullname="Kaitai.SpecValidFailEqBytes.TestValidFailEqBytes" methodname="TestValidFailEqBytes" classname="Kaitai.SpecValidFailEqBytes" runstate="Runnable" seed="1406661206" result="Passed" start-time="2020-04-09 23:43:04Z" end-time="2020-04-09 23:43:04Z" duration="0.001852" asserts="1" />
      </test-suite>
      <test-suite type="TestFixture" id="0-1352" name="SpecValidFailEqInt" fullname="Kaitai.SpecValidFailEqInt" classname="Kaitai.SpecValidFailEqInt" runstate="Runnable" testcasecount="1" result="Passed" start-time="2020-04-09 23:43:04Z" end-time="2020-04-09 23:43:04Z" duration="0.005011" total="1" passed="1" failed="0" inconclusive="0" skipped="0" asserts="1">
        <test-case id="0-1353" name="TestValidFailEqInt" fullname="Kaitai.SpecValidFailEqInt.TestValidFailEqInt" methodname="TestValidFailEqInt" classname="Kaitai.SpecValidFailEqInt" runstate="Runnable" seed="1558312816" result="Passed" start-time="2020-04-09 23:43:04Z" end-time="2020-04-09 23:43:04Z" duration="0.001008" asserts="1" />
      </test-suite>
      <test-suite type="TestFixture" id="0-1354" name="SpecValidFailInst" fullname="Kaitai.SpecValidFailInst" classname="Kaitai.SpecValidFailInst" runstate="Runnable" testcasecount="1" result="Passed" start-time="2020-04-09 23:43:04Z" end-time="2020-04-09 23:43:04Z" duration="0.005012" total="1" passed="1" failed="0" inconclusive="0" skipped="0" asserts="1">
        <test-case id="0-1355" name="TestValidFailInst" fullname="Kaitai.SpecValidFailInst.TestValidFailInst" methodname="TestValidFailInst" classname="Kaitai.SpecValidFailInst" runstate="Runnable" seed="1458173854" result="Passed" start-time="2020-04-09 23:43:04Z" end-time="2020-04-09 23:43:04Z" duration="0.001044" asserts="1" />
      </test-suite>
      <test-suite type="TestFixture" id="0-1356" name="SpecValidFailMaxInt" fullname="Kaitai.SpecValidFailMaxInt" classname="Kaitai.SpecValidFailMaxInt" runstate="Runnable" testcasecount="1" result="Passed" start-time="2020-04-09 23:43:04Z" end-time="2020-04-09 23:43:04Z" duration="0.005013" total="1" passed="1" failed="0" inconclusive="0" skipped="0" asserts="1">
        <test-case id="0-1357" name="TestValidFailMaxInt" fullname="Kaitai.SpecValidFailMaxInt.TestValidFailMaxInt" methodname="TestValidFailMaxInt" classname="Kaitai.SpecValidFailMaxInt" runstate="Runnable" seed="1743848612" result="Passed" start-time="2020-04-09 23:43:04Z" end-time="2020-04-09 23:43:04Z" duration="0.001079" asserts="1" />
      </test-suite>
      <test-suite type="TestFixture" id="0-1358" name="SpecValidFailMinInt" fullname="Kaitai.SpecValidFailMinInt" classname="Kaitai.SpecValidFailMinInt" runstate="Runnable" testcasecount="1" result="Passed" start-time="2020-04-09 23:43:04Z" end-time="2020-04-09 23:43:04Z" duration="0.005010" total="1" passed="1" failed="0" inconclusive="0" skipped="0" asserts="1">
        <test-case id="0-1359" name="TestValidFailMinInt" fullname="Kaitai.SpecValidFailMinInt.TestValidFailMinInt" methodname="TestValidFailMinInt" classname="Kaitai.SpecValidFailMinInt" runstate="Runnable" seed="745520679" result="Passed" start-time="2020-04-09 23:43:04Z" end-time="2020-04-09 23:43:04Z" duration="0.001159" asserts="1" />
      </test-suite>
      <test-suite type="TestFixture" id="0-1360" name="SpecValidFailRangeInt" fullname="Kaitai.SpecValidFailRangeInt" classname="Kaitai.SpecValidFailRangeInt" runstate="Runnable" testcasecount="1" result="Passed" start-time="2020-04-09 23:43:04Z" end-time="2020-04-09 23:43:04Z" duration="0.003986" total="1" passed="1" failed="0" inconclusive="0" skipped="0" asserts="1">
        <test-case id="0-1361" name="TestValidFailRangeInt" fullname="Kaitai.SpecValidFailRangeInt.TestValidFailRangeInt" methodname="TestValidFailRangeInt" classname="Kaitai.SpecValidFailRangeInt" runstate="Runnable" seed="96134664" result="Passed" start-time="2020-04-09 23:43:04Z" end-time="2020-04-09 23:43:04Z" duration="0.000900" asserts="1" />
      </test-suite>
      <test-suite type="TestFixture" id="0-1362" name="SpecValidLong" fullname="Kaitai.SpecValidLong" classname="Kaitai.SpecValidLong" runstate="Runnable" testcasecount="1" result="Passed" start-time="2020-04-09 23:43:04Z" end-time="2020-04-09 23:43:04Z" duration="0.006245" total="1" passed="1" failed="0" inconclusive="0" skipped="0" asserts="0">
        <test-case id="0-1363" name="TestValidLong" fullname="Kaitai.SpecValidLong.TestValidLong" methodname="TestValidLong" classname="Kaitai.SpecValidLong" runstate="Runnable" seed="1555325669" result="Passed" start-time="2020-04-09 23:43:04Z" end-time="2020-04-09 23:43:04Z" duration="0.002401" asserts="0" />
      </test-suite>
      <test-suite type="TestFixture" id="0-1364" name="SpecValidNotParsedIf" fullname="Kaitai.SpecValidNotParsedIf" classname="Kaitai.SpecValidNotParsedIf" runstate="Runnable" testcasecount="1" result="Passed" start-time="2020-04-09 23:43:04Z" end-time="2020-04-09 23:43:04Z" duration="0.004028" total="1" passed="1" failed="0" inconclusive="0" skipped="0" asserts="0">
        <test-case id="0-1365" name="TestValidNotParsedIf" fullname="Kaitai.SpecValidNotParsedIf.TestValidNotParsedIf" methodname="TestValidNotParsedIf" classname="Kaitai.SpecValidNotParsedIf" runstate="Runnable" seed="1214979120" result="Passed" start-time="2020-04-09 23:43:04Z" end-time="2020-04-09 23:43:04Z" duration="0.000839" asserts="0" />
      </test-suite>
      <test-suite type="TestFixture" id="0-1366" name="SpecValidShort" fullname="Kaitai.SpecValidShort" classname="Kaitai.SpecValidShort" runstate="Runnable" testcasecount="1" result="Passed" start-time="2020-04-09 23:43:04Z" end-time="2020-04-09 23:43:04Z" duration="0.005985" total="1" passed="1" failed="0" inconclusive="0" skipped="0" asserts="0">
        <test-case id="0-1367" name="TestValidShort" fullname="Kaitai.SpecValidShort.TestValidShort" methodname="TestValidShort" classname="Kaitai.SpecValidShort" runstate="Runnable" seed="343229168" result="Passed" start-time="2020-04-09 23:43:04Z" end-time="2020-04-09 23:43:04Z" duration="0.002428" asserts="0" />
      </test-suite>
      <test-suite type="TestFixture" id="0-1368" name="SpecValidSwitch" fullname="Kaitai.SpecValidSwitch" classname="Kaitai.SpecValidSwitch" runstate="Runnable" testcasecount="1" result="Passed" start-time="2020-04-09 23:43:04Z" end-time="2020-04-09 23:43:04Z" duration="0.004014" total="1" passed="1" failed="0" inconclusive="0" skipped="0" asserts="0">
        <test-case id="0-1369" name="TestValidSwitch" fullname="Kaitai.SpecValidSwitch.TestValidSwitch" methodname="TestValidSwitch" classname="Kaitai.SpecValidSwitch" runstate="Runnable" seed="410628544" result="Passed" start-time="2020-04-09 23:43:04Z" end-time="2020-04-09 23:43:04Z" duration="0.000862" asserts="0" />
      </test-suite>
      <test-suite type="TestFixture" id="0-1370" name="SpecZlibWithHeader78" fullname="Kaitai.SpecZlibWithHeader78" classname="Kaitai.SpecZlibWithHeader78" runstate="Runnable" testcasecount="1" result="Passed" start-time="2020-04-09 23:43:04Z" end-time="2020-04-09 23:43:04Z" duration="0.022000" total="1" passed="1" failed="0" inconclusive="0" skipped="0" asserts="1">
        <test-case id="0-1371" name="TestZlibWithHeader78" fullname="Kaitai.SpecZlibWithHeader78.TestZlibWithHeader78" methodname="TestZlibWithHeader78" classname="Kaitai.SpecZlibWithHeader78" runstate="Runnable" seed="2043341097" result="Passed" start-time="2020-04-09 23:43:04Z" end-time="2020-04-09 23:43:04Z" duration="0.018502" asserts="1" />
      </test-suite>
    </test-suite>
  </test-suite>
</test-run>