<?xml version="1.0" encoding="utf-8" standalone="no"?>
<test-run id="2" testcasecount="218" result="Failed" total="218" passed="217" failed="1" inconclusive="0" skipped="0" asserts="976" engine-version="3.4.1.0" clr-version="4.0.30319.42000" start-time="2023-07-23 22:34:40Z" end-time="2023-07-23 22:34:41Z" duration="1.630261">
  <command-line><![CDATA[/home/runner/work/ci_targets/ci_targets/tests/spec/csharp/packages/NUnit.ConsoleRunner.3.4.1/tools/nunit3-console.exe --result=test_out/csharp/TestResult.xml spec/csharp/kaitai_struct_csharp_tests/bin/Debug/kaitai_struct_csharp_tests.dll]]></command-line>
  <test-suite type="Assembly" id="0-1436" name="kaitai_struct_csharp_tests.dll" fullname="/home/runner/work/ci_targets/ci_targets/tests/spec/csharp/kaitai_struct_csharp_tests/bin/Debug/kaitai_struct_csharp_tests.dll" runstate="Runnable" testcasecount="218" result="Failed" site="Child" start-time="2023-07-23 22:34:40Z" end-time="2023-07-23 22:34:41Z" duration="1.511169" total="218" passed="217" failed="1" inconclusive="0" skipped="0" asserts="976">
    <environment framework-version="3.4.1.0" clr-version="4.0.30319.42000" os-version="Unix 5.15.0.1041" platform="Unix" cwd="/home/runner/work/ci_targets/ci_targets/tests" machine-name="fv-az571-153" user="runner" user-domain="fv-az571-153" culture="" uiculture="" os-architecture="x64" />
    <settings>
      <setting name="WorkDirectory" value="/home/runner/work/ci_targets/ci_targets/tests" />
      <setting name="ImageRuntimeVersion" value="4.0.30319" />
      <setting name="ImageTargetFrameworkName" value=".NETFramework,Version=v4.5" />
      <setting name="ImageRequiresX86" value="False" />
      <setting name="ImageRequiresDefaultAppDomainAssemblyResolver" value="False" />
      <setting name="NumberOfTestWorkers" value="2" />
    </settings>
    <properties>
      <property name="_PID" value="2693" />
      <property name="_APPDOMAIN" value="test-domain-" />
    </properties>
    <failure>
      <message><![CDATA[One or more child tests had errors]]></message>
    </failure>
    <test-suite type="TestSuite" id="0-1437" name="Kaitai" fullname="Kaitai" runstate="Runnable" testcasecount="218" result="Failed" site="Child" start-time="2023-07-23 22:34:40Z" end-time="2023-07-23 22:34:41Z" duration="1.495106" total="218" passed="217" failed="1" inconclusive="0" skipped="0" asserts="976">
      <failure>
        <message><![CDATA[One or more child tests had errors]]></message>
      </failure>
      <test-suite type="TestFixture" id="0-1000" name="SpecBcdUserTypeBe" fullname="Kaitai.SpecBcdUserTypeBe" classname="Kaitai.SpecBcdUserTypeBe" runstate="Runnable" testcasecount="1" result="Passed" start-time="2023-07-23 22:34:40Z" end-time="2023-07-23 22:34:40Z" duration="0.034700" total="1" passed="1" failed="0" inconclusive="0" skipped="0" asserts="6">
        <test-case id="0-1001" name="TestBcdUserTypeBe" fullname="Kaitai.SpecBcdUserTypeBe.TestBcdUserTypeBe" methodname="TestBcdUserTypeBe" classname="Kaitai.SpecBcdUserTypeBe" runstate="Runnable" seed="1818478290" result="Passed" start-time="2023-07-23 22:34:40Z" end-time="2023-07-23 22:34:40Z" duration="0.015740" asserts="6" />
      </test-suite>
      <test-suite type="TestFixture" id="0-1002" name="SpecBcdUserTypeLe" fullname="Kaitai.SpecBcdUserTypeLe" classname="Kaitai.SpecBcdUserTypeLe" runstate="Runnable" testcasecount="1" result="Passed" start-time="2023-07-23 22:34:40Z" end-time="2023-07-23 22:34:40Z" duration="0.005232" total="1" passed="1" failed="0" inconclusive="0" skipped="0" asserts="6">
        <test-case id="0-1003" name="TestBcdUserTypeLe" fullname="Kaitai.SpecBcdUserTypeLe.TestBcdUserTypeLe" methodname="TestBcdUserTypeLe" classname="Kaitai.SpecBcdUserTypeLe" runstate="Runnable" seed="1471166363" result="Passed" start-time="2023-07-23 22:34:40Z" end-time="2023-07-23 22:34:40Z" duration="0.002702" asserts="6" />
      </test-suite>
      <test-suite type="TestFixture" id="0-1004" name="SpecBitsByteAligned" fullname="Kaitai.SpecBitsByteAligned" classname="Kaitai.SpecBitsByteAligned" runstate="Runnable" testcasecount="1" result="Passed" start-time="2023-07-23 22:34:40Z" end-time="2023-07-23 22:34:40Z" duration="0.010478" total="1" passed="1" failed="0" inconclusive="0" skipped="0" asserts="9">
        <test-case id="0-1005" name="TestBitsByteAligned" fullname="Kaitai.SpecBitsByteAligned.TestBitsByteAligned" methodname="TestBitsByteAligned" classname="Kaitai.SpecBitsByteAligned" runstate="Runnable" seed="1478362834" result="Passed" start-time="2023-07-23 22:34:40Z" end-time="2023-07-23 22:34:40Z" duration="0.007522" asserts="9" />
      </test-suite>
      <test-suite type="TestFixture" id="0-1006" name="SpecBitsEnum" fullname="Kaitai.SpecBitsEnum" classname="Kaitai.SpecBitsEnum" runstate="Runnable" testcasecount="1" result="Passed" start-time="2023-07-23 22:34:40Z" end-time="2023-07-23 22:34:40Z" duration="0.003671" total="1" passed="1" failed="0" inconclusive="0" skipped="0" asserts="3">
        <test-case id="0-1007" name="TestBitsEnum" fullname="Kaitai.SpecBitsEnum.TestBitsEnum" methodname="TestBitsEnum" classname="Kaitai.SpecBitsEnum" runstate="Runnable" seed="1756582538" result="Passed" start-time="2023-07-23 22:34:40Z" end-time="2023-07-23 22:34:40Z" duration="0.000738" asserts="3" />
      </test-suite>
      <test-suite type="TestFixture" id="0-1008" name="SpecBitsSeqEndianCombo" fullname="Kaitai.SpecBitsSeqEndianCombo" classname="Kaitai.SpecBitsSeqEndianCombo" runstate="Runnable" testcasecount="1" result="Passed" start-time="2023-07-23 22:34:40Z" end-time="2023-07-23 22:34:40Z" duration="0.003945" total="1" passed="1" failed="0" inconclusive="0" skipped="0" asserts="8">
        <test-case id="0-1009" name="TestBitsSeqEndianCombo" fullname="Kaitai.SpecBitsSeqEndianCombo.TestBitsSeqEndianCombo" methodname="TestBitsSeqEndianCombo" classname="Kaitai.SpecBitsSeqEndianCombo" runstate="Runnable" seed="990557533" result="Passed" start-time="2023-07-23 22:34:40Z" end-time="2023-07-23 22:34:40Z" duration="0.000956" asserts="8" />
      </test-suite>
      <test-suite type="TestFixture" id="0-1010" name="SpecBitsShiftByB32Le" fullname="Kaitai.SpecBitsShiftByB32Le" classname="Kaitai.SpecBitsShiftByB32Le" runstate="Runnable" testcasecount="1" result="Passed" start-time="2023-07-23 22:34:40Z" end-time="2023-07-23 22:34:40Z" duration="0.002899" total="1" passed="1" failed="0" inconclusive="0" skipped="0" asserts="2">
        <test-case id="0-1011" name="TestBitsShiftByB32Le" fullname="Kaitai.SpecBitsShiftByB32Le.TestBitsShiftByB32Le" methodname="TestBitsShiftByB32Le" classname="Kaitai.SpecBitsShiftByB32Le" runstate="Runnable" seed="2014119052" result="Passed" start-time="2023-07-23 22:34:40Z" end-time="2023-07-23 22:34:40Z" duration="0.000478" asserts="2" />
      </test-suite>
      <test-suite type="TestFixture" id="0-1012" name="SpecBitsShiftByB64Le" fullname="Kaitai.SpecBitsShiftByB64Le" classname="Kaitai.SpecBitsShiftByB64Le" runstate="Runnable" testcasecount="1" result="Passed" start-time="2023-07-23 22:34:40Z" end-time="2023-07-23 22:34:40Z" duration="0.003952" total="1" passed="1" failed="0" inconclusive="0" skipped="0" asserts="2">
        <test-case id="0-1013" name="TestBitsShiftByB64Le" fullname="Kaitai.SpecBitsShiftByB64Le.TestBitsShiftByB64Le" methodname="TestBitsShiftByB64Le" classname="Kaitai.SpecBitsShiftByB64Le" runstate="Runnable" seed="1925170675" result="Passed" start-time="2023-07-23 22:34:40Z" end-time="2023-07-23 22:34:40Z" duration="0.001471" asserts="2" />
      </test-suite>
      <test-suite type="TestFixture" id="0-1014" name="SpecBitsSignedResB32Be" fullname="Kaitai.SpecBitsSignedResB32Be" classname="Kaitai.SpecBitsSignedResB32Be" runstate="Runnable" testcasecount="1" result="Passed" start-time="2023-07-23 22:34:40Z" end-time="2023-07-23 22:34:40Z" duration="0.002870" total="1" passed="1" failed="0" inconclusive="0" skipped="0" asserts="1">
        <test-case id="0-1015" name="TestBitsSignedResB32Be" fullname="Kaitai.SpecBitsSignedResB32Be.TestBitsSignedResB32Be" methodname="TestBitsSignedResB32Be" classname="Kaitai.SpecBitsSignedResB32Be" runstate="Runnable" seed="1466139445" result="Passed" start-time="2023-07-23 22:34:40Z" end-time="2023-07-23 22:34:40Z" duration="0.000391" asserts="1" />
      </test-suite>
      <test-suite type="TestFixture" id="0-1016" name="SpecBitsSignedResB32Le" fullname="Kaitai.SpecBitsSignedResB32Le" classname="Kaitai.SpecBitsSignedResB32Le" runstate="Runnable" testcasecount="1" result="Passed" start-time="2023-07-23 22:34:40Z" end-time="2023-07-23 22:34:40Z" duration="0.002811" total="1" passed="1" failed="0" inconclusive="0" skipped="0" asserts="1">
        <test-case id="0-1017" name="TestBitsSignedResB32Le" fullname="Kaitai.SpecBitsSignedResB32Le.TestBitsSignedResB32Le" methodname="TestBitsSignedResB32Le" classname="Kaitai.SpecBitsSignedResB32Le" runstate="Runnable" seed="787865464" result="Passed" start-time="2023-07-23 22:34:40Z" end-time="2023-07-23 22:34:40Z" duration="0.000373" asserts="1" />
      </test-suite>
      <test-suite type="TestFixture" id="0-1018" name="SpecBitsSignedShiftB32Le" fullname="Kaitai.SpecBitsSignedShiftB32Le" classname="Kaitai.SpecBitsSignedShiftB32Le" runstate="Runnable" testcasecount="1" result="Passed" start-time="2023-07-23 22:34:40Z" end-time="2023-07-23 22:34:40Z" duration="0.002964" total="1" passed="1" failed="0" inconclusive="0" skipped="0" asserts="2">
        <test-case id="0-1019" name="TestBitsSignedShiftB32Le" fullname="Kaitai.SpecBitsSignedShiftB32Le.TestBitsSignedShiftB32Le" methodname="TestBitsSignedShiftB32Le" classname="Kaitai.SpecBitsSignedShiftB32Le" runstate="Runnable" seed="372346718" result="Passed" start-time="2023-07-23 22:34:40Z" end-time="2023-07-23 22:34:40Z" duration="0.000514" asserts="2" />
      </test-suite>
      <test-suite type="TestFixture" id="0-1020" name="SpecBitsSignedShiftB64Le" fullname="Kaitai.SpecBitsSignedShiftB64Le" classname="Kaitai.SpecBitsSignedShiftB64Le" runstate="Runnable" testcasecount="1" result="Passed" start-time="2023-07-23 22:34:40Z" end-time="2023-07-23 22:34:40Z" duration="0.003054" total="1" passed="1" failed="0" inconclusive="0" skipped="0" asserts="2">
        <test-case id="0-1021" name="TestBitsSignedShiftB64Le" fullname="Kaitai.SpecBitsSignedShiftB64Le.TestBitsSignedShiftB64Le" methodname="TestBitsSignedShiftB64Le" classname="Kaitai.SpecBitsSignedShiftB64Le" runstate="Runnable" seed="1972351025" result="Passed" start-time="2023-07-23 22:34:40Z" end-time="2023-07-23 22:34:40Z" duration="0.000492" asserts="2" />
      </test-suite>
      <test-suite type="TestFixture" id="0-1022" name="SpecBitsSimple" fullname="Kaitai.SpecBitsSimple" classname="Kaitai.SpecBitsSimple" runstate="Runnable" testcasecount="1" result="Passed" start-time="2023-07-23 22:34:40Z" end-time="2023-07-23 22:34:40Z" duration="0.007413" total="1" passed="1" failed="0" inconclusive="0" skipped="0" asserts="14">
        <test-case id="0-1023" name="TestBitsSimple" fullname="Kaitai.SpecBitsSimple.TestBitsSimple" methodname="TestBitsSimple" classname="Kaitai.SpecBitsSimple" runstate="Runnable" seed="1767173695" result="Passed" start-time="2023-07-23 22:34:40Z" end-time="2023-07-23 22:34:40Z" duration="0.002313" asserts="14" />
      </test-suite>
      <test-suite type="TestFixture" id="0-1024" name="SpecBitsSimpleLe" fullname="Kaitai.SpecBitsSimpleLe" classname="Kaitai.SpecBitsSimpleLe" runstate="Runnable" testcasecount="1" result="Passed" start-time="2023-07-23 22:34:40Z" end-time="2023-07-23 22:34:40Z" duration="0.004091" total="1" passed="1" failed="0" inconclusive="0" skipped="0" asserts="14">
        <test-case id="0-1025" name="TestBitsSimpleLe" fullname="Kaitai.SpecBitsSimpleLe.TestBitsSimpleLe" methodname="TestBitsSimpleLe" classname="Kaitai.SpecBitsSimpleLe" runstate="Runnable" seed="1605542455" result="Passed" start-time="2023-07-23 22:34:40Z" end-time="2023-07-23 22:34:40Z" duration="0.001600" asserts="14" />
      </test-suite>
      <test-suite type="TestFixture" id="0-1026" name="SpecBitsUnalignedB32Be" fullname="Kaitai.SpecBitsUnalignedB32Be" classname="Kaitai.SpecBitsUnalignedB32Be" runstate="Runnable" testcasecount="1" result="Passed" start-time="2023-07-23 22:34:40Z" end-time="2023-07-23 22:34:40Z" duration="0.003041" total="1" passed="1" failed="0" inconclusive="0" skipped="0" asserts="3">
        <test-case id="0-1027" name="TestBitsUnalignedB32Be" fullname="Kaitai.SpecBitsUnalignedB32Be.TestBitsUnalignedB32Be" methodname="TestBitsUnalignedB32Be" classname="Kaitai.SpecBitsUnalignedB32Be" runstate="Runnable" seed="1372647073" result="Passed" start-time="2023-07-23 22:34:40Z" end-time="2023-07-23 22:34:40Z" duration="0.000504" asserts="3" />
      </test-suite>
      <test-suite type="TestFixture" id="0-1028" name="SpecBitsUnalignedB32Le" fullname="Kaitai.SpecBitsUnalignedB32Le" classname="Kaitai.SpecBitsUnalignedB32Le" runstate="Runnable" testcasecount="1" result="Passed" start-time="2023-07-23 22:34:40Z" end-time="2023-07-23 22:34:40Z" duration="0.003087" total="1" passed="1" failed="0" inconclusive="0" skipped="0" asserts="3">
        <test-case id="0-1029" name="TestBitsUnalignedB32Le" fullname="Kaitai.SpecBitsUnalignedB32Le.TestBitsUnalignedB32Le" methodname="TestBitsUnalignedB32Le" classname="Kaitai.SpecBitsUnalignedB32Le" runstate="Runnable" seed="672215514" result="Passed" start-time="2023-07-23 22:34:40Z" end-time="2023-07-23 22:34:40Z" duration="0.000559" asserts="3" />
      </test-suite>
      <test-suite type="TestFixture" id="0-1030" name="SpecBitsUnalignedB64Be" fullname="Kaitai.SpecBitsUnalignedB64Be" classname="Kaitai.SpecBitsUnalignedB64Be" runstate="Runnable" testcasecount="1" result="Passed" start-time="2023-07-23 22:34:40Z" end-time="2023-07-23 22:34:40Z" duration="0.003080" total="1" passed="1" failed="0" inconclusive="0" skipped="0" asserts="3">
        <test-case id="0-1031" name="TestBitsUnalignedB64Be" fullname="Kaitai.SpecBitsUnalignedB64Be.TestBitsUnalignedB64Be" methodname="TestBitsUnalignedB64Be" classname="Kaitai.SpecBitsUnalignedB64Be" runstate="Runnable" seed="250110108" result="Passed" start-time="2023-07-23 22:34:40Z" end-time="2023-07-23 22:34:40Z" duration="0.000590" asserts="3" />
      </test-suite>
      <test-suite type="TestFixture" id="0-1032" name="SpecBitsUnalignedB64Le" fullname="Kaitai.SpecBitsUnalignedB64Le" classname="Kaitai.SpecBitsUnalignedB64Le" runstate="Runnable" testcasecount="1" result="Passed" start-time="2023-07-23 22:34:40Z" end-time="2023-07-23 22:34:40Z" duration="0.003163" total="1" passed="1" failed="0" inconclusive="0" skipped="0" asserts="3">
        <test-case id="0-1033" name="TestBitsUnalignedB64Le" fullname="Kaitai.SpecBitsUnalignedB64Le.TestBitsUnalignedB64Le" methodname="TestBitsUnalignedB64Le" classname="Kaitai.SpecBitsUnalignedB64Le" runstate="Runnable" seed="1981763742" result="Passed" start-time="2023-07-23 22:34:40Z" end-time="2023-07-23 22:34:40Z" duration="0.000555" asserts="3" />
      </test-suite>
      <test-suite type="TestFixture" id="0-1034" name="SpecBufferedStruct" fullname="Kaitai.SpecBufferedStruct" classname="Kaitai.SpecBufferedStruct" runstate="Runnable" testcasecount="1" result="Passed" start-time="2023-07-23 22:34:40Z" end-time="2023-07-23 22:34:40Z" duration="0.004103" total="1" passed="1" failed="0" inconclusive="0" skipped="0" asserts="7">
        <test-case id="0-1035" name="TestBufferedStruct" fullname="Kaitai.SpecBufferedStruct.TestBufferedStruct" methodname="TestBufferedStruct" classname="Kaitai.SpecBufferedStruct" runstate="Runnable" seed="2130542646" result="Passed" start-time="2023-07-23 22:34:40Z" end-time="2023-07-23 22:34:40Z" duration="0.001576" asserts="7" />
      </test-suite>
      <test-suite type="TestFixture" id="0-1036" name="SpecBytesPadTerm" fullname="Kaitai.SpecBytesPadTerm" classname="Kaitai.SpecBytesPadTerm" runstate="Runnable" testcasecount="1" result="Passed" start-time="2023-07-23 22:34:40Z" end-time="2023-07-23 22:34:40Z" duration="0.003331" total="1" passed="1" failed="0" inconclusive="0" skipped="0" asserts="4">
        <test-case id="0-1037" name="TestBytesPadTerm" fullname="Kaitai.SpecBytesPadTerm.TestBytesPadTerm" methodname="TestBytesPadTerm" classname="Kaitai.SpecBytesPadTerm" runstate="Runnable" seed="54072189" result="Passed" start-time="2023-07-23 22:34:40Z" end-time="2023-07-23 22:34:40Z" duration="0.000789" asserts="4" />
      </test-suite>
      <test-suite type="TestFixture" id="0-1038" name="SpecCastNested" fullname="Kaitai.SpecCastNested" classname="Kaitai.SpecCastNested" runstate="Runnable" testcasecount="1" result="Passed" start-time="2023-07-23 22:34:40Z" end-time="2023-07-23 22:34:40Z" duration="0.024950" total="1" passed="1" failed="0" inconclusive="0" skipped="0" asserts="4">
        <test-case id="0-1039" name="TestCastNested" fullname="Kaitai.SpecCastNested.TestCastNested" methodname="TestCastNested" classname="Kaitai.SpecCastNested" runstate="Runnable" seed="506949549" result="Passed" start-time="2023-07-23 22:34:40Z" end-time="2023-07-23 22:34:40Z" duration="0.022380" asserts="4" />
      </test-suite>
      <test-suite type="TestFixture" id="0-1040" name="SpecCastToImported" fullname="Kaitai.SpecCastToImported" classname="Kaitai.SpecCastToImported" runstate="Runnable" testcasecount="1" result="Passed" start-time="2023-07-23 22:34:40Z" end-time="2023-07-23 22:34:40Z" duration="0.004672" total="1" passed="1" failed="0" inconclusive="0" skipped="0" asserts="2">
        <test-case id="0-1041" name="TestCastToImported" fullname="Kaitai.SpecCastToImported.TestCastToImported" methodname="TestCastToImported" classname="Kaitai.SpecCastToImported" runstate="Runnable" seed="1371879096" result="Passed" start-time="2023-07-23 22:34:40Z" end-time="2023-07-23 22:34:40Z" duration="0.002061" asserts="2" />
      </test-suite>
      <test-suite type="TestFixture" id="0-1042" name="SpecCastToTop" fullname="Kaitai.SpecCastToTop" classname="Kaitai.SpecCastToTop" runstate="Runnable" testcasecount="1" result="Passed" start-time="2023-07-23 22:34:40Z" end-time="2023-07-23 22:34:40Z" duration="0.003821" total="1" passed="1" failed="0" inconclusive="0" skipped="0" asserts="3">
        <test-case id="0-1043" name="TestCastToTop" fullname="Kaitai.SpecCastToTop.TestCastToTop" methodname="TestCastToTop" classname="Kaitai.SpecCastToTop" runstate="Runnable" seed="185683829" result="Passed" start-time="2023-07-23 22:34:40Z" end-time="2023-07-23 22:34:40Z" duration="0.001259" asserts="3" />
      </test-suite>
      <test-suite type="TestFixture" id="0-1044" name="SpecCombineBool" fullname="Kaitai.SpecCombineBool" classname="Kaitai.SpecCombineBool" runstate="Runnable" testcasecount="1" result="Passed" start-time="2023-07-23 22:34:40Z" end-time="2023-07-23 22:34:40Z" duration="0.003145" total="1" passed="1" failed="0" inconclusive="0" skipped="0" asserts="2">
        <test-case id="0-1045" name="TestCombineBool" fullname="Kaitai.SpecCombineBool.TestCombineBool" methodname="TestCombineBool" classname="Kaitai.SpecCombineBool" runstate="Runnable" seed="826866389" result="Passed" start-time="2023-07-23 22:34:40Z" end-time="2023-07-23 22:34:40Z" duration="0.000599" asserts="2" />
      </test-suite>
      <test-suite type="TestFixture" id="0-1046" name="SpecCombineBytes" fullname="Kaitai.SpecCombineBytes" classname="Kaitai.SpecCombineBytes" runstate="Runnable" testcasecount="1" result="Passed" start-time="2023-07-23 22:34:40Z" end-time="2023-07-23 22:34:40Z" duration="0.003855" total="1" passed="1" failed="0" inconclusive="0" skipped="0" asserts="10">
        <test-case id="0-1047" name="TestCombineBytes" fullname="Kaitai.SpecCombineBytes.TestCombineBytes" methodname="TestCombineBytes" classname="Kaitai.SpecCombineBytes" runstate="Runnable" seed="22393439" result="Passed" start-time="2023-07-23 22:34:40Z" end-time="2023-07-23 22:34:40Z" duration="0.001346" asserts="10" />
      </test-suite>
      <test-suite type="TestFixture" id="0-1048" name="SpecCombineEnum" fullname="Kaitai.SpecCombineEnum" classname="Kaitai.SpecCombineEnum" runstate="Runnable" testcasecount="1" result="Passed" start-time="2023-07-23 22:34:40Z" end-time="2023-07-23 22:34:40Z" duration="0.003115" total="1" passed="1" failed="0" inconclusive="0" skipped="0" asserts="3">
        <test-case id="0-1049" name="TestCombineEnum" fullname="Kaitai.SpecCombineEnum.TestCombineEnum" methodname="TestCombineEnum" classname="Kaitai.SpecCombineEnum" runstate="Runnable" seed="2090706217" result="Passed" start-time="2023-07-23 22:34:40Z" end-time="2023-07-23 22:34:40Z" duration="0.000698" asserts="3" />
      </test-suite>
      <test-suite type="TestFixture" id="0-1050" name="SpecCombineStr" fullname="Kaitai.SpecCombineStr" classname="Kaitai.SpecCombineStr" runstate="Runnable" testcasecount="1" result="Passed" start-time="2023-07-23 22:34:40Z" end-time="2023-07-23 22:34:40Z" duration="0.004005" total="1" passed="1" failed="0" inconclusive="0" skipped="0" asserts="15">
        <test-case id="0-1051" name="TestCombineStr" fullname="Kaitai.SpecCombineStr.TestCombineStr" methodname="TestCombineStr" classname="Kaitai.SpecCombineStr" runstate="Runnable" seed="1091696338" result="Passed" start-time="2023-07-23 22:34:40Z" end-time="2023-07-23 22:34:40Z" duration="0.001518" asserts="15" />
      </test-suite>
      <test-suite type="TestFixture" id="0-1052" name="SpecDebug0" fullname="Kaitai.SpecDebug0" classname="Kaitai.SpecDebug0" runstate="Runnable" testcasecount="1" result="Passed" start-time="2023-07-23 22:34:40Z" end-time="2023-07-23 22:34:40Z" duration="0.002689" total="1" passed="1" failed="0" inconclusive="0" skipped="0" asserts="0">
        <test-case id="0-1053" name="TestDebug0" fullname="Kaitai.SpecDebug0.TestDebug0" methodname="TestDebug0" classname="Kaitai.SpecDebug0" runstate="Runnable" seed="1653469063" result="Passed" start-time="2023-07-23 22:34:40Z" end-time="2023-07-23 22:34:40Z" duration="0.000076" asserts="0" />
      </test-suite>
      <test-suite type="TestFixture" id="0-1054" name="SpecDebugArrayUser" fullname="Kaitai.SpecDebugArrayUser" classname="Kaitai.SpecDebugArrayUser" runstate="Runnable" testcasecount="1" result="Passed" start-time="2023-07-23 22:34:40Z" end-time="2023-07-23 22:34:40Z" duration="0.003532" total="1" passed="1" failed="0" inconclusive="0" skipped="0" asserts="4">
        <test-case id="0-1055" name="TestDebugArrayUser" fullname="Kaitai.SpecDebugArrayUser.TestDebugArrayUser" methodname="TestDebugArrayUser" classname="Kaitai.SpecDebugArrayUser" runstate="Runnable" seed="1843122335" result="Passed" start-time="2023-07-23 22:34:40Z" end-time="2023-07-23 22:34:40Z" duration="0.001045" asserts="4" />
      </test-suite>
      <test-suite type="TestFixture" id="0-1056" name="SpecDebugEnumName" fullname="Kaitai.SpecDebugEnumName" classname="Kaitai.SpecDebugEnumName" runstate="Runnable" testcasecount="1" result="Passed" start-time="2023-07-23 22:34:40Z" end-time="2023-07-23 22:34:40Z" duration="0.002593" total="1" passed="1" failed="0" inconclusive="0" skipped="0" asserts="0">
        <test-case id="0-1057" name="TestDebugEnumName" fullname="Kaitai.SpecDebugEnumName.TestDebugEnumName" methodname="TestDebugEnumName" classname="Kaitai.SpecDebugEnumName" runstate="Runnable" seed="1980105164" result="Passed" start-time="2023-07-23 22:34:40Z" end-time="2023-07-23 22:34:40Z" duration="0.000078" asserts="0" />
      </test-suite>
      <test-suite type="TestFixture" id="0-1058" name="SpecDebugSwitchUser" fullname="Kaitai.SpecDebugSwitchUser" classname="Kaitai.SpecDebugSwitchUser" runstate="Runnable" testcasecount="1" result="Passed" start-time="2023-07-23 22:34:40Z" end-time="2023-07-23 22:34:40Z" duration="0.003153" total="1" passed="1" failed="0" inconclusive="0" skipped="0" asserts="2">
        <test-case id="0-1059" name="TestDebugSwitchUser" fullname="Kaitai.SpecDebugSwitchUser.TestDebugSwitchUser" methodname="TestDebugSwitchUser" classname="Kaitai.SpecDebugSwitchUser" runstate="Runnable" seed="1226630931" result="Passed" start-time="2023-07-23 22:34:40Z" end-time="2023-07-23 22:34:40Z" duration="0.000660" asserts="2" />
      </test-suite>
      <test-suite type="TestFixture" id="0-1060" name="SpecDefaultBigEndian" fullname="Kaitai.SpecDefaultBigEndian" classname="Kaitai.SpecDefaultBigEndian" runstate="Runnable" testcasecount="1" result="Passed" start-time="2023-07-23 22:34:40Z" end-time="2023-07-23 22:34:40Z" duration="0.002921" total="1" passed="1" failed="0" inconclusive="0" skipped="0" asserts="1">
        <test-case id="0-1061" name="TestDefaultBigEndian" fullname="Kaitai.SpecDefaultBigEndian.TestDefaultBigEndian" methodname="TestDefaultBigEndian" classname="Kaitai.SpecDefaultBigEndian" runstate="Runnable" seed="1174548472" result="Passed" start-time="2023-07-23 22:34:40Z" end-time="2023-07-23 22:34:40Z" duration="0.000441" asserts="1" />
      </test-suite>
      <test-suite type="TestFixture" id="0-1062" name="SpecDefaultBitEndianMod" fullname="Kaitai.SpecDefaultBitEndianMod" classname="Kaitai.SpecDefaultBitEndianMod" runstate="Runnable" testcasecount="1" result="Passed" start-time="2023-07-23 22:34:40Z" end-time="2023-07-23 22:34:40Z" duration="0.003345" total="1" passed="1" failed="0" inconclusive="0" skipped="0" asserts="4">
        <test-case id="0-1063" name="TestDefaultBitEndianMod" fullname="Kaitai.SpecDefaultBitEndianMod.TestDefaultBitEndianMod" methodname="TestDefaultBitEndianMod" classname="Kaitai.SpecDefaultBitEndianMod" runstate="Runnable" seed="818632550" result="Passed" start-time="2023-07-23 22:34:40Z" end-time="2023-07-23 22:34:40Z" duration="0.000757" asserts="4" />
      </test-suite>
      <test-suite type="TestFixture" id="0-1064" name="SpecDefaultEndianExprException" fullname="Kaitai.SpecDefaultEndianExprException" classname="Kaitai.SpecDefaultEndianExprException" runstate="Runnable" testcasecount="1" result="Passed" start-time="2023-07-23 22:34:40Z" end-time="2023-07-23 22:34:40Z" duration="0.007166" total="1" passed="1" failed="0" inconclusive="0" skipped="0" asserts="1">
        <test-case id="0-1065" name="TestDefaultEndianExprException" fullname="Kaitai.SpecDefaultEndianExprException.TestDefaultEndianExprException" methodname="TestDefaultEndianExprException" classname="Kaitai.SpecDefaultEndianExprException" runstate="Runnable" seed="561550822" result="Passed" start-time="2023-07-23 22:34:40Z" end-time="2023-07-23 22:34:40Z" duration="0.004654" asserts="1" />
      </test-suite>
      <test-suite type="TestFixture" id="0-1066" name="SpecDefaultEndianExprInherited" fullname="Kaitai.SpecDefaultEndianExprInherited" classname="Kaitai.SpecDefaultEndianExprInherited" runstate="Runnable" testcasecount="1" result="Passed" start-time="2023-07-23 22:34:40Z" end-time="2023-07-23 22:34:40Z" duration="0.005989" total="1" passed="1" failed="0" inconclusive="0" skipped="0" asserts="15">
        <test-case id="0-1067" name="TestDefaultEndianExprInherited" fullname="Kaitai.SpecDefaultEndianExprInherited.TestDefaultEndianExprInherited" methodname="TestDefaultEndianExprInherited" classname="Kaitai.SpecDefaultEndianExprInherited" runstate="Runnable" seed="1419635315" result="Passed" start-time="2023-07-23 22:34:40Z" end-time="2023-07-23 22:34:40Z" duration="0.003549" asserts="15" />
      </test-suite>
      <test-suite type="TestFixture" id="0-1068" name="SpecDefaultEndianExprIsBe" fullname="Kaitai.SpecDefaultEndianExprIsBe" classname="Kaitai.SpecDefaultEndianExprIsBe" runstate="Runnable" testcasecount="1" result="Passed" start-time="2023-07-23 22:34:40Z" end-time="2023-07-23 22:34:40Z" duration="0.005413" total="1" passed="1" failed="0" inconclusive="0" skipped="0" asserts="18">
        <test-case id="0-1069" name="TestDefaultEndianExprIsBe" fullname="Kaitai.SpecDefaultEndianExprIsBe.TestDefaultEndianExprIsBe" methodname="TestDefaultEndianExprIsBe" classname="Kaitai.SpecDefaultEndianExprIsBe" runstate="Runnable" seed="101534684" result="Passed" start-time="2023-07-23 22:34:40Z" end-time="2023-07-23 22:34:40Z" duration="0.002818" asserts="18" />
      </test-suite>
      <test-suite type="TestFixture" id="0-1070" name="SpecDefaultEndianExprIsLe" fullname="Kaitai.SpecDefaultEndianExprIsLe" classname="Kaitai.SpecDefaultEndianExprIsLe" runstate="Runnable" testcasecount="1" result="Passed" start-time="2023-07-23 22:34:40Z" end-time="2023-07-23 22:34:40Z" duration="0.004177" total="1" passed="1" failed="0" inconclusive="0" skipped="0" asserts="12">
        <test-case id="0-1071" name="TestDefaultEndianExprIsLe" fullname="Kaitai.SpecDefaultEndianExprIsLe.TestDefaultEndianExprIsLe" methodname="TestDefaultEndianExprIsLe" classname="Kaitai.SpecDefaultEndianExprIsLe" runstate="Runnable" seed="1769924857" result="Passed" start-time="2023-07-23 22:34:40Z" end-time="2023-07-23 22:34:40Z" duration="0.001633" asserts="12" />
      </test-suite>
      <test-suite type="TestFixture" id="0-1072" name="SpecDefaultEndianMod" fullname="Kaitai.SpecDefaultEndianMod" classname="Kaitai.SpecDefaultEndianMod" runstate="Runnable" testcasecount="1" result="Passed" start-time="2023-07-23 22:34:40Z" end-time="2023-07-23 22:34:40Z" duration="0.003611" total="1" passed="1" failed="0" inconclusive="0" skipped="0" asserts="3">
        <test-case id="0-1073" name="TestDefaultEndianMod" fullname="Kaitai.SpecDefaultEndianMod.TestDefaultEndianMod" methodname="TestDefaultEndianMod" classname="Kaitai.SpecDefaultEndianMod" runstate="Runnable" seed="1236774616" result="Passed" start-time="2023-07-23 22:34:40Z" end-time="2023-07-23 22:34:40Z" duration="0.001103" asserts="3" />
      </test-suite>
      <test-suite type="TestFixture" id="0-1074" name="SpecDocstrings" fullname="Kaitai.SpecDocstrings" classname="Kaitai.SpecDocstrings" runstate="Runnable" testcasecount="1" result="Passed" start-time="2023-07-23 22:34:40Z" end-time="2023-07-23 22:34:40Z" duration="0.002831" total="1" passed="1" failed="0" inconclusive="0" skipped="0" asserts="0">
        <test-case id="0-1075" name="TestDocstrings" fullname="Kaitai.SpecDocstrings.TestDocstrings" methodname="TestDocstrings" classname="Kaitai.SpecDocstrings" runstate="Runnable" seed="1313406159" result="Passed" start-time="2023-07-23 22:34:40Z" end-time="2023-07-23 22:34:40Z" duration="0.000340" asserts="0" />
      </test-suite>
      <test-suite type="TestFixture" id="0-1076" name="SpecDocstringsDocref" fullname="Kaitai.SpecDocstringsDocref" classname="Kaitai.SpecDocstringsDocref" runstate="Runnable" testcasecount="1" result="Passed" start-time="2023-07-23 22:34:40Z" end-time="2023-07-23 22:34:40Z" duration="0.002862" total="1" passed="1" failed="0" inconclusive="0" skipped="0" asserts="0">
        <test-case id="0-1077" name="TestDocstringsDocref" fullname="Kaitai.SpecDocstringsDocref.TestDocstringsDocref" methodname="TestDocstringsDocref" classname="Kaitai.SpecDocstringsDocref" runstate="Runnable" seed="402557706" result="Passed" start-time="2023-07-23 22:34:40Z" end-time="2023-07-23 22:34:40Z" duration="0.000439" asserts="0" />
      </test-suite>
      <test-suite type="TestFixture" id="0-1078" name="SpecDocstringsDocrefMulti" fullname="Kaitai.SpecDocstringsDocrefMulti" classname="Kaitai.SpecDocstringsDocrefMulti" runstate="Runnable" testcasecount="1" result="Passed" start-time="2023-07-23 22:34:40Z" end-time="2023-07-23 22:34:40Z" duration="0.002753" total="1" passed="1" failed="0" inconclusive="0" skipped="0" asserts="0">
        <test-case id="0-1079" name="TestDocstringsDocrefMulti" fullname="Kaitai.SpecDocstringsDocrefMulti.TestDocstringsDocrefMulti" methodname="TestDocstringsDocrefMulti" classname="Kaitai.SpecDocstringsDocrefMulti" runstate="Runnable" seed="462188233" result="Passed" start-time="2023-07-23 22:34:40Z" end-time="2023-07-23 22:34:40Z" duration="0.000282" asserts="0" />
      </test-suite>
      <test-suite type="TestFixture" id="0-1080" name="SpecEnum0" fullname="Kaitai.SpecEnum0" classname="Kaitai.SpecEnum0" runstate="Runnable" testcasecount="1" result="Passed" start-time="2023-07-23 22:34:40Z" end-time="2023-07-23 22:34:40Z" duration="0.002926" total="1" passed="1" failed="0" inconclusive="0" skipped="0" asserts="2">
        <test-case id="0-1081" name="TestEnum0" fullname="Kaitai.SpecEnum0.TestEnum0" methodname="TestEnum0" classname="Kaitai.SpecEnum0" runstate="Runnable" seed="783312329" result="Passed" start-time="2023-07-23 22:34:40Z" end-time="2023-07-23 22:34:40Z" duration="0.000439" asserts="2" />
      </test-suite>
      <test-suite type="TestFixture" id="0-1082" name="SpecEnum1" fullname="Kaitai.SpecEnum1" classname="Kaitai.SpecEnum1" runstate="Runnable" testcasecount="1" result="Passed" start-time="2023-07-23 22:34:40Z" end-time="2023-07-23 22:34:40Z" duration="0.003096" total="1" passed="1" failed="0" inconclusive="0" skipped="0" asserts="2">
        <test-case id="0-1083" name="TestEnum1" fullname="Kaitai.SpecEnum1.TestEnum1" methodname="TestEnum1" classname="Kaitai.SpecEnum1" runstate="Runnable" seed="784679875" result="Passed" start-time="2023-07-23 22:34:40Z" end-time="2023-07-23 22:34:40Z" duration="0.000631" asserts="2" />
      </test-suite>
      <test-suite type="TestFixture" id="0-1084" name="SpecEnumDeep" fullname="Kaitai.SpecEnumDeep" classname="Kaitai.SpecEnumDeep" runstate="Runnable" testcasecount="1" result="Passed" start-time="2023-07-23 22:34:40Z" end-time="2023-07-23 22:34:40Z" duration="0.002987" total="1" passed="1" failed="0" inconclusive="0" skipped="0" asserts="2">
        <test-case id="0-1085" name="TestEnumDeep" fullname="Kaitai.SpecEnumDeep.TestEnumDeep" methodname="TestEnumDeep" classname="Kaitai.SpecEnumDeep" runstate="Runnable" seed="685512936" result="Passed" start-time="2023-07-23 22:34:40Z" end-time="2023-07-23 22:34:40Z" duration="0.000429" asserts="2" />
      </test-suite>
      <test-suite type="TestFixture" id="0-1086" name="SpecEnumDeepLiterals" fullname="Kaitai.SpecEnumDeepLiterals" classname="Kaitai.SpecEnumDeepLiterals" runstate="Runnable" testcasecount="1" result="Passed" start-time="2023-07-23 22:34:40Z" end-time="2023-07-23 22:34:40Z" duration="0.003031" total="1" passed="1" failed="0" inconclusive="0" skipped="0" asserts="2">
        <test-case id="0-1087" name="TestEnumDeepLiterals" fullname="Kaitai.SpecEnumDeepLiterals.TestEnumDeepLiterals" methodname="TestEnumDeepLiterals" classname="Kaitai.SpecEnumDeepLiterals" runstate="Runnable" seed="890308874" result="Passed" start-time="2023-07-23 22:34:40Z" end-time="2023-07-23 22:34:40Z" duration="0.000558" asserts="2" />
      </test-suite>
      <test-suite type="TestFixture" id="0-1088" name="SpecEnumFancy" fullname="Kaitai.SpecEnumFancy" classname="Kaitai.SpecEnumFancy" runstate="Runnable" testcasecount="1" result="Passed" start-time="2023-07-23 22:34:40Z" end-time="2023-07-23 22:34:40Z" duration="0.002985" total="1" passed="1" failed="0" inconclusive="0" skipped="0" asserts="2">
        <test-case id="0-1089" name="TestEnumFancy" fullname="Kaitai.SpecEnumFancy.TestEnumFancy" methodname="TestEnumFancy" classname="Kaitai.SpecEnumFancy" runstate="Runnable" seed="1808329804" result="Passed" start-time="2023-07-23 22:34:40Z" end-time="2023-07-23 22:34:40Z" duration="0.000459" asserts="2" />
      </test-suite>
      <test-suite type="TestFixture" id="0-1090" name="SpecEnumForUnknownId" fullname="Kaitai.SpecEnumForUnknownId" classname="Kaitai.SpecEnumForUnknownId" runstate="Runnable" testcasecount="1" result="Passed" start-time="2023-07-23 22:34:40Z" end-time="2023-07-23 22:34:40Z" duration="0.002923" total="1" passed="1" failed="0" inconclusive="0" skipped="0" asserts="1">
        <test-case id="0-1091" name="TestEnumForUnknownId" fullname="Kaitai.SpecEnumForUnknownId.TestEnumForUnknownId" methodname="TestEnumForUnknownId" classname="Kaitai.SpecEnumForUnknownId" runstate="Runnable" seed="1074094723" result="Passed" start-time="2023-07-23 22:34:40Z" end-time="2023-07-23 22:34:40Z" duration="0.000446" asserts="1" />
      </test-suite>
      <test-suite type="TestFixture" id="0-1092" name="SpecEnumIf" fullname="Kaitai.SpecEnumIf" classname="Kaitai.SpecEnumIf" runstate="Runnable" testcasecount="1" result="Passed" start-time="2023-07-23 22:34:40Z" end-time="2023-07-23 22:34:40Z" duration="0.003687" total="1" passed="1" failed="0" inconclusive="0" skipped="0" asserts="7">
        <test-case id="0-1093" name="TestEnumIf" fullname="Kaitai.SpecEnumIf.TestEnumIf" methodname="TestEnumIf" classname="Kaitai.SpecEnumIf" runstate="Runnable" seed="1616298613" result="Passed" start-time="2023-07-23 22:34:40Z" end-time="2023-07-23 22:34:40Z" duration="0.001241" asserts="7" />
      </test-suite>
      <test-suite type="TestFixture" id="0-1094" name="SpecEnumImport" fullname="Kaitai.SpecEnumImport" classname="Kaitai.SpecEnumImport" runstate="Runnable" testcasecount="1" result="Passed" start-time="2023-07-23 22:34:40Z" end-time="2023-07-23 22:34:40Z" duration="0.002946" total="1" passed="1" failed="0" inconclusive="0" skipped="0" asserts="2">
        <test-case id="0-1095" name="TestEnumImport" fullname="Kaitai.SpecEnumImport.TestEnumImport" methodname="TestEnumImport" classname="Kaitai.SpecEnumImport" runstate="Runnable" seed="1691813160" result="Passed" start-time="2023-07-23 22:34:40Z" end-time="2023-07-23 22:34:40Z" duration="0.000467" asserts="2" />
      </test-suite>
      <test-suite type="TestFixture" id="0-1096" name="SpecEnumIntRangeS" fullname="Kaitai.SpecEnumIntRangeS" classname="Kaitai.SpecEnumIntRangeS" runstate="Runnable" testcasecount="1" result="Passed" start-time="2023-07-23 22:34:40Z" end-time="2023-07-23 22:34:40Z" duration="0.002956" total="1" passed="1" failed="0" inconclusive="0" skipped="0" asserts="3">
        <test-case id="0-1097" name="TestEnumIntRangeS" fullname="Kaitai.SpecEnumIntRangeS.TestEnumIntRangeS" methodname="TestEnumIntRangeS" classname="Kaitai.SpecEnumIntRangeS" runstate="Runnable" seed="476640089" result="Passed" start-time="2023-07-23 22:34:40Z" end-time="2023-07-23 22:34:40Z" duration="0.000480" asserts="3" />
      </test-suite>
      <test-suite type="TestFixture" id="0-1098" name="SpecEnumInvalid" fullname="Kaitai.SpecEnumInvalid" classname="Kaitai.SpecEnumInvalid" runstate="Runnable" testcasecount="1" result="Passed" start-time="2023-07-23 22:34:40Z" end-time="2023-07-23 22:34:40Z" duration="0.003009" total="1" passed="1" failed="0" inconclusive="0" skipped="0" asserts="2">
        <test-case id="0-1099" name="TestEnumInvalid" fullname="Kaitai.SpecEnumInvalid.TestEnumInvalid" methodname="TestEnumInvalid" classname="Kaitai.SpecEnumInvalid" runstate="Runnable" seed="1493409879" result="Passed" start-time="2023-07-23 22:34:40Z" end-time="2023-07-23 22:34:40Z" duration="0.000537" asserts="2" />
      </test-suite>
      <test-suite type="TestFixture" id="0-1100" name="SpecEnumNegative" fullname="Kaitai.SpecEnumNegative" classname="Kaitai.SpecEnumNegative" runstate="Runnable" testcasecount="1" result="Passed" start-time="2023-07-23 22:34:40Z" end-time="2023-07-23 22:34:40Z" duration="0.003065" total="1" passed="1" failed="0" inconclusive="0" skipped="0" asserts="2">
        <test-case id="0-1101" name="TestEnumNegative" fullname="Kaitai.SpecEnumNegative.TestEnumNegative" methodname="TestEnumNegative" classname="Kaitai.SpecEnumNegative" runstate="Runnable" seed="1697576055" result="Passed" start-time="2023-07-23 22:34:40Z" end-time="2023-07-23 22:34:40Z" duration="0.000574" asserts="2" />
      </test-suite>
      <test-suite type="TestFixture" id="0-1102" name="SpecEnumOfValueInst" fullname="Kaitai.SpecEnumOfValueInst" classname="Kaitai.SpecEnumOfValueInst" runstate="Runnable" testcasecount="1" result="Passed" start-time="2023-07-23 22:34:40Z" end-time="2023-07-23 22:34:40Z" duration="0.003186" total="1" passed="1" failed="0" inconclusive="0" skipped="0" asserts="4">
        <test-case id="0-1103" name="TestEnumOfValueInst" fullname="Kaitai.SpecEnumOfValueInst.TestEnumOfValueInst" methodname="TestEnumOfValueInst" classname="Kaitai.SpecEnumOfValueInst" runstate="Runnable" seed="1939523690" result="Passed" start-time="2023-07-23 22:34:40Z" end-time="2023-07-23 22:34:40Z" duration="0.000723" asserts="4" />
      </test-suite>
      <test-suite type="TestFixture" id="0-1104" name="SpecEofExceptionBytes" fullname="Kaitai.SpecEofExceptionBytes" classname="Kaitai.SpecEofExceptionBytes" runstate="Runnable" testcasecount="1" result="Passed" start-time="2023-07-23 22:34:40Z" end-time="2023-07-23 22:34:40Z" duration="0.003889" total="1" passed="1" failed="0" inconclusive="0" skipped="0" asserts="1">
        <test-case id="0-1105" name="TestEofExceptionBytes" fullname="Kaitai.SpecEofExceptionBytes.TestEofExceptionBytes" methodname="TestEofExceptionBytes" classname="Kaitai.SpecEofExceptionBytes" runstate="Runnable" seed="1294485879" result="Passed" start-time="2023-07-23 22:34:40Z" end-time="2023-07-23 22:34:40Z" duration="0.001356" asserts="1" />
      </test-suite>
      <test-suite type="TestFixture" id="0-1106" name="SpecEofExceptionU4" fullname="Kaitai.SpecEofExceptionU4" classname="Kaitai.SpecEofExceptionU4" runstate="Runnable" testcasecount="1" result="Passed" start-time="2023-07-23 22:34:40Z" end-time="2023-07-23 22:34:40Z" duration="0.003106" total="1" passed="1" failed="0" inconclusive="0" skipped="0" asserts="1">
        <test-case id="0-1107" name="TestEofExceptionU4" fullname="Kaitai.SpecEofExceptionU4.TestEofExceptionU4" methodname="TestEofExceptionU4" classname="Kaitai.SpecEofExceptionU4" runstate="Runnable" seed="1381715780" result="Passed" start-time="2023-07-23 22:34:40Z" end-time="2023-07-23 22:34:40Z" duration="0.000583" asserts="1" />
      </test-suite>
      <test-suite type="TestFixture" id="0-1108" name="SpecEosExceptionBytes" fullname="Kaitai.SpecEosExceptionBytes" classname="Kaitai.SpecEosExceptionBytes" runstate="Runnable" testcasecount="1" result="Passed" start-time="2023-07-23 22:34:40Z" end-time="2023-07-23 22:34:40Z" duration="0.003092" total="1" passed="1" failed="0" inconclusive="0" skipped="0" asserts="1">
        <test-case id="0-1109" name="TestEosExceptionBytes" fullname="Kaitai.SpecEosExceptionBytes.TestEosExceptionBytes" methodname="TestEosExceptionBytes" classname="Kaitai.SpecEosExceptionBytes" runstate="Runnable" seed="1025081637" result="Passed" start-time="2023-07-23 22:34:40Z" end-time="2023-07-23 22:34:40Z" duration="0.000582" asserts="1" />
      </test-suite>
      <test-suite type="TestFixture" id="0-1110" name="SpecEosExceptionU4" fullname="Kaitai.SpecEosExceptionU4" classname="Kaitai.SpecEosExceptionU4" runstate="Runnable" testcasecount="1" result="Passed" start-time="2023-07-23 22:34:40Z" end-time="2023-07-23 22:34:40Z" duration="0.003098" total="1" passed="1" failed="0" inconclusive="0" skipped="0" asserts="1">
        <test-case id="0-1111" name="TestEosExceptionU4" fullname="Kaitai.SpecEosExceptionU4.TestEosExceptionU4" methodname="TestEosExceptionU4" classname="Kaitai.SpecEosExceptionU4" runstate="Runnable" seed="1765448586" result="Passed" start-time="2023-07-23 22:34:40Z" end-time="2023-07-23 22:34:40Z" duration="0.000591" asserts="1" />
      </test-suite>
      <test-suite type="TestFixture" id="0-1112" name="SpecExpr0" fullname="Kaitai.SpecExpr0" classname="Kaitai.SpecExpr0" runstate="Runnable" testcasecount="1" result="Passed" start-time="2023-07-23 22:34:40Z" end-time="2023-07-23 22:34:40Z" duration="0.003085" total="1" passed="1" failed="0" inconclusive="0" skipped="0" asserts="2">
        <test-case id="0-1113" name="TestExpr0" fullname="Kaitai.SpecExpr0.TestExpr0" methodname="TestExpr0" classname="Kaitai.SpecExpr0" runstate="Runnable" seed="902728057" result="Passed" start-time="2023-07-23 22:34:40Z" end-time="2023-07-23 22:34:40Z" duration="0.000578" asserts="2" />
      </test-suite>
      <test-suite type="TestFixture" id="0-1114" name="SpecExpr1" fullname="Kaitai.SpecExpr1" classname="Kaitai.SpecExpr1" runstate="Runnable" testcasecount="1" result="Passed" start-time="2023-07-23 22:34:40Z" end-time="2023-07-23 22:34:40Z" duration="0.003052" total="1" passed="1" failed="0" inconclusive="0" skipped="0" asserts="4">
        <test-case id="0-1115" name="TestExpr1" fullname="Kaitai.SpecExpr1.TestExpr1" methodname="TestExpr1" classname="Kaitai.SpecExpr1" runstate="Runnable" seed="999185300" result="Passed" start-time="2023-07-23 22:34:40Z" end-time="2023-07-23 22:34:40Z" duration="0.000584" asserts="4" />
      </test-suite>
      <test-suite type="TestFixture" id="0-1116" name="SpecExpr2" fullname="Kaitai.SpecExpr2" classname="Kaitai.SpecExpr2" runstate="Runnable" testcasecount="1" result="Passed" start-time="2023-07-23 22:34:40Z" end-time="2023-07-23 22:34:40Z" duration="0.004194" total="1" passed="1" failed="0" inconclusive="0" skipped="0" asserts="17">
        <test-case id="0-1117" name="TestExpr2" fullname="Kaitai.SpecExpr2.TestExpr2" methodname="TestExpr2" classname="Kaitai.SpecExpr2" runstate="Runnable" seed="577710023" result="Passed" start-time="2023-07-23 22:34:40Z" end-time="2023-07-23 22:34:40Z" duration="0.001758" asserts="17" />
      </test-suite>
      <test-suite type="TestFixture" id="0-1118" name="SpecExpr3" fullname="Kaitai.SpecExpr3" classname="Kaitai.SpecExpr3" runstate="Runnable" testcasecount="1" result="Passed" start-time="2023-07-23 22:34:40Z" end-time="2023-07-23 22:34:40Z" duration="0.004015" total="1" passed="1" failed="0" inconclusive="0" skipped="0" asserts="12">
        <test-case id="0-1119" name="TestExpr3" fullname="Kaitai.SpecExpr3.TestExpr3" methodname="TestExpr3" classname="Kaitai.SpecExpr3" runstate="Runnable" seed="1696768392" result="Passed" start-time="2023-07-23 22:34:40Z" end-time="2023-07-23 22:34:40Z" duration="0.001524" asserts="12" />
      </test-suite>
      <test-suite type="TestFixture" id="0-1120" name="SpecExprArray" fullname="Kaitai.SpecExprArray" classname="Kaitai.SpecExprArray" runstate="Runnable" testcasecount="1" result="Passed" start-time="2023-07-23 22:34:40Z" end-time="2023-07-23 22:34:40Z" duration="0.009707" total="1" passed="1" failed="0" inconclusive="0" skipped="0" asserts="15">
        <test-case id="0-1121" name="TestExprArray" fullname="Kaitai.SpecExprArray.TestExprArray" methodname="TestExprArray" classname="Kaitai.SpecExprArray" runstate="Runnable" seed="999220628" result="Passed" start-time="2023-07-23 22:34:40Z" end-time="2023-07-23 22:34:40Z" duration="0.007212" asserts="15" />
      </test-suite>
      <test-suite type="TestFixture" id="0-1122" name="SpecExprBytesCmp" fullname="Kaitai.SpecExprBytesCmp" classname="Kaitai.SpecExprBytesCmp" runstate="Runnable" testcasecount="1" result="Passed" start-time="2023-07-23 22:34:40Z" end-time="2023-07-23 22:34:40Z" duration="0.004014" total="1" passed="1" failed="0" inconclusive="0" skipped="0" asserts="10">
        <test-case id="0-1123" name="TestExprBytesCmp" fullname="Kaitai.SpecExprBytesCmp.TestExprBytesCmp" methodname="TestExprBytesCmp" classname="Kaitai.SpecExprBytesCmp" runstate="Runnable" seed="1771078359" result="Passed" start-time="2023-07-23 22:34:40Z" end-time="2023-07-23 22:34:40Z" duration="0.001548" asserts="10" />
      </test-suite>
      <test-suite type="TestFixture" id="0-1124" name="SpecExprBytesNonLiteral" fullname="Kaitai.SpecExprBytesNonLiteral" classname="Kaitai.SpecExprBytesNonLiteral" runstate="Runnable" testcasecount="1" result="Passed" start-time="2023-07-23 22:34:40Z" end-time="2023-07-23 22:34:40Z" duration="0.002983" total="1" passed="1" failed="0" inconclusive="0" skipped="0" asserts="3">
        <test-case id="0-1125" name="TestExprBytesNonLiteral" fullname="Kaitai.SpecExprBytesNonLiteral.TestExprBytesNonLiteral" methodname="TestExprBytesNonLiteral" classname="Kaitai.SpecExprBytesNonLiteral" runstate="Runnable" seed="2021171470" result="Passed" start-time="2023-07-23 22:34:40Z" end-time="2023-07-23 22:34:40Z" duration="0.000525" asserts="3" />
      </test-suite>
      <test-suite type="TestFixture" id="0-1126" name="SpecExprBytesOps" fullname="Kaitai.SpecExprBytesOps" classname="Kaitai.SpecExprBytesOps" runstate="Runnable" testcasecount="1" result="Passed" start-time="2023-07-23 22:34:40Z" end-time="2023-07-23 22:34:40Z" duration="0.005804" total="1" passed="1" failed="0" inconclusive="0" skipped="0" asserts="16">
        <test-case id="0-1127" name="TestExprBytesOps" fullname="Kaitai.SpecExprBytesOps.TestExprBytesOps" methodname="TestExprBytesOps" classname="Kaitai.SpecExprBytesOps" runstate="Runnable" seed="367263111" result="Passed" start-time="2023-07-23 22:34:40Z" end-time="2023-07-23 22:34:40Z" duration="0.003249" asserts="16" />
      </test-suite>
      <test-suite type="TestFixture" id="0-1128" name="SpecExprCalcArrayOps" fullname="Kaitai.SpecExprCalcArrayOps" classname="Kaitai.SpecExprCalcArrayOps" runstate="Runnable" testcasecount="1" result="Passed" start-time="2023-07-23 22:34:40Z" end-time="2023-07-23 22:34:40Z" duration="0.006298" total="1" passed="1" failed="0" inconclusive="0" skipped="0" asserts="18">
        <test-case id="0-1129" name="TestExprCalcArrayOps" fullname="Kaitai.SpecExprCalcArrayOps.TestExprCalcArrayOps" methodname="TestExprCalcArrayOps" classname="Kaitai.SpecExprCalcArrayOps" runstate="Runnable" seed="2137773352" result="Passed" start-time="2023-07-23 22:34:40Z" end-time="2023-07-23 22:34:40Z" duration="0.003754" asserts="18" />
      </test-suite>
      <test-suite type="TestFixture" id="0-1130" name="SpecExprEnum" fullname="Kaitai.SpecExprEnum" classname="Kaitai.SpecExprEnum" runstate="Runnable" testcasecount="1" result="Passed" start-time="2023-07-23 22:34:40Z" end-time="2023-07-23 22:34:40Z" duration="0.003121" total="1" passed="1" failed="0" inconclusive="0" skipped="0" asserts="3">
        <test-case id="0-1131" name="TestExprEnum" fullname="Kaitai.SpecExprEnum.TestExprEnum" methodname="TestExprEnum" classname="Kaitai.SpecExprEnum" runstate="Runnable" seed="1475238894" result="Passed" start-time="2023-07-23 22:34:40Z" end-time="2023-07-23 22:34:40Z" duration="0.000675" asserts="3" />
      </test-suite>
      <test-suite type="TestFixture" id="0-1132" name="SpecExprIfIntOps" fullname="Kaitai.SpecExprIfIntOps" classname="Kaitai.SpecExprIfIntOps" runstate="Runnable" testcasecount="1" result="Passed" start-time="2023-07-23 22:34:40Z" end-time="2023-07-23 22:34:40Z" duration="0.003401" total="1" passed="1" failed="0" inconclusive="0" skipped="0" asserts="2">
        <test-case id="0-1133" name="TestExprIfIntOps" fullname="Kaitai.SpecExprIfIntOps.TestExprIfIntOps" methodname="TestExprIfIntOps" classname="Kaitai.SpecExprIfIntOps" runstate="Runnable" seed="1423700867" result="Passed" start-time="2023-07-23 22:34:40Z" end-time="2023-07-23 22:34:40Z" duration="0.000904" asserts="2" />
      </test-suite>
      <test-suite type="TestFixture" id="0-1134" name="SpecExprIntDiv" fullname="Kaitai.SpecExprIntDiv" classname="Kaitai.SpecExprIntDiv" runstate="Runnable" testcasecount="1" result="Failed" site="Child" start-time="2023-07-23 22:34:40Z" end-time="2023-07-23 22:34:40Z" duration="0.013945" total="1" passed="0" failed="1" inconclusive="0" skipped="0" asserts="4">
        <failure>
          <message><![CDATA[One or more child tests had errors]]></message>
        </failure>
        <test-case id="0-1135" name="TestExprIntDiv" fullname="Kaitai.SpecExprIntDiv.TestExprIntDiv" methodname="TestExprIntDiv" classname="Kaitai.SpecExprIntDiv" runstate="Runnable" seed="716542680" result="Failed" start-time="2023-07-23 22:34:40Z" end-time="2023-07-23 22:34:40Z" duration="0.011328" asserts="4">
          <failure>
            <message><![CDATA[  Expected: -756
  But was:  -757
]]></message>
            <stack-trace><![CDATA[at Kaitai.SpecExprIntDiv.TestExprIntDiv () [0x00069] in <911c22cb684d47a0a272e543836be993>:0
]]></stack-trace>
          </failure>
        </test-case>
      </test-suite>
      <test-suite type="TestFixture" id="0-1136" name="SpecExprIoEof" fullname="Kaitai.SpecExprIoEof" classname="Kaitai.SpecExprIoEof" runstate="Runnable" testcasecount="1" result="Passed" start-time="2023-07-23 22:34:40Z" end-time="2023-07-23 22:34:40Z" duration="0.003869" total="1" passed="1" failed="0" inconclusive="0" skipped="0" asserts="4">
        <test-case id="0-1137" name="TestExprIoEof" fullname="Kaitai.SpecExprIoEof.TestExprIoEof" methodname="TestExprIoEof" classname="Kaitai.SpecExprIoEof" runstate="Runnable" seed="1056849437" result="Passed" start-time="2023-07-23 22:34:40Z" end-time="2023-07-23 22:34:40Z" duration="0.001097" asserts="4" />
      </test-suite>
      <test-suite type="TestFixture" id="0-1138" name="SpecExprIoPos" fullname="Kaitai.SpecExprIoPos" classname="Kaitai.SpecExprIoPos" runstate="Runnable" testcasecount="1" result="Passed" start-time="2023-07-23 22:34:40Z" end-time="2023-07-23 22:34:40Z" duration="0.003306" total="1" passed="1" failed="0" inconclusive="0" skipped="0" asserts="6">
        <test-case id="0-1139" name="TestExprIoPos" fullname="Kaitai.SpecExprIoPos.TestExprIoPos" methodname="TestExprIoPos" classname="Kaitai.SpecExprIoPos" runstate="Runnable" seed="1931503776" result="Passed" start-time="2023-07-23 22:34:40Z" end-time="2023-07-23 22:34:40Z" duration="0.000825" asserts="6" />
      </test-suite>
      <test-suite type="TestFixture" id="0-1140" name="SpecExprMod" fullname="Kaitai.SpecExprMod" classname="Kaitai.SpecExprMod" runstate="Runnable" testcasecount="1" result="Passed" start-time="2023-07-23 22:34:40Z" end-time="2023-07-23 22:34:40Z" duration="0.003310" total="1" passed="1" failed="0" inconclusive="0" skipped="0" asserts="6">
        <test-case id="0-1141" name="TestExprMod" fullname="Kaitai.SpecExprMod.TestExprMod" methodname="TestExprMod" classname="Kaitai.SpecExprMod" runstate="Runnable" seed="567153795" result="Passed" start-time="2023-07-23 22:34:40Z" end-time="2023-07-23 22:34:40Z" duration="0.000835" asserts="6" />
      </test-suite>
      <test-suite type="TestFixture" id="0-1142" name="SpecExprSizeofType0" fullname="Kaitai.SpecExprSizeofType0" classname="Kaitai.SpecExprSizeofType0" runstate="Runnable" testcasecount="1" result="Passed" start-time="2023-07-23 22:34:40Z" end-time="2023-07-23 22:34:40Z" duration="0.002908" total="1" passed="1" failed="0" inconclusive="0" skipped="0" asserts="1">
        <test-case id="0-1143" name="TestExprSizeofType0" fullname="Kaitai.SpecExprSizeofType0.TestExprSizeofType0" methodname="TestExprSizeofType0" classname="Kaitai.SpecExprSizeofType0" runstate="Runnable" seed="2132308393" result="Passed" start-time="2023-07-23 22:34:40Z" end-time="2023-07-23 22:34:40Z" duration="0.000407" asserts="1" />
      </test-suite>
      <test-suite type="TestFixture" id="0-1144" name="SpecExprSizeofType1" fullname="Kaitai.SpecExprSizeofType1" classname="Kaitai.SpecExprSizeofType1" runstate="Runnable" testcasecount="1" result="Passed" start-time="2023-07-23 22:34:40Z" end-time="2023-07-23 22:34:40Z" duration="0.003486" total="1" passed="1" failed="0" inconclusive="0" skipped="0" asserts="2">
        <test-case id="0-1145" name="TestExprSizeofType1" fullname="Kaitai.SpecExprSizeofType1.TestExprSizeofType1" methodname="TestExprSizeofType1" classname="Kaitai.SpecExprSizeofType1" runstate="Runnable" seed="625986476" result="Passed" start-time="2023-07-23 22:34:40Z" end-time="2023-07-23 22:34:40Z" duration="0.000513" asserts="2" />
      </test-suite>
      <test-suite type="TestFixture" id="0-1146" name="SpecExprSizeofValue0" fullname="Kaitai.SpecExprSizeofValue0" classname="Kaitai.SpecExprSizeofValue0" runstate="Runnable" testcasecount="1" result="Passed" start-time="2023-07-23 22:34:40Z" end-time="2023-07-23 22:34:40Z" duration="0.003275" total="1" passed="1" failed="0" inconclusive="0" skipped="0" asserts="5">
        <test-case id="0-1147" name="TestExprSizeofValue0" fullname="Kaitai.SpecExprSizeofValue0.TestExprSizeofValue0" methodname="TestExprSizeofValue0" classname="Kaitai.SpecExprSizeofValue0" runstate="Runnable" seed="4519528" result="Passed" start-time="2023-07-23 22:34:40Z" end-time="2023-07-23 22:34:40Z" duration="0.000810" asserts="5" />
      </test-suite>
      <test-suite type="TestFixture" id="0-1148" name="SpecExprSizeofValueSized" fullname="Kaitai.SpecExprSizeofValueSized" classname="Kaitai.SpecExprSizeofValueSized" runstate="Runnable" testcasecount="1" result="Passed" start-time="2023-07-23 22:34:40Z" end-time="2023-07-23 22:34:40Z" duration="0.003335" total="1" passed="1" failed="0" inconclusive="0" skipped="0" asserts="5">
        <test-case id="0-1149" name="TestExprSizeofValueSized" fullname="Kaitai.SpecExprSizeofValueSized.TestExprSizeofValueSized" methodname="TestExprSizeofValueSized" classname="Kaitai.SpecExprSizeofValueSized" runstate="Runnable" seed="738680509" result="Passed" start-time="2023-07-23 22:34:40Z" end-time="2023-07-23 22:34:40Z" duration="0.000769" asserts="5" />
      </test-suite>
      <test-suite type="TestFixture" id="0-1150" name="SpecExprStrEncodings" fullname="Kaitai.SpecExprStrEncodings" classname="Kaitai.SpecExprStrEncodings" runstate="Runnable" testcasecount="1" result="Passed" start-time="2023-07-23 22:34:40Z" end-time="2023-07-23 22:34:40Z" duration="0.122571" total="1" passed="1" failed="0" inconclusive="0" skipped="0" asserts="7">
        <test-case id="0-1151" name="TestExprStrEncodings" fullname="Kaitai.SpecExprStrEncodings.TestExprStrEncodings" methodname="TestExprStrEncodings" classname="Kaitai.SpecExprStrEncodings" runstate="Runnable" seed="1780470337" result="Passed" start-time="2023-07-23 22:34:40Z" end-time="2023-07-23 22:34:40Z" duration="0.120099" asserts="7" />
      </test-suite>
      <test-suite type="TestFixture" id="0-1152" name="SpecExprStrOps" fullname="Kaitai.SpecExprStrOps" classname="Kaitai.SpecExprStrOps" runstate="Runnable" testcasecount="1" result="Passed" start-time="2023-07-23 22:34:40Z" end-time="2023-07-23 22:34:40Z" duration="0.006367" total="1" passed="1" failed="0" inconclusive="0" skipped="0" asserts="17">
        <test-case id="0-1153" name="TestExprStrOps" fullname="Kaitai.SpecExprStrOps.TestExprStrOps" methodname="TestExprStrOps" classname="Kaitai.SpecExprStrOps" runstate="Runnable" seed="2132995522" result="Passed" start-time="2023-07-23 22:34:40Z" end-time="2023-07-23 22:34:40Z" duration="0.003860" asserts="17" />
      </test-suite>
      <test-suite type="TestFixture" id="0-1154" name="SpecFixedContents" fullname="Kaitai.SpecFixedContents" classname="Kaitai.SpecFixedContents" runstate="Runnable" testcasecount="1" result="Passed" start-time="2023-07-23 22:34:41Z" end-time="2023-07-23 22:34:41Z" duration="0.003147" total="1" passed="1" failed="0" inconclusive="0" skipped="0" asserts="0">
        <test-case id="0-1155" name="TestFixedContents" fullname="Kaitai.SpecFixedContents.TestFixedContents" methodname="TestFixedContents" classname="Kaitai.SpecFixedContents" runstate="Runnable" seed="1945293001" result="Passed" start-time="2023-07-23 22:34:41Z" end-time="2023-07-23 22:34:41Z" duration="0.000658" asserts="0" />
      </test-suite>
      <test-suite type="TestFixture" id="0-1156" name="SpecFixedStruct" fullname="Kaitai.SpecFixedStruct" classname="Kaitai.SpecFixedStruct" runstate="Runnable" testcasecount="1" result="Passed" start-time="2023-07-23 22:34:41Z" end-time="2023-07-23 22:34:41Z" duration="0.004806" total="1" passed="1" failed="0" inconclusive="0" skipped="0" asserts="20">
        <test-case id="0-1157" name="TestFixedStruct" fullname="Kaitai.SpecFixedStruct.TestFixedStruct" methodname="TestFixedStruct" classname="Kaitai.SpecFixedStruct" runstate="Runnable" seed="267398527" result="Passed" start-time="2023-07-23 22:34:41Z" end-time="2023-07-23 22:34:41Z" duration="0.002348" asserts="20" />
      </test-suite>
      <test-suite type="TestFixture" id="0-1160" name="SpecFloatingPoints" fullname="Kaitai.SpecFloatingPoints" classname="Kaitai.SpecFloatingPoints" runstate="Runnable" testcasecount="1" result="Passed" start-time="2023-07-23 22:34:41Z" end-time="2023-07-23 22:34:41Z" duration="0.003397" total="1" passed="1" failed="0" inconclusive="0" skipped="0" asserts="8">
        <test-case id="0-1161" name="TestFloatingPoints" fullname="Kaitai.SpecFloatingPoints.TestFloatingPoints" methodname="TestFloatingPoints" classname="Kaitai.SpecFloatingPoints" runstate="Runnable" seed="617284912" result="Passed" start-time="2023-07-23 22:34:41Z" end-time="2023-07-23 22:34:41Z" duration="0.000892" asserts="8" />
      </test-suite>
      <test-suite type="TestFixture" id="0-1158" name="SpecFloatToI" fullname="Kaitai.SpecFloatToI" classname="Kaitai.SpecFloatToI" runstate="Runnable" testcasecount="1" result="Passed" start-time="2023-07-23 22:34:41Z" end-time="2023-07-23 22:34:41Z" duration="0.003471" total="1" passed="1" failed="0" inconclusive="0" skipped="0" asserts="8">
        <test-case id="0-1159" name="TestFloatToI" fullname="Kaitai.SpecFloatToI.TestFloatToI" methodname="TestFloatToI" classname="Kaitai.SpecFloatToI" runstate="Runnable" seed="886995776" result="Passed" start-time="2023-07-23 22:34:41Z" end-time="2023-07-23 22:34:41Z" duration="0.000996" asserts="8" />
      </test-suite>
      <test-suite type="TestFixture" id="0-1162" name="SpecHelloWorld" fullname="Kaitai.SpecHelloWorld" classname="Kaitai.SpecHelloWorld" runstate="Runnable" testcasecount="1" result="Passed" start-time="2023-07-23 22:34:41Z" end-time="2023-07-23 22:34:41Z" duration="0.002712" total="1" passed="1" failed="0" inconclusive="0" skipped="0" asserts="1">
        <test-case id="0-1163" name="TestHelloWorld" fullname="Kaitai.SpecHelloWorld.TestHelloWorld" methodname="TestHelloWorld" classname="Kaitai.SpecHelloWorld" runstate="Runnable" seed="621092128" result="Passed" start-time="2023-07-23 22:34:41Z" end-time="2023-07-23 22:34:41Z" duration="0.000249" asserts="1" />
      </test-suite>
      <test-suite type="TestFixture" id="0-1164" name="SpecIfInstances" fullname="Kaitai.SpecIfInstances" classname="Kaitai.SpecIfInstances" runstate="Runnable" testcasecount="1" result="Passed" start-time="2023-07-23 22:34:41Z" end-time="2023-07-23 22:34:41Z" duration="0.002919" total="1" passed="1" failed="0" inconclusive="0" skipped="0" asserts="1">
        <test-case id="0-1165" name="TestIfInstances" fullname="Kaitai.SpecIfInstances.TestIfInstances" methodname="TestIfInstances" classname="Kaitai.SpecIfInstances" runstate="Runnable" seed="1484338208" result="Passed" start-time="2023-07-23 22:34:41Z" end-time="2023-07-23 22:34:41Z" duration="0.000462" asserts="1" />
      </test-suite>
      <test-suite type="TestFixture" id="0-1166" name="SpecIfStruct" fullname="Kaitai.SpecIfStruct" classname="Kaitai.SpecIfStruct" runstate="Runnable" testcasecount="1" result="Passed" start-time="2023-07-23 22:34:41Z" end-time="2023-07-23 22:34:41Z" duration="0.003482" total="1" passed="1" failed="0" inconclusive="0" skipped="0" asserts="7">
        <test-case id="0-1167" name="TestIfStruct" fullname="Kaitai.SpecIfStruct.TestIfStruct" methodname="TestIfStruct" classname="Kaitai.SpecIfStruct" runstate="Runnable" seed="2130259006" result="Passed" start-time="2023-07-23 22:34:41Z" end-time="2023-07-23 22:34:41Z" duration="0.001002" asserts="7" />
      </test-suite>
      <test-suite type="TestFixture" id="0-1168" name="SpecIfValues" fullname="Kaitai.SpecIfValues" classname="Kaitai.SpecIfValues" runstate="Runnable" testcasecount="1" result="Passed" start-time="2023-07-23 22:34:41Z" end-time="2023-07-23 22:34:41Z" duration="0.003895" total="1" passed="1" failed="0" inconclusive="0" skipped="0" asserts="6">
        <test-case id="0-1169" name="TestIfValues" fullname="Kaitai.SpecIfValues.TestIfValues" methodname="TestIfValues" classname="Kaitai.SpecIfValues" runstate="Runnable" seed="673175911" result="Passed" start-time="2023-07-23 22:34:41Z" end-time="2023-07-23 22:34:41Z" duration="0.001404" asserts="6" />
      </test-suite>
      <test-suite type="TestFixture" id="0-1170" name="SpecImports0" fullname="Kaitai.SpecImports0" classname="Kaitai.SpecImports0" runstate="Runnable" testcasecount="1" result="Passed" start-time="2023-07-23 22:34:41Z" end-time="2023-07-23 22:34:41Z" duration="0.003046" total="1" passed="1" failed="0" inconclusive="0" skipped="0" asserts="3">
        <test-case id="0-1171" name="TestImports0" fullname="Kaitai.SpecImports0.TestImports0" methodname="TestImports0" classname="Kaitai.SpecImports0" runstate="Runnable" seed="1246916590" result="Passed" start-time="2023-07-23 22:34:41Z" end-time="2023-07-23 22:34:41Z" duration="0.000572" asserts="3" />
      </test-suite>
      <test-suite type="TestFixture" id="0-1172" name="SpecImportsAbs" fullname="Kaitai.SpecImportsAbs" classname="Kaitai.SpecImportsAbs" runstate="Runnable" testcasecount="1" result="Passed" start-time="2023-07-23 22:34:41Z" end-time="2023-07-23 22:34:41Z" duration="0.004315" total="1" passed="1" failed="0" inconclusive="0" skipped="0" asserts="2">
        <test-case id="0-1173" name="TestImportsAbs" fullname="Kaitai.SpecImportsAbs.TestImportsAbs" methodname="TestImportsAbs" classname="Kaitai.SpecImportsAbs" runstate="Runnable" seed="1145437149" result="Passed" start-time="2023-07-23 22:34:41Z" end-time="2023-07-23 22:34:41Z" duration="0.001862" asserts="2" />
      </test-suite>
      <test-suite type="TestFixture" id="0-1174" name="SpecImportsAbsAbs" fullname="Kaitai.SpecImportsAbsAbs" classname="Kaitai.SpecImportsAbsAbs" runstate="Runnable" testcasecount="1" result="Passed" start-time="2023-07-23 22:34:41Z" end-time="2023-07-23 22:34:41Z" duration="0.003276" total="1" passed="1" failed="0" inconclusive="0" skipped="0" asserts="3">
        <test-case id="0-1175" name="TestImportsAbsAbs" fullname="Kaitai.SpecImportsAbsAbs.TestImportsAbsAbs" methodname="TestImportsAbsAbs" classname="Kaitai.SpecImportsAbsAbs" runstate="Runnable" seed="303807611" result="Passed" start-time="2023-07-23 22:34:41Z" end-time="2023-07-23 22:34:41Z" duration="0.000774" asserts="3" />
      </test-suite>
      <test-suite type="TestFixture" id="0-1176" name="SpecImportsAbsRel" fullname="Kaitai.SpecImportsAbsRel" classname="Kaitai.SpecImportsAbsRel" runstate="Runnable" testcasecount="1" result="Passed" start-time="2023-07-23 22:34:41Z" end-time="2023-07-23 22:34:41Z" duration="0.003075" total="1" passed="1" failed="0" inconclusive="0" skipped="0" asserts="3">
        <test-case id="0-1177" name="TestImportsAbsRel" fullname="Kaitai.SpecImportsAbsRel.TestImportsAbsRel" methodname="TestImportsAbsRel" classname="Kaitai.SpecImportsAbsRel" runstate="Runnable" seed="1761475105" result="Passed" start-time="2023-07-23 22:34:41Z" end-time="2023-07-23 22:34:41Z" duration="0.000557" asserts="3" />
      </test-suite>
      <test-suite type="TestFixture" id="0-1178" name="SpecImportsCircularA" fullname="Kaitai.SpecImportsCircularA" classname="Kaitai.SpecImportsCircularA" runstate="Runnable" testcasecount="1" result="Passed" start-time="2023-07-23 22:34:41Z" end-time="2023-07-23 22:34:41Z" duration="0.003157" total="1" passed="1" failed="0" inconclusive="0" skipped="0" asserts="5">
        <test-case id="0-1179" name="TestImportsCircularA" fullname="Kaitai.SpecImportsCircularA.TestImportsCircularA" methodname="TestImportsCircularA" classname="Kaitai.SpecImportsCircularA" runstate="Runnable" seed="2019021728" result="Passed" start-time="2023-07-23 22:34:41Z" end-time="2023-07-23 22:34:41Z" duration="0.000719" asserts="5" />
      </test-suite>
      <test-suite type="TestFixture" id="0-1180" name="SpecImportsRel1" fullname="Kaitai.SpecImportsRel1" classname="Kaitai.SpecImportsRel1" runstate="Runnable" testcasecount="1" result="Passed" start-time="2023-07-23 22:34:41Z" end-time="2023-07-23 22:34:41Z" duration="0.003335" total="1" passed="1" failed="0" inconclusive="0" skipped="0" asserts="3">
        <test-case id="0-1181" name="TestImportsRel1" fullname="Kaitai.SpecImportsRel1.TestImportsRel1" methodname="TestImportsRel1" classname="Kaitai.SpecImportsRel1" runstate="Runnable" seed="351120438" result="Passed" start-time="2023-07-23 22:34:41Z" end-time="2023-07-23 22:34:41Z" duration="0.000767" asserts="3" />
      </test-suite>
      <test-suite type="TestFixture" id="0-1182" name="SpecIndexSizes" fullname="Kaitai.SpecIndexSizes" classname="Kaitai.SpecIndexSizes" runstate="Runnable" testcasecount="1" result="Passed" start-time="2023-07-23 22:34:41Z" end-time="2023-07-23 22:34:41Z" duration="0.003268" total="1" passed="1" failed="0" inconclusive="0" skipped="0" asserts="7">
        <test-case id="0-1183" name="TestIndexSizes" fullname="Kaitai.SpecIndexSizes.TestIndexSizes" methodname="TestIndexSizes" classname="Kaitai.SpecIndexSizes" runstate="Runnable" seed="66475268" result="Passed" start-time="2023-07-23 22:34:41Z" end-time="2023-07-23 22:34:41Z" duration="0.000803" asserts="7" />
      </test-suite>
      <test-suite type="TestFixture" id="0-1184" name="SpecIndexToParamEos" fullname="Kaitai.SpecIndexToParamEos" classname="Kaitai.SpecIndexToParamEos" runstate="Runnable" testcasecount="1" result="Passed" start-time="2023-07-23 22:34:41Z" end-time="2023-07-23 22:34:41Z" duration="0.003693" total="1" passed="1" failed="0" inconclusive="0" skipped="0" asserts="7">
        <test-case id="0-1185" name="TestIndexToParamEos" fullname="Kaitai.SpecIndexToParamEos.TestIndexToParamEos" methodname="TestIndexToParamEos" classname="Kaitai.SpecIndexToParamEos" runstate="Runnable" seed="1428795965" result="Passed" start-time="2023-07-23 22:34:41Z" end-time="2023-07-23 22:34:41Z" duration="0.001227" asserts="7" />
      </test-suite>
      <test-suite type="TestFixture" id="0-1186" name="SpecIndexToParamExpr" fullname="Kaitai.SpecIndexToParamExpr" classname="Kaitai.SpecIndexToParamExpr" runstate="Runnable" testcasecount="1" result="Passed" start-time="2023-07-23 22:34:41Z" end-time="2023-07-23 22:34:41Z" duration="0.003725" total="1" passed="1" failed="0" inconclusive="0" skipped="0" asserts="7">
        <test-case id="0-1187" name="TestIndexToParamExpr" fullname="Kaitai.SpecIndexToParamExpr.TestIndexToParamExpr" methodname="TestIndexToParamExpr" classname="Kaitai.SpecIndexToParamExpr" runstate="Runnable" seed="1774050737" result="Passed" start-time="2023-07-23 22:34:41Z" end-time="2023-07-23 22:34:41Z" duration="0.001240" asserts="7" />
      </test-suite>
      <test-suite type="TestFixture" id="0-1188" name="SpecIndexToParamUntil" fullname="Kaitai.SpecIndexToParamUntil" classname="Kaitai.SpecIndexToParamUntil" runstate="Runnable" testcasecount="1" result="Passed" start-time="2023-07-23 22:34:41Z" end-time="2023-07-23 22:34:41Z" duration="0.003553" total="1" passed="1" failed="0" inconclusive="0" skipped="0" asserts="7">
        <test-case id="0-1189" name="TestIndexToParamUntil" fullname="Kaitai.SpecIndexToParamUntil.TestIndexToParamUntil" methodname="TestIndexToParamUntil" classname="Kaitai.SpecIndexToParamUntil" runstate="Runnable" seed="1751994854" result="Passed" start-time="2023-07-23 22:34:41Z" end-time="2023-07-23 22:34:41Z" duration="0.001077" asserts="7" />
      </test-suite>
      <test-suite type="TestFixture" id="0-1190" name="SpecInstanceIoUser" fullname="Kaitai.SpecInstanceIoUser" classname="Kaitai.SpecInstanceIoUser" runstate="Runnable" testcasecount="1" result="Passed" start-time="2023-07-23 22:34:41Z" end-time="2023-07-23 22:34:41Z" duration="0.003950" total="1" passed="1" failed="0" inconclusive="0" skipped="0" asserts="4">
        <test-case id="0-1191" name="TestInstanceIoUser" fullname="Kaitai.SpecInstanceIoUser.TestInstanceIoUser" methodname="TestInstanceIoUser" classname="Kaitai.SpecInstanceIoUser" runstate="Runnable" seed="1521708159" result="Passed" start-time="2023-07-23 22:34:41Z" end-time="2023-07-23 22:34:41Z" duration="0.001407" asserts="4" />
      </test-suite>
      <test-suite type="TestFixture" id="0-1192" name="SpecInstanceStd" fullname="Kaitai.SpecInstanceStd" classname="Kaitai.SpecInstanceStd" runstate="Runnable" testcasecount="1" result="Passed" start-time="2023-07-23 22:34:41Z" end-time="2023-07-23 22:34:41Z" duration="0.002948" total="1" passed="1" failed="0" inconclusive="0" skipped="0" asserts="1">
        <test-case id="0-1193" name="TestInstanceStd" fullname="Kaitai.SpecInstanceStd.TestInstanceStd" methodname="TestInstanceStd" classname="Kaitai.SpecInstanceStd" runstate="Runnable" seed="666050820" result="Passed" start-time="2023-07-23 22:34:41Z" end-time="2023-07-23 22:34:41Z" duration="0.000447" asserts="1" />
      </test-suite>
      <test-suite type="TestFixture" id="0-1194" name="SpecInstanceStdArray" fullname="Kaitai.SpecInstanceStdArray" classname="Kaitai.SpecInstanceStdArray" runstate="Runnable" testcasecount="1" result="Passed" start-time="2023-07-23 22:34:41Z" end-time="2023-07-23 22:34:41Z" duration="0.003326" total="1" passed="1" failed="0" inconclusive="0" skipped="0" asserts="7">
        <test-case id="0-1195" name="TestInstanceStdArray" fullname="Kaitai.SpecInstanceStdArray.TestInstanceStdArray" methodname="TestInstanceStdArray" classname="Kaitai.SpecInstanceStdArray" runstate="Runnable" seed="2121998719" result="Passed" start-time="2023-07-23 22:34:41Z" end-time="2023-07-23 22:34:41Z" duration="0.000876" asserts="7" />
      </test-suite>
      <test-suite type="TestFixture" id="0-1196" name="SpecIntegers" fullname="Kaitai.SpecIntegers" classname="Kaitai.SpecIntegers" runstate="Runnable" testcasecount="1" result="Passed" start-time="2023-07-23 22:34:41Z" end-time="2023-07-23 22:34:41Z" duration="0.003991" total="1" passed="1" failed="0" inconclusive="0" skipped="0" asserts="20">
        <test-case id="0-1197" name="TestIntegers" fullname="Kaitai.SpecIntegers.TestIntegers" methodname="TestIntegers" classname="Kaitai.SpecIntegers" runstate="Runnable" seed="865612893" result="Passed" start-time="2023-07-23 22:34:41Z" end-time="2023-07-23 22:34:41Z" duration="0.001505" asserts="20" />
      </test-suite>
      <test-suite type="TestFixture" id="0-1198" name="SpecIntegersDoubleOverflow" fullname="Kaitai.SpecIntegersDoubleOverflow" classname="Kaitai.SpecIntegersDoubleOverflow" runstate="Runnable" testcasecount="1" result="Passed" start-time="2023-07-23 22:34:41Z" end-time="2023-07-23 22:34:41Z" duration="0.003459" total="1" passed="1" failed="0" inconclusive="0" skipped="0" asserts="8">
        <test-case id="0-1199" name="TestIntegersDoubleOverflow" fullname="Kaitai.SpecIntegersDoubleOverflow.TestIntegersDoubleOverflow" methodname="TestIntegersDoubleOverflow" classname="Kaitai.SpecIntegersDoubleOverflow" runstate="Runnable" seed="951865005" result="Passed" start-time="2023-07-23 22:34:41Z" end-time="2023-07-23 22:34:41Z" duration="0.000608" asserts="8" />
      </test-suite>
      <test-suite type="TestFixture" id="0-1200" name="SpecIntegersMinMax" fullname="Kaitai.SpecIntegersMinMax" classname="Kaitai.SpecIntegersMinMax" runstate="Runnable" testcasecount="1" result="Passed" start-time="2023-07-23 22:34:41Z" end-time="2023-07-23 22:34:41Z" duration="0.004285" total="1" passed="1" failed="0" inconclusive="0" skipped="0" asserts="28">
        <test-case id="0-1201" name="TestIntegersMinMax" fullname="Kaitai.SpecIntegersMinMax.TestIntegersMinMax" methodname="TestIntegersMinMax" classname="Kaitai.SpecIntegersMinMax" runstate="Runnable" seed="545481052" result="Passed" start-time="2023-07-23 22:34:41Z" end-time="2023-07-23 22:34:41Z" duration="0.001707" asserts="28" />
      </test-suite>
      <test-suite type="TestFixture" id="0-1202" name="SpecIoLocalVar" fullname="Kaitai.SpecIoLocalVar" classname="Kaitai.SpecIoLocalVar" runstate="Runnable" testcasecount="1" result="Passed" start-time="2023-07-23 22:34:41Z" end-time="2023-07-23 22:34:41Z" duration="0.003528" total="1" passed="1" failed="0" inconclusive="0" skipped="0" asserts="2">
        <test-case id="0-1203" name="TestIoLocalVar" fullname="Kaitai.SpecIoLocalVar.TestIoLocalVar" methodname="TestIoLocalVar" classname="Kaitai.SpecIoLocalVar" runstate="Runnable" seed="917563779" result="Passed" start-time="2023-07-23 22:34:41Z" end-time="2023-07-23 22:34:41Z" duration="0.001006" asserts="2" />
      </test-suite>
      <test-suite type="TestFixture" id="0-1204" name="SpecJsSignedRightShift" fullname="Kaitai.SpecJsSignedRightShift" classname="Kaitai.SpecJsSignedRightShift" runstate="Runnable" testcasecount="1" result="Passed" start-time="2023-07-23 22:34:41Z" end-time="2023-07-23 22:34:41Z" duration="0.002945" total="1" passed="1" failed="0" inconclusive="0" skipped="0" asserts="2">
        <test-case id="0-1205" name="TestJsSignedRightShift" fullname="Kaitai.SpecJsSignedRightShift.TestJsSignedRightShift" methodname="TestJsSignedRightShift" classname="Kaitai.SpecJsSignedRightShift" runstate="Runnable" seed="2043155899" result="Passed" start-time="2023-07-23 22:34:41Z" end-time="2023-07-23 22:34:41Z" duration="0.000437" asserts="2" />
      </test-suite>
      <test-suite type="TestFixture" id="0-1206" name="SpecMetaTags" fullname="Kaitai.SpecMetaTags" classname="Kaitai.SpecMetaTags" runstate="Runnable" testcasecount="1" result="Passed" start-time="2023-07-23 22:34:41Z" end-time="2023-07-23 22:34:41Z" duration="0.002760" total="1" passed="1" failed="0" inconclusive="0" skipped="0" asserts="0">
        <test-case id="0-1207" name="TestMetaTags" fullname="Kaitai.SpecMetaTags.TestMetaTags" methodname="TestMetaTags" classname="Kaitai.SpecMetaTags" runstate="Runnable" seed="372970041" result="Passed" start-time="2023-07-23 22:34:41Z" end-time="2023-07-23 22:34:41Z" duration="0.000279" asserts="0" />
      </test-suite>
      <test-suite type="TestFixture" id="0-1208" name="SpecMetaXref" fullname="Kaitai.SpecMetaXref" classname="Kaitai.SpecMetaXref" runstate="Runnable" testcasecount="1" result="Passed" start-time="2023-07-23 22:34:41Z" end-time="2023-07-23 22:34:41Z" duration="0.002780" total="1" passed="1" failed="0" inconclusive="0" skipped="0" asserts="0">
        <test-case id="0-1209" name="TestMetaXref" fullname="Kaitai.SpecMetaXref.TestMetaXref" methodname="TestMetaXref" classname="Kaitai.SpecMetaXref" runstate="Runnable" seed="2102285790" result="Passed" start-time="2023-07-23 22:34:41Z" end-time="2023-07-23 22:34:41Z" duration="0.000279" asserts="0" />
      </test-suite>
      <test-suite type="TestFixture" id="0-1210" name="SpecMultipleUse" fullname="Kaitai.SpecMultipleUse" classname="Kaitai.SpecMultipleUse" runstate="Runnable" testcasecount="1" result="Passed" start-time="2023-07-23 22:34:41Z" end-time="2023-07-23 22:34:41Z" duration="0.003215" total="1" passed="1" failed="0" inconclusive="0" skipped="0" asserts="2">
        <test-case id="0-1211" name="TestMultipleUse" fullname="Kaitai.SpecMultipleUse.TestMultipleUse" methodname="TestMultipleUse" classname="Kaitai.SpecMultipleUse" runstate="Runnable" seed="1019105912" result="Passed" start-time="2023-07-23 22:34:41Z" end-time="2023-07-23 22:34:41Z" duration="0.000740" asserts="2" />
      </test-suite>
      <test-suite type="TestFixture" id="0-1212" name="SpecNavParent" fullname="Kaitai.SpecNavParent" classname="Kaitai.SpecNavParent" runstate="Runnable" testcasecount="1" result="Passed" start-time="2023-07-23 22:34:41Z" end-time="2023-07-23 22:34:41Z" duration="0.003760" total="1" passed="1" failed="0" inconclusive="0" skipped="0" asserts="5">
        <test-case id="0-1213" name="TestNavParent" fullname="Kaitai.SpecNavParent.TestNavParent" methodname="TestNavParent" classname="Kaitai.SpecNavParent" runstate="Runnable" seed="131703316" result="Passed" start-time="2023-07-23 22:34:41Z" end-time="2023-07-23 22:34:41Z" duration="0.001196" asserts="5" />
      </test-suite>
      <test-suite type="TestFixture" id="0-1214" name="SpecNavParent2" fullname="Kaitai.SpecNavParent2" classname="Kaitai.SpecNavParent2" runstate="Runnable" testcasecount="1" result="Passed" start-time="2023-07-23 22:34:41Z" end-time="2023-07-23 22:34:41Z" duration="0.004064" total="1" passed="1" failed="0" inconclusive="0" skipped="0" asserts="10">
        <test-case id="0-1215" name="TestNavParent2" fullname="Kaitai.SpecNavParent2.TestNavParent2" methodname="TestNavParent2" classname="Kaitai.SpecNavParent2" runstate="Runnable" seed="1408623279" result="Passed" start-time="2023-07-23 22:34:41Z" end-time="2023-07-23 22:34:41Z" duration="0.001586" asserts="10" />
      </test-suite>
      <test-suite type="TestFixture" id="0-1216" name="SpecNavParent3" fullname="Kaitai.SpecNavParent3" classname="Kaitai.SpecNavParent3" runstate="Runnable" testcasecount="1" result="Passed" start-time="2023-07-23 22:34:41Z" end-time="2023-07-23 22:34:41Z" duration="0.004096" total="1" passed="1" failed="0" inconclusive="0" skipped="0" asserts="10">
        <test-case id="0-1217" name="TestNavParent3" fullname="Kaitai.SpecNavParent3.TestNavParent3" methodname="TestNavParent3" classname="Kaitai.SpecNavParent3" runstate="Runnable" seed="2031638591" result="Passed" start-time="2023-07-23 22:34:41Z" end-time="2023-07-23 22:34:41Z" duration="0.001520" asserts="10" />
      </test-suite>
      <test-suite type="TestFixture" id="0-1218" name="SpecNavParentFalse" fullname="Kaitai.SpecNavParentFalse" classname="Kaitai.SpecNavParentFalse" runstate="Runnable" testcasecount="1" result="Passed" start-time="2023-07-23 22:34:41Z" end-time="2023-07-23 22:34:41Z" duration="0.003367" total="1" passed="1" failed="0" inconclusive="0" skipped="0" asserts="5">
        <test-case id="0-1219" name="TestNavParentFalse" fullname="Kaitai.SpecNavParentFalse.TestNavParentFalse" methodname="TestNavParentFalse" classname="Kaitai.SpecNavParentFalse" runstate="Runnable" seed="1015570422" result="Passed" start-time="2023-07-23 22:34:41Z" end-time="2023-07-23 22:34:41Z" duration="0.000881" asserts="5" />
      </test-suite>
      <test-suite type="TestFixture" id="0-1220" name="SpecNavParentFalse2" fullname="Kaitai.SpecNavParentFalse2" classname="Kaitai.SpecNavParentFalse2" runstate="Runnable" testcasecount="1" result="Passed" start-time="2023-07-23 22:34:41Z" end-time="2023-07-23 22:34:41Z" duration="0.003127" total="1" passed="1" failed="0" inconclusive="0" skipped="0" asserts="1">
        <test-case id="0-1221" name="TestNavParentFalse2" fullname="Kaitai.SpecNavParentFalse2.TestNavParentFalse2" methodname="TestNavParentFalse2" classname="Kaitai.SpecNavParentFalse2" runstate="Runnable" seed="671048260" result="Passed" start-time="2023-07-23 22:34:41Z" end-time="2023-07-23 22:34:41Z" duration="0.000523" asserts="1" />
      </test-suite>
      <test-suite type="TestFixture" id="0-1222" name="SpecNavParentOverride" fullname="Kaitai.SpecNavParentOverride" classname="Kaitai.SpecNavParentOverride" runstate="Runnable" testcasecount="1" result="Passed" start-time="2023-07-23 22:34:41Z" end-time="2023-07-23 22:34:41Z" duration="0.003337" total="1" passed="1" failed="0" inconclusive="0" skipped="0" asserts="3">
        <test-case id="0-1223" name="TestNavParentOverride" fullname="Kaitai.SpecNavParentOverride.TestNavParentOverride" methodname="TestNavParentOverride" classname="Kaitai.SpecNavParentOverride" runstate="Runnable" seed="1472843275" result="Passed" start-time="2023-07-23 22:34:41Z" end-time="2023-07-23 22:34:41Z" duration="0.000823" asserts="3" />
      </test-suite>
      <test-suite type="TestFixture" id="0-1224" name="SpecNavParentSwitch" fullname="Kaitai.SpecNavParentSwitch" classname="Kaitai.SpecNavParentSwitch" runstate="Runnable" testcasecount="1" result="Passed" start-time="2023-07-23 22:34:41Z" end-time="2023-07-23 22:34:41Z" duration="0.003284" total="1" passed="1" failed="0" inconclusive="0" skipped="0" asserts="3">
        <test-case id="0-1225" name="TestNavParentSwitch" fullname="Kaitai.SpecNavParentSwitch.TestNavParentSwitch" methodname="TestNavParentSwitch" classname="Kaitai.SpecNavParentSwitch" runstate="Runnable" seed="511256468" result="Passed" start-time="2023-07-23 22:34:41Z" end-time="2023-07-23 22:34:41Z" duration="0.000750" asserts="3" />
      </test-suite>
      <test-suite type="TestFixture" id="0-1226" name="SpecNavParentVsValueInst" fullname="Kaitai.SpecNavParentVsValueInst" classname="Kaitai.SpecNavParentVsValueInst" runstate="Runnable" testcasecount="1" result="Passed" start-time="2023-07-23 22:34:41Z" end-time="2023-07-23 22:34:41Z" duration="0.002994" total="1" passed="1" failed="0" inconclusive="0" skipped="0" asserts="1">
        <test-case id="0-1227" name="TestNavParentVsValueInst" fullname="Kaitai.SpecNavParentVsValueInst.TestNavParentVsValueInst" methodname="TestNavParentVsValueInst" classname="Kaitai.SpecNavParentVsValueInst" runstate="Runnable" seed="874215907" result="Passed" start-time="2023-07-23 22:34:41Z" end-time="2023-07-23 22:34:41Z" duration="0.000475" asserts="1" />
      </test-suite>
      <test-suite type="TestFixture" id="0-1228" name="SpecNavRoot" fullname="Kaitai.SpecNavRoot" classname="Kaitai.SpecNavRoot" runstate="Runnable" testcasecount="1" result="Passed" start-time="2023-07-23 22:34:41Z" end-time="2023-07-23 22:34:41Z" duration="0.004025" total="1" passed="1" failed="0" inconclusive="0" skipped="0" asserts="5">
        <test-case id="0-1229" name="TestNavRoot" fullname="Kaitai.SpecNavRoot.TestNavRoot" methodname="TestNavRoot" classname="Kaitai.SpecNavRoot" runstate="Runnable" seed="33572827" result="Passed" start-time="2023-07-23 22:34:41Z" end-time="2023-07-23 22:34:41Z" duration="0.001517" asserts="5" />
      </test-suite>
      <test-suite type="TestFixture" id="0-1230" name="SpecNestedSameName" fullname="Kaitai.SpecNestedSameName" classname="Kaitai.SpecNestedSameName" runstate="Runnable" testcasecount="1" result="Passed" start-time="2023-07-23 22:34:41Z" end-time="2023-07-23 22:34:41Z" duration="0.003197" total="1" passed="1" failed="0" inconclusive="0" skipped="0" asserts="2">
        <test-case id="0-1231" name="TestNestedSameName" fullname="Kaitai.SpecNestedSameName.TestNestedSameName" methodname="TestNestedSameName" classname="Kaitai.SpecNestedSameName" runstate="Runnable" seed="1037969388" result="Passed" start-time="2023-07-23 22:34:41Z" end-time="2023-07-23 22:34:41Z" duration="0.000724" asserts="2" />
      </test-suite>
      <test-suite type="TestFixture" id="0-1232" name="SpecNestedSameName2" fullname="Kaitai.SpecNestedSameName2" classname="Kaitai.SpecNestedSameName2" runstate="Runnable" testcasecount="1" result="Passed" start-time="2023-07-23 22:34:41Z" end-time="2023-07-23 22:34:41Z" duration="0.003588" total="1" passed="1" failed="0" inconclusive="0" skipped="0" asserts="5">
        <test-case id="0-1233" name="TestNestedSameName2" fullname="Kaitai.SpecNestedSameName2.TestNestedSameName2" methodname="TestNestedSameName2" classname="Kaitai.SpecNestedSameName2" runstate="Runnable" seed="1152123456" result="Passed" start-time="2023-07-23 22:34:41Z" end-time="2023-07-23 22:34:41Z" duration="0.001115" asserts="5" />
      </test-suite>
      <test-suite type="TestFixture" id="0-1234" name="SpecNestedTypeParam" fullname="Kaitai.SpecNestedTypeParam" classname="Kaitai.SpecNestedTypeParam" runstate="Runnable" testcasecount="1" result="Passed" start-time="2023-07-23 22:34:41Z" end-time="2023-07-23 22:34:41Z" duration="0.003070" total="1" passed="1" failed="0" inconclusive="0" skipped="0" asserts="2">
        <test-case id="0-1235" name="TestNestedTypeParam" fullname="Kaitai.SpecNestedTypeParam.TestNestedTypeParam" methodname="TestNestedTypeParam" classname="Kaitai.SpecNestedTypeParam" runstate="Runnable" seed="43555411" result="Passed" start-time="2023-07-23 22:34:41Z" end-time="2023-07-23 22:34:41Z" duration="0.000502" asserts="2" />
      </test-suite>
      <test-suite type="TestFixture" id="0-1236" name="SpecNestedTypes" fullname="Kaitai.SpecNestedTypes" classname="Kaitai.SpecNestedTypes" runstate="Runnable" testcasecount="1" result="Passed" start-time="2023-07-23 22:34:41Z" end-time="2023-07-23 22:34:41Z" duration="0.003304" total="1" passed="1" failed="0" inconclusive="0" skipped="0" asserts="3">
        <test-case id="0-1237" name="TestNestedTypes" fullname="Kaitai.SpecNestedTypes.TestNestedTypes" methodname="TestNestedTypes" classname="Kaitai.SpecNestedTypes" runstate="Runnable" seed="1822119708" result="Passed" start-time="2023-07-23 22:34:41Z" end-time="2023-07-23 22:34:41Z" duration="0.000816" asserts="3" />
      </test-suite>
      <test-suite type="TestFixture" id="0-1238" name="SpecNestedTypes2" fullname="Kaitai.SpecNestedTypes2" classname="Kaitai.SpecNestedTypes2" runstate="Runnable" testcasecount="1" result="Passed" start-time="2023-07-23 22:34:41Z" end-time="2023-07-23 22:34:41Z" duration="0.003669" total="1" passed="1" failed="0" inconclusive="0" skipped="0" asserts="7">
        <test-case id="0-1239" name="TestNestedTypes2" fullname="Kaitai.SpecNestedTypes2.TestNestedTypes2" methodname="TestNestedTypes2" classname="Kaitai.SpecNestedTypes2" runstate="Runnable" seed="383128819" result="Passed" start-time="2023-07-23 22:34:41Z" end-time="2023-07-23 22:34:41Z" duration="0.001186" asserts="7" />
      </test-suite>
      <test-suite type="TestFixture" id="0-1240" name="SpecNestedTypes3" fullname="Kaitai.SpecNestedTypes3" classname="Kaitai.SpecNestedTypes3" runstate="Runnable" testcasecount="1" result="Passed" start-time="2023-07-23 22:34:41Z" end-time="2023-07-23 22:34:41Z" duration="0.003457" total="1" passed="1" failed="0" inconclusive="0" skipped="0" asserts="5">
        <test-case id="0-1241" name="TestNestedTypes3" fullname="Kaitai.SpecNestedTypes3.TestNestedTypes3" methodname="TestNestedTypes3" classname="Kaitai.SpecNestedTypes3" runstate="Runnable" seed="1421637206" result="Passed" start-time="2023-07-23 22:34:41Z" end-time="2023-07-23 22:34:41Z" duration="0.000989" asserts="5" />
      </test-suite>
      <test-suite type="TestFixture" id="0-1242" name="SpecNonStandard" fullname="Kaitai.SpecNonStandard" classname="Kaitai.SpecNonStandard" runstate="Runnable" testcasecount="1" result="Passed" start-time="2023-07-23 22:34:41Z" end-time="2023-07-23 22:34:41Z" duration="0.002895" total="1" passed="1" failed="0" inconclusive="0" skipped="0" asserts="1">
        <test-case id="0-1243" name="TestNonStandard" fullname="Kaitai.SpecNonStandard.TestNonStandard" methodname="TestNonStandard" classname="Kaitai.SpecNonStandard" runstate="Runnable" seed="109398803" result="Passed" start-time="2023-07-23 22:34:41Z" end-time="2023-07-23 22:34:41Z" duration="0.000424" asserts="1" />
      </test-suite>
      <test-suite type="TestFixture" id="0-1244" name="SpecOpaqueExternalType" fullname="Kaitai.SpecOpaqueExternalType" classname="Kaitai.SpecOpaqueExternalType" runstate="Runnable" testcasecount="1" result="Passed" start-time="2023-07-23 22:34:41Z" end-time="2023-07-23 22:34:41Z" duration="0.003155" total="1" passed="1" failed="0" inconclusive="0" skipped="0" asserts="3">
        <test-case id="0-1245" name="TestOpaqueExternalType" fullname="Kaitai.SpecOpaqueExternalType.TestOpaqueExternalType" methodname="TestOpaqueExternalType" classname="Kaitai.SpecOpaqueExternalType" runstate="Runnable" seed="1949940798" result="Passed" start-time="2023-07-23 22:34:41Z" end-time="2023-07-23 22:34:41Z" duration="0.000614" asserts="3" />
      </test-suite>
      <test-suite type="TestFixture" id="0-1246" name="SpecOpaqueExternalType02Parent" fullname="Kaitai.SpecOpaqueExternalType02Parent" classname="Kaitai.SpecOpaqueExternalType02Parent" runstate="Runnable" testcasecount="1" result="Passed" start-time="2023-07-23 22:34:41Z" end-time="2023-07-23 22:34:41Z" duration="0.003357" total="1" passed="1" failed="0" inconclusive="0" skipped="0" asserts="3">
        <test-case id="0-1247" name="TestOpaqueExternalType02Parent" fullname="Kaitai.SpecOpaqueExternalType02Parent.TestOpaqueExternalType02Parent" methodname="TestOpaqueExternalType02Parent" classname="Kaitai.SpecOpaqueExternalType02Parent" runstate="Runnable" seed="1644227893" result="Passed" start-time="2023-07-23 22:34:41Z" end-time="2023-07-23 22:34:41Z" duration="0.000844" asserts="3" />
      </test-suite>
      <test-suite type="TestFixture" id="0-1248" name="SpecOpaqueWithParam" fullname="Kaitai.SpecOpaqueWithParam" classname="Kaitai.SpecOpaqueWithParam" runstate="Runnable" testcasecount="1" result="Passed" start-time="2023-07-23 22:34:41Z" end-time="2023-07-23 22:34:41Z" duration="0.003105" total="1" passed="1" failed="0" inconclusive="0" skipped="0" asserts="2">
        <test-case id="0-1249" name="TestOpaqueWithParam" fullname="Kaitai.SpecOpaqueWithParam.TestOpaqueWithParam" methodname="TestOpaqueWithParam" classname="Kaitai.SpecOpaqueWithParam" runstate="Runnable" seed="1837696725" result="Passed" start-time="2023-07-23 22:34:41Z" end-time="2023-07-23 22:34:41Z" duration="0.000638" asserts="2" />
      </test-suite>
      <test-suite type="TestFixture" id="0-1250" name="SpecOptionalId" fullname="Kaitai.SpecOptionalId" classname="Kaitai.SpecOptionalId" runstate="Runnable" testcasecount="1" result="Passed" start-time="2023-07-23 22:34:41Z" end-time="2023-07-23 22:34:41Z" duration="0.002928" total="1" passed="1" failed="0" inconclusive="0" skipped="0" asserts="3">
        <test-case id="0-1251" name="TestOptionalId" fullname="Kaitai.SpecOptionalId.TestOptionalId" methodname="TestOptionalId" classname="Kaitai.SpecOptionalId" runstate="Runnable" seed="1091002220" result="Passed" start-time="2023-07-23 22:34:41Z" end-time="2023-07-23 22:34:41Z" duration="0.000446" asserts="3" />
      </test-suite>
      <test-suite type="TestFixture" id="0-1252" name="SpecParamsCallExtraParens" fullname="Kaitai.SpecParamsCallExtraParens" classname="Kaitai.SpecParamsCallExtraParens" runstate="Runnable" testcasecount="1" result="Passed" start-time="2023-07-23 22:34:41Z" end-time="2023-07-23 22:34:41Z" duration="0.003043" total="1" passed="1" failed="0" inconclusive="0" skipped="0" asserts="1">
        <test-case id="0-1253" name="TestParamsCallExtraParens" fullname="Kaitai.SpecParamsCallExtraParens.TestParamsCallExtraParens" methodname="TestParamsCallExtraParens" classname="Kaitai.SpecParamsCallExtraParens" runstate="Runnable" seed="1043880638" result="Passed" start-time="2023-07-23 22:34:41Z" end-time="2023-07-23 22:34:41Z" duration="0.000523" asserts="1" />
      </test-suite>
      <test-suite type="TestFixture" id="0-1254" name="SpecParamsCallShort" fullname="Kaitai.SpecParamsCallShort" classname="Kaitai.SpecParamsCallShort" runstate="Runnable" testcasecount="1" result="Passed" start-time="2023-07-23 22:34:41Z" end-time="2023-07-23 22:34:41Z" duration="0.003462" total="1" passed="1" failed="0" inconclusive="0" skipped="0" asserts="3">
        <test-case id="0-1255" name="TestParamsCallShort" fullname="Kaitai.SpecParamsCallShort.TestParamsCallShort" methodname="TestParamsCallShort" classname="Kaitai.SpecParamsCallShort" runstate="Runnable" seed="702259308" result="Passed" start-time="2023-07-23 22:34:41Z" end-time="2023-07-23 22:34:41Z" duration="0.000993" asserts="3" />
      </test-suite>
      <test-suite type="TestFixture" id="0-1256" name="SpecParamsDef" fullname="Kaitai.SpecParamsDef" classname="Kaitai.SpecParamsDef" runstate="Runnable" testcasecount="1" result="Passed" start-time="2023-07-23 22:34:41Z" end-time="2023-07-23 22:34:41Z" duration="0.002762" total="1" passed="1" failed="0" inconclusive="0" skipped="0" asserts="2">
        <test-case id="0-1257" name="TestParamsDef" fullname="Kaitai.SpecParamsDef.TestParamsDef" methodname="TestParamsDef" classname="Kaitai.SpecParamsDef" runstate="Runnable" seed="1974131562" result="Passed" start-time="2023-07-23 22:34:41Z" end-time="2023-07-23 22:34:41Z" duration="0.000258" asserts="2" />
      </test-suite>
      <test-suite type="TestFixture" id="0-1258" name="SpecParamsEnum" fullname="Kaitai.SpecParamsEnum" classname="Kaitai.SpecParamsEnum" runstate="Runnable" testcasecount="1" result="Passed" start-time="2023-07-23 22:34:41Z" end-time="2023-07-23 22:34:41Z" duration="0.003303" total="1" passed="1" failed="0" inconclusive="0" skipped="0" asserts="2">
        <test-case id="0-1259" name="TestParamsEnum" fullname="Kaitai.SpecParamsEnum.TestParamsEnum" methodname="TestParamsEnum" classname="Kaitai.SpecParamsEnum" runstate="Runnable" seed="521826190" result="Passed" start-time="2023-07-23 22:34:41Z" end-time="2023-07-23 22:34:41Z" duration="0.000661" asserts="2" />
      </test-suite>
      <test-suite type="TestFixture" id="0-1260" name="SpecParamsPassArrayInt" fullname="Kaitai.SpecParamsPassArrayInt" classname="Kaitai.SpecParamsPassArrayInt" runstate="Runnable" testcasecount="1" result="Passed" start-time="2023-07-23 22:34:41Z" end-time="2023-07-23 22:34:41Z" duration="0.003871" total="1" passed="1" failed="0" inconclusive="0" skipped="0" asserts="7">
        <test-case id="0-1261" name="TestParamsPassArrayInt" fullname="Kaitai.SpecParamsPassArrayInt.TestParamsPassArrayInt" methodname="TestParamsPassArrayInt" classname="Kaitai.SpecParamsPassArrayInt" runstate="Runnable" seed="1913558340" result="Passed" start-time="2023-07-23 22:34:41Z" end-time="2023-07-23 22:34:41Z" duration="0.001433" asserts="7" />
      </test-suite>
      <test-suite type="TestFixture" id="0-1262" name="SpecParamsPassArrayStr" fullname="Kaitai.SpecParamsPassArrayStr" classname="Kaitai.SpecParamsPassArrayStr" runstate="Runnable" testcasecount="1" result="Passed" start-time="2023-07-23 22:34:41Z" end-time="2023-07-23 22:34:41Z" duration="0.003777" total="1" passed="1" failed="0" inconclusive="0" skipped="0" asserts="7">
        <test-case id="0-1263" name="TestParamsPassArrayStr" fullname="Kaitai.SpecParamsPassArrayStr.TestParamsPassArrayStr" methodname="TestParamsPassArrayStr" classname="Kaitai.SpecParamsPassArrayStr" runstate="Runnable" seed="1365197740" result="Passed" start-time="2023-07-23 22:34:41Z" end-time="2023-07-23 22:34:41Z" duration="0.001288" asserts="7" />
      </test-suite>
      <test-suite type="TestFixture" id="0-1264" name="SpecParamsPassArrayStruct" fullname="Kaitai.SpecParamsPassArrayStruct" classname="Kaitai.SpecParamsPassArrayStruct" runstate="Runnable" testcasecount="1" result="Passed" start-time="2023-07-23 22:34:41Z" end-time="2023-07-23 22:34:41Z" duration="0.003927" total="1" passed="1" failed="0" inconclusive="0" skipped="0" asserts="3">
        <test-case id="0-1265" name="TestParamsPassArrayStruct" fullname="Kaitai.SpecParamsPassArrayStruct.TestParamsPassArrayStruct" methodname="TestParamsPassArrayStruct" classname="Kaitai.SpecParamsPassArrayStruct" runstate="Runnable" seed="1482028888" result="Passed" start-time="2023-07-23 22:34:41Z" end-time="2023-07-23 22:34:41Z" duration="0.001392" asserts="3" />
      </test-suite>
      <test-suite type="TestFixture" id="0-1266" name="SpecParamsPassArrayUsertype" fullname="Kaitai.SpecParamsPassArrayUsertype" classname="Kaitai.SpecParamsPassArrayUsertype" runstate="Runnable" testcasecount="1" result="Passed" start-time="2023-07-23 22:34:41Z" end-time="2023-07-23 22:34:41Z" duration="0.003744" total="1" passed="1" failed="0" inconclusive="0" skipped="0" asserts="5">
        <test-case id="0-1267" name="TestParamsPassArrayUsertype" fullname="Kaitai.SpecParamsPassArrayUsertype.TestParamsPassArrayUsertype" methodname="TestParamsPassArrayUsertype" classname="Kaitai.SpecParamsPassArrayUsertype" runstate="Runnable" seed="1993520423" result="Passed" start-time="2023-07-23 22:34:41Z" end-time="2023-07-23 22:34:41Z" duration="0.001247" asserts="5" />
      </test-suite>
      <test-suite type="TestFixture" id="0-1268" name="SpecParamsPassBool" fullname="Kaitai.SpecParamsPassBool" classname="Kaitai.SpecParamsPassBool" runstate="Runnable" testcasecount="1" result="Passed" start-time="2023-07-23 22:34:41Z" end-time="2023-07-23 22:34:41Z" duration="0.003923" total="1" passed="1" failed="0" inconclusive="0" skipped="0" asserts="14">
        <test-case id="0-1269" name="TestParamsPassBool" fullname="Kaitai.SpecParamsPassBool.TestParamsPassBool" methodname="TestParamsPassBool" classname="Kaitai.SpecParamsPassBool" runstate="Runnable" seed="1692302420" result="Passed" start-time="2023-07-23 22:34:41Z" end-time="2023-07-23 22:34:41Z" duration="0.001321" asserts="14" />
      </test-suite>
      <test-suite type="TestFixture" id="0-1270" name="SpecParamsPassStruct" fullname="Kaitai.SpecParamsPassStruct" classname="Kaitai.SpecParamsPassStruct" runstate="Runnable" testcasecount="1" result="Passed" start-time="2023-07-23 22:34:41Z" end-time="2023-07-23 22:34:41Z" duration="0.003306" total="1" passed="1" failed="0" inconclusive="0" skipped="0" asserts="4">
        <test-case id="0-1271" name="TestParamsPassStruct" fullname="Kaitai.SpecParamsPassStruct.TestParamsPassStruct" methodname="TestParamsPassStruct" classname="Kaitai.SpecParamsPassStruct" runstate="Runnable" seed="329987414" result="Passed" start-time="2023-07-23 22:34:41Z" end-time="2023-07-23 22:34:41Z" duration="0.000837" asserts="4" />
      </test-suite>
      <test-suite type="TestFixture" id="0-1272" name="SpecParamsPassUsertype" fullname="Kaitai.SpecParamsPassUsertype" classname="Kaitai.SpecParamsPassUsertype" runstate="Runnable" testcasecount="1" result="Passed" start-time="2023-07-23 22:34:41Z" end-time="2023-07-23 22:34:41Z" duration="0.003968" total="1" passed="1" failed="0" inconclusive="0" skipped="0" asserts="2">
        <test-case id="0-1273" name="TestParamsPassUsertype" fullname="Kaitai.SpecParamsPassUsertype.TestParamsPassUsertype" methodname="TestParamsPassUsertype" classname="Kaitai.SpecParamsPassUsertype" runstate="Runnable" seed="1842535190" result="Passed" start-time="2023-07-23 22:34:41Z" end-time="2023-07-23 22:34:41Z" duration="0.000736" asserts="2" />
      </test-suite>
      <test-suite type="TestFixture" id="0-1274" name="SpecPositionAbs" fullname="Kaitai.SpecPositionAbs" classname="Kaitai.SpecPositionAbs" runstate="Runnable" testcasecount="1" result="Passed" start-time="2023-07-23 22:34:41Z" end-time="2023-07-23 22:34:41Z" duration="0.004362" total="1" passed="1" failed="0" inconclusive="0" skipped="0" asserts="2">
        <test-case id="0-1275" name="TestPositionAbs" fullname="Kaitai.SpecPositionAbs.TestPositionAbs" methodname="TestPositionAbs" classname="Kaitai.SpecPositionAbs" runstate="Runnable" seed="1073342650" result="Passed" start-time="2023-07-23 22:34:41Z" end-time="2023-07-23 22:34:41Z" duration="0.000784" asserts="2" />
      </test-suite>
      <test-suite type="TestFixture" id="0-1276" name="SpecPositionInSeq" fullname="Kaitai.SpecPositionInSeq" classname="Kaitai.SpecPositionInSeq" runstate="Runnable" testcasecount="1" result="Passed" start-time="2023-07-23 22:34:41Z" end-time="2023-07-23 22:34:41Z" duration="0.004546" total="1" passed="1" failed="0" inconclusive="0" skipped="0" asserts="1">
        <test-case id="0-1277" name="TestPositionInSeq" fullname="Kaitai.SpecPositionInSeq.TestPositionInSeq" methodname="TestPositionInSeq" classname="Kaitai.SpecPositionInSeq" runstate="Runnable" seed="1451166533" result="Passed" start-time="2023-07-23 22:34:41Z" end-time="2023-07-23 22:34:41Z" duration="0.002007" asserts="1" />
      </test-suite>
      <test-suite type="TestFixture" id="0-1278" name="SpecPositionToEnd" fullname="Kaitai.SpecPositionToEnd" classname="Kaitai.SpecPositionToEnd" runstate="Runnable" testcasecount="1" result="Passed" start-time="2023-07-23 22:34:41Z" end-time="2023-07-23 22:34:41Z" duration="0.004558" total="1" passed="1" failed="0" inconclusive="0" skipped="0" asserts="2">
        <test-case id="0-1279" name="TestPositionToEnd" fullname="Kaitai.SpecPositionToEnd.TestPositionToEnd" methodname="TestPositionToEnd" classname="Kaitai.SpecPositionToEnd" runstate="Runnable" seed="62294316" result="Passed" start-time="2023-07-23 22:34:41Z" end-time="2023-07-23 22:34:41Z" duration="0.001132" asserts="2" />
      </test-suite>
      <test-suite type="TestFixture" id="0-1280" name="SpecProcessCoerceBytes" fullname="Kaitai.SpecProcessCoerceBytes" classname="Kaitai.SpecProcessCoerceBytes" runstate="Runnable" testcasecount="1" result="Passed" start-time="2023-07-23 22:34:41Z" end-time="2023-07-23 22:34:41Z" duration="0.004161" total="1" passed="1" failed="0" inconclusive="0" skipped="0" asserts="4">
        <test-case id="0-1281" name="TestProcessCoerceBytes" fullname="Kaitai.SpecProcessCoerceBytes.TestProcessCoerceBytes" methodname="TestProcessCoerceBytes" classname="Kaitai.SpecProcessCoerceBytes" runstate="Runnable" seed="2113688674" result="Passed" start-time="2023-07-23 22:34:41Z" end-time="2023-07-23 22:34:41Z" duration="0.001394" asserts="4" />
      </test-suite>
      <test-suite type="TestFixture" id="0-1282" name="SpecProcessCoerceSwitch" fullname="Kaitai.SpecProcessCoerceSwitch" classname="Kaitai.SpecProcessCoerceSwitch" runstate="Runnable" testcasecount="1" result="Passed" start-time="2023-07-23 22:34:41Z" end-time="2023-07-23 22:34:41Z" duration="0.003393" total="1" passed="1" failed="0" inconclusive="0" skipped="0" asserts="3">
        <test-case id="0-1283" name="TestProcessCoerceSwitch" fullname="Kaitai.SpecProcessCoerceSwitch.TestProcessCoerceSwitch" methodname="TestProcessCoerceSwitch" classname="Kaitai.SpecProcessCoerceSwitch" runstate="Runnable" seed="1706919712" result="Passed" start-time="2023-07-23 22:34:41Z" end-time="2023-07-23 22:34:41Z" duration="0.000914" asserts="3" />
      </test-suite>
      <test-suite type="TestFixture" id="0-1284" name="SpecProcessCoerceUsertype1" fullname="Kaitai.SpecProcessCoerceUsertype1" classname="Kaitai.SpecProcessCoerceUsertype1" runstate="Runnable" testcasecount="1" result="Passed" start-time="2023-07-23 22:34:41Z" end-time="2023-07-23 22:34:41Z" duration="0.004322" total="1" passed="1" failed="0" inconclusive="0" skipped="0" asserts="4">
        <test-case id="0-1285" name="TestProcessCoerceUsertype1" fullname="Kaitai.SpecProcessCoerceUsertype1.TestProcessCoerceUsertype1" methodname="TestProcessCoerceUsertype1" classname="Kaitai.SpecProcessCoerceUsertype1" runstate="Runnable" seed="416504608" result="Passed" start-time="2023-07-23 22:34:41Z" end-time="2023-07-23 22:34:41Z" duration="0.001803" asserts="4" />
      </test-suite>
      <test-suite type="TestFixture" id="0-1286" name="SpecProcessCoerceUsertype2" fullname="Kaitai.SpecProcessCoerceUsertype2" classname="Kaitai.SpecProcessCoerceUsertype2" runstate="Runnable" testcasecount="1" result="Passed" start-time="2023-07-23 22:34:41Z" end-time="2023-07-23 22:34:41Z" duration="0.003705" total="1" passed="1" failed="0" inconclusive="0" skipped="0" asserts="4">
        <test-case id="0-1287" name="TestProcessCoerceUsertype2" fullname="Kaitai.SpecProcessCoerceUsertype2.TestProcessCoerceUsertype2" methodname="TestProcessCoerceUsertype2" classname="Kaitai.SpecProcessCoerceUsertype2" runstate="Runnable" seed="1982879626" result="Passed" start-time="2023-07-23 22:34:41Z" end-time="2023-07-23 22:34:41Z" duration="0.001284" asserts="4" />
      </test-suite>
      <test-suite type="TestFixture" id="0-1288" name="SpecProcessCustom" fullname="Kaitai.SpecProcessCustom" classname="Kaitai.SpecProcessCustom" runstate="Runnable" testcasecount="1" result="Passed" start-time="2023-07-23 22:34:41Z" end-time="2023-07-23 22:34:41Z" duration="0.003515" total="1" passed="1" failed="0" inconclusive="0" skipped="0" asserts="3">
        <test-case id="0-1289" name="TestProcessCustom" fullname="Kaitai.SpecProcessCustom.TestProcessCustom" methodname="TestProcessCustom" classname="Kaitai.SpecProcessCustom" runstate="Runnable" seed="1081823345" result="Passed" start-time="2023-07-23 22:34:41Z" end-time="2023-07-23 22:34:41Z" duration="0.001049" asserts="3" />
      </test-suite>
      <test-suite type="TestFixture" id="0-1290" name="SpecProcessCustomNoArgs" fullname="Kaitai.SpecProcessCustomNoArgs" classname="Kaitai.SpecProcessCustomNoArgs" runstate="Runnable" testcasecount="1" result="Passed" start-time="2023-07-23 22:34:41Z" end-time="2023-07-23 22:34:41Z" duration="0.003238" total="1" passed="1" failed="0" inconclusive="0" skipped="0" asserts="1">
        <test-case id="0-1291" name="TestProcessCustomNoArgs" fullname="Kaitai.SpecProcessCustomNoArgs.TestProcessCustomNoArgs" methodname="TestProcessCustomNoArgs" classname="Kaitai.SpecProcessCustomNoArgs" runstate="Runnable" seed="1571786252" result="Passed" start-time="2023-07-23 22:34:41Z" end-time="2023-07-23 22:34:41Z" duration="0.000584" asserts="1" />
      </test-suite>
      <test-suite type="TestFixture" id="0-1292" name="SpecProcessRepeatBytes" fullname="Kaitai.SpecProcessRepeatBytes" classname="Kaitai.SpecProcessRepeatBytes" runstate="Runnable" testcasecount="1" result="Passed" start-time="2023-07-23 22:34:41Z" end-time="2023-07-23 22:34:41Z" duration="0.003284" total="1" passed="1" failed="0" inconclusive="0" skipped="0" asserts="2">
        <test-case id="0-1293" name="TestProcessRepeatBytes" fullname="Kaitai.SpecProcessRepeatBytes.TestProcessRepeatBytes" methodname="TestProcessRepeatBytes" classname="Kaitai.SpecProcessRepeatBytes" runstate="Runnable" seed="94032917" result="Passed" start-time="2023-07-23 22:34:41Z" end-time="2023-07-23 22:34:41Z" duration="0.000795" asserts="2" />
      </test-suite>
      <test-suite type="TestFixture" id="0-1294" name="SpecProcessRepeatUsertype" fullname="Kaitai.SpecProcessRepeatUsertype" classname="Kaitai.SpecProcessRepeatUsertype" runstate="Runnable" testcasecount="1" result="Passed" start-time="2023-07-23 22:34:41Z" end-time="2023-07-23 22:34:41Z" duration="0.003780" total="1" passed="1" failed="0" inconclusive="0" skipped="0" asserts="4">
        <test-case id="0-1295" name="TestProcessRepeatUsertype" fullname="Kaitai.SpecProcessRepeatUsertype.TestProcessRepeatUsertype" methodname="TestProcessRepeatUsertype" classname="Kaitai.SpecProcessRepeatUsertype" runstate="Runnable" seed="1035191066" result="Passed" start-time="2023-07-23 22:34:41Z" end-time="2023-07-23 22:34:41Z" duration="0.001324" asserts="4" />
      </test-suite>
      <test-suite type="TestFixture" id="0-1296" name="SpecProcessRotate" fullname="Kaitai.SpecProcessRotate" classname="Kaitai.SpecProcessRotate" runstate="Runnable" testcasecount="1" result="Passed" start-time="2023-07-23 22:34:41Z" end-time="2023-07-23 22:34:41Z" duration="0.003326" total="1" passed="1" failed="0" inconclusive="0" skipped="0" asserts="3">
        <test-case id="0-1297" name="TestProcessRotate" fullname="Kaitai.SpecProcessRotate.TestProcessRotate" methodname="TestProcessRotate" classname="Kaitai.SpecProcessRotate" runstate="Runnable" seed="243728903" result="Passed" start-time="2023-07-23 22:34:41Z" end-time="2023-07-23 22:34:41Z" duration="0.000873" asserts="3" />
      </test-suite>
      <test-suite type="TestFixture" id="0-1298" name="SpecProcessToUser" fullname="Kaitai.SpecProcessToUser" classname="Kaitai.SpecProcessToUser" runstate="Runnable" testcasecount="1" result="Passed" start-time="2023-07-23 22:34:41Z" end-time="2023-07-23 22:34:41Z" duration="0.003220" total="1" passed="1" failed="0" inconclusive="0" skipped="0" asserts="1">
        <test-case id="0-1299" name="TestProcessToUser" fullname="Kaitai.SpecProcessToUser.TestProcessToUser" methodname="TestProcessToUser" classname="Kaitai.SpecProcessToUser" runstate="Runnable" seed="342631009" result="Passed" start-time="2023-07-23 22:34:41Z" end-time="2023-07-23 22:34:41Z" duration="0.000700" asserts="1" />
      </test-suite>
      <test-suite type="TestFixture" id="0-1300" name="SpecProcessXor4Const" fullname="Kaitai.SpecProcessXor4Const" classname="Kaitai.SpecProcessXor4Const" runstate="Runnable" testcasecount="1" result="Passed" start-time="2023-07-23 22:34:41Z" end-time="2023-07-23 22:34:41Z" duration="0.005563" total="1" passed="1" failed="0" inconclusive="0" skipped="0" asserts="2">
        <test-case id="0-1301" name="TestProcessXor4Const" fullname="Kaitai.SpecProcessXor4Const.TestProcessXor4Const" methodname="TestProcessXor4Const" classname="Kaitai.SpecProcessXor4Const" runstate="Runnable" seed="1603726562" result="Passed" start-time="2023-07-23 22:34:41Z" end-time="2023-07-23 22:34:41Z" duration="0.002319" asserts="2" />
      </test-suite>
      <test-suite type="TestFixture" id="0-1302" name="SpecProcessXor4Value" fullname="Kaitai.SpecProcessXor4Value" classname="Kaitai.SpecProcessXor4Value" runstate="Runnable" testcasecount="1" result="Passed" start-time="2023-07-23 22:34:41Z" end-time="2023-07-23 22:34:41Z" duration="0.003167" total="1" passed="1" failed="0" inconclusive="0" skipped="0" asserts="2">
        <test-case id="0-1303" name="TestProcessXor4Value" fullname="Kaitai.SpecProcessXor4Value.TestProcessXor4Value" methodname="TestProcessXor4Value" classname="Kaitai.SpecProcessXor4Value" runstate="Runnable" seed="1530483934" result="Passed" start-time="2023-07-23 22:34:41Z" end-time="2023-07-23 22:34:41Z" duration="0.000698" asserts="2" />
      </test-suite>
      <test-suite type="TestFixture" id="0-1304" name="SpecProcessXorConst" fullname="Kaitai.SpecProcessXorConst" classname="Kaitai.SpecProcessXorConst" runstate="Runnable" testcasecount="1" result="Passed" start-time="2023-07-23 22:34:41Z" end-time="2023-07-23 22:34:41Z" duration="0.003042" total="1" passed="1" failed="0" inconclusive="0" skipped="0" asserts="2">
        <test-case id="0-1305" name="TestProcessXorConst" fullname="Kaitai.SpecProcessXorConst.TestProcessXorConst" methodname="TestProcessXorConst" classname="Kaitai.SpecProcessXorConst" runstate="Runnable" seed="2111454128" result="Passed" start-time="2023-07-23 22:34:41Z" end-time="2023-07-23 22:34:41Z" duration="0.000586" asserts="2" />
      </test-suite>
      <test-suite type="TestFixture" id="0-1306" name="SpecProcessXorValue" fullname="Kaitai.SpecProcessXorValue" classname="Kaitai.SpecProcessXorValue" runstate="Runnable" testcasecount="1" result="Passed" start-time="2023-07-23 22:34:41Z" end-time="2023-07-23 22:34:41Z" duration="0.003953" total="1" passed="1" failed="0" inconclusive="0" skipped="0" asserts="2">
        <test-case id="0-1307" name="TestProcessXorValue" fullname="Kaitai.SpecProcessXorValue.TestProcessXorValue" methodname="TestProcessXorValue" classname="Kaitai.SpecProcessXorValue" runstate="Runnable" seed="1758628857" result="Passed" start-time="2023-07-23 22:34:41Z" end-time="2023-07-23 22:34:41Z" duration="0.000585" asserts="2" />
      </test-suite>
      <test-suite type="TestFixture" id="0-1308" name="SpecRecursiveOne" fullname="Kaitai.SpecRecursiveOne" classname="Kaitai.SpecRecursiveOne" runstate="Runnable" testcasecount="1" result="Passed" start-time="2023-07-23 22:34:41Z" end-time="2023-07-23 22:34:41Z" duration="0.003530" total="1" passed="1" failed="0" inconclusive="0" skipped="0" asserts="4">
        <test-case id="0-1309" name="TestRecursiveOne" fullname="Kaitai.SpecRecursiveOne.TestRecursiveOne" methodname="TestRecursiveOne" classname="Kaitai.SpecRecursiveOne" runstate="Runnable" seed="365130266" result="Passed" start-time="2023-07-23 22:34:41Z" end-time="2023-07-23 22:34:41Z" duration="0.001038" asserts="4" />
      </test-suite>
      <test-suite type="TestFixture" id="0-1310" name="SpecRepeatEosBit" fullname="Kaitai.SpecRepeatEosBit" classname="Kaitai.SpecRepeatEosBit" runstate="Runnable" testcasecount="1" result="Passed" start-time="2023-07-23 22:34:41Z" end-time="2023-07-23 22:34:41Z" duration="0.004712" total="1" passed="1" failed="0" inconclusive="0" skipped="0" asserts="1">
        <test-case id="0-1311" name="TestRepeatEosBit" fullname="Kaitai.SpecRepeatEosBit.TestRepeatEosBit" methodname="TestRepeatEosBit" classname="Kaitai.SpecRepeatEosBit" runstate="Runnable" seed="1752265542" result="Passed" start-time="2023-07-23 22:34:41Z" end-time="2023-07-23 22:34:41Z" duration="0.002120" asserts="1" />
      </test-suite>
      <test-suite type="TestFixture" id="0-1312" name="SpecRepeatEosStruct" fullname="Kaitai.SpecRepeatEosStruct" classname="Kaitai.SpecRepeatEosStruct" runstate="Runnable" testcasecount="1" result="Passed" start-time="2023-07-23 22:34:41Z" end-time="2023-07-23 22:34:41Z" duration="0.003962" total="1" passed="1" failed="0" inconclusive="0" skipped="0" asserts="5">
        <test-case id="0-1313" name="TestRepeatEosStruct" fullname="Kaitai.SpecRepeatEosStruct.TestRepeatEosStruct" methodname="TestRepeatEosStruct" classname="Kaitai.SpecRepeatEosStruct" runstate="Runnable" seed="1054154883" result="Passed" start-time="2023-07-23 22:34:41Z" end-time="2023-07-23 22:34:41Z" duration="0.001372" asserts="5" />
      </test-suite>
      <test-suite type="TestFixture" id="0-1314" name="SpecRepeatEosU4" fullname="Kaitai.SpecRepeatEosU4" classname="Kaitai.SpecRepeatEosU4" runstate="Runnable" testcasecount="1" result="Passed" start-time="2023-07-23 22:34:41Z" end-time="2023-07-23 22:34:41Z" duration="0.003427" total="1" passed="1" failed="0" inconclusive="0" skipped="0" asserts="1">
        <test-case id="0-1315" name="TestRepeatEosU4" fullname="Kaitai.SpecRepeatEosU4.TestRepeatEosU4" methodname="TestRepeatEosU4" classname="Kaitai.SpecRepeatEosU4" runstate="Runnable" seed="249799830" result="Passed" start-time="2023-07-23 22:34:41Z" end-time="2023-07-23 22:34:41Z" duration="0.000990" asserts="1" />
      </test-suite>
      <test-suite type="TestFixture" id="0-1316" name="SpecRepeatNStruct" fullname="Kaitai.SpecRepeatNStruct" classname="Kaitai.SpecRepeatNStruct" runstate="Runnable" testcasecount="1" result="Passed" start-time="2023-07-23 22:34:41Z" end-time="2023-07-23 22:34:41Z" duration="0.004138" total="1" passed="1" failed="0" inconclusive="0" skipped="0" asserts="5">
        <test-case id="0-1317" name="TestRepeatNStruct" fullname="Kaitai.SpecRepeatNStruct.TestRepeatNStruct" methodname="TestRepeatNStruct" classname="Kaitai.SpecRepeatNStruct" runstate="Runnable" seed="1882597651" result="Passed" start-time="2023-07-23 22:34:41Z" end-time="2023-07-23 22:34:41Z" duration="0.001075" asserts="5" />
      </test-suite>
      <test-suite type="TestFixture" id="0-1318" name="SpecRepeatNStrz" fullname="Kaitai.SpecRepeatNStrz" classname="Kaitai.SpecRepeatNStrz" runstate="Runnable" testcasecount="1" result="Passed" start-time="2023-07-23 22:34:41Z" end-time="2023-07-23 22:34:41Z" duration="0.003168" total="1" passed="1" failed="0" inconclusive="0" skipped="0" asserts="2">
        <test-case id="0-1319" name="TestRepeatNStrz" fullname="Kaitai.SpecRepeatNStrz.TestRepeatNStrz" methodname="TestRepeatNStrz" classname="Kaitai.SpecRepeatNStrz" runstate="Runnable" seed="452540218" result="Passed" start-time="2023-07-23 22:34:41Z" end-time="2023-07-23 22:34:41Z" duration="0.000745" asserts="2" />
      </test-suite>
      <test-suite type="TestFixture" id="0-1320" name="SpecRepeatNStrzDouble" fullname="Kaitai.SpecRepeatNStrzDouble" classname="Kaitai.SpecRepeatNStrzDouble" runstate="Runnable" testcasecount="1" result="Passed" start-time="2023-07-23 22:34:41Z" end-time="2023-07-23 22:34:41Z" duration="0.003333" total="1" passed="1" failed="0" inconclusive="0" skipped="0" asserts="3">
        <test-case id="0-1321" name="TestRepeatNStrzDouble" fullname="Kaitai.SpecRepeatNStrzDouble.TestRepeatNStrzDouble" methodname="TestRepeatNStrzDouble" classname="Kaitai.SpecRepeatNStrzDouble" runstate="Runnable" seed="735704570" result="Passed" start-time="2023-07-23 22:34:41Z" end-time="2023-07-23 22:34:41Z" duration="0.000894" asserts="3" />
      </test-suite>
      <test-suite type="TestFixture" id="0-1322" name="SpecRepeatUntilComplex" fullname="Kaitai.SpecRepeatUntilComplex" classname="Kaitai.SpecRepeatUntilComplex" runstate="Runnable" testcasecount="1" result="Passed" start-time="2023-07-23 22:34:41Z" end-time="2023-07-23 22:34:41Z" duration="0.006348" total="1" passed="1" failed="0" inconclusive="0" skipped="0" asserts="15">
        <test-case id="0-1323" name="TestRepeatUntilComplex" fullname="Kaitai.SpecRepeatUntilComplex.TestRepeatUntilComplex" methodname="TestRepeatUntilComplex" classname="Kaitai.SpecRepeatUntilComplex" runstate="Runnable" seed="2138464005" result="Passed" start-time="2023-07-23 22:34:41Z" end-time="2023-07-23 22:34:41Z" duration="0.003699" asserts="15" />
      </test-suite>
      <test-suite type="TestFixture" id="0-1324" name="SpecRepeatUntilS4" fullname="Kaitai.SpecRepeatUntilS4" classname="Kaitai.SpecRepeatUntilS4" runstate="Runnable" testcasecount="1" result="Passed" start-time="2023-07-23 22:34:41Z" end-time="2023-07-23 22:34:41Z" duration="0.003487" total="1" passed="1" failed="0" inconclusive="0" skipped="0" asserts="2">
        <test-case id="0-1325" name="TestRepeatUntilS4" fullname="Kaitai.SpecRepeatUntilS4.TestRepeatUntilS4" methodname="TestRepeatUntilS4" classname="Kaitai.SpecRepeatUntilS4" runstate="Runnable" seed="797152729" result="Passed" start-time="2023-07-23 22:34:41Z" end-time="2023-07-23 22:34:41Z" duration="0.000973" asserts="2" />
      </test-suite>
      <test-suite type="TestFixture" id="0-1326" name="SpecStrEncodings" fullname="Kaitai.SpecStrEncodings" classname="Kaitai.SpecStrEncodings" runstate="Runnable" testcasecount="1" result="Passed" start-time="2023-07-23 22:34:41Z" end-time="2023-07-23 22:34:41Z" duration="0.003122" total="1" passed="1" failed="0" inconclusive="0" skipped="0" asserts="4">
        <test-case id="0-1327" name="TestStrEncodings" fullname="Kaitai.SpecStrEncodings.TestStrEncodings" methodname="TestStrEncodings" classname="Kaitai.SpecStrEncodings" runstate="Runnable" seed="892518890" result="Passed" start-time="2023-07-23 22:34:41Z" end-time="2023-07-23 22:34:41Z" duration="0.000578" asserts="4" />
      </test-suite>
      <test-suite type="TestFixture" id="0-1328" name="SpecStrEncodingsDefault" fullname="Kaitai.SpecStrEncodingsDefault" classname="Kaitai.SpecStrEncodingsDefault" runstate="Runnable" testcasecount="1" result="Passed" start-time="2023-07-23 22:34:41Z" end-time="2023-07-23 22:34:41Z" duration="0.003169" total="1" passed="1" failed="0" inconclusive="0" skipped="0" asserts="4">
        <test-case id="0-1329" name="TestStrEncodingsDefault" fullname="Kaitai.SpecStrEncodingsDefault.TestStrEncodingsDefault" methodname="TestStrEncodingsDefault" classname="Kaitai.SpecStrEncodingsDefault" runstate="Runnable" seed="1096078968" result="Passed" start-time="2023-07-23 22:34:41Z" end-time="2023-07-23 22:34:41Z" duration="0.000675" asserts="4" />
      </test-suite>
      <test-suite type="TestFixture" id="0-1330" name="SpecStrEncodingsUtf16" fullname="Kaitai.SpecStrEncodingsUtf16" classname="Kaitai.SpecStrEncodingsUtf16" runstate="Runnable" testcasecount="1" result="Passed" start-time="2023-07-23 22:34:41Z" end-time="2023-07-23 22:34:41Z" duration="0.004935" total="1" passed="1" failed="0" inconclusive="0" skipped="0" asserts="6">
        <test-case id="0-1331" name="TestStrEncodingsUtf16" fullname="Kaitai.SpecStrEncodingsUtf16.TestStrEncodingsUtf16" methodname="TestStrEncodingsUtf16" classname="Kaitai.SpecStrEncodingsUtf16" runstate="Runnable" seed="1430563295" result="Passed" start-time="2023-07-23 22:34:41Z" end-time="2023-07-23 22:34:41Z" duration="0.002442" asserts="6" />
      </test-suite>
      <test-suite type="TestFixture" id="0-1332" name="SpecStrEos" fullname="Kaitai.SpecStrEos" classname="Kaitai.SpecStrEos" runstate="Runnable" testcasecount="1" result="Passed" start-time="2023-07-23 22:34:41Z" end-time="2023-07-23 22:34:41Z" duration="0.002859" total="1" passed="1" failed="0" inconclusive="0" skipped="0" asserts="1">
        <test-case id="0-1333" name="TestStrEos" fullname="Kaitai.SpecStrEos.TestStrEos" methodname="TestStrEos" classname="Kaitai.SpecStrEos" runstate="Runnable" seed="1089069845" result="Passed" start-time="2023-07-23 22:34:41Z" end-time="2023-07-23 22:34:41Z" duration="0.000371" asserts="1" />
      </test-suite>
      <test-suite type="TestFixture" id="0-1334" name="SpecStrLiterals" fullname="Kaitai.SpecStrLiterals" classname="Kaitai.SpecStrLiterals" runstate="Runnable" testcasecount="1" result="Passed" start-time="2023-07-23 22:34:41Z" end-time="2023-07-23 22:34:41Z" duration="0.005743" total="1" passed="1" failed="0" inconclusive="0" skipped="0" asserts="5">
        <test-case id="0-1335" name="TestStrLiterals" fullname="Kaitai.SpecStrLiterals.TestStrLiterals" methodname="TestStrLiterals" classname="Kaitai.SpecStrLiterals" runstate="Runnable" seed="479611868" result="Passed" start-time="2023-07-23 22:34:41Z" end-time="2023-07-23 22:34:41Z" duration="0.003148" asserts="5" />
      </test-suite>
      <test-suite type="TestFixture" id="0-1336" name="SpecStrLiterals2" fullname="Kaitai.SpecStrLiterals2" classname="Kaitai.SpecStrLiterals2" runstate="Runnable" testcasecount="1" result="Passed" start-time="2023-07-23 22:34:41Z" end-time="2023-07-23 22:34:41Z" duration="0.003000" total="1" passed="1" failed="0" inconclusive="0" skipped="0" asserts="4">
        <test-case id="0-1337" name="TestStrLiterals2" fullname="Kaitai.SpecStrLiterals2.TestStrLiterals2" methodname="TestStrLiterals2" classname="Kaitai.SpecStrLiterals2" runstate="Runnable" seed="1604020469" result="Passed" start-time="2023-07-23 22:34:41Z" end-time="2023-07-23 22:34:41Z" duration="0.000531" asserts="4" />
      </test-suite>
      <test-suite type="TestFixture" id="0-1338" name="SpecStrPadTerm" fullname="Kaitai.SpecStrPadTerm" classname="Kaitai.SpecStrPadTerm" runstate="Runnable" testcasecount="1" result="Passed" start-time="2023-07-23 22:34:41Z" end-time="2023-07-23 22:34:41Z" duration="0.003031" total="1" passed="1" failed="0" inconclusive="0" skipped="0" asserts="4">
        <test-case id="0-1339" name="TestStrPadTerm" fullname="Kaitai.SpecStrPadTerm.TestStrPadTerm" methodname="TestStrPadTerm" classname="Kaitai.SpecStrPadTerm" runstate="Runnable" seed="409697472" result="Passed" start-time="2023-07-23 22:34:41Z" end-time="2023-07-23 22:34:41Z" duration="0.000490" asserts="4" />
      </test-suite>
      <test-suite type="TestFixture" id="0-1340" name="SpecStrPadTermEmpty" fullname="Kaitai.SpecStrPadTermEmpty" classname="Kaitai.SpecStrPadTermEmpty" runstate="Runnable" testcasecount="1" result="Passed" start-time="2023-07-23 22:34:41Z" end-time="2023-07-23 22:34:41Z" duration="0.002963" total="1" passed="1" failed="0" inconclusive="0" skipped="0" asserts="4">
        <test-case id="0-1341" name="TestStrPadTermEmpty" fullname="Kaitai.SpecStrPadTermEmpty.TestStrPadTermEmpty" methodname="TestStrPadTermEmpty" classname="Kaitai.SpecStrPadTermEmpty" runstate="Runnable" seed="1799497820" result="Passed" start-time="2023-07-23 22:34:41Z" end-time="2023-07-23 22:34:41Z" duration="0.000486" asserts="4" />
      </test-suite>
      <test-suite type="TestFixture" id="0-1342" name="SpecSwitchBytearray" fullname="Kaitai.SpecSwitchBytearray" classname="Kaitai.SpecSwitchBytearray" runstate="Runnable" testcasecount="1" result="Passed" start-time="2023-07-23 22:34:41Z" end-time="2023-07-23 22:34:41Z" duration="0.004042" total="1" passed="1" failed="0" inconclusive="0" skipped="0" asserts="9">
        <test-case id="0-1343" name="TestSwitchBytearray" fullname="Kaitai.SpecSwitchBytearray.TestSwitchBytearray" methodname="TestSwitchBytearray" classname="Kaitai.SpecSwitchBytearray" runstate="Runnable" seed="6056020" result="Passed" start-time="2023-07-23 22:34:41Z" end-time="2023-07-23 22:34:41Z" duration="0.001557" asserts="9" />
      </test-suite>
      <test-suite type="TestFixture" id="0-1344" name="SpecSwitchCast" fullname="Kaitai.SpecSwitchCast" classname="Kaitai.SpecSwitchCast" runstate="Runnable" testcasecount="1" result="Passed" start-time="2023-07-23 22:34:41Z" end-time="2023-07-23 22:34:41Z" duration="0.004206" total="1" passed="1" failed="0" inconclusive="0" skipped="0" asserts="3">
        <test-case id="0-1345" name="TestSwitchCast" fullname="Kaitai.SpecSwitchCast.TestSwitchCast" methodname="TestSwitchCast" classname="Kaitai.SpecSwitchCast" runstate="Runnable" seed="591709708" result="Passed" start-time="2023-07-23 22:34:41Z" end-time="2023-07-23 22:34:41Z" duration="0.001705" asserts="3" />
      </test-suite>
      <test-suite type="TestFixture" id="0-1346" name="SpecSwitchElseOnly" fullname="Kaitai.SpecSwitchElseOnly" classname="Kaitai.SpecSwitchElseOnly" runstate="Runnable" testcasecount="1" result="Passed" start-time="2023-07-23 22:34:41Z" end-time="2023-07-23 22:34:41Z" duration="0.003115" total="1" passed="1" failed="0" inconclusive="0" skipped="0" asserts="3">
        <test-case id="0-1347" name="TestSwitchElseOnly" fullname="Kaitai.SpecSwitchElseOnly.TestSwitchElseOnly" methodname="TestSwitchElseOnly" classname="Kaitai.SpecSwitchElseOnly" runstate="Runnable" seed="1938166445" result="Passed" start-time="2023-07-23 22:34:41Z" end-time="2023-07-23 22:34:41Z" duration="0.000632" asserts="3" />
      </test-suite>
      <test-suite type="TestFixture" id="0-1348" name="SpecSwitchIntegers" fullname="Kaitai.SpecSwitchIntegers" classname="Kaitai.SpecSwitchIntegers" runstate="Runnable" testcasecount="1" result="Passed" start-time="2023-07-23 22:34:41Z" end-time="2023-07-23 22:34:41Z" duration="0.003997" total="1" passed="1" failed="0" inconclusive="0" skipped="0" asserts="9">
        <test-case id="0-1349" name="TestSwitchIntegers" fullname="Kaitai.SpecSwitchIntegers.TestSwitchIntegers" methodname="TestSwitchIntegers" classname="Kaitai.SpecSwitchIntegers" runstate="Runnable" seed="1415912516" result="Passed" start-time="2023-07-23 22:34:41Z" end-time="2023-07-23 22:34:41Z" duration="0.001524" asserts="9" />
      </test-suite>
      <test-suite type="TestFixture" id="0-1350" name="SpecSwitchIntegers2" fullname="Kaitai.SpecSwitchIntegers2" classname="Kaitai.SpecSwitchIntegers2" runstate="Runnable" testcasecount="1" result="Passed" start-time="2023-07-23 22:34:41Z" end-time="2023-07-23 22:34:41Z" duration="0.003526" total="1" passed="1" failed="0" inconclusive="0" skipped="0" asserts="5">
        <test-case id="0-1351" name="TestSwitchIntegers2" fullname="Kaitai.SpecSwitchIntegers2.TestSwitchIntegers2" methodname="TestSwitchIntegers2" classname="Kaitai.SpecSwitchIntegers2" runstate="Runnable" seed="1539862219" result="Passed" start-time="2023-07-23 22:34:41Z" end-time="2023-07-23 22:34:41Z" duration="0.001043" asserts="5" />
      </test-suite>
      <test-suite type="TestFixture" id="0-1352" name="SpecSwitchManualEnum" fullname="Kaitai.SpecSwitchManualEnum" classname="Kaitai.SpecSwitchManualEnum" runstate="Runnable" testcasecount="1" result="Passed" start-time="2023-07-23 22:34:41Z" end-time="2023-07-23 22:34:41Z" duration="0.003969" total="1" passed="1" failed="0" inconclusive="0" skipped="0" asserts="9">
        <test-case id="0-1353" name="TestSwitchManualEnum" fullname="Kaitai.SpecSwitchManualEnum.TestSwitchManualEnum" methodname="TestSwitchManualEnum" classname="Kaitai.SpecSwitchManualEnum" runstate="Runnable" seed="2140269847" result="Passed" start-time="2023-07-23 22:34:41Z" end-time="2023-07-23 22:34:41Z" duration="0.001421" asserts="9" />
      </test-suite>
      <test-suite type="TestFixture" id="0-1354" name="SpecSwitchManualEnumInvalid" fullname="Kaitai.SpecSwitchManualEnumInvalid" classname="Kaitai.SpecSwitchManualEnumInvalid" runstate="Runnable" testcasecount="1" result="Passed" start-time="2023-07-23 22:34:41Z" end-time="2023-07-23 22:34:41Z" duration="0.003661" total="1" passed="1" failed="0" inconclusive="0" skipped="0" asserts="5">
        <test-case id="0-1355" name="TestSwitchManualEnumInvalid" fullname="Kaitai.SpecSwitchManualEnumInvalid.TestSwitchManualEnumInvalid" methodname="TestSwitchManualEnumInvalid" classname="Kaitai.SpecSwitchManualEnumInvalid" runstate="Runnable" seed="1037400093" result="Passed" start-time="2023-07-23 22:34:41Z" end-time="2023-07-23 22:34:41Z" duration="0.001065" asserts="5" />
      </test-suite>
      <test-suite type="TestFixture" id="0-1356" name="SpecSwitchManualEnumInvalidElse" fullname="Kaitai.SpecSwitchManualEnumInvalidElse" classname="Kaitai.SpecSwitchManualEnumInvalidElse" runstate="Runnable" testcasecount="1" result="Passed" start-time="2023-07-23 22:34:41Z" end-time="2023-07-23 22:34:41Z" duration="0.003668" total="1" passed="1" failed="0" inconclusive="0" skipped="0" asserts="5">
        <test-case id="0-1357" name="TestSwitchManualEnumInvalidElse" fullname="Kaitai.SpecSwitchManualEnumInvalidElse.TestSwitchManualEnumInvalidElse" methodname="TestSwitchManualEnumInvalidElse" classname="Kaitai.SpecSwitchManualEnumInvalidElse" runstate="Runnable" seed="1234861024" result="Passed" start-time="2023-07-23 22:34:41Z" end-time="2023-07-23 22:34:41Z" duration="0.001215" asserts="5" />
      </test-suite>
      <test-suite type="TestFixture" id="0-1358" name="SpecSwitchManualInt" fullname="Kaitai.SpecSwitchManualInt" classname="Kaitai.SpecSwitchManualInt" runstate="Runnable" testcasecount="1" result="Passed" start-time="2023-07-23 22:34:41Z" end-time="2023-07-23 22:34:41Z" duration="0.004303" total="1" passed="1" failed="0" inconclusive="0" skipped="0" asserts="9">
        <test-case id="0-1359" name="TestSwitchManualInt" fullname="Kaitai.SpecSwitchManualInt.TestSwitchManualInt" methodname="TestSwitchManualInt" classname="Kaitai.SpecSwitchManualInt" runstate="Runnable" seed="195551223" result="Passed" start-time="2023-07-23 22:34:41Z" end-time="2023-07-23 22:34:41Z" duration="0.001771" asserts="9" />
      </test-suite>
      <test-suite type="TestFixture" id="0-1360" name="SpecSwitchManualIntElse" fullname="Kaitai.SpecSwitchManualIntElse" classname="Kaitai.SpecSwitchManualIntElse" runstate="Runnable" testcasecount="1" result="Passed" start-time="2023-07-23 22:34:41Z" end-time="2023-07-23 22:34:41Z" duration="0.004014" total="1" passed="1" failed="0" inconclusive="0" skipped="0" asserts="9">
        <test-case id="0-1361" name="TestSwitchManualIntElse" fullname="Kaitai.SpecSwitchManualIntElse.TestSwitchManualIntElse" methodname="TestSwitchManualIntElse" classname="Kaitai.SpecSwitchManualIntElse" runstate="Runnable" seed="1950695938" result="Passed" start-time="2023-07-23 22:34:41Z" end-time="2023-07-23 22:34:41Z" duration="0.001519" asserts="9" />
      </test-suite>
      <test-suite type="TestFixture" id="0-1362" name="SpecSwitchManualIntSize" fullname="Kaitai.SpecSwitchManualIntSize" classname="Kaitai.SpecSwitchManualIntSize" runstate="Runnable" testcasecount="1" result="Passed" start-time="2023-07-23 22:34:41Z" end-time="2023-07-23 22:34:41Z" duration="0.004353" total="1" passed="1" failed="0" inconclusive="0" skipped="0" asserts="10">
        <test-case id="0-1363" name="TestSwitchManualIntSize" fullname="Kaitai.SpecSwitchManualIntSize.TestSwitchManualIntSize" methodname="TestSwitchManualIntSize" classname="Kaitai.SpecSwitchManualIntSize" runstate="Runnable" seed="963464171" result="Passed" start-time="2023-07-23 22:34:41Z" end-time="2023-07-23 22:34:41Z" duration="0.001884" asserts="10" />
      </test-suite>
      <test-suite type="TestFixture" id="0-1364" name="SpecSwitchManualIntSizeElse" fullname="Kaitai.SpecSwitchManualIntSizeElse" classname="Kaitai.SpecSwitchManualIntSizeElse" runstate="Runnable" testcasecount="1" result="Passed" start-time="2023-07-23 22:34:41Z" end-time="2023-07-23 22:34:41Z" duration="0.004721" total="1" passed="1" failed="0" inconclusive="0" skipped="0" asserts="10">
        <test-case id="0-1365" name="TestSwitchManualIntSizeElse" fullname="Kaitai.SpecSwitchManualIntSizeElse.TestSwitchManualIntSizeElse" methodname="TestSwitchManualIntSizeElse" classname="Kaitai.SpecSwitchManualIntSizeElse" runstate="Runnable" seed="1599256011" result="Passed" start-time="2023-07-23 22:34:41Z" end-time="2023-07-23 22:34:41Z" duration="0.002232" asserts="10" />
      </test-suite>
      <test-suite type="TestFixture" id="0-1366" name="SpecSwitchManualIntSizeEos" fullname="Kaitai.SpecSwitchManualIntSizeEos" classname="Kaitai.SpecSwitchManualIntSizeEos" runstate="Runnable" testcasecount="1" result="Passed" start-time="2023-07-23 22:34:41Z" end-time="2023-07-23 22:34:41Z" duration="0.004748" total="1" passed="1" failed="0" inconclusive="0" skipped="0" asserts="10">
        <test-case id="0-1367" name="TestSwitchManualIntSizeEos" fullname="Kaitai.SpecSwitchManualIntSizeEos.TestSwitchManualIntSizeEos" methodname="TestSwitchManualIntSizeEos" classname="Kaitai.SpecSwitchManualIntSizeEos" runstate="Runnable" seed="490798629" result="Passed" start-time="2023-07-23 22:34:41Z" end-time="2023-07-23 22:34:41Z" duration="0.002249" asserts="10" />
      </test-suite>
      <test-suite type="TestFixture" id="0-1368" name="SpecSwitchManualStr" fullname="Kaitai.SpecSwitchManualStr" classname="Kaitai.SpecSwitchManualStr" runstate="Runnable" testcasecount="1" result="Passed" start-time="2023-07-23 22:34:41Z" end-time="2023-07-23 22:34:41Z" duration="0.003890" total="1" passed="1" failed="0" inconclusive="0" skipped="0" asserts="9">
        <test-case id="0-1369" name="TestSwitchManualStr" fullname="Kaitai.SpecSwitchManualStr.TestSwitchManualStr" methodname="TestSwitchManualStr" classname="Kaitai.SpecSwitchManualStr" runstate="Runnable" seed="490945138" result="Passed" start-time="2023-07-23 22:34:41Z" end-time="2023-07-23 22:34:41Z" duration="0.001450" asserts="9" />
      </test-suite>
      <test-suite type="TestFixture" id="0-1370" name="SpecSwitchManualStrElse" fullname="Kaitai.SpecSwitchManualStrElse" classname="Kaitai.SpecSwitchManualStrElse" runstate="Runnable" testcasecount="1" result="Passed" start-time="2023-07-23 22:34:41Z" end-time="2023-07-23 22:34:41Z" duration="0.004379" total="1" passed="1" failed="0" inconclusive="0" skipped="0" asserts="9">
        <test-case id="0-1371" name="TestSwitchManualStrElse" fullname="Kaitai.SpecSwitchManualStrElse.TestSwitchManualStrElse" methodname="TestSwitchManualStrElse" classname="Kaitai.SpecSwitchManualStrElse" runstate="Runnable" seed="1939568117" result="Passed" start-time="2023-07-23 22:34:41Z" end-time="2023-07-23 22:34:41Z" duration="0.001844" asserts="9" />
      </test-suite>
      <test-suite type="TestFixture" id="0-1372" name="SpecSwitchMultiBoolOps" fullname="Kaitai.SpecSwitchMultiBoolOps" classname="Kaitai.SpecSwitchMultiBoolOps" runstate="Runnable" testcasecount="1" result="Passed" start-time="2023-07-23 22:34:41Z" end-time="2023-07-23 22:34:41Z" duration="0.003726" total="1" passed="1" failed="0" inconclusive="0" skipped="0" asserts="9">
        <test-case id="0-1373" name="TestSwitchMultiBoolOps" fullname="Kaitai.SpecSwitchMultiBoolOps.TestSwitchMultiBoolOps" methodname="TestSwitchMultiBoolOps" classname="Kaitai.SpecSwitchMultiBoolOps" runstate="Runnable" seed="170724221" result="Passed" start-time="2023-07-23 22:34:41Z" end-time="2023-07-23 22:34:41Z" duration="0.001230" asserts="9" />
      </test-suite>
      <test-suite type="TestFixture" id="0-1374" name="SpecTermBytes" fullname="Kaitai.SpecTermBytes" classname="Kaitai.SpecTermBytes" runstate="Runnable" testcasecount="1" result="Passed" start-time="2023-07-23 22:34:41Z" end-time="2023-07-23 22:34:41Z" duration="0.003574" total="1" passed="1" failed="0" inconclusive="0" skipped="0" asserts="3">
        <test-case id="0-1375" name="TestTermBytes" fullname="Kaitai.SpecTermBytes.TestTermBytes" methodname="TestTermBytes" classname="Kaitai.SpecTermBytes" runstate="Runnable" seed="5550980" result="Passed" start-time="2023-07-23 22:34:41Z" end-time="2023-07-23 22:34:41Z" duration="0.000471" asserts="3" />
      </test-suite>
      <test-suite type="TestFixture" id="0-1376" name="SpecTermStrz" fullname="Kaitai.SpecTermStrz" classname="Kaitai.SpecTermStrz" runstate="Runnable" testcasecount="1" result="Passed" start-time="2023-07-23 22:34:41Z" end-time="2023-07-23 22:34:41Z" duration="0.002877" total="1" passed="1" failed="0" inconclusive="0" skipped="0" asserts="3">
        <test-case id="0-1377" name="TestTermStrz" fullname="Kaitai.SpecTermStrz.TestTermStrz" methodname="TestTermStrz" classname="Kaitai.SpecTermStrz" runstate="Runnable" seed="1007891825" result="Passed" start-time="2023-07-23 22:34:41Z" end-time="2023-07-23 22:34:41Z" duration="0.000390" asserts="3" />
      </test-suite>
      <test-suite type="TestFixture" id="0-1378" name="SpecTermU1Val" fullname="Kaitai.SpecTermU1Val" classname="Kaitai.SpecTermU1Val" runstate="Runnable" testcasecount="1" result="Passed" start-time="2023-07-23 22:34:41Z" end-time="2023-07-23 22:34:41Z" duration="0.002965" total="1" passed="1" failed="0" inconclusive="0" skipped="0" asserts="2">
        <test-case id="0-1379" name="TestTermU1Val" fullname="Kaitai.SpecTermU1Val.TestTermU1Val" methodname="TestTermU1Val" classname="Kaitai.SpecTermU1Val" runstate="Runnable" seed="1265469140" result="Passed" start-time="2023-07-23 22:34:41Z" end-time="2023-07-23 22:34:41Z" duration="0.000461" asserts="2" />
      </test-suite>
      <test-suite type="TestFixture" id="0-1380" name="SpecToStringCustom" fullname="Kaitai.SpecToStringCustom" classname="Kaitai.SpecToStringCustom" runstate="Runnable" testcasecount="1" result="Passed" start-time="2023-07-23 22:34:41Z" end-time="2023-07-23 22:34:41Z" duration="0.003070" total="1" passed="1" failed="0" inconclusive="0" skipped="0" asserts="1">
        <test-case id="0-1381" name="TestToStringCustom" fullname="Kaitai.SpecToStringCustom.TestToStringCustom" methodname="TestToStringCustom" classname="Kaitai.SpecToStringCustom" runstate="Runnable" seed="685715099" result="Passed" start-time="2023-07-23 22:34:41Z" end-time="2023-07-23 22:34:41Z" duration="0.000624" asserts="1" />
      </test-suite>
      <test-suite type="TestFixture" id="0-1382" name="SpecTsPacketHeader" fullname="Kaitai.SpecTsPacketHeader" classname="Kaitai.SpecTsPacketHeader" runstate="Runnable" testcasecount="1" result="Passed" start-time="2023-07-23 22:34:41Z" end-time="2023-07-23 22:34:41Z" duration="0.003455" total="1" passed="1" failed="0" inconclusive="0" skipped="0" asserts="7">
        <test-case id="0-1383" name="TestTsPacketHeader" fullname="Kaitai.SpecTsPacketHeader.TestTsPacketHeader" methodname="TestTsPacketHeader" classname="Kaitai.SpecTsPacketHeader" runstate="Runnable" seed="984020586" result="Passed" start-time="2023-07-23 22:34:41Z" end-time="2023-07-23 22:34:41Z" duration="0.000967" asserts="7" />
      </test-suite>
      <test-suite type="TestFixture" id="0-1384" name="SpecTypeIntUnaryOp" fullname="Kaitai.SpecTypeIntUnaryOp" classname="Kaitai.SpecTypeIntUnaryOp" runstate="Runnable" testcasecount="1" result="Passed" start-time="2023-07-23 22:34:41Z" end-time="2023-07-23 22:34:41Z" duration="0.003061" total="1" passed="1" failed="0" inconclusive="0" skipped="0" asserts="4">
        <test-case id="0-1385" name="TestTypeIntUnaryOp" fullname="Kaitai.SpecTypeIntUnaryOp.TestTypeIntUnaryOp" methodname="TestTypeIntUnaryOp" classname="Kaitai.SpecTypeIntUnaryOp" runstate="Runnable" seed="1616859100" result="Passed" start-time="2023-07-23 22:34:41Z" end-time="2023-07-23 22:34:41Z" duration="0.000612" asserts="4" />
      </test-suite>
      <test-suite type="TestFixture" id="0-1386" name="SpecTypeTernary" fullname="Kaitai.SpecTypeTernary" classname="Kaitai.SpecTypeTernary" runstate="Runnable" testcasecount="1" result="Passed" start-time="2023-07-23 22:34:41Z" end-time="2023-07-23 22:34:41Z" duration="0.003244" total="1" passed="1" failed="0" inconclusive="0" skipped="0" asserts="1">
        <test-case id="0-1387" name="TestTypeTernary" fullname="Kaitai.SpecTypeTernary.TestTypeTernary" methodname="TestTypeTernary" classname="Kaitai.SpecTypeTernary" runstate="Runnable" seed="1105446842" result="Passed" start-time="2023-07-23 22:34:41Z" end-time="2023-07-23 22:34:41Z" duration="0.000762" asserts="1" />
      </test-suite>
      <test-suite type="TestFixture" id="0-1388" name="SpecTypeTernary2ndFalsy" fullname="Kaitai.SpecTypeTernary2ndFalsy" classname="Kaitai.SpecTypeTernary2ndFalsy" runstate="Runnable" testcasecount="1" result="Passed" start-time="2023-07-23 22:34:41Z" end-time="2023-07-23 22:34:41Z" duration="0.004484" total="1" passed="1" failed="0" inconclusive="0" skipped="0" asserts="13">
        <test-case id="0-1389" name="TestTypeTernary2ndFalsy" fullname="Kaitai.SpecTypeTernary2ndFalsy.TestTypeTernary2ndFalsy" methodname="TestTypeTernary2ndFalsy" classname="Kaitai.SpecTypeTernary2ndFalsy" runstate="Runnable" seed="51670362" result="Passed" start-time="2023-07-23 22:34:41Z" end-time="2023-07-23 22:34:41Z" duration="0.001990" asserts="13" />
      </test-suite>
      <test-suite type="TestFixture" id="0-1390" name="SpecTypeTernaryOpaque" fullname="Kaitai.SpecTypeTernaryOpaque" classname="Kaitai.SpecTypeTernaryOpaque" runstate="Runnable" testcasecount="1" result="Passed" start-time="2023-07-23 22:34:41Z" end-time="2023-07-23 22:34:41Z" duration="0.003099" total="1" passed="1" failed="0" inconclusive="0" skipped="0" asserts="3">
        <test-case id="0-1391" name="TestTypeTernaryOpaque" fullname="Kaitai.SpecTypeTernaryOpaque.TestTypeTernaryOpaque" methodname="TestTypeTernaryOpaque" classname="Kaitai.SpecTypeTernaryOpaque" runstate="Runnable" seed="2106858251" result="Passed" start-time="2023-07-23 22:34:41Z" end-time="2023-07-23 22:34:41Z" duration="0.000620" asserts="3" />
      </test-suite>
      <test-suite type="TestFixture" id="0-1392" name="SpecUserType" fullname="Kaitai.SpecUserType" classname="Kaitai.SpecUserType" runstate="Runnable" testcasecount="1" result="Passed" start-time="2023-07-23 22:34:41Z" end-time="2023-07-23 22:34:41Z" duration="0.003093" total="1" passed="1" failed="0" inconclusive="0" skipped="0" asserts="2">
        <test-case id="0-1393" name="TestUserType" fullname="Kaitai.SpecUserType.TestUserType" methodname="TestUserType" classname="Kaitai.SpecUserType" runstate="Runnable" seed="670963508" result="Passed" start-time="2023-07-23 22:34:41Z" end-time="2023-07-23 22:34:41Z" duration="0.000506" asserts="2" />
      </test-suite>
      <test-suite type="TestFixture" id="0-1394" name="SpecValidEqStrEncodings" fullname="Kaitai.SpecValidEqStrEncodings" classname="Kaitai.SpecValidEqStrEncodings" runstate="Runnable" testcasecount="1" result="Passed" start-time="2023-07-23 22:34:41Z" end-time="2023-07-23 22:34:41Z" duration="0.003315" total="1" passed="1" failed="0" inconclusive="0" skipped="0" asserts="0">
        <test-case id="0-1395" name="TestValidEqStrEncodings" fullname="Kaitai.SpecValidEqStrEncodings.TestValidEqStrEncodings" methodname="TestValidEqStrEncodings" classname="Kaitai.SpecValidEqStrEncodings" runstate="Runnable" seed="1591127456" result="Passed" start-time="2023-07-23 22:34:41Z" end-time="2023-07-23 22:34:41Z" duration="0.000744" asserts="0" />
      </test-suite>
      <test-suite type="TestFixture" id="0-1396" name="SpecValidFailAnyofInt" fullname="Kaitai.SpecValidFailAnyofInt" classname="Kaitai.SpecValidFailAnyofInt" runstate="Runnable" testcasecount="1" result="Passed" start-time="2023-07-23 22:34:41Z" end-time="2023-07-23 22:34:41Z" duration="0.003876" total="1" passed="1" failed="0" inconclusive="0" skipped="0" asserts="1">
        <test-case id="0-1397" name="TestValidFailAnyofInt" fullname="Kaitai.SpecValidFailAnyofInt.TestValidFailAnyofInt" methodname="TestValidFailAnyofInt" classname="Kaitai.SpecValidFailAnyofInt" runstate="Runnable" seed="2141368842" result="Passed" start-time="2023-07-23 22:34:41Z" end-time="2023-07-23 22:34:41Z" duration="0.001383" asserts="1" />
      </test-suite>
      <test-suite type="TestFixture" id="0-1398" name="SpecValidFailContents" fullname="Kaitai.SpecValidFailContents" classname="Kaitai.SpecValidFailContents" runstate="Runnable" testcasecount="1" result="Passed" start-time="2023-07-23 22:34:41Z" end-time="2023-07-23 22:34:41Z" duration="0.003530" total="1" passed="1" failed="0" inconclusive="0" skipped="0" asserts="1">
        <test-case id="0-1399" name="TestValidFailContents" fullname="Kaitai.SpecValidFailContents.TestValidFailContents" methodname="TestValidFailContents" classname="Kaitai.SpecValidFailContents" runstate="Runnable" seed="153168178" result="Passed" start-time="2023-07-23 22:34:41Z" end-time="2023-07-23 22:34:41Z" duration="0.001021" asserts="1" />
      </test-suite>
      <test-suite type="TestFixture" id="0-1400" name="SpecValidFailEqBytes" fullname="Kaitai.SpecValidFailEqBytes" classname="Kaitai.SpecValidFailEqBytes" runstate="Runnable" testcasecount="1" result="Passed" start-time="2023-07-23 22:34:41Z" end-time="2023-07-23 22:34:41Z" duration="0.003060" total="1" passed="1" failed="0" inconclusive="0" skipped="0" asserts="1">
        <test-case id="0-1401" name="TestValidFailEqBytes" fullname="Kaitai.SpecValidFailEqBytes.TestValidFailEqBytes" methodname="TestValidFailEqBytes" classname="Kaitai.SpecValidFailEqBytes" runstate="Runnable" seed="1988842619" result="Passed" start-time="2023-07-23 22:34:41Z" end-time="2023-07-23 22:34:41Z" duration="0.000556" asserts="1" />
      </test-suite>
      <test-suite type="TestFixture" id="0-1402" name="SpecValidFailEqInt" fullname="Kaitai.SpecValidFailEqInt" classname="Kaitai.SpecValidFailEqInt" runstate="Runnable" testcasecount="1" result="Passed" start-time="2023-07-23 22:34:41Z" end-time="2023-07-23 22:34:41Z" duration="0.003364" total="1" passed="1" failed="0" inconclusive="0" skipped="0" asserts="1">
        <test-case id="0-1403" name="TestValidFailEqInt" fullname="Kaitai.SpecValidFailEqInt.TestValidFailEqInt" methodname="TestValidFailEqInt" classname="Kaitai.SpecValidFailEqInt" runstate="Runnable" seed="258416224" result="Passed" start-time="2023-07-23 22:34:41Z" end-time="2023-07-23 22:34:41Z" duration="0.000740" asserts="1" />
      </test-suite>
      <test-suite type="TestFixture" id="0-1404" name="SpecValidFailEqStr" fullname="Kaitai.SpecValidFailEqStr" classname="Kaitai.SpecValidFailEqStr" runstate="Runnable" testcasecount="1" result="Passed" start-time="2023-07-23 22:34:41Z" end-time="2023-07-23 22:34:41Z" duration="0.003263" total="1" passed="1" failed="0" inconclusive="0" skipped="0" asserts="1">
        <test-case id="0-1405" name="TestValidFailEqStr" fullname="Kaitai.SpecValidFailEqStr.TestValidFailEqStr" methodname="TestValidFailEqStr" classname="Kaitai.SpecValidFailEqStr" runstate="Runnable" seed="415248981" result="Passed" start-time="2023-07-23 22:34:41Z" end-time="2023-07-23 22:34:41Z" duration="0.000681" asserts="1" />
      </test-suite>
      <test-suite type="TestFixture" id="0-1406" name="SpecValidFailExpr" fullname="Kaitai.SpecValidFailExpr" classname="Kaitai.SpecValidFailExpr" runstate="Runnable" testcasecount="1" result="Passed" start-time="2023-07-23 22:34:41Z" end-time="2023-07-23 22:34:41Z" duration="0.003559" total="1" passed="1" failed="0" inconclusive="0" skipped="0" asserts="1">
        <test-case id="0-1407" name="TestValidFailExpr" fullname="Kaitai.SpecValidFailExpr.TestValidFailExpr" methodname="TestValidFailExpr" classname="Kaitai.SpecValidFailExpr" runstate="Runnable" seed="543172348" result="Passed" start-time="2023-07-23 22:34:41Z" end-time="2023-07-23 22:34:41Z" duration="0.001023" asserts="1" />
      </test-suite>
      <test-suite type="TestFixture" id="0-1408" name="SpecValidFailInst" fullname="Kaitai.SpecValidFailInst" classname="Kaitai.SpecValidFailInst" runstate="Runnable" testcasecount="1" result="Passed" start-time="2023-07-23 22:34:41Z" end-time="2023-07-23 22:34:41Z" duration="0.003344" total="1" passed="1" failed="0" inconclusive="0" skipped="0" asserts="1">
        <test-case id="0-1409" name="TestValidFailInst" fullname="Kaitai.SpecValidFailInst.TestValidFailInst" methodname="TestValidFailInst" classname="Kaitai.SpecValidFailInst" runstate="Runnable" seed="1051825714" result="Passed" start-time="2023-07-23 22:34:41Z" end-time="2023-07-23 22:34:41Z" duration="0.000776" asserts="1" />
      </test-suite>
      <test-suite type="TestFixture" id="0-1410" name="SpecValidFailMaxInt" fullname="Kaitai.SpecValidFailMaxInt" classname="Kaitai.SpecValidFailMaxInt" runstate="Runnable" testcasecount="1" result="Passed" start-time="2023-07-23 22:34:41Z" end-time="2023-07-23 22:34:41Z" duration="0.003152" total="1" passed="1" failed="0" inconclusive="0" skipped="0" asserts="1">
        <test-case id="0-1411" name="TestValidFailMaxInt" fullname="Kaitai.SpecValidFailMaxInt.TestValidFailMaxInt" methodname="TestValidFailMaxInt" classname="Kaitai.SpecValidFailMaxInt" runstate="Runnable" seed="174859604" result="Passed" start-time="2023-07-23 22:34:41Z" end-time="2023-07-23 22:34:41Z" duration="0.000655" asserts="1" />
      </test-suite>
      <test-suite type="TestFixture" id="0-1412" name="SpecValidFailMinInt" fullname="Kaitai.SpecValidFailMinInt" classname="Kaitai.SpecValidFailMinInt" runstate="Runnable" testcasecount="1" result="Passed" start-time="2023-07-23 22:34:41Z" end-time="2023-07-23 22:34:41Z" duration="0.003178" total="1" passed="1" failed="0" inconclusive="0" skipped="0" asserts="1">
        <test-case id="0-1413" name="TestValidFailMinInt" fullname="Kaitai.SpecValidFailMinInt.TestValidFailMinInt" methodname="TestValidFailMinInt" classname="Kaitai.SpecValidFailMinInt" runstate="Runnable" seed="2044273982" result="Passed" start-time="2023-07-23 22:34:41Z" end-time="2023-07-23 22:34:41Z" duration="0.000668" asserts="1" />
      </test-suite>
      <test-suite type="TestFixture" id="0-1414" name="SpecValidFailRangeBytes" fullname="Kaitai.SpecValidFailRangeBytes" classname="Kaitai.SpecValidFailRangeBytes" runstate="Runnable" testcasecount="1" result="Passed" start-time="2023-07-23 22:34:41Z" end-time="2023-07-23 22:34:41Z" duration="0.003289" total="1" passed="1" failed="0" inconclusive="0" skipped="0" asserts="1">
        <test-case id="0-1415" name="TestValidFailRangeBytes" fullname="Kaitai.SpecValidFailRangeBytes.TestValidFailRangeBytes" methodname="TestValidFailRangeBytes" classname="Kaitai.SpecValidFailRangeBytes" runstate="Runnable" seed="1831001250" result="Passed" start-time="2023-07-23 22:34:41Z" end-time="2023-07-23 22:34:41Z" duration="0.000721" asserts="1" />
      </test-suite>
      <test-suite type="TestFixture" id="0-1416" name="SpecValidFailRangeFloat" fullname="Kaitai.SpecValidFailRangeFloat" classname="Kaitai.SpecValidFailRangeFloat" runstate="Runnable" testcasecount="1" result="Passed" start-time="2023-07-23 22:34:41Z" end-time="2023-07-23 22:34:41Z" duration="0.004911" total="1" passed="1" failed="0" inconclusive="0" skipped="0" asserts="1">
        <test-case id="0-1417" name="TestValidFailRangeFloat" fullname="Kaitai.SpecValidFailRangeFloat.TestValidFailRangeFloat" methodname="TestValidFailRangeFloat" classname="Kaitai.SpecValidFailRangeFloat" runstate="Runnable" seed="889065131" result="Passed" start-time="2023-07-23 22:34:41Z" end-time="2023-07-23 22:34:41Z" duration="0.002286" asserts="1" />
      </test-suite>
      <test-suite type="TestFixture" id="0-1418" name="SpecValidFailRangeInt" fullname="Kaitai.SpecValidFailRangeInt" classname="Kaitai.SpecValidFailRangeInt" runstate="Runnable" testcasecount="1" result="Passed" start-time="2023-07-23 22:34:41Z" end-time="2023-07-23 22:34:41Z" duration="0.003213" total="1" passed="1" failed="0" inconclusive="0" skipped="0" asserts="1">
        <test-case id="0-1419" name="TestValidFailRangeInt" fullname="Kaitai.SpecValidFailRangeInt.TestValidFailRangeInt" methodname="TestValidFailRangeInt" classname="Kaitai.SpecValidFailRangeInt" runstate="Runnable" seed="1663759881" result="Passed" start-time="2023-07-23 22:34:41Z" end-time="2023-07-23 22:34:41Z" duration="0.000705" asserts="1" />
      </test-suite>
      <test-suite type="TestFixture" id="0-1420" name="SpecValidFailRangeStr" fullname="Kaitai.SpecValidFailRangeStr" classname="Kaitai.SpecValidFailRangeStr" runstate="Runnable" testcasecount="1" result="Passed" start-time="2023-07-23 22:34:41Z" end-time="2023-07-23 22:34:41Z" duration="0.003428" total="1" passed="1" failed="0" inconclusive="0" skipped="0" asserts="1">
        <test-case id="0-1421" name="TestValidFailRangeStr" fullname="Kaitai.SpecValidFailRangeStr.TestValidFailRangeStr" methodname="TestValidFailRangeStr" classname="Kaitai.SpecValidFailRangeStr" runstate="Runnable" seed="1082132880" result="Passed" start-time="2023-07-23 22:34:41Z" end-time="2023-07-23 22:34:41Z" duration="0.000796" asserts="1" />
      </test-suite>
      <test-suite type="TestFixture" id="0-1422" name="SpecValidLong" fullname="Kaitai.SpecValidLong" classname="Kaitai.SpecValidLong" runstate="Runnable" testcasecount="1" result="Passed" start-time="2023-07-23 22:34:41Z" end-time="2023-07-23 22:34:41Z" duration="0.003677" total="1" passed="1" failed="0" inconclusive="0" skipped="0" asserts="0">
        <test-case id="0-1423" name="TestValidLong" fullname="Kaitai.SpecValidLong.TestValidLong" methodname="TestValidLong" classname="Kaitai.SpecValidLong" runstate="Runnable" seed="226488343" result="Passed" start-time="2023-07-23 22:34:41Z" end-time="2023-07-23 22:34:41Z" duration="0.001220" asserts="0" />
      </test-suite>
      <test-suite type="TestFixture" id="0-1424" name="SpecValidNotParsedIf" fullname="Kaitai.SpecValidNotParsedIf" classname="Kaitai.SpecValidNotParsedIf" runstate="Runnable" testcasecount="1" result="Passed" start-time="2023-07-23 22:34:41Z" end-time="2023-07-23 22:34:41Z" duration="0.003174" total="1" passed="1" failed="0" inconclusive="0" skipped="0" asserts="0">
        <test-case id="0-1425" name="TestValidNotParsedIf" fullname="Kaitai.SpecValidNotParsedIf.TestValidNotParsedIf" methodname="TestValidNotParsedIf" classname="Kaitai.SpecValidNotParsedIf" runstate="Runnable" seed="1829776249" result="Passed" start-time="2023-07-23 22:34:41Z" end-time="2023-07-23 22:34:41Z" duration="0.000603" asserts="0" />
      </test-suite>
      <test-suite type="TestFixture" id="0-1426" name="SpecValidOptionalId" fullname="Kaitai.SpecValidOptionalId" classname="Kaitai.SpecValidOptionalId" runstate="Runnable" testcasecount="1" result="Passed" start-time="2023-07-23 22:34:41Z" end-time="2023-07-23 22:34:41Z" duration="0.003306" total="1" passed="1" failed="0" inconclusive="0" skipped="0" asserts="0">
        <test-case id="0-1427" name="TestValidOptionalId" fullname="Kaitai.SpecValidOptionalId.TestValidOptionalId" methodname="TestValidOptionalId" classname="Kaitai.SpecValidOptionalId" runstate="Runnable" seed="56251157" result="Passed" start-time="2023-07-23 22:34:41Z" end-time="2023-07-23 22:34:41Z" duration="0.000728" asserts="0" />
      </test-suite>
      <test-suite type="TestFixture" id="0-1428" name="SpecValidShort" fullname="Kaitai.SpecValidShort" classname="Kaitai.SpecValidShort" runstate="Runnable" testcasecount="1" result="Passed" start-time="2023-07-23 22:34:41Z" end-time="2023-07-23 22:34:41Z" duration="0.003455" total="1" passed="1" failed="0" inconclusive="0" skipped="0" asserts="0">
        <test-case id="0-1429" name="TestValidShort" fullname="Kaitai.SpecValidShort.TestValidShort" methodname="TestValidShort" classname="Kaitai.SpecValidShort" runstate="Runnable" seed="130765058" result="Passed" start-time="2023-07-23 22:34:41Z" end-time="2023-07-23 22:34:41Z" duration="0.000957" asserts="0" />
      </test-suite>
      <test-suite type="TestFixture" id="0-1430" name="SpecValidSwitch" fullname="Kaitai.SpecValidSwitch" classname="Kaitai.SpecValidSwitch" runstate="Runnable" testcasecount="1" result="Passed" start-time="2023-07-23 22:34:41Z" end-time="2023-07-23 22:34:41Z" duration="0.002972" total="1" passed="1" failed="0" inconclusive="0" skipped="0" asserts="0">
        <test-case id="0-1431" name="TestValidSwitch" fullname="Kaitai.SpecValidSwitch.TestValidSwitch" methodname="TestValidSwitch" classname="Kaitai.SpecValidSwitch" runstate="Runnable" seed="761357870" result="Passed" start-time="2023-07-23 22:34:41Z" end-time="2023-07-23 22:34:41Z" duration="0.000512" asserts="0" />
      </test-suite>
      <test-suite type="TestFixture" id="0-1432" name="SpecZlibSurrounded" fullname="Kaitai.SpecZlibSurrounded" classname="Kaitai.SpecZlibSurrounded" runstate="Runnable" testcasecount="1" result="Passed" start-time="2023-07-23 22:34:41Z" end-time="2023-07-23 22:34:41Z" duration="0.009993" total="1" passed="1" failed="0" inconclusive="0" skipped="0" asserts="1">
        <test-case id="0-1433" name="TestZlibSurrounded" fullname="Kaitai.SpecZlibSurrounded.TestZlibSurrounded" methodname="TestZlibSurrounded" classname="Kaitai.SpecZlibSurrounded" runstate="Runnable" seed="110868396" result="Passed" start-time="2023-07-23 22:34:41Z" end-time="2023-07-23 22:34:41Z" duration="0.006829" asserts="1" />
      </test-suite>
      <test-suite type="TestFixture" id="0-1434" name="SpecZlibWithHeader78" fullname="Kaitai.SpecZlibWithHeader78" classname="Kaitai.SpecZlibWithHeader78" runstate="Runnable" testcasecount="1" result="Passed" start-time="2023-07-23 22:34:41Z" end-time="2023-07-23 22:34:41Z" duration="0.003677" total="1" passed="1" failed="0" inconclusive="0" skipped="0" asserts="1">
        <test-case id="0-1435" name="TestZlibWithHeader78" fullname="Kaitai.SpecZlibWithHeader78.TestZlibWithHeader78" methodname="TestZlibWithHeader78" classname="Kaitai.SpecZlibWithHeader78" runstate="Runnable" seed="1269741730" result="Passed" start-time="2023-07-23 22:34:41Z" end-time="2023-07-23 22:34:41Z" duration="0.000947" asserts="1" />
      </test-suite>
    </test-suite>
  </test-suite>
</test-run>