<?xml version="1.0" encoding="utf-8" standalone="no"?>
<test-run id="2" testcasecount="217" result="Failed" total="217" passed="216" failed="1" inconclusive="0" skipped="0" asserts="975" engine-version="3.4.1.0" clr-version="4.0.30319.42000" start-time="2023-07-03 08:33:41Z" end-time="2023-07-03 08:33:43Z" duration="1.569559">
  <command-line><![CDATA[/home/runner/work/ci_targets/ci_targets/tests/spec/csharp/packages/NUnit.ConsoleRunner.3.4.1/tools/nunit3-console.exe --result=test_out/csharp/TestResult.xml spec/csharp/kaitai_struct_csharp_tests/bin/Debug/kaitai_struct_csharp_tests.dll]]></command-line>
  <test-suite type="Assembly" id="0-1434" name="kaitai_struct_csharp_tests.dll" fullname="/home/runner/work/ci_targets/ci_targets/tests/spec/csharp/kaitai_struct_csharp_tests/bin/Debug/kaitai_struct_csharp_tests.dll" runstate="Runnable" testcasecount="217" result="Failed" site="Child" start-time="2023-07-03 08:33:41Z" end-time="2023-07-03 08:33:43Z" duration="1.453737" total="217" passed="216" failed="1" inconclusive="0" skipped="0" asserts="975">
    <environment framework-version="3.4.1.0" clr-version="4.0.30319.42000" os-version="Unix 5.15.0.1040" platform="Unix" cwd="/home/runner/work/ci_targets/ci_targets/tests" machine-name="fv-az1114-201" user="runner" user-domain="fv-az1114-201" culture="" uiculture="" os-architecture="x64" />
    <settings>
      <setting name="WorkDirectory" value="/home/runner/work/ci_targets/ci_targets/tests" />
      <setting name="ImageRuntimeVersion" value="4.0.30319" />
      <setting name="ImageTargetFrameworkName" value=".NETFramework,Version=v4.5" />
      <setting name="ImageRequiresX86" value="False" />
      <setting name="ImageRequiresDefaultAppDomainAssemblyResolver" value="False" />
      <setting name="NumberOfTestWorkers" value="2" />
    </settings>
    <properties>
      <property name="_PID" value="2705" />
      <property name="_APPDOMAIN" value="test-domain-" />
    </properties>
    <failure>
      <message><![CDATA[One or more child tests had errors]]></message>
    </failure>
    <test-suite type="TestSuite" id="0-1435" name="Kaitai" fullname="Kaitai" runstate="Runnable" testcasecount="217" result="Failed" site="Child" start-time="2023-07-03 08:33:41Z" end-time="2023-07-03 08:33:43Z" duration="1.440234" total="217" passed="216" failed="1" inconclusive="0" skipped="0" asserts="975">
      <failure>
        <message><![CDATA[One or more child tests had errors]]></message>
      </failure>
      <test-suite type="TestFixture" id="0-1000" name="SpecBcdUserTypeBe" fullname="Kaitai.SpecBcdUserTypeBe" classname="Kaitai.SpecBcdUserTypeBe" runstate="Runnable" testcasecount="1" result="Passed" start-time="2023-07-03 08:33:41Z" end-time="2023-07-03 08:33:41Z" duration="0.023145" total="1" passed="1" failed="0" inconclusive="0" skipped="0" asserts="6">
        <test-case id="0-1001" name="TestBcdUserTypeBe" fullname="Kaitai.SpecBcdUserTypeBe.TestBcdUserTypeBe" methodname="TestBcdUserTypeBe" classname="Kaitai.SpecBcdUserTypeBe" runstate="Runnable" seed="751516740" result="Passed" start-time="2023-07-03 08:33:41Z" end-time="2023-07-03 08:33:41Z" duration="0.014595" asserts="6" />
      </test-suite>
      <test-suite type="TestFixture" id="0-1002" name="SpecBcdUserTypeLe" fullname="Kaitai.SpecBcdUserTypeLe" classname="Kaitai.SpecBcdUserTypeLe" runstate="Runnable" testcasecount="1" result="Passed" start-time="2023-07-03 08:33:41Z" end-time="2023-07-03 08:33:41Z" duration="0.004911" total="1" passed="1" failed="0" inconclusive="0" skipped="0" asserts="6">
        <test-case id="0-1003" name="TestBcdUserTypeLe" fullname="Kaitai.SpecBcdUserTypeLe.TestBcdUserTypeLe" methodname="TestBcdUserTypeLe" classname="Kaitai.SpecBcdUserTypeLe" runstate="Runnable" seed="118110590" result="Passed" start-time="2023-07-03 08:33:41Z" end-time="2023-07-03 08:33:41Z" duration="0.002531" asserts="6" />
      </test-suite>
      <test-suite type="TestFixture" id="0-1004" name="SpecBitsByteAligned" fullname="Kaitai.SpecBitsByteAligned" classname="Kaitai.SpecBitsByteAligned" runstate="Runnable" testcasecount="1" result="Passed" start-time="2023-07-03 08:33:41Z" end-time="2023-07-03 08:33:41Z" duration="0.005733" total="1" passed="1" failed="0" inconclusive="0" skipped="0" asserts="9">
        <test-case id="0-1005" name="TestBitsByteAligned" fullname="Kaitai.SpecBitsByteAligned.TestBitsByteAligned" methodname="TestBitsByteAligned" classname="Kaitai.SpecBitsByteAligned" runstate="Runnable" seed="333225322" result="Passed" start-time="2023-07-03 08:33:41Z" end-time="2023-07-03 08:33:41Z" duration="0.003354" asserts="9" />
      </test-suite>
      <test-suite type="TestFixture" id="0-1006" name="SpecBitsEnum" fullname="Kaitai.SpecBitsEnum" classname="Kaitai.SpecBitsEnum" runstate="Runnable" testcasecount="1" result="Passed" start-time="2023-07-03 08:33:41Z" end-time="2023-07-03 08:33:41Z" duration="0.014988" total="1" passed="1" failed="0" inconclusive="0" skipped="0" asserts="3">
        <test-case id="0-1007" name="TestBitsEnum" fullname="Kaitai.SpecBitsEnum.TestBitsEnum" methodname="TestBitsEnum" classname="Kaitai.SpecBitsEnum" runstate="Runnable" seed="307898618" result="Passed" start-time="2023-07-03 08:33:41Z" end-time="2023-07-03 08:33:41Z" duration="0.012373" asserts="3" />
      </test-suite>
      <test-suite type="TestFixture" id="0-1008" name="SpecBitsSeqEndianCombo" fullname="Kaitai.SpecBitsSeqEndianCombo" classname="Kaitai.SpecBitsSeqEndianCombo" runstate="Runnable" testcasecount="1" result="Passed" start-time="2023-07-03 08:33:41Z" end-time="2023-07-03 08:33:41Z" duration="0.006908" total="1" passed="1" failed="0" inconclusive="0" skipped="0" asserts="8">
        <test-case id="0-1009" name="TestBitsSeqEndianCombo" fullname="Kaitai.SpecBitsSeqEndianCombo.TestBitsSeqEndianCombo" methodname="TestBitsSeqEndianCombo" classname="Kaitai.SpecBitsSeqEndianCombo" runstate="Runnable" seed="755735842" result="Passed" start-time="2023-07-03 08:33:41Z" end-time="2023-07-03 08:33:41Z" duration="0.000726" asserts="8" />
      </test-suite>
      <test-suite type="TestFixture" id="0-1010" name="SpecBitsShiftByB32Le" fullname="Kaitai.SpecBitsShiftByB32Le" classname="Kaitai.SpecBitsShiftByB32Le" runstate="Runnable" testcasecount="1" result="Passed" start-time="2023-07-03 08:33:41Z" end-time="2023-07-03 08:33:41Z" duration="0.004369" total="1" passed="1" failed="0" inconclusive="0" skipped="0" asserts="2">
        <test-case id="0-1011" name="TestBitsShiftByB32Le" fullname="Kaitai.SpecBitsShiftByB32Le.TestBitsShiftByB32Le" methodname="TestBitsShiftByB32Le" classname="Kaitai.SpecBitsShiftByB32Le" runstate="Runnable" seed="983567458" result="Passed" start-time="2023-07-03 08:33:41Z" end-time="2023-07-03 08:33:41Z" duration="0.001621" asserts="2" />
      </test-suite>
      <test-suite type="TestFixture" id="0-1012" name="SpecBitsShiftByB64Le" fullname="Kaitai.SpecBitsShiftByB64Le" classname="Kaitai.SpecBitsShiftByB64Le" runstate="Runnable" testcasecount="1" result="Passed" start-time="2023-07-03 08:33:41Z" end-time="2023-07-03 08:33:41Z" duration="0.002738" total="1" passed="1" failed="0" inconclusive="0" skipped="0" asserts="2">
        <test-case id="0-1013" name="TestBitsShiftByB64Le" fullname="Kaitai.SpecBitsShiftByB64Le.TestBitsShiftByB64Le" methodname="TestBitsShiftByB64Le" classname="Kaitai.SpecBitsShiftByB64Le" runstate="Runnable" seed="987945147" result="Passed" start-time="2023-07-03 08:33:41Z" end-time="2023-07-03 08:33:41Z" duration="0.000385" asserts="2" />
      </test-suite>
      <test-suite type="TestFixture" id="0-1014" name="SpecBitsSignedResB32Be" fullname="Kaitai.SpecBitsSignedResB32Be" classname="Kaitai.SpecBitsSignedResB32Be" runstate="Runnable" testcasecount="1" result="Passed" start-time="2023-07-03 08:33:41Z" end-time="2023-07-03 08:33:41Z" duration="0.002739" total="1" passed="1" failed="0" inconclusive="0" skipped="0" asserts="1">
        <test-case id="0-1015" name="TestBitsSignedResB32Be" fullname="Kaitai.SpecBitsSignedResB32Be.TestBitsSignedResB32Be" methodname="TestBitsSignedResB32Be" classname="Kaitai.SpecBitsSignedResB32Be" runstate="Runnable" seed="1115687898" result="Passed" start-time="2023-07-03 08:33:41Z" end-time="2023-07-03 08:33:41Z" duration="0.000348" asserts="1" />
      </test-suite>
      <test-suite type="TestFixture" id="0-1016" name="SpecBitsSignedResB32Le" fullname="Kaitai.SpecBitsSignedResB32Le" classname="Kaitai.SpecBitsSignedResB32Le" runstate="Runnable" testcasecount="1" result="Passed" start-time="2023-07-03 08:33:41Z" end-time="2023-07-03 08:33:41Z" duration="0.002727" total="1" passed="1" failed="0" inconclusive="0" skipped="0" asserts="1">
        <test-case id="0-1017" name="TestBitsSignedResB32Le" fullname="Kaitai.SpecBitsSignedResB32Le.TestBitsSignedResB32Le" methodname="TestBitsSignedResB32Le" classname="Kaitai.SpecBitsSignedResB32Le" runstate="Runnable" seed="1567404978" result="Passed" start-time="2023-07-03 08:33:41Z" end-time="2023-07-03 08:33:41Z" duration="0.000342" asserts="1" />
      </test-suite>
      <test-suite type="TestFixture" id="0-1018" name="SpecBitsSignedShiftB32Le" fullname="Kaitai.SpecBitsSignedShiftB32Le" classname="Kaitai.SpecBitsSignedShiftB32Le" runstate="Runnable" testcasecount="1" result="Passed" start-time="2023-07-03 08:33:41Z" end-time="2023-07-03 08:33:41Z" duration="0.002806" total="1" passed="1" failed="0" inconclusive="0" skipped="0" asserts="2">
        <test-case id="0-1019" name="TestBitsSignedShiftB32Le" fullname="Kaitai.SpecBitsSignedShiftB32Le.TestBitsSignedShiftB32Le" methodname="TestBitsSignedShiftB32Le" classname="Kaitai.SpecBitsSignedShiftB32Le" runstate="Runnable" seed="549994066" result="Passed" start-time="2023-07-03 08:33:41Z" end-time="2023-07-03 08:33:41Z" duration="0.000395" asserts="2" />
      </test-suite>
      <test-suite type="TestFixture" id="0-1020" name="SpecBitsSignedShiftB64Le" fullname="Kaitai.SpecBitsSignedShiftB64Le" classname="Kaitai.SpecBitsSignedShiftB64Le" runstate="Runnable" testcasecount="1" result="Passed" start-time="2023-07-03 08:33:41Z" end-time="2023-07-03 08:33:41Z" duration="0.002794" total="1" passed="1" failed="0" inconclusive="0" skipped="0" asserts="2">
        <test-case id="0-1021" name="TestBitsSignedShiftB64Le" fullname="Kaitai.SpecBitsSignedShiftB64Le.TestBitsSignedShiftB64Le" methodname="TestBitsSignedShiftB64Le" classname="Kaitai.SpecBitsSignedShiftB64Le" runstate="Runnable" seed="426713332" result="Passed" start-time="2023-07-03 08:33:41Z" end-time="2023-07-03 08:33:41Z" duration="0.000397" asserts="2" />
      </test-suite>
      <test-suite type="TestFixture" id="0-1022" name="SpecBitsSimple" fullname="Kaitai.SpecBitsSimple" classname="Kaitai.SpecBitsSimple" runstate="Runnable" testcasecount="1" result="Passed" start-time="2023-07-03 08:33:41Z" end-time="2023-07-03 08:33:41Z" duration="0.004314" total="1" passed="1" failed="0" inconclusive="0" skipped="0" asserts="14">
        <test-case id="0-1023" name="TestBitsSimple" fullname="Kaitai.SpecBitsSimple.TestBitsSimple" methodname="TestBitsSimple" classname="Kaitai.SpecBitsSimple" runstate="Runnable" seed="421332386" result="Passed" start-time="2023-07-03 08:33:41Z" end-time="2023-07-03 08:33:41Z" duration="0.001945" asserts="14" />
      </test-suite>
      <test-suite type="TestFixture" id="0-1024" name="SpecBitsSimpleLe" fullname="Kaitai.SpecBitsSimpleLe" classname="Kaitai.SpecBitsSimpleLe" runstate="Runnable" testcasecount="1" result="Passed" start-time="2023-07-03 08:33:41Z" end-time="2023-07-03 08:33:41Z" duration="0.003383" total="1" passed="1" failed="0" inconclusive="0" skipped="0" asserts="14">
        <test-case id="0-1025" name="TestBitsSimpleLe" fullname="Kaitai.SpecBitsSimpleLe.TestBitsSimpleLe" methodname="TestBitsSimpleLe" classname="Kaitai.SpecBitsSimpleLe" runstate="Runnable" seed="1209056734" result="Passed" start-time="2023-07-03 08:33:41Z" end-time="2023-07-03 08:33:41Z" duration="0.001001" asserts="14" />
      </test-suite>
      <test-suite type="TestFixture" id="0-1026" name="SpecBitsUnalignedB32Be" fullname="Kaitai.SpecBitsUnalignedB32Be" classname="Kaitai.SpecBitsUnalignedB32Be" runstate="Runnable" testcasecount="1" result="Passed" start-time="2023-07-03 08:33:41Z" end-time="2023-07-03 08:33:41Z" duration="0.002855" total="1" passed="1" failed="0" inconclusive="0" skipped="0" asserts="3">
        <test-case id="0-1027" name="TestBitsUnalignedB32Be" fullname="Kaitai.SpecBitsUnalignedB32Be.TestBitsUnalignedB32Be" methodname="TestBitsUnalignedB32Be" classname="Kaitai.SpecBitsUnalignedB32Be" runstate="Runnable" seed="1044928156" result="Passed" start-time="2023-07-03 08:33:41Z" end-time="2023-07-03 08:33:41Z" duration="0.000458" asserts="3" />
      </test-suite>
      <test-suite type="TestFixture" id="0-1028" name="SpecBitsUnalignedB32Le" fullname="Kaitai.SpecBitsUnalignedB32Le" classname="Kaitai.SpecBitsUnalignedB32Le" runstate="Runnable" testcasecount="1" result="Passed" start-time="2023-07-03 08:33:41Z" end-time="2023-07-03 08:33:42Z" duration="0.002832" total="1" passed="1" failed="0" inconclusive="0" skipped="0" asserts="3">
        <test-case id="0-1029" name="TestBitsUnalignedB32Le" fullname="Kaitai.SpecBitsUnalignedB32Le.TestBitsUnalignedB32Le" methodname="TestBitsUnalignedB32Le" classname="Kaitai.SpecBitsUnalignedB32Le" runstate="Runnable" seed="1836699237" result="Passed" start-time="2023-07-03 08:33:41Z" end-time="2023-07-03 08:33:42Z" duration="0.000447" asserts="3" />
      </test-suite>
      <test-suite type="TestFixture" id="0-1030" name="SpecBitsUnalignedB64Be" fullname="Kaitai.SpecBitsUnalignedB64Be" classname="Kaitai.SpecBitsUnalignedB64Be" runstate="Runnable" testcasecount="1" result="Passed" start-time="2023-07-03 08:33:42Z" end-time="2023-07-03 08:33:42Z" duration="0.002830" total="1" passed="1" failed="0" inconclusive="0" skipped="0" asserts="3">
        <test-case id="0-1031" name="TestBitsUnalignedB64Be" fullname="Kaitai.SpecBitsUnalignedB64Be.TestBitsUnalignedB64Be" methodname="TestBitsUnalignedB64Be" classname="Kaitai.SpecBitsUnalignedB64Be" runstate="Runnable" seed="866067955" result="Passed" start-time="2023-07-03 08:33:42Z" end-time="2023-07-03 08:33:42Z" duration="0.000445" asserts="3" />
      </test-suite>
      <test-suite type="TestFixture" id="0-1032" name="SpecBitsUnalignedB64Le" fullname="Kaitai.SpecBitsUnalignedB64Le" classname="Kaitai.SpecBitsUnalignedB64Le" runstate="Runnable" testcasecount="1" result="Passed" start-time="2023-07-03 08:33:42Z" end-time="2023-07-03 08:33:42Z" duration="0.002822" total="1" passed="1" failed="0" inconclusive="0" skipped="0" asserts="3">
        <test-case id="0-1033" name="TestBitsUnalignedB64Le" fullname="Kaitai.SpecBitsUnalignedB64Le.TestBitsUnalignedB64Le" methodname="TestBitsUnalignedB64Le" classname="Kaitai.SpecBitsUnalignedB64Le" runstate="Runnable" seed="47785019" result="Passed" start-time="2023-07-03 08:33:42Z" end-time="2023-07-03 08:33:42Z" duration="0.000441" asserts="3" />
      </test-suite>
      <test-suite type="TestFixture" id="0-1034" name="SpecBufferedStruct" fullname="Kaitai.SpecBufferedStruct" classname="Kaitai.SpecBufferedStruct" runstate="Runnable" testcasecount="1" result="Passed" start-time="2023-07-03 08:33:42Z" end-time="2023-07-03 08:33:42Z" duration="0.003755" total="1" passed="1" failed="0" inconclusive="0" skipped="0" asserts="7">
        <test-case id="0-1035" name="TestBufferedStruct" fullname="Kaitai.SpecBufferedStruct.TestBufferedStruct" methodname="TestBufferedStruct" classname="Kaitai.SpecBufferedStruct" runstate="Runnable" seed="1922459321" result="Passed" start-time="2023-07-03 08:33:42Z" end-time="2023-07-03 08:33:42Z" duration="0.001367" asserts="7" />
      </test-suite>
      <test-suite type="TestFixture" id="0-1036" name="SpecBytesPadTerm" fullname="Kaitai.SpecBytesPadTerm" classname="Kaitai.SpecBytesPadTerm" runstate="Runnable" testcasecount="1" result="Passed" start-time="2023-07-03 08:33:42Z" end-time="2023-07-03 08:33:42Z" duration="0.003147" total="1" passed="1" failed="0" inconclusive="0" skipped="0" asserts="4">
        <test-case id="0-1037" name="TestBytesPadTerm" fullname="Kaitai.SpecBytesPadTerm.TestBytesPadTerm" methodname="TestBytesPadTerm" classname="Kaitai.SpecBytesPadTerm" runstate="Runnable" seed="379043822" result="Passed" start-time="2023-07-03 08:33:42Z" end-time="2023-07-03 08:33:42Z" duration="0.000757" asserts="4" />
      </test-suite>
      <test-suite type="TestFixture" id="0-1038" name="SpecCastNested" fullname="Kaitai.SpecCastNested" classname="Kaitai.SpecCastNested" runstate="Runnable" testcasecount="1" result="Passed" start-time="2023-07-03 08:33:42Z" end-time="2023-07-03 08:33:42Z" duration="0.024322" total="1" passed="1" failed="0" inconclusive="0" skipped="0" asserts="4">
        <test-case id="0-1039" name="TestCastNested" fullname="Kaitai.SpecCastNested.TestCastNested" methodname="TestCastNested" classname="Kaitai.SpecCastNested" runstate="Runnable" seed="1434074238" result="Passed" start-time="2023-07-03 08:33:42Z" end-time="2023-07-03 08:33:42Z" duration="0.021926" asserts="4" />
      </test-suite>
      <test-suite type="TestFixture" id="0-1040" name="SpecCastToImported" fullname="Kaitai.SpecCastToImported" classname="Kaitai.SpecCastToImported" runstate="Runnable" testcasecount="1" result="Passed" start-time="2023-07-03 08:33:42Z" end-time="2023-07-03 08:33:42Z" duration="0.002972" total="1" passed="1" failed="0" inconclusive="0" skipped="0" asserts="2">
        <test-case id="0-1041" name="TestCastToImported" fullname="Kaitai.SpecCastToImported.TestCastToImported" methodname="TestCastToImported" classname="Kaitai.SpecCastToImported" runstate="Runnable" seed="1265778093" result="Passed" start-time="2023-07-03 08:33:42Z" end-time="2023-07-03 08:33:42Z" duration="0.000574" asserts="2" />
      </test-suite>
      <test-suite type="TestFixture" id="0-1042" name="SpecCastToTop" fullname="Kaitai.SpecCastToTop" classname="Kaitai.SpecCastToTop" runstate="Runnable" testcasecount="1" result="Passed" start-time="2023-07-03 08:33:42Z" end-time="2023-07-03 08:33:42Z" duration="0.003405" total="1" passed="1" failed="0" inconclusive="0" skipped="0" asserts="3">
        <test-case id="0-1043" name="TestCastToTop" fullname="Kaitai.SpecCastToTop.TestCastToTop" methodname="TestCastToTop" classname="Kaitai.SpecCastToTop" runstate="Runnable" seed="2130523363" result="Passed" start-time="2023-07-03 08:33:42Z" end-time="2023-07-03 08:33:42Z" duration="0.001007" asserts="3" />
      </test-suite>
      <test-suite type="TestFixture" id="0-1044" name="SpecCombineBool" fullname="Kaitai.SpecCombineBool" classname="Kaitai.SpecCombineBool" runstate="Runnable" testcasecount="1" result="Passed" start-time="2023-07-03 08:33:42Z" end-time="2023-07-03 08:33:42Z" duration="0.002916" total="1" passed="1" failed="0" inconclusive="0" skipped="0" asserts="2">
        <test-case id="0-1045" name="TestCombineBool" fullname="Kaitai.SpecCombineBool.TestCombineBool" methodname="TestCombineBool" classname="Kaitai.SpecCombineBool" runstate="Runnable" seed="763899649" result="Passed" start-time="2023-07-03 08:33:42Z" end-time="2023-07-03 08:33:42Z" duration="0.000517" asserts="2" />
      </test-suite>
      <test-suite type="TestFixture" id="0-1046" name="SpecCombineBytes" fullname="Kaitai.SpecCombineBytes" classname="Kaitai.SpecCombineBytes" runstate="Runnable" testcasecount="1" result="Passed" start-time="2023-07-03 08:33:42Z" end-time="2023-07-03 08:33:42Z" duration="0.003400" total="1" passed="1" failed="0" inconclusive="0" skipped="0" asserts="10">
        <test-case id="0-1047" name="TestCombineBytes" fullname="Kaitai.SpecCombineBytes.TestCombineBytes" methodname="TestCombineBytes" classname="Kaitai.SpecCombineBytes" runstate="Runnable" seed="996354822" result="Passed" start-time="2023-07-03 08:33:42Z" end-time="2023-07-03 08:33:42Z" duration="0.001011" asserts="10" />
      </test-suite>
      <test-suite type="TestFixture" id="0-1048" name="SpecCombineEnum" fullname="Kaitai.SpecCombineEnum" classname="Kaitai.SpecCombineEnum" runstate="Runnable" testcasecount="1" result="Passed" start-time="2023-07-03 08:33:42Z" end-time="2023-07-03 08:33:42Z" duration="0.003020" total="1" passed="1" failed="0" inconclusive="0" skipped="0" asserts="3">
        <test-case id="0-1049" name="TestCombineEnum" fullname="Kaitai.SpecCombineEnum.TestCombineEnum" methodname="TestCombineEnum" classname="Kaitai.SpecCombineEnum" runstate="Runnable" seed="2130180354" result="Passed" start-time="2023-07-03 08:33:42Z" end-time="2023-07-03 08:33:42Z" duration="0.000628" asserts="3" />
      </test-suite>
      <test-suite type="TestFixture" id="0-1050" name="SpecCombineStr" fullname="Kaitai.SpecCombineStr" classname="Kaitai.SpecCombineStr" runstate="Runnable" testcasecount="1" result="Passed" start-time="2023-07-03 08:33:42Z" end-time="2023-07-03 08:33:42Z" duration="0.003580" total="1" passed="1" failed="0" inconclusive="0" skipped="0" asserts="15">
        <test-case id="0-1051" name="TestCombineStr" fullname="Kaitai.SpecCombineStr.TestCombineStr" methodname="TestCombineStr" classname="Kaitai.SpecCombineStr" runstate="Runnable" seed="1808571209" result="Passed" start-time="2023-07-03 08:33:42Z" end-time="2023-07-03 08:33:42Z" duration="0.001194" asserts="15" />
      </test-suite>
      <test-suite type="TestFixture" id="0-1052" name="SpecDebug0" fullname="Kaitai.SpecDebug0" classname="Kaitai.SpecDebug0" runstate="Runnable" testcasecount="1" result="Passed" start-time="2023-07-03 08:33:42Z" end-time="2023-07-03 08:33:42Z" duration="0.002458" total="1" passed="1" failed="0" inconclusive="0" skipped="0" asserts="0">
        <test-case id="0-1053" name="TestDebug0" fullname="Kaitai.SpecDebug0.TestDebug0" methodname="TestDebug0" classname="Kaitai.SpecDebug0" runstate="Runnable" seed="1752705552" result="Passed" start-time="2023-07-03 08:33:42Z" end-time="2023-07-03 08:33:42Z" duration="0.000069" asserts="0" />
      </test-suite>
      <test-suite type="TestFixture" id="0-1054" name="SpecDebugArrayUser" fullname="Kaitai.SpecDebugArrayUser" classname="Kaitai.SpecDebugArrayUser" runstate="Runnable" testcasecount="1" result="Passed" start-time="2023-07-03 08:33:42Z" end-time="2023-07-03 08:33:42Z" duration="0.003328" total="1" passed="1" failed="0" inconclusive="0" skipped="0" asserts="4">
        <test-case id="0-1055" name="TestDebugArrayUser" fullname="Kaitai.SpecDebugArrayUser.TestDebugArrayUser" methodname="TestDebugArrayUser" classname="Kaitai.SpecDebugArrayUser" runstate="Runnable" seed="2028174263" result="Passed" start-time="2023-07-03 08:33:42Z" end-time="2023-07-03 08:33:42Z" duration="0.000945" asserts="4" />
      </test-suite>
      <test-suite type="TestFixture" id="0-1056" name="SpecDebugEnumName" fullname="Kaitai.SpecDebugEnumName" classname="Kaitai.SpecDebugEnumName" runstate="Runnable" testcasecount="1" result="Passed" start-time="2023-07-03 08:33:42Z" end-time="2023-07-03 08:33:42Z" duration="0.002465" total="1" passed="1" failed="0" inconclusive="0" skipped="0" asserts="0">
        <test-case id="0-1057" name="TestDebugEnumName" fullname="Kaitai.SpecDebugEnumName.TestDebugEnumName" methodname="TestDebugEnumName" classname="Kaitai.SpecDebugEnumName" runstate="Runnable" seed="926788062" result="Passed" start-time="2023-07-03 08:33:42Z" end-time="2023-07-03 08:33:42Z" duration="0.000070" asserts="0" />
      </test-suite>
      <test-suite type="TestFixture" id="0-1058" name="SpecDebugSwitchUser" fullname="Kaitai.SpecDebugSwitchUser" classname="Kaitai.SpecDebugSwitchUser" runstate="Runnable" testcasecount="1" result="Passed" start-time="2023-07-03 08:33:42Z" end-time="2023-07-03 08:33:42Z" duration="0.003034" total="1" passed="1" failed="0" inconclusive="0" skipped="0" asserts="2">
        <test-case id="0-1059" name="TestDebugSwitchUser" fullname="Kaitai.SpecDebugSwitchUser.TestDebugSwitchUser" methodname="TestDebugSwitchUser" classname="Kaitai.SpecDebugSwitchUser" runstate="Runnable" seed="1730968085" result="Passed" start-time="2023-07-03 08:33:42Z" end-time="2023-07-03 08:33:42Z" duration="0.000648" asserts="2" />
      </test-suite>
      <test-suite type="TestFixture" id="0-1060" name="SpecDefaultBigEndian" fullname="Kaitai.SpecDefaultBigEndian" classname="Kaitai.SpecDefaultBigEndian" runstate="Runnable" testcasecount="1" result="Passed" start-time="2023-07-03 08:33:42Z" end-time="2023-07-03 08:33:42Z" duration="0.002805" total="1" passed="1" failed="0" inconclusive="0" skipped="0" asserts="1">
        <test-case id="0-1061" name="TestDefaultBigEndian" fullname="Kaitai.SpecDefaultBigEndian.TestDefaultBigEndian" methodname="TestDefaultBigEndian" classname="Kaitai.SpecDefaultBigEndian" runstate="Runnable" seed="1855825412" result="Passed" start-time="2023-07-03 08:33:42Z" end-time="2023-07-03 08:33:42Z" duration="0.000415" asserts="1" />
      </test-suite>
      <test-suite type="TestFixture" id="0-1062" name="SpecDefaultBitEndianMod" fullname="Kaitai.SpecDefaultBitEndianMod" classname="Kaitai.SpecDefaultBitEndianMod" runstate="Runnable" testcasecount="1" result="Passed" start-time="2023-07-03 08:33:42Z" end-time="2023-07-03 08:33:42Z" duration="0.003139" total="1" passed="1" failed="0" inconclusive="0" skipped="0" asserts="4">
        <test-case id="0-1063" name="TestDefaultBitEndianMod" fullname="Kaitai.SpecDefaultBitEndianMod.TestDefaultBitEndianMod" methodname="TestDefaultBitEndianMod" classname="Kaitai.SpecDefaultBitEndianMod" runstate="Runnable" seed="1164027982" result="Passed" start-time="2023-07-03 08:33:42Z" end-time="2023-07-03 08:33:42Z" duration="0.000752" asserts="4" />
      </test-suite>
      <test-suite type="TestFixture" id="0-1064" name="SpecDefaultEndianExprException" fullname="Kaitai.SpecDefaultEndianExprException" classname="Kaitai.SpecDefaultEndianExprException" runstate="Runnable" testcasecount="1" result="Passed" start-time="2023-07-03 08:33:42Z" end-time="2023-07-03 08:33:42Z" duration="0.006548" total="1" passed="1" failed="0" inconclusive="0" skipped="0" asserts="1">
        <test-case id="0-1065" name="TestDefaultEndianExprException" fullname="Kaitai.SpecDefaultEndianExprException.TestDefaultEndianExprException" methodname="TestDefaultEndianExprException" classname="Kaitai.SpecDefaultEndianExprException" runstate="Runnable" seed="186755357" result="Passed" start-time="2023-07-03 08:33:42Z" end-time="2023-07-03 08:33:42Z" duration="0.004153" asserts="1" />
      </test-suite>
      <test-suite type="TestFixture" id="0-1066" name="SpecDefaultEndianExprInherited" fullname="Kaitai.SpecDefaultEndianExprInherited" classname="Kaitai.SpecDefaultEndianExprInherited" runstate="Runnable" testcasecount="1" result="Passed" start-time="2023-07-03 08:33:42Z" end-time="2023-07-03 08:33:42Z" duration="0.005791" total="1" passed="1" failed="0" inconclusive="0" skipped="0" asserts="15">
        <test-case id="0-1067" name="TestDefaultEndianExprInherited" fullname="Kaitai.SpecDefaultEndianExprInherited.TestDefaultEndianExprInherited" methodname="TestDefaultEndianExprInherited" classname="Kaitai.SpecDefaultEndianExprInherited" runstate="Runnable" seed="355667201" result="Passed" start-time="2023-07-03 08:33:42Z" end-time="2023-07-03 08:33:42Z" duration="0.003416" asserts="15" />
      </test-suite>
      <test-suite type="TestFixture" id="0-1068" name="SpecDefaultEndianExprIsBe" fullname="Kaitai.SpecDefaultEndianExprIsBe" classname="Kaitai.SpecDefaultEndianExprIsBe" runstate="Runnable" testcasecount="1" result="Passed" start-time="2023-07-03 08:33:42Z" end-time="2023-07-03 08:33:42Z" duration="0.004953" total="1" passed="1" failed="0" inconclusive="0" skipped="0" asserts="18">
        <test-case id="0-1069" name="TestDefaultEndianExprIsBe" fullname="Kaitai.SpecDefaultEndianExprIsBe.TestDefaultEndianExprIsBe" methodname="TestDefaultEndianExprIsBe" classname="Kaitai.SpecDefaultEndianExprIsBe" runstate="Runnable" seed="1265086370" result="Passed" start-time="2023-07-03 08:33:42Z" end-time="2023-07-03 08:33:42Z" duration="0.002565" asserts="18" />
      </test-suite>
      <test-suite type="TestFixture" id="0-1070" name="SpecDefaultEndianExprIsLe" fullname="Kaitai.SpecDefaultEndianExprIsLe" classname="Kaitai.SpecDefaultEndianExprIsLe" runstate="Runnable" testcasecount="1" result="Passed" start-time="2023-07-03 08:33:42Z" end-time="2023-07-03 08:33:42Z" duration="0.004039" total="1" passed="1" failed="0" inconclusive="0" skipped="0" asserts="12">
        <test-case id="0-1071" name="TestDefaultEndianExprIsLe" fullname="Kaitai.SpecDefaultEndianExprIsLe.TestDefaultEndianExprIsLe" methodname="TestDefaultEndianExprIsLe" classname="Kaitai.SpecDefaultEndianExprIsLe" runstate="Runnable" seed="1718915802" result="Passed" start-time="2023-07-03 08:33:42Z" end-time="2023-07-03 08:33:42Z" duration="0.001649" asserts="12" />
      </test-suite>
      <test-suite type="TestFixture" id="0-1072" name="SpecDefaultEndianMod" fullname="Kaitai.SpecDefaultEndianMod" classname="Kaitai.SpecDefaultEndianMod" runstate="Runnable" testcasecount="1" result="Passed" start-time="2023-07-03 08:33:42Z" end-time="2023-07-03 08:33:42Z" duration="0.003186" total="1" passed="1" failed="0" inconclusive="0" skipped="0" asserts="3">
        <test-case id="0-1073" name="TestDefaultEndianMod" fullname="Kaitai.SpecDefaultEndianMod.TestDefaultEndianMod" methodname="TestDefaultEndianMod" classname="Kaitai.SpecDefaultEndianMod" runstate="Runnable" seed="637462334" result="Passed" start-time="2023-07-03 08:33:42Z" end-time="2023-07-03 08:33:42Z" duration="0.000797" asserts="3" />
      </test-suite>
      <test-suite type="TestFixture" id="0-1074" name="SpecDocstrings" fullname="Kaitai.SpecDocstrings" classname="Kaitai.SpecDocstrings" runstate="Runnable" testcasecount="1" result="Passed" start-time="2023-07-03 08:33:42Z" end-time="2023-07-03 08:33:42Z" duration="0.002721" total="1" passed="1" failed="0" inconclusive="0" skipped="0" asserts="0">
        <test-case id="0-1075" name="TestDocstrings" fullname="Kaitai.SpecDocstrings.TestDocstrings" methodname="TestDocstrings" classname="Kaitai.SpecDocstrings" runstate="Runnable" seed="1896542569" result="Passed" start-time="2023-07-03 08:33:42Z" end-time="2023-07-03 08:33:42Z" duration="0.000332" asserts="0" />
      </test-suite>
      <test-suite type="TestFixture" id="0-1076" name="SpecDocstringsDocref" fullname="Kaitai.SpecDocstringsDocref" classname="Kaitai.SpecDocstringsDocref" runstate="Runnable" testcasecount="1" result="Passed" start-time="2023-07-03 08:33:42Z" end-time="2023-07-03 08:33:42Z" duration="0.002732" total="1" passed="1" failed="0" inconclusive="0" skipped="0" asserts="0">
        <test-case id="0-1077" name="TestDocstringsDocref" fullname="Kaitai.SpecDocstringsDocref.TestDocstringsDocref" methodname="TestDocstringsDocref" classname="Kaitai.SpecDocstringsDocref" runstate="Runnable" seed="1186523511" result="Passed" start-time="2023-07-03 08:33:42Z" end-time="2023-07-03 08:33:42Z" duration="0.000346" asserts="0" />
      </test-suite>
      <test-suite type="TestFixture" id="0-1078" name="SpecDocstringsDocrefMulti" fullname="Kaitai.SpecDocstringsDocrefMulti" classname="Kaitai.SpecDocstringsDocrefMulti" runstate="Runnable" testcasecount="1" result="Passed" start-time="2023-07-03 08:33:42Z" end-time="2023-07-03 08:33:42Z" duration="0.002656" total="1" passed="1" failed="0" inconclusive="0" skipped="0" asserts="0">
        <test-case id="0-1079" name="TestDocstringsDocrefMulti" fullname="Kaitai.SpecDocstringsDocrefMulti.TestDocstringsDocrefMulti" methodname="TestDocstringsDocrefMulti" classname="Kaitai.SpecDocstringsDocrefMulti" runstate="Runnable" seed="1466374301" result="Passed" start-time="2023-07-03 08:33:42Z" end-time="2023-07-03 08:33:42Z" duration="0.000273" asserts="0" />
      </test-suite>
      <test-suite type="TestFixture" id="0-1080" name="SpecEnum0" fullname="Kaitai.SpecEnum0" classname="Kaitai.SpecEnum0" runstate="Runnable" testcasecount="1" result="Passed" start-time="2023-07-03 08:33:42Z" end-time="2023-07-03 08:33:42Z" duration="0.002812" total="1" passed="1" failed="0" inconclusive="0" skipped="0" asserts="2">
        <test-case id="0-1081" name="TestEnum0" fullname="Kaitai.SpecEnum0.TestEnum0" methodname="TestEnum0" classname="Kaitai.SpecEnum0" runstate="Runnable" seed="1487416719" result="Passed" start-time="2023-07-03 08:33:42Z" end-time="2023-07-03 08:33:42Z" duration="0.000427" asserts="2" />
      </test-suite>
      <test-suite type="TestFixture" id="0-1082" name="SpecEnum1" fullname="Kaitai.SpecEnum1" classname="Kaitai.SpecEnum1" runstate="Runnable" testcasecount="1" result="Passed" start-time="2023-07-03 08:33:42Z" end-time="2023-07-03 08:33:42Z" duration="0.003002" total="1" passed="1" failed="0" inconclusive="0" skipped="0" asserts="2">
        <test-case id="0-1083" name="TestEnum1" fullname="Kaitai.SpecEnum1.TestEnum1" methodname="TestEnum1" classname="Kaitai.SpecEnum1" runstate="Runnable" seed="1773837797" result="Passed" start-time="2023-07-03 08:33:42Z" end-time="2023-07-03 08:33:42Z" duration="0.000615" asserts="2" />
      </test-suite>
      <test-suite type="TestFixture" id="0-1084" name="SpecEnumDeep" fullname="Kaitai.SpecEnumDeep" classname="Kaitai.SpecEnumDeep" runstate="Runnable" testcasecount="1" result="Passed" start-time="2023-07-03 08:33:42Z" end-time="2023-07-03 08:33:42Z" duration="0.002812" total="1" passed="1" failed="0" inconclusive="0" skipped="0" asserts="2">
        <test-case id="0-1085" name="TestEnumDeep" fullname="Kaitai.SpecEnumDeep.TestEnumDeep" methodname="TestEnumDeep" classname="Kaitai.SpecEnumDeep" runstate="Runnable" seed="697396573" result="Passed" start-time="2023-07-03 08:33:42Z" end-time="2023-07-03 08:33:42Z" duration="0.000428" asserts="2" />
      </test-suite>
      <test-suite type="TestFixture" id="0-1086" name="SpecEnumDeepLiterals" fullname="Kaitai.SpecEnumDeepLiterals" classname="Kaitai.SpecEnumDeepLiterals" runstate="Runnable" testcasecount="1" result="Passed" start-time="2023-07-03 08:33:42Z" end-time="2023-07-03 08:33:42Z" duration="0.003003" total="1" passed="1" failed="0" inconclusive="0" skipped="0" asserts="2">
        <test-case id="0-1087" name="TestEnumDeepLiterals" fullname="Kaitai.SpecEnumDeepLiterals.TestEnumDeepLiterals" methodname="TestEnumDeepLiterals" classname="Kaitai.SpecEnumDeepLiterals" runstate="Runnable" seed="1512750472" result="Passed" start-time="2023-07-03 08:33:42Z" end-time="2023-07-03 08:33:42Z" duration="0.000532" asserts="2" />
      </test-suite>
      <test-suite type="TestFixture" id="0-1088" name="SpecEnumFancy" fullname="Kaitai.SpecEnumFancy" classname="Kaitai.SpecEnumFancy" runstate="Runnable" testcasecount="1" result="Passed" start-time="2023-07-03 08:33:42Z" end-time="2023-07-03 08:33:42Z" duration="0.002806" total="1" passed="1" failed="0" inconclusive="0" skipped="0" asserts="2">
        <test-case id="0-1089" name="TestEnumFancy" fullname="Kaitai.SpecEnumFancy.TestEnumFancy" methodname="TestEnumFancy" classname="Kaitai.SpecEnumFancy" runstate="Runnable" seed="174630856" result="Passed" start-time="2023-07-03 08:33:42Z" end-time="2023-07-03 08:33:42Z" duration="0.000424" asserts="2" />
      </test-suite>
      <test-suite type="TestFixture" id="0-1090" name="SpecEnumForUnknownId" fullname="Kaitai.SpecEnumForUnknownId" classname="Kaitai.SpecEnumForUnknownId" runstate="Runnable" testcasecount="1" result="Passed" start-time="2023-07-03 08:33:42Z" end-time="2023-07-03 08:33:42Z" duration="0.002795" total="1" passed="1" failed="0" inconclusive="0" skipped="0" asserts="1">
        <test-case id="0-1091" name="TestEnumForUnknownId" fullname="Kaitai.SpecEnumForUnknownId.TestEnumForUnknownId" methodname="TestEnumForUnknownId" classname="Kaitai.SpecEnumForUnknownId" runstate="Runnable" seed="286668289" result="Passed" start-time="2023-07-03 08:33:42Z" end-time="2023-07-03 08:33:42Z" duration="0.000409" asserts="1" />
      </test-suite>
      <test-suite type="TestFixture" id="0-1092" name="SpecEnumIf" fullname="Kaitai.SpecEnumIf" classname="Kaitai.SpecEnumIf" runstate="Runnable" testcasecount="1" result="Passed" start-time="2023-07-03 08:33:42Z" end-time="2023-07-03 08:33:42Z" duration="0.003582" total="1" passed="1" failed="0" inconclusive="0" skipped="0" asserts="7">
        <test-case id="0-1093" name="TestEnumIf" fullname="Kaitai.SpecEnumIf.TestEnumIf" methodname="TestEnumIf" classname="Kaitai.SpecEnumIf" runstate="Runnable" seed="1112383064" result="Passed" start-time="2023-07-03 08:33:42Z" end-time="2023-07-03 08:33:42Z" duration="0.001200" asserts="7" />
      </test-suite>
      <test-suite type="TestFixture" id="0-1094" name="SpecEnumImport" fullname="Kaitai.SpecEnumImport" classname="Kaitai.SpecEnumImport" runstate="Runnable" testcasecount="1" result="Passed" start-time="2023-07-03 08:33:42Z" end-time="2023-07-03 08:33:42Z" duration="0.003173" total="1" passed="1" failed="0" inconclusive="0" skipped="0" asserts="2">
        <test-case id="0-1095" name="TestEnumImport" fullname="Kaitai.SpecEnumImport.TestEnumImport" methodname="TestEnumImport" classname="Kaitai.SpecEnumImport" runstate="Runnable" seed="466201833" result="Passed" start-time="2023-07-03 08:33:42Z" end-time="2023-07-03 08:33:42Z" duration="0.000420" asserts="2" />
      </test-suite>
      <test-suite type="TestFixture" id="0-1096" name="SpecEnumIntRangeS" fullname="Kaitai.SpecEnumIntRangeS" classname="Kaitai.SpecEnumIntRangeS" runstate="Runnable" testcasecount="1" result="Passed" start-time="2023-07-03 08:33:42Z" end-time="2023-07-03 08:33:42Z" duration="0.003336" total="1" passed="1" failed="0" inconclusive="0" skipped="0" asserts="3">
        <test-case id="0-1097" name="TestEnumIntRangeS" fullname="Kaitai.SpecEnumIntRangeS.TestEnumIntRangeS" methodname="TestEnumIntRangeS" classname="Kaitai.SpecEnumIntRangeS" runstate="Runnable" seed="85360370" result="Passed" start-time="2023-07-03 08:33:42Z" end-time="2023-07-03 08:33:42Z" duration="0.000923" asserts="3" />
      </test-suite>
      <test-suite type="TestFixture" id="0-1098" name="SpecEnumInvalid" fullname="Kaitai.SpecEnumInvalid" classname="Kaitai.SpecEnumInvalid" runstate="Runnable" testcasecount="1" result="Passed" start-time="2023-07-03 08:33:42Z" end-time="2023-07-03 08:33:42Z" duration="0.002825" total="1" passed="1" failed="0" inconclusive="0" skipped="0" asserts="2">
        <test-case id="0-1099" name="TestEnumInvalid" fullname="Kaitai.SpecEnumInvalid.TestEnumInvalid" methodname="TestEnumInvalid" classname="Kaitai.SpecEnumInvalid" runstate="Runnable" seed="1981683281" result="Passed" start-time="2023-07-03 08:33:42Z" end-time="2023-07-03 08:33:42Z" duration="0.000427" asserts="2" />
      </test-suite>
      <test-suite type="TestFixture" id="0-1100" name="SpecEnumNegative" fullname="Kaitai.SpecEnumNegative" classname="Kaitai.SpecEnumNegative" runstate="Runnable" testcasecount="1" result="Passed" start-time="2023-07-03 08:33:42Z" end-time="2023-07-03 08:33:42Z" duration="0.002886" total="1" passed="1" failed="0" inconclusive="0" skipped="0" asserts="2">
        <test-case id="0-1101" name="TestEnumNegative" fullname="Kaitai.SpecEnumNegative.TestEnumNegative" methodname="TestEnumNegative" classname="Kaitai.SpecEnumNegative" runstate="Runnable" seed="744156769" result="Passed" start-time="2023-07-03 08:33:42Z" end-time="2023-07-03 08:33:42Z" duration="0.000498" asserts="2" />
      </test-suite>
      <test-suite type="TestFixture" id="0-1102" name="SpecEnumOfValueInst" fullname="Kaitai.SpecEnumOfValueInst" classname="Kaitai.SpecEnumOfValueInst" runstate="Runnable" testcasecount="1" result="Passed" start-time="2023-07-03 08:33:42Z" end-time="2023-07-03 08:33:42Z" duration="0.003037" total="1" passed="1" failed="0" inconclusive="0" skipped="0" asserts="4">
        <test-case id="0-1103" name="TestEnumOfValueInst" fullname="Kaitai.SpecEnumOfValueInst.TestEnumOfValueInst" methodname="TestEnumOfValueInst" classname="Kaitai.SpecEnumOfValueInst" runstate="Runnable" seed="1425219" result="Passed" start-time="2023-07-03 08:33:42Z" end-time="2023-07-03 08:33:42Z" duration="0.000649" asserts="4" />
      </test-suite>
      <test-suite type="TestFixture" id="0-1104" name="SpecEofExceptionBytes" fullname="Kaitai.SpecEofExceptionBytes" classname="Kaitai.SpecEofExceptionBytes" runstate="Runnable" testcasecount="1" result="Passed" start-time="2023-07-03 08:33:42Z" end-time="2023-07-03 08:33:42Z" duration="0.003685" total="1" passed="1" failed="0" inconclusive="0" skipped="0" asserts="1">
        <test-case id="0-1105" name="TestEofExceptionBytes" fullname="Kaitai.SpecEofExceptionBytes.TestEofExceptionBytes" methodname="TestEofExceptionBytes" classname="Kaitai.SpecEofExceptionBytes" runstate="Runnable" seed="390928714" result="Passed" start-time="2023-07-03 08:33:42Z" end-time="2023-07-03 08:33:42Z" duration="0.001287" asserts="1" />
      </test-suite>
      <test-suite type="TestFixture" id="0-1106" name="SpecEofExceptionU4" fullname="Kaitai.SpecEofExceptionU4" classname="Kaitai.SpecEofExceptionU4" runstate="Runnable" testcasecount="1" result="Passed" start-time="2023-07-03 08:33:42Z" end-time="2023-07-03 08:33:42Z" duration="0.002882" total="1" passed="1" failed="0" inconclusive="0" skipped="0" asserts="1">
        <test-case id="0-1107" name="TestEofExceptionU4" fullname="Kaitai.SpecEofExceptionU4.TestEofExceptionU4" methodname="TestEofExceptionU4" classname="Kaitai.SpecEofExceptionU4" runstate="Runnable" seed="612295387" result="Passed" start-time="2023-07-03 08:33:42Z" end-time="2023-07-03 08:33:42Z" duration="0.000483" asserts="1" />
      </test-suite>
      <test-suite type="TestFixture" id="0-1108" name="SpecEosExceptionBytes" fullname="Kaitai.SpecEosExceptionBytes" classname="Kaitai.SpecEosExceptionBytes" runstate="Runnable" testcasecount="1" result="Passed" start-time="2023-07-03 08:33:42Z" end-time="2023-07-03 08:33:42Z" duration="0.002935" total="1" passed="1" failed="0" inconclusive="0" skipped="0" asserts="1">
        <test-case id="0-1109" name="TestEosExceptionBytes" fullname="Kaitai.SpecEosExceptionBytes.TestEosExceptionBytes" methodname="TestEosExceptionBytes" classname="Kaitai.SpecEosExceptionBytes" runstate="Runnable" seed="471789166" result="Passed" start-time="2023-07-03 08:33:42Z" end-time="2023-07-03 08:33:42Z" duration="0.000542" asserts="1" />
      </test-suite>
      <test-suite type="TestFixture" id="0-1110" name="SpecEosExceptionU4" fullname="Kaitai.SpecEosExceptionU4" classname="Kaitai.SpecEosExceptionU4" runstate="Runnable" testcasecount="1" result="Passed" start-time="2023-07-03 08:33:42Z" end-time="2023-07-03 08:33:42Z" duration="0.002965" total="1" passed="1" failed="0" inconclusive="0" skipped="0" asserts="1">
        <test-case id="0-1111" name="TestEosExceptionU4" fullname="Kaitai.SpecEosExceptionU4.TestEosExceptionU4" methodname="TestEosExceptionU4" classname="Kaitai.SpecEosExceptionU4" runstate="Runnable" seed="881922106" result="Passed" start-time="2023-07-03 08:33:42Z" end-time="2023-07-03 08:33:42Z" duration="0.000568" asserts="1" />
      </test-suite>
      <test-suite type="TestFixture" id="0-1112" name="SpecExpr0" fullname="Kaitai.SpecExpr0" classname="Kaitai.SpecExpr0" runstate="Runnable" testcasecount="1" result="Passed" start-time="2023-07-03 08:33:42Z" end-time="2023-07-03 08:33:42Z" duration="0.002867" total="1" passed="1" failed="0" inconclusive="0" skipped="0" asserts="2">
        <test-case id="0-1113" name="TestExpr0" fullname="Kaitai.SpecExpr0.TestExpr0" methodname="TestExpr0" classname="Kaitai.SpecExpr0" runstate="Runnable" seed="56999723" result="Passed" start-time="2023-07-03 08:33:42Z" end-time="2023-07-03 08:33:42Z" duration="0.000478" asserts="2" />
      </test-suite>
      <test-suite type="TestFixture" id="0-1114" name="SpecExpr1" fullname="Kaitai.SpecExpr1" classname="Kaitai.SpecExpr1" runstate="Runnable" testcasecount="1" result="Passed" start-time="2023-07-03 08:33:42Z" end-time="2023-07-03 08:33:42Z" duration="0.002975" total="1" passed="1" failed="0" inconclusive="0" skipped="0" asserts="4">
        <test-case id="0-1115" name="TestExpr1" fullname="Kaitai.SpecExpr1.TestExpr1" methodname="TestExpr1" classname="Kaitai.SpecExpr1" runstate="Runnable" seed="1051418812" result="Passed" start-time="2023-07-03 08:33:42Z" end-time="2023-07-03 08:33:42Z" duration="0.000589" asserts="4" />
      </test-suite>
      <test-suite type="TestFixture" id="0-1116" name="SpecExpr2" fullname="Kaitai.SpecExpr2" classname="Kaitai.SpecExpr2" runstate="Runnable" testcasecount="1" result="Passed" start-time="2023-07-03 08:33:42Z" end-time="2023-07-03 08:33:42Z" duration="0.004197" total="1" passed="1" failed="0" inconclusive="0" skipped="0" asserts="17">
        <test-case id="0-1117" name="TestExpr2" fullname="Kaitai.SpecExpr2.TestExpr2" methodname="TestExpr2" classname="Kaitai.SpecExpr2" runstate="Runnable" seed="300948246" result="Passed" start-time="2023-07-03 08:33:42Z" end-time="2023-07-03 08:33:42Z" duration="0.001805" asserts="17" />
      </test-suite>
      <test-suite type="TestFixture" id="0-1118" name="SpecExpr3" fullname="Kaitai.SpecExpr3" classname="Kaitai.SpecExpr3" runstate="Runnable" testcasecount="1" result="Passed" start-time="2023-07-03 08:33:42Z" end-time="2023-07-03 08:33:42Z" duration="0.003694" total="1" passed="1" failed="0" inconclusive="0" skipped="0" asserts="12">
        <test-case id="0-1119" name="TestExpr3" fullname="Kaitai.SpecExpr3.TestExpr3" methodname="TestExpr3" classname="Kaitai.SpecExpr3" runstate="Runnable" seed="1607303025" result="Passed" start-time="2023-07-03 08:33:42Z" end-time="2023-07-03 08:33:42Z" duration="0.001304" asserts="12" />
      </test-suite>
      <test-suite type="TestFixture" id="0-1120" name="SpecExprArray" fullname="Kaitai.SpecExprArray" classname="Kaitai.SpecExprArray" runstate="Runnable" testcasecount="1" result="Passed" start-time="2023-07-03 08:33:42Z" end-time="2023-07-03 08:33:42Z" duration="0.009489" total="1" passed="1" failed="0" inconclusive="0" skipped="0" asserts="15">
        <test-case id="0-1121" name="TestExprArray" fullname="Kaitai.SpecExprArray.TestExprArray" methodname="TestExprArray" classname="Kaitai.SpecExprArray" runstate="Runnable" seed="1696587106" result="Passed" start-time="2023-07-03 08:33:42Z" end-time="2023-07-03 08:33:42Z" duration="0.007093" asserts="15" />
      </test-suite>
      <test-suite type="TestFixture" id="0-1122" name="SpecExprBytesCmp" fullname="Kaitai.SpecExprBytesCmp" classname="Kaitai.SpecExprBytesCmp" runstate="Runnable" testcasecount="1" result="Passed" start-time="2023-07-03 08:33:42Z" end-time="2023-07-03 08:33:42Z" duration="0.003697" total="1" passed="1" failed="0" inconclusive="0" skipped="0" asserts="10">
        <test-case id="0-1123" name="TestExprBytesCmp" fullname="Kaitai.SpecExprBytesCmp.TestExprBytesCmp" methodname="TestExprBytesCmp" classname="Kaitai.SpecExprBytesCmp" runstate="Runnable" seed="2116893162" result="Passed" start-time="2023-07-03 08:33:42Z" end-time="2023-07-03 08:33:42Z" duration="0.001306" asserts="10" />
      </test-suite>
      <test-suite type="TestFixture" id="0-1124" name="SpecExprBytesNonLiteral" fullname="Kaitai.SpecExprBytesNonLiteral" classname="Kaitai.SpecExprBytesNonLiteral" runstate="Runnable" testcasecount="1" result="Passed" start-time="2023-07-03 08:33:42Z" end-time="2023-07-03 08:33:42Z" duration="0.002897" total="1" passed="1" failed="0" inconclusive="0" skipped="0" asserts="3">
        <test-case id="0-1125" name="TestExprBytesNonLiteral" fullname="Kaitai.SpecExprBytesNonLiteral.TestExprBytesNonLiteral" methodname="TestExprBytesNonLiteral" classname="Kaitai.SpecExprBytesNonLiteral" runstate="Runnable" seed="148432380" result="Passed" start-time="2023-07-03 08:33:42Z" end-time="2023-07-03 08:33:42Z" duration="0.000508" asserts="3" />
      </test-suite>
      <test-suite type="TestFixture" id="0-1126" name="SpecExprBytesOps" fullname="Kaitai.SpecExprBytesOps" classname="Kaitai.SpecExprBytesOps" runstate="Runnable" testcasecount="1" result="Passed" start-time="2023-07-03 08:33:42Z" end-time="2023-07-03 08:33:42Z" duration="0.005117" total="1" passed="1" failed="0" inconclusive="0" skipped="0" asserts="16">
        <test-case id="0-1127" name="TestExprBytesOps" fullname="Kaitai.SpecExprBytesOps.TestExprBytesOps" methodname="TestExprBytesOps" classname="Kaitai.SpecExprBytesOps" runstate="Runnable" seed="1295148263" result="Passed" start-time="2023-07-03 08:33:42Z" end-time="2023-07-03 08:33:42Z" duration="0.002727" asserts="16" />
      </test-suite>
      <test-suite type="TestFixture" id="0-1128" name="SpecExprCalcArrayOps" fullname="Kaitai.SpecExprCalcArrayOps" classname="Kaitai.SpecExprCalcArrayOps" runstate="Runnable" testcasecount="1" result="Passed" start-time="2023-07-03 08:33:42Z" end-time="2023-07-03 08:33:42Z" duration="0.005839" total="1" passed="1" failed="0" inconclusive="0" skipped="0" asserts="18">
        <test-case id="0-1129" name="TestExprCalcArrayOps" fullname="Kaitai.SpecExprCalcArrayOps.TestExprCalcArrayOps" methodname="TestExprCalcArrayOps" classname="Kaitai.SpecExprCalcArrayOps" runstate="Runnable" seed="1652664760" result="Passed" start-time="2023-07-03 08:33:42Z" end-time="2023-07-03 08:33:42Z" duration="0.003445" asserts="18" />
      </test-suite>
      <test-suite type="TestFixture" id="0-1130" name="SpecExprEnum" fullname="Kaitai.SpecExprEnum" classname="Kaitai.SpecExprEnum" runstate="Runnable" testcasecount="1" result="Passed" start-time="2023-07-03 08:33:42Z" end-time="2023-07-03 08:33:42Z" duration="0.002994" total="1" passed="1" failed="0" inconclusive="0" skipped="0" asserts="3">
        <test-case id="0-1131" name="TestExprEnum" fullname="Kaitai.SpecExprEnum.TestExprEnum" methodname="TestExprEnum" classname="Kaitai.SpecExprEnum" runstate="Runnable" seed="743495231" result="Passed" start-time="2023-07-03 08:33:42Z" end-time="2023-07-03 08:33:42Z" duration="0.000602" asserts="3" />
      </test-suite>
      <test-suite type="TestFixture" id="0-1132" name="SpecExprIfIntOps" fullname="Kaitai.SpecExprIfIntOps" classname="Kaitai.SpecExprIfIntOps" runstate="Runnable" testcasecount="1" result="Passed" start-time="2023-07-03 08:33:42Z" end-time="2023-07-03 08:33:42Z" duration="0.003315" total="1" passed="1" failed="0" inconclusive="0" skipped="0" asserts="2">
        <test-case id="0-1133" name="TestExprIfIntOps" fullname="Kaitai.SpecExprIfIntOps.TestExprIfIntOps" methodname="TestExprIfIntOps" classname="Kaitai.SpecExprIfIntOps" runstate="Runnable" seed="2047164663" result="Passed" start-time="2023-07-03 08:33:42Z" end-time="2023-07-03 08:33:42Z" duration="0.000916" asserts="2" />
      </test-suite>
      <test-suite type="TestFixture" id="0-1134" name="SpecExprIntDiv" fullname="Kaitai.SpecExprIntDiv" classname="Kaitai.SpecExprIntDiv" runstate="Runnable" testcasecount="1" result="Failed" site="Child" start-time="2023-07-03 08:33:42Z" end-time="2023-07-03 08:33:42Z" duration="0.013490" total="1" passed="0" failed="1" inconclusive="0" skipped="0" asserts="4">
        <failure>
          <message><![CDATA[One or more child tests had errors]]></message>
        </failure>
        <test-case id="0-1135" name="TestExprIntDiv" fullname="Kaitai.SpecExprIntDiv.TestExprIntDiv" methodname="TestExprIntDiv" classname="Kaitai.SpecExprIntDiv" runstate="Runnable" seed="1057939453" result="Failed" start-time="2023-07-03 08:33:42Z" end-time="2023-07-03 08:33:42Z" duration="0.011060" asserts="4">
          <failure>
            <message><![CDATA[  Expected: -756
  But was:  -757
]]></message>
            <stack-trace><![CDATA[at Kaitai.SpecExprIntDiv.TestExprIntDiv () [0x00069] in <701d9ae08129447db09b3c6c4d8d9b3b>:0
]]></stack-trace>
          </failure>
        </test-case>
      </test-suite>
      <test-suite type="TestFixture" id="0-1136" name="SpecExprIoEof" fullname="Kaitai.SpecExprIoEof" classname="Kaitai.SpecExprIoEof" runstate="Runnable" testcasecount="1" result="Passed" start-time="2023-07-03 08:33:42Z" end-time="2023-07-03 08:33:42Z" duration="0.003575" total="1" passed="1" failed="0" inconclusive="0" skipped="0" asserts="4">
        <test-case id="0-1137" name="TestExprIoEof" fullname="Kaitai.SpecExprIoEof.TestExprIoEof" methodname="TestExprIoEof" classname="Kaitai.SpecExprIoEof" runstate="Runnable" seed="2010957002" result="Passed" start-time="2023-07-03 08:33:42Z" end-time="2023-07-03 08:33:42Z" duration="0.001163" asserts="4" />
      </test-suite>
      <test-suite type="TestFixture" id="0-1138" name="SpecExprIoPos" fullname="Kaitai.SpecExprIoPos" classname="Kaitai.SpecExprIoPos" runstate="Runnable" testcasecount="1" result="Passed" start-time="2023-07-03 08:33:42Z" end-time="2023-07-03 08:33:42Z" duration="0.003332" total="1" passed="1" failed="0" inconclusive="0" skipped="0" asserts="6">
        <test-case id="0-1139" name="TestExprIoPos" fullname="Kaitai.SpecExprIoPos.TestExprIoPos" methodname="TestExprIoPos" classname="Kaitai.SpecExprIoPos" runstate="Runnable" seed="146836470" result="Passed" start-time="2023-07-03 08:33:42Z" end-time="2023-07-03 08:33:42Z" duration="0.000912" asserts="6" />
      </test-suite>
      <test-suite type="TestFixture" id="0-1140" name="SpecExprMod" fullname="Kaitai.SpecExprMod" classname="Kaitai.SpecExprMod" runstate="Runnable" testcasecount="1" result="Passed" start-time="2023-07-03 08:33:42Z" end-time="2023-07-03 08:33:42Z" duration="0.003226" total="1" passed="1" failed="0" inconclusive="0" skipped="0" asserts="6">
        <test-case id="0-1141" name="TestExprMod" fullname="Kaitai.SpecExprMod.TestExprMod" methodname="TestExprMod" classname="Kaitai.SpecExprMod" runstate="Runnable" seed="1993141346" result="Passed" start-time="2023-07-03 08:33:42Z" end-time="2023-07-03 08:33:42Z" duration="0.000844" asserts="6" />
      </test-suite>
      <test-suite type="TestFixture" id="0-1142" name="SpecExprSizeofType0" fullname="Kaitai.SpecExprSizeofType0" classname="Kaitai.SpecExprSizeofType0" runstate="Runnable" testcasecount="1" result="Passed" start-time="2023-07-03 08:33:42Z" end-time="2023-07-03 08:33:42Z" duration="0.002746" total="1" passed="1" failed="0" inconclusive="0" skipped="0" asserts="1">
        <test-case id="0-1143" name="TestExprSizeofType0" fullname="Kaitai.SpecExprSizeofType0.TestExprSizeofType0" methodname="TestExprSizeofType0" classname="Kaitai.SpecExprSizeofType0" runstate="Runnable" seed="838722746" result="Passed" start-time="2023-07-03 08:33:42Z" end-time="2023-07-03 08:33:42Z" duration="0.000360" asserts="1" />
      </test-suite>
      <test-suite type="TestFixture" id="0-1144" name="SpecExprSizeofType1" fullname="Kaitai.SpecExprSizeofType1" classname="Kaitai.SpecExprSizeofType1" runstate="Runnable" testcasecount="1" result="Passed" start-time="2023-07-03 08:33:42Z" end-time="2023-07-03 08:33:42Z" duration="0.003039" total="1" passed="1" failed="0" inconclusive="0" skipped="0" asserts="2">
        <test-case id="0-1145" name="TestExprSizeofType1" fullname="Kaitai.SpecExprSizeofType1.TestExprSizeofType1" methodname="TestExprSizeofType1" classname="Kaitai.SpecExprSizeofType1" runstate="Runnable" seed="435846647" result="Passed" start-time="2023-07-03 08:33:42Z" end-time="2023-07-03 08:33:42Z" duration="0.000542" asserts="2" />
      </test-suite>
      <test-suite type="TestFixture" id="0-1146" name="SpecExprSizeofValue0" fullname="Kaitai.SpecExprSizeofValue0" classname="Kaitai.SpecExprSizeofValue0" runstate="Runnable" testcasecount="1" result="Passed" start-time="2023-07-03 08:33:42Z" end-time="2023-07-03 08:33:42Z" duration="0.003118" total="1" passed="1" failed="0" inconclusive="0" skipped="0" asserts="5">
        <test-case id="0-1147" name="TestExprSizeofValue0" fullname="Kaitai.SpecExprSizeofValue0.TestExprSizeofValue0" methodname="TestExprSizeofValue0" classname="Kaitai.SpecExprSizeofValue0" runstate="Runnable" seed="977050601" result="Passed" start-time="2023-07-03 08:33:42Z" end-time="2023-07-03 08:33:42Z" duration="0.000736" asserts="5" />
      </test-suite>
      <test-suite type="TestFixture" id="0-1148" name="SpecExprSizeofValueSized" fullname="Kaitai.SpecExprSizeofValueSized" classname="Kaitai.SpecExprSizeofValueSized" runstate="Runnable" testcasecount="1" result="Passed" start-time="2023-07-03 08:33:42Z" end-time="2023-07-03 08:33:42Z" duration="0.003154" total="1" passed="1" failed="0" inconclusive="0" skipped="0" asserts="5">
        <test-case id="0-1149" name="TestExprSizeofValueSized" fullname="Kaitai.SpecExprSizeofValueSized.TestExprSizeofValueSized" methodname="TestExprSizeofValueSized" classname="Kaitai.SpecExprSizeofValueSized" runstate="Runnable" seed="1794539915" result="Passed" start-time="2023-07-03 08:33:42Z" end-time="2023-07-03 08:33:42Z" duration="0.000771" asserts="5" />
      </test-suite>
      <test-suite type="TestFixture" id="0-1150" name="SpecExprStrEncodings" fullname="Kaitai.SpecExprStrEncodings" classname="Kaitai.SpecExprStrEncodings" runstate="Runnable" testcasecount="1" result="Passed" start-time="2023-07-03 08:33:42Z" end-time="2023-07-03 08:33:42Z" duration="0.116146" total="1" passed="1" failed="0" inconclusive="0" skipped="0" asserts="7">
        <test-case id="0-1151" name="TestExprStrEncodings" fullname="Kaitai.SpecExprStrEncodings.TestExprStrEncodings" methodname="TestExprStrEncodings" classname="Kaitai.SpecExprStrEncodings" runstate="Runnable" seed="50764298" result="Passed" start-time="2023-07-03 08:33:42Z" end-time="2023-07-03 08:33:42Z" duration="0.113736" asserts="7" />
      </test-suite>
      <test-suite type="TestFixture" id="0-1152" name="SpecExprStrOps" fullname="Kaitai.SpecExprStrOps" classname="Kaitai.SpecExprStrOps" runstate="Runnable" testcasecount="1" result="Passed" start-time="2023-07-03 08:33:42Z" end-time="2023-07-03 08:33:42Z" duration="0.006210" total="1" passed="1" failed="0" inconclusive="0" skipped="0" asserts="17">
        <test-case id="0-1153" name="TestExprStrOps" fullname="Kaitai.SpecExprStrOps.TestExprStrOps" methodname="TestExprStrOps" classname="Kaitai.SpecExprStrOps" runstate="Runnable" seed="1153649237" result="Passed" start-time="2023-07-03 08:33:42Z" end-time="2023-07-03 08:33:42Z" duration="0.003725" asserts="17" />
      </test-suite>
      <test-suite type="TestFixture" id="0-1154" name="SpecFixedContents" fullname="Kaitai.SpecFixedContents" classname="Kaitai.SpecFixedContents" runstate="Runnable" testcasecount="1" result="Passed" start-time="2023-07-03 08:33:42Z" end-time="2023-07-03 08:33:42Z" duration="0.002977" total="1" passed="1" failed="0" inconclusive="0" skipped="0" asserts="0">
        <test-case id="0-1155" name="TestFixedContents" fullname="Kaitai.SpecFixedContents.TestFixedContents" methodname="TestFixedContents" classname="Kaitai.SpecFixedContents" runstate="Runnable" seed="47835886" result="Passed" start-time="2023-07-03 08:33:42Z" end-time="2023-07-03 08:33:42Z" duration="0.000559" asserts="0" />
      </test-suite>
      <test-suite type="TestFixture" id="0-1156" name="SpecFixedStruct" fullname="Kaitai.SpecFixedStruct" classname="Kaitai.SpecFixedStruct" runstate="Runnable" testcasecount="1" result="Passed" start-time="2023-07-03 08:33:42Z" end-time="2023-07-03 08:33:42Z" duration="0.004654" total="1" passed="1" failed="0" inconclusive="0" skipped="0" asserts="20">
        <test-case id="0-1157" name="TestFixedStruct" fullname="Kaitai.SpecFixedStruct.TestFixedStruct" methodname="TestFixedStruct" classname="Kaitai.SpecFixedStruct" runstate="Runnable" seed="1494786940" result="Passed" start-time="2023-07-03 08:33:42Z" end-time="2023-07-03 08:33:42Z" duration="0.002246" asserts="20" />
      </test-suite>
      <test-suite type="TestFixture" id="0-1160" name="SpecFloatingPoints" fullname="Kaitai.SpecFloatingPoints" classname="Kaitai.SpecFloatingPoints" runstate="Runnable" testcasecount="1" result="Passed" start-time="2023-07-03 08:33:42Z" end-time="2023-07-03 08:33:42Z" duration="0.018574" total="1" passed="1" failed="0" inconclusive="0" skipped="0" asserts="8">
        <test-case id="0-1161" name="TestFloatingPoints" fullname="Kaitai.SpecFloatingPoints.TestFloatingPoints" methodname="TestFloatingPoints" classname="Kaitai.SpecFloatingPoints" runstate="Runnable" seed="1455190241" result="Passed" start-time="2023-07-03 08:33:42Z" end-time="2023-07-03 08:33:42Z" duration="0.015833" asserts="8" />
      </test-suite>
      <test-suite type="TestFixture" id="0-1158" name="SpecFloatToI" fullname="Kaitai.SpecFloatToI" classname="Kaitai.SpecFloatToI" runstate="Runnable" testcasecount="1" result="Passed" start-time="2023-07-03 08:33:42Z" end-time="2023-07-03 08:33:42Z" duration="0.003355" total="1" passed="1" failed="0" inconclusive="0" skipped="0" asserts="8">
        <test-case id="0-1159" name="TestFloatToI" fullname="Kaitai.SpecFloatToI.TestFloatToI" methodname="TestFloatToI" classname="Kaitai.SpecFloatToI" runstate="Runnable" seed="1177988837" result="Passed" start-time="2023-07-03 08:33:42Z" end-time="2023-07-03 08:33:42Z" duration="0.000941" asserts="8" />
      </test-suite>
      <test-suite type="TestFixture" id="0-1162" name="SpecHelloWorld" fullname="Kaitai.SpecHelloWorld" classname="Kaitai.SpecHelloWorld" runstate="Runnable" testcasecount="1" result="Passed" start-time="2023-07-03 08:33:42Z" end-time="2023-07-03 08:33:42Z" duration="0.002666" total="1" passed="1" failed="0" inconclusive="0" skipped="0" asserts="1">
        <test-case id="0-1163" name="TestHelloWorld" fullname="Kaitai.SpecHelloWorld.TestHelloWorld" methodname="TestHelloWorld" classname="Kaitai.SpecHelloWorld" runstate="Runnable" seed="994568482" result="Passed" start-time="2023-07-03 08:33:42Z" end-time="2023-07-03 08:33:42Z" duration="0.000257" asserts="1" />
      </test-suite>
      <test-suite type="TestFixture" id="0-1164" name="SpecIfInstances" fullname="Kaitai.SpecIfInstances" classname="Kaitai.SpecIfInstances" runstate="Runnable" testcasecount="1" result="Passed" start-time="2023-07-03 08:33:42Z" end-time="2023-07-03 08:33:42Z" duration="0.002860" total="1" passed="1" failed="0" inconclusive="0" skipped="0" asserts="1">
        <test-case id="0-1165" name="TestIfInstances" fullname="Kaitai.SpecIfInstances.TestIfInstances" methodname="TestIfInstances" classname="Kaitai.SpecIfInstances" runstate="Runnable" seed="319400070" result="Passed" start-time="2023-07-03 08:33:42Z" end-time="2023-07-03 08:33:42Z" duration="0.000469" asserts="1" />
      </test-suite>
      <test-suite type="TestFixture" id="0-1166" name="SpecIfStruct" fullname="Kaitai.SpecIfStruct" classname="Kaitai.SpecIfStruct" runstate="Runnable" testcasecount="1" result="Passed" start-time="2023-07-03 08:33:42Z" end-time="2023-07-03 08:33:42Z" duration="0.003396" total="1" passed="1" failed="0" inconclusive="0" skipped="0" asserts="7">
        <test-case id="0-1167" name="TestIfStruct" fullname="Kaitai.SpecIfStruct.TestIfStruct" methodname="TestIfStruct" classname="Kaitai.SpecIfStruct" runstate="Runnable" seed="952050950" result="Passed" start-time="2023-07-03 08:33:42Z" end-time="2023-07-03 08:33:42Z" duration="0.001005" asserts="7" />
      </test-suite>
      <test-suite type="TestFixture" id="0-1168" name="SpecIfValues" fullname="Kaitai.SpecIfValues" classname="Kaitai.SpecIfValues" runstate="Runnable" testcasecount="1" result="Passed" start-time="2023-07-03 08:33:42Z" end-time="2023-07-03 08:33:42Z" duration="0.003685" total="1" passed="1" failed="0" inconclusive="0" skipped="0" asserts="6">
        <test-case id="0-1169" name="TestIfValues" fullname="Kaitai.SpecIfValues.TestIfValues" methodname="TestIfValues" classname="Kaitai.SpecIfValues" runstate="Runnable" seed="671988309" result="Passed" start-time="2023-07-03 08:33:42Z" end-time="2023-07-03 08:33:42Z" duration="0.001292" asserts="6" />
      </test-suite>
      <test-suite type="TestFixture" id="0-1170" name="SpecImports0" fullname="Kaitai.SpecImports0" classname="Kaitai.SpecImports0" runstate="Runnable" testcasecount="1" result="Passed" start-time="2023-07-03 08:33:42Z" end-time="2023-07-03 08:33:42Z" duration="0.002917" total="1" passed="1" failed="0" inconclusive="0" skipped="0" asserts="3">
        <test-case id="0-1171" name="TestImports0" fullname="Kaitai.SpecImports0.TestImports0" methodname="TestImports0" classname="Kaitai.SpecImports0" runstate="Runnable" seed="917761780" result="Passed" start-time="2023-07-03 08:33:42Z" end-time="2023-07-03 08:33:42Z" duration="0.000526" asserts="3" />
      </test-suite>
      <test-suite type="TestFixture" id="0-1172" name="SpecImportsAbs" fullname="Kaitai.SpecImportsAbs" classname="Kaitai.SpecImportsAbs" runstate="Runnable" testcasecount="1" result="Passed" start-time="2023-07-03 08:33:42Z" end-time="2023-07-03 08:33:42Z" duration="0.003761" total="1" passed="1" failed="0" inconclusive="0" skipped="0" asserts="2">
        <test-case id="0-1173" name="TestImportsAbs" fullname="Kaitai.SpecImportsAbs.TestImportsAbs" methodname="TestImportsAbs" classname="Kaitai.SpecImportsAbs" runstate="Runnable" seed="1580741591" result="Passed" start-time="2023-07-03 08:33:42Z" end-time="2023-07-03 08:33:42Z" duration="0.001367" asserts="2" />
      </test-suite>
      <test-suite type="TestFixture" id="0-1174" name="SpecImportsAbsAbs" fullname="Kaitai.SpecImportsAbsAbs" classname="Kaitai.SpecImportsAbsAbs" runstate="Runnable" testcasecount="1" result="Passed" start-time="2023-07-03 08:33:42Z" end-time="2023-07-03 08:33:42Z" duration="0.003040" total="1" passed="1" failed="0" inconclusive="0" skipped="0" asserts="3">
        <test-case id="0-1175" name="TestImportsAbsAbs" fullname="Kaitai.SpecImportsAbsAbs.TestImportsAbsAbs" methodname="TestImportsAbsAbs" classname="Kaitai.SpecImportsAbsAbs" runstate="Runnable" seed="916455985" result="Passed" start-time="2023-07-03 08:33:42Z" end-time="2023-07-03 08:33:42Z" duration="0.000646" asserts="3" />
      </test-suite>
      <test-suite type="TestFixture" id="0-1176" name="SpecImportsAbsRel" fullname="Kaitai.SpecImportsAbsRel" classname="Kaitai.SpecImportsAbsRel" runstate="Runnable" testcasecount="1" result="Passed" start-time="2023-07-03 08:33:42Z" end-time="2023-07-03 08:33:42Z" duration="0.002959" total="1" passed="1" failed="0" inconclusive="0" skipped="0" asserts="3">
        <test-case id="0-1177" name="TestImportsAbsRel" fullname="Kaitai.SpecImportsAbsRel.TestImportsAbsRel" methodname="TestImportsAbsRel" classname="Kaitai.SpecImportsAbsRel" runstate="Runnable" seed="2041975043" result="Passed" start-time="2023-07-03 08:33:42Z" end-time="2023-07-03 08:33:42Z" duration="0.000571" asserts="3" />
      </test-suite>
      <test-suite type="TestFixture" id="0-1178" name="SpecImportsCircularA" fullname="Kaitai.SpecImportsCircularA" classname="Kaitai.SpecImportsCircularA" runstate="Runnable" testcasecount="1" result="Passed" start-time="2023-07-03 08:33:42Z" end-time="2023-07-03 08:33:42Z" duration="0.003087" total="1" passed="1" failed="0" inconclusive="0" skipped="0" asserts="5">
        <test-case id="0-1179" name="TestImportsCircularA" fullname="Kaitai.SpecImportsCircularA.TestImportsCircularA" methodname="TestImportsCircularA" classname="Kaitai.SpecImportsCircularA" runstate="Runnable" seed="121439412" result="Passed" start-time="2023-07-03 08:33:42Z" end-time="2023-07-03 08:33:42Z" duration="0.000681" asserts="5" />
      </test-suite>
      <test-suite type="TestFixture" id="0-1180" name="SpecImportsRel1" fullname="Kaitai.SpecImportsRel1" classname="Kaitai.SpecImportsRel1" runstate="Runnable" testcasecount="1" result="Passed" start-time="2023-07-03 08:33:42Z" end-time="2023-07-03 08:33:42Z" duration="0.003042" total="1" passed="1" failed="0" inconclusive="0" skipped="0" asserts="3">
        <test-case id="0-1181" name="TestImportsRel1" fullname="Kaitai.SpecImportsRel1.TestImportsRel1" methodname="TestImportsRel1" classname="Kaitai.SpecImportsRel1" runstate="Runnable" seed="396609531" result="Passed" start-time="2023-07-03 08:33:42Z" end-time="2023-07-03 08:33:42Z" duration="0.000657" asserts="3" />
      </test-suite>
      <test-suite type="TestFixture" id="0-1182" name="SpecIndexSizes" fullname="Kaitai.SpecIndexSizes" classname="Kaitai.SpecIndexSizes" runstate="Runnable" testcasecount="1" result="Passed" start-time="2023-07-03 08:33:42Z" end-time="2023-07-03 08:33:42Z" duration="0.003269" total="1" passed="1" failed="0" inconclusive="0" skipped="0" asserts="7">
        <test-case id="0-1183" name="TestIndexSizes" fullname="Kaitai.SpecIndexSizes.TestIndexSizes" methodname="TestIndexSizes" classname="Kaitai.SpecIndexSizes" runstate="Runnable" seed="1189247927" result="Passed" start-time="2023-07-03 08:33:42Z" end-time="2023-07-03 08:33:42Z" duration="0.000877" asserts="7" />
      </test-suite>
      <test-suite type="TestFixture" id="0-1184" name="SpecIndexToParamEos" fullname="Kaitai.SpecIndexToParamEos" classname="Kaitai.SpecIndexToParamEos" runstate="Runnable" testcasecount="1" result="Passed" start-time="2023-07-03 08:33:42Z" end-time="2023-07-03 08:33:42Z" duration="0.003581" total="1" passed="1" failed="0" inconclusive="0" skipped="0" asserts="7">
        <test-case id="0-1185" name="TestIndexToParamEos" fullname="Kaitai.SpecIndexToParamEos.TestIndexToParamEos" methodname="TestIndexToParamEos" classname="Kaitai.SpecIndexToParamEos" runstate="Runnable" seed="1695363572" result="Passed" start-time="2023-07-03 08:33:42Z" end-time="2023-07-03 08:33:42Z" duration="0.001181" asserts="7" />
      </test-suite>
      <test-suite type="TestFixture" id="0-1186" name="SpecIndexToParamExpr" fullname="Kaitai.SpecIndexToParamExpr" classname="Kaitai.SpecIndexToParamExpr" runstate="Runnable" testcasecount="1" result="Passed" start-time="2023-07-03 08:33:42Z" end-time="2023-07-03 08:33:42Z" duration="0.003585" total="1" passed="1" failed="0" inconclusive="0" skipped="0" asserts="7">
        <test-case id="0-1187" name="TestIndexToParamExpr" fullname="Kaitai.SpecIndexToParamExpr.TestIndexToParamExpr" methodname="TestIndexToParamExpr" classname="Kaitai.SpecIndexToParamExpr" runstate="Runnable" seed="1406043577" result="Passed" start-time="2023-07-03 08:33:42Z" end-time="2023-07-03 08:33:42Z" duration="0.001202" asserts="7" />
      </test-suite>
      <test-suite type="TestFixture" id="0-1188" name="SpecIndexToParamUntil" fullname="Kaitai.SpecIndexToParamUntil" classname="Kaitai.SpecIndexToParamUntil" runstate="Runnable" testcasecount="1" result="Passed" start-time="2023-07-03 08:33:42Z" end-time="2023-07-03 08:33:42Z" duration="0.003553" total="1" passed="1" failed="0" inconclusive="0" skipped="0" asserts="7">
        <test-case id="0-1189" name="TestIndexToParamUntil" fullname="Kaitai.SpecIndexToParamUntil.TestIndexToParamUntil" methodname="TestIndexToParamUntil" classname="Kaitai.SpecIndexToParamUntil" runstate="Runnable" seed="1999449620" result="Passed" start-time="2023-07-03 08:33:42Z" end-time="2023-07-03 08:33:42Z" duration="0.001159" asserts="7" />
      </test-suite>
      <test-suite type="TestFixture" id="0-1190" name="SpecInstanceIoUser" fullname="Kaitai.SpecInstanceIoUser" classname="Kaitai.SpecInstanceIoUser" runstate="Runnable" testcasecount="1" result="Passed" start-time="2023-07-03 08:33:42Z" end-time="2023-07-03 08:33:42Z" duration="0.003826" total="1" passed="1" failed="0" inconclusive="0" skipped="0" asserts="4">
        <test-case id="0-1191" name="TestInstanceIoUser" fullname="Kaitai.SpecInstanceIoUser.TestInstanceIoUser" methodname="TestInstanceIoUser" classname="Kaitai.SpecInstanceIoUser" runstate="Runnable" seed="291719637" result="Passed" start-time="2023-07-03 08:33:42Z" end-time="2023-07-03 08:33:42Z" duration="0.001433" asserts="4" />
      </test-suite>
      <test-suite type="TestFixture" id="0-1192" name="SpecInstanceStd" fullname="Kaitai.SpecInstanceStd" classname="Kaitai.SpecInstanceStd" runstate="Runnable" testcasecount="1" result="Passed" start-time="2023-07-03 08:33:42Z" end-time="2023-07-03 08:33:42Z" duration="0.002817" total="1" passed="1" failed="0" inconclusive="0" skipped="0" asserts="1">
        <test-case id="0-1193" name="TestInstanceStd" fullname="Kaitai.SpecInstanceStd.TestInstanceStd" methodname="TestInstanceStd" classname="Kaitai.SpecInstanceStd" runstate="Runnable" seed="825249773" result="Passed" start-time="2023-07-03 08:33:42Z" end-time="2023-07-03 08:33:42Z" duration="0.000428" asserts="1" />
      </test-suite>
      <test-suite type="TestFixture" id="0-1194" name="SpecInstanceStdArray" fullname="Kaitai.SpecInstanceStdArray" classname="Kaitai.SpecInstanceStdArray" runstate="Runnable" testcasecount="1" result="Passed" start-time="2023-07-03 08:33:42Z" end-time="2023-07-03 08:33:42Z" duration="0.003268" total="1" passed="1" failed="0" inconclusive="0" skipped="0" asserts="7">
        <test-case id="0-1195" name="TestInstanceStdArray" fullname="Kaitai.SpecInstanceStdArray.TestInstanceStdArray" methodname="TestInstanceStdArray" classname="Kaitai.SpecInstanceStdArray" runstate="Runnable" seed="348243026" result="Passed" start-time="2023-07-03 08:33:42Z" end-time="2023-07-03 08:33:42Z" duration="0.000874" asserts="7" />
      </test-suite>
      <test-suite type="TestFixture" id="0-1196" name="SpecIntegers" fullname="Kaitai.SpecIntegers" classname="Kaitai.SpecIntegers" runstate="Runnable" testcasecount="1" result="Passed" start-time="2023-07-03 08:33:42Z" end-time="2023-07-03 08:33:42Z" duration="0.003946" total="1" passed="1" failed="0" inconclusive="0" skipped="0" asserts="20">
        <test-case id="0-1197" name="TestIntegers" fullname="Kaitai.SpecIntegers.TestIntegers" methodname="TestIntegers" classname="Kaitai.SpecIntegers" runstate="Runnable" seed="1688958940" result="Passed" start-time="2023-07-03 08:33:42Z" end-time="2023-07-03 08:33:42Z" duration="0.001560" asserts="20" />
      </test-suite>
      <test-suite type="TestFixture" id="0-1198" name="SpecIntegersDoubleOverflow" fullname="Kaitai.SpecIntegersDoubleOverflow" classname="Kaitai.SpecIntegersDoubleOverflow" runstate="Runnable" testcasecount="1" result="Passed" start-time="2023-07-03 08:33:42Z" end-time="2023-07-03 08:33:42Z" duration="0.003624" total="1" passed="1" failed="0" inconclusive="0" skipped="0" asserts="8">
        <test-case id="0-1199" name="TestIntegersDoubleOverflow" fullname="Kaitai.SpecIntegersDoubleOverflow.TestIntegersDoubleOverflow" methodname="TestIntegersDoubleOverflow" classname="Kaitai.SpecIntegersDoubleOverflow" runstate="Runnable" seed="1014479862" result="Passed" start-time="2023-07-03 08:33:42Z" end-time="2023-07-03 08:33:42Z" duration="0.000621" asserts="8" />
      </test-suite>
      <test-suite type="TestFixture" id="0-1200" name="SpecIntegersMinMax" fullname="Kaitai.SpecIntegersMinMax" classname="Kaitai.SpecIntegersMinMax" runstate="Runnable" testcasecount="1" result="Passed" start-time="2023-07-03 08:33:42Z" end-time="2023-07-03 08:33:42Z" duration="0.004150" total="1" passed="1" failed="0" inconclusive="0" skipped="0" asserts="28">
        <test-case id="0-1201" name="TestIntegersMinMax" fullname="Kaitai.SpecIntegersMinMax.TestIntegersMinMax" methodname="TestIntegersMinMax" classname="Kaitai.SpecIntegersMinMax" runstate="Runnable" seed="47790041" result="Passed" start-time="2023-07-03 08:33:42Z" end-time="2023-07-03 08:33:42Z" duration="0.001749" asserts="28" />
      </test-suite>
      <test-suite type="TestFixture" id="0-1202" name="SpecIoLocalVar" fullname="Kaitai.SpecIoLocalVar" classname="Kaitai.SpecIoLocalVar" runstate="Runnable" testcasecount="1" result="Passed" start-time="2023-07-03 08:33:42Z" end-time="2023-07-03 08:33:42Z" duration="0.003121" total="1" passed="1" failed="0" inconclusive="0" skipped="0" asserts="2">
        <test-case id="0-1203" name="TestIoLocalVar" fullname="Kaitai.SpecIoLocalVar.TestIoLocalVar" methodname="TestIoLocalVar" classname="Kaitai.SpecIoLocalVar" runstate="Runnable" seed="227223461" result="Passed" start-time="2023-07-03 08:33:42Z" end-time="2023-07-03 08:33:42Z" duration="0.000737" asserts="2" />
      </test-suite>
      <test-suite type="TestFixture" id="0-1204" name="SpecJsSignedRightShift" fullname="Kaitai.SpecJsSignedRightShift" classname="Kaitai.SpecJsSignedRightShift" runstate="Runnable" testcasecount="1" result="Passed" start-time="2023-07-03 08:33:42Z" end-time="2023-07-03 08:33:42Z" duration="0.002796" total="1" passed="1" failed="0" inconclusive="0" skipped="0" asserts="2">
        <test-case id="0-1205" name="TestJsSignedRightShift" fullname="Kaitai.SpecJsSignedRightShift.TestJsSignedRightShift" methodname="TestJsSignedRightShift" classname="Kaitai.SpecJsSignedRightShift" runstate="Runnable" seed="2110219307" result="Passed" start-time="2023-07-03 08:33:42Z" end-time="2023-07-03 08:33:42Z" duration="0.000411" asserts="2" />
      </test-suite>
      <test-suite type="TestFixture" id="0-1206" name="SpecMetaTags" fullname="Kaitai.SpecMetaTags" classname="Kaitai.SpecMetaTags" runstate="Runnable" testcasecount="1" result="Passed" start-time="2023-07-03 08:33:42Z" end-time="2023-07-03 08:33:42Z" duration="0.002653" total="1" passed="1" failed="0" inconclusive="0" skipped="0" asserts="0">
        <test-case id="0-1207" name="TestMetaTags" fullname="Kaitai.SpecMetaTags.TestMetaTags" methodname="TestMetaTags" classname="Kaitai.SpecMetaTags" runstate="Runnable" seed="1186732586" result="Passed" start-time="2023-07-03 08:33:42Z" end-time="2023-07-03 08:33:42Z" duration="0.000270" asserts="0" />
      </test-suite>
      <test-suite type="TestFixture" id="0-1208" name="SpecMetaXref" fullname="Kaitai.SpecMetaXref" classname="Kaitai.SpecMetaXref" runstate="Runnable" testcasecount="1" result="Passed" start-time="2023-07-03 08:33:42Z" end-time="2023-07-03 08:33:42Z" duration="0.002657" total="1" passed="1" failed="0" inconclusive="0" skipped="0" asserts="0">
        <test-case id="0-1209" name="TestMetaXref" fullname="Kaitai.SpecMetaXref.TestMetaXref" methodname="TestMetaXref" classname="Kaitai.SpecMetaXref" runstate="Runnable" seed="993679302" result="Passed" start-time="2023-07-03 08:33:42Z" end-time="2023-07-03 08:33:42Z" duration="0.000269" asserts="0" />
      </test-suite>
      <test-suite type="TestFixture" id="0-1210" name="SpecMultipleUse" fullname="Kaitai.SpecMultipleUse" classname="Kaitai.SpecMultipleUse" runstate="Runnable" testcasecount="1" result="Passed" start-time="2023-07-03 08:33:42Z" end-time="2023-07-03 08:33:42Z" duration="0.003172" total="1" passed="1" failed="0" inconclusive="0" skipped="0" asserts="2">
        <test-case id="0-1211" name="TestMultipleUse" fullname="Kaitai.SpecMultipleUse.TestMultipleUse" methodname="TestMultipleUse" classname="Kaitai.SpecMultipleUse" runstate="Runnable" seed="10736123" result="Passed" start-time="2023-07-03 08:33:42Z" end-time="2023-07-03 08:33:42Z" duration="0.000776" asserts="2" />
      </test-suite>
      <test-suite type="TestFixture" id="0-1212" name="SpecNavParent" fullname="Kaitai.SpecNavParent" classname="Kaitai.SpecNavParent" runstate="Runnable" testcasecount="1" result="Passed" start-time="2023-07-03 08:33:42Z" end-time="2023-07-03 08:33:42Z" duration="0.003612" total="1" passed="1" failed="0" inconclusive="0" skipped="0" asserts="5">
        <test-case id="0-1213" name="TestNavParent" fullname="Kaitai.SpecNavParent.TestNavParent" methodname="TestNavParent" classname="Kaitai.SpecNavParent" runstate="Runnable" seed="597266029" result="Passed" start-time="2023-07-03 08:33:42Z" end-time="2023-07-03 08:33:42Z" duration="0.001217" asserts="5" />
      </test-suite>
      <test-suite type="TestFixture" id="0-1214" name="SpecNavParent2" fullname="Kaitai.SpecNavParent2" classname="Kaitai.SpecNavParent2" runstate="Runnable" testcasecount="1" result="Passed" start-time="2023-07-03 08:33:42Z" end-time="2023-07-03 08:33:42Z" duration="0.003893" total="1" passed="1" failed="0" inconclusive="0" skipped="0" asserts="10">
        <test-case id="0-1215" name="TestNavParent2" fullname="Kaitai.SpecNavParent2.TestNavParent2" methodname="TestNavParent2" classname="Kaitai.SpecNavParent2" runstate="Runnable" seed="949311618" result="Passed" start-time="2023-07-03 08:33:42Z" end-time="2023-07-03 08:33:42Z" duration="0.001496" asserts="10" />
      </test-suite>
      <test-suite type="TestFixture" id="0-1216" name="SpecNavParent3" fullname="Kaitai.SpecNavParent3" classname="Kaitai.SpecNavParent3" runstate="Runnable" testcasecount="1" result="Passed" start-time="2023-07-03 08:33:42Z" end-time="2023-07-03 08:33:42Z" duration="0.003883" total="1" passed="1" failed="0" inconclusive="0" skipped="0" asserts="10">
        <test-case id="0-1217" name="TestNavParent3" fullname="Kaitai.SpecNavParent3.TestNavParent3" methodname="TestNavParent3" classname="Kaitai.SpecNavParent3" runstate="Runnable" seed="30305888" result="Passed" start-time="2023-07-03 08:33:42Z" end-time="2023-07-03 08:33:42Z" duration="0.001482" asserts="10" />
      </test-suite>
      <test-suite type="TestFixture" id="0-1218" name="SpecNavParentFalse" fullname="Kaitai.SpecNavParentFalse" classname="Kaitai.SpecNavParentFalse" runstate="Runnable" testcasecount="1" result="Passed" start-time="2023-07-03 08:33:42Z" end-time="2023-07-03 08:33:42Z" duration="0.003292" total="1" passed="1" failed="0" inconclusive="0" skipped="0" asserts="5">
        <test-case id="0-1219" name="TestNavParentFalse" fullname="Kaitai.SpecNavParentFalse.TestNavParentFalse" methodname="TestNavParentFalse" classname="Kaitai.SpecNavParentFalse" runstate="Runnable" seed="489936891" result="Passed" start-time="2023-07-03 08:33:42Z" end-time="2023-07-03 08:33:42Z" duration="0.000896" asserts="5" />
      </test-suite>
      <test-suite type="TestFixture" id="0-1220" name="SpecNavParentFalse2" fullname="Kaitai.SpecNavParentFalse2" classname="Kaitai.SpecNavParentFalse2" runstate="Runnable" testcasecount="1" result="Passed" start-time="2023-07-03 08:33:42Z" end-time="2023-07-03 08:33:42Z" duration="0.002862" total="1" passed="1" failed="0" inconclusive="0" skipped="0" asserts="1">
        <test-case id="0-1221" name="TestNavParentFalse2" fullname="Kaitai.SpecNavParentFalse2.TestNavParentFalse2" methodname="TestNavParentFalse2" classname="Kaitai.SpecNavParentFalse2" runstate="Runnable" seed="1952856604" result="Passed" start-time="2023-07-03 08:33:42Z" end-time="2023-07-03 08:33:42Z" duration="0.000463" asserts="1" />
      </test-suite>
      <test-suite type="TestFixture" id="0-1222" name="SpecNavParentOverride" fullname="Kaitai.SpecNavParentOverride" classname="Kaitai.SpecNavParentOverride" runstate="Runnable" testcasecount="1" result="Passed" start-time="2023-07-03 08:33:42Z" end-time="2023-07-03 08:33:42Z" duration="0.003087" total="1" passed="1" failed="0" inconclusive="0" skipped="0" asserts="3">
        <test-case id="0-1223" name="TestNavParentOverride" fullname="Kaitai.SpecNavParentOverride.TestNavParentOverride" methodname="TestNavParentOverride" classname="Kaitai.SpecNavParentOverride" runstate="Runnable" seed="1661553015" result="Passed" start-time="2023-07-03 08:33:42Z" end-time="2023-07-03 08:33:42Z" duration="0.000694" asserts="3" />
      </test-suite>
      <test-suite type="TestFixture" id="0-1224" name="SpecNavParentSwitch" fullname="Kaitai.SpecNavParentSwitch" classname="Kaitai.SpecNavParentSwitch" runstate="Runnable" testcasecount="1" result="Passed" start-time="2023-07-03 08:33:42Z" end-time="2023-07-03 08:33:42Z" duration="0.003178" total="1" passed="1" failed="0" inconclusive="0" skipped="0" asserts="3">
        <test-case id="0-1225" name="TestNavParentSwitch" fullname="Kaitai.SpecNavParentSwitch.TestNavParentSwitch" methodname="TestNavParentSwitch" classname="Kaitai.SpecNavParentSwitch" runstate="Runnable" seed="11352773" result="Passed" start-time="2023-07-03 08:33:42Z" end-time="2023-07-03 08:33:42Z" duration="0.000780" asserts="3" />
      </test-suite>
      <test-suite type="TestFixture" id="0-1226" name="SpecNavParentVsValueInst" fullname="Kaitai.SpecNavParentVsValueInst" classname="Kaitai.SpecNavParentVsValueInst" runstate="Runnable" testcasecount="1" result="Passed" start-time="2023-07-03 08:33:42Z" end-time="2023-07-03 08:33:42Z" duration="0.002855" total="1" passed="1" failed="0" inconclusive="0" skipped="0" asserts="1">
        <test-case id="0-1227" name="TestNavParentVsValueInst" fullname="Kaitai.SpecNavParentVsValueInst.TestNavParentVsValueInst" methodname="TestNavParentVsValueInst" classname="Kaitai.SpecNavParentVsValueInst" runstate="Runnable" seed="273990398" result="Passed" start-time="2023-07-03 08:33:42Z" end-time="2023-07-03 08:33:42Z" duration="0.000451" asserts="1" />
      </test-suite>
      <test-suite type="TestFixture" id="0-1228" name="SpecNavRoot" fullname="Kaitai.SpecNavRoot" classname="Kaitai.SpecNavRoot" runstate="Runnable" testcasecount="1" result="Passed" start-time="2023-07-03 08:33:42Z" end-time="2023-07-03 08:33:42Z" duration="0.003613" total="1" passed="1" failed="0" inconclusive="0" skipped="0" asserts="5">
        <test-case id="0-1229" name="TestNavRoot" fullname="Kaitai.SpecNavRoot.TestNavRoot" methodname="TestNavRoot" classname="Kaitai.SpecNavRoot" runstate="Runnable" seed="1409131865" result="Passed" start-time="2023-07-03 08:33:42Z" end-time="2023-07-03 08:33:42Z" duration="0.001219" asserts="5" />
      </test-suite>
      <test-suite type="TestFixture" id="0-1230" name="SpecNestedSameName" fullname="Kaitai.SpecNestedSameName" classname="Kaitai.SpecNestedSameName" runstate="Runnable" testcasecount="1" result="Passed" start-time="2023-07-03 08:33:42Z" end-time="2023-07-03 08:33:42Z" duration="0.003105" total="1" passed="1" failed="0" inconclusive="0" skipped="0" asserts="2">
        <test-case id="0-1231" name="TestNestedSameName" fullname="Kaitai.SpecNestedSameName.TestNestedSameName" methodname="TestNestedSameName" classname="Kaitai.SpecNestedSameName" runstate="Runnable" seed="759896468" result="Passed" start-time="2023-07-03 08:33:42Z" end-time="2023-07-03 08:33:42Z" duration="0.000698" asserts="2" />
      </test-suite>
      <test-suite type="TestFixture" id="0-1232" name="SpecNestedSameName2" fullname="Kaitai.SpecNestedSameName2" classname="Kaitai.SpecNestedSameName2" runstate="Runnable" testcasecount="1" result="Passed" start-time="2023-07-03 08:33:42Z" end-time="2023-07-03 08:33:42Z" duration="0.003360" total="1" passed="1" failed="0" inconclusive="0" skipped="0" asserts="5">
        <test-case id="0-1233" name="TestNestedSameName2" fullname="Kaitai.SpecNestedSameName2.TestNestedSameName2" methodname="TestNestedSameName2" classname="Kaitai.SpecNestedSameName2" runstate="Runnable" seed="1494967553" result="Passed" start-time="2023-07-03 08:33:42Z" end-time="2023-07-03 08:33:42Z" duration="0.000956" asserts="5" />
      </test-suite>
      <test-suite type="TestFixture" id="0-1234" name="SpecNestedTypeParam" fullname="Kaitai.SpecNestedTypeParam" classname="Kaitai.SpecNestedTypeParam" runstate="Runnable" testcasecount="1" result="Passed" start-time="2023-07-03 08:33:42Z" end-time="2023-07-03 08:33:42Z" duration="0.002916" total="1" passed="1" failed="0" inconclusive="0" skipped="0" asserts="2">
        <test-case id="0-1235" name="TestNestedTypeParam" fullname="Kaitai.SpecNestedTypeParam.TestNestedTypeParam" methodname="TestNestedTypeParam" classname="Kaitai.SpecNestedTypeParam" runstate="Runnable" seed="512257189" result="Passed" start-time="2023-07-03 08:33:42Z" end-time="2023-07-03 08:33:42Z" duration="0.000521" asserts="2" />
      </test-suite>
      <test-suite type="TestFixture" id="0-1236" name="SpecNestedTypes" fullname="Kaitai.SpecNestedTypes" classname="Kaitai.SpecNestedTypes" runstate="Runnable" testcasecount="1" result="Passed" start-time="2023-07-03 08:33:42Z" end-time="2023-07-03 08:33:42Z" duration="0.003165" total="1" passed="1" failed="0" inconclusive="0" skipped="0" asserts="3">
        <test-case id="0-1237" name="TestNestedTypes" fullname="Kaitai.SpecNestedTypes.TestNestedTypes" methodname="TestNestedTypes" classname="Kaitai.SpecNestedTypes" runstate="Runnable" seed="1029217732" result="Passed" start-time="2023-07-03 08:33:42Z" end-time="2023-07-03 08:33:42Z" duration="0.000755" asserts="3" />
      </test-suite>
      <test-suite type="TestFixture" id="0-1238" name="SpecNestedTypes2" fullname="Kaitai.SpecNestedTypes2" classname="Kaitai.SpecNestedTypes2" runstate="Runnable" testcasecount="1" result="Passed" start-time="2023-07-03 08:33:42Z" end-time="2023-07-03 08:33:42Z" duration="0.003599" total="1" passed="1" failed="0" inconclusive="0" skipped="0" asserts="7">
        <test-case id="0-1239" name="TestNestedTypes2" fullname="Kaitai.SpecNestedTypes2.TestNestedTypes2" methodname="TestNestedTypes2" classname="Kaitai.SpecNestedTypes2" runstate="Runnable" seed="1632290244" result="Passed" start-time="2023-07-03 08:33:42Z" end-time="2023-07-03 08:33:42Z" duration="0.001190" asserts="7" />
      </test-suite>
      <test-suite type="TestFixture" id="0-1240" name="SpecNestedTypes3" fullname="Kaitai.SpecNestedTypes3" classname="Kaitai.SpecNestedTypes3" runstate="Runnable" testcasecount="1" result="Passed" start-time="2023-07-03 08:33:42Z" end-time="2023-07-03 08:33:42Z" duration="0.003217" total="1" passed="1" failed="0" inconclusive="0" skipped="0" asserts="5">
        <test-case id="0-1241" name="TestNestedTypes3" fullname="Kaitai.SpecNestedTypes3.TestNestedTypes3" methodname="TestNestedTypes3" classname="Kaitai.SpecNestedTypes3" runstate="Runnable" seed="416176141" result="Passed" start-time="2023-07-03 08:33:42Z" end-time="2023-07-03 08:33:42Z" duration="0.000822" asserts="5" />
      </test-suite>
      <test-suite type="TestFixture" id="0-1242" name="SpecNonStandard" fullname="Kaitai.SpecNonStandard" classname="Kaitai.SpecNonStandard" runstate="Runnable" testcasecount="1" result="Passed" start-time="2023-07-03 08:33:42Z" end-time="2023-07-03 08:33:42Z" duration="0.002817" total="1" passed="1" failed="0" inconclusive="0" skipped="0" asserts="1">
        <test-case id="0-1243" name="TestNonStandard" fullname="Kaitai.SpecNonStandard.TestNonStandard" methodname="TestNonStandard" classname="Kaitai.SpecNonStandard" runstate="Runnable" seed="1015523154" result="Passed" start-time="2023-07-03 08:33:42Z" end-time="2023-07-03 08:33:42Z" duration="0.000424" asserts="1" />
      </test-suite>
      <test-suite type="TestFixture" id="0-1244" name="SpecOpaqueExternalType" fullname="Kaitai.SpecOpaqueExternalType" classname="Kaitai.SpecOpaqueExternalType" runstate="Runnable" testcasecount="1" result="Passed" start-time="2023-07-03 08:33:42Z" end-time="2023-07-03 08:33:42Z" duration="0.002982" total="1" passed="1" failed="0" inconclusive="0" skipped="0" asserts="3">
        <test-case id="0-1245" name="TestOpaqueExternalType" fullname="Kaitai.SpecOpaqueExternalType.TestOpaqueExternalType" methodname="TestOpaqueExternalType" classname="Kaitai.SpecOpaqueExternalType" runstate="Runnable" seed="2145884041" result="Passed" start-time="2023-07-03 08:33:42Z" end-time="2023-07-03 08:33:42Z" duration="0.000588" asserts="3" />
      </test-suite>
      <test-suite type="TestFixture" id="0-1246" name="SpecOpaqueExternalType02Parent" fullname="Kaitai.SpecOpaqueExternalType02Parent" classname="Kaitai.SpecOpaqueExternalType02Parent" runstate="Runnable" testcasecount="1" result="Passed" start-time="2023-07-03 08:33:42Z" end-time="2023-07-03 08:33:42Z" duration="0.003233" total="1" passed="1" failed="0" inconclusive="0" skipped="0" asserts="3">
        <test-case id="0-1247" name="TestOpaqueExternalType02Parent" fullname="Kaitai.SpecOpaqueExternalType02Parent.TestOpaqueExternalType02Parent" methodname="TestOpaqueExternalType02Parent" classname="Kaitai.SpecOpaqueExternalType02Parent" runstate="Runnable" seed="1457277163" result="Passed" start-time="2023-07-03 08:33:42Z" end-time="2023-07-03 08:33:42Z" duration="0.000839" asserts="3" />
      </test-suite>
      <test-suite type="TestFixture" id="0-1248" name="SpecOpaqueWithParam" fullname="Kaitai.SpecOpaqueWithParam" classname="Kaitai.SpecOpaqueWithParam" runstate="Runnable" testcasecount="1" result="Passed" start-time="2023-07-03 08:33:42Z" end-time="2023-07-03 08:33:42Z" duration="0.003051" total="1" passed="1" failed="0" inconclusive="0" skipped="0" asserts="2">
        <test-case id="0-1249" name="TestOpaqueWithParam" fullname="Kaitai.SpecOpaqueWithParam.TestOpaqueWithParam" methodname="TestOpaqueWithParam" classname="Kaitai.SpecOpaqueWithParam" runstate="Runnable" seed="1226494999" result="Passed" start-time="2023-07-03 08:33:42Z" end-time="2023-07-03 08:33:42Z" duration="0.000658" asserts="2" />
      </test-suite>
      <test-suite type="TestFixture" id="0-1250" name="SpecOptionalId" fullname="Kaitai.SpecOptionalId" classname="Kaitai.SpecOptionalId" runstate="Runnable" testcasecount="1" result="Passed" start-time="2023-07-03 08:33:42Z" end-time="2023-07-03 08:33:42Z" duration="0.002863" total="1" passed="1" failed="0" inconclusive="0" skipped="0" asserts="3">
        <test-case id="0-1251" name="TestOptionalId" fullname="Kaitai.SpecOptionalId.TestOptionalId" methodname="TestOptionalId" classname="Kaitai.SpecOptionalId" runstate="Runnable" seed="932681152" result="Passed" start-time="2023-07-03 08:33:42Z" end-time="2023-07-03 08:33:42Z" duration="0.000454" asserts="3" />
      </test-suite>
      <test-suite type="TestFixture" id="0-1252" name="SpecParamsCallExtraParens" fullname="Kaitai.SpecParamsCallExtraParens" classname="Kaitai.SpecParamsCallExtraParens" runstate="Runnable" testcasecount="1" result="Passed" start-time="2023-07-03 08:33:42Z" end-time="2023-07-03 08:33:42Z" duration="0.002857" total="1" passed="1" failed="0" inconclusive="0" skipped="0" asserts="1">
        <test-case id="0-1253" name="TestParamsCallExtraParens" fullname="Kaitai.SpecParamsCallExtraParens.TestParamsCallExtraParens" methodname="TestParamsCallExtraParens" classname="Kaitai.SpecParamsCallExtraParens" runstate="Runnable" seed="586628519" result="Passed" start-time="2023-07-03 08:33:42Z" end-time="2023-07-03 08:33:42Z" duration="0.000465" asserts="1" />
      </test-suite>
      <test-suite type="TestFixture" id="0-1254" name="SpecParamsCallShort" fullname="Kaitai.SpecParamsCallShort" classname="Kaitai.SpecParamsCallShort" runstate="Runnable" testcasecount="1" result="Passed" start-time="2023-07-03 08:33:42Z" end-time="2023-07-03 08:33:42Z" duration="0.003503" total="1" passed="1" failed="0" inconclusive="0" skipped="0" asserts="3">
        <test-case id="0-1255" name="TestParamsCallShort" fullname="Kaitai.SpecParamsCallShort.TestParamsCallShort" methodname="TestParamsCallShort" classname="Kaitai.SpecParamsCallShort" runstate="Runnable" seed="1716280131" result="Passed" start-time="2023-07-03 08:33:42Z" end-time="2023-07-03 08:33:42Z" duration="0.000790" asserts="3" />
      </test-suite>
      <test-suite type="TestFixture" id="0-1256" name="SpecParamsDef" fullname="Kaitai.SpecParamsDef" classname="Kaitai.SpecParamsDef" runstate="Runnable" testcasecount="1" result="Passed" start-time="2023-07-03 08:33:42Z" end-time="2023-07-03 08:33:42Z" duration="0.002657" total="1" passed="1" failed="0" inconclusive="0" skipped="0" asserts="2">
        <test-case id="0-1257" name="TestParamsDef" fullname="Kaitai.SpecParamsDef.TestParamsDef" methodname="TestParamsDef" classname="Kaitai.SpecParamsDef" runstate="Runnable" seed="978044301" result="Passed" start-time="2023-07-03 08:33:42Z" end-time="2023-07-03 08:33:42Z" duration="0.000265" asserts="2" />
      </test-suite>
      <test-suite type="TestFixture" id="0-1258" name="SpecParamsEnum" fullname="Kaitai.SpecParamsEnum" classname="Kaitai.SpecParamsEnum" runstate="Runnable" testcasecount="1" result="Passed" start-time="2023-07-03 08:33:42Z" end-time="2023-07-03 08:33:42Z" duration="0.003831" total="1" passed="1" failed="0" inconclusive="0" skipped="0" asserts="2">
        <test-case id="0-1259" name="TestParamsEnum" fullname="Kaitai.SpecParamsEnum.TestParamsEnum" methodname="TestParamsEnum" classname="Kaitai.SpecParamsEnum" runstate="Runnable" seed="231593487" result="Passed" start-time="2023-07-03 08:33:42Z" end-time="2023-07-03 08:33:42Z" duration="0.000608" asserts="2" />
      </test-suite>
      <test-suite type="TestFixture" id="0-1260" name="SpecParamsPassArrayInt" fullname="Kaitai.SpecParamsPassArrayInt" classname="Kaitai.SpecParamsPassArrayInt" runstate="Runnable" testcasecount="1" result="Passed" start-time="2023-07-03 08:33:42Z" end-time="2023-07-03 08:33:42Z" duration="0.003827" total="1" passed="1" failed="0" inconclusive="0" skipped="0" asserts="7">
        <test-case id="0-1261" name="TestParamsPassArrayInt" fullname="Kaitai.SpecParamsPassArrayInt.TestParamsPassArrayInt" methodname="TestParamsPassArrayInt" classname="Kaitai.SpecParamsPassArrayInt" runstate="Runnable" seed="2074741069" result="Passed" start-time="2023-07-03 08:33:42Z" end-time="2023-07-03 08:33:42Z" duration="0.001435" asserts="7" />
      </test-suite>
      <test-suite type="TestFixture" id="0-1262" name="SpecParamsPassArrayStr" fullname="Kaitai.SpecParamsPassArrayStr" classname="Kaitai.SpecParamsPassArrayStr" runstate="Runnable" testcasecount="1" result="Passed" start-time="2023-07-03 08:33:42Z" end-time="2023-07-03 08:33:42Z" duration="0.003397" total="1" passed="1" failed="0" inconclusive="0" skipped="0" asserts="7">
        <test-case id="0-1263" name="TestParamsPassArrayStr" fullname="Kaitai.SpecParamsPassArrayStr.TestParamsPassArrayStr" methodname="TestParamsPassArrayStr" classname="Kaitai.SpecParamsPassArrayStr" runstate="Runnable" seed="1116404792" result="Passed" start-time="2023-07-03 08:33:42Z" end-time="2023-07-03 08:33:42Z" duration="0.001005" asserts="7" />
      </test-suite>
      <test-suite type="TestFixture" id="0-1264" name="SpecParamsPassArrayStruct" fullname="Kaitai.SpecParamsPassArrayStruct" classname="Kaitai.SpecParamsPassArrayStruct" runstate="Runnable" testcasecount="1" result="Passed" start-time="2023-07-03 08:33:42Z" end-time="2023-07-03 08:33:42Z" duration="0.003697" total="1" passed="1" failed="0" inconclusive="0" skipped="0" asserts="3">
        <test-case id="0-1265" name="TestParamsPassArrayStruct" fullname="Kaitai.SpecParamsPassArrayStruct.TestParamsPassArrayStruct" methodname="TestParamsPassArrayStruct" classname="Kaitai.SpecParamsPassArrayStruct" runstate="Runnable" seed="434831156" result="Passed" start-time="2023-07-03 08:33:42Z" end-time="2023-07-03 08:33:42Z" duration="0.001295" asserts="3" />
      </test-suite>
      <test-suite type="TestFixture" id="0-1266" name="SpecParamsPassArrayUsertype" fullname="Kaitai.SpecParamsPassArrayUsertype" classname="Kaitai.SpecParamsPassArrayUsertype" runstate="Runnable" testcasecount="1" result="Passed" start-time="2023-07-03 08:33:42Z" end-time="2023-07-03 08:33:42Z" duration="0.004135" total="1" passed="1" failed="0" inconclusive="0" skipped="0" asserts="5">
        <test-case id="0-1267" name="TestParamsPassArrayUsertype" fullname="Kaitai.SpecParamsPassArrayUsertype.TestParamsPassArrayUsertype" methodname="TestParamsPassArrayUsertype" classname="Kaitai.SpecParamsPassArrayUsertype" runstate="Runnable" seed="319463323" result="Passed" start-time="2023-07-03 08:33:42Z" end-time="2023-07-03 08:33:42Z" duration="0.001694" asserts="5" />
      </test-suite>
      <test-suite type="TestFixture" id="0-1268" name="SpecParamsPassBool" fullname="Kaitai.SpecParamsPassBool" classname="Kaitai.SpecParamsPassBool" runstate="Runnable" testcasecount="1" result="Passed" start-time="2023-07-03 08:33:42Z" end-time="2023-07-03 08:33:42Z" duration="0.003783" total="1" passed="1" failed="0" inconclusive="0" skipped="0" asserts="14">
        <test-case id="0-1269" name="TestParamsPassBool" fullname="Kaitai.SpecParamsPassBool.TestParamsPassBool" methodname="TestParamsPassBool" classname="Kaitai.SpecParamsPassBool" runstate="Runnable" seed="1561904794" result="Passed" start-time="2023-07-03 08:33:42Z" end-time="2023-07-03 08:33:42Z" duration="0.001386" asserts="14" />
      </test-suite>
      <test-suite type="TestFixture" id="0-1270" name="SpecParamsPassStruct" fullname="Kaitai.SpecParamsPassStruct" classname="Kaitai.SpecParamsPassStruct" runstate="Runnable" testcasecount="1" result="Passed" start-time="2023-07-03 08:33:42Z" end-time="2023-07-03 08:33:42Z" duration="0.003212" total="1" passed="1" failed="0" inconclusive="0" skipped="0" asserts="4">
        <test-case id="0-1271" name="TestParamsPassStruct" fullname="Kaitai.SpecParamsPassStruct.TestParamsPassStruct" methodname="TestParamsPassStruct" classname="Kaitai.SpecParamsPassStruct" runstate="Runnable" seed="2008733953" result="Passed" start-time="2023-07-03 08:33:42Z" end-time="2023-07-03 08:33:42Z" duration="0.000817" asserts="4" />
      </test-suite>
      <test-suite type="TestFixture" id="0-1272" name="SpecParamsPassUsertype" fullname="Kaitai.SpecParamsPassUsertype" classname="Kaitai.SpecParamsPassUsertype" runstate="Runnable" testcasecount="1" result="Passed" start-time="2023-07-03 08:33:42Z" end-time="2023-07-03 08:33:42Z" duration="0.003033" total="1" passed="1" failed="0" inconclusive="0" skipped="0" asserts="2">
        <test-case id="0-1273" name="TestParamsPassUsertype" fullname="Kaitai.SpecParamsPassUsertype.TestParamsPassUsertype" methodname="TestParamsPassUsertype" classname="Kaitai.SpecParamsPassUsertype" runstate="Runnable" seed="848990772" result="Passed" start-time="2023-07-03 08:33:42Z" end-time="2023-07-03 08:33:42Z" duration="0.000640" asserts="2" />
      </test-suite>
      <test-suite type="TestFixture" id="0-1274" name="SpecPositionAbs" fullname="Kaitai.SpecPositionAbs" classname="Kaitai.SpecPositionAbs" runstate="Runnable" testcasecount="1" result="Passed" start-time="2023-07-03 08:33:42Z" end-time="2023-07-03 08:33:42Z" duration="0.003037" total="1" passed="1" failed="0" inconclusive="0" skipped="0" asserts="2">
        <test-case id="0-1275" name="TestPositionAbs" fullname="Kaitai.SpecPositionAbs.TestPositionAbs" methodname="TestPositionAbs" classname="Kaitai.SpecPositionAbs" runstate="Runnable" seed="1080499727" result="Passed" start-time="2023-07-03 08:33:42Z" end-time="2023-07-03 08:33:42Z" duration="0.000641" asserts="2" />
      </test-suite>
      <test-suite type="TestFixture" id="0-1276" name="SpecPositionInSeq" fullname="Kaitai.SpecPositionInSeq" classname="Kaitai.SpecPositionInSeq" runstate="Runnable" testcasecount="1" result="Passed" start-time="2023-07-03 08:33:42Z" end-time="2023-07-03 08:33:42Z" duration="0.003783" total="1" passed="1" failed="0" inconclusive="0" skipped="0" asserts="1">
        <test-case id="0-1277" name="TestPositionInSeq" fullname="Kaitai.SpecPositionInSeq.TestPositionInSeq" methodname="TestPositionInSeq" classname="Kaitai.SpecPositionInSeq" runstate="Runnable" seed="292190978" result="Passed" start-time="2023-07-03 08:33:42Z" end-time="2023-07-03 08:33:42Z" duration="0.001376" asserts="1" />
      </test-suite>
      <test-suite type="TestFixture" id="0-1278" name="SpecPositionToEnd" fullname="Kaitai.SpecPositionToEnd" classname="Kaitai.SpecPositionToEnd" runstate="Runnable" testcasecount="1" result="Passed" start-time="2023-07-03 08:33:42Z" end-time="2023-07-03 08:33:42Z" duration="0.002982" total="1" passed="1" failed="0" inconclusive="0" skipped="0" asserts="2">
        <test-case id="0-1279" name="TestPositionToEnd" fullname="Kaitai.SpecPositionToEnd.TestPositionToEnd" methodname="TestPositionToEnd" classname="Kaitai.SpecPositionToEnd" runstate="Runnable" seed="60108511" result="Passed" start-time="2023-07-03 08:33:42Z" end-time="2023-07-03 08:33:42Z" duration="0.000588" asserts="2" />
      </test-suite>
      <test-suite type="TestFixture" id="0-1280" name="SpecProcessCoerceBytes" fullname="Kaitai.SpecProcessCoerceBytes" classname="Kaitai.SpecProcessCoerceBytes" runstate="Runnable" testcasecount="1" result="Passed" start-time="2023-07-03 08:33:42Z" end-time="2023-07-03 08:33:42Z" duration="0.003555" total="1" passed="1" failed="0" inconclusive="0" skipped="0" asserts="4">
        <test-case id="0-1281" name="TestProcessCoerceBytes" fullname="Kaitai.SpecProcessCoerceBytes.TestProcessCoerceBytes" methodname="TestProcessCoerceBytes" classname="Kaitai.SpecProcessCoerceBytes" runstate="Runnable" seed="260232374" result="Passed" start-time="2023-07-03 08:33:42Z" end-time="2023-07-03 08:33:42Z" duration="0.001159" asserts="4" />
      </test-suite>
      <test-suite type="TestFixture" id="0-1282" name="SpecProcessCoerceSwitch" fullname="Kaitai.SpecProcessCoerceSwitch" classname="Kaitai.SpecProcessCoerceSwitch" runstate="Runnable" testcasecount="1" result="Passed" start-time="2023-07-03 08:33:42Z" end-time="2023-07-03 08:33:42Z" duration="0.003201" total="1" passed="1" failed="0" inconclusive="0" skipped="0" asserts="3">
        <test-case id="0-1283" name="TestProcessCoerceSwitch" fullname="Kaitai.SpecProcessCoerceSwitch.TestProcessCoerceSwitch" methodname="TestProcessCoerceSwitch" classname="Kaitai.SpecProcessCoerceSwitch" runstate="Runnable" seed="1246123115" result="Passed" start-time="2023-07-03 08:33:42Z" end-time="2023-07-03 08:33:42Z" duration="0.000808" asserts="3" />
      </test-suite>
      <test-suite type="TestFixture" id="0-1284" name="SpecProcessCoerceUsertype1" fullname="Kaitai.SpecProcessCoerceUsertype1" classname="Kaitai.SpecProcessCoerceUsertype1" runstate="Runnable" testcasecount="1" result="Passed" start-time="2023-07-03 08:33:42Z" end-time="2023-07-03 08:33:42Z" duration="0.003625" total="1" passed="1" failed="0" inconclusive="0" skipped="0" asserts="4">
        <test-case id="0-1285" name="TestProcessCoerceUsertype1" fullname="Kaitai.SpecProcessCoerceUsertype1.TestProcessCoerceUsertype1" methodname="TestProcessCoerceUsertype1" classname="Kaitai.SpecProcessCoerceUsertype1" runstate="Runnable" seed="320582403" result="Passed" start-time="2023-07-03 08:33:42Z" end-time="2023-07-03 08:33:42Z" duration="0.001227" asserts="4" />
      </test-suite>
      <test-suite type="TestFixture" id="0-1286" name="SpecProcessCoerceUsertype2" fullname="Kaitai.SpecProcessCoerceUsertype2" classname="Kaitai.SpecProcessCoerceUsertype2" runstate="Runnable" testcasecount="1" result="Passed" start-time="2023-07-03 08:33:42Z" end-time="2023-07-03 08:33:42Z" duration="0.003566" total="1" passed="1" failed="0" inconclusive="0" skipped="0" asserts="4">
        <test-case id="0-1287" name="TestProcessCoerceUsertype2" fullname="Kaitai.SpecProcessCoerceUsertype2.TestProcessCoerceUsertype2" methodname="TestProcessCoerceUsertype2" classname="Kaitai.SpecProcessCoerceUsertype2" runstate="Runnable" seed="996790080" result="Passed" start-time="2023-07-03 08:33:42Z" end-time="2023-07-03 08:33:42Z" duration="0.001158" asserts="4" />
      </test-suite>
      <test-suite type="TestFixture" id="0-1288" name="SpecProcessCustom" fullname="Kaitai.SpecProcessCustom" classname="Kaitai.SpecProcessCustom" runstate="Runnable" testcasecount="1" result="Passed" start-time="2023-07-03 08:33:42Z" end-time="2023-07-03 08:33:42Z" duration="0.003143" total="1" passed="1" failed="0" inconclusive="0" skipped="0" asserts="3">
        <test-case id="0-1289" name="TestProcessCustom" fullname="Kaitai.SpecProcessCustom.TestProcessCustom" methodname="TestProcessCustom" classname="Kaitai.SpecProcessCustom" runstate="Runnable" seed="538201798" result="Passed" start-time="2023-07-03 08:33:42Z" end-time="2023-07-03 08:33:42Z" duration="0.000745" asserts="3" />
      </test-suite>
      <test-suite type="TestFixture" id="0-1290" name="SpecProcessCustomNoArgs" fullname="Kaitai.SpecProcessCustomNoArgs" classname="Kaitai.SpecProcessCustomNoArgs" runstate="Runnable" testcasecount="1" result="Passed" start-time="2023-07-03 08:33:42Z" end-time="2023-07-03 08:33:42Z" duration="0.002865" total="1" passed="1" failed="0" inconclusive="0" skipped="0" asserts="1">
        <test-case id="0-1291" name="TestProcessCustomNoArgs" fullname="Kaitai.SpecProcessCustomNoArgs.TestProcessCustomNoArgs" methodname="TestProcessCustomNoArgs" classname="Kaitai.SpecProcessCustomNoArgs" runstate="Runnable" seed="1098749415" result="Passed" start-time="2023-07-03 08:33:42Z" end-time="2023-07-03 08:33:42Z" duration="0.000470" asserts="1" />
      </test-suite>
      <test-suite type="TestFixture" id="0-1292" name="SpecProcessRepeatBytes" fullname="Kaitai.SpecProcessRepeatBytes" classname="Kaitai.SpecProcessRepeatBytes" runstate="Runnable" testcasecount="1" result="Passed" start-time="2023-07-03 08:33:42Z" end-time="2023-07-03 08:33:42Z" duration="0.003024" total="1" passed="1" failed="0" inconclusive="0" skipped="0" asserts="2">
        <test-case id="0-1293" name="TestProcessRepeatBytes" fullname="Kaitai.SpecProcessRepeatBytes.TestProcessRepeatBytes" methodname="TestProcessRepeatBytes" classname="Kaitai.SpecProcessRepeatBytes" runstate="Runnable" seed="1294952508" result="Passed" start-time="2023-07-03 08:33:42Z" end-time="2023-07-03 08:33:42Z" duration="0.000631" asserts="2" />
      </test-suite>
      <test-suite type="TestFixture" id="0-1294" name="SpecProcessRepeatUsertype" fullname="Kaitai.SpecProcessRepeatUsertype" classname="Kaitai.SpecProcessRepeatUsertype" runstate="Runnable" testcasecount="1" result="Passed" start-time="2023-07-03 08:33:42Z" end-time="2023-07-03 08:33:42Z" duration="0.003515" total="1" passed="1" failed="0" inconclusive="0" skipped="0" asserts="4">
        <test-case id="0-1295" name="TestProcessRepeatUsertype" fullname="Kaitai.SpecProcessRepeatUsertype.TestProcessRepeatUsertype" methodname="TestProcessRepeatUsertype" classname="Kaitai.SpecProcessRepeatUsertype" runstate="Runnable" seed="1761799486" result="Passed" start-time="2023-07-03 08:33:42Z" end-time="2023-07-03 08:33:42Z" duration="0.001118" asserts="4" />
      </test-suite>
      <test-suite type="TestFixture" id="0-1296" name="SpecProcessRotate" fullname="Kaitai.SpecProcessRotate" classname="Kaitai.SpecProcessRotate" runstate="Runnable" testcasecount="1" result="Passed" start-time="2023-07-03 08:33:42Z" end-time="2023-07-03 08:33:42Z" duration="0.003836" total="1" passed="1" failed="0" inconclusive="0" skipped="0" asserts="3">
        <test-case id="0-1297" name="TestProcessRotate" fullname="Kaitai.SpecProcessRotate.TestProcessRotate" methodname="TestProcessRotate" classname="Kaitai.SpecProcessRotate" runstate="Runnable" seed="1575805226" result="Passed" start-time="2023-07-03 08:33:42Z" end-time="2023-07-03 08:33:42Z" duration="0.001411" asserts="3" />
      </test-suite>
      <test-suite type="TestFixture" id="0-1298" name="SpecProcessToUser" fullname="Kaitai.SpecProcessToUser" classname="Kaitai.SpecProcessToUser" runstate="Runnable" testcasecount="1" result="Passed" start-time="2023-07-03 08:33:42Z" end-time="2023-07-03 08:33:42Z" duration="0.002909" total="1" passed="1" failed="0" inconclusive="0" skipped="0" asserts="1">
        <test-case id="0-1299" name="TestProcessToUser" fullname="Kaitai.SpecProcessToUser.TestProcessToUser" methodname="TestProcessToUser" classname="Kaitai.SpecProcessToUser" runstate="Runnable" seed="1993297193" result="Passed" start-time="2023-07-03 08:33:42Z" end-time="2023-07-03 08:33:42Z" duration="0.000513" asserts="1" />
      </test-suite>
      <test-suite type="TestFixture" id="0-1300" name="SpecProcessXor4Const" fullname="Kaitai.SpecProcessXor4Const" classname="Kaitai.SpecProcessXor4Const" runstate="Runnable" testcasecount="1" result="Passed" start-time="2023-07-03 08:33:42Z" end-time="2023-07-03 08:33:42Z" duration="0.002922" total="1" passed="1" failed="0" inconclusive="0" skipped="0" asserts="2">
        <test-case id="0-1301" name="TestProcessXor4Const" fullname="Kaitai.SpecProcessXor4Const.TestProcessXor4Const" methodname="TestProcessXor4Const" classname="Kaitai.SpecProcessXor4Const" runstate="Runnable" seed="1602623508" result="Passed" start-time="2023-07-03 08:33:42Z" end-time="2023-07-03 08:33:42Z" duration="0.000528" asserts="2" />
      </test-suite>
      <test-suite type="TestFixture" id="0-1302" name="SpecProcessXor4Value" fullname="Kaitai.SpecProcessXor4Value" classname="Kaitai.SpecProcessXor4Value" runstate="Runnable" testcasecount="1" result="Passed" start-time="2023-07-03 08:33:42Z" end-time="2023-07-03 08:33:42Z" duration="0.002827" total="1" passed="1" failed="0" inconclusive="0" skipped="0" asserts="2">
        <test-case id="0-1303" name="TestProcessXor4Value" fullname="Kaitai.SpecProcessXor4Value.TestProcessXor4Value" methodname="TestProcessXor4Value" classname="Kaitai.SpecProcessXor4Value" runstate="Runnable" seed="2108467066" result="Passed" start-time="2023-07-03 08:33:42Z" end-time="2023-07-03 08:33:42Z" duration="0.000437" asserts="2" />
      </test-suite>
      <test-suite type="TestFixture" id="0-1304" name="SpecProcessXorConst" fullname="Kaitai.SpecProcessXorConst" classname="Kaitai.SpecProcessXorConst" runstate="Runnable" testcasecount="1" result="Passed" start-time="2023-07-03 08:33:42Z" end-time="2023-07-03 08:33:42Z" duration="0.002819" total="1" passed="1" failed="0" inconclusive="0" skipped="0" asserts="2">
        <test-case id="0-1305" name="TestProcessXorConst" fullname="Kaitai.SpecProcessXorConst.TestProcessXorConst" methodname="TestProcessXorConst" classname="Kaitai.SpecProcessXorConst" runstate="Runnable" seed="385715078" result="Passed" start-time="2023-07-03 08:33:42Z" end-time="2023-07-03 08:33:42Z" duration="0.000428" asserts="2" />
      </test-suite>
      <test-suite type="TestFixture" id="0-1306" name="SpecProcessXorValue" fullname="Kaitai.SpecProcessXorValue" classname="Kaitai.SpecProcessXorValue" runstate="Runnable" testcasecount="1" result="Passed" start-time="2023-07-03 08:33:42Z" end-time="2023-07-03 08:33:42Z" duration="0.002834" total="1" passed="1" failed="0" inconclusive="0" skipped="0" asserts="2">
        <test-case id="0-1307" name="TestProcessXorValue" fullname="Kaitai.SpecProcessXorValue.TestProcessXorValue" methodname="TestProcessXorValue" classname="Kaitai.SpecProcessXorValue" runstate="Runnable" seed="209656233" result="Passed" start-time="2023-07-03 08:33:42Z" end-time="2023-07-03 08:33:42Z" duration="0.000442" asserts="2" />
      </test-suite>
      <test-suite type="TestFixture" id="0-1308" name="SpecRecursiveOne" fullname="Kaitai.SpecRecursiveOne" classname="Kaitai.SpecRecursiveOne" runstate="Runnable" testcasecount="1" result="Passed" start-time="2023-07-03 08:33:42Z" end-time="2023-07-03 08:33:42Z" duration="0.003115" total="1" passed="1" failed="0" inconclusive="0" skipped="0" asserts="4">
        <test-case id="0-1309" name="TestRecursiveOne" fullname="Kaitai.SpecRecursiveOne.TestRecursiveOne" methodname="TestRecursiveOne" classname="Kaitai.SpecRecursiveOne" runstate="Runnable" seed="1037002980" result="Passed" start-time="2023-07-03 08:33:42Z" end-time="2023-07-03 08:33:42Z" duration="0.000725" asserts="4" />
      </test-suite>
      <test-suite type="TestFixture" id="0-1310" name="SpecRepeatEosBit" fullname="Kaitai.SpecRepeatEosBit" classname="Kaitai.SpecRepeatEosBit" runstate="Runnable" testcasecount="1" result="Passed" start-time="2023-07-03 08:33:42Z" end-time="2023-07-03 08:33:42Z" duration="0.003228" total="1" passed="1" failed="0" inconclusive="0" skipped="0" asserts="1">
        <test-case id="0-1311" name="TestRepeatEosBit" fullname="Kaitai.SpecRepeatEosBit.TestRepeatEosBit" methodname="TestRepeatEosBit" classname="Kaitai.SpecRepeatEosBit" runstate="Runnable" seed="354411646" result="Passed" start-time="2023-07-03 08:33:42Z" end-time="2023-07-03 08:33:42Z" duration="0.000835" asserts="1" />
      </test-suite>
      <test-suite type="TestFixture" id="0-1312" name="SpecRepeatEosStruct" fullname="Kaitai.SpecRepeatEosStruct" classname="Kaitai.SpecRepeatEosStruct" runstate="Runnable" testcasecount="1" result="Passed" start-time="2023-07-03 08:33:42Z" end-time="2023-07-03 08:33:42Z" duration="0.003354" total="1" passed="1" failed="0" inconclusive="0" skipped="0" asserts="5">
        <test-case id="0-1313" name="TestRepeatEosStruct" fullname="Kaitai.SpecRepeatEosStruct.TestRepeatEosStruct" methodname="TestRepeatEosStruct" classname="Kaitai.SpecRepeatEosStruct" runstate="Runnable" seed="1884158219" result="Passed" start-time="2023-07-03 08:33:42Z" end-time="2023-07-03 08:33:42Z" duration="0.000963" asserts="5" />
      </test-suite>
      <test-suite type="TestFixture" id="0-1314" name="SpecRepeatEosU4" fullname="Kaitai.SpecRepeatEosU4" classname="Kaitai.SpecRepeatEosU4" runstate="Runnable" testcasecount="1" result="Passed" start-time="2023-07-03 08:33:42Z" end-time="2023-07-03 08:33:42Z" duration="0.003296" total="1" passed="1" failed="0" inconclusive="0" skipped="0" asserts="1">
        <test-case id="0-1315" name="TestRepeatEosU4" fullname="Kaitai.SpecRepeatEosU4.TestRepeatEosU4" methodname="TestRepeatEosU4" classname="Kaitai.SpecRepeatEosU4" runstate="Runnable" seed="1642442347" result="Passed" start-time="2023-07-03 08:33:42Z" end-time="2023-07-03 08:33:42Z" duration="0.000902" asserts="1" />
      </test-suite>
      <test-suite type="TestFixture" id="0-1316" name="SpecRepeatNStruct" fullname="Kaitai.SpecRepeatNStruct" classname="Kaitai.SpecRepeatNStruct" runstate="Runnable" testcasecount="1" result="Passed" start-time="2023-07-03 08:33:42Z" end-time="2023-07-03 08:33:42Z" duration="0.003336" total="1" passed="1" failed="0" inconclusive="0" skipped="0" asserts="5">
        <test-case id="0-1317" name="TestRepeatNStruct" fullname="Kaitai.SpecRepeatNStruct.TestRepeatNStruct" methodname="TestRepeatNStruct" classname="Kaitai.SpecRepeatNStruct" runstate="Runnable" seed="1972591391" result="Passed" start-time="2023-07-03 08:33:42Z" end-time="2023-07-03 08:33:42Z" duration="0.000946" asserts="5" />
      </test-suite>
      <test-suite type="TestFixture" id="0-1318" name="SpecRepeatNStrz" fullname="Kaitai.SpecRepeatNStrz" classname="Kaitai.SpecRepeatNStrz" runstate="Runnable" testcasecount="1" result="Passed" start-time="2023-07-03 08:33:42Z" end-time="2023-07-03 08:33:42Z" duration="0.003134" total="1" passed="1" failed="0" inconclusive="0" skipped="0" asserts="2">
        <test-case id="0-1319" name="TestRepeatNStrz" fullname="Kaitai.SpecRepeatNStrz.TestRepeatNStrz" methodname="TestRepeatNStrz" classname="Kaitai.SpecRepeatNStrz" runstate="Runnable" seed="761425406" result="Passed" start-time="2023-07-03 08:33:42Z" end-time="2023-07-03 08:33:42Z" duration="0.000739" asserts="2" />
      </test-suite>
      <test-suite type="TestFixture" id="0-1320" name="SpecRepeatNStrzDouble" fullname="Kaitai.SpecRepeatNStrzDouble" classname="Kaitai.SpecRepeatNStrzDouble" runstate="Runnable" testcasecount="1" result="Passed" start-time="2023-07-03 08:33:42Z" end-time="2023-07-03 08:33:42Z" duration="0.003217" total="1" passed="1" failed="0" inconclusive="0" skipped="0" asserts="3">
        <test-case id="0-1321" name="TestRepeatNStrzDouble" fullname="Kaitai.SpecRepeatNStrzDouble.TestRepeatNStrzDouble" methodname="TestRepeatNStrzDouble" classname="Kaitai.SpecRepeatNStrzDouble" runstate="Runnable" seed="536373704" result="Passed" start-time="2023-07-03 08:33:42Z" end-time="2023-07-03 08:33:42Z" duration="0.000831" asserts="3" />
      </test-suite>
      <test-suite type="TestFixture" id="0-1322" name="SpecRepeatUntilComplex" fullname="Kaitai.SpecRepeatUntilComplex" classname="Kaitai.SpecRepeatUntilComplex" runstate="Runnable" testcasecount="1" result="Passed" start-time="2023-07-03 08:33:42Z" end-time="2023-07-03 08:33:42Z" duration="0.006756" total="1" passed="1" failed="0" inconclusive="0" skipped="0" asserts="15">
        <test-case id="0-1323" name="TestRepeatUntilComplex" fullname="Kaitai.SpecRepeatUntilComplex.TestRepeatUntilComplex" methodname="TestRepeatUntilComplex" classname="Kaitai.SpecRepeatUntilComplex" runstate="Runnable" seed="39385410" result="Passed" start-time="2023-07-03 08:33:42Z" end-time="2023-07-03 08:33:42Z" duration="0.004325" asserts="15" />
      </test-suite>
      <test-suite type="TestFixture" id="0-1324" name="SpecRepeatUntilS4" fullname="Kaitai.SpecRepeatUntilS4" classname="Kaitai.SpecRepeatUntilS4" runstate="Runnable" testcasecount="1" result="Passed" start-time="2023-07-03 08:33:42Z" end-time="2023-07-03 08:33:42Z" duration="0.003149" total="1" passed="1" failed="0" inconclusive="0" skipped="0" asserts="2">
        <test-case id="0-1325" name="TestRepeatUntilS4" fullname="Kaitai.SpecRepeatUntilS4.TestRepeatUntilS4" methodname="TestRepeatUntilS4" classname="Kaitai.SpecRepeatUntilS4" runstate="Runnable" seed="198269722" result="Passed" start-time="2023-07-03 08:33:42Z" end-time="2023-07-03 08:33:42Z" duration="0.000753" asserts="2" />
      </test-suite>
      <test-suite type="TestFixture" id="0-1326" name="SpecStrEncodings" fullname="Kaitai.SpecStrEncodings" classname="Kaitai.SpecStrEncodings" runstate="Runnable" testcasecount="1" result="Passed" start-time="2023-07-03 08:33:42Z" end-time="2023-07-03 08:33:42Z" duration="0.002951" total="1" passed="1" failed="0" inconclusive="0" skipped="0" asserts="4">
        <test-case id="0-1327" name="TestStrEncodings" fullname="Kaitai.SpecStrEncodings.TestStrEncodings" methodname="TestStrEncodings" classname="Kaitai.SpecStrEncodings" runstate="Runnable" seed="1264128010" result="Passed" start-time="2023-07-03 08:33:42Z" end-time="2023-07-03 08:33:42Z" duration="0.000567" asserts="4" />
      </test-suite>
      <test-suite type="TestFixture" id="0-1328" name="SpecStrEncodingsDefault" fullname="Kaitai.SpecStrEncodingsDefault" classname="Kaitai.SpecStrEncodingsDefault" runstate="Runnable" testcasecount="1" result="Passed" start-time="2023-07-03 08:33:42Z" end-time="2023-07-03 08:33:42Z" duration="0.003061" total="1" passed="1" failed="0" inconclusive="0" skipped="0" asserts="4">
        <test-case id="0-1329" name="TestStrEncodingsDefault" fullname="Kaitai.SpecStrEncodingsDefault.TestStrEncodingsDefault" methodname="TestStrEncodingsDefault" classname="Kaitai.SpecStrEncodingsDefault" runstate="Runnable" seed="457964777" result="Passed" start-time="2023-07-03 08:33:42Z" end-time="2023-07-03 08:33:42Z" duration="0.000670" asserts="4" />
      </test-suite>
      <test-suite type="TestFixture" id="0-1330" name="SpecStrEncodingsUtf16" fullname="Kaitai.SpecStrEncodingsUtf16" classname="Kaitai.SpecStrEncodingsUtf16" runstate="Runnable" testcasecount="1" result="Passed" start-time="2023-07-03 08:33:42Z" end-time="2023-07-03 08:33:43Z" duration="0.004785" total="1" passed="1" failed="0" inconclusive="0" skipped="0" asserts="6">
        <test-case id="0-1331" name="TestStrEncodingsUtf16" fullname="Kaitai.SpecStrEncodingsUtf16.TestStrEncodingsUtf16" methodname="TestStrEncodingsUtf16" classname="Kaitai.SpecStrEncodingsUtf16" runstate="Runnable" seed="1178824542" result="Passed" start-time="2023-07-03 08:33:42Z" end-time="2023-07-03 08:33:42Z" duration="0.002393" asserts="6" />
      </test-suite>
      <test-suite type="TestFixture" id="0-1332" name="SpecStrEos" fullname="Kaitai.SpecStrEos" classname="Kaitai.SpecStrEos" runstate="Runnable" testcasecount="1" result="Passed" start-time="2023-07-03 08:33:43Z" end-time="2023-07-03 08:33:43Z" duration="0.002745" total="1" passed="1" failed="0" inconclusive="0" skipped="0" asserts="1">
        <test-case id="0-1333" name="TestStrEos" fullname="Kaitai.SpecStrEos.TestStrEos" methodname="TestStrEos" classname="Kaitai.SpecStrEos" runstate="Runnable" seed="231505268" result="Passed" start-time="2023-07-03 08:33:43Z" end-time="2023-07-03 08:33:43Z" duration="0.000354" asserts="1" />
      </test-suite>
      <test-suite type="TestFixture" id="0-1334" name="SpecStrLiterals" fullname="Kaitai.SpecStrLiterals" classname="Kaitai.SpecStrLiterals" runstate="Runnable" testcasecount="1" result="Passed" start-time="2023-07-03 08:33:43Z" end-time="2023-07-03 08:33:43Z" duration="0.005245" total="1" passed="1" failed="0" inconclusive="0" skipped="0" asserts="5">
        <test-case id="0-1335" name="TestStrLiterals" fullname="Kaitai.SpecStrLiterals.TestStrLiterals" methodname="TestStrLiterals" classname="Kaitai.SpecStrLiterals" runstate="Runnable" seed="1574993125" result="Passed" start-time="2023-07-03 08:33:43Z" end-time="2023-07-03 08:33:43Z" duration="0.002854" asserts="5" />
      </test-suite>
      <test-suite type="TestFixture" id="0-1336" name="SpecStrLiterals2" fullname="Kaitai.SpecStrLiterals2" classname="Kaitai.SpecStrLiterals2" runstate="Runnable" testcasecount="1" result="Passed" start-time="2023-07-03 08:33:43Z" end-time="2023-07-03 08:33:43Z" duration="0.002920" total="1" passed="1" failed="0" inconclusive="0" skipped="0" asserts="4">
        <test-case id="0-1337" name="TestStrLiterals2" fullname="Kaitai.SpecStrLiterals2.TestStrLiterals2" methodname="TestStrLiterals2" classname="Kaitai.SpecStrLiterals2" runstate="Runnable" seed="899297752" result="Passed" start-time="2023-07-03 08:33:43Z" end-time="2023-07-03 08:33:43Z" duration="0.000509" asserts="4" />
      </test-suite>
      <test-suite type="TestFixture" id="0-1338" name="SpecStrPadTerm" fullname="Kaitai.SpecStrPadTerm" classname="Kaitai.SpecStrPadTerm" runstate="Runnable" testcasecount="1" result="Passed" start-time="2023-07-03 08:33:43Z" end-time="2023-07-03 08:33:43Z" duration="0.002898" total="1" passed="1" failed="0" inconclusive="0" skipped="0" asserts="4">
        <test-case id="0-1339" name="TestStrPadTerm" fullname="Kaitai.SpecStrPadTerm.TestStrPadTerm" methodname="TestStrPadTerm" classname="Kaitai.SpecStrPadTerm" runstate="Runnable" seed="1326424807" result="Passed" start-time="2023-07-03 08:33:43Z" end-time="2023-07-03 08:33:43Z" duration="0.000500" asserts="4" />
      </test-suite>
      <test-suite type="TestFixture" id="0-1340" name="SpecStrPadTermEmpty" fullname="Kaitai.SpecStrPadTermEmpty" classname="Kaitai.SpecStrPadTermEmpty" runstate="Runnable" testcasecount="1" result="Passed" start-time="2023-07-03 08:33:43Z" end-time="2023-07-03 08:33:43Z" duration="0.002896" total="1" passed="1" failed="0" inconclusive="0" skipped="0" asserts="4">
        <test-case id="0-1341" name="TestStrPadTermEmpty" fullname="Kaitai.SpecStrPadTermEmpty.TestStrPadTermEmpty" methodname="TestStrPadTermEmpty" classname="Kaitai.SpecStrPadTermEmpty" runstate="Runnable" seed="1686397981" result="Passed" start-time="2023-07-03 08:33:43Z" end-time="2023-07-03 08:33:43Z" duration="0.000504" asserts="4" />
      </test-suite>
      <test-suite type="TestFixture" id="0-1342" name="SpecSwitchBytearray" fullname="Kaitai.SpecSwitchBytearray" classname="Kaitai.SpecSwitchBytearray" runstate="Runnable" testcasecount="1" result="Passed" start-time="2023-07-03 08:33:43Z" end-time="2023-07-03 08:33:43Z" duration="0.003866" total="1" passed="1" failed="0" inconclusive="0" skipped="0" asserts="9">
        <test-case id="0-1343" name="TestSwitchBytearray" fullname="Kaitai.SpecSwitchBytearray.TestSwitchBytearray" methodname="TestSwitchBytearray" classname="Kaitai.SpecSwitchBytearray" runstate="Runnable" seed="538305557" result="Passed" start-time="2023-07-03 08:33:43Z" end-time="2023-07-03 08:33:43Z" duration="0.001476" asserts="9" />
      </test-suite>
      <test-suite type="TestFixture" id="0-1344" name="SpecSwitchCast" fullname="Kaitai.SpecSwitchCast" classname="Kaitai.SpecSwitchCast" runstate="Runnable" testcasecount="1" result="Passed" start-time="2023-07-03 08:33:43Z" end-time="2023-07-03 08:33:43Z" duration="0.003995" total="1" passed="1" failed="0" inconclusive="0" skipped="0" asserts="3">
        <test-case id="0-1345" name="TestSwitchCast" fullname="Kaitai.SpecSwitchCast.TestSwitchCast" methodname="TestSwitchCast" classname="Kaitai.SpecSwitchCast" runstate="Runnable" seed="988570155" result="Passed" start-time="2023-07-03 08:33:43Z" end-time="2023-07-03 08:33:43Z" duration="0.001605" asserts="3" />
      </test-suite>
      <test-suite type="TestFixture" id="0-1346" name="SpecSwitchElseOnly" fullname="Kaitai.SpecSwitchElseOnly" classname="Kaitai.SpecSwitchElseOnly" runstate="Runnable" testcasecount="1" result="Passed" start-time="2023-07-03 08:33:43Z" end-time="2023-07-03 08:33:43Z" duration="0.002949" total="1" passed="1" failed="0" inconclusive="0" skipped="0" asserts="3">
        <test-case id="0-1347" name="TestSwitchElseOnly" fullname="Kaitai.SpecSwitchElseOnly.TestSwitchElseOnly" methodname="TestSwitchElseOnly" classname="Kaitai.SpecSwitchElseOnly" runstate="Runnable" seed="1059608198" result="Passed" start-time="2023-07-03 08:33:43Z" end-time="2023-07-03 08:33:43Z" duration="0.000558" asserts="3" />
      </test-suite>
      <test-suite type="TestFixture" id="0-1348" name="SpecSwitchIntegers" fullname="Kaitai.SpecSwitchIntegers" classname="Kaitai.SpecSwitchIntegers" runstate="Runnable" testcasecount="1" result="Passed" start-time="2023-07-03 08:33:43Z" end-time="2023-07-03 08:33:43Z" duration="0.003566" total="1" passed="1" failed="0" inconclusive="0" skipped="0" asserts="9">
        <test-case id="0-1349" name="TestSwitchIntegers" fullname="Kaitai.SpecSwitchIntegers.TestSwitchIntegers" methodname="TestSwitchIntegers" classname="Kaitai.SpecSwitchIntegers" runstate="Runnable" seed="1040217550" result="Passed" start-time="2023-07-03 08:33:43Z" end-time="2023-07-03 08:33:43Z" duration="0.001177" asserts="9" />
      </test-suite>
      <test-suite type="TestFixture" id="0-1350" name="SpecSwitchIntegers2" fullname="Kaitai.SpecSwitchIntegers2" classname="Kaitai.SpecSwitchIntegers2" runstate="Runnable" testcasecount="1" result="Passed" start-time="2023-07-03 08:33:43Z" end-time="2023-07-03 08:33:43Z" duration="0.003443" total="1" passed="1" failed="0" inconclusive="0" skipped="0" asserts="5">
        <test-case id="0-1351" name="TestSwitchIntegers2" fullname="Kaitai.SpecSwitchIntegers2.TestSwitchIntegers2" methodname="TestSwitchIntegers2" classname="Kaitai.SpecSwitchIntegers2" runstate="Runnable" seed="694193844" result="Passed" start-time="2023-07-03 08:33:43Z" end-time="2023-07-03 08:33:43Z" duration="0.001051" asserts="5" />
      </test-suite>
      <test-suite type="TestFixture" id="0-1352" name="SpecSwitchManualEnum" fullname="Kaitai.SpecSwitchManualEnum" classname="Kaitai.SpecSwitchManualEnum" runstate="Runnable" testcasecount="1" result="Passed" start-time="2023-07-03 08:33:43Z" end-time="2023-07-03 08:33:43Z" duration="0.003850" total="1" passed="1" failed="0" inconclusive="0" skipped="0" asserts="9">
        <test-case id="0-1353" name="TestSwitchManualEnum" fullname="Kaitai.SpecSwitchManualEnum.TestSwitchManualEnum" methodname="TestSwitchManualEnum" classname="Kaitai.SpecSwitchManualEnum" runstate="Runnable" seed="1277406933" result="Passed" start-time="2023-07-03 08:33:43Z" end-time="2023-07-03 08:33:43Z" duration="0.001460" asserts="9" />
      </test-suite>
      <test-suite type="TestFixture" id="0-1354" name="SpecSwitchManualEnumInvalid" fullname="Kaitai.SpecSwitchManualEnumInvalid" classname="Kaitai.SpecSwitchManualEnumInvalid" runstate="Runnable" testcasecount="1" result="Passed" start-time="2023-07-03 08:33:43Z" end-time="2023-07-03 08:33:43Z" duration="0.003465" total="1" passed="1" failed="0" inconclusive="0" skipped="0" asserts="5">
        <test-case id="0-1355" name="TestSwitchManualEnumInvalid" fullname="Kaitai.SpecSwitchManualEnumInvalid.TestSwitchManualEnumInvalid" methodname="TestSwitchManualEnumInvalid" classname="Kaitai.SpecSwitchManualEnumInvalid" runstate="Runnable" seed="1959317105" result="Passed" start-time="2023-07-03 08:33:43Z" end-time="2023-07-03 08:33:43Z" duration="0.001072" asserts="5" />
      </test-suite>
      <test-suite type="TestFixture" id="0-1356" name="SpecSwitchManualEnumInvalidElse" fullname="Kaitai.SpecSwitchManualEnumInvalidElse" classname="Kaitai.SpecSwitchManualEnumInvalidElse" runstate="Runnable" testcasecount="1" result="Passed" start-time="2023-07-03 08:33:43Z" end-time="2023-07-03 08:33:43Z" duration="0.003612" total="1" passed="1" failed="0" inconclusive="0" skipped="0" asserts="5">
        <test-case id="0-1357" name="TestSwitchManualEnumInvalidElse" fullname="Kaitai.SpecSwitchManualEnumInvalidElse.TestSwitchManualEnumInvalidElse" methodname="TestSwitchManualEnumInvalidElse" classname="Kaitai.SpecSwitchManualEnumInvalidElse" runstate="Runnable" seed="1132475467" result="Passed" start-time="2023-07-03 08:33:43Z" end-time="2023-07-03 08:33:43Z" duration="0.001219" asserts="5" />
      </test-suite>
      <test-suite type="TestFixture" id="0-1358" name="SpecSwitchManualInt" fullname="Kaitai.SpecSwitchManualInt" classname="Kaitai.SpecSwitchManualInt" runstate="Runnable" testcasecount="1" result="Passed" start-time="2023-07-03 08:33:43Z" end-time="2023-07-03 08:33:43Z" duration="0.003797" total="1" passed="1" failed="0" inconclusive="0" skipped="0" asserts="9">
        <test-case id="0-1359" name="TestSwitchManualInt" fullname="Kaitai.SpecSwitchManualInt.TestSwitchManualInt" methodname="TestSwitchManualInt" classname="Kaitai.SpecSwitchManualInt" runstate="Runnable" seed="1255196323" result="Passed" start-time="2023-07-03 08:33:43Z" end-time="2023-07-03 08:33:43Z" duration="0.001404" asserts="9" />
      </test-suite>
      <test-suite type="TestFixture" id="0-1360" name="SpecSwitchManualIntElse" fullname="Kaitai.SpecSwitchManualIntElse" classname="Kaitai.SpecSwitchManualIntElse" runstate="Runnable" testcasecount="1" result="Passed" start-time="2023-07-03 08:33:43Z" end-time="2023-07-03 08:33:43Z" duration="0.003941" total="1" passed="1" failed="0" inconclusive="0" skipped="0" asserts="9">
        <test-case id="0-1361" name="TestSwitchManualIntElse" fullname="Kaitai.SpecSwitchManualIntElse.TestSwitchManualIntElse" methodname="TestSwitchManualIntElse" classname="Kaitai.SpecSwitchManualIntElse" runstate="Runnable" seed="1476575315" result="Passed" start-time="2023-07-03 08:33:43Z" end-time="2023-07-03 08:33:43Z" duration="0.001544" asserts="9" />
      </test-suite>
      <test-suite type="TestFixture" id="0-1362" name="SpecSwitchManualIntSize" fullname="Kaitai.SpecSwitchManualIntSize" classname="Kaitai.SpecSwitchManualIntSize" runstate="Runnable" testcasecount="1" result="Passed" start-time="2023-07-03 08:33:43Z" end-time="2023-07-03 08:33:43Z" duration="0.004304" total="1" passed="1" failed="0" inconclusive="0" skipped="0" asserts="10">
        <test-case id="0-1363" name="TestSwitchManualIntSize" fullname="Kaitai.SpecSwitchManualIntSize.TestSwitchManualIntSize" methodname="TestSwitchManualIntSize" classname="Kaitai.SpecSwitchManualIntSize" runstate="Runnable" seed="820295814" result="Passed" start-time="2023-07-03 08:33:43Z" end-time="2023-07-03 08:33:43Z" duration="0.001908" asserts="10" />
      </test-suite>
      <test-suite type="TestFixture" id="0-1364" name="SpecSwitchManualIntSizeElse" fullname="Kaitai.SpecSwitchManualIntSizeElse" classname="Kaitai.SpecSwitchManualIntSizeElse" runstate="Runnable" testcasecount="1" result="Passed" start-time="2023-07-03 08:33:43Z" end-time="2023-07-03 08:33:43Z" duration="0.004358" total="1" passed="1" failed="0" inconclusive="0" skipped="0" asserts="10">
        <test-case id="0-1365" name="TestSwitchManualIntSizeElse" fullname="Kaitai.SpecSwitchManualIntSizeElse.TestSwitchManualIntSizeElse" methodname="TestSwitchManualIntSizeElse" classname="Kaitai.SpecSwitchManualIntSizeElse" runstate="Runnable" seed="320009060" result="Passed" start-time="2023-07-03 08:33:43Z" end-time="2023-07-03 08:33:43Z" duration="0.001954" asserts="10" />
      </test-suite>
      <test-suite type="TestFixture" id="0-1366" name="SpecSwitchManualIntSizeEos" fullname="Kaitai.SpecSwitchManualIntSizeEos" classname="Kaitai.SpecSwitchManualIntSizeEos" runstate="Runnable" testcasecount="1" result="Passed" start-time="2023-07-03 08:33:43Z" end-time="2023-07-03 08:33:43Z" duration="0.004340" total="1" passed="1" failed="0" inconclusive="0" skipped="0" asserts="10">
        <test-case id="0-1367" name="TestSwitchManualIntSizeEos" fullname="Kaitai.SpecSwitchManualIntSizeEos.TestSwitchManualIntSizeEos" methodname="TestSwitchManualIntSizeEos" classname="Kaitai.SpecSwitchManualIntSizeEos" runstate="Runnable" seed="1491679031" result="Passed" start-time="2023-07-03 08:33:43Z" end-time="2023-07-03 08:33:43Z" duration="0.001949" asserts="10" />
      </test-suite>
      <test-suite type="TestFixture" id="0-1368" name="SpecSwitchManualStr" fullname="Kaitai.SpecSwitchManualStr" classname="Kaitai.SpecSwitchManualStr" runstate="Runnable" testcasecount="1" result="Passed" start-time="2023-07-03 08:33:43Z" end-time="2023-07-03 08:33:43Z" duration="0.030302" total="1" passed="1" failed="0" inconclusive="0" skipped="0" asserts="9">
        <test-case id="0-1369" name="TestSwitchManualStr" fullname="Kaitai.SpecSwitchManualStr.TestSwitchManualStr" methodname="TestSwitchManualStr" classname="Kaitai.SpecSwitchManualStr" runstate="Runnable" seed="1812581615" result="Passed" start-time="2023-07-03 08:33:43Z" end-time="2023-07-03 08:33:43Z" duration="0.027138" asserts="9" />
      </test-suite>
      <test-suite type="TestFixture" id="0-1370" name="SpecSwitchManualStrElse" fullname="Kaitai.SpecSwitchManualStrElse" classname="Kaitai.SpecSwitchManualStrElse" runstate="Runnable" testcasecount="1" result="Passed" start-time="2023-07-03 08:33:43Z" end-time="2023-07-03 08:33:43Z" duration="0.004119" total="1" passed="1" failed="0" inconclusive="0" skipped="0" asserts="9">
        <test-case id="0-1371" name="TestSwitchManualStrElse" fullname="Kaitai.SpecSwitchManualStrElse.TestSwitchManualStrElse" methodname="TestSwitchManualStrElse" classname="Kaitai.SpecSwitchManualStrElse" runstate="Runnable" seed="302146992" result="Passed" start-time="2023-07-03 08:33:43Z" end-time="2023-07-03 08:33:43Z" duration="0.001531" asserts="9" />
      </test-suite>
      <test-suite type="TestFixture" id="0-1372" name="SpecSwitchMultiBoolOps" fullname="Kaitai.SpecSwitchMultiBoolOps" classname="Kaitai.SpecSwitchMultiBoolOps" runstate="Runnable" testcasecount="1" result="Passed" start-time="2023-07-03 08:33:43Z" end-time="2023-07-03 08:33:43Z" duration="0.003608" total="1" passed="1" failed="0" inconclusive="0" skipped="0" asserts="9">
        <test-case id="0-1373" name="TestSwitchMultiBoolOps" fullname="Kaitai.SpecSwitchMultiBoolOps.TestSwitchMultiBoolOps" methodname="TestSwitchMultiBoolOps" classname="Kaitai.SpecSwitchMultiBoolOps" runstate="Runnable" seed="1675257025" result="Passed" start-time="2023-07-03 08:33:43Z" end-time="2023-07-03 08:33:43Z" duration="0.001218" asserts="9" />
      </test-suite>
      <test-suite type="TestFixture" id="0-1374" name="SpecTermBytes" fullname="Kaitai.SpecTermBytes" classname="Kaitai.SpecTermBytes" runstate="Runnable" testcasecount="1" result="Passed" start-time="2023-07-03 08:33:43Z" end-time="2023-07-03 08:33:43Z" duration="0.002845" total="1" passed="1" failed="0" inconclusive="0" skipped="0" asserts="3">
        <test-case id="0-1375" name="TestTermBytes" fullname="Kaitai.SpecTermBytes.TestTermBytes" methodname="TestTermBytes" classname="Kaitai.SpecTermBytes" runstate="Runnable" seed="1769639114" result="Passed" start-time="2023-07-03 08:33:43Z" end-time="2023-07-03 08:33:43Z" duration="0.000459" asserts="3" />
      </test-suite>
      <test-suite type="TestFixture" id="0-1376" name="SpecTermStrz" fullname="Kaitai.SpecTermStrz" classname="Kaitai.SpecTermStrz" runstate="Runnable" testcasecount="1" result="Passed" start-time="2023-07-03 08:33:43Z" end-time="2023-07-03 08:33:43Z" duration="0.002703" total="1" passed="1" failed="0" inconclusive="0" skipped="0" asserts="3">
        <test-case id="0-1377" name="TestTermStrz" fullname="Kaitai.SpecTermStrz.TestTermStrz" methodname="TestTermStrz" classname="Kaitai.SpecTermStrz" runstate="Runnable" seed="586761616" result="Passed" start-time="2023-07-03 08:33:43Z" end-time="2023-07-03 08:33:43Z" duration="0.000317" asserts="3" />
      </test-suite>
      <test-suite type="TestFixture" id="0-1378" name="SpecTermU1Val" fullname="Kaitai.SpecTermU1Val" classname="Kaitai.SpecTermU1Val" runstate="Runnable" testcasecount="1" result="Passed" start-time="2023-07-03 08:33:43Z" end-time="2023-07-03 08:33:43Z" duration="0.002837" total="1" passed="1" failed="0" inconclusive="0" skipped="0" asserts="2">
        <test-case id="0-1379" name="TestTermU1Val" fullname="Kaitai.SpecTermU1Val.TestTermU1Val" methodname="TestTermU1Val" classname="Kaitai.SpecTermU1Val" runstate="Runnable" seed="1732402600" result="Passed" start-time="2023-07-03 08:33:43Z" end-time="2023-07-03 08:33:43Z" duration="0.000460" asserts="2" />
      </test-suite>
      <test-suite type="TestFixture" id="0-1380" name="SpecTsPacketHeader" fullname="Kaitai.SpecTsPacketHeader" classname="Kaitai.SpecTsPacketHeader" runstate="Runnable" testcasecount="1" result="Passed" start-time="2023-07-03 08:33:43Z" end-time="2023-07-03 08:33:43Z" duration="0.003048" total="1" passed="1" failed="0" inconclusive="0" skipped="0" asserts="7">
        <test-case id="0-1381" name="TestTsPacketHeader" fullname="Kaitai.SpecTsPacketHeader.TestTsPacketHeader" methodname="TestTsPacketHeader" classname="Kaitai.SpecTsPacketHeader" runstate="Runnable" seed="326901717" result="Passed" start-time="2023-07-03 08:33:43Z" end-time="2023-07-03 08:33:43Z" duration="0.000664" asserts="7" />
      </test-suite>
      <test-suite type="TestFixture" id="0-1382" name="SpecTypeIntUnaryOp" fullname="Kaitai.SpecTypeIntUnaryOp" classname="Kaitai.SpecTypeIntUnaryOp" runstate="Runnable" testcasecount="1" result="Passed" start-time="2023-07-03 08:33:43Z" end-time="2023-07-03 08:33:43Z" duration="0.002962" total="1" passed="1" failed="0" inconclusive="0" skipped="0" asserts="4">
        <test-case id="0-1383" name="TestTypeIntUnaryOp" fullname="Kaitai.SpecTypeIntUnaryOp.TestTypeIntUnaryOp" methodname="TestTypeIntUnaryOp" classname="Kaitai.SpecTypeIntUnaryOp" runstate="Runnable" seed="1506721662" result="Passed" start-time="2023-07-03 08:33:43Z" end-time="2023-07-03 08:33:43Z" duration="0.000574" asserts="4" />
      </test-suite>
      <test-suite type="TestFixture" id="0-1384" name="SpecTypeTernary" fullname="Kaitai.SpecTypeTernary" classname="Kaitai.SpecTypeTernary" runstate="Runnable" testcasecount="1" result="Passed" start-time="2023-07-03 08:33:43Z" end-time="2023-07-03 08:33:43Z" duration="0.003074" total="1" passed="1" failed="0" inconclusive="0" skipped="0" asserts="1">
        <test-case id="0-1385" name="TestTypeTernary" fullname="Kaitai.SpecTypeTernary.TestTypeTernary" methodname="TestTypeTernary" classname="Kaitai.SpecTypeTernary" runstate="Runnable" seed="525132954" result="Passed" start-time="2023-07-03 08:33:43Z" end-time="2023-07-03 08:33:43Z" duration="0.000677" asserts="1" />
      </test-suite>
      <test-suite type="TestFixture" id="0-1386" name="SpecTypeTernary2ndFalsy" fullname="Kaitai.SpecTypeTernary2ndFalsy" classname="Kaitai.SpecTypeTernary2ndFalsy" runstate="Runnable" testcasecount="1" result="Passed" start-time="2023-07-03 08:33:43Z" end-time="2023-07-03 08:33:43Z" duration="0.004054" total="1" passed="1" failed="0" inconclusive="0" skipped="0" asserts="13">
        <test-case id="0-1387" name="TestTypeTernary2ndFalsy" fullname="Kaitai.SpecTypeTernary2ndFalsy.TestTypeTernary2ndFalsy" methodname="TestTypeTernary2ndFalsy" classname="Kaitai.SpecTypeTernary2ndFalsy" runstate="Runnable" seed="1294536511" result="Passed" start-time="2023-07-03 08:33:43Z" end-time="2023-07-03 08:33:43Z" duration="0.001653" asserts="13" />
      </test-suite>
      <test-suite type="TestFixture" id="0-1388" name="SpecTypeTernaryOpaque" fullname="Kaitai.SpecTypeTernaryOpaque" classname="Kaitai.SpecTypeTernaryOpaque" runstate="Runnable" testcasecount="1" result="Passed" start-time="2023-07-03 08:33:43Z" end-time="2023-07-03 08:33:43Z" duration="0.003054" total="1" passed="1" failed="0" inconclusive="0" skipped="0" asserts="3">
        <test-case id="0-1389" name="TestTypeTernaryOpaque" fullname="Kaitai.SpecTypeTernaryOpaque.TestTypeTernaryOpaque" methodname="TestTypeTernaryOpaque" classname="Kaitai.SpecTypeTernaryOpaque" runstate="Runnable" seed="1774178753" result="Passed" start-time="2023-07-03 08:33:43Z" end-time="2023-07-03 08:33:43Z" duration="0.000654" asserts="3" />
      </test-suite>
      <test-suite type="TestFixture" id="0-1390" name="SpecUserType" fullname="Kaitai.SpecUserType" classname="Kaitai.SpecUserType" runstate="Runnable" testcasecount="1" result="Passed" start-time="2023-07-03 08:33:43Z" end-time="2023-07-03 08:33:43Z" duration="0.002885" total="1" passed="1" failed="0" inconclusive="0" skipped="0" asserts="2">
        <test-case id="0-1391" name="TestUserType" fullname="Kaitai.SpecUserType.TestUserType" methodname="TestUserType" classname="Kaitai.SpecUserType" runstate="Runnable" seed="277565083" result="Passed" start-time="2023-07-03 08:33:43Z" end-time="2023-07-03 08:33:43Z" duration="0.000498" asserts="2" />
      </test-suite>
      <test-suite type="TestFixture" id="0-1392" name="SpecValidEqStrEncodings" fullname="Kaitai.SpecValidEqStrEncodings" classname="Kaitai.SpecValidEqStrEncodings" runstate="Runnable" testcasecount="1" result="Passed" start-time="2023-07-03 08:33:43Z" end-time="2023-07-03 08:33:43Z" duration="0.003075" total="1" passed="1" failed="0" inconclusive="0" skipped="0" asserts="0">
        <test-case id="0-1393" name="TestValidEqStrEncodings" fullname="Kaitai.SpecValidEqStrEncodings.TestValidEqStrEncodings" methodname="TestValidEqStrEncodings" classname="Kaitai.SpecValidEqStrEncodings" runstate="Runnable" seed="133745815" result="Passed" start-time="2023-07-03 08:33:43Z" end-time="2023-07-03 08:33:43Z" duration="0.000684" asserts="0" />
      </test-suite>
      <test-suite type="TestFixture" id="0-1394" name="SpecValidFailAnyofInt" fullname="Kaitai.SpecValidFailAnyofInt" classname="Kaitai.SpecValidFailAnyofInt" runstate="Runnable" testcasecount="1" result="Passed" start-time="2023-07-03 08:33:43Z" end-time="2023-07-03 08:33:43Z" duration="0.003758" total="1" passed="1" failed="0" inconclusive="0" skipped="0" asserts="1">
        <test-case id="0-1395" name="TestValidFailAnyofInt" fullname="Kaitai.SpecValidFailAnyofInt.TestValidFailAnyofInt" methodname="TestValidFailAnyofInt" classname="Kaitai.SpecValidFailAnyofInt" runstate="Runnable" seed="1286795935" result="Passed" start-time="2023-07-03 08:33:43Z" end-time="2023-07-03 08:33:43Z" duration="0.001211" asserts="1" />
      </test-suite>
      <test-suite type="TestFixture" id="0-1396" name="SpecValidFailContents" fullname="Kaitai.SpecValidFailContents" classname="Kaitai.SpecValidFailContents" runstate="Runnable" testcasecount="1" result="Passed" start-time="2023-07-03 08:33:43Z" end-time="2023-07-03 08:33:43Z" duration="0.003261" total="1" passed="1" failed="0" inconclusive="0" skipped="0" asserts="1">
        <test-case id="0-1397" name="TestValidFailContents" fullname="Kaitai.SpecValidFailContents.TestValidFailContents" methodname="TestValidFailContents" classname="Kaitai.SpecValidFailContents" runstate="Runnable" seed="480810315" result="Passed" start-time="2023-07-03 08:33:43Z" end-time="2023-07-03 08:33:43Z" duration="0.000860" asserts="1" />
      </test-suite>
      <test-suite type="TestFixture" id="0-1398" name="SpecValidFailEqBytes" fullname="Kaitai.SpecValidFailEqBytes" classname="Kaitai.SpecValidFailEqBytes" runstate="Runnable" testcasecount="1" result="Passed" start-time="2023-07-03 08:33:43Z" end-time="2023-07-03 08:33:43Z" duration="0.002926" total="1" passed="1" failed="0" inconclusive="0" skipped="0" asserts="1">
        <test-case id="0-1399" name="TestValidFailEqBytes" fullname="Kaitai.SpecValidFailEqBytes.TestValidFailEqBytes" methodname="TestValidFailEqBytes" classname="Kaitai.SpecValidFailEqBytes" runstate="Runnable" seed="1982473458" result="Passed" start-time="2023-07-03 08:33:43Z" end-time="2023-07-03 08:33:43Z" duration="0.000527" asserts="1" />
      </test-suite>
      <test-suite type="TestFixture" id="0-1400" name="SpecValidFailEqInt" fullname="Kaitai.SpecValidFailEqInt" classname="Kaitai.SpecValidFailEqInt" runstate="Runnable" testcasecount="1" result="Passed" start-time="2023-07-03 08:33:43Z" end-time="2023-07-03 08:33:43Z" duration="0.002981" total="1" passed="1" failed="0" inconclusive="0" skipped="0" asserts="1">
        <test-case id="0-1401" name="TestValidFailEqInt" fullname="Kaitai.SpecValidFailEqInt.TestValidFailEqInt" methodname="TestValidFailEqInt" classname="Kaitai.SpecValidFailEqInt" runstate="Runnable" seed="1798270884" result="Passed" start-time="2023-07-03 08:33:43Z" end-time="2023-07-03 08:33:43Z" duration="0.000583" asserts="1" />
      </test-suite>
      <test-suite type="TestFixture" id="0-1402" name="SpecValidFailEqStr" fullname="Kaitai.SpecValidFailEqStr" classname="Kaitai.SpecValidFailEqStr" runstate="Runnable" testcasecount="1" result="Passed" start-time="2023-07-03 08:33:43Z" end-time="2023-07-03 08:33:43Z" duration="0.002940" total="1" passed="1" failed="0" inconclusive="0" skipped="0" asserts="1">
        <test-case id="0-1403" name="TestValidFailEqStr" fullname="Kaitai.SpecValidFailEqStr.TestValidFailEqStr" methodname="TestValidFailEqStr" classname="Kaitai.SpecValidFailEqStr" runstate="Runnable" seed="1880284304" result="Passed" start-time="2023-07-03 08:33:43Z" end-time="2023-07-03 08:33:43Z" duration="0.000541" asserts="1" />
      </test-suite>
      <test-suite type="TestFixture" id="0-1404" name="SpecValidFailExpr" fullname="Kaitai.SpecValidFailExpr" classname="Kaitai.SpecValidFailExpr" runstate="Runnable" testcasecount="1" result="Passed" start-time="2023-07-03 08:33:43Z" end-time="2023-07-03 08:33:43Z" duration="0.003369" total="1" passed="1" failed="0" inconclusive="0" skipped="0" asserts="1">
        <test-case id="0-1405" name="TestValidFailExpr" fullname="Kaitai.SpecValidFailExpr.TestValidFailExpr" methodname="TestValidFailExpr" classname="Kaitai.SpecValidFailExpr" runstate="Runnable" seed="738727202" result="Passed" start-time="2023-07-03 08:33:43Z" end-time="2023-07-03 08:33:43Z" duration="0.000971" asserts="1" />
      </test-suite>
      <test-suite type="TestFixture" id="0-1406" name="SpecValidFailInst" fullname="Kaitai.SpecValidFailInst" classname="Kaitai.SpecValidFailInst" runstate="Runnable" testcasecount="1" result="Passed" start-time="2023-07-03 08:33:43Z" end-time="2023-07-03 08:33:43Z" duration="0.003036" total="1" passed="1" failed="0" inconclusive="0" skipped="0" asserts="1">
        <test-case id="0-1407" name="TestValidFailInst" fullname="Kaitai.SpecValidFailInst.TestValidFailInst" methodname="TestValidFailInst" classname="Kaitai.SpecValidFailInst" runstate="Runnable" seed="698600787" result="Passed" start-time="2023-07-03 08:33:43Z" end-time="2023-07-03 08:33:43Z" duration="0.000642" asserts="1" />
      </test-suite>
      <test-suite type="TestFixture" id="0-1408" name="SpecValidFailMaxInt" fullname="Kaitai.SpecValidFailMaxInt" classname="Kaitai.SpecValidFailMaxInt" runstate="Runnable" testcasecount="1" result="Passed" start-time="2023-07-03 08:33:43Z" end-time="2023-07-03 08:33:43Z" duration="0.003033" total="1" passed="1" failed="0" inconclusive="0" skipped="0" asserts="1">
        <test-case id="0-1409" name="TestValidFailMaxInt" fullname="Kaitai.SpecValidFailMaxInt.TestValidFailMaxInt" methodname="TestValidFailMaxInt" classname="Kaitai.SpecValidFailMaxInt" runstate="Runnable" seed="1397822822" result="Passed" start-time="2023-07-03 08:33:43Z" end-time="2023-07-03 08:33:43Z" duration="0.000626" asserts="1" />
      </test-suite>
      <test-suite type="TestFixture" id="0-1410" name="SpecValidFailMinInt" fullname="Kaitai.SpecValidFailMinInt" classname="Kaitai.SpecValidFailMinInt" runstate="Runnable" testcasecount="1" result="Passed" start-time="2023-07-03 08:33:43Z" end-time="2023-07-03 08:33:43Z" duration="0.003016" total="1" passed="1" failed="0" inconclusive="0" skipped="0" asserts="1">
        <test-case id="0-1411" name="TestValidFailMinInt" fullname="Kaitai.SpecValidFailMinInt.TestValidFailMinInt" methodname="TestValidFailMinInt" classname="Kaitai.SpecValidFailMinInt" runstate="Runnable" seed="1971824158" result="Passed" start-time="2023-07-03 08:33:43Z" end-time="2023-07-03 08:33:43Z" duration="0.000612" asserts="1" />
      </test-suite>
      <test-suite type="TestFixture" id="0-1412" name="SpecValidFailRangeBytes" fullname="Kaitai.SpecValidFailRangeBytes" classname="Kaitai.SpecValidFailRangeBytes" runstate="Runnable" testcasecount="1" result="Passed" start-time="2023-07-03 08:33:43Z" end-time="2023-07-03 08:33:43Z" duration="0.003035" total="1" passed="1" failed="0" inconclusive="0" skipped="0" asserts="1">
        <test-case id="0-1413" name="TestValidFailRangeBytes" fullname="Kaitai.SpecValidFailRangeBytes.TestValidFailRangeBytes" methodname="TestValidFailRangeBytes" classname="Kaitai.SpecValidFailRangeBytes" runstate="Runnable" seed="1988686033" result="Passed" start-time="2023-07-03 08:33:43Z" end-time="2023-07-03 08:33:43Z" duration="0.000633" asserts="1" />
      </test-suite>
      <test-suite type="TestFixture" id="0-1414" name="SpecValidFailRangeFloat" fullname="Kaitai.SpecValidFailRangeFloat" classname="Kaitai.SpecValidFailRangeFloat" runstate="Runnable" testcasecount="1" result="Passed" start-time="2023-07-03 08:33:43Z" end-time="2023-07-03 08:33:43Z" duration="0.004528" total="1" passed="1" failed="0" inconclusive="0" skipped="0" asserts="1">
        <test-case id="0-1415" name="TestValidFailRangeFloat" fullname="Kaitai.SpecValidFailRangeFloat.TestValidFailRangeFloat" methodname="TestValidFailRangeFloat" classname="Kaitai.SpecValidFailRangeFloat" runstate="Runnable" seed="467013384" result="Passed" start-time="2023-07-03 08:33:43Z" end-time="2023-07-03 08:33:43Z" duration="0.002121" asserts="1" />
      </test-suite>
      <test-suite type="TestFixture" id="0-1416" name="SpecValidFailRangeInt" fullname="Kaitai.SpecValidFailRangeInt" classname="Kaitai.SpecValidFailRangeInt" runstate="Runnable" testcasecount="1" result="Passed" start-time="2023-07-03 08:33:43Z" end-time="2023-07-03 08:33:43Z" duration="0.002948" total="1" passed="1" failed="0" inconclusive="0" skipped="0" asserts="1">
        <test-case id="0-1417" name="TestValidFailRangeInt" fullname="Kaitai.SpecValidFailRangeInt.TestValidFailRangeInt" methodname="TestValidFailRangeInt" classname="Kaitai.SpecValidFailRangeInt" runstate="Runnable" seed="1505009150" result="Passed" start-time="2023-07-03 08:33:43Z" end-time="2023-07-03 08:33:43Z" duration="0.000545" asserts="1" />
      </test-suite>
      <test-suite type="TestFixture" id="0-1418" name="SpecValidFailRangeStr" fullname="Kaitai.SpecValidFailRangeStr" classname="Kaitai.SpecValidFailRangeStr" runstate="Runnable" testcasecount="1" result="Passed" start-time="2023-07-03 08:33:43Z" end-time="2023-07-03 08:33:43Z" duration="0.002977" total="1" passed="1" failed="0" inconclusive="0" skipped="0" asserts="1">
        <test-case id="0-1419" name="TestValidFailRangeStr" fullname="Kaitai.SpecValidFailRangeStr.TestValidFailRangeStr" methodname="TestValidFailRangeStr" classname="Kaitai.SpecValidFailRangeStr" runstate="Runnable" seed="2079946325" result="Passed" start-time="2023-07-03 08:33:43Z" end-time="2023-07-03 08:33:43Z" duration="0.000579" asserts="1" />
      </test-suite>
      <test-suite type="TestFixture" id="0-1420" name="SpecValidLong" fullname="Kaitai.SpecValidLong" classname="Kaitai.SpecValidLong" runstate="Runnable" testcasecount="1" result="Passed" start-time="2023-07-03 08:33:43Z" end-time="2023-07-03 08:33:43Z" duration="0.003488" total="1" passed="1" failed="0" inconclusive="0" skipped="0" asserts="0">
        <test-case id="0-1421" name="TestValidLong" fullname="Kaitai.SpecValidLong.TestValidLong" methodname="TestValidLong" classname="Kaitai.SpecValidLong" runstate="Runnable" seed="1642159629" result="Passed" start-time="2023-07-03 08:33:43Z" end-time="2023-07-03 08:33:43Z" duration="0.001093" asserts="0" />
      </test-suite>
      <test-suite type="TestFixture" id="0-1422" name="SpecValidNotParsedIf" fullname="Kaitai.SpecValidNotParsedIf" classname="Kaitai.SpecValidNotParsedIf" runstate="Runnable" testcasecount="1" result="Passed" start-time="2023-07-03 08:33:43Z" end-time="2023-07-03 08:33:43Z" duration="0.002948" total="1" passed="1" failed="0" inconclusive="0" skipped="0" asserts="0">
        <test-case id="0-1423" name="TestValidNotParsedIf" fullname="Kaitai.SpecValidNotParsedIf.TestValidNotParsedIf" methodname="TestValidNotParsedIf" classname="Kaitai.SpecValidNotParsedIf" runstate="Runnable" seed="896521419" result="Passed" start-time="2023-07-03 08:33:43Z" end-time="2023-07-03 08:33:43Z" duration="0.000551" asserts="0" />
      </test-suite>
      <test-suite type="TestFixture" id="0-1424" name="SpecValidOptionalId" fullname="Kaitai.SpecValidOptionalId" classname="Kaitai.SpecValidOptionalId" runstate="Runnable" testcasecount="1" result="Passed" start-time="2023-07-03 08:33:43Z" end-time="2023-07-03 08:33:43Z" duration="0.002951" total="1" passed="1" failed="0" inconclusive="0" skipped="0" asserts="0">
        <test-case id="0-1425" name="TestValidOptionalId" fullname="Kaitai.SpecValidOptionalId.TestValidOptionalId" methodname="TestValidOptionalId" classname="Kaitai.SpecValidOptionalId" runstate="Runnable" seed="1225055717" result="Passed" start-time="2023-07-03 08:33:43Z" end-time="2023-07-03 08:33:43Z" duration="0.000551" asserts="0" />
      </test-suite>
      <test-suite type="TestFixture" id="0-1426" name="SpecValidShort" fullname="Kaitai.SpecValidShort" classname="Kaitai.SpecValidShort" runstate="Runnable" testcasecount="1" result="Passed" start-time="2023-07-03 08:33:43Z" end-time="2023-07-03 08:33:43Z" duration="0.003385" total="1" passed="1" failed="0" inconclusive="0" skipped="0" asserts="0">
        <test-case id="0-1427" name="TestValidShort" fullname="Kaitai.SpecValidShort.TestValidShort" methodname="TestValidShort" classname="Kaitai.SpecValidShort" runstate="Runnable" seed="1184522766" result="Passed" start-time="2023-07-03 08:33:43Z" end-time="2023-07-03 08:33:43Z" duration="0.000989" asserts="0" />
      </test-suite>
      <test-suite type="TestFixture" id="0-1428" name="SpecValidSwitch" fullname="Kaitai.SpecValidSwitch" classname="Kaitai.SpecValidSwitch" runstate="Runnable" testcasecount="1" result="Passed" start-time="2023-07-03 08:33:43Z" end-time="2023-07-03 08:33:43Z" duration="0.002873" total="1" passed="1" failed="0" inconclusive="0" skipped="0" asserts="0">
        <test-case id="0-1429" name="TestValidSwitch" fullname="Kaitai.SpecValidSwitch.TestValidSwitch" methodname="TestValidSwitch" classname="Kaitai.SpecValidSwitch" runstate="Runnable" seed="1004571914" result="Passed" start-time="2023-07-03 08:33:43Z" end-time="2023-07-03 08:33:43Z" duration="0.000477" asserts="0" />
      </test-suite>
      <test-suite type="TestFixture" id="0-1430" name="SpecZlibSurrounded" fullname="Kaitai.SpecZlibSurrounded" classname="Kaitai.SpecZlibSurrounded" runstate="Runnable" testcasecount="1" result="Passed" start-time="2023-07-03 08:33:43Z" end-time="2023-07-03 08:33:43Z" duration="0.008661" total="1" passed="1" failed="0" inconclusive="0" skipped="0" asserts="1">
        <test-case id="0-1431" name="TestZlibSurrounded" fullname="Kaitai.SpecZlibSurrounded.TestZlibSurrounded" methodname="TestZlibSurrounded" classname="Kaitai.SpecZlibSurrounded" runstate="Runnable" seed="122952545" result="Passed" start-time="2023-07-03 08:33:43Z" end-time="2023-07-03 08:33:43Z" duration="0.006260" asserts="1" />
      </test-suite>
      <test-suite type="TestFixture" id="0-1432" name="SpecZlibWithHeader78" fullname="Kaitai.SpecZlibWithHeader78" classname="Kaitai.SpecZlibWithHeader78" runstate="Runnable" testcasecount="1" result="Passed" start-time="2023-07-03 08:33:43Z" end-time="2023-07-03 08:33:43Z" duration="0.002832" total="1" passed="1" failed="0" inconclusive="0" skipped="0" asserts="1">
        <test-case id="0-1433" name="TestZlibWithHeader78" fullname="Kaitai.SpecZlibWithHeader78.TestZlibWithHeader78" methodname="TestZlibWithHeader78" classname="Kaitai.SpecZlibWithHeader78" runstate="Runnable" seed="1222761044" result="Passed" start-time="2023-07-03 08:33:43Z" end-time="2023-07-03 08:33:43Z" duration="0.000435" asserts="1" />
      </test-suite>
    </test-suite>
  </test-suite>
</test-run>