<?xml version="1.0" encoding="utf-8" standalone="no"?>
<test-run id="2" testcasecount="178" result="Passed" total="178" passed="178" failed="0" inconclusive="0" skipped="0" asserts="830" engine-version="3.4.1.0" clr-version="4.0.30319.42000" start-time="2020-04-02 13:32:52Z" end-time="2020-04-02 13:32:54Z" duration="2.202788">
  <command-line><![CDATA[spec/csharp/packages/NUnit.ConsoleRunner.3.4.1/tools/nunit3-console.exe --result=test_out/csharp/TestResult.xml spec/csharp/kaitai_struct_csharp_tests/bin/Debug/kaitai_struct_csharp_tests.dll]]></command-line>
  <test-suite type="Assembly" id="0-1356" name="kaitai_struct_csharp_tests.dll" fullname="C:\projects\ci-targets\tests\spec\csharp\kaitai_struct_csharp_tests\bin\Debug\kaitai_struct_csharp_tests.dll" runstate="Runnable" testcasecount="178" result="Passed" start-time="2020-04-02 13:32:52Z" end-time="2020-04-02 13:32:54Z" duration="2.069570" total="178" passed="178" failed="0" inconclusive="0" skipped="0" asserts="830">
    <environment framework-version="3.4.1.0" clr-version="4.0.30319.42000" os-version="Microsoft Windows NT 10.0.14393.0" platform="Win32NT" cwd="C:\projects\ci-targets\tests" machine-name="APPVYR-WIN" user="appveyor" user-domain="APPVYR-WIN" culture="en-US" uiculture="en-US" os-architecture="x64" />
    <settings>
      <setting name="WorkDirectory" value="C:\projects\ci-targets\tests" />
      <setting name="ImageRuntimeVersion" value="4.0.30319" />
      <setting name="ImageTargetFrameworkName" value=".NETFramework,Version=v4.5" />
      <setting name="ImageRequiresX86" value="False" />
      <setting name="ImageRequiresDefaultAppDomainAssemblyResolver" value="False" />
      <setting name="NumberOfTestWorkers" value="2" />
    </settings>
    <properties>
      <property name="_PID" value="3564" />
      <property name="_APPDOMAIN" value="test-domain-" />
    </properties>
    <test-suite type="TestSuite" id="0-1357" name="Kaitai" fullname="Kaitai" runstate="Runnable" testcasecount="178" result="Passed" start-time="2020-04-02 13:32:52Z" end-time="2020-04-02 13:32:54Z" duration="2.034112" total="178" passed="178" failed="0" inconclusive="0" skipped="0" asserts="830">
      <test-suite type="TestFixture" id="0-1000" name="SpecBcdUserTypeBe" fullname="Kaitai.SpecBcdUserTypeBe" classname="Kaitai.SpecBcdUserTypeBe" runstate="Runnable" testcasecount="1" result="Passed" start-time="2020-04-02 13:32:52Z" end-time="2020-04-02 13:32:52Z" duration="0.060566" total="1" passed="1" failed="0" inconclusive="0" skipped="0" asserts="6">
        <test-case id="0-1001" name="TestBcdUserTypeBe" fullname="Kaitai.SpecBcdUserTypeBe.TestBcdUserTypeBe" methodname="TestBcdUserTypeBe" classname="Kaitai.SpecBcdUserTypeBe" runstate="Runnable" seed="376579319" result="Passed" start-time="2020-04-02 13:32:52Z" end-time="2020-04-02 13:32:52Z" duration="0.041317" asserts="6" />
      </test-suite>
      <test-suite type="TestFixture" id="0-1002" name="SpecBcdUserTypeLe" fullname="Kaitai.SpecBcdUserTypeLe" classname="Kaitai.SpecBcdUserTypeLe" runstate="Runnable" testcasecount="1" result="Passed" start-time="2020-04-02 13:32:52Z" end-time="2020-04-02 13:32:52Z" duration="0.015245" total="1" passed="1" failed="0" inconclusive="0" skipped="0" asserts="6">
        <test-case id="0-1003" name="TestBcdUserTypeLe" fullname="Kaitai.SpecBcdUserTypeLe.TestBcdUserTypeLe" methodname="TestBcdUserTypeLe" classname="Kaitai.SpecBcdUserTypeLe" runstate="Runnable" seed="281836825" result="Passed" start-time="2020-04-02 13:32:52Z" end-time="2020-04-02 13:32:52Z" duration="0.011467" asserts="6" />
      </test-suite>
      <test-suite type="TestFixture" id="0-1004" name="SpecBitsByteAligned" fullname="Kaitai.SpecBitsByteAligned" classname="Kaitai.SpecBitsByteAligned" runstate="Runnable" testcasecount="1" result="Passed" start-time="2020-04-02 13:32:52Z" end-time="2020-04-02 13:32:52Z" duration="0.013783" total="1" passed="1" failed="0" inconclusive="0" skipped="0" asserts="9">
        <test-case id="0-1005" name="TestBitsByteAligned" fullname="Kaitai.SpecBitsByteAligned.TestBitsByteAligned" methodname="TestBitsByteAligned" classname="Kaitai.SpecBitsByteAligned" runstate="Runnable" seed="1261878431" result="Passed" start-time="2020-04-02 13:32:52Z" end-time="2020-04-02 13:32:52Z" duration="0.009027" asserts="9" />
      </test-suite>
      <test-suite type="TestFixture" id="0-1006" name="SpecBitsEnum" fullname="Kaitai.SpecBitsEnum" classname="Kaitai.SpecBitsEnum" runstate="Runnable" testcasecount="1" result="Passed" start-time="2020-04-02 13:32:52Z" end-time="2020-04-02 13:32:52Z" duration="0.006044" total="1" passed="1" failed="0" inconclusive="0" skipped="0" asserts="3">
        <test-case id="0-1007" name="TestBitsEnum" fullname="Kaitai.SpecBitsEnum.TestBitsEnum" methodname="TestBitsEnum" classname="Kaitai.SpecBitsEnum" runstate="Runnable" seed="1629326371" result="Passed" start-time="2020-04-02 13:32:52Z" end-time="2020-04-02 13:32:52Z" duration="0.002086" asserts="3" />
      </test-suite>
      <test-suite type="TestFixture" id="0-1008" name="SpecBitsSimple" fullname="Kaitai.SpecBitsSimple" classname="Kaitai.SpecBitsSimple" runstate="Runnable" testcasecount="1" result="Passed" start-time="2020-04-02 13:32:52Z" end-time="2020-04-02 13:32:52Z" duration="0.008043" total="1" passed="1" failed="0" inconclusive="0" skipped="0" asserts="14">
        <test-case id="0-1009" name="TestBitsSimple" fullname="Kaitai.SpecBitsSimple.TestBitsSimple" methodname="TestBitsSimple" classname="Kaitai.SpecBitsSimple" runstate="Runnable" seed="99902856" result="Passed" start-time="2020-04-02 13:32:52Z" end-time="2020-04-02 13:32:52Z" duration="0.004053" asserts="14" />
      </test-suite>
      <test-suite type="TestFixture" id="0-1010" name="SpecBufferedStruct" fullname="Kaitai.SpecBufferedStruct" classname="Kaitai.SpecBufferedStruct" runstate="Runnable" testcasecount="1" result="Passed" start-time="2020-04-02 13:32:52Z" end-time="2020-04-02 13:32:52Z" duration="0.008033" total="1" passed="1" failed="0" inconclusive="0" skipped="0" asserts="7">
        <test-case id="0-1011" name="TestBufferedStruct" fullname="Kaitai.SpecBufferedStruct.TestBufferedStruct" methodname="TestBufferedStruct" classname="Kaitai.SpecBufferedStruct" runstate="Runnable" seed="1333595512" result="Passed" start-time="2020-04-02 13:32:52Z" end-time="2020-04-02 13:32:52Z" duration="0.004599" asserts="7" />
      </test-suite>
      <test-suite type="TestFixture" id="0-1012" name="SpecBytesPadTerm" fullname="Kaitai.SpecBytesPadTerm" classname="Kaitai.SpecBytesPadTerm" runstate="Runnable" testcasecount="1" result="Passed" start-time="2020-04-02 13:32:52Z" end-time="2020-04-02 13:32:52Z" duration="0.006022" total="1" passed="1" failed="0" inconclusive="0" skipped="0" asserts="4">
        <test-case id="0-1013" name="TestBytesPadTerm" fullname="Kaitai.SpecBytesPadTerm.TestBytesPadTerm" methodname="TestBytesPadTerm" classname="Kaitai.SpecBytesPadTerm" runstate="Runnable" seed="1473691194" result="Passed" start-time="2020-04-02 13:32:52Z" end-time="2020-04-02 13:32:52Z" duration="0.002305" asserts="4" />
      </test-suite>
      <test-suite type="TestFixture" id="0-1014" name="SpecCastNested" fullname="Kaitai.SpecCastNested" classname="Kaitai.SpecCastNested" runstate="Runnable" testcasecount="1" result="Passed" start-time="2020-04-02 13:32:52Z" end-time="2020-04-02 13:32:52Z" duration="0.009017" total="1" passed="1" failed="0" inconclusive="0" skipped="0" asserts="4">
        <test-case id="0-1015" name="TestCastNested" fullname="Kaitai.SpecCastNested.TestCastNested" methodname="TestCastNested" classname="Kaitai.SpecCastNested" runstate="Runnable" seed="243901273" result="Passed" start-time="2020-04-02 13:32:52Z" end-time="2020-04-02 13:32:52Z" duration="0.005419" asserts="4" />
      </test-suite>
      <test-suite type="TestFixture" id="0-1016" name="SpecCastToImported" fullname="Kaitai.SpecCastToImported" classname="Kaitai.SpecCastToImported" runstate="Runnable" testcasecount="1" result="Passed" start-time="2020-04-02 13:32:52Z" end-time="2020-04-02 13:32:52Z" duration="0.004872" total="1" passed="1" failed="0" inconclusive="0" skipped="0" asserts="2">
        <test-case id="0-1017" name="TestCastToImported" fullname="Kaitai.SpecCastToImported.TestCastToImported" methodname="TestCastToImported" classname="Kaitai.SpecCastToImported" runstate="Runnable" seed="143706704" result="Passed" start-time="2020-04-02 13:32:52Z" end-time="2020-04-02 13:32:52Z" duration="0.001882" asserts="2" />
      </test-suite>
      <test-suite type="TestFixture" id="0-1018" name="SpecCastToTop" fullname="Kaitai.SpecCastToTop" classname="Kaitai.SpecCastToTop" runstate="Runnable" testcasecount="1" result="Passed" start-time="2020-04-02 13:32:52Z" end-time="2020-04-02 13:32:52Z" duration="0.005014" total="1" passed="1" failed="0" inconclusive="0" skipped="0" asserts="3">
        <test-case id="0-1019" name="TestCastToTop" fullname="Kaitai.SpecCastToTop.TestCastToTop" methodname="TestCastToTop" classname="Kaitai.SpecCastToTop" runstate="Runnable" seed="909143195" result="Passed" start-time="2020-04-02 13:32:52Z" end-time="2020-04-02 13:32:52Z" duration="0.001841" asserts="3" />
      </test-suite>
      <test-suite type="TestFixture" id="0-1020" name="SpecDebug0" fullname="Kaitai.SpecDebug0" classname="Kaitai.SpecDebug0" runstate="Runnable" testcasecount="1" result="Passed" start-time="2020-04-02 13:32:52Z" end-time="2020-04-02 13:32:52Z" duration="0.004013" total="1" passed="1" failed="0" inconclusive="0" skipped="0" asserts="0">
        <test-case id="0-1021" name="TestDebug0" fullname="Kaitai.SpecDebug0.TestDebug0" methodname="TestDebug0" classname="Kaitai.SpecDebug0" runstate="Runnable" seed="251666449" result="Passed" start-time="2020-04-02 13:32:52Z" end-time="2020-04-02 13:32:52Z" duration="0.000148" asserts="0" />
      </test-suite>
      <test-suite type="TestFixture" id="0-1022" name="SpecDebugArrayUser" fullname="Kaitai.SpecDebugArrayUser" classname="Kaitai.SpecDebugArrayUser" runstate="Runnable" testcasecount="1" result="Passed" start-time="2020-04-02 13:32:52Z" end-time="2020-04-02 13:32:52Z" duration="0.006019" total="1" passed="1" failed="0" inconclusive="0" skipped="0" asserts="4">
        <test-case id="0-1023" name="TestDebugArrayUser" fullname="Kaitai.SpecDebugArrayUser.TestDebugArrayUser" methodname="TestDebugArrayUser" classname="Kaitai.SpecDebugArrayUser" runstate="Runnable" seed="1185660392" result="Passed" start-time="2020-04-02 13:32:52Z" end-time="2020-04-02 13:32:52Z" duration="0.002202" asserts="4" />
      </test-suite>
      <test-suite type="TestFixture" id="0-1024" name="SpecDebugEnumName" fullname="Kaitai.SpecDebugEnumName" classname="Kaitai.SpecDebugEnumName" runstate="Runnable" testcasecount="1" result="Passed" start-time="2020-04-02 13:32:52Z" end-time="2020-04-02 13:32:52Z" duration="0.003896" total="1" passed="1" failed="0" inconclusive="0" skipped="0" asserts="0">
        <test-case id="0-1025" name="TestDebugEnumName" fullname="Kaitai.SpecDebugEnumName.TestDebugEnumName" methodname="TestDebugEnumName" classname="Kaitai.SpecDebugEnumName" runstate="Runnable" seed="1386951137" result="Passed" start-time="2020-04-02 13:32:52Z" end-time="2020-04-02 13:32:52Z" duration="0.000154" asserts="0" />
      </test-suite>
      <test-suite type="TestFixture" id="0-1026" name="SpecDebugSwitchUser" fullname="Kaitai.SpecDebugSwitchUser" classname="Kaitai.SpecDebugSwitchUser" runstate="Runnable" testcasecount="1" result="Passed" start-time="2020-04-02 13:32:52Z" end-time="2020-04-02 13:32:52Z" duration="0.006032" total="1" passed="1" failed="0" inconclusive="0" skipped="0" asserts="2">
        <test-case id="0-1027" name="TestDebugSwitchUser" fullname="Kaitai.SpecDebugSwitchUser.TestDebugSwitchUser" methodname="TestDebugSwitchUser" classname="Kaitai.SpecDebugSwitchUser" runstate="Runnable" seed="1836596595" result="Passed" start-time="2020-04-02 13:32:52Z" end-time="2020-04-02 13:32:52Z" duration="0.002018" asserts="2" />
      </test-suite>
      <test-suite type="TestFixture" id="0-1028" name="SpecDefaultBigEndian" fullname="Kaitai.SpecDefaultBigEndian" classname="Kaitai.SpecDefaultBigEndian" runstate="Runnable" testcasecount="1" result="Passed" start-time="2020-04-02 13:32:52Z" end-time="2020-04-02 13:32:52Z" duration="0.004729" total="1" passed="1" failed="0" inconclusive="0" skipped="0" asserts="1">
        <test-case id="0-1029" name="TestDefaultBigEndian" fullname="Kaitai.SpecDefaultBigEndian.TestDefaultBigEndian" methodname="TestDefaultBigEndian" classname="Kaitai.SpecDefaultBigEndian" runstate="Runnable" seed="1859224464" result="Passed" start-time="2020-04-02 13:32:52Z" end-time="2020-04-02 13:32:52Z" duration="0.001269" asserts="1" />
      </test-suite>
      <test-suite type="TestFixture" id="0-1030" name="SpecDefaultEndianExprException" fullname="Kaitai.SpecDefaultEndianExprException" classname="Kaitai.SpecDefaultEndianExprException" runstate="Runnable" testcasecount="1" result="Passed" start-time="2020-04-02 13:32:52Z" end-time="2020-04-02 13:32:52Z" duration="0.021063" total="1" passed="1" failed="0" inconclusive="0" skipped="0" asserts="1">
        <test-case id="0-1031" name="TestDefaultEndianExprException" fullname="Kaitai.SpecDefaultEndianExprException.TestDefaultEndianExprException" methodname="TestDefaultEndianExprException" classname="Kaitai.SpecDefaultEndianExprException" runstate="Runnable" seed="363871595" result="Passed" start-time="2020-04-02 13:32:52Z" end-time="2020-04-02 13:32:52Z" duration="0.017764" asserts="1" />
      </test-suite>
      <test-suite type="TestFixture" id="0-1032" name="SpecDefaultEndianExprInherited" fullname="Kaitai.SpecDefaultEndianExprInherited" classname="Kaitai.SpecDefaultEndianExprInherited" runstate="Runnable" testcasecount="1" result="Passed" start-time="2020-04-02 13:32:52Z" end-time="2020-04-02 13:32:52Z" duration="0.012013" total="1" passed="1" failed="0" inconclusive="0" skipped="0" asserts="15">
        <test-case id="0-1033" name="TestDefaultEndianExprInherited" fullname="Kaitai.SpecDefaultEndianExprInherited.TestDefaultEndianExprInherited" methodname="TestDefaultEndianExprInherited" classname="Kaitai.SpecDefaultEndianExprInherited" runstate="Runnable" seed="1578058141" result="Passed" start-time="2020-04-02 13:32:52Z" end-time="2020-04-02 13:32:52Z" duration="0.008488" asserts="15" />
      </test-suite>
      <test-suite type="TestFixture" id="0-1034" name="SpecDefaultEndianExprIsBe" fullname="Kaitai.SpecDefaultEndianExprIsBe" classname="Kaitai.SpecDefaultEndianExprIsBe" runstate="Runnable" testcasecount="1" result="Passed" start-time="2020-04-02 13:32:52Z" end-time="2020-04-02 13:32:52Z" duration="0.013013" total="1" passed="1" failed="0" inconclusive="0" skipped="0" asserts="18">
        <test-case id="0-1035" name="TestDefaultEndianExprIsBe" fullname="Kaitai.SpecDefaultEndianExprIsBe.TestDefaultEndianExprIsBe" methodname="TestDefaultEndianExprIsBe" classname="Kaitai.SpecDefaultEndianExprIsBe" runstate="Runnable" seed="1474630306" result="Passed" start-time="2020-04-02 13:32:52Z" end-time="2020-04-02 13:32:52Z" duration="0.008157" asserts="18" />
      </test-suite>
      <test-suite type="TestFixture" id="0-1036" name="SpecDefaultEndianExprIsLe" fullname="Kaitai.SpecDefaultEndianExprIsLe" classname="Kaitai.SpecDefaultEndianExprIsLe" runstate="Runnable" testcasecount="1" result="Passed" start-time="2020-04-02 13:32:52Z" end-time="2020-04-02 13:32:52Z" duration="0.009021" total="1" passed="1" failed="0" inconclusive="0" skipped="0" asserts="12">
        <test-case id="0-1037" name="TestDefaultEndianExprIsLe" fullname="Kaitai.SpecDefaultEndianExprIsLe.TestDefaultEndianExprIsLe" methodname="TestDefaultEndianExprIsLe" classname="Kaitai.SpecDefaultEndianExprIsLe" runstate="Runnable" seed="774506775" result="Passed" start-time="2020-04-02 13:32:52Z" end-time="2020-04-02 13:32:52Z" duration="0.004983" asserts="12" />
      </test-suite>
      <test-suite type="TestFixture" id="0-1038" name="SpecDefaultEndianMod" fullname="Kaitai.SpecDefaultEndianMod" classname="Kaitai.SpecDefaultEndianMod" runstate="Runnable" testcasecount="1" result="Passed" start-time="2020-04-02 13:32:52Z" end-time="2020-04-02 13:32:52Z" duration="0.006016" total="1" passed="1" failed="0" inconclusive="0" skipped="0" asserts="3">
        <test-case id="0-1039" name="TestDefaultEndianMod" fullname="Kaitai.SpecDefaultEndianMod.TestDefaultEndianMod" methodname="TestDefaultEndianMod" classname="Kaitai.SpecDefaultEndianMod" runstate="Runnable" seed="1734610376" result="Passed" start-time="2020-04-02 13:32:52Z" end-time="2020-04-02 13:32:52Z" duration="0.002697" asserts="3" />
      </test-suite>
      <test-suite type="TestFixture" id="0-1040" name="SpecDocstrings" fullname="Kaitai.SpecDocstrings" classname="Kaitai.SpecDocstrings" runstate="Runnable" testcasecount="1" result="Passed" start-time="2020-04-02 13:32:52Z" end-time="2020-04-02 13:32:52Z" duration="0.007112" total="1" passed="1" failed="0" inconclusive="0" skipped="0" asserts="0">
        <test-case id="0-1041" name="TestDocstrings" fullname="Kaitai.SpecDocstrings.TestDocstrings" methodname="TestDocstrings" classname="Kaitai.SpecDocstrings" runstate="Runnable" seed="2113566249" result="Passed" start-time="2020-04-02 13:32:52Z" end-time="2020-04-02 13:32:52Z" duration="0.000830" asserts="0" />
      </test-suite>
      <test-suite type="TestFixture" id="0-1042" name="SpecDocstringsDocref" fullname="Kaitai.SpecDocstringsDocref" classname="Kaitai.SpecDocstringsDocref" runstate="Runnable" testcasecount="1" result="Passed" start-time="2020-04-02 13:32:52Z" end-time="2020-04-02 13:32:52Z" duration="0.004015" total="1" passed="1" failed="0" inconclusive="0" skipped="0" asserts="0">
        <test-case id="0-1043" name="TestDocstringsDocref" fullname="Kaitai.SpecDocstringsDocref.TestDocstringsDocref" methodname="TestDocstringsDocref" classname="Kaitai.SpecDocstringsDocref" runstate="Runnable" seed="297122683" result="Passed" start-time="2020-04-02 13:32:52Z" end-time="2020-04-02 13:32:52Z" duration="0.000856" asserts="0" />
      </test-suite>
      <test-suite type="TestFixture" id="0-1044" name="SpecDocstringsDocrefMulti" fullname="Kaitai.SpecDocstringsDocrefMulti" classname="Kaitai.SpecDocstringsDocrefMulti" runstate="Runnable" testcasecount="1" result="Passed" start-time="2020-04-02 13:32:52Z" end-time="2020-04-02 13:32:52Z" duration="0.004986" total="1" passed="1" failed="0" inconclusive="0" skipped="0" asserts="0">
        <test-case id="0-1045" name="TestDocstringsDocrefMulti" fullname="Kaitai.SpecDocstringsDocrefMulti.TestDocstringsDocrefMulti" methodname="TestDocstringsDocrefMulti" classname="Kaitai.SpecDocstringsDocrefMulti" runstate="Runnable" seed="958250028" result="Passed" start-time="2020-04-02 13:32:52Z" end-time="2020-04-02 13:32:52Z" duration="0.001129" asserts="0" />
      </test-suite>
      <test-suite type="TestFixture" id="0-1046" name="SpecEnum0" fullname="Kaitai.SpecEnum0" classname="Kaitai.SpecEnum0" runstate="Runnable" testcasecount="1" result="Passed" start-time="2020-04-02 13:32:52Z" end-time="2020-04-02 13:32:52Z" duration="0.004989" total="1" passed="1" failed="0" inconclusive="0" skipped="0" asserts="2">
        <test-case id="0-1047" name="TestEnum0" fullname="Kaitai.SpecEnum0.TestEnum0" methodname="TestEnum0" classname="Kaitai.SpecEnum0" runstate="Runnable" seed="2056530368" result="Passed" start-time="2020-04-02 13:32:52Z" end-time="2020-04-02 13:32:52Z" duration="0.001147" asserts="2" />
      </test-suite>
      <test-suite type="TestFixture" id="0-1048" name="SpecEnum1" fullname="Kaitai.SpecEnum1" classname="Kaitai.SpecEnum1" runstate="Runnable" testcasecount="1" result="Passed" start-time="2020-04-02 13:32:52Z" end-time="2020-04-02 13:32:52Z" duration="0.006010" total="1" passed="1" failed="0" inconclusive="0" skipped="0" asserts="2">
        <test-case id="0-1049" name="TestEnum1" fullname="Kaitai.SpecEnum1.TestEnum1" methodname="TestEnum1" classname="Kaitai.SpecEnum1" runstate="Runnable" seed="175295496" result="Passed" start-time="2020-04-02 13:32:52Z" end-time="2020-04-02 13:32:52Z" duration="0.001999" asserts="2" />
      </test-suite>
      <test-suite type="TestFixture" id="0-1050" name="SpecEnumDeep" fullname="Kaitai.SpecEnumDeep" classname="Kaitai.SpecEnumDeep" runstate="Runnable" testcasecount="1" result="Passed" start-time="2020-04-02 13:32:52Z" end-time="2020-04-02 13:32:52Z" duration="0.005009" total="1" passed="1" failed="0" inconclusive="0" skipped="0" asserts="2">
        <test-case id="0-1051" name="TestEnumDeep" fullname="Kaitai.SpecEnumDeep.TestEnumDeep" methodname="TestEnumDeep" classname="Kaitai.SpecEnumDeep" runstate="Runnable" seed="104515460" result="Passed" start-time="2020-04-02 13:32:52Z" end-time="2020-04-02 13:32:52Z" duration="0.001293" asserts="2" />
      </test-suite>
      <test-suite type="TestFixture" id="0-1052" name="SpecEnumDeepLiterals" fullname="Kaitai.SpecEnumDeepLiterals" classname="Kaitai.SpecEnumDeepLiterals" runstate="Runnable" testcasecount="1" result="Passed" start-time="2020-04-02 13:32:52Z" end-time="2020-04-02 13:32:52Z" duration="0.004992" total="1" passed="1" failed="0" inconclusive="0" skipped="0" asserts="2">
        <test-case id="0-1053" name="TestEnumDeepLiterals" fullname="Kaitai.SpecEnumDeepLiterals.TestEnumDeepLiterals" methodname="TestEnumDeepLiterals" classname="Kaitai.SpecEnumDeepLiterals" runstate="Runnable" seed="291537502" result="Passed" start-time="2020-04-02 13:32:52Z" end-time="2020-04-02 13:32:52Z" duration="0.001758" asserts="2" />
      </test-suite>
      <test-suite type="TestFixture" id="0-1054" name="SpecEnumFancy" fullname="Kaitai.SpecEnumFancy" classname="Kaitai.SpecEnumFancy" runstate="Runnable" testcasecount="1" result="Passed" start-time="2020-04-02 13:32:52Z" end-time="2020-04-02 13:32:52Z" duration="0.004816" total="1" passed="1" failed="0" inconclusive="0" skipped="0" asserts="2">
        <test-case id="0-1055" name="TestEnumFancy" fullname="Kaitai.SpecEnumFancy.TestEnumFancy" methodname="TestEnumFancy" classname="Kaitai.SpecEnumFancy" runstate="Runnable" seed="770859466" result="Passed" start-time="2020-04-02 13:32:52Z" end-time="2020-04-02 13:32:52Z" duration="0.001201" asserts="2" />
      </test-suite>
      <test-suite type="TestFixture" id="0-1056" name="SpecEnumForUnknownId" fullname="Kaitai.SpecEnumForUnknownId" classname="Kaitai.SpecEnumForUnknownId" runstate="Runnable" testcasecount="1" result="Passed" start-time="2020-04-02 13:32:52Z" end-time="2020-04-02 13:32:52Z" duration="0.005266" total="1" passed="1" failed="0" inconclusive="0" skipped="0" asserts="1">
        <test-case id="0-1057" name="TestEnumForUnknownId" fullname="Kaitai.SpecEnumForUnknownId.TestEnumForUnknownId" methodname="TestEnumForUnknownId" classname="Kaitai.SpecEnumForUnknownId" runstate="Runnable" seed="410339328" result="Passed" start-time="2020-04-02 13:32:52Z" end-time="2020-04-02 13:32:52Z" duration="0.001040" asserts="1" />
      </test-suite>
      <test-suite type="TestFixture" id="0-1058" name="SpecEnumIf" fullname="Kaitai.SpecEnumIf" classname="Kaitai.SpecEnumIf" runstate="Runnable" testcasecount="1" result="Passed" start-time="2020-04-02 13:32:52Z" end-time="2020-04-02 13:32:52Z" duration="0.007076" total="1" passed="1" failed="0" inconclusive="0" skipped="0" asserts="7">
        <test-case id="0-1059" name="TestEnumIf" fullname="Kaitai.SpecEnumIf.TestEnumIf" methodname="TestEnumIf" classname="Kaitai.SpecEnumIf" runstate="Runnable" seed="233978887" result="Passed" start-time="2020-04-02 13:32:52Z" end-time="2020-04-02 13:32:52Z" duration="0.003613" asserts="7" />
      </test-suite>
      <test-suite type="TestFixture" id="0-1060" name="SpecEnumImport" fullname="Kaitai.SpecEnumImport" classname="Kaitai.SpecEnumImport" runstate="Runnable" testcasecount="1" result="Passed" start-time="2020-04-02 13:32:52Z" end-time="2020-04-02 13:32:52Z" duration="0.005024" total="1" passed="1" failed="0" inconclusive="0" skipped="0" asserts="2">
        <test-case id="0-1061" name="TestEnumImport" fullname="Kaitai.SpecEnumImport.TestEnumImport" methodname="TestEnumImport" classname="Kaitai.SpecEnumImport" runstate="Runnable" seed="1562739910" result="Passed" start-time="2020-04-02 13:32:52Z" end-time="2020-04-02 13:32:52Z" duration="0.001314" asserts="2" />
      </test-suite>
      <test-suite type="TestFixture" id="0-1062" name="SpecEnumIntRangeS" fullname="Kaitai.SpecEnumIntRangeS" classname="Kaitai.SpecEnumIntRangeS" runstate="Runnable" testcasecount="1" result="Passed" start-time="2020-04-02 13:32:52Z" end-time="2020-04-02 13:32:52Z" duration="0.005009" total="1" passed="1" failed="0" inconclusive="0" skipped="0" asserts="3">
        <test-case id="0-1063" name="TestEnumIntRangeS" fullname="Kaitai.SpecEnumIntRangeS.TestEnumIntRangeS" methodname="TestEnumIntRangeS" classname="Kaitai.SpecEnumIntRangeS" runstate="Runnable" seed="1328884870" result="Passed" start-time="2020-04-02 13:32:52Z" end-time="2020-04-02 13:32:52Z" duration="0.001381" asserts="3" />
      </test-suite>
      <test-suite type="TestFixture" id="0-1064" name="SpecEnumNegative" fullname="Kaitai.SpecEnumNegative" classname="Kaitai.SpecEnumNegative" runstate="Runnable" testcasecount="1" result="Passed" start-time="2020-04-02 13:32:52Z" end-time="2020-04-02 13:32:52Z" duration="0.005006" total="1" passed="1" failed="0" inconclusive="0" skipped="0" asserts="2">
        <test-case id="0-1065" name="TestEnumNegative" fullname="Kaitai.SpecEnumNegative.TestEnumNegative" methodname="TestEnumNegative" classname="Kaitai.SpecEnumNegative" runstate="Runnable" seed="588253621" result="Passed" start-time="2020-04-02 13:32:52Z" end-time="2020-04-02 13:32:52Z" duration="0.001374" asserts="2" />
      </test-suite>
      <test-suite type="TestFixture" id="0-1066" name="SpecEnumOfValueInst" fullname="Kaitai.SpecEnumOfValueInst" classname="Kaitai.SpecEnumOfValueInst" runstate="Runnable" testcasecount="1" result="Passed" start-time="2020-04-02 13:32:52Z" end-time="2020-04-02 13:32:52Z" duration="0.005013" total="1" passed="1" failed="0" inconclusive="0" skipped="0" asserts="4">
        <test-case id="0-1067" name="TestEnumOfValueInst" fullname="Kaitai.SpecEnumOfValueInst.TestEnumOfValueInst" methodname="TestEnumOfValueInst" classname="Kaitai.SpecEnumOfValueInst" runstate="Runnable" seed="1362460361" result="Passed" start-time="2020-04-02 13:32:52Z" end-time="2020-04-02 13:32:52Z" duration="0.001654" asserts="4" />
      </test-suite>
      <test-suite type="TestFixture" id="0-1068" name="SpecEnumToI" fullname="Kaitai.SpecEnumToI" classname="Kaitai.SpecEnumToI" runstate="Runnable" testcasecount="1" result="Passed" start-time="2020-04-02 13:32:52Z" end-time="2020-04-02 13:32:52Z" duration="0.005006" total="1" passed="1" failed="0" inconclusive="0" skipped="0" asserts="5">
        <test-case id="0-1069" name="TestEnumToI" fullname="Kaitai.SpecEnumToI.TestEnumToI" methodname="TestEnumToI" classname="Kaitai.SpecEnumToI" runstate="Runnable" seed="2030667019" result="Passed" start-time="2020-04-02 13:32:52Z" end-time="2020-04-02 13:32:52Z" duration="0.001890" asserts="5" />
      </test-suite>
      <test-suite type="TestFixture" id="0-1070" name="SpecEofExceptionBytes" fullname="Kaitai.SpecEofExceptionBytes" classname="Kaitai.SpecEofExceptionBytes" runstate="Runnable" testcasecount="1" result="Passed" start-time="2020-04-02 13:32:52Z" end-time="2020-04-02 13:32:52Z" duration="0.005025" total="1" passed="1" failed="0" inconclusive="0" skipped="0" asserts="1">
        <test-case id="0-1071" name="TestEofExceptionBytes" fullname="Kaitai.SpecEofExceptionBytes.TestEofExceptionBytes" methodname="TestEofExceptionBytes" classname="Kaitai.SpecEofExceptionBytes" runstate="Runnable" seed="1501778458" result="Passed" start-time="2020-04-02 13:32:52Z" end-time="2020-04-02 13:32:52Z" duration="0.001326" asserts="1" />
      </test-suite>
      <test-suite type="TestFixture" id="0-1072" name="SpecEofExceptionU4" fullname="Kaitai.SpecEofExceptionU4" classname="Kaitai.SpecEofExceptionU4" runstate="Runnable" testcasecount="1" result="Passed" start-time="2020-04-02 13:32:52Z" end-time="2020-04-02 13:32:52Z" duration="0.004555" total="1" passed="1" failed="0" inconclusive="0" skipped="0" asserts="1">
        <test-case id="0-1073" name="TestEofExceptionU4" fullname="Kaitai.SpecEofExceptionU4.TestEofExceptionU4" methodname="TestEofExceptionU4" classname="Kaitai.SpecEofExceptionU4" runstate="Runnable" seed="917061000" result="Passed" start-time="2020-04-02 13:32:52Z" end-time="2020-04-02 13:32:52Z" duration="0.001303" asserts="1" />
      </test-suite>
      <test-suite type="TestFixture" id="0-1074" name="SpecEosExceptionBytes" fullname="Kaitai.SpecEosExceptionBytes" classname="Kaitai.SpecEosExceptionBytes" runstate="Runnable" testcasecount="1" result="Passed" start-time="2020-04-02 13:32:52Z" end-time="2020-04-02 13:32:52Z" duration="0.005013" total="1" passed="1" failed="0" inconclusive="0" skipped="0" asserts="1">
        <test-case id="0-1075" name="TestEosExceptionBytes" fullname="Kaitai.SpecEosExceptionBytes.TestEosExceptionBytes" methodname="TestEosExceptionBytes" classname="Kaitai.SpecEosExceptionBytes" runstate="Runnable" seed="940352048" result="Passed" start-time="2020-04-02 13:32:52Z" end-time="2020-04-02 13:32:52Z" duration="0.001458" asserts="1" />
      </test-suite>
      <test-suite type="TestFixture" id="0-1076" name="SpecEosExceptionU4" fullname="Kaitai.SpecEosExceptionU4" classname="Kaitai.SpecEosExceptionU4" runstate="Runnable" testcasecount="1" result="Passed" start-time="2020-04-02 13:32:52Z" end-time="2020-04-02 13:32:52Z" duration="0.005006" total="1" passed="1" failed="0" inconclusive="0" skipped="0" asserts="1">
        <test-case id="0-1077" name="TestEosExceptionU4" fullname="Kaitai.SpecEosExceptionU4.TestEosExceptionU4" methodname="TestEosExceptionU4" classname="Kaitai.SpecEosExceptionU4" runstate="Runnable" seed="1519376680" result="Passed" start-time="2020-04-02 13:32:52Z" end-time="2020-04-02 13:32:52Z" duration="0.001550" asserts="1" />
      </test-suite>
      <test-suite type="TestFixture" id="0-1078" name="SpecExpr0" fullname="Kaitai.SpecExpr0" classname="Kaitai.SpecExpr0" runstate="Runnable" testcasecount="1" result="Passed" start-time="2020-04-02 13:32:52Z" end-time="2020-04-02 13:32:52Z" duration="0.005021" total="1" passed="1" failed="0" inconclusive="0" skipped="0" asserts="2">
        <test-case id="0-1079" name="TestExpr0" fullname="Kaitai.SpecExpr0.TestExpr0" methodname="TestExpr0" classname="Kaitai.SpecExpr0" runstate="Runnable" seed="1681775965" result="Passed" start-time="2020-04-02 13:32:52Z" end-time="2020-04-02 13:32:52Z" duration="0.001238" asserts="2" />
      </test-suite>
      <test-suite type="TestFixture" id="0-1080" name="SpecExpr1" fullname="Kaitai.SpecExpr1" classname="Kaitai.SpecExpr1" runstate="Runnable" testcasecount="1" result="Passed" start-time="2020-04-02 13:32:52Z" end-time="2020-04-02 13:32:52Z" duration="0.004977" total="1" passed="1" failed="0" inconclusive="0" skipped="0" asserts="4">
        <test-case id="0-1081" name="TestExpr1" fullname="Kaitai.SpecExpr1.TestExpr1" methodname="TestExpr1" classname="Kaitai.SpecExpr1" runstate="Runnable" seed="1730981852" result="Passed" start-time="2020-04-02 13:32:52Z" end-time="2020-04-02 13:32:52Z" duration="0.001724" asserts="4" />
      </test-suite>
      <test-suite type="TestFixture" id="0-1082" name="SpecExpr2" fullname="Kaitai.SpecExpr2" classname="Kaitai.SpecExpr2" runstate="Runnable" testcasecount="1" result="Passed" start-time="2020-04-02 13:32:52Z" end-time="2020-04-02 13:32:52Z" duration="0.007008" total="1" passed="1" failed="0" inconclusive="0" skipped="0" asserts="17">
        <test-case id="0-1083" name="TestExpr2" fullname="Kaitai.SpecExpr2.TestExpr2" methodname="TestExpr2" classname="Kaitai.SpecExpr2" runstate="Runnable" seed="315115181" result="Passed" start-time="2020-04-02 13:32:52Z" end-time="2020-04-02 13:32:52Z" duration="0.003621" asserts="17" />
      </test-suite>
      <test-suite type="TestFixture" id="0-1084" name="SpecExpr3" fullname="Kaitai.SpecExpr3" classname="Kaitai.SpecExpr3" runstate="Runnable" testcasecount="1" result="Passed" start-time="2020-04-02 13:32:52Z" end-time="2020-04-02 13:32:52Z" duration="0.006012" total="1" passed="1" failed="0" inconclusive="0" skipped="0" asserts="12">
        <test-case id="0-1085" name="TestExpr3" fullname="Kaitai.SpecExpr3.TestExpr3" methodname="TestExpr3" classname="Kaitai.SpecExpr3" runstate="Runnable" seed="64931082" result="Passed" start-time="2020-04-02 13:32:52Z" end-time="2020-04-02 13:32:52Z" duration="0.002472" asserts="12" />
      </test-suite>
      <test-suite type="TestFixture" id="0-1086" name="SpecExprArray" fullname="Kaitai.SpecExprArray" classname="Kaitai.SpecExprArray" runstate="Runnable" testcasecount="1" result="Passed" start-time="2020-04-02 13:32:52Z" end-time="2020-04-02 13:32:52Z" duration="0.020998" total="1" passed="1" failed="0" inconclusive="0" skipped="0" asserts="15">
        <test-case id="0-1087" name="TestExprArray" fullname="Kaitai.SpecExprArray.TestExprArray" methodname="TestExprArray" classname="Kaitai.SpecExprArray" runstate="Runnable" seed="1451072922" result="Passed" start-time="2020-04-02 13:32:52Z" end-time="2020-04-02 13:32:52Z" duration="0.016997" asserts="15" />
      </test-suite>
      <test-suite type="TestFixture" id="0-1088" name="SpecExprBytesCmp" fullname="Kaitai.SpecExprBytesCmp" classname="Kaitai.SpecExprBytesCmp" runstate="Runnable" testcasecount="1" result="Passed" start-time="2020-04-02 13:32:52Z" end-time="2020-04-02 13:32:52Z" duration="0.008014" total="1" passed="1" failed="0" inconclusive="0" skipped="0" asserts="10">
        <test-case id="0-1089" name="TestExprBytesCmp" fullname="Kaitai.SpecExprBytesCmp.TestExprBytesCmp" methodname="TestExprBytesCmp" classname="Kaitai.SpecExprBytesCmp" runstate="Runnable" seed="1443566157" result="Passed" start-time="2020-04-02 13:32:52Z" end-time="2020-04-02 13:32:52Z" duration="0.004016" asserts="10" />
      </test-suite>
      <test-suite type="TestFixture" id="0-1090" name="SpecExprBytesOps" fullname="Kaitai.SpecExprBytesOps" classname="Kaitai.SpecExprBytesOps" runstate="Runnable" testcasecount="1" result="Passed" start-time="2020-04-02 13:32:52Z" end-time="2020-04-02 13:32:52Z" duration="0.010074" total="1" passed="1" failed="0" inconclusive="0" skipped="0" asserts="12">
        <test-case id="0-1091" name="TestExprBytesOps" fullname="Kaitai.SpecExprBytesOps.TestExprBytesOps" methodname="TestExprBytesOps" classname="Kaitai.SpecExprBytesOps" runstate="Runnable" seed="453459951" result="Passed" start-time="2020-04-02 13:32:52Z" end-time="2020-04-02 13:32:52Z" duration="0.006745" asserts="12" />
      </test-suite>
      <test-suite type="TestFixture" id="0-1092" name="SpecExprCalcArrayOps" fullname="Kaitai.SpecExprCalcArrayOps" classname="Kaitai.SpecExprCalcArrayOps" runstate="Runnable" testcasecount="1" result="Passed" start-time="2020-04-02 13:32:52Z" end-time="2020-04-02 13:32:52Z" duration="0.013259" total="1" passed="1" failed="0" inconclusive="0" skipped="0" asserts="18">
        <test-case id="0-1093" name="TestExprCalcArrayOps" fullname="Kaitai.SpecExprCalcArrayOps.TestExprCalcArrayOps" methodname="TestExprCalcArrayOps" classname="Kaitai.SpecExprCalcArrayOps" runstate="Runnable" seed="1118696449" result="Passed" start-time="2020-04-02 13:32:52Z" end-time="2020-04-02 13:32:52Z" duration="0.009015" asserts="18" />
      </test-suite>
      <test-suite type="TestFixture" id="0-1094" name="SpecExprEnum" fullname="Kaitai.SpecExprEnum" classname="Kaitai.SpecExprEnum" runstate="Runnable" testcasecount="1" result="Passed" start-time="2020-04-02 13:32:52Z" end-time="2020-04-02 13:32:52Z" duration="0.009601" total="1" passed="1" failed="0" inconclusive="0" skipped="0" asserts="3">
        <test-case id="0-1095" name="TestExprEnum" fullname="Kaitai.SpecExprEnum.TestExprEnum" methodname="TestExprEnum" classname="Kaitai.SpecExprEnum" runstate="Runnable" seed="1274696056" result="Passed" start-time="2020-04-02 13:32:52Z" end-time="2020-04-02 13:32:52Z" duration="0.001869" asserts="3" />
      </test-suite>
      <test-suite type="TestFixture" id="0-1096" name="SpecExprIoEof" fullname="Kaitai.SpecExprIoEof" classname="Kaitai.SpecExprIoEof" runstate="Runnable" testcasecount="1" result="Passed" start-time="2020-04-02 13:32:52Z" end-time="2020-04-02 13:32:52Z" duration="0.007024" total="1" passed="1" failed="0" inconclusive="0" skipped="0" asserts="4">
        <test-case id="0-1097" name="TestExprIoEof" fullname="Kaitai.SpecExprIoEof.TestExprIoEof" methodname="TestExprIoEof" classname="Kaitai.SpecExprIoEof" runstate="Runnable" seed="1434634879" result="Passed" start-time="2020-04-02 13:32:52Z" end-time="2020-04-02 13:32:52Z" duration="0.003134" asserts="4" />
      </test-suite>
      <test-suite type="TestFixture" id="0-1098" name="SpecExprIoPos" fullname="Kaitai.SpecExprIoPos" classname="Kaitai.SpecExprIoPos" runstate="Runnable" testcasecount="1" result="Passed" start-time="2020-04-02 13:32:52Z" end-time="2020-04-02 13:32:52Z" duration="0.005848" total="1" passed="1" failed="0" inconclusive="0" skipped="0" asserts="6">
        <test-case id="0-1099" name="TestExprIoPos" fullname="Kaitai.SpecExprIoPos.TestExprIoPos" methodname="TestExprIoPos" classname="Kaitai.SpecExprIoPos" runstate="Runnable" seed="100932896" result="Passed" start-time="2020-04-02 13:32:52Z" end-time="2020-04-02 13:32:52Z" duration="0.002564" asserts="6" />
      </test-suite>
      <test-suite type="TestFixture" id="0-1100" name="SpecExprMod" fullname="Kaitai.SpecExprMod" classname="Kaitai.SpecExprMod" runstate="Runnable" testcasecount="1" result="Passed" start-time="2020-04-02 13:32:52Z" end-time="2020-04-02 13:32:52Z" duration="0.007133" total="1" passed="1" failed="0" inconclusive="0" skipped="0" asserts="6">
        <test-case id="0-1101" name="TestExprMod" fullname="Kaitai.SpecExprMod.TestExprMod" methodname="TestExprMod" classname="Kaitai.SpecExprMod" runstate="Runnable" seed="208610939" result="Passed" start-time="2020-04-02 13:32:52Z" end-time="2020-04-02 13:32:52Z" duration="0.003075" asserts="6" />
      </test-suite>
      <test-suite type="TestFixture" id="0-1102" name="SpecExprSizeofType0" fullname="Kaitai.SpecExprSizeofType0" classname="Kaitai.SpecExprSizeofType0" runstate="Runnable" testcasecount="1" result="Passed" start-time="2020-04-02 13:32:52Z" end-time="2020-04-02 13:32:52Z" duration="0.004978" total="1" passed="1" failed="0" inconclusive="0" skipped="0" asserts="1">
        <test-case id="0-1103" name="TestExprSizeofType0" fullname="Kaitai.SpecExprSizeofType0.TestExprSizeofType0" methodname="TestExprSizeofType0" classname="Kaitai.SpecExprSizeofType0" runstate="Runnable" seed="1064803210" result="Passed" start-time="2020-04-02 13:32:52Z" end-time="2020-04-02 13:32:52Z" duration="0.001014" asserts="1" />
      </test-suite>
      <test-suite type="TestFixture" id="0-1104" name="SpecExprSizeofType1" fullname="Kaitai.SpecExprSizeofType1" classname="Kaitai.SpecExprSizeofType1" runstate="Runnable" testcasecount="1" result="Passed" start-time="2020-04-02 13:32:52Z" end-time="2020-04-02 13:32:52Z" duration="0.003922" total="1" passed="1" failed="0" inconclusive="0" skipped="0" asserts="2">
        <test-case id="0-1105" name="TestExprSizeofType1" fullname="Kaitai.SpecExprSizeofType1.TestExprSizeofType1" methodname="TestExprSizeofType1" classname="Kaitai.SpecExprSizeofType1" runstate="Runnable" seed="1422253437" result="Passed" start-time="2020-04-02 13:32:52Z" end-time="2020-04-02 13:32:52Z" duration="0.000924" asserts="2" />
      </test-suite>
      <test-suite type="TestFixture" id="0-1106" name="SpecExprSizeofValue0" fullname="Kaitai.SpecExprSizeofValue0" classname="Kaitai.SpecExprSizeofValue0" runstate="Runnable" testcasecount="1" result="Passed" start-time="2020-04-02 13:32:52Z" end-time="2020-04-02 13:32:52Z" duration="0.006031" total="1" passed="1" failed="0" inconclusive="0" skipped="0" asserts="5">
        <test-case id="0-1107" name="TestExprSizeofValue0" fullname="Kaitai.SpecExprSizeofValue0.TestExprSizeofValue0" methodname="TestExprSizeofValue0" classname="Kaitai.SpecExprSizeofValue0" runstate="Runnable" seed="466700545" result="Passed" start-time="2020-04-02 13:32:52Z" end-time="2020-04-02 13:32:52Z" duration="0.002068" asserts="5" />
      </test-suite>
      <test-suite type="TestFixture" id="0-1108" name="SpecExprSizeofValueSized" fullname="Kaitai.SpecExprSizeofValueSized" classname="Kaitai.SpecExprSizeofValueSized" runstate="Runnable" testcasecount="1" result="Passed" start-time="2020-04-02 13:32:52Z" end-time="2020-04-02 13:32:52Z" duration="0.006017" total="1" passed="1" failed="0" inconclusive="0" skipped="0" asserts="5">
        <test-case id="0-1109" name="TestExprSizeofValueSized" fullname="Kaitai.SpecExprSizeofValueSized.TestExprSizeofValueSized" methodname="TestExprSizeofValueSized" classname="Kaitai.SpecExprSizeofValueSized" runstate="Runnable" seed="1580541016" result="Passed" start-time="2020-04-02 13:32:52Z" end-time="2020-04-02 13:32:52Z" duration="0.002084" asserts="5" />
      </test-suite>
      <test-suite type="TestFixture" id="0-1110" name="SpecExprStrOps" fullname="Kaitai.SpecExprStrOps" classname="Kaitai.SpecExprStrOps" runstate="Runnable" testcasecount="1" result="Passed" start-time="2020-04-02 13:32:52Z" end-time="2020-04-02 13:32:52Z" duration="0.009511" total="1" passed="1" failed="0" inconclusive="0" skipped="0" asserts="17">
        <test-case id="0-1111" name="TestExprStrOps" fullname="Kaitai.SpecExprStrOps.TestExprStrOps" methodname="TestExprStrOps" classname="Kaitai.SpecExprStrOps" runstate="Runnable" seed="1033961324" result="Passed" start-time="2020-04-02 13:32:52Z" end-time="2020-04-02 13:32:52Z" duration="0.005201" asserts="17" />
      </test-suite>
      <test-suite type="TestFixture" id="0-1112" name="SpecFixedContents" fullname="Kaitai.SpecFixedContents" classname="Kaitai.SpecFixedContents" runstate="Runnable" testcasecount="1" result="Passed" start-time="2020-04-02 13:32:52Z" end-time="2020-04-02 13:32:52Z" duration="0.005020" total="1" passed="1" failed="0" inconclusive="0" skipped="0" asserts="0">
        <test-case id="0-1113" name="TestFixedContents" fullname="Kaitai.SpecFixedContents.TestFixedContents" methodname="TestFixedContents" classname="Kaitai.SpecFixedContents" runstate="Runnable" seed="769327197" result="Passed" start-time="2020-04-02 13:32:52Z" end-time="2020-04-02 13:32:52Z" duration="0.001768" asserts="0" />
      </test-suite>
      <test-suite type="TestFixture" id="0-1114" name="SpecFixedStruct" fullname="Kaitai.SpecFixedStruct" classname="Kaitai.SpecFixedStruct" runstate="Runnable" testcasecount="1" result="Passed" start-time="2020-04-02 13:32:53Z" end-time="2020-04-02 13:32:53Z" duration="0.014001" total="1" passed="1" failed="0" inconclusive="0" skipped="0" asserts="20">
        <test-case id="0-1115" name="TestFixedStruct" fullname="Kaitai.SpecFixedStruct.TestFixedStruct" methodname="TestFixedStruct" classname="Kaitai.SpecFixedStruct" runstate="Runnable" seed="1090482435" result="Passed" start-time="2020-04-02 13:32:53Z" end-time="2020-04-02 13:32:53Z" duration="0.010256" asserts="20" />
      </test-suite>
      <test-suite type="TestFixture" id="0-1118" name="SpecFloatingPoints" fullname="Kaitai.SpecFloatingPoints" classname="Kaitai.SpecFloatingPoints" runstate="Runnable" testcasecount="1" result="Passed" start-time="2020-04-02 13:32:53Z" end-time="2020-04-02 13:32:53Z" duration="0.006509" total="1" passed="1" failed="0" inconclusive="0" skipped="0" asserts="8">
        <test-case id="0-1119" name="TestFloatingPoints" fullname="Kaitai.SpecFloatingPoints.TestFloatingPoints" methodname="TestFloatingPoints" classname="Kaitai.SpecFloatingPoints" runstate="Runnable" seed="420653902" result="Passed" start-time="2020-04-02 13:32:53Z" end-time="2020-04-02 13:32:53Z" duration="0.002010" asserts="8" />
      </test-suite>
      <test-suite type="TestFixture" id="0-1116" name="SpecFloatToI" fullname="Kaitai.SpecFloatToI" classname="Kaitai.SpecFloatToI" runstate="Runnable" testcasecount="1" result="Passed" start-time="2020-04-02 13:32:53Z" end-time="2020-04-02 13:32:53Z" duration="0.006017" total="1" passed="1" failed="0" inconclusive="0" skipped="0" asserts="8">
        <test-case id="0-1117" name="TestFloatToI" fullname="Kaitai.SpecFloatToI.TestFloatToI" methodname="TestFloatToI" classname="Kaitai.SpecFloatToI" runstate="Runnable" seed="555463569" result="Passed" start-time="2020-04-02 13:32:53Z" end-time="2020-04-02 13:32:53Z" duration="0.002932" asserts="8" />
      </test-suite>
      <test-suite type="TestFixture" id="0-1120" name="SpecHelloWorld" fullname="Kaitai.SpecHelloWorld" classname="Kaitai.SpecHelloWorld" runstate="Runnable" testcasecount="1" result="Passed" start-time="2020-04-02 13:32:53Z" end-time="2020-04-02 13:32:53Z" duration="0.004018" total="1" passed="1" failed="0" inconclusive="0" skipped="0" asserts="1">
        <test-case id="0-1121" name="TestHelloWorld" fullname="Kaitai.SpecHelloWorld.TestHelloWorld" methodname="TestHelloWorld" classname="Kaitai.SpecHelloWorld" runstate="Runnable" seed="615757073" result="Passed" start-time="2020-04-02 13:32:53Z" end-time="2020-04-02 13:32:53Z" duration="0.000773" asserts="1" />
      </test-suite>
      <test-suite type="TestFixture" id="0-1122" name="SpecIfInstances" fullname="Kaitai.SpecIfInstances" classname="Kaitai.SpecIfInstances" runstate="Runnable" testcasecount="1" result="Passed" start-time="2020-04-02 13:32:53Z" end-time="2020-04-02 13:32:53Z" duration="0.004012" total="1" passed="1" failed="0" inconclusive="0" skipped="0" asserts="1">
        <test-case id="0-1123" name="TestIfInstances" fullname="Kaitai.SpecIfInstances.TestIfInstances" methodname="TestIfInstances" classname="Kaitai.SpecIfInstances" runstate="Runnable" seed="397833245" result="Passed" start-time="2020-04-02 13:32:53Z" end-time="2020-04-02 13:32:53Z" duration="0.000961" asserts="1" />
      </test-suite>
      <test-suite type="TestFixture" id="0-1124" name="SpecIfStruct" fullname="Kaitai.SpecIfStruct" classname="Kaitai.SpecIfStruct" runstate="Runnable" testcasecount="1" result="Passed" start-time="2020-04-02 13:32:53Z" end-time="2020-04-02 13:32:53Z" duration="0.006013" total="1" passed="1" failed="0" inconclusive="0" skipped="0" asserts="7">
        <test-case id="0-1125" name="TestIfStruct" fullname="Kaitai.SpecIfStruct.TestIfStruct" methodname="TestIfStruct" classname="Kaitai.SpecIfStruct" runstate="Runnable" seed="759511898" result="Passed" start-time="2020-04-02 13:32:53Z" end-time="2020-04-02 13:32:53Z" duration="0.002559" asserts="7" />
      </test-suite>
      <test-suite type="TestFixture" id="0-1126" name="SpecIfValues" fullname="Kaitai.SpecIfValues" classname="Kaitai.SpecIfValues" runstate="Runnable" testcasecount="1" result="Passed" start-time="2020-04-02 13:32:53Z" end-time="2020-04-02 13:32:53Z" duration="0.007032" total="1" passed="1" failed="0" inconclusive="0" skipped="0" asserts="6">
        <test-case id="0-1127" name="TestIfValues" fullname="Kaitai.SpecIfValues.TestIfValues" methodname="TestIfValues" classname="Kaitai.SpecIfValues" runstate="Runnable" seed="1646367723" result="Passed" start-time="2020-04-02 13:32:53Z" end-time="2020-04-02 13:32:53Z" duration="0.003876" asserts="6" />
      </test-suite>
      <test-suite type="TestFixture" id="0-1128" name="SpecImports0" fullname="Kaitai.SpecImports0" classname="Kaitai.SpecImports0" runstate="Runnable" testcasecount="1" result="Passed" start-time="2020-04-02 13:32:53Z" end-time="2020-04-02 13:32:53Z" duration="0.005046" total="1" passed="1" failed="0" inconclusive="0" skipped="0" asserts="3">
        <test-case id="0-1129" name="TestImports0" fullname="Kaitai.SpecImports0.TestImports0" methodname="TestImports0" classname="Kaitai.SpecImports0" runstate="Runnable" seed="1016240897" result="Passed" start-time="2020-04-02 13:32:53Z" end-time="2020-04-02 13:32:53Z" duration="0.001495" asserts="3" />
      </test-suite>
      <test-suite type="TestFixture" id="0-1130" name="SpecImportsAbs" fullname="Kaitai.SpecImportsAbs" classname="Kaitai.SpecImportsAbs" runstate="Runnable" testcasecount="1" result="Passed" start-time="2020-04-02 13:32:53Z" end-time="2020-04-02 13:32:53Z" duration="0.008054" total="1" passed="1" failed="0" inconclusive="0" skipped="0" asserts="2">
        <test-case id="0-1131" name="TestImportsAbs" fullname="Kaitai.SpecImportsAbs.TestImportsAbs" methodname="TestImportsAbs" classname="Kaitai.SpecImportsAbs" runstate="Runnable" seed="418759427" result="Passed" start-time="2020-04-02 13:32:53Z" end-time="2020-04-02 13:32:53Z" duration="0.004206" asserts="2" />
      </test-suite>
      <test-suite type="TestFixture" id="0-1132" name="SpecImportsCircularA" fullname="Kaitai.SpecImportsCircularA" classname="Kaitai.SpecImportsCircularA" runstate="Runnable" testcasecount="1" result="Passed" start-time="2020-04-02 13:32:53Z" end-time="2020-04-02 13:32:53Z" duration="0.010014" total="1" passed="1" failed="0" inconclusive="0" skipped="0" asserts="5">
        <test-case id="0-1133" name="TestImportsCircularA" fullname="Kaitai.SpecImportsCircularA.TestImportsCircularA" methodname="TestImportsCircularA" classname="Kaitai.SpecImportsCircularA" runstate="Runnable" seed="1724500837" result="Passed" start-time="2020-04-02 13:32:53Z" end-time="2020-04-02 13:32:53Z" duration="0.002865" asserts="5" />
      </test-suite>
      <test-suite type="TestFixture" id="0-1134" name="SpecIndexSizes" fullname="Kaitai.SpecIndexSizes" classname="Kaitai.SpecIndexSizes" runstate="Runnable" testcasecount="1" result="Passed" start-time="2020-04-02 13:32:53Z" end-time="2020-04-02 13:32:53Z" duration="0.006016" total="1" passed="1" failed="0" inconclusive="0" skipped="0" asserts="7">
        <test-case id="0-1135" name="TestIndexSizes" fullname="Kaitai.SpecIndexSizes.TestIndexSizes" methodname="TestIndexSizes" classname="Kaitai.SpecIndexSizes" runstate="Runnable" seed="182722912" result="Passed" start-time="2020-04-02 13:32:53Z" end-time="2020-04-02 13:32:53Z" duration="0.002140" asserts="7" />
      </test-suite>
      <test-suite type="TestFixture" id="0-1136" name="SpecIndexToParamEos" fullname="Kaitai.SpecIndexToParamEos" classname="Kaitai.SpecIndexToParamEos" runstate="Runnable" testcasecount="1" result="Passed" start-time="2020-04-02 13:32:53Z" end-time="2020-04-02 13:32:53Z" duration="0.007019" total="1" passed="1" failed="0" inconclusive="0" skipped="0" asserts="7">
        <test-case id="0-1137" name="TestIndexToParamEos" fullname="Kaitai.SpecIndexToParamEos.TestIndexToParamEos" methodname="TestIndexToParamEos" classname="Kaitai.SpecIndexToParamEos" runstate="Runnable" seed="1182345319" result="Passed" start-time="2020-04-02 13:32:53Z" end-time="2020-04-02 13:32:53Z" duration="0.003161" asserts="7" />
      </test-suite>
      <test-suite type="TestFixture" id="0-1138" name="SpecIndexToParamExpr" fullname="Kaitai.SpecIndexToParamExpr" classname="Kaitai.SpecIndexToParamExpr" runstate="Runnable" testcasecount="1" result="Passed" start-time="2020-04-02 13:32:53Z" end-time="2020-04-02 13:32:53Z" duration="0.007014" total="1" passed="1" failed="0" inconclusive="0" skipped="0" asserts="7">
        <test-case id="0-1139" name="TestIndexToParamExpr" fullname="Kaitai.SpecIndexToParamExpr.TestIndexToParamExpr" methodname="TestIndexToParamExpr" classname="Kaitai.SpecIndexToParamExpr" runstate="Runnable" seed="595431537" result="Passed" start-time="2020-04-02 13:32:53Z" end-time="2020-04-02 13:32:53Z" duration="0.003010" asserts="7" />
      </test-suite>
      <test-suite type="TestFixture" id="0-1140" name="SpecIndexToParamUntil" fullname="Kaitai.SpecIndexToParamUntil" classname="Kaitai.SpecIndexToParamUntil" runstate="Runnable" testcasecount="1" result="Passed" start-time="2020-04-02 13:32:53Z" end-time="2020-04-02 13:32:53Z" duration="0.006025" total="1" passed="1" failed="0" inconclusive="0" skipped="0" asserts="7">
        <test-case id="0-1141" name="TestIndexToParamUntil" fullname="Kaitai.SpecIndexToParamUntil.TestIndexToParamUntil" methodname="TestIndexToParamUntil" classname="Kaitai.SpecIndexToParamUntil" runstate="Runnable" seed="1004127125" result="Passed" start-time="2020-04-02 13:32:53Z" end-time="2020-04-02 13:32:53Z" duration="0.002888" asserts="7" />
      </test-suite>
      <test-suite type="TestFixture" id="0-1142" name="SpecInstanceIoUser" fullname="Kaitai.SpecInstanceIoUser" classname="Kaitai.SpecInstanceIoUser" runstate="Runnable" testcasecount="1" result="Passed" start-time="2020-04-02 13:32:53Z" end-time="2020-04-02 13:32:53Z" duration="0.007014" total="1" passed="1" failed="0" inconclusive="0" skipped="0" asserts="4">
        <test-case id="0-1143" name="TestInstanceIoUser" fullname="Kaitai.SpecInstanceIoUser.TestInstanceIoUser" methodname="TestInstanceIoUser" classname="Kaitai.SpecInstanceIoUser" runstate="Runnable" seed="573841985" result="Passed" start-time="2020-04-02 13:32:53Z" end-time="2020-04-02 13:32:53Z" duration="0.003753" asserts="4" />
      </test-suite>
      <test-suite type="TestFixture" id="0-1144" name="SpecInstanceStd" fullname="Kaitai.SpecInstanceStd" classname="Kaitai.SpecInstanceStd" runstate="Runnable" testcasecount="1" result="Passed" start-time="2020-04-02 13:32:53Z" end-time="2020-04-02 13:32:53Z" duration="0.005863" total="1" passed="1" failed="0" inconclusive="0" skipped="0" asserts="1">
        <test-case id="0-1145" name="TestInstanceStd" fullname="Kaitai.SpecInstanceStd.TestInstanceStd" methodname="TestInstanceStd" classname="Kaitai.SpecInstanceStd" runstate="Runnable" seed="1151583488" result="Passed" start-time="2020-04-02 13:32:53Z" end-time="2020-04-02 13:32:53Z" duration="0.001352" asserts="1" />
      </test-suite>
      <test-suite type="TestFixture" id="0-1146" name="SpecInstanceStdArray" fullname="Kaitai.SpecInstanceStdArray" classname="Kaitai.SpecInstanceStdArray" runstate="Runnable" testcasecount="1" result="Passed" start-time="2020-04-02 13:32:53Z" end-time="2020-04-02 13:32:53Z" duration="0.005855" total="1" passed="1" failed="0" inconclusive="0" skipped="0" asserts="7">
        <test-case id="0-1147" name="TestInstanceStdArray" fullname="Kaitai.SpecInstanceStdArray.TestInstanceStdArray" methodname="TestInstanceStdArray" classname="Kaitai.SpecInstanceStdArray" runstate="Runnable" seed="1351843243" result="Passed" start-time="2020-04-02 13:32:53Z" end-time="2020-04-02 13:32:53Z" duration="0.002708" asserts="7" />
      </test-suite>
      <test-suite type="TestFixture" id="0-1148" name="SpecInstanceUserArray" fullname="Kaitai.SpecInstanceUserArray" classname="Kaitai.SpecInstanceUserArray" runstate="Runnable" testcasecount="1" result="Passed" start-time="2020-04-02 13:32:53Z" end-time="2020-04-02 13:32:53Z" duration="0.007044" total="1" passed="1" failed="0" inconclusive="0" skipped="0" asserts="10">
        <test-case id="0-1149" name="TestInstanceUserArray" fullname="Kaitai.SpecInstanceUserArray.TestInstanceUserArray" methodname="TestInstanceUserArray" classname="Kaitai.SpecInstanceUserArray" runstate="Runnable" seed="1647398810" result="Passed" start-time="2020-04-02 13:32:53Z" end-time="2020-04-02 13:32:53Z" duration="0.003394" asserts="10" />
      </test-suite>
      <test-suite type="TestFixture" id="0-1150" name="SpecIntegers" fullname="Kaitai.SpecIntegers" classname="Kaitai.SpecIntegers" runstate="Runnable" testcasecount="1" result="Passed" start-time="2020-04-02 13:32:53Z" end-time="2020-04-02 13:32:53Z" duration="0.010953" total="1" passed="1" failed="0" inconclusive="0" skipped="0" asserts="20">
        <test-case id="0-1151" name="TestIntegers" fullname="Kaitai.SpecIntegers.TestIntegers" methodname="TestIntegers" classname="Kaitai.SpecIntegers" runstate="Runnable" seed="2072099413" result="Passed" start-time="2020-04-02 13:32:53Z" end-time="2020-04-02 13:32:53Z" duration="0.007306" asserts="20" />
      </test-suite>
      <test-suite type="TestFixture" id="0-1152" name="SpecIntegersMinMax" fullname="Kaitai.SpecIntegersMinMax" classname="Kaitai.SpecIntegersMinMax" runstate="Runnable" testcasecount="1" result="Passed" start-time="2020-04-02 13:32:53Z" end-time="2020-04-02 13:32:53Z" duration="0.010013" total="1" passed="1" failed="0" inconclusive="0" skipped="0" asserts="28">
        <test-case id="0-1153" name="TestIntegersMinMax" fullname="Kaitai.SpecIntegersMinMax.TestIntegersMinMax" methodname="TestIntegersMinMax" classname="Kaitai.SpecIntegersMinMax" runstate="Runnable" seed="1797118884" result="Passed" start-time="2020-04-02 13:32:53Z" end-time="2020-04-02 13:32:53Z" duration="0.006516" asserts="28" />
      </test-suite>
      <test-suite type="TestFixture" id="0-1154" name="SpecIoLocalVar" fullname="Kaitai.SpecIoLocalVar" classname="Kaitai.SpecIoLocalVar" runstate="Runnable" testcasecount="1" result="Passed" start-time="2020-04-02 13:32:53Z" end-time="2020-04-02 13:32:53Z" duration="0.009080" total="1" passed="1" failed="0" inconclusive="0" skipped="0" asserts="2">
        <test-case id="0-1155" name="TestIoLocalVar" fullname="Kaitai.SpecIoLocalVar.TestIoLocalVar" methodname="TestIoLocalVar" classname="Kaitai.SpecIoLocalVar" runstate="Runnable" seed="530572421" result="Passed" start-time="2020-04-02 13:32:53Z" end-time="2020-04-02 13:32:53Z" duration="0.005951" asserts="2" />
      </test-suite>
      <test-suite type="TestFixture" id="0-1156" name="SpecJsSignedRightShift" fullname="Kaitai.SpecJsSignedRightShift" classname="Kaitai.SpecJsSignedRightShift" runstate="Runnable" testcasecount="1" result="Passed" start-time="2020-04-02 13:32:53Z" end-time="2020-04-02 13:32:53Z" duration="0.004898" total="1" passed="1" failed="0" inconclusive="0" skipped="0" asserts="2">
        <test-case id="0-1157" name="TestJsSignedRightShift" fullname="Kaitai.SpecJsSignedRightShift.TestJsSignedRightShift" methodname="TestJsSignedRightShift" classname="Kaitai.SpecJsSignedRightShift" runstate="Runnable" seed="511584997" result="Passed" start-time="2020-04-02 13:32:53Z" end-time="2020-04-02 13:32:53Z" duration="0.001157" asserts="2" />
      </test-suite>
      <test-suite type="TestFixture" id="0-1158" name="SpecMetaTags" fullname="Kaitai.SpecMetaTags" classname="Kaitai.SpecMetaTags" runstate="Runnable" testcasecount="1" result="Passed" start-time="2020-04-02 13:32:53Z" end-time="2020-04-02 13:32:53Z" duration="0.004008" total="1" passed="1" failed="0" inconclusive="0" skipped="0" asserts="0">
        <test-case id="0-1159" name="TestMetaTags" fullname="Kaitai.SpecMetaTags.TestMetaTags" methodname="TestMetaTags" classname="Kaitai.SpecMetaTags" runstate="Runnable" seed="2113889183" result="Passed" start-time="2020-04-02 13:32:53Z" end-time="2020-04-02 13:32:53Z" duration="0.000607" asserts="0" />
      </test-suite>
      <test-suite type="TestFixture" id="0-1160" name="SpecMetaXref" fullname="Kaitai.SpecMetaXref" classname="Kaitai.SpecMetaXref" runstate="Runnable" testcasecount="1" result="Passed" start-time="2020-04-02 13:32:53Z" end-time="2020-04-02 13:32:53Z" duration="0.004992" total="1" passed="1" failed="0" inconclusive="0" skipped="0" asserts="0">
        <test-case id="0-1161" name="TestMetaXref" fullname="Kaitai.SpecMetaXref.TestMetaXref" methodname="TestMetaXref" classname="Kaitai.SpecMetaXref" runstate="Runnable" seed="1834624818" result="Passed" start-time="2020-04-02 13:32:53Z" end-time="2020-04-02 13:32:53Z" duration="0.001877" asserts="0" />
      </test-suite>
      <test-suite type="TestFixture" id="0-1162" name="SpecMultipleUse" fullname="Kaitai.SpecMultipleUse" classname="Kaitai.SpecMultipleUse" runstate="Runnable" testcasecount="1" result="Passed" start-time="2020-04-02 13:32:53Z" end-time="2020-04-02 13:32:53Z" duration="0.007076" total="1" passed="1" failed="0" inconclusive="0" skipped="0" asserts="2">
        <test-case id="0-1163" name="TestMultipleUse" fullname="Kaitai.SpecMultipleUse.TestMultipleUse" methodname="TestMultipleUse" classname="Kaitai.SpecMultipleUse" runstate="Runnable" seed="297703912" result="Passed" start-time="2020-04-02 13:32:53Z" end-time="2020-04-02 13:32:53Z" duration="0.002957" asserts="2" />
      </test-suite>
      <test-suite type="TestFixture" id="0-1164" name="SpecNavParent" fullname="Kaitai.SpecNavParent" classname="Kaitai.SpecNavParent" runstate="Runnable" testcasecount="1" result="Passed" start-time="2020-04-02 13:32:53Z" end-time="2020-04-02 13:32:53Z" duration="0.006962" total="1" passed="1" failed="0" inconclusive="0" skipped="0" asserts="5">
        <test-case id="0-1165" name="TestNavParent" fullname="Kaitai.SpecNavParent.TestNavParent" methodname="TestNavParent" classname="Kaitai.SpecNavParent" runstate="Runnable" seed="1757323123" result="Passed" start-time="2020-04-02 13:32:53Z" end-time="2020-04-02 13:32:53Z" duration="0.003357" asserts="5" />
      </test-suite>
      <test-suite type="TestFixture" id="0-1166" name="SpecNavParent2" fullname="Kaitai.SpecNavParent2" classname="Kaitai.SpecNavParent2" runstate="Runnable" testcasecount="1" result="Passed" start-time="2020-04-02 13:32:53Z" end-time="2020-04-02 13:32:53Z" duration="0.007024" total="1" passed="1" failed="0" inconclusive="0" skipped="0" asserts="10">
        <test-case id="0-1167" name="TestNavParent2" fullname="Kaitai.SpecNavParent2.TestNavParent2" methodname="TestNavParent2" classname="Kaitai.SpecNavParent2" runstate="Runnable" seed="1620783827" result="Passed" start-time="2020-04-02 13:32:53Z" end-time="2020-04-02 13:32:53Z" duration="0.003262" asserts="10" />
      </test-suite>
      <test-suite type="TestFixture" id="0-1168" name="SpecNavParent3" fullname="Kaitai.SpecNavParent3" classname="Kaitai.SpecNavParent3" runstate="Runnable" testcasecount="1" result="Passed" start-time="2020-04-02 13:32:53Z" end-time="2020-04-02 13:32:53Z" duration="0.010067" total="1" passed="1" failed="0" inconclusive="0" skipped="0" asserts="10">
        <test-case id="0-1169" name="TestNavParent3" fullname="Kaitai.SpecNavParent3.TestNavParent3" methodname="TestNavParent3" classname="Kaitai.SpecNavParent3" runstate="Runnable" seed="594699922" result="Passed" start-time="2020-04-02 13:32:53Z" end-time="2020-04-02 13:32:53Z" duration="0.006375" asserts="10" />
      </test-suite>
      <test-suite type="TestFixture" id="0-1170" name="SpecNavParentFalse" fullname="Kaitai.SpecNavParentFalse" classname="Kaitai.SpecNavParentFalse" runstate="Runnable" testcasecount="1" result="Passed" start-time="2020-04-02 13:32:53Z" end-time="2020-04-02 13:32:53Z" duration="0.006014" total="1" passed="1" failed="0" inconclusive="0" skipped="0" asserts="5">
        <test-case id="0-1171" name="TestNavParentFalse" fullname="Kaitai.SpecNavParentFalse.TestNavParentFalse" methodname="TestNavParentFalse" classname="Kaitai.SpecNavParentFalse" runstate="Runnable" seed="35356590" result="Passed" start-time="2020-04-02 13:32:53Z" end-time="2020-04-02 13:32:53Z" duration="0.002579" asserts="5" />
      </test-suite>
      <test-suite type="TestFixture" id="0-1172" name="SpecNavParentFalse2" fullname="Kaitai.SpecNavParentFalse2" classname="Kaitai.SpecNavParentFalse2" runstate="Runnable" testcasecount="1" result="Passed" start-time="2020-04-02 13:32:53Z" end-time="2020-04-02 13:32:53Z" duration="0.005011" total="1" passed="1" failed="0" inconclusive="0" skipped="0" asserts="1">
        <test-case id="0-1173" name="TestNavParentFalse2" fullname="Kaitai.SpecNavParentFalse2.TestNavParentFalse2" methodname="TestNavParentFalse2" classname="Kaitai.SpecNavParentFalse2" runstate="Runnable" seed="1711697820" result="Passed" start-time="2020-04-02 13:32:53Z" end-time="2020-04-02 13:32:53Z" duration="0.001104" asserts="1" />
      </test-suite>
      <test-suite type="TestFixture" id="0-1174" name="SpecNavParentOverride" fullname="Kaitai.SpecNavParentOverride" classname="Kaitai.SpecNavParentOverride" runstate="Runnable" testcasecount="1" result="Passed" start-time="2020-04-02 13:32:53Z" end-time="2020-04-02 13:32:53Z" duration="0.006074" total="1" passed="1" failed="0" inconclusive="0" skipped="0" asserts="3">
        <test-case id="0-1175" name="TestNavParentOverride" fullname="Kaitai.SpecNavParentOverride.TestNavParentOverride" methodname="TestNavParentOverride" classname="Kaitai.SpecNavParentOverride" runstate="Runnable" seed="2144292440" result="Passed" start-time="2020-04-02 13:32:53Z" end-time="2020-04-02 13:32:53Z" duration="0.001990" asserts="3" />
      </test-suite>
      <test-suite type="TestFixture" id="0-1176" name="SpecNavParentSwitch" fullname="Kaitai.SpecNavParentSwitch" classname="Kaitai.SpecNavParentSwitch" runstate="Runnable" testcasecount="1" result="Passed" start-time="2020-04-02 13:32:53Z" end-time="2020-04-02 13:32:53Z" duration="0.008676" total="1" passed="1" failed="0" inconclusive="0" skipped="0" asserts="3">
        <test-case id="0-1177" name="TestNavParentSwitch" fullname="Kaitai.SpecNavParentSwitch.TestNavParentSwitch" methodname="TestNavParentSwitch" classname="Kaitai.SpecNavParentSwitch" runstate="Runnable" seed="608569316" result="Passed" start-time="2020-04-02 13:32:53Z" end-time="2020-04-02 13:32:53Z" duration="0.003750" asserts="3" />
      </test-suite>
      <test-suite type="TestFixture" id="0-1178" name="SpecNavParentVsValueInst" fullname="Kaitai.SpecNavParentVsValueInst" classname="Kaitai.SpecNavParentVsValueInst" runstate="Runnable" testcasecount="1" result="Passed" start-time="2020-04-02 13:32:53Z" end-time="2020-04-02 13:32:53Z" duration="0.005878" total="1" passed="1" failed="0" inconclusive="0" skipped="0" asserts="1">
        <test-case id="0-1179" name="TestNavParentVsValueInst" fullname="Kaitai.SpecNavParentVsValueInst.TestNavParentVsValueInst" methodname="TestNavParentVsValueInst" classname="Kaitai.SpecNavParentVsValueInst" runstate="Runnable" seed="123034733" result="Passed" start-time="2020-04-02 13:32:53Z" end-time="2020-04-02 13:32:53Z" duration="0.001568" asserts="1" />
      </test-suite>
      <test-suite type="TestFixture" id="0-1180" name="SpecNavRoot" fullname="Kaitai.SpecNavRoot" classname="Kaitai.SpecNavRoot" runstate="Runnable" testcasecount="1" result="Passed" start-time="2020-04-02 13:32:53Z" end-time="2020-04-02 13:32:53Z" duration="0.007018" total="1" passed="1" failed="0" inconclusive="0" skipped="0" asserts="5">
        <test-case id="0-1181" name="TestNavRoot" fullname="Kaitai.SpecNavRoot.TestNavRoot" methodname="TestNavRoot" classname="Kaitai.SpecNavRoot" runstate="Runnable" seed="2054414343" result="Passed" start-time="2020-04-02 13:32:53Z" end-time="2020-04-02 13:32:53Z" duration="0.003700" asserts="5" />
      </test-suite>
      <test-suite type="TestFixture" id="0-1182" name="SpecNestedSameName" fullname="Kaitai.SpecNestedSameName" classname="Kaitai.SpecNestedSameName" runstate="Runnable" testcasecount="1" result="Passed" start-time="2020-04-02 13:32:53Z" end-time="2020-04-02 13:32:53Z" duration="0.006023" total="1" passed="1" failed="0" inconclusive="0" skipped="0" asserts="2">
        <test-case id="0-1183" name="TestNestedSameName" fullname="Kaitai.SpecNestedSameName.TestNestedSameName" methodname="TestNestedSameName" classname="Kaitai.SpecNestedSameName" runstate="Runnable" seed="1638654594" result="Passed" start-time="2020-04-02 13:32:53Z" end-time="2020-04-02 13:32:53Z" duration="0.002208" asserts="2" />
      </test-suite>
      <test-suite type="TestFixture" id="0-1184" name="SpecNestedSameName2" fullname="Kaitai.SpecNestedSameName2" classname="Kaitai.SpecNestedSameName2" runstate="Runnable" testcasecount="1" result="Passed" start-time="2020-04-02 13:32:53Z" end-time="2020-04-02 13:32:53Z" duration="0.007039" total="1" passed="1" failed="0" inconclusive="0" skipped="0" asserts="5">
        <test-case id="0-1185" name="TestNestedSameName2" fullname="Kaitai.SpecNestedSameName2.TestNestedSameName2" methodname="TestNestedSameName2" classname="Kaitai.SpecNestedSameName2" runstate="Runnable" seed="1162515195" result="Passed" start-time="2020-04-02 13:32:53Z" end-time="2020-04-02 13:32:53Z" duration="0.003606" asserts="5" />
      </test-suite>
      <test-suite type="TestFixture" id="0-1186" name="SpecNestedTypes" fullname="Kaitai.SpecNestedTypes" classname="Kaitai.SpecNestedTypes" runstate="Runnable" testcasecount="1" result="Passed" start-time="2020-04-02 13:32:53Z" end-time="2020-04-02 13:32:53Z" duration="0.005023" total="1" passed="1" failed="0" inconclusive="0" skipped="0" asserts="3">
        <test-case id="0-1187" name="TestNestedTypes" fullname="Kaitai.SpecNestedTypes.TestNestedTypes" methodname="TestNestedTypes" classname="Kaitai.SpecNestedTypes" runstate="Runnable" seed="622002104" result="Passed" start-time="2020-04-02 13:32:53Z" end-time="2020-04-02 13:32:53Z" duration="0.001857" asserts="3" />
      </test-suite>
      <test-suite type="TestFixture" id="0-1188" name="SpecNestedTypes2" fullname="Kaitai.SpecNestedTypes2" classname="Kaitai.SpecNestedTypes2" runstate="Runnable" testcasecount="1" result="Passed" start-time="2020-04-02 13:32:53Z" end-time="2020-04-02 13:32:53Z" duration="0.007859" total="1" passed="1" failed="0" inconclusive="0" skipped="0" asserts="7">
        <test-case id="0-1189" name="TestNestedTypes2" fullname="Kaitai.SpecNestedTypes2.TestNestedTypes2" methodname="TestNestedTypes2" classname="Kaitai.SpecNestedTypes2" runstate="Runnable" seed="1492801" result="Passed" start-time="2020-04-02 13:32:53Z" end-time="2020-04-02 13:32:53Z" duration="0.004680" asserts="7" />
      </test-suite>
      <test-suite type="TestFixture" id="0-1190" name="SpecNestedTypes3" fullname="Kaitai.SpecNestedTypes3" classname="Kaitai.SpecNestedTypes3" runstate="Runnable" testcasecount="1" result="Passed" start-time="2020-04-02 13:32:53Z" end-time="2020-04-02 13:32:53Z" duration="0.006781" total="1" passed="1" failed="0" inconclusive="0" skipped="0" asserts="5">
        <test-case id="0-1191" name="TestNestedTypes3" fullname="Kaitai.SpecNestedTypes3.TestNestedTypes3" methodname="TestNestedTypes3" classname="Kaitai.SpecNestedTypes3" runstate="Runnable" seed="1061365204" result="Passed" start-time="2020-04-02 13:32:53Z" end-time="2020-04-02 13:32:53Z" duration="0.002970" asserts="5" />
      </test-suite>
      <test-suite type="TestFixture" id="0-1192" name="SpecNonStandard" fullname="Kaitai.SpecNonStandard" classname="Kaitai.SpecNonStandard" runstate="Runnable" testcasecount="1" result="Passed" start-time="2020-04-02 13:32:53Z" end-time="2020-04-02 13:32:53Z" duration="0.004117" total="1" passed="1" failed="0" inconclusive="0" skipped="0" asserts="1">
        <test-case id="0-1193" name="TestNonStandard" fullname="Kaitai.SpecNonStandard.TestNonStandard" methodname="TestNonStandard" classname="Kaitai.SpecNonStandard" runstate="Runnable" seed="612854665" result="Passed" start-time="2020-04-02 13:32:53Z" end-time="2020-04-02 13:32:53Z" duration="0.000892" asserts="1" />
      </test-suite>
      <test-suite type="TestFixture" id="0-1194" name="SpecOpaqueExternalType" fullname="Kaitai.SpecOpaqueExternalType" classname="Kaitai.SpecOpaqueExternalType" runstate="Runnable" testcasecount="1" result="Passed" start-time="2020-04-02 13:32:53Z" end-time="2020-04-02 13:32:53Z" duration="0.006018" total="1" passed="1" failed="0" inconclusive="0" skipped="0" asserts="3">
        <test-case id="0-1195" name="TestOpaqueExternalType" fullname="Kaitai.SpecOpaqueExternalType.TestOpaqueExternalType" methodname="TestOpaqueExternalType" classname="Kaitai.SpecOpaqueExternalType" runstate="Runnable" seed="2087011061" result="Passed" start-time="2020-04-02 13:32:53Z" end-time="2020-04-02 13:32:53Z" duration="0.002119" asserts="3" />
      </test-suite>
      <test-suite type="TestFixture" id="0-1196" name="SpecOpaqueExternalType02Parent" fullname="Kaitai.SpecOpaqueExternalType02Parent" classname="Kaitai.SpecOpaqueExternalType02Parent" runstate="Runnable" testcasecount="1" result="Passed" start-time="2020-04-02 13:32:53Z" end-time="2020-04-02 13:32:53Z" duration="0.007006" total="1" passed="1" failed="0" inconclusive="0" skipped="0" asserts="3">
        <test-case id="0-1197" name="TestOpaqueExternalType02Parent" fullname="Kaitai.SpecOpaqueExternalType02Parent.TestOpaqueExternalType02Parent" methodname="TestOpaqueExternalType02Parent" classname="Kaitai.SpecOpaqueExternalType02Parent" runstate="Runnable" seed="1767008356" result="Passed" start-time="2020-04-02 13:32:53Z" end-time="2020-04-02 13:32:53Z" duration="0.002472" asserts="3" />
      </test-suite>
      <test-suite type="TestFixture" id="0-1198" name="SpecOpaqueWithParam" fullname="Kaitai.SpecOpaqueWithParam" classname="Kaitai.SpecOpaqueWithParam" runstate="Runnable" testcasecount="1" result="Passed" start-time="2020-04-02 13:32:53Z" end-time="2020-04-02 13:32:53Z" duration="0.005006" total="1" passed="1" failed="0" inconclusive="0" skipped="0" asserts="2">
        <test-case id="0-1199" name="TestOpaqueWithParam" fullname="Kaitai.SpecOpaqueWithParam.TestOpaqueWithParam" methodname="TestOpaqueWithParam" classname="Kaitai.SpecOpaqueWithParam" runstate="Runnable" seed="1659308161" result="Passed" start-time="2020-04-02 13:32:53Z" end-time="2020-04-02 13:32:53Z" duration="0.001645" asserts="2" />
      </test-suite>
      <test-suite type="TestFixture" id="0-1200" name="SpecOptionalId" fullname="Kaitai.SpecOptionalId" classname="Kaitai.SpecOptionalId" runstate="Runnable" testcasecount="1" result="Passed" start-time="2020-04-02 13:32:53Z" end-time="2020-04-02 13:32:53Z" duration="0.004928" total="1" passed="1" failed="0" inconclusive="0" skipped="0" asserts="3">
        <test-case id="0-1201" name="TestOptionalId" fullname="Kaitai.SpecOptionalId.TestOptionalId" methodname="TestOptionalId" classname="Kaitai.SpecOptionalId" runstate="Runnable" seed="210922431" result="Passed" start-time="2020-04-02 13:32:53Z" end-time="2020-04-02 13:32:53Z" duration="0.001468" asserts="3" />
      </test-suite>
      <test-suite type="TestFixture" id="0-1202" name="SpecParamsCallExtraParens" fullname="Kaitai.SpecParamsCallExtraParens" classname="Kaitai.SpecParamsCallExtraParens" runstate="Runnable" testcasecount="1" result="Passed" start-time="2020-04-02 13:32:53Z" end-time="2020-04-02 13:32:53Z" duration="0.005006" total="1" passed="1" failed="0" inconclusive="0" skipped="0" asserts="1">
        <test-case id="0-1203" name="TestParamsCallExtraParens" fullname="Kaitai.SpecParamsCallExtraParens.TestParamsCallExtraParens" methodname="TestParamsCallExtraParens" classname="Kaitai.SpecParamsCallExtraParens" runstate="Runnable" seed="147273630" result="Passed" start-time="2020-04-02 13:32:53Z" end-time="2020-04-02 13:32:53Z" duration="0.001739" asserts="1" />
      </test-suite>
      <test-suite type="TestFixture" id="0-1204" name="SpecParamsCallShort" fullname="Kaitai.SpecParamsCallShort" classname="Kaitai.SpecParamsCallShort" runstate="Runnable" testcasecount="1" result="Passed" start-time="2020-04-02 13:32:53Z" end-time="2020-04-02 13:32:53Z" duration="0.006995" total="1" passed="1" failed="0" inconclusive="0" skipped="0" asserts="3">
        <test-case id="0-1205" name="TestParamsCallShort" fullname="Kaitai.SpecParamsCallShort.TestParamsCallShort" methodname="TestParamsCallShort" classname="Kaitai.SpecParamsCallShort" runstate="Runnable" seed="1118419539" result="Passed" start-time="2020-04-02 13:32:53Z" end-time="2020-04-02 13:32:53Z" duration="0.003076" asserts="3" />
      </test-suite>
      <test-suite type="TestFixture" id="0-1206" name="SpecParamsDef" fullname="Kaitai.SpecParamsDef" classname="Kaitai.SpecParamsDef" runstate="Runnable" testcasecount="1" result="Passed" start-time="2020-04-02 13:32:53Z" end-time="2020-04-02 13:32:53Z" duration="0.004008" total="1" passed="1" failed="0" inconclusive="0" skipped="0" asserts="2">
        <test-case id="0-1207" name="TestParamsDef" fullname="Kaitai.SpecParamsDef.TestParamsDef" methodname="TestParamsDef" classname="Kaitai.SpecParamsDef" runstate="Runnable" seed="287435601" result="Passed" start-time="2020-04-02 13:32:53Z" end-time="2020-04-02 13:32:53Z" duration="0.000575" asserts="2" />
      </test-suite>
      <test-suite type="TestFixture" id="0-1208" name="SpecParamsEnum" fullname="Kaitai.SpecParamsEnum" classname="Kaitai.SpecParamsEnum" runstate="Runnable" testcasecount="1" result="Passed" start-time="2020-04-02 13:32:53Z" end-time="2020-04-02 13:32:53Z" duration="0.006017" total="1" passed="1" failed="0" inconclusive="0" skipped="0" asserts="2">
        <test-case id="0-1209" name="TestParamsEnum" fullname="Kaitai.SpecParamsEnum.TestParamsEnum" methodname="TestParamsEnum" classname="Kaitai.SpecParamsEnum" runstate="Runnable" seed="1737716974" result="Passed" start-time="2020-04-02 13:32:53Z" end-time="2020-04-02 13:32:53Z" duration="0.002307" asserts="2" />
      </test-suite>
      <test-suite type="TestFixture" id="0-1210" name="SpecParamsPassUsertype" fullname="Kaitai.SpecParamsPassUsertype" classname="Kaitai.SpecParamsPassUsertype" runstate="Runnable" testcasecount="1" result="Passed" start-time="2020-04-02 13:32:53Z" end-time="2020-04-02 13:32:53Z" duration="0.005002" total="1" passed="1" failed="0" inconclusive="0" skipped="0" asserts="2">
        <test-case id="0-1211" name="TestParamsPassUsertype" fullname="Kaitai.SpecParamsPassUsertype.TestParamsPassUsertype" methodname="TestParamsPassUsertype" classname="Kaitai.SpecParamsPassUsertype" runstate="Runnable" seed="963109831" result="Passed" start-time="2020-04-02 13:32:53Z" end-time="2020-04-02 13:32:53Z" duration="0.001498" asserts="2" />
      </test-suite>
      <test-suite type="TestFixture" id="0-1212" name="SpecPositionAbs" fullname="Kaitai.SpecPositionAbs" classname="Kaitai.SpecPositionAbs" runstate="Runnable" testcasecount="1" result="Passed" start-time="2020-04-02 13:32:53Z" end-time="2020-04-02 13:32:53Z" duration="0.005025" total="1" passed="1" failed="0" inconclusive="0" skipped="0" asserts="2">
        <test-case id="0-1213" name="TestPositionAbs" fullname="Kaitai.SpecPositionAbs.TestPositionAbs" methodname="TestPositionAbs" classname="Kaitai.SpecPositionAbs" runstate="Runnable" seed="1963580420" result="Passed" start-time="2020-04-02 13:32:53Z" end-time="2020-04-02 13:32:53Z" duration="0.001209" asserts="2" />
      </test-suite>
      <test-suite type="TestFixture" id="0-1214" name="SpecPositionInSeq" fullname="Kaitai.SpecPositionInSeq" classname="Kaitai.SpecPositionInSeq" runstate="Runnable" testcasecount="1" result="Passed" start-time="2020-04-02 13:32:53Z" end-time="2020-04-02 13:32:53Z" duration="0.006167" total="1" passed="1" failed="0" inconclusive="0" skipped="0" asserts="1">
        <test-case id="0-1215" name="TestPositionInSeq" fullname="Kaitai.SpecPositionInSeq.TestPositionInSeq" methodname="TestPositionInSeq" classname="Kaitai.SpecPositionInSeq" runstate="Runnable" seed="1845444415" result="Passed" start-time="2020-04-02 13:32:53Z" end-time="2020-04-02 13:32:53Z" duration="0.002682" asserts="1" />
      </test-suite>
      <test-suite type="TestFixture" id="0-1216" name="SpecPositionToEnd" fullname="Kaitai.SpecPositionToEnd" classname="Kaitai.SpecPositionToEnd" runstate="Runnable" testcasecount="1" result="Passed" start-time="2020-04-02 13:32:53Z" end-time="2020-04-02 13:32:53Z" duration="0.008015" total="1" passed="1" failed="0" inconclusive="0" skipped="0" asserts="2">
        <test-case id="0-1217" name="TestPositionToEnd" fullname="Kaitai.SpecPositionToEnd.TestPositionToEnd" methodname="TestPositionToEnd" classname="Kaitai.SpecPositionToEnd" runstate="Runnable" seed="746829443" result="Passed" start-time="2020-04-02 13:32:53Z" end-time="2020-04-02 13:32:53Z" duration="0.003767" asserts="2" />
      </test-suite>
      <test-suite type="TestFixture" id="0-1218" name="SpecProcessCoerceBytes" fullname="Kaitai.SpecProcessCoerceBytes" classname="Kaitai.SpecProcessCoerceBytes" runstate="Runnable" testcasecount="1" result="Passed" start-time="2020-04-02 13:32:53Z" end-time="2020-04-02 13:32:53Z" duration="0.009015" total="1" passed="1" failed="0" inconclusive="0" skipped="0" asserts="4">
        <test-case id="0-1219" name="TestProcessCoerceBytes" fullname="Kaitai.SpecProcessCoerceBytes.TestProcessCoerceBytes" methodname="TestProcessCoerceBytes" classname="Kaitai.SpecProcessCoerceBytes" runstate="Runnable" seed="42578940" result="Passed" start-time="2020-04-02 13:32:53Z" end-time="2020-04-02 13:32:53Z" duration="0.005303" asserts="4" />
      </test-suite>
      <test-suite type="TestFixture" id="0-1220" name="SpecProcessCoerceSwitch" fullname="Kaitai.SpecProcessCoerceSwitch" classname="Kaitai.SpecProcessCoerceSwitch" runstate="Runnable" testcasecount="1" result="Passed" start-time="2020-04-02 13:32:53Z" end-time="2020-04-02 13:32:53Z" duration="0.006101" total="1" passed="1" failed="0" inconclusive="0" skipped="0" asserts="3">
        <test-case id="0-1221" name="TestProcessCoerceSwitch" fullname="Kaitai.SpecProcessCoerceSwitch.TestProcessCoerceSwitch" methodname="TestProcessCoerceSwitch" classname="Kaitai.SpecProcessCoerceSwitch" runstate="Runnable" seed="1837989303" result="Passed" start-time="2020-04-02 13:32:53Z" end-time="2020-04-02 13:32:53Z" duration="0.002119" asserts="3" />
      </test-suite>
      <test-suite type="TestFixture" id="0-1222" name="SpecProcessCoerceUsertype1" fullname="Kaitai.SpecProcessCoerceUsertype1" classname="Kaitai.SpecProcessCoerceUsertype1" runstate="Runnable" testcasecount="1" result="Passed" start-time="2020-04-02 13:32:53Z" end-time="2020-04-02 13:32:53Z" duration="0.006902" total="1" passed="1" failed="0" inconclusive="0" skipped="0" asserts="4">
        <test-case id="0-1223" name="TestProcessCoerceUsertype1" fullname="Kaitai.SpecProcessCoerceUsertype1.TestProcessCoerceUsertype1" methodname="TestProcessCoerceUsertype1" classname="Kaitai.SpecProcessCoerceUsertype1" runstate="Runnable" seed="1529883263" result="Passed" start-time="2020-04-02 13:32:53Z" end-time="2020-04-02 13:32:53Z" duration="0.003222" asserts="4" />
      </test-suite>
      <test-suite type="TestFixture" id="0-1224" name="SpecProcessCoerceUsertype2" fullname="Kaitai.SpecProcessCoerceUsertype2" classname="Kaitai.SpecProcessCoerceUsertype2" runstate="Runnable" testcasecount="1" result="Passed" start-time="2020-04-02 13:32:53Z" end-time="2020-04-02 13:32:53Z" duration="0.006072" total="1" passed="1" failed="0" inconclusive="0" skipped="0" asserts="4">
        <test-case id="0-1225" name="TestProcessCoerceUsertype2" fullname="Kaitai.SpecProcessCoerceUsertype2.TestProcessCoerceUsertype2" methodname="TestProcessCoerceUsertype2" classname="Kaitai.SpecProcessCoerceUsertype2" runstate="Runnable" seed="1852850233" result="Passed" start-time="2020-04-02 13:32:53Z" end-time="2020-04-02 13:32:53Z" duration="0.002945" asserts="4" />
      </test-suite>
      <test-suite type="TestFixture" id="0-1226" name="SpecProcessCustom" fullname="Kaitai.SpecProcessCustom" classname="Kaitai.SpecProcessCustom" runstate="Runnable" testcasecount="1" result="Passed" start-time="2020-04-02 13:32:53Z" end-time="2020-04-02 13:32:53Z" duration="0.008975" total="1" passed="1" failed="0" inconclusive="0" skipped="0" asserts="3">
        <test-case id="0-1227" name="TestProcessCustom" fullname="Kaitai.SpecProcessCustom.TestProcessCustom" methodname="TestProcessCustom" classname="Kaitai.SpecProcessCustom" runstate="Runnable" seed="280844888" result="Passed" start-time="2020-04-02 13:32:53Z" end-time="2020-04-02 13:32:53Z" duration="0.004184" asserts="3" />
      </test-suite>
      <test-suite type="TestFixture" id="0-1228" name="SpecProcessCustomNoArgs" fullname="Kaitai.SpecProcessCustomNoArgs" classname="Kaitai.SpecProcessCustomNoArgs" runstate="Runnable" testcasecount="1" result="Passed" start-time="2020-04-02 13:32:53Z" end-time="2020-04-02 13:32:53Z" duration="0.005019" total="1" passed="1" failed="0" inconclusive="0" skipped="0" asserts="1">
        <test-case id="0-1229" name="TestProcessCustomNoArgs" fullname="Kaitai.SpecProcessCustomNoArgs.TestProcessCustomNoArgs" methodname="TestProcessCustomNoArgs" classname="Kaitai.SpecProcessCustomNoArgs" runstate="Runnable" seed="798956062" result="Passed" start-time="2020-04-02 13:32:53Z" end-time="2020-04-02 13:32:53Z" duration="0.001071" asserts="1" />
      </test-suite>
      <test-suite type="TestFixture" id="0-1230" name="SpecProcessRepeatBytes" fullname="Kaitai.SpecProcessRepeatBytes" classname="Kaitai.SpecProcessRepeatBytes" runstate="Runnable" testcasecount="1" result="Passed" start-time="2020-04-02 13:32:53Z" end-time="2020-04-02 13:32:53Z" duration="0.005009" total="1" passed="1" failed="0" inconclusive="0" skipped="0" asserts="2">
        <test-case id="0-1231" name="TestProcessRepeatBytes" fullname="Kaitai.SpecProcessRepeatBytes.TestProcessRepeatBytes" methodname="TestProcessRepeatBytes" classname="Kaitai.SpecProcessRepeatBytes" runstate="Runnable" seed="1870364666" result="Passed" start-time="2020-04-02 13:32:53Z" end-time="2020-04-02 13:32:53Z" duration="0.001488" asserts="2" />
      </test-suite>
      <test-suite type="TestFixture" id="0-1232" name="SpecProcessRepeatUsertype" fullname="Kaitai.SpecProcessRepeatUsertype" classname="Kaitai.SpecProcessRepeatUsertype" runstate="Runnable" testcasecount="1" result="Passed" start-time="2020-04-02 13:32:53Z" end-time="2020-04-02 13:32:53Z" duration="0.005027" total="1" passed="1" failed="0" inconclusive="0" skipped="0" asserts="4">
        <test-case id="0-1233" name="TestProcessRepeatUsertype" fullname="Kaitai.SpecProcessRepeatUsertype.TestProcessRepeatUsertype" methodname="TestProcessRepeatUsertype" classname="Kaitai.SpecProcessRepeatUsertype" runstate="Runnable" seed="418262114" result="Passed" start-time="2020-04-02 13:32:53Z" end-time="2020-04-02 13:32:53Z" duration="0.001954" asserts="4" />
      </test-suite>
      <test-suite type="TestFixture" id="0-1234" name="SpecProcessRotate" fullname="Kaitai.SpecProcessRotate" classname="Kaitai.SpecProcessRotate" runstate="Runnable" testcasecount="1" result="Passed" start-time="2020-04-02 13:32:53Z" end-time="2020-04-02 13:32:53Z" duration="0.006010" total="1" passed="1" failed="0" inconclusive="0" skipped="0" asserts="3">
        <test-case id="0-1235" name="TestProcessRotate" fullname="Kaitai.SpecProcessRotate.TestProcessRotate" methodname="TestProcessRotate" classname="Kaitai.SpecProcessRotate" runstate="Runnable" seed="1237840329" result="Passed" start-time="2020-04-02 13:32:53Z" end-time="2020-04-02 13:32:53Z" duration="0.002357" asserts="3" />
      </test-suite>
      <test-suite type="TestFixture" id="0-1236" name="SpecProcessToUser" fullname="Kaitai.SpecProcessToUser" classname="Kaitai.SpecProcessToUser" runstate="Runnable" testcasecount="1" result="Passed" start-time="2020-04-02 13:32:53Z" end-time="2020-04-02 13:32:53Z" duration="0.005008" total="1" passed="1" failed="0" inconclusive="0" skipped="0" asserts="1">
        <test-case id="0-1237" name="TestProcessToUser" fullname="Kaitai.SpecProcessToUser.TestProcessToUser" methodname="TestProcessToUser" classname="Kaitai.SpecProcessToUser" runstate="Runnable" seed="2121477916" result="Passed" start-time="2020-04-02 13:32:53Z" end-time="2020-04-02 13:32:53Z" duration="0.001521" asserts="1" />
      </test-suite>
      <test-suite type="TestFixture" id="0-1238" name="SpecProcessXor4Const" fullname="Kaitai.SpecProcessXor4Const" classname="Kaitai.SpecProcessXor4Const" runstate="Runnable" testcasecount="1" result="Passed" start-time="2020-04-02 13:32:53Z" end-time="2020-04-02 13:32:53Z" duration="0.004996" total="1" passed="1" failed="0" inconclusive="0" skipped="0" asserts="2">
        <test-case id="0-1239" name="TestProcessXor4Const" fullname="Kaitai.SpecProcessXor4Const.TestProcessXor4Const" methodname="TestProcessXor4Const" classname="Kaitai.SpecProcessXor4Const" runstate="Runnable" seed="750932181" result="Passed" start-time="2020-04-02 13:32:53Z" end-time="2020-04-02 13:32:53Z" duration="0.001596" asserts="2" />
      </test-suite>
      <test-suite type="TestFixture" id="0-1240" name="SpecProcessXor4Value" fullname="Kaitai.SpecProcessXor4Value" classname="Kaitai.SpecProcessXor4Value" runstate="Runnable" testcasecount="1" result="Passed" start-time="2020-04-02 13:32:53Z" end-time="2020-04-02 13:32:53Z" duration="0.005067" total="1" passed="1" failed="0" inconclusive="0" skipped="0" asserts="2">
        <test-case id="0-1241" name="TestProcessXor4Value" fullname="Kaitai.SpecProcessXor4Value.TestProcessXor4Value" methodname="TestProcessXor4Value" classname="Kaitai.SpecProcessXor4Value" runstate="Runnable" seed="1709249214" result="Passed" start-time="2020-04-02 13:32:53Z" end-time="2020-04-02 13:32:53Z" duration="0.001492" asserts="2" />
      </test-suite>
      <test-suite type="TestFixture" id="0-1242" name="SpecProcessXorConst" fullname="Kaitai.SpecProcessXorConst" classname="Kaitai.SpecProcessXorConst" runstate="Runnable" testcasecount="1" result="Passed" start-time="2020-04-02 13:32:53Z" end-time="2020-04-02 13:32:53Z" duration="0.005005" total="1" passed="1" failed="0" inconclusive="0" skipped="0" asserts="2">
        <test-case id="0-1243" name="TestProcessXorConst" fullname="Kaitai.SpecProcessXorConst.TestProcessXorConst" methodname="TestProcessXorConst" classname="Kaitai.SpecProcessXorConst" runstate="Runnable" seed="1464467197" result="Passed" start-time="2020-04-02 13:32:53Z" end-time="2020-04-02 13:32:53Z" duration="0.001538" asserts="2" />
      </test-suite>
      <test-suite type="TestFixture" id="0-1244" name="SpecProcessXorValue" fullname="Kaitai.SpecProcessXorValue" classname="Kaitai.SpecProcessXorValue" runstate="Runnable" testcasecount="1" result="Passed" start-time="2020-04-02 13:32:53Z" end-time="2020-04-02 13:32:53Z" duration="0.004918" total="1" passed="1" failed="0" inconclusive="0" skipped="0" asserts="2">
        <test-case id="0-1245" name="TestProcessXorValue" fullname="Kaitai.SpecProcessXorValue.TestProcessXorValue" methodname="TestProcessXorValue" classname="Kaitai.SpecProcessXorValue" runstate="Runnable" seed="1051396198" result="Passed" start-time="2020-04-02 13:32:53Z" end-time="2020-04-02 13:32:53Z" duration="0.001315" asserts="2" />
      </test-suite>
      <test-suite type="TestFixture" id="0-1246" name="SpecRecursiveOne" fullname="Kaitai.SpecRecursiveOne" classname="Kaitai.SpecRecursiveOne" runstate="Runnable" testcasecount="1" result="Passed" start-time="2020-04-02 13:32:53Z" end-time="2020-04-02 13:32:53Z" duration="0.005137" total="1" passed="1" failed="0" inconclusive="0" skipped="0" asserts="4">
        <test-case id="0-1247" name="TestRecursiveOne" fullname="Kaitai.SpecRecursiveOne.TestRecursiveOne" methodname="TestRecursiveOne" classname="Kaitai.SpecRecursiveOne" runstate="Runnable" seed="1057765689" result="Passed" start-time="2020-04-02 13:32:53Z" end-time="2020-04-02 13:32:53Z" duration="0.001944" asserts="4" />
      </test-suite>
      <test-suite type="TestFixture" id="0-1248" name="SpecRepeatEosBit" fullname="Kaitai.SpecRepeatEosBit" classname="Kaitai.SpecRepeatEosBit" runstate="Runnable" testcasecount="1" result="Passed" start-time="2020-04-02 13:32:53Z" end-time="2020-04-02 13:32:53Z" duration="0.005016" total="1" passed="1" failed="0" inconclusive="0" skipped="0" asserts="1">
        <test-case id="0-1249" name="TestRepeatEosBit" fullname="Kaitai.SpecRepeatEosBit.TestRepeatEosBit" methodname="TestRepeatEosBit" classname="Kaitai.SpecRepeatEosBit" runstate="Runnable" seed="1829030934" result="Passed" start-time="2020-04-02 13:32:53Z" end-time="2020-04-02 13:32:53Z" duration="0.000933" asserts="1" />
      </test-suite>
      <test-suite type="TestFixture" id="0-1250" name="SpecRepeatEosStruct" fullname="Kaitai.SpecRepeatEosStruct" classname="Kaitai.SpecRepeatEosStruct" runstate="Runnable" testcasecount="1" result="Passed" start-time="2020-04-02 13:32:53Z" end-time="2020-04-02 13:32:53Z" duration="0.008024" total="1" passed="1" failed="0" inconclusive="0" skipped="0" asserts="5">
        <test-case id="0-1251" name="TestRepeatEosStruct" fullname="Kaitai.SpecRepeatEosStruct.TestRepeatEosStruct" methodname="TestRepeatEosStruct" classname="Kaitai.SpecRepeatEosStruct" runstate="Runnable" seed="1444706532" result="Passed" start-time="2020-04-02 13:32:53Z" end-time="2020-04-02 13:32:53Z" duration="0.004128" asserts="5" />
      </test-suite>
      <test-suite type="TestFixture" id="0-1252" name="SpecRepeatEosU4" fullname="Kaitai.SpecRepeatEosU4" classname="Kaitai.SpecRepeatEosU4" runstate="Runnable" testcasecount="1" result="Passed" start-time="2020-04-02 13:32:53Z" end-time="2020-04-02 13:32:53Z" duration="0.005014" total="1" passed="1" failed="0" inconclusive="0" skipped="0" asserts="1">
        <test-case id="0-1253" name="TestRepeatEosU4" fullname="Kaitai.SpecRepeatEosU4.TestRepeatEosU4" methodname="TestRepeatEosU4" classname="Kaitai.SpecRepeatEosU4" runstate="Runnable" seed="1116399586" result="Passed" start-time="2020-04-02 13:32:53Z" end-time="2020-04-02 13:32:53Z" duration="0.001020" asserts="1" />
      </test-suite>
      <test-suite type="TestFixture" id="0-1254" name="SpecRepeatNStruct" fullname="Kaitai.SpecRepeatNStruct" classname="Kaitai.SpecRepeatNStruct" runstate="Runnable" testcasecount="1" result="Passed" start-time="2020-04-02 13:32:53Z" end-time="2020-04-02 13:32:53Z" duration="0.006064" total="1" passed="1" failed="0" inconclusive="0" skipped="0" asserts="5">
        <test-case id="0-1255" name="TestRepeatNStruct" fullname="Kaitai.SpecRepeatNStruct.TestRepeatNStruct" methodname="TestRepeatNStruct" classname="Kaitai.SpecRepeatNStruct" runstate="Runnable" seed="1492783594" result="Passed" start-time="2020-04-02 13:32:53Z" end-time="2020-04-02 13:32:53Z" duration="0.002467" asserts="5" />
      </test-suite>
      <test-suite type="TestFixture" id="0-1256" name="SpecRepeatNStrz" fullname="Kaitai.SpecRepeatNStrz" classname="Kaitai.SpecRepeatNStrz" runstate="Runnable" testcasecount="1" result="Passed" start-time="2020-04-02 13:32:53Z" end-time="2020-04-02 13:32:53Z" duration="0.005147" total="1" passed="1" failed="0" inconclusive="0" skipped="0" asserts="2">
        <test-case id="0-1257" name="TestRepeatNStrz" fullname="Kaitai.SpecRepeatNStrz.TestRepeatNStrz" methodname="TestRepeatNStrz" classname="Kaitai.SpecRepeatNStrz" runstate="Runnable" seed="1398463157" result="Passed" start-time="2020-04-02 13:32:53Z" end-time="2020-04-02 13:32:53Z" duration="0.001578" asserts="2" />
      </test-suite>
      <test-suite type="TestFixture" id="0-1258" name="SpecRepeatNStrzDouble" fullname="Kaitai.SpecRepeatNStrzDouble" classname="Kaitai.SpecRepeatNStrzDouble" runstate="Runnable" testcasecount="1" result="Passed" start-time="2020-04-02 13:32:53Z" end-time="2020-04-02 13:32:53Z" duration="0.005958" total="1" passed="1" failed="0" inconclusive="0" skipped="0" asserts="3">
        <test-case id="0-1259" name="TestRepeatNStrzDouble" fullname="Kaitai.SpecRepeatNStrzDouble.TestRepeatNStrzDouble" methodname="TestRepeatNStrzDouble" classname="Kaitai.SpecRepeatNStrzDouble" runstate="Runnable" seed="250338282" result="Passed" start-time="2020-04-02 13:32:53Z" end-time="2020-04-02 13:32:53Z" duration="0.001976" asserts="3" />
      </test-suite>
      <test-suite type="TestFixture" id="0-1260" name="SpecRepeatUntilComplex" fullname="Kaitai.SpecRepeatUntilComplex" classname="Kaitai.SpecRepeatUntilComplex" runstate="Runnable" testcasecount="1" result="Passed" start-time="2020-04-02 13:32:53Z" end-time="2020-04-02 13:32:53Z" duration="0.009016" total="1" passed="1" failed="0" inconclusive="0" skipped="0" asserts="15">
        <test-case id="0-1261" name="TestRepeatUntilComplex" fullname="Kaitai.SpecRepeatUntilComplex.TestRepeatUntilComplex" methodname="TestRepeatUntilComplex" classname="Kaitai.SpecRepeatUntilComplex" runstate="Runnable" seed="879410044" result="Passed" start-time="2020-04-02 13:32:53Z" end-time="2020-04-02 13:32:53Z" duration="0.005044" asserts="15" />
      </test-suite>
      <test-suite type="TestFixture" id="0-1262" name="SpecRepeatUntilS4" fullname="Kaitai.SpecRepeatUntilS4" classname="Kaitai.SpecRepeatUntilS4" runstate="Runnable" testcasecount="1" result="Passed" start-time="2020-04-02 13:32:53Z" end-time="2020-04-02 13:32:53Z" duration="0.005012" total="1" passed="1" failed="0" inconclusive="0" skipped="0" asserts="2">
        <test-case id="0-1263" name="TestRepeatUntilS4" fullname="Kaitai.SpecRepeatUntilS4.TestRepeatUntilS4" methodname="TestRepeatUntilS4" classname="Kaitai.SpecRepeatUntilS4" runstate="Runnable" seed="1306395870" result="Passed" start-time="2020-04-02 13:32:53Z" end-time="2020-04-02 13:32:53Z" duration="0.001512" asserts="2" />
      </test-suite>
      <test-suite type="TestFixture" id="0-1264" name="SpecRepeatUntilSized" fullname="Kaitai.SpecRepeatUntilSized" classname="Kaitai.SpecRepeatUntilSized" runstate="Runnable" testcasecount="1" result="Passed" start-time="2020-04-02 13:32:53Z" end-time="2020-04-02 13:32:53Z" duration="0.006014" total="1" passed="1" failed="0" inconclusive="0" skipped="0" asserts="7">
        <test-case id="0-1265" name="TestRepeatUntilSized" fullname="Kaitai.SpecRepeatUntilSized.TestRepeatUntilSized" methodname="TestRepeatUntilSized" classname="Kaitai.SpecRepeatUntilSized" runstate="Runnable" seed="668353949" result="Passed" start-time="2020-04-02 13:32:53Z" end-time="2020-04-02 13:32:53Z" duration="0.002660" asserts="7" />
      </test-suite>
      <test-suite type="TestFixture" id="0-1266" name="SpecStrCombine" fullname="Kaitai.SpecStrCombine" classname="Kaitai.SpecStrCombine" runstate="Runnable" testcasecount="1" result="Passed" start-time="2020-04-02 13:32:53Z" end-time="2020-04-02 13:32:53Z" duration="0.008059" total="1" passed="1" failed="0" inconclusive="0" skipped="0" asserts="15">
        <test-case id="0-1267" name="TestStrCombine" fullname="Kaitai.SpecStrCombine.TestStrCombine" methodname="TestStrCombine" classname="Kaitai.SpecStrCombine" runstate="Runnable" seed="454005975" result="Passed" start-time="2020-04-02 13:32:53Z" end-time="2020-04-02 13:32:53Z" duration="0.004278" asserts="15" />
      </test-suite>
      <test-suite type="TestFixture" id="0-1268" name="SpecStrEncodings" fullname="Kaitai.SpecStrEncodings" classname="Kaitai.SpecStrEncodings" runstate="Runnable" testcasecount="1" result="Passed" start-time="2020-04-02 13:32:53Z" end-time="2020-04-02 13:32:53Z" duration="0.007024" total="1" passed="1" failed="0" inconclusive="0" skipped="0" asserts="4">
        <test-case id="0-1269" name="TestStrEncodings" fullname="Kaitai.SpecStrEncodings.TestStrEncodings" methodname="TestStrEncodings" classname="Kaitai.SpecStrEncodings" runstate="Runnable" seed="750905821" result="Passed" start-time="2020-04-02 13:32:53Z" end-time="2020-04-02 13:32:53Z" duration="0.003069" asserts="4" />
      </test-suite>
      <test-suite type="TestFixture" id="0-1270" name="SpecStrEncodingsDefault" fullname="Kaitai.SpecStrEncodingsDefault" classname="Kaitai.SpecStrEncodingsDefault" runstate="Runnable" testcasecount="1" result="Passed" start-time="2020-04-02 13:32:53Z" end-time="2020-04-02 13:32:53Z" duration="0.006599" total="1" passed="1" failed="0" inconclusive="0" skipped="0" asserts="4">
        <test-case id="0-1271" name="TestStrEncodingsDefault" fullname="Kaitai.SpecStrEncodingsDefault.TestStrEncodingsDefault" methodname="TestStrEncodingsDefault" classname="Kaitai.SpecStrEncodingsDefault" runstate="Runnable" seed="1837156709" result="Passed" start-time="2020-04-02 13:32:53Z" end-time="2020-04-02 13:32:53Z" duration="0.002894" asserts="4" />
      </test-suite>
      <test-suite type="TestFixture" id="0-1272" name="SpecStrEos" fullname="Kaitai.SpecStrEos" classname="Kaitai.SpecStrEos" runstate="Runnable" testcasecount="1" result="Passed" start-time="2020-04-02 13:32:53Z" end-time="2020-04-02 13:32:53Z" duration="0.005022" total="1" passed="1" failed="0" inconclusive="0" skipped="0" asserts="1">
        <test-case id="0-1273" name="TestStrEos" fullname="Kaitai.SpecStrEos.TestStrEos" methodname="TestStrEos" classname="Kaitai.SpecStrEos" runstate="Runnable" seed="1329599288" result="Passed" start-time="2020-04-02 13:32:53Z" end-time="2020-04-02 13:32:53Z" duration="0.001120" asserts="1" />
      </test-suite>
      <test-suite type="TestFixture" id="0-1274" name="SpecStrLiterals" fullname="Kaitai.SpecStrLiterals" classname="Kaitai.SpecStrLiterals" runstate="Runnable" testcasecount="1" result="Passed" start-time="2020-04-02 13:32:53Z" end-time="2020-04-02 13:32:53Z" duration="0.014751" total="1" passed="1" failed="0" inconclusive="0" skipped="0" asserts="5">
        <test-case id="0-1275" name="TestStrLiterals" fullname="Kaitai.SpecStrLiterals.TestStrLiterals" methodname="TestStrLiterals" classname="Kaitai.SpecStrLiterals" runstate="Runnable" seed="2027509911" result="Passed" start-time="2020-04-02 13:32:53Z" end-time="2020-04-02 13:32:53Z" duration="0.011737" asserts="5" />
      </test-suite>
      <test-suite type="TestFixture" id="0-1276" name="SpecStrLiterals2" fullname="Kaitai.SpecStrLiterals2" classname="Kaitai.SpecStrLiterals2" runstate="Runnable" testcasecount="1" result="Passed" start-time="2020-04-02 13:32:53Z" end-time="2020-04-02 13:32:53Z" duration="0.005215" total="1" passed="1" failed="0" inconclusive="0" skipped="0" asserts="4">
        <test-case id="0-1277" name="TestStrLiterals2" fullname="Kaitai.SpecStrLiterals2.TestStrLiterals2" methodname="TestStrLiterals2" classname="Kaitai.SpecStrLiterals2" runstate="Runnable" seed="1462691652" result="Passed" start-time="2020-04-02 13:32:53Z" end-time="2020-04-02 13:32:53Z" duration="0.001423" asserts="4" />
      </test-suite>
      <test-suite type="TestFixture" id="0-1278" name="SpecStrPadTerm" fullname="Kaitai.SpecStrPadTerm" classname="Kaitai.SpecStrPadTerm" runstate="Runnable" testcasecount="1" result="Passed" start-time="2020-04-02 13:32:53Z" end-time="2020-04-02 13:32:53Z" duration="0.005007" total="1" passed="1" failed="0" inconclusive="0" skipped="0" asserts="4">
        <test-case id="0-1279" name="TestStrPadTerm" fullname="Kaitai.SpecStrPadTerm.TestStrPadTerm" methodname="TestStrPadTerm" classname="Kaitai.SpecStrPadTerm" runstate="Runnable" seed="1544141724" result="Passed" start-time="2020-04-02 13:32:53Z" end-time="2020-04-02 13:32:53Z" duration="0.001756" asserts="4" />
      </test-suite>
      <test-suite type="TestFixture" id="0-1280" name="SpecStrPadTermEmpty" fullname="Kaitai.SpecStrPadTermEmpty" classname="Kaitai.SpecStrPadTermEmpty" runstate="Runnable" testcasecount="1" result="Passed" start-time="2020-04-02 13:32:53Z" end-time="2020-04-02 13:32:53Z" duration="0.005008" total="1" passed="1" failed="0" inconclusive="0" skipped="0" asserts="4">
        <test-case id="0-1281" name="TestStrPadTermEmpty" fullname="Kaitai.SpecStrPadTermEmpty.TestStrPadTermEmpty" methodname="TestStrPadTermEmpty" classname="Kaitai.SpecStrPadTermEmpty" runstate="Runnable" seed="1500905732" result="Passed" start-time="2020-04-02 13:32:53Z" end-time="2020-04-02 13:32:53Z" duration="0.001382" asserts="4" />
      </test-suite>
      <test-suite type="TestFixture" id="0-1282" name="SpecSwitchBytearray" fullname="Kaitai.SpecSwitchBytearray" classname="Kaitai.SpecSwitchBytearray" runstate="Runnable" testcasecount="1" result="Passed" start-time="2020-04-02 13:32:53Z" end-time="2020-04-02 13:32:53Z" duration="0.008109" total="1" passed="1" failed="0" inconclusive="0" skipped="0" asserts="9">
        <test-case id="0-1283" name="TestSwitchBytearray" fullname="Kaitai.SpecSwitchBytearray.TestSwitchBytearray" methodname="TestSwitchBytearray" classname="Kaitai.SpecSwitchBytearray" runstate="Runnable" seed="1789267427" result="Passed" start-time="2020-04-02 13:32:53Z" end-time="2020-04-02 13:32:53Z" duration="0.004189" asserts="9" />
      </test-suite>
      <test-suite type="TestFixture" id="0-1284" name="SpecSwitchCast" fullname="Kaitai.SpecSwitchCast" classname="Kaitai.SpecSwitchCast" runstate="Runnable" testcasecount="1" result="Passed" start-time="2020-04-02 13:32:53Z" end-time="2020-04-02 13:32:53Z" duration="0.011284" total="1" passed="1" failed="0" inconclusive="0" skipped="0" asserts="3">
        <test-case id="0-1285" name="TestSwitchCast" fullname="Kaitai.SpecSwitchCast.TestSwitchCast" methodname="TestSwitchCast" classname="Kaitai.SpecSwitchCast" runstate="Runnable" seed="1167162549" result="Passed" start-time="2020-04-02 13:32:53Z" end-time="2020-04-02 13:32:53Z" duration="0.006954" asserts="3" />
      </test-suite>
      <test-suite type="TestFixture" id="0-1286" name="SpecSwitchElseOnly" fullname="Kaitai.SpecSwitchElseOnly" classname="Kaitai.SpecSwitchElseOnly" runstate="Runnable" testcasecount="1" result="Passed" start-time="2020-04-02 13:32:53Z" end-time="2020-04-02 13:32:53Z" duration="0.006048" total="1" passed="1" failed="0" inconclusive="0" skipped="0" asserts="4">
        <test-case id="0-1287" name="TestSwitchElseOnly" fullname="Kaitai.SpecSwitchElseOnly.TestSwitchElseOnly" methodname="TestSwitchElseOnly" classname="Kaitai.SpecSwitchElseOnly" runstate="Runnable" seed="906035922" result="Passed" start-time="2020-04-02 13:32:53Z" end-time="2020-04-02 13:32:53Z" duration="0.002690" asserts="4" />
      </test-suite>
      <test-suite type="TestFixture" id="0-1288" name="SpecSwitchIntegers" fullname="Kaitai.SpecSwitchIntegers" classname="Kaitai.SpecSwitchIntegers" runstate="Runnable" testcasecount="1" result="Passed" start-time="2020-04-02 13:32:53Z" end-time="2020-04-02 13:32:53Z" duration="0.007025" total="1" passed="1" failed="0" inconclusive="0" skipped="0" asserts="9">
        <test-case id="0-1289" name="TestSwitchIntegers" fullname="Kaitai.SpecSwitchIntegers.TestSwitchIntegers" methodname="TestSwitchIntegers" classname="Kaitai.SpecSwitchIntegers" runstate="Runnable" seed="1549962052" result="Passed" start-time="2020-04-02 13:32:53Z" end-time="2020-04-02 13:32:53Z" duration="0.003069" asserts="9" />
      </test-suite>
      <test-suite type="TestFixture" id="0-1290" name="SpecSwitchIntegers2" fullname="Kaitai.SpecSwitchIntegers2" classname="Kaitai.SpecSwitchIntegers2" runstate="Runnable" testcasecount="1" result="Passed" start-time="2020-04-02 13:32:53Z" end-time="2020-04-02 13:32:53Z" duration="0.007021" total="1" passed="1" failed="0" inconclusive="0" skipped="0" asserts="5">
        <test-case id="0-1291" name="TestSwitchIntegers2" fullname="Kaitai.SpecSwitchIntegers2.TestSwitchIntegers2" methodname="TestSwitchIntegers2" classname="Kaitai.SpecSwitchIntegers2" runstate="Runnable" seed="168231139" result="Passed" start-time="2020-04-02 13:32:53Z" end-time="2020-04-02 13:32:53Z" duration="0.003229" asserts="5" />
      </test-suite>
      <test-suite type="TestFixture" id="0-1292" name="SpecSwitchManualEnum" fullname="Kaitai.SpecSwitchManualEnum" classname="Kaitai.SpecSwitchManualEnum" runstate="Runnable" testcasecount="1" result="Passed" start-time="2020-04-02 13:32:53Z" end-time="2020-04-02 13:32:53Z" duration="0.008534" total="1" passed="1" failed="0" inconclusive="0" skipped="0" asserts="9">
        <test-case id="0-1293" name="TestSwitchManualEnum" fullname="Kaitai.SpecSwitchManualEnum.TestSwitchManualEnum" methodname="TestSwitchManualEnum" classname="Kaitai.SpecSwitchManualEnum" runstate="Runnable" seed="194643532" result="Passed" start-time="2020-04-02 13:32:53Z" end-time="2020-04-02 13:32:53Z" duration="0.004796" asserts="9" />
      </test-suite>
      <test-suite type="TestFixture" id="0-1294" name="SpecSwitchManualEnumInvalid" fullname="Kaitai.SpecSwitchManualEnumInvalid" classname="Kaitai.SpecSwitchManualEnumInvalid" runstate="Runnable" testcasecount="1" result="Passed" start-time="2020-04-02 13:32:53Z" end-time="2020-04-02 13:32:53Z" duration="0.005035" total="1" passed="1" failed="0" inconclusive="0" skipped="0" asserts="5">
        <test-case id="0-1295" name="TestSwitchManualEnumInvalid" fullname="Kaitai.SpecSwitchManualEnumInvalid.TestSwitchManualEnumInvalid" methodname="TestSwitchManualEnumInvalid" classname="Kaitai.SpecSwitchManualEnumInvalid" runstate="Runnable" seed="1194579588" result="Passed" start-time="2020-04-02 13:32:53Z" end-time="2020-04-02 13:32:53Z" duration="0.001824" asserts="5" />
      </test-suite>
      <test-suite type="TestFixture" id="0-1296" name="SpecSwitchManualEnumInvalidElse" fullname="Kaitai.SpecSwitchManualEnumInvalidElse" classname="Kaitai.SpecSwitchManualEnumInvalidElse" runstate="Runnable" testcasecount="1" result="Passed" start-time="2020-04-02 13:32:53Z" end-time="2020-04-02 13:32:53Z" duration="0.006024" total="1" passed="1" failed="0" inconclusive="0" skipped="0" asserts="5">
        <test-case id="0-1297" name="TestSwitchManualEnumInvalidElse" fullname="Kaitai.SpecSwitchManualEnumInvalidElse.TestSwitchManualEnumInvalidElse" methodname="TestSwitchManualEnumInvalidElse" classname="Kaitai.SpecSwitchManualEnumInvalidElse" runstate="Runnable" seed="1781322485" result="Passed" start-time="2020-04-02 13:32:53Z" end-time="2020-04-02 13:32:53Z" duration="0.002186" asserts="5" />
      </test-suite>
      <test-suite type="TestFixture" id="0-1298" name="SpecSwitchManualInt" fullname="Kaitai.SpecSwitchManualInt" classname="Kaitai.SpecSwitchManualInt" runstate="Runnable" testcasecount="1" result="Passed" start-time="2020-04-02 13:32:53Z" end-time="2020-04-02 13:32:53Z" duration="0.008061" total="1" passed="1" failed="0" inconclusive="0" skipped="0" asserts="9">
        <test-case id="0-1299" name="TestSwitchManualInt" fullname="Kaitai.SpecSwitchManualInt.TestSwitchManualInt" methodname="TestSwitchManualInt" classname="Kaitai.SpecSwitchManualInt" runstate="Runnable" seed="33352574" result="Passed" start-time="2020-04-02 13:32:53Z" end-time="2020-04-02 13:32:53Z" duration="0.004536" asserts="9" />
      </test-suite>
      <test-suite type="TestFixture" id="0-1300" name="SpecSwitchManualIntElse" fullname="Kaitai.SpecSwitchManualIntElse" classname="Kaitai.SpecSwitchManualIntElse" runstate="Runnable" testcasecount="1" result="Passed" start-time="2020-04-02 13:32:53Z" end-time="2020-04-02 13:32:54Z" duration="0.011032" total="1" passed="1" failed="0" inconclusive="0" skipped="0" asserts="9">
        <test-case id="0-1301" name="TestSwitchManualIntElse" fullname="Kaitai.SpecSwitchManualIntElse.TestSwitchManualIntElse" methodname="TestSwitchManualIntElse" classname="Kaitai.SpecSwitchManualIntElse" runstate="Runnable" seed="646760523" result="Passed" start-time="2020-04-02 13:32:53Z" end-time="2020-04-02 13:32:54Z" duration="0.006796" asserts="9" />
      </test-suite>
      <test-suite type="TestFixture" id="0-1302" name="SpecSwitchManualIntSize" fullname="Kaitai.SpecSwitchManualIntSize" classname="Kaitai.SpecSwitchManualIntSize" runstate="Runnable" testcasecount="1" result="Passed" start-time="2020-04-02 13:32:54Z" end-time="2020-04-02 13:32:54Z" duration="0.016597" total="1" passed="1" failed="0" inconclusive="0" skipped="0" asserts="10">
        <test-case id="0-1303" name="TestSwitchManualIntSize" fullname="Kaitai.SpecSwitchManualIntSize.TestSwitchManualIntSize" methodname="TestSwitchManualIntSize" classname="Kaitai.SpecSwitchManualIntSize" runstate="Runnable" seed="743443631" result="Passed" start-time="2020-04-02 13:32:54Z" end-time="2020-04-02 13:32:54Z" duration="0.004550" asserts="10" />
      </test-suite>
      <test-suite type="TestFixture" id="0-1304" name="SpecSwitchManualIntSizeElse" fullname="Kaitai.SpecSwitchManualIntSizeElse" classname="Kaitai.SpecSwitchManualIntSizeElse" runstate="Runnable" testcasecount="1" result="Passed" start-time="2020-04-02 13:32:54Z" end-time="2020-04-02 13:32:54Z" duration="0.009013" total="1" passed="1" failed="0" inconclusive="0" skipped="0" asserts="10">
        <test-case id="0-1305" name="TestSwitchManualIntSizeElse" fullname="Kaitai.SpecSwitchManualIntSizeElse.TestSwitchManualIntSizeElse" methodname="TestSwitchManualIntSizeElse" classname="Kaitai.SpecSwitchManualIntSizeElse" runstate="Runnable" seed="1157572687" result="Passed" start-time="2020-04-02 13:32:54Z" end-time="2020-04-02 13:32:54Z" duration="0.005734" asserts="10" />
      </test-suite>
      <test-suite type="TestFixture" id="0-1306" name="SpecSwitchManualIntSizeEos" fullname="Kaitai.SpecSwitchManualIntSizeEos" classname="Kaitai.SpecSwitchManualIntSizeEos" runstate="Runnable" testcasecount="1" result="Passed" start-time="2020-04-02 13:32:54Z" end-time="2020-04-02 13:32:54Z" duration="0.008894" total="1" passed="1" failed="0" inconclusive="0" skipped="0" asserts="10">
        <test-case id="0-1307" name="TestSwitchManualIntSizeEos" fullname="Kaitai.SpecSwitchManualIntSizeEos.TestSwitchManualIntSizeEos" methodname="TestSwitchManualIntSizeEos" classname="Kaitai.SpecSwitchManualIntSizeEos" runstate="Runnable" seed="1489704971" result="Passed" start-time="2020-04-02 13:32:54Z" end-time="2020-04-02 13:32:54Z" duration="0.005525" asserts="10" />
      </test-suite>
      <test-suite type="TestFixture" id="0-1308" name="SpecSwitchManualStr" fullname="Kaitai.SpecSwitchManualStr" classname="Kaitai.SpecSwitchManualStr" runstate="Runnable" testcasecount="1" result="Passed" start-time="2020-04-02 13:32:54Z" end-time="2020-04-02 13:32:54Z" duration="0.008019" total="1" passed="1" failed="0" inconclusive="0" skipped="0" asserts="9">
        <test-case id="0-1309" name="TestSwitchManualStr" fullname="Kaitai.SpecSwitchManualStr.TestSwitchManualStr" methodname="TestSwitchManualStr" classname="Kaitai.SpecSwitchManualStr" runstate="Runnable" seed="516052774" result="Passed" start-time="2020-04-02 13:32:54Z" end-time="2020-04-02 13:32:54Z" duration="0.004115" asserts="9" />
      </test-suite>
      <test-suite type="TestFixture" id="0-1310" name="SpecSwitchManualStrElse" fullname="Kaitai.SpecSwitchManualStrElse" classname="Kaitai.SpecSwitchManualStrElse" runstate="Runnable" testcasecount="1" result="Passed" start-time="2020-04-02 13:32:54Z" end-time="2020-04-02 13:32:54Z" duration="0.007096" total="1" passed="1" failed="0" inconclusive="0" skipped="0" asserts="9">
        <test-case id="0-1311" name="TestSwitchManualStrElse" fullname="Kaitai.SpecSwitchManualStrElse.TestSwitchManualStrElse" methodname="TestSwitchManualStrElse" classname="Kaitai.SpecSwitchManualStrElse" runstate="Runnable" seed="2085379661" result="Passed" start-time="2020-04-02 13:32:54Z" end-time="2020-04-02 13:32:54Z" duration="0.003992" asserts="9" />
      </test-suite>
      <test-suite type="TestFixture" id="0-1312" name="SpecSwitchMultiBoolOps" fullname="Kaitai.SpecSwitchMultiBoolOps" classname="Kaitai.SpecSwitchMultiBoolOps" runstate="Runnable" testcasecount="1" result="Passed" start-time="2020-04-02 13:32:54Z" end-time="2020-04-02 13:32:54Z" duration="0.009015" total="1" passed="1" failed="0" inconclusive="0" skipped="0" asserts="9">
        <test-case id="0-1313" name="TestSwitchMultiBoolOps" fullname="Kaitai.SpecSwitchMultiBoolOps.TestSwitchMultiBoolOps" methodname="TestSwitchMultiBoolOps" classname="Kaitai.SpecSwitchMultiBoolOps" runstate="Runnable" seed="1743427129" result="Passed" start-time="2020-04-02 13:32:54Z" end-time="2020-04-02 13:32:54Z" duration="0.005331" asserts="9" />
      </test-suite>
      <test-suite type="TestFixture" id="0-1314" name="SpecSwitchRepeatExpr" fullname="Kaitai.SpecSwitchRepeatExpr" classname="Kaitai.SpecSwitchRepeatExpr" runstate="Runnable" testcasecount="1" result="Passed" start-time="2020-04-02 13:32:54Z" end-time="2020-04-02 13:32:54Z" duration="0.006027" total="1" passed="1" failed="0" inconclusive="0" skipped="0" asserts="3">
        <test-case id="0-1315" name="TestSwitchRepeatExpr" fullname="Kaitai.SpecSwitchRepeatExpr.TestSwitchRepeatExpr" methodname="TestSwitchRepeatExpr" classname="Kaitai.SpecSwitchRepeatExpr" runstate="Runnable" seed="1107984866" result="Passed" start-time="2020-04-02 13:32:54Z" end-time="2020-04-02 13:32:54Z" duration="0.002730" asserts="3" />
      </test-suite>
      <test-suite type="TestFixture" id="0-1316" name="SpecTermBytes" fullname="Kaitai.SpecTermBytes" classname="Kaitai.SpecTermBytes" runstate="Runnable" testcasecount="1" result="Passed" start-time="2020-04-02 13:32:54Z" end-time="2020-04-02 13:32:54Z" duration="0.005008" total="1" passed="1" failed="0" inconclusive="0" skipped="0" asserts="3">
        <test-case id="0-1317" name="TestTermBytes" fullname="Kaitai.SpecTermBytes.TestTermBytes" methodname="TestTermBytes" classname="Kaitai.SpecTermBytes" runstate="Runnable" seed="999706636" result="Passed" start-time="2020-04-02 13:32:54Z" end-time="2020-04-02 13:32:54Z" duration="0.001507" asserts="3" />
      </test-suite>
      <test-suite type="TestFixture" id="0-1318" name="SpecTermStrz" fullname="Kaitai.SpecTermStrz" classname="Kaitai.SpecTermStrz" runstate="Runnable" testcasecount="1" result="Passed" start-time="2020-04-02 13:32:54Z" end-time="2020-04-02 13:32:54Z" duration="0.004002" total="1" passed="1" failed="0" inconclusive="0" skipped="0" asserts="3">
        <test-case id="0-1319" name="TestTermStrz" fullname="Kaitai.SpecTermStrz.TestTermStrz" methodname="TestTermStrz" classname="Kaitai.SpecTermStrz" runstate="Runnable" seed="886226421" result="Passed" start-time="2020-04-02 13:32:54Z" end-time="2020-04-02 13:32:54Z" duration="0.000872" asserts="3" />
      </test-suite>
      <test-suite type="TestFixture" id="0-1320" name="SpecTsPacketHeader" fullname="Kaitai.SpecTsPacketHeader" classname="Kaitai.SpecTsPacketHeader" runstate="Runnable" testcasecount="1" result="Passed" start-time="2020-04-02 13:32:54Z" end-time="2020-04-02 13:32:54Z" duration="0.006011" total="1" passed="1" failed="0" inconclusive="0" skipped="0" asserts="7">
        <test-case id="0-1321" name="TestTsPacketHeader" fullname="Kaitai.SpecTsPacketHeader.TestTsPacketHeader" methodname="TestTsPacketHeader" classname="Kaitai.SpecTsPacketHeader" runstate="Runnable" seed="1930161158" result="Passed" start-time="2020-04-02 13:32:54Z" end-time="2020-04-02 13:32:54Z" duration="0.002620" asserts="7" />
      </test-suite>
      <test-suite type="TestFixture" id="0-1322" name="SpecTypeIntUnaryOp" fullname="Kaitai.SpecTypeIntUnaryOp" classname="Kaitai.SpecTypeIntUnaryOp" runstate="Runnable" testcasecount="1" result="Passed" start-time="2020-04-02 13:32:54Z" end-time="2020-04-02 13:32:54Z" duration="0.005291" total="1" passed="1" failed="0" inconclusive="0" skipped="0" asserts="4">
        <test-case id="0-1323" name="TestTypeIntUnaryOp" fullname="Kaitai.SpecTypeIntUnaryOp.TestTypeIntUnaryOp" methodname="TestTypeIntUnaryOp" classname="Kaitai.SpecTypeIntUnaryOp" runstate="Runnable" seed="1913174966" result="Passed" start-time="2020-04-02 13:32:54Z" end-time="2020-04-02 13:32:54Z" duration="0.001869" asserts="4" />
      </test-suite>
      <test-suite type="TestFixture" id="0-1324" name="SpecTypeTernary" fullname="Kaitai.SpecTypeTernary" classname="Kaitai.SpecTypeTernary" runstate="Runnable" testcasecount="1" result="Passed" start-time="2020-04-02 13:32:54Z" end-time="2020-04-02 13:32:54Z" duration="0.005926" total="1" passed="1" failed="0" inconclusive="0" skipped="0" asserts="1">
        <test-case id="0-1325" name="TestTypeTernary" fullname="Kaitai.SpecTypeTernary.TestTypeTernary" methodname="TestTypeTernary" classname="Kaitai.SpecTypeTernary" runstate="Runnable" seed="1938083702" result="Passed" start-time="2020-04-02 13:32:54Z" end-time="2020-04-02 13:32:54Z" duration="0.002331" asserts="1" />
      </test-suite>
      <test-suite type="TestFixture" id="0-1326" name="SpecTypeTernaryOpaque" fullname="Kaitai.SpecTypeTernaryOpaque" classname="Kaitai.SpecTypeTernaryOpaque" runstate="Runnable" testcasecount="1" result="Passed" start-time="2020-04-02 13:32:54Z" end-time="2020-04-02 13:32:54Z" duration="0.006011" total="1" passed="1" failed="0" inconclusive="0" skipped="0" asserts="3">
        <test-case id="0-1327" name="TestTypeTernaryOpaque" fullname="Kaitai.SpecTypeTernaryOpaque.TestTypeTernaryOpaque" methodname="TestTypeTernaryOpaque" classname="Kaitai.SpecTypeTernaryOpaque" runstate="Runnable" seed="1433166348" result="Passed" start-time="2020-04-02 13:32:54Z" end-time="2020-04-02 13:32:54Z" duration="0.002061" asserts="3" />
      </test-suite>
      <test-suite type="TestFixture" id="0-1328" name="SpecUserType" fullname="Kaitai.SpecUserType" classname="Kaitai.SpecUserType" runstate="Runnable" testcasecount="1" result="Passed" start-time="2020-04-02 13:32:54Z" end-time="2020-04-02 13:32:54Z" duration="0.005124" total="1" passed="1" failed="0" inconclusive="0" skipped="0" asserts="2">
        <test-case id="0-1329" name="TestUserType" fullname="Kaitai.SpecUserType.TestUserType" methodname="TestUserType" classname="Kaitai.SpecUserType" runstate="Runnable" seed="1017376437" result="Passed" start-time="2020-04-02 13:32:54Z" end-time="2020-04-02 13:32:54Z" duration="0.001605" asserts="2" />
      </test-suite>
      <test-suite type="TestFixture" id="0-1330" name="SpecValidFailAnyofInt" fullname="Kaitai.SpecValidFailAnyofInt" classname="Kaitai.SpecValidFailAnyofInt" runstate="Runnable" testcasecount="1" result="Passed" start-time="2020-04-02 13:32:54Z" end-time="2020-04-02 13:32:54Z" duration="0.009469" total="1" passed="1" failed="0" inconclusive="0" skipped="0" asserts="1">
        <test-case id="0-1331" name="TestValidFailAnyofInt" fullname="Kaitai.SpecValidFailAnyofInt.TestValidFailAnyofInt" methodname="TestValidFailAnyofInt" classname="Kaitai.SpecValidFailAnyofInt" runstate="Runnable" seed="1414748075" result="Passed" start-time="2020-04-02 13:32:54Z" end-time="2020-04-02 13:32:54Z" duration="0.003040" asserts="1" />
      </test-suite>
      <test-suite type="TestFixture" id="0-1332" name="SpecValidFailContents" fullname="Kaitai.SpecValidFailContents" classname="Kaitai.SpecValidFailContents" runstate="Runnable" testcasecount="1" result="Passed" start-time="2020-04-02 13:32:54Z" end-time="2020-04-02 13:32:54Z" duration="0.006226" total="1" passed="1" failed="0" inconclusive="0" skipped="0" asserts="1">
        <test-case id="0-1333" name="TestValidFailContents" fullname="Kaitai.SpecValidFailContents.TestValidFailContents" methodname="TestValidFailContents" classname="Kaitai.SpecValidFailContents" runstate="Runnable" seed="926448699" result="Passed" start-time="2020-04-02 13:32:54Z" end-time="2020-04-02 13:32:54Z" duration="0.002629" asserts="1" />
      </test-suite>
      <test-suite type="TestFixture" id="0-1334" name="SpecValidFailEqBytes" fullname="Kaitai.SpecValidFailEqBytes" classname="Kaitai.SpecValidFailEqBytes" runstate="Runnable" testcasecount="1" result="Passed" start-time="2020-04-02 13:32:54Z" end-time="2020-04-02 13:32:54Z" duration="0.005006" total="1" passed="1" failed="0" inconclusive="0" skipped="0" asserts="1">
        <test-case id="0-1335" name="TestValidFailEqBytes" fullname="Kaitai.SpecValidFailEqBytes.TestValidFailEqBytes" methodname="TestValidFailEqBytes" classname="Kaitai.SpecValidFailEqBytes" runstate="Runnable" seed="1476075589" result="Passed" start-time="2020-04-02 13:32:54Z" end-time="2020-04-02 13:32:54Z" duration="0.001593" asserts="1" />
      </test-suite>
      <test-suite type="TestFixture" id="0-1336" name="SpecValidFailEqInt" fullname="Kaitai.SpecValidFailEqInt" classname="Kaitai.SpecValidFailEqInt" runstate="Runnable" testcasecount="1" result="Passed" start-time="2020-04-02 13:32:54Z" end-time="2020-04-02 13:32:54Z" duration="0.005001" total="1" passed="1" failed="0" inconclusive="0" skipped="0" asserts="1">
        <test-case id="0-1337" name="TestValidFailEqInt" fullname="Kaitai.SpecValidFailEqInt.TestValidFailEqInt" methodname="TestValidFailEqInt" classname="Kaitai.SpecValidFailEqInt" runstate="Runnable" seed="1024534161" result="Passed" start-time="2020-04-02 13:32:54Z" end-time="2020-04-02 13:32:54Z" duration="0.001687" asserts="1" />
      </test-suite>
      <test-suite type="TestFixture" id="0-1338" name="SpecValidFailInst" fullname="Kaitai.SpecValidFailInst" classname="Kaitai.SpecValidFailInst" runstate="Runnable" testcasecount="1" result="Passed" start-time="2020-04-02 13:32:54Z" end-time="2020-04-02 13:32:54Z" duration="0.015032" total="1" passed="1" failed="0" inconclusive="0" skipped="0" asserts="1">
        <test-case id="0-1339" name="TestValidFailInst" fullname="Kaitai.SpecValidFailInst.TestValidFailInst" methodname="TestValidFailInst" classname="Kaitai.SpecValidFailInst" runstate="Runnable" seed="1794076066" result="Passed" start-time="2020-04-02 13:32:54Z" end-time="2020-04-02 13:32:54Z" duration="0.002250" asserts="1" />
      </test-suite>
      <test-suite type="TestFixture" id="0-1340" name="SpecValidFailMaxInt" fullname="Kaitai.SpecValidFailMaxInt" classname="Kaitai.SpecValidFailMaxInt" runstate="Runnable" testcasecount="1" result="Passed" start-time="2020-04-02 13:32:54Z" end-time="2020-04-02 13:32:54Z" duration="0.006038" total="1" passed="1" failed="0" inconclusive="0" skipped="0" asserts="1">
        <test-case id="0-1341" name="TestValidFailMaxInt" fullname="Kaitai.SpecValidFailMaxInt.TestValidFailMaxInt" methodname="TestValidFailMaxInt" classname="Kaitai.SpecValidFailMaxInt" runstate="Runnable" seed="1263885712" result="Passed" start-time="2020-04-02 13:32:54Z" end-time="2020-04-02 13:32:54Z" duration="0.002017" asserts="1" />
      </test-suite>
      <test-suite type="TestFixture" id="0-1342" name="SpecValidFailMinInt" fullname="Kaitai.SpecValidFailMinInt" classname="Kaitai.SpecValidFailMinInt" runstate="Runnable" testcasecount="1" result="Passed" start-time="2020-04-02 13:32:54Z" end-time="2020-04-02 13:32:54Z" duration="0.005010" total="1" passed="1" failed="0" inconclusive="0" skipped="0" asserts="1">
        <test-case id="0-1343" name="TestValidFailMinInt" fullname="Kaitai.SpecValidFailMinInt.TestValidFailMinInt" methodname="TestValidFailMinInt" classname="Kaitai.SpecValidFailMinInt" runstate="Runnable" seed="1398240820" result="Passed" start-time="2020-04-02 13:32:54Z" end-time="2020-04-02 13:32:54Z" duration="0.001818" asserts="1" />
      </test-suite>
      <test-suite type="TestFixture" id="0-1344" name="SpecValidFailRangeInt" fullname="Kaitai.SpecValidFailRangeInt" classname="Kaitai.SpecValidFailRangeInt" runstate="Runnable" testcasecount="1" result="Passed" start-time="2020-04-02 13:32:54Z" end-time="2020-04-02 13:32:54Z" duration="0.004546" total="1" passed="1" failed="0" inconclusive="0" skipped="0" asserts="1">
        <test-case id="0-1345" name="TestValidFailRangeInt" fullname="Kaitai.SpecValidFailRangeInt.TestValidFailRangeInt" methodname="TestValidFailRangeInt" classname="Kaitai.SpecValidFailRangeInt" runstate="Runnable" seed="2144697043" result="Passed" start-time="2020-04-02 13:32:54Z" end-time="2020-04-02 13:32:54Z" duration="0.001662" asserts="1" />
      </test-suite>
      <test-suite type="TestFixture" id="0-1346" name="SpecValidLong" fullname="Kaitai.SpecValidLong" classname="Kaitai.SpecValidLong" runstate="Runnable" testcasecount="1" result="Passed" start-time="2020-04-02 13:32:54Z" end-time="2020-04-02 13:32:54Z" duration="0.006669" total="1" passed="1" failed="0" inconclusive="0" skipped="0" asserts="0">
        <test-case id="0-1347" name="TestValidLong" fullname="Kaitai.SpecValidLong.TestValidLong" methodname="TestValidLong" classname="Kaitai.SpecValidLong" runstate="Runnable" seed="970410672" result="Passed" start-time="2020-04-02 13:32:54Z" end-time="2020-04-02 13:32:54Z" duration="0.003973" asserts="0" />
      </test-suite>
      <test-suite type="TestFixture" id="0-1348" name="SpecValidNotParsedIf" fullname="Kaitai.SpecValidNotParsedIf" classname="Kaitai.SpecValidNotParsedIf" runstate="Runnable" testcasecount="1" result="Passed" start-time="2020-04-02 13:32:54Z" end-time="2020-04-02 13:32:54Z" duration="0.005020" total="1" passed="1" failed="0" inconclusive="0" skipped="0" asserts="0">
        <test-case id="0-1349" name="TestValidNotParsedIf" fullname="Kaitai.SpecValidNotParsedIf.TestValidNotParsedIf" methodname="TestValidNotParsedIf" classname="Kaitai.SpecValidNotParsedIf" runstate="Runnable" seed="1305416327" result="Passed" start-time="2020-04-02 13:32:54Z" end-time="2020-04-02 13:32:54Z" duration="0.001237" asserts="0" />
      </test-suite>
      <test-suite type="TestFixture" id="0-1350" name="SpecValidShort" fullname="Kaitai.SpecValidShort" classname="Kaitai.SpecValidShort" runstate="Runnable" testcasecount="1" result="Passed" start-time="2020-04-02 13:32:54Z" end-time="2020-04-02 13:32:54Z" duration="0.007225" total="1" passed="1" failed="0" inconclusive="0" skipped="0" asserts="0">
        <test-case id="0-1351" name="TestValidShort" fullname="Kaitai.SpecValidShort.TestValidShort" methodname="TestValidShort" classname="Kaitai.SpecValidShort" runstate="Runnable" seed="1104023242" result="Passed" start-time="2020-04-02 13:32:54Z" end-time="2020-04-02 13:32:54Z" duration="0.003170" asserts="0" />
      </test-suite>
      <test-suite type="TestFixture" id="0-1352" name="SpecValidSwitch" fullname="Kaitai.SpecValidSwitch" classname="Kaitai.SpecValidSwitch" runstate="Runnable" testcasecount="1" result="Passed" start-time="2020-04-02 13:32:54Z" end-time="2020-04-02 13:32:54Z" duration="0.005468" total="1" passed="1" failed="0" inconclusive="0" skipped="0" asserts="0">
        <test-case id="0-1353" name="TestValidSwitch" fullname="Kaitai.SpecValidSwitch.TestValidSwitch" methodname="TestValidSwitch" classname="Kaitai.SpecValidSwitch" runstate="Runnable" seed="898767716" result="Passed" start-time="2020-04-02 13:32:54Z" end-time="2020-04-02 13:32:54Z" duration="0.001259" asserts="0" />
      </test-suite>
      <test-suite type="TestFixture" id="0-1354" name="SpecZlibWithHeader78" fullname="Kaitai.SpecZlibWithHeader78" classname="Kaitai.SpecZlibWithHeader78" runstate="Runnable" testcasecount="1" result="Passed" start-time="2020-04-02 13:32:54Z" end-time="2020-04-02 13:32:54Z" duration="0.032585" total="1" passed="1" failed="0" inconclusive="0" skipped="0" asserts="1">
        <test-case id="0-1355" name="TestZlibWithHeader78" fullname="Kaitai.SpecZlibWithHeader78.TestZlibWithHeader78" methodname="TestZlibWithHeader78" classname="Kaitai.SpecZlibWithHeader78" runstate="Runnable" seed="860476999" result="Passed" start-time="2020-04-02 13:32:54Z" end-time="2020-04-02 13:32:54Z" duration="0.028701" asserts="1" />
      </test-suite>
    </test-suite>
  </test-suite>
</test-run>