<?xml version="1.0" encoding="utf-8" standalone="no"?>
<test-run id="2" testcasecount="223" result="Failed" total="223" passed="222" failed="1" inconclusive="0" skipped="0" asserts="1008" engine-version="3.4.1.0" clr-version="4.0.30319.42000" start-time="2023-11-04 09:50:16Z" end-time="2023-11-04 09:50:17Z" duration="1.384018">
  <command-line><![CDATA[/home/runner/.nuget/packages/nunit.consolerunner/3.4.1/tools/nunit3-console.exe --result=test_out/csharp/TestResult.xml spec/csharp/kaitai_struct_csharp_tests_netframework/bin/Debug/kaitai_struct_csharp_tests.dll]]></command-line>
  <test-suite type="Assembly" id="0-1446" name="kaitai_struct_csharp_tests.dll" fullname="/home/runner/work/ci_targets/ci_targets/tests/spec/csharp/kaitai_struct_csharp_tests_netframework/bin/Debug/kaitai_struct_csharp_tests.dll" runstate="Runnable" testcasecount="223" result="Failed" site="Child" start-time="2023-11-04 09:50:16Z" end-time="2023-11-04 09:50:17Z" duration="1.312225" total="223" passed="222" failed="1" inconclusive="0" skipped="0" asserts="1008">
    <environment framework-version="3.4.1.0" clr-version="4.0.30319.42000" os-version="Unix 6.2.0.1015" platform="Unix" cwd="/home/runner/work/ci_targets/ci_targets/tests" machine-name="fv-az1538-777" user="runner" user-domain="fv-az1538-777" culture="" uiculture="" os-architecture="x64" />
    <settings>
      <setting name="WorkDirectory" value="/home/runner/work/ci_targets/ci_targets/tests" />
      <setting name="ImageRuntimeVersion" value="4.0.30319" />
      <setting name="ImageTargetFrameworkName" value=".NETFramework,Version=v4.8" />
      <setting name="ImageRequiresX86" value="False" />
      <setting name="ImageRequiresDefaultAppDomainAssemblyResolver" value="False" />
      <setting name="NumberOfTestWorkers" value="4" />
    </settings>
    <properties>
      <property name="_PID" value="2520" />
      <property name="_APPDOMAIN" value="test-domain-" />
    </properties>
    <failure>
      <message><![CDATA[One or more child tests had errors]]></message>
    </failure>
    <test-suite type="TestSuite" id="0-1447" name="Kaitai" fullname="Kaitai" runstate="Runnable" testcasecount="223" result="Failed" site="Child" start-time="2023-11-04 09:50:16Z" end-time="2023-11-04 09:50:17Z" duration="1.302111" total="223" passed="222" failed="1" inconclusive="0" skipped="0" asserts="1008">
      <failure>
        <message><![CDATA[One or more child tests had errors]]></message>
      </failure>
      <test-suite type="TestFixture" id="0-1000" name="SpecBcdUserTypeBe" fullname="Kaitai.SpecBcdUserTypeBe" classname="Kaitai.SpecBcdUserTypeBe" runstate="Runnable" testcasecount="1" result="Passed" start-time="2023-11-04 09:50:16Z" end-time="2023-11-04 09:50:16Z" duration="0.019626" total="1" passed="1" failed="0" inconclusive="0" skipped="0" asserts="6">
        <test-case id="0-1001" name="TestBcdUserTypeBe" fullname="Kaitai.SpecBcdUserTypeBe.TestBcdUserTypeBe" methodname="TestBcdUserTypeBe" classname="Kaitai.SpecBcdUserTypeBe" runstate="Runnable" seed="1453863902" result="Passed" start-time="2023-11-04 09:50:16Z" end-time="2023-11-04 09:50:16Z" duration="0.013095" asserts="6" />
      </test-suite>
      <test-suite type="TestFixture" id="0-1002" name="SpecBcdUserTypeLe" fullname="Kaitai.SpecBcdUserTypeLe" classname="Kaitai.SpecBcdUserTypeLe" runstate="Runnable" testcasecount="1" result="Passed" start-time="2023-11-04 09:50:16Z" end-time="2023-11-04 09:50:16Z" duration="0.003966" total="1" passed="1" failed="0" inconclusive="0" skipped="0" asserts="6">
        <test-case id="0-1003" name="TestBcdUserTypeLe" fullname="Kaitai.SpecBcdUserTypeLe.TestBcdUserTypeLe" methodname="TestBcdUserTypeLe" classname="Kaitai.SpecBcdUserTypeLe" runstate="Runnable" seed="1599691299" result="Passed" start-time="2023-11-04 09:50:16Z" end-time="2023-11-04 09:50:16Z" duration="0.001644" asserts="6" />
      </test-suite>
      <test-suite type="TestFixture" id="0-1004" name="SpecBitsByteAligned" fullname="Kaitai.SpecBitsByteAligned" classname="Kaitai.SpecBitsByteAligned" runstate="Runnable" testcasecount="1" result="Passed" start-time="2023-11-04 09:50:16Z" end-time="2023-11-04 09:50:16Z" duration="0.004850" total="1" passed="1" failed="0" inconclusive="0" skipped="0" asserts="9">
        <test-case id="0-1005" name="TestBitsByteAligned" fullname="Kaitai.SpecBitsByteAligned.TestBitsByteAligned" methodname="TestBitsByteAligned" classname="Kaitai.SpecBitsByteAligned" runstate="Runnable" seed="1665768949" result="Passed" start-time="2023-11-04 09:50:16Z" end-time="2023-11-04 09:50:16Z" duration="0.002524" asserts="9" />
      </test-suite>
      <test-suite type="TestFixture" id="0-1006" name="SpecBitsEnum" fullname="Kaitai.SpecBitsEnum" classname="Kaitai.SpecBitsEnum" runstate="Runnable" testcasecount="1" result="Passed" start-time="2023-11-04 09:50:16Z" end-time="2023-11-04 09:50:16Z" duration="0.002842" total="1" passed="1" failed="0" inconclusive="0" skipped="0" asserts="3">
        <test-case id="0-1007" name="TestBitsEnum" fullname="Kaitai.SpecBitsEnum.TestBitsEnum" methodname="TestBitsEnum" classname="Kaitai.SpecBitsEnum" runstate="Runnable" seed="141464509" result="Passed" start-time="2023-11-04 09:50:16Z" end-time="2023-11-04 09:50:16Z" duration="0.000523" asserts="3" />
      </test-suite>
      <test-suite type="TestFixture" id="0-1008" name="SpecBitsSeqEndianCombo" fullname="Kaitai.SpecBitsSeqEndianCombo" classname="Kaitai.SpecBitsSeqEndianCombo" runstate="Runnable" testcasecount="1" result="Passed" start-time="2023-11-04 09:50:16Z" end-time="2023-11-04 09:50:16Z" duration="0.002834" total="1" passed="1" failed="0" inconclusive="0" skipped="0" asserts="8">
        <test-case id="0-1009" name="TestBitsSeqEndianCombo" fullname="Kaitai.SpecBitsSeqEndianCombo.TestBitsSeqEndianCombo" methodname="TestBitsSeqEndianCombo" classname="Kaitai.SpecBitsSeqEndianCombo" runstate="Runnable" seed="2042705697" result="Passed" start-time="2023-11-04 09:50:16Z" end-time="2023-11-04 09:50:16Z" duration="0.000517" asserts="8" />
      </test-suite>
      <test-suite type="TestFixture" id="0-1010" name="SpecBitsShiftByB32Le" fullname="Kaitai.SpecBitsShiftByB32Le" classname="Kaitai.SpecBitsShiftByB32Le" runstate="Runnable" testcasecount="1" result="Passed" start-time="2023-11-04 09:50:16Z" end-time="2023-11-04 09:50:16Z" duration="0.002669" total="1" passed="1" failed="0" inconclusive="0" skipped="0" asserts="2">
        <test-case id="0-1011" name="TestBitsShiftByB32Le" fullname="Kaitai.SpecBitsShiftByB32Le.TestBitsShiftByB32Le" methodname="TestBitsShiftByB32Le" classname="Kaitai.SpecBitsShiftByB32Le" runstate="Runnable" seed="1943659855" result="Passed" start-time="2023-11-04 09:50:16Z" end-time="2023-11-04 09:50:16Z" duration="0.000345" asserts="2" />
      </test-suite>
      <test-suite type="TestFixture" id="0-1012" name="SpecBitsShiftByB64Le" fullname="Kaitai.SpecBitsShiftByB64Le" classname="Kaitai.SpecBitsShiftByB64Le" runstate="Runnable" testcasecount="1" result="Passed" start-time="2023-11-04 09:50:16Z" end-time="2023-11-04 09:50:16Z" duration="0.002614" total="1" passed="1" failed="0" inconclusive="0" skipped="0" asserts="2">
        <test-case id="0-1013" name="TestBitsShiftByB64Le" fullname="Kaitai.SpecBitsShiftByB64Le.TestBitsShiftByB64Le" methodname="TestBitsShiftByB64Le" classname="Kaitai.SpecBitsShiftByB64Le" runstate="Runnable" seed="798266014" result="Passed" start-time="2023-11-04 09:50:16Z" end-time="2023-11-04 09:50:16Z" duration="0.000285" asserts="2" />
      </test-suite>
      <test-suite type="TestFixture" id="0-1014" name="SpecBitsSignedResB32Be" fullname="Kaitai.SpecBitsSignedResB32Be" classname="Kaitai.SpecBitsSignedResB32Be" runstate="Runnable" testcasecount="1" result="Passed" start-time="2023-11-04 09:50:16Z" end-time="2023-11-04 09:50:16Z" duration="0.002589" total="1" passed="1" failed="0" inconclusive="0" skipped="0" asserts="1">
        <test-case id="0-1015" name="TestBitsSignedResB32Be" fullname="Kaitai.SpecBitsSignedResB32Be.TestBitsSignedResB32Be" methodname="TestBitsSignedResB32Be" classname="Kaitai.SpecBitsSignedResB32Be" runstate="Runnable" seed="782756821" result="Passed" start-time="2023-11-04 09:50:16Z" end-time="2023-11-04 09:50:16Z" duration="0.000254" asserts="1" />
      </test-suite>
      <test-suite type="TestFixture" id="0-1016" name="SpecBitsSignedResB32Le" fullname="Kaitai.SpecBitsSignedResB32Le" classname="Kaitai.SpecBitsSignedResB32Le" runstate="Runnable" testcasecount="1" result="Passed" start-time="2023-11-04 09:50:16Z" end-time="2023-11-04 09:50:16Z" duration="0.002574" total="1" passed="1" failed="0" inconclusive="0" skipped="0" asserts="1">
        <test-case id="0-1017" name="TestBitsSignedResB32Le" fullname="Kaitai.SpecBitsSignedResB32Le.TestBitsSignedResB32Le" methodname="TestBitsSignedResB32Le" classname="Kaitai.SpecBitsSignedResB32Le" runstate="Runnable" seed="1528435266" result="Passed" start-time="2023-11-04 09:50:16Z" end-time="2023-11-04 09:50:16Z" duration="0.000246" asserts="1" />
      </test-suite>
      <test-suite type="TestFixture" id="0-1018" name="SpecBitsSignedShiftB32Le" fullname="Kaitai.SpecBitsSignedShiftB32Le" classname="Kaitai.SpecBitsSignedShiftB32Le" runstate="Runnable" testcasecount="1" result="Passed" start-time="2023-11-04 09:50:16Z" end-time="2023-11-04 09:50:16Z" duration="0.002604" total="1" passed="1" failed="0" inconclusive="0" skipped="0" asserts="2">
        <test-case id="0-1019" name="TestBitsSignedShiftB32Le" fullname="Kaitai.SpecBitsSignedShiftB32Le.TestBitsSignedShiftB32Le" methodname="TestBitsSignedShiftB32Le" classname="Kaitai.SpecBitsSignedShiftB32Le" runstate="Runnable" seed="1296640652" result="Passed" start-time="2023-11-04 09:50:16Z" end-time="2023-11-04 09:50:16Z" duration="0.000271" asserts="2" />
      </test-suite>
      <test-suite type="TestFixture" id="0-1020" name="SpecBitsSignedShiftB64Le" fullname="Kaitai.SpecBitsSignedShiftB64Le" classname="Kaitai.SpecBitsSignedShiftB64Le" runstate="Runnable" testcasecount="1" result="Passed" start-time="2023-11-04 09:50:16Z" end-time="2023-11-04 09:50:16Z" duration="0.002599" total="1" passed="1" failed="0" inconclusive="0" skipped="0" asserts="2">
        <test-case id="0-1021" name="TestBitsSignedShiftB64Le" fullname="Kaitai.SpecBitsSignedShiftB64Le.TestBitsSignedShiftB64Le" methodname="TestBitsSignedShiftB64Le" classname="Kaitai.SpecBitsSignedShiftB64Le" runstate="Runnable" seed="1594360450" result="Passed" start-time="2023-11-04 09:50:16Z" end-time="2023-11-04 09:50:16Z" duration="0.000268" asserts="2" />
      </test-suite>
      <test-suite type="TestFixture" id="0-1022" name="SpecBitsSimple" fullname="Kaitai.SpecBitsSimple" classname="Kaitai.SpecBitsSimple" runstate="Runnable" testcasecount="1" result="Passed" start-time="2023-11-04 09:50:16Z" end-time="2023-11-04 09:50:16Z" duration="0.003697" total="1" passed="1" failed="0" inconclusive="0" skipped="0" asserts="14">
        <test-case id="0-1023" name="TestBitsSimple" fullname="Kaitai.SpecBitsSimple.TestBitsSimple" methodname="TestBitsSimple" classname="Kaitai.SpecBitsSimple" runstate="Runnable" seed="507458147" result="Passed" start-time="2023-11-04 09:50:16Z" end-time="2023-11-04 09:50:16Z" duration="0.001387" asserts="14" />
      </test-suite>
      <test-suite type="TestFixture" id="0-1024" name="SpecBitsSimpleLe" fullname="Kaitai.SpecBitsSimpleLe" classname="Kaitai.SpecBitsSimpleLe" runstate="Runnable" testcasecount="1" result="Passed" start-time="2023-11-04 09:50:16Z" end-time="2023-11-04 09:50:16Z" duration="0.003012" total="1" passed="1" failed="0" inconclusive="0" skipped="0" asserts="14">
        <test-case id="0-1025" name="TestBitsSimpleLe" fullname="Kaitai.SpecBitsSimpleLe.TestBitsSimpleLe" methodname="TestBitsSimpleLe" classname="Kaitai.SpecBitsSimpleLe" runstate="Runnable" seed="1021940904" result="Passed" start-time="2023-11-04 09:50:16Z" end-time="2023-11-04 09:50:16Z" duration="0.000697" asserts="14" />
      </test-suite>
      <test-suite type="TestFixture" id="0-1026" name="SpecBitsUnalignedB32Be" fullname="Kaitai.SpecBitsUnalignedB32Be" classname="Kaitai.SpecBitsUnalignedB32Be" runstate="Runnable" testcasecount="1" result="Passed" start-time="2023-11-04 09:50:16Z" end-time="2023-11-04 09:50:16Z" duration="0.002631" total="1" passed="1" failed="0" inconclusive="0" skipped="0" asserts="3">
        <test-case id="0-1027" name="TestBitsUnalignedB32Be" fullname="Kaitai.SpecBitsUnalignedB32Be.TestBitsUnalignedB32Be" methodname="TestBitsUnalignedB32Be" classname="Kaitai.SpecBitsUnalignedB32Be" runstate="Runnable" seed="1047305806" result="Passed" start-time="2023-11-04 09:50:16Z" end-time="2023-11-04 09:50:16Z" duration="0.000323" asserts="3" />
      </test-suite>
      <test-suite type="TestFixture" id="0-1028" name="SpecBitsUnalignedB32Le" fullname="Kaitai.SpecBitsUnalignedB32Le" classname="Kaitai.SpecBitsUnalignedB32Le" runstate="Runnable" testcasecount="1" result="Passed" start-time="2023-11-04 09:50:16Z" end-time="2023-11-04 09:50:16Z" duration="0.002656" total="1" passed="1" failed="0" inconclusive="0" skipped="0" asserts="3">
        <test-case id="0-1029" name="TestBitsUnalignedB32Le" fullname="Kaitai.SpecBitsUnalignedB32Le.TestBitsUnalignedB32Le" methodname="TestBitsUnalignedB32Le" classname="Kaitai.SpecBitsUnalignedB32Le" runstate="Runnable" seed="2037524776" result="Passed" start-time="2023-11-04 09:50:16Z" end-time="2023-11-04 09:50:16Z" duration="0.000349" asserts="3" />
      </test-suite>
      <test-suite type="TestFixture" id="0-1030" name="SpecBitsUnalignedB64Be" fullname="Kaitai.SpecBitsUnalignedB64Be" classname="Kaitai.SpecBitsUnalignedB64Be" runstate="Runnable" testcasecount="1" result="Passed" start-time="2023-11-04 09:50:16Z" end-time="2023-11-04 09:50:16Z" duration="0.002629" total="1" passed="1" failed="0" inconclusive="0" skipped="0" asserts="3">
        <test-case id="0-1031" name="TestBitsUnalignedB64Be" fullname="Kaitai.SpecBitsUnalignedB64Be.TestBitsUnalignedB64Be" methodname="TestBitsUnalignedB64Be" classname="Kaitai.SpecBitsUnalignedB64Be" runstate="Runnable" seed="1199954337" result="Passed" start-time="2023-11-04 09:50:16Z" end-time="2023-11-04 09:50:16Z" duration="0.000323" asserts="3" />
      </test-suite>
      <test-suite type="TestFixture" id="0-1032" name="SpecBitsUnalignedB64Le" fullname="Kaitai.SpecBitsUnalignedB64Le" classname="Kaitai.SpecBitsUnalignedB64Le" runstate="Runnable" testcasecount="1" result="Passed" start-time="2023-11-04 09:50:16Z" end-time="2023-11-04 09:50:16Z" duration="0.003448" total="1" passed="1" failed="0" inconclusive="0" skipped="0" asserts="3">
        <test-case id="0-1033" name="TestBitsUnalignedB64Le" fullname="Kaitai.SpecBitsUnalignedB64Le.TestBitsUnalignedB64Le" methodname="TestBitsUnalignedB64Le" classname="Kaitai.SpecBitsUnalignedB64Le" runstate="Runnable" seed="1958792936" result="Passed" start-time="2023-11-04 09:50:16Z" end-time="2023-11-04 09:50:16Z" duration="0.000351" asserts="3" />
      </test-suite>
      <test-suite type="TestFixture" id="0-1034" name="SpecBufferedStruct" fullname="Kaitai.SpecBufferedStruct" classname="Kaitai.SpecBufferedStruct" runstate="Runnable" testcasecount="1" result="Passed" start-time="2023-11-04 09:50:16Z" end-time="2023-11-04 09:50:16Z" duration="0.003204" total="1" passed="1" failed="0" inconclusive="0" skipped="0" asserts="7">
        <test-case id="0-1035" name="TestBufferedStruct" fullname="Kaitai.SpecBufferedStruct.TestBufferedStruct" methodname="TestBufferedStruct" classname="Kaitai.SpecBufferedStruct" runstate="Runnable" seed="136907126" result="Passed" start-time="2023-11-04 09:50:16Z" end-time="2023-11-04 09:50:16Z" duration="0.000909" asserts="7" />
      </test-suite>
      <test-suite type="TestFixture" id="0-1036" name="SpecBytesPadTerm" fullname="Kaitai.SpecBytesPadTerm" classname="Kaitai.SpecBytesPadTerm" runstate="Runnable" testcasecount="1" result="Passed" start-time="2023-11-04 09:50:16Z" end-time="2023-11-04 09:50:16Z" duration="0.002836" total="1" passed="1" failed="0" inconclusive="0" skipped="0" asserts="4">
        <test-case id="0-1037" name="TestBytesPadTerm" fullname="Kaitai.SpecBytesPadTerm.TestBytesPadTerm" methodname="TestBytesPadTerm" classname="Kaitai.SpecBytesPadTerm" runstate="Runnable" seed="1050579885" result="Passed" start-time="2023-11-04 09:50:16Z" end-time="2023-11-04 09:50:16Z" duration="0.000542" asserts="4" />
      </test-suite>
      <test-suite type="TestFixture" id="0-1038" name="SpecCastNested" fullname="Kaitai.SpecCastNested" classname="Kaitai.SpecCastNested" runstate="Runnable" testcasecount="1" result="Passed" start-time="2023-11-04 09:50:16Z" end-time="2023-11-04 09:50:16Z" duration="0.017118" total="1" passed="1" failed="0" inconclusive="0" skipped="0" asserts="4">
        <test-case id="0-1039" name="TestCastNested" fullname="Kaitai.SpecCastNested.TestCastNested" methodname="TestCastNested" classname="Kaitai.SpecCastNested" runstate="Runnable" seed="2006525366" result="Passed" start-time="2023-11-04 09:50:16Z" end-time="2023-11-04 09:50:16Z" duration="0.014817" asserts="4" />
      </test-suite>
      <test-suite type="TestFixture" id="0-1040" name="SpecCastToImported" fullname="Kaitai.SpecCastToImported" classname="Kaitai.SpecCastToImported" runstate="Runnable" testcasecount="1" result="Passed" start-time="2023-11-04 09:50:16Z" end-time="2023-11-04 09:50:16Z" duration="0.002727" total="1" passed="1" failed="0" inconclusive="0" skipped="0" asserts="2">
        <test-case id="0-1041" name="TestCastToImported" fullname="Kaitai.SpecCastToImported.TestCastToImported" methodname="TestCastToImported" classname="Kaitai.SpecCastToImported" runstate="Runnable" seed="771788474" result="Passed" start-time="2023-11-04 09:50:16Z" end-time="2023-11-04 09:50:16Z" duration="0.000413" asserts="2" />
      </test-suite>
      <test-suite type="TestFixture" id="0-1042" name="SpecCastToTop" fullname="Kaitai.SpecCastToTop" classname="Kaitai.SpecCastToTop" runstate="Runnable" testcasecount="1" result="Passed" start-time="2023-11-04 09:50:16Z" end-time="2023-11-04 09:50:16Z" duration="0.003026" total="1" passed="1" failed="0" inconclusive="0" skipped="0" asserts="3">
        <test-case id="0-1043" name="TestCastToTop" fullname="Kaitai.SpecCastToTop.TestCastToTop" methodname="TestCastToTop" classname="Kaitai.SpecCastToTop" runstate="Runnable" seed="1775360308" result="Passed" start-time="2023-11-04 09:50:16Z" end-time="2023-11-04 09:50:16Z" duration="0.000716" asserts="3" />
      </test-suite>
      <test-suite type="TestFixture" id="0-1044" name="SpecCombineBool" fullname="Kaitai.SpecCombineBool" classname="Kaitai.SpecCombineBool" runstate="Runnable" testcasecount="1" result="Passed" start-time="2023-11-04 09:50:16Z" end-time="2023-11-04 09:50:16Z" duration="0.002677" total="1" passed="1" failed="0" inconclusive="0" skipped="0" asserts="2">
        <test-case id="0-1045" name="TestCombineBool" fullname="Kaitai.SpecCombineBool.TestCombineBool" methodname="TestCombineBool" classname="Kaitai.SpecCombineBool" runstate="Runnable" seed="156982603" result="Passed" start-time="2023-11-04 09:50:16Z" end-time="2023-11-04 09:50:16Z" duration="0.000369" asserts="2" />
      </test-suite>
      <test-suite type="TestFixture" id="0-1046" name="SpecCombineBytes" fullname="Kaitai.SpecCombineBytes" classname="Kaitai.SpecCombineBytes" runstate="Runnable" testcasecount="1" result="Passed" start-time="2023-11-04 09:50:16Z" end-time="2023-11-04 09:50:16Z" duration="0.002999" total="1" passed="1" failed="0" inconclusive="0" skipped="0" asserts="10">
        <test-case id="0-1047" name="TestCombineBytes" fullname="Kaitai.SpecCombineBytes.TestCombineBytes" methodname="TestCombineBytes" classname="Kaitai.SpecCombineBytes" runstate="Runnable" seed="161912022" result="Passed" start-time="2023-11-04 09:50:16Z" end-time="2023-11-04 09:50:16Z" duration="0.000701" asserts="10" />
      </test-suite>
      <test-suite type="TestFixture" id="0-1048" name="SpecCombineEnum" fullname="Kaitai.SpecCombineEnum" classname="Kaitai.SpecCombineEnum" runstate="Runnable" testcasecount="1" result="Passed" start-time="2023-11-04 09:50:16Z" end-time="2023-11-04 09:50:16Z" duration="0.002714" total="1" passed="1" failed="0" inconclusive="0" skipped="0" asserts="3">
        <test-case id="0-1049" name="TestCombineEnum" fullname="Kaitai.SpecCombineEnum.TestCombineEnum" methodname="TestCombineEnum" classname="Kaitai.SpecCombineEnum" runstate="Runnable" seed="1380874276" result="Passed" start-time="2023-11-04 09:50:16Z" end-time="2023-11-04 09:50:16Z" duration="0.000411" asserts="3" />
      </test-suite>
      <test-suite type="TestFixture" id="0-1050" name="SpecCombineStr" fullname="Kaitai.SpecCombineStr" classname="Kaitai.SpecCombineStr" runstate="Runnable" testcasecount="1" result="Passed" start-time="2023-11-04 09:50:16Z" end-time="2023-11-04 09:50:16Z" duration="0.003050" total="1" passed="1" failed="0" inconclusive="0" skipped="0" asserts="15">
        <test-case id="0-1051" name="TestCombineStr" fullname="Kaitai.SpecCombineStr.TestCombineStr" methodname="TestCombineStr" classname="Kaitai.SpecCombineStr" runstate="Runnable" seed="1550745730" result="Passed" start-time="2023-11-04 09:50:16Z" end-time="2023-11-04 09:50:16Z" duration="0.000754" asserts="15" />
      </test-suite>
      <test-suite type="TestFixture" id="0-1052" name="SpecDebug0" fullname="Kaitai.SpecDebug0" classname="Kaitai.SpecDebug0" runstate="Runnable" testcasecount="1" result="Passed" start-time="2023-11-04 09:50:16Z" end-time="2023-11-04 09:50:16Z" duration="0.002331" total="1" passed="1" failed="0" inconclusive="0" skipped="0" asserts="0">
        <test-case id="0-1053" name="TestDebug0" fullname="Kaitai.SpecDebug0.TestDebug0" methodname="TestDebug0" classname="Kaitai.SpecDebug0" runstate="Runnable" seed="1477241300" result="Passed" start-time="2023-11-04 09:50:16Z" end-time="2023-11-04 09:50:16Z" duration="0.000039" asserts="0" />
      </test-suite>
      <test-suite type="TestFixture" id="0-1054" name="SpecDebugArrayUser" fullname="Kaitai.SpecDebugArrayUser" classname="Kaitai.SpecDebugArrayUser" runstate="Runnable" testcasecount="1" result="Passed" start-time="2023-11-04 09:50:16Z" end-time="2023-11-04 09:50:16Z" duration="0.002899" total="1" passed="1" failed="0" inconclusive="0" skipped="0" asserts="4">
        <test-case id="0-1055" name="TestDebugArrayUser" fullname="Kaitai.SpecDebugArrayUser.TestDebugArrayUser" methodname="TestDebugArrayUser" classname="Kaitai.SpecDebugArrayUser" runstate="Runnable" seed="1781749138" result="Passed" start-time="2023-11-04 09:50:16Z" end-time="2023-11-04 09:50:16Z" duration="0.000607" asserts="4" />
      </test-suite>
      <test-suite type="TestFixture" id="0-1056" name="SpecDebugEnumName" fullname="Kaitai.SpecDebugEnumName" classname="Kaitai.SpecDebugEnumName" runstate="Runnable" testcasecount="1" result="Passed" start-time="2023-11-04 09:50:16Z" end-time="2023-11-04 09:50:16Z" duration="0.002369" total="1" passed="1" failed="0" inconclusive="0" skipped="0" asserts="0">
        <test-case id="0-1057" name="TestDebugEnumName" fullname="Kaitai.SpecDebugEnumName.TestDebugEnumName" methodname="TestDebugEnumName" classname="Kaitai.SpecDebugEnumName" runstate="Runnable" seed="672323172" result="Passed" start-time="2023-11-04 09:50:16Z" end-time="2023-11-04 09:50:16Z" duration="0.000042" asserts="0" />
      </test-suite>
      <test-suite type="TestFixture" id="0-1058" name="SpecDebugSwitchUser" fullname="Kaitai.SpecDebugSwitchUser" classname="Kaitai.SpecDebugSwitchUser" runstate="Runnable" testcasecount="1" result="Passed" start-time="2023-11-04 09:50:16Z" end-time="2023-11-04 09:50:16Z" duration="0.002718" total="1" passed="1" failed="0" inconclusive="0" skipped="0" asserts="2">
        <test-case id="0-1059" name="TestDebugSwitchUser" fullname="Kaitai.SpecDebugSwitchUser.TestDebugSwitchUser" methodname="TestDebugSwitchUser" classname="Kaitai.SpecDebugSwitchUser" runstate="Runnable" seed="1188255706" result="Passed" start-time="2023-11-04 09:50:16Z" end-time="2023-11-04 09:50:16Z" duration="0.000430" asserts="2" />
      </test-suite>
      <test-suite type="TestFixture" id="0-1060" name="SpecDefaultBigEndian" fullname="Kaitai.SpecDefaultBigEndian" classname="Kaitai.SpecDefaultBigEndian" runstate="Runnable" testcasecount="1" result="Passed" start-time="2023-11-04 09:50:16Z" end-time="2023-11-04 09:50:16Z" duration="0.002568" total="1" passed="1" failed="0" inconclusive="0" skipped="0" asserts="1">
        <test-case id="0-1061" name="TestDefaultBigEndian" fullname="Kaitai.SpecDefaultBigEndian.TestDefaultBigEndian" methodname="TestDefaultBigEndian" classname="Kaitai.SpecDefaultBigEndian" runstate="Runnable" seed="317820454" result="Passed" start-time="2023-11-04 09:50:16Z" end-time="2023-11-04 09:50:16Z" duration="0.000274" asserts="1" />
      </test-suite>
      <test-suite type="TestFixture" id="0-1062" name="SpecDefaultBitEndianMod" fullname="Kaitai.SpecDefaultBitEndianMod" classname="Kaitai.SpecDefaultBitEndianMod" runstate="Runnable" testcasecount="1" result="Passed" start-time="2023-11-04 09:50:16Z" end-time="2023-11-04 09:50:16Z" duration="0.002833" total="1" passed="1" failed="0" inconclusive="0" skipped="0" asserts="4">
        <test-case id="0-1063" name="TestDefaultBitEndianMod" fullname="Kaitai.SpecDefaultBitEndianMod.TestDefaultBitEndianMod" methodname="TestDefaultBitEndianMod" classname="Kaitai.SpecDefaultBitEndianMod" runstate="Runnable" seed="519322941" result="Passed" start-time="2023-11-04 09:50:16Z" end-time="2023-11-04 09:50:16Z" duration="0.000525" asserts="4" />
      </test-suite>
      <test-suite type="TestFixture" id="0-1064" name="SpecDefaultEndianExprException" fullname="Kaitai.SpecDefaultEndianExprException" classname="Kaitai.SpecDefaultEndianExprException" runstate="Runnable" testcasecount="1" result="Passed" start-time="2023-11-04 09:50:16Z" end-time="2023-11-04 09:50:16Z" duration="0.005086" total="1" passed="1" failed="0" inconclusive="0" skipped="0" asserts="1">
        <test-case id="0-1065" name="TestDefaultEndianExprException" fullname="Kaitai.SpecDefaultEndianExprException.TestDefaultEndianExprException" methodname="TestDefaultEndianExprException" classname="Kaitai.SpecDefaultEndianExprException" runstate="Runnable" seed="1603446394" result="Passed" start-time="2023-11-04 09:50:16Z" end-time="2023-11-04 09:50:16Z" duration="0.002782" asserts="1" />
      </test-suite>
      <test-suite type="TestFixture" id="0-1066" name="SpecDefaultEndianExprInherited" fullname="Kaitai.SpecDefaultEndianExprInherited" classname="Kaitai.SpecDefaultEndianExprInherited" runstate="Runnable" testcasecount="1" result="Passed" start-time="2023-11-04 09:50:16Z" end-time="2023-11-04 09:50:16Z" duration="0.004201" total="1" passed="1" failed="0" inconclusive="0" skipped="0" asserts="15">
        <test-case id="0-1067" name="TestDefaultEndianExprInherited" fullname="Kaitai.SpecDefaultEndianExprInherited.TestDefaultEndianExprInherited" methodname="TestDefaultEndianExprInherited" classname="Kaitai.SpecDefaultEndianExprInherited" runstate="Runnable" seed="906126519" result="Passed" start-time="2023-11-04 09:50:16Z" end-time="2023-11-04 09:50:16Z" duration="0.001894" asserts="15" />
      </test-suite>
      <test-suite type="TestFixture" id="0-1068" name="SpecDefaultEndianExprIsBe" fullname="Kaitai.SpecDefaultEndianExprIsBe" classname="Kaitai.SpecDefaultEndianExprIsBe" runstate="Runnable" testcasecount="1" result="Passed" start-time="2023-11-04 09:50:16Z" end-time="2023-11-04 09:50:16Z" duration="0.004145" total="1" passed="1" failed="0" inconclusive="0" skipped="0" asserts="18">
        <test-case id="0-1069" name="TestDefaultEndianExprIsBe" fullname="Kaitai.SpecDefaultEndianExprIsBe.TestDefaultEndianExprIsBe" methodname="TestDefaultEndianExprIsBe" classname="Kaitai.SpecDefaultEndianExprIsBe" runstate="Runnable" seed="982504609" result="Passed" start-time="2023-11-04 09:50:16Z" end-time="2023-11-04 09:50:16Z" duration="0.001833" asserts="18" />
      </test-suite>
      <test-suite type="TestFixture" id="0-1070" name="SpecDefaultEndianExprIsLe" fullname="Kaitai.SpecDefaultEndianExprIsLe" classname="Kaitai.SpecDefaultEndianExprIsLe" runstate="Runnable" testcasecount="1" result="Passed" start-time="2023-11-04 09:50:16Z" end-time="2023-11-04 09:50:16Z" duration="0.003783" total="1" passed="1" failed="0" inconclusive="0" skipped="0" asserts="12">
        <test-case id="0-1071" name="TestDefaultEndianExprIsLe" fullname="Kaitai.SpecDefaultEndianExprIsLe.TestDefaultEndianExprIsLe" methodname="TestDefaultEndianExprIsLe" classname="Kaitai.SpecDefaultEndianExprIsLe" runstate="Runnable" seed="15483434" result="Passed" start-time="2023-11-04 09:50:16Z" end-time="2023-11-04 09:50:16Z" duration="0.001472" asserts="12" />
      </test-suite>
      <test-suite type="TestFixture" id="0-1072" name="SpecDefaultEndianMod" fullname="Kaitai.SpecDefaultEndianMod" classname="Kaitai.SpecDefaultEndianMod" runstate="Runnable" testcasecount="1" result="Passed" start-time="2023-11-04 09:50:16Z" end-time="2023-11-04 09:50:16Z" duration="0.002985" total="1" passed="1" failed="0" inconclusive="0" skipped="0" asserts="3">
        <test-case id="0-1073" name="TestDefaultEndianMod" fullname="Kaitai.SpecDefaultEndianMod.TestDefaultEndianMod" methodname="TestDefaultEndianMod" classname="Kaitai.SpecDefaultEndianMod" runstate="Runnable" seed="964547447" result="Passed" start-time="2023-11-04 09:50:16Z" end-time="2023-11-04 09:50:16Z" duration="0.000654" asserts="3" />
      </test-suite>
      <test-suite type="TestFixture" id="0-1074" name="SpecDocstrings" fullname="Kaitai.SpecDocstrings" classname="Kaitai.SpecDocstrings" runstate="Runnable" testcasecount="1" result="Passed" start-time="2023-11-04 09:50:16Z" end-time="2023-11-04 09:50:16Z" duration="0.002528" total="1" passed="1" failed="0" inconclusive="0" skipped="0" asserts="0">
        <test-case id="0-1075" name="TestDocstrings" fullname="Kaitai.SpecDocstrings.TestDocstrings" methodname="TestDocstrings" classname="Kaitai.SpecDocstrings" runstate="Runnable" seed="1368323767" result="Passed" start-time="2023-11-04 09:50:16Z" end-time="2023-11-04 09:50:16Z" duration="0.000226" asserts="0" />
      </test-suite>
      <test-suite type="TestFixture" id="0-1076" name="SpecDocstringsDocref" fullname="Kaitai.SpecDocstringsDocref" classname="Kaitai.SpecDocstringsDocref" runstate="Runnable" testcasecount="1" result="Passed" start-time="2023-11-04 09:50:16Z" end-time="2023-11-04 09:50:16Z" duration="0.002519" total="1" passed="1" failed="0" inconclusive="0" skipped="0" asserts="0">
        <test-case id="0-1077" name="TestDocstringsDocref" fullname="Kaitai.SpecDocstringsDocref.TestDocstringsDocref" methodname="TestDocstringsDocref" classname="Kaitai.SpecDocstringsDocref" runstate="Runnable" seed="1271899382" result="Passed" start-time="2023-11-04 09:50:16Z" end-time="2023-11-04 09:50:16Z" duration="0.000224" asserts="0" />
      </test-suite>
      <test-suite type="TestFixture" id="0-1078" name="SpecDocstringsDocrefMulti" fullname="Kaitai.SpecDocstringsDocrefMulti" classname="Kaitai.SpecDocstringsDocrefMulti" runstate="Runnable" testcasecount="1" result="Passed" start-time="2023-11-04 09:50:16Z" end-time="2023-11-04 09:50:16Z" duration="0.002471" total="1" passed="1" failed="0" inconclusive="0" skipped="0" asserts="0">
        <test-case id="0-1079" name="TestDocstringsDocrefMulti" fullname="Kaitai.SpecDocstringsDocrefMulti.TestDocstringsDocrefMulti" methodname="TestDocstringsDocrefMulti" classname="Kaitai.SpecDocstringsDocrefMulti" runstate="Runnable" seed="894744129" result="Passed" start-time="2023-11-04 09:50:16Z" end-time="2023-11-04 09:50:16Z" duration="0.000180" asserts="0" />
      </test-suite>
      <test-suite type="TestFixture" id="0-1080" name="SpecEnum0" fullname="Kaitai.SpecEnum0" classname="Kaitai.SpecEnum0" runstate="Runnable" testcasecount="1" result="Passed" start-time="2023-11-04 09:50:16Z" end-time="2023-11-04 09:50:16Z" duration="0.002572" total="1" passed="1" failed="0" inconclusive="0" skipped="0" asserts="2">
        <test-case id="0-1081" name="TestEnum0" fullname="Kaitai.SpecEnum0.TestEnum0" methodname="TestEnum0" classname="Kaitai.SpecEnum0" runstate="Runnable" seed="293390377" result="Passed" start-time="2023-11-04 09:50:16Z" end-time="2023-11-04 09:50:16Z" duration="0.000280" asserts="2" />
      </test-suite>
      <test-suite type="TestFixture" id="0-1082" name="SpecEnum1" fullname="Kaitai.SpecEnum1" classname="Kaitai.SpecEnum1" runstate="Runnable" testcasecount="1" result="Passed" start-time="2023-11-04 09:50:16Z" end-time="2023-11-04 09:50:16Z" duration="0.002683" total="1" passed="1" failed="0" inconclusive="0" skipped="0" asserts="2">
        <test-case id="0-1083" name="TestEnum1" fullname="Kaitai.SpecEnum1.TestEnum1" methodname="TestEnum1" classname="Kaitai.SpecEnum1" runstate="Runnable" seed="2117325573" result="Passed" start-time="2023-11-04 09:50:16Z" end-time="2023-11-04 09:50:16Z" duration="0.000394" asserts="2" />
      </test-suite>
      <test-suite type="TestFixture" id="0-1084" name="SpecEnumDeep" fullname="Kaitai.SpecEnumDeep" classname="Kaitai.SpecEnumDeep" runstate="Runnable" testcasecount="1" result="Passed" start-time="2023-11-04 09:50:16Z" end-time="2023-11-04 09:50:16Z" duration="0.002580" total="1" passed="1" failed="0" inconclusive="0" skipped="0" asserts="2">
        <test-case id="0-1085" name="TestEnumDeep" fullname="Kaitai.SpecEnumDeep.TestEnumDeep" methodname="TestEnumDeep" classname="Kaitai.SpecEnumDeep" runstate="Runnable" seed="1939113877" result="Passed" start-time="2023-11-04 09:50:16Z" end-time="2023-11-04 09:50:16Z" duration="0.000275" asserts="2" />
      </test-suite>
      <test-suite type="TestFixture" id="0-1086" name="SpecEnumDeepLiterals" fullname="Kaitai.SpecEnumDeepLiterals" classname="Kaitai.SpecEnumDeepLiterals" runstate="Runnable" testcasecount="1" result="Passed" start-time="2023-11-04 09:50:16Z" end-time="2023-11-04 09:50:16Z" duration="0.002652" total="1" passed="1" failed="0" inconclusive="0" skipped="0" asserts="2">
        <test-case id="0-1087" name="TestEnumDeepLiterals" fullname="Kaitai.SpecEnumDeepLiterals.TestEnumDeepLiterals" methodname="TestEnumDeepLiterals" classname="Kaitai.SpecEnumDeepLiterals" runstate="Runnable" seed="325526351" result="Passed" start-time="2023-11-04 09:50:16Z" end-time="2023-11-04 09:50:16Z" duration="0.000348" asserts="2" />
      </test-suite>
      <test-suite type="TestFixture" id="0-1088" name="SpecEnumFancy" fullname="Kaitai.SpecEnumFancy" classname="Kaitai.SpecEnumFancy" runstate="Runnable" testcasecount="1" result="Passed" start-time="2023-11-04 09:50:16Z" end-time="2023-11-04 09:50:16Z" duration="0.002564" total="1" passed="1" failed="0" inconclusive="0" skipped="0" asserts="2">
        <test-case id="0-1089" name="TestEnumFancy" fullname="Kaitai.SpecEnumFancy.TestEnumFancy" methodname="TestEnumFancy" classname="Kaitai.SpecEnumFancy" runstate="Runnable" seed="1309962415" result="Passed" start-time="2023-11-04 09:50:16Z" end-time="2023-11-04 09:50:16Z" duration="0.000272" asserts="2" />
      </test-suite>
      <test-suite type="TestFixture" id="0-1090" name="SpecEnumIf" fullname="Kaitai.SpecEnumIf" classname="Kaitai.SpecEnumIf" runstate="Runnable" testcasecount="1" result="Passed" start-time="2023-11-04 09:50:16Z" end-time="2023-11-04 09:50:16Z" duration="0.003074" total="1" passed="1" failed="0" inconclusive="0" skipped="0" asserts="7">
        <test-case id="0-1091" name="TestEnumIf" fullname="Kaitai.SpecEnumIf.TestEnumIf" methodname="TestEnumIf" classname="Kaitai.SpecEnumIf" runstate="Runnable" seed="1099785812" result="Passed" start-time="2023-11-04 09:50:16Z" end-time="2023-11-04 09:50:16Z" duration="0.000775" asserts="7" />
      </test-suite>
      <test-suite type="TestFixture" id="0-1092" name="SpecEnumImport" fullname="Kaitai.SpecEnumImport" classname="Kaitai.SpecEnumImport" runstate="Runnable" testcasecount="1" result="Passed" start-time="2023-11-04 09:50:16Z" end-time="2023-11-04 09:50:16Z" duration="0.002680" total="1" passed="1" failed="0" inconclusive="0" skipped="0" asserts="2">
        <test-case id="0-1093" name="TestEnumImport" fullname="Kaitai.SpecEnumImport.TestEnumImport" methodname="TestEnumImport" classname="Kaitai.SpecEnumImport" runstate="Runnable" seed="621731274" result="Passed" start-time="2023-11-04 09:50:16Z" end-time="2023-11-04 09:50:16Z" duration="0.000315" asserts="2" />
      </test-suite>
      <test-suite type="TestFixture" id="0-1094" name="SpecEnumIntRangeS" fullname="Kaitai.SpecEnumIntRangeS" classname="Kaitai.SpecEnumIntRangeS" runstate="Runnable" testcasecount="1" result="Passed" start-time="2023-11-04 09:50:16Z" end-time="2023-11-04 09:50:16Z" duration="0.002631" total="1" passed="1" failed="0" inconclusive="0" skipped="0" asserts="3">
        <test-case id="0-1095" name="TestEnumIntRangeS" fullname="Kaitai.SpecEnumIntRangeS.TestEnumIntRangeS" methodname="TestEnumIntRangeS" classname="Kaitai.SpecEnumIntRangeS" runstate="Runnable" seed="1904327809" result="Passed" start-time="2023-11-04 09:50:16Z" end-time="2023-11-04 09:50:16Z" duration="0.000319" asserts="3" />
      </test-suite>
      <test-suite type="TestFixture" id="0-1096" name="SpecEnumInvalid" fullname="Kaitai.SpecEnumInvalid" classname="Kaitai.SpecEnumInvalid" runstate="Runnable" testcasecount="1" result="Passed" start-time="2023-11-04 09:50:16Z" end-time="2023-11-04 09:50:16Z" duration="0.002620" total="1" passed="1" failed="0" inconclusive="0" skipped="0" asserts="2">
        <test-case id="0-1097" name="TestEnumInvalid" fullname="Kaitai.SpecEnumInvalid.TestEnumInvalid" methodname="TestEnumInvalid" classname="Kaitai.SpecEnumInvalid" runstate="Runnable" seed="1855215633" result="Passed" start-time="2023-11-04 09:50:16Z" end-time="2023-11-04 09:50:16Z" duration="0.000310" asserts="2" />
      </test-suite>
      <test-suite type="TestFixture" id="0-1098" name="SpecEnumNegative" fullname="Kaitai.SpecEnumNegative" classname="Kaitai.SpecEnumNegative" runstate="Runnable" testcasecount="1" result="Passed" start-time="2023-11-04 09:50:16Z" end-time="2023-11-04 09:50:16Z" duration="0.002634" total="1" passed="1" failed="0" inconclusive="0" skipped="0" asserts="2">
        <test-case id="0-1099" name="TestEnumNegative" fullname="Kaitai.SpecEnumNegative.TestEnumNegative" methodname="TestEnumNegative" classname="Kaitai.SpecEnumNegative" runstate="Runnable" seed="1039728253" result="Passed" start-time="2023-11-04 09:50:16Z" end-time="2023-11-04 09:50:16Z" duration="0.000323" asserts="2" />
      </test-suite>
      <test-suite type="TestFixture" id="0-1100" name="SpecEnumOfValueInst" fullname="Kaitai.SpecEnumOfValueInst" classname="Kaitai.SpecEnumOfValueInst" runstate="Runnable" testcasecount="1" result="Passed" start-time="2023-11-04 09:50:16Z" end-time="2023-11-04 09:50:16Z" duration="0.002791" total="1" passed="1" failed="0" inconclusive="0" skipped="0" asserts="4">
        <test-case id="0-1101" name="TestEnumOfValueInst" fullname="Kaitai.SpecEnumOfValueInst.TestEnumOfValueInst" methodname="TestEnumOfValueInst" classname="Kaitai.SpecEnumOfValueInst" runstate="Runnable" seed="1783496384" result="Passed" start-time="2023-11-04 09:50:16Z" end-time="2023-11-04 09:50:16Z" duration="0.000461" asserts="4" />
      </test-suite>
      <test-suite type="TestFixture" id="0-1102" name="SpecEofExceptionBytes" fullname="Kaitai.SpecEofExceptionBytes" classname="Kaitai.SpecEofExceptionBytes" runstate="Runnable" testcasecount="1" result="Passed" start-time="2023-11-04 09:50:16Z" end-time="2023-11-04 09:50:16Z" duration="0.003145" total="1" passed="1" failed="0" inconclusive="0" skipped="0" asserts="1">
        <test-case id="0-1103" name="TestEofExceptionBytes" fullname="Kaitai.SpecEofExceptionBytes.TestEofExceptionBytes" methodname="TestEofExceptionBytes" classname="Kaitai.SpecEofExceptionBytes" runstate="Runnable" seed="410296443" result="Passed" start-time="2023-11-04 09:50:16Z" end-time="2023-11-04 09:50:16Z" duration="0.000829" asserts="1" />
      </test-suite>
      <test-suite type="TestFixture" id="0-1104" name="SpecEofExceptionU4" fullname="Kaitai.SpecEofExceptionU4" classname="Kaitai.SpecEofExceptionU4" runstate="Runnable" testcasecount="1" result="Passed" start-time="2023-11-04 09:50:16Z" end-time="2023-11-04 09:50:16Z" duration="0.002686" total="1" passed="1" failed="0" inconclusive="0" skipped="0" asserts="1">
        <test-case id="0-1105" name="TestEofExceptionU4" fullname="Kaitai.SpecEofExceptionU4.TestEofExceptionU4" methodname="TestEofExceptionU4" classname="Kaitai.SpecEofExceptionU4" runstate="Runnable" seed="80180593" result="Passed" start-time="2023-11-04 09:50:16Z" end-time="2023-11-04 09:50:16Z" duration="0.000365" asserts="1" />
      </test-suite>
      <test-suite type="TestFixture" id="0-1106" name="SpecEosExceptionBytes" fullname="Kaitai.SpecEosExceptionBytes" classname="Kaitai.SpecEosExceptionBytes" runstate="Runnable" testcasecount="1" result="Passed" start-time="2023-11-04 09:50:16Z" end-time="2023-11-04 09:50:16Z" duration="0.002749" total="1" passed="1" failed="0" inconclusive="0" skipped="0" asserts="1">
        <test-case id="0-1107" name="TestEosExceptionBytes" fullname="Kaitai.SpecEosExceptionBytes.TestEosExceptionBytes" methodname="TestEosExceptionBytes" classname="Kaitai.SpecEosExceptionBytes" runstate="Runnable" seed="1934604206" result="Passed" start-time="2023-11-04 09:50:16Z" end-time="2023-11-04 09:50:16Z" duration="0.000410" asserts="1" />
      </test-suite>
      <test-suite type="TestFixture" id="0-1108" name="SpecEosExceptionU4" fullname="Kaitai.SpecEosExceptionU4" classname="Kaitai.SpecEosExceptionU4" runstate="Runnable" testcasecount="1" result="Passed" start-time="2023-11-04 09:50:16Z" end-time="2023-11-04 09:50:16Z" duration="0.002737" total="1" passed="1" failed="0" inconclusive="0" skipped="0" asserts="1">
        <test-case id="0-1109" name="TestEosExceptionU4" fullname="Kaitai.SpecEosExceptionU4.TestEosExceptionU4" methodname="TestEosExceptionU4" classname="Kaitai.SpecEosExceptionU4" runstate="Runnable" seed="1842207536" result="Passed" start-time="2023-11-04 09:50:16Z" end-time="2023-11-04 09:50:16Z" duration="0.000419" asserts="1" />
      </test-suite>
      <test-suite type="TestFixture" id="0-1110" name="SpecExpr0" fullname="Kaitai.SpecExpr0" classname="Kaitai.SpecExpr0" runstate="Runnable" testcasecount="1" result="Passed" start-time="2023-11-04 09:50:16Z" end-time="2023-11-04 09:50:16Z" duration="0.002655" total="1" passed="1" failed="0" inconclusive="0" skipped="0" asserts="2">
        <test-case id="0-1111" name="TestExpr0" fullname="Kaitai.SpecExpr0.TestExpr0" methodname="TestExpr0" classname="Kaitai.SpecExpr0" runstate="Runnable" seed="2054148614" result="Passed" start-time="2023-11-04 09:50:16Z" end-time="2023-11-04 09:50:16Z" duration="0.000342" asserts="2" />
      </test-suite>
      <test-suite type="TestFixture" id="0-1112" name="SpecExpr1" fullname="Kaitai.SpecExpr1" classname="Kaitai.SpecExpr1" runstate="Runnable" testcasecount="1" result="Passed" start-time="2023-11-04 09:50:16Z" end-time="2023-11-04 09:50:16Z" duration="0.002748" total="1" passed="1" failed="0" inconclusive="0" skipped="0" asserts="4">
        <test-case id="0-1113" name="TestExpr1" fullname="Kaitai.SpecExpr1.TestExpr1" methodname="TestExpr1" classname="Kaitai.SpecExpr1" runstate="Runnable" seed="1628053853" result="Passed" start-time="2023-11-04 09:50:16Z" end-time="2023-11-04 09:50:16Z" duration="0.000432" asserts="4" />
      </test-suite>
      <test-suite type="TestFixture" id="0-1114" name="SpecExpr2" fullname="Kaitai.SpecExpr2" classname="Kaitai.SpecExpr2" runstate="Runnable" testcasecount="1" result="Passed" start-time="2023-11-04 09:50:16Z" end-time="2023-11-04 09:50:16Z" duration="0.003519" total="1" passed="1" failed="0" inconclusive="0" skipped="0" asserts="17">
        <test-case id="0-1115" name="TestExpr2" fullname="Kaitai.SpecExpr2.TestExpr2" methodname="TestExpr2" classname="Kaitai.SpecExpr2" runstate="Runnable" seed="1704586351" result="Passed" start-time="2023-11-04 09:50:16Z" end-time="2023-11-04 09:50:16Z" duration="0.001208" asserts="17" />
      </test-suite>
      <test-suite type="TestFixture" id="0-1116" name="SpecExpr3" fullname="Kaitai.SpecExpr3" classname="Kaitai.SpecExpr3" runstate="Runnable" testcasecount="1" result="Passed" start-time="2023-11-04 09:50:16Z" end-time="2023-11-04 09:50:16Z" duration="0.003309" total="1" passed="1" failed="0" inconclusive="0" skipped="0" asserts="12">
        <test-case id="0-1117" name="TestExpr3" fullname="Kaitai.SpecExpr3.TestExpr3" methodname="TestExpr3" classname="Kaitai.SpecExpr3" runstate="Runnable" seed="1221216480" result="Passed" start-time="2023-11-04 09:50:16Z" end-time="2023-11-04 09:50:16Z" duration="0.000996" asserts="12" />
      </test-suite>
      <test-suite type="TestFixture" id="0-1118" name="SpecExprArray" fullname="Kaitai.SpecExprArray" classname="Kaitai.SpecExprArray" runstate="Runnable" testcasecount="1" result="Passed" start-time="2023-11-04 09:50:16Z" end-time="2023-11-04 09:50:16Z" duration="0.007188" total="1" passed="1" failed="0" inconclusive="0" skipped="0" asserts="15">
        <test-case id="0-1119" name="TestExprArray" fullname="Kaitai.SpecExprArray.TestExprArray" methodname="TestExprArray" classname="Kaitai.SpecExprArray" runstate="Runnable" seed="2122070029" result="Passed" start-time="2023-11-04 09:50:16Z" end-time="2023-11-04 09:50:16Z" duration="0.004882" asserts="15" />
      </test-suite>
      <test-suite type="TestFixture" id="0-1120" name="SpecExprBytesCmp" fullname="Kaitai.SpecExprBytesCmp" classname="Kaitai.SpecExprBytesCmp" runstate="Runnable" testcasecount="1" result="Passed" start-time="2023-11-04 09:50:16Z" end-time="2023-11-04 09:50:16Z" duration="0.003262" total="1" passed="1" failed="0" inconclusive="0" skipped="0" asserts="10">
        <test-case id="0-1121" name="TestExprBytesCmp" fullname="Kaitai.SpecExprBytesCmp.TestExprBytesCmp" methodname="TestExprBytesCmp" classname="Kaitai.SpecExprBytesCmp" runstate="Runnable" seed="381704599" result="Passed" start-time="2023-11-04 09:50:16Z" end-time="2023-11-04 09:50:16Z" duration="0.000944" asserts="10" />
      </test-suite>
      <test-suite type="TestFixture" id="0-1122" name="SpecExprBytesNonLiteral" fullname="Kaitai.SpecExprBytesNonLiteral" classname="Kaitai.SpecExprBytesNonLiteral" runstate="Runnable" testcasecount="1" result="Passed" start-time="2023-11-04 09:50:16Z" end-time="2023-11-04 09:50:16Z" duration="0.002706" total="1" passed="1" failed="0" inconclusive="0" skipped="0" asserts="3">
        <test-case id="0-1123" name="TestExprBytesNonLiteral" fullname="Kaitai.SpecExprBytesNonLiteral.TestExprBytesNonLiteral" methodname="TestExprBytesNonLiteral" classname="Kaitai.SpecExprBytesNonLiteral" runstate="Runnable" seed="142398201" result="Passed" start-time="2023-11-04 09:50:16Z" end-time="2023-11-04 09:50:16Z" duration="0.000390" asserts="3" />
      </test-suite>
      <test-suite type="TestFixture" id="0-1124" name="SpecExprBytesOps" fullname="Kaitai.SpecExprBytesOps" classname="Kaitai.SpecExprBytesOps" runstate="Runnable" testcasecount="1" result="Passed" start-time="2023-11-04 09:50:16Z" end-time="2023-11-04 09:50:16Z" duration="0.004143" total="1" passed="1" failed="0" inconclusive="0" skipped="0" asserts="16">
        <test-case id="0-1125" name="TestExprBytesOps" fullname="Kaitai.SpecExprBytesOps.TestExprBytesOps" methodname="TestExprBytesOps" classname="Kaitai.SpecExprBytesOps" runstate="Runnable" seed="974814334" result="Passed" start-time="2023-11-04 09:50:16Z" end-time="2023-11-04 09:50:16Z" duration="0.001822" asserts="16" />
      </test-suite>
      <test-suite type="TestFixture" id="0-1126" name="SpecExprCalcArrayOps" fullname="Kaitai.SpecExprCalcArrayOps" classname="Kaitai.SpecExprCalcArrayOps" runstate="Runnable" testcasecount="1" result="Passed" start-time="2023-11-04 09:50:16Z" end-time="2023-11-04 09:50:16Z" duration="0.004672" total="1" passed="1" failed="0" inconclusive="0" skipped="0" asserts="18">
        <test-case id="0-1127" name="TestExprCalcArrayOps" fullname="Kaitai.SpecExprCalcArrayOps.TestExprCalcArrayOps" methodname="TestExprCalcArrayOps" classname="Kaitai.SpecExprCalcArrayOps" runstate="Runnable" seed="42803815" result="Passed" start-time="2023-11-04 09:50:16Z" end-time="2023-11-04 09:50:16Z" duration="0.002331" asserts="18" />
      </test-suite>
      <test-suite type="TestFixture" id="0-1128" name="SpecExprEnum" fullname="Kaitai.SpecExprEnum" classname="Kaitai.SpecExprEnum" runstate="Runnable" testcasecount="1" result="Passed" start-time="2023-11-04 09:50:16Z" end-time="2023-11-04 09:50:16Z" duration="0.002785" total="1" passed="1" failed="0" inconclusive="0" skipped="0" asserts="3">
        <test-case id="0-1129" name="TestExprEnum" fullname="Kaitai.SpecExprEnum.TestExprEnum" methodname="TestExprEnum" classname="Kaitai.SpecExprEnum" runstate="Runnable" seed="597035985" result="Passed" start-time="2023-11-04 09:50:16Z" end-time="2023-11-04 09:50:16Z" duration="0.000451" asserts="3" />
      </test-suite>
      <test-suite type="TestFixture" id="0-1130" name="SpecExprIfIntOps" fullname="Kaitai.SpecExprIfIntOps" classname="Kaitai.SpecExprIfIntOps" runstate="Runnable" testcasecount="1" result="Passed" start-time="2023-11-04 09:50:16Z" end-time="2023-11-04 09:50:16Z" duration="0.002978" total="1" passed="1" failed="0" inconclusive="0" skipped="0" asserts="2">
        <test-case id="0-1131" name="TestExprIfIntOps" fullname="Kaitai.SpecExprIfIntOps.TestExprIfIntOps" methodname="TestExprIfIntOps" classname="Kaitai.SpecExprIfIntOps" runstate="Runnable" seed="715684096" result="Passed" start-time="2023-11-04 09:50:16Z" end-time="2023-11-04 09:50:16Z" duration="0.000661" asserts="2" />
      </test-suite>
      <test-suite type="TestFixture" id="0-1132" name="SpecExprIntDiv" fullname="Kaitai.SpecExprIntDiv" classname="Kaitai.SpecExprIntDiv" runstate="Runnable" testcasecount="1" result="Failed" site="Child" start-time="2023-11-04 09:50:16Z" end-time="2023-11-04 09:50:16Z" duration="0.009738" total="1" passed="0" failed="1" inconclusive="0" skipped="0" asserts="4">
        <failure>
          <message><![CDATA[One or more child tests had errors]]></message>
        </failure>
        <test-case id="0-1133" name="TestExprIntDiv" fullname="Kaitai.SpecExprIntDiv.TestExprIntDiv" methodname="TestExprIntDiv" classname="Kaitai.SpecExprIntDiv" runstate="Runnable" seed="1616111100" result="Failed" start-time="2023-11-04 09:50:16Z" end-time="2023-11-04 09:50:16Z" duration="0.007398" asserts="4">
          <failure>
            <message><![CDATA[  Expected: -756
  But was:  -757
]]></message>
            <stack-trace><![CDATA[at Kaitai.SpecExprIntDiv.TestExprIntDiv () [0x00069] in <473d2ced5ac8463bacaf536e558f8e13>:0
]]></stack-trace>
          </failure>
        </test-case>
      </test-suite>
      <test-suite type="TestFixture" id="0-1134" name="SpecExprIoEof" fullname="Kaitai.SpecExprIoEof" classname="Kaitai.SpecExprIoEof" runstate="Runnable" testcasecount="1" result="Passed" start-time="2023-11-04 09:50:16Z" end-time="2023-11-04 09:50:16Z" duration="0.003099" total="1" passed="1" failed="0" inconclusive="0" skipped="0" asserts="4">
        <test-case id="0-1135" name="TestExprIoEof" fullname="Kaitai.SpecExprIoEof.TestExprIoEof" methodname="TestExprIoEof" classname="Kaitai.SpecExprIoEof" runstate="Runnable" seed="1390856115" result="Passed" start-time="2023-11-04 09:50:16Z" end-time="2023-11-04 09:50:16Z" duration="0.000784" asserts="4" />
      </test-suite>
      <test-suite type="TestFixture" id="0-1136" name="SpecExprIoPos" fullname="Kaitai.SpecExprIoPos" classname="Kaitai.SpecExprIoPos" runstate="Runnable" testcasecount="1" result="Passed" start-time="2023-11-04 09:50:16Z" end-time="2023-11-04 09:50:16Z" duration="0.002872" total="1" passed="1" failed="0" inconclusive="0" skipped="0" asserts="6">
        <test-case id="0-1137" name="TestExprIoPos" fullname="Kaitai.SpecExprIoPos.TestExprIoPos" methodname="TestExprIoPos" classname="Kaitai.SpecExprIoPos" runstate="Runnable" seed="1475446012" result="Passed" start-time="2023-11-04 09:50:16Z" end-time="2023-11-04 09:50:16Z" duration="0.000557" asserts="6" />
      </test-suite>
      <test-suite type="TestFixture" id="0-1138" name="SpecExprMod" fullname="Kaitai.SpecExprMod" classname="Kaitai.SpecExprMod" runstate="Runnable" testcasecount="1" result="Passed" start-time="2023-11-04 09:50:16Z" end-time="2023-11-04 09:50:16Z" duration="0.002933" total="1" passed="1" failed="0" inconclusive="0" skipped="0" asserts="6">
        <test-case id="0-1139" name="TestExprMod" fullname="Kaitai.SpecExprMod.TestExprMod" methodname="TestExprMod" classname="Kaitai.SpecExprMod" runstate="Runnable" seed="1126121606" result="Passed" start-time="2023-11-04 09:50:16Z" end-time="2023-11-04 09:50:16Z" duration="0.000604" asserts="6" />
      </test-suite>
      <test-suite type="TestFixture" id="0-1140" name="SpecExprSizeofType0" fullname="Kaitai.SpecExprSizeofType0" classname="Kaitai.SpecExprSizeofType0" runstate="Runnable" testcasecount="1" result="Passed" start-time="2023-11-04 09:50:16Z" end-time="2023-11-04 09:50:16Z" duration="0.002572" total="1" passed="1" failed="0" inconclusive="0" skipped="0" asserts="1">
        <test-case id="0-1141" name="TestExprSizeofType0" fullname="Kaitai.SpecExprSizeofType0.TestExprSizeofType0" methodname="TestExprSizeofType0" classname="Kaitai.SpecExprSizeofType0" runstate="Runnable" seed="150227421" result="Passed" start-time="2023-11-04 09:50:16Z" end-time="2023-11-04 09:50:16Z" duration="0.000251" asserts="1" />
      </test-suite>
      <test-suite type="TestFixture" id="0-1142" name="SpecExprSizeofType1" fullname="Kaitai.SpecExprSizeofType1" classname="Kaitai.SpecExprSizeofType1" runstate="Runnable" testcasecount="1" result="Passed" start-time="2023-11-04 09:50:16Z" end-time="2023-11-04 09:50:16Z" duration="0.002625" total="1" passed="1" failed="0" inconclusive="0" skipped="0" asserts="2">
        <test-case id="0-1143" name="TestExprSizeofType1" fullname="Kaitai.SpecExprSizeofType1.TestExprSizeofType1" methodname="TestExprSizeofType1" classname="Kaitai.SpecExprSizeofType1" runstate="Runnable" seed="1766520604" result="Passed" start-time="2023-11-04 09:50:16Z" end-time="2023-11-04 09:50:16Z" duration="0.000315" asserts="2" />
      </test-suite>
      <test-suite type="TestFixture" id="0-1144" name="SpecExprSizeofValue0" fullname="Kaitai.SpecExprSizeofValue0" classname="Kaitai.SpecExprSizeofValue0" runstate="Runnable" testcasecount="1" result="Passed" start-time="2023-11-04 09:50:16Z" end-time="2023-11-04 09:50:16Z" duration="0.002845" total="1" passed="1" failed="0" inconclusive="0" skipped="0" asserts="5">
        <test-case id="0-1145" name="TestExprSizeofValue0" fullname="Kaitai.SpecExprSizeofValue0.TestExprSizeofValue0" methodname="TestExprSizeofValue0" classname="Kaitai.SpecExprSizeofValue0" runstate="Runnable" seed="1772357767" result="Passed" start-time="2023-11-04 09:50:16Z" end-time="2023-11-04 09:50:16Z" duration="0.000531" asserts="5" />
      </test-suite>
      <test-suite type="TestFixture" id="0-1146" name="SpecExprSizeofValueSized" fullname="Kaitai.SpecExprSizeofValueSized" classname="Kaitai.SpecExprSizeofValueSized" runstate="Runnable" testcasecount="1" result="Passed" start-time="2023-11-04 09:50:16Z" end-time="2023-11-04 09:50:16Z" duration="0.002813" total="1" passed="1" failed="0" inconclusive="0" skipped="0" asserts="5">
        <test-case id="0-1147" name="TestExprSizeofValueSized" fullname="Kaitai.SpecExprSizeofValueSized.TestExprSizeofValueSized" methodname="TestExprSizeofValueSized" classname="Kaitai.SpecExprSizeofValueSized" runstate="Runnable" seed="1626647429" result="Passed" start-time="2023-11-04 09:50:16Z" end-time="2023-11-04 09:50:16Z" duration="0.000502" asserts="5" />
      </test-suite>
      <test-suite type="TestFixture" id="0-1148" name="SpecExprStrEncodings" fullname="Kaitai.SpecExprStrEncodings" classname="Kaitai.SpecExprStrEncodings" runstate="Runnable" testcasecount="1" result="Passed" start-time="2023-11-04 09:50:16Z" end-time="2023-11-04 09:50:16Z" duration="0.117673" total="1" passed="1" failed="0" inconclusive="0" skipped="0" asserts="7">
        <test-case id="0-1149" name="TestExprStrEncodings" fullname="Kaitai.SpecExprStrEncodings.TestExprStrEncodings" methodname="TestExprStrEncodings" classname="Kaitai.SpecExprStrEncodings" runstate="Runnable" seed="794260670" result="Passed" start-time="2023-11-04 09:50:16Z" end-time="2023-11-04 09:50:16Z" duration="0.115325" asserts="7" />
      </test-suite>
      <test-suite type="TestFixture" id="0-1150" name="SpecExprStrOps" fullname="Kaitai.SpecExprStrOps" classname="Kaitai.SpecExprStrOps" runstate="Runnable" testcasecount="1" result="Passed" start-time="2023-11-04 09:50:16Z" end-time="2023-11-04 09:50:16Z" duration="0.004705" total="1" passed="1" failed="0" inconclusive="0" skipped="0" asserts="17">
        <test-case id="0-1151" name="TestExprStrOps" fullname="Kaitai.SpecExprStrOps.TestExprStrOps" methodname="TestExprStrOps" classname="Kaitai.SpecExprStrOps" runstate="Runnable" seed="647720377" result="Passed" start-time="2023-11-04 09:50:16Z" end-time="2023-11-04 09:50:16Z" duration="0.002387" asserts="17" />
      </test-suite>
      <test-suite type="TestFixture" id="0-1152" name="SpecExprToITrailing" fullname="Kaitai.SpecExprToITrailing" classname="Kaitai.SpecExprToITrailing" runstate="Runnable" testcasecount="1" result="Passed" start-time="2023-11-04 09:50:16Z" end-time="2023-11-04 09:50:16Z" duration="0.002976" total="1" passed="1" failed="0" inconclusive="0" skipped="0" asserts="3">
        <test-case id="0-1153" name="TestExprToITrailing" fullname="Kaitai.SpecExprToITrailing.TestExprToITrailing" methodname="TestExprToITrailing" classname="Kaitai.SpecExprToITrailing" runstate="Runnable" seed="1117571460" result="Passed" start-time="2023-11-04 09:50:16Z" end-time="2023-11-04 09:50:16Z" duration="0.000641" asserts="3" />
      </test-suite>
      <test-suite type="TestFixture" id="0-1154" name="SpecFixedContents" fullname="Kaitai.SpecFixedContents" classname="Kaitai.SpecFixedContents" runstate="Runnable" testcasecount="1" result="Passed" start-time="2023-11-04 09:50:16Z" end-time="2023-11-04 09:50:16Z" duration="0.002683" total="1" passed="1" failed="0" inconclusive="0" skipped="0" asserts="0">
        <test-case id="0-1155" name="TestFixedContents" fullname="Kaitai.SpecFixedContents.TestFixedContents" methodname="TestFixedContents" classname="Kaitai.SpecFixedContents" runstate="Runnable" seed="1794080007" result="Passed" start-time="2023-11-04 09:50:16Z" end-time="2023-11-04 09:50:16Z" duration="0.000368" asserts="0" />
      </test-suite>
      <test-suite type="TestFixture" id="0-1156" name="SpecFixedStruct" fullname="Kaitai.SpecFixedStruct" classname="Kaitai.SpecFixedStruct" runstate="Runnable" testcasecount="1" result="Passed" start-time="2023-11-04 09:50:16Z" end-time="2023-11-04 09:50:16Z" duration="0.003776" total="1" passed="1" failed="0" inconclusive="0" skipped="0" asserts="20">
        <test-case id="0-1157" name="TestFixedStruct" fullname="Kaitai.SpecFixedStruct.TestFixedStruct" methodname="TestFixedStruct" classname="Kaitai.SpecFixedStruct" runstate="Runnable" seed="1465589567" result="Passed" start-time="2023-11-04 09:50:16Z" end-time="2023-11-04 09:50:16Z" duration="0.001454" asserts="20" />
      </test-suite>
      <test-suite type="TestFixture" id="0-1160" name="SpecFloatingPoints" fullname="Kaitai.SpecFloatingPoints" classname="Kaitai.SpecFloatingPoints" runstate="Runnable" testcasecount="1" result="Passed" start-time="2023-11-04 09:50:17Z" end-time="2023-11-04 09:50:17Z" duration="0.002922" total="1" passed="1" failed="0" inconclusive="0" skipped="0" asserts="8">
        <test-case id="0-1161" name="TestFloatingPoints" fullname="Kaitai.SpecFloatingPoints.TestFloatingPoints" methodname="TestFloatingPoints" classname="Kaitai.SpecFloatingPoints" runstate="Runnable" seed="1537659499" result="Passed" start-time="2023-11-04 09:50:17Z" end-time="2023-11-04 09:50:17Z" duration="0.000605" asserts="8" />
      </test-suite>
      <test-suite type="TestFixture" id="0-1158" name="SpecFloatToI" fullname="Kaitai.SpecFloatToI" classname="Kaitai.SpecFloatToI" runstate="Runnable" testcasecount="1" result="Passed" start-time="2023-11-04 09:50:17Z" end-time="2023-11-04 09:50:17Z" duration="0.002946" total="1" passed="1" failed="0" inconclusive="0" skipped="0" asserts="8">
        <test-case id="0-1159" name="TestFloatToI" fullname="Kaitai.SpecFloatToI.TestFloatToI" methodname="TestFloatToI" classname="Kaitai.SpecFloatToI" runstate="Runnable" seed="459429777" result="Passed" start-time="2023-11-04 09:50:17Z" end-time="2023-11-04 09:50:17Z" duration="0.000620" asserts="8" />
      </test-suite>
      <test-suite type="TestFixture" id="0-1162" name="SpecHelloWorld" fullname="Kaitai.SpecHelloWorld" classname="Kaitai.SpecHelloWorld" runstate="Runnable" testcasecount="1" result="Passed" start-time="2023-11-04 09:50:17Z" end-time="2023-11-04 09:50:17Z" duration="0.002506" total="1" passed="1" failed="0" inconclusive="0" skipped="0" asserts="1">
        <test-case id="0-1163" name="TestHelloWorld" fullname="Kaitai.SpecHelloWorld.TestHelloWorld" methodname="TestHelloWorld" classname="Kaitai.SpecHelloWorld" runstate="Runnable" seed="963417935" result="Passed" start-time="2023-11-04 09:50:17Z" end-time="2023-11-04 09:50:17Z" duration="0.000183" asserts="1" />
      </test-suite>
      <test-suite type="TestFixture" id="0-1164" name="SpecIfInstances" fullname="Kaitai.SpecIfInstances" classname="Kaitai.SpecIfInstances" runstate="Runnable" testcasecount="1" result="Passed" start-time="2023-11-04 09:50:17Z" end-time="2023-11-04 09:50:17Z" duration="0.002620" total="1" passed="1" failed="0" inconclusive="0" skipped="0" asserts="1">
        <test-case id="0-1165" name="TestIfInstances" fullname="Kaitai.SpecIfInstances.TestIfInstances" methodname="TestIfInstances" classname="Kaitai.SpecIfInstances" runstate="Runnable" seed="1949537113" result="Passed" start-time="2023-11-04 09:50:17Z" end-time="2023-11-04 09:50:17Z" duration="0.000313" asserts="1" />
      </test-suite>
      <test-suite type="TestFixture" id="0-1166" name="SpecIfStruct" fullname="Kaitai.SpecIfStruct" classname="Kaitai.SpecIfStruct" runstate="Runnable" testcasecount="1" result="Passed" start-time="2023-11-04 09:50:17Z" end-time="2023-11-04 09:50:17Z" duration="0.002941" total="1" passed="1" failed="0" inconclusive="0" skipped="0" asserts="7">
        <test-case id="0-1167" name="TestIfStruct" fullname="Kaitai.SpecIfStruct.TestIfStruct" methodname="TestIfStruct" classname="Kaitai.SpecIfStruct" runstate="Runnable" seed="516404015" result="Passed" start-time="2023-11-04 09:50:17Z" end-time="2023-11-04 09:50:17Z" duration="0.000644" asserts="7" />
      </test-suite>
      <test-suite type="TestFixture" id="0-1168" name="SpecIfValues" fullname="Kaitai.SpecIfValues" classname="Kaitai.SpecIfValues" runstate="Runnable" testcasecount="1" result="Passed" start-time="2023-11-04 09:50:17Z" end-time="2023-11-04 09:50:17Z" duration="0.003249" total="1" passed="1" failed="0" inconclusive="0" skipped="0" asserts="6">
        <test-case id="0-1169" name="TestIfValues" fullname="Kaitai.SpecIfValues.TestIfValues" methodname="TestIfValues" classname="Kaitai.SpecIfValues" runstate="Runnable" seed="1985461218" result="Passed" start-time="2023-11-04 09:50:17Z" end-time="2023-11-04 09:50:17Z" duration="0.000934" asserts="6" />
      </test-suite>
      <test-suite type="TestFixture" id="0-1170" name="SpecImports0" fullname="Kaitai.SpecImports0" classname="Kaitai.SpecImports0" runstate="Runnable" testcasecount="1" result="Passed" start-time="2023-11-04 09:50:17Z" end-time="2023-11-04 09:50:17Z" duration="0.002646" total="1" passed="1" failed="0" inconclusive="0" skipped="0" asserts="3">
        <test-case id="0-1171" name="TestImports0" fullname="Kaitai.SpecImports0.TestImports0" methodname="TestImports0" classname="Kaitai.SpecImports0" runstate="Runnable" seed="1668013763" result="Passed" start-time="2023-11-04 09:50:17Z" end-time="2023-11-04 09:50:17Z" duration="0.000351" asserts="3" />
      </test-suite>
      <test-suite type="TestFixture" id="0-1172" name="SpecImportsAbs" fullname="Kaitai.SpecImportsAbs" classname="Kaitai.SpecImportsAbs" runstate="Runnable" testcasecount="1" result="Passed" start-time="2023-11-04 09:50:17Z" end-time="2023-11-04 09:50:17Z" duration="0.003190" total="1" passed="1" failed="0" inconclusive="0" skipped="0" asserts="2">
        <test-case id="0-1173" name="TestImportsAbs" fullname="Kaitai.SpecImportsAbs.TestImportsAbs" methodname="TestImportsAbs" classname="Kaitai.SpecImportsAbs" runstate="Runnable" seed="327518016" result="Passed" start-time="2023-11-04 09:50:17Z" end-time="2023-11-04 09:50:17Z" duration="0.000878" asserts="2" />
      </test-suite>
      <test-suite type="TestFixture" id="0-1174" name="SpecImportsAbsAbs" fullname="Kaitai.SpecImportsAbsAbs" classname="Kaitai.SpecImportsAbsAbs" runstate="Runnable" testcasecount="1" result="Passed" start-time="2023-11-04 09:50:17Z" end-time="2023-11-04 09:50:17Z" duration="0.002776" total="1" passed="1" failed="0" inconclusive="0" skipped="0" asserts="3">
        <test-case id="0-1175" name="TestImportsAbsAbs" fullname="Kaitai.SpecImportsAbsAbs.TestImportsAbsAbs" methodname="TestImportsAbsAbs" classname="Kaitai.SpecImportsAbsAbs" runstate="Runnable" seed="1421512150" result="Passed" start-time="2023-11-04 09:50:17Z" end-time="2023-11-04 09:50:17Z" duration="0.000470" asserts="3" />
      </test-suite>
      <test-suite type="TestFixture" id="0-1176" name="SpecImportsAbsRel" fullname="Kaitai.SpecImportsAbsRel" classname="Kaitai.SpecImportsAbsRel" runstate="Runnable" testcasecount="1" result="Passed" start-time="2023-11-04 09:50:17Z" end-time="2023-11-04 09:50:17Z" duration="0.002666" total="1" passed="1" failed="0" inconclusive="0" skipped="0" asserts="3">
        <test-case id="0-1177" name="TestImportsAbsRel" fullname="Kaitai.SpecImportsAbsRel.TestImportsAbsRel" methodname="TestImportsAbsRel" classname="Kaitai.SpecImportsAbsRel" runstate="Runnable" seed="982026688" result="Passed" start-time="2023-11-04 09:50:17Z" end-time="2023-11-04 09:50:17Z" duration="0.000365" asserts="3" />
      </test-suite>
      <test-suite type="TestFixture" id="0-1178" name="SpecImportsCircularA" fullname="Kaitai.SpecImportsCircularA" classname="Kaitai.SpecImportsCircularA" runstate="Runnable" testcasecount="1" result="Passed" start-time="2023-11-04 09:50:17Z" end-time="2023-11-04 09:50:17Z" duration="0.002725" total="1" passed="1" failed="0" inconclusive="0" skipped="0" asserts="5">
        <test-case id="0-1179" name="TestImportsCircularA" fullname="Kaitai.SpecImportsCircularA.TestImportsCircularA" methodname="TestImportsCircularA" classname="Kaitai.SpecImportsCircularA" runstate="Runnable" seed="393980402" result="Passed" start-time="2023-11-04 09:50:17Z" end-time="2023-11-04 09:50:17Z" duration="0.000426" asserts="5" />
      </test-suite>
      <test-suite type="TestFixture" id="0-1180" name="SpecImportsRel1" fullname="Kaitai.SpecImportsRel1" classname="Kaitai.SpecImportsRel1" runstate="Runnable" testcasecount="1" result="Passed" start-time="2023-11-04 09:50:17Z" end-time="2023-11-04 09:50:17Z" duration="0.002750" total="1" passed="1" failed="0" inconclusive="0" skipped="0" asserts="3">
        <test-case id="0-1181" name="TestImportsRel1" fullname="Kaitai.SpecImportsRel1.TestImportsRel1" methodname="TestImportsRel1" classname="Kaitai.SpecImportsRel1" runstate="Runnable" seed="1426921032" result="Passed" start-time="2023-11-04 09:50:17Z" end-time="2023-11-04 09:50:17Z" duration="0.000438" asserts="3" />
      </test-suite>
      <test-suite type="TestFixture" id="0-1182" name="SpecIndexSizes" fullname="Kaitai.SpecIndexSizes" classname="Kaitai.SpecIndexSizes" runstate="Runnable" testcasecount="1" result="Passed" start-time="2023-11-04 09:50:17Z" end-time="2023-11-04 09:50:17Z" duration="0.002839" total="1" passed="1" failed="0" inconclusive="0" skipped="0" asserts="7">
        <test-case id="0-1183" name="TestIndexSizes" fullname="Kaitai.SpecIndexSizes.TestIndexSizes" methodname="TestIndexSizes" classname="Kaitai.SpecIndexSizes" runstate="Runnable" seed="2084647479" result="Passed" start-time="2023-11-04 09:50:17Z" end-time="2023-11-04 09:50:17Z" duration="0.000544" asserts="7" />
      </test-suite>
      <test-suite type="TestFixture" id="0-1184" name="SpecIndexToParamEos" fullname="Kaitai.SpecIndexToParamEos" classname="Kaitai.SpecIndexToParamEos" runstate="Runnable" testcasecount="1" result="Passed" start-time="2023-11-04 09:50:17Z" end-time="2023-11-04 09:50:17Z" duration="0.003096" total="1" passed="1" failed="0" inconclusive="0" skipped="0" asserts="7">
        <test-case id="0-1185" name="TestIndexToParamEos" fullname="Kaitai.SpecIndexToParamEos.TestIndexToParamEos" methodname="TestIndexToParamEos" classname="Kaitai.SpecIndexToParamEos" runstate="Runnable" seed="1933754894" result="Passed" start-time="2023-11-04 09:50:17Z" end-time="2023-11-04 09:50:17Z" duration="0.000786" asserts="7" />
      </test-suite>
      <test-suite type="TestFixture" id="0-1186" name="SpecIndexToParamExpr" fullname="Kaitai.SpecIndexToParamExpr" classname="Kaitai.SpecIndexToParamExpr" runstate="Runnable" testcasecount="1" result="Passed" start-time="2023-11-04 09:50:17Z" end-time="2023-11-04 09:50:17Z" duration="0.003055" total="1" passed="1" failed="0" inconclusive="0" skipped="0" asserts="7">
        <test-case id="0-1187" name="TestIndexToParamExpr" fullname="Kaitai.SpecIndexToParamExpr.TestIndexToParamExpr" methodname="TestIndexToParamExpr" classname="Kaitai.SpecIndexToParamExpr" runstate="Runnable" seed="243737" result="Passed" start-time="2023-11-04 09:50:17Z" end-time="2023-11-04 09:50:17Z" duration="0.000750" asserts="7" />
      </test-suite>
      <test-suite type="TestFixture" id="0-1188" name="SpecIndexToParamUntil" fullname="Kaitai.SpecIndexToParamUntil" classname="Kaitai.SpecIndexToParamUntil" runstate="Runnable" testcasecount="1" result="Passed" start-time="2023-11-04 09:50:17Z" end-time="2023-11-04 09:50:17Z" duration="0.003085" total="1" passed="1" failed="0" inconclusive="0" skipped="0" asserts="7">
        <test-case id="0-1189" name="TestIndexToParamUntil" fullname="Kaitai.SpecIndexToParamUntil.TestIndexToParamUntil" methodname="TestIndexToParamUntil" classname="Kaitai.SpecIndexToParamUntil" runstate="Runnable" seed="912414041" result="Passed" start-time="2023-11-04 09:50:17Z" end-time="2023-11-04 09:50:17Z" duration="0.000756" asserts="7" />
      </test-suite>
      <test-suite type="TestFixture" id="0-1190" name="SpecInstanceIoUser" fullname="Kaitai.SpecInstanceIoUser" classname="Kaitai.SpecInstanceIoUser" runstate="Runnable" testcasecount="1" result="Passed" start-time="2023-11-04 09:50:17Z" end-time="2023-11-04 09:50:17Z" duration="0.003376" total="1" passed="1" failed="0" inconclusive="0" skipped="0" asserts="4">
        <test-case id="0-1191" name="TestInstanceIoUser" fullname="Kaitai.SpecInstanceIoUser.TestInstanceIoUser" methodname="TestInstanceIoUser" classname="Kaitai.SpecInstanceIoUser" runstate="Runnable" seed="920597000" result="Passed" start-time="2023-11-04 09:50:17Z" end-time="2023-11-04 09:50:17Z" duration="0.001054" asserts="4" />
      </test-suite>
      <test-suite type="TestFixture" id="0-1192" name="SpecInstanceStd" fullname="Kaitai.SpecInstanceStd" classname="Kaitai.SpecInstanceStd" runstate="Runnable" testcasecount="1" result="Passed" start-time="2023-11-04 09:50:17Z" end-time="2023-11-04 09:50:17Z" duration="0.002704" total="1" passed="1" failed="0" inconclusive="0" skipped="0" asserts="1">
        <test-case id="0-1193" name="TestInstanceStd" fullname="Kaitai.SpecInstanceStd.TestInstanceStd" methodname="TestInstanceStd" classname="Kaitai.SpecInstanceStd" runstate="Runnable" seed="979220438" result="Passed" start-time="2023-11-04 09:50:17Z" end-time="2023-11-04 09:50:17Z" duration="0.000389" asserts="1" />
      </test-suite>
      <test-suite type="TestFixture" id="0-1194" name="SpecInstanceStdArray" fullname="Kaitai.SpecInstanceStdArray" classname="Kaitai.SpecInstanceStdArray" runstate="Runnable" testcasecount="1" result="Passed" start-time="2023-11-04 09:50:17Z" end-time="2023-11-04 09:50:17Z" duration="0.002930" total="1" passed="1" failed="0" inconclusive="0" skipped="0" asserts="7">
        <test-case id="0-1195" name="TestInstanceStdArray" fullname="Kaitai.SpecInstanceStdArray.TestInstanceStdArray" methodname="TestInstanceStdArray" classname="Kaitai.SpecInstanceStdArray" runstate="Runnable" seed="1356081679" result="Passed" start-time="2023-11-04 09:50:17Z" end-time="2023-11-04 09:50:17Z" duration="0.000624" asserts="7" />
      </test-suite>
      <test-suite type="TestFixture" id="0-1196" name="SpecInstanceUserArray" fullname="Kaitai.SpecInstanceUserArray" classname="Kaitai.SpecInstanceUserArray" runstate="Runnable" testcasecount="1" result="Passed" start-time="2023-11-04 09:50:17Z" end-time="2023-11-04 09:50:17Z" duration="0.003192" total="1" passed="1" failed="0" inconclusive="0" skipped="0" asserts="10">
        <test-case id="0-1197" name="TestInstanceUserArray" fullname="Kaitai.SpecInstanceUserArray.TestInstanceUserArray" methodname="TestInstanceUserArray" classname="Kaitai.SpecInstanceUserArray" runstate="Runnable" seed="1608186283" result="Passed" start-time="2023-11-04 09:50:17Z" end-time="2023-11-04 09:50:17Z" duration="0.000893" asserts="10" />
      </test-suite>
      <test-suite type="TestFixture" id="0-1198" name="SpecIntegers" fullname="Kaitai.SpecIntegers" classname="Kaitai.SpecIntegers" runstate="Runnable" testcasecount="1" result="Passed" start-time="2023-11-04 09:50:17Z" end-time="2023-11-04 09:50:17Z" duration="0.003326" total="1" passed="1" failed="0" inconclusive="0" skipped="0" asserts="20">
        <test-case id="0-1199" name="TestIntegers" fullname="Kaitai.SpecIntegers.TestIntegers" methodname="TestIntegers" classname="Kaitai.SpecIntegers" runstate="Runnable" seed="1456026106" result="Passed" start-time="2023-11-04 09:50:17Z" end-time="2023-11-04 09:50:17Z" duration="0.001024" asserts="20" />
      </test-suite>
      <test-suite type="TestFixture" id="0-1200" name="SpecIntegersDoubleOverflow" fullname="Kaitai.SpecIntegersDoubleOverflow" classname="Kaitai.SpecIntegersDoubleOverflow" runstate="Runnable" testcasecount="1" result="Passed" start-time="2023-11-04 09:50:17Z" end-time="2023-11-04 09:50:17Z" duration="0.002738" total="1" passed="1" failed="0" inconclusive="0" skipped="0" asserts="8">
        <test-case id="0-1201" name="TestIntegersDoubleOverflow" fullname="Kaitai.SpecIntegersDoubleOverflow.TestIntegersDoubleOverflow" methodname="TestIntegersDoubleOverflow" classname="Kaitai.SpecIntegersDoubleOverflow" runstate="Runnable" seed="568019424" result="Passed" start-time="2023-11-04 09:50:17Z" end-time="2023-11-04 09:50:17Z" duration="0.000431" asserts="8" />
      </test-suite>
      <test-suite type="TestFixture" id="0-1202" name="SpecIntegersMinMax" fullname="Kaitai.SpecIntegersMinMax" classname="Kaitai.SpecIntegersMinMax" runstate="Runnable" testcasecount="1" result="Passed" start-time="2023-11-04 09:50:17Z" end-time="2023-11-04 09:50:17Z" duration="0.003337" total="1" passed="1" failed="0" inconclusive="0" skipped="0" asserts="28">
        <test-case id="0-1203" name="TestIntegersMinMax" fullname="Kaitai.SpecIntegersMinMax.TestIntegersMinMax" methodname="TestIntegersMinMax" classname="Kaitai.SpecIntegersMinMax" runstate="Runnable" seed="972371872" result="Passed" start-time="2023-11-04 09:50:17Z" end-time="2023-11-04 09:50:17Z" duration="0.001035" asserts="28" />
      </test-suite>
      <test-suite type="TestFixture" id="0-1204" name="SpecIoLocalVar" fullname="Kaitai.SpecIoLocalVar" classname="Kaitai.SpecIoLocalVar" runstate="Runnable" testcasecount="1" result="Passed" start-time="2023-11-04 09:50:17Z" end-time="2023-11-04 09:50:17Z" duration="0.002841" total="1" passed="1" failed="0" inconclusive="0" skipped="0" asserts="2">
        <test-case id="0-1205" name="TestIoLocalVar" fullname="Kaitai.SpecIoLocalVar.TestIoLocalVar" methodname="TestIoLocalVar" classname="Kaitai.SpecIoLocalVar" runstate="Runnable" seed="42769761" result="Passed" start-time="2023-11-04 09:50:17Z" end-time="2023-11-04 09:50:17Z" duration="0.000533" asserts="2" />
      </test-suite>
      <test-suite type="TestFixture" id="0-1206" name="SpecJsSignedRightShift" fullname="Kaitai.SpecJsSignedRightShift" classname="Kaitai.SpecJsSignedRightShift" runstate="Runnable" testcasecount="1" result="Passed" start-time="2023-11-04 09:50:17Z" end-time="2023-11-04 09:50:17Z" duration="0.002667" total="1" passed="1" failed="0" inconclusive="0" skipped="0" asserts="2">
        <test-case id="0-1207" name="TestJsSignedRightShift" fullname="Kaitai.SpecJsSignedRightShift.TestJsSignedRightShift" methodname="TestJsSignedRightShift" classname="Kaitai.SpecJsSignedRightShift" runstate="Runnable" seed="1805143346" result="Passed" start-time="2023-11-04 09:50:17Z" end-time="2023-11-04 09:50:17Z" duration="0.000351" asserts="2" />
      </test-suite>
      <test-suite type="TestFixture" id="0-1208" name="SpecMetaTags" fullname="Kaitai.SpecMetaTags" classname="Kaitai.SpecMetaTags" runstate="Runnable" testcasecount="1" result="Passed" start-time="2023-11-04 09:50:17Z" end-time="2023-11-04 09:50:17Z" duration="0.002475" total="1" passed="1" failed="0" inconclusive="0" skipped="0" asserts="0">
        <test-case id="0-1209" name="TestMetaTags" fullname="Kaitai.SpecMetaTags.TestMetaTags" methodname="TestMetaTags" classname="Kaitai.SpecMetaTags" runstate="Runnable" seed="859110625" result="Passed" start-time="2023-11-04 09:50:17Z" end-time="2023-11-04 09:50:17Z" duration="0.000184" asserts="0" />
      </test-suite>
      <test-suite type="TestFixture" id="0-1210" name="SpecMetaXref" fullname="Kaitai.SpecMetaXref" classname="Kaitai.SpecMetaXref" runstate="Runnable" testcasecount="1" result="Passed" start-time="2023-11-04 09:50:17Z" end-time="2023-11-04 09:50:17Z" duration="0.002474" total="1" passed="1" failed="0" inconclusive="0" skipped="0" asserts="0">
        <test-case id="0-1211" name="TestMetaXref" fullname="Kaitai.SpecMetaXref.TestMetaXref" methodname="TestMetaXref" classname="Kaitai.SpecMetaXref" runstate="Runnable" seed="806318870" result="Passed" start-time="2023-11-04 09:50:17Z" end-time="2023-11-04 09:50:17Z" duration="0.000182" asserts="0" />
      </test-suite>
      <test-suite type="TestFixture" id="0-1212" name="SpecMultipleUse" fullname="Kaitai.SpecMultipleUse" classname="Kaitai.SpecMultipleUse" runstate="Runnable" testcasecount="1" result="Passed" start-time="2023-11-04 09:50:17Z" end-time="2023-11-04 09:50:17Z" duration="0.002780" total="1" passed="1" failed="0" inconclusive="0" skipped="0" asserts="2">
        <test-case id="0-1213" name="TestMultipleUse" fullname="Kaitai.SpecMultipleUse.TestMultipleUse" methodname="TestMultipleUse" classname="Kaitai.SpecMultipleUse" runstate="Runnable" seed="633276956" result="Passed" start-time="2023-11-04 09:50:17Z" end-time="2023-11-04 09:50:17Z" duration="0.000485" asserts="2" />
      </test-suite>
      <test-suite type="TestFixture" id="0-1214" name="SpecNavParent" fullname="Kaitai.SpecNavParent" classname="Kaitai.SpecNavParent" runstate="Runnable" testcasecount="1" result="Passed" start-time="2023-11-04 09:50:17Z" end-time="2023-11-04 09:50:17Z" duration="0.003068" total="1" passed="1" failed="0" inconclusive="0" skipped="0" asserts="5">
        <test-case id="0-1215" name="TestNavParent" fullname="Kaitai.SpecNavParent.TestNavParent" methodname="TestNavParent" classname="Kaitai.SpecNavParent" runstate="Runnable" seed="252648189" result="Passed" start-time="2023-11-04 09:50:17Z" end-time="2023-11-04 09:50:17Z" duration="0.000764" asserts="5" />
      </test-suite>
      <test-suite type="TestFixture" id="0-1216" name="SpecNavParent2" fullname="Kaitai.SpecNavParent2" classname="Kaitai.SpecNavParent2" runstate="Runnable" testcasecount="1" result="Passed" start-time="2023-11-04 09:50:17Z" end-time="2023-11-04 09:50:17Z" duration="0.003311" total="1" passed="1" failed="0" inconclusive="0" skipped="0" asserts="10">
        <test-case id="0-1217" name="TestNavParent2" fullname="Kaitai.SpecNavParent2.TestNavParent2" methodname="TestNavParent2" classname="Kaitai.SpecNavParent2" runstate="Runnable" seed="1107256574" result="Passed" start-time="2023-11-04 09:50:17Z" end-time="2023-11-04 09:50:17Z" duration="0.000994" asserts="10" />
      </test-suite>
      <test-suite type="TestFixture" id="0-1218" name="SpecNavParent3" fullname="Kaitai.SpecNavParent3" classname="Kaitai.SpecNavParent3" runstate="Runnable" testcasecount="1" result="Passed" start-time="2023-11-04 09:50:17Z" end-time="2023-11-04 09:50:17Z" duration="0.003342" total="1" passed="1" failed="0" inconclusive="0" skipped="0" asserts="10">
        <test-case id="0-1219" name="TestNavParent3" fullname="Kaitai.SpecNavParent3.TestNavParent3" methodname="TestNavParent3" classname="Kaitai.SpecNavParent3" runstate="Runnable" seed="2029703093" result="Passed" start-time="2023-11-04 09:50:17Z" end-time="2023-11-04 09:50:17Z" duration="0.001023" asserts="10" />
      </test-suite>
      <test-suite type="TestFixture" id="0-1220" name="SpecNavParentFalse" fullname="Kaitai.SpecNavParentFalse" classname="Kaitai.SpecNavParentFalse" runstate="Runnable" testcasecount="1" result="Passed" start-time="2023-11-04 09:50:17Z" end-time="2023-11-04 09:50:17Z" duration="0.002918" total="1" passed="1" failed="0" inconclusive="0" skipped="0" asserts="5">
        <test-case id="0-1221" name="TestNavParentFalse" fullname="Kaitai.SpecNavParentFalse.TestNavParentFalse" methodname="TestNavParentFalse" classname="Kaitai.SpecNavParentFalse" runstate="Runnable" seed="1226346332" result="Passed" start-time="2023-11-04 09:50:17Z" end-time="2023-11-04 09:50:17Z" duration="0.000601" asserts="5" />
      </test-suite>
      <test-suite type="TestFixture" id="0-1222" name="SpecNavParentFalse2" fullname="Kaitai.SpecNavParentFalse2" classname="Kaitai.SpecNavParentFalse2" runstate="Runnable" testcasecount="1" result="Passed" start-time="2023-11-04 09:50:17Z" end-time="2023-11-04 09:50:17Z" duration="0.002637" total="1" passed="1" failed="0" inconclusive="0" skipped="0" asserts="1">
        <test-case id="0-1223" name="TestNavParentFalse2" fullname="Kaitai.SpecNavParentFalse2.TestNavParentFalse2" methodname="TestNavParentFalse2" classname="Kaitai.SpecNavParentFalse2" runstate="Runnable" seed="1553026646" result="Passed" start-time="2023-11-04 09:50:17Z" end-time="2023-11-04 09:50:17Z" duration="0.000320" asserts="1" />
      </test-suite>
      <test-suite type="TestFixture" id="0-1224" name="SpecNavParentOverride" fullname="Kaitai.SpecNavParentOverride" classname="Kaitai.SpecNavParentOverride" runstate="Runnable" testcasecount="1" result="Passed" start-time="2023-11-04 09:50:17Z" end-time="2023-11-04 09:50:17Z" duration="0.002772" total="1" passed="1" failed="0" inconclusive="0" skipped="0" asserts="3">
        <test-case id="0-1225" name="TestNavParentOverride" fullname="Kaitai.SpecNavParentOverride.TestNavParentOverride" methodname="TestNavParentOverride" classname="Kaitai.SpecNavParentOverride" runstate="Runnable" seed="345727315" result="Passed" start-time="2023-11-04 09:50:17Z" end-time="2023-11-04 09:50:17Z" duration="0.000465" asserts="3" />
      </test-suite>
      <test-suite type="TestFixture" id="0-1226" name="SpecNavParentSwitch" fullname="Kaitai.SpecNavParentSwitch" classname="Kaitai.SpecNavParentSwitch" runstate="Runnable" testcasecount="1" result="Passed" start-time="2023-11-04 09:50:17Z" end-time="2023-11-04 09:50:17Z" duration="0.002823" total="1" passed="1" failed="0" inconclusive="0" skipped="0" asserts="3">
        <test-case id="0-1227" name="TestNavParentSwitch" fullname="Kaitai.SpecNavParentSwitch.TestNavParentSwitch" methodname="TestNavParentSwitch" classname="Kaitai.SpecNavParentSwitch" runstate="Runnable" seed="24677812" result="Passed" start-time="2023-11-04 09:50:17Z" end-time="2023-11-04 09:50:17Z" duration="0.000520" asserts="3" />
      </test-suite>
      <test-suite type="TestFixture" id="0-1228" name="SpecNavParentVsValueInst" fullname="Kaitai.SpecNavParentVsValueInst" classname="Kaitai.SpecNavParentVsValueInst" runstate="Runnable" testcasecount="1" result="Passed" start-time="2023-11-04 09:50:17Z" end-time="2023-11-04 09:50:17Z" duration="0.002594" total="1" passed="1" failed="0" inconclusive="0" skipped="0" asserts="1">
        <test-case id="0-1229" name="TestNavParentVsValueInst" fullname="Kaitai.SpecNavParentVsValueInst.TestNavParentVsValueInst" methodname="TestNavParentVsValueInst" classname="Kaitai.SpecNavParentVsValueInst" runstate="Runnable" seed="715216111" result="Passed" start-time="2023-11-04 09:50:17Z" end-time="2023-11-04 09:50:17Z" duration="0.000295" asserts="1" />
      </test-suite>
      <test-suite type="TestFixture" id="0-1230" name="SpecNavRoot" fullname="Kaitai.SpecNavRoot" classname="Kaitai.SpecNavRoot" runstate="Runnable" testcasecount="1" result="Passed" start-time="2023-11-04 09:50:17Z" end-time="2023-11-04 09:50:17Z" duration="0.003096" total="1" passed="1" failed="0" inconclusive="0" skipped="0" asserts="5">
        <test-case id="0-1231" name="TestNavRoot" fullname="Kaitai.SpecNavRoot.TestNavRoot" methodname="TestNavRoot" classname="Kaitai.SpecNavRoot" runstate="Runnable" seed="901380546" result="Passed" start-time="2023-11-04 09:50:17Z" end-time="2023-11-04 09:50:17Z" duration="0.000799" asserts="5" />
      </test-suite>
      <test-suite type="TestFixture" id="0-1232" name="SpecNestedSameName" fullname="Kaitai.SpecNestedSameName" classname="Kaitai.SpecNestedSameName" runstate="Runnable" testcasecount="1" result="Passed" start-time="2023-11-04 09:50:17Z" end-time="2023-11-04 09:50:17Z" duration="0.002762" total="1" passed="1" failed="0" inconclusive="0" skipped="0" asserts="2">
        <test-case id="0-1233" name="TestNestedSameName" fullname="Kaitai.SpecNestedSameName.TestNestedSameName" methodname="TestNestedSameName" classname="Kaitai.SpecNestedSameName" runstate="Runnable" seed="1699580124" result="Passed" start-time="2023-11-04 09:50:17Z" end-time="2023-11-04 09:50:17Z" duration="0.000451" asserts="2" />
      </test-suite>
      <test-suite type="TestFixture" id="0-1234" name="SpecNestedSameName2" fullname="Kaitai.SpecNestedSameName2" classname="Kaitai.SpecNestedSameName2" runstate="Runnable" testcasecount="1" result="Passed" start-time="2023-11-04 09:50:17Z" end-time="2023-11-04 09:50:17Z" duration="0.002889" total="1" passed="1" failed="0" inconclusive="0" skipped="0" asserts="5">
        <test-case id="0-1235" name="TestNestedSameName2" fullname="Kaitai.SpecNestedSameName2.TestNestedSameName2" methodname="TestNestedSameName2" classname="Kaitai.SpecNestedSameName2" runstate="Runnable" seed="1257344739" result="Passed" start-time="2023-11-04 09:50:17Z" end-time="2023-11-04 09:50:17Z" duration="0.000590" asserts="5" />
      </test-suite>
      <test-suite type="TestFixture" id="0-1236" name="SpecNestedTypeParam" fullname="Kaitai.SpecNestedTypeParam" classname="Kaitai.SpecNestedTypeParam" runstate="Runnable" testcasecount="1" result="Passed" start-time="2023-11-04 09:50:17Z" end-time="2023-11-04 09:50:17Z" duration="0.002619" total="1" passed="1" failed="0" inconclusive="0" skipped="0" asserts="2">
        <test-case id="0-1237" name="TestNestedTypeParam" fullname="Kaitai.SpecNestedTypeParam.TestNestedTypeParam" methodname="TestNestedTypeParam" classname="Kaitai.SpecNestedTypeParam" runstate="Runnable" seed="1649325341" result="Passed" start-time="2023-11-04 09:50:17Z" end-time="2023-11-04 09:50:17Z" duration="0.000323" asserts="2" />
      </test-suite>
      <test-suite type="TestFixture" id="0-1238" name="SpecNestedTypes" fullname="Kaitai.SpecNestedTypes" classname="Kaitai.SpecNestedTypes" runstate="Runnable" testcasecount="1" result="Passed" start-time="2023-11-04 09:50:17Z" end-time="2023-11-04 09:50:17Z" duration="0.002834" total="1" passed="1" failed="0" inconclusive="0" skipped="0" asserts="3">
        <test-case id="0-1239" name="TestNestedTypes" fullname="Kaitai.SpecNestedTypes.TestNestedTypes" methodname="TestNestedTypes" classname="Kaitai.SpecNestedTypes" runstate="Runnable" seed="1090596711" result="Passed" start-time="2023-11-04 09:50:17Z" end-time="2023-11-04 09:50:17Z" duration="0.000538" asserts="3" />
      </test-suite>
      <test-suite type="TestFixture" id="0-1240" name="SpecNestedTypes2" fullname="Kaitai.SpecNestedTypes2" classname="Kaitai.SpecNestedTypes2" runstate="Runnable" testcasecount="1" result="Passed" start-time="2023-11-04 09:50:17Z" end-time="2023-11-04 09:50:17Z" duration="0.002983" total="1" passed="1" failed="0" inconclusive="0" skipped="0" asserts="7">
        <test-case id="0-1241" name="TestNestedTypes2" fullname="Kaitai.SpecNestedTypes2.TestNestedTypes2" methodname="TestNestedTypes2" classname="Kaitai.SpecNestedTypes2" runstate="Runnable" seed="346711167" result="Passed" start-time="2023-11-04 09:50:17Z" end-time="2023-11-04 09:50:17Z" duration="0.000675" asserts="7" />
      </test-suite>
      <test-suite type="TestFixture" id="0-1242" name="SpecNestedTypes3" fullname="Kaitai.SpecNestedTypes3" classname="Kaitai.SpecNestedTypes3" runstate="Runnable" testcasecount="1" result="Passed" start-time="2023-11-04 09:50:17Z" end-time="2023-11-04 09:50:17Z" duration="0.002794" total="1" passed="1" failed="0" inconclusive="0" skipped="0" asserts="5">
        <test-case id="0-1243" name="TestNestedTypes3" fullname="Kaitai.SpecNestedTypes3.TestNestedTypes3" methodname="TestNestedTypes3" classname="Kaitai.SpecNestedTypes3" runstate="Runnable" seed="617982882" result="Passed" start-time="2023-11-04 09:50:17Z" end-time="2023-11-04 09:50:17Z" duration="0.000499" asserts="5" />
      </test-suite>
      <test-suite type="TestFixture" id="0-1244" name="SpecNonStandard" fullname="Kaitai.SpecNonStandard" classname="Kaitai.SpecNonStandard" runstate="Runnable" testcasecount="1" result="Passed" start-time="2023-11-04 09:50:17Z" end-time="2023-11-04 09:50:17Z" duration="0.002610" total="1" passed="1" failed="0" inconclusive="0" skipped="0" asserts="1">
        <test-case id="0-1245" name="TestNonStandard" fullname="Kaitai.SpecNonStandard.TestNonStandard" methodname="TestNonStandard" classname="Kaitai.SpecNonStandard" runstate="Runnable" seed="665220148" result="Passed" start-time="2023-11-04 09:50:17Z" end-time="2023-11-04 09:50:17Z" duration="0.000279" asserts="1" />
      </test-suite>
      <test-suite type="TestFixture" id="0-1246" name="SpecOpaqueExternalType" fullname="Kaitai.SpecOpaqueExternalType" classname="Kaitai.SpecOpaqueExternalType" runstate="Runnable" testcasecount="1" result="Passed" start-time="2023-11-04 09:50:17Z" end-time="2023-11-04 09:50:17Z" duration="0.002670" total="1" passed="1" failed="0" inconclusive="0" skipped="0" asserts="3">
        <test-case id="0-1247" name="TestOpaqueExternalType" fullname="Kaitai.SpecOpaqueExternalType.TestOpaqueExternalType" methodname="TestOpaqueExternalType" classname="Kaitai.SpecOpaqueExternalType" runstate="Runnable" seed="175589505" result="Passed" start-time="2023-11-04 09:50:17Z" end-time="2023-11-04 09:50:17Z" duration="0.000374" asserts="3" />
      </test-suite>
      <test-suite type="TestFixture" id="0-1248" name="SpecOpaqueExternalType02Parent" fullname="Kaitai.SpecOpaqueExternalType02Parent" classname="Kaitai.SpecOpaqueExternalType02Parent" runstate="Runnable" testcasecount="1" result="Passed" start-time="2023-11-04 09:50:17Z" end-time="2023-11-04 09:50:17Z" duration="0.002841" total="1" passed="1" failed="0" inconclusive="0" skipped="0" asserts="3">
        <test-case id="0-1249" name="TestOpaqueExternalType02Parent" fullname="Kaitai.SpecOpaqueExternalType02Parent.TestOpaqueExternalType02Parent" methodname="TestOpaqueExternalType02Parent" classname="Kaitai.SpecOpaqueExternalType02Parent" runstate="Runnable" seed="1227762983" result="Passed" start-time="2023-11-04 09:50:17Z" end-time="2023-11-04 09:50:17Z" duration="0.000535" asserts="3" />
      </test-suite>
      <test-suite type="TestFixture" id="0-1250" name="SpecOpaqueWithParam" fullname="Kaitai.SpecOpaqueWithParam" classname="Kaitai.SpecOpaqueWithParam" runstate="Runnable" testcasecount="1" result="Passed" start-time="2023-11-04 09:50:17Z" end-time="2023-11-04 09:50:17Z" duration="0.002704" total="1" passed="1" failed="0" inconclusive="0" skipped="0" asserts="2">
        <test-case id="0-1251" name="TestOpaqueWithParam" fullname="Kaitai.SpecOpaqueWithParam.TestOpaqueWithParam" methodname="TestOpaqueWithParam" classname="Kaitai.SpecOpaqueWithParam" runstate="Runnable" seed="1817765495" result="Passed" start-time="2023-11-04 09:50:17Z" end-time="2023-11-04 09:50:17Z" duration="0.000409" asserts="2" />
      </test-suite>
      <test-suite type="TestFixture" id="0-1252" name="SpecOptionalId" fullname="Kaitai.SpecOptionalId" classname="Kaitai.SpecOptionalId" runstate="Runnable" testcasecount="1" result="Passed" start-time="2023-11-04 09:50:17Z" end-time="2023-11-04 09:50:17Z" duration="0.002608" total="1" passed="1" failed="0" inconclusive="0" skipped="0" asserts="3">
        <test-case id="0-1253" name="TestOptionalId" fullname="Kaitai.SpecOptionalId.TestOptionalId" methodname="TestOptionalId" classname="Kaitai.SpecOptionalId" runstate="Runnable" seed="447811423" result="Passed" start-time="2023-11-04 09:50:17Z" end-time="2023-11-04 09:50:17Z" duration="0.000313" asserts="3" />
      </test-suite>
      <test-suite type="TestFixture" id="0-1254" name="SpecParamsCallExtraParens" fullname="Kaitai.SpecParamsCallExtraParens" classname="Kaitai.SpecParamsCallExtraParens" runstate="Runnable" testcasecount="1" result="Passed" start-time="2023-11-04 09:50:17Z" end-time="2023-11-04 09:50:17Z" duration="0.002606" total="1" passed="1" failed="0" inconclusive="0" skipped="0" asserts="1">
        <test-case id="0-1255" name="TestParamsCallExtraParens" fullname="Kaitai.SpecParamsCallExtraParens.TestParamsCallExtraParens" methodname="TestParamsCallExtraParens" classname="Kaitai.SpecParamsCallExtraParens" runstate="Runnable" seed="1718607243" result="Passed" start-time="2023-11-04 09:50:17Z" end-time="2023-11-04 09:50:17Z" duration="0.000298" asserts="1" />
      </test-suite>
      <test-suite type="TestFixture" id="0-1256" name="SpecParamsCallShort" fullname="Kaitai.SpecParamsCallShort" classname="Kaitai.SpecParamsCallShort" runstate="Runnable" testcasecount="1" result="Passed" start-time="2023-11-04 09:50:17Z" end-time="2023-11-04 09:50:17Z" duration="0.002795" total="1" passed="1" failed="0" inconclusive="0" skipped="0" asserts="3">
        <test-case id="0-1257" name="TestParamsCallShort" fullname="Kaitai.SpecParamsCallShort.TestParamsCallShort" methodname="TestParamsCallShort" classname="Kaitai.SpecParamsCallShort" runstate="Runnable" seed="1506446979" result="Passed" start-time="2023-11-04 09:50:17Z" end-time="2023-11-04 09:50:17Z" duration="0.000491" asserts="3" />
      </test-suite>
      <test-suite type="TestFixture" id="0-1258" name="SpecParamsDef" fullname="Kaitai.SpecParamsDef" classname="Kaitai.SpecParamsDef" runstate="Runnable" testcasecount="1" result="Passed" start-time="2023-11-04 09:50:17Z" end-time="2023-11-04 09:50:17Z" duration="0.002521" total="1" passed="1" failed="0" inconclusive="0" skipped="0" asserts="2">
        <test-case id="0-1259" name="TestParamsDef" fullname="Kaitai.SpecParamsDef.TestParamsDef" methodname="TestParamsDef" classname="Kaitai.SpecParamsDef" runstate="Runnable" seed="15605008" result="Passed" start-time="2023-11-04 09:50:17Z" end-time="2023-11-04 09:50:17Z" duration="0.000184" asserts="2" />
      </test-suite>
      <test-suite type="TestFixture" id="0-1260" name="SpecParamsEnum" fullname="Kaitai.SpecParamsEnum" classname="Kaitai.SpecParamsEnum" runstate="Runnable" testcasecount="1" result="Passed" start-time="2023-11-04 09:50:17Z" end-time="2023-11-04 09:50:17Z" duration="0.002740" total="1" passed="1" failed="0" inconclusive="0" skipped="0" asserts="2">
        <test-case id="0-1261" name="TestParamsEnum" fullname="Kaitai.SpecParamsEnum.TestParamsEnum" methodname="TestParamsEnum" classname="Kaitai.SpecParamsEnum" runstate="Runnable" seed="1089289069" result="Passed" start-time="2023-11-04 09:50:17Z" end-time="2023-11-04 09:50:17Z" duration="0.000433" asserts="2" />
      </test-suite>
      <test-suite type="TestFixture" id="0-1262" name="SpecParamsPassArrayInt" fullname="Kaitai.SpecParamsPassArrayInt" classname="Kaitai.SpecParamsPassArrayInt" runstate="Runnable" testcasecount="1" result="Passed" start-time="2023-11-04 09:50:17Z" end-time="2023-11-04 09:50:17Z" duration="0.003222" total="1" passed="1" failed="0" inconclusive="0" skipped="0" asserts="7">
        <test-case id="0-1263" name="TestParamsPassArrayInt" fullname="Kaitai.SpecParamsPassArrayInt.TestParamsPassArrayInt" methodname="TestParamsPassArrayInt" classname="Kaitai.SpecParamsPassArrayInt" runstate="Runnable" seed="321846900" result="Passed" start-time="2023-11-04 09:50:17Z" end-time="2023-11-04 09:50:17Z" duration="0.000916" asserts="7" />
      </test-suite>
      <test-suite type="TestFixture" id="0-1264" name="SpecParamsPassArrayStr" fullname="Kaitai.SpecParamsPassArrayStr" classname="Kaitai.SpecParamsPassArrayStr" runstate="Runnable" testcasecount="1" result="Passed" start-time="2023-11-04 09:50:17Z" end-time="2023-11-04 09:50:17Z" duration="0.003044" total="1" passed="1" failed="0" inconclusive="0" skipped="0" asserts="7">
        <test-case id="0-1265" name="TestParamsPassArrayStr" fullname="Kaitai.SpecParamsPassArrayStr.TestParamsPassArrayStr" methodname="TestParamsPassArrayStr" classname="Kaitai.SpecParamsPassArrayStr" runstate="Runnable" seed="74584333" result="Passed" start-time="2023-11-04 09:50:17Z" end-time="2023-11-04 09:50:17Z" duration="0.000731" asserts="7" />
      </test-suite>
      <test-suite type="TestFixture" id="0-1266" name="SpecParamsPassArrayStruct" fullname="Kaitai.SpecParamsPassArrayStruct" classname="Kaitai.SpecParamsPassArrayStruct" runstate="Runnable" testcasecount="1" result="Passed" start-time="2023-11-04 09:50:17Z" end-time="2023-11-04 09:50:17Z" duration="0.003131" total="1" passed="1" failed="0" inconclusive="0" skipped="0" asserts="3">
        <test-case id="0-1267" name="TestParamsPassArrayStruct" fullname="Kaitai.SpecParamsPassArrayStruct.TestParamsPassArrayStruct" methodname="TestParamsPassArrayStruct" classname="Kaitai.SpecParamsPassArrayStruct" runstate="Runnable" seed="1665220105" result="Passed" start-time="2023-11-04 09:50:17Z" end-time="2023-11-04 09:50:17Z" duration="0.000831" asserts="3" />
      </test-suite>
      <test-suite type="TestFixture" id="0-1268" name="SpecParamsPassArrayUsertype" fullname="Kaitai.SpecParamsPassArrayUsertype" classname="Kaitai.SpecParamsPassArrayUsertype" runstate="Runnable" testcasecount="1" result="Passed" start-time="2023-11-04 09:50:17Z" end-time="2023-11-04 09:50:17Z" duration="0.003081" total="1" passed="1" failed="0" inconclusive="0" skipped="0" asserts="5">
        <test-case id="0-1269" name="TestParamsPassArrayUsertype" fullname="Kaitai.SpecParamsPassArrayUsertype.TestParamsPassArrayUsertype" methodname="TestParamsPassArrayUsertype" classname="Kaitai.SpecParamsPassArrayUsertype" runstate="Runnable" seed="1460793834" result="Passed" start-time="2023-11-04 09:50:17Z" end-time="2023-11-04 09:50:17Z" duration="0.000764" asserts="5" />
      </test-suite>
      <test-suite type="TestFixture" id="0-1270" name="SpecParamsPassBool" fullname="Kaitai.SpecParamsPassBool" classname="Kaitai.SpecParamsPassBool" runstate="Runnable" testcasecount="1" result="Passed" start-time="2023-11-04 09:50:17Z" end-time="2023-11-04 09:50:17Z" duration="0.003181" total="1" passed="1" failed="0" inconclusive="0" skipped="0" asserts="14">
        <test-case id="0-1271" name="TestParamsPassBool" fullname="Kaitai.SpecParamsPassBool.TestParamsPassBool" methodname="TestParamsPassBool" classname="Kaitai.SpecParamsPassBool" runstate="Runnable" seed="168863830" result="Passed" start-time="2023-11-04 09:50:17Z" end-time="2023-11-04 09:50:17Z" duration="0.000884" asserts="14" />
      </test-suite>
      <test-suite type="TestFixture" id="0-1272" name="SpecParamsPassStruct" fullname="Kaitai.SpecParamsPassStruct" classname="Kaitai.SpecParamsPassStruct" runstate="Runnable" testcasecount="1" result="Passed" start-time="2023-11-04 09:50:17Z" end-time="2023-11-04 09:50:17Z" duration="0.002850" total="1" passed="1" failed="0" inconclusive="0" skipped="0" asserts="4">
        <test-case id="0-1273" name="TestParamsPassStruct" fullname="Kaitai.SpecParamsPassStruct.TestParamsPassStruct" methodname="TestParamsPassStruct" classname="Kaitai.SpecParamsPassStruct" runstate="Runnable" seed="2062150840" result="Passed" start-time="2023-11-04 09:50:17Z" end-time="2023-11-04 09:50:17Z" duration="0.000535" asserts="4" />
      </test-suite>
      <test-suite type="TestFixture" id="0-1274" name="SpecParamsPassUsertype" fullname="Kaitai.SpecParamsPassUsertype" classname="Kaitai.SpecParamsPassUsertype" runstate="Runnable" testcasecount="1" result="Passed" start-time="2023-11-04 09:50:17Z" end-time="2023-11-04 09:50:17Z" duration="0.002718" total="1" passed="1" failed="0" inconclusive="0" skipped="0" asserts="2">
        <test-case id="0-1275" name="TestParamsPassUsertype" fullname="Kaitai.SpecParamsPassUsertype.TestParamsPassUsertype" methodname="TestParamsPassUsertype" classname="Kaitai.SpecParamsPassUsertype" runstate="Runnable" seed="1371644886" result="Passed" start-time="2023-11-04 09:50:17Z" end-time="2023-11-04 09:50:17Z" duration="0.000400" asserts="2" />
      </test-suite>
      <test-suite type="TestFixture" id="0-1276" name="SpecPositionAbs" fullname="Kaitai.SpecPositionAbs" classname="Kaitai.SpecPositionAbs" runstate="Runnable" testcasecount="1" result="Passed" start-time="2023-11-04 09:50:17Z" end-time="2023-11-04 09:50:17Z" duration="0.002716" total="1" passed="1" failed="0" inconclusive="0" skipped="0" asserts="2">
        <test-case id="0-1277" name="TestPositionAbs" fullname="Kaitai.SpecPositionAbs.TestPositionAbs" methodname="TestPositionAbs" classname="Kaitai.SpecPositionAbs" runstate="Runnable" seed="610209700" result="Passed" start-time="2023-11-04 09:50:17Z" end-time="2023-11-04 09:50:17Z" duration="0.000405" asserts="2" />
      </test-suite>
      <test-suite type="TestFixture" id="0-1278" name="SpecPositionInSeq" fullname="Kaitai.SpecPositionInSeq" classname="Kaitai.SpecPositionInSeq" runstate="Runnable" testcasecount="1" result="Passed" start-time="2023-11-04 09:50:17Z" end-time="2023-11-04 09:50:17Z" duration="0.003210" total="1" passed="1" failed="0" inconclusive="0" skipped="0" asserts="1">
        <test-case id="0-1279" name="TestPositionInSeq" fullname="Kaitai.SpecPositionInSeq.TestPositionInSeq" methodname="TestPositionInSeq" classname="Kaitai.SpecPositionInSeq" runstate="Runnable" seed="1574793606" result="Passed" start-time="2023-11-04 09:50:17Z" end-time="2023-11-04 09:50:17Z" duration="0.000915" asserts="1" />
      </test-suite>
      <test-suite type="TestFixture" id="0-1280" name="SpecPositionToEnd" fullname="Kaitai.SpecPositionToEnd" classname="Kaitai.SpecPositionToEnd" runstate="Runnable" testcasecount="1" result="Passed" start-time="2023-11-04 09:50:17Z" end-time="2023-11-04 09:50:17Z" duration="0.002701" total="1" passed="1" failed="0" inconclusive="0" skipped="0" asserts="2">
        <test-case id="0-1281" name="TestPositionToEnd" fullname="Kaitai.SpecPositionToEnd.TestPositionToEnd" methodname="TestPositionToEnd" classname="Kaitai.SpecPositionToEnd" runstate="Runnable" seed="989352859" result="Passed" start-time="2023-11-04 09:50:17Z" end-time="2023-11-04 09:50:17Z" duration="0.000389" asserts="2" />
      </test-suite>
      <test-suite type="TestFixture" id="0-1282" name="SpecProcessCoerceBytes" fullname="Kaitai.SpecProcessCoerceBytes" classname="Kaitai.SpecProcessCoerceBytes" runstate="Runnable" testcasecount="1" result="Passed" start-time="2023-11-04 09:50:17Z" end-time="2023-11-04 09:50:17Z" duration="0.003095" total="1" passed="1" failed="0" inconclusive="0" skipped="0" asserts="4">
        <test-case id="0-1283" name="TestProcessCoerceBytes" fullname="Kaitai.SpecProcessCoerceBytes.TestProcessCoerceBytes" methodname="TestProcessCoerceBytes" classname="Kaitai.SpecProcessCoerceBytes" runstate="Runnable" seed="467100953" result="Passed" start-time="2023-11-04 09:50:17Z" end-time="2023-11-04 09:50:17Z" duration="0.000779" asserts="4" />
      </test-suite>
      <test-suite type="TestFixture" id="0-1284" name="SpecProcessCoerceSwitch" fullname="Kaitai.SpecProcessCoerceSwitch" classname="Kaitai.SpecProcessCoerceSwitch" runstate="Runnable" testcasecount="1" result="Passed" start-time="2023-11-04 09:50:17Z" end-time="2023-11-04 09:50:17Z" duration="0.002837" total="1" passed="1" failed="0" inconclusive="0" skipped="0" asserts="3">
        <test-case id="0-1285" name="TestProcessCoerceSwitch" fullname="Kaitai.SpecProcessCoerceSwitch.TestProcessCoerceSwitch" methodname="TestProcessCoerceSwitch" classname="Kaitai.SpecProcessCoerceSwitch" runstate="Runnable" seed="1534655232" result="Passed" start-time="2023-11-04 09:50:17Z" end-time="2023-11-04 09:50:17Z" duration="0.000526" asserts="3" />
      </test-suite>
      <test-suite type="TestFixture" id="0-1286" name="SpecProcessCoerceUsertype1" fullname="Kaitai.SpecProcessCoerceUsertype1" classname="Kaitai.SpecProcessCoerceUsertype1" runstate="Runnable" testcasecount="1" result="Passed" start-time="2023-11-04 09:50:17Z" end-time="2023-11-04 09:50:17Z" duration="0.003121" total="1" passed="1" failed="0" inconclusive="0" skipped="0" asserts="4">
        <test-case id="0-1287" name="TestProcessCoerceUsertype1" fullname="Kaitai.SpecProcessCoerceUsertype1.TestProcessCoerceUsertype1" methodname="TestProcessCoerceUsertype1" classname="Kaitai.SpecProcessCoerceUsertype1" runstate="Runnable" seed="1835828423" result="Passed" start-time="2023-11-04 09:50:17Z" end-time="2023-11-04 09:50:17Z" duration="0.000825" asserts="4" />
      </test-suite>
      <test-suite type="TestFixture" id="0-1288" name="SpecProcessCoerceUsertype2" fullname="Kaitai.SpecProcessCoerceUsertype2" classname="Kaitai.SpecProcessCoerceUsertype2" runstate="Runnable" testcasecount="1" result="Passed" start-time="2023-11-04 09:50:17Z" end-time="2023-11-04 09:50:17Z" duration="0.003087" total="1" passed="1" failed="0" inconclusive="0" skipped="0" asserts="4">
        <test-case id="0-1289" name="TestProcessCoerceUsertype2" fullname="Kaitai.SpecProcessCoerceUsertype2.TestProcessCoerceUsertype2" methodname="TestProcessCoerceUsertype2" classname="Kaitai.SpecProcessCoerceUsertype2" runstate="Runnable" seed="58912472" result="Passed" start-time="2023-11-04 09:50:17Z" end-time="2023-11-04 09:50:17Z" duration="0.000772" asserts="4" />
      </test-suite>
      <test-suite type="TestFixture" id="0-1290" name="SpecProcessCustom" fullname="Kaitai.SpecProcessCustom" classname="Kaitai.SpecProcessCustom" runstate="Runnable" testcasecount="1" result="Passed" start-time="2023-11-04 09:50:17Z" end-time="2023-11-04 09:50:17Z" duration="0.002814" total="1" passed="1" failed="0" inconclusive="0" skipped="0" asserts="3">
        <test-case id="0-1291" name="TestProcessCustom" fullname="Kaitai.SpecProcessCustom.TestProcessCustom" methodname="TestProcessCustom" classname="Kaitai.SpecProcessCustom" runstate="Runnable" seed="1282010548" result="Passed" start-time="2023-11-04 09:50:17Z" end-time="2023-11-04 09:50:17Z" duration="0.000501" asserts="3" />
      </test-suite>
      <test-suite type="TestFixture" id="0-1292" name="SpecProcessCustomNoArgs" fullname="Kaitai.SpecProcessCustomNoArgs" classname="Kaitai.SpecProcessCustomNoArgs" runstate="Runnable" testcasecount="1" result="Passed" start-time="2023-11-04 09:50:17Z" end-time="2023-11-04 09:50:17Z" duration="0.002612" total="1" passed="1" failed="0" inconclusive="0" skipped="0" asserts="1">
        <test-case id="0-1293" name="TestProcessCustomNoArgs" fullname="Kaitai.SpecProcessCustomNoArgs.TestProcessCustomNoArgs" methodname="TestProcessCustomNoArgs" classname="Kaitai.SpecProcessCustomNoArgs" runstate="Runnable" seed="488068933" result="Passed" start-time="2023-11-04 09:50:17Z" end-time="2023-11-04 09:50:17Z" duration="0.000299" asserts="1" />
      </test-suite>
      <test-suite type="TestFixture" id="0-1294" name="SpecProcessRepeatBytes" fullname="Kaitai.SpecProcessRepeatBytes" classname="Kaitai.SpecProcessRepeatBytes" runstate="Runnable" testcasecount="1" result="Passed" start-time="2023-11-04 09:50:17Z" end-time="2023-11-04 09:50:17Z" duration="0.002746" total="1" passed="1" failed="0" inconclusive="0" skipped="0" asserts="2">
        <test-case id="0-1295" name="TestProcessRepeatBytes" fullname="Kaitai.SpecProcessRepeatBytes.TestProcessRepeatBytes" methodname="TestProcessRepeatBytes" classname="Kaitai.SpecProcessRepeatBytes" runstate="Runnable" seed="170667199" result="Passed" start-time="2023-11-04 09:50:17Z" end-time="2023-11-04 09:50:17Z" duration="0.000420" asserts="2" />
      </test-suite>
      <test-suite type="TestFixture" id="0-1296" name="SpecProcessRepeatUsertype" fullname="Kaitai.SpecProcessRepeatUsertype" classname="Kaitai.SpecProcessRepeatUsertype" runstate="Runnable" testcasecount="1" result="Passed" start-time="2023-11-04 09:50:17Z" end-time="2023-11-04 09:50:17Z" duration="0.003072" total="1" passed="1" failed="0" inconclusive="0" skipped="0" asserts="4">
        <test-case id="0-1297" name="TestProcessRepeatUsertype" fullname="Kaitai.SpecProcessRepeatUsertype.TestProcessRepeatUsertype" methodname="TestProcessRepeatUsertype" classname="Kaitai.SpecProcessRepeatUsertype" runstate="Runnable" seed="1500534766" result="Passed" start-time="2023-11-04 09:50:17Z" end-time="2023-11-04 09:50:17Z" duration="0.000758" asserts="4" />
      </test-suite>
      <test-suite type="TestFixture" id="0-1298" name="SpecProcessRotate" fullname="Kaitai.SpecProcessRotate" classname="Kaitai.SpecProcessRotate" runstate="Runnable" testcasecount="1" result="Passed" start-time="2023-11-04 09:50:17Z" end-time="2023-11-04 09:50:17Z" duration="0.002748" total="1" passed="1" failed="0" inconclusive="0" skipped="0" asserts="3">
        <test-case id="0-1299" name="TestProcessRotate" fullname="Kaitai.SpecProcessRotate.TestProcessRotate" methodname="TestProcessRotate" classname="Kaitai.SpecProcessRotate" runstate="Runnable" seed="399812001" result="Passed" start-time="2023-11-04 09:50:17Z" end-time="2023-11-04 09:50:17Z" duration="0.000447" asserts="3" />
      </test-suite>
      <test-suite type="TestFixture" id="0-1300" name="SpecProcessToUser" fullname="Kaitai.SpecProcessToUser" classname="Kaitai.SpecProcessToUser" runstate="Runnable" testcasecount="1" result="Passed" start-time="2023-11-04 09:50:17Z" end-time="2023-11-04 09:50:17Z" duration="0.002644" total="1" passed="1" failed="0" inconclusive="0" skipped="0" asserts="1">
        <test-case id="0-1301" name="TestProcessToUser" fullname="Kaitai.SpecProcessToUser.TestProcessToUser" methodname="TestProcessToUser" classname="Kaitai.SpecProcessToUser" runstate="Runnable" seed="849689625" result="Passed" start-time="2023-11-04 09:50:17Z" end-time="2023-11-04 09:50:17Z" duration="0.000335" asserts="1" />
      </test-suite>
      <test-suite type="TestFixture" id="0-1302" name="SpecProcessXor4Const" fullname="Kaitai.SpecProcessXor4Const" classname="Kaitai.SpecProcessXor4Const" runstate="Runnable" testcasecount="1" result="Passed" start-time="2023-11-04 09:50:17Z" end-time="2023-11-04 09:50:17Z" duration="0.002674" total="1" passed="1" failed="0" inconclusive="0" skipped="0" asserts="2">
        <test-case id="0-1303" name="TestProcessXor4Const" fullname="Kaitai.SpecProcessXor4Const.TestProcessXor4Const" methodname="TestProcessXor4Const" classname="Kaitai.SpecProcessXor4Const" runstate="Runnable" seed="1974845102" result="Passed" start-time="2023-11-04 09:50:17Z" end-time="2023-11-04 09:50:17Z" duration="0.000372" asserts="2" />
      </test-suite>
      <test-suite type="TestFixture" id="0-1304" name="SpecProcessXor4Value" fullname="Kaitai.SpecProcessXor4Value" classname="Kaitai.SpecProcessXor4Value" runstate="Runnable" testcasecount="1" result="Passed" start-time="2023-11-04 09:50:17Z" end-time="2023-11-04 09:50:17Z" duration="0.002586" total="1" passed="1" failed="0" inconclusive="0" skipped="0" asserts="2">
        <test-case id="0-1305" name="TestProcessXor4Value" fullname="Kaitai.SpecProcessXor4Value.TestProcessXor4Value" methodname="TestProcessXor4Value" classname="Kaitai.SpecProcessXor4Value" runstate="Runnable" seed="226133846" result="Passed" start-time="2023-11-04 09:50:17Z" end-time="2023-11-04 09:50:17Z" duration="0.000279" asserts="2" />
      </test-suite>
      <test-suite type="TestFixture" id="0-1306" name="SpecProcessXorConst" fullname="Kaitai.SpecProcessXorConst" classname="Kaitai.SpecProcessXorConst" runstate="Runnable" testcasecount="1" result="Passed" start-time="2023-11-04 09:50:17Z" end-time="2023-11-04 09:50:17Z" duration="0.002581" total="1" passed="1" failed="0" inconclusive="0" skipped="0" asserts="2">
        <test-case id="0-1307" name="TestProcessXorConst" fullname="Kaitai.SpecProcessXorConst.TestProcessXorConst" methodname="TestProcessXorConst" classname="Kaitai.SpecProcessXorConst" runstate="Runnable" seed="1998072130" result="Passed" start-time="2023-11-04 09:50:17Z" end-time="2023-11-04 09:50:17Z" duration="0.000288" asserts="2" />
      </test-suite>
      <test-suite type="TestFixture" id="0-1308" name="SpecProcessXorValue" fullname="Kaitai.SpecProcessXorValue" classname="Kaitai.SpecProcessXorValue" runstate="Runnable" testcasecount="1" result="Passed" start-time="2023-11-04 09:50:17Z" end-time="2023-11-04 09:50:17Z" duration="0.002693" total="1" passed="1" failed="0" inconclusive="0" skipped="0" asserts="2">
        <test-case id="0-1309" name="TestProcessXorValue" fullname="Kaitai.SpecProcessXorValue.TestProcessXorValue" methodname="TestProcessXorValue" classname="Kaitai.SpecProcessXorValue" runstate="Runnable" seed="412888195" result="Passed" start-time="2023-11-04 09:50:17Z" end-time="2023-11-04 09:50:17Z" duration="0.000344" asserts="2" />
      </test-suite>
      <test-suite type="TestFixture" id="0-1310" name="SpecRecursiveOne" fullname="Kaitai.SpecRecursiveOne" classname="Kaitai.SpecRecursiveOne" runstate="Runnable" testcasecount="1" result="Passed" start-time="2023-11-04 09:50:17Z" end-time="2023-11-04 09:50:17Z" duration="0.002753" total="1" passed="1" failed="0" inconclusive="0" skipped="0" asserts="4">
        <test-case id="0-1311" name="TestRecursiveOne" fullname="Kaitai.SpecRecursiveOne.TestRecursiveOne" methodname="TestRecursiveOne" classname="Kaitai.SpecRecursiveOne" runstate="Runnable" seed="1218930824" result="Passed" start-time="2023-11-04 09:50:17Z" end-time="2023-11-04 09:50:17Z" duration="0.000460" asserts="4" />
      </test-suite>
      <test-suite type="TestFixture" id="0-1312" name="SpecRepeatEosBit" fullname="Kaitai.SpecRepeatEosBit" classname="Kaitai.SpecRepeatEosBit" runstate="Runnable" testcasecount="1" result="Passed" start-time="2023-11-04 09:50:17Z" end-time="2023-11-04 09:50:17Z" duration="0.002901" total="1" passed="1" failed="0" inconclusive="0" skipped="0" asserts="1">
        <test-case id="0-1313" name="TestRepeatEosBit" fullname="Kaitai.SpecRepeatEosBit.TestRepeatEosBit" methodname="TestRepeatEosBit" classname="Kaitai.SpecRepeatEosBit" runstate="Runnable" seed="138571086" result="Passed" start-time="2023-11-04 09:50:17Z" end-time="2023-11-04 09:50:17Z" duration="0.000597" asserts="1" />
      </test-suite>
      <test-suite type="TestFixture" id="0-1314" name="SpecRepeatEosStruct" fullname="Kaitai.SpecRepeatEosStruct" classname="Kaitai.SpecRepeatEosStruct" runstate="Runnable" testcasecount="1" result="Passed" start-time="2023-11-04 09:50:17Z" end-time="2023-11-04 09:50:17Z" duration="0.002918" total="1" passed="1" failed="0" inconclusive="0" skipped="0" asserts="5">
        <test-case id="0-1315" name="TestRepeatEosStruct" fullname="Kaitai.SpecRepeatEosStruct.TestRepeatEosStruct" methodname="TestRepeatEosStruct" classname="Kaitai.SpecRepeatEosStruct" runstate="Runnable" seed="1447821055" result="Passed" start-time="2023-11-04 09:50:17Z" end-time="2023-11-04 09:50:17Z" duration="0.000626" asserts="5" />
      </test-suite>
      <test-suite type="TestFixture" id="0-1316" name="SpecRepeatEosU4" fullname="Kaitai.SpecRepeatEosU4" classname="Kaitai.SpecRepeatEosU4" runstate="Runnable" testcasecount="1" result="Passed" start-time="2023-11-04 09:50:17Z" end-time="2023-11-04 09:50:17Z" duration="0.002948" total="1" passed="1" failed="0" inconclusive="0" skipped="0" asserts="1">
        <test-case id="0-1317" name="TestRepeatEosU4" fullname="Kaitai.SpecRepeatEosU4.TestRepeatEosU4" methodname="TestRepeatEosU4" classname="Kaitai.SpecRepeatEosU4" runstate="Runnable" seed="1265345193" result="Passed" start-time="2023-11-04 09:50:17Z" end-time="2023-11-04 09:50:17Z" duration="0.000638" asserts="1" />
      </test-suite>
      <test-suite type="TestFixture" id="0-1318" name="SpecRepeatNStruct" fullname="Kaitai.SpecRepeatNStruct" classname="Kaitai.SpecRepeatNStruct" runstate="Runnable" testcasecount="1" result="Passed" start-time="2023-11-04 09:50:17Z" end-time="2023-11-04 09:50:17Z" duration="0.002941" total="1" passed="1" failed="0" inconclusive="0" skipped="0" asserts="5">
        <test-case id="0-1319" name="TestRepeatNStruct" fullname="Kaitai.SpecRepeatNStruct.TestRepeatNStruct" methodname="TestRepeatNStruct" classname="Kaitai.SpecRepeatNStruct" runstate="Runnable" seed="800828087" result="Passed" start-time="2023-11-04 09:50:17Z" end-time="2023-11-04 09:50:17Z" duration="0.000640" asserts="5" />
      </test-suite>
      <test-suite type="TestFixture" id="0-1320" name="SpecRepeatNStrz" fullname="Kaitai.SpecRepeatNStrz" classname="Kaitai.SpecRepeatNStrz" runstate="Runnable" testcasecount="1" result="Passed" start-time="2023-11-04 09:50:17Z" end-time="2023-11-04 09:50:17Z" duration="0.002842" total="1" passed="1" failed="0" inconclusive="0" skipped="0" asserts="2">
        <test-case id="0-1321" name="TestRepeatNStrz" fullname="Kaitai.SpecRepeatNStrz.TestRepeatNStrz" methodname="TestRepeatNStrz" classname="Kaitai.SpecRepeatNStrz" runstate="Runnable" seed="60786867" result="Passed" start-time="2023-11-04 09:50:17Z" end-time="2023-11-04 09:50:17Z" duration="0.000529" asserts="2" />
      </test-suite>
      <test-suite type="TestFixture" id="0-1322" name="SpecRepeatNStrzDouble" fullname="Kaitai.SpecRepeatNStrzDouble" classname="Kaitai.SpecRepeatNStrzDouble" runstate="Runnable" testcasecount="1" result="Passed" start-time="2023-11-04 09:50:17Z" end-time="2023-11-04 09:50:17Z" duration="0.002913" total="1" passed="1" failed="0" inconclusive="0" skipped="0" asserts="3">
        <test-case id="0-1323" name="TestRepeatNStrzDouble" fullname="Kaitai.SpecRepeatNStrzDouble.TestRepeatNStrzDouble" methodname="TestRepeatNStrzDouble" classname="Kaitai.SpecRepeatNStrzDouble" runstate="Runnable" seed="2047490713" result="Passed" start-time="2023-11-04 09:50:17Z" end-time="2023-11-04 09:50:17Z" duration="0.000597" asserts="3" />
      </test-suite>
      <test-suite type="TestFixture" id="0-1324" name="SpecRepeatUntilCalcArrayType" fullname="Kaitai.SpecRepeatUntilCalcArrayType" classname="Kaitai.SpecRepeatUntilCalcArrayType" runstate="Runnable" testcasecount="1" result="Passed" start-time="2023-11-04 09:50:17Z" end-time="2023-11-04 09:50:17Z" duration="0.003156" total="1" passed="1" failed="0" inconclusive="0" skipped="0" asserts="7">
        <test-case id="0-1325" name="TestRepeatUntilCalcArrayType" fullname="Kaitai.SpecRepeatUntilCalcArrayType.TestRepeatUntilCalcArrayType" methodname="TestRepeatUntilCalcArrayType" classname="Kaitai.SpecRepeatUntilCalcArrayType" runstate="Runnable" seed="785851639" result="Passed" start-time="2023-11-04 09:50:17Z" end-time="2023-11-04 09:50:17Z" duration="0.000830" asserts="7" />
      </test-suite>
      <test-suite type="TestFixture" id="0-1326" name="SpecRepeatUntilComplex" fullname="Kaitai.SpecRepeatUntilComplex" classname="Kaitai.SpecRepeatUntilComplex" runstate="Runnable" testcasecount="1" result="Passed" start-time="2023-11-04 09:50:17Z" end-time="2023-11-04 09:50:17Z" duration="0.004755" total="1" passed="1" failed="0" inconclusive="0" skipped="0" asserts="15">
        <test-case id="0-1327" name="TestRepeatUntilComplex" fullname="Kaitai.SpecRepeatUntilComplex.TestRepeatUntilComplex" methodname="TestRepeatUntilComplex" classname="Kaitai.SpecRepeatUntilComplex" runstate="Runnable" seed="255846653" result="Passed" start-time="2023-11-04 09:50:17Z" end-time="2023-11-04 09:50:17Z" duration="0.002439" asserts="15" />
      </test-suite>
      <test-suite type="TestFixture" id="0-1328" name="SpecRepeatUntilS4" fullname="Kaitai.SpecRepeatUntilS4" classname="Kaitai.SpecRepeatUntilS4" runstate="Runnable" testcasecount="1" result="Passed" start-time="2023-11-04 09:50:17Z" end-time="2023-11-04 09:50:17Z" duration="0.002851" total="1" passed="1" failed="0" inconclusive="0" skipped="0" asserts="2">
        <test-case id="0-1329" name="TestRepeatUntilS4" fullname="Kaitai.SpecRepeatUntilS4.TestRepeatUntilS4" methodname="TestRepeatUntilS4" classname="Kaitai.SpecRepeatUntilS4" runstate="Runnable" seed="776214712" result="Passed" start-time="2023-11-04 09:50:17Z" end-time="2023-11-04 09:50:17Z" duration="0.000523" asserts="2" />
      </test-suite>
      <test-suite type="TestFixture" id="0-1330" name="SpecRepeatUntilSized" fullname="Kaitai.SpecRepeatUntilSized" classname="Kaitai.SpecRepeatUntilSized" runstate="Runnable" testcasecount="1" result="Passed" start-time="2023-11-04 09:50:17Z" end-time="2023-11-04 09:50:17Z" duration="0.003086" total="1" passed="1" failed="0" inconclusive="0" skipped="0" asserts="7">
        <test-case id="0-1331" name="TestRepeatUntilSized" fullname="Kaitai.SpecRepeatUntilSized.TestRepeatUntilSized" methodname="TestRepeatUntilSized" classname="Kaitai.SpecRepeatUntilSized" runstate="Runnable" seed="1006049819" result="Passed" start-time="2023-11-04 09:50:17Z" end-time="2023-11-04 09:50:17Z" duration="0.000774" asserts="7" />
      </test-suite>
      <test-suite type="TestFixture" id="0-1332" name="SpecStrEncodings" fullname="Kaitai.SpecStrEncodings" classname="Kaitai.SpecStrEncodings" runstate="Runnable" testcasecount="1" result="Passed" start-time="2023-11-04 09:50:17Z" end-time="2023-11-04 09:50:17Z" duration="0.002714" total="1" passed="1" failed="0" inconclusive="0" skipped="0" asserts="4">
        <test-case id="0-1333" name="TestStrEncodings" fullname="Kaitai.SpecStrEncodings.TestStrEncodings" methodname="TestStrEncodings" classname="Kaitai.SpecStrEncodings" runstate="Runnable" seed="394831099" result="Passed" start-time="2023-11-04 09:50:17Z" end-time="2023-11-04 09:50:17Z" duration="0.000386" asserts="4" />
      </test-suite>
      <test-suite type="TestFixture" id="0-1334" name="SpecStrEncodingsDefault" fullname="Kaitai.SpecStrEncodingsDefault" classname="Kaitai.SpecStrEncodingsDefault" runstate="Runnable" testcasecount="1" result="Passed" start-time="2023-11-04 09:50:17Z" end-time="2023-11-04 09:50:17Z" duration="0.002780" total="1" passed="1" failed="0" inconclusive="0" skipped="0" asserts="4">
        <test-case id="0-1335" name="TestStrEncodingsDefault" fullname="Kaitai.SpecStrEncodingsDefault.TestStrEncodingsDefault" methodname="TestStrEncodingsDefault" classname="Kaitai.SpecStrEncodingsDefault" runstate="Runnable" seed="1842843521" result="Passed" start-time="2023-11-04 09:50:17Z" end-time="2023-11-04 09:50:17Z" duration="0.000456" asserts="4" />
      </test-suite>
      <test-suite type="TestFixture" id="0-1336" name="SpecStrEncodingsUtf16" fullname="Kaitai.SpecStrEncodingsUtf16" classname="Kaitai.SpecStrEncodingsUtf16" runstate="Runnable" testcasecount="1" result="Passed" start-time="2023-11-04 09:50:17Z" end-time="2023-11-04 09:50:17Z" duration="0.004465" total="1" passed="1" failed="0" inconclusive="0" skipped="0" asserts="6">
        <test-case id="0-1337" name="TestStrEncodingsUtf16" fullname="Kaitai.SpecStrEncodingsUtf16.TestStrEncodingsUtf16" methodname="TestStrEncodingsUtf16" classname="Kaitai.SpecStrEncodingsUtf16" runstate="Runnable" seed="179202501" result="Passed" start-time="2023-11-04 09:50:17Z" end-time="2023-11-04 09:50:17Z" duration="0.002109" asserts="6" />
      </test-suite>
      <test-suite type="TestFixture" id="0-1338" name="SpecStrEos" fullname="Kaitai.SpecStrEos" classname="Kaitai.SpecStrEos" runstate="Runnable" testcasecount="1" result="Passed" start-time="2023-11-04 09:50:17Z" end-time="2023-11-04 09:50:17Z" duration="0.002618" total="1" passed="1" failed="0" inconclusive="0" skipped="0" asserts="1">
        <test-case id="0-1339" name="TestStrEos" fullname="Kaitai.SpecStrEos.TestStrEos" methodname="TestStrEos" classname="Kaitai.SpecStrEos" runstate="Runnable" seed="1078813551" result="Passed" start-time="2023-11-04 09:50:17Z" end-time="2023-11-04 09:50:17Z" duration="0.000292" asserts="1" />
      </test-suite>
      <test-suite type="TestFixture" id="0-1340" name="SpecStrLiterals" fullname="Kaitai.SpecStrLiterals" classname="Kaitai.SpecStrLiterals" runstate="Runnable" testcasecount="1" result="Passed" start-time="2023-11-04 09:50:17Z" end-time="2023-11-04 09:50:17Z" duration="0.004285" total="1" passed="1" failed="0" inconclusive="0" skipped="0" asserts="5">
        <test-case id="0-1341" name="TestStrLiterals" fullname="Kaitai.SpecStrLiterals.TestStrLiterals" methodname="TestStrLiterals" classname="Kaitai.SpecStrLiterals" runstate="Runnable" seed="875009772" result="Passed" start-time="2023-11-04 09:50:17Z" end-time="2023-11-04 09:50:17Z" duration="0.001927" asserts="5" />
      </test-suite>
      <test-suite type="TestFixture" id="0-1342" name="SpecStrLiterals2" fullname="Kaitai.SpecStrLiterals2" classname="Kaitai.SpecStrLiterals2" runstate="Runnable" testcasecount="1" result="Passed" start-time="2023-11-04 09:50:17Z" end-time="2023-11-04 09:50:17Z" duration="0.002774" total="1" passed="1" failed="0" inconclusive="0" skipped="0" asserts="4">
        <test-case id="0-1343" name="TestStrLiterals2" fullname="Kaitai.SpecStrLiterals2.TestStrLiterals2" methodname="TestStrLiterals2" classname="Kaitai.SpecStrLiterals2" runstate="Runnable" seed="2144856835" result="Passed" start-time="2023-11-04 09:50:17Z" end-time="2023-11-04 09:50:17Z" duration="0.000442" asserts="4" />
      </test-suite>
      <test-suite type="TestFixture" id="0-1344" name="SpecStrPadTerm" fullname="Kaitai.SpecStrPadTerm" classname="Kaitai.SpecStrPadTerm" runstate="Runnable" testcasecount="1" result="Passed" start-time="2023-11-04 09:50:17Z" end-time="2023-11-04 09:50:17Z" duration="0.002663" total="1" passed="1" failed="0" inconclusive="0" skipped="0" asserts="4">
        <test-case id="0-1345" name="TestStrPadTerm" fullname="Kaitai.SpecStrPadTerm.TestStrPadTerm" methodname="TestStrPadTerm" classname="Kaitai.SpecStrPadTerm" runstate="Runnable" seed="1425570830" result="Passed" start-time="2023-11-04 09:50:17Z" end-time="2023-11-04 09:50:17Z" duration="0.000350" asserts="4" />
      </test-suite>
      <test-suite type="TestFixture" id="0-1346" name="SpecStrPadTermEmpty" fullname="Kaitai.SpecStrPadTermEmpty" classname="Kaitai.SpecStrPadTermEmpty" runstate="Runnable" testcasecount="1" result="Passed" start-time="2023-11-04 09:50:17Z" end-time="2023-11-04 09:50:17Z" duration="0.002689" total="1" passed="1" failed="0" inconclusive="0" skipped="0" asserts="4">
        <test-case id="0-1347" name="TestStrPadTermEmpty" fullname="Kaitai.SpecStrPadTermEmpty.TestStrPadTermEmpty" methodname="TestStrPadTermEmpty" classname="Kaitai.SpecStrPadTermEmpty" runstate="Runnable" seed="2072888947" result="Passed" start-time="2023-11-04 09:50:17Z" end-time="2023-11-04 09:50:17Z" duration="0.000359" asserts="4" />
      </test-suite>
      <test-suite type="TestFixture" id="0-1348" name="SpecSwitchBytearray" fullname="Kaitai.SpecSwitchBytearray" classname="Kaitai.SpecSwitchBytearray" runstate="Runnable" testcasecount="1" result="Passed" start-time="2023-11-04 09:50:17Z" end-time="2023-11-04 09:50:17Z" duration="0.003316" total="1" passed="1" failed="0" inconclusive="0" skipped="0" asserts="9">
        <test-case id="0-1349" name="TestSwitchBytearray" fullname="Kaitai.SpecSwitchBytearray.TestSwitchBytearray" methodname="TestSwitchBytearray" classname="Kaitai.SpecSwitchBytearray" runstate="Runnable" seed="2050782035" result="Passed" start-time="2023-11-04 09:50:17Z" end-time="2023-11-04 09:50:17Z" duration="0.001004" asserts="9" />
      </test-suite>
      <test-suite type="TestFixture" id="0-1350" name="SpecSwitchCast" fullname="Kaitai.SpecSwitchCast" classname="Kaitai.SpecSwitchCast" runstate="Runnable" testcasecount="1" result="Passed" start-time="2023-11-04 09:50:17Z" end-time="2023-11-04 09:50:17Z" duration="0.003427" total="1" passed="1" failed="0" inconclusive="0" skipped="0" asserts="3">
        <test-case id="0-1351" name="TestSwitchCast" fullname="Kaitai.SpecSwitchCast.TestSwitchCast" methodname="TestSwitchCast" classname="Kaitai.SpecSwitchCast" runstate="Runnable" seed="1224359487" result="Passed" start-time="2023-11-04 09:50:17Z" end-time="2023-11-04 09:50:17Z" duration="0.001106" asserts="3" />
      </test-suite>
      <test-suite type="TestFixture" id="0-1352" name="SpecSwitchElseOnly" fullname="Kaitai.SpecSwitchElseOnly" classname="Kaitai.SpecSwitchElseOnly" runstate="Runnable" testcasecount="1" result="Passed" start-time="2023-11-04 09:50:17Z" end-time="2023-11-04 09:50:17Z" duration="0.002743" total="1" passed="1" failed="0" inconclusive="0" skipped="0" asserts="3">
        <test-case id="0-1353" name="TestSwitchElseOnly" fullname="Kaitai.SpecSwitchElseOnly.TestSwitchElseOnly" methodname="TestSwitchElseOnly" classname="Kaitai.SpecSwitchElseOnly" runstate="Runnable" seed="202300083" result="Passed" start-time="2023-11-04 09:50:17Z" end-time="2023-11-04 09:50:17Z" duration="0.000412" asserts="3" />
      </test-suite>
      <test-suite type="TestFixture" id="0-1354" name="SpecSwitchIntegers" fullname="Kaitai.SpecSwitchIntegers" classname="Kaitai.SpecSwitchIntegers" runstate="Runnable" testcasecount="1" result="Passed" start-time="2023-11-04 09:50:17Z" end-time="2023-11-04 09:50:17Z" duration="0.003136" total="1" passed="1" failed="0" inconclusive="0" skipped="0" asserts="9">
        <test-case id="0-1355" name="TestSwitchIntegers" fullname="Kaitai.SpecSwitchIntegers.TestSwitchIntegers" methodname="TestSwitchIntegers" classname="Kaitai.SpecSwitchIntegers" runstate="Runnable" seed="1764211544" result="Passed" start-time="2023-11-04 09:50:17Z" end-time="2023-11-04 09:50:17Z" duration="0.000810" asserts="9" />
      </test-suite>
      <test-suite type="TestFixture" id="0-1356" name="SpecSwitchIntegers2" fullname="Kaitai.SpecSwitchIntegers2" classname="Kaitai.SpecSwitchIntegers2" runstate="Runnable" testcasecount="1" result="Passed" start-time="2023-11-04 09:50:17Z" end-time="2023-11-04 09:50:17Z" duration="0.003058" total="1" passed="1" failed="0" inconclusive="0" skipped="0" asserts="5">
        <test-case id="0-1357" name="TestSwitchIntegers2" fullname="Kaitai.SpecSwitchIntegers2.TestSwitchIntegers2" methodname="TestSwitchIntegers2" classname="Kaitai.SpecSwitchIntegers2" runstate="Runnable" seed="2136013752" result="Passed" start-time="2023-11-04 09:50:17Z" end-time="2023-11-04 09:50:17Z" duration="0.000744" asserts="5" />
      </test-suite>
      <test-suite type="TestFixture" id="0-1358" name="SpecSwitchManualEnum" fullname="Kaitai.SpecSwitchManualEnum" classname="Kaitai.SpecSwitchManualEnum" runstate="Runnable" testcasecount="1" result="Passed" start-time="2023-11-04 09:50:17Z" end-time="2023-11-04 09:50:17Z" duration="0.003417" total="1" passed="1" failed="0" inconclusive="0" skipped="0" asserts="9">
        <test-case id="0-1359" name="TestSwitchManualEnum" fullname="Kaitai.SpecSwitchManualEnum.TestSwitchManualEnum" methodname="TestSwitchManualEnum" classname="Kaitai.SpecSwitchManualEnum" runstate="Runnable" seed="549454704" result="Passed" start-time="2023-11-04 09:50:17Z" end-time="2023-11-04 09:50:17Z" duration="0.001092" asserts="9" />
      </test-suite>
      <test-suite type="TestFixture" id="0-1360" name="SpecSwitchManualEnumInvalid" fullname="Kaitai.SpecSwitchManualEnumInvalid" classname="Kaitai.SpecSwitchManualEnumInvalid" runstate="Runnable" testcasecount="1" result="Passed" start-time="2023-11-04 09:50:17Z" end-time="2023-11-04 09:50:17Z" duration="0.003045" total="1" passed="1" failed="0" inconclusive="0" skipped="0" asserts="5">
        <test-case id="0-1361" name="TestSwitchManualEnumInvalid" fullname="Kaitai.SpecSwitchManualEnumInvalid.TestSwitchManualEnumInvalid" methodname="TestSwitchManualEnumInvalid" classname="Kaitai.SpecSwitchManualEnumInvalid" runstate="Runnable" seed="2058211252" result="Passed" start-time="2023-11-04 09:50:17Z" end-time="2023-11-04 09:50:17Z" duration="0.000731" asserts="5" />
      </test-suite>
      <test-suite type="TestFixture" id="0-1362" name="SpecSwitchManualEnumInvalidElse" fullname="Kaitai.SpecSwitchManualEnumInvalidElse" classname="Kaitai.SpecSwitchManualEnumInvalidElse" runstate="Runnable" testcasecount="1" result="Passed" start-time="2023-11-04 09:50:17Z" end-time="2023-11-04 09:50:17Z" duration="0.003177" total="1" passed="1" failed="0" inconclusive="0" skipped="0" asserts="5">
        <test-case id="0-1363" name="TestSwitchManualEnumInvalidElse" fullname="Kaitai.SpecSwitchManualEnumInvalidElse.TestSwitchManualEnumInvalidElse" methodname="TestSwitchManualEnumInvalidElse" classname="Kaitai.SpecSwitchManualEnumInvalidElse" runstate="Runnable" seed="2055663696" result="Passed" start-time="2023-11-04 09:50:17Z" end-time="2023-11-04 09:50:17Z" duration="0.000857" asserts="5" />
      </test-suite>
      <test-suite type="TestFixture" id="0-1364" name="SpecSwitchManualInt" fullname="Kaitai.SpecSwitchManualInt" classname="Kaitai.SpecSwitchManualInt" runstate="Runnable" testcasecount="1" result="Passed" start-time="2023-11-04 09:50:17Z" end-time="2023-11-04 09:50:17Z" duration="0.003300" total="1" passed="1" failed="0" inconclusive="0" skipped="0" asserts="9">
        <test-case id="0-1365" name="TestSwitchManualInt" fullname="Kaitai.SpecSwitchManualInt.TestSwitchManualInt" methodname="TestSwitchManualInt" classname="Kaitai.SpecSwitchManualInt" runstate="Runnable" seed="2103736803" result="Passed" start-time="2023-11-04 09:50:17Z" end-time="2023-11-04 09:50:17Z" duration="0.000981" asserts="9" />
      </test-suite>
      <test-suite type="TestFixture" id="0-1366" name="SpecSwitchManualIntElse" fullname="Kaitai.SpecSwitchManualIntElse" classname="Kaitai.SpecSwitchManualIntElse" runstate="Runnable" testcasecount="1" result="Passed" start-time="2023-11-04 09:50:17Z" end-time="2023-11-04 09:50:17Z" duration="0.003338" total="1" passed="1" failed="0" inconclusive="0" skipped="0" asserts="9">
        <test-case id="0-1367" name="TestSwitchManualIntElse" fullname="Kaitai.SpecSwitchManualIntElse.TestSwitchManualIntElse" methodname="TestSwitchManualIntElse" classname="Kaitai.SpecSwitchManualIntElse" runstate="Runnable" seed="679523999" result="Passed" start-time="2023-11-04 09:50:17Z" end-time="2023-11-04 09:50:17Z" duration="0.001025" asserts="9" />
      </test-suite>
      <test-suite type="TestFixture" id="0-1368" name="SpecSwitchManualIntSize" fullname="Kaitai.SpecSwitchManualIntSize" classname="Kaitai.SpecSwitchManualIntSize" runstate="Runnable" testcasecount="1" result="Passed" start-time="2023-11-04 09:50:17Z" end-time="2023-11-04 09:50:17Z" duration="0.003691" total="1" passed="1" failed="0" inconclusive="0" skipped="0" asserts="10">
        <test-case id="0-1369" name="TestSwitchManualIntSize" fullname="Kaitai.SpecSwitchManualIntSize.TestSwitchManualIntSize" methodname="TestSwitchManualIntSize" classname="Kaitai.SpecSwitchManualIntSize" runstate="Runnable" seed="853256823" result="Passed" start-time="2023-11-04 09:50:17Z" end-time="2023-11-04 09:50:17Z" duration="0.001368" asserts="10" />
      </test-suite>
      <test-suite type="TestFixture" id="0-1370" name="SpecSwitchManualIntSizeElse" fullname="Kaitai.SpecSwitchManualIntSizeElse" classname="Kaitai.SpecSwitchManualIntSizeElse" runstate="Runnable" testcasecount="1" result="Passed" start-time="2023-11-04 09:50:17Z" end-time="2023-11-04 09:50:17Z" duration="0.003665" total="1" passed="1" failed="0" inconclusive="0" skipped="0" asserts="10">
        <test-case id="0-1371" name="TestSwitchManualIntSizeElse" fullname="Kaitai.SpecSwitchManualIntSizeElse.TestSwitchManualIntSizeElse" methodname="TestSwitchManualIntSizeElse" classname="Kaitai.SpecSwitchManualIntSizeElse" runstate="Runnable" seed="1852865912" result="Passed" start-time="2023-11-04 09:50:17Z" end-time="2023-11-04 09:50:17Z" duration="0.001330" asserts="10" />
      </test-suite>
      <test-suite type="TestFixture" id="0-1372" name="SpecSwitchManualIntSizeEos" fullname="Kaitai.SpecSwitchManualIntSizeEos" classname="Kaitai.SpecSwitchManualIntSizeEos" runstate="Runnable" testcasecount="1" result="Passed" start-time="2023-11-04 09:50:17Z" end-time="2023-11-04 09:50:17Z" duration="0.003749" total="1" passed="1" failed="0" inconclusive="0" skipped="0" asserts="10">
        <test-case id="0-1373" name="TestSwitchManualIntSizeEos" fullname="Kaitai.SpecSwitchManualIntSizeEos.TestSwitchManualIntSizeEos" methodname="TestSwitchManualIntSizeEos" classname="Kaitai.SpecSwitchManualIntSizeEos" runstate="Runnable" seed="1584985820" result="Passed" start-time="2023-11-04 09:50:17Z" end-time="2023-11-04 09:50:17Z" duration="0.001421" asserts="10" />
      </test-suite>
      <test-suite type="TestFixture" id="0-1374" name="SpecSwitchManualStr" fullname="Kaitai.SpecSwitchManualStr" classname="Kaitai.SpecSwitchManualStr" runstate="Runnable" testcasecount="1" result="Passed" start-time="2023-11-04 09:50:17Z" end-time="2023-11-04 09:50:17Z" duration="0.003293" total="1" passed="1" failed="0" inconclusive="0" skipped="0" asserts="9">
        <test-case id="0-1375" name="TestSwitchManualStr" fullname="Kaitai.SpecSwitchManualStr.TestSwitchManualStr" methodname="TestSwitchManualStr" classname="Kaitai.SpecSwitchManualStr" runstate="Runnable" seed="569235338" result="Passed" start-time="2023-11-04 09:50:17Z" end-time="2023-11-04 09:50:17Z" duration="0.000970" asserts="9" />
      </test-suite>
      <test-suite type="TestFixture" id="0-1376" name="SpecSwitchManualStrElse" fullname="Kaitai.SpecSwitchManualStrElse" classname="Kaitai.SpecSwitchManualStrElse" runstate="Runnable" testcasecount="1" result="Passed" start-time="2023-11-04 09:50:17Z" end-time="2023-11-04 09:50:17Z" duration="0.003353" total="1" passed="1" failed="0" inconclusive="0" skipped="0" asserts="9">
        <test-case id="0-1377" name="TestSwitchManualStrElse" fullname="Kaitai.SpecSwitchManualStrElse.TestSwitchManualStrElse" methodname="TestSwitchManualStrElse" classname="Kaitai.SpecSwitchManualStrElse" runstate="Runnable" seed="252067243" result="Passed" start-time="2023-11-04 09:50:17Z" end-time="2023-11-04 09:50:17Z" duration="0.001026" asserts="9" />
      </test-suite>
      <test-suite type="TestFixture" id="0-1378" name="SpecSwitchMultiBoolOps" fullname="Kaitai.SpecSwitchMultiBoolOps" classname="Kaitai.SpecSwitchMultiBoolOps" runstate="Runnable" testcasecount="1" result="Passed" start-time="2023-11-04 09:50:17Z" end-time="2023-11-04 09:50:17Z" duration="0.003645" total="1" passed="1" failed="0" inconclusive="0" skipped="0" asserts="9">
        <test-case id="0-1379" name="TestSwitchMultiBoolOps" fullname="Kaitai.SpecSwitchMultiBoolOps.TestSwitchMultiBoolOps" methodname="TestSwitchMultiBoolOps" classname="Kaitai.SpecSwitchMultiBoolOps" runstate="Runnable" seed="1913652108" result="Passed" start-time="2023-11-04 09:50:17Z" end-time="2023-11-04 09:50:17Z" duration="0.001327" asserts="9" />
      </test-suite>
      <test-suite type="TestFixture" id="0-1380" name="SpecSwitchRepeatExpr" fullname="Kaitai.SpecSwitchRepeatExpr" classname="Kaitai.SpecSwitchRepeatExpr" runstate="Runnable" testcasecount="1" result="Passed" start-time="2023-11-04 09:50:17Z" end-time="2023-11-04 09:50:17Z" duration="0.003033" total="1" passed="1" failed="0" inconclusive="0" skipped="0" asserts="3">
        <test-case id="0-1381" name="TestSwitchRepeatExpr" fullname="Kaitai.SpecSwitchRepeatExpr.TestSwitchRepeatExpr" methodname="TestSwitchRepeatExpr" classname="Kaitai.SpecSwitchRepeatExpr" runstate="Runnable" seed="1698100803" result="Passed" start-time="2023-11-04 09:50:17Z" end-time="2023-11-04 09:50:17Z" duration="0.000715" asserts="3" />
      </test-suite>
      <test-suite type="TestFixture" id="0-1382" name="SpecSwitchRepeatExprInvalid" fullname="Kaitai.SpecSwitchRepeatExprInvalid" classname="Kaitai.SpecSwitchRepeatExprInvalid" runstate="Runnable" testcasecount="1" result="Passed" start-time="2023-11-04 09:50:17Z" end-time="2023-11-04 09:50:17Z" duration="0.002945" total="1" passed="1" failed="0" inconclusive="0" skipped="0" asserts="3">
        <test-case id="0-1383" name="TestSwitchRepeatExprInvalid" fullname="Kaitai.SpecSwitchRepeatExprInvalid.TestSwitchRepeatExprInvalid" methodname="TestSwitchRepeatExprInvalid" classname="Kaitai.SpecSwitchRepeatExprInvalid" runstate="Runnable" seed="592060134" result="Passed" start-time="2023-11-04 09:50:17Z" end-time="2023-11-04 09:50:17Z" duration="0.000625" asserts="3" />
      </test-suite>
      <test-suite type="TestFixture" id="0-1384" name="SpecTermBytes" fullname="Kaitai.SpecTermBytes" classname="Kaitai.SpecTermBytes" runstate="Runnable" testcasecount="1" result="Passed" start-time="2023-11-04 09:50:17Z" end-time="2023-11-04 09:50:17Z" duration="0.002650" total="1" passed="1" failed="0" inconclusive="0" skipped="0" asserts="3">
        <test-case id="0-1385" name="TestTermBytes" fullname="Kaitai.SpecTermBytes.TestTermBytes" methodname="TestTermBytes" classname="Kaitai.SpecTermBytes" runstate="Runnable" seed="1552239392" result="Passed" start-time="2023-11-04 09:50:17Z" end-time="2023-11-04 09:50:17Z" duration="0.000338" asserts="3" />
      </test-suite>
      <test-suite type="TestFixture" id="0-1386" name="SpecTermStrz" fullname="Kaitai.SpecTermStrz" classname="Kaitai.SpecTermStrz" runstate="Runnable" testcasecount="1" result="Passed" start-time="2023-11-04 09:50:17Z" end-time="2023-11-04 09:50:17Z" duration="0.002552" total="1" passed="1" failed="0" inconclusive="0" skipped="0" asserts="3">
        <test-case id="0-1387" name="TestTermStrz" fullname="Kaitai.SpecTermStrz.TestTermStrz" methodname="TestTermStrz" classname="Kaitai.SpecTermStrz" runstate="Runnable" seed="1932803371" result="Passed" start-time="2023-11-04 09:50:17Z" end-time="2023-11-04 09:50:17Z" duration="0.000213" asserts="3" />
      </test-suite>
      <test-suite type="TestFixture" id="0-1388" name="SpecTermU1Val" fullname="Kaitai.SpecTermU1Val" classname="Kaitai.SpecTermU1Val" runstate="Runnable" testcasecount="1" result="Passed" start-time="2023-11-04 09:50:17Z" end-time="2023-11-04 09:50:17Z" duration="0.002699" total="1" passed="1" failed="0" inconclusive="0" skipped="0" asserts="2">
        <test-case id="0-1389" name="TestTermU1Val" fullname="Kaitai.SpecTermU1Val.TestTermU1Val" methodname="TestTermU1Val" classname="Kaitai.SpecTermU1Val" runstate="Runnable" seed="1999522044" result="Passed" start-time="2023-11-04 09:50:17Z" end-time="2023-11-04 09:50:17Z" duration="0.000369" asserts="2" />
      </test-suite>
      <test-suite type="TestFixture" id="0-1390" name="SpecToStringCustom" fullname="Kaitai.SpecToStringCustom" classname="Kaitai.SpecToStringCustom" runstate="Runnable" testcasecount="1" result="Passed" start-time="2023-11-04 09:50:17Z" end-time="2023-11-04 09:50:17Z" duration="0.002725" total="1" passed="1" failed="0" inconclusive="0" skipped="0" asserts="1">
        <test-case id="0-1391" name="TestToStringCustom" fullname="Kaitai.SpecToStringCustom.TestToStringCustom" methodname="TestToStringCustom" classname="Kaitai.SpecToStringCustom" runstate="Runnable" seed="1350496040" result="Passed" start-time="2023-11-04 09:50:17Z" end-time="2023-11-04 09:50:17Z" duration="0.000411" asserts="1" />
      </test-suite>
      <test-suite type="TestFixture" id="0-1392" name="SpecTsPacketHeader" fullname="Kaitai.SpecTsPacketHeader" classname="Kaitai.SpecTsPacketHeader" runstate="Runnable" testcasecount="1" result="Passed" start-time="2023-11-04 09:50:17Z" end-time="2023-11-04 09:50:17Z" duration="0.002807" total="1" passed="1" failed="0" inconclusive="0" skipped="0" asserts="7">
        <test-case id="0-1393" name="TestTsPacketHeader" fullname="Kaitai.SpecTsPacketHeader.TestTsPacketHeader" methodname="TestTsPacketHeader" classname="Kaitai.SpecTsPacketHeader" runstate="Runnable" seed="15085958" result="Passed" start-time="2023-11-04 09:50:17Z" end-time="2023-11-04 09:50:17Z" duration="0.000495" asserts="7" />
      </test-suite>
      <test-suite type="TestFixture" id="0-1394" name="SpecTypeIntUnaryOp" fullname="Kaitai.SpecTypeIntUnaryOp" classname="Kaitai.SpecTypeIntUnaryOp" runstate="Runnable" testcasecount="1" result="Passed" start-time="2023-11-04 09:50:17Z" end-time="2023-11-04 09:50:17Z" duration="0.002723" total="1" passed="1" failed="0" inconclusive="0" skipped="0" asserts="4">
        <test-case id="0-1395" name="TestTypeIntUnaryOp" fullname="Kaitai.SpecTypeIntUnaryOp.TestTypeIntUnaryOp" methodname="TestTypeIntUnaryOp" classname="Kaitai.SpecTypeIntUnaryOp" runstate="Runnable" seed="586492119" result="Passed" start-time="2023-11-04 09:50:17Z" end-time="2023-11-04 09:50:17Z" duration="0.000414" asserts="4" />
      </test-suite>
      <test-suite type="TestFixture" id="0-1396" name="SpecTypeTernary" fullname="Kaitai.SpecTypeTernary" classname="Kaitai.SpecTypeTernary" runstate="Runnable" testcasecount="1" result="Passed" start-time="2023-11-04 09:50:17Z" end-time="2023-11-04 09:50:17Z" duration="0.002753" total="1" passed="1" failed="0" inconclusive="0" skipped="0" asserts="1">
        <test-case id="0-1397" name="TestTypeTernary" fullname="Kaitai.SpecTypeTernary.TestTypeTernary" methodname="TestTypeTernary" classname="Kaitai.SpecTypeTernary" runstate="Runnable" seed="701024097" result="Passed" start-time="2023-11-04 09:50:17Z" end-time="2023-11-04 09:50:17Z" duration="0.000444" asserts="1" />
      </test-suite>
      <test-suite type="TestFixture" id="0-1398" name="SpecTypeTernary2ndFalsy" fullname="Kaitai.SpecTypeTernary2ndFalsy" classname="Kaitai.SpecTypeTernary2ndFalsy" runstate="Runnable" testcasecount="1" result="Passed" start-time="2023-11-04 09:50:17Z" end-time="2023-11-04 09:50:17Z" duration="0.003415" total="1" passed="1" failed="0" inconclusive="0" skipped="0" asserts="13">
        <test-case id="0-1399" name="TestTypeTernary2ndFalsy" fullname="Kaitai.SpecTypeTernary2ndFalsy.TestTypeTernary2ndFalsy" methodname="TestTypeTernary2ndFalsy" classname="Kaitai.SpecTypeTernary2ndFalsy" runstate="Runnable" seed="1411688667" result="Passed" start-time="2023-11-04 09:50:17Z" end-time="2023-11-04 09:50:17Z" duration="0.001098" asserts="13" />
      </test-suite>
      <test-suite type="TestFixture" id="0-1400" name="SpecTypeTernaryOpaque" fullname="Kaitai.SpecTypeTernaryOpaque" classname="Kaitai.SpecTypeTernaryOpaque" runstate="Runnable" testcasecount="1" result="Passed" start-time="2023-11-04 09:50:17Z" end-time="2023-11-04 09:50:17Z" duration="0.002794" total="1" passed="1" failed="0" inconclusive="0" skipped="0" asserts="3">
        <test-case id="0-1401" name="TestTypeTernaryOpaque" fullname="Kaitai.SpecTypeTernaryOpaque.TestTypeTernaryOpaque" methodname="TestTypeTernaryOpaque" classname="Kaitai.SpecTypeTernaryOpaque" runstate="Runnable" seed="1948026854" result="Passed" start-time="2023-11-04 09:50:17Z" end-time="2023-11-04 09:50:17Z" duration="0.000474" asserts="3" />
      </test-suite>
      <test-suite type="TestFixture" id="0-1402" name="SpecUserType" fullname="Kaitai.SpecUserType" classname="Kaitai.SpecUserType" runstate="Runnable" testcasecount="1" result="Passed" start-time="2023-11-04 09:50:17Z" end-time="2023-11-04 09:50:17Z" duration="0.002658" total="1" passed="1" failed="0" inconclusive="0" skipped="0" asserts="2">
        <test-case id="0-1403" name="TestUserType" fullname="Kaitai.SpecUserType.TestUserType" methodname="TestUserType" classname="Kaitai.SpecUserType" runstate="Runnable" seed="2048664962" result="Passed" start-time="2023-11-04 09:50:17Z" end-time="2023-11-04 09:50:17Z" duration="0.000352" asserts="2" />
      </test-suite>
      <test-suite type="TestFixture" id="0-1404" name="SpecValidEqStrEncodings" fullname="Kaitai.SpecValidEqStrEncodings" classname="Kaitai.SpecValidEqStrEncodings" runstate="Runnable" testcasecount="1" result="Passed" start-time="2023-11-04 09:50:17Z" end-time="2023-11-04 09:50:17Z" duration="0.002771" total="1" passed="1" failed="0" inconclusive="0" skipped="0" asserts="0">
        <test-case id="0-1405" name="TestValidEqStrEncodings" fullname="Kaitai.SpecValidEqStrEncodings.TestValidEqStrEncodings" methodname="TestValidEqStrEncodings" classname="Kaitai.SpecValidEqStrEncodings" runstate="Runnable" seed="1275559821" result="Passed" start-time="2023-11-04 09:50:17Z" end-time="2023-11-04 09:50:17Z" duration="0.000458" asserts="0" />
      </test-suite>
      <test-suite type="TestFixture" id="0-1406" name="SpecValidFailAnyofInt" fullname="Kaitai.SpecValidFailAnyofInt" classname="Kaitai.SpecValidFailAnyofInt" runstate="Runnable" testcasecount="1" result="Passed" start-time="2023-11-04 09:50:17Z" end-time="2023-11-04 09:50:17Z" duration="0.002975" total="1" passed="1" failed="0" inconclusive="0" skipped="0" asserts="1">
        <test-case id="0-1407" name="TestValidFailAnyofInt" fullname="Kaitai.SpecValidFailAnyofInt.TestValidFailAnyofInt" methodname="TestValidFailAnyofInt" classname="Kaitai.SpecValidFailAnyofInt" runstate="Runnable" seed="374284987" result="Passed" start-time="2023-11-04 09:50:17Z" end-time="2023-11-04 09:50:17Z" duration="0.000659" asserts="1" />
      </test-suite>
      <test-suite type="TestFixture" id="0-1408" name="SpecValidFailContents" fullname="Kaitai.SpecValidFailContents" classname="Kaitai.SpecValidFailContents" runstate="Runnable" testcasecount="1" result="Passed" start-time="2023-11-04 09:50:17Z" end-time="2023-11-04 09:50:17Z" duration="0.002905" total="1" passed="1" failed="0" inconclusive="0" skipped="0" asserts="1">
        <test-case id="0-1409" name="TestValidFailContents" fullname="Kaitai.SpecValidFailContents.TestValidFailContents" methodname="TestValidFailContents" classname="Kaitai.SpecValidFailContents" runstate="Runnable" seed="118262380" result="Passed" start-time="2023-11-04 09:50:17Z" end-time="2023-11-04 09:50:17Z" duration="0.000584" asserts="1" />
      </test-suite>
      <test-suite type="TestFixture" id="0-1410" name="SpecValidFailEqBytes" fullname="Kaitai.SpecValidFailEqBytes" classname="Kaitai.SpecValidFailEqBytes" runstate="Runnable" testcasecount="1" result="Passed" start-time="2023-11-04 09:50:17Z" end-time="2023-11-04 09:50:17Z" duration="0.002684" total="1" passed="1" failed="0" inconclusive="0" skipped="0" asserts="1">
        <test-case id="0-1411" name="TestValidFailEqBytes" fullname="Kaitai.SpecValidFailEqBytes.TestValidFailEqBytes" methodname="TestValidFailEqBytes" classname="Kaitai.SpecValidFailEqBytes" runstate="Runnable" seed="1042602360" result="Passed" start-time="2023-11-04 09:50:17Z" end-time="2023-11-04 09:50:17Z" duration="0.000367" asserts="1" />
      </test-suite>
      <test-suite type="TestFixture" id="0-1412" name="SpecValidFailEqInt" fullname="Kaitai.SpecValidFailEqInt" classname="Kaitai.SpecValidFailEqInt" runstate="Runnable" testcasecount="1" result="Passed" start-time="2023-11-04 09:50:17Z" end-time="2023-11-04 09:50:17Z" duration="0.002713" total="1" passed="1" failed="0" inconclusive="0" skipped="0" asserts="1">
        <test-case id="0-1413" name="TestValidFailEqInt" fullname="Kaitai.SpecValidFailEqInt.TestValidFailEqInt" methodname="TestValidFailEqInt" classname="Kaitai.SpecValidFailEqInt" runstate="Runnable" seed="2096027534" result="Passed" start-time="2023-11-04 09:50:17Z" end-time="2023-11-04 09:50:17Z" duration="0.000397" asserts="1" />
      </test-suite>
      <test-suite type="TestFixture" id="0-1414" name="SpecValidFailEqStr" fullname="Kaitai.SpecValidFailEqStr" classname="Kaitai.SpecValidFailEqStr" runstate="Runnable" testcasecount="1" result="Passed" start-time="2023-11-04 09:50:17Z" end-time="2023-11-04 09:50:17Z" duration="0.002679" total="1" passed="1" failed="0" inconclusive="0" skipped="0" asserts="1">
        <test-case id="0-1415" name="TestValidFailEqStr" fullname="Kaitai.SpecValidFailEqStr.TestValidFailEqStr" methodname="TestValidFailEqStr" classname="Kaitai.SpecValidFailEqStr" runstate="Runnable" seed="488198200" result="Passed" start-time="2023-11-04 09:50:17Z" end-time="2023-11-04 09:50:17Z" duration="0.000349" asserts="1" />
      </test-suite>
      <test-suite type="TestFixture" id="0-1416" name="SpecValidFailExpr" fullname="Kaitai.SpecValidFailExpr" classname="Kaitai.SpecValidFailExpr" runstate="Runnable" testcasecount="1" result="Passed" start-time="2023-11-04 09:50:17Z" end-time="2023-11-04 09:50:17Z" duration="0.002963" total="1" passed="1" failed="0" inconclusive="0" skipped="0" asserts="1">
        <test-case id="0-1417" name="TestValidFailExpr" fullname="Kaitai.SpecValidFailExpr.TestValidFailExpr" methodname="TestValidFailExpr" classname="Kaitai.SpecValidFailExpr" runstate="Runnable" seed="1246976640" result="Passed" start-time="2023-11-04 09:50:17Z" end-time="2023-11-04 09:50:17Z" duration="0.000639" asserts="1" />
      </test-suite>
      <test-suite type="TestFixture" id="0-1418" name="SpecValidFailInst" fullname="Kaitai.SpecValidFailInst" classname="Kaitai.SpecValidFailInst" runstate="Runnable" testcasecount="1" result="Passed" start-time="2023-11-04 09:50:17Z" end-time="2023-11-04 09:50:17Z" duration="0.002753" total="1" passed="1" failed="0" inconclusive="0" skipped="0" asserts="1">
        <test-case id="0-1419" name="TestValidFailInst" fullname="Kaitai.SpecValidFailInst.TestValidFailInst" methodname="TestValidFailInst" classname="Kaitai.SpecValidFailInst" runstate="Runnable" seed="1996094035" result="Passed" start-time="2023-11-04 09:50:17Z" end-time="2023-11-04 09:50:17Z" duration="0.000442" asserts="1" />
      </test-suite>
      <test-suite type="TestFixture" id="0-1420" name="SpecValidFailMaxInt" fullname="Kaitai.SpecValidFailMaxInt" classname="Kaitai.SpecValidFailMaxInt" runstate="Runnable" testcasecount="1" result="Passed" start-time="2023-11-04 09:50:17Z" end-time="2023-11-04 09:50:17Z" duration="0.002785" total="1" passed="1" failed="0" inconclusive="0" skipped="0" asserts="1">
        <test-case id="0-1421" name="TestValidFailMaxInt" fullname="Kaitai.SpecValidFailMaxInt.TestValidFailMaxInt" methodname="TestValidFailMaxInt" classname="Kaitai.SpecValidFailMaxInt" runstate="Runnable" seed="1307120667" result="Passed" start-time="2023-11-04 09:50:17Z" end-time="2023-11-04 09:50:17Z" duration="0.000455" asserts="1" />
      </test-suite>
      <test-suite type="TestFixture" id="0-1422" name="SpecValidFailMinInt" fullname="Kaitai.SpecValidFailMinInt" classname="Kaitai.SpecValidFailMinInt" runstate="Runnable" testcasecount="1" result="Passed" start-time="2023-11-04 09:50:17Z" end-time="2023-11-04 09:50:17Z" duration="0.002738" total="1" passed="1" failed="0" inconclusive="0" skipped="0" asserts="1">
        <test-case id="0-1423" name="TestValidFailMinInt" fullname="Kaitai.SpecValidFailMinInt.TestValidFailMinInt" methodname="TestValidFailMinInt" classname="Kaitai.SpecValidFailMinInt" runstate="Runnable" seed="536004546" result="Passed" start-time="2023-11-04 09:50:17Z" end-time="2023-11-04 09:50:17Z" duration="0.000419" asserts="1" />
      </test-suite>
      <test-suite type="TestFixture" id="0-1424" name="SpecValidFailRangeBytes" fullname="Kaitai.SpecValidFailRangeBytes" classname="Kaitai.SpecValidFailRangeBytes" runstate="Runnable" testcasecount="1" result="Passed" start-time="2023-11-04 09:50:17Z" end-time="2023-11-04 09:50:17Z" duration="0.002755" total="1" passed="1" failed="0" inconclusive="0" skipped="0" asserts="1">
        <test-case id="0-1425" name="TestValidFailRangeBytes" fullname="Kaitai.SpecValidFailRangeBytes.TestValidFailRangeBytes" methodname="TestValidFailRangeBytes" classname="Kaitai.SpecValidFailRangeBytes" runstate="Runnable" seed="879737811" result="Passed" start-time="2023-11-04 09:50:17Z" end-time="2023-11-04 09:50:17Z" duration="0.000424" asserts="1" />
      </test-suite>
      <test-suite type="TestFixture" id="0-1426" name="SpecValidFailRangeFloat" fullname="Kaitai.SpecValidFailRangeFloat" classname="Kaitai.SpecValidFailRangeFloat" runstate="Runnable" testcasecount="1" result="Passed" start-time="2023-11-04 09:50:17Z" end-time="2023-11-04 09:50:17Z" duration="0.003762" total="1" passed="1" failed="0" inconclusive="0" skipped="0" asserts="1">
        <test-case id="0-1427" name="TestValidFailRangeFloat" fullname="Kaitai.SpecValidFailRangeFloat.TestValidFailRangeFloat" methodname="TestValidFailRangeFloat" classname="Kaitai.SpecValidFailRangeFloat" runstate="Runnable" seed="740859389" result="Passed" start-time="2023-11-04 09:50:17Z" end-time="2023-11-04 09:50:17Z" duration="0.001440" asserts="1" />
      </test-suite>
      <test-suite type="TestFixture" id="0-1428" name="SpecValidFailRangeInt" fullname="Kaitai.SpecValidFailRangeInt" classname="Kaitai.SpecValidFailRangeInt" runstate="Runnable" testcasecount="1" result="Passed" start-time="2023-11-04 09:50:17Z" end-time="2023-11-04 09:50:17Z" duration="0.002706" total="1" passed="1" failed="0" inconclusive="0" skipped="0" asserts="1">
        <test-case id="0-1429" name="TestValidFailRangeInt" fullname="Kaitai.SpecValidFailRangeInt.TestValidFailRangeInt" methodname="TestValidFailRangeInt" classname="Kaitai.SpecValidFailRangeInt" runstate="Runnable" seed="685347849" result="Passed" start-time="2023-11-04 09:50:17Z" end-time="2023-11-04 09:50:17Z" duration="0.000386" asserts="1" />
      </test-suite>
      <test-suite type="TestFixture" id="0-1430" name="SpecValidFailRangeStr" fullname="Kaitai.SpecValidFailRangeStr" classname="Kaitai.SpecValidFailRangeStr" runstate="Runnable" testcasecount="1" result="Passed" start-time="2023-11-04 09:50:17Z" end-time="2023-11-04 09:50:17Z" duration="0.002707" total="1" passed="1" failed="0" inconclusive="0" skipped="0" asserts="1">
        <test-case id="0-1431" name="TestValidFailRangeStr" fullname="Kaitai.SpecValidFailRangeStr.TestValidFailRangeStr" methodname="TestValidFailRangeStr" classname="Kaitai.SpecValidFailRangeStr" runstate="Runnable" seed="1878498997" result="Passed" start-time="2023-11-04 09:50:17Z" end-time="2023-11-04 09:50:17Z" duration="0.000388" asserts="1" />
      </test-suite>
      <test-suite type="TestFixture" id="0-1432" name="SpecValidLong" fullname="Kaitai.SpecValidLong" classname="Kaitai.SpecValidLong" runstate="Runnable" testcasecount="1" result="Passed" start-time="2023-11-04 09:50:17Z" end-time="2023-11-04 09:50:17Z" duration="0.002991" total="1" passed="1" failed="0" inconclusive="0" skipped="0" asserts="0">
        <test-case id="0-1433" name="TestValidLong" fullname="Kaitai.SpecValidLong.TestValidLong" methodname="TestValidLong" classname="Kaitai.SpecValidLong" runstate="Runnable" seed="1420912185" result="Passed" start-time="2023-11-04 09:50:17Z" end-time="2023-11-04 09:50:17Z" duration="0.000675" asserts="0" />
      </test-suite>
      <test-suite type="TestFixture" id="0-1434" name="SpecValidNotParsedIf" fullname="Kaitai.SpecValidNotParsedIf" classname="Kaitai.SpecValidNotParsedIf" runstate="Runnable" testcasecount="1" result="Passed" start-time="2023-11-04 09:50:17Z" end-time="2023-11-04 09:50:17Z" duration="0.002698" total="1" passed="1" failed="0" inconclusive="0" skipped="0" asserts="0">
        <test-case id="0-1435" name="TestValidNotParsedIf" fullname="Kaitai.SpecValidNotParsedIf.TestValidNotParsedIf" methodname="TestValidNotParsedIf" classname="Kaitai.SpecValidNotParsedIf" runstate="Runnable" seed="1104191245" result="Passed" start-time="2023-11-04 09:50:17Z" end-time="2023-11-04 09:50:17Z" duration="0.000383" asserts="0" />
      </test-suite>
      <test-suite type="TestFixture" id="0-1436" name="SpecValidOptionalId" fullname="Kaitai.SpecValidOptionalId" classname="Kaitai.SpecValidOptionalId" runstate="Runnable" testcasecount="1" result="Passed" start-time="2023-11-04 09:50:17Z" end-time="2023-11-04 09:50:17Z" duration="0.002673" total="1" passed="1" failed="0" inconclusive="0" skipped="0" asserts="0">
        <test-case id="0-1437" name="TestValidOptionalId" fullname="Kaitai.SpecValidOptionalId.TestValidOptionalId" methodname="TestValidOptionalId" classname="Kaitai.SpecValidOptionalId" runstate="Runnable" seed="789647506" result="Passed" start-time="2023-11-04 09:50:17Z" end-time="2023-11-04 09:50:17Z" duration="0.000357" asserts="0" />
      </test-suite>
      <test-suite type="TestFixture" id="0-1438" name="SpecValidShort" fullname="Kaitai.SpecValidShort" classname="Kaitai.SpecValidShort" runstate="Runnable" testcasecount="1" result="Passed" start-time="2023-11-04 09:50:17Z" end-time="2023-11-04 09:50:17Z" duration="0.002954" total="1" passed="1" failed="0" inconclusive="0" skipped="0" asserts="0">
        <test-case id="0-1439" name="TestValidShort" fullname="Kaitai.SpecValidShort.TestValidShort" methodname="TestValidShort" classname="Kaitai.SpecValidShort" runstate="Runnable" seed="1991032533" result="Passed" start-time="2023-11-04 09:50:17Z" end-time="2023-11-04 09:50:17Z" duration="0.000634" asserts="0" />
      </test-suite>
      <test-suite type="TestFixture" id="0-1440" name="SpecValidSwitch" fullname="Kaitai.SpecValidSwitch" classname="Kaitai.SpecValidSwitch" runstate="Runnable" testcasecount="1" result="Passed" start-time="2023-11-04 09:50:17Z" end-time="2023-11-04 09:50:17Z" duration="0.002664" total="1" passed="1" failed="0" inconclusive="0" skipped="0" asserts="0">
        <test-case id="0-1441" name="TestValidSwitch" fullname="Kaitai.SpecValidSwitch.TestValidSwitch" methodname="TestValidSwitch" classname="Kaitai.SpecValidSwitch" runstate="Runnable" seed="41807127" result="Passed" start-time="2023-11-04 09:50:17Z" end-time="2023-11-04 09:50:17Z" duration="0.000350" asserts="0" />
      </test-suite>
      <test-suite type="TestFixture" id="0-1442" name="SpecZlibSurrounded" fullname="Kaitai.SpecZlibSurrounded" classname="Kaitai.SpecZlibSurrounded" runstate="Runnable" testcasecount="1" result="Passed" start-time="2023-11-04 09:50:17Z" end-time="2023-11-04 09:50:17Z" duration="0.006552" total="1" passed="1" failed="0" inconclusive="0" skipped="0" asserts="1">
        <test-case id="0-1443" name="TestZlibSurrounded" fullname="Kaitai.SpecZlibSurrounded.TestZlibSurrounded" methodname="TestZlibSurrounded" classname="Kaitai.SpecZlibSurrounded" runstate="Runnable" seed="388424564" result="Passed" start-time="2023-11-04 09:50:17Z" end-time="2023-11-04 09:50:17Z" duration="0.004242" asserts="1" />
      </test-suite>
      <test-suite type="TestFixture" id="0-1444" name="SpecZlibWithHeader78" fullname="Kaitai.SpecZlibWithHeader78" classname="Kaitai.SpecZlibWithHeader78" runstate="Runnable" testcasecount="1" result="Passed" start-time="2023-11-04 09:50:17Z" end-time="2023-11-04 09:50:17Z" duration="0.002645" total="1" passed="1" failed="0" inconclusive="0" skipped="0" asserts="1">
        <test-case id="0-1445" name="TestZlibWithHeader78" fullname="Kaitai.SpecZlibWithHeader78.TestZlibWithHeader78" methodname="TestZlibWithHeader78" classname="Kaitai.SpecZlibWithHeader78" runstate="Runnable" seed="1249029275" result="Passed" start-time="2023-11-04 09:50:17Z" end-time="2023-11-04 09:50:17Z" duration="0.000329" asserts="1" />
      </test-suite>
    </test-suite>
  </test-suite>
</test-run>