<?xml version="1.0" encoding="utf-8" standalone="no"?>
<test-run id="2" testcasecount="187" result="Passed" total="187" passed="187" failed="0" inconclusive="0" skipped="0" asserts="868" engine-version="3.4.1.0" clr-version="4.0.30319.42000" start-time="2020-04-13 21:21:59Z" end-time="2020-04-13 21:22:01Z" duration="2.198214">
  <command-line><![CDATA[spec/csharp/packages/NUnit.ConsoleRunner.3.4.1/tools/nunit3-console.exe --result=test_out/csharp/TestResult.xml spec/csharp/kaitai_struct_csharp_tests/bin/Debug/kaitai_struct_csharp_tests.dll]]></command-line>
  <test-suite type="Assembly" id="0-1374" name="kaitai_struct_csharp_tests.dll" fullname="C:\projects\ci-targets\tests\spec\csharp\kaitai_struct_csharp_tests\bin\Debug\kaitai_struct_csharp_tests.dll" runstate="Runnable" testcasecount="187" result="Passed" start-time="2020-04-13 21:21:59Z" end-time="2020-04-13 21:22:01Z" duration="2.071901" total="187" passed="187" failed="0" inconclusive="0" skipped="0" asserts="868">
    <environment framework-version="3.4.1.0" clr-version="4.0.30319.42000" os-version="Microsoft Windows NT 10.0.14393.0" platform="Win32NT" cwd="C:\projects\ci-targets\tests" machine-name="APPVYR-WIN" user="appveyor" user-domain="APPVYR-WIN" culture="en-US" uiculture="en-US" os-architecture="x64" />
    <settings>
      <setting name="WorkDirectory" value="C:\projects\ci-targets\tests" />
      <setting name="ImageRuntimeVersion" value="4.0.30319" />
      <setting name="ImageTargetFrameworkName" value=".NETFramework,Version=v4.5" />
      <setting name="ImageRequiresX86" value="False" />
      <setting name="ImageRequiresDefaultAppDomainAssemblyResolver" value="False" />
      <setting name="NumberOfTestWorkers" value="2" />
    </settings>
    <properties>
      <property name="_PID" value="1488" />
      <property name="_APPDOMAIN" value="test-domain-" />
    </properties>
    <test-suite type="TestSuite" id="0-1375" name="Kaitai" fullname="Kaitai" runstate="Runnable" testcasecount="187" result="Passed" start-time="2020-04-13 21:21:59Z" end-time="2020-04-13 21:22:01Z" duration="2.045018" total="187" passed="187" failed="0" inconclusive="0" skipped="0" asserts="868">
      <test-suite type="TestFixture" id="0-1000" name="SpecBcdUserTypeBe" fullname="Kaitai.SpecBcdUserTypeBe" classname="Kaitai.SpecBcdUserTypeBe" runstate="Runnable" testcasecount="1" result="Passed" start-time="2020-04-13 21:21:59Z" end-time="2020-04-13 21:21:59Z" duration="0.049809" total="1" passed="1" failed="0" inconclusive="0" skipped="0" asserts="6">
        <test-case id="0-1001" name="TestBcdUserTypeBe" fullname="Kaitai.SpecBcdUserTypeBe.TestBcdUserTypeBe" methodname="TestBcdUserTypeBe" classname="Kaitai.SpecBcdUserTypeBe" runstate="Runnable" seed="622859255" result="Passed" start-time="2020-04-13 21:21:59Z" end-time="2020-04-13 21:21:59Z" duration="0.035420" asserts="6" />
      </test-suite>
      <test-suite type="TestFixture" id="0-1002" name="SpecBcdUserTypeLe" fullname="Kaitai.SpecBcdUserTypeLe" classname="Kaitai.SpecBcdUserTypeLe" runstate="Runnable" testcasecount="1" result="Passed" start-time="2020-04-13 21:21:59Z" end-time="2020-04-13 21:21:59Z" duration="0.011028" total="1" passed="1" failed="0" inconclusive="0" skipped="0" asserts="6">
        <test-case id="0-1003" name="TestBcdUserTypeLe" fullname="Kaitai.SpecBcdUserTypeLe.TestBcdUserTypeLe" methodname="TestBcdUserTypeLe" classname="Kaitai.SpecBcdUserTypeLe" runstate="Runnable" seed="1988849393" result="Passed" start-time="2020-04-13 21:21:59Z" end-time="2020-04-13 21:21:59Z" duration="0.007034" asserts="6" />
      </test-suite>
      <test-suite type="TestFixture" id="0-1004" name="SpecBitsByteAligned" fullname="Kaitai.SpecBitsByteAligned" classname="Kaitai.SpecBitsByteAligned" runstate="Runnable" testcasecount="1" result="Passed" start-time="2020-04-13 21:21:59Z" end-time="2020-04-13 21:21:59Z" duration="0.008983" total="1" passed="1" failed="0" inconclusive="0" skipped="0" asserts="9">
        <test-case id="0-1005" name="TestBitsByteAligned" fullname="Kaitai.SpecBitsByteAligned.TestBitsByteAligned" methodname="TestBitsByteAligned" classname="Kaitai.SpecBitsByteAligned" runstate="Runnable" seed="103542852" result="Passed" start-time="2020-04-13 21:21:59Z" end-time="2020-04-13 21:21:59Z" duration="0.005734" asserts="9" />
      </test-suite>
      <test-suite type="TestFixture" id="0-1006" name="SpecBitsEnum" fullname="Kaitai.SpecBitsEnum" classname="Kaitai.SpecBitsEnum" runstate="Runnable" testcasecount="1" result="Passed" start-time="2020-04-13 21:21:59Z" end-time="2020-04-13 21:21:59Z" duration="0.003999" total="1" passed="1" failed="0" inconclusive="0" skipped="0" asserts="3">
        <test-case id="0-1007" name="TestBitsEnum" fullname="Kaitai.SpecBitsEnum.TestBitsEnum" methodname="TestBitsEnum" classname="Kaitai.SpecBitsEnum" runstate="Runnable" seed="2071272402" result="Passed" start-time="2020-04-13 21:21:59Z" end-time="2020-04-13 21:21:59Z" duration="0.000963" asserts="3" />
      </test-suite>
      <test-suite type="TestFixture" id="0-1008" name="SpecBitsSimple" fullname="Kaitai.SpecBitsSimple" classname="Kaitai.SpecBitsSimple" runstate="Runnable" testcasecount="1" result="Passed" start-time="2020-04-13 21:21:59Z" end-time="2020-04-13 21:21:59Z" duration="0.006010" total="1" passed="1" failed="0" inconclusive="0" skipped="0" asserts="14">
        <test-case id="0-1009" name="TestBitsSimple" fullname="Kaitai.SpecBitsSimple.TestBitsSimple" methodname="TestBitsSimple" classname="Kaitai.SpecBitsSimple" runstate="Runnable" seed="396329119" result="Passed" start-time="2020-04-13 21:21:59Z" end-time="2020-04-13 21:21:59Z" duration="0.002732" asserts="14" />
      </test-suite>
      <test-suite type="TestFixture" id="0-1010" name="SpecBufferedStruct" fullname="Kaitai.SpecBufferedStruct" classname="Kaitai.SpecBufferedStruct" runstate="Runnable" testcasecount="1" result="Passed" start-time="2020-04-13 21:21:59Z" end-time="2020-04-13 21:21:59Z" duration="0.016010" total="1" passed="1" failed="0" inconclusive="0" skipped="0" asserts="7">
        <test-case id="0-1011" name="TestBufferedStruct" fullname="Kaitai.SpecBufferedStruct.TestBufferedStruct" methodname="TestBufferedStruct" classname="Kaitai.SpecBufferedStruct" runstate="Runnable" seed="1148299054" result="Passed" start-time="2020-04-13 21:21:59Z" end-time="2020-04-13 21:21:59Z" duration="0.002786" asserts="7" />
      </test-suite>
      <test-suite type="TestFixture" id="0-1012" name="SpecBytesPadTerm" fullname="Kaitai.SpecBytesPadTerm" classname="Kaitai.SpecBytesPadTerm" runstate="Runnable" testcasecount="1" result="Passed" start-time="2020-04-13 21:21:59Z" end-time="2020-04-13 21:21:59Z" duration="0.005055" total="1" passed="1" failed="0" inconclusive="0" skipped="0" asserts="4">
        <test-case id="0-1013" name="TestBytesPadTerm" fullname="Kaitai.SpecBytesPadTerm.TestBytesPadTerm" methodname="TestBytesPadTerm" classname="Kaitai.SpecBytesPadTerm" runstate="Runnable" seed="662052356" result="Passed" start-time="2020-04-13 21:21:59Z" end-time="2020-04-13 21:21:59Z" duration="0.001602" asserts="4" />
      </test-suite>
      <test-suite type="TestFixture" id="0-1014" name="SpecCastNested" fullname="Kaitai.SpecCastNested" classname="Kaitai.SpecCastNested" runstate="Runnable" testcasecount="1" result="Passed" start-time="2020-04-13 21:21:59Z" end-time="2020-04-13 21:21:59Z" duration="0.006987" total="1" passed="1" failed="0" inconclusive="0" skipped="0" asserts="4">
        <test-case id="0-1015" name="TestCastNested" fullname="Kaitai.SpecCastNested.TestCastNested" methodname="TestCastNested" classname="Kaitai.SpecCastNested" runstate="Runnable" seed="614714136" result="Passed" start-time="2020-04-13 21:21:59Z" end-time="2020-04-13 21:21:59Z" duration="0.003134" asserts="4" />
      </test-suite>
      <test-suite type="TestFixture" id="0-1016" name="SpecCastToImported" fullname="Kaitai.SpecCastToImported" classname="Kaitai.SpecCastToImported" runstate="Runnable" testcasecount="1" result="Passed" start-time="2020-04-13 21:21:59Z" end-time="2020-04-13 21:21:59Z" duration="0.005067" total="1" passed="1" failed="0" inconclusive="0" skipped="0" asserts="2">
        <test-case id="0-1017" name="TestCastToImported" fullname="Kaitai.SpecCastToImported.TestCastToImported" methodname="TestCastToImported" classname="Kaitai.SpecCastToImported" runstate="Runnable" seed="1448726516" result="Passed" start-time="2020-04-13 21:21:59Z" end-time="2020-04-13 21:21:59Z" duration="0.001101" asserts="2" />
      </test-suite>
      <test-suite type="TestFixture" id="0-1018" name="SpecCastToTop" fullname="Kaitai.SpecCastToTop" classname="Kaitai.SpecCastToTop" runstate="Runnable" testcasecount="1" result="Passed" start-time="2020-04-13 21:21:59Z" end-time="2020-04-13 21:21:59Z" duration="0.005014" total="1" passed="1" failed="0" inconclusive="0" skipped="0" asserts="3">
        <test-case id="0-1019" name="TestCastToTop" fullname="Kaitai.SpecCastToTop.TestCastToTop" methodname="TestCastToTop" classname="Kaitai.SpecCastToTop" runstate="Runnable" seed="839684565" result="Passed" start-time="2020-04-13 21:21:59Z" end-time="2020-04-13 21:21:59Z" duration="0.001229" asserts="3" />
      </test-suite>
      <test-suite type="TestFixture" id="0-1020" name="SpecCombineBool" fullname="Kaitai.SpecCombineBool" classname="Kaitai.SpecCombineBool" runstate="Runnable" testcasecount="1" result="Passed" start-time="2020-04-13 21:21:59Z" end-time="2020-04-13 21:21:59Z" duration="0.003916" total="1" passed="1" failed="0" inconclusive="0" skipped="0" asserts="2">
        <test-case id="0-1021" name="TestCombineBool" fullname="Kaitai.SpecCombineBool.TestCombineBool" methodname="TestCombineBool" classname="Kaitai.SpecCombineBool" runstate="Runnable" seed="1165092736" result="Passed" start-time="2020-04-13 21:21:59Z" end-time="2020-04-13 21:21:59Z" duration="0.000928" asserts="2" />
      </test-suite>
      <test-suite type="TestFixture" id="0-1022" name="SpecCombineBytes" fullname="Kaitai.SpecCombineBytes" classname="Kaitai.SpecCombineBytes" runstate="Runnable" testcasecount="1" result="Passed" start-time="2020-04-13 21:21:59Z" end-time="2020-04-13 21:21:59Z" duration="0.006011" total="1" passed="1" failed="0" inconclusive="0" skipped="0" asserts="10">
        <test-case id="0-1023" name="TestCombineBytes" fullname="Kaitai.SpecCombineBytes.TestCombineBytes" methodname="TestCombineBytes" classname="Kaitai.SpecCombineBytes" runstate="Runnable" seed="126500035" result="Passed" start-time="2020-04-13 21:21:59Z" end-time="2020-04-13 21:21:59Z" duration="0.002165" asserts="10" />
      </test-suite>
      <test-suite type="TestFixture" id="0-1024" name="SpecCombineEnum" fullname="Kaitai.SpecCombineEnum" classname="Kaitai.SpecCombineEnum" runstate="Runnable" testcasecount="1" result="Passed" start-time="2020-04-13 21:21:59Z" end-time="2020-04-13 21:21:59Z" duration="0.013343" total="1" passed="1" failed="0" inconclusive="0" skipped="0" asserts="3">
        <test-case id="0-1025" name="TestCombineEnum" fullname="Kaitai.SpecCombineEnum.TestCombineEnum" methodname="TestCombineEnum" classname="Kaitai.SpecCombineEnum" runstate="Runnable" seed="835296025" result="Passed" start-time="2020-04-13 21:21:59Z" end-time="2020-04-13 21:21:59Z" duration="0.001075" asserts="3" />
      </test-suite>
      <test-suite type="TestFixture" id="0-1026" name="SpecCombineStr" fullname="Kaitai.SpecCombineStr" classname="Kaitai.SpecCombineStr" runstate="Runnable" testcasecount="1" result="Passed" start-time="2020-04-13 21:21:59Z" end-time="2020-04-13 21:21:59Z" duration="0.006000" total="1" passed="1" failed="0" inconclusive="0" skipped="0" asserts="15">
        <test-case id="0-1027" name="TestCombineStr" fullname="Kaitai.SpecCombineStr.TestCombineStr" methodname="TestCombineStr" classname="Kaitai.SpecCombineStr" runstate="Runnable" seed="1022097749" result="Passed" start-time="2020-04-13 21:21:59Z" end-time="2020-04-13 21:21:59Z" duration="0.002512" asserts="15" />
      </test-suite>
      <test-suite type="TestFixture" id="0-1028" name="SpecDebug0" fullname="Kaitai.SpecDebug0" classname="Kaitai.SpecDebug0" runstate="Runnable" testcasecount="1" result="Passed" start-time="2020-04-13 21:21:59Z" end-time="2020-04-13 21:21:59Z" duration="0.003948" total="1" passed="1" failed="0" inconclusive="0" skipped="0" asserts="0">
        <test-case id="0-1029" name="TestDebug0" fullname="Kaitai.SpecDebug0.TestDebug0" methodname="TestDebug0" classname="Kaitai.SpecDebug0" runstate="Runnable" seed="2072679258" result="Passed" start-time="2020-04-13 21:21:59Z" end-time="2020-04-13 21:21:59Z" duration="0.000132" asserts="0" />
      </test-suite>
      <test-suite type="TestFixture" id="0-1030" name="SpecDebugArrayUser" fullname="Kaitai.SpecDebugArrayUser" classname="Kaitai.SpecDebugArrayUser" runstate="Runnable" testcasecount="1" result="Passed" start-time="2020-04-13 21:21:59Z" end-time="2020-04-13 21:21:59Z" duration="0.008002" total="1" passed="1" failed="0" inconclusive="0" skipped="0" asserts="4">
        <test-case id="0-1031" name="TestDebugArrayUser" fullname="Kaitai.SpecDebugArrayUser.TestDebugArrayUser" methodname="TestDebugArrayUser" classname="Kaitai.SpecDebugArrayUser" runstate="Runnable" seed="633779740" result="Passed" start-time="2020-04-13 21:21:59Z" end-time="2020-04-13 21:21:59Z" duration="0.004859" asserts="4" />
      </test-suite>
      <test-suite type="TestFixture" id="0-1032" name="SpecDebugEnumName" fullname="Kaitai.SpecDebugEnumName" classname="Kaitai.SpecDebugEnumName" runstate="Runnable" testcasecount="1" result="Passed" start-time="2020-04-13 21:21:59Z" end-time="2020-04-13 21:21:59Z" duration="0.004003" total="1" passed="1" failed="0" inconclusive="0" skipped="0" asserts="0">
        <test-case id="0-1033" name="TestDebugEnumName" fullname="Kaitai.SpecDebugEnumName.TestDebugEnumName" methodname="TestDebugEnumName" classname="Kaitai.SpecDebugEnumName" runstate="Runnable" seed="1519045438" result="Passed" start-time="2020-04-13 21:21:59Z" end-time="2020-04-13 21:21:59Z" duration="0.000135" asserts="0" />
      </test-suite>
      <test-suite type="TestFixture" id="0-1034" name="SpecDebugSwitchUser" fullname="Kaitai.SpecDebugSwitchUser" classname="Kaitai.SpecDebugSwitchUser" runstate="Runnable" testcasecount="1" result="Passed" start-time="2020-04-13 21:21:59Z" end-time="2020-04-13 21:21:59Z" duration="0.005009" total="1" passed="1" failed="0" inconclusive="0" skipped="0" asserts="2">
        <test-case id="0-1035" name="TestDebugSwitchUser" fullname="Kaitai.SpecDebugSwitchUser.TestDebugSwitchUser" methodname="TestDebugSwitchUser" classname="Kaitai.SpecDebugSwitchUser" runstate="Runnable" seed="305239760" result="Passed" start-time="2020-04-13 21:21:59Z" end-time="2020-04-13 21:21:59Z" duration="0.001646" asserts="2" />
      </test-suite>
      <test-suite type="TestFixture" id="0-1036" name="SpecDefaultBigEndian" fullname="Kaitai.SpecDefaultBigEndian" classname="Kaitai.SpecDefaultBigEndian" runstate="Runnable" testcasecount="1" result="Passed" start-time="2020-04-13 21:21:59Z" end-time="2020-04-13 21:21:59Z" duration="0.004971" total="1" passed="1" failed="0" inconclusive="0" skipped="0" asserts="1">
        <test-case id="0-1037" name="TestDefaultBigEndian" fullname="Kaitai.SpecDefaultBigEndian.TestDefaultBigEndian" methodname="TestDefaultBigEndian" classname="Kaitai.SpecDefaultBigEndian" runstate="Runnable" seed="327872492" result="Passed" start-time="2020-04-13 21:21:59Z" end-time="2020-04-13 21:21:59Z" duration="0.001345" asserts="1" />
      </test-suite>
      <test-suite type="TestFixture" id="0-1038" name="SpecDefaultEndianExprException" fullname="Kaitai.SpecDefaultEndianExprException" classname="Kaitai.SpecDefaultEndianExprException" runstate="Runnable" testcasecount="1" result="Passed" start-time="2020-04-13 21:21:59Z" end-time="2020-04-13 21:21:59Z" duration="0.019043" total="1" passed="1" failed="0" inconclusive="0" skipped="0" asserts="1">
        <test-case id="0-1039" name="TestDefaultEndianExprException" fullname="Kaitai.SpecDefaultEndianExprException.TestDefaultEndianExprException" methodname="TestDefaultEndianExprException" classname="Kaitai.SpecDefaultEndianExprException" runstate="Runnable" seed="1125641293" result="Passed" start-time="2020-04-13 21:21:59Z" end-time="2020-04-13 21:21:59Z" duration="0.015832" asserts="1" />
      </test-suite>
      <test-suite type="TestFixture" id="0-1040" name="SpecDefaultEndianExprInherited" fullname="Kaitai.SpecDefaultEndianExprInherited" classname="Kaitai.SpecDefaultEndianExprInherited" runstate="Runnable" testcasecount="1" result="Passed" start-time="2020-04-13 21:21:59Z" end-time="2020-04-13 21:21:59Z" duration="0.014011" total="1" passed="1" failed="0" inconclusive="0" skipped="0" asserts="15">
        <test-case id="0-1041" name="TestDefaultEndianExprInherited" fullname="Kaitai.SpecDefaultEndianExprInherited.TestDefaultEndianExprInherited" methodname="TestDefaultEndianExprInherited" classname="Kaitai.SpecDefaultEndianExprInherited" runstate="Runnable" seed="2003175716" result="Passed" start-time="2020-04-13 21:21:59Z" end-time="2020-04-13 21:21:59Z" duration="0.005529" asserts="15" />
      </test-suite>
      <test-suite type="TestFixture" id="0-1042" name="SpecDefaultEndianExprIsBe" fullname="Kaitai.SpecDefaultEndianExprIsBe" classname="Kaitai.SpecDefaultEndianExprIsBe" runstate="Runnable" testcasecount="1" result="Passed" start-time="2020-04-13 21:21:59Z" end-time="2020-04-13 21:21:59Z" duration="0.008009" total="1" passed="1" failed="0" inconclusive="0" skipped="0" asserts="18">
        <test-case id="0-1043" name="TestDefaultEndianExprIsBe" fullname="Kaitai.SpecDefaultEndianExprIsBe.TestDefaultEndianExprIsBe" methodname="TestDefaultEndianExprIsBe" classname="Kaitai.SpecDefaultEndianExprIsBe" runstate="Runnable" seed="1173404906" result="Passed" start-time="2020-04-13 21:21:59Z" end-time="2020-04-13 21:21:59Z" duration="0.004339" asserts="18" />
      </test-suite>
      <test-suite type="TestFixture" id="0-1044" name="SpecDefaultEndianExprIsLe" fullname="Kaitai.SpecDefaultEndianExprIsLe" classname="Kaitai.SpecDefaultEndianExprIsLe" runstate="Runnable" testcasecount="1" result="Passed" start-time="2020-04-13 21:21:59Z" end-time="2020-04-13 21:21:59Z" duration="0.007015" total="1" passed="1" failed="0" inconclusive="0" skipped="0" asserts="12">
        <test-case id="0-1045" name="TestDefaultEndianExprIsLe" fullname="Kaitai.SpecDefaultEndianExprIsLe.TestDefaultEndianExprIsLe" methodname="TestDefaultEndianExprIsLe" classname="Kaitai.SpecDefaultEndianExprIsLe" runstate="Runnable" seed="1253298843" result="Passed" start-time="2020-04-13 21:21:59Z" end-time="2020-04-13 21:21:59Z" duration="0.003552" asserts="12" />
      </test-suite>
      <test-suite type="TestFixture" id="0-1046" name="SpecDefaultEndianMod" fullname="Kaitai.SpecDefaultEndianMod" classname="Kaitai.SpecDefaultEndianMod" runstate="Runnable" testcasecount="1" result="Passed" start-time="2020-04-13 21:21:59Z" end-time="2020-04-13 21:21:59Z" duration="0.006011" total="1" passed="1" failed="0" inconclusive="0" skipped="0" asserts="3">
        <test-case id="0-1047" name="TestDefaultEndianMod" fullname="Kaitai.SpecDefaultEndianMod.TestDefaultEndianMod" methodname="TestDefaultEndianMod" classname="Kaitai.SpecDefaultEndianMod" runstate="Runnable" seed="876951637" result="Passed" start-time="2020-04-13 21:21:59Z" end-time="2020-04-13 21:21:59Z" duration="0.002065" asserts="3" />
      </test-suite>
      <test-suite type="TestFixture" id="0-1048" name="SpecDocstrings" fullname="Kaitai.SpecDocstrings" classname="Kaitai.SpecDocstrings" runstate="Runnable" testcasecount="1" result="Passed" start-time="2020-04-13 21:21:59Z" end-time="2020-04-13 21:21:59Z" duration="0.003928" total="1" passed="1" failed="0" inconclusive="0" skipped="0" asserts="0">
        <test-case id="0-1049" name="TestDocstrings" fullname="Kaitai.SpecDocstrings.TestDocstrings" methodname="TestDocstrings" classname="Kaitai.SpecDocstrings" runstate="Runnable" seed="1972511520" result="Passed" start-time="2020-04-13 21:21:59Z" end-time="2020-04-13 21:21:59Z" duration="0.000573" asserts="0" />
      </test-suite>
      <test-suite type="TestFixture" id="0-1050" name="SpecDocstringsDocref" fullname="Kaitai.SpecDocstringsDocref" classname="Kaitai.SpecDocstringsDocref" runstate="Runnable" testcasecount="1" result="Passed" start-time="2020-04-13 21:21:59Z" end-time="2020-04-13 21:21:59Z" duration="0.004008" total="1" passed="1" failed="0" inconclusive="0" skipped="0" asserts="0">
        <test-case id="0-1051" name="TestDocstringsDocref" fullname="Kaitai.SpecDocstringsDocref.TestDocstringsDocref" methodname="TestDocstringsDocref" classname="Kaitai.SpecDocstringsDocref" runstate="Runnable" seed="2075584898" result="Passed" start-time="2020-04-13 21:21:59Z" end-time="2020-04-13 21:21:59Z" duration="0.000657" asserts="0" />
      </test-suite>
      <test-suite type="TestFixture" id="0-1052" name="SpecDocstringsDocrefMulti" fullname="Kaitai.SpecDocstringsDocrefMulti" classname="Kaitai.SpecDocstringsDocrefMulti" runstate="Runnable" testcasecount="1" result="Passed" start-time="2020-04-13 21:21:59Z" end-time="2020-04-13 21:21:59Z" duration="0.004018" total="1" passed="1" failed="0" inconclusive="0" skipped="0" asserts="0">
        <test-case id="0-1053" name="TestDocstringsDocrefMulti" fullname="Kaitai.SpecDocstringsDocrefMulti.TestDocstringsDocrefMulti" methodname="TestDocstringsDocrefMulti" classname="Kaitai.SpecDocstringsDocrefMulti" runstate="Runnable" seed="1873112463" result="Passed" start-time="2020-04-13 21:21:59Z" end-time="2020-04-13 21:21:59Z" duration="0.000772" asserts="0" />
      </test-suite>
      <test-suite type="TestFixture" id="0-1054" name="SpecEnum0" fullname="Kaitai.SpecEnum0" classname="Kaitai.SpecEnum0" runstate="Runnable" testcasecount="1" result="Passed" start-time="2020-04-13 21:21:59Z" end-time="2020-04-13 21:21:59Z" duration="0.005011" total="1" passed="1" failed="0" inconclusive="0" skipped="0" asserts="2">
        <test-case id="0-1055" name="TestEnum0" fullname="Kaitai.SpecEnum0.TestEnum0" methodname="TestEnum0" classname="Kaitai.SpecEnum0" runstate="Runnable" seed="115988978" result="Passed" start-time="2020-04-13 21:21:59Z" end-time="2020-04-13 21:21:59Z" duration="0.001091" asserts="2" />
      </test-suite>
      <test-suite type="TestFixture" id="0-1056" name="SpecEnum1" fullname="Kaitai.SpecEnum1" classname="Kaitai.SpecEnum1" runstate="Runnable" testcasecount="1" result="Passed" start-time="2020-04-13 21:21:59Z" end-time="2020-04-13 21:21:59Z" duration="0.006009" total="1" passed="1" failed="0" inconclusive="0" skipped="0" asserts="2">
        <test-case id="0-1057" name="TestEnum1" fullname="Kaitai.SpecEnum1.TestEnum1" methodname="TestEnum1" classname="Kaitai.SpecEnum1" runstate="Runnable" seed="959427828" result="Passed" start-time="2020-04-13 21:21:59Z" end-time="2020-04-13 21:21:59Z" duration="0.001601" asserts="2" />
      </test-suite>
      <test-suite type="TestFixture" id="0-1058" name="SpecEnumDeep" fullname="Kaitai.SpecEnumDeep" classname="Kaitai.SpecEnumDeep" runstate="Runnable" testcasecount="1" result="Passed" start-time="2020-04-13 21:21:59Z" end-time="2020-04-13 21:21:59Z" duration="0.004986" total="1" passed="1" failed="0" inconclusive="0" skipped="0" asserts="2">
        <test-case id="0-1059" name="TestEnumDeep" fullname="Kaitai.SpecEnumDeep.TestEnumDeep" methodname="TestEnumDeep" classname="Kaitai.SpecEnumDeep" runstate="Runnable" seed="433224178" result="Passed" start-time="2020-04-13 21:21:59Z" end-time="2020-04-13 21:21:59Z" duration="0.001499" asserts="2" />
      </test-suite>
      <test-suite type="TestFixture" id="0-1060" name="SpecEnumDeepLiterals" fullname="Kaitai.SpecEnumDeepLiterals" classname="Kaitai.SpecEnumDeepLiterals" runstate="Runnable" testcasecount="1" result="Passed" start-time="2020-04-13 21:21:59Z" end-time="2020-04-13 21:21:59Z" duration="0.005015" total="1" passed="1" failed="0" inconclusive="0" skipped="0" asserts="2">
        <test-case id="0-1061" name="TestEnumDeepLiterals" fullname="Kaitai.SpecEnumDeepLiterals.TestEnumDeepLiterals" methodname="TestEnumDeepLiterals" classname="Kaitai.SpecEnumDeepLiterals" runstate="Runnable" seed="762894272" result="Passed" start-time="2020-04-13 21:21:59Z" end-time="2020-04-13 21:21:59Z" duration="0.001108" asserts="2" />
      </test-suite>
      <test-suite type="TestFixture" id="0-1062" name="SpecEnumFancy" fullname="Kaitai.SpecEnumFancy" classname="Kaitai.SpecEnumFancy" runstate="Runnable" testcasecount="1" result="Passed" start-time="2020-04-13 21:21:59Z" end-time="2020-04-13 21:21:59Z" duration="0.004010" total="1" passed="1" failed="0" inconclusive="0" skipped="0" asserts="2">
        <test-case id="0-1063" name="TestEnumFancy" fullname="Kaitai.SpecEnumFancy.TestEnumFancy" methodname="TestEnumFancy" classname="Kaitai.SpecEnumFancy" runstate="Runnable" seed="655565655" result="Passed" start-time="2020-04-13 21:21:59Z" end-time="2020-04-13 21:21:59Z" duration="0.000865" asserts="2" />
      </test-suite>
      <test-suite type="TestFixture" id="0-1064" name="SpecEnumForUnknownId" fullname="Kaitai.SpecEnumForUnknownId" classname="Kaitai.SpecEnumForUnknownId" runstate="Runnable" testcasecount="1" result="Passed" start-time="2020-04-13 21:21:59Z" end-time="2020-04-13 21:21:59Z" duration="0.004009" total="1" passed="1" failed="0" inconclusive="0" skipped="0" asserts="1">
        <test-case id="0-1065" name="TestEnumForUnknownId" fullname="Kaitai.SpecEnumForUnknownId.TestEnumForUnknownId" methodname="TestEnumForUnknownId" classname="Kaitai.SpecEnumForUnknownId" runstate="Runnable" seed="2053191747" result="Passed" start-time="2020-04-13 21:21:59Z" end-time="2020-04-13 21:21:59Z" duration="0.000665" asserts="1" />
      </test-suite>
      <test-suite type="TestFixture" id="0-1066" name="SpecEnumIf" fullname="Kaitai.SpecEnumIf" classname="Kaitai.SpecEnumIf" runstate="Runnable" testcasecount="1" result="Passed" start-time="2020-04-13 21:21:59Z" end-time="2020-04-13 21:21:59Z" duration="0.006043" total="1" passed="1" failed="0" inconclusive="0" skipped="0" asserts="7">
        <test-case id="0-1067" name="TestEnumIf" fullname="Kaitai.SpecEnumIf.TestEnumIf" methodname="TestEnumIf" classname="Kaitai.SpecEnumIf" runstate="Runnable" seed="1062368006" result="Passed" start-time="2020-04-13 21:21:59Z" end-time="2020-04-13 21:21:59Z" duration="0.002222" asserts="7" />
      </test-suite>
      <test-suite type="TestFixture" id="0-1068" name="SpecEnumImport" fullname="Kaitai.SpecEnumImport" classname="Kaitai.SpecEnumImport" runstate="Runnable" testcasecount="1" result="Passed" start-time="2020-04-13 21:21:59Z" end-time="2020-04-13 21:21:59Z" duration="0.004058" total="1" passed="1" failed="0" inconclusive="0" skipped="0" asserts="2">
        <test-case id="0-1069" name="TestEnumImport" fullname="Kaitai.SpecEnumImport.TestEnumImport" methodname="TestEnumImport" classname="Kaitai.SpecEnumImport" runstate="Runnable" seed="1027131463" result="Passed" start-time="2020-04-13 21:21:59Z" end-time="2020-04-13 21:21:59Z" duration="0.000858" asserts="2" />
      </test-suite>
      <test-suite type="TestFixture" id="0-1070" name="SpecEnumIntRangeS" fullname="Kaitai.SpecEnumIntRangeS" classname="Kaitai.SpecEnumIntRangeS" runstate="Runnable" testcasecount="1" result="Passed" start-time="2020-04-13 21:21:59Z" end-time="2020-04-13 21:21:59Z" duration="0.004984" total="1" passed="1" failed="0" inconclusive="0" skipped="0" asserts="3">
        <test-case id="0-1071" name="TestEnumIntRangeS" fullname="Kaitai.SpecEnumIntRangeS.TestEnumIntRangeS" methodname="TestEnumIntRangeS" classname="Kaitai.SpecEnumIntRangeS" runstate="Runnable" seed="264892155" result="Passed" start-time="2020-04-13 21:21:59Z" end-time="2020-04-13 21:21:59Z" duration="0.001308" asserts="3" />
      </test-suite>
      <test-suite type="TestFixture" id="0-1072" name="SpecEnumInvalid" fullname="Kaitai.SpecEnumInvalid" classname="Kaitai.SpecEnumInvalid" runstate="Runnable" testcasecount="1" result="Passed" start-time="2020-04-13 21:21:59Z" end-time="2020-04-13 21:21:59Z" duration="0.004007" total="1" passed="1" failed="0" inconclusive="0" skipped="0" asserts="2">
        <test-case id="0-1073" name="TestEnumInvalid" fullname="Kaitai.SpecEnumInvalid.TestEnumInvalid" methodname="TestEnumInvalid" classname="Kaitai.SpecEnumInvalid" runstate="Runnable" seed="52642771" result="Passed" start-time="2020-04-13 21:21:59Z" end-time="2020-04-13 21:21:59Z" duration="0.000821" asserts="2" />
      </test-suite>
      <test-suite type="TestFixture" id="0-1074" name="SpecEnumNegative" fullname="Kaitai.SpecEnumNegative" classname="Kaitai.SpecEnumNegative" runstate="Runnable" testcasecount="1" result="Passed" start-time="2020-04-13 21:21:59Z" end-time="2020-04-13 21:21:59Z" duration="0.005012" total="1" passed="1" failed="0" inconclusive="0" skipped="0" asserts="2">
        <test-case id="0-1075" name="TestEnumNegative" fullname="Kaitai.SpecEnumNegative.TestEnumNegative" methodname="TestEnumNegative" classname="Kaitai.SpecEnumNegative" runstate="Runnable" seed="79227159" result="Passed" start-time="2020-04-13 21:21:59Z" end-time="2020-04-13 21:21:59Z" duration="0.000965" asserts="2" />
      </test-suite>
      <test-suite type="TestFixture" id="0-1076" name="SpecEnumOfValueInst" fullname="Kaitai.SpecEnumOfValueInst" classname="Kaitai.SpecEnumOfValueInst" runstate="Runnable" testcasecount="1" result="Passed" start-time="2020-04-13 21:21:59Z" end-time="2020-04-13 21:21:59Z" duration="0.005031" total="1" passed="1" failed="0" inconclusive="0" skipped="0" asserts="4">
        <test-case id="0-1077" name="TestEnumOfValueInst" fullname="Kaitai.SpecEnumOfValueInst.TestEnumOfValueInst" methodname="TestEnumOfValueInst" classname="Kaitai.SpecEnumOfValueInst" runstate="Runnable" seed="952500950" result="Passed" start-time="2020-04-13 21:21:59Z" end-time="2020-04-13 21:21:59Z" duration="0.001156" asserts="4" />
      </test-suite>
      <test-suite type="TestFixture" id="0-1078" name="SpecEnumToI" fullname="Kaitai.SpecEnumToI" classname="Kaitai.SpecEnumToI" runstate="Runnable" testcasecount="1" result="Passed" start-time="2020-04-13 21:21:59Z" end-time="2020-04-13 21:21:59Z" duration="0.004996" total="1" passed="1" failed="0" inconclusive="0" skipped="0" asserts="5">
        <test-case id="0-1079" name="TestEnumToI" fullname="Kaitai.SpecEnumToI.TestEnumToI" methodname="TestEnumToI" classname="Kaitai.SpecEnumToI" runstate="Runnable" seed="401228530" result="Passed" start-time="2020-04-13 21:21:59Z" end-time="2020-04-13 21:21:59Z" duration="0.001362" asserts="5" />
      </test-suite>
      <test-suite type="TestFixture" id="0-1080" name="SpecEofExceptionBytes" fullname="Kaitai.SpecEofExceptionBytes" classname="Kaitai.SpecEofExceptionBytes" runstate="Runnable" testcasecount="1" result="Passed" start-time="2020-04-13 21:21:59Z" end-time="2020-04-13 21:21:59Z" duration="0.004007" total="1" passed="1" failed="0" inconclusive="0" skipped="0" asserts="1">
        <test-case id="0-1081" name="TestEofExceptionBytes" fullname="Kaitai.SpecEofExceptionBytes.TestEofExceptionBytes" methodname="TestEofExceptionBytes" classname="Kaitai.SpecEofExceptionBytes" runstate="Runnable" seed="1791925405" result="Passed" start-time="2020-04-13 21:21:59Z" end-time="2020-04-13 21:21:59Z" duration="0.000875" asserts="1" />
      </test-suite>
      <test-suite type="TestFixture" id="0-1082" name="SpecEofExceptionU4" fullname="Kaitai.SpecEofExceptionU4" classname="Kaitai.SpecEofExceptionU4" runstate="Runnable" testcasecount="1" result="Passed" start-time="2020-04-13 21:21:59Z" end-time="2020-04-13 21:21:59Z" duration="0.006708" total="1" passed="1" failed="0" inconclusive="0" skipped="0" asserts="1">
        <test-case id="0-1083" name="TestEofExceptionU4" fullname="Kaitai.SpecEofExceptionU4.TestEofExceptionU4" methodname="TestEofExceptionU4" classname="Kaitai.SpecEofExceptionU4" runstate="Runnable" seed="734002616" result="Passed" start-time="2020-04-13 21:21:59Z" end-time="2020-04-13 21:21:59Z" duration="0.000922" asserts="1" />
      </test-suite>
      <test-suite type="TestFixture" id="0-1084" name="SpecEosExceptionBytes" fullname="Kaitai.SpecEosExceptionBytes" classname="Kaitai.SpecEosExceptionBytes" runstate="Runnable" testcasecount="1" result="Passed" start-time="2020-04-13 21:21:59Z" end-time="2020-04-13 21:21:59Z" duration="0.005162" total="1" passed="1" failed="0" inconclusive="0" skipped="0" asserts="1">
        <test-case id="0-1085" name="TestEosExceptionBytes" fullname="Kaitai.SpecEosExceptionBytes.TestEosExceptionBytes" methodname="TestEosExceptionBytes" classname="Kaitai.SpecEosExceptionBytes" runstate="Runnable" seed="1753599240" result="Passed" start-time="2020-04-13 21:21:59Z" end-time="2020-04-13 21:21:59Z" duration="0.001028" asserts="1" />
      </test-suite>
      <test-suite type="TestFixture" id="0-1086" name="SpecEosExceptionU4" fullname="Kaitai.SpecEosExceptionU4" classname="Kaitai.SpecEosExceptionU4" runstate="Runnable" testcasecount="1" result="Passed" start-time="2020-04-13 21:21:59Z" end-time="2020-04-13 21:21:59Z" duration="0.013099" total="1" passed="1" failed="0" inconclusive="0" skipped="0" asserts="1">
        <test-case id="0-1087" name="TestEosExceptionU4" fullname="Kaitai.SpecEosExceptionU4.TestEosExceptionU4" methodname="TestEosExceptionU4" classname="Kaitai.SpecEosExceptionU4" runstate="Runnable" seed="1648405664" result="Passed" start-time="2020-04-13 21:21:59Z" end-time="2020-04-13 21:21:59Z" duration="0.001294" asserts="1" />
      </test-suite>
      <test-suite type="TestFixture" id="0-1088" name="SpecExpr0" fullname="Kaitai.SpecExpr0" classname="Kaitai.SpecExpr0" runstate="Runnable" testcasecount="1" result="Passed" start-time="2020-04-13 21:21:59Z" end-time="2020-04-13 21:21:59Z" duration="0.005035" total="1" passed="1" failed="0" inconclusive="0" skipped="0" asserts="2">
        <test-case id="0-1089" name="TestExpr0" fullname="Kaitai.SpecExpr0.TestExpr0" methodname="TestExpr0" classname="Kaitai.SpecExpr0" runstate="Runnable" seed="1972583975" result="Passed" start-time="2020-04-13 21:21:59Z" end-time="2020-04-13 21:21:59Z" duration="0.001020" asserts="2" />
      </test-suite>
      <test-suite type="TestFixture" id="0-1090" name="SpecExpr1" fullname="Kaitai.SpecExpr1" classname="Kaitai.SpecExpr1" runstate="Runnable" testcasecount="1" result="Passed" start-time="2020-04-13 21:21:59Z" end-time="2020-04-13 21:21:59Z" duration="0.005009" total="1" passed="1" failed="0" inconclusive="0" skipped="0" asserts="4">
        <test-case id="0-1091" name="TestExpr1" fullname="Kaitai.SpecExpr1.TestExpr1" methodname="TestExpr1" classname="Kaitai.SpecExpr1" runstate="Runnable" seed="961607705" result="Passed" start-time="2020-04-13 21:21:59Z" end-time="2020-04-13 21:21:59Z" duration="0.001871" asserts="4" />
      </test-suite>
      <test-suite type="TestFixture" id="0-1092" name="SpecExpr2" fullname="Kaitai.SpecExpr2" classname="Kaitai.SpecExpr2" runstate="Runnable" testcasecount="1" result="Passed" start-time="2020-04-13 21:21:59Z" end-time="2020-04-13 21:21:59Z" duration="0.009047" total="1" passed="1" failed="0" inconclusive="0" skipped="0" asserts="17">
        <test-case id="0-1093" name="TestExpr2" fullname="Kaitai.SpecExpr2.TestExpr2" methodname="TestExpr2" classname="Kaitai.SpecExpr2" runstate="Runnable" seed="1410806407" result="Passed" start-time="2020-04-13 21:21:59Z" end-time="2020-04-13 21:21:59Z" duration="0.005560" asserts="17" />
      </test-suite>
      <test-suite type="TestFixture" id="0-1094" name="SpecExpr3" fullname="Kaitai.SpecExpr3" classname="Kaitai.SpecExpr3" runstate="Runnable" testcasecount="1" result="Passed" start-time="2020-04-13 21:21:59Z" end-time="2020-04-13 21:21:59Z" duration="0.008140" total="1" passed="1" failed="0" inconclusive="0" skipped="0" asserts="12">
        <test-case id="0-1095" name="TestExpr3" fullname="Kaitai.SpecExpr3.TestExpr3" methodname="TestExpr3" classname="Kaitai.SpecExpr3" runstate="Runnable" seed="1958710697" result="Passed" start-time="2020-04-13 21:21:59Z" end-time="2020-04-13 21:21:59Z" duration="0.004538" asserts="12" />
      </test-suite>
      <test-suite type="TestFixture" id="0-1096" name="SpecExprArray" fullname="Kaitai.SpecExprArray" classname="Kaitai.SpecExprArray" runstate="Runnable" testcasecount="1" result="Passed" start-time="2020-04-13 21:21:59Z" end-time="2020-04-13 21:21:59Z" duration="0.023269" total="1" passed="1" failed="0" inconclusive="0" skipped="0" asserts="15">
        <test-case id="0-1097" name="TestExprArray" fullname="Kaitai.SpecExprArray.TestExprArray" methodname="TestExprArray" classname="Kaitai.SpecExprArray" runstate="Runnable" seed="732648369" result="Passed" start-time="2020-04-13 21:21:59Z" end-time="2020-04-13 21:21:59Z" duration="0.019648" asserts="15" />
      </test-suite>
      <test-suite type="TestFixture" id="0-1098" name="SpecExprBytesCmp" fullname="Kaitai.SpecExprBytesCmp" classname="Kaitai.SpecExprBytesCmp" runstate="Runnable" testcasecount="1" result="Passed" start-time="2020-04-13 21:21:59Z" end-time="2020-04-13 21:21:59Z" duration="0.006011" total="1" passed="1" failed="0" inconclusive="0" skipped="0" asserts="10">
        <test-case id="0-1099" name="TestExprBytesCmp" fullname="Kaitai.SpecExprBytesCmp.TestExprBytesCmp" methodname="TestExprBytesCmp" classname="Kaitai.SpecExprBytesCmp" runstate="Runnable" seed="1131747951" result="Passed" start-time="2020-04-13 21:21:59Z" end-time="2020-04-13 21:21:59Z" duration="0.002936" asserts="10" />
      </test-suite>
      <test-suite type="TestFixture" id="0-1100" name="SpecExprBytesOps" fullname="Kaitai.SpecExprBytesOps" classname="Kaitai.SpecExprBytesOps" runstate="Runnable" testcasecount="1" result="Passed" start-time="2020-04-13 21:21:59Z" end-time="2020-04-13 21:21:59Z" duration="0.018999" total="1" passed="1" failed="0" inconclusive="0" skipped="0" asserts="12">
        <test-case id="0-1101" name="TestExprBytesOps" fullname="Kaitai.SpecExprBytesOps.TestExprBytesOps" methodname="TestExprBytesOps" classname="Kaitai.SpecExprBytesOps" runstate="Runnable" seed="811829010" result="Passed" start-time="2020-04-13 21:21:59Z" end-time="2020-04-13 21:21:59Z" duration="0.015031" asserts="12" />
      </test-suite>
      <test-suite type="TestFixture" id="0-1102" name="SpecExprCalcArrayOps" fullname="Kaitai.SpecExprCalcArrayOps" classname="Kaitai.SpecExprCalcArrayOps" runstate="Runnable" testcasecount="1" result="Passed" start-time="2020-04-13 21:21:59Z" end-time="2020-04-13 21:21:59Z" duration="0.014011" total="1" passed="1" failed="0" inconclusive="0" skipped="0" asserts="18">
        <test-case id="0-1103" name="TestExprCalcArrayOps" fullname="Kaitai.SpecExprCalcArrayOps.TestExprCalcArrayOps" methodname="TestExprCalcArrayOps" classname="Kaitai.SpecExprCalcArrayOps" runstate="Runnable" seed="1729492924" result="Passed" start-time="2020-04-13 21:21:59Z" end-time="2020-04-13 21:21:59Z" duration="0.005329" asserts="18" />
      </test-suite>
      <test-suite type="TestFixture" id="0-1104" name="SpecExprEnum" fullname="Kaitai.SpecExprEnum" classname="Kaitai.SpecExprEnum" runstate="Runnable" testcasecount="1" result="Passed" start-time="2020-04-13 21:21:59Z" end-time="2020-04-13 21:21:59Z" duration="0.005160" total="1" passed="1" failed="0" inconclusive="0" skipped="0" asserts="3">
        <test-case id="0-1105" name="TestExprEnum" fullname="Kaitai.SpecExprEnum.TestExprEnum" methodname="TestExprEnum" classname="Kaitai.SpecExprEnum" runstate="Runnable" seed="859075752" result="Passed" start-time="2020-04-13 21:21:59Z" end-time="2020-04-13 21:21:59Z" duration="0.001435" asserts="3" />
      </test-suite>
      <test-suite type="TestFixture" id="0-1106" name="SpecExprIoEof" fullname="Kaitai.SpecExprIoEof" classname="Kaitai.SpecExprIoEof" runstate="Runnable" testcasecount="1" result="Passed" start-time="2020-04-13 21:21:59Z" end-time="2020-04-13 21:21:59Z" duration="0.007014" total="1" passed="1" failed="0" inconclusive="0" skipped="0" asserts="4">
        <test-case id="0-1107" name="TestExprIoEof" fullname="Kaitai.SpecExprIoEof.TestExprIoEof" methodname="TestExprIoEof" classname="Kaitai.SpecExprIoEof" runstate="Runnable" seed="330289760" result="Passed" start-time="2020-04-13 21:21:59Z" end-time="2020-04-13 21:21:59Z" duration="0.003623" asserts="4" />
      </test-suite>
      <test-suite type="TestFixture" id="0-1108" name="SpecExprIoPos" fullname="Kaitai.SpecExprIoPos" classname="Kaitai.SpecExprIoPos" runstate="Runnable" testcasecount="1" result="Passed" start-time="2020-04-13 21:21:59Z" end-time="2020-04-13 21:21:59Z" duration="0.005009" total="1" passed="1" failed="0" inconclusive="0" skipped="0" asserts="6">
        <test-case id="0-1109" name="TestExprIoPos" fullname="Kaitai.SpecExprIoPos.TestExprIoPos" methodname="TestExprIoPos" classname="Kaitai.SpecExprIoPos" runstate="Runnable" seed="1581799169" result="Passed" start-time="2020-04-13 21:21:59Z" end-time="2020-04-13 21:21:59Z" duration="0.001868" asserts="6" />
      </test-suite>
      <test-suite type="TestFixture" id="0-1110" name="SpecExprMod" fullname="Kaitai.SpecExprMod" classname="Kaitai.SpecExprMod" runstate="Runnable" testcasecount="1" result="Passed" start-time="2020-04-13 21:21:59Z" end-time="2020-04-13 21:21:59Z" duration="0.004997" total="1" passed="1" failed="0" inconclusive="0" skipped="0" asserts="6">
        <test-case id="0-1111" name="TestExprMod" fullname="Kaitai.SpecExprMod.TestExprMod" methodname="TestExprMod" classname="Kaitai.SpecExprMod" runstate="Runnable" seed="1411359730" result="Passed" start-time="2020-04-13 21:21:59Z" end-time="2020-04-13 21:21:59Z" duration="0.001648" asserts="6" />
      </test-suite>
      <test-suite type="TestFixture" id="0-1112" name="SpecExprSizeofType0" fullname="Kaitai.SpecExprSizeofType0" classname="Kaitai.SpecExprSizeofType0" runstate="Runnable" testcasecount="1" result="Passed" start-time="2020-04-13 21:21:59Z" end-time="2020-04-13 21:21:59Z" duration="0.004011" total="1" passed="1" failed="0" inconclusive="0" skipped="0" asserts="1">
        <test-case id="0-1113" name="TestExprSizeofType0" fullname="Kaitai.SpecExprSizeofType0.TestExprSizeofType0" methodname="TestExprSizeofType0" classname="Kaitai.SpecExprSizeofType0" runstate="Runnable" seed="1424906236" result="Passed" start-time="2020-04-13 21:21:59Z" end-time="2020-04-13 21:21:59Z" duration="0.000660" asserts="1" />
      </test-suite>
      <test-suite type="TestFixture" id="0-1114" name="SpecExprSizeofType1" fullname="Kaitai.SpecExprSizeofType1" classname="Kaitai.SpecExprSizeofType1" runstate="Runnable" testcasecount="1" result="Passed" start-time="2020-04-13 21:21:59Z" end-time="2020-04-13 21:21:59Z" duration="0.003946" total="1" passed="1" failed="0" inconclusive="0" skipped="0" asserts="2">
        <test-case id="0-1115" name="TestExprSizeofType1" fullname="Kaitai.SpecExprSizeofType1.TestExprSizeofType1" methodname="TestExprSizeofType1" classname="Kaitai.SpecExprSizeofType1" runstate="Runnable" seed="478570878" result="Passed" start-time="2020-04-13 21:21:59Z" end-time="2020-04-13 21:21:59Z" duration="0.000730" asserts="2" />
      </test-suite>
      <test-suite type="TestFixture" id="0-1116" name="SpecExprSizeofValue0" fullname="Kaitai.SpecExprSizeofValue0" classname="Kaitai.SpecExprSizeofValue0" runstate="Runnable" testcasecount="1" result="Passed" start-time="2020-04-13 21:21:59Z" end-time="2020-04-13 21:21:59Z" duration="0.006020" total="1" passed="1" failed="0" inconclusive="0" skipped="0" asserts="5">
        <test-case id="0-1117" name="TestExprSizeofValue0" fullname="Kaitai.SpecExprSizeofValue0.TestExprSizeofValue0" methodname="TestExprSizeofValue0" classname="Kaitai.SpecExprSizeofValue0" runstate="Runnable" seed="1990582070" result="Passed" start-time="2020-04-13 21:21:59Z" end-time="2020-04-13 21:21:59Z" duration="0.002623" asserts="5" />
      </test-suite>
      <test-suite type="TestFixture" id="0-1118" name="SpecExprSizeofValueSized" fullname="Kaitai.SpecExprSizeofValueSized" classname="Kaitai.SpecExprSizeofValueSized" runstate="Runnable" testcasecount="1" result="Passed" start-time="2020-04-13 21:21:59Z" end-time="2020-04-13 21:21:59Z" duration="0.004938" total="1" passed="1" failed="0" inconclusive="0" skipped="0" asserts="5">
        <test-case id="0-1119" name="TestExprSizeofValueSized" fullname="Kaitai.SpecExprSizeofValueSized.TestExprSizeofValueSized" methodname="TestExprSizeofValueSized" classname="Kaitai.SpecExprSizeofValueSized" runstate="Runnable" seed="1133666776" result="Passed" start-time="2020-04-13 21:21:59Z" end-time="2020-04-13 21:21:59Z" duration="0.001541" asserts="5" />
      </test-suite>
      <test-suite type="TestFixture" id="0-1120" name="SpecExprStrOps" fullname="Kaitai.SpecExprStrOps" classname="Kaitai.SpecExprStrOps" runstate="Runnable" testcasecount="1" result="Passed" start-time="2020-04-13 21:21:59Z" end-time="2020-04-13 21:22:00Z" duration="0.007021" total="1" passed="1" failed="0" inconclusive="0" skipped="0" asserts="17">
        <test-case id="0-1121" name="TestExprStrOps" fullname="Kaitai.SpecExprStrOps.TestExprStrOps" methodname="TestExprStrOps" classname="Kaitai.SpecExprStrOps" runstate="Runnable" seed="1270593217" result="Passed" start-time="2020-04-13 21:21:59Z" end-time="2020-04-13 21:21:59Z" duration="0.003190" asserts="17" />
      </test-suite>
      <test-suite type="TestFixture" id="0-1122" name="SpecFixedContents" fullname="Kaitai.SpecFixedContents" classname="Kaitai.SpecFixedContents" runstate="Runnable" testcasecount="1" result="Passed" start-time="2020-04-13 21:22:00Z" end-time="2020-04-13 21:22:00Z" duration="0.005028" total="1" passed="1" failed="0" inconclusive="0" skipped="0" asserts="0">
        <test-case id="0-1123" name="TestFixedContents" fullname="Kaitai.SpecFixedContents.TestFixedContents" methodname="TestFixedContents" classname="Kaitai.SpecFixedContents" runstate="Runnable" seed="1630663566" result="Passed" start-time="2020-04-13 21:22:00Z" end-time="2020-04-13 21:22:00Z" duration="0.001411" asserts="0" />
      </test-suite>
      <test-suite type="TestFixture" id="0-1124" name="SpecFixedStruct" fullname="Kaitai.SpecFixedStruct" classname="Kaitai.SpecFixedStruct" runstate="Runnable" testcasecount="1" result="Passed" start-time="2020-04-13 21:22:00Z" end-time="2020-04-13 21:22:00Z" duration="0.012948" total="1" passed="1" failed="0" inconclusive="0" skipped="0" asserts="20">
        <test-case id="0-1125" name="TestFixedStruct" fullname="Kaitai.SpecFixedStruct.TestFixedStruct" methodname="TestFixedStruct" classname="Kaitai.SpecFixedStruct" runstate="Runnable" seed="1078422685" result="Passed" start-time="2020-04-13 21:22:00Z" end-time="2020-04-13 21:22:00Z" duration="0.008972" asserts="20" />
      </test-suite>
      <test-suite type="TestFixture" id="0-1128" name="SpecFloatingPoints" fullname="Kaitai.SpecFloatingPoints" classname="Kaitai.SpecFloatingPoints" runstate="Runnable" testcasecount="1" result="Passed" start-time="2020-04-13 21:22:00Z" end-time="2020-04-13 21:22:00Z" duration="0.005051" total="1" passed="1" failed="0" inconclusive="0" skipped="0" asserts="8">
        <test-case id="0-1129" name="TestFloatingPoints" fullname="Kaitai.SpecFloatingPoints.TestFloatingPoints" methodname="TestFloatingPoints" classname="Kaitai.SpecFloatingPoints" runstate="Runnable" seed="1618973032" result="Passed" start-time="2020-04-13 21:22:00Z" end-time="2020-04-13 21:22:00Z" duration="0.001893" asserts="8" />
      </test-suite>
      <test-suite type="TestFixture" id="0-1126" name="SpecFloatToI" fullname="Kaitai.SpecFloatToI" classname="Kaitai.SpecFloatToI" runstate="Runnable" testcasecount="1" result="Passed" start-time="2020-04-13 21:22:00Z" end-time="2020-04-13 21:22:00Z" duration="0.006014" total="1" passed="1" failed="0" inconclusive="0" skipped="0" asserts="8">
        <test-case id="0-1127" name="TestFloatToI" fullname="Kaitai.SpecFloatToI.TestFloatToI" methodname="TestFloatToI" classname="Kaitai.SpecFloatToI" runstate="Runnable" seed="1531186739" result="Passed" start-time="2020-04-13 21:22:00Z" end-time="2020-04-13 21:22:00Z" duration="0.002921" asserts="8" />
      </test-suite>
      <test-suite type="TestFixture" id="0-1130" name="SpecHelloWorld" fullname="Kaitai.SpecHelloWorld" classname="Kaitai.SpecHelloWorld" runstate="Runnable" testcasecount="1" result="Passed" start-time="2020-04-13 21:22:00Z" end-time="2020-04-13 21:22:00Z" duration="0.003988" total="1" passed="1" failed="0" inconclusive="0" skipped="0" asserts="1">
        <test-case id="0-1131" name="TestHelloWorld" fullname="Kaitai.SpecHelloWorld.TestHelloWorld" methodname="TestHelloWorld" classname="Kaitai.SpecHelloWorld" runstate="Runnable" seed="1716503831" result="Passed" start-time="2020-04-13 21:22:00Z" end-time="2020-04-13 21:22:00Z" duration="0.000615" asserts="1" />
      </test-suite>
      <test-suite type="TestFixture" id="0-1132" name="SpecIfInstances" fullname="Kaitai.SpecIfInstances" classname="Kaitai.SpecIfInstances" runstate="Runnable" testcasecount="1" result="Passed" start-time="2020-04-13 21:22:00Z" end-time="2020-04-13 21:22:00Z" duration="0.003946" total="1" passed="1" failed="0" inconclusive="0" skipped="0" asserts="1">
        <test-case id="0-1133" name="TestIfInstances" fullname="Kaitai.SpecIfInstances.TestIfInstances" methodname="TestIfInstances" classname="Kaitai.SpecIfInstances" runstate="Runnable" seed="2058466814" result="Passed" start-time="2020-04-13 21:22:00Z" end-time="2020-04-13 21:22:00Z" duration="0.000669" asserts="1" />
      </test-suite>
      <test-suite type="TestFixture" id="0-1134" name="SpecIfStruct" fullname="Kaitai.SpecIfStruct" classname="Kaitai.SpecIfStruct" runstate="Runnable" testcasecount="1" result="Passed" start-time="2020-04-13 21:22:00Z" end-time="2020-04-13 21:22:00Z" duration="0.006012" total="1" passed="1" failed="0" inconclusive="0" skipped="0" asserts="7">
        <test-case id="0-1135" name="TestIfStruct" fullname="Kaitai.SpecIfStruct.TestIfStruct" methodname="TestIfStruct" classname="Kaitai.SpecIfStruct" runstate="Runnable" seed="432566846" result="Passed" start-time="2020-04-13 21:22:00Z" end-time="2020-04-13 21:22:00Z" duration="0.002489" asserts="7" />
      </test-suite>
      <test-suite type="TestFixture" id="0-1136" name="SpecIfValues" fullname="Kaitai.SpecIfValues" classname="Kaitai.SpecIfValues" runstate="Runnable" testcasecount="1" result="Passed" start-time="2020-04-13 21:22:00Z" end-time="2020-04-13 21:22:00Z" duration="0.004980" total="1" passed="1" failed="0" inconclusive="0" skipped="0" asserts="6">
        <test-case id="0-1137" name="TestIfValues" fullname="Kaitai.SpecIfValues.TestIfValues" methodname="TestIfValues" classname="Kaitai.SpecIfValues" runstate="Runnable" seed="1953068925" result="Passed" start-time="2020-04-13 21:22:00Z" end-time="2020-04-13 21:22:00Z" duration="0.001621" asserts="6" />
      </test-suite>
      <test-suite type="TestFixture" id="0-1138" name="SpecImports0" fullname="Kaitai.SpecImports0" classname="Kaitai.SpecImports0" runstate="Runnable" testcasecount="1" result="Passed" start-time="2020-04-13 21:22:00Z" end-time="2020-04-13 21:22:00Z" duration="0.004006" total="1" passed="1" failed="0" inconclusive="0" skipped="0" asserts="3">
        <test-case id="0-1139" name="TestImports0" fullname="Kaitai.SpecImports0.TestImports0" methodname="TestImports0" classname="Kaitai.SpecImports0" runstate="Runnable" seed="1061558425" result="Passed" start-time="2020-04-13 21:22:00Z" end-time="2020-04-13 21:22:00Z" duration="0.000950" asserts="3" />
      </test-suite>
      <test-suite type="TestFixture" id="0-1140" name="SpecImportsAbs" fullname="Kaitai.SpecImportsAbs" classname="Kaitai.SpecImportsAbs" runstate="Runnable" testcasecount="1" result="Passed" start-time="2020-04-13 21:22:00Z" end-time="2020-04-13 21:22:00Z" duration="0.006015" total="1" passed="1" failed="0" inconclusive="0" skipped="0" asserts="2">
        <test-case id="0-1141" name="TestImportsAbs" fullname="Kaitai.SpecImportsAbs.TestImportsAbs" methodname="TestImportsAbs" classname="Kaitai.SpecImportsAbs" runstate="Runnable" seed="499226568" result="Passed" start-time="2020-04-13 21:22:00Z" end-time="2020-04-13 21:22:00Z" duration="0.002605" asserts="2" />
      </test-suite>
      <test-suite type="TestFixture" id="0-1142" name="SpecImportsCircularA" fullname="Kaitai.SpecImportsCircularA" classname="Kaitai.SpecImportsCircularA" runstate="Runnable" testcasecount="1" result="Passed" start-time="2020-04-13 21:22:00Z" end-time="2020-04-13 21:22:00Z" duration="0.005010" total="1" passed="1" failed="0" inconclusive="0" skipped="0" asserts="5">
        <test-case id="0-1143" name="TestImportsCircularA" fullname="Kaitai.SpecImportsCircularA.TestImportsCircularA" methodname="TestImportsCircularA" classname="Kaitai.SpecImportsCircularA" runstate="Runnable" seed="537514069" result="Passed" start-time="2020-04-13 21:22:00Z" end-time="2020-04-13 21:22:00Z" duration="0.001464" asserts="5" />
      </test-suite>
      <test-suite type="TestFixture" id="0-1144" name="SpecIndexSizes" fullname="Kaitai.SpecIndexSizes" classname="Kaitai.SpecIndexSizes" runstate="Runnable" testcasecount="1" result="Passed" start-time="2020-04-13 21:22:00Z" end-time="2020-04-13 21:22:00Z" duration="0.005008" total="1" passed="1" failed="0" inconclusive="0" skipped="0" asserts="7">
        <test-case id="0-1145" name="TestIndexSizes" fullname="Kaitai.SpecIndexSizes.TestIndexSizes" methodname="TestIndexSizes" classname="Kaitai.SpecIndexSizes" runstate="Runnable" seed="162508246" result="Passed" start-time="2020-04-13 21:22:00Z" end-time="2020-04-13 21:22:00Z" duration="0.001671" asserts="7" />
      </test-suite>
      <test-suite type="TestFixture" id="0-1146" name="SpecIndexToParamEos" fullname="Kaitai.SpecIndexToParamEos" classname="Kaitai.SpecIndexToParamEos" runstate="Runnable" testcasecount="1" result="Passed" start-time="2020-04-13 21:22:00Z" end-time="2020-04-13 21:22:00Z" duration="0.006898" total="1" passed="1" failed="0" inconclusive="0" skipped="0" asserts="7">
        <test-case id="0-1147" name="TestIndexToParamEos" fullname="Kaitai.SpecIndexToParamEos.TestIndexToParamEos" methodname="TestIndexToParamEos" classname="Kaitai.SpecIndexToParamEos" runstate="Runnable" seed="1041589559" result="Passed" start-time="2020-04-13 21:22:00Z" end-time="2020-04-13 21:22:00Z" duration="0.002537" asserts="7" />
      </test-suite>
      <test-suite type="TestFixture" id="0-1148" name="SpecIndexToParamExpr" fullname="Kaitai.SpecIndexToParamExpr" classname="Kaitai.SpecIndexToParamExpr" runstate="Runnable" testcasecount="1" result="Passed" start-time="2020-04-13 21:22:00Z" end-time="2020-04-13 21:22:00Z" duration="0.006008" total="1" passed="1" failed="0" inconclusive="0" skipped="0" asserts="7">
        <test-case id="0-1149" name="TestIndexToParamExpr" fullname="Kaitai.SpecIndexToParamExpr.TestIndexToParamExpr" methodname="TestIndexToParamExpr" classname="Kaitai.SpecIndexToParamExpr" runstate="Runnable" seed="1336558762" result="Passed" start-time="2020-04-13 21:22:00Z" end-time="2020-04-13 21:22:00Z" duration="0.002144" asserts="7" />
      </test-suite>
      <test-suite type="TestFixture" id="0-1150" name="SpecIndexToParamUntil" fullname="Kaitai.SpecIndexToParamUntil" classname="Kaitai.SpecIndexToParamUntil" runstate="Runnable" testcasecount="1" result="Passed" start-time="2020-04-13 21:22:00Z" end-time="2020-04-13 21:22:00Z" duration="0.006013" total="1" passed="1" failed="0" inconclusive="0" skipped="0" asserts="7">
        <test-case id="0-1151" name="TestIndexToParamUntil" fullname="Kaitai.SpecIndexToParamUntil.TestIndexToParamUntil" methodname="TestIndexToParamUntil" classname="Kaitai.SpecIndexToParamUntil" runstate="Runnable" seed="404063861" result="Passed" start-time="2020-04-13 21:22:00Z" end-time="2020-04-13 21:22:00Z" duration="0.001974" asserts="7" />
      </test-suite>
      <test-suite type="TestFixture" id="0-1152" name="SpecInstanceIoUser" fullname="Kaitai.SpecInstanceIoUser" classname="Kaitai.SpecInstanceIoUser" runstate="Runnable" testcasecount="1" result="Passed" start-time="2020-04-13 21:22:00Z" end-time="2020-04-13 21:22:00Z" duration="0.006006" total="1" passed="1" failed="0" inconclusive="0" skipped="0" asserts="4">
        <test-case id="0-1153" name="TestInstanceIoUser" fullname="Kaitai.SpecInstanceIoUser.TestInstanceIoUser" methodname="TestInstanceIoUser" classname="Kaitai.SpecInstanceIoUser" runstate="Runnable" seed="2109510229" result="Passed" start-time="2020-04-13 21:22:00Z" end-time="2020-04-13 21:22:00Z" duration="0.002480" asserts="4" />
      </test-suite>
      <test-suite type="TestFixture" id="0-1154" name="SpecInstanceStd" fullname="Kaitai.SpecInstanceStd" classname="Kaitai.SpecInstanceStd" runstate="Runnable" testcasecount="1" result="Passed" start-time="2020-04-13 21:22:00Z" end-time="2020-04-13 21:22:00Z" duration="0.004058" total="1" passed="1" failed="0" inconclusive="0" skipped="0" asserts="1">
        <test-case id="0-1155" name="TestInstanceStd" fullname="Kaitai.SpecInstanceStd.TestInstanceStd" methodname="TestInstanceStd" classname="Kaitai.SpecInstanceStd" runstate="Runnable" seed="1019806980" result="Passed" start-time="2020-04-13 21:22:00Z" end-time="2020-04-13 21:22:00Z" duration="0.000825" asserts="1" />
      </test-suite>
      <test-suite type="TestFixture" id="0-1156" name="SpecInstanceStdArray" fullname="Kaitai.SpecInstanceStdArray" classname="Kaitai.SpecInstanceStdArray" runstate="Runnable" testcasecount="1" result="Passed" start-time="2020-04-13 21:22:00Z" end-time="2020-04-13 21:22:00Z" duration="0.005012" total="1" passed="1" failed="0" inconclusive="0" skipped="0" asserts="7">
        <test-case id="0-1157" name="TestInstanceStdArray" fullname="Kaitai.SpecInstanceStdArray.TestInstanceStdArray" methodname="TestInstanceStdArray" classname="Kaitai.SpecInstanceStdArray" runstate="Runnable" seed="1448089401" result="Passed" start-time="2020-04-13 21:22:00Z" end-time="2020-04-13 21:22:00Z" duration="0.001718" asserts="7" />
      </test-suite>
      <test-suite type="TestFixture" id="0-1158" name="SpecInstanceUserArray" fullname="Kaitai.SpecInstanceUserArray" classname="Kaitai.SpecInstanceUserArray" runstate="Runnable" testcasecount="1" result="Passed" start-time="2020-04-13 21:22:00Z" end-time="2020-04-13 21:22:00Z" duration="0.006109" total="1" passed="1" failed="0" inconclusive="0" skipped="0" asserts="10">
        <test-case id="0-1159" name="TestInstanceUserArray" fullname="Kaitai.SpecInstanceUserArray.TestInstanceUserArray" methodname="TestInstanceUserArray" classname="Kaitai.SpecInstanceUserArray" runstate="Runnable" seed="1006385678" result="Passed" start-time="2020-04-13 21:22:00Z" end-time="2020-04-13 21:22:00Z" duration="0.002506" asserts="10" />
      </test-suite>
      <test-suite type="TestFixture" id="0-1160" name="SpecIntegers" fullname="Kaitai.SpecIntegers" classname="Kaitai.SpecIntegers" runstate="Runnable" testcasecount="1" result="Passed" start-time="2020-04-13 21:22:00Z" end-time="2020-04-13 21:22:00Z" duration="0.008037" total="1" passed="1" failed="0" inconclusive="0" skipped="0" asserts="20">
        <test-case id="0-1161" name="TestIntegers" fullname="Kaitai.SpecIntegers.TestIntegers" methodname="TestIntegers" classname="Kaitai.SpecIntegers" runstate="Runnable" seed="507787636" result="Passed" start-time="2020-04-13 21:22:00Z" end-time="2020-04-13 21:22:00Z" duration="0.004827" asserts="20" />
      </test-suite>
      <test-suite type="TestFixture" id="0-1162" name="SpecIntegersMinMax" fullname="Kaitai.SpecIntegersMinMax" classname="Kaitai.SpecIntegersMinMax" runstate="Runnable" testcasecount="1" result="Passed" start-time="2020-04-13 21:22:00Z" end-time="2020-04-13 21:22:00Z" duration="0.008015" total="1" passed="1" failed="0" inconclusive="0" skipped="0" asserts="28">
        <test-case id="0-1163" name="TestIntegersMinMax" fullname="Kaitai.SpecIntegersMinMax.TestIntegersMinMax" methodname="TestIntegersMinMax" classname="Kaitai.SpecIntegersMinMax" runstate="Runnable" seed="1711293934" result="Passed" start-time="2020-04-13 21:22:00Z" end-time="2020-04-13 21:22:00Z" duration="0.004290" asserts="28" />
      </test-suite>
      <test-suite type="TestFixture" id="0-1164" name="SpecIoLocalVar" fullname="Kaitai.SpecIoLocalVar" classname="Kaitai.SpecIoLocalVar" runstate="Runnable" testcasecount="1" result="Passed" start-time="2020-04-13 21:22:00Z" end-time="2020-04-13 21:22:00Z" duration="0.005087" total="1" passed="1" failed="0" inconclusive="0" skipped="0" asserts="2">
        <test-case id="0-1165" name="TestIoLocalVar" fullname="Kaitai.SpecIoLocalVar.TestIoLocalVar" methodname="TestIoLocalVar" classname="Kaitai.SpecIoLocalVar" runstate="Runnable" seed="1774516384" result="Passed" start-time="2020-04-13 21:22:00Z" end-time="2020-04-13 21:22:00Z" duration="0.001518" asserts="2" />
      </test-suite>
      <test-suite type="TestFixture" id="0-1166" name="SpecJsSignedRightShift" fullname="Kaitai.SpecJsSignedRightShift" classname="Kaitai.SpecJsSignedRightShift" runstate="Runnable" testcasecount="1" result="Passed" start-time="2020-04-13 21:22:00Z" end-time="2020-04-13 21:22:00Z" duration="0.004023" total="1" passed="1" failed="0" inconclusive="0" skipped="0" asserts="2">
        <test-case id="0-1167" name="TestJsSignedRightShift" fullname="Kaitai.SpecJsSignedRightShift.TestJsSignedRightShift" methodname="TestJsSignedRightShift" classname="Kaitai.SpecJsSignedRightShift" runstate="Runnable" seed="595263031" result="Passed" start-time="2020-04-13 21:22:00Z" end-time="2020-04-13 21:22:00Z" duration="0.000892" asserts="2" />
      </test-suite>
      <test-suite type="TestFixture" id="0-1168" name="SpecMetaTags" fullname="Kaitai.SpecMetaTags" classname="Kaitai.SpecMetaTags" runstate="Runnable" testcasecount="1" result="Passed" start-time="2020-04-13 21:22:00Z" end-time="2020-04-13 21:22:00Z" duration="0.004088" total="1" passed="1" failed="0" inconclusive="0" skipped="0" asserts="0">
        <test-case id="0-1169" name="TestMetaTags" fullname="Kaitai.SpecMetaTags.TestMetaTags" methodname="TestMetaTags" classname="Kaitai.SpecMetaTags" runstate="Runnable" seed="1792530227" result="Passed" start-time="2020-04-13 21:22:00Z" end-time="2020-04-13 21:22:00Z" duration="0.000669" asserts="0" />
      </test-suite>
      <test-suite type="TestFixture" id="0-1170" name="SpecMetaXref" fullname="Kaitai.SpecMetaXref" classname="Kaitai.SpecMetaXref" runstate="Runnable" testcasecount="1" result="Passed" start-time="2020-04-13 21:22:00Z" end-time="2020-04-13 21:22:00Z" duration="0.004076" total="1" passed="1" failed="0" inconclusive="0" skipped="0" asserts="0">
        <test-case id="0-1171" name="TestMetaXref" fullname="Kaitai.SpecMetaXref.TestMetaXref" methodname="TestMetaXref" classname="Kaitai.SpecMetaXref" runstate="Runnable" seed="1179635048" result="Passed" start-time="2020-04-13 21:22:00Z" end-time="2020-04-13 21:22:00Z" duration="0.000745" asserts="0" />
      </test-suite>
      <test-suite type="TestFixture" id="0-1172" name="SpecMultipleUse" fullname="Kaitai.SpecMultipleUse" classname="Kaitai.SpecMultipleUse" runstate="Runnable" testcasecount="1" result="Passed" start-time="2020-04-13 21:22:00Z" end-time="2020-04-13 21:22:00Z" duration="0.006047" total="1" passed="1" failed="0" inconclusive="0" skipped="0" asserts="2">
        <test-case id="0-1173" name="TestMultipleUse" fullname="Kaitai.SpecMultipleUse.TestMultipleUse" methodname="TestMultipleUse" classname="Kaitai.SpecMultipleUse" runstate="Runnable" seed="1048928657" result="Passed" start-time="2020-04-13 21:22:00Z" end-time="2020-04-13 21:22:00Z" duration="0.002435" asserts="2" />
      </test-suite>
      <test-suite type="TestFixture" id="0-1174" name="SpecNavParent" fullname="Kaitai.SpecNavParent" classname="Kaitai.SpecNavParent" runstate="Runnable" testcasecount="1" result="Passed" start-time="2020-04-13 21:22:00Z" end-time="2020-04-13 21:22:00Z" duration="0.007032" total="1" passed="1" failed="0" inconclusive="0" skipped="0" asserts="5">
        <test-case id="0-1175" name="TestNavParent" fullname="Kaitai.SpecNavParent.TestNavParent" methodname="TestNavParent" classname="Kaitai.SpecNavParent" runstate="Runnable" seed="2093490091" result="Passed" start-time="2020-04-13 21:22:00Z" end-time="2020-04-13 21:22:00Z" duration="0.003492" asserts="5" />
      </test-suite>
      <test-suite type="TestFixture" id="0-1176" name="SpecNavParent2" fullname="Kaitai.SpecNavParent2" classname="Kaitai.SpecNavParent2" runstate="Runnable" testcasecount="1" result="Passed" start-time="2020-04-13 21:22:00Z" end-time="2020-04-13 21:22:00Z" duration="0.010095" total="1" passed="1" failed="0" inconclusive="0" skipped="0" asserts="10">
        <test-case id="0-1177" name="TestNavParent2" fullname="Kaitai.SpecNavParent2.TestNavParent2" methodname="TestNavParent2" classname="Kaitai.SpecNavParent2" runstate="Runnable" seed="542626803" result="Passed" start-time="2020-04-13 21:22:00Z" end-time="2020-04-13 21:22:00Z" duration="0.006951" asserts="10" />
      </test-suite>
      <test-suite type="TestFixture" id="0-1178" name="SpecNavParent3" fullname="Kaitai.SpecNavParent3" classname="Kaitai.SpecNavParent3" runstate="Runnable" testcasecount="1" result="Passed" start-time="2020-04-13 21:22:00Z" end-time="2020-04-13 21:22:00Z" duration="0.008019" total="1" passed="1" failed="0" inconclusive="0" skipped="0" asserts="10">
        <test-case id="0-1179" name="TestNavParent3" fullname="Kaitai.SpecNavParent3.TestNavParent3" methodname="TestNavParent3" classname="Kaitai.SpecNavParent3" runstate="Runnable" seed="646267777" result="Passed" start-time="2020-04-13 21:22:00Z" end-time="2020-04-13 21:22:00Z" duration="0.004456" asserts="10" />
      </test-suite>
      <test-suite type="TestFixture" id="0-1180" name="SpecNavParentFalse" fullname="Kaitai.SpecNavParentFalse" classname="Kaitai.SpecNavParentFalse" runstate="Runnable" testcasecount="1" result="Passed" start-time="2020-04-13 21:22:00Z" end-time="2020-04-13 21:22:00Z" duration="0.007021" total="1" passed="1" failed="0" inconclusive="0" skipped="0" asserts="5">
        <test-case id="0-1181" name="TestNavParentFalse" fullname="Kaitai.SpecNavParentFalse.TestNavParentFalse" methodname="TestNavParentFalse" classname="Kaitai.SpecNavParentFalse" runstate="Runnable" seed="812366526" result="Passed" start-time="2020-04-13 21:22:00Z" end-time="2020-04-13 21:22:00Z" duration="0.003273" asserts="5" />
      </test-suite>
      <test-suite type="TestFixture" id="0-1182" name="SpecNavParentFalse2" fullname="Kaitai.SpecNavParentFalse2" classname="Kaitai.SpecNavParentFalse2" runstate="Runnable" testcasecount="1" result="Passed" start-time="2020-04-13 21:22:00Z" end-time="2020-04-13 21:22:00Z" duration="0.005014" total="1" passed="1" failed="0" inconclusive="0" skipped="0" asserts="1">
        <test-case id="0-1183" name="TestNavParentFalse2" fullname="Kaitai.SpecNavParentFalse2.TestNavParentFalse2" methodname="TestNavParentFalse2" classname="Kaitai.SpecNavParentFalse2" runstate="Runnable" seed="1021804937" result="Passed" start-time="2020-04-13 21:22:00Z" end-time="2020-04-13 21:22:00Z" duration="0.001380" asserts="1" />
      </test-suite>
      <test-suite type="TestFixture" id="0-1184" name="SpecNavParentOverride" fullname="Kaitai.SpecNavParentOverride" classname="Kaitai.SpecNavParentOverride" runstate="Runnable" testcasecount="1" result="Passed" start-time="2020-04-13 21:22:00Z" end-time="2020-04-13 21:22:00Z" duration="0.006092" total="1" passed="1" failed="0" inconclusive="0" skipped="0" asserts="3">
        <test-case id="0-1185" name="TestNavParentOverride" fullname="Kaitai.SpecNavParentOverride.TestNavParentOverride" methodname="TestNavParentOverride" classname="Kaitai.SpecNavParentOverride" runstate="Runnable" seed="148452305" result="Passed" start-time="2020-04-13 21:22:00Z" end-time="2020-04-13 21:22:00Z" duration="0.002782" asserts="3" />
      </test-suite>
      <test-suite type="TestFixture" id="0-1186" name="SpecNavParentSwitch" fullname="Kaitai.SpecNavParentSwitch" classname="Kaitai.SpecNavParentSwitch" runstate="Runnable" testcasecount="1" result="Passed" start-time="2020-04-13 21:22:00Z" end-time="2020-04-13 21:22:00Z" duration="0.006020" total="1" passed="1" failed="0" inconclusive="0" skipped="0" asserts="3">
        <test-case id="0-1187" name="TestNavParentSwitch" fullname="Kaitai.SpecNavParentSwitch.TestNavParentSwitch" methodname="TestNavParentSwitch" classname="Kaitai.SpecNavParentSwitch" runstate="Runnable" seed="1185645130" result="Passed" start-time="2020-04-13 21:22:00Z" end-time="2020-04-13 21:22:00Z" duration="0.002539" asserts="3" />
      </test-suite>
      <test-suite type="TestFixture" id="0-1188" name="SpecNavParentVsValueInst" fullname="Kaitai.SpecNavParentVsValueInst" classname="Kaitai.SpecNavParentVsValueInst" runstate="Runnable" testcasecount="1" result="Passed" start-time="2020-04-13 21:22:00Z" end-time="2020-04-13 21:22:00Z" duration="0.005011" total="1" passed="1" failed="0" inconclusive="0" skipped="0" asserts="1">
        <test-case id="0-1189" name="TestNavParentVsValueInst" fullname="Kaitai.SpecNavParentVsValueInst.TestNavParentVsValueInst" methodname="TestNavParentVsValueInst" classname="Kaitai.SpecNavParentVsValueInst" runstate="Runnable" seed="1404052282" result="Passed" start-time="2020-04-13 21:22:00Z" end-time="2020-04-13 21:22:00Z" duration="0.001165" asserts="1" />
      </test-suite>
      <test-suite type="TestFixture" id="0-1190" name="SpecNavRoot" fullname="Kaitai.SpecNavRoot" classname="Kaitai.SpecNavRoot" runstate="Runnable" testcasecount="1" result="Passed" start-time="2020-04-13 21:22:00Z" end-time="2020-04-13 21:22:00Z" duration="0.008018" total="1" passed="1" failed="0" inconclusive="0" skipped="0" asserts="5">
        <test-case id="0-1191" name="TestNavRoot" fullname="Kaitai.SpecNavRoot.TestNavRoot" methodname="TestNavRoot" classname="Kaitai.SpecNavRoot" runstate="Runnable" seed="256891513" result="Passed" start-time="2020-04-13 21:22:00Z" end-time="2020-04-13 21:22:00Z" duration="0.004038" asserts="5" />
      </test-suite>
      <test-suite type="TestFixture" id="0-1192" name="SpecNestedSameName" fullname="Kaitai.SpecNestedSameName" classname="Kaitai.SpecNestedSameName" runstate="Runnable" testcasecount="1" result="Passed" start-time="2020-04-13 21:22:00Z" end-time="2020-04-13 21:22:00Z" duration="0.007432" total="1" passed="1" failed="0" inconclusive="0" skipped="0" asserts="2">
        <test-case id="0-1193" name="TestNestedSameName" fullname="Kaitai.SpecNestedSameName.TestNestedSameName" methodname="TestNestedSameName" classname="Kaitai.SpecNestedSameName" runstate="Runnable" seed="469284433" result="Passed" start-time="2020-04-13 21:22:00Z" end-time="2020-04-13 21:22:00Z" duration="0.003403" asserts="2" />
      </test-suite>
      <test-suite type="TestFixture" id="0-1194" name="SpecNestedSameName2" fullname="Kaitai.SpecNestedSameName2" classname="Kaitai.SpecNestedSameName2" runstate="Runnable" testcasecount="1" result="Passed" start-time="2020-04-13 21:22:00Z" end-time="2020-04-13 21:22:00Z" duration="0.008889" total="1" passed="1" failed="0" inconclusive="0" skipped="0" asserts="5">
        <test-case id="0-1195" name="TestNestedSameName2" fullname="Kaitai.SpecNestedSameName2.TestNestedSameName2" methodname="TestNestedSameName2" classname="Kaitai.SpecNestedSameName2" runstate="Runnable" seed="344425066" result="Passed" start-time="2020-04-13 21:22:00Z" end-time="2020-04-13 21:22:00Z" duration="0.005021" asserts="5" />
      </test-suite>
      <test-suite type="TestFixture" id="0-1196" name="SpecNestedTypeParam" fullname="Kaitai.SpecNestedTypeParam" classname="Kaitai.SpecNestedTypeParam" runstate="Runnable" testcasecount="1" result="Passed" start-time="2020-04-13 21:22:00Z" end-time="2020-04-13 21:22:00Z" duration="0.005010" total="1" passed="1" failed="0" inconclusive="0" skipped="0" asserts="2">
        <test-case id="0-1197" name="TestNestedTypeParam" fullname="Kaitai.SpecNestedTypeParam.TestNestedTypeParam" methodname="TestNestedTypeParam" classname="Kaitai.SpecNestedTypeParam" runstate="Runnable" seed="217418808" result="Passed" start-time="2020-04-13 21:22:00Z" end-time="2020-04-13 21:22:00Z" duration="0.001858" asserts="2" />
      </test-suite>
      <test-suite type="TestFixture" id="0-1198" name="SpecNestedTypes" fullname="Kaitai.SpecNestedTypes" classname="Kaitai.SpecNestedTypes" runstate="Runnable" testcasecount="1" result="Passed" start-time="2020-04-13 21:22:00Z" end-time="2020-04-13 21:22:00Z" duration="0.006015" total="1" passed="1" failed="0" inconclusive="0" skipped="0" asserts="3">
        <test-case id="0-1199" name="TestNestedTypes" fullname="Kaitai.SpecNestedTypes.TestNestedTypes" methodname="TestNestedTypes" classname="Kaitai.SpecNestedTypes" runstate="Runnable" seed="1416158454" result="Passed" start-time="2020-04-13 21:22:00Z" end-time="2020-04-13 21:22:00Z" duration="0.002407" asserts="3" />
      </test-suite>
      <test-suite type="TestFixture" id="0-1200" name="SpecNestedTypes2" fullname="Kaitai.SpecNestedTypes2" classname="Kaitai.SpecNestedTypes2" runstate="Runnable" testcasecount="1" result="Passed" start-time="2020-04-13 21:22:00Z" end-time="2020-04-13 21:22:00Z" duration="0.008024" total="1" passed="1" failed="0" inconclusive="0" skipped="0" asserts="7">
        <test-case id="0-1201" name="TestNestedTypes2" fullname="Kaitai.SpecNestedTypes2.TestNestedTypes2" methodname="TestNestedTypes2" classname="Kaitai.SpecNestedTypes2" runstate="Runnable" seed="1446704121" result="Passed" start-time="2020-04-13 21:22:00Z" end-time="2020-04-13 21:22:00Z" duration="0.004190" asserts="7" />
      </test-suite>
      <test-suite type="TestFixture" id="0-1202" name="SpecNestedTypes3" fullname="Kaitai.SpecNestedTypes3" classname="Kaitai.SpecNestedTypes3" runstate="Runnable" testcasecount="1" result="Passed" start-time="2020-04-13 21:22:00Z" end-time="2020-04-13 21:22:00Z" duration="0.007050" total="1" passed="1" failed="0" inconclusive="0" skipped="0" asserts="5">
        <test-case id="0-1203" name="TestNestedTypes3" fullname="Kaitai.SpecNestedTypes3.TestNestedTypes3" methodname="TestNestedTypes3" classname="Kaitai.SpecNestedTypes3" runstate="Runnable" seed="788743935" result="Passed" start-time="2020-04-13 21:22:00Z" end-time="2020-04-13 21:22:00Z" duration="0.003307" asserts="5" />
      </test-suite>
      <test-suite type="TestFixture" id="0-1204" name="SpecNonStandard" fullname="Kaitai.SpecNonStandard" classname="Kaitai.SpecNonStandard" runstate="Runnable" testcasecount="1" result="Passed" start-time="2020-04-13 21:22:00Z" end-time="2020-04-13 21:22:00Z" duration="0.005014" total="1" passed="1" failed="0" inconclusive="0" skipped="0" asserts="1">
        <test-case id="0-1205" name="TestNonStandard" fullname="Kaitai.SpecNonStandard.TestNonStandard" methodname="TestNonStandard" classname="Kaitai.SpecNonStandard" runstate="Runnable" seed="111575896" result="Passed" start-time="2020-04-13 21:22:00Z" end-time="2020-04-13 21:22:00Z" duration="0.001135" asserts="1" />
      </test-suite>
      <test-suite type="TestFixture" id="0-1206" name="SpecOpaqueExternalType" fullname="Kaitai.SpecOpaqueExternalType" classname="Kaitai.SpecOpaqueExternalType" runstate="Runnable" testcasecount="1" result="Passed" start-time="2020-04-13 21:22:00Z" end-time="2020-04-13 21:22:00Z" duration="0.005895" total="1" passed="1" failed="0" inconclusive="0" skipped="0" asserts="3">
        <test-case id="0-1207" name="TestOpaqueExternalType" fullname="Kaitai.SpecOpaqueExternalType.TestOpaqueExternalType" methodname="TestOpaqueExternalType" classname="Kaitai.SpecOpaqueExternalType" runstate="Runnable" seed="1363808651" result="Passed" start-time="2020-04-13 21:22:00Z" end-time="2020-04-13 21:22:00Z" duration="0.002294" asserts="3" />
      </test-suite>
      <test-suite type="TestFixture" id="0-1208" name="SpecOpaqueExternalType02Parent" fullname="Kaitai.SpecOpaqueExternalType02Parent" classname="Kaitai.SpecOpaqueExternalType02Parent" runstate="Runnable" testcasecount="1" result="Passed" start-time="2020-04-13 21:22:00Z" end-time="2020-04-13 21:22:00Z" duration="0.008015" total="1" passed="1" failed="0" inconclusive="0" skipped="0" asserts="3">
        <test-case id="0-1209" name="TestOpaqueExternalType02Parent" fullname="Kaitai.SpecOpaqueExternalType02Parent.TestOpaqueExternalType02Parent" methodname="TestOpaqueExternalType02Parent" classname="Kaitai.SpecOpaqueExternalType02Parent" runstate="Runnable" seed="134771579" result="Passed" start-time="2020-04-13 21:22:00Z" end-time="2020-04-13 21:22:00Z" duration="0.004143" asserts="3" />
      </test-suite>
      <test-suite type="TestFixture" id="0-1210" name="SpecOpaqueWithParam" fullname="Kaitai.SpecOpaqueWithParam" classname="Kaitai.SpecOpaqueWithParam" runstate="Runnable" testcasecount="1" result="Passed" start-time="2020-04-13 21:22:00Z" end-time="2020-04-13 21:22:00Z" duration="0.006016" total="1" passed="1" failed="0" inconclusive="0" skipped="0" asserts="2">
        <test-case id="0-1211" name="TestOpaqueWithParam" fullname="Kaitai.SpecOpaqueWithParam.TestOpaqueWithParam" methodname="TestOpaqueWithParam" classname="Kaitai.SpecOpaqueWithParam" runstate="Runnable" seed="668273511" result="Passed" start-time="2020-04-13 21:22:00Z" end-time="2020-04-13 21:22:00Z" duration="0.002005" asserts="2" />
      </test-suite>
      <test-suite type="TestFixture" id="0-1212" name="SpecOptionalId" fullname="Kaitai.SpecOptionalId" classname="Kaitai.SpecOptionalId" runstate="Runnable" testcasecount="1" result="Passed" start-time="2020-04-13 21:22:00Z" end-time="2020-04-13 21:22:00Z" duration="0.014639" total="1" passed="1" failed="0" inconclusive="0" skipped="0" asserts="3">
        <test-case id="0-1213" name="TestOptionalId" fullname="Kaitai.SpecOptionalId.TestOptionalId" methodname="TestOptionalId" classname="Kaitai.SpecOptionalId" runstate="Runnable" seed="99452272" result="Passed" start-time="2020-04-13 21:22:00Z" end-time="2020-04-13 21:22:00Z" duration="0.001033" asserts="3" />
      </test-suite>
      <test-suite type="TestFixture" id="0-1214" name="SpecParamsCallExtraParens" fullname="Kaitai.SpecParamsCallExtraParens" classname="Kaitai.SpecParamsCallExtraParens" runstate="Runnable" testcasecount="1" result="Passed" start-time="2020-04-13 21:22:00Z" end-time="2020-04-13 21:22:00Z" duration="0.005051" total="1" passed="1" failed="0" inconclusive="0" skipped="0" asserts="1">
        <test-case id="0-1215" name="TestParamsCallExtraParens" fullname="Kaitai.SpecParamsCallExtraParens.TestParamsCallExtraParens" methodname="TestParamsCallExtraParens" classname="Kaitai.SpecParamsCallExtraParens" runstate="Runnable" seed="1931774643" result="Passed" start-time="2020-04-13 21:22:00Z" end-time="2020-04-13 21:22:00Z" duration="0.001121" asserts="1" />
      </test-suite>
      <test-suite type="TestFixture" id="0-1216" name="SpecParamsCallShort" fullname="Kaitai.SpecParamsCallShort" classname="Kaitai.SpecParamsCallShort" runstate="Runnable" testcasecount="1" result="Passed" start-time="2020-04-13 21:22:00Z" end-time="2020-04-13 21:22:00Z" duration="0.007992" total="1" passed="1" failed="0" inconclusive="0" skipped="0" asserts="3">
        <test-case id="0-1217" name="TestParamsCallShort" fullname="Kaitai.SpecParamsCallShort.TestParamsCallShort" methodname="TestParamsCallShort" classname="Kaitai.SpecParamsCallShort" runstate="Runnable" seed="616840636" result="Passed" start-time="2020-04-13 21:22:00Z" end-time="2020-04-13 21:22:00Z" duration="0.001736" asserts="3" />
      </test-suite>
      <test-suite type="TestFixture" id="0-1218" name="SpecParamsDef" fullname="Kaitai.SpecParamsDef" classname="Kaitai.SpecParamsDef" runstate="Runnable" testcasecount="1" result="Passed" start-time="2020-04-13 21:22:00Z" end-time="2020-04-13 21:22:00Z" duration="0.004020" total="1" passed="1" failed="0" inconclusive="0" skipped="0" asserts="2">
        <test-case id="0-1219" name="TestParamsDef" fullname="Kaitai.SpecParamsDef.TestParamsDef" methodname="TestParamsDef" classname="Kaitai.SpecParamsDef" runstate="Runnable" seed="1844558060" result="Passed" start-time="2020-04-13 21:22:00Z" end-time="2020-04-13 21:22:00Z" duration="0.000415" asserts="2" />
      </test-suite>
      <test-suite type="TestFixture" id="0-1220" name="SpecParamsEnum" fullname="Kaitai.SpecParamsEnum" classname="Kaitai.SpecParamsEnum" runstate="Runnable" testcasecount="1" result="Passed" start-time="2020-04-13 21:22:00Z" end-time="2020-04-13 21:22:00Z" duration="0.006021" total="1" passed="1" failed="0" inconclusive="0" skipped="0" asserts="2">
        <test-case id="0-1221" name="TestParamsEnum" fullname="Kaitai.SpecParamsEnum.TestParamsEnum" methodname="TestParamsEnum" classname="Kaitai.SpecParamsEnum" runstate="Runnable" seed="274221370" result="Passed" start-time="2020-04-13 21:22:00Z" end-time="2020-04-13 21:22:00Z" duration="0.002018" asserts="2" />
      </test-suite>
      <test-suite type="TestFixture" id="0-1222" name="SpecParamsPassArrayStr" fullname="Kaitai.SpecParamsPassArrayStr" classname="Kaitai.SpecParamsPassArrayStr" runstate="Runnable" testcasecount="1" result="Passed" start-time="2020-04-13 21:22:00Z" end-time="2020-04-13 21:22:00Z" duration="0.006010" total="1" passed="1" failed="0" inconclusive="0" skipped="0" asserts="7">
        <test-case id="0-1223" name="TestParamsPassArrayStr" fullname="Kaitai.SpecParamsPassArrayStr.TestParamsPassArrayStr" methodname="TestParamsPassArrayStr" classname="Kaitai.SpecParamsPassArrayStr" runstate="Runnable" seed="21211888" result="Passed" start-time="2020-04-13 21:22:00Z" end-time="2020-04-13 21:22:00Z" duration="0.002601" asserts="7" />
      </test-suite>
      <test-suite type="TestFixture" id="0-1224" name="SpecParamsPassArrayStruct" fullname="Kaitai.SpecParamsPassArrayStruct" classname="Kaitai.SpecParamsPassArrayStruct" runstate="Runnable" testcasecount="1" result="Passed" start-time="2020-04-13 21:22:00Z" end-time="2020-04-13 21:22:00Z" duration="0.006010" total="1" passed="1" failed="0" inconclusive="0" skipped="0" asserts="3">
        <test-case id="0-1225" name="TestParamsPassArrayStruct" fullname="Kaitai.SpecParamsPassArrayStruct.TestParamsPassArrayStruct" methodname="TestParamsPassArrayStruct" classname="Kaitai.SpecParamsPassArrayStruct" runstate="Runnable" seed="1003610887" result="Passed" start-time="2020-04-13 21:22:00Z" end-time="2020-04-13 21:22:00Z" duration="0.002943" asserts="3" />
      </test-suite>
      <test-suite type="TestFixture" id="0-1226" name="SpecParamsPassArrayUsertype" fullname="Kaitai.SpecParamsPassArrayUsertype" classname="Kaitai.SpecParamsPassArrayUsertype" runstate="Runnable" testcasecount="1" result="Passed" start-time="2020-04-13 21:22:00Z" end-time="2020-04-13 21:22:00Z" duration="0.006020" total="1" passed="1" failed="0" inconclusive="0" skipped="0" asserts="5">
        <test-case id="0-1227" name="TestParamsPassArrayUsertype" fullname="Kaitai.SpecParamsPassArrayUsertype.TestParamsPassArrayUsertype" methodname="TestParamsPassArrayUsertype" classname="Kaitai.SpecParamsPassArrayUsertype" runstate="Runnable" seed="1243640871" result="Passed" start-time="2020-04-13 21:22:00Z" end-time="2020-04-13 21:22:00Z" duration="0.002884" asserts="5" />
      </test-suite>
      <test-suite type="TestFixture" id="0-1228" name="SpecParamsPassStruct" fullname="Kaitai.SpecParamsPassStruct" classname="Kaitai.SpecParamsPassStruct" runstate="Runnable" testcasecount="1" result="Passed" start-time="2020-04-13 21:22:00Z" end-time="2020-04-13 21:22:00Z" duration="0.006008" total="1" passed="1" failed="0" inconclusive="0" skipped="0" asserts="4">
        <test-case id="0-1229" name="TestParamsPassStruct" fullname="Kaitai.SpecParamsPassStruct.TestParamsPassStruct" methodname="TestParamsPassStruct" classname="Kaitai.SpecParamsPassStruct" runstate="Runnable" seed="661964921" result="Passed" start-time="2020-04-13 21:22:00Z" end-time="2020-04-13 21:22:00Z" duration="0.002525" asserts="4" />
      </test-suite>
      <test-suite type="TestFixture" id="0-1230" name="SpecParamsPassUsertype" fullname="Kaitai.SpecParamsPassUsertype" classname="Kaitai.SpecParamsPassUsertype" runstate="Runnable" testcasecount="1" result="Passed" start-time="2020-04-13 21:22:00Z" end-time="2020-04-13 21:22:00Z" duration="0.005032" total="1" passed="1" failed="0" inconclusive="0" skipped="0" asserts="2">
        <test-case id="0-1231" name="TestParamsPassUsertype" fullname="Kaitai.SpecParamsPassUsertype.TestParamsPassUsertype" methodname="TestParamsPassUsertype" classname="Kaitai.SpecParamsPassUsertype" runstate="Runnable" seed="698927625" result="Passed" start-time="2020-04-13 21:22:00Z" end-time="2020-04-13 21:22:00Z" duration="0.001955" asserts="2" />
      </test-suite>
      <test-suite type="TestFixture" id="0-1232" name="SpecPositionAbs" fullname="Kaitai.SpecPositionAbs" classname="Kaitai.SpecPositionAbs" runstate="Runnable" testcasecount="1" result="Passed" start-time="2020-04-13 21:22:00Z" end-time="2020-04-13 21:22:00Z" duration="0.005118" total="1" passed="1" failed="0" inconclusive="0" skipped="0" asserts="2">
        <test-case id="0-1233" name="TestPositionAbs" fullname="Kaitai.SpecPositionAbs.TestPositionAbs" methodname="TestPositionAbs" classname="Kaitai.SpecPositionAbs" runstate="Runnable" seed="151643837" result="Passed" start-time="2020-04-13 21:22:00Z" end-time="2020-04-13 21:22:00Z" duration="0.001595" asserts="2" />
      </test-suite>
      <test-suite type="TestFixture" id="0-1234" name="SpecPositionInSeq" fullname="Kaitai.SpecPositionInSeq" classname="Kaitai.SpecPositionInSeq" runstate="Runnable" testcasecount="1" result="Passed" start-time="2020-04-13 21:22:00Z" end-time="2020-04-13 21:22:00Z" duration="0.004990" total="1" passed="1" failed="0" inconclusive="0" skipped="0" asserts="1">
        <test-case id="0-1235" name="TestPositionInSeq" fullname="Kaitai.SpecPositionInSeq.TestPositionInSeq" methodname="TestPositionInSeq" classname="Kaitai.SpecPositionInSeq" runstate="Runnable" seed="1951037670" result="Passed" start-time="2020-04-13 21:22:00Z" end-time="2020-04-13 21:22:00Z" duration="0.001607" asserts="1" />
      </test-suite>
      <test-suite type="TestFixture" id="0-1236" name="SpecPositionToEnd" fullname="Kaitai.SpecPositionToEnd" classname="Kaitai.SpecPositionToEnd" runstate="Runnable" testcasecount="1" result="Passed" start-time="2020-04-13 21:22:00Z" end-time="2020-04-13 21:22:00Z" duration="0.005001" total="1" passed="1" failed="0" inconclusive="0" skipped="0" asserts="2">
        <test-case id="0-1237" name="TestPositionToEnd" fullname="Kaitai.SpecPositionToEnd.TestPositionToEnd" methodname="TestPositionToEnd" classname="Kaitai.SpecPositionToEnd" runstate="Runnable" seed="640419378" result="Passed" start-time="2020-04-13 21:22:00Z" end-time="2020-04-13 21:22:00Z" duration="0.001635" asserts="2" />
      </test-suite>
      <test-suite type="TestFixture" id="0-1238" name="SpecProcessCoerceBytes" fullname="Kaitai.SpecProcessCoerceBytes" classname="Kaitai.SpecProcessCoerceBytes" runstate="Runnable" testcasecount="1" result="Passed" start-time="2020-04-13 21:22:00Z" end-time="2020-04-13 21:22:00Z" duration="0.006163" total="1" passed="1" failed="0" inconclusive="0" skipped="0" asserts="4">
        <test-case id="0-1239" name="TestProcessCoerceBytes" fullname="Kaitai.SpecProcessCoerceBytes.TestProcessCoerceBytes" methodname="TestProcessCoerceBytes" classname="Kaitai.SpecProcessCoerceBytes" runstate="Runnable" seed="1517918727" result="Passed" start-time="2020-04-13 21:22:00Z" end-time="2020-04-13 21:22:00Z" duration="0.002813" asserts="4" />
      </test-suite>
      <test-suite type="TestFixture" id="0-1240" name="SpecProcessCoerceSwitch" fullname="Kaitai.SpecProcessCoerceSwitch" classname="Kaitai.SpecProcessCoerceSwitch" runstate="Runnable" testcasecount="1" result="Passed" start-time="2020-04-13 21:22:00Z" end-time="2020-04-13 21:22:00Z" duration="0.006085" total="1" passed="1" failed="0" inconclusive="0" skipped="0" asserts="3">
        <test-case id="0-1241" name="TestProcessCoerceSwitch" fullname="Kaitai.SpecProcessCoerceSwitch.TestProcessCoerceSwitch" methodname="TestProcessCoerceSwitch" classname="Kaitai.SpecProcessCoerceSwitch" runstate="Runnable" seed="335769882" result="Passed" start-time="2020-04-13 21:22:00Z" end-time="2020-04-13 21:22:00Z" duration="0.002422" asserts="3" />
      </test-suite>
      <test-suite type="TestFixture" id="0-1242" name="SpecProcessCoerceUsertype1" fullname="Kaitai.SpecProcessCoerceUsertype1" classname="Kaitai.SpecProcessCoerceUsertype1" runstate="Runnable" testcasecount="1" result="Passed" start-time="2020-04-13 21:22:00Z" end-time="2020-04-13 21:22:00Z" duration="0.006021" total="1" passed="1" failed="0" inconclusive="0" skipped="0" asserts="4">
        <test-case id="0-1243" name="TestProcessCoerceUsertype1" fullname="Kaitai.SpecProcessCoerceUsertype1.TestProcessCoerceUsertype1" methodname="TestProcessCoerceUsertype1" classname="Kaitai.SpecProcessCoerceUsertype1" runstate="Runnable" seed="1946229591" result="Passed" start-time="2020-04-13 21:22:00Z" end-time="2020-04-13 21:22:00Z" duration="0.002867" asserts="4" />
      </test-suite>
      <test-suite type="TestFixture" id="0-1244" name="SpecProcessCoerceUsertype2" fullname="Kaitai.SpecProcessCoerceUsertype2" classname="Kaitai.SpecProcessCoerceUsertype2" runstate="Runnable" testcasecount="1" result="Passed" start-time="2020-04-13 21:22:00Z" end-time="2020-04-13 21:22:00Z" duration="0.007018" total="1" passed="1" failed="0" inconclusive="0" skipped="0" asserts="4">
        <test-case id="0-1245" name="TestProcessCoerceUsertype2" fullname="Kaitai.SpecProcessCoerceUsertype2.TestProcessCoerceUsertype2" methodname="TestProcessCoerceUsertype2" classname="Kaitai.SpecProcessCoerceUsertype2" runstate="Runnable" seed="1343170113" result="Passed" start-time="2020-04-13 21:22:00Z" end-time="2020-04-13 21:22:00Z" duration="0.002986" asserts="4" />
      </test-suite>
      <test-suite type="TestFixture" id="0-1246" name="SpecProcessCustom" fullname="Kaitai.SpecProcessCustom" classname="Kaitai.SpecProcessCustom" runstate="Runnable" testcasecount="1" result="Passed" start-time="2020-04-13 21:22:00Z" end-time="2020-04-13 21:22:00Z" duration="0.006016" total="1" passed="1" failed="0" inconclusive="0" skipped="0" asserts="3">
        <test-case id="0-1247" name="TestProcessCustom" fullname="Kaitai.SpecProcessCustom.TestProcessCustom" methodname="TestProcessCustom" classname="Kaitai.SpecProcessCustom" runstate="Runnable" seed="941265002" result="Passed" start-time="2020-04-13 21:22:00Z" end-time="2020-04-13 21:22:00Z" duration="0.002441" asserts="3" />
      </test-suite>
      <test-suite type="TestFixture" id="0-1248" name="SpecProcessCustomNoArgs" fullname="Kaitai.SpecProcessCustomNoArgs" classname="Kaitai.SpecProcessCustomNoArgs" runstate="Runnable" testcasecount="1" result="Passed" start-time="2020-04-13 21:22:00Z" end-time="2020-04-13 21:22:00Z" duration="0.004024" total="1" passed="1" failed="0" inconclusive="0" skipped="0" asserts="1">
        <test-case id="0-1249" name="TestProcessCustomNoArgs" fullname="Kaitai.SpecProcessCustomNoArgs.TestProcessCustomNoArgs" methodname="TestProcessCustomNoArgs" classname="Kaitai.SpecProcessCustomNoArgs" runstate="Runnable" seed="1705442148" result="Passed" start-time="2020-04-13 21:22:00Z" end-time="2020-04-13 21:22:00Z" duration="0.000901" asserts="1" />
      </test-suite>
      <test-suite type="TestFixture" id="0-1250" name="SpecProcessRepeatBytes" fullname="Kaitai.SpecProcessRepeatBytes" classname="Kaitai.SpecProcessRepeatBytes" runstate="Runnable" testcasecount="1" result="Passed" start-time="2020-04-13 21:22:00Z" end-time="2020-04-13 21:22:00Z" duration="0.005023" total="1" passed="1" failed="0" inconclusive="0" skipped="0" asserts="2">
        <test-case id="0-1251" name="TestProcessRepeatBytes" fullname="Kaitai.SpecProcessRepeatBytes.TestProcessRepeatBytes" methodname="TestProcessRepeatBytes" classname="Kaitai.SpecProcessRepeatBytes" runstate="Runnable" seed="816677828" result="Passed" start-time="2020-04-13 21:22:00Z" end-time="2020-04-13 21:22:00Z" duration="0.001035" asserts="2" />
      </test-suite>
      <test-suite type="TestFixture" id="0-1252" name="SpecProcessRepeatUsertype" fullname="Kaitai.SpecProcessRepeatUsertype" classname="Kaitai.SpecProcessRepeatUsertype" runstate="Runnable" testcasecount="1" result="Passed" start-time="2020-04-13 21:22:00Z" end-time="2020-04-13 21:22:00Z" duration="0.006043" total="1" passed="1" failed="0" inconclusive="0" skipped="0" asserts="4">
        <test-case id="0-1253" name="TestProcessRepeatUsertype" fullname="Kaitai.SpecProcessRepeatUsertype.TestProcessRepeatUsertype" methodname="TestProcessRepeatUsertype" classname="Kaitai.SpecProcessRepeatUsertype" runstate="Runnable" seed="636998084" result="Passed" start-time="2020-04-13 21:22:00Z" end-time="2020-04-13 21:22:00Z" duration="0.002599" asserts="4" />
      </test-suite>
      <test-suite type="TestFixture" id="0-1254" name="SpecProcessRotate" fullname="Kaitai.SpecProcessRotate" classname="Kaitai.SpecProcessRotate" runstate="Runnable" testcasecount="1" result="Passed" start-time="2020-04-13 21:22:00Z" end-time="2020-04-13 21:22:00Z" duration="0.006015" total="1" passed="1" failed="0" inconclusive="0" skipped="0" asserts="3">
        <test-case id="0-1255" name="TestProcessRotate" fullname="Kaitai.SpecProcessRotate.TestProcessRotate" methodname="TestProcessRotate" classname="Kaitai.SpecProcessRotate" runstate="Runnable" seed="1381183108" result="Passed" start-time="2020-04-13 21:22:00Z" end-time="2020-04-13 21:22:00Z" duration="0.002391" asserts="3" />
      </test-suite>
      <test-suite type="TestFixture" id="0-1256" name="SpecProcessToUser" fullname="Kaitai.SpecProcessToUser" classname="Kaitai.SpecProcessToUser" runstate="Runnable" testcasecount="1" result="Passed" start-time="2020-04-13 21:22:00Z" end-time="2020-04-13 21:22:00Z" duration="0.005015" total="1" passed="1" failed="0" inconclusive="0" skipped="0" asserts="1">
        <test-case id="0-1257" name="TestProcessToUser" fullname="Kaitai.SpecProcessToUser.TestProcessToUser" methodname="TestProcessToUser" classname="Kaitai.SpecProcessToUser" runstate="Runnable" seed="1416578801" result="Passed" start-time="2020-04-13 21:22:00Z" end-time="2020-04-13 21:22:00Z" duration="0.001512" asserts="1" />
      </test-suite>
      <test-suite type="TestFixture" id="0-1258" name="SpecProcessXor4Const" fullname="Kaitai.SpecProcessXor4Const" classname="Kaitai.SpecProcessXor4Const" runstate="Runnable" testcasecount="1" result="Passed" start-time="2020-04-13 21:22:00Z" end-time="2020-04-13 21:22:00Z" duration="0.005021" total="1" passed="1" failed="0" inconclusive="0" skipped="0" asserts="2">
        <test-case id="0-1259" name="TestProcessXor4Const" fullname="Kaitai.SpecProcessXor4Const.TestProcessXor4Const" methodname="TestProcessXor4Const" classname="Kaitai.SpecProcessXor4Const" runstate="Runnable" seed="350667874" result="Passed" start-time="2020-04-13 21:22:00Z" end-time="2020-04-13 21:22:00Z" duration="0.001602" asserts="2" />
      </test-suite>
      <test-suite type="TestFixture" id="0-1260" name="SpecProcessXor4Value" fullname="Kaitai.SpecProcessXor4Value" classname="Kaitai.SpecProcessXor4Value" runstate="Runnable" testcasecount="1" result="Passed" start-time="2020-04-13 21:22:00Z" end-time="2020-04-13 21:22:00Z" duration="0.005023" total="1" passed="1" failed="0" inconclusive="0" skipped="0" asserts="2">
        <test-case id="0-1261" name="TestProcessXor4Value" fullname="Kaitai.SpecProcessXor4Value.TestProcessXor4Value" methodname="TestProcessXor4Value" classname="Kaitai.SpecProcessXor4Value" runstate="Runnable" seed="1115169624" result="Passed" start-time="2020-04-13 21:22:00Z" end-time="2020-04-13 21:22:00Z" duration="0.001284" asserts="2" />
      </test-suite>
      <test-suite type="TestFixture" id="0-1262" name="SpecProcessXorConst" fullname="Kaitai.SpecProcessXorConst" classname="Kaitai.SpecProcessXorConst" runstate="Runnable" testcasecount="1" result="Passed" start-time="2020-04-13 21:22:00Z" end-time="2020-04-13 21:22:00Z" duration="0.005036" total="1" passed="1" failed="0" inconclusive="0" skipped="0" asserts="2">
        <test-case id="0-1263" name="TestProcessXorConst" fullname="Kaitai.SpecProcessXorConst.TestProcessXorConst" methodname="TestProcessXorConst" classname="Kaitai.SpecProcessXorConst" runstate="Runnable" seed="1887007261" result="Passed" start-time="2020-04-13 21:22:00Z" end-time="2020-04-13 21:22:00Z" duration="0.001305" asserts="2" />
      </test-suite>
      <test-suite type="TestFixture" id="0-1264" name="SpecProcessXorValue" fullname="Kaitai.SpecProcessXorValue" classname="Kaitai.SpecProcessXorValue" runstate="Runnable" testcasecount="1" result="Passed" start-time="2020-04-13 21:22:00Z" end-time="2020-04-13 21:22:00Z" duration="0.005019" total="1" passed="1" failed="0" inconclusive="0" skipped="0" asserts="2">
        <test-case id="0-1265" name="TestProcessXorValue" fullname="Kaitai.SpecProcessXorValue.TestProcessXorValue" methodname="TestProcessXorValue" classname="Kaitai.SpecProcessXorValue" runstate="Runnable" seed="1472015675" result="Passed" start-time="2020-04-13 21:22:00Z" end-time="2020-04-13 21:22:00Z" duration="0.001289" asserts="2" />
      </test-suite>
      <test-suite type="TestFixture" id="0-1266" name="SpecRecursiveOne" fullname="Kaitai.SpecRecursiveOne" classname="Kaitai.SpecRecursiveOne" runstate="Runnable" testcasecount="1" result="Passed" start-time="2020-04-13 21:22:00Z" end-time="2020-04-13 21:22:00Z" duration="0.006019" total="1" passed="1" failed="0" inconclusive="0" skipped="0" asserts="4">
        <test-case id="0-1267" name="TestRecursiveOne" fullname="Kaitai.SpecRecursiveOne.TestRecursiveOne" methodname="TestRecursiveOne" classname="Kaitai.SpecRecursiveOne" runstate="Runnable" seed="3607680" result="Passed" start-time="2020-04-13 21:22:00Z" end-time="2020-04-13 21:22:00Z" duration="0.002087" asserts="4" />
      </test-suite>
      <test-suite type="TestFixture" id="0-1268" name="SpecRepeatEosBit" fullname="Kaitai.SpecRepeatEosBit" classname="Kaitai.SpecRepeatEosBit" runstate="Runnable" testcasecount="1" result="Passed" start-time="2020-04-13 21:22:00Z" end-time="2020-04-13 21:22:00Z" duration="0.005019" total="1" passed="1" failed="0" inconclusive="0" skipped="0" asserts="1">
        <test-case id="0-1269" name="TestRepeatEosBit" fullname="Kaitai.SpecRepeatEosBit.TestRepeatEosBit" methodname="TestRepeatEosBit" classname="Kaitai.SpecRepeatEosBit" runstate="Runnable" seed="1762583610" result="Passed" start-time="2020-04-13 21:22:00Z" end-time="2020-04-13 21:22:00Z" duration="0.001240" asserts="1" />
      </test-suite>
      <test-suite type="TestFixture" id="0-1270" name="SpecRepeatEosStruct" fullname="Kaitai.SpecRepeatEosStruct" classname="Kaitai.SpecRepeatEosStruct" runstate="Runnable" testcasecount="1" result="Passed" start-time="2020-04-13 21:22:00Z" end-time="2020-04-13 21:22:00Z" duration="0.006010" total="1" passed="1" failed="0" inconclusive="0" skipped="0" asserts="5">
        <test-case id="0-1271" name="TestRepeatEosStruct" fullname="Kaitai.SpecRepeatEosStruct.TestRepeatEosStruct" methodname="TestRepeatEosStruct" classname="Kaitai.SpecRepeatEosStruct" runstate="Runnable" seed="1966110140" result="Passed" start-time="2020-04-13 21:22:00Z" end-time="2020-04-13 21:22:00Z" duration="0.002297" asserts="5" />
      </test-suite>
      <test-suite type="TestFixture" id="0-1272" name="SpecRepeatEosU4" fullname="Kaitai.SpecRepeatEosU4" classname="Kaitai.SpecRepeatEosU4" runstate="Runnable" testcasecount="1" result="Passed" start-time="2020-04-13 21:22:00Z" end-time="2020-04-13 21:22:00Z" duration="0.005017" total="1" passed="1" failed="0" inconclusive="0" skipped="0" asserts="1">
        <test-case id="0-1273" name="TestRepeatEosU4" fullname="Kaitai.SpecRepeatEosU4.TestRepeatEosU4" methodname="TestRepeatEosU4" classname="Kaitai.SpecRepeatEosU4" runstate="Runnable" seed="633976617" result="Passed" start-time="2020-04-13 21:22:00Z" end-time="2020-04-13 21:22:00Z" duration="0.001352" asserts="1" />
      </test-suite>
      <test-suite type="TestFixture" id="0-1274" name="SpecRepeatNStruct" fullname="Kaitai.SpecRepeatNStruct" classname="Kaitai.SpecRepeatNStruct" runstate="Runnable" testcasecount="1" result="Passed" start-time="2020-04-13 21:22:00Z" end-time="2020-04-13 21:22:00Z" duration="0.006022" total="1" passed="1" failed="0" inconclusive="0" skipped="0" asserts="5">
        <test-case id="0-1275" name="TestRepeatNStruct" fullname="Kaitai.SpecRepeatNStruct.TestRepeatNStruct" methodname="TestRepeatNStruct" classname="Kaitai.SpecRepeatNStruct" runstate="Runnable" seed="27958530" result="Passed" start-time="2020-04-13 21:22:00Z" end-time="2020-04-13 21:22:00Z" duration="0.002402" asserts="5" />
      </test-suite>
      <test-suite type="TestFixture" id="0-1276" name="SpecRepeatNStrz" fullname="Kaitai.SpecRepeatNStrz" classname="Kaitai.SpecRepeatNStrz" runstate="Runnable" testcasecount="1" result="Passed" start-time="2020-04-13 21:22:00Z" end-time="2020-04-13 21:22:00Z" duration="0.005015" total="1" passed="1" failed="0" inconclusive="0" skipped="0" asserts="2">
        <test-case id="0-1277" name="TestRepeatNStrz" fullname="Kaitai.SpecRepeatNStrz.TestRepeatNStrz" methodname="TestRepeatNStrz" classname="Kaitai.SpecRepeatNStrz" runstate="Runnable" seed="629586927" result="Passed" start-time="2020-04-13 21:22:00Z" end-time="2020-04-13 21:22:00Z" duration="0.001579" asserts="2" />
      </test-suite>
      <test-suite type="TestFixture" id="0-1278" name="SpecRepeatNStrzDouble" fullname="Kaitai.SpecRepeatNStrzDouble" classname="Kaitai.SpecRepeatNStrzDouble" runstate="Runnable" testcasecount="1" result="Passed" start-time="2020-04-13 21:22:00Z" end-time="2020-04-13 21:22:00Z" duration="0.006138" total="1" passed="1" failed="0" inconclusive="0" skipped="0" asserts="3">
        <test-case id="0-1279" name="TestRepeatNStrzDouble" fullname="Kaitai.SpecRepeatNStrzDouble.TestRepeatNStrzDouble" methodname="TestRepeatNStrzDouble" classname="Kaitai.SpecRepeatNStrzDouble" runstate="Runnable" seed="703852957" result="Passed" start-time="2020-04-13 21:22:00Z" end-time="2020-04-13 21:22:00Z" duration="0.001927" asserts="3" />
      </test-suite>
      <test-suite type="TestFixture" id="0-1280" name="SpecRepeatUntilComplex" fullname="Kaitai.SpecRepeatUntilComplex" classname="Kaitai.SpecRepeatUntilComplex" runstate="Runnable" testcasecount="1" result="Passed" start-time="2020-04-13 21:22:00Z" end-time="2020-04-13 21:22:00Z" duration="0.010055" total="1" passed="1" failed="0" inconclusive="0" skipped="0" asserts="15">
        <test-case id="0-1281" name="TestRepeatUntilComplex" fullname="Kaitai.SpecRepeatUntilComplex.TestRepeatUntilComplex" methodname="TestRepeatUntilComplex" classname="Kaitai.SpecRepeatUntilComplex" runstate="Runnable" seed="2075346295" result="Passed" start-time="2020-04-13 21:22:00Z" end-time="2020-04-13 21:22:00Z" duration="0.006294" asserts="15" />
      </test-suite>
      <test-suite type="TestFixture" id="0-1282" name="SpecRepeatUntilS4" fullname="Kaitai.SpecRepeatUntilS4" classname="Kaitai.SpecRepeatUntilS4" runstate="Runnable" testcasecount="1" result="Passed" start-time="2020-04-13 21:22:00Z" end-time="2020-04-13 21:22:00Z" duration="0.004948" total="1" passed="1" failed="0" inconclusive="0" skipped="0" asserts="2">
        <test-case id="0-1283" name="TestRepeatUntilS4" fullname="Kaitai.SpecRepeatUntilS4.TestRepeatUntilS4" methodname="TestRepeatUntilS4" classname="Kaitai.SpecRepeatUntilS4" runstate="Runnable" seed="1962142381" result="Passed" start-time="2020-04-13 21:22:00Z" end-time="2020-04-13 21:22:00Z" duration="0.001634" asserts="2" />
      </test-suite>
      <test-suite type="TestFixture" id="0-1284" name="SpecRepeatUntilSized" fullname="Kaitai.SpecRepeatUntilSized" classname="Kaitai.SpecRepeatUntilSized" runstate="Runnable" testcasecount="1" result="Passed" start-time="2020-04-13 21:22:00Z" end-time="2020-04-13 21:22:00Z" duration="0.006026" total="1" passed="1" failed="0" inconclusive="0" skipped="0" asserts="7">
        <test-case id="0-1285" name="TestRepeatUntilSized" fullname="Kaitai.SpecRepeatUntilSized.TestRepeatUntilSized" methodname="TestRepeatUntilSized" classname="Kaitai.SpecRepeatUntilSized" runstate="Runnable" seed="702265282" result="Passed" start-time="2020-04-13 21:22:00Z" end-time="2020-04-13 21:22:00Z" duration="0.002688" asserts="7" />
      </test-suite>
      <test-suite type="TestFixture" id="0-1286" name="SpecStrEncodings" fullname="Kaitai.SpecStrEncodings" classname="Kaitai.SpecStrEncodings" runstate="Runnable" testcasecount="1" result="Passed" start-time="2020-04-13 21:22:00Z" end-time="2020-04-13 21:22:00Z" duration="0.006038" total="1" passed="1" failed="0" inconclusive="0" skipped="0" asserts="4">
        <test-case id="0-1287" name="TestStrEncodings" fullname="Kaitai.SpecStrEncodings.TestStrEncodings" methodname="TestStrEncodings" classname="Kaitai.SpecStrEncodings" runstate="Runnable" seed="996737360" result="Passed" start-time="2020-04-13 21:22:00Z" end-time="2020-04-13 21:22:00Z" duration="0.002920" asserts="4" />
      </test-suite>
      <test-suite type="TestFixture" id="0-1288" name="SpecStrEncodingsDefault" fullname="Kaitai.SpecStrEncodingsDefault" classname="Kaitai.SpecStrEncodingsDefault" runstate="Runnable" testcasecount="1" result="Passed" start-time="2020-04-13 21:22:00Z" end-time="2020-04-13 21:22:00Z" duration="0.006024" total="1" passed="1" failed="0" inconclusive="0" skipped="0" asserts="4">
        <test-case id="0-1289" name="TestStrEncodingsDefault" fullname="Kaitai.SpecStrEncodingsDefault.TestStrEncodingsDefault" methodname="TestStrEncodingsDefault" classname="Kaitai.SpecStrEncodingsDefault" runstate="Runnable" seed="823930321" result="Passed" start-time="2020-04-13 21:22:00Z" end-time="2020-04-13 21:22:00Z" duration="0.002561" asserts="4" />
      </test-suite>
      <test-suite type="TestFixture" id="0-1290" name="SpecStrEos" fullname="Kaitai.SpecStrEos" classname="Kaitai.SpecStrEos" runstate="Runnable" testcasecount="1" result="Passed" start-time="2020-04-13 21:22:00Z" end-time="2020-04-13 21:22:00Z" duration="0.005039" total="1" passed="1" failed="0" inconclusive="0" skipped="0" asserts="1">
        <test-case id="0-1291" name="TestStrEos" fullname="Kaitai.SpecStrEos.TestStrEos" methodname="TestStrEos" classname="Kaitai.SpecStrEos" runstate="Runnable" seed="1400956468" result="Passed" start-time="2020-04-13 21:22:00Z" end-time="2020-04-13 21:22:00Z" duration="0.001026" asserts="1" />
      </test-suite>
      <test-suite type="TestFixture" id="0-1292" name="SpecStrLiterals" fullname="Kaitai.SpecStrLiterals" classname="Kaitai.SpecStrLiterals" runstate="Runnable" testcasecount="1" result="Passed" start-time="2020-04-13 21:22:00Z" end-time="2020-04-13 21:22:00Z" duration="0.015019" total="1" passed="1" failed="0" inconclusive="0" skipped="0" asserts="5">
        <test-case id="0-1293" name="TestStrLiterals" fullname="Kaitai.SpecStrLiterals.TestStrLiterals" methodname="TestStrLiterals" classname="Kaitai.SpecStrLiterals" runstate="Runnable" seed="1937480752" result="Passed" start-time="2020-04-13 21:22:00Z" end-time="2020-04-13 21:22:00Z" duration="0.011573" asserts="5" />
      </test-suite>
      <test-suite type="TestFixture" id="0-1294" name="SpecStrLiterals2" fullname="Kaitai.SpecStrLiterals2" classname="Kaitai.SpecStrLiterals2" runstate="Runnable" testcasecount="1" result="Passed" start-time="2020-04-13 21:22:00Z" end-time="2020-04-13 21:22:00Z" duration="0.004777" total="1" passed="1" failed="0" inconclusive="0" skipped="0" asserts="4">
        <test-case id="0-1295" name="TestStrLiterals2" fullname="Kaitai.SpecStrLiterals2.TestStrLiterals2" methodname="TestStrLiterals2" classname="Kaitai.SpecStrLiterals2" runstate="Runnable" seed="1710568681" result="Passed" start-time="2020-04-13 21:22:00Z" end-time="2020-04-13 21:22:00Z" duration="0.001479" asserts="4" />
      </test-suite>
      <test-suite type="TestFixture" id="0-1296" name="SpecStrPadTerm" fullname="Kaitai.SpecStrPadTerm" classname="Kaitai.SpecStrPadTerm" runstate="Runnable" testcasecount="1" result="Passed" start-time="2020-04-13 21:22:00Z" end-time="2020-04-13 21:22:00Z" duration="0.005013" total="1" passed="1" failed="0" inconclusive="0" skipped="0" asserts="4">
        <test-case id="0-1297" name="TestStrPadTerm" fullname="Kaitai.SpecStrPadTerm.TestStrPadTerm" methodname="TestStrPadTerm" classname="Kaitai.SpecStrPadTerm" runstate="Runnable" seed="21022273" result="Passed" start-time="2020-04-13 21:22:00Z" end-time="2020-04-13 21:22:00Z" duration="0.001724" asserts="4" />
      </test-suite>
      <test-suite type="TestFixture" id="0-1298" name="SpecStrPadTermEmpty" fullname="Kaitai.SpecStrPadTermEmpty" classname="Kaitai.SpecStrPadTermEmpty" runstate="Runnable" testcasecount="1" result="Passed" start-time="2020-04-13 21:22:00Z" end-time="2020-04-13 21:22:00Z" duration="0.005011" total="1" passed="1" failed="0" inconclusive="0" skipped="0" asserts="4">
        <test-case id="0-1299" name="TestStrPadTermEmpty" fullname="Kaitai.SpecStrPadTermEmpty.TestStrPadTermEmpty" methodname="TestStrPadTermEmpty" classname="Kaitai.SpecStrPadTermEmpty" runstate="Runnable" seed="513312808" result="Passed" start-time="2020-04-13 21:22:00Z" end-time="2020-04-13 21:22:00Z" duration="0.001724" asserts="4" />
      </test-suite>
      <test-suite type="TestFixture" id="0-1300" name="SpecSwitchBytearray" fullname="Kaitai.SpecSwitchBytearray" classname="Kaitai.SpecSwitchBytearray" runstate="Runnable" testcasecount="1" result="Passed" start-time="2020-04-13 21:22:00Z" end-time="2020-04-13 21:22:00Z" duration="0.007016" total="1" passed="1" failed="0" inconclusive="0" skipped="0" asserts="9">
        <test-case id="0-1301" name="TestSwitchBytearray" fullname="Kaitai.SpecSwitchBytearray.TestSwitchBytearray" methodname="TestSwitchBytearray" classname="Kaitai.SpecSwitchBytearray" runstate="Runnable" seed="1441500749" result="Passed" start-time="2020-04-13 21:22:00Z" end-time="2020-04-13 21:22:00Z" duration="0.003802" asserts="9" />
      </test-suite>
      <test-suite type="TestFixture" id="0-1302" name="SpecSwitchCast" fullname="Kaitai.SpecSwitchCast" classname="Kaitai.SpecSwitchCast" runstate="Runnable" testcasecount="1" result="Passed" start-time="2020-04-13 21:22:00Z" end-time="2020-04-13 21:22:00Z" duration="0.011018" total="1" passed="1" failed="0" inconclusive="0" skipped="0" asserts="3">
        <test-case id="0-1303" name="TestSwitchCast" fullname="Kaitai.SpecSwitchCast.TestSwitchCast" methodname="TestSwitchCast" classname="Kaitai.SpecSwitchCast" runstate="Runnable" seed="1545731962" result="Passed" start-time="2020-04-13 21:22:00Z" end-time="2020-04-13 21:22:00Z" duration="0.007488" asserts="3" />
      </test-suite>
      <test-suite type="TestFixture" id="0-1304" name="SpecSwitchElseOnly" fullname="Kaitai.SpecSwitchElseOnly" classname="Kaitai.SpecSwitchElseOnly" runstate="Runnable" testcasecount="1" result="Passed" start-time="2020-04-13 21:22:00Z" end-time="2020-04-13 21:22:00Z" duration="0.005975" total="1" passed="1" failed="0" inconclusive="0" skipped="0" asserts="4">
        <test-case id="0-1305" name="TestSwitchElseOnly" fullname="Kaitai.SpecSwitchElseOnly.TestSwitchElseOnly" methodname="TestSwitchElseOnly" classname="Kaitai.SpecSwitchElseOnly" runstate="Runnable" seed="1280182754" result="Passed" start-time="2020-04-13 21:22:00Z" end-time="2020-04-13 21:22:00Z" duration="0.002243" asserts="4" />
      </test-suite>
      <test-suite type="TestFixture" id="0-1306" name="SpecSwitchIntegers" fullname="Kaitai.SpecSwitchIntegers" classname="Kaitai.SpecSwitchIntegers" runstate="Runnable" testcasecount="1" result="Passed" start-time="2020-04-13 21:22:00Z" end-time="2020-04-13 21:22:00Z" duration="0.006083" total="1" passed="1" failed="0" inconclusive="0" skipped="0" asserts="9">
        <test-case id="0-1307" name="TestSwitchIntegers" fullname="Kaitai.SpecSwitchIntegers.TestSwitchIntegers" methodname="TestSwitchIntegers" classname="Kaitai.SpecSwitchIntegers" runstate="Runnable" seed="510094417" result="Passed" start-time="2020-04-13 21:22:00Z" end-time="2020-04-13 21:22:00Z" duration="0.002922" asserts="9" />
      </test-suite>
      <test-suite type="TestFixture" id="0-1308" name="SpecSwitchIntegers2" fullname="Kaitai.SpecSwitchIntegers2" classname="Kaitai.SpecSwitchIntegers2" runstate="Runnable" testcasecount="1" result="Passed" start-time="2020-04-13 21:22:00Z" end-time="2020-04-13 21:22:00Z" duration="0.006059" total="1" passed="1" failed="0" inconclusive="0" skipped="0" asserts="5">
        <test-case id="0-1309" name="TestSwitchIntegers2" fullname="Kaitai.SpecSwitchIntegers2.TestSwitchIntegers2" methodname="TestSwitchIntegers2" classname="Kaitai.SpecSwitchIntegers2" runstate="Runnable" seed="257284993" result="Passed" start-time="2020-04-13 21:22:00Z" end-time="2020-04-13 21:22:00Z" duration="0.002660" asserts="5" />
      </test-suite>
      <test-suite type="TestFixture" id="0-1310" name="SpecSwitchManualEnum" fullname="Kaitai.SpecSwitchManualEnum" classname="Kaitai.SpecSwitchManualEnum" runstate="Runnable" testcasecount="1" result="Passed" start-time="2020-04-13 21:22:00Z" end-time="2020-04-13 21:22:00Z" duration="0.006485" total="1" passed="1" failed="0" inconclusive="0" skipped="0" asserts="9">
        <test-case id="0-1311" name="TestSwitchManualEnum" fullname="Kaitai.SpecSwitchManualEnum.TestSwitchManualEnum" methodname="TestSwitchManualEnum" classname="Kaitai.SpecSwitchManualEnum" runstate="Runnable" seed="1289417395" result="Passed" start-time="2020-04-13 21:22:00Z" end-time="2020-04-13 21:22:00Z" duration="0.003597" asserts="9" />
      </test-suite>
      <test-suite type="TestFixture" id="0-1312" name="SpecSwitchManualEnumInvalid" fullname="Kaitai.SpecSwitchManualEnumInvalid" classname="Kaitai.SpecSwitchManualEnumInvalid" runstate="Runnable" testcasecount="1" result="Passed" start-time="2020-04-13 21:22:00Z" end-time="2020-04-13 21:22:00Z" duration="0.006011" total="1" passed="1" failed="0" inconclusive="0" skipped="0" asserts="5">
        <test-case id="0-1313" name="TestSwitchManualEnumInvalid" fullname="Kaitai.SpecSwitchManualEnumInvalid.TestSwitchManualEnumInvalid" methodname="TestSwitchManualEnumInvalid" classname="Kaitai.SpecSwitchManualEnumInvalid" runstate="Runnable" seed="1221162134" result="Passed" start-time="2020-04-13 21:22:00Z" end-time="2020-04-13 21:22:00Z" duration="0.002355" asserts="5" />
      </test-suite>
      <test-suite type="TestFixture" id="0-1314" name="SpecSwitchManualEnumInvalidElse" fullname="Kaitai.SpecSwitchManualEnumInvalidElse" classname="Kaitai.SpecSwitchManualEnumInvalidElse" runstate="Runnable" testcasecount="1" result="Passed" start-time="2020-04-13 21:22:00Z" end-time="2020-04-13 21:22:00Z" duration="0.006011" total="1" passed="1" failed="0" inconclusive="0" skipped="0" asserts="5">
        <test-case id="0-1315" name="TestSwitchManualEnumInvalidElse" fullname="Kaitai.SpecSwitchManualEnumInvalidElse.TestSwitchManualEnumInvalidElse" methodname="TestSwitchManualEnumInvalidElse" classname="Kaitai.SpecSwitchManualEnumInvalidElse" runstate="Runnable" seed="1592425925" result="Passed" start-time="2020-04-13 21:22:00Z" end-time="2020-04-13 21:22:00Z" duration="0.002884" asserts="5" />
      </test-suite>
      <test-suite type="TestFixture" id="0-1316" name="SpecSwitchManualInt" fullname="Kaitai.SpecSwitchManualInt" classname="Kaitai.SpecSwitchManualInt" runstate="Runnable" testcasecount="1" result="Passed" start-time="2020-04-13 21:22:00Z" end-time="2020-04-13 21:22:01Z" duration="0.007056" total="1" passed="1" failed="0" inconclusive="0" skipped="0" asserts="9">
        <test-case id="0-1317" name="TestSwitchManualInt" fullname="Kaitai.SpecSwitchManualInt.TestSwitchManualInt" methodname="TestSwitchManualInt" classname="Kaitai.SpecSwitchManualInt" runstate="Runnable" seed="1845542018" result="Passed" start-time="2020-04-13 21:22:00Z" end-time="2020-04-13 21:22:00Z" duration="0.003587" asserts="9" />
      </test-suite>
      <test-suite type="TestFixture" id="0-1318" name="SpecSwitchManualIntElse" fullname="Kaitai.SpecSwitchManualIntElse" classname="Kaitai.SpecSwitchManualIntElse" runstate="Runnable" testcasecount="1" result="Passed" start-time="2020-04-13 21:22:01Z" end-time="2020-04-13 21:22:01Z" duration="0.008016" total="1" passed="1" failed="0" inconclusive="0" skipped="0" asserts="9">
        <test-case id="0-1319" name="TestSwitchManualIntElse" fullname="Kaitai.SpecSwitchManualIntElse.TestSwitchManualIntElse" methodname="TestSwitchManualIntElse" classname="Kaitai.SpecSwitchManualIntElse" runstate="Runnable" seed="1431074430" result="Passed" start-time="2020-04-13 21:22:01Z" end-time="2020-04-13 21:22:01Z" duration="0.003991" asserts="9" />
      </test-suite>
      <test-suite type="TestFixture" id="0-1320" name="SpecSwitchManualIntSize" fullname="Kaitai.SpecSwitchManualIntSize" classname="Kaitai.SpecSwitchManualIntSize" runstate="Runnable" testcasecount="1" result="Passed" start-time="2020-04-13 21:22:01Z" end-time="2020-04-13 21:22:01Z" duration="0.008013" total="1" passed="1" failed="0" inconclusive="0" skipped="0" asserts="10">
        <test-case id="0-1321" name="TestSwitchManualIntSize" fullname="Kaitai.SpecSwitchManualIntSize.TestSwitchManualIntSize" methodname="TestSwitchManualIntSize" classname="Kaitai.SpecSwitchManualIntSize" runstate="Runnable" seed="177759403" result="Passed" start-time="2020-04-13 21:22:01Z" end-time="2020-04-13 21:22:01Z" duration="0.004471" asserts="10" />
      </test-suite>
      <test-suite type="TestFixture" id="0-1322" name="SpecSwitchManualIntSizeElse" fullname="Kaitai.SpecSwitchManualIntSizeElse" classname="Kaitai.SpecSwitchManualIntSizeElse" runstate="Runnable" testcasecount="1" result="Passed" start-time="2020-04-13 21:22:01Z" end-time="2020-04-13 21:22:01Z" duration="0.008013" total="1" passed="1" failed="0" inconclusive="0" skipped="0" asserts="10">
        <test-case id="0-1323" name="TestSwitchManualIntSizeElse" fullname="Kaitai.SpecSwitchManualIntSizeElse.TestSwitchManualIntSizeElse" methodname="TestSwitchManualIntSizeElse" classname="Kaitai.SpecSwitchManualIntSizeElse" runstate="Runnable" seed="562471251" result="Passed" start-time="2020-04-13 21:22:01Z" end-time="2020-04-13 21:22:01Z" duration="0.004918" asserts="10" />
      </test-suite>
      <test-suite type="TestFixture" id="0-1324" name="SpecSwitchManualIntSizeEos" fullname="Kaitai.SpecSwitchManualIntSizeEos" classname="Kaitai.SpecSwitchManualIntSizeEos" runstate="Runnable" testcasecount="1" result="Passed" start-time="2020-04-13 21:22:01Z" end-time="2020-04-13 21:22:01Z" duration="0.008009" total="1" passed="1" failed="0" inconclusive="0" skipped="0" asserts="10">
        <test-case id="0-1325" name="TestSwitchManualIntSizeEos" fullname="Kaitai.SpecSwitchManualIntSizeEos.TestSwitchManualIntSizeEos" methodname="TestSwitchManualIntSizeEos" classname="Kaitai.SpecSwitchManualIntSizeEos" runstate="Runnable" seed="91988333" result="Passed" start-time="2020-04-13 21:22:01Z" end-time="2020-04-13 21:22:01Z" duration="0.004899" asserts="10" />
      </test-suite>
      <test-suite type="TestFixture" id="0-1326" name="SpecSwitchManualStr" fullname="Kaitai.SpecSwitchManualStr" classname="Kaitai.SpecSwitchManualStr" runstate="Runnable" testcasecount="1" result="Passed" start-time="2020-04-13 21:22:01Z" end-time="2020-04-13 21:22:01Z" duration="0.016080" total="1" passed="1" failed="0" inconclusive="0" skipped="0" asserts="9">
        <test-case id="0-1327" name="TestSwitchManualStr" fullname="Kaitai.SpecSwitchManualStr.TestSwitchManualStr" methodname="TestSwitchManualStr" classname="Kaitai.SpecSwitchManualStr" runstate="Runnable" seed="757295461" result="Passed" start-time="2020-04-13 21:22:01Z" end-time="2020-04-13 21:22:01Z" duration="0.003882" asserts="9" />
      </test-suite>
      <test-suite type="TestFixture" id="0-1328" name="SpecSwitchManualStrElse" fullname="Kaitai.SpecSwitchManualStrElse" classname="Kaitai.SpecSwitchManualStrElse" runstate="Runnable" testcasecount="1" result="Passed" start-time="2020-04-13 21:22:01Z" end-time="2020-04-13 21:22:01Z" duration="0.010341" total="1" passed="1" failed="0" inconclusive="0" skipped="0" asserts="9">
        <test-case id="0-1329" name="TestSwitchManualStrElse" fullname="Kaitai.SpecSwitchManualStrElse.TestSwitchManualStrElse" methodname="TestSwitchManualStrElse" classname="Kaitai.SpecSwitchManualStrElse" runstate="Runnable" seed="2123124565" result="Passed" start-time="2020-04-13 21:22:01Z" end-time="2020-04-13 21:22:01Z" duration="0.004148" asserts="9" />
      </test-suite>
      <test-suite type="TestFixture" id="0-1330" name="SpecSwitchMultiBoolOps" fullname="Kaitai.SpecSwitchMultiBoolOps" classname="Kaitai.SpecSwitchMultiBoolOps" runstate="Runnable" testcasecount="1" result="Passed" start-time="2020-04-13 21:22:01Z" end-time="2020-04-13 21:22:01Z" duration="0.007490" total="1" passed="1" failed="0" inconclusive="0" skipped="0" asserts="9">
        <test-case id="0-1331" name="TestSwitchMultiBoolOps" fullname="Kaitai.SpecSwitchMultiBoolOps.TestSwitchMultiBoolOps" methodname="TestSwitchMultiBoolOps" classname="Kaitai.SpecSwitchMultiBoolOps" runstate="Runnable" seed="549837109" result="Passed" start-time="2020-04-13 21:22:01Z" end-time="2020-04-13 21:22:01Z" duration="0.004804" asserts="9" />
      </test-suite>
      <test-suite type="TestFixture" id="0-1332" name="SpecSwitchRepeatExpr" fullname="Kaitai.SpecSwitchRepeatExpr" classname="Kaitai.SpecSwitchRepeatExpr" runstate="Runnable" testcasecount="1" result="Passed" start-time="2020-04-13 21:22:01Z" end-time="2020-04-13 21:22:01Z" duration="0.005072" total="1" passed="1" failed="0" inconclusive="0" skipped="0" asserts="3">
        <test-case id="0-1333" name="TestSwitchRepeatExpr" fullname="Kaitai.SpecSwitchRepeatExpr.TestSwitchRepeatExpr" methodname="TestSwitchRepeatExpr" classname="Kaitai.SpecSwitchRepeatExpr" runstate="Runnable" seed="226736347" result="Passed" start-time="2020-04-13 21:22:01Z" end-time="2020-04-13 21:22:01Z" duration="0.001932" asserts="3" />
      </test-suite>
      <test-suite type="TestFixture" id="0-1334" name="SpecTermBytes" fullname="Kaitai.SpecTermBytes" classname="Kaitai.SpecTermBytes" runstate="Runnable" testcasecount="1" result="Passed" start-time="2020-04-13 21:22:01Z" end-time="2020-04-13 21:22:01Z" duration="0.009451" total="1" passed="1" failed="0" inconclusive="0" skipped="0" asserts="3">
        <test-case id="0-1335" name="TestTermBytes" fullname="Kaitai.SpecTermBytes.TestTermBytes" methodname="TestTermBytes" classname="Kaitai.SpecTermBytes" runstate="Runnable" seed="1132904892" result="Passed" start-time="2020-04-13 21:22:01Z" end-time="2020-04-13 21:22:01Z" duration="0.001494" asserts="3" />
      </test-suite>
      <test-suite type="TestFixture" id="0-1336" name="SpecTermStrz" fullname="Kaitai.SpecTermStrz" classname="Kaitai.SpecTermStrz" runstate="Runnable" testcasecount="1" result="Passed" start-time="2020-04-13 21:22:01Z" end-time="2020-04-13 21:22:01Z" duration="0.004010" total="1" passed="1" failed="0" inconclusive="0" skipped="0" asserts="3">
        <test-case id="0-1337" name="TestTermStrz" fullname="Kaitai.SpecTermStrz.TestTermStrz" methodname="TestTermStrz" classname="Kaitai.SpecTermStrz" runstate="Runnable" seed="761865572" result="Passed" start-time="2020-04-13 21:22:01Z" end-time="2020-04-13 21:22:01Z" duration="0.000612" asserts="3" />
      </test-suite>
      <test-suite type="TestFixture" id="0-1338" name="SpecTsPacketHeader" fullname="Kaitai.SpecTsPacketHeader" classname="Kaitai.SpecTsPacketHeader" runstate="Runnable" testcasecount="1" result="Passed" start-time="2020-04-13 21:22:01Z" end-time="2020-04-13 21:22:01Z" duration="0.006012" total="1" passed="1" failed="0" inconclusive="0" skipped="0" asserts="7">
        <test-case id="0-1339" name="TestTsPacketHeader" fullname="Kaitai.SpecTsPacketHeader.TestTsPacketHeader" methodname="TestTsPacketHeader" classname="Kaitai.SpecTsPacketHeader" runstate="Runnable" seed="1076301578" result="Passed" start-time="2020-04-13 21:22:01Z" end-time="2020-04-13 21:22:01Z" duration="0.002243" asserts="7" />
      </test-suite>
      <test-suite type="TestFixture" id="0-1340" name="SpecTypeIntUnaryOp" fullname="Kaitai.SpecTypeIntUnaryOp" classname="Kaitai.SpecTypeIntUnaryOp" runstate="Runnable" testcasecount="1" result="Passed" start-time="2020-04-13 21:22:01Z" end-time="2020-04-13 21:22:01Z" duration="0.005079" total="1" passed="1" failed="0" inconclusive="0" skipped="0" asserts="4">
        <test-case id="0-1341" name="TestTypeIntUnaryOp" fullname="Kaitai.SpecTypeIntUnaryOp.TestTypeIntUnaryOp" methodname="TestTypeIntUnaryOp" classname="Kaitai.SpecTypeIntUnaryOp" runstate="Runnable" seed="1369323560" result="Passed" start-time="2020-04-13 21:22:01Z" end-time="2020-04-13 21:22:01Z" duration="0.001635" asserts="4" />
      </test-suite>
      <test-suite type="TestFixture" id="0-1342" name="SpecTypeTernary" fullname="Kaitai.SpecTypeTernary" classname="Kaitai.SpecTypeTernary" runstate="Runnable" testcasecount="1" result="Passed" start-time="2020-04-13 21:22:01Z" end-time="2020-04-13 21:22:01Z" duration="0.006073" total="1" passed="1" failed="0" inconclusive="0" skipped="0" asserts="1">
        <test-case id="0-1343" name="TestTypeTernary" fullname="Kaitai.SpecTypeTernary.TestTypeTernary" methodname="TestTypeTernary" classname="Kaitai.SpecTypeTernary" runstate="Runnable" seed="1123870812" result="Passed" start-time="2020-04-13 21:22:01Z" end-time="2020-04-13 21:22:01Z" duration="0.002006" asserts="1" />
      </test-suite>
      <test-suite type="TestFixture" id="0-1344" name="SpecTypeTernaryOpaque" fullname="Kaitai.SpecTypeTernaryOpaque" classname="Kaitai.SpecTypeTernaryOpaque" runstate="Runnable" testcasecount="1" result="Passed" start-time="2020-04-13 21:22:01Z" end-time="2020-04-13 21:22:01Z" duration="0.005001" total="1" passed="1" failed="0" inconclusive="0" skipped="0" asserts="3">
        <test-case id="0-1345" name="TestTypeTernaryOpaque" fullname="Kaitai.SpecTypeTernaryOpaque.TestTypeTernaryOpaque" methodname="TestTypeTernaryOpaque" classname="Kaitai.SpecTypeTernaryOpaque" runstate="Runnable" seed="1971448854" result="Passed" start-time="2020-04-13 21:22:01Z" end-time="2020-04-13 21:22:01Z" duration="0.001290" asserts="3" />
      </test-suite>
      <test-suite type="TestFixture" id="0-1346" name="SpecUserType" fullname="Kaitai.SpecUserType" classname="Kaitai.SpecUserType" runstate="Runnable" testcasecount="1" result="Passed" start-time="2020-04-13 21:22:01Z" end-time="2020-04-13 21:22:01Z" duration="0.005053" total="1" passed="1" failed="0" inconclusive="0" skipped="0" asserts="2">
        <test-case id="0-1347" name="TestUserType" fullname="Kaitai.SpecUserType.TestUserType" methodname="TestUserType" classname="Kaitai.SpecUserType" runstate="Runnable" seed="1203940298" result="Passed" start-time="2020-04-13 21:22:01Z" end-time="2020-04-13 21:22:01Z" duration="0.001560" asserts="2" />
      </test-suite>
      <test-suite type="TestFixture" id="0-1348" name="SpecValidFailAnyofInt" fullname="Kaitai.SpecValidFailAnyofInt" classname="Kaitai.SpecValidFailAnyofInt" runstate="Runnable" testcasecount="1" result="Passed" start-time="2020-04-13 21:22:01Z" end-time="2020-04-13 21:22:01Z" duration="0.005044" total="1" passed="1" failed="0" inconclusive="0" skipped="0" asserts="1">
        <test-case id="0-1349" name="TestValidFailAnyofInt" fullname="Kaitai.SpecValidFailAnyofInt.TestValidFailAnyofInt" methodname="TestValidFailAnyofInt" classname="Kaitai.SpecValidFailAnyofInt" runstate="Runnable" seed="1737426139" result="Passed" start-time="2020-04-13 21:22:01Z" end-time="2020-04-13 21:22:01Z" duration="0.001621" asserts="1" />
      </test-suite>
      <test-suite type="TestFixture" id="0-1350" name="SpecValidFailContents" fullname="Kaitai.SpecValidFailContents" classname="Kaitai.SpecValidFailContents" runstate="Runnable" testcasecount="1" result="Passed" start-time="2020-04-13 21:22:01Z" end-time="2020-04-13 21:22:01Z" duration="0.005011" total="1" passed="1" failed="0" inconclusive="0" skipped="0" asserts="1">
        <test-case id="0-1351" name="TestValidFailContents" fullname="Kaitai.SpecValidFailContents.TestValidFailContents" methodname="TestValidFailContents" classname="Kaitai.SpecValidFailContents" runstate="Runnable" seed="888034570" result="Passed" start-time="2020-04-13 21:22:01Z" end-time="2020-04-13 21:22:01Z" duration="0.001602" asserts="1" />
      </test-suite>
      <test-suite type="TestFixture" id="0-1352" name="SpecValidFailEqBytes" fullname="Kaitai.SpecValidFailEqBytes" classname="Kaitai.SpecValidFailEqBytes" runstate="Runnable" testcasecount="1" result="Passed" start-time="2020-04-13 21:22:01Z" end-time="2020-04-13 21:22:01Z" duration="0.005013" total="1" passed="1" failed="0" inconclusive="0" skipped="0" asserts="1">
        <test-case id="0-1353" name="TestValidFailEqBytes" fullname="Kaitai.SpecValidFailEqBytes.TestValidFailEqBytes" methodname="TestValidFailEqBytes" classname="Kaitai.SpecValidFailEqBytes" runstate="Runnable" seed="1292223401" result="Passed" start-time="2020-04-13 21:22:01Z" end-time="2020-04-13 21:22:01Z" duration="0.001613" asserts="1" />
      </test-suite>
      <test-suite type="TestFixture" id="0-1354" name="SpecValidFailEqInt" fullname="Kaitai.SpecValidFailEqInt" classname="Kaitai.SpecValidFailEqInt" runstate="Runnable" testcasecount="1" result="Passed" start-time="2020-04-13 21:22:01Z" end-time="2020-04-13 21:22:01Z" duration="0.005011" total="1" passed="1" failed="0" inconclusive="0" skipped="0" asserts="1">
        <test-case id="0-1355" name="TestValidFailEqInt" fullname="Kaitai.SpecValidFailEqInt.TestValidFailEqInt" methodname="TestValidFailEqInt" classname="Kaitai.SpecValidFailEqInt" runstate="Runnable" seed="514284541" result="Passed" start-time="2020-04-13 21:22:01Z" end-time="2020-04-13 21:22:01Z" duration="0.001256" asserts="1" />
      </test-suite>
      <test-suite type="TestFixture" id="0-1356" name="SpecValidFailInst" fullname="Kaitai.SpecValidFailInst" classname="Kaitai.SpecValidFailInst" runstate="Runnable" testcasecount="1" result="Passed" start-time="2020-04-13 21:22:01Z" end-time="2020-04-13 21:22:01Z" duration="0.005012" total="1" passed="1" failed="0" inconclusive="0" skipped="0" asserts="1">
        <test-case id="0-1357" name="TestValidFailInst" fullname="Kaitai.SpecValidFailInst.TestValidFailInst" methodname="TestValidFailInst" classname="Kaitai.SpecValidFailInst" runstate="Runnable" seed="326479977" result="Passed" start-time="2020-04-13 21:22:01Z" end-time="2020-04-13 21:22:01Z" duration="0.001179" asserts="1" />
      </test-suite>
      <test-suite type="TestFixture" id="0-1358" name="SpecValidFailMaxInt" fullname="Kaitai.SpecValidFailMaxInt" classname="Kaitai.SpecValidFailMaxInt" runstate="Runnable" testcasecount="1" result="Passed" start-time="2020-04-13 21:22:01Z" end-time="2020-04-13 21:22:01Z" duration="0.005018" total="1" passed="1" failed="0" inconclusive="0" skipped="0" asserts="1">
        <test-case id="0-1359" name="TestValidFailMaxInt" fullname="Kaitai.SpecValidFailMaxInt.TestValidFailMaxInt" methodname="TestValidFailMaxInt" classname="Kaitai.SpecValidFailMaxInt" runstate="Runnable" seed="1440890303" result="Passed" start-time="2020-04-13 21:22:01Z" end-time="2020-04-13 21:22:01Z" duration="0.001285" asserts="1" />
      </test-suite>
      <test-suite type="TestFixture" id="0-1360" name="SpecValidFailMinInt" fullname="Kaitai.SpecValidFailMinInt" classname="Kaitai.SpecValidFailMinInt" runstate="Runnable" testcasecount="1" result="Passed" start-time="2020-04-13 21:22:01Z" end-time="2020-04-13 21:22:01Z" duration="0.005215" total="1" passed="1" failed="0" inconclusive="0" skipped="0" asserts="1">
        <test-case id="0-1361" name="TestValidFailMinInt" fullname="Kaitai.SpecValidFailMinInt.TestValidFailMinInt" methodname="TestValidFailMinInt" classname="Kaitai.SpecValidFailMinInt" runstate="Runnable" seed="1300684057" result="Passed" start-time="2020-04-13 21:22:01Z" end-time="2020-04-13 21:22:01Z" duration="0.001635" asserts="1" />
      </test-suite>
      <test-suite type="TestFixture" id="0-1362" name="SpecValidFailRangeInt" fullname="Kaitai.SpecValidFailRangeInt" classname="Kaitai.SpecValidFailRangeInt" runstate="Runnable" testcasecount="1" result="Passed" start-time="2020-04-13 21:22:01Z" end-time="2020-04-13 21:22:01Z" duration="0.004762" total="1" passed="1" failed="0" inconclusive="0" skipped="0" asserts="1">
        <test-case id="0-1363" name="TestValidFailRangeInt" fullname="Kaitai.SpecValidFailRangeInt.TestValidFailRangeInt" methodname="TestValidFailRangeInt" classname="Kaitai.SpecValidFailRangeInt" runstate="Runnable" seed="1682263117" result="Passed" start-time="2020-04-13 21:22:01Z" end-time="2020-04-13 21:22:01Z" duration="0.001542" asserts="1" />
      </test-suite>
      <test-suite type="TestFixture" id="0-1364" name="SpecValidLong" fullname="Kaitai.SpecValidLong" classname="Kaitai.SpecValidLong" runstate="Runnable" testcasecount="1" result="Passed" start-time="2020-04-13 21:22:01Z" end-time="2020-04-13 21:22:01Z" duration="0.007038" total="1" passed="1" failed="0" inconclusive="0" skipped="0" asserts="0">
        <test-case id="0-1365" name="TestValidLong" fullname="Kaitai.SpecValidLong.TestValidLong" methodname="TestValidLong" classname="Kaitai.SpecValidLong" runstate="Runnable" seed="156775268" result="Passed" start-time="2020-04-13 21:22:01Z" end-time="2020-04-13 21:22:01Z" duration="0.003887" asserts="0" />
      </test-suite>
      <test-suite type="TestFixture" id="0-1366" name="SpecValidNotParsedIf" fullname="Kaitai.SpecValidNotParsedIf" classname="Kaitai.SpecValidNotParsedIf" runstate="Runnable" testcasecount="1" result="Passed" start-time="2020-04-13 21:22:01Z" end-time="2020-04-13 21:22:01Z" duration="0.005007" total="1" passed="1" failed="0" inconclusive="0" skipped="0" asserts="0">
        <test-case id="0-1367" name="TestValidNotParsedIf" fullname="Kaitai.SpecValidNotParsedIf.TestValidNotParsedIf" methodname="TestValidNotParsedIf" classname="Kaitai.SpecValidNotParsedIf" runstate="Runnable" seed="411266828" result="Passed" start-time="2020-04-13 21:22:01Z" end-time="2020-04-13 21:22:01Z" duration="0.001424" asserts="0" />
      </test-suite>
      <test-suite type="TestFixture" id="0-1368" name="SpecValidShort" fullname="Kaitai.SpecValidShort" classname="Kaitai.SpecValidShort" runstate="Runnable" testcasecount="1" result="Passed" start-time="2020-04-13 21:22:01Z" end-time="2020-04-13 21:22:01Z" duration="0.008020" total="1" passed="1" failed="0" inconclusive="0" skipped="0" asserts="0">
        <test-case id="0-1369" name="TestValidShort" fullname="Kaitai.SpecValidShort.TestValidShort" methodname="TestValidShort" classname="Kaitai.SpecValidShort" runstate="Runnable" seed="2059234388" result="Passed" start-time="2020-04-13 21:22:01Z" end-time="2020-04-13 21:22:01Z" duration="0.004327" asserts="0" />
      </test-suite>
      <test-suite type="TestFixture" id="0-1370" name="SpecValidSwitch" fullname="Kaitai.SpecValidSwitch" classname="Kaitai.SpecValidSwitch" runstate="Runnable" testcasecount="1" result="Passed" start-time="2020-04-13 21:22:01Z" end-time="2020-04-13 21:22:01Z" duration="0.005016" total="1" passed="1" failed="0" inconclusive="0" skipped="0" asserts="0">
        <test-case id="0-1371" name="TestValidSwitch" fullname="Kaitai.SpecValidSwitch.TestValidSwitch" methodname="TestValidSwitch" classname="Kaitai.SpecValidSwitch" runstate="Runnable" seed="939357634" result="Passed" start-time="2020-04-13 21:22:01Z" end-time="2020-04-13 21:22:01Z" duration="0.001465" asserts="0" />
      </test-suite>
      <test-suite type="TestFixture" id="0-1372" name="SpecZlibWithHeader78" fullname="Kaitai.SpecZlibWithHeader78" classname="Kaitai.SpecZlibWithHeader78" runstate="Runnable" testcasecount="1" result="Passed" start-time="2020-04-13 21:22:01Z" end-time="2020-04-13 21:22:01Z" duration="0.025010" total="1" passed="1" failed="0" inconclusive="0" skipped="0" asserts="1">
        <test-case id="0-1373" name="TestZlibWithHeader78" fullname="Kaitai.SpecZlibWithHeader78.TestZlibWithHeader78" methodname="TestZlibWithHeader78" classname="Kaitai.SpecZlibWithHeader78" runstate="Runnable" seed="1997350542" result="Passed" start-time="2020-04-13 21:22:01Z" end-time="2020-04-13 21:22:01Z" duration="0.021717" asserts="1" />
      </test-suite>
    </test-suite>
  </test-suite>
</test-run>