<?xml version="1.0" encoding="utf-8" standalone="no"?>
<test-run id="2" testcasecount="203" result="Failed" total="203" passed="202" failed="1" inconclusive="0" skipped="0" asserts="936" engine-version="3.4.1.0" clr-version="4.0.30319.42000" start-time="2020-08-01 15:46:51Z" end-time="2020-08-01 15:46:53Z" duration="1.543504">
  <command-line><![CDATA[/home/runner/work/ci_targets/ci_targets/tests/spec/csharp/packages/NUnit.ConsoleRunner.3.4.1/tools/nunit3-console.exe --result=test_out/csharp/TestResult.xml spec/csharp/kaitai_struct_csharp_tests/bin/Debug/kaitai_struct_csharp_tests.dll]]></command-line>
  <test-suite type="Assembly" id="0-1406" name="kaitai_struct_csharp_tests.dll" fullname="/home/runner/work/ci_targets/ci_targets/tests/spec/csharp/kaitai_struct_csharp_tests/bin/Debug/kaitai_struct_csharp_tests.dll" runstate="Runnable" testcasecount="203" result="Failed" site="Child" start-time="2020-08-01 15:46:51Z" end-time="2020-08-01 15:46:53Z" duration="1.422301" total="203" passed="202" failed="1" inconclusive="0" skipped="0" asserts="936">
    <environment framework-version="3.4.1.0" clr-version="4.0.30319.42000" os-version="Unix 5.3.0.1032" platform="Unix" cwd="/home/runner/work/ci_targets/ci_targets/tests" machine-name="fv-az98" user="runner" user-domain="fv-az98" culture="" uiculture="" os-architecture="x64" />
    <settings>
      <setting name="WorkDirectory" value="/home/runner/work/ci_targets/ci_targets/tests" />
      <setting name="ImageRuntimeVersion" value="4.0.30319" />
      <setting name="ImageTargetFrameworkName" value=".NETFramework,Version=v4.5" />
      <setting name="ImageRequiresX86" value="False" />
      <setting name="ImageRequiresDefaultAppDomainAssemblyResolver" value="False" />
      <setting name="NumberOfTestWorkers" value="2" />
    </settings>
    <properties>
      <property name="_PID" value="3108" />
      <property name="_APPDOMAIN" value="test-domain-" />
    </properties>
    <failure>
      <message><![CDATA[One or more child tests had errors]]></message>
    </failure>
    <test-suite type="TestSuite" id="0-1407" name="Kaitai" fullname="Kaitai" runstate="Runnable" testcasecount="203" result="Failed" site="Child" start-time="2020-08-01 15:46:51Z" end-time="2020-08-01 15:46:53Z" duration="1.405751" total="203" passed="202" failed="1" inconclusive="0" skipped="0" asserts="936">
      <failure>
        <message><![CDATA[One or more child tests had errors]]></message>
      </failure>
      <test-suite type="TestFixture" id="0-1000" name="SpecBcdUserTypeBe" fullname="Kaitai.SpecBcdUserTypeBe" classname="Kaitai.SpecBcdUserTypeBe" runstate="Runnable" testcasecount="1" result="Passed" start-time="2020-08-01 15:46:51Z" end-time="2020-08-01 15:46:51Z" duration="0.026961" total="1" passed="1" failed="0" inconclusive="0" skipped="0" asserts="6">
        <test-case id="0-1001" name="TestBcdUserTypeBe" fullname="Kaitai.SpecBcdUserTypeBe.TestBcdUserTypeBe" methodname="TestBcdUserTypeBe" classname="Kaitai.SpecBcdUserTypeBe" runstate="Runnable" seed="1681840909" result="Passed" start-time="2020-08-01 15:46:51Z" end-time="2020-08-01 15:46:51Z" duration="0.017325" asserts="6" />
      </test-suite>
      <test-suite type="TestFixture" id="0-1002" name="SpecBcdUserTypeLe" fullname="Kaitai.SpecBcdUserTypeLe" classname="Kaitai.SpecBcdUserTypeLe" runstate="Runnable" testcasecount="1" result="Passed" start-time="2020-08-01 15:46:51Z" end-time="2020-08-01 15:46:51Z" duration="0.006253" total="1" passed="1" failed="0" inconclusive="0" skipped="0" asserts="6">
        <test-case id="0-1003" name="TestBcdUserTypeLe" fullname="Kaitai.SpecBcdUserTypeLe.TestBcdUserTypeLe" methodname="TestBcdUserTypeLe" classname="Kaitai.SpecBcdUserTypeLe" runstate="Runnable" seed="775108426" result="Passed" start-time="2020-08-01 15:46:51Z" end-time="2020-08-01 15:46:51Z" duration="0.003784" asserts="6" />
      </test-suite>
      <test-suite type="TestFixture" id="0-1004" name="SpecBitsByteAligned" fullname="Kaitai.SpecBitsByteAligned" classname="Kaitai.SpecBitsByteAligned" runstate="Runnable" testcasecount="1" result="Passed" start-time="2020-08-01 15:46:51Z" end-time="2020-08-01 15:46:51Z" duration="0.006505" total="1" passed="1" failed="0" inconclusive="0" skipped="0" asserts="9">
        <test-case id="0-1005" name="TestBitsByteAligned" fullname="Kaitai.SpecBitsByteAligned.TestBitsByteAligned" methodname="TestBitsByteAligned" classname="Kaitai.SpecBitsByteAligned" runstate="Runnable" seed="536109985" result="Passed" start-time="2020-08-01 15:46:51Z" end-time="2020-08-01 15:46:51Z" duration="0.004049" asserts="9" />
      </test-suite>
      <test-suite type="TestFixture" id="0-1006" name="SpecBitsEnum" fullname="Kaitai.SpecBitsEnum" classname="Kaitai.SpecBitsEnum" runstate="Runnable" testcasecount="1" result="Passed" start-time="2020-08-01 15:46:51Z" end-time="2020-08-01 15:46:51Z" duration="0.003362" total="1" passed="1" failed="0" inconclusive="0" skipped="0" asserts="3">
        <test-case id="0-1007" name="TestBitsEnum" fullname="Kaitai.SpecBitsEnum.TestBitsEnum" methodname="TestBitsEnum" classname="Kaitai.SpecBitsEnum" runstate="Runnable" seed="1037027272" result="Passed" start-time="2020-08-01 15:46:51Z" end-time="2020-08-01 15:46:51Z" duration="0.000858" asserts="3" />
      </test-suite>
      <test-suite type="TestFixture" id="0-1008" name="SpecBitsSeqEndianCombo" fullname="Kaitai.SpecBitsSeqEndianCombo" classname="Kaitai.SpecBitsSeqEndianCombo" runstate="Runnable" testcasecount="1" result="Passed" start-time="2020-08-01 15:46:51Z" end-time="2020-08-01 15:46:51Z" duration="0.003333" total="1" passed="1" failed="0" inconclusive="0" skipped="0" asserts="8">
        <test-case id="0-1009" name="TestBitsSeqEndianCombo" fullname="Kaitai.SpecBitsSeqEndianCombo.TestBitsSeqEndianCombo" methodname="TestBitsSeqEndianCombo" classname="Kaitai.SpecBitsSeqEndianCombo" runstate="Runnable" seed="1918655707" result="Passed" start-time="2020-08-01 15:46:51Z" end-time="2020-08-01 15:46:51Z" duration="0.000833" asserts="8" />
      </test-suite>
      <test-suite type="TestFixture" id="0-1010" name="SpecBitsSimple" fullname="Kaitai.SpecBitsSimple" classname="Kaitai.SpecBitsSimple" runstate="Runnable" testcasecount="1" result="Passed" start-time="2020-08-01 15:46:51Z" end-time="2020-08-01 15:46:51Z" duration="0.004553" total="1" passed="1" failed="0" inconclusive="0" skipped="0" asserts="14">
        <test-case id="0-1011" name="TestBitsSimple" fullname="Kaitai.SpecBitsSimple.TestBitsSimple" methodname="TestBitsSimple" classname="Kaitai.SpecBitsSimple" runstate="Runnable" seed="648751623" result="Passed" start-time="2020-08-01 15:46:51Z" end-time="2020-08-01 15:46:51Z" duration="0.002075" asserts="14" />
      </test-suite>
      <test-suite type="TestFixture" id="0-1012" name="SpecBitsSimpleLe" fullname="Kaitai.SpecBitsSimpleLe" classname="Kaitai.SpecBitsSimpleLe" runstate="Runnable" testcasecount="1" result="Passed" start-time="2020-08-01 15:46:51Z" end-time="2020-08-01 15:46:51Z" duration="0.003568" total="1" passed="1" failed="0" inconclusive="0" skipped="0" asserts="14">
        <test-case id="0-1013" name="TestBitsSimpleLe" fullname="Kaitai.SpecBitsSimpleLe.TestBitsSimpleLe" methodname="TestBitsSimpleLe" classname="Kaitai.SpecBitsSimpleLe" runstate="Runnable" seed="2053642607" result="Passed" start-time="2020-08-01 15:46:51Z" end-time="2020-08-01 15:46:51Z" duration="0.001035" asserts="14" />
      </test-suite>
      <test-suite type="TestFixture" id="0-1014" name="SpecBufferedStruct" fullname="Kaitai.SpecBufferedStruct" classname="Kaitai.SpecBufferedStruct" runstate="Runnable" testcasecount="1" result="Passed" start-time="2020-08-01 15:46:51Z" end-time="2020-08-01 15:46:51Z" duration="0.004126" total="1" passed="1" failed="0" inconclusive="0" skipped="0" asserts="7">
        <test-case id="0-1015" name="TestBufferedStruct" fullname="Kaitai.SpecBufferedStruct.TestBufferedStruct" methodname="TestBufferedStruct" classname="Kaitai.SpecBufferedStruct" runstate="Runnable" seed="1023076655" result="Passed" start-time="2020-08-01 15:46:51Z" end-time="2020-08-01 15:46:51Z" duration="0.001615" asserts="7" />
      </test-suite>
      <test-suite type="TestFixture" id="0-1016" name="SpecBytesPadTerm" fullname="Kaitai.SpecBytesPadTerm" classname="Kaitai.SpecBytesPadTerm" runstate="Runnable" testcasecount="1" result="Passed" start-time="2020-08-01 15:46:51Z" end-time="2020-08-01 15:46:51Z" duration="0.003631" total="1" passed="1" failed="0" inconclusive="0" skipped="0" asserts="4">
        <test-case id="0-1017" name="TestBytesPadTerm" fullname="Kaitai.SpecBytesPadTerm.TestBytesPadTerm" methodname="TestBytesPadTerm" classname="Kaitai.SpecBytesPadTerm" runstate="Runnable" seed="1201068664" result="Passed" start-time="2020-08-01 15:46:51Z" end-time="2020-08-01 15:46:51Z" duration="0.001135" asserts="4" />
      </test-suite>
      <test-suite type="TestFixture" id="0-1018" name="SpecCastNested" fullname="Kaitai.SpecCastNested" classname="Kaitai.SpecCastNested" runstate="Runnable" testcasecount="1" result="Passed" start-time="2020-08-01 15:46:52Z" end-time="2020-08-01 15:46:52Z" duration="0.025981" total="1" passed="1" failed="0" inconclusive="0" skipped="0" asserts="4">
        <test-case id="0-1019" name="TestCastNested" fullname="Kaitai.SpecCastNested.TestCastNested" methodname="TestCastNested" classname="Kaitai.SpecCastNested" runstate="Runnable" seed="65556086" result="Passed" start-time="2020-08-01 15:46:52Z" end-time="2020-08-01 15:46:52Z" duration="0.023255" asserts="4" />
      </test-suite>
      <test-suite type="TestFixture" id="0-1020" name="SpecCastToImported" fullname="Kaitai.SpecCastToImported" classname="Kaitai.SpecCastToImported" runstate="Runnable" testcasecount="1" result="Passed" start-time="2020-08-01 15:46:52Z" end-time="2020-08-01 15:46:52Z" duration="0.003190" total="1" passed="1" failed="0" inconclusive="0" skipped="0" asserts="2">
        <test-case id="0-1021" name="TestCastToImported" fullname="Kaitai.SpecCastToImported.TestCastToImported" methodname="TestCastToImported" classname="Kaitai.SpecCastToImported" runstate="Runnable" seed="555079941" result="Passed" start-time="2020-08-01 15:46:52Z" end-time="2020-08-01 15:46:52Z" duration="0.000643" asserts="2" />
      </test-suite>
      <test-suite type="TestFixture" id="0-1022" name="SpecCastToTop" fullname="Kaitai.SpecCastToTop" classname="Kaitai.SpecCastToTop" runstate="Runnable" testcasecount="1" result="Passed" start-time="2020-08-01 15:46:52Z" end-time="2020-08-01 15:46:52Z" duration="0.003650" total="1" passed="1" failed="0" inconclusive="0" skipped="0" asserts="3">
        <test-case id="0-1023" name="TestCastToTop" fullname="Kaitai.SpecCastToTop.TestCastToTop" methodname="TestCastToTop" classname="Kaitai.SpecCastToTop" runstate="Runnable" seed="994404175" result="Passed" start-time="2020-08-01 15:46:52Z" end-time="2020-08-01 15:46:52Z" duration="0.001039" asserts="3" />
      </test-suite>
      <test-suite type="TestFixture" id="0-1024" name="SpecCombineBool" fullname="Kaitai.SpecCombineBool" classname="Kaitai.SpecCombineBool" runstate="Runnable" testcasecount="1" result="Passed" start-time="2020-08-01 15:46:52Z" end-time="2020-08-01 15:46:52Z" duration="0.003008" total="1" passed="1" failed="0" inconclusive="0" skipped="0" asserts="2">
        <test-case id="0-1025" name="TestCombineBool" fullname="Kaitai.SpecCombineBool.TestCombineBool" methodname="TestCombineBool" classname="Kaitai.SpecCombineBool" runstate="Runnable" seed="766211074" result="Passed" start-time="2020-08-01 15:46:52Z" end-time="2020-08-01 15:46:52Z" duration="0.000515" asserts="2" />
      </test-suite>
      <test-suite type="TestFixture" id="0-1026" name="SpecCombineBytes" fullname="Kaitai.SpecCombineBytes" classname="Kaitai.SpecCombineBytes" runstate="Runnable" testcasecount="1" result="Passed" start-time="2020-08-01 15:46:52Z" end-time="2020-08-01 15:46:52Z" duration="0.003930" total="1" passed="1" failed="0" inconclusive="0" skipped="0" asserts="10">
        <test-case id="0-1027" name="TestCombineBytes" fullname="Kaitai.SpecCombineBytes.TestCombineBytes" methodname="TestCombineBytes" classname="Kaitai.SpecCombineBytes" runstate="Runnable" seed="493254552" result="Passed" start-time="2020-08-01 15:46:52Z" end-time="2020-08-01 15:46:52Z" duration="0.001452" asserts="10" />
      </test-suite>
      <test-suite type="TestFixture" id="0-1028" name="SpecCombineEnum" fullname="Kaitai.SpecCombineEnum" classname="Kaitai.SpecCombineEnum" runstate="Runnable" testcasecount="1" result="Passed" start-time="2020-08-01 15:46:52Z" end-time="2020-08-01 15:46:52Z" duration="0.003343" total="1" passed="1" failed="0" inconclusive="0" skipped="0" asserts="3">
        <test-case id="0-1029" name="TestCombineEnum" fullname="Kaitai.SpecCombineEnum.TestCombineEnum" methodname="TestCombineEnum" classname="Kaitai.SpecCombineEnum" runstate="Runnable" seed="1768833487" result="Passed" start-time="2020-08-01 15:46:52Z" end-time="2020-08-01 15:46:52Z" duration="0.000925" asserts="3" />
      </test-suite>
      <test-suite type="TestFixture" id="0-1030" name="SpecCombineStr" fullname="Kaitai.SpecCombineStr" classname="Kaitai.SpecCombineStr" runstate="Runnable" testcasecount="1" result="Passed" start-time="2020-08-01 15:46:52Z" end-time="2020-08-01 15:46:52Z" duration="0.008326" total="1" passed="1" failed="0" inconclusive="0" skipped="0" asserts="15">
        <test-case id="0-1031" name="TestCombineStr" fullname="Kaitai.SpecCombineStr.TestCombineStr" methodname="TestCombineStr" classname="Kaitai.SpecCombineStr" runstate="Runnable" seed="1469842247" result="Passed" start-time="2020-08-01 15:46:52Z" end-time="2020-08-01 15:46:52Z" duration="0.001482" asserts="15" />
      </test-suite>
      <test-suite type="TestFixture" id="0-1032" name="SpecDebug0" fullname="Kaitai.SpecDebug0" classname="Kaitai.SpecDebug0" runstate="Runnable" testcasecount="1" result="Passed" start-time="2020-08-01 15:46:52Z" end-time="2020-08-01 15:46:52Z" duration="0.002483" total="1" passed="1" failed="0" inconclusive="0" skipped="0" asserts="0">
        <test-case id="0-1033" name="TestDebug0" fullname="Kaitai.SpecDebug0.TestDebug0" methodname="TestDebug0" classname="Kaitai.SpecDebug0" runstate="Runnable" seed="158073669" result="Passed" start-time="2020-08-01 15:46:52Z" end-time="2020-08-01 15:46:52Z" duration="0.000065" asserts="0" />
      </test-suite>
      <test-suite type="TestFixture" id="0-1034" name="SpecDebugArrayUser" fullname="Kaitai.SpecDebugArrayUser" classname="Kaitai.SpecDebugArrayUser" runstate="Runnable" testcasecount="1" result="Passed" start-time="2020-08-01 15:46:52Z" end-time="2020-08-01 15:46:52Z" duration="0.003478" total="1" passed="1" failed="0" inconclusive="0" skipped="0" asserts="4">
        <test-case id="0-1035" name="TestDebugArrayUser" fullname="Kaitai.SpecDebugArrayUser.TestDebugArrayUser" methodname="TestDebugArrayUser" classname="Kaitai.SpecDebugArrayUser" runstate="Runnable" seed="919011299" result="Passed" start-time="2020-08-01 15:46:52Z" end-time="2020-08-01 15:46:52Z" duration="0.001054" asserts="4" />
      </test-suite>
      <test-suite type="TestFixture" id="0-1036" name="SpecDebugEnumName" fullname="Kaitai.SpecDebugEnumName" classname="Kaitai.SpecDebugEnumName" runstate="Runnable" testcasecount="1" result="Passed" start-time="2020-08-01 15:46:52Z" end-time="2020-08-01 15:46:52Z" duration="0.002519" total="1" passed="1" failed="0" inconclusive="0" skipped="0" asserts="0">
        <test-case id="0-1037" name="TestDebugEnumName" fullname="Kaitai.SpecDebugEnumName.TestDebugEnumName" methodname="TestDebugEnumName" classname="Kaitai.SpecDebugEnumName" runstate="Runnable" seed="352331637" result="Passed" start-time="2020-08-01 15:46:52Z" end-time="2020-08-01 15:46:52Z" duration="0.000067" asserts="0" />
      </test-suite>
      <test-suite type="TestFixture" id="0-1038" name="SpecDebugSwitchUser" fullname="Kaitai.SpecDebugSwitchUser" classname="Kaitai.SpecDebugSwitchUser" runstate="Runnable" testcasecount="1" result="Passed" start-time="2020-08-01 15:46:52Z" end-time="2020-08-01 15:46:52Z" duration="0.003136" total="1" passed="1" failed="0" inconclusive="0" skipped="0" asserts="2">
        <test-case id="0-1039" name="TestDebugSwitchUser" fullname="Kaitai.SpecDebugSwitchUser.TestDebugSwitchUser" methodname="TestDebugSwitchUser" classname="Kaitai.SpecDebugSwitchUser" runstate="Runnable" seed="1873711396" result="Passed" start-time="2020-08-01 15:46:52Z" end-time="2020-08-01 15:46:52Z" duration="0.000732" asserts="2" />
      </test-suite>
      <test-suite type="TestFixture" id="0-1040" name="SpecDefaultBigEndian" fullname="Kaitai.SpecDefaultBigEndian" classname="Kaitai.SpecDefaultBigEndian" runstate="Runnable" testcasecount="1" result="Passed" start-time="2020-08-01 15:46:52Z" end-time="2020-08-01 15:46:52Z" duration="0.003399" total="1" passed="1" failed="0" inconclusive="0" skipped="0" asserts="1">
        <test-case id="0-1041" name="TestDefaultBigEndian" fullname="Kaitai.SpecDefaultBigEndian.TestDefaultBigEndian" methodname="TestDefaultBigEndian" classname="Kaitai.SpecDefaultBigEndian" runstate="Runnable" seed="1263779605" result="Passed" start-time="2020-08-01 15:46:52Z" end-time="2020-08-01 15:46:52Z" duration="0.000445" asserts="1" />
      </test-suite>
      <test-suite type="TestFixture" id="0-1042" name="SpecDefaultBitEndianMod" fullname="Kaitai.SpecDefaultBitEndianMod" classname="Kaitai.SpecDefaultBitEndianMod" runstate="Runnable" testcasecount="1" result="Passed" start-time="2020-08-01 15:46:52Z" end-time="2020-08-01 15:46:52Z" duration="0.003425" total="1" passed="1" failed="0" inconclusive="0" skipped="0" asserts="4">
        <test-case id="0-1043" name="TestDefaultBitEndianMod" fullname="Kaitai.SpecDefaultBitEndianMod.TestDefaultBitEndianMod" methodname="TestDefaultBitEndianMod" classname="Kaitai.SpecDefaultBitEndianMod" runstate="Runnable" seed="1732403429" result="Passed" start-time="2020-08-01 15:46:52Z" end-time="2020-08-01 15:46:52Z" duration="0.001031" asserts="4" />
      </test-suite>
      <test-suite type="TestFixture" id="0-1044" name="SpecDefaultEndianExprException" fullname="Kaitai.SpecDefaultEndianExprException" classname="Kaitai.SpecDefaultEndianExprException" runstate="Runnable" testcasecount="1" result="Passed" start-time="2020-08-01 15:46:52Z" end-time="2020-08-01 15:46:52Z" duration="0.007772" total="1" passed="1" failed="0" inconclusive="0" skipped="0" asserts="1">
        <test-case id="0-1045" name="TestDefaultEndianExprException" fullname="Kaitai.SpecDefaultEndianExprException.TestDefaultEndianExprException" methodname="TestDefaultEndianExprException" classname="Kaitai.SpecDefaultEndianExprException" runstate="Runnable" seed="1390485836" result="Passed" start-time="2020-08-01 15:46:52Z" end-time="2020-08-01 15:46:52Z" duration="0.004953" asserts="1" />
      </test-suite>
      <test-suite type="TestFixture" id="0-1046" name="SpecDefaultEndianExprInherited" fullname="Kaitai.SpecDefaultEndianExprInherited" classname="Kaitai.SpecDefaultEndianExprInherited" runstate="Runnable" testcasecount="1" result="Passed" start-time="2020-08-01 15:46:52Z" end-time="2020-08-01 15:46:52Z" duration="0.005439" total="1" passed="1" failed="0" inconclusive="0" skipped="0" asserts="15">
        <test-case id="0-1047" name="TestDefaultEndianExprInherited" fullname="Kaitai.SpecDefaultEndianExprInherited.TestDefaultEndianExprInherited" methodname="TestDefaultEndianExprInherited" classname="Kaitai.SpecDefaultEndianExprInherited" runstate="Runnable" seed="84326812" result="Passed" start-time="2020-08-01 15:46:52Z" end-time="2020-08-01 15:46:52Z" duration="0.003016" asserts="15" />
      </test-suite>
      <test-suite type="TestFixture" id="0-1048" name="SpecDefaultEndianExprIsBe" fullname="Kaitai.SpecDefaultEndianExprIsBe" classname="Kaitai.SpecDefaultEndianExprIsBe" runstate="Runnable" testcasecount="1" result="Passed" start-time="2020-08-01 15:46:52Z" end-time="2020-08-01 15:46:52Z" duration="0.005415" total="1" passed="1" failed="0" inconclusive="0" skipped="0" asserts="18">
        <test-case id="0-1049" name="TestDefaultEndianExprIsBe" fullname="Kaitai.SpecDefaultEndianExprIsBe.TestDefaultEndianExprIsBe" methodname="TestDefaultEndianExprIsBe" classname="Kaitai.SpecDefaultEndianExprIsBe" runstate="Runnable" seed="1738889547" result="Passed" start-time="2020-08-01 15:46:52Z" end-time="2020-08-01 15:46:52Z" duration="0.002999" asserts="18" />
      </test-suite>
      <test-suite type="TestFixture" id="0-1050" name="SpecDefaultEndianExprIsLe" fullname="Kaitai.SpecDefaultEndianExprIsLe" classname="Kaitai.SpecDefaultEndianExprIsLe" runstate="Runnable" testcasecount="1" result="Passed" start-time="2020-08-01 15:46:52Z" end-time="2020-08-01 15:46:52Z" duration="0.004332" total="1" passed="1" failed="0" inconclusive="0" skipped="0" asserts="12">
        <test-case id="0-1051" name="TestDefaultEndianExprIsLe" fullname="Kaitai.SpecDefaultEndianExprIsLe.TestDefaultEndianExprIsLe" methodname="TestDefaultEndianExprIsLe" classname="Kaitai.SpecDefaultEndianExprIsLe" runstate="Runnable" seed="1963093484" result="Passed" start-time="2020-08-01 15:46:52Z" end-time="2020-08-01 15:46:52Z" duration="0.001910" asserts="12" />
      </test-suite>
      <test-suite type="TestFixture" id="0-1052" name="SpecDefaultEndianMod" fullname="Kaitai.SpecDefaultEndianMod" classname="Kaitai.SpecDefaultEndianMod" runstate="Runnable" testcasecount="1" result="Passed" start-time="2020-08-01 15:46:52Z" end-time="2020-08-01 15:46:52Z" duration="0.003544" total="1" passed="1" failed="0" inconclusive="0" skipped="0" asserts="3">
        <test-case id="0-1053" name="TestDefaultEndianMod" fullname="Kaitai.SpecDefaultEndianMod.TestDefaultEndianMod" methodname="TestDefaultEndianMod" classname="Kaitai.SpecDefaultEndianMod" runstate="Runnable" seed="901475780" result="Passed" start-time="2020-08-01 15:46:52Z" end-time="2020-08-01 15:46:52Z" duration="0.001069" asserts="3" />
      </test-suite>
      <test-suite type="TestFixture" id="0-1054" name="SpecDocstrings" fullname="Kaitai.SpecDocstrings" classname="Kaitai.SpecDocstrings" runstate="Runnable" testcasecount="1" result="Passed" start-time="2020-08-01 15:46:52Z" end-time="2020-08-01 15:46:52Z" duration="0.002892" total="1" passed="1" failed="0" inconclusive="0" skipped="0" asserts="0">
        <test-case id="0-1055" name="TestDocstrings" fullname="Kaitai.SpecDocstrings.TestDocstrings" methodname="TestDocstrings" classname="Kaitai.SpecDocstrings" runstate="Runnable" seed="917690420" result="Passed" start-time="2020-08-01 15:46:52Z" end-time="2020-08-01 15:46:52Z" duration="0.000397" asserts="0" />
      </test-suite>
      <test-suite type="TestFixture" id="0-1056" name="SpecDocstringsDocref" fullname="Kaitai.SpecDocstringsDocref" classname="Kaitai.SpecDocstringsDocref" runstate="Runnable" testcasecount="1" result="Passed" start-time="2020-08-01 15:46:52Z" end-time="2020-08-01 15:46:52Z" duration="0.002840" total="1" passed="1" failed="0" inconclusive="0" skipped="0" asserts="0">
        <test-case id="0-1057" name="TestDocstringsDocref" fullname="Kaitai.SpecDocstringsDocref.TestDocstringsDocref" methodname="TestDocstringsDocref" classname="Kaitai.SpecDocstringsDocref" runstate="Runnable" seed="1882797716" result="Passed" start-time="2020-08-01 15:46:52Z" end-time="2020-08-01 15:46:52Z" duration="0.000416" asserts="0" />
      </test-suite>
      <test-suite type="TestFixture" id="0-1058" name="SpecDocstringsDocrefMulti" fullname="Kaitai.SpecDocstringsDocrefMulti" classname="Kaitai.SpecDocstringsDocrefMulti" runstate="Runnable" testcasecount="1" result="Passed" start-time="2020-08-01 15:46:52Z" end-time="2020-08-01 15:46:52Z" duration="0.002718" total="1" passed="1" failed="0" inconclusive="0" skipped="0" asserts="0">
        <test-case id="0-1059" name="TestDocstringsDocrefMulti" fullname="Kaitai.SpecDocstringsDocrefMulti.TestDocstringsDocrefMulti" methodname="TestDocstringsDocrefMulti" classname="Kaitai.SpecDocstringsDocrefMulti" runstate="Runnable" seed="136886069" result="Passed" start-time="2020-08-01 15:46:52Z" end-time="2020-08-01 15:46:52Z" duration="0.000305" asserts="0" />
      </test-suite>
      <test-suite type="TestFixture" id="0-1060" name="SpecEnum0" fullname="Kaitai.SpecEnum0" classname="Kaitai.SpecEnum0" runstate="Runnable" testcasecount="1" result="Passed" start-time="2020-08-01 15:46:52Z" end-time="2020-08-01 15:46:52Z" duration="0.003197" total="1" passed="1" failed="0" inconclusive="0" skipped="0" asserts="2">
        <test-case id="0-1061" name="TestEnum0" fullname="Kaitai.SpecEnum0.TestEnum0" methodname="TestEnum0" classname="Kaitai.SpecEnum0" runstate="Runnable" seed="818796376" result="Passed" start-time="2020-08-01 15:46:52Z" end-time="2020-08-01 15:46:52Z" duration="0.000767" asserts="2" />
      </test-suite>
      <test-suite type="TestFixture" id="0-1062" name="SpecEnum1" fullname="Kaitai.SpecEnum1" classname="Kaitai.SpecEnum1" runstate="Runnable" testcasecount="1" result="Passed" start-time="2020-08-01 15:46:52Z" end-time="2020-08-01 15:46:52Z" duration="0.003295" total="1" passed="1" failed="0" inconclusive="0" skipped="0" asserts="2">
        <test-case id="0-1063" name="TestEnum1" fullname="Kaitai.SpecEnum1.TestEnum1" methodname="TestEnum1" classname="Kaitai.SpecEnum1" runstate="Runnable" seed="294003212" result="Passed" start-time="2020-08-01 15:46:52Z" end-time="2020-08-01 15:46:52Z" duration="0.000789" asserts="2" />
      </test-suite>
      <test-suite type="TestFixture" id="0-1064" name="SpecEnumDeep" fullname="Kaitai.SpecEnumDeep" classname="Kaitai.SpecEnumDeep" runstate="Runnable" testcasecount="1" result="Passed" start-time="2020-08-01 15:46:52Z" end-time="2020-08-01 15:46:52Z" duration="0.002879" total="1" passed="1" failed="0" inconclusive="0" skipped="0" asserts="2">
        <test-case id="0-1065" name="TestEnumDeep" fullname="Kaitai.SpecEnumDeep.TestEnumDeep" methodname="TestEnumDeep" classname="Kaitai.SpecEnumDeep" runstate="Runnable" seed="858977766" result="Passed" start-time="2020-08-01 15:46:52Z" end-time="2020-08-01 15:46:52Z" duration="0.000460" asserts="2" />
      </test-suite>
      <test-suite type="TestFixture" id="0-1066" name="SpecEnumDeepLiterals" fullname="Kaitai.SpecEnumDeepLiterals" classname="Kaitai.SpecEnumDeepLiterals" runstate="Runnable" testcasecount="1" result="Passed" start-time="2020-08-01 15:46:52Z" end-time="2020-08-01 15:46:52Z" duration="0.004013" total="1" passed="1" failed="0" inconclusive="0" skipped="0" asserts="2">
        <test-case id="0-1067" name="TestEnumDeepLiterals" fullname="Kaitai.SpecEnumDeepLiterals.TestEnumDeepLiterals" methodname="TestEnumDeepLiterals" classname="Kaitai.SpecEnumDeepLiterals" runstate="Runnable" seed="321894901" result="Passed" start-time="2020-08-01 15:46:52Z" end-time="2020-08-01 15:46:52Z" duration="0.001451" asserts="2" />
      </test-suite>
      <test-suite type="TestFixture" id="0-1068" name="SpecEnumFancy" fullname="Kaitai.SpecEnumFancy" classname="Kaitai.SpecEnumFancy" runstate="Runnable" testcasecount="1" result="Passed" start-time="2020-08-01 15:46:52Z" end-time="2020-08-01 15:46:52Z" duration="0.003013" total="1" passed="1" failed="0" inconclusive="0" skipped="0" asserts="2">
        <test-case id="0-1069" name="TestEnumFancy" fullname="Kaitai.SpecEnumFancy.TestEnumFancy" methodname="TestEnumFancy" classname="Kaitai.SpecEnumFancy" runstate="Runnable" seed="963647572" result="Passed" start-time="2020-08-01 15:46:52Z" end-time="2020-08-01 15:46:52Z" duration="0.000480" asserts="2" />
      </test-suite>
      <test-suite type="TestFixture" id="0-1070" name="SpecEnumForUnknownId" fullname="Kaitai.SpecEnumForUnknownId" classname="Kaitai.SpecEnumForUnknownId" runstate="Runnable" testcasecount="1" result="Passed" start-time="2020-08-01 15:46:52Z" end-time="2020-08-01 15:46:52Z" duration="0.002919" total="1" passed="1" failed="0" inconclusive="0" skipped="0" asserts="1">
        <test-case id="0-1071" name="TestEnumForUnknownId" fullname="Kaitai.SpecEnumForUnknownId.TestEnumForUnknownId" methodname="TestEnumForUnknownId" classname="Kaitai.SpecEnumForUnknownId" runstate="Runnable" seed="1862428835" result="Passed" start-time="2020-08-01 15:46:52Z" end-time="2020-08-01 15:46:52Z" duration="0.000423" asserts="1" />
      </test-suite>
      <test-suite type="TestFixture" id="0-1072" name="SpecEnumIf" fullname="Kaitai.SpecEnumIf" classname="Kaitai.SpecEnumIf" runstate="Runnable" testcasecount="1" result="Passed" start-time="2020-08-01 15:46:52Z" end-time="2020-08-01 15:46:52Z" duration="0.003607" total="1" passed="1" failed="0" inconclusive="0" skipped="0" asserts="7">
        <test-case id="0-1073" name="TestEnumIf" fullname="Kaitai.SpecEnumIf.TestEnumIf" methodname="TestEnumIf" classname="Kaitai.SpecEnumIf" runstate="Runnable" seed="1023598330" result="Passed" start-time="2020-08-01 15:46:52Z" end-time="2020-08-01 15:46:52Z" duration="0.001206" asserts="7" />
      </test-suite>
      <test-suite type="TestFixture" id="0-1074" name="SpecEnumImport" fullname="Kaitai.SpecEnumImport" classname="Kaitai.SpecEnumImport" runstate="Runnable" testcasecount="1" result="Passed" start-time="2020-08-01 15:46:52Z" end-time="2020-08-01 15:46:52Z" duration="0.002844" total="1" passed="1" failed="0" inconclusive="0" skipped="0" asserts="2">
        <test-case id="0-1075" name="TestEnumImport" fullname="Kaitai.SpecEnumImport.TestEnumImport" methodname="TestEnumImport" classname="Kaitai.SpecEnumImport" runstate="Runnable" seed="1072440202" result="Passed" start-time="2020-08-01 15:46:52Z" end-time="2020-08-01 15:46:52Z" duration="0.000397" asserts="2" />
      </test-suite>
      <test-suite type="TestFixture" id="0-1076" name="SpecEnumIntRangeS" fullname="Kaitai.SpecEnumIntRangeS" classname="Kaitai.SpecEnumIntRangeS" runstate="Runnable" testcasecount="1" result="Passed" start-time="2020-08-01 15:46:52Z" end-time="2020-08-01 15:46:52Z" duration="0.003104" total="1" passed="1" failed="0" inconclusive="0" skipped="0" asserts="3">
        <test-case id="0-1077" name="TestEnumIntRangeS" fullname="Kaitai.SpecEnumIntRangeS.TestEnumIntRangeS" methodname="TestEnumIntRangeS" classname="Kaitai.SpecEnumIntRangeS" runstate="Runnable" seed="1562913202" result="Passed" start-time="2020-08-01 15:46:52Z" end-time="2020-08-01 15:46:52Z" duration="0.000653" asserts="3" />
      </test-suite>
      <test-suite type="TestFixture" id="0-1078" name="SpecEnumInvalid" fullname="Kaitai.SpecEnumInvalid" classname="Kaitai.SpecEnumInvalid" runstate="Runnable" testcasecount="1" result="Passed" start-time="2020-08-01 15:46:52Z" end-time="2020-08-01 15:46:52Z" duration="0.002855" total="1" passed="1" failed="0" inconclusive="0" skipped="0" asserts="2">
        <test-case id="0-1079" name="TestEnumInvalid" fullname="Kaitai.SpecEnumInvalid.TestEnumInvalid" methodname="TestEnumInvalid" classname="Kaitai.SpecEnumInvalid" runstate="Runnable" seed="802470202" result="Passed" start-time="2020-08-01 15:46:52Z" end-time="2020-08-01 15:46:52Z" duration="0.000415" asserts="2" />
      </test-suite>
      <test-suite type="TestFixture" id="0-1080" name="SpecEnumNegative" fullname="Kaitai.SpecEnumNegative" classname="Kaitai.SpecEnumNegative" runstate="Runnable" testcasecount="1" result="Passed" start-time="2020-08-01 15:46:52Z" end-time="2020-08-01 15:46:52Z" duration="0.002911" total="1" passed="1" failed="0" inconclusive="0" skipped="0" asserts="2">
        <test-case id="0-1081" name="TestEnumNegative" fullname="Kaitai.SpecEnumNegative.TestEnumNegative" methodname="TestEnumNegative" classname="Kaitai.SpecEnumNegative" runstate="Runnable" seed="847535828" result="Passed" start-time="2020-08-01 15:46:52Z" end-time="2020-08-01 15:46:52Z" duration="0.000519" asserts="2" />
      </test-suite>
      <test-suite type="TestFixture" id="0-1082" name="SpecEnumOfValueInst" fullname="Kaitai.SpecEnumOfValueInst" classname="Kaitai.SpecEnumOfValueInst" runstate="Runnable" testcasecount="1" result="Passed" start-time="2020-08-01 15:46:52Z" end-time="2020-08-01 15:46:52Z" duration="0.003193" total="1" passed="1" failed="0" inconclusive="0" skipped="0" asserts="4">
        <test-case id="0-1083" name="TestEnumOfValueInst" fullname="Kaitai.SpecEnumOfValueInst.TestEnumOfValueInst" methodname="TestEnumOfValueInst" classname="Kaitai.SpecEnumOfValueInst" runstate="Runnable" seed="665261700" result="Passed" start-time="2020-08-01 15:46:52Z" end-time="2020-08-01 15:46:52Z" duration="0.000635" asserts="4" />
      </test-suite>
      <test-suite type="TestFixture" id="0-1084" name="SpecEnumToI" fullname="Kaitai.SpecEnumToI" classname="Kaitai.SpecEnumToI" runstate="Runnable" testcasecount="1" result="Passed" start-time="2020-08-01 15:46:52Z" end-time="2020-08-01 15:46:52Z" duration="0.003116" total="1" passed="1" failed="0" inconclusive="0" skipped="0" asserts="5">
        <test-case id="0-1085" name="TestEnumToI" fullname="Kaitai.SpecEnumToI.TestEnumToI" methodname="TestEnumToI" classname="Kaitai.SpecEnumToI" runstate="Runnable" seed="304242582" result="Passed" start-time="2020-08-01 15:46:52Z" end-time="2020-08-01 15:46:52Z" duration="0.000669" asserts="5" />
      </test-suite>
      <test-suite type="TestFixture" id="0-1086" name="SpecEofExceptionBytes" fullname="Kaitai.SpecEofExceptionBytes" classname="Kaitai.SpecEofExceptionBytes" runstate="Runnable" testcasecount="1" result="Passed" start-time="2020-08-01 15:46:52Z" end-time="2020-08-01 15:46:52Z" duration="0.003840" total="1" passed="1" failed="0" inconclusive="0" skipped="0" asserts="1">
        <test-case id="0-1087" name="TestEofExceptionBytes" fullname="Kaitai.SpecEofExceptionBytes.TestEofExceptionBytes" methodname="TestEofExceptionBytes" classname="Kaitai.SpecEofExceptionBytes" runstate="Runnable" seed="2061864457" result="Passed" start-time="2020-08-01 15:46:52Z" end-time="2020-08-01 15:46:52Z" duration="0.001404" asserts="1" />
      </test-suite>
      <test-suite type="TestFixture" id="0-1088" name="SpecEofExceptionU4" fullname="Kaitai.SpecEofExceptionU4" classname="Kaitai.SpecEofExceptionU4" runstate="Runnable" testcasecount="1" result="Passed" start-time="2020-08-01 15:46:52Z" end-time="2020-08-01 15:46:52Z" duration="0.002900" total="1" passed="1" failed="0" inconclusive="0" skipped="0" asserts="1">
        <test-case id="0-1089" name="TestEofExceptionU4" fullname="Kaitai.SpecEofExceptionU4.TestEofExceptionU4" methodname="TestEofExceptionU4" classname="Kaitai.SpecEofExceptionU4" runstate="Runnable" seed="2049976205" result="Passed" start-time="2020-08-01 15:46:52Z" end-time="2020-08-01 15:46:52Z" duration="0.000489" asserts="1" />
      </test-suite>
      <test-suite type="TestFixture" id="0-1090" name="SpecEosExceptionBytes" fullname="Kaitai.SpecEosExceptionBytes" classname="Kaitai.SpecEosExceptionBytes" runstate="Runnable" testcasecount="1" result="Passed" start-time="2020-08-01 15:46:52Z" end-time="2020-08-01 15:46:52Z" duration="0.002966" total="1" passed="1" failed="0" inconclusive="0" skipped="0" asserts="1">
        <test-case id="0-1091" name="TestEosExceptionBytes" fullname="Kaitai.SpecEosExceptionBytes.TestEosExceptionBytes" methodname="TestEosExceptionBytes" classname="Kaitai.SpecEosExceptionBytes" runstate="Runnable" seed="244369154" result="Passed" start-time="2020-08-01 15:46:52Z" end-time="2020-08-01 15:46:52Z" duration="0.000572" asserts="1" />
      </test-suite>
      <test-suite type="TestFixture" id="0-1092" name="SpecEosExceptionU4" fullname="Kaitai.SpecEosExceptionU4" classname="Kaitai.SpecEosExceptionU4" runstate="Runnable" testcasecount="1" result="Passed" start-time="2020-08-01 15:46:52Z" end-time="2020-08-01 15:46:52Z" duration="0.002998" total="1" passed="1" failed="0" inconclusive="0" skipped="0" asserts="1">
        <test-case id="0-1093" name="TestEosExceptionU4" fullname="Kaitai.SpecEosExceptionU4.TestEosExceptionU4" methodname="TestEosExceptionU4" classname="Kaitai.SpecEosExceptionU4" runstate="Runnable" seed="1402945215" result="Passed" start-time="2020-08-01 15:46:52Z" end-time="2020-08-01 15:46:52Z" duration="0.000589" asserts="1" />
      </test-suite>
      <test-suite type="TestFixture" id="0-1094" name="SpecExpr0" fullname="Kaitai.SpecExpr0" classname="Kaitai.SpecExpr0" runstate="Runnable" testcasecount="1" result="Passed" start-time="2020-08-01 15:46:52Z" end-time="2020-08-01 15:46:52Z" duration="0.002886" total="1" passed="1" failed="0" inconclusive="0" skipped="0" asserts="2">
        <test-case id="0-1095" name="TestExpr0" fullname="Kaitai.SpecExpr0.TestExpr0" methodname="TestExpr0" classname="Kaitai.SpecExpr0" runstate="Runnable" seed="975608361" result="Passed" start-time="2020-08-01 15:46:52Z" end-time="2020-08-01 15:46:52Z" duration="0.000494" asserts="2" />
      </test-suite>
      <test-suite type="TestFixture" id="0-1096" name="SpecExpr1" fullname="Kaitai.SpecExpr1" classname="Kaitai.SpecExpr1" runstate="Runnable" testcasecount="1" result="Passed" start-time="2020-08-01 15:46:52Z" end-time="2020-08-01 15:46:52Z" duration="0.002999" total="1" passed="1" failed="0" inconclusive="0" skipped="0" asserts="4">
        <test-case id="0-1097" name="TestExpr1" fullname="Kaitai.SpecExpr1.TestExpr1" methodname="TestExpr1" classname="Kaitai.SpecExpr1" runstate="Runnable" seed="171227670" result="Passed" start-time="2020-08-01 15:46:52Z" end-time="2020-08-01 15:46:52Z" duration="0.000585" asserts="4" />
      </test-suite>
      <test-suite type="TestFixture" id="0-1098" name="SpecExpr2" fullname="Kaitai.SpecExpr2" classname="Kaitai.SpecExpr2" runstate="Runnable" testcasecount="1" result="Passed" start-time="2020-08-01 15:46:52Z" end-time="2020-08-01 15:46:52Z" duration="0.004326" total="1" passed="1" failed="0" inconclusive="0" skipped="0" asserts="17">
        <test-case id="0-1099" name="TestExpr2" fullname="Kaitai.SpecExpr2.TestExpr2" methodname="TestExpr2" classname="Kaitai.SpecExpr2" runstate="Runnable" seed="658114911" result="Passed" start-time="2020-08-01 15:46:52Z" end-time="2020-08-01 15:46:52Z" duration="0.001881" asserts="17" />
      </test-suite>
      <test-suite type="TestFixture" id="0-1100" name="SpecExpr3" fullname="Kaitai.SpecExpr3" classname="Kaitai.SpecExpr3" runstate="Runnable" testcasecount="1" result="Passed" start-time="2020-08-01 15:46:52Z" end-time="2020-08-01 15:46:52Z" duration="0.004175" total="1" passed="1" failed="0" inconclusive="0" skipped="0" asserts="12">
        <test-case id="0-1101" name="TestExpr3" fullname="Kaitai.SpecExpr3.TestExpr3" methodname="TestExpr3" classname="Kaitai.SpecExpr3" runstate="Runnable" seed="107341127" result="Passed" start-time="2020-08-01 15:46:52Z" end-time="2020-08-01 15:46:52Z" duration="0.001644" asserts="12" />
      </test-suite>
      <test-suite type="TestFixture" id="0-1102" name="SpecExprArray" fullname="Kaitai.SpecExprArray" classname="Kaitai.SpecExprArray" runstate="Runnable" testcasecount="1" result="Passed" start-time="2020-08-01 15:46:52Z" end-time="2020-08-01 15:46:52Z" duration="0.009953" total="1" passed="1" failed="0" inconclusive="0" skipped="0" asserts="15">
        <test-case id="0-1103" name="TestExprArray" fullname="Kaitai.SpecExprArray.TestExprArray" methodname="TestExprArray" classname="Kaitai.SpecExprArray" runstate="Runnable" seed="1039743904" result="Passed" start-time="2020-08-01 15:46:52Z" end-time="2020-08-01 15:46:52Z" duration="0.007514" asserts="15" />
      </test-suite>
      <test-suite type="TestFixture" id="0-1104" name="SpecExprBytesCmp" fullname="Kaitai.SpecExprBytesCmp" classname="Kaitai.SpecExprBytesCmp" runstate="Runnable" testcasecount="1" result="Passed" start-time="2020-08-01 15:46:52Z" end-time="2020-08-01 15:46:52Z" duration="0.003934" total="1" passed="1" failed="0" inconclusive="0" skipped="0" asserts="10">
        <test-case id="0-1105" name="TestExprBytesCmp" fullname="Kaitai.SpecExprBytesCmp.TestExprBytesCmp" methodname="TestExprBytesCmp" classname="Kaitai.SpecExprBytesCmp" runstate="Runnable" seed="2045708404" result="Passed" start-time="2020-08-01 15:46:52Z" end-time="2020-08-01 15:46:52Z" duration="0.001407" asserts="10" />
      </test-suite>
      <test-suite type="TestFixture" id="0-1106" name="SpecExprBytesOps" fullname="Kaitai.SpecExprBytesOps" classname="Kaitai.SpecExprBytesOps" runstate="Runnable" testcasecount="1" result="Passed" start-time="2020-08-01 15:46:52Z" end-time="2020-08-01 15:46:52Z" duration="0.005751" total="1" passed="1" failed="0" inconclusive="0" skipped="0" asserts="12">
        <test-case id="0-1107" name="TestExprBytesOps" fullname="Kaitai.SpecExprBytesOps.TestExprBytesOps" methodname="TestExprBytesOps" classname="Kaitai.SpecExprBytesOps" runstate="Runnable" seed="1572141447" result="Passed" start-time="2020-08-01 15:46:52Z" end-time="2020-08-01 15:46:52Z" duration="0.003205" asserts="12" />
      </test-suite>
      <test-suite type="TestFixture" id="0-1108" name="SpecExprCalcArrayOps" fullname="Kaitai.SpecExprCalcArrayOps" classname="Kaitai.SpecExprCalcArrayOps" runstate="Runnable" testcasecount="1" result="Passed" start-time="2020-08-01 15:46:52Z" end-time="2020-08-01 15:46:52Z" duration="0.007467" total="1" passed="1" failed="0" inconclusive="0" skipped="0" asserts="18">
        <test-case id="0-1109" name="TestExprCalcArrayOps" fullname="Kaitai.SpecExprCalcArrayOps.TestExprCalcArrayOps" methodname="TestExprCalcArrayOps" classname="Kaitai.SpecExprCalcArrayOps" runstate="Runnable" seed="358763972" result="Passed" start-time="2020-08-01 15:46:52Z" end-time="2020-08-01 15:46:52Z" duration="0.004499" asserts="18" />
      </test-suite>
      <test-suite type="TestFixture" id="0-1110" name="SpecExprEnum" fullname="Kaitai.SpecExprEnum" classname="Kaitai.SpecExprEnum" runstate="Runnable" testcasecount="1" result="Passed" start-time="2020-08-01 15:46:52Z" end-time="2020-08-01 15:46:52Z" duration="0.003190" total="1" passed="1" failed="0" inconclusive="0" skipped="0" asserts="3">
        <test-case id="0-1111" name="TestExprEnum" fullname="Kaitai.SpecExprEnum.TestExprEnum" methodname="TestExprEnum" classname="Kaitai.SpecExprEnum" runstate="Runnable" seed="292933350" result="Passed" start-time="2020-08-01 15:46:52Z" end-time="2020-08-01 15:46:52Z" duration="0.000677" asserts="3" />
      </test-suite>
      <test-suite type="TestFixture" id="0-1112" name="SpecExprIfIntOps" fullname="Kaitai.SpecExprIfIntOps" classname="Kaitai.SpecExprIfIntOps" runstate="Runnable" testcasecount="1" result="Passed" start-time="2020-08-01 15:46:52Z" end-time="2020-08-01 15:46:52Z" duration="0.003759" total="1" passed="1" failed="0" inconclusive="0" skipped="0" asserts="2">
        <test-case id="0-1113" name="TestExprIfIntOps" fullname="Kaitai.SpecExprIfIntOps.TestExprIfIntOps" methodname="TestExprIfIntOps" classname="Kaitai.SpecExprIfIntOps" runstate="Runnable" seed="279219171" result="Passed" start-time="2020-08-01 15:46:52Z" end-time="2020-08-01 15:46:52Z" duration="0.001252" asserts="2" />
      </test-suite>
      <test-suite type="TestFixture" id="0-1114" name="SpecExprIntDiv" fullname="Kaitai.SpecExprIntDiv" classname="Kaitai.SpecExprIntDiv" runstate="Runnable" testcasecount="1" result="Failed" site="Child" start-time="2020-08-01 15:46:52Z" end-time="2020-08-01 15:46:52Z" duration="0.014600" total="1" passed="0" failed="1" inconclusive="0" skipped="0" asserts="4">
        <failure>
          <message><![CDATA[One or more child tests had errors]]></message>
        </failure>
        <test-case id="0-1115" name="TestExprIntDiv" fullname="Kaitai.SpecExprIntDiv.TestExprIntDiv" methodname="TestExprIntDiv" classname="Kaitai.SpecExprIntDiv" runstate="Runnable" seed="1029471860" result="Failed" start-time="2020-08-01 15:46:52Z" end-time="2020-08-01 15:46:52Z" duration="0.012030" asserts="4">
          <failure>
            <message><![CDATA[  Expected: -756
  But was:  -757
]]></message>
            <stack-trace><![CDATA[at Kaitai.SpecExprIntDiv.TestExprIntDiv () [0x00069] in <3c869f15cae7448e8352aca4693627ed>:0
]]></stack-trace>
          </failure>
        </test-case>
      </test-suite>
      <test-suite type="TestFixture" id="0-1116" name="SpecExprIoEof" fullname="Kaitai.SpecExprIoEof" classname="Kaitai.SpecExprIoEof" runstate="Runnable" testcasecount="1" result="Passed" start-time="2020-08-01 15:46:52Z" end-time="2020-08-01 15:46:52Z" duration="0.003711" total="1" passed="1" failed="0" inconclusive="0" skipped="0" asserts="4">
        <test-case id="0-1117" name="TestExprIoEof" fullname="Kaitai.SpecExprIoEof.TestExprIoEof" methodname="TestExprIoEof" classname="Kaitai.SpecExprIoEof" runstate="Runnable" seed="1991591887" result="Passed" start-time="2020-08-01 15:46:52Z" end-time="2020-08-01 15:46:52Z" duration="0.001283" asserts="4" />
      </test-suite>
      <test-suite type="TestFixture" id="0-1118" name="SpecExprIoPos" fullname="Kaitai.SpecExprIoPos" classname="Kaitai.SpecExprIoPos" runstate="Runnable" testcasecount="1" result="Passed" start-time="2020-08-01 15:46:52Z" end-time="2020-08-01 15:46:52Z" duration="0.003286" total="1" passed="1" failed="0" inconclusive="0" skipped="0" asserts="6">
        <test-case id="0-1119" name="TestExprIoPos" fullname="Kaitai.SpecExprIoPos.TestExprIoPos" methodname="TestExprIoPos" classname="Kaitai.SpecExprIoPos" runstate="Runnable" seed="1902375252" result="Passed" start-time="2020-08-01 15:46:52Z" end-time="2020-08-01 15:46:52Z" duration="0.000818" asserts="6" />
      </test-suite>
      <test-suite type="TestFixture" id="0-1120" name="SpecExprMod" fullname="Kaitai.SpecExprMod" classname="Kaitai.SpecExprMod" runstate="Runnable" testcasecount="1" result="Passed" start-time="2020-08-01 15:46:52Z" end-time="2020-08-01 15:46:52Z" duration="0.003681" total="1" passed="1" failed="0" inconclusive="0" skipped="0" asserts="6">
        <test-case id="0-1121" name="TestExprMod" fullname="Kaitai.SpecExprMod.TestExprMod" methodname="TestExprMod" classname="Kaitai.SpecExprMod" runstate="Runnable" seed="1649817073" result="Passed" start-time="2020-08-01 15:46:52Z" end-time="2020-08-01 15:46:52Z" duration="0.001061" asserts="6" />
      </test-suite>
      <test-suite type="TestFixture" id="0-1122" name="SpecExprSizeofType0" fullname="Kaitai.SpecExprSizeofType0" classname="Kaitai.SpecExprSizeofType0" runstate="Runnable" testcasecount="1" result="Passed" start-time="2020-08-01 15:46:52Z" end-time="2020-08-01 15:46:52Z" duration="0.002900" total="1" passed="1" failed="0" inconclusive="0" skipped="0" asserts="1">
        <test-case id="0-1123" name="TestExprSizeofType0" fullname="Kaitai.SpecExprSizeofType0.TestExprSizeofType0" methodname="TestExprSizeofType0" classname="Kaitai.SpecExprSizeofType0" runstate="Runnable" seed="850537425" result="Passed" start-time="2020-08-01 15:46:52Z" end-time="2020-08-01 15:46:52Z" duration="0.000367" asserts="1" />
      </test-suite>
      <test-suite type="TestFixture" id="0-1124" name="SpecExprSizeofType1" fullname="Kaitai.SpecExprSizeofType1" classname="Kaitai.SpecExprSizeofType1" runstate="Runnable" testcasecount="1" result="Passed" start-time="2020-08-01 15:46:52Z" end-time="2020-08-01 15:46:52Z" duration="0.003023" total="1" passed="1" failed="0" inconclusive="0" skipped="0" asserts="2">
        <test-case id="0-1125" name="TestExprSizeofType1" fullname="Kaitai.SpecExprSizeofType1.TestExprSizeofType1" methodname="TestExprSizeofType1" classname="Kaitai.SpecExprSizeofType1" runstate="Runnable" seed="1325405524" result="Passed" start-time="2020-08-01 15:46:52Z" end-time="2020-08-01 15:46:52Z" duration="0.000557" asserts="2" />
      </test-suite>
      <test-suite type="TestFixture" id="0-1126" name="SpecExprSizeofValue0" fullname="Kaitai.SpecExprSizeofValue0" classname="Kaitai.SpecExprSizeofValue0" runstate="Runnable" testcasecount="1" result="Passed" start-time="2020-08-01 15:46:52Z" end-time="2020-08-01 15:46:52Z" duration="0.003362" total="1" passed="1" failed="0" inconclusive="0" skipped="0" asserts="5">
        <test-case id="0-1127" name="TestExprSizeofValue0" fullname="Kaitai.SpecExprSizeofValue0.TestExprSizeofValue0" methodname="TestExprSizeofValue0" classname="Kaitai.SpecExprSizeofValue0" runstate="Runnable" seed="724142647" result="Passed" start-time="2020-08-01 15:46:52Z" end-time="2020-08-01 15:46:52Z" duration="0.000874" asserts="5" />
      </test-suite>
      <test-suite type="TestFixture" id="0-1128" name="SpecExprSizeofValueSized" fullname="Kaitai.SpecExprSizeofValueSized" classname="Kaitai.SpecExprSizeofValueSized" runstate="Runnable" testcasecount="1" result="Passed" start-time="2020-08-01 15:46:52Z" end-time="2020-08-01 15:46:52Z" duration="0.003476" total="1" passed="1" failed="0" inconclusive="0" skipped="0" asserts="5">
        <test-case id="0-1129" name="TestExprSizeofValueSized" fullname="Kaitai.SpecExprSizeofValueSized.TestExprSizeofValueSized" methodname="TestExprSizeofValueSized" classname="Kaitai.SpecExprSizeofValueSized" runstate="Runnable" seed="98287119" result="Passed" start-time="2020-08-01 15:46:52Z" end-time="2020-08-01 15:46:52Z" duration="0.000979" asserts="5" />
      </test-suite>
      <test-suite type="TestFixture" id="0-1130" name="SpecExprStrOps" fullname="Kaitai.SpecExprStrOps" classname="Kaitai.SpecExprStrOps" runstate="Runnable" testcasecount="1" result="Passed" start-time="2020-08-01 15:46:52Z" end-time="2020-08-01 15:46:52Z" duration="0.006501" total="1" passed="1" failed="0" inconclusive="0" skipped="0" asserts="17">
        <test-case id="0-1131" name="TestExprStrOps" fullname="Kaitai.SpecExprStrOps.TestExprStrOps" methodname="TestExprStrOps" classname="Kaitai.SpecExprStrOps" runstate="Runnable" seed="103477256" result="Passed" start-time="2020-08-01 15:46:52Z" end-time="2020-08-01 15:46:52Z" duration="0.004022" asserts="17" />
      </test-suite>
      <test-suite type="TestFixture" id="0-1132" name="SpecFixedContents" fullname="Kaitai.SpecFixedContents" classname="Kaitai.SpecFixedContents" runstate="Runnable" testcasecount="1" result="Passed" start-time="2020-08-01 15:46:52Z" end-time="2020-08-01 15:46:52Z" duration="0.003145" total="1" passed="1" failed="0" inconclusive="0" skipped="0" asserts="0">
        <test-case id="0-1133" name="TestFixedContents" fullname="Kaitai.SpecFixedContents.TestFixedContents" methodname="TestFixedContents" classname="Kaitai.SpecFixedContents" runstate="Runnable" seed="401282955" result="Passed" start-time="2020-08-01 15:46:52Z" end-time="2020-08-01 15:46:52Z" duration="0.000641" asserts="0" />
      </test-suite>
      <test-suite type="TestFixture" id="0-1134" name="SpecFixedStruct" fullname="Kaitai.SpecFixedStruct" classname="Kaitai.SpecFixedStruct" runstate="Runnable" testcasecount="1" result="Passed" start-time="2020-08-01 15:46:52Z" end-time="2020-08-01 15:46:52Z" duration="0.005185" total="1" passed="1" failed="0" inconclusive="0" skipped="0" asserts="20">
        <test-case id="0-1135" name="TestFixedStruct" fullname="Kaitai.SpecFixedStruct.TestFixedStruct" methodname="TestFixedStruct" classname="Kaitai.SpecFixedStruct" runstate="Runnable" seed="1581223106" result="Passed" start-time="2020-08-01 15:46:52Z" end-time="2020-08-01 15:46:52Z" duration="0.002663" asserts="20" />
      </test-suite>
      <test-suite type="TestFixture" id="0-1138" name="SpecFloatingPoints" fullname="Kaitai.SpecFloatingPoints" classname="Kaitai.SpecFloatingPoints" runstate="Runnable" testcasecount="1" result="Passed" start-time="2020-08-01 15:46:52Z" end-time="2020-08-01 15:46:52Z" duration="0.003492" total="1" passed="1" failed="0" inconclusive="0" skipped="0" asserts="8">
        <test-case id="0-1139" name="TestFloatingPoints" fullname="Kaitai.SpecFloatingPoints.TestFloatingPoints" methodname="TestFloatingPoints" classname="Kaitai.SpecFloatingPoints" runstate="Runnable" seed="2088391903" result="Passed" start-time="2020-08-01 15:46:52Z" end-time="2020-08-01 15:46:52Z" duration="0.000941" asserts="8" />
      </test-suite>
      <test-suite type="TestFixture" id="0-1136" name="SpecFloatToI" fullname="Kaitai.SpecFloatToI" classname="Kaitai.SpecFloatToI" runstate="Runnable" testcasecount="1" result="Passed" start-time="2020-08-01 15:46:52Z" end-time="2020-08-01 15:46:52Z" duration="0.003523" total="1" passed="1" failed="0" inconclusive="0" skipped="0" asserts="8">
        <test-case id="0-1137" name="TestFloatToI" fullname="Kaitai.SpecFloatToI.TestFloatToI" methodname="TestFloatToI" classname="Kaitai.SpecFloatToI" runstate="Runnable" seed="2136950291" result="Passed" start-time="2020-08-01 15:46:52Z" end-time="2020-08-01 15:46:52Z" duration="0.000989" asserts="8" />
      </test-suite>
      <test-suite type="TestFixture" id="0-1140" name="SpecHelloWorld" fullname="Kaitai.SpecHelloWorld" classname="Kaitai.SpecHelloWorld" runstate="Runnable" testcasecount="1" result="Passed" start-time="2020-08-01 15:46:52Z" end-time="2020-08-01 15:46:52Z" duration="0.002754" total="1" passed="1" failed="0" inconclusive="0" skipped="0" asserts="1">
        <test-case id="0-1141" name="TestHelloWorld" fullname="Kaitai.SpecHelloWorld.TestHelloWorld" methodname="TestHelloWorld" classname="Kaitai.SpecHelloWorld" runstate="Runnable" seed="990076614" result="Passed" start-time="2020-08-01 15:46:52Z" end-time="2020-08-01 15:46:52Z" duration="0.000289" asserts="1" />
      </test-suite>
      <test-suite type="TestFixture" id="0-1142" name="SpecIfInstances" fullname="Kaitai.SpecIfInstances" classname="Kaitai.SpecIfInstances" runstate="Runnable" testcasecount="1" result="Passed" start-time="2020-08-01 15:46:52Z" end-time="2020-08-01 15:46:52Z" duration="0.003349" total="1" passed="1" failed="0" inconclusive="0" skipped="0" asserts="1">
        <test-case id="0-1143" name="TestIfInstances" fullname="Kaitai.SpecIfInstances.TestIfInstances" methodname="TestIfInstances" classname="Kaitai.SpecIfInstances" runstate="Runnable" seed="468943306" result="Passed" start-time="2020-08-01 15:46:52Z" end-time="2020-08-01 15:46:52Z" duration="0.000811" asserts="1" />
      </test-suite>
      <test-suite type="TestFixture" id="0-1144" name="SpecIfStruct" fullname="Kaitai.SpecIfStruct" classname="Kaitai.SpecIfStruct" runstate="Runnable" testcasecount="1" result="Passed" start-time="2020-08-01 15:46:52Z" end-time="2020-08-01 15:46:52Z" duration="0.003631" total="1" passed="1" failed="0" inconclusive="0" skipped="0" asserts="7">
        <test-case id="0-1145" name="TestIfStruct" fullname="Kaitai.SpecIfStruct.TestIfStruct" methodname="TestIfStruct" classname="Kaitai.SpecIfStruct" runstate="Runnable" seed="558199291" result="Passed" start-time="2020-08-01 15:46:52Z" end-time="2020-08-01 15:46:52Z" duration="0.001052" asserts="7" />
      </test-suite>
      <test-suite type="TestFixture" id="0-1146" name="SpecIfValues" fullname="Kaitai.SpecIfValues" classname="Kaitai.SpecIfValues" runstate="Runnable" testcasecount="1" result="Passed" start-time="2020-08-01 15:46:52Z" end-time="2020-08-01 15:46:52Z" duration="0.003886" total="1" passed="1" failed="0" inconclusive="0" skipped="0" asserts="6">
        <test-case id="0-1147" name="TestIfValues" fullname="Kaitai.SpecIfValues.TestIfValues" methodname="TestIfValues" classname="Kaitai.SpecIfValues" runstate="Runnable" seed="835006202" result="Passed" start-time="2020-08-01 15:46:52Z" end-time="2020-08-01 15:46:52Z" duration="0.001355" asserts="6" />
      </test-suite>
      <test-suite type="TestFixture" id="0-1148" name="SpecImports0" fullname="Kaitai.SpecImports0" classname="Kaitai.SpecImports0" runstate="Runnable" testcasecount="1" result="Passed" start-time="2020-08-01 15:46:52Z" end-time="2020-08-01 15:46:52Z" duration="0.002981" total="1" passed="1" failed="0" inconclusive="0" skipped="0" asserts="3">
        <test-case id="0-1149" name="TestImports0" fullname="Kaitai.SpecImports0.TestImports0" methodname="TestImports0" classname="Kaitai.SpecImports0" runstate="Runnable" seed="1192937311" result="Passed" start-time="2020-08-01 15:46:52Z" end-time="2020-08-01 15:46:52Z" duration="0.000541" asserts="3" />
      </test-suite>
      <test-suite type="TestFixture" id="0-1150" name="SpecImportsAbs" fullname="Kaitai.SpecImportsAbs" classname="Kaitai.SpecImportsAbs" runstate="Runnable" testcasecount="1" result="Passed" start-time="2020-08-01 15:46:52Z" end-time="2020-08-01 15:46:52Z" duration="0.004077" total="1" passed="1" failed="0" inconclusive="0" skipped="0" asserts="2">
        <test-case id="0-1151" name="TestImportsAbs" fullname="Kaitai.SpecImportsAbs.TestImportsAbs" methodname="TestImportsAbs" classname="Kaitai.SpecImportsAbs" runstate="Runnable" seed="1385446218" result="Passed" start-time="2020-08-01 15:46:52Z" end-time="2020-08-01 15:46:52Z" duration="0.001585" asserts="2" />
      </test-suite>
      <test-suite type="TestFixture" id="0-1152" name="SpecImportsAbsAbs" fullname="Kaitai.SpecImportsAbsAbs" classname="Kaitai.SpecImportsAbsAbs" runstate="Runnable" testcasecount="1" result="Passed" start-time="2020-08-01 15:46:52Z" end-time="2020-08-01 15:46:52Z" duration="0.003210" total="1" passed="1" failed="0" inconclusive="0" skipped="0" asserts="3">
        <test-case id="0-1153" name="TestImportsAbsAbs" fullname="Kaitai.SpecImportsAbsAbs.TestImportsAbsAbs" methodname="TestImportsAbsAbs" classname="Kaitai.SpecImportsAbsAbs" runstate="Runnable" seed="1208873164" result="Passed" start-time="2020-08-01 15:46:52Z" end-time="2020-08-01 15:46:52Z" duration="0.000786" asserts="3" />
      </test-suite>
      <test-suite type="TestFixture" id="0-1154" name="SpecImportsAbsRel" fullname="Kaitai.SpecImportsAbsRel" classname="Kaitai.SpecImportsAbsRel" runstate="Runnable" testcasecount="1" result="Passed" start-time="2020-08-01 15:46:52Z" end-time="2020-08-01 15:46:52Z" duration="0.003334" total="1" passed="1" failed="0" inconclusive="0" skipped="0" asserts="3">
        <test-case id="0-1155" name="TestImportsAbsRel" fullname="Kaitai.SpecImportsAbsRel.TestImportsAbsRel" methodname="TestImportsAbsRel" classname="Kaitai.SpecImportsAbsRel" runstate="Runnable" seed="1675716569" result="Passed" start-time="2020-08-01 15:46:52Z" end-time="2020-08-01 15:46:52Z" duration="0.000836" asserts="3" />
      </test-suite>
      <test-suite type="TestFixture" id="0-1156" name="SpecImportsCircularA" fullname="Kaitai.SpecImportsCircularA" classname="Kaitai.SpecImportsCircularA" runstate="Runnable" testcasecount="1" result="Passed" start-time="2020-08-01 15:46:52Z" end-time="2020-08-01 15:46:52Z" duration="0.003417" total="1" passed="1" failed="0" inconclusive="0" skipped="0" asserts="5">
        <test-case id="0-1157" name="TestImportsCircularA" fullname="Kaitai.SpecImportsCircularA.TestImportsCircularA" methodname="TestImportsCircularA" classname="Kaitai.SpecImportsCircularA" runstate="Runnable" seed="185840006" result="Passed" start-time="2020-08-01 15:46:52Z" end-time="2020-08-01 15:46:52Z" duration="0.000763" asserts="5" />
      </test-suite>
      <test-suite type="TestFixture" id="0-1158" name="SpecImportsRel1" fullname="Kaitai.SpecImportsRel1" classname="Kaitai.SpecImportsRel1" runstate="Runnable" testcasecount="1" result="Passed" start-time="2020-08-01 15:46:52Z" end-time="2020-08-01 15:46:52Z" duration="0.003432" total="1" passed="1" failed="0" inconclusive="0" skipped="0" asserts="3">
        <test-case id="0-1159" name="TestImportsRel1" fullname="Kaitai.SpecImportsRel1.TestImportsRel1" methodname="TestImportsRel1" classname="Kaitai.SpecImportsRel1" runstate="Runnable" seed="1719005828" result="Passed" start-time="2020-08-01 15:46:52Z" end-time="2020-08-01 15:46:52Z" duration="0.000960" asserts="3" />
      </test-suite>
      <test-suite type="TestFixture" id="0-1160" name="SpecIndexSizes" fullname="Kaitai.SpecIndexSizes" classname="Kaitai.SpecIndexSizes" runstate="Runnable" testcasecount="1" result="Passed" start-time="2020-08-01 15:46:52Z" end-time="2020-08-01 15:46:52Z" duration="0.003786" total="1" passed="1" failed="0" inconclusive="0" skipped="0" asserts="7">
        <test-case id="0-1161" name="TestIndexSizes" fullname="Kaitai.SpecIndexSizes.TestIndexSizes" methodname="TestIndexSizes" classname="Kaitai.SpecIndexSizes" runstate="Runnable" seed="1578843714" result="Passed" start-time="2020-08-01 15:46:52Z" end-time="2020-08-01 15:46:52Z" duration="0.001257" asserts="7" />
      </test-suite>
      <test-suite type="TestFixture" id="0-1162" name="SpecIndexToParamEos" fullname="Kaitai.SpecIndexToParamEos" classname="Kaitai.SpecIndexToParamEos" runstate="Runnable" testcasecount="1" result="Passed" start-time="2020-08-01 15:46:52Z" end-time="2020-08-01 15:46:52Z" duration="0.003709" total="1" passed="1" failed="0" inconclusive="0" skipped="0" asserts="7">
        <test-case id="0-1163" name="TestIndexToParamEos" fullname="Kaitai.SpecIndexToParamEos.TestIndexToParamEos" methodname="TestIndexToParamEos" classname="Kaitai.SpecIndexToParamEos" runstate="Runnable" seed="942038381" result="Passed" start-time="2020-08-01 15:46:52Z" end-time="2020-08-01 15:46:52Z" duration="0.001252" asserts="7" />
      </test-suite>
      <test-suite type="TestFixture" id="0-1164" name="SpecIndexToParamExpr" fullname="Kaitai.SpecIndexToParamExpr" classname="Kaitai.SpecIndexToParamExpr" runstate="Runnable" testcasecount="1" result="Passed" start-time="2020-08-01 15:46:52Z" end-time="2020-08-01 15:46:52Z" duration="0.003651" total="1" passed="1" failed="0" inconclusive="0" skipped="0" asserts="7">
        <test-case id="0-1165" name="TestIndexToParamExpr" fullname="Kaitai.SpecIndexToParamExpr.TestIndexToParamExpr" methodname="TestIndexToParamExpr" classname="Kaitai.SpecIndexToParamExpr" runstate="Runnable" seed="1951572725" result="Passed" start-time="2020-08-01 15:46:52Z" end-time="2020-08-01 15:46:52Z" duration="0.001202" asserts="7" />
      </test-suite>
      <test-suite type="TestFixture" id="0-1166" name="SpecIndexToParamUntil" fullname="Kaitai.SpecIndexToParamUntil" classname="Kaitai.SpecIndexToParamUntil" runstate="Runnable" testcasecount="1" result="Passed" start-time="2020-08-01 15:46:52Z" end-time="2020-08-01 15:46:52Z" duration="0.003787" total="1" passed="1" failed="0" inconclusive="0" skipped="0" asserts="7">
        <test-case id="0-1167" name="TestIndexToParamUntil" fullname="Kaitai.SpecIndexToParamUntil.TestIndexToParamUntil" methodname="TestIndexToParamUntil" classname="Kaitai.SpecIndexToParamUntil" runstate="Runnable" seed="573411757" result="Passed" start-time="2020-08-01 15:46:52Z" end-time="2020-08-01 15:46:52Z" duration="0.001322" asserts="7" />
      </test-suite>
      <test-suite type="TestFixture" id="0-1168" name="SpecInstanceIoUser" fullname="Kaitai.SpecInstanceIoUser" classname="Kaitai.SpecInstanceIoUser" runstate="Runnable" testcasecount="1" result="Passed" start-time="2020-08-01 15:46:52Z" end-time="2020-08-01 15:46:52Z" duration="0.003977" total="1" passed="1" failed="0" inconclusive="0" skipped="0" asserts="4">
        <test-case id="0-1169" name="TestInstanceIoUser" fullname="Kaitai.SpecInstanceIoUser.TestInstanceIoUser" methodname="TestInstanceIoUser" classname="Kaitai.SpecInstanceIoUser" runstate="Runnable" seed="817359805" result="Passed" start-time="2020-08-01 15:46:52Z" end-time="2020-08-01 15:46:52Z" duration="0.001482" asserts="4" />
      </test-suite>
      <test-suite type="TestFixture" id="0-1170" name="SpecInstanceStd" fullname="Kaitai.SpecInstanceStd" classname="Kaitai.SpecInstanceStd" runstate="Runnable" testcasecount="1" result="Passed" start-time="2020-08-01 15:46:52Z" end-time="2020-08-01 15:46:52Z" duration="0.002900" total="1" passed="1" failed="0" inconclusive="0" skipped="0" asserts="1">
        <test-case id="0-1171" name="TestInstanceStd" fullname="Kaitai.SpecInstanceStd.TestInstanceStd" methodname="TestInstanceStd" classname="Kaitai.SpecInstanceStd" runstate="Runnable" seed="12814467" result="Passed" start-time="2020-08-01 15:46:52Z" end-time="2020-08-01 15:46:52Z" duration="0.000418" asserts="1" />
      </test-suite>
      <test-suite type="TestFixture" id="0-1172" name="SpecInstanceStdArray" fullname="Kaitai.SpecInstanceStdArray" classname="Kaitai.SpecInstanceStdArray" runstate="Runnable" testcasecount="1" result="Passed" start-time="2020-08-01 15:46:52Z" end-time="2020-08-01 15:46:52Z" duration="0.003912" total="1" passed="1" failed="0" inconclusive="0" skipped="0" asserts="7">
        <test-case id="0-1173" name="TestInstanceStdArray" fullname="Kaitai.SpecInstanceStdArray.TestInstanceStdArray" methodname="TestInstanceStdArray" classname="Kaitai.SpecInstanceStdArray" runstate="Runnable" seed="625098991" result="Passed" start-time="2020-08-01 15:46:52Z" end-time="2020-08-01 15:46:52Z" duration="0.001368" asserts="7" />
      </test-suite>
      <test-suite type="TestFixture" id="0-1174" name="SpecInstanceUserArray" fullname="Kaitai.SpecInstanceUserArray" classname="Kaitai.SpecInstanceUserArray" runstate="Runnable" testcasecount="1" result="Passed" start-time="2020-08-01 15:46:52Z" end-time="2020-08-01 15:46:52Z" duration="0.003916" total="1" passed="1" failed="0" inconclusive="0" skipped="0" asserts="10">
        <test-case id="0-1175" name="TestInstanceUserArray" fullname="Kaitai.SpecInstanceUserArray.TestInstanceUserArray" methodname="TestInstanceUserArray" classname="Kaitai.SpecInstanceUserArray" runstate="Runnable" seed="1281826207" result="Passed" start-time="2020-08-01 15:46:52Z" end-time="2020-08-01 15:46:52Z" duration="0.001339" asserts="10" />
      </test-suite>
      <test-suite type="TestFixture" id="0-1176" name="SpecIntegers" fullname="Kaitai.SpecIntegers" classname="Kaitai.SpecIntegers" runstate="Runnable" testcasecount="1" result="Passed" start-time="2020-08-01 15:46:52Z" end-time="2020-08-01 15:46:52Z" duration="0.004116" total="1" passed="1" failed="0" inconclusive="0" skipped="0" asserts="20">
        <test-case id="0-1177" name="TestIntegers" fullname="Kaitai.SpecIntegers.TestIntegers" methodname="TestIntegers" classname="Kaitai.SpecIntegers" runstate="Runnable" seed="715415892" result="Passed" start-time="2020-08-01 15:46:52Z" end-time="2020-08-01 15:46:52Z" duration="0.001666" asserts="20" />
      </test-suite>
      <test-suite type="TestFixture" id="0-1178" name="SpecIntegersMinMax" fullname="Kaitai.SpecIntegersMinMax" classname="Kaitai.SpecIntegersMinMax" runstate="Runnable" testcasecount="1" result="Passed" start-time="2020-08-01 15:46:52Z" end-time="2020-08-01 15:46:52Z" duration="0.004481" total="1" passed="1" failed="0" inconclusive="0" skipped="0" asserts="28">
        <test-case id="0-1179" name="TestIntegersMinMax" fullname="Kaitai.SpecIntegersMinMax.TestIntegersMinMax" methodname="TestIntegersMinMax" classname="Kaitai.SpecIntegersMinMax" runstate="Runnable" seed="1802526560" result="Passed" start-time="2020-08-01 15:46:52Z" end-time="2020-08-01 15:46:52Z" duration="0.001997" asserts="28" />
      </test-suite>
      <test-suite type="TestFixture" id="0-1180" name="SpecIoLocalVar" fullname="Kaitai.SpecIoLocalVar" classname="Kaitai.SpecIoLocalVar" runstate="Runnable" testcasecount="1" result="Passed" start-time="2020-08-01 15:46:52Z" end-time="2020-08-01 15:46:52Z" duration="0.003248" total="1" passed="1" failed="0" inconclusive="0" skipped="0" asserts="2">
        <test-case id="0-1181" name="TestIoLocalVar" fullname="Kaitai.SpecIoLocalVar.TestIoLocalVar" methodname="TestIoLocalVar" classname="Kaitai.SpecIoLocalVar" runstate="Runnable" seed="90774906" result="Passed" start-time="2020-08-01 15:46:52Z" end-time="2020-08-01 15:46:52Z" duration="0.000747" asserts="2" />
      </test-suite>
      <test-suite type="TestFixture" id="0-1182" name="SpecJsSignedRightShift" fullname="Kaitai.SpecJsSignedRightShift" classname="Kaitai.SpecJsSignedRightShift" runstate="Runnable" testcasecount="1" result="Passed" start-time="2020-08-01 15:46:52Z" end-time="2020-08-01 15:46:52Z" duration="0.002958" total="1" passed="1" failed="0" inconclusive="0" skipped="0" asserts="2">
        <test-case id="0-1183" name="TestJsSignedRightShift" fullname="Kaitai.SpecJsSignedRightShift.TestJsSignedRightShift" methodname="TestJsSignedRightShift" classname="Kaitai.SpecJsSignedRightShift" runstate="Runnable" seed="1454414974" result="Passed" start-time="2020-08-01 15:46:52Z" end-time="2020-08-01 15:46:52Z" duration="0.000439" asserts="2" />
      </test-suite>
      <test-suite type="TestFixture" id="0-1184" name="SpecMetaTags" fullname="Kaitai.SpecMetaTags" classname="Kaitai.SpecMetaTags" runstate="Runnable" testcasecount="1" result="Passed" start-time="2020-08-01 15:46:52Z" end-time="2020-08-01 15:46:52Z" duration="0.002781" total="1" passed="1" failed="0" inconclusive="0" skipped="0" asserts="0">
        <test-case id="0-1185" name="TestMetaTags" fullname="Kaitai.SpecMetaTags.TestMetaTags" methodname="TestMetaTags" classname="Kaitai.SpecMetaTags" runstate="Runnable" seed="732581914" result="Passed" start-time="2020-08-01 15:46:52Z" end-time="2020-08-01 15:46:52Z" duration="0.000301" asserts="0" />
      </test-suite>
      <test-suite type="TestFixture" id="0-1186" name="SpecMetaXref" fullname="Kaitai.SpecMetaXref" classname="Kaitai.SpecMetaXref" runstate="Runnable" testcasecount="1" result="Passed" start-time="2020-08-01 15:46:52Z" end-time="2020-08-01 15:46:52Z" duration="0.002835" total="1" passed="1" failed="0" inconclusive="0" skipped="0" asserts="0">
        <test-case id="0-1187" name="TestMetaXref" fullname="Kaitai.SpecMetaXref.TestMetaXref" methodname="TestMetaXref" classname="Kaitai.SpecMetaXref" runstate="Runnable" seed="168807413" result="Passed" start-time="2020-08-01 15:46:52Z" end-time="2020-08-01 15:46:52Z" duration="0.000296" asserts="0" />
      </test-suite>
      <test-suite type="TestFixture" id="0-1188" name="SpecMultipleUse" fullname="Kaitai.SpecMultipleUse" classname="Kaitai.SpecMultipleUse" runstate="Runnable" testcasecount="1" result="Passed" start-time="2020-08-01 15:46:52Z" end-time="2020-08-01 15:46:52Z" duration="0.003235" total="1" passed="1" failed="0" inconclusive="0" skipped="0" asserts="2">
        <test-case id="0-1189" name="TestMultipleUse" fullname="Kaitai.SpecMultipleUse.TestMultipleUse" methodname="TestMultipleUse" classname="Kaitai.SpecMultipleUse" runstate="Runnable" seed="1671015871" result="Passed" start-time="2020-08-01 15:46:52Z" end-time="2020-08-01 15:46:52Z" duration="0.000796" asserts="2" />
      </test-suite>
      <test-suite type="TestFixture" id="0-1190" name="SpecNavParent" fullname="Kaitai.SpecNavParent" classname="Kaitai.SpecNavParent" runstate="Runnable" testcasecount="1" result="Passed" start-time="2020-08-01 15:46:52Z" end-time="2020-08-01 15:46:52Z" duration="0.003897" total="1" passed="1" failed="0" inconclusive="0" skipped="0" asserts="5">
        <test-case id="0-1191" name="TestNavParent" fullname="Kaitai.SpecNavParent.TestNavParent" methodname="TestNavParent" classname="Kaitai.SpecNavParent" runstate="Runnable" seed="1053699380" result="Passed" start-time="2020-08-01 15:46:52Z" end-time="2020-08-01 15:46:52Z" duration="0.001398" asserts="5" />
      </test-suite>
      <test-suite type="TestFixture" id="0-1192" name="SpecNavParent2" fullname="Kaitai.SpecNavParent2" classname="Kaitai.SpecNavParent2" runstate="Runnable" testcasecount="1" result="Passed" start-time="2020-08-01 15:46:52Z" end-time="2020-08-01 15:46:52Z" duration="0.003899" total="1" passed="1" failed="0" inconclusive="0" skipped="0" asserts="10">
        <test-case id="0-1193" name="TestNavParent2" fullname="Kaitai.SpecNavParent2.TestNavParent2" methodname="TestNavParent2" classname="Kaitai.SpecNavParent2" runstate="Runnable" seed="1079420926" result="Passed" start-time="2020-08-01 15:46:52Z" end-time="2020-08-01 15:46:52Z" duration="0.001433" asserts="10" />
      </test-suite>
      <test-suite type="TestFixture" id="0-1194" name="SpecNavParent3" fullname="Kaitai.SpecNavParent3" classname="Kaitai.SpecNavParent3" runstate="Runnable" testcasecount="1" result="Passed" start-time="2020-08-01 15:46:52Z" end-time="2020-08-01 15:46:52Z" duration="0.004338" total="1" passed="1" failed="0" inconclusive="0" skipped="0" asserts="10">
        <test-case id="0-1195" name="TestNavParent3" fullname="Kaitai.SpecNavParent3.TestNavParent3" methodname="TestNavParent3" classname="Kaitai.SpecNavParent3" runstate="Runnable" seed="712761387" result="Passed" start-time="2020-08-01 15:46:52Z" end-time="2020-08-01 15:46:52Z" duration="0.001846" asserts="10" />
      </test-suite>
      <test-suite type="TestFixture" id="0-1196" name="SpecNavParentFalse" fullname="Kaitai.SpecNavParentFalse" classname="Kaitai.SpecNavParentFalse" runstate="Runnable" testcasecount="1" result="Passed" start-time="2020-08-01 15:46:52Z" end-time="2020-08-01 15:46:52Z" duration="0.003542" total="1" passed="1" failed="0" inconclusive="0" skipped="0" asserts="5">
        <test-case id="0-1197" name="TestNavParentFalse" fullname="Kaitai.SpecNavParentFalse.TestNavParentFalse" methodname="TestNavParentFalse" classname="Kaitai.SpecNavParentFalse" runstate="Runnable" seed="1379492273" result="Passed" start-time="2020-08-01 15:46:52Z" end-time="2020-08-01 15:46:52Z" duration="0.001067" asserts="5" />
      </test-suite>
      <test-suite type="TestFixture" id="0-1198" name="SpecNavParentFalse2" fullname="Kaitai.SpecNavParentFalse2" classname="Kaitai.SpecNavParentFalse2" runstate="Runnable" testcasecount="1" result="Passed" start-time="2020-08-01 15:46:52Z" end-time="2020-08-01 15:46:52Z" duration="0.003038" total="1" passed="1" failed="0" inconclusive="0" skipped="0" asserts="1">
        <test-case id="0-1199" name="TestNavParentFalse2" fullname="Kaitai.SpecNavParentFalse2.TestNavParentFalse2" methodname="TestNavParentFalse2" classname="Kaitai.SpecNavParentFalse2" runstate="Runnable" seed="1464105653" result="Passed" start-time="2020-08-01 15:46:52Z" end-time="2020-08-01 15:46:52Z" duration="0.000568" asserts="1" />
      </test-suite>
      <test-suite type="TestFixture" id="0-1200" name="SpecNavParentOverride" fullname="Kaitai.SpecNavParentOverride" classname="Kaitai.SpecNavParentOverride" runstate="Runnable" testcasecount="1" result="Passed" start-time="2020-08-01 15:46:52Z" end-time="2020-08-01 15:46:52Z" duration="0.003339" total="1" passed="1" failed="0" inconclusive="0" skipped="0" asserts="3">
        <test-case id="0-1201" name="TestNavParentOverride" fullname="Kaitai.SpecNavParentOverride.TestNavParentOverride" methodname="TestNavParentOverride" classname="Kaitai.SpecNavParentOverride" runstate="Runnable" seed="1498213220" result="Passed" start-time="2020-08-01 15:46:52Z" end-time="2020-08-01 15:46:52Z" duration="0.000839" asserts="3" />
      </test-suite>
      <test-suite type="TestFixture" id="0-1202" name="SpecNavParentSwitch" fullname="Kaitai.SpecNavParentSwitch" classname="Kaitai.SpecNavParentSwitch" runstate="Runnable" testcasecount="1" result="Passed" start-time="2020-08-01 15:46:52Z" end-time="2020-08-01 15:46:52Z" duration="0.003480" total="1" passed="1" failed="0" inconclusive="0" skipped="0" asserts="3">
        <test-case id="0-1203" name="TestNavParentSwitch" fullname="Kaitai.SpecNavParentSwitch.TestNavParentSwitch" methodname="TestNavParentSwitch" classname="Kaitai.SpecNavParentSwitch" runstate="Runnable" seed="867277515" result="Passed" start-time="2020-08-01 15:46:52Z" end-time="2020-08-01 15:46:52Z" duration="0.001012" asserts="3" />
      </test-suite>
      <test-suite type="TestFixture" id="0-1204" name="SpecNavParentVsValueInst" fullname="Kaitai.SpecNavParentVsValueInst" classname="Kaitai.SpecNavParentVsValueInst" runstate="Runnable" testcasecount="1" result="Passed" start-time="2020-08-01 15:46:52Z" end-time="2020-08-01 15:46:52Z" duration="0.002960" total="1" passed="1" failed="0" inconclusive="0" skipped="0" asserts="1">
        <test-case id="0-1205" name="TestNavParentVsValueInst" fullname="Kaitai.SpecNavParentVsValueInst.TestNavParentVsValueInst" methodname="TestNavParentVsValueInst" classname="Kaitai.SpecNavParentVsValueInst" runstate="Runnable" seed="660367294" result="Passed" start-time="2020-08-01 15:46:52Z" end-time="2020-08-01 15:46:52Z" duration="0.000470" asserts="1" />
      </test-suite>
      <test-suite type="TestFixture" id="0-1206" name="SpecNavRoot" fullname="Kaitai.SpecNavRoot" classname="Kaitai.SpecNavRoot" runstate="Runnable" testcasecount="1" result="Passed" start-time="2020-08-01 15:46:52Z" end-time="2020-08-01 15:46:52Z" duration="0.003862" total="1" passed="1" failed="0" inconclusive="0" skipped="0" asserts="5">
        <test-case id="0-1207" name="TestNavRoot" fullname="Kaitai.SpecNavRoot.TestNavRoot" methodname="TestNavRoot" classname="Kaitai.SpecNavRoot" runstate="Runnable" seed="716297894" result="Passed" start-time="2020-08-01 15:46:52Z" end-time="2020-08-01 15:46:52Z" duration="0.001252" asserts="5" />
      </test-suite>
      <test-suite type="TestFixture" id="0-1208" name="SpecNestedSameName" fullname="Kaitai.SpecNestedSameName" classname="Kaitai.SpecNestedSameName" runstate="Runnable" testcasecount="1" result="Passed" start-time="2020-08-01 15:46:52Z" end-time="2020-08-01 15:46:52Z" duration="0.003315" total="1" passed="1" failed="0" inconclusive="0" skipped="0" asserts="2">
        <test-case id="0-1209" name="TestNestedSameName" fullname="Kaitai.SpecNestedSameName.TestNestedSameName" methodname="TestNestedSameName" classname="Kaitai.SpecNestedSameName" runstate="Runnable" seed="471127823" result="Passed" start-time="2020-08-01 15:46:52Z" end-time="2020-08-01 15:46:52Z" duration="0.000731" asserts="2" />
      </test-suite>
      <test-suite type="TestFixture" id="0-1210" name="SpecNestedSameName2" fullname="Kaitai.SpecNestedSameName2" classname="Kaitai.SpecNestedSameName2" runstate="Runnable" testcasecount="1" result="Passed" start-time="2020-08-01 15:46:52Z" end-time="2020-08-01 15:46:52Z" duration="0.003779" total="1" passed="1" failed="0" inconclusive="0" skipped="0" asserts="5">
        <test-case id="0-1211" name="TestNestedSameName2" fullname="Kaitai.SpecNestedSameName2.TestNestedSameName2" methodname="TestNestedSameName2" classname="Kaitai.SpecNestedSameName2" runstate="Runnable" seed="853293643" result="Passed" start-time="2020-08-01 15:46:52Z" end-time="2020-08-01 15:46:52Z" duration="0.001224" asserts="5" />
      </test-suite>
      <test-suite type="TestFixture" id="0-1212" name="SpecNestedTypeParam" fullname="Kaitai.SpecNestedTypeParam" classname="Kaitai.SpecNestedTypeParam" runstate="Runnable" testcasecount="1" result="Passed" start-time="2020-08-01 15:46:52Z" end-time="2020-08-01 15:46:52Z" duration="0.003085" total="1" passed="1" failed="0" inconclusive="0" skipped="0" asserts="2">
        <test-case id="0-1213" name="TestNestedTypeParam" fullname="Kaitai.SpecNestedTypeParam.TestNestedTypeParam" methodname="TestNestedTypeParam" classname="Kaitai.SpecNestedTypeParam" runstate="Runnable" seed="859073409" result="Passed" start-time="2020-08-01 15:46:52Z" end-time="2020-08-01 15:46:52Z" duration="0.000538" asserts="2" />
      </test-suite>
      <test-suite type="TestFixture" id="0-1214" name="SpecNestedTypes" fullname="Kaitai.SpecNestedTypes" classname="Kaitai.SpecNestedTypes" runstate="Runnable" testcasecount="1" result="Passed" start-time="2020-08-01 15:46:52Z" end-time="2020-08-01 15:46:52Z" duration="0.003283" total="1" passed="1" failed="0" inconclusive="0" skipped="0" asserts="3">
        <test-case id="0-1215" name="TestNestedTypes" fullname="Kaitai.SpecNestedTypes.TestNestedTypes" methodname="TestNestedTypes" classname="Kaitai.SpecNestedTypes" runstate="Runnable" seed="1315532054" result="Passed" start-time="2020-08-01 15:46:52Z" end-time="2020-08-01 15:46:52Z" duration="0.000800" asserts="3" />
      </test-suite>
      <test-suite type="TestFixture" id="0-1216" name="SpecNestedTypes2" fullname="Kaitai.SpecNestedTypes2" classname="Kaitai.SpecNestedTypes2" runstate="Runnable" testcasecount="1" result="Passed" start-time="2020-08-01 15:46:52Z" end-time="2020-08-01 15:46:52Z" duration="0.003791" total="1" passed="1" failed="0" inconclusive="0" skipped="0" asserts="7">
        <test-case id="0-1217" name="TestNestedTypes2" fullname="Kaitai.SpecNestedTypes2.TestNestedTypes2" methodname="TestNestedTypes2" classname="Kaitai.SpecNestedTypes2" runstate="Runnable" seed="1877225057" result="Passed" start-time="2020-08-01 15:46:52Z" end-time="2020-08-01 15:46:52Z" duration="0.001234" asserts="7" />
      </test-suite>
      <test-suite type="TestFixture" id="0-1218" name="SpecNestedTypes3" fullname="Kaitai.SpecNestedTypes3" classname="Kaitai.SpecNestedTypes3" runstate="Runnable" testcasecount="1" result="Passed" start-time="2020-08-01 15:46:52Z" end-time="2020-08-01 15:46:52Z" duration="0.003342" total="1" passed="1" failed="0" inconclusive="0" skipped="0" asserts="5">
        <test-case id="0-1219" name="TestNestedTypes3" fullname="Kaitai.SpecNestedTypes3.TestNestedTypes3" methodname="TestNestedTypes3" classname="Kaitai.SpecNestedTypes3" runstate="Runnable" seed="1888490661" result="Passed" start-time="2020-08-01 15:46:52Z" end-time="2020-08-01 15:46:52Z" duration="0.000828" asserts="5" />
      </test-suite>
      <test-suite type="TestFixture" id="0-1220" name="SpecNonStandard" fullname="Kaitai.SpecNonStandard" classname="Kaitai.SpecNonStandard" runstate="Runnable" testcasecount="1" result="Passed" start-time="2020-08-01 15:46:52Z" end-time="2020-08-01 15:46:52Z" duration="0.002918" total="1" passed="1" failed="0" inconclusive="0" skipped="0" asserts="1">
        <test-case id="0-1221" name="TestNonStandard" fullname="Kaitai.SpecNonStandard.TestNonStandard" methodname="TestNonStandard" classname="Kaitai.SpecNonStandard" runstate="Runnable" seed="528390463" result="Passed" start-time="2020-08-01 15:46:52Z" end-time="2020-08-01 15:46:52Z" duration="0.000440" asserts="1" />
      </test-suite>
      <test-suite type="TestFixture" id="0-1222" name="SpecOpaqueExternalType" fullname="Kaitai.SpecOpaqueExternalType" classname="Kaitai.SpecOpaqueExternalType" runstate="Runnable" testcasecount="1" result="Passed" start-time="2020-08-01 15:46:52Z" end-time="2020-08-01 15:46:52Z" duration="0.003063" total="1" passed="1" failed="0" inconclusive="0" skipped="0" asserts="3">
        <test-case id="0-1223" name="TestOpaqueExternalType" fullname="Kaitai.SpecOpaqueExternalType.TestOpaqueExternalType" methodname="TestOpaqueExternalType" classname="Kaitai.SpecOpaqueExternalType" runstate="Runnable" seed="761052354" result="Passed" start-time="2020-08-01 15:46:52Z" end-time="2020-08-01 15:46:52Z" duration="0.000574" asserts="3" />
      </test-suite>
      <test-suite type="TestFixture" id="0-1224" name="SpecOpaqueExternalType02Parent" fullname="Kaitai.SpecOpaqueExternalType02Parent" classname="Kaitai.SpecOpaqueExternalType02Parent" runstate="Runnable" testcasecount="1" result="Passed" start-time="2020-08-01 15:46:52Z" end-time="2020-08-01 15:46:52Z" duration="0.003480" total="1" passed="1" failed="0" inconclusive="0" skipped="0" asserts="3">
        <test-case id="0-1225" name="TestOpaqueExternalType02Parent" fullname="Kaitai.SpecOpaqueExternalType02Parent.TestOpaqueExternalType02Parent" methodname="TestOpaqueExternalType02Parent" classname="Kaitai.SpecOpaqueExternalType02Parent" runstate="Runnable" seed="1599754505" result="Passed" start-time="2020-08-01 15:46:52Z" end-time="2020-08-01 15:46:52Z" duration="0.000932" asserts="3" />
      </test-suite>
      <test-suite type="TestFixture" id="0-1226" name="SpecOpaqueWithParam" fullname="Kaitai.SpecOpaqueWithParam" classname="Kaitai.SpecOpaqueWithParam" runstate="Runnable" testcasecount="1" result="Passed" start-time="2020-08-01 15:46:52Z" end-time="2020-08-01 15:46:52Z" duration="0.003395" total="1" passed="1" failed="0" inconclusive="0" skipped="0" asserts="2">
        <test-case id="0-1227" name="TestOpaqueWithParam" fullname="Kaitai.SpecOpaqueWithParam.TestOpaqueWithParam" methodname="TestOpaqueWithParam" classname="Kaitai.SpecOpaqueWithParam" runstate="Runnable" seed="231313254" result="Passed" start-time="2020-08-01 15:46:52Z" end-time="2020-08-01 15:46:52Z" duration="0.000867" asserts="2" />
      </test-suite>
      <test-suite type="TestFixture" id="0-1228" name="SpecOptionalId" fullname="Kaitai.SpecOptionalId" classname="Kaitai.SpecOptionalId" runstate="Runnable" testcasecount="1" result="Passed" start-time="2020-08-01 15:46:52Z" end-time="2020-08-01 15:46:52Z" duration="0.002938" total="1" passed="1" failed="0" inconclusive="0" skipped="0" asserts="3">
        <test-case id="0-1229" name="TestOptionalId" fullname="Kaitai.SpecOptionalId.TestOptionalId" methodname="TestOptionalId" classname="Kaitai.SpecOptionalId" runstate="Runnable" seed="461314507" result="Passed" start-time="2020-08-01 15:46:52Z" end-time="2020-08-01 15:46:52Z" duration="0.000478" asserts="3" />
      </test-suite>
      <test-suite type="TestFixture" id="0-1230" name="SpecParamsCallExtraParens" fullname="Kaitai.SpecParamsCallExtraParens" classname="Kaitai.SpecParamsCallExtraParens" runstate="Runnable" testcasecount="1" result="Passed" start-time="2020-08-01 15:46:52Z" end-time="2020-08-01 15:46:52Z" duration="0.003077" total="1" passed="1" failed="0" inconclusive="0" skipped="0" asserts="1">
        <test-case id="0-1231" name="TestParamsCallExtraParens" fullname="Kaitai.SpecParamsCallExtraParens.TestParamsCallExtraParens" methodname="TestParamsCallExtraParens" classname="Kaitai.SpecParamsCallExtraParens" runstate="Runnable" seed="778597120" result="Passed" start-time="2020-08-01 15:46:52Z" end-time="2020-08-01 15:46:52Z" duration="0.000532" asserts="1" />
      </test-suite>
      <test-suite type="TestFixture" id="0-1232" name="SpecParamsCallShort" fullname="Kaitai.SpecParamsCallShort" classname="Kaitai.SpecParamsCallShort" runstate="Runnable" testcasecount="1" result="Passed" start-time="2020-08-01 15:46:52Z" end-time="2020-08-01 15:46:52Z" duration="0.003625" total="1" passed="1" failed="0" inconclusive="0" skipped="0" asserts="3">
        <test-case id="0-1233" name="TestParamsCallShort" fullname="Kaitai.SpecParamsCallShort.TestParamsCallShort" methodname="TestParamsCallShort" classname="Kaitai.SpecParamsCallShort" runstate="Runnable" seed="1695409101" result="Passed" start-time="2020-08-01 15:46:52Z" end-time="2020-08-01 15:46:52Z" duration="0.001143" asserts="3" />
      </test-suite>
      <test-suite type="TestFixture" id="0-1234" name="SpecParamsDef" fullname="Kaitai.SpecParamsDef" classname="Kaitai.SpecParamsDef" runstate="Runnable" testcasecount="1" result="Passed" start-time="2020-08-01 15:46:52Z" end-time="2020-08-01 15:46:52Z" duration="0.002773" total="1" passed="1" failed="0" inconclusive="0" skipped="0" asserts="2">
        <test-case id="0-1235" name="TestParamsDef" fullname="Kaitai.SpecParamsDef.TestParamsDef" methodname="TestParamsDef" classname="Kaitai.SpecParamsDef" runstate="Runnable" seed="68529598" result="Passed" start-time="2020-08-01 15:46:52Z" end-time="2020-08-01 15:46:52Z" duration="0.000262" asserts="2" />
      </test-suite>
      <test-suite type="TestFixture" id="0-1236" name="SpecParamsEnum" fullname="Kaitai.SpecParamsEnum" classname="Kaitai.SpecParamsEnum" runstate="Runnable" testcasecount="1" result="Passed" start-time="2020-08-01 15:46:52Z" end-time="2020-08-01 15:46:52Z" duration="0.003213" total="1" passed="1" failed="0" inconclusive="0" skipped="0" asserts="2">
        <test-case id="0-1237" name="TestParamsEnum" fullname="Kaitai.SpecParamsEnum.TestParamsEnum" methodname="TestParamsEnum" classname="Kaitai.SpecParamsEnum" runstate="Runnable" seed="3222101" result="Passed" start-time="2020-08-01 15:46:52Z" end-time="2020-08-01 15:46:52Z" duration="0.000726" asserts="2" />
      </test-suite>
      <test-suite type="TestFixture" id="0-1238" name="SpecParamsPassArrayStr" fullname="Kaitai.SpecParamsPassArrayStr" classname="Kaitai.SpecParamsPassArrayStr" runstate="Runnable" testcasecount="1" result="Passed" start-time="2020-08-01 15:46:52Z" end-time="2020-08-01 15:46:52Z" duration="0.003949" total="1" passed="1" failed="0" inconclusive="0" skipped="0" asserts="7">
        <test-case id="0-1239" name="TestParamsPassArrayStr" fullname="Kaitai.SpecParamsPassArrayStr.TestParamsPassArrayStr" methodname="TestParamsPassArrayStr" classname="Kaitai.SpecParamsPassArrayStr" runstate="Runnable" seed="1079854786" result="Passed" start-time="2020-08-01 15:46:52Z" end-time="2020-08-01 15:46:52Z" duration="0.001317" asserts="7" />
      </test-suite>
      <test-suite type="TestFixture" id="0-1240" name="SpecParamsPassArrayStruct" fullname="Kaitai.SpecParamsPassArrayStruct" classname="Kaitai.SpecParamsPassArrayStruct" runstate="Runnable" testcasecount="1" result="Passed" start-time="2020-08-01 15:46:52Z" end-time="2020-08-01 15:46:52Z" duration="0.003933" total="1" passed="1" failed="0" inconclusive="0" skipped="0" asserts="3">
        <test-case id="0-1241" name="TestParamsPassArrayStruct" fullname="Kaitai.SpecParamsPassArrayStruct.TestParamsPassArrayStruct" methodname="TestParamsPassArrayStruct" classname="Kaitai.SpecParamsPassArrayStruct" runstate="Runnable" seed="1311916989" result="Passed" start-time="2020-08-01 15:46:52Z" end-time="2020-08-01 15:46:52Z" duration="0.001452" asserts="3" />
      </test-suite>
      <test-suite type="TestFixture" id="0-1242" name="SpecParamsPassArrayUsertype" fullname="Kaitai.SpecParamsPassArrayUsertype" classname="Kaitai.SpecParamsPassArrayUsertype" runstate="Runnable" testcasecount="1" result="Passed" start-time="2020-08-01 15:46:52Z" end-time="2020-08-01 15:46:52Z" duration="0.004022" total="1" passed="1" failed="0" inconclusive="0" skipped="0" asserts="5">
        <test-case id="0-1243" name="TestParamsPassArrayUsertype" fullname="Kaitai.SpecParamsPassArrayUsertype.TestParamsPassArrayUsertype" methodname="TestParamsPassArrayUsertype" classname="Kaitai.SpecParamsPassArrayUsertype" runstate="Runnable" seed="340426036" result="Passed" start-time="2020-08-01 15:46:52Z" end-time="2020-08-01 15:46:52Z" duration="0.001436" asserts="5" />
      </test-suite>
      <test-suite type="TestFixture" id="0-1244" name="SpecParamsPassStruct" fullname="Kaitai.SpecParamsPassStruct" classname="Kaitai.SpecParamsPassStruct" runstate="Runnable" testcasecount="1" result="Passed" start-time="2020-08-01 15:46:52Z" end-time="2020-08-01 15:46:52Z" duration="0.003289" total="1" passed="1" failed="0" inconclusive="0" skipped="0" asserts="4">
        <test-case id="0-1245" name="TestParamsPassStruct" fullname="Kaitai.SpecParamsPassStruct.TestParamsPassStruct" methodname="TestParamsPassStruct" classname="Kaitai.SpecParamsPassStruct" runstate="Runnable" seed="1902146959" result="Passed" start-time="2020-08-01 15:46:52Z" end-time="2020-08-01 15:46:52Z" duration="0.000809" asserts="4" />
      </test-suite>
      <test-suite type="TestFixture" id="0-1246" name="SpecParamsPassUsertype" fullname="Kaitai.SpecParamsPassUsertype" classname="Kaitai.SpecParamsPassUsertype" runstate="Runnable" testcasecount="1" result="Passed" start-time="2020-08-01 15:46:52Z" end-time="2020-08-01 15:46:52Z" duration="0.003333" total="1" passed="1" failed="0" inconclusive="0" skipped="0" asserts="2">
        <test-case id="0-1247" name="TestParamsPassUsertype" fullname="Kaitai.SpecParamsPassUsertype.TestParamsPassUsertype" methodname="TestParamsPassUsertype" classname="Kaitai.SpecParamsPassUsertype" runstate="Runnable" seed="2122671160" result="Passed" start-time="2020-08-01 15:46:52Z" end-time="2020-08-01 15:46:52Z" duration="0.000747" asserts="2" />
      </test-suite>
      <test-suite type="TestFixture" id="0-1248" name="SpecPositionAbs" fullname="Kaitai.SpecPositionAbs" classname="Kaitai.SpecPositionAbs" runstate="Runnable" testcasecount="1" result="Passed" start-time="2020-08-01 15:46:52Z" end-time="2020-08-01 15:46:52Z" duration="0.003288" total="1" passed="1" failed="0" inconclusive="0" skipped="0" asserts="2">
        <test-case id="0-1249" name="TestPositionAbs" fullname="Kaitai.SpecPositionAbs.TestPositionAbs" methodname="TestPositionAbs" classname="Kaitai.SpecPositionAbs" runstate="Runnable" seed="465069749" result="Passed" start-time="2020-08-01 15:46:52Z" end-time="2020-08-01 15:46:52Z" duration="0.000823" asserts="2" />
      </test-suite>
      <test-suite type="TestFixture" id="0-1250" name="SpecPositionInSeq" fullname="Kaitai.SpecPositionInSeq" classname="Kaitai.SpecPositionInSeq" runstate="Runnable" testcasecount="1" result="Passed" start-time="2020-08-01 15:46:52Z" end-time="2020-08-01 15:46:52Z" duration="0.004233" total="1" passed="1" failed="0" inconclusive="0" skipped="0" asserts="1">
        <test-case id="0-1251" name="TestPositionInSeq" fullname="Kaitai.SpecPositionInSeq.TestPositionInSeq" methodname="TestPositionInSeq" classname="Kaitai.SpecPositionInSeq" runstate="Runnable" seed="1001961663" result="Passed" start-time="2020-08-01 15:46:52Z" end-time="2020-08-01 15:46:52Z" duration="0.001733" asserts="1" />
      </test-suite>
      <test-suite type="TestFixture" id="0-1252" name="SpecPositionToEnd" fullname="Kaitai.SpecPositionToEnd" classname="Kaitai.SpecPositionToEnd" runstate="Runnable" testcasecount="1" result="Passed" start-time="2020-08-01 15:46:52Z" end-time="2020-08-01 15:46:52Z" duration="0.003294" total="1" passed="1" failed="0" inconclusive="0" skipped="0" asserts="2">
        <test-case id="0-1253" name="TestPositionToEnd" fullname="Kaitai.SpecPositionToEnd.TestPositionToEnd" methodname="TestPositionToEnd" classname="Kaitai.SpecPositionToEnd" runstate="Runnable" seed="997809401" result="Passed" start-time="2020-08-01 15:46:52Z" end-time="2020-08-01 15:46:52Z" duration="0.000836" asserts="2" />
      </test-suite>
      <test-suite type="TestFixture" id="0-1254" name="SpecProcessCoerceBytes" fullname="Kaitai.SpecProcessCoerceBytes" classname="Kaitai.SpecProcessCoerceBytes" runstate="Runnable" testcasecount="1" result="Passed" start-time="2020-08-01 15:46:52Z" end-time="2020-08-01 15:46:52Z" duration="0.003837" total="1" passed="1" failed="0" inconclusive="0" skipped="0" asserts="4">
        <test-case id="0-1255" name="TestProcessCoerceBytes" fullname="Kaitai.SpecProcessCoerceBytes.TestProcessCoerceBytes" methodname="TestProcessCoerceBytes" classname="Kaitai.SpecProcessCoerceBytes" runstate="Runnable" seed="703810895" result="Passed" start-time="2020-08-01 15:46:52Z" end-time="2020-08-01 15:46:52Z" duration="0.001348" asserts="4" />
      </test-suite>
      <test-suite type="TestFixture" id="0-1256" name="SpecProcessCoerceSwitch" fullname="Kaitai.SpecProcessCoerceSwitch" classname="Kaitai.SpecProcessCoerceSwitch" runstate="Runnable" testcasecount="1" result="Passed" start-time="2020-08-01 15:46:52Z" end-time="2020-08-01 15:46:52Z" duration="0.003404" total="1" passed="1" failed="0" inconclusive="0" skipped="0" asserts="3">
        <test-case id="0-1257" name="TestProcessCoerceSwitch" fullname="Kaitai.SpecProcessCoerceSwitch.TestProcessCoerceSwitch" methodname="TestProcessCoerceSwitch" classname="Kaitai.SpecProcessCoerceSwitch" runstate="Runnable" seed="1073178199" result="Passed" start-time="2020-08-01 15:46:52Z" end-time="2020-08-01 15:46:52Z" duration="0.000868" asserts="3" />
      </test-suite>
      <test-suite type="TestFixture" id="0-1258" name="SpecProcessCoerceUsertype1" fullname="Kaitai.SpecProcessCoerceUsertype1" classname="Kaitai.SpecProcessCoerceUsertype1" runstate="Runnable" testcasecount="1" result="Passed" start-time="2020-08-01 15:46:52Z" end-time="2020-08-01 15:46:52Z" duration="0.003891" total="1" passed="1" failed="0" inconclusive="0" skipped="0" asserts="4">
        <test-case id="0-1259" name="TestProcessCoerceUsertype1" fullname="Kaitai.SpecProcessCoerceUsertype1.TestProcessCoerceUsertype1" methodname="TestProcessCoerceUsertype1" classname="Kaitai.SpecProcessCoerceUsertype1" runstate="Runnable" seed="1437244014" result="Passed" start-time="2020-08-01 15:46:52Z" end-time="2020-08-01 15:46:52Z" duration="0.001391" asserts="4" />
      </test-suite>
      <test-suite type="TestFixture" id="0-1260" name="SpecProcessCoerceUsertype2" fullname="Kaitai.SpecProcessCoerceUsertype2" classname="Kaitai.SpecProcessCoerceUsertype2" runstate="Runnable" testcasecount="1" result="Passed" start-time="2020-08-01 15:46:52Z" end-time="2020-08-01 15:46:52Z" duration="0.003825" total="1" passed="1" failed="0" inconclusive="0" skipped="0" asserts="4">
        <test-case id="0-1261" name="TestProcessCoerceUsertype2" fullname="Kaitai.SpecProcessCoerceUsertype2.TestProcessCoerceUsertype2" methodname="TestProcessCoerceUsertype2" classname="Kaitai.SpecProcessCoerceUsertype2" runstate="Runnable" seed="1084697701" result="Passed" start-time="2020-08-01 15:46:52Z" end-time="2020-08-01 15:46:52Z" duration="0.001358" asserts="4" />
      </test-suite>
      <test-suite type="TestFixture" id="0-1262" name="SpecProcessCustom" fullname="Kaitai.SpecProcessCustom" classname="Kaitai.SpecProcessCustom" runstate="Runnable" testcasecount="1" result="Passed" start-time="2020-08-01 15:46:52Z" end-time="2020-08-01 15:46:52Z" duration="0.003411" total="1" passed="1" failed="0" inconclusive="0" skipped="0" asserts="3">
        <test-case id="0-1263" name="TestProcessCustom" fullname="Kaitai.SpecProcessCustom.TestProcessCustom" methodname="TestProcessCustom" classname="Kaitai.SpecProcessCustom" runstate="Runnable" seed="1411144647" result="Passed" start-time="2020-08-01 15:46:52Z" end-time="2020-08-01 15:46:52Z" duration="0.000812" asserts="3" />
      </test-suite>
      <test-suite type="TestFixture" id="0-1264" name="SpecProcessCustomNoArgs" fullname="Kaitai.SpecProcessCustomNoArgs" classname="Kaitai.SpecProcessCustomNoArgs" runstate="Runnable" testcasecount="1" result="Passed" start-time="2020-08-01 15:46:52Z" end-time="2020-08-01 15:46:52Z" duration="0.003487" total="1" passed="1" failed="0" inconclusive="0" skipped="0" asserts="1">
        <test-case id="0-1265" name="TestProcessCustomNoArgs" fullname="Kaitai.SpecProcessCustomNoArgs.TestProcessCustomNoArgs" methodname="TestProcessCustomNoArgs" classname="Kaitai.SpecProcessCustomNoArgs" runstate="Runnable" seed="748087874" result="Passed" start-time="2020-08-01 15:46:52Z" end-time="2020-08-01 15:46:52Z" duration="0.000559" asserts="1" />
      </test-suite>
      <test-suite type="TestFixture" id="0-1266" name="SpecProcessRepeatBytes" fullname="Kaitai.SpecProcessRepeatBytes" classname="Kaitai.SpecProcessRepeatBytes" runstate="Runnable" testcasecount="1" result="Passed" start-time="2020-08-01 15:46:52Z" end-time="2020-08-01 15:46:52Z" duration="0.003298" total="1" passed="1" failed="0" inconclusive="0" skipped="0" asserts="2">
        <test-case id="0-1267" name="TestProcessRepeatBytes" fullname="Kaitai.SpecProcessRepeatBytes.TestProcessRepeatBytes" methodname="TestProcessRepeatBytes" classname="Kaitai.SpecProcessRepeatBytes" runstate="Runnable" seed="1708589613" result="Passed" start-time="2020-08-01 15:46:52Z" end-time="2020-08-01 15:46:52Z" duration="0.000801" asserts="2" />
      </test-suite>
      <test-suite type="TestFixture" id="0-1268" name="SpecProcessRepeatUsertype" fullname="Kaitai.SpecProcessRepeatUsertype" classname="Kaitai.SpecProcessRepeatUsertype" runstate="Runnable" testcasecount="1" result="Passed" start-time="2020-08-01 15:46:52Z" end-time="2020-08-01 15:46:52Z" duration="0.003916" total="1" passed="1" failed="0" inconclusive="0" skipped="0" asserts="4">
        <test-case id="0-1269" name="TestProcessRepeatUsertype" fullname="Kaitai.SpecProcessRepeatUsertype.TestProcessRepeatUsertype" methodname="TestProcessRepeatUsertype" classname="Kaitai.SpecProcessRepeatUsertype" runstate="Runnable" seed="320132230" result="Passed" start-time="2020-08-01 15:46:52Z" end-time="2020-08-01 15:46:52Z" duration="0.001373" asserts="4" />
      </test-suite>
      <test-suite type="TestFixture" id="0-1270" name="SpecProcessRotate" fullname="Kaitai.SpecProcessRotate" classname="Kaitai.SpecProcessRotate" runstate="Runnable" testcasecount="1" result="Passed" start-time="2020-08-01 15:46:52Z" end-time="2020-08-01 15:46:52Z" duration="0.003264" total="1" passed="1" failed="0" inconclusive="0" skipped="0" asserts="3">
        <test-case id="0-1271" name="TestProcessRotate" fullname="Kaitai.SpecProcessRotate.TestProcessRotate" methodname="TestProcessRotate" classname="Kaitai.SpecProcessRotate" runstate="Runnable" seed="1614976020" result="Passed" start-time="2020-08-01 15:46:52Z" end-time="2020-08-01 15:46:52Z" duration="0.000727" asserts="3" />
      </test-suite>
      <test-suite type="TestFixture" id="0-1272" name="SpecProcessToUser" fullname="Kaitai.SpecProcessToUser" classname="Kaitai.SpecProcessToUser" runstate="Runnable" testcasecount="1" result="Passed" start-time="2020-08-01 15:46:52Z" end-time="2020-08-01 15:46:52Z" duration="0.003143" total="1" passed="1" failed="0" inconclusive="0" skipped="0" asserts="1">
        <test-case id="0-1273" name="TestProcessToUser" fullname="Kaitai.SpecProcessToUser.TestProcessToUser" methodname="TestProcessToUser" classname="Kaitai.SpecProcessToUser" runstate="Runnable" seed="1443031954" result="Passed" start-time="2020-08-01 15:46:52Z" end-time="2020-08-01 15:46:52Z" duration="0.000677" asserts="1" />
      </test-suite>
      <test-suite type="TestFixture" id="0-1274" name="SpecProcessXor4Const" fullname="Kaitai.SpecProcessXor4Const" classname="Kaitai.SpecProcessXor4Const" runstate="Runnable" testcasecount="1" result="Passed" start-time="2020-08-01 15:46:52Z" end-time="2020-08-01 15:46:52Z" duration="0.003317" total="1" passed="1" failed="0" inconclusive="0" skipped="0" asserts="2">
        <test-case id="0-1275" name="TestProcessXor4Const" fullname="Kaitai.SpecProcessXor4Const.TestProcessXor4Const" methodname="TestProcessXor4Const" classname="Kaitai.SpecProcessXor4Const" runstate="Runnable" seed="1717703700" result="Passed" start-time="2020-08-01 15:46:52Z" end-time="2020-08-01 15:46:52Z" duration="0.000743" asserts="2" />
      </test-suite>
      <test-suite type="TestFixture" id="0-1276" name="SpecProcessXor4Value" fullname="Kaitai.SpecProcessXor4Value" classname="Kaitai.SpecProcessXor4Value" runstate="Runnable" testcasecount="1" result="Passed" start-time="2020-08-01 15:46:52Z" end-time="2020-08-01 15:46:52Z" duration="0.002985" total="1" passed="1" failed="0" inconclusive="0" skipped="0" asserts="2">
        <test-case id="0-1277" name="TestProcessXor4Value" fullname="Kaitai.SpecProcessXor4Value.TestProcessXor4Value" methodname="TestProcessXor4Value" classname="Kaitai.SpecProcessXor4Value" runstate="Runnable" seed="1289601902" result="Passed" start-time="2020-08-01 15:46:52Z" end-time="2020-08-01 15:46:52Z" duration="0.000456" asserts="2" />
      </test-suite>
      <test-suite type="TestFixture" id="0-1278" name="SpecProcessXorConst" fullname="Kaitai.SpecProcessXorConst" classname="Kaitai.SpecProcessXorConst" runstate="Runnable" testcasecount="1" result="Passed" start-time="2020-08-01 15:46:52Z" end-time="2020-08-01 15:46:52Z" duration="0.003073" total="1" passed="1" failed="0" inconclusive="0" skipped="0" asserts="2">
        <test-case id="0-1279" name="TestProcessXorConst" fullname="Kaitai.SpecProcessXorConst.TestProcessXorConst" methodname="TestProcessXorConst" classname="Kaitai.SpecProcessXorConst" runstate="Runnable" seed="936559325" result="Passed" start-time="2020-08-01 15:46:52Z" end-time="2020-08-01 15:46:52Z" duration="0.000545" asserts="2" />
      </test-suite>
      <test-suite type="TestFixture" id="0-1280" name="SpecProcessXorValue" fullname="Kaitai.SpecProcessXorValue" classname="Kaitai.SpecProcessXorValue" runstate="Runnable" testcasecount="1" result="Passed" start-time="2020-08-01 15:46:52Z" end-time="2020-08-01 15:46:52Z" duration="0.003041" total="1" passed="1" failed="0" inconclusive="0" skipped="0" asserts="2">
        <test-case id="0-1281" name="TestProcessXorValue" fullname="Kaitai.SpecProcessXorValue.TestProcessXorValue" methodname="TestProcessXorValue" classname="Kaitai.SpecProcessXorValue" runstate="Runnable" seed="593166045" result="Passed" start-time="2020-08-01 15:46:52Z" end-time="2020-08-01 15:46:52Z" duration="0.000491" asserts="2" />
      </test-suite>
      <test-suite type="TestFixture" id="0-1282" name="SpecRecursiveOne" fullname="Kaitai.SpecRecursiveOne" classname="Kaitai.SpecRecursiveOne" runstate="Runnable" testcasecount="1" result="Passed" start-time="2020-08-01 15:46:52Z" end-time="2020-08-01 15:46:52Z" duration="0.003408" total="1" passed="1" failed="0" inconclusive="0" skipped="0" asserts="4">
        <test-case id="0-1283" name="TestRecursiveOne" fullname="Kaitai.SpecRecursiveOne.TestRecursiveOne" methodname="TestRecursiveOne" classname="Kaitai.SpecRecursiveOne" runstate="Runnable" seed="2112612175" result="Passed" start-time="2020-08-01 15:46:52Z" end-time="2020-08-01 15:46:52Z" duration="0.000886" asserts="4" />
      </test-suite>
      <test-suite type="TestFixture" id="0-1284" name="SpecRepeatEosBit" fullname="Kaitai.SpecRepeatEosBit" classname="Kaitai.SpecRepeatEosBit" runstate="Runnable" testcasecount="1" result="Passed" start-time="2020-08-01 15:46:52Z" end-time="2020-08-01 15:46:52Z" duration="0.003403" total="1" passed="1" failed="0" inconclusive="0" skipped="0" asserts="1">
        <test-case id="0-1285" name="TestRepeatEosBit" fullname="Kaitai.SpecRepeatEosBit.TestRepeatEosBit" methodname="TestRepeatEosBit" classname="Kaitai.SpecRepeatEosBit" runstate="Runnable" seed="445744345" result="Passed" start-time="2020-08-01 15:46:52Z" end-time="2020-08-01 15:46:52Z" duration="0.000891" asserts="1" />
      </test-suite>
      <test-suite type="TestFixture" id="0-1286" name="SpecRepeatEosStruct" fullname="Kaitai.SpecRepeatEosStruct" classname="Kaitai.SpecRepeatEosStruct" runstate="Runnable" testcasecount="1" result="Passed" start-time="2020-08-01 15:46:52Z" end-time="2020-08-01 15:46:52Z" duration="0.004174" total="1" passed="1" failed="0" inconclusive="0" skipped="0" asserts="5">
        <test-case id="0-1287" name="TestRepeatEosStruct" fullname="Kaitai.SpecRepeatEosStruct.TestRepeatEosStruct" methodname="TestRepeatEosStruct" classname="Kaitai.SpecRepeatEosStruct" runstate="Runnable" seed="833559799" result="Passed" start-time="2020-08-01 15:46:52Z" end-time="2020-08-01 15:46:52Z" duration="0.001159" asserts="5" />
      </test-suite>
      <test-suite type="TestFixture" id="0-1288" name="SpecRepeatEosU4" fullname="Kaitai.SpecRepeatEosU4" classname="Kaitai.SpecRepeatEosU4" runstate="Runnable" testcasecount="1" result="Passed" start-time="2020-08-01 15:46:52Z" end-time="2020-08-01 15:46:52Z" duration="0.003740" total="1" passed="1" failed="0" inconclusive="0" skipped="0" asserts="1">
        <test-case id="0-1289" name="TestRepeatEosU4" fullname="Kaitai.SpecRepeatEosU4.TestRepeatEosU4" methodname="TestRepeatEosU4" classname="Kaitai.SpecRepeatEosU4" runstate="Runnable" seed="1064602146" result="Passed" start-time="2020-08-01 15:46:52Z" end-time="2020-08-01 15:46:52Z" duration="0.001254" asserts="1" />
      </test-suite>
      <test-suite type="TestFixture" id="0-1290" name="SpecRepeatNStruct" fullname="Kaitai.SpecRepeatNStruct" classname="Kaitai.SpecRepeatNStruct" runstate="Runnable" testcasecount="1" result="Passed" start-time="2020-08-01 15:46:52Z" end-time="2020-08-01 15:46:52Z" duration="0.003544" total="1" passed="1" failed="0" inconclusive="0" skipped="0" asserts="5">
        <test-case id="0-1291" name="TestRepeatNStruct" fullname="Kaitai.SpecRepeatNStruct.TestRepeatNStruct" methodname="TestRepeatNStruct" classname="Kaitai.SpecRepeatNStruct" runstate="Runnable" seed="1514359711" result="Passed" start-time="2020-08-01 15:46:52Z" end-time="2020-08-01 15:46:52Z" duration="0.001071" asserts="5" />
      </test-suite>
      <test-suite type="TestFixture" id="0-1292" name="SpecRepeatNStrz" fullname="Kaitai.SpecRepeatNStrz" classname="Kaitai.SpecRepeatNStrz" runstate="Runnable" testcasecount="1" result="Passed" start-time="2020-08-01 15:46:52Z" end-time="2020-08-01 15:46:52Z" duration="0.003377" total="1" passed="1" failed="0" inconclusive="0" skipped="0" asserts="2">
        <test-case id="0-1293" name="TestRepeatNStrz" fullname="Kaitai.SpecRepeatNStrz.TestRepeatNStrz" methodname="TestRepeatNStrz" classname="Kaitai.SpecRepeatNStrz" runstate="Runnable" seed="1702251048" result="Passed" start-time="2020-08-01 15:46:52Z" end-time="2020-08-01 15:46:52Z" duration="0.000805" asserts="2" />
      </test-suite>
      <test-suite type="TestFixture" id="0-1294" name="SpecRepeatNStrzDouble" fullname="Kaitai.SpecRepeatNStrzDouble" classname="Kaitai.SpecRepeatNStrzDouble" runstate="Runnable" testcasecount="1" result="Passed" start-time="2020-08-01 15:46:52Z" end-time="2020-08-01 15:46:52Z" duration="0.003343" total="1" passed="1" failed="0" inconclusive="0" skipped="0" asserts="3">
        <test-case id="0-1295" name="TestRepeatNStrzDouble" fullname="Kaitai.SpecRepeatNStrzDouble.TestRepeatNStrzDouble" methodname="TestRepeatNStrzDouble" classname="Kaitai.SpecRepeatNStrzDouble" runstate="Runnable" seed="288062946" result="Passed" start-time="2020-08-01 15:46:52Z" end-time="2020-08-01 15:46:52Z" duration="0.000861" asserts="3" />
      </test-suite>
      <test-suite type="TestFixture" id="0-1296" name="SpecRepeatUntilCalcArrayType" fullname="Kaitai.SpecRepeatUntilCalcArrayType" classname="Kaitai.SpecRepeatUntilCalcArrayType" runstate="Runnable" testcasecount="1" result="Passed" start-time="2020-08-01 15:46:52Z" end-time="2020-08-01 15:46:52Z" duration="0.003974" total="1" passed="1" failed="0" inconclusive="0" skipped="0" asserts="7">
        <test-case id="0-1297" name="TestRepeatUntilCalcArrayType" fullname="Kaitai.SpecRepeatUntilCalcArrayType.TestRepeatUntilCalcArrayType" methodname="TestRepeatUntilCalcArrayType" classname="Kaitai.SpecRepeatUntilCalcArrayType" runstate="Runnable" seed="1012877733" result="Passed" start-time="2020-08-01 15:46:52Z" end-time="2020-08-01 15:46:52Z" duration="0.001508" asserts="7" />
      </test-suite>
      <test-suite type="TestFixture" id="0-1298" name="SpecRepeatUntilComplex" fullname="Kaitai.SpecRepeatUntilComplex" classname="Kaitai.SpecRepeatUntilComplex" runstate="Runnable" testcasecount="1" result="Passed" start-time="2020-08-01 15:46:52Z" end-time="2020-08-01 15:46:52Z" duration="0.007473" total="1" passed="1" failed="0" inconclusive="0" skipped="0" asserts="15">
        <test-case id="0-1299" name="TestRepeatUntilComplex" fullname="Kaitai.SpecRepeatUntilComplex.TestRepeatUntilComplex" methodname="TestRepeatUntilComplex" classname="Kaitai.SpecRepeatUntilComplex" runstate="Runnable" seed="1664635770" result="Passed" start-time="2020-08-01 15:46:52Z" end-time="2020-08-01 15:46:52Z" duration="0.004920" asserts="15" />
      </test-suite>
      <test-suite type="TestFixture" id="0-1300" name="SpecRepeatUntilS4" fullname="Kaitai.SpecRepeatUntilS4" classname="Kaitai.SpecRepeatUntilS4" runstate="Runnable" testcasecount="1" result="Passed" start-time="2020-08-01 15:46:52Z" end-time="2020-08-01 15:46:52Z" duration="0.003306" total="1" passed="1" failed="0" inconclusive="0" skipped="0" asserts="2">
        <test-case id="0-1301" name="TestRepeatUntilS4" fullname="Kaitai.SpecRepeatUntilS4.TestRepeatUntilS4" methodname="TestRepeatUntilS4" classname="Kaitai.SpecRepeatUntilS4" runstate="Runnable" seed="1996247630" result="Passed" start-time="2020-08-01 15:46:52Z" end-time="2020-08-01 15:46:52Z" duration="0.000797" asserts="2" />
      </test-suite>
      <test-suite type="TestFixture" id="0-1302" name="SpecRepeatUntilSized" fullname="Kaitai.SpecRepeatUntilSized" classname="Kaitai.SpecRepeatUntilSized" runstate="Runnable" testcasecount="1" result="Passed" start-time="2020-08-01 15:46:52Z" end-time="2020-08-01 15:46:52Z" duration="0.003651" total="1" passed="1" failed="0" inconclusive="0" skipped="0" asserts="7">
        <test-case id="0-1303" name="TestRepeatUntilSized" fullname="Kaitai.SpecRepeatUntilSized.TestRepeatUntilSized" methodname="TestRepeatUntilSized" classname="Kaitai.SpecRepeatUntilSized" runstate="Runnable" seed="1798306875" result="Passed" start-time="2020-08-01 15:46:52Z" end-time="2020-08-01 15:46:52Z" duration="0.001157" asserts="7" />
      </test-suite>
      <test-suite type="TestFixture" id="0-1304" name="SpecStrEncodings" fullname="Kaitai.SpecStrEncodings" classname="Kaitai.SpecStrEncodings" runstate="Runnable" testcasecount="1" result="Passed" start-time="2020-08-01 15:46:52Z" end-time="2020-08-01 15:46:53Z" duration="0.138034" total="1" passed="1" failed="0" inconclusive="0" skipped="0" asserts="4">
        <test-case id="0-1305" name="TestStrEncodings" fullname="Kaitai.SpecStrEncodings.TestStrEncodings" methodname="TestStrEncodings" classname="Kaitai.SpecStrEncodings" runstate="Runnable" seed="1250157625" result="Passed" start-time="2020-08-01 15:46:52Z" end-time="2020-08-01 15:46:53Z" duration="0.135499" asserts="4" />
      </test-suite>
      <test-suite type="TestFixture" id="0-1306" name="SpecStrEncodingsDefault" fullname="Kaitai.SpecStrEncodingsDefault" classname="Kaitai.SpecStrEncodingsDefault" runstate="Runnable" testcasecount="1" result="Passed" start-time="2020-08-01 15:46:53Z" end-time="2020-08-01 15:46:53Z" duration="0.003259" total="1" passed="1" failed="0" inconclusive="0" skipped="0" asserts="4">
        <test-case id="0-1307" name="TestStrEncodingsDefault" fullname="Kaitai.SpecStrEncodingsDefault.TestStrEncodingsDefault" methodname="TestStrEncodingsDefault" classname="Kaitai.SpecStrEncodingsDefault" runstate="Runnable" seed="95675814" result="Passed" start-time="2020-08-01 15:46:53Z" end-time="2020-08-01 15:46:53Z" duration="0.000733" asserts="4" />
      </test-suite>
      <test-suite type="TestFixture" id="0-1308" name="SpecStrEos" fullname="Kaitai.SpecStrEos" classname="Kaitai.SpecStrEos" runstate="Runnable" testcasecount="1" result="Passed" start-time="2020-08-01 15:46:53Z" end-time="2020-08-01 15:46:53Z" duration="0.002850" total="1" passed="1" failed="0" inconclusive="0" skipped="0" asserts="1">
        <test-case id="0-1309" name="TestStrEos" fullname="Kaitai.SpecStrEos.TestStrEos" methodname="TestStrEos" classname="Kaitai.SpecStrEos" runstate="Runnable" seed="1308496157" result="Passed" start-time="2020-08-01 15:46:53Z" end-time="2020-08-01 15:46:53Z" duration="0.000397" asserts="1" />
      </test-suite>
      <test-suite type="TestFixture" id="0-1310" name="SpecStrLiterals" fullname="Kaitai.SpecStrLiterals" classname="Kaitai.SpecStrLiterals" runstate="Runnable" testcasecount="1" result="Passed" start-time="2020-08-01 15:46:53Z" end-time="2020-08-01 15:46:53Z" duration="0.005498" total="1" passed="1" failed="0" inconclusive="0" skipped="0" asserts="5">
        <test-case id="0-1311" name="TestStrLiterals" fullname="Kaitai.SpecStrLiterals.TestStrLiterals" methodname="TestStrLiterals" classname="Kaitai.SpecStrLiterals" runstate="Runnable" seed="1875737856" result="Passed" start-time="2020-08-01 15:46:53Z" end-time="2020-08-01 15:46:53Z" duration="0.003018" asserts="5" />
      </test-suite>
      <test-suite type="TestFixture" id="0-1312" name="SpecStrLiterals2" fullname="Kaitai.SpecStrLiterals2" classname="Kaitai.SpecStrLiterals2" runstate="Runnable" testcasecount="1" result="Passed" start-time="2020-08-01 15:46:53Z" end-time="2020-08-01 15:46:53Z" duration="0.003013" total="1" passed="1" failed="0" inconclusive="0" skipped="0" asserts="4">
        <test-case id="0-1313" name="TestStrLiterals2" fullname="Kaitai.SpecStrLiterals2.TestStrLiterals2" methodname="TestStrLiterals2" classname="Kaitai.SpecStrLiterals2" runstate="Runnable" seed="943272256" result="Passed" start-time="2020-08-01 15:46:53Z" end-time="2020-08-01 15:46:53Z" duration="0.000513" asserts="4" />
      </test-suite>
      <test-suite type="TestFixture" id="0-1314" name="SpecStrPadTerm" fullname="Kaitai.SpecStrPadTerm" classname="Kaitai.SpecStrPadTerm" runstate="Runnable" testcasecount="1" result="Passed" start-time="2020-08-01 15:46:53Z" end-time="2020-08-01 15:46:53Z" duration="0.003067" total="1" passed="1" failed="0" inconclusive="0" skipped="0" asserts="4">
        <test-case id="0-1315" name="TestStrPadTerm" fullname="Kaitai.SpecStrPadTerm.TestStrPadTerm" methodname="TestStrPadTerm" classname="Kaitai.SpecStrPadTerm" runstate="Runnable" seed="247885234" result="Passed" start-time="2020-08-01 15:46:53Z" end-time="2020-08-01 15:46:53Z" duration="0.000510" asserts="4" />
      </test-suite>
      <test-suite type="TestFixture" id="0-1316" name="SpecStrPadTermEmpty" fullname="Kaitai.SpecStrPadTermEmpty" classname="Kaitai.SpecStrPadTermEmpty" runstate="Runnable" testcasecount="1" result="Passed" start-time="2020-08-01 15:46:53Z" end-time="2020-08-01 15:46:53Z" duration="0.003159" total="1" passed="1" failed="0" inconclusive="0" skipped="0" asserts="4">
        <test-case id="0-1317" name="TestStrPadTermEmpty" fullname="Kaitai.SpecStrPadTermEmpty.TestStrPadTermEmpty" methodname="TestStrPadTermEmpty" classname="Kaitai.SpecStrPadTermEmpty" runstate="Runnable" seed="828830270" result="Passed" start-time="2020-08-01 15:46:53Z" end-time="2020-08-01 15:46:53Z" duration="0.000677" asserts="4" />
      </test-suite>
      <test-suite type="TestFixture" id="0-1318" name="SpecSwitchBytearray" fullname="Kaitai.SpecSwitchBytearray" classname="Kaitai.SpecSwitchBytearray" runstate="Runnable" testcasecount="1" result="Passed" start-time="2020-08-01 15:46:53Z" end-time="2020-08-01 15:46:53Z" duration="0.004066" total="1" passed="1" failed="0" inconclusive="0" skipped="0" asserts="9">
        <test-case id="0-1319" name="TestSwitchBytearray" fullname="Kaitai.SpecSwitchBytearray.TestSwitchBytearray" methodname="TestSwitchBytearray" classname="Kaitai.SpecSwitchBytearray" runstate="Runnable" seed="1443672722" result="Passed" start-time="2020-08-01 15:46:53Z" end-time="2020-08-01 15:46:53Z" duration="0.001545" asserts="9" />
      </test-suite>
      <test-suite type="TestFixture" id="0-1320" name="SpecSwitchCast" fullname="Kaitai.SpecSwitchCast" classname="Kaitai.SpecSwitchCast" runstate="Runnable" testcasecount="1" result="Passed" start-time="2020-08-01 15:46:53Z" end-time="2020-08-01 15:46:53Z" duration="0.004323" total="1" passed="1" failed="0" inconclusive="0" skipped="0" asserts="3">
        <test-case id="0-1321" name="TestSwitchCast" fullname="Kaitai.SpecSwitchCast.TestSwitchCast" methodname="TestSwitchCast" classname="Kaitai.SpecSwitchCast" runstate="Runnable" seed="1845754004" result="Passed" start-time="2020-08-01 15:46:53Z" end-time="2020-08-01 15:46:53Z" duration="0.001773" asserts="3" />
      </test-suite>
      <test-suite type="TestFixture" id="0-1322" name="SpecSwitchElseOnly" fullname="Kaitai.SpecSwitchElseOnly" classname="Kaitai.SpecSwitchElseOnly" runstate="Runnable" testcasecount="1" result="Passed" start-time="2020-08-01 15:46:53Z" end-time="2020-08-01 15:46:53Z" duration="0.003228" total="1" passed="1" failed="0" inconclusive="0" skipped="0" asserts="3">
        <test-case id="0-1323" name="TestSwitchElseOnly" fullname="Kaitai.SpecSwitchElseOnly.TestSwitchElseOnly" methodname="TestSwitchElseOnly" classname="Kaitai.SpecSwitchElseOnly" runstate="Runnable" seed="1982218725" result="Passed" start-time="2020-08-01 15:46:53Z" end-time="2020-08-01 15:46:53Z" duration="0.000763" asserts="3" />
      </test-suite>
      <test-suite type="TestFixture" id="0-1324" name="SpecSwitchIntegers" fullname="Kaitai.SpecSwitchIntegers" classname="Kaitai.SpecSwitchIntegers" runstate="Runnable" testcasecount="1" result="Passed" start-time="2020-08-01 15:46:53Z" end-time="2020-08-01 15:46:53Z" duration="0.003695" total="1" passed="1" failed="0" inconclusive="0" skipped="0" asserts="9">
        <test-case id="0-1325" name="TestSwitchIntegers" fullname="Kaitai.SpecSwitchIntegers.TestSwitchIntegers" methodname="TestSwitchIntegers" classname="Kaitai.SpecSwitchIntegers" runstate="Runnable" seed="2038283785" result="Passed" start-time="2020-08-01 15:46:53Z" end-time="2020-08-01 15:46:53Z" duration="0.001228" asserts="9" />
      </test-suite>
      <test-suite type="TestFixture" id="0-1326" name="SpecSwitchIntegers2" fullname="Kaitai.SpecSwitchIntegers2" classname="Kaitai.SpecSwitchIntegers2" runstate="Runnable" testcasecount="1" result="Passed" start-time="2020-08-01 15:46:53Z" end-time="2020-08-01 15:46:53Z" duration="0.003913" total="1" passed="1" failed="0" inconclusive="0" skipped="0" asserts="5">
        <test-case id="0-1327" name="TestSwitchIntegers2" fullname="Kaitai.SpecSwitchIntegers2.TestSwitchIntegers2" methodname="TestSwitchIntegers2" classname="Kaitai.SpecSwitchIntegers2" runstate="Runnable" seed="1161880632" result="Passed" start-time="2020-08-01 15:46:53Z" end-time="2020-08-01 15:46:53Z" duration="0.001393" asserts="5" />
      </test-suite>
      <test-suite type="TestFixture" id="0-1328" name="SpecSwitchManualEnum" fullname="Kaitai.SpecSwitchManualEnum" classname="Kaitai.SpecSwitchManualEnum" runstate="Runnable" testcasecount="1" result="Passed" start-time="2020-08-01 15:46:53Z" end-time="2020-08-01 15:46:53Z" duration="0.004152" total="1" passed="1" failed="0" inconclusive="0" skipped="0" asserts="9">
        <test-case id="0-1329" name="TestSwitchManualEnum" fullname="Kaitai.SpecSwitchManualEnum.TestSwitchManualEnum" methodname="TestSwitchManualEnum" classname="Kaitai.SpecSwitchManualEnum" runstate="Runnable" seed="1641218357" result="Passed" start-time="2020-08-01 15:46:53Z" end-time="2020-08-01 15:46:53Z" duration="0.001621" asserts="9" />
      </test-suite>
      <test-suite type="TestFixture" id="0-1330" name="SpecSwitchManualEnumInvalid" fullname="Kaitai.SpecSwitchManualEnumInvalid" classname="Kaitai.SpecSwitchManualEnumInvalid" runstate="Runnable" testcasecount="1" result="Passed" start-time="2020-08-01 15:46:53Z" end-time="2020-08-01 15:46:53Z" duration="0.003544" total="1" passed="1" failed="0" inconclusive="0" skipped="0" asserts="5">
        <test-case id="0-1331" name="TestSwitchManualEnumInvalid" fullname="Kaitai.SpecSwitchManualEnumInvalid.TestSwitchManualEnumInvalid" methodname="TestSwitchManualEnumInvalid" classname="Kaitai.SpecSwitchManualEnumInvalid" runstate="Runnable" seed="367505423" result="Passed" start-time="2020-08-01 15:46:53Z" end-time="2020-08-01 15:46:53Z" duration="0.001052" asserts="5" />
      </test-suite>
      <test-suite type="TestFixture" id="0-1332" name="SpecSwitchManualEnumInvalidElse" fullname="Kaitai.SpecSwitchManualEnumInvalidElse" classname="Kaitai.SpecSwitchManualEnumInvalidElse" runstate="Runnable" testcasecount="1" result="Passed" start-time="2020-08-01 15:46:53Z" end-time="2020-08-01 15:46:53Z" duration="0.003704" total="1" passed="1" failed="0" inconclusive="0" skipped="0" asserts="5">
        <test-case id="0-1333" name="TestSwitchManualEnumInvalidElse" fullname="Kaitai.SpecSwitchManualEnumInvalidElse.TestSwitchManualEnumInvalidElse" methodname="TestSwitchManualEnumInvalidElse" classname="Kaitai.SpecSwitchManualEnumInvalidElse" runstate="Runnable" seed="1437938240" result="Passed" start-time="2020-08-01 15:46:53Z" end-time="2020-08-01 15:46:53Z" duration="0.001190" asserts="5" />
      </test-suite>
      <test-suite type="TestFixture" id="0-1334" name="SpecSwitchManualInt" fullname="Kaitai.SpecSwitchManualInt" classname="Kaitai.SpecSwitchManualInt" runstate="Runnable" testcasecount="1" result="Passed" start-time="2020-08-01 15:46:53Z" end-time="2020-08-01 15:46:53Z" duration="0.004182" total="1" passed="1" failed="0" inconclusive="0" skipped="0" asserts="9">
        <test-case id="0-1335" name="TestSwitchManualInt" fullname="Kaitai.SpecSwitchManualInt.TestSwitchManualInt" methodname="TestSwitchManualInt" classname="Kaitai.SpecSwitchManualInt" runstate="Runnable" seed="791360284" result="Passed" start-time="2020-08-01 15:46:53Z" end-time="2020-08-01 15:46:53Z" duration="0.001646" asserts="9" />
      </test-suite>
      <test-suite type="TestFixture" id="0-1336" name="SpecSwitchManualIntElse" fullname="Kaitai.SpecSwitchManualIntElse" classname="Kaitai.SpecSwitchManualIntElse" runstate="Runnable" testcasecount="1" result="Passed" start-time="2020-08-01 15:46:53Z" end-time="2020-08-01 15:46:53Z" duration="0.004108" total="1" passed="1" failed="0" inconclusive="0" skipped="0" asserts="9">
        <test-case id="0-1337" name="TestSwitchManualIntElse" fullname="Kaitai.SpecSwitchManualIntElse.TestSwitchManualIntElse" methodname="TestSwitchManualIntElse" classname="Kaitai.SpecSwitchManualIntElse" runstate="Runnable" seed="1659587362" result="Passed" start-time="2020-08-01 15:46:53Z" end-time="2020-08-01 15:46:53Z" duration="0.001642" asserts="9" />
      </test-suite>
      <test-suite type="TestFixture" id="0-1338" name="SpecSwitchManualIntSize" fullname="Kaitai.SpecSwitchManualIntSize" classname="Kaitai.SpecSwitchManualIntSize" runstate="Runnable" testcasecount="1" result="Passed" start-time="2020-08-01 15:46:53Z" end-time="2020-08-01 15:46:53Z" duration="0.004467" total="1" passed="1" failed="0" inconclusive="0" skipped="0" asserts="10">
        <test-case id="0-1339" name="TestSwitchManualIntSize" fullname="Kaitai.SpecSwitchManualIntSize.TestSwitchManualIntSize" methodname="TestSwitchManualIntSize" classname="Kaitai.SpecSwitchManualIntSize" runstate="Runnable" seed="352548913" result="Passed" start-time="2020-08-01 15:46:53Z" end-time="2020-08-01 15:46:53Z" duration="0.001919" asserts="10" />
      </test-suite>
      <test-suite type="TestFixture" id="0-1340" name="SpecSwitchManualIntSizeElse" fullname="Kaitai.SpecSwitchManualIntSizeElse" classname="Kaitai.SpecSwitchManualIntSizeElse" runstate="Runnable" testcasecount="1" result="Passed" start-time="2020-08-01 15:46:53Z" end-time="2020-08-01 15:46:53Z" duration="0.004585" total="1" passed="1" failed="0" inconclusive="0" skipped="0" asserts="10">
        <test-case id="0-1341" name="TestSwitchManualIntSizeElse" fullname="Kaitai.SpecSwitchManualIntSizeElse.TestSwitchManualIntSizeElse" methodname="TestSwitchManualIntSizeElse" classname="Kaitai.SpecSwitchManualIntSizeElse" runstate="Runnable" seed="1582802399" result="Passed" start-time="2020-08-01 15:46:53Z" end-time="2020-08-01 15:46:53Z" duration="0.002138" asserts="10" />
      </test-suite>
      <test-suite type="TestFixture" id="0-1342" name="SpecSwitchManualIntSizeEos" fullname="Kaitai.SpecSwitchManualIntSizeEos" classname="Kaitai.SpecSwitchManualIntSizeEos" runstate="Runnable" testcasecount="1" result="Passed" start-time="2020-08-01 15:46:53Z" end-time="2020-08-01 15:46:53Z" duration="0.004382" total="1" passed="1" failed="0" inconclusive="0" skipped="0" asserts="10">
        <test-case id="0-1343" name="TestSwitchManualIntSizeEos" fullname="Kaitai.SpecSwitchManualIntSizeEos.TestSwitchManualIntSizeEos" methodname="TestSwitchManualIntSizeEos" classname="Kaitai.SpecSwitchManualIntSizeEos" runstate="Runnable" seed="1349194165" result="Passed" start-time="2020-08-01 15:46:53Z" end-time="2020-08-01 15:46:53Z" duration="0.001888" asserts="10" />
      </test-suite>
      <test-suite type="TestFixture" id="0-1344" name="SpecSwitchManualStr" fullname="Kaitai.SpecSwitchManualStr" classname="Kaitai.SpecSwitchManualStr" runstate="Runnable" testcasecount="1" result="Passed" start-time="2020-08-01 15:46:53Z" end-time="2020-08-01 15:46:53Z" duration="0.004029" total="1" passed="1" failed="0" inconclusive="0" skipped="0" asserts="9">
        <test-case id="0-1345" name="TestSwitchManualStr" fullname="Kaitai.SpecSwitchManualStr.TestSwitchManualStr" methodname="TestSwitchManualStr" classname="Kaitai.SpecSwitchManualStr" runstate="Runnable" seed="729293763" result="Passed" start-time="2020-08-01 15:46:53Z" end-time="2020-08-01 15:46:53Z" duration="0.001455" asserts="9" />
      </test-suite>
      <test-suite type="TestFixture" id="0-1346" name="SpecSwitchManualStrElse" fullname="Kaitai.SpecSwitchManualStrElse" classname="Kaitai.SpecSwitchManualStrElse" runstate="Runnable" testcasecount="1" result="Passed" start-time="2020-08-01 15:46:53Z" end-time="2020-08-01 15:46:53Z" duration="0.004071" total="1" passed="1" failed="0" inconclusive="0" skipped="0" asserts="9">
        <test-case id="0-1347" name="TestSwitchManualStrElse" fullname="Kaitai.SpecSwitchManualStrElse.TestSwitchManualStrElse" methodname="TestSwitchManualStrElse" classname="Kaitai.SpecSwitchManualStrElse" runstate="Runnable" seed="169983465" result="Passed" start-time="2020-08-01 15:46:53Z" end-time="2020-08-01 15:46:53Z" duration="0.001547" asserts="9" />
      </test-suite>
      <test-suite type="TestFixture" id="0-1348" name="SpecSwitchMultiBoolOps" fullname="Kaitai.SpecSwitchMultiBoolOps" classname="Kaitai.SpecSwitchMultiBoolOps" runstate="Runnable" testcasecount="1" result="Passed" start-time="2020-08-01 15:46:53Z" end-time="2020-08-01 15:46:53Z" duration="0.003747" total="1" passed="1" failed="0" inconclusive="0" skipped="0" asserts="9">
        <test-case id="0-1349" name="TestSwitchMultiBoolOps" fullname="Kaitai.SpecSwitchMultiBoolOps.TestSwitchMultiBoolOps" methodname="TestSwitchMultiBoolOps" classname="Kaitai.SpecSwitchMultiBoolOps" runstate="Runnable" seed="319326207" result="Passed" start-time="2020-08-01 15:46:53Z" end-time="2020-08-01 15:46:53Z" duration="0.001217" asserts="9" />
      </test-suite>
      <test-suite type="TestFixture" id="0-1350" name="SpecSwitchRepeatExpr" fullname="Kaitai.SpecSwitchRepeatExpr" classname="Kaitai.SpecSwitchRepeatExpr" runstate="Runnable" testcasecount="1" result="Passed" start-time="2020-08-01 15:46:53Z" end-time="2020-08-01 15:46:53Z" duration="0.003690" total="1" passed="1" failed="0" inconclusive="0" skipped="0" asserts="3">
        <test-case id="0-1351" name="TestSwitchRepeatExpr" fullname="Kaitai.SpecSwitchRepeatExpr.TestSwitchRepeatExpr" methodname="TestSwitchRepeatExpr" classname="Kaitai.SpecSwitchRepeatExpr" runstate="Runnable" seed="1114986926" result="Passed" start-time="2020-08-01 15:46:53Z" end-time="2020-08-01 15:46:53Z" duration="0.001106" asserts="3" />
      </test-suite>
      <test-suite type="TestFixture" id="0-1352" name="SpecSwitchRepeatExprInvalid" fullname="Kaitai.SpecSwitchRepeatExprInvalid" classname="Kaitai.SpecSwitchRepeatExprInvalid" runstate="Runnable" testcasecount="1" result="Passed" start-time="2020-08-01 15:46:53Z" end-time="2020-08-01 15:46:53Z" duration="0.003654" total="1" passed="1" failed="0" inconclusive="0" skipped="0" asserts="3">
        <test-case id="0-1353" name="TestSwitchRepeatExprInvalid" fullname="Kaitai.SpecSwitchRepeatExprInvalid.TestSwitchRepeatExprInvalid" methodname="TestSwitchRepeatExprInvalid" classname="Kaitai.SpecSwitchRepeatExprInvalid" runstate="Runnable" seed="1244452343" result="Passed" start-time="2020-08-01 15:46:53Z" end-time="2020-08-01 15:46:53Z" duration="0.001126" asserts="3" />
      </test-suite>
      <test-suite type="TestFixture" id="0-1354" name="SpecTermBytes" fullname="Kaitai.SpecTermBytes" classname="Kaitai.SpecTermBytes" runstate="Runnable" testcasecount="1" result="Passed" start-time="2020-08-01 15:46:53Z" end-time="2020-08-01 15:46:53Z" duration="0.003100" total="1" passed="1" failed="0" inconclusive="0" skipped="0" asserts="3">
        <test-case id="0-1355" name="TestTermBytes" fullname="Kaitai.SpecTermBytes.TestTermBytes" methodname="TestTermBytes" classname="Kaitai.SpecTermBytes" runstate="Runnable" seed="1753503329" result="Passed" start-time="2020-08-01 15:46:53Z" end-time="2020-08-01 15:46:53Z" duration="0.000649" asserts="3" />
      </test-suite>
      <test-suite type="TestFixture" id="0-1356" name="SpecTermStrz" fullname="Kaitai.SpecTermStrz" classname="Kaitai.SpecTermStrz" runstate="Runnable" testcasecount="1" result="Passed" start-time="2020-08-01 15:46:53Z" end-time="2020-08-01 15:46:53Z" duration="0.002932" total="1" passed="1" failed="0" inconclusive="0" skipped="0" asserts="3">
        <test-case id="0-1357" name="TestTermStrz" fullname="Kaitai.SpecTermStrz.TestTermStrz" methodname="TestTermStrz" classname="Kaitai.SpecTermStrz" runstate="Runnable" seed="2094744792" result="Passed" start-time="2020-08-01 15:46:53Z" end-time="2020-08-01 15:46:53Z" duration="0.000316" asserts="3" />
      </test-suite>
      <test-suite type="TestFixture" id="0-1358" name="SpecTsPacketHeader" fullname="Kaitai.SpecTsPacketHeader" classname="Kaitai.SpecTsPacketHeader" runstate="Runnable" testcasecount="1" result="Passed" start-time="2020-08-01 15:46:53Z" end-time="2020-08-01 15:46:53Z" duration="0.003364" total="1" passed="1" failed="0" inconclusive="0" skipped="0" asserts="7">
        <test-case id="0-1359" name="TestTsPacketHeader" fullname="Kaitai.SpecTsPacketHeader.TestTsPacketHeader" methodname="TestTsPacketHeader" classname="Kaitai.SpecTsPacketHeader" runstate="Runnable" seed="244634905" result="Passed" start-time="2020-08-01 15:46:53Z" end-time="2020-08-01 15:46:53Z" duration="0.000707" asserts="7" />
      </test-suite>
      <test-suite type="TestFixture" id="0-1360" name="SpecTypeIntUnaryOp" fullname="Kaitai.SpecTypeIntUnaryOp" classname="Kaitai.SpecTypeIntUnaryOp" runstate="Runnable" testcasecount="1" result="Passed" start-time="2020-08-01 15:46:53Z" end-time="2020-08-01 15:46:53Z" duration="0.003148" total="1" passed="1" failed="0" inconclusive="0" skipped="0" asserts="4">
        <test-case id="0-1361" name="TestTypeIntUnaryOp" fullname="Kaitai.SpecTypeIntUnaryOp.TestTypeIntUnaryOp" methodname="TestTypeIntUnaryOp" classname="Kaitai.SpecTypeIntUnaryOp" runstate="Runnable" seed="736635951" result="Passed" start-time="2020-08-01 15:46:53Z" end-time="2020-08-01 15:46:53Z" duration="0.000618" asserts="4" />
      </test-suite>
      <test-suite type="TestFixture" id="0-1362" name="SpecTypeTernary" fullname="Kaitai.SpecTypeTernary" classname="Kaitai.SpecTypeTernary" runstate="Runnable" testcasecount="1" result="Passed" start-time="2020-08-01 15:46:53Z" end-time="2020-08-01 15:46:53Z" duration="0.003358" total="1" passed="1" failed="0" inconclusive="0" skipped="0" asserts="1">
        <test-case id="0-1363" name="TestTypeTernary" fullname="Kaitai.SpecTypeTernary.TestTypeTernary" methodname="TestTypeTernary" classname="Kaitai.SpecTypeTernary" runstate="Runnable" seed="1581852900" result="Passed" start-time="2020-08-01 15:46:53Z" end-time="2020-08-01 15:46:53Z" duration="0.000873" asserts="1" />
      </test-suite>
      <test-suite type="TestFixture" id="0-1364" name="SpecTypeTernary2ndFalsy" fullname="Kaitai.SpecTypeTernary2ndFalsy" classname="Kaitai.SpecTypeTernary2ndFalsy" runstate="Runnable" testcasecount="1" result="Passed" start-time="2020-08-01 15:46:53Z" end-time="2020-08-01 15:46:53Z" duration="0.004202" total="1" passed="1" failed="0" inconclusive="0" skipped="0" asserts="13">
        <test-case id="0-1365" name="TestTypeTernary2ndFalsy" fullname="Kaitai.SpecTypeTernary2ndFalsy.TestTypeTernary2ndFalsy" methodname="TestTypeTernary2ndFalsy" classname="Kaitai.SpecTypeTernary2ndFalsy" runstate="Runnable" seed="1884791330" result="Passed" start-time="2020-08-01 15:46:53Z" end-time="2020-08-01 15:46:53Z" duration="0.001703" asserts="13" />
      </test-suite>
      <test-suite type="TestFixture" id="0-1366" name="SpecTypeTernaryOpaque" fullname="Kaitai.SpecTypeTernaryOpaque" classname="Kaitai.SpecTypeTernaryOpaque" runstate="Runnable" testcasecount="1" result="Passed" start-time="2020-08-01 15:46:53Z" end-time="2020-08-01 15:46:53Z" duration="0.003123" total="1" passed="1" failed="0" inconclusive="0" skipped="0" asserts="3">
        <test-case id="0-1367" name="TestTypeTernaryOpaque" fullname="Kaitai.SpecTypeTernaryOpaque.TestTypeTernaryOpaque" methodname="TestTypeTernaryOpaque" classname="Kaitai.SpecTypeTernaryOpaque" runstate="Runnable" seed="72099215" result="Passed" start-time="2020-08-01 15:46:53Z" end-time="2020-08-01 15:46:53Z" duration="0.000652" asserts="3" />
      </test-suite>
      <test-suite type="TestFixture" id="0-1368" name="SpecUserType" fullname="Kaitai.SpecUserType" classname="Kaitai.SpecUserType" runstate="Runnable" testcasecount="1" result="Passed" start-time="2020-08-01 15:46:53Z" end-time="2020-08-01 15:46:53Z" duration="0.003000" total="1" passed="1" failed="0" inconclusive="0" skipped="0" asserts="2">
        <test-case id="0-1369" name="TestUserType" fullname="Kaitai.SpecUserType.TestUserType" methodname="TestUserType" classname="Kaitai.SpecUserType" runstate="Runnable" seed="779877224" result="Passed" start-time="2020-08-01 15:46:53Z" end-time="2020-08-01 15:46:53Z" duration="0.000518" asserts="2" />
      </test-suite>
      <test-suite type="TestFixture" id="0-1370" name="SpecValidFailAnyofInt" fullname="Kaitai.SpecValidFailAnyofInt" classname="Kaitai.SpecValidFailAnyofInt" runstate="Runnable" testcasecount="1" result="Passed" start-time="2020-08-01 15:46:53Z" end-time="2020-08-01 15:46:53Z" duration="0.003689" total="1" passed="1" failed="0" inconclusive="0" skipped="0" asserts="1">
        <test-case id="0-1371" name="TestValidFailAnyofInt" fullname="Kaitai.SpecValidFailAnyofInt.TestValidFailAnyofInt" methodname="TestValidFailAnyofInt" classname="Kaitai.SpecValidFailAnyofInt" runstate="Runnable" seed="1352261050" result="Passed" start-time="2020-08-01 15:46:53Z" end-time="2020-08-01 15:46:53Z" duration="0.001232" asserts="1" />
      </test-suite>
      <test-suite type="TestFixture" id="0-1372" name="SpecValidFailContents" fullname="Kaitai.SpecValidFailContents" classname="Kaitai.SpecValidFailContents" runstate="Runnable" testcasecount="1" result="Passed" start-time="2020-08-01 15:46:53Z" end-time="2020-08-01 15:46:53Z" duration="0.003330" total="1" passed="1" failed="0" inconclusive="0" skipped="0" asserts="1">
        <test-case id="0-1373" name="TestValidFailContents" fullname="Kaitai.SpecValidFailContents.TestValidFailContents" methodname="TestValidFailContents" classname="Kaitai.SpecValidFailContents" runstate="Runnable" seed="348788278" result="Passed" start-time="2020-08-01 15:46:53Z" end-time="2020-08-01 15:46:53Z" duration="0.000871" asserts="1" />
      </test-suite>
      <test-suite type="TestFixture" id="0-1374" name="SpecValidFailEqBytes" fullname="Kaitai.SpecValidFailEqBytes" classname="Kaitai.SpecValidFailEqBytes" runstate="Runnable" testcasecount="1" result="Passed" start-time="2020-08-01 15:46:53Z" end-time="2020-08-01 15:46:53Z" duration="0.003020" total="1" passed="1" failed="0" inconclusive="0" skipped="0" asserts="1">
        <test-case id="0-1375" name="TestValidFailEqBytes" fullname="Kaitai.SpecValidFailEqBytes.TestValidFailEqBytes" methodname="TestValidFailEqBytes" classname="Kaitai.SpecValidFailEqBytes" runstate="Runnable" seed="791475784" result="Passed" start-time="2020-08-01 15:46:53Z" end-time="2020-08-01 15:46:53Z" duration="0.000547" asserts="1" />
      </test-suite>
      <test-suite type="TestFixture" id="0-1376" name="SpecValidFailEqInt" fullname="Kaitai.SpecValidFailEqInt" classname="Kaitai.SpecValidFailEqInt" runstate="Runnable" testcasecount="1" result="Passed" start-time="2020-08-01 15:46:53Z" end-time="2020-08-01 15:46:53Z" duration="0.003089" total="1" passed="1" failed="0" inconclusive="0" skipped="0" asserts="1">
        <test-case id="0-1377" name="TestValidFailEqInt" fullname="Kaitai.SpecValidFailEqInt.TestValidFailEqInt" methodname="TestValidFailEqInt" classname="Kaitai.SpecValidFailEqInt" runstate="Runnable" seed="1192256489" result="Passed" start-time="2020-08-01 15:46:53Z" end-time="2020-08-01 15:46:53Z" duration="0.000611" asserts="1" />
      </test-suite>
      <test-suite type="TestFixture" id="0-1378" name="SpecValidFailExpr" fullname="Kaitai.SpecValidFailExpr" classname="Kaitai.SpecValidFailExpr" runstate="Runnable" testcasecount="1" result="Passed" start-time="2020-08-01 15:46:53Z" end-time="2020-08-01 15:46:53Z" duration="0.004454" total="1" passed="1" failed="0" inconclusive="0" skipped="0" asserts="1">
        <test-case id="0-1379" name="TestValidFailExpr" fullname="Kaitai.SpecValidFailExpr.TestValidFailExpr" methodname="TestValidFailExpr" classname="Kaitai.SpecValidFailExpr" runstate="Runnable" seed="130067751" result="Passed" start-time="2020-08-01 15:46:53Z" end-time="2020-08-01 15:46:53Z" duration="0.000979" asserts="1" />
      </test-suite>
      <test-suite type="TestFixture" id="0-1380" name="SpecValidFailInst" fullname="Kaitai.SpecValidFailInst" classname="Kaitai.SpecValidFailInst" runstate="Runnable" testcasecount="1" result="Passed" start-time="2020-08-01 15:46:53Z" end-time="2020-08-01 15:46:53Z" duration="0.003250" total="1" passed="1" failed="0" inconclusive="0" skipped="0" asserts="1">
        <test-case id="0-1381" name="TestValidFailInst" fullname="Kaitai.SpecValidFailInst.TestValidFailInst" methodname="TestValidFailInst" classname="Kaitai.SpecValidFailInst" runstate="Runnable" seed="153550138" result="Passed" start-time="2020-08-01 15:46:53Z" end-time="2020-08-01 15:46:53Z" duration="0.000680" asserts="1" />
      </test-suite>
      <test-suite type="TestFixture" id="0-1382" name="SpecValidFailMaxInt" fullname="Kaitai.SpecValidFailMaxInt" classname="Kaitai.SpecValidFailMaxInt" runstate="Runnable" testcasecount="1" result="Passed" start-time="2020-08-01 15:46:53Z" end-time="2020-08-01 15:46:53Z" duration="0.003161" total="1" passed="1" failed="0" inconclusive="0" skipped="0" asserts="1">
        <test-case id="0-1383" name="TestValidFailMaxInt" fullname="Kaitai.SpecValidFailMaxInt.TestValidFailMaxInt" methodname="TestValidFailMaxInt" classname="Kaitai.SpecValidFailMaxInt" runstate="Runnable" seed="1170486273" result="Passed" start-time="2020-08-01 15:46:53Z" end-time="2020-08-01 15:46:53Z" duration="0.000689" asserts="1" />
      </test-suite>
      <test-suite type="TestFixture" id="0-1384" name="SpecValidFailMinInt" fullname="Kaitai.SpecValidFailMinInt" classname="Kaitai.SpecValidFailMinInt" runstate="Runnable" testcasecount="1" result="Passed" start-time="2020-08-01 15:46:53Z" end-time="2020-08-01 15:46:53Z" duration="0.003164" total="1" passed="1" failed="0" inconclusive="0" skipped="0" asserts="1">
        <test-case id="0-1385" name="TestValidFailMinInt" fullname="Kaitai.SpecValidFailMinInt.TestValidFailMinInt" methodname="TestValidFailMinInt" classname="Kaitai.SpecValidFailMinInt" runstate="Runnable" seed="1754564394" result="Passed" start-time="2020-08-01 15:46:53Z" end-time="2020-08-01 15:46:53Z" duration="0.000650" asserts="1" />
      </test-suite>
      <test-suite type="TestFixture" id="0-1386" name="SpecValidFailRangeBytes" fullname="Kaitai.SpecValidFailRangeBytes" classname="Kaitai.SpecValidFailRangeBytes" runstate="Runnable" testcasecount="1" result="Passed" start-time="2020-08-01 15:46:53Z" end-time="2020-08-01 15:46:53Z" duration="0.003241" total="1" passed="1" failed="0" inconclusive="0" skipped="0" asserts="1">
        <test-case id="0-1387" name="TestValidFailRangeBytes" fullname="Kaitai.SpecValidFailRangeBytes.TestValidFailRangeBytes" methodname="TestValidFailRangeBytes" classname="Kaitai.SpecValidFailRangeBytes" runstate="Runnable" seed="1029449975" result="Passed" start-time="2020-08-01 15:46:53Z" end-time="2020-08-01 15:46:53Z" duration="0.000660" asserts="1" />
      </test-suite>
      <test-suite type="TestFixture" id="0-1388" name="SpecValidFailRangeFloat" fullname="Kaitai.SpecValidFailRangeFloat" classname="Kaitai.SpecValidFailRangeFloat" runstate="Runnable" testcasecount="1" result="Passed" start-time="2020-08-01 15:46:53Z" end-time="2020-08-01 15:46:53Z" duration="0.004803" total="1" passed="1" failed="0" inconclusive="0" skipped="0" asserts="1">
        <test-case id="0-1389" name="TestValidFailRangeFloat" fullname="Kaitai.SpecValidFailRangeFloat.TestValidFailRangeFloat" methodname="TestValidFailRangeFloat" classname="Kaitai.SpecValidFailRangeFloat" runstate="Runnable" seed="1411424765" result="Passed" start-time="2020-08-01 15:46:53Z" end-time="2020-08-01 15:46:53Z" duration="0.002245" asserts="1" />
      </test-suite>
      <test-suite type="TestFixture" id="0-1390" name="SpecValidFailRangeInt" fullname="Kaitai.SpecValidFailRangeInt" classname="Kaitai.SpecValidFailRangeInt" runstate="Runnable" testcasecount="1" result="Passed" start-time="2020-08-01 15:46:53Z" end-time="2020-08-01 15:46:53Z" duration="0.003075" total="1" passed="1" failed="0" inconclusive="0" skipped="0" asserts="1">
        <test-case id="0-1391" name="TestValidFailRangeInt" fullname="Kaitai.SpecValidFailRangeInt.TestValidFailRangeInt" methodname="TestValidFailRangeInt" classname="Kaitai.SpecValidFailRangeInt" runstate="Runnable" seed="876495929" result="Passed" start-time="2020-08-01 15:46:53Z" end-time="2020-08-01 15:46:53Z" duration="0.000600" asserts="1" />
      </test-suite>
      <test-suite type="TestFixture" id="0-1392" name="SpecValidFailRangeStr" fullname="Kaitai.SpecValidFailRangeStr" classname="Kaitai.SpecValidFailRangeStr" runstate="Runnable" testcasecount="1" result="Passed" start-time="2020-08-01 15:46:53Z" end-time="2020-08-01 15:46:53Z" duration="0.003068" total="1" passed="1" failed="0" inconclusive="0" skipped="0" asserts="1">
        <test-case id="0-1393" name="TestValidFailRangeStr" fullname="Kaitai.SpecValidFailRangeStr.TestValidFailRangeStr" methodname="TestValidFailRangeStr" classname="Kaitai.SpecValidFailRangeStr" runstate="Runnable" seed="1980050723" result="Passed" start-time="2020-08-01 15:46:53Z" end-time="2020-08-01 15:46:53Z" duration="0.000580" asserts="1" />
      </test-suite>
      <test-suite type="TestFixture" id="0-1394" name="SpecValidLong" fullname="Kaitai.SpecValidLong" classname="Kaitai.SpecValidLong" runstate="Runnable" testcasecount="1" result="Passed" start-time="2020-08-01 15:46:53Z" end-time="2020-08-01 15:46:53Z" duration="0.003650" total="1" passed="1" failed="0" inconclusive="0" skipped="0" asserts="0">
        <test-case id="0-1395" name="TestValidLong" fullname="Kaitai.SpecValidLong.TestValidLong" methodname="TestValidLong" classname="Kaitai.SpecValidLong" runstate="Runnable" seed="928884948" result="Passed" start-time="2020-08-01 15:46:53Z" end-time="2020-08-01 15:46:53Z" duration="0.001178" asserts="0" />
      </test-suite>
      <test-suite type="TestFixture" id="0-1396" name="SpecValidNotParsedIf" fullname="Kaitai.SpecValidNotParsedIf" classname="Kaitai.SpecValidNotParsedIf" runstate="Runnable" testcasecount="1" result="Passed" start-time="2020-08-01 15:46:53Z" end-time="2020-08-01 15:46:53Z" duration="0.003019" total="1" passed="1" failed="0" inconclusive="0" skipped="0" asserts="0">
        <test-case id="0-1397" name="TestValidNotParsedIf" fullname="Kaitai.SpecValidNotParsedIf.TestValidNotParsedIf" methodname="TestValidNotParsedIf" classname="Kaitai.SpecValidNotParsedIf" runstate="Runnable" seed="134784158" result="Passed" start-time="2020-08-01 15:46:53Z" end-time="2020-08-01 15:46:53Z" duration="0.000575" asserts="0" />
      </test-suite>
      <test-suite type="TestFixture" id="0-1398" name="SpecValidShort" fullname="Kaitai.SpecValidShort" classname="Kaitai.SpecValidShort" runstate="Runnable" testcasecount="1" result="Passed" start-time="2020-08-01 15:46:53Z" end-time="2020-08-01 15:46:53Z" duration="0.003682" total="1" passed="1" failed="0" inconclusive="0" skipped="0" asserts="0">
        <test-case id="0-1399" name="TestValidShort" fullname="Kaitai.SpecValidShort.TestValidShort" methodname="TestValidShort" classname="Kaitai.SpecValidShort" runstate="Runnable" seed="2126085485" result="Passed" start-time="2020-08-01 15:46:53Z" end-time="2020-08-01 15:46:53Z" duration="0.001195" asserts="0" />
      </test-suite>
      <test-suite type="TestFixture" id="0-1400" name="SpecValidSwitch" fullname="Kaitai.SpecValidSwitch" classname="Kaitai.SpecValidSwitch" runstate="Runnable" testcasecount="1" result="Passed" start-time="2020-08-01 15:46:53Z" end-time="2020-08-01 15:46:53Z" duration="0.003069" total="1" passed="1" failed="0" inconclusive="0" skipped="0" asserts="0">
        <test-case id="0-1401" name="TestValidSwitch" fullname="Kaitai.SpecValidSwitch.TestValidSwitch" methodname="TestValidSwitch" classname="Kaitai.SpecValidSwitch" runstate="Runnable" seed="1716018588" result="Passed" start-time="2020-08-01 15:46:53Z" end-time="2020-08-01 15:46:53Z" duration="0.000603" asserts="0" />
      </test-suite>
      <test-suite type="TestFixture" id="0-1402" name="SpecZlibSurrounded" fullname="Kaitai.SpecZlibSurrounded" classname="Kaitai.SpecZlibSurrounded" runstate="Runnable" testcasecount="1" result="Passed" start-time="2020-08-01 15:46:53Z" end-time="2020-08-01 15:46:53Z" duration="0.009772" total="1" passed="1" failed="0" inconclusive="0" skipped="0" asserts="1">
        <test-case id="0-1403" name="TestZlibSurrounded" fullname="Kaitai.SpecZlibSurrounded.TestZlibSurrounded" methodname="TestZlibSurrounded" classname="Kaitai.SpecZlibSurrounded" runstate="Runnable" seed="1115949871" result="Passed" start-time="2020-08-01 15:46:53Z" end-time="2020-08-01 15:46:53Z" duration="0.007287" asserts="1" />
      </test-suite>
      <test-suite type="TestFixture" id="0-1404" name="SpecZlibWithHeader78" fullname="Kaitai.SpecZlibWithHeader78" classname="Kaitai.SpecZlibWithHeader78" runstate="Runnable" testcasecount="1" result="Passed" start-time="2020-08-01 15:46:53Z" end-time="2020-08-01 15:46:53Z" duration="0.003004" total="1" passed="1" failed="0" inconclusive="0" skipped="0" asserts="1">
        <test-case id="0-1405" name="TestZlibWithHeader78" fullname="Kaitai.SpecZlibWithHeader78.TestZlibWithHeader78" methodname="TestZlibWithHeader78" classname="Kaitai.SpecZlibWithHeader78" runstate="Runnable" seed="202964412" result="Passed" start-time="2020-08-01 15:46:53Z" end-time="2020-08-01 15:46:53Z" duration="0.000491" asserts="1" />
      </test-suite>
    </test-suite>
  </test-suite>
</test-run>