<?xml version="1.0" encoding="utf-8" standalone="no"?>
<test-run id="2" testcasecount="206" result="Failed" total="206" passed="205" failed="1" inconclusive="0" skipped="0" asserts="961" engine-version="3.4.1.0" clr-version="4.0.30319.42000" start-time="2020-11-17 21:38:36Z" end-time="2020-11-17 21:38:38Z" duration="2.489264">
  <command-line><![CDATA[spec/csharp/packages/NUnit.ConsoleRunner.3.4.1/tools/nunit3-console.exe --result=test_out/csharp/TestResult.xml spec/csharp/kaitai_struct_csharp_tests/bin/Debug/kaitai_struct_csharp_tests.dll]]></command-line>
  <test-suite type="Assembly" id="0-1412" name="kaitai_struct_csharp_tests.dll" fullname="C:\projects\ci-targets\tests\spec\csharp\kaitai_struct_csharp_tests\bin\Debug\kaitai_struct_csharp_tests.dll" runstate="Runnable" testcasecount="206" result="Failed" site="Child" start-time="2020-11-17 21:38:36Z" end-time="2020-11-17 21:38:38Z" duration="2.334405" total="206" passed="205" failed="1" inconclusive="0" skipped="0" asserts="961">
    <environment framework-version="3.4.1.0" clr-version="4.0.30319.42000" os-version="Microsoft Windows NT 10.0.14393.0" platform="Win32NT" cwd="C:\projects\ci-targets\tests" machine-name="APPVYR-WIN" user="appveyor" user-domain="APPVYR-WIN" culture="en-US" uiculture="en-US" os-architecture="x64" />
    <settings>
      <setting name="WorkDirectory" value="C:\projects\ci-targets\tests" />
      <setting name="ImageRuntimeVersion" value="4.0.30319" />
      <setting name="ImageTargetFrameworkName" value=".NETFramework,Version=v4.5" />
      <setting name="ImageRequiresX86" value="False" />
      <setting name="ImageRequiresDefaultAppDomainAssemblyResolver" value="False" />
      <setting name="NumberOfTestWorkers" value="2" />
    </settings>
    <properties>
      <property name="_PID" value="3336" />
      <property name="_APPDOMAIN" value="test-domain-" />
    </properties>
    <failure>
      <message><![CDATA[One or more child tests had errors]]></message>
    </failure>
    <test-suite type="TestSuite" id="0-1413" name="Kaitai" fullname="Kaitai" runstate="Runnable" testcasecount="206" result="Failed" site="Child" start-time="2020-11-17 21:38:36Z" end-time="2020-11-17 21:38:38Z" duration="2.296830" total="206" passed="205" failed="1" inconclusive="0" skipped="0" asserts="961">
      <failure>
        <message><![CDATA[One or more child tests had errors]]></message>
      </failure>
      <test-suite type="TestFixture" id="0-1000" name="SpecBcdUserTypeBe" fullname="Kaitai.SpecBcdUserTypeBe" classname="Kaitai.SpecBcdUserTypeBe" runstate="Runnable" testcasecount="1" result="Passed" start-time="2020-11-17 21:38:36Z" end-time="2020-11-17 21:38:36Z" duration="0.062655" total="1" passed="1" failed="0" inconclusive="0" skipped="0" asserts="6">
        <test-case id="0-1001" name="TestBcdUserTypeBe" fullname="Kaitai.SpecBcdUserTypeBe.TestBcdUserTypeBe" methodname="TestBcdUserTypeBe" classname="Kaitai.SpecBcdUserTypeBe" runstate="Runnable" seed="1326393860" result="Passed" start-time="2020-11-17 21:38:36Z" end-time="2020-11-17 21:38:36Z" duration="0.041149" asserts="6" />
      </test-suite>
      <test-suite type="TestFixture" id="0-1002" name="SpecBcdUserTypeLe" fullname="Kaitai.SpecBcdUserTypeLe" classname="Kaitai.SpecBcdUserTypeLe" runstate="Runnable" testcasecount="1" result="Passed" start-time="2020-11-17 21:38:36Z" end-time="2020-11-17 21:38:36Z" duration="0.024044" total="1" passed="1" failed="0" inconclusive="0" skipped="0" asserts="6">
        <test-case id="0-1003" name="TestBcdUserTypeLe" fullname="Kaitai.SpecBcdUserTypeLe.TestBcdUserTypeLe" methodname="TestBcdUserTypeLe" classname="Kaitai.SpecBcdUserTypeLe" runstate="Runnable" seed="1742254990" result="Passed" start-time="2020-11-17 21:38:36Z" end-time="2020-11-17 21:38:36Z" duration="0.019993" asserts="6" />
      </test-suite>
      <test-suite type="TestFixture" id="0-1004" name="SpecBitsByteAligned" fullname="Kaitai.SpecBitsByteAligned" classname="Kaitai.SpecBitsByteAligned" runstate="Runnable" testcasecount="1" result="Passed" start-time="2020-11-17 21:38:36Z" end-time="2020-11-17 21:38:36Z" duration="0.012023" total="1" passed="1" failed="0" inconclusive="0" skipped="0" asserts="9">
        <test-case id="0-1005" name="TestBitsByteAligned" fullname="Kaitai.SpecBitsByteAligned.TestBitsByteAligned" methodname="TestBitsByteAligned" classname="Kaitai.SpecBitsByteAligned" runstate="Runnable" seed="1021234086" result="Passed" start-time="2020-11-17 21:38:36Z" end-time="2020-11-17 21:38:36Z" duration="0.008637" asserts="9" />
      </test-suite>
      <test-suite type="TestFixture" id="0-1006" name="SpecBitsEnum" fullname="Kaitai.SpecBitsEnum" classname="Kaitai.SpecBitsEnum" runstate="Runnable" testcasecount="1" result="Passed" start-time="2020-11-17 21:38:36Z" end-time="2020-11-17 21:38:36Z" duration="0.005015" total="1" passed="1" failed="0" inconclusive="0" skipped="0" asserts="3">
        <test-case id="0-1007" name="TestBitsEnum" fullname="Kaitai.SpecBitsEnum.TestBitsEnum" methodname="TestBitsEnum" classname="Kaitai.SpecBitsEnum" runstate="Runnable" seed="1278650885" result="Passed" start-time="2020-11-17 21:38:36Z" end-time="2020-11-17 21:38:36Z" duration="0.001420" asserts="3" />
      </test-suite>
      <test-suite type="TestFixture" id="0-1008" name="SpecBitsSeqEndianCombo" fullname="Kaitai.SpecBitsSeqEndianCombo" classname="Kaitai.SpecBitsSeqEndianCombo" runstate="Runnable" testcasecount="1" result="Passed" start-time="2020-11-17 21:38:36Z" end-time="2020-11-17 21:38:36Z" duration="0.006006" total="1" passed="1" failed="0" inconclusive="0" skipped="0" asserts="8">
        <test-case id="0-1009" name="TestBitsSeqEndianCombo" fullname="Kaitai.SpecBitsSeqEndianCombo.TestBitsSeqEndianCombo" methodname="TestBitsSeqEndianCombo" classname="Kaitai.SpecBitsSeqEndianCombo" runstate="Runnable" seed="1881287627" result="Passed" start-time="2020-11-17 21:38:36Z" end-time="2020-11-17 21:38:36Z" duration="0.002722" asserts="8" />
      </test-suite>
      <test-suite type="TestFixture" id="0-1010" name="SpecBitsSignedB32Le" fullname="Kaitai.SpecBitsSignedB32Le" classname="Kaitai.SpecBitsSignedB32Le" runstate="Runnable" testcasecount="1" result="Passed" start-time="2020-11-17 21:38:36Z" end-time="2020-11-17 21:38:36Z" duration="0.005012" total="1" passed="1" failed="0" inconclusive="0" skipped="0" asserts="4">
        <test-case id="0-1011" name="TestBitsSignedB32Le" fullname="Kaitai.SpecBitsSignedB32Le.TestBitsSignedB32Le" methodname="TestBitsSignedB32Le" classname="Kaitai.SpecBitsSignedB32Le" runstate="Runnable" seed="1154431663" result="Passed" start-time="2020-11-17 21:38:36Z" end-time="2020-11-17 21:38:36Z" duration="0.001668" asserts="4" />
      </test-suite>
      <test-suite type="TestFixture" id="0-1012" name="SpecBitsSignedB64Le" fullname="Kaitai.SpecBitsSignedB64Le" classname="Kaitai.SpecBitsSignedB64Le" runstate="Runnable" testcasecount="1" result="Passed" start-time="2020-11-17 21:38:36Z" end-time="2020-11-17 21:38:36Z" duration="0.005026" total="1" passed="1" failed="0" inconclusive="0" skipped="0" asserts="4">
        <test-case id="0-1013" name="TestBitsSignedB64Le" fullname="Kaitai.SpecBitsSignedB64Le.TestBitsSignedB64Le" methodname="TestBitsSignedB64Le" classname="Kaitai.SpecBitsSignedB64Le" runstate="Runnable" seed="1678275748" result="Passed" start-time="2020-11-17 21:38:36Z" end-time="2020-11-17 21:38:36Z" duration="0.001652" asserts="4" />
      </test-suite>
      <test-suite type="TestFixture" id="0-1014" name="SpecBitsSimple" fullname="Kaitai.SpecBitsSimple" classname="Kaitai.SpecBitsSimple" runstate="Runnable" testcasecount="1" result="Passed" start-time="2020-11-17 21:38:36Z" end-time="2020-11-17 21:38:36Z" duration="0.008016" total="1" passed="1" failed="0" inconclusive="0" skipped="0" asserts="14">
        <test-case id="0-1015" name="TestBitsSimple" fullname="Kaitai.SpecBitsSimple.TestBitsSimple" methodname="TestBitsSimple" classname="Kaitai.SpecBitsSimple" runstate="Runnable" seed="1718994280" result="Passed" start-time="2020-11-17 21:38:36Z" end-time="2020-11-17 21:38:36Z" duration="0.004143" asserts="14" />
      </test-suite>
      <test-suite type="TestFixture" id="0-1016" name="SpecBitsSimpleLe" fullname="Kaitai.SpecBitsSimpleLe" classname="Kaitai.SpecBitsSimpleLe" runstate="Runnable" testcasecount="1" result="Passed" start-time="2020-11-17 21:38:36Z" end-time="2020-11-17 21:38:36Z" duration="0.007035" total="1" passed="1" failed="0" inconclusive="0" skipped="0" asserts="14">
        <test-case id="0-1017" name="TestBitsSimpleLe" fullname="Kaitai.SpecBitsSimpleLe.TestBitsSimpleLe" methodname="TestBitsSimpleLe" classname="Kaitai.SpecBitsSimpleLe" runstate="Runnable" seed="1572408332" result="Passed" start-time="2020-11-17 21:38:36Z" end-time="2020-11-17 21:38:36Z" duration="0.003451" asserts="14" />
      </test-suite>
      <test-suite type="TestFixture" id="0-1018" name="SpecBufferedStruct" fullname="Kaitai.SpecBufferedStruct" classname="Kaitai.SpecBufferedStruct" runstate="Runnable" testcasecount="1" result="Passed" start-time="2020-11-17 21:38:36Z" end-time="2020-11-17 21:38:36Z" duration="0.008004" total="1" passed="1" failed="0" inconclusive="0" skipped="0" asserts="7">
        <test-case id="0-1019" name="TestBufferedStruct" fullname="Kaitai.SpecBufferedStruct.TestBufferedStruct" methodname="TestBufferedStruct" classname="Kaitai.SpecBufferedStruct" runstate="Runnable" seed="1708365517" result="Passed" start-time="2020-11-17 21:38:36Z" end-time="2020-11-17 21:38:36Z" duration="0.004269" asserts="7" />
      </test-suite>
      <test-suite type="TestFixture" id="0-1020" name="SpecBytesPadTerm" fullname="Kaitai.SpecBytesPadTerm" classname="Kaitai.SpecBytesPadTerm" runstate="Runnable" testcasecount="1" result="Passed" start-time="2020-11-17 21:38:36Z" end-time="2020-11-17 21:38:36Z" duration="0.006013" total="1" passed="1" failed="0" inconclusive="0" skipped="0" asserts="4">
        <test-case id="0-1021" name="TestBytesPadTerm" fullname="Kaitai.SpecBytesPadTerm.TestBytesPadTerm" methodname="TestBytesPadTerm" classname="Kaitai.SpecBytesPadTerm" runstate="Runnable" seed="1354072515" result="Passed" start-time="2020-11-17 21:38:36Z" end-time="2020-11-17 21:38:36Z" duration="0.002346" asserts="4" />
      </test-suite>
      <test-suite type="TestFixture" id="0-1022" name="SpecCastNested" fullname="Kaitai.SpecCastNested" classname="Kaitai.SpecCastNested" runstate="Runnable" testcasecount="1" result="Passed" start-time="2020-11-17 21:38:36Z" end-time="2020-11-17 21:38:36Z" duration="0.007004" total="1" passed="1" failed="0" inconclusive="0" skipped="0" asserts="4">
        <test-case id="0-1023" name="TestCastNested" fullname="Kaitai.SpecCastNested.TestCastNested" methodname="TestCastNested" classname="Kaitai.SpecCastNested" runstate="Runnable" seed="480571888" result="Passed" start-time="2020-11-17 21:38:36Z" end-time="2020-11-17 21:38:36Z" duration="0.003239" asserts="4" />
      </test-suite>
      <test-suite type="TestFixture" id="0-1024" name="SpecCastToImported" fullname="Kaitai.SpecCastToImported" classname="Kaitai.SpecCastToImported" runstate="Runnable" testcasecount="1" result="Passed" start-time="2020-11-17 21:38:36Z" end-time="2020-11-17 21:38:36Z" duration="0.005740" total="1" passed="1" failed="0" inconclusive="0" skipped="0" asserts="2">
        <test-case id="0-1025" name="TestCastToImported" fullname="Kaitai.SpecCastToImported.TestCastToImported" methodname="TestCastToImported" classname="Kaitai.SpecCastToImported" runstate="Runnable" seed="1383331973" result="Passed" start-time="2020-11-17 21:38:36Z" end-time="2020-11-17 21:38:36Z" duration="0.001304" asserts="2" />
      </test-suite>
      <test-suite type="TestFixture" id="0-1026" name="SpecCastToTop" fullname="Kaitai.SpecCastToTop" classname="Kaitai.SpecCastToTop" runstate="Runnable" testcasecount="1" result="Passed" start-time="2020-11-17 21:38:36Z" end-time="2020-11-17 21:38:36Z" duration="0.004916" total="1" passed="1" failed="0" inconclusive="0" skipped="0" asserts="3">
        <test-case id="0-1027" name="TestCastToTop" fullname="Kaitai.SpecCastToTop.TestCastToTop" methodname="TestCastToTop" classname="Kaitai.SpecCastToTop" runstate="Runnable" seed="16970261" result="Passed" start-time="2020-11-17 21:38:36Z" end-time="2020-11-17 21:38:36Z" duration="0.001874" asserts="3" />
      </test-suite>
      <test-suite type="TestFixture" id="0-1028" name="SpecCombineBool" fullname="Kaitai.SpecCombineBool" classname="Kaitai.SpecCombineBool" runstate="Runnable" testcasecount="1" result="Passed" start-time="2020-11-17 21:38:36Z" end-time="2020-11-17 21:38:36Z" duration="0.005016" total="1" passed="1" failed="0" inconclusive="0" skipped="0" asserts="2">
        <test-case id="0-1029" name="TestCombineBool" fullname="Kaitai.SpecCombineBool.TestCombineBool" methodname="TestCombineBool" classname="Kaitai.SpecCombineBool" runstate="Runnable" seed="217736981" result="Passed" start-time="2020-11-17 21:38:36Z" end-time="2020-11-17 21:38:36Z" duration="0.001453" asserts="2" />
      </test-suite>
      <test-suite type="TestFixture" id="0-1030" name="SpecCombineBytes" fullname="Kaitai.SpecCombineBytes" classname="Kaitai.SpecCombineBytes" runstate="Runnable" testcasecount="1" result="Passed" start-time="2020-11-17 21:38:36Z" end-time="2020-11-17 21:38:36Z" duration="0.007012" total="1" passed="1" failed="0" inconclusive="0" skipped="0" asserts="10">
        <test-case id="0-1031" name="TestCombineBytes" fullname="Kaitai.SpecCombineBytes.TestCombineBytes" methodname="TestCombineBytes" classname="Kaitai.SpecCombineBytes" runstate="Runnable" seed="986841007" result="Passed" start-time="2020-11-17 21:38:36Z" end-time="2020-11-17 21:38:36Z" duration="0.003138" asserts="10" />
      </test-suite>
      <test-suite type="TestFixture" id="0-1032" name="SpecCombineEnum" fullname="Kaitai.SpecCombineEnum" classname="Kaitai.SpecCombineEnum" runstate="Runnable" testcasecount="1" result="Passed" start-time="2020-11-17 21:38:36Z" end-time="2020-11-17 21:38:36Z" duration="0.005006" total="1" passed="1" failed="0" inconclusive="0" skipped="0" asserts="3">
        <test-case id="0-1033" name="TestCombineEnum" fullname="Kaitai.SpecCombineEnum.TestCombineEnum" methodname="TestCombineEnum" classname="Kaitai.SpecCombineEnum" runstate="Runnable" seed="1780068624" result="Passed" start-time="2020-11-17 21:38:36Z" end-time="2020-11-17 21:38:36Z" duration="0.001489" asserts="3" />
      </test-suite>
      <test-suite type="TestFixture" id="0-1034" name="SpecCombineStr" fullname="Kaitai.SpecCombineStr" classname="Kaitai.SpecCombineStr" runstate="Runnable" testcasecount="1" result="Passed" start-time="2020-11-17 21:38:36Z" end-time="2020-11-17 21:38:36Z" duration="0.007060" total="1" passed="1" failed="0" inconclusive="0" skipped="0" asserts="15">
        <test-case id="0-1035" name="TestCombineStr" fullname="Kaitai.SpecCombineStr.TestCombineStr" methodname="TestCombineStr" classname="Kaitai.SpecCombineStr" runstate="Runnable" seed="2094376441" result="Passed" start-time="2020-11-17 21:38:36Z" end-time="2020-11-17 21:38:36Z" duration="0.003922" asserts="15" />
      </test-suite>
      <test-suite type="TestFixture" id="0-1036" name="SpecDebug0" fullname="Kaitai.SpecDebug0" classname="Kaitai.SpecDebug0" runstate="Runnable" testcasecount="1" result="Passed" start-time="2020-11-17 21:38:36Z" end-time="2020-11-17 21:38:36Z" duration="0.004052" total="1" passed="1" failed="0" inconclusive="0" skipped="0" asserts="0">
        <test-case id="0-1037" name="TestDebug0" fullname="Kaitai.SpecDebug0.TestDebug0" methodname="TestDebug0" classname="Kaitai.SpecDebug0" runstate="Runnable" seed="241297541" result="Passed" start-time="2020-11-17 21:38:36Z" end-time="2020-11-17 21:38:36Z" duration="0.000196" asserts="0" />
      </test-suite>
      <test-suite type="TestFixture" id="0-1038" name="SpecDebugArrayUser" fullname="Kaitai.SpecDebugArrayUser" classname="Kaitai.SpecDebugArrayUser" runstate="Runnable" testcasecount="1" result="Passed" start-time="2020-11-17 21:38:36Z" end-time="2020-11-17 21:38:36Z" duration="0.006434" total="1" passed="1" failed="0" inconclusive="0" skipped="0" asserts="4">
        <test-case id="0-1039" name="TestDebugArrayUser" fullname="Kaitai.SpecDebugArrayUser.TestDebugArrayUser" methodname="TestDebugArrayUser" classname="Kaitai.SpecDebugArrayUser" runstate="Runnable" seed="559168026" result="Passed" start-time="2020-11-17 21:38:36Z" end-time="2020-11-17 21:38:36Z" duration="0.002040" asserts="4" />
      </test-suite>
      <test-suite type="TestFixture" id="0-1040" name="SpecDebugEnumName" fullname="Kaitai.SpecDebugEnumName" classname="Kaitai.SpecDebugEnumName" runstate="Runnable" testcasecount="1" result="Passed" start-time="2020-11-17 21:38:36Z" end-time="2020-11-17 21:38:36Z" duration="0.004011" total="1" passed="1" failed="0" inconclusive="0" skipped="0" asserts="0">
        <test-case id="0-1041" name="TestDebugEnumName" fullname="Kaitai.SpecDebugEnumName.TestDebugEnumName" methodname="TestDebugEnumName" classname="Kaitai.SpecDebugEnumName" runstate="Runnable" seed="499085013" result="Passed" start-time="2020-11-17 21:38:36Z" end-time="2020-11-17 21:38:36Z" duration="0.000170" asserts="0" />
      </test-suite>
      <test-suite type="TestFixture" id="0-1042" name="SpecDebugSwitchUser" fullname="Kaitai.SpecDebugSwitchUser" classname="Kaitai.SpecDebugSwitchUser" runstate="Runnable" testcasecount="1" result="Passed" start-time="2020-11-17 21:38:36Z" end-time="2020-11-17 21:38:36Z" duration="0.007018" total="1" passed="1" failed="0" inconclusive="0" skipped="0" asserts="2">
        <test-case id="0-1043" name="TestDebugSwitchUser" fullname="Kaitai.SpecDebugSwitchUser.TestDebugSwitchUser" methodname="TestDebugSwitchUser" classname="Kaitai.SpecDebugSwitchUser" runstate="Runnable" seed="1265056324" result="Passed" start-time="2020-11-17 21:38:36Z" end-time="2020-11-17 21:38:36Z" duration="0.003026" asserts="2" />
      </test-suite>
      <test-suite type="TestFixture" id="0-1044" name="SpecDefaultBigEndian" fullname="Kaitai.SpecDefaultBigEndian" classname="Kaitai.SpecDefaultBigEndian" runstate="Runnable" testcasecount="1" result="Passed" start-time="2020-11-17 21:38:36Z" end-time="2020-11-17 21:38:36Z" duration="0.005024" total="1" passed="1" failed="0" inconclusive="0" skipped="0" asserts="1">
        <test-case id="0-1045" name="TestDefaultBigEndian" fullname="Kaitai.SpecDefaultBigEndian.TestDefaultBigEndian" methodname="TestDefaultBigEndian" classname="Kaitai.SpecDefaultBigEndian" runstate="Runnable" seed="444449284" result="Passed" start-time="2020-11-17 21:38:36Z" end-time="2020-11-17 21:38:36Z" duration="0.001158" asserts="1" />
      </test-suite>
      <test-suite type="TestFixture" id="0-1046" name="SpecDefaultBitEndianMod" fullname="Kaitai.SpecDefaultBitEndianMod" classname="Kaitai.SpecDefaultBitEndianMod" runstate="Runnable" testcasecount="1" result="Passed" start-time="2020-11-17 21:38:36Z" end-time="2020-11-17 21:38:36Z" duration="0.005041" total="1" passed="1" failed="0" inconclusive="0" skipped="0" asserts="4">
        <test-case id="0-1047" name="TestDefaultBitEndianMod" fullname="Kaitai.SpecDefaultBitEndianMod.TestDefaultBitEndianMod" methodname="TestDefaultBitEndianMod" classname="Kaitai.SpecDefaultBitEndianMod" runstate="Runnable" seed="1172489193" result="Passed" start-time="2020-11-17 21:38:36Z" end-time="2020-11-17 21:38:36Z" duration="0.001751" asserts="4" />
      </test-suite>
      <test-suite type="TestFixture" id="0-1048" name="SpecDefaultEndianExprException" fullname="Kaitai.SpecDefaultEndianExprException" classname="Kaitai.SpecDefaultEndianExprException" runstate="Runnable" testcasecount="1" result="Passed" start-time="2020-11-17 21:38:36Z" end-time="2020-11-17 21:38:36Z" duration="0.014018" total="1" passed="1" failed="0" inconclusive="0" skipped="0" asserts="1">
        <test-case id="0-1049" name="TestDefaultEndianExprException" fullname="Kaitai.SpecDefaultEndianExprException.TestDefaultEndianExprException" methodname="TestDefaultEndianExprException" classname="Kaitai.SpecDefaultEndianExprException" runstate="Runnable" seed="1259545568" result="Passed" start-time="2020-11-17 21:38:36Z" end-time="2020-11-17 21:38:36Z" duration="0.010827" asserts="1" />
      </test-suite>
      <test-suite type="TestFixture" id="0-1050" name="SpecDefaultEndianExprInherited" fullname="Kaitai.SpecDefaultEndianExprInherited" classname="Kaitai.SpecDefaultEndianExprInherited" runstate="Runnable" testcasecount="1" result="Passed" start-time="2020-11-17 21:38:36Z" end-time="2020-11-17 21:38:36Z" duration="0.012050" total="1" passed="1" failed="0" inconclusive="0" skipped="0" asserts="15">
        <test-case id="0-1051" name="TestDefaultEndianExprInherited" fullname="Kaitai.SpecDefaultEndianExprInherited.TestDefaultEndianExprInherited" methodname="TestDefaultEndianExprInherited" classname="Kaitai.SpecDefaultEndianExprInherited" runstate="Runnable" seed="819179979" result="Passed" start-time="2020-11-17 21:38:36Z" end-time="2020-11-17 21:38:36Z" duration="0.007614" asserts="15" />
      </test-suite>
      <test-suite type="TestFixture" id="0-1052" name="SpecDefaultEndianExprIsBe" fullname="Kaitai.SpecDefaultEndianExprIsBe" classname="Kaitai.SpecDefaultEndianExprIsBe" runstate="Runnable" testcasecount="1" result="Passed" start-time="2020-11-17 21:38:36Z" end-time="2020-11-17 21:38:36Z" duration="0.011001" total="1" passed="1" failed="0" inconclusive="0" skipped="0" asserts="18">
        <test-case id="0-1053" name="TestDefaultEndianExprIsBe" fullname="Kaitai.SpecDefaultEndianExprIsBe.TestDefaultEndianExprIsBe" methodname="TestDefaultEndianExprIsBe" classname="Kaitai.SpecDefaultEndianExprIsBe" runstate="Runnable" seed="433867010" result="Passed" start-time="2020-11-17 21:38:36Z" end-time="2020-11-17 21:38:36Z" duration="0.007140" asserts="18" />
      </test-suite>
      <test-suite type="TestFixture" id="0-1054" name="SpecDefaultEndianExprIsLe" fullname="Kaitai.SpecDefaultEndianExprIsLe" classname="Kaitai.SpecDefaultEndianExprIsLe" runstate="Runnable" testcasecount="1" result="Passed" start-time="2020-11-17 21:38:36Z" end-time="2020-11-17 21:38:36Z" duration="0.008015" total="1" passed="1" failed="0" inconclusive="0" skipped="0" asserts="12">
        <test-case id="0-1055" name="TestDefaultEndianExprIsLe" fullname="Kaitai.SpecDefaultEndianExprIsLe.TestDefaultEndianExprIsLe" methodname="TestDefaultEndianExprIsLe" classname="Kaitai.SpecDefaultEndianExprIsLe" runstate="Runnable" seed="814294788" result="Passed" start-time="2020-11-17 21:38:36Z" end-time="2020-11-17 21:38:36Z" duration="0.004418" asserts="12" />
      </test-suite>
      <test-suite type="TestFixture" id="0-1056" name="SpecDefaultEndianMod" fullname="Kaitai.SpecDefaultEndianMod" classname="Kaitai.SpecDefaultEndianMod" runstate="Runnable" testcasecount="1" result="Passed" start-time="2020-11-17 21:38:36Z" end-time="2020-11-17 21:38:36Z" duration="0.006018" total="1" passed="1" failed="0" inconclusive="0" skipped="0" asserts="3">
        <test-case id="0-1057" name="TestDefaultEndianMod" fullname="Kaitai.SpecDefaultEndianMod.TestDefaultEndianMod" methodname="TestDefaultEndianMod" classname="Kaitai.SpecDefaultEndianMod" runstate="Runnable" seed="107008763" result="Passed" start-time="2020-11-17 21:38:36Z" end-time="2020-11-17 21:38:36Z" duration="0.002740" asserts="3" />
      </test-suite>
      <test-suite type="TestFixture" id="0-1058" name="SpecDocstrings" fullname="Kaitai.SpecDocstrings" classname="Kaitai.SpecDocstrings" runstate="Runnable" testcasecount="1" result="Passed" start-time="2020-11-17 21:38:36Z" end-time="2020-11-17 21:38:36Z" duration="0.005025" total="1" passed="1" failed="0" inconclusive="0" skipped="0" asserts="0">
        <test-case id="0-1059" name="TestDocstrings" fullname="Kaitai.SpecDocstrings.TestDocstrings" methodname="TestDocstrings" classname="Kaitai.SpecDocstrings" runstate="Runnable" seed="2129128325" result="Passed" start-time="2020-11-17 21:38:36Z" end-time="2020-11-17 21:38:36Z" duration="0.001087" asserts="0" />
      </test-suite>
      <test-suite type="TestFixture" id="0-1060" name="SpecDocstringsDocref" fullname="Kaitai.SpecDocstringsDocref" classname="Kaitai.SpecDocstringsDocref" runstate="Runnable" testcasecount="1" result="Passed" start-time="2020-11-17 21:38:36Z" end-time="2020-11-17 21:38:36Z" duration="0.005006" total="1" passed="1" failed="0" inconclusive="0" skipped="0" asserts="0">
        <test-case id="0-1061" name="TestDocstringsDocref" fullname="Kaitai.SpecDocstringsDocref.TestDocstringsDocref" methodname="TestDocstringsDocref" classname="Kaitai.SpecDocstringsDocref" runstate="Runnable" seed="1665275229" result="Passed" start-time="2020-11-17 21:38:36Z" end-time="2020-11-17 21:38:36Z" duration="0.001074" asserts="0" />
      </test-suite>
      <test-suite type="TestFixture" id="0-1062" name="SpecDocstringsDocrefMulti" fullname="Kaitai.SpecDocstringsDocrefMulti" classname="Kaitai.SpecDocstringsDocrefMulti" runstate="Runnable" testcasecount="1" result="Passed" start-time="2020-11-17 21:38:36Z" end-time="2020-11-17 21:38:36Z" duration="0.004372" total="1" passed="1" failed="0" inconclusive="0" skipped="0" asserts="0">
        <test-case id="0-1063" name="TestDocstringsDocrefMulti" fullname="Kaitai.SpecDocstringsDocrefMulti.TestDocstringsDocrefMulti" methodname="TestDocstringsDocrefMulti" classname="Kaitai.SpecDocstringsDocrefMulti" runstate="Runnable" seed="2103894477" result="Passed" start-time="2020-11-17 21:38:36Z" end-time="2020-11-17 21:38:36Z" duration="0.000947" asserts="0" />
      </test-suite>
      <test-suite type="TestFixture" id="0-1064" name="SpecEnum0" fullname="Kaitai.SpecEnum0" classname="Kaitai.SpecEnum0" runstate="Runnable" testcasecount="1" result="Passed" start-time="2020-11-17 21:38:36Z" end-time="2020-11-17 21:38:36Z" duration="0.005008" total="1" passed="1" failed="0" inconclusive="0" skipped="0" asserts="2">
        <test-case id="0-1065" name="TestEnum0" fullname="Kaitai.SpecEnum0.TestEnum0" methodname="TestEnum0" classname="Kaitai.SpecEnum0" runstate="Runnable" seed="1504927649" result="Passed" start-time="2020-11-17 21:38:36Z" end-time="2020-11-17 21:38:36Z" duration="0.001173" asserts="2" />
      </test-suite>
      <test-suite type="TestFixture" id="0-1066" name="SpecEnum1" fullname="Kaitai.SpecEnum1" classname="Kaitai.SpecEnum1" runstate="Runnable" testcasecount="1" result="Passed" start-time="2020-11-17 21:38:36Z" end-time="2020-11-17 21:38:36Z" duration="0.006038" total="1" passed="1" failed="0" inconclusive="0" skipped="0" asserts="2">
        <test-case id="0-1067" name="TestEnum1" fullname="Kaitai.SpecEnum1.TestEnum1" methodname="TestEnum1" classname="Kaitai.SpecEnum1" runstate="Runnable" seed="980367381" result="Passed" start-time="2020-11-17 21:38:36Z" end-time="2020-11-17 21:38:36Z" duration="0.001964" asserts="2" />
      </test-suite>
      <test-suite type="TestFixture" id="0-1068" name="SpecEnumDeep" fullname="Kaitai.SpecEnumDeep" classname="Kaitai.SpecEnumDeep" runstate="Runnable" testcasecount="1" result="Passed" start-time="2020-11-17 21:38:36Z" end-time="2020-11-17 21:38:36Z" duration="0.005027" total="1" passed="1" failed="0" inconclusive="0" skipped="0" asserts="2">
        <test-case id="0-1069" name="TestEnumDeep" fullname="Kaitai.SpecEnumDeep.TestEnumDeep" methodname="TestEnumDeep" classname="Kaitai.SpecEnumDeep" runstate="Runnable" seed="530663899" result="Passed" start-time="2020-11-17 21:38:36Z" end-time="2020-11-17 21:38:36Z" duration="0.001307" asserts="2" />
      </test-suite>
      <test-suite type="TestFixture" id="0-1070" name="SpecEnumDeepLiterals" fullname="Kaitai.SpecEnumDeepLiterals" classname="Kaitai.SpecEnumDeepLiterals" runstate="Runnable" testcasecount="1" result="Passed" start-time="2020-11-17 21:38:36Z" end-time="2020-11-17 21:38:36Z" duration="0.005018" total="1" passed="1" failed="0" inconclusive="0" skipped="0" asserts="2">
        <test-case id="0-1071" name="TestEnumDeepLiterals" fullname="Kaitai.SpecEnumDeepLiterals.TestEnumDeepLiterals" methodname="TestEnumDeepLiterals" classname="Kaitai.SpecEnumDeepLiterals" runstate="Runnable" seed="1111707457" result="Passed" start-time="2020-11-17 21:38:36Z" end-time="2020-11-17 21:38:36Z" duration="0.001544" asserts="2" />
      </test-suite>
      <test-suite type="TestFixture" id="0-1072" name="SpecEnumFancy" fullname="Kaitai.SpecEnumFancy" classname="Kaitai.SpecEnumFancy" runstate="Runnable" testcasecount="1" result="Passed" start-time="2020-11-17 21:38:36Z" end-time="2020-11-17 21:38:36Z" duration="0.004022" total="1" passed="1" failed="0" inconclusive="0" skipped="0" asserts="2">
        <test-case id="0-1073" name="TestEnumFancy" fullname="Kaitai.SpecEnumFancy.TestEnumFancy" methodname="TestEnumFancy" classname="Kaitai.SpecEnumFancy" runstate="Runnable" seed="1867591036" result="Passed" start-time="2020-11-17 21:38:36Z" end-time="2020-11-17 21:38:36Z" duration="0.000852" asserts="2" />
      </test-suite>
      <test-suite type="TestFixture" id="0-1074" name="SpecEnumForUnknownId" fullname="Kaitai.SpecEnumForUnknownId" classname="Kaitai.SpecEnumForUnknownId" runstate="Runnable" testcasecount="1" result="Passed" start-time="2020-11-17 21:38:36Z" end-time="2020-11-17 21:38:36Z" duration="0.007457" total="1" passed="1" failed="0" inconclusive="0" skipped="0" asserts="1">
        <test-case id="0-1075" name="TestEnumForUnknownId" fullname="Kaitai.SpecEnumForUnknownId.TestEnumForUnknownId" methodname="TestEnumForUnknownId" classname="Kaitai.SpecEnumForUnknownId" runstate="Runnable" seed="3675875" result="Passed" start-time="2020-11-17 21:38:36Z" end-time="2020-11-17 21:38:36Z" duration="0.001039" asserts="1" />
      </test-suite>
      <test-suite type="TestFixture" id="0-1076" name="SpecEnumIf" fullname="Kaitai.SpecEnumIf" classname="Kaitai.SpecEnumIf" runstate="Runnable" testcasecount="1" result="Passed" start-time="2020-11-17 21:38:36Z" end-time="2020-11-17 21:38:36Z" duration="0.006822" total="1" passed="1" failed="0" inconclusive="0" skipped="0" asserts="7">
        <test-case id="0-1077" name="TestEnumIf" fullname="Kaitai.SpecEnumIf.TestEnumIf" methodname="TestEnumIf" classname="Kaitai.SpecEnumIf" runstate="Runnable" seed="1502755160" result="Passed" start-time="2020-11-17 21:38:36Z" end-time="2020-11-17 21:38:36Z" duration="0.003557" asserts="7" />
      </test-suite>
      <test-suite type="TestFixture" id="0-1078" name="SpecEnumImport" fullname="Kaitai.SpecEnumImport" classname="Kaitai.SpecEnumImport" runstate="Runnable" testcasecount="1" result="Passed" start-time="2020-11-17 21:38:36Z" end-time="2020-11-17 21:38:36Z" duration="0.005019" total="1" passed="1" failed="0" inconclusive="0" skipped="0" asserts="2">
        <test-case id="0-1079" name="TestEnumImport" fullname="Kaitai.SpecEnumImport.TestEnumImport" methodname="TestEnumImport" classname="Kaitai.SpecEnumImport" runstate="Runnable" seed="1317110698" result="Passed" start-time="2020-11-17 21:38:36Z" end-time="2020-11-17 21:38:36Z" duration="0.001125" asserts="2" />
      </test-suite>
      <test-suite type="TestFixture" id="0-1080" name="SpecEnumIntRangeS" fullname="Kaitai.SpecEnumIntRangeS" classname="Kaitai.SpecEnumIntRangeS" runstate="Runnable" testcasecount="1" result="Passed" start-time="2020-11-17 21:38:36Z" end-time="2020-11-17 21:38:37Z" duration="0.005014" total="1" passed="1" failed="0" inconclusive="0" skipped="0" asserts="3">
        <test-case id="0-1081" name="TestEnumIntRangeS" fullname="Kaitai.SpecEnumIntRangeS.TestEnumIntRangeS" methodname="TestEnumIntRangeS" classname="Kaitai.SpecEnumIntRangeS" runstate="Runnable" seed="619103618" result="Passed" start-time="2020-11-17 21:38:36Z" end-time="2020-11-17 21:38:36Z" duration="0.001149" asserts="3" />
      </test-suite>
      <test-suite type="TestFixture" id="0-1082" name="SpecEnumInvalid" fullname="Kaitai.SpecEnumInvalid" classname="Kaitai.SpecEnumInvalid" runstate="Runnable" testcasecount="1" result="Passed" start-time="2020-11-17 21:38:37Z" end-time="2020-11-17 21:38:37Z" duration="0.004066" total="1" passed="1" failed="0" inconclusive="0" skipped="0" asserts="2">
        <test-case id="0-1083" name="TestEnumInvalid" fullname="Kaitai.SpecEnumInvalid.TestEnumInvalid" methodname="TestEnumInvalid" classname="Kaitai.SpecEnumInvalid" runstate="Runnable" seed="774166651" result="Passed" start-time="2020-11-17 21:38:37Z" end-time="2020-11-17 21:38:37Z" duration="0.000822" asserts="2" />
      </test-suite>
      <test-suite type="TestFixture" id="0-1084" name="SpecEnumNegative" fullname="Kaitai.SpecEnumNegative" classname="Kaitai.SpecEnumNegative" runstate="Runnable" testcasecount="1" result="Passed" start-time="2020-11-17 21:38:37Z" end-time="2020-11-17 21:38:37Z" duration="0.005010" total="1" passed="1" failed="0" inconclusive="0" skipped="0" asserts="2">
        <test-case id="0-1085" name="TestEnumNegative" fullname="Kaitai.SpecEnumNegative.TestEnumNegative" methodname="TestEnumNegative" classname="Kaitai.SpecEnumNegative" runstate="Runnable" seed="1083265529" result="Passed" start-time="2020-11-17 21:38:37Z" end-time="2020-11-17 21:38:37Z" duration="0.001008" asserts="2" />
      </test-suite>
      <test-suite type="TestFixture" id="0-1086" name="SpecEnumOfValueInst" fullname="Kaitai.SpecEnumOfValueInst" classname="Kaitai.SpecEnumOfValueInst" runstate="Runnable" testcasecount="1" result="Passed" start-time="2020-11-17 21:38:37Z" end-time="2020-11-17 21:38:37Z" duration="0.005026" total="1" passed="1" failed="0" inconclusive="0" skipped="0" asserts="4">
        <test-case id="0-1087" name="TestEnumOfValueInst" fullname="Kaitai.SpecEnumOfValueInst.TestEnumOfValueInst" methodname="TestEnumOfValueInst" classname="Kaitai.SpecEnumOfValueInst" runstate="Runnable" seed="2031497364" result="Passed" start-time="2020-11-17 21:38:37Z" end-time="2020-11-17 21:38:37Z" duration="0.001680" asserts="4" />
      </test-suite>
      <test-suite type="TestFixture" id="0-1088" name="SpecEofExceptionBytes" fullname="Kaitai.SpecEofExceptionBytes" classname="Kaitai.SpecEofExceptionBytes" runstate="Runnable" testcasecount="1" result="Passed" start-time="2020-11-17 21:38:37Z" end-time="2020-11-17 21:38:37Z" duration="0.004040" total="1" passed="1" failed="0" inconclusive="0" skipped="0" asserts="1">
        <test-case id="0-1089" name="TestEofExceptionBytes" fullname="Kaitai.SpecEofExceptionBytes.TestEofExceptionBytes" methodname="TestEofExceptionBytes" classname="Kaitai.SpecEofExceptionBytes" runstate="Runnable" seed="1011988519" result="Passed" start-time="2020-11-17 21:38:37Z" end-time="2020-11-17 21:38:37Z" duration="0.000890" asserts="1" />
      </test-suite>
      <test-suite type="TestFixture" id="0-1090" name="SpecEofExceptionU4" fullname="Kaitai.SpecEofExceptionU4" classname="Kaitai.SpecEofExceptionU4" runstate="Runnable" testcasecount="1" result="Passed" start-time="2020-11-17 21:38:37Z" end-time="2020-11-17 21:38:37Z" duration="0.004016" total="1" passed="1" failed="0" inconclusive="0" skipped="0" asserts="1">
        <test-case id="0-1091" name="TestEofExceptionU4" fullname="Kaitai.SpecEofExceptionU4.TestEofExceptionU4" methodname="TestEofExceptionU4" classname="Kaitai.SpecEofExceptionU4" runstate="Runnable" seed="1719409648" result="Passed" start-time="2020-11-17 21:38:37Z" end-time="2020-11-17 21:38:37Z" duration="0.000939" asserts="1" />
      </test-suite>
      <test-suite type="TestFixture" id="0-1092" name="SpecEosExceptionBytes" fullname="Kaitai.SpecEosExceptionBytes" classname="Kaitai.SpecEosExceptionBytes" runstate="Runnable" testcasecount="1" result="Passed" start-time="2020-11-17 21:38:37Z" end-time="2020-11-17 21:38:37Z" duration="0.005015" total="1" passed="1" failed="0" inconclusive="0" skipped="0" asserts="1">
        <test-case id="0-1093" name="TestEosExceptionBytes" fullname="Kaitai.SpecEosExceptionBytes.TestEosExceptionBytes" methodname="TestEosExceptionBytes" classname="Kaitai.SpecEosExceptionBytes" runstate="Runnable" seed="1388159304" result="Passed" start-time="2020-11-17 21:38:37Z" end-time="2020-11-17 21:38:37Z" duration="0.001321" asserts="1" />
      </test-suite>
      <test-suite type="TestFixture" id="0-1094" name="SpecEosExceptionU4" fullname="Kaitai.SpecEosExceptionU4" classname="Kaitai.SpecEosExceptionU4" runstate="Runnable" testcasecount="1" result="Passed" start-time="2020-11-17 21:38:37Z" end-time="2020-11-17 21:38:37Z" duration="0.004996" total="1" passed="1" failed="0" inconclusive="0" skipped="0" asserts="1">
        <test-case id="0-1095" name="TestEosExceptionU4" fullname="Kaitai.SpecEosExceptionU4.TestEosExceptionU4" methodname="TestEosExceptionU4" classname="Kaitai.SpecEosExceptionU4" runstate="Runnable" seed="1899142167" result="Passed" start-time="2020-11-17 21:38:37Z" end-time="2020-11-17 21:38:37Z" duration="0.001132" asserts="1" />
      </test-suite>
      <test-suite type="TestFixture" id="0-1096" name="SpecExpr0" fullname="Kaitai.SpecExpr0" classname="Kaitai.SpecExpr0" runstate="Runnable" testcasecount="1" result="Passed" start-time="2020-11-17 21:38:37Z" end-time="2020-11-17 21:38:37Z" duration="0.005019" total="1" passed="1" failed="0" inconclusive="0" skipped="0" asserts="2">
        <test-case id="0-1097" name="TestExpr0" fullname="Kaitai.SpecExpr0.TestExpr0" methodname="TestExpr0" classname="Kaitai.SpecExpr0" runstate="Runnable" seed="1690090240" result="Passed" start-time="2020-11-17 21:38:37Z" end-time="2020-11-17 21:38:37Z" duration="0.001097" asserts="2" />
      </test-suite>
      <test-suite type="TestFixture" id="0-1098" name="SpecExpr1" fullname="Kaitai.SpecExpr1" classname="Kaitai.SpecExpr1" runstate="Runnable" testcasecount="1" result="Passed" start-time="2020-11-17 21:38:37Z" end-time="2020-11-17 21:38:37Z" duration="0.005015" total="1" passed="1" failed="0" inconclusive="0" skipped="0" asserts="4">
        <test-case id="0-1099" name="TestExpr1" fullname="Kaitai.SpecExpr1.TestExpr1" methodname="TestExpr1" classname="Kaitai.SpecExpr1" runstate="Runnable" seed="1360677917" result="Passed" start-time="2020-11-17 21:38:37Z" end-time="2020-11-17 21:38:37Z" duration="0.001218" asserts="4" />
      </test-suite>
      <test-suite type="TestFixture" id="0-1100" name="SpecExpr2" fullname="Kaitai.SpecExpr2" classname="Kaitai.SpecExpr2" runstate="Runnable" testcasecount="1" result="Passed" start-time="2020-11-17 21:38:37Z" end-time="2020-11-17 21:38:37Z" duration="0.008012" total="1" passed="1" failed="0" inconclusive="0" skipped="0" asserts="17">
        <test-case id="0-1101" name="TestExpr2" fullname="Kaitai.SpecExpr2.TestExpr2" methodname="TestExpr2" classname="Kaitai.SpecExpr2" runstate="Runnable" seed="867723150" result="Passed" start-time="2020-11-17 21:38:37Z" end-time="2020-11-17 21:38:37Z" duration="0.004757" asserts="17" />
      </test-suite>
      <test-suite type="TestFixture" id="0-1102" name="SpecExpr3" fullname="Kaitai.SpecExpr3" classname="Kaitai.SpecExpr3" runstate="Runnable" testcasecount="1" result="Passed" start-time="2020-11-17 21:38:37Z" end-time="2020-11-17 21:38:37Z" duration="0.006008" total="1" passed="1" failed="0" inconclusive="0" skipped="0" asserts="12">
        <test-case id="0-1103" name="TestExpr3" fullname="Kaitai.SpecExpr3.TestExpr3" methodname="TestExpr3" classname="Kaitai.SpecExpr3" runstate="Runnable" seed="286573823" result="Passed" start-time="2020-11-17 21:38:37Z" end-time="2020-11-17 21:38:37Z" duration="0.002553" asserts="12" />
      </test-suite>
      <test-suite type="TestFixture" id="0-1104" name="SpecExprArray" fullname="Kaitai.SpecExprArray" classname="Kaitai.SpecExprArray" runstate="Runnable" testcasecount="1" result="Passed" start-time="2020-11-17 21:38:37Z" end-time="2020-11-17 21:38:37Z" duration="0.018012" total="1" passed="1" failed="0" inconclusive="0" skipped="0" asserts="15">
        <test-case id="0-1105" name="TestExprArray" fullname="Kaitai.SpecExprArray.TestExprArray" methodname="TestExprArray" classname="Kaitai.SpecExprArray" runstate="Runnable" seed="152293291" result="Passed" start-time="2020-11-17 21:38:37Z" end-time="2020-11-17 21:38:37Z" duration="0.014861" asserts="15" />
      </test-suite>
      <test-suite type="TestFixture" id="0-1106" name="SpecExprBytesCmp" fullname="Kaitai.SpecExprBytesCmp" classname="Kaitai.SpecExprBytesCmp" runstate="Runnable" testcasecount="1" result="Passed" start-time="2020-11-17 21:38:37Z" end-time="2020-11-17 21:38:37Z" duration="0.007016" total="1" passed="1" failed="0" inconclusive="0" skipped="0" asserts="10">
        <test-case id="0-1107" name="TestExprBytesCmp" fullname="Kaitai.SpecExprBytesCmp.TestExprBytesCmp" methodname="TestExprBytesCmp" classname="Kaitai.SpecExprBytesCmp" runstate="Runnable" seed="961026324" result="Passed" start-time="2020-11-17 21:38:37Z" end-time="2020-11-17 21:38:37Z" duration="0.003692" asserts="10" />
      </test-suite>
      <test-suite type="TestFixture" id="0-1108" name="SpecExprBytesOps" fullname="Kaitai.SpecExprBytesOps" classname="Kaitai.SpecExprBytesOps" runstate="Runnable" testcasecount="1" result="Passed" start-time="2020-11-17 21:38:37Z" end-time="2020-11-17 21:38:37Z" duration="0.011011" total="1" passed="1" failed="0" inconclusive="0" skipped="0" asserts="12">
        <test-case id="0-1109" name="TestExprBytesOps" fullname="Kaitai.SpecExprBytesOps.TestExprBytesOps" methodname="TestExprBytesOps" classname="Kaitai.SpecExprBytesOps" runstate="Runnable" seed="1500346104" result="Passed" start-time="2020-11-17 21:38:37Z" end-time="2020-11-17 21:38:37Z" duration="0.007129" asserts="12" />
      </test-suite>
      <test-suite type="TestFixture" id="0-1110" name="SpecExprCalcArrayOps" fullname="Kaitai.SpecExprCalcArrayOps" classname="Kaitai.SpecExprCalcArrayOps" runstate="Runnable" testcasecount="1" result="Passed" start-time="2020-11-17 21:38:37Z" end-time="2020-11-17 21:38:37Z" duration="0.009023" total="1" passed="1" failed="0" inconclusive="0" skipped="0" asserts="18">
        <test-case id="0-1111" name="TestExprCalcArrayOps" fullname="Kaitai.SpecExprCalcArrayOps.TestExprCalcArrayOps" methodname="TestExprCalcArrayOps" classname="Kaitai.SpecExprCalcArrayOps" runstate="Runnable" seed="1066318914" result="Passed" start-time="2020-11-17 21:38:37Z" end-time="2020-11-17 21:38:37Z" duration="0.005403" asserts="18" />
      </test-suite>
      <test-suite type="TestFixture" id="0-1112" name="SpecExprEnum" fullname="Kaitai.SpecExprEnum" classname="Kaitai.SpecExprEnum" runstate="Runnable" testcasecount="1" result="Passed" start-time="2020-11-17 21:38:37Z" end-time="2020-11-17 21:38:37Z" duration="0.005014" total="1" passed="1" failed="0" inconclusive="0" skipped="0" asserts="3">
        <test-case id="0-1113" name="TestExprEnum" fullname="Kaitai.SpecExprEnum.TestExprEnum" methodname="TestExprEnum" classname="Kaitai.SpecExprEnum" runstate="Runnable" seed="218624332" result="Passed" start-time="2020-11-17 21:38:37Z" end-time="2020-11-17 21:38:37Z" duration="0.001697" asserts="3" />
      </test-suite>
      <test-suite type="TestFixture" id="0-1114" name="SpecExprIfIntOps" fullname="Kaitai.SpecExprIfIntOps" classname="Kaitai.SpecExprIfIntOps" runstate="Runnable" testcasecount="1" result="Passed" start-time="2020-11-17 21:38:37Z" end-time="2020-11-17 21:38:37Z" duration="0.005990" total="1" passed="1" failed="0" inconclusive="0" skipped="0" asserts="2">
        <test-case id="0-1115" name="TestExprIfIntOps" fullname="Kaitai.SpecExprIfIntOps.TestExprIfIntOps" methodname="TestExprIfIntOps" classname="Kaitai.SpecExprIfIntOps" runstate="Runnable" seed="1152732176" result="Passed" start-time="2020-11-17 21:38:37Z" end-time="2020-11-17 21:38:37Z" duration="0.002077" asserts="2" />
      </test-suite>
      <test-suite type="TestFixture" id="0-1116" name="SpecExprIntDiv" fullname="Kaitai.SpecExprIntDiv" classname="Kaitai.SpecExprIntDiv" runstate="Runnable" testcasecount="1" result="Failed" site="Child" start-time="2020-11-17 21:38:37Z" end-time="2020-11-17 21:38:37Z" duration="0.043971" total="1" passed="0" failed="1" inconclusive="0" skipped="0" asserts="4">
        <failure>
          <message><![CDATA[One or more child tests had errors]]></message>
        </failure>
        <test-case id="0-1117" name="TestExprIntDiv" fullname="Kaitai.SpecExprIntDiv.TestExprIntDiv" methodname="TestExprIntDiv" classname="Kaitai.SpecExprIntDiv" runstate="Runnable" seed="1649099870" result="Failed" start-time="2020-11-17 21:38:37Z" end-time="2020-11-17 21:38:37Z" duration="0.040262" asserts="4">
          <failure>
            <message><![CDATA[  Expected: -756
  But was:  -757
]]></message>
            <stack-trace><![CDATA[at Kaitai.SpecExprIntDiv.TestExprIntDiv() in C:\projects\ci-targets\tests\spec\csharp\kaitai_struct_csharp_tests\tests\SpecExprIntDiv.cs:line 18
]]></stack-trace>
          </failure>
        </test-case>
      </test-suite>
      <test-suite type="TestFixture" id="0-1118" name="SpecExprIoEof" fullname="Kaitai.SpecExprIoEof" classname="Kaitai.SpecExprIoEof" runstate="Runnable" testcasecount="1" result="Passed" start-time="2020-11-17 21:38:37Z" end-time="2020-11-17 21:38:37Z" duration="0.008063" total="1" passed="1" failed="0" inconclusive="0" skipped="0" asserts="4">
        <test-case id="0-1119" name="TestExprIoEof" fullname="Kaitai.SpecExprIoEof.TestExprIoEof" methodname="TestExprIoEof" classname="Kaitai.SpecExprIoEof" runstate="Runnable" seed="1849926121" result="Passed" start-time="2020-11-17 21:38:37Z" end-time="2020-11-17 21:38:37Z" duration="0.004111" asserts="4" />
      </test-suite>
      <test-suite type="TestFixture" id="0-1120" name="SpecExprIoPos" fullname="Kaitai.SpecExprIoPos" classname="Kaitai.SpecExprIoPos" runstate="Runnable" testcasecount="1" result="Passed" start-time="2020-11-17 21:38:37Z" end-time="2020-11-17 21:38:37Z" duration="0.006926" total="1" passed="1" failed="0" inconclusive="0" skipped="0" asserts="6">
        <test-case id="0-1121" name="TestExprIoPos" fullname="Kaitai.SpecExprIoPos.TestExprIoPos" methodname="TestExprIoPos" classname="Kaitai.SpecExprIoPos" runstate="Runnable" seed="1888537532" result="Passed" start-time="2020-11-17 21:38:37Z" end-time="2020-11-17 21:38:37Z" duration="0.001998" asserts="6" />
      </test-suite>
      <test-suite type="TestFixture" id="0-1122" name="SpecExprMod" fullname="Kaitai.SpecExprMod" classname="Kaitai.SpecExprMod" runstate="Runnable" testcasecount="1" result="Passed" start-time="2020-11-17 21:38:37Z" end-time="2020-11-17 21:38:37Z" duration="0.005001" total="1" passed="1" failed="0" inconclusive="0" skipped="0" asserts="6">
        <test-case id="0-1123" name="TestExprMod" fullname="Kaitai.SpecExprMod.TestExprMod" methodname="TestExprMod" classname="Kaitai.SpecExprMod" runstate="Runnable" seed="1369159877" result="Passed" start-time="2020-11-17 21:38:37Z" end-time="2020-11-17 21:38:37Z" duration="0.001654" asserts="6" />
      </test-suite>
      <test-suite type="TestFixture" id="0-1124" name="SpecExprSizeofType0" fullname="Kaitai.SpecExprSizeofType0" classname="Kaitai.SpecExprSizeofType0" runstate="Runnable" testcasecount="1" result="Passed" start-time="2020-11-17 21:38:37Z" end-time="2020-11-17 21:38:37Z" duration="0.005014" total="1" passed="1" failed="0" inconclusive="0" skipped="0" asserts="1">
        <test-case id="0-1125" name="TestExprSizeofType0" fullname="Kaitai.SpecExprSizeofType0.TestExprSizeofType0" methodname="TestExprSizeofType0" classname="Kaitai.SpecExprSizeofType0" runstate="Runnable" seed="1318340367" result="Passed" start-time="2020-11-17 21:38:37Z" end-time="2020-11-17 21:38:37Z" duration="0.001068" asserts="1" />
      </test-suite>
      <test-suite type="TestFixture" id="0-1126" name="SpecExprSizeofType1" fullname="Kaitai.SpecExprSizeofType1" classname="Kaitai.SpecExprSizeofType1" runstate="Runnable" testcasecount="1" result="Passed" start-time="2020-11-17 21:38:37Z" end-time="2020-11-17 21:38:37Z" duration="0.005035" total="1" passed="1" failed="0" inconclusive="0" skipped="0" asserts="2">
        <test-case id="0-1127" name="TestExprSizeofType1" fullname="Kaitai.SpecExprSizeofType1.TestExprSizeofType1" methodname="TestExprSizeofType1" classname="Kaitai.SpecExprSizeofType1" runstate="Runnable" seed="1437136717" result="Passed" start-time="2020-11-17 21:38:37Z" end-time="2020-11-17 21:38:37Z" duration="0.001215" asserts="2" />
      </test-suite>
      <test-suite type="TestFixture" id="0-1128" name="SpecExprSizeofValue0" fullname="Kaitai.SpecExprSizeofValue0" classname="Kaitai.SpecExprSizeofValue0" runstate="Runnable" testcasecount="1" result="Passed" start-time="2020-11-17 21:38:37Z" end-time="2020-11-17 21:38:37Z" duration="0.005004" total="1" passed="1" failed="0" inconclusive="0" skipped="0" asserts="5">
        <test-case id="0-1129" name="TestExprSizeofValue0" fullname="Kaitai.SpecExprSizeofValue0.TestExprSizeofValue0" methodname="TestExprSizeofValue0" classname="Kaitai.SpecExprSizeofValue0" runstate="Runnable" seed="1233779987" result="Passed" start-time="2020-11-17 21:38:37Z" end-time="2020-11-17 21:38:37Z" duration="0.001601" asserts="5" />
      </test-suite>
      <test-suite type="TestFixture" id="0-1130" name="SpecExprSizeofValueSized" fullname="Kaitai.SpecExprSizeofValueSized" classname="Kaitai.SpecExprSizeofValueSized" runstate="Runnable" testcasecount="1" result="Passed" start-time="2020-11-17 21:38:37Z" end-time="2020-11-17 21:38:37Z" duration="0.009389" total="1" passed="1" failed="0" inconclusive="0" skipped="0" asserts="5">
        <test-case id="0-1131" name="TestExprSizeofValueSized" fullname="Kaitai.SpecExprSizeofValueSized.TestExprSizeofValueSized" methodname="TestExprSizeofValueSized" classname="Kaitai.SpecExprSizeofValueSized" runstate="Runnable" seed="1015492628" result="Passed" start-time="2020-11-17 21:38:37Z" end-time="2020-11-17 21:38:37Z" duration="0.001671" asserts="5" />
      </test-suite>
      <test-suite type="TestFixture" id="0-1132" name="SpecExprStrOps" fullname="Kaitai.SpecExprStrOps" classname="Kaitai.SpecExprStrOps" runstate="Runnable" testcasecount="1" result="Passed" start-time="2020-11-17 21:38:37Z" end-time="2020-11-17 21:38:37Z" duration="0.007001" total="1" passed="1" failed="0" inconclusive="0" skipped="0" asserts="17">
        <test-case id="0-1133" name="TestExprStrOps" fullname="Kaitai.SpecExprStrOps.TestExprStrOps" methodname="TestExprStrOps" classname="Kaitai.SpecExprStrOps" runstate="Runnable" seed="1180892908" result="Passed" start-time="2020-11-17 21:38:37Z" end-time="2020-11-17 21:38:37Z" duration="0.003663" asserts="17" />
      </test-suite>
      <test-suite type="TestFixture" id="0-1134" name="SpecFixedContents" fullname="Kaitai.SpecFixedContents" classname="Kaitai.SpecFixedContents" runstate="Runnable" testcasecount="1" result="Passed" start-time="2020-11-17 21:38:37Z" end-time="2020-11-17 21:38:37Z" duration="0.005017" total="1" passed="1" failed="0" inconclusive="0" skipped="0" asserts="0">
        <test-case id="0-1135" name="TestFixedContents" fullname="Kaitai.SpecFixedContents.TestFixedContents" methodname="TestFixedContents" classname="Kaitai.SpecFixedContents" runstate="Runnable" seed="338163872" result="Passed" start-time="2020-11-17 21:38:37Z" end-time="2020-11-17 21:38:37Z" duration="0.001727" asserts="0" />
      </test-suite>
      <test-suite type="TestFixture" id="0-1136" name="SpecFixedStruct" fullname="Kaitai.SpecFixedStruct" classname="Kaitai.SpecFixedStruct" runstate="Runnable" testcasecount="1" result="Passed" start-time="2020-11-17 21:38:37Z" end-time="2020-11-17 21:38:37Z" duration="0.009992" total="1" passed="1" failed="0" inconclusive="0" skipped="0" asserts="20">
        <test-case id="0-1137" name="TestFixedStruct" fullname="Kaitai.SpecFixedStruct.TestFixedStruct" methodname="TestFixedStruct" classname="Kaitai.SpecFixedStruct" runstate="Runnable" seed="2042283772" result="Passed" start-time="2020-11-17 21:38:37Z" end-time="2020-11-17 21:38:37Z" duration="0.006719" asserts="20" />
      </test-suite>
      <test-suite type="TestFixture" id="0-1140" name="SpecFloatingPoints" fullname="Kaitai.SpecFloatingPoints" classname="Kaitai.SpecFloatingPoints" runstate="Runnable" testcasecount="1" result="Passed" start-time="2020-11-17 21:38:37Z" end-time="2020-11-17 21:38:37Z" duration="0.006023" total="1" passed="1" failed="0" inconclusive="0" skipped="0" asserts="8">
        <test-case id="0-1141" name="TestFloatingPoints" fullname="Kaitai.SpecFloatingPoints.TestFloatingPoints" methodname="TestFloatingPoints" classname="Kaitai.SpecFloatingPoints" runstate="Runnable" seed="1632415657" result="Passed" start-time="2020-11-17 21:38:37Z" end-time="2020-11-17 21:38:37Z" duration="0.002655" asserts="8" />
      </test-suite>
      <test-suite type="TestFixture" id="0-1138" name="SpecFloatToI" fullname="Kaitai.SpecFloatToI" classname="Kaitai.SpecFloatToI" runstate="Runnable" testcasecount="1" result="Passed" start-time="2020-11-17 21:38:37Z" end-time="2020-11-17 21:38:37Z" duration="0.007007" total="1" passed="1" failed="0" inconclusive="0" skipped="0" asserts="8">
        <test-case id="0-1139" name="TestFloatToI" fullname="Kaitai.SpecFloatToI.TestFloatToI" methodname="TestFloatToI" classname="Kaitai.SpecFloatToI" runstate="Runnable" seed="204745921" result="Passed" start-time="2020-11-17 21:38:37Z" end-time="2020-11-17 21:38:37Z" duration="0.003058" asserts="8" />
      </test-suite>
      <test-suite type="TestFixture" id="0-1142" name="SpecHelloWorld" fullname="Kaitai.SpecHelloWorld" classname="Kaitai.SpecHelloWorld" runstate="Runnable" testcasecount="1" result="Passed" start-time="2020-11-17 21:38:37Z" end-time="2020-11-17 21:38:37Z" duration="0.004008" total="1" passed="1" failed="0" inconclusive="0" skipped="0" asserts="1">
        <test-case id="0-1143" name="TestHelloWorld" fullname="Kaitai.SpecHelloWorld.TestHelloWorld" methodname="TestHelloWorld" classname="Kaitai.SpecHelloWorld" runstate="Runnable" seed="1538039857" result="Passed" start-time="2020-11-17 21:38:37Z" end-time="2020-11-17 21:38:37Z" duration="0.000613" asserts="1" />
      </test-suite>
      <test-suite type="TestFixture" id="0-1144" name="SpecIfInstances" fullname="Kaitai.SpecIfInstances" classname="Kaitai.SpecIfInstances" runstate="Runnable" testcasecount="1" result="Passed" start-time="2020-11-17 21:38:37Z" end-time="2020-11-17 21:38:37Z" duration="0.005019" total="1" passed="1" failed="0" inconclusive="0" skipped="0" asserts="1">
        <test-case id="0-1145" name="TestIfInstances" fullname="Kaitai.SpecIfInstances.TestIfInstances" methodname="TestIfInstances" classname="Kaitai.SpecIfInstances" runstate="Runnable" seed="70945995" result="Passed" start-time="2020-11-17 21:38:37Z" end-time="2020-11-17 21:38:37Z" duration="0.000962" asserts="1" />
      </test-suite>
      <test-suite type="TestFixture" id="0-1146" name="SpecIfStruct" fullname="Kaitai.SpecIfStruct" classname="Kaitai.SpecIfStruct" runstate="Runnable" testcasecount="1" result="Passed" start-time="2020-11-17 21:38:37Z" end-time="2020-11-17 21:38:37Z" duration="0.007005" total="1" passed="1" failed="0" inconclusive="0" skipped="0" asserts="7">
        <test-case id="0-1147" name="TestIfStruct" fullname="Kaitai.SpecIfStruct.TestIfStruct" methodname="TestIfStruct" classname="Kaitai.SpecIfStruct" runstate="Runnable" seed="1902624196" result="Passed" start-time="2020-11-17 21:38:37Z" end-time="2020-11-17 21:38:37Z" duration="0.003409" asserts="7" />
      </test-suite>
      <test-suite type="TestFixture" id="0-1148" name="SpecIfValues" fullname="Kaitai.SpecIfValues" classname="Kaitai.SpecIfValues" runstate="Runnable" testcasecount="1" result="Passed" start-time="2020-11-17 21:38:37Z" end-time="2020-11-17 21:38:37Z" duration="0.006012" total="1" passed="1" failed="0" inconclusive="0" skipped="0" asserts="6">
        <test-case id="0-1149" name="TestIfValues" fullname="Kaitai.SpecIfValues.TestIfValues" methodname="TestIfValues" classname="Kaitai.SpecIfValues" runstate="Runnable" seed="135250053" result="Passed" start-time="2020-11-17 21:38:37Z" end-time="2020-11-17 21:38:37Z" duration="0.002594" asserts="6" />
      </test-suite>
      <test-suite type="TestFixture" id="0-1150" name="SpecImports0" fullname="Kaitai.SpecImports0" classname="Kaitai.SpecImports0" runstate="Runnable" testcasecount="1" result="Passed" start-time="2020-11-17 21:38:37Z" end-time="2020-11-17 21:38:37Z" duration="0.005013" total="1" passed="1" failed="0" inconclusive="0" skipped="0" asserts="3">
        <test-case id="0-1151" name="TestImports0" fullname="Kaitai.SpecImports0.TestImports0" methodname="TestImports0" classname="Kaitai.SpecImports0" runstate="Runnable" seed="303817155" result="Passed" start-time="2020-11-17 21:38:37Z" end-time="2020-11-17 21:38:37Z" duration="0.001507" asserts="3" />
      </test-suite>
      <test-suite type="TestFixture" id="0-1152" name="SpecImportsAbs" fullname="Kaitai.SpecImportsAbs" classname="Kaitai.SpecImportsAbs" runstate="Runnable" testcasecount="1" result="Passed" start-time="2020-11-17 21:38:37Z" end-time="2020-11-17 21:38:37Z" duration="0.007919" total="1" passed="1" failed="0" inconclusive="0" skipped="0" asserts="2">
        <test-case id="0-1153" name="TestImportsAbs" fullname="Kaitai.SpecImportsAbs.TestImportsAbs" methodname="TestImportsAbs" classname="Kaitai.SpecImportsAbs" runstate="Runnable" seed="310756542" result="Passed" start-time="2020-11-17 21:38:37Z" end-time="2020-11-17 21:38:37Z" duration="0.004131" asserts="2" />
      </test-suite>
      <test-suite type="TestFixture" id="0-1154" name="SpecImportsAbsAbs" fullname="Kaitai.SpecImportsAbsAbs" classname="Kaitai.SpecImportsAbsAbs" runstate="Runnable" testcasecount="1" result="Passed" start-time="2020-11-17 21:38:37Z" end-time="2020-11-17 21:38:37Z" duration="0.006032" total="1" passed="1" failed="0" inconclusive="0" skipped="0" asserts="3">
        <test-case id="0-1155" name="TestImportsAbsAbs" fullname="Kaitai.SpecImportsAbsAbs.TestImportsAbsAbs" methodname="TestImportsAbsAbs" classname="Kaitai.SpecImportsAbsAbs" runstate="Runnable" seed="431871151" result="Passed" start-time="2020-11-17 21:38:37Z" end-time="2020-11-17 21:38:37Z" duration="0.002210" asserts="3" />
      </test-suite>
      <test-suite type="TestFixture" id="0-1156" name="SpecImportsAbsRel" fullname="Kaitai.SpecImportsAbsRel" classname="Kaitai.SpecImportsAbsRel" runstate="Runnable" testcasecount="1" result="Passed" start-time="2020-11-17 21:38:37Z" end-time="2020-11-17 21:38:37Z" duration="0.004994" total="1" passed="1" failed="0" inconclusive="0" skipped="0" asserts="3">
        <test-case id="0-1157" name="TestImportsAbsRel" fullname="Kaitai.SpecImportsAbsRel.TestImportsAbsRel" methodname="TestImportsAbsRel" classname="Kaitai.SpecImportsAbsRel" runstate="Runnable" seed="733063716" result="Passed" start-time="2020-11-17 21:38:37Z" end-time="2020-11-17 21:38:37Z" duration="0.001842" asserts="3" />
      </test-suite>
      <test-suite type="TestFixture" id="0-1158" name="SpecImportsCircularA" fullname="Kaitai.SpecImportsCircularA" classname="Kaitai.SpecImportsCircularA" runstate="Runnable" testcasecount="1" result="Passed" start-time="2020-11-17 21:38:37Z" end-time="2020-11-17 21:38:37Z" duration="0.006105" total="1" passed="1" failed="0" inconclusive="0" skipped="0" asserts="5">
        <test-case id="0-1159" name="TestImportsCircularA" fullname="Kaitai.SpecImportsCircularA.TestImportsCircularA" methodname="TestImportsCircularA" classname="Kaitai.SpecImportsCircularA" runstate="Runnable" seed="1664433380" result="Passed" start-time="2020-11-17 21:38:37Z" end-time="2020-11-17 21:38:37Z" duration="0.002159" asserts="5" />
      </test-suite>
      <test-suite type="TestFixture" id="0-1160" name="SpecImportsRel1" fullname="Kaitai.SpecImportsRel1" classname="Kaitai.SpecImportsRel1" runstate="Runnable" testcasecount="1" result="Passed" start-time="2020-11-17 21:38:37Z" end-time="2020-11-17 21:38:37Z" duration="0.005997" total="1" passed="1" failed="0" inconclusive="0" skipped="0" asserts="3">
        <test-case id="0-1161" name="TestImportsRel1" fullname="Kaitai.SpecImportsRel1.TestImportsRel1" methodname="TestImportsRel1" classname="Kaitai.SpecImportsRel1" runstate="Runnable" seed="1619264557" result="Passed" start-time="2020-11-17 21:38:37Z" end-time="2020-11-17 21:38:37Z" duration="0.002687" asserts="3" />
      </test-suite>
      <test-suite type="TestFixture" id="0-1162" name="SpecIndexSizes" fullname="Kaitai.SpecIndexSizes" classname="Kaitai.SpecIndexSizes" runstate="Runnable" testcasecount="1" result="Passed" start-time="2020-11-17 21:38:37Z" end-time="2020-11-17 21:38:37Z" duration="0.006021" total="1" passed="1" failed="0" inconclusive="0" skipped="0" asserts="7">
        <test-case id="0-1163" name="TestIndexSizes" fullname="Kaitai.SpecIndexSizes.TestIndexSizes" methodname="TestIndexSizes" classname="Kaitai.SpecIndexSizes" runstate="Runnable" seed="197209548" result="Passed" start-time="2020-11-17 21:38:37Z" end-time="2020-11-17 21:38:37Z" duration="0.002389" asserts="7" />
      </test-suite>
      <test-suite type="TestFixture" id="0-1164" name="SpecIndexToParamEos" fullname="Kaitai.SpecIndexToParamEos" classname="Kaitai.SpecIndexToParamEos" runstate="Runnable" testcasecount="1" result="Passed" start-time="2020-11-17 21:38:37Z" end-time="2020-11-17 21:38:37Z" duration="0.007016" total="1" passed="1" failed="0" inconclusive="0" skipped="0" asserts="7">
        <test-case id="0-1165" name="TestIndexToParamEos" fullname="Kaitai.SpecIndexToParamEos.TestIndexToParamEos" methodname="TestIndexToParamEos" classname="Kaitai.SpecIndexToParamEos" runstate="Runnable" seed="2024078370" result="Passed" start-time="2020-11-17 21:38:37Z" end-time="2020-11-17 21:38:37Z" duration="0.003878" asserts="7" />
      </test-suite>
      <test-suite type="TestFixture" id="0-1166" name="SpecIndexToParamExpr" fullname="Kaitai.SpecIndexToParamExpr" classname="Kaitai.SpecIndexToParamExpr" runstate="Runnable" testcasecount="1" result="Passed" start-time="2020-11-17 21:38:37Z" end-time="2020-11-17 21:38:37Z" duration="0.007017" total="1" passed="1" failed="0" inconclusive="0" skipped="0" asserts="7">
        <test-case id="0-1167" name="TestIndexToParamExpr" fullname="Kaitai.SpecIndexToParamExpr.TestIndexToParamExpr" methodname="TestIndexToParamExpr" classname="Kaitai.SpecIndexToParamExpr" runstate="Runnable" seed="1945637489" result="Passed" start-time="2020-11-17 21:38:37Z" end-time="2020-11-17 21:38:37Z" duration="0.003415" asserts="7" />
      </test-suite>
      <test-suite type="TestFixture" id="0-1168" name="SpecIndexToParamUntil" fullname="Kaitai.SpecIndexToParamUntil" classname="Kaitai.SpecIndexToParamUntil" runstate="Runnable" testcasecount="1" result="Passed" start-time="2020-11-17 21:38:37Z" end-time="2020-11-17 21:38:37Z" duration="0.008999" total="1" passed="1" failed="0" inconclusive="0" skipped="0" asserts="7">
        <test-case id="0-1169" name="TestIndexToParamUntil" fullname="Kaitai.SpecIndexToParamUntil.TestIndexToParamUntil" methodname="TestIndexToParamUntil" classname="Kaitai.SpecIndexToParamUntil" runstate="Runnable" seed="1068421818" result="Passed" start-time="2020-11-17 21:38:37Z" end-time="2020-11-17 21:38:37Z" duration="0.004875" asserts="7" />
      </test-suite>
      <test-suite type="TestFixture" id="0-1170" name="SpecInstanceIoUser" fullname="Kaitai.SpecInstanceIoUser" classname="Kaitai.SpecInstanceIoUser" runstate="Runnable" testcasecount="1" result="Passed" start-time="2020-11-17 21:38:37Z" end-time="2020-11-17 21:38:37Z" duration="0.006011" total="1" passed="1" failed="0" inconclusive="0" skipped="0" asserts="4">
        <test-case id="0-1171" name="TestInstanceIoUser" fullname="Kaitai.SpecInstanceIoUser.TestInstanceIoUser" methodname="TestInstanceIoUser" classname="Kaitai.SpecInstanceIoUser" runstate="Runnable" seed="1927665231" result="Passed" start-time="2020-11-17 21:38:37Z" end-time="2020-11-17 21:38:37Z" duration="0.002534" asserts="4" />
      </test-suite>
      <test-suite type="TestFixture" id="0-1172" name="SpecInstanceStd" fullname="Kaitai.SpecInstanceStd" classname="Kaitai.SpecInstanceStd" runstate="Runnable" testcasecount="1" result="Passed" start-time="2020-11-17 21:38:37Z" end-time="2020-11-17 21:38:37Z" duration="0.005017" total="1" passed="1" failed="0" inconclusive="0" skipped="0" asserts="1">
        <test-case id="0-1173" name="TestInstanceStd" fullname="Kaitai.SpecInstanceStd.TestInstanceStd" methodname="TestInstanceStd" classname="Kaitai.SpecInstanceStd" runstate="Runnable" seed="1181385526" result="Passed" start-time="2020-11-17 21:38:37Z" end-time="2020-11-17 21:38:37Z" duration="0.001571" asserts="1" />
      </test-suite>
      <test-suite type="TestFixture" id="0-1174" name="SpecInstanceStdArray" fullname="Kaitai.SpecInstanceStdArray" classname="Kaitai.SpecInstanceStdArray" runstate="Runnable" testcasecount="1" result="Passed" start-time="2020-11-17 21:38:37Z" end-time="2020-11-17 21:38:37Z" duration="0.006010" total="1" passed="1" failed="0" inconclusive="0" skipped="0" asserts="7">
        <test-case id="0-1175" name="TestInstanceStdArray" fullname="Kaitai.SpecInstanceStdArray.TestInstanceStdArray" methodname="TestInstanceStdArray" classname="Kaitai.SpecInstanceStdArray" runstate="Runnable" seed="495811168" result="Passed" start-time="2020-11-17 21:38:37Z" end-time="2020-11-17 21:38:37Z" duration="0.002823" asserts="7" />
      </test-suite>
      <test-suite type="TestFixture" id="0-1176" name="SpecInstanceUserArray" fullname="Kaitai.SpecInstanceUserArray" classname="Kaitai.SpecInstanceUserArray" runstate="Runnable" testcasecount="1" result="Passed" start-time="2020-11-17 21:38:37Z" end-time="2020-11-17 21:38:37Z" duration="0.008012" total="1" passed="1" failed="0" inconclusive="0" skipped="0" asserts="10">
        <test-case id="0-1177" name="TestInstanceUserArray" fullname="Kaitai.SpecInstanceUserArray.TestInstanceUserArray" methodname="TestInstanceUserArray" classname="Kaitai.SpecInstanceUserArray" runstate="Runnable" seed="1288257337" result="Passed" start-time="2020-11-17 21:38:37Z" end-time="2020-11-17 21:38:37Z" duration="0.004152" asserts="10" />
      </test-suite>
      <test-suite type="TestFixture" id="0-1178" name="SpecIntegers" fullname="Kaitai.SpecIntegers" classname="Kaitai.SpecIntegers" runstate="Runnable" testcasecount="1" result="Passed" start-time="2020-11-17 21:38:37Z" end-time="2020-11-17 21:38:37Z" duration="0.013287" total="1" passed="1" failed="0" inconclusive="0" skipped="0" asserts="20">
        <test-case id="0-1179" name="TestIntegers" fullname="Kaitai.SpecIntegers.TestIntegers" methodname="TestIntegers" classname="Kaitai.SpecIntegers" runstate="Runnable" seed="1339266412" result="Passed" start-time="2020-11-17 21:38:37Z" end-time="2020-11-17 21:38:37Z" duration="0.007835" asserts="20" />
      </test-suite>
      <test-suite type="TestFixture" id="0-1180" name="SpecIntegersDoubleOverflow" fullname="Kaitai.SpecIntegersDoubleOverflow" classname="Kaitai.SpecIntegersDoubleOverflow" runstate="Runnable" testcasecount="1" result="Passed" start-time="2020-11-17 21:38:37Z" end-time="2020-11-17 21:38:37Z" duration="0.006007" total="1" passed="1" failed="0" inconclusive="0" skipped="0" asserts="8">
        <test-case id="0-1181" name="TestIntegersDoubleOverflow" fullname="Kaitai.SpecIntegersDoubleOverflow.TestIntegersDoubleOverflow" methodname="TestIntegersDoubleOverflow" classname="Kaitai.SpecIntegersDoubleOverflow" runstate="Runnable" seed="1380984032" result="Passed" start-time="2020-11-17 21:38:37Z" end-time="2020-11-17 21:38:37Z" duration="0.002434" asserts="8" />
      </test-suite>
      <test-suite type="TestFixture" id="0-1182" name="SpecIntegersMinMax" fullname="Kaitai.SpecIntegersMinMax" classname="Kaitai.SpecIntegersMinMax" runstate="Runnable" testcasecount="1" result="Passed" start-time="2020-11-17 21:38:37Z" end-time="2020-11-17 21:38:37Z" duration="0.010012" total="1" passed="1" failed="0" inconclusive="0" skipped="0" asserts="28">
        <test-case id="0-1183" name="TestIntegersMinMax" fullname="Kaitai.SpecIntegersMinMax.TestIntegersMinMax" methodname="TestIntegersMinMax" classname="Kaitai.SpecIntegersMinMax" runstate="Runnable" seed="286220317" result="Passed" start-time="2020-11-17 21:38:37Z" end-time="2020-11-17 21:38:37Z" duration="0.005624" asserts="28" />
      </test-suite>
      <test-suite type="TestFixture" id="0-1184" name="SpecIoLocalVar" fullname="Kaitai.SpecIoLocalVar" classname="Kaitai.SpecIoLocalVar" runstate="Runnable" testcasecount="1" result="Passed" start-time="2020-11-17 21:38:37Z" end-time="2020-11-17 21:38:37Z" duration="0.005994" total="1" passed="1" failed="0" inconclusive="0" skipped="0" asserts="2">
        <test-case id="0-1185" name="TestIoLocalVar" fullname="Kaitai.SpecIoLocalVar.TestIoLocalVar" methodname="TestIoLocalVar" classname="Kaitai.SpecIoLocalVar" runstate="Runnable" seed="1067323672" result="Passed" start-time="2020-11-17 21:38:37Z" end-time="2020-11-17 21:38:37Z" duration="0.002268" asserts="2" />
      </test-suite>
      <test-suite type="TestFixture" id="0-1186" name="SpecJsSignedRightShift" fullname="Kaitai.SpecJsSignedRightShift" classname="Kaitai.SpecJsSignedRightShift" runstate="Runnable" testcasecount="1" result="Passed" start-time="2020-11-17 21:38:37Z" end-time="2020-11-17 21:38:37Z" duration="0.004742" total="1" passed="1" failed="0" inconclusive="0" skipped="0" asserts="2">
        <test-case id="0-1187" name="TestJsSignedRightShift" fullname="Kaitai.SpecJsSignedRightShift.TestJsSignedRightShift" methodname="TestJsSignedRightShift" classname="Kaitai.SpecJsSignedRightShift" runstate="Runnable" seed="1591952659" result="Passed" start-time="2020-11-17 21:38:37Z" end-time="2020-11-17 21:38:37Z" duration="0.001142" asserts="2" />
      </test-suite>
      <test-suite type="TestFixture" id="0-1188" name="SpecMetaTags" fullname="Kaitai.SpecMetaTags" classname="Kaitai.SpecMetaTags" runstate="Runnable" testcasecount="1" result="Passed" start-time="2020-11-17 21:38:37Z" end-time="2020-11-17 21:38:37Z" duration="0.004020" total="1" passed="1" failed="0" inconclusive="0" skipped="0" asserts="0">
        <test-case id="0-1189" name="TestMetaTags" fullname="Kaitai.SpecMetaTags.TestMetaTags" methodname="TestMetaTags" classname="Kaitai.SpecMetaTags" runstate="Runnable" seed="32526404" result="Passed" start-time="2020-11-17 21:38:37Z" end-time="2020-11-17 21:38:37Z" duration="0.000566" asserts="0" />
      </test-suite>
      <test-suite type="TestFixture" id="0-1190" name="SpecMetaXref" fullname="Kaitai.SpecMetaXref" classname="Kaitai.SpecMetaXref" runstate="Runnable" testcasecount="1" result="Passed" start-time="2020-11-17 21:38:37Z" end-time="2020-11-17 21:38:37Z" duration="0.004036" total="1" passed="1" failed="0" inconclusive="0" skipped="0" asserts="0">
        <test-case id="0-1191" name="TestMetaXref" fullname="Kaitai.SpecMetaXref.TestMetaXref" methodname="TestMetaXref" classname="Kaitai.SpecMetaXref" runstate="Runnable" seed="1023424619" result="Passed" start-time="2020-11-17 21:38:37Z" end-time="2020-11-17 21:38:37Z" duration="0.000582" asserts="0" />
      </test-suite>
      <test-suite type="TestFixture" id="0-1192" name="SpecMultipleUse" fullname="Kaitai.SpecMultipleUse" classname="Kaitai.SpecMultipleUse" runstate="Runnable" testcasecount="1" result="Passed" start-time="2020-11-17 21:38:37Z" end-time="2020-11-17 21:38:37Z" duration="0.005990" total="1" passed="1" failed="0" inconclusive="0" skipped="0" asserts="2">
        <test-case id="0-1193" name="TestMultipleUse" fullname="Kaitai.SpecMultipleUse.TestMultipleUse" methodname="TestMultipleUse" classname="Kaitai.SpecMultipleUse" runstate="Runnable" seed="1436311700" result="Passed" start-time="2020-11-17 21:38:37Z" end-time="2020-11-17 21:38:37Z" duration="0.002051" asserts="2" />
      </test-suite>
      <test-suite type="TestFixture" id="0-1194" name="SpecNavParent" fullname="Kaitai.SpecNavParent" classname="Kaitai.SpecNavParent" runstate="Runnable" testcasecount="1" result="Passed" start-time="2020-11-17 21:38:37Z" end-time="2020-11-17 21:38:37Z" duration="0.007039" total="1" passed="1" failed="0" inconclusive="0" skipped="0" asserts="5">
        <test-case id="0-1195" name="TestNavParent" fullname="Kaitai.SpecNavParent.TestNavParent" methodname="TestNavParent" classname="Kaitai.SpecNavParent" runstate="Runnable" seed="869730453" result="Passed" start-time="2020-11-17 21:38:37Z" end-time="2020-11-17 21:38:37Z" duration="0.003827" asserts="5" />
      </test-suite>
      <test-suite type="TestFixture" id="0-1196" name="SpecNavParent2" fullname="Kaitai.SpecNavParent2" classname="Kaitai.SpecNavParent2" runstate="Runnable" testcasecount="1" result="Passed" start-time="2020-11-17 21:38:37Z" end-time="2020-11-17 21:38:37Z" duration="0.006035" total="1" passed="1" failed="0" inconclusive="0" skipped="0" asserts="10">
        <test-case id="0-1197" name="TestNavParent2" fullname="Kaitai.SpecNavParent2.TestNavParent2" methodname="TestNavParent2" classname="Kaitai.SpecNavParent2" runstate="Runnable" seed="87031809" result="Passed" start-time="2020-11-17 21:38:37Z" end-time="2020-11-17 21:38:37Z" duration="0.002814" asserts="10" />
      </test-suite>
      <test-suite type="TestFixture" id="0-1198" name="SpecNavParent3" fullname="Kaitai.SpecNavParent3" classname="Kaitai.SpecNavParent3" runstate="Runnable" testcasecount="1" result="Passed" start-time="2020-11-17 21:38:37Z" end-time="2020-11-17 21:38:37Z" duration="0.008022" total="1" passed="1" failed="0" inconclusive="0" skipped="0" asserts="10">
        <test-case id="0-1199" name="TestNavParent3" fullname="Kaitai.SpecNavParent3.TestNavParent3" methodname="TestNavParent3" classname="Kaitai.SpecNavParent3" runstate="Runnable" seed="1566066534" result="Passed" start-time="2020-11-17 21:38:37Z" end-time="2020-11-17 21:38:37Z" duration="0.004504" asserts="10" />
      </test-suite>
      <test-suite type="TestFixture" id="0-1200" name="SpecNavParentFalse" fullname="Kaitai.SpecNavParentFalse" classname="Kaitai.SpecNavParentFalse" runstate="Runnable" testcasecount="1" result="Passed" start-time="2020-11-17 21:38:37Z" end-time="2020-11-17 21:38:37Z" duration="0.007008" total="1" passed="1" failed="0" inconclusive="0" skipped="0" asserts="5">
        <test-case id="0-1201" name="TestNavParentFalse" fullname="Kaitai.SpecNavParentFalse.TestNavParentFalse" methodname="TestNavParentFalse" classname="Kaitai.SpecNavParentFalse" runstate="Runnable" seed="1604840599" result="Passed" start-time="2020-11-17 21:38:37Z" end-time="2020-11-17 21:38:37Z" duration="0.003168" asserts="5" />
      </test-suite>
      <test-suite type="TestFixture" id="0-1202" name="SpecNavParentFalse2" fullname="Kaitai.SpecNavParentFalse2" classname="Kaitai.SpecNavParentFalse2" runstate="Runnable" testcasecount="1" result="Passed" start-time="2020-11-17 21:38:37Z" end-time="2020-11-17 21:38:37Z" duration="0.004972" total="1" passed="1" failed="0" inconclusive="0" skipped="0" asserts="1">
        <test-case id="0-1203" name="TestNavParentFalse2" fullname="Kaitai.SpecNavParentFalse2.TestNavParentFalse2" methodname="TestNavParentFalse2" classname="Kaitai.SpecNavParentFalse2" runstate="Runnable" seed="1086903237" result="Passed" start-time="2020-11-17 21:38:37Z" end-time="2020-11-17 21:38:37Z" duration="0.001304" asserts="1" />
      </test-suite>
      <test-suite type="TestFixture" id="0-1204" name="SpecNavParentOverride" fullname="Kaitai.SpecNavParentOverride" classname="Kaitai.SpecNavParentOverride" runstate="Runnable" testcasecount="1" result="Passed" start-time="2020-11-17 21:38:37Z" end-time="2020-11-17 21:38:37Z" duration="0.006016" total="1" passed="1" failed="0" inconclusive="0" skipped="0" asserts="3">
        <test-case id="0-1205" name="TestNavParentOverride" fullname="Kaitai.SpecNavParentOverride.TestNavParentOverride" methodname="TestNavParentOverride" classname="Kaitai.SpecNavParentOverride" runstate="Runnable" seed="1931706286" result="Passed" start-time="2020-11-17 21:38:37Z" end-time="2020-11-17 21:38:37Z" duration="0.002467" asserts="3" />
      </test-suite>
      <test-suite type="TestFixture" id="0-1206" name="SpecNavParentSwitch" fullname="Kaitai.SpecNavParentSwitch" classname="Kaitai.SpecNavParentSwitch" runstate="Runnable" testcasecount="1" result="Passed" start-time="2020-11-17 21:38:37Z" end-time="2020-11-17 21:38:37Z" duration="0.005125" total="1" passed="1" failed="0" inconclusive="0" skipped="0" asserts="3">
        <test-case id="0-1207" name="TestNavParentSwitch" fullname="Kaitai.SpecNavParentSwitch.TestNavParentSwitch" methodname="TestNavParentSwitch" classname="Kaitai.SpecNavParentSwitch" runstate="Runnable" seed="599086828" result="Passed" start-time="2020-11-17 21:38:37Z" end-time="2020-11-17 21:38:37Z" duration="0.001897" asserts="3" />
      </test-suite>
      <test-suite type="TestFixture" id="0-1208" name="SpecNavParentVsValueInst" fullname="Kaitai.SpecNavParentVsValueInst" classname="Kaitai.SpecNavParentVsValueInst" runstate="Runnable" testcasecount="1" result="Passed" start-time="2020-11-17 21:38:37Z" end-time="2020-11-17 21:38:37Z" duration="0.004032" total="1" passed="1" failed="0" inconclusive="0" skipped="0" asserts="1">
        <test-case id="0-1209" name="TestNavParentVsValueInst" fullname="Kaitai.SpecNavParentVsValueInst.TestNavParentVsValueInst" methodname="TestNavParentVsValueInst" classname="Kaitai.SpecNavParentVsValueInst" runstate="Runnable" seed="1386999252" result="Passed" start-time="2020-11-17 21:38:37Z" end-time="2020-11-17 21:38:37Z" duration="0.000900" asserts="1" />
      </test-suite>
      <test-suite type="TestFixture" id="0-1210" name="SpecNavRoot" fullname="Kaitai.SpecNavRoot" classname="Kaitai.SpecNavRoot" runstate="Runnable" testcasecount="1" result="Passed" start-time="2020-11-17 21:38:37Z" end-time="2020-11-17 21:38:37Z" duration="0.006984" total="1" passed="1" failed="0" inconclusive="0" skipped="0" asserts="5">
        <test-case id="0-1211" name="TestNavRoot" fullname="Kaitai.SpecNavRoot.TestNavRoot" methodname="TestNavRoot" classname="Kaitai.SpecNavRoot" runstate="Runnable" seed="1229000298" result="Passed" start-time="2020-11-17 21:38:37Z" end-time="2020-11-17 21:38:37Z" duration="0.003380" asserts="5" />
      </test-suite>
      <test-suite type="TestFixture" id="0-1212" name="SpecNestedSameName" fullname="Kaitai.SpecNestedSameName" classname="Kaitai.SpecNestedSameName" runstate="Runnable" testcasecount="1" result="Passed" start-time="2020-11-17 21:38:37Z" end-time="2020-11-17 21:38:37Z" duration="0.005014" total="1" passed="1" failed="0" inconclusive="0" skipped="0" asserts="2">
        <test-case id="0-1213" name="TestNestedSameName" fullname="Kaitai.SpecNestedSameName.TestNestedSameName" methodname="TestNestedSameName" classname="Kaitai.SpecNestedSameName" runstate="Runnable" seed="52733826" result="Passed" start-time="2020-11-17 21:38:37Z" end-time="2020-11-17 21:38:37Z" duration="0.001591" asserts="2" />
      </test-suite>
      <test-suite type="TestFixture" id="0-1214" name="SpecNestedSameName2" fullname="Kaitai.SpecNestedSameName2" classname="Kaitai.SpecNestedSameName2" runstate="Runnable" testcasecount="1" result="Passed" start-time="2020-11-17 21:38:37Z" end-time="2020-11-17 21:38:37Z" duration="0.008515" total="1" passed="1" failed="0" inconclusive="0" skipped="0" asserts="5">
        <test-case id="0-1215" name="TestNestedSameName2" fullname="Kaitai.SpecNestedSameName2.TestNestedSameName2" methodname="TestNestedSameName2" classname="Kaitai.SpecNestedSameName2" runstate="Runnable" seed="1208340599" result="Passed" start-time="2020-11-17 21:38:37Z" end-time="2020-11-17 21:38:37Z" duration="0.004136" asserts="5" />
      </test-suite>
      <test-suite type="TestFixture" id="0-1216" name="SpecNestedTypeParam" fullname="Kaitai.SpecNestedTypeParam" classname="Kaitai.SpecNestedTypeParam" runstate="Runnable" testcasecount="1" result="Passed" start-time="2020-11-17 21:38:37Z" end-time="2020-11-17 21:38:37Z" duration="0.005013" total="1" passed="1" failed="0" inconclusive="0" skipped="0" asserts="2">
        <test-case id="0-1217" name="TestNestedTypeParam" fullname="Kaitai.SpecNestedTypeParam.TestNestedTypeParam" methodname="TestNestedTypeParam" classname="Kaitai.SpecNestedTypeParam" runstate="Runnable" seed="379375025" result="Passed" start-time="2020-11-17 21:38:37Z" end-time="2020-11-17 21:38:37Z" duration="0.001688" asserts="2" />
      </test-suite>
      <test-suite type="TestFixture" id="0-1218" name="SpecNestedTypes" fullname="Kaitai.SpecNestedTypes" classname="Kaitai.SpecNestedTypes" runstate="Runnable" testcasecount="1" result="Passed" start-time="2020-11-17 21:38:37Z" end-time="2020-11-17 21:38:37Z" duration="0.006048" total="1" passed="1" failed="0" inconclusive="0" skipped="0" asserts="3">
        <test-case id="0-1219" name="TestNestedTypes" fullname="Kaitai.SpecNestedTypes.TestNestedTypes" methodname="TestNestedTypes" classname="Kaitai.SpecNestedTypes" runstate="Runnable" seed="558241434" result="Passed" start-time="2020-11-17 21:38:37Z" end-time="2020-11-17 21:38:37Z" duration="0.002662" asserts="3" />
      </test-suite>
      <test-suite type="TestFixture" id="0-1220" name="SpecNestedTypes2" fullname="Kaitai.SpecNestedTypes2" classname="Kaitai.SpecNestedTypes2" runstate="Runnable" testcasecount="1" result="Passed" start-time="2020-11-17 21:38:37Z" end-time="2020-11-17 21:38:37Z" duration="0.008016" total="1" passed="1" failed="0" inconclusive="0" skipped="0" asserts="7">
        <test-case id="0-1221" name="TestNestedTypes2" fullname="Kaitai.SpecNestedTypes2.TestNestedTypes2" methodname="TestNestedTypes2" classname="Kaitai.SpecNestedTypes2" runstate="Runnable" seed="2119615129" result="Passed" start-time="2020-11-17 21:38:37Z" end-time="2020-11-17 21:38:37Z" duration="0.004304" asserts="7" />
      </test-suite>
      <test-suite type="TestFixture" id="0-1222" name="SpecNestedTypes3" fullname="Kaitai.SpecNestedTypes3" classname="Kaitai.SpecNestedTypes3" runstate="Runnable" testcasecount="1" result="Passed" start-time="2020-11-17 21:38:37Z" end-time="2020-11-17 21:38:37Z" duration="0.007011" total="1" passed="1" failed="0" inconclusive="0" skipped="0" asserts="5">
        <test-case id="0-1223" name="TestNestedTypes3" fullname="Kaitai.SpecNestedTypes3.TestNestedTypes3" methodname="TestNestedTypes3" classname="Kaitai.SpecNestedTypes3" runstate="Runnable" seed="1617705402" result="Passed" start-time="2020-11-17 21:38:37Z" end-time="2020-11-17 21:38:37Z" duration="0.003187" asserts="5" />
      </test-suite>
      <test-suite type="TestFixture" id="0-1224" name="SpecNonStandard" fullname="Kaitai.SpecNonStandard" classname="Kaitai.SpecNonStandard" runstate="Runnable" testcasecount="1" result="Passed" start-time="2020-11-17 21:38:37Z" end-time="2020-11-17 21:38:37Z" duration="0.004012" total="1" passed="1" failed="0" inconclusive="0" skipped="0" asserts="1">
        <test-case id="0-1225" name="TestNonStandard" fullname="Kaitai.SpecNonStandard.TestNonStandard" methodname="TestNonStandard" classname="Kaitai.SpecNonStandard" runstate="Runnable" seed="36854811" result="Passed" start-time="2020-11-17 21:38:37Z" end-time="2020-11-17 21:38:37Z" duration="0.000926" asserts="1" />
      </test-suite>
      <test-suite type="TestFixture" id="0-1226" name="SpecOpaqueExternalType" fullname="Kaitai.SpecOpaqueExternalType" classname="Kaitai.SpecOpaqueExternalType" runstate="Runnable" testcasecount="1" result="Passed" start-time="2020-11-17 21:38:37Z" end-time="2020-11-17 21:38:37Z" duration="0.006025" total="1" passed="1" failed="0" inconclusive="0" skipped="0" asserts="3">
        <test-case id="0-1227" name="TestOpaqueExternalType" fullname="Kaitai.SpecOpaqueExternalType.TestOpaqueExternalType" methodname="TestOpaqueExternalType" classname="Kaitai.SpecOpaqueExternalType" runstate="Runnable" seed="2034669791" result="Passed" start-time="2020-11-17 21:38:37Z" end-time="2020-11-17 21:38:37Z" duration="0.002463" asserts="3" />
      </test-suite>
      <test-suite type="TestFixture" id="0-1228" name="SpecOpaqueExternalType02Parent" fullname="Kaitai.SpecOpaqueExternalType02Parent" classname="Kaitai.SpecOpaqueExternalType02Parent" runstate="Runnable" testcasecount="1" result="Passed" start-time="2020-11-17 21:38:37Z" end-time="2020-11-17 21:38:37Z" duration="0.006979" total="1" passed="1" failed="0" inconclusive="0" skipped="0" asserts="3">
        <test-case id="0-1229" name="TestOpaqueExternalType02Parent" fullname="Kaitai.SpecOpaqueExternalType02Parent.TestOpaqueExternalType02Parent" methodname="TestOpaqueExternalType02Parent" classname="Kaitai.SpecOpaqueExternalType02Parent" runstate="Runnable" seed="807373607" result="Passed" start-time="2020-11-17 21:38:37Z" end-time="2020-11-17 21:38:37Z" duration="0.003149" asserts="3" />
      </test-suite>
      <test-suite type="TestFixture" id="0-1230" name="SpecOpaqueWithParam" fullname="Kaitai.SpecOpaqueWithParam" classname="Kaitai.SpecOpaqueWithParam" runstate="Runnable" testcasecount="1" result="Passed" start-time="2020-11-17 21:38:37Z" end-time="2020-11-17 21:38:37Z" duration="0.005982" total="1" passed="1" failed="0" inconclusive="0" skipped="0" asserts="2">
        <test-case id="0-1231" name="TestOpaqueWithParam" fullname="Kaitai.SpecOpaqueWithParam.TestOpaqueWithParam" methodname="TestOpaqueWithParam" classname="Kaitai.SpecOpaqueWithParam" runstate="Runnable" seed="374526674" result="Passed" start-time="2020-11-17 21:38:37Z" end-time="2020-11-17 21:38:37Z" duration="0.002215" asserts="2" />
      </test-suite>
      <test-suite type="TestFixture" id="0-1232" name="SpecOptionalId" fullname="Kaitai.SpecOptionalId" classname="Kaitai.SpecOptionalId" runstate="Runnable" testcasecount="1" result="Passed" start-time="2020-11-17 21:38:37Z" end-time="2020-11-17 21:38:37Z" duration="0.005015" total="1" passed="1" failed="0" inconclusive="0" skipped="0" asserts="3">
        <test-case id="0-1233" name="TestOptionalId" fullname="Kaitai.SpecOptionalId.TestOptionalId" methodname="TestOptionalId" classname="Kaitai.SpecOptionalId" runstate="Runnable" seed="56255654" result="Passed" start-time="2020-11-17 21:38:37Z" end-time="2020-11-17 21:38:37Z" duration="0.001628" asserts="3" />
      </test-suite>
      <test-suite type="TestFixture" id="0-1234" name="SpecParamsCallExtraParens" fullname="Kaitai.SpecParamsCallExtraParens" classname="Kaitai.SpecParamsCallExtraParens" runstate="Runnable" testcasecount="1" result="Passed" start-time="2020-11-17 21:38:37Z" end-time="2020-11-17 21:38:37Z" duration="0.005004" total="1" passed="1" failed="0" inconclusive="0" skipped="0" asserts="1">
        <test-case id="0-1235" name="TestParamsCallExtraParens" fullname="Kaitai.SpecParamsCallExtraParens.TestParamsCallExtraParens" methodname="TestParamsCallExtraParens" classname="Kaitai.SpecParamsCallExtraParens" runstate="Runnable" seed="722753152" result="Passed" start-time="2020-11-17 21:38:37Z" end-time="2020-11-17 21:38:37Z" duration="0.001151" asserts="1" />
      </test-suite>
      <test-suite type="TestFixture" id="0-1236" name="SpecParamsCallShort" fullname="Kaitai.SpecParamsCallShort" classname="Kaitai.SpecParamsCallShort" runstate="Runnable" testcasecount="1" result="Passed" start-time="2020-11-17 21:38:37Z" end-time="2020-11-17 21:38:37Z" duration="0.006023" total="1" passed="1" failed="0" inconclusive="0" skipped="0" asserts="3">
        <test-case id="0-1237" name="TestParamsCallShort" fullname="Kaitai.SpecParamsCallShort.TestParamsCallShort" methodname="TestParamsCallShort" classname="Kaitai.SpecParamsCallShort" runstate="Runnable" seed="1469880250" result="Passed" start-time="2020-11-17 21:38:37Z" end-time="2020-11-17 21:38:37Z" duration="0.002925" asserts="3" />
      </test-suite>
      <test-suite type="TestFixture" id="0-1238" name="SpecParamsDef" fullname="Kaitai.SpecParamsDef" classname="Kaitai.SpecParamsDef" runstate="Runnable" testcasecount="1" result="Passed" start-time="2020-11-17 21:38:37Z" end-time="2020-11-17 21:38:37Z" duration="0.004070" total="1" passed="1" failed="0" inconclusive="0" skipped="0" asserts="2">
        <test-case id="0-1239" name="TestParamsDef" fullname="Kaitai.SpecParamsDef.TestParamsDef" methodname="TestParamsDef" classname="Kaitai.SpecParamsDef" runstate="Runnable" seed="65083088" result="Passed" start-time="2020-11-17 21:38:37Z" end-time="2020-11-17 21:38:37Z" duration="0.000468" asserts="2" />
      </test-suite>
      <test-suite type="TestFixture" id="0-1240" name="SpecParamsEnum" fullname="Kaitai.SpecParamsEnum" classname="Kaitai.SpecParamsEnum" runstate="Runnable" testcasecount="1" result="Passed" start-time="2020-11-17 21:38:37Z" end-time="2020-11-17 21:38:37Z" duration="0.006468" total="1" passed="1" failed="0" inconclusive="0" skipped="0" asserts="2">
        <test-case id="0-1241" name="TestParamsEnum" fullname="Kaitai.SpecParamsEnum.TestParamsEnum" methodname="TestParamsEnum" classname="Kaitai.SpecParamsEnum" runstate="Runnable" seed="276469757" result="Passed" start-time="2020-11-17 21:38:37Z" end-time="2020-11-17 21:38:37Z" duration="0.001991" asserts="2" />
      </test-suite>
      <test-suite type="TestFixture" id="0-1242" name="SpecParamsPassArrayStr" fullname="Kaitai.SpecParamsPassArrayStr" classname="Kaitai.SpecParamsPassArrayStr" runstate="Runnable" testcasecount="1" result="Passed" start-time="2020-11-17 21:38:37Z" end-time="2020-11-17 21:38:37Z" duration="0.006024" total="1" passed="1" failed="0" inconclusive="0" skipped="0" asserts="7">
        <test-case id="0-1243" name="TestParamsPassArrayStr" fullname="Kaitai.SpecParamsPassArrayStr.TestParamsPassArrayStr" methodname="TestParamsPassArrayStr" classname="Kaitai.SpecParamsPassArrayStr" runstate="Runnable" seed="1462854265" result="Passed" start-time="2020-11-17 21:38:37Z" end-time="2020-11-17 21:38:37Z" duration="0.002799" asserts="7" />
      </test-suite>
      <test-suite type="TestFixture" id="0-1244" name="SpecParamsPassArrayStruct" fullname="Kaitai.SpecParamsPassArrayStruct" classname="Kaitai.SpecParamsPassArrayStruct" runstate="Runnable" testcasecount="1" result="Passed" start-time="2020-11-17 21:38:37Z" end-time="2020-11-17 21:38:37Z" duration="0.007020" total="1" passed="1" failed="0" inconclusive="0" skipped="0" asserts="3">
        <test-case id="0-1245" name="TestParamsPassArrayStruct" fullname="Kaitai.SpecParamsPassArrayStruct.TestParamsPassArrayStruct" methodname="TestParamsPassArrayStruct" classname="Kaitai.SpecParamsPassArrayStruct" runstate="Runnable" seed="229484994" result="Passed" start-time="2020-11-17 21:38:37Z" end-time="2020-11-17 21:38:37Z" duration="0.003227" asserts="3" />
      </test-suite>
      <test-suite type="TestFixture" id="0-1246" name="SpecParamsPassArrayUsertype" fullname="Kaitai.SpecParamsPassArrayUsertype" classname="Kaitai.SpecParamsPassArrayUsertype" runstate="Runnable" testcasecount="1" result="Passed" start-time="2020-11-17 21:38:37Z" end-time="2020-11-17 21:38:37Z" duration="0.007026" total="1" passed="1" failed="0" inconclusive="0" skipped="0" asserts="5">
        <test-case id="0-1247" name="TestParamsPassArrayUsertype" fullname="Kaitai.SpecParamsPassArrayUsertype.TestParamsPassArrayUsertype" methodname="TestParamsPassArrayUsertype" classname="Kaitai.SpecParamsPassArrayUsertype" runstate="Runnable" seed="1360495305" result="Passed" start-time="2020-11-17 21:38:37Z" end-time="2020-11-17 21:38:37Z" duration="0.003029" asserts="5" />
      </test-suite>
      <test-suite type="TestFixture" id="0-1248" name="SpecParamsPassBool" fullname="Kaitai.SpecParamsPassBool" classname="Kaitai.SpecParamsPassBool" runstate="Runnable" testcasecount="1" result="Passed" start-time="2020-11-17 21:38:37Z" end-time="2020-11-17 21:38:37Z" duration="0.007008" total="1" passed="1" failed="0" inconclusive="0" skipped="0" asserts="14">
        <test-case id="0-1249" name="TestParamsPassBool" fullname="Kaitai.SpecParamsPassBool.TestParamsPassBool" methodname="TestParamsPassBool" classname="Kaitai.SpecParamsPassBool" runstate="Runnable" seed="1037909444" result="Passed" start-time="2020-11-17 21:38:37Z" end-time="2020-11-17 21:38:37Z" duration="0.003641" asserts="14" />
      </test-suite>
      <test-suite type="TestFixture" id="0-1250" name="SpecParamsPassStruct" fullname="Kaitai.SpecParamsPassStruct" classname="Kaitai.SpecParamsPassStruct" runstate="Runnable" testcasecount="1" result="Passed" start-time="2020-11-17 21:38:37Z" end-time="2020-11-17 21:38:37Z" duration="0.006016" total="1" passed="1" failed="0" inconclusive="0" skipped="0" asserts="4">
        <test-case id="0-1251" name="TestParamsPassStruct" fullname="Kaitai.SpecParamsPassStruct.TestParamsPassStruct" methodname="TestParamsPassStruct" classname="Kaitai.SpecParamsPassStruct" runstate="Runnable" seed="2049045033" result="Passed" start-time="2020-11-17 21:38:37Z" end-time="2020-11-17 21:38:37Z" duration="0.002189" asserts="4" />
      </test-suite>
      <test-suite type="TestFixture" id="0-1252" name="SpecParamsPassUsertype" fullname="Kaitai.SpecParamsPassUsertype" classname="Kaitai.SpecParamsPassUsertype" runstate="Runnable" testcasecount="1" result="Passed" start-time="2020-11-17 21:38:37Z" end-time="2020-11-17 21:38:37Z" duration="0.005017" total="1" passed="1" failed="0" inconclusive="0" skipped="0" asserts="2">
        <test-case id="0-1253" name="TestParamsPassUsertype" fullname="Kaitai.SpecParamsPassUsertype.TestParamsPassUsertype" methodname="TestParamsPassUsertype" classname="Kaitai.SpecParamsPassUsertype" runstate="Runnable" seed="127054615" result="Passed" start-time="2020-11-17 21:38:37Z" end-time="2020-11-17 21:38:37Z" duration="0.001558" asserts="2" />
      </test-suite>
      <test-suite type="TestFixture" id="0-1254" name="SpecPositionAbs" fullname="Kaitai.SpecPositionAbs" classname="Kaitai.SpecPositionAbs" runstate="Runnable" testcasecount="1" result="Passed" start-time="2020-11-17 21:38:37Z" end-time="2020-11-17 21:38:37Z" duration="0.005009" total="1" passed="1" failed="0" inconclusive="0" skipped="0" asserts="2">
        <test-case id="0-1255" name="TestPositionAbs" fullname="Kaitai.SpecPositionAbs.TestPositionAbs" methodname="TestPositionAbs" classname="Kaitai.SpecPositionAbs" runstate="Runnable" seed="101777237" result="Passed" start-time="2020-11-17 21:38:37Z" end-time="2020-11-17 21:38:37Z" duration="0.001208" asserts="2" />
      </test-suite>
      <test-suite type="TestFixture" id="0-1256" name="SpecPositionInSeq" fullname="Kaitai.SpecPositionInSeq" classname="Kaitai.SpecPositionInSeq" runstate="Runnable" testcasecount="1" result="Passed" start-time="2020-11-17 21:38:37Z" end-time="2020-11-17 21:38:37Z" duration="0.004918" total="1" passed="1" failed="0" inconclusive="0" skipped="0" asserts="1">
        <test-case id="0-1257" name="TestPositionInSeq" fullname="Kaitai.SpecPositionInSeq.TestPositionInSeq" methodname="TestPositionInSeq" classname="Kaitai.SpecPositionInSeq" runstate="Runnable" seed="670839703" result="Passed" start-time="2020-11-17 21:38:37Z" end-time="2020-11-17 21:38:37Z" duration="0.001726" asserts="1" />
      </test-suite>
      <test-suite type="TestFixture" id="0-1258" name="SpecPositionToEnd" fullname="Kaitai.SpecPositionToEnd" classname="Kaitai.SpecPositionToEnd" runstate="Runnable" testcasecount="1" result="Passed" start-time="2020-11-17 21:38:37Z" end-time="2020-11-17 21:38:37Z" duration="0.005018" total="1" passed="1" failed="0" inconclusive="0" skipped="0" asserts="2">
        <test-case id="0-1259" name="TestPositionToEnd" fullname="Kaitai.SpecPositionToEnd.TestPositionToEnd" methodname="TestPositionToEnd" classname="Kaitai.SpecPositionToEnd" runstate="Runnable" seed="662207085" result="Passed" start-time="2020-11-17 21:38:37Z" end-time="2020-11-17 21:38:37Z" duration="0.001209" asserts="2" />
      </test-suite>
      <test-suite type="TestFixture" id="0-1260" name="SpecProcessCoerceBytes" fullname="Kaitai.SpecProcessCoerceBytes" classname="Kaitai.SpecProcessCoerceBytes" runstate="Runnable" testcasecount="1" result="Passed" start-time="2020-11-17 21:38:37Z" end-time="2020-11-17 21:38:37Z" duration="0.006016" total="1" passed="1" failed="0" inconclusive="0" skipped="0" asserts="4">
        <test-case id="0-1261" name="TestProcessCoerceBytes" fullname="Kaitai.SpecProcessCoerceBytes.TestProcessCoerceBytes" methodname="TestProcessCoerceBytes" classname="Kaitai.SpecProcessCoerceBytes" runstate="Runnable" seed="1896626738" result="Passed" start-time="2020-11-17 21:38:37Z" end-time="2020-11-17 21:38:37Z" duration="0.002678" asserts="4" />
      </test-suite>
      <test-suite type="TestFixture" id="0-1262" name="SpecProcessCoerceSwitch" fullname="Kaitai.SpecProcessCoerceSwitch" classname="Kaitai.SpecProcessCoerceSwitch" runstate="Runnable" testcasecount="1" result="Passed" start-time="2020-11-17 21:38:37Z" end-time="2020-11-17 21:38:37Z" duration="0.006025" total="1" passed="1" failed="0" inconclusive="0" skipped="0" asserts="3">
        <test-case id="0-1263" name="TestProcessCoerceSwitch" fullname="Kaitai.SpecProcessCoerceSwitch.TestProcessCoerceSwitch" methodname="TestProcessCoerceSwitch" classname="Kaitai.SpecProcessCoerceSwitch" runstate="Runnable" seed="1634269271" result="Passed" start-time="2020-11-17 21:38:37Z" end-time="2020-11-17 21:38:37Z" duration="0.002686" asserts="3" />
      </test-suite>
      <test-suite type="TestFixture" id="0-1264" name="SpecProcessCoerceUsertype1" fullname="Kaitai.SpecProcessCoerceUsertype1" classname="Kaitai.SpecProcessCoerceUsertype1" runstate="Runnable" testcasecount="1" result="Passed" start-time="2020-11-17 21:38:37Z" end-time="2020-11-17 21:38:37Z" duration="0.006013" total="1" passed="1" failed="0" inconclusive="0" skipped="0" asserts="4">
        <test-case id="0-1265" name="TestProcessCoerceUsertype1" fullname="Kaitai.SpecProcessCoerceUsertype1.TestProcessCoerceUsertype1" methodname="TestProcessCoerceUsertype1" classname="Kaitai.SpecProcessCoerceUsertype1" runstate="Runnable" seed="1536900872" result="Passed" start-time="2020-11-17 21:38:37Z" end-time="2020-11-17 21:38:37Z" duration="0.002409" asserts="4" />
      </test-suite>
      <test-suite type="TestFixture" id="0-1266" name="SpecProcessCoerceUsertype2" fullname="Kaitai.SpecProcessCoerceUsertype2" classname="Kaitai.SpecProcessCoerceUsertype2" runstate="Runnable" testcasecount="1" result="Passed" start-time="2020-11-17 21:38:37Z" end-time="2020-11-17 21:38:38Z" duration="0.006106" total="1" passed="1" failed="0" inconclusive="0" skipped="0" asserts="4">
        <test-case id="0-1267" name="TestProcessCoerceUsertype2" fullname="Kaitai.SpecProcessCoerceUsertype2.TestProcessCoerceUsertype2" methodname="TestProcessCoerceUsertype2" classname="Kaitai.SpecProcessCoerceUsertype2" runstate="Runnable" seed="1491488549" result="Passed" start-time="2020-11-17 21:38:37Z" end-time="2020-11-17 21:38:37Z" duration="0.002421" asserts="4" />
      </test-suite>
      <test-suite type="TestFixture" id="0-1268" name="SpecProcessCustom" fullname="Kaitai.SpecProcessCustom" classname="Kaitai.SpecProcessCustom" runstate="Runnable" testcasecount="1" result="Passed" start-time="2020-11-17 21:38:38Z" end-time="2020-11-17 21:38:38Z" duration="0.005938" total="1" passed="1" failed="0" inconclusive="0" skipped="0" asserts="3">
        <test-case id="0-1269" name="TestProcessCustom" fullname="Kaitai.SpecProcessCustom.TestProcessCustom" methodname="TestProcessCustom" classname="Kaitai.SpecProcessCustom" runstate="Runnable" seed="1279810717" result="Passed" start-time="2020-11-17 21:38:38Z" end-time="2020-11-17 21:38:38Z" duration="0.002461" asserts="3" />
      </test-suite>
      <test-suite type="TestFixture" id="0-1270" name="SpecProcessCustomNoArgs" fullname="Kaitai.SpecProcessCustomNoArgs" classname="Kaitai.SpecProcessCustomNoArgs" runstate="Runnable" testcasecount="1" result="Passed" start-time="2020-11-17 21:38:38Z" end-time="2020-11-17 21:38:38Z" duration="0.005013" total="1" passed="1" failed="0" inconclusive="0" skipped="0" asserts="1">
        <test-case id="0-1271" name="TestProcessCustomNoArgs" fullname="Kaitai.SpecProcessCustomNoArgs.TestProcessCustomNoArgs" methodname="TestProcessCustomNoArgs" classname="Kaitai.SpecProcessCustomNoArgs" runstate="Runnable" seed="525800157" result="Passed" start-time="2020-11-17 21:38:38Z" end-time="2020-11-17 21:38:38Z" duration="0.001076" asserts="1" />
      </test-suite>
      <test-suite type="TestFixture" id="0-1272" name="SpecProcessRepeatBytes" fullname="Kaitai.SpecProcessRepeatBytes" classname="Kaitai.SpecProcessRepeatBytes" runstate="Runnable" testcasecount="1" result="Passed" start-time="2020-11-17 21:38:38Z" end-time="2020-11-17 21:38:38Z" duration="0.004985" total="1" passed="1" failed="0" inconclusive="0" skipped="0" asserts="2">
        <test-case id="0-1273" name="TestProcessRepeatBytes" fullname="Kaitai.SpecProcessRepeatBytes.TestProcessRepeatBytes" methodname="TestProcessRepeatBytes" classname="Kaitai.SpecProcessRepeatBytes" runstate="Runnable" seed="503354176" result="Passed" start-time="2020-11-17 21:38:38Z" end-time="2020-11-17 21:38:38Z" duration="0.001158" asserts="2" />
      </test-suite>
      <test-suite type="TestFixture" id="0-1274" name="SpecProcessRepeatUsertype" fullname="Kaitai.SpecProcessRepeatUsertype" classname="Kaitai.SpecProcessRepeatUsertype" runstate="Runnable" testcasecount="1" result="Passed" start-time="2020-11-17 21:38:38Z" end-time="2020-11-17 21:38:38Z" duration="0.005999" total="1" passed="1" failed="0" inconclusive="0" skipped="0" asserts="4">
        <test-case id="0-1275" name="TestProcessRepeatUsertype" fullname="Kaitai.SpecProcessRepeatUsertype.TestProcessRepeatUsertype" methodname="TestProcessRepeatUsertype" classname="Kaitai.SpecProcessRepeatUsertype" runstate="Runnable" seed="1489855354" result="Passed" start-time="2020-11-17 21:38:38Z" end-time="2020-11-17 21:38:38Z" duration="0.002330" asserts="4" />
      </test-suite>
      <test-suite type="TestFixture" id="0-1276" name="SpecProcessRotate" fullname="Kaitai.SpecProcessRotate" classname="Kaitai.SpecProcessRotate" runstate="Runnable" testcasecount="1" result="Passed" start-time="2020-11-17 21:38:38Z" end-time="2020-11-17 21:38:38Z" duration="0.005027" total="1" passed="1" failed="0" inconclusive="0" skipped="0" asserts="3">
        <test-case id="0-1277" name="TestProcessRotate" fullname="Kaitai.SpecProcessRotate.TestProcessRotate" methodname="TestProcessRotate" classname="Kaitai.SpecProcessRotate" runstate="Runnable" seed="1307032506" result="Passed" start-time="2020-11-17 21:38:38Z" end-time="2020-11-17 21:38:38Z" duration="0.001829" asserts="3" />
      </test-suite>
      <test-suite type="TestFixture" id="0-1278" name="SpecProcessToUser" fullname="Kaitai.SpecProcessToUser" classname="Kaitai.SpecProcessToUser" runstate="Runnable" testcasecount="1" result="Passed" start-time="2020-11-17 21:38:38Z" end-time="2020-11-17 21:38:38Z" duration="0.005013" total="1" passed="1" failed="0" inconclusive="0" skipped="0" asserts="1">
        <test-case id="0-1279" name="TestProcessToUser" fullname="Kaitai.SpecProcessToUser.TestProcessToUser" methodname="TestProcessToUser" classname="Kaitai.SpecProcessToUser" runstate="Runnable" seed="1525833814" result="Passed" start-time="2020-11-17 21:38:38Z" end-time="2020-11-17 21:38:38Z" duration="0.001197" asserts="1" />
      </test-suite>
      <test-suite type="TestFixture" id="0-1280" name="SpecProcessXor4Const" fullname="Kaitai.SpecProcessXor4Const" classname="Kaitai.SpecProcessXor4Const" runstate="Runnable" testcasecount="1" result="Passed" start-time="2020-11-17 21:38:38Z" end-time="2020-11-17 21:38:38Z" duration="0.004953" total="1" passed="1" failed="0" inconclusive="0" skipped="0" asserts="2">
        <test-case id="0-1281" name="TestProcessXor4Const" fullname="Kaitai.SpecProcessXor4Const.TestProcessXor4Const" methodname="TestProcessXor4Const" classname="Kaitai.SpecProcessXor4Const" runstate="Runnable" seed="1243574660" result="Passed" start-time="2020-11-17 21:38:38Z" end-time="2020-11-17 21:38:38Z" duration="0.001859" asserts="2" />
      </test-suite>
      <test-suite type="TestFixture" id="0-1282" name="SpecProcessXor4Value" fullname="Kaitai.SpecProcessXor4Value" classname="Kaitai.SpecProcessXor4Value" runstate="Runnable" testcasecount="1" result="Passed" start-time="2020-11-17 21:38:38Z" end-time="2020-11-17 21:38:38Z" duration="0.005018" total="1" passed="1" failed="0" inconclusive="0" skipped="0" asserts="2">
        <test-case id="0-1283" name="TestProcessXor4Value" fullname="Kaitai.SpecProcessXor4Value.TestProcessXor4Value" methodname="TestProcessXor4Value" classname="Kaitai.SpecProcessXor4Value" runstate="Runnable" seed="1220106680" result="Passed" start-time="2020-11-17 21:38:38Z" end-time="2020-11-17 21:38:38Z" duration="0.001035" asserts="2" />
      </test-suite>
      <test-suite type="TestFixture" id="0-1284" name="SpecProcessXorConst" fullname="Kaitai.SpecProcessXorConst" classname="Kaitai.SpecProcessXorConst" runstate="Runnable" testcasecount="1" result="Passed" start-time="2020-11-17 21:38:38Z" end-time="2020-11-17 21:38:38Z" duration="0.008017" total="1" passed="1" failed="0" inconclusive="0" skipped="0" asserts="2">
        <test-case id="0-1285" name="TestProcessXorConst" fullname="Kaitai.SpecProcessXorConst.TestProcessXorConst" methodname="TestProcessXorConst" classname="Kaitai.SpecProcessXorConst" runstate="Runnable" seed="1492517534" result="Passed" start-time="2020-11-17 21:38:38Z" end-time="2020-11-17 21:38:38Z" duration="0.004098" asserts="2" />
      </test-suite>
      <test-suite type="TestFixture" id="0-1286" name="SpecProcessXorValue" fullname="Kaitai.SpecProcessXorValue" classname="Kaitai.SpecProcessXorValue" runstate="Runnable" testcasecount="1" result="Passed" start-time="2020-11-17 21:38:38Z" end-time="2020-11-17 21:38:38Z" duration="0.005020" total="1" passed="1" failed="0" inconclusive="0" skipped="0" asserts="2">
        <test-case id="0-1287" name="TestProcessXorValue" fullname="Kaitai.SpecProcessXorValue.TestProcessXorValue" methodname="TestProcessXorValue" classname="Kaitai.SpecProcessXorValue" runstate="Runnable" seed="121457191" result="Passed" start-time="2020-11-17 21:38:38Z" end-time="2020-11-17 21:38:38Z" duration="0.001168" asserts="2" />
      </test-suite>
      <test-suite type="TestFixture" id="0-1288" name="SpecRecursiveOne" fullname="Kaitai.SpecRecursiveOne" classname="Kaitai.SpecRecursiveOne" runstate="Runnable" testcasecount="1" result="Passed" start-time="2020-11-17 21:38:38Z" end-time="2020-11-17 21:38:38Z" duration="0.006504" total="1" passed="1" failed="0" inconclusive="0" skipped="0" asserts="4">
        <test-case id="0-1289" name="TestRecursiveOne" fullname="Kaitai.SpecRecursiveOne.TestRecursiveOne" methodname="TestRecursiveOne" classname="Kaitai.SpecRecursiveOne" runstate="Runnable" seed="1209788777" result="Passed" start-time="2020-11-17 21:38:38Z" end-time="2020-11-17 21:38:38Z" duration="0.002895" asserts="4" />
      </test-suite>
      <test-suite type="TestFixture" id="0-1290" name="SpecRepeatEosBit" fullname="Kaitai.SpecRepeatEosBit" classname="Kaitai.SpecRepeatEosBit" runstate="Runnable" testcasecount="1" result="Passed" start-time="2020-11-17 21:38:38Z" end-time="2020-11-17 21:38:38Z" duration="0.009996" total="1" passed="1" failed="0" inconclusive="0" skipped="0" asserts="1">
        <test-case id="0-1291" name="TestRepeatEosBit" fullname="Kaitai.SpecRepeatEosBit.TestRepeatEosBit" methodname="TestRepeatEosBit" classname="Kaitai.SpecRepeatEosBit" runstate="Runnable" seed="1935908518" result="Passed" start-time="2020-11-17 21:38:38Z" end-time="2020-11-17 21:38:38Z" duration="0.006093" asserts="1" />
      </test-suite>
      <test-suite type="TestFixture" id="0-1292" name="SpecRepeatEosStruct" fullname="Kaitai.SpecRepeatEosStruct" classname="Kaitai.SpecRepeatEosStruct" runstate="Runnable" testcasecount="1" result="Passed" start-time="2020-11-17 21:38:38Z" end-time="2020-11-17 21:38:38Z" duration="0.006020" total="1" passed="1" failed="0" inconclusive="0" skipped="0" asserts="5">
        <test-case id="0-1293" name="TestRepeatEosStruct" fullname="Kaitai.SpecRepeatEosStruct.TestRepeatEosStruct" methodname="TestRepeatEosStruct" classname="Kaitai.SpecRepeatEosStruct" runstate="Runnable" seed="452066583" result="Passed" start-time="2020-11-17 21:38:38Z" end-time="2020-11-17 21:38:38Z" duration="0.002454" asserts="5" />
      </test-suite>
      <test-suite type="TestFixture" id="0-1294" name="SpecRepeatEosU4" fullname="Kaitai.SpecRepeatEosU4" classname="Kaitai.SpecRepeatEosU4" runstate="Runnable" testcasecount="1" result="Passed" start-time="2020-11-17 21:38:38Z" end-time="2020-11-17 21:38:38Z" duration="0.004803" total="1" passed="1" failed="0" inconclusive="0" skipped="0" asserts="1">
        <test-case id="0-1295" name="TestRepeatEosU4" fullname="Kaitai.SpecRepeatEosU4.TestRepeatEosU4" methodname="TestRepeatEosU4" classname="Kaitai.SpecRepeatEosU4" runstate="Runnable" seed="581773789" result="Passed" start-time="2020-11-17 21:38:38Z" end-time="2020-11-17 21:38:38Z" duration="0.001559" asserts="1" />
      </test-suite>
      <test-suite type="TestFixture" id="0-1296" name="SpecRepeatNStruct" fullname="Kaitai.SpecRepeatNStruct" classname="Kaitai.SpecRepeatNStruct" runstate="Runnable" testcasecount="1" result="Passed" start-time="2020-11-17 21:38:38Z" end-time="2020-11-17 21:38:38Z" duration="0.006013" total="1" passed="1" failed="0" inconclusive="0" skipped="0" asserts="5">
        <test-case id="0-1297" name="TestRepeatNStruct" fullname="Kaitai.SpecRepeatNStruct.TestRepeatNStruct" methodname="TestRepeatNStruct" classname="Kaitai.SpecRepeatNStruct" runstate="Runnable" seed="1038208404" result="Passed" start-time="2020-11-17 21:38:38Z" end-time="2020-11-17 21:38:38Z" duration="0.002496" asserts="5" />
      </test-suite>
      <test-suite type="TestFixture" id="0-1298" name="SpecRepeatNStrz" fullname="Kaitai.SpecRepeatNStrz" classname="Kaitai.SpecRepeatNStrz" runstate="Runnable" testcasecount="1" result="Passed" start-time="2020-11-17 21:38:38Z" end-time="2020-11-17 21:38:38Z" duration="0.004971" total="1" passed="1" failed="0" inconclusive="0" skipped="0" asserts="2">
        <test-case id="0-1299" name="TestRepeatNStrz" fullname="Kaitai.SpecRepeatNStrz.TestRepeatNStrz" methodname="TestRepeatNStrz" classname="Kaitai.SpecRepeatNStrz" runstate="Runnable" seed="1152540486" result="Passed" start-time="2020-11-17 21:38:38Z" end-time="2020-11-17 21:38:38Z" duration="0.001496" asserts="2" />
      </test-suite>
      <test-suite type="TestFixture" id="0-1300" name="SpecRepeatNStrzDouble" fullname="Kaitai.SpecRepeatNStrzDouble" classname="Kaitai.SpecRepeatNStrzDouble" runstate="Runnable" testcasecount="1" result="Passed" start-time="2020-11-17 21:38:38Z" end-time="2020-11-17 21:38:38Z" duration="0.004466" total="1" passed="1" failed="0" inconclusive="0" skipped="0" asserts="3">
        <test-case id="0-1301" name="TestRepeatNStrzDouble" fullname="Kaitai.SpecRepeatNStrzDouble.TestRepeatNStrzDouble" methodname="TestRepeatNStrzDouble" classname="Kaitai.SpecRepeatNStrzDouble" runstate="Runnable" seed="1821464353" result="Passed" start-time="2020-11-17 21:38:38Z" end-time="2020-11-17 21:38:38Z" duration="0.001669" asserts="3" />
      </test-suite>
      <test-suite type="TestFixture" id="0-1302" name="SpecRepeatUntilCalcArrayType" fullname="Kaitai.SpecRepeatUntilCalcArrayType" classname="Kaitai.SpecRepeatUntilCalcArrayType" runstate="Runnable" testcasecount="1" result="Passed" start-time="2020-11-17 21:38:38Z" end-time="2020-11-17 21:38:38Z" duration="0.005993" total="1" passed="1" failed="0" inconclusive="0" skipped="0" asserts="7">
        <test-case id="0-1303" name="TestRepeatUntilCalcArrayType" fullname="Kaitai.SpecRepeatUntilCalcArrayType.TestRepeatUntilCalcArrayType" methodname="TestRepeatUntilCalcArrayType" classname="Kaitai.SpecRepeatUntilCalcArrayType" runstate="Runnable" seed="1936121461" result="Passed" start-time="2020-11-17 21:38:38Z" end-time="2020-11-17 21:38:38Z" duration="0.002639" asserts="7" />
      </test-suite>
      <test-suite type="TestFixture" id="0-1304" name="SpecRepeatUntilComplex" fullname="Kaitai.SpecRepeatUntilComplex" classname="Kaitai.SpecRepeatUntilComplex" runstate="Runnable" testcasecount="1" result="Passed" start-time="2020-11-17 21:38:38Z" end-time="2020-11-17 21:38:38Z" duration="0.009071" total="1" passed="1" failed="0" inconclusive="0" skipped="0" asserts="15">
        <test-case id="0-1305" name="TestRepeatUntilComplex" fullname="Kaitai.SpecRepeatUntilComplex.TestRepeatUntilComplex" methodname="TestRepeatUntilComplex" classname="Kaitai.SpecRepeatUntilComplex" runstate="Runnable" seed="1880053053" result="Passed" start-time="2020-11-17 21:38:38Z" end-time="2020-11-17 21:38:38Z" duration="0.005056" asserts="15" />
      </test-suite>
      <test-suite type="TestFixture" id="0-1306" name="SpecRepeatUntilS4" fullname="Kaitai.SpecRepeatUntilS4" classname="Kaitai.SpecRepeatUntilS4" runstate="Runnable" testcasecount="1" result="Passed" start-time="2020-11-17 21:38:38Z" end-time="2020-11-17 21:38:38Z" duration="0.005012" total="1" passed="1" failed="0" inconclusive="0" skipped="0" asserts="2">
        <test-case id="0-1307" name="TestRepeatUntilS4" fullname="Kaitai.SpecRepeatUntilS4.TestRepeatUntilS4" methodname="TestRepeatUntilS4" classname="Kaitai.SpecRepeatUntilS4" runstate="Runnable" seed="1264864215" result="Passed" start-time="2020-11-17 21:38:38Z" end-time="2020-11-17 21:38:38Z" duration="0.001765" asserts="2" />
      </test-suite>
      <test-suite type="TestFixture" id="0-1308" name="SpecRepeatUntilSized" fullname="Kaitai.SpecRepeatUntilSized" classname="Kaitai.SpecRepeatUntilSized" runstate="Runnable" testcasecount="1" result="Passed" start-time="2020-11-17 21:38:38Z" end-time="2020-11-17 21:38:38Z" duration="0.007020" total="1" passed="1" failed="0" inconclusive="0" skipped="0" asserts="7">
        <test-case id="0-1309" name="TestRepeatUntilSized" fullname="Kaitai.SpecRepeatUntilSized.TestRepeatUntilSized" methodname="TestRepeatUntilSized" classname="Kaitai.SpecRepeatUntilSized" runstate="Runnable" seed="707871151" result="Passed" start-time="2020-11-17 21:38:38Z" end-time="2020-11-17 21:38:38Z" duration="0.003027" asserts="7" />
      </test-suite>
      <test-suite type="TestFixture" id="0-1310" name="SpecStrEncodings" fullname="Kaitai.SpecStrEncodings" classname="Kaitai.SpecStrEncodings" runstate="Runnable" testcasecount="1" result="Passed" start-time="2020-11-17 21:38:38Z" end-time="2020-11-17 21:38:38Z" duration="0.007020" total="1" passed="1" failed="0" inconclusive="0" skipped="0" asserts="4">
        <test-case id="0-1311" name="TestStrEncodings" fullname="Kaitai.SpecStrEncodings.TestStrEncodings" methodname="TestStrEncodings" classname="Kaitai.SpecStrEncodings" runstate="Runnable" seed="2074348734" result="Passed" start-time="2020-11-17 21:38:38Z" end-time="2020-11-17 21:38:38Z" duration="0.003096" asserts="4" />
      </test-suite>
      <test-suite type="TestFixture" id="0-1312" name="SpecStrEncodingsDefault" fullname="Kaitai.SpecStrEncodingsDefault" classname="Kaitai.SpecStrEncodingsDefault" runstate="Runnable" testcasecount="1" result="Passed" start-time="2020-11-17 21:38:38Z" end-time="2020-11-17 21:38:38Z" duration="0.006022" total="1" passed="1" failed="0" inconclusive="0" skipped="0" asserts="4">
        <test-case id="0-1313" name="TestStrEncodingsDefault" fullname="Kaitai.SpecStrEncodingsDefault.TestStrEncodingsDefault" methodname="TestStrEncodingsDefault" classname="Kaitai.SpecStrEncodingsDefault" runstate="Runnable" seed="1981709969" result="Passed" start-time="2020-11-17 21:38:38Z" end-time="2020-11-17 21:38:38Z" duration="0.002636" asserts="4" />
      </test-suite>
      <test-suite type="TestFixture" id="0-1314" name="SpecStrEos" fullname="Kaitai.SpecStrEos" classname="Kaitai.SpecStrEos" runstate="Runnable" testcasecount="1" result="Passed" start-time="2020-11-17 21:38:38Z" end-time="2020-11-17 21:38:38Z" duration="0.004971" total="1" passed="1" failed="0" inconclusive="0" skipped="0" asserts="1">
        <test-case id="0-1315" name="TestStrEos" fullname="Kaitai.SpecStrEos.TestStrEos" methodname="TestStrEos" classname="Kaitai.SpecStrEos" runstate="Runnable" seed="1486367004" result="Passed" start-time="2020-11-17 21:38:38Z" end-time="2020-11-17 21:38:38Z" duration="0.001017" asserts="1" />
      </test-suite>
      <test-suite type="TestFixture" id="0-1316" name="SpecStrLiterals" fullname="Kaitai.SpecStrLiterals" classname="Kaitai.SpecStrLiterals" runstate="Runnable" testcasecount="1" result="Passed" start-time="2020-11-17 21:38:38Z" end-time="2020-11-17 21:38:38Z" duration="0.016057" total="1" passed="1" failed="0" inconclusive="0" skipped="0" asserts="5">
        <test-case id="0-1317" name="TestStrLiterals" fullname="Kaitai.SpecStrLiterals.TestStrLiterals" methodname="TestStrLiterals" classname="Kaitai.SpecStrLiterals" runstate="Runnable" seed="417296881" result="Passed" start-time="2020-11-17 21:38:38Z" end-time="2020-11-17 21:38:38Z" duration="0.011970" asserts="5" />
      </test-suite>
      <test-suite type="TestFixture" id="0-1318" name="SpecStrLiterals2" fullname="Kaitai.SpecStrLiterals2" classname="Kaitai.SpecStrLiterals2" runstate="Runnable" testcasecount="1" result="Passed" start-time="2020-11-17 21:38:38Z" end-time="2020-11-17 21:38:38Z" duration="0.004998" total="1" passed="1" failed="0" inconclusive="0" skipped="0" asserts="4">
        <test-case id="0-1319" name="TestStrLiterals2" fullname="Kaitai.SpecStrLiterals2.TestStrLiterals2" methodname="TestStrLiterals2" classname="Kaitai.SpecStrLiterals2" runstate="Runnable" seed="1325369260" result="Passed" start-time="2020-11-17 21:38:38Z" end-time="2020-11-17 21:38:38Z" duration="0.001329" asserts="4" />
      </test-suite>
      <test-suite type="TestFixture" id="0-1320" name="SpecStrPadTerm" fullname="Kaitai.SpecStrPadTerm" classname="Kaitai.SpecStrPadTerm" runstate="Runnable" testcasecount="1" result="Passed" start-time="2020-11-17 21:38:38Z" end-time="2020-11-17 21:38:38Z" duration="0.005224" total="1" passed="1" failed="0" inconclusive="0" skipped="0" asserts="4">
        <test-case id="0-1321" name="TestStrPadTerm" fullname="Kaitai.SpecStrPadTerm.TestStrPadTerm" methodname="TestStrPadTerm" classname="Kaitai.SpecStrPadTerm" runstate="Runnable" seed="385379993" result="Passed" start-time="2020-11-17 21:38:38Z" end-time="2020-11-17 21:38:38Z" duration="0.001756" asserts="4" />
      </test-suite>
      <test-suite type="TestFixture" id="0-1322" name="SpecStrPadTermEmpty" fullname="Kaitai.SpecStrPadTermEmpty" classname="Kaitai.SpecStrPadTermEmpty" runstate="Runnable" testcasecount="1" result="Passed" start-time="2020-11-17 21:38:38Z" end-time="2020-11-17 21:38:38Z" duration="0.004998" total="1" passed="1" failed="0" inconclusive="0" skipped="0" asserts="4">
        <test-case id="0-1323" name="TestStrPadTermEmpty" fullname="Kaitai.SpecStrPadTermEmpty.TestStrPadTermEmpty" methodname="TestStrPadTermEmpty" classname="Kaitai.SpecStrPadTermEmpty" runstate="Runnable" seed="601650677" result="Passed" start-time="2020-11-17 21:38:38Z" end-time="2020-11-17 21:38:38Z" duration="0.001737" asserts="4" />
      </test-suite>
      <test-suite type="TestFixture" id="0-1324" name="SpecSwitchBytearray" fullname="Kaitai.SpecSwitchBytearray" classname="Kaitai.SpecSwitchBytearray" runstate="Runnable" testcasecount="1" result="Passed" start-time="2020-11-17 21:38:38Z" end-time="2020-11-17 21:38:38Z" duration="0.007012" total="1" passed="1" failed="0" inconclusive="0" skipped="0" asserts="9">
        <test-case id="0-1325" name="TestSwitchBytearray" fullname="Kaitai.SpecSwitchBytearray.TestSwitchBytearray" methodname="TestSwitchBytearray" classname="Kaitai.SpecSwitchBytearray" runstate="Runnable" seed="762110394" result="Passed" start-time="2020-11-17 21:38:38Z" end-time="2020-11-17 21:38:38Z" duration="0.003710" asserts="9" />
      </test-suite>
      <test-suite type="TestFixture" id="0-1326" name="SpecSwitchCast" fullname="Kaitai.SpecSwitchCast" classname="Kaitai.SpecSwitchCast" runstate="Runnable" testcasecount="1" result="Passed" start-time="2020-11-17 21:38:38Z" end-time="2020-11-17 21:38:38Z" duration="0.011172" total="1" passed="1" failed="0" inconclusive="0" skipped="0" asserts="3">
        <test-case id="0-1327" name="TestSwitchCast" fullname="Kaitai.SpecSwitchCast.TestSwitchCast" methodname="TestSwitchCast" classname="Kaitai.SpecSwitchCast" runstate="Runnable" seed="2084428362" result="Passed" start-time="2020-11-17 21:38:38Z" end-time="2020-11-17 21:38:38Z" duration="0.006640" asserts="3" />
      </test-suite>
      <test-suite type="TestFixture" id="0-1328" name="SpecSwitchElseOnly" fullname="Kaitai.SpecSwitchElseOnly" classname="Kaitai.SpecSwitchElseOnly" runstate="Runnable" testcasecount="1" result="Passed" start-time="2020-11-17 21:38:38Z" end-time="2020-11-17 21:38:38Z" duration="0.006005" total="1" passed="1" failed="0" inconclusive="0" skipped="0" asserts="3">
        <test-case id="0-1329" name="TestSwitchElseOnly" fullname="Kaitai.SpecSwitchElseOnly.TestSwitchElseOnly" methodname="TestSwitchElseOnly" classname="Kaitai.SpecSwitchElseOnly" runstate="Runnable" seed="138248961" result="Passed" start-time="2020-11-17 21:38:38Z" end-time="2020-11-17 21:38:38Z" duration="0.002010" asserts="3" />
      </test-suite>
      <test-suite type="TestFixture" id="0-1330" name="SpecSwitchIntegers" fullname="Kaitai.SpecSwitchIntegers" classname="Kaitai.SpecSwitchIntegers" runstate="Runnable" testcasecount="1" result="Passed" start-time="2020-11-17 21:38:38Z" end-time="2020-11-17 21:38:38Z" duration="0.006984" total="1" passed="1" failed="0" inconclusive="0" skipped="0" asserts="9">
        <test-case id="0-1331" name="TestSwitchIntegers" fullname="Kaitai.SpecSwitchIntegers.TestSwitchIntegers" methodname="TestSwitchIntegers" classname="Kaitai.SpecSwitchIntegers" runstate="Runnable" seed="1687044409" result="Passed" start-time="2020-11-17 21:38:38Z" end-time="2020-11-17 21:38:38Z" duration="0.003139" asserts="9" />
      </test-suite>
      <test-suite type="TestFixture" id="0-1332" name="SpecSwitchIntegers2" fullname="Kaitai.SpecSwitchIntegers2" classname="Kaitai.SpecSwitchIntegers2" runstate="Runnable" testcasecount="1" result="Passed" start-time="2020-11-17 21:38:38Z" end-time="2020-11-17 21:38:38Z" duration="0.006014" total="1" passed="1" failed="0" inconclusive="0" skipped="0" asserts="5">
        <test-case id="0-1333" name="TestSwitchIntegers2" fullname="Kaitai.SpecSwitchIntegers2.TestSwitchIntegers2" methodname="TestSwitchIntegers2" classname="Kaitai.SpecSwitchIntegers2" runstate="Runnable" seed="796814614" result="Passed" start-time="2020-11-17 21:38:38Z" end-time="2020-11-17 21:38:38Z" duration="0.002048" asserts="5" />
      </test-suite>
      <test-suite type="TestFixture" id="0-1334" name="SpecSwitchManualEnum" fullname="Kaitai.SpecSwitchManualEnum" classname="Kaitai.SpecSwitchManualEnum" runstate="Runnable" testcasecount="1" result="Passed" start-time="2020-11-17 21:38:38Z" end-time="2020-11-17 21:38:38Z" duration="0.006055" total="1" passed="1" failed="0" inconclusive="0" skipped="0" asserts="9">
        <test-case id="0-1335" name="TestSwitchManualEnum" fullname="Kaitai.SpecSwitchManualEnum.TestSwitchManualEnum" methodname="TestSwitchManualEnum" classname="Kaitai.SpecSwitchManualEnum" runstate="Runnable" seed="945024412" result="Passed" start-time="2020-11-17 21:38:38Z" end-time="2020-11-17 21:38:38Z" duration="0.002786" asserts="9" />
      </test-suite>
      <test-suite type="TestFixture" id="0-1336" name="SpecSwitchManualEnumInvalid" fullname="Kaitai.SpecSwitchManualEnumInvalid" classname="Kaitai.SpecSwitchManualEnumInvalid" runstate="Runnable" testcasecount="1" result="Passed" start-time="2020-11-17 21:38:38Z" end-time="2020-11-17 21:38:38Z" duration="0.010030" total="1" passed="1" failed="0" inconclusive="0" skipped="0" asserts="5">
        <test-case id="0-1337" name="TestSwitchManualEnumInvalid" fullname="Kaitai.SpecSwitchManualEnumInvalid.TestSwitchManualEnumInvalid" methodname="TestSwitchManualEnumInvalid" classname="Kaitai.SpecSwitchManualEnumInvalid" runstate="Runnable" seed="999110866" result="Passed" start-time="2020-11-17 21:38:38Z" end-time="2020-11-17 21:38:38Z" duration="0.002198" asserts="5" />
      </test-suite>
      <test-suite type="TestFixture" id="0-1338" name="SpecSwitchManualEnumInvalidElse" fullname="Kaitai.SpecSwitchManualEnumInvalidElse" classname="Kaitai.SpecSwitchManualEnumInvalidElse" runstate="Runnable" testcasecount="1" result="Passed" start-time="2020-11-17 21:38:38Z" end-time="2020-11-17 21:38:38Z" duration="0.006022" total="1" passed="1" failed="0" inconclusive="0" skipped="0" asserts="5">
        <test-case id="0-1339" name="TestSwitchManualEnumInvalidElse" fullname="Kaitai.SpecSwitchManualEnumInvalidElse.TestSwitchManualEnumInvalidElse" methodname="TestSwitchManualEnumInvalidElse" classname="Kaitai.SpecSwitchManualEnumInvalidElse" runstate="Runnable" seed="1488166694" result="Passed" start-time="2020-11-17 21:38:38Z" end-time="2020-11-17 21:38:38Z" duration="0.002428" asserts="5" />
      </test-suite>
      <test-suite type="TestFixture" id="0-1340" name="SpecSwitchManualInt" fullname="Kaitai.SpecSwitchManualInt" classname="Kaitai.SpecSwitchManualInt" runstate="Runnable" testcasecount="1" result="Passed" start-time="2020-11-17 21:38:38Z" end-time="2020-11-17 21:38:38Z" duration="0.007018" total="1" passed="1" failed="0" inconclusive="0" skipped="0" asserts="9">
        <test-case id="0-1341" name="TestSwitchManualInt" fullname="Kaitai.SpecSwitchManualInt.TestSwitchManualInt" methodname="TestSwitchManualInt" classname="Kaitai.SpecSwitchManualInt" runstate="Runnable" seed="1201392534" result="Passed" start-time="2020-11-17 21:38:38Z" end-time="2020-11-17 21:38:38Z" duration="0.003395" asserts="9" />
      </test-suite>
      <test-suite type="TestFixture" id="0-1342" name="SpecSwitchManualIntElse" fullname="Kaitai.SpecSwitchManualIntElse" classname="Kaitai.SpecSwitchManualIntElse" runstate="Runnable" testcasecount="1" result="Passed" start-time="2020-11-17 21:38:38Z" end-time="2020-11-17 21:38:38Z" duration="0.006033" total="1" passed="1" failed="0" inconclusive="0" skipped="0" asserts="9">
        <test-case id="0-1343" name="TestSwitchManualIntElse" fullname="Kaitai.SpecSwitchManualIntElse.TestSwitchManualIntElse" methodname="TestSwitchManualIntElse" classname="Kaitai.SpecSwitchManualIntElse" runstate="Runnable" seed="941446179" result="Passed" start-time="2020-11-17 21:38:38Z" end-time="2020-11-17 21:38:38Z" duration="0.002613" asserts="9" />
      </test-suite>
      <test-suite type="TestFixture" id="0-1344" name="SpecSwitchManualIntSize" fullname="Kaitai.SpecSwitchManualIntSize" classname="Kaitai.SpecSwitchManualIntSize" runstate="Runnable" testcasecount="1" result="Passed" start-time="2020-11-17 21:38:38Z" end-time="2020-11-17 21:38:38Z" duration="0.006020" total="1" passed="1" failed="0" inconclusive="0" skipped="0" asserts="10">
        <test-case id="0-1345" name="TestSwitchManualIntSize" fullname="Kaitai.SpecSwitchManualIntSize.TestSwitchManualIntSize" methodname="TestSwitchManualIntSize" classname="Kaitai.SpecSwitchManualIntSize" runstate="Runnable" seed="1968032966" result="Passed" start-time="2020-11-17 21:38:38Z" end-time="2020-11-17 21:38:38Z" duration="0.002886" asserts="10" />
      </test-suite>
      <test-suite type="TestFixture" id="0-1346" name="SpecSwitchManualIntSizeElse" fullname="Kaitai.SpecSwitchManualIntSizeElse" classname="Kaitai.SpecSwitchManualIntSizeElse" runstate="Runnable" testcasecount="1" result="Passed" start-time="2020-11-17 21:38:38Z" end-time="2020-11-17 21:38:38Z" duration="0.009016" total="1" passed="1" failed="0" inconclusive="0" skipped="0" asserts="10">
        <test-case id="0-1347" name="TestSwitchManualIntSizeElse" fullname="Kaitai.SpecSwitchManualIntSizeElse.TestSwitchManualIntSizeElse" methodname="TestSwitchManualIntSizeElse" classname="Kaitai.SpecSwitchManualIntSizeElse" runstate="Runnable" seed="1520141458" result="Passed" start-time="2020-11-17 21:38:38Z" end-time="2020-11-17 21:38:38Z" duration="0.005087" asserts="10" />
      </test-suite>
      <test-suite type="TestFixture" id="0-1348" name="SpecSwitchManualIntSizeEos" fullname="Kaitai.SpecSwitchManualIntSizeEos" classname="Kaitai.SpecSwitchManualIntSizeEos" runstate="Runnable" testcasecount="1" result="Passed" start-time="2020-11-17 21:38:38Z" end-time="2020-11-17 21:38:38Z" duration="0.008013" total="1" passed="1" failed="0" inconclusive="0" skipped="0" asserts="10">
        <test-case id="0-1349" name="TestSwitchManualIntSizeEos" fullname="Kaitai.SpecSwitchManualIntSizeEos.TestSwitchManualIntSizeEos" methodname="TestSwitchManualIntSizeEos" classname="Kaitai.SpecSwitchManualIntSizeEos" runstate="Runnable" seed="1163099305" result="Passed" start-time="2020-11-17 21:38:38Z" end-time="2020-11-17 21:38:38Z" duration="0.004882" asserts="10" />
      </test-suite>
      <test-suite type="TestFixture" id="0-1350" name="SpecSwitchManualStr" fullname="Kaitai.SpecSwitchManualStr" classname="Kaitai.SpecSwitchManualStr" runstate="Runnable" testcasecount="1" result="Passed" start-time="2020-11-17 21:38:38Z" end-time="2020-11-17 21:38:38Z" duration="0.007126" total="1" passed="1" failed="0" inconclusive="0" skipped="0" asserts="9">
        <test-case id="0-1351" name="TestSwitchManualStr" fullname="Kaitai.SpecSwitchManualStr.TestSwitchManualStr" methodname="TestSwitchManualStr" classname="Kaitai.SpecSwitchManualStr" runstate="Runnable" seed="1854841204" result="Passed" start-time="2020-11-17 21:38:38Z" end-time="2020-11-17 21:38:38Z" duration="0.003304" asserts="9" />
      </test-suite>
      <test-suite type="TestFixture" id="0-1352" name="SpecSwitchManualStrElse" fullname="Kaitai.SpecSwitchManualStrElse" classname="Kaitai.SpecSwitchManualStrElse" runstate="Runnable" testcasecount="1" result="Passed" start-time="2020-11-17 21:38:38Z" end-time="2020-11-17 21:38:38Z" duration="0.011429" total="1" passed="1" failed="0" inconclusive="0" skipped="0" asserts="9">
        <test-case id="0-1353" name="TestSwitchManualStrElse" fullname="Kaitai.SpecSwitchManualStrElse.TestSwitchManualStrElse" methodname="TestSwitchManualStrElse" classname="Kaitai.SpecSwitchManualStrElse" runstate="Runnable" seed="711477656" result="Passed" start-time="2020-11-17 21:38:38Z" end-time="2020-11-17 21:38:38Z" duration="0.004308" asserts="9" />
      </test-suite>
      <test-suite type="TestFixture" id="0-1354" name="SpecSwitchMultiBoolOps" fullname="Kaitai.SpecSwitchMultiBoolOps" classname="Kaitai.SpecSwitchMultiBoolOps" runstate="Runnable" testcasecount="1" result="Passed" start-time="2020-11-17 21:38:38Z" end-time="2020-11-17 21:38:38Z" duration="0.005029" total="1" passed="1" failed="0" inconclusive="0" skipped="0" asserts="9">
        <test-case id="0-1355" name="TestSwitchMultiBoolOps" fullname="Kaitai.SpecSwitchMultiBoolOps.TestSwitchMultiBoolOps" methodname="TestSwitchMultiBoolOps" classname="Kaitai.SpecSwitchMultiBoolOps" runstate="Runnable" seed="286072339" result="Passed" start-time="2020-11-17 21:38:38Z" end-time="2020-11-17 21:38:38Z" duration="0.001875" asserts="9" />
      </test-suite>
      <test-suite type="TestFixture" id="0-1356" name="SpecSwitchRepeatExpr" fullname="Kaitai.SpecSwitchRepeatExpr" classname="Kaitai.SpecSwitchRepeatExpr" runstate="Runnable" testcasecount="1" result="Passed" start-time="2020-11-17 21:38:38Z" end-time="2020-11-17 21:38:38Z" duration="0.006014" total="1" passed="1" failed="0" inconclusive="0" skipped="0" asserts="3">
        <test-case id="0-1357" name="TestSwitchRepeatExpr" fullname="Kaitai.SpecSwitchRepeatExpr.TestSwitchRepeatExpr" methodname="TestSwitchRepeatExpr" classname="Kaitai.SpecSwitchRepeatExpr" runstate="Runnable" seed="1725839686" result="Passed" start-time="2020-11-17 21:38:38Z" end-time="2020-11-17 21:38:38Z" duration="0.002508" asserts="3" />
      </test-suite>
      <test-suite type="TestFixture" id="0-1358" name="SpecSwitchRepeatExprInvalid" fullname="Kaitai.SpecSwitchRepeatExprInvalid" classname="Kaitai.SpecSwitchRepeatExprInvalid" runstate="Runnable" testcasecount="1" result="Passed" start-time="2020-11-17 21:38:38Z" end-time="2020-11-17 21:38:38Z" duration="0.006079" total="1" passed="1" failed="0" inconclusive="0" skipped="0" asserts="3">
        <test-case id="0-1359" name="TestSwitchRepeatExprInvalid" fullname="Kaitai.SpecSwitchRepeatExprInvalid.TestSwitchRepeatExprInvalid" methodname="TestSwitchRepeatExprInvalid" classname="Kaitai.SpecSwitchRepeatExprInvalid" runstate="Runnable" seed="1275080395" result="Passed" start-time="2020-11-17 21:38:38Z" end-time="2020-11-17 21:38:38Z" duration="0.002183" asserts="3" />
      </test-suite>
      <test-suite type="TestFixture" id="0-1360" name="SpecTermBytes" fullname="Kaitai.SpecTermBytes" classname="Kaitai.SpecTermBytes" runstate="Runnable" testcasecount="1" result="Passed" start-time="2020-11-17 21:38:38Z" end-time="2020-11-17 21:38:38Z" duration="0.004916" total="1" passed="1" failed="0" inconclusive="0" skipped="0" asserts="3">
        <test-case id="0-1361" name="TestTermBytes" fullname="Kaitai.SpecTermBytes.TestTermBytes" methodname="TestTermBytes" classname="Kaitai.SpecTermBytes" runstate="Runnable" seed="1135471078" result="Passed" start-time="2020-11-17 21:38:38Z" end-time="2020-11-17 21:38:38Z" duration="0.001425" asserts="3" />
      </test-suite>
      <test-suite type="TestFixture" id="0-1362" name="SpecTermStrz" fullname="Kaitai.SpecTermStrz" classname="Kaitai.SpecTermStrz" runstate="Runnable" testcasecount="1" result="Passed" start-time="2020-11-17 21:38:38Z" end-time="2020-11-17 21:38:38Z" duration="0.004008" total="1" passed="1" failed="0" inconclusive="0" skipped="0" asserts="3">
        <test-case id="0-1363" name="TestTermStrz" fullname="Kaitai.SpecTermStrz.TestTermStrz" methodname="TestTermStrz" classname="Kaitai.SpecTermStrz" runstate="Runnable" seed="1085921006" result="Passed" start-time="2020-11-17 21:38:38Z" end-time="2020-11-17 21:38:38Z" duration="0.000545" asserts="3" />
      </test-suite>
      <test-suite type="TestFixture" id="0-1364" name="SpecTsPacketHeader" fullname="Kaitai.SpecTsPacketHeader" classname="Kaitai.SpecTsPacketHeader" runstate="Runnable" testcasecount="1" result="Passed" start-time="2020-11-17 21:38:38Z" end-time="2020-11-17 21:38:38Z" duration="0.006007" total="1" passed="1" failed="0" inconclusive="0" skipped="0" asserts="7">
        <test-case id="0-1365" name="TestTsPacketHeader" fullname="Kaitai.SpecTsPacketHeader.TestTsPacketHeader" methodname="TestTsPacketHeader" classname="Kaitai.SpecTsPacketHeader" runstate="Runnable" seed="24386733" result="Passed" start-time="2020-11-17 21:38:38Z" end-time="2020-11-17 21:38:38Z" duration="0.002094" asserts="7" />
      </test-suite>
      <test-suite type="TestFixture" id="0-1366" name="SpecTypeIntUnaryOp" fullname="Kaitai.SpecTypeIntUnaryOp" classname="Kaitai.SpecTypeIntUnaryOp" runstate="Runnable" testcasecount="1" result="Passed" start-time="2020-11-17 21:38:38Z" end-time="2020-11-17 21:38:38Z" duration="0.005046" total="1" passed="1" failed="0" inconclusive="0" skipped="0" asserts="4">
        <test-case id="0-1367" name="TestTypeIntUnaryOp" fullname="Kaitai.SpecTypeIntUnaryOp.TestTypeIntUnaryOp" methodname="TestTypeIntUnaryOp" classname="Kaitai.SpecTypeIntUnaryOp" runstate="Runnable" seed="454641754" result="Passed" start-time="2020-11-17 21:38:38Z" end-time="2020-11-17 21:38:38Z" duration="0.001463" asserts="4" />
      </test-suite>
      <test-suite type="TestFixture" id="0-1368" name="SpecTypeTernary" fullname="Kaitai.SpecTypeTernary" classname="Kaitai.SpecTypeTernary" runstate="Runnable" testcasecount="1" result="Passed" start-time="2020-11-17 21:38:38Z" end-time="2020-11-17 21:38:38Z" duration="0.006020" total="1" passed="1" failed="0" inconclusive="0" skipped="0" asserts="1">
        <test-case id="0-1369" name="TestTypeTernary" fullname="Kaitai.SpecTypeTernary.TestTypeTernary" methodname="TestTypeTernary" classname="Kaitai.SpecTypeTernary" runstate="Runnable" seed="638381056" result="Passed" start-time="2020-11-17 21:38:38Z" end-time="2020-11-17 21:38:38Z" duration="0.002140" asserts="1" />
      </test-suite>
      <test-suite type="TestFixture" id="0-1370" name="SpecTypeTernary2ndFalsy" fullname="Kaitai.SpecTypeTernary2ndFalsy" classname="Kaitai.SpecTypeTernary2ndFalsy" runstate="Runnable" testcasecount="1" result="Passed" start-time="2020-11-17 21:38:38Z" end-time="2020-11-17 21:38:38Z" duration="0.007987" total="1" passed="1" failed="0" inconclusive="0" skipped="0" asserts="13">
        <test-case id="0-1371" name="TestTypeTernary2ndFalsy" fullname="Kaitai.SpecTypeTernary2ndFalsy.TestTypeTernary2ndFalsy" methodname="TestTypeTernary2ndFalsy" classname="Kaitai.SpecTypeTernary2ndFalsy" runstate="Runnable" seed="1338794505" result="Passed" start-time="2020-11-17 21:38:38Z" end-time="2020-11-17 21:38:38Z" duration="0.004325" asserts="13" />
      </test-suite>
      <test-suite type="TestFixture" id="0-1372" name="SpecTypeTernaryOpaque" fullname="Kaitai.SpecTypeTernaryOpaque" classname="Kaitai.SpecTypeTernaryOpaque" runstate="Runnable" testcasecount="1" result="Passed" start-time="2020-11-17 21:38:38Z" end-time="2020-11-17 21:38:38Z" duration="0.005015" total="1" passed="1" failed="0" inconclusive="0" skipped="0" asserts="3">
        <test-case id="0-1373" name="TestTypeTernaryOpaque" fullname="Kaitai.SpecTypeTernaryOpaque.TestTypeTernaryOpaque" methodname="TestTypeTernaryOpaque" classname="Kaitai.SpecTypeTernaryOpaque" runstate="Runnable" seed="1506680772" result="Passed" start-time="2020-11-17 21:38:38Z" end-time="2020-11-17 21:38:38Z" duration="0.001395" asserts="3" />
      </test-suite>
      <test-suite type="TestFixture" id="0-1374" name="SpecUserType" fullname="Kaitai.SpecUserType" classname="Kaitai.SpecUserType" runstate="Runnable" testcasecount="1" result="Passed" start-time="2020-11-17 21:38:38Z" end-time="2020-11-17 21:38:38Z" duration="0.005769" total="1" passed="1" failed="0" inconclusive="0" skipped="0" asserts="2">
        <test-case id="0-1375" name="TestUserType" fullname="Kaitai.SpecUserType.TestUserType" methodname="TestUserType" classname="Kaitai.SpecUserType" runstate="Runnable" seed="1432452889" result="Passed" start-time="2020-11-17 21:38:38Z" end-time="2020-11-17 21:38:38Z" duration="0.001415" asserts="2" />
      </test-suite>
      <test-suite type="TestFixture" id="0-1376" name="SpecValidFailAnyofInt" fullname="Kaitai.SpecValidFailAnyofInt" classname="Kaitai.SpecValidFailAnyofInt" runstate="Runnable" testcasecount="1" result="Passed" start-time="2020-11-17 21:38:38Z" end-time="2020-11-17 21:38:38Z" duration="0.006021" total="1" passed="1" failed="0" inconclusive="0" skipped="0" asserts="1">
        <test-case id="0-1377" name="TestValidFailAnyofInt" fullname="Kaitai.SpecValidFailAnyofInt.TestValidFailAnyofInt" methodname="TestValidFailAnyofInt" classname="Kaitai.SpecValidFailAnyofInt" runstate="Runnable" seed="1910037366" result="Passed" start-time="2020-11-17 21:38:38Z" end-time="2020-11-17 21:38:38Z" duration="0.002239" asserts="1" />
      </test-suite>
      <test-suite type="TestFixture" id="0-1378" name="SpecValidFailContents" fullname="Kaitai.SpecValidFailContents" classname="Kaitai.SpecValidFailContents" runstate="Runnable" testcasecount="1" result="Passed" start-time="2020-11-17 21:38:38Z" end-time="2020-11-17 21:38:38Z" duration="0.005978" total="1" passed="1" failed="0" inconclusive="0" skipped="0" asserts="1">
        <test-case id="0-1379" name="TestValidFailContents" fullname="Kaitai.SpecValidFailContents.TestValidFailContents" methodname="TestValidFailContents" classname="Kaitai.SpecValidFailContents" runstate="Runnable" seed="1491634351" result="Passed" start-time="2020-11-17 21:38:38Z" end-time="2020-11-17 21:38:38Z" duration="0.001672" asserts="1" />
      </test-suite>
      <test-suite type="TestFixture" id="0-1380" name="SpecValidFailEqBytes" fullname="Kaitai.SpecValidFailEqBytes" classname="Kaitai.SpecValidFailEqBytes" runstate="Runnable" testcasecount="1" result="Passed" start-time="2020-11-17 21:38:38Z" end-time="2020-11-17 21:38:38Z" duration="0.006667" total="1" passed="1" failed="0" inconclusive="0" skipped="0" asserts="1">
        <test-case id="0-1381" name="TestValidFailEqBytes" fullname="Kaitai.SpecValidFailEqBytes.TestValidFailEqBytes" methodname="TestValidFailEqBytes" classname="Kaitai.SpecValidFailEqBytes" runstate="Runnable" seed="501381586" result="Passed" start-time="2020-11-17 21:38:38Z" end-time="2020-11-17 21:38:38Z" duration="0.001160" asserts="1" />
      </test-suite>
      <test-suite type="TestFixture" id="0-1382" name="SpecValidFailEqInt" fullname="Kaitai.SpecValidFailEqInt" classname="Kaitai.SpecValidFailEqInt" runstate="Runnable" testcasecount="1" result="Passed" start-time="2020-11-17 21:38:38Z" end-time="2020-11-17 21:38:38Z" duration="0.004771" total="1" passed="1" failed="0" inconclusive="0" skipped="0" asserts="1">
        <test-case id="0-1383" name="TestValidFailEqInt" fullname="Kaitai.SpecValidFailEqInt.TestValidFailEqInt" methodname="TestValidFailEqInt" classname="Kaitai.SpecValidFailEqInt" runstate="Runnable" seed="1226305621" result="Passed" start-time="2020-11-17 21:38:38Z" end-time="2020-11-17 21:38:38Z" duration="0.001696" asserts="1" />
      </test-suite>
      <test-suite type="TestFixture" id="0-1384" name="SpecValidFailExpr" fullname="Kaitai.SpecValidFailExpr" classname="Kaitai.SpecValidFailExpr" runstate="Runnable" testcasecount="1" result="Passed" start-time="2020-11-17 21:38:38Z" end-time="2020-11-17 21:38:38Z" duration="0.006012" total="1" passed="1" failed="0" inconclusive="0" skipped="0" asserts="1">
        <test-case id="0-1385" name="TestValidFailExpr" fullname="Kaitai.SpecValidFailExpr.TestValidFailExpr" methodname="TestValidFailExpr" classname="Kaitai.SpecValidFailExpr" runstate="Runnable" seed="1963000642" result="Passed" start-time="2020-11-17 21:38:38Z" end-time="2020-11-17 21:38:38Z" duration="0.002035" asserts="1" />
      </test-suite>
      <test-suite type="TestFixture" id="0-1386" name="SpecValidFailInst" fullname="Kaitai.SpecValidFailInst" classname="Kaitai.SpecValidFailInst" runstate="Runnable" testcasecount="1" result="Passed" start-time="2020-11-17 21:38:38Z" end-time="2020-11-17 21:38:38Z" duration="0.010086" total="1" passed="1" failed="0" inconclusive="0" skipped="0" asserts="1">
        <test-case id="0-1387" name="TestValidFailInst" fullname="Kaitai.SpecValidFailInst.TestValidFailInst" methodname="TestValidFailInst" classname="Kaitai.SpecValidFailInst" runstate="Runnable" seed="1077246402" result="Passed" start-time="2020-11-17 21:38:38Z" end-time="2020-11-17 21:38:38Z" duration="0.001673" asserts="1" />
      </test-suite>
      <test-suite type="TestFixture" id="0-1388" name="SpecValidFailMaxInt" fullname="Kaitai.SpecValidFailMaxInt" classname="Kaitai.SpecValidFailMaxInt" runstate="Runnable" testcasecount="1" result="Passed" start-time="2020-11-17 21:38:38Z" end-time="2020-11-17 21:38:38Z" duration="0.005010" total="1" passed="1" failed="0" inconclusive="0" skipped="0" asserts="1">
        <test-case id="0-1389" name="TestValidFailMaxInt" fullname="Kaitai.SpecValidFailMaxInt.TestValidFailMaxInt" methodname="TestValidFailMaxInt" classname="Kaitai.SpecValidFailMaxInt" runstate="Runnable" seed="1529466305" result="Passed" start-time="2020-11-17 21:38:38Z" end-time="2020-11-17 21:38:38Z" duration="0.001852" asserts="1" />
      </test-suite>
      <test-suite type="TestFixture" id="0-1390" name="SpecValidFailMinInt" fullname="Kaitai.SpecValidFailMinInt" classname="Kaitai.SpecValidFailMinInt" runstate="Runnable" testcasecount="1" result="Passed" start-time="2020-11-17 21:38:38Z" end-time="2020-11-17 21:38:38Z" duration="0.005941" total="1" passed="1" failed="0" inconclusive="0" skipped="0" asserts="1">
        <test-case id="0-1391" name="TestValidFailMinInt" fullname="Kaitai.SpecValidFailMinInt.TestValidFailMinInt" methodname="TestValidFailMinInt" classname="Kaitai.SpecValidFailMinInt" runstate="Runnable" seed="1017408746" result="Passed" start-time="2020-11-17 21:38:38Z" end-time="2020-11-17 21:38:38Z" duration="0.001984" asserts="1" />
      </test-suite>
      <test-suite type="TestFixture" id="0-1392" name="SpecValidFailRangeBytes" fullname="Kaitai.SpecValidFailRangeBytes" classname="Kaitai.SpecValidFailRangeBytes" runstate="Runnable" testcasecount="1" result="Passed" start-time="2020-11-17 21:38:38Z" end-time="2020-11-17 21:38:38Z" duration="0.006024" total="1" passed="1" failed="0" inconclusive="0" skipped="0" asserts="1">
        <test-case id="0-1393" name="TestValidFailRangeBytes" fullname="Kaitai.SpecValidFailRangeBytes.TestValidFailRangeBytes" methodname="TestValidFailRangeBytes" classname="Kaitai.SpecValidFailRangeBytes" runstate="Runnable" seed="2082138721" result="Passed" start-time="2020-11-17 21:38:38Z" end-time="2020-11-17 21:38:38Z" duration="0.002019" asserts="1" />
      </test-suite>
      <test-suite type="TestFixture" id="0-1394" name="SpecValidFailRangeFloat" fullname="Kaitai.SpecValidFailRangeFloat" classname="Kaitai.SpecValidFailRangeFloat" runstate="Runnable" testcasecount="1" result="Passed" start-time="2020-11-17 21:38:38Z" end-time="2020-11-17 21:38:38Z" duration="0.005112" total="1" passed="1" failed="0" inconclusive="0" skipped="0" asserts="1">
        <test-case id="0-1395" name="TestValidFailRangeFloat" fullname="Kaitai.SpecValidFailRangeFloat.TestValidFailRangeFloat" methodname="TestValidFailRangeFloat" classname="Kaitai.SpecValidFailRangeFloat" runstate="Runnable" seed="43230602" result="Passed" start-time="2020-11-17 21:38:38Z" end-time="2020-11-17 21:38:38Z" duration="0.001806" asserts="1" />
      </test-suite>
      <test-suite type="TestFixture" id="0-1396" name="SpecValidFailRangeInt" fullname="Kaitai.SpecValidFailRangeInt" classname="Kaitai.SpecValidFailRangeInt" runstate="Runnable" testcasecount="1" result="Passed" start-time="2020-11-17 21:38:38Z" end-time="2020-11-17 21:38:38Z" duration="0.004639" total="1" passed="1" failed="0" inconclusive="0" skipped="0" asserts="1">
        <test-case id="0-1397" name="TestValidFailRangeInt" fullname="Kaitai.SpecValidFailRangeInt.TestValidFailRangeInt" methodname="TestValidFailRangeInt" classname="Kaitai.SpecValidFailRangeInt" runstate="Runnable" seed="2036478114" result="Passed" start-time="2020-11-17 21:38:38Z" end-time="2020-11-17 21:38:38Z" duration="0.001189" asserts="1" />
      </test-suite>
      <test-suite type="TestFixture" id="0-1398" name="SpecValidFailRangeStr" fullname="Kaitai.SpecValidFailRangeStr" classname="Kaitai.SpecValidFailRangeStr" runstate="Runnable" testcasecount="1" result="Passed" start-time="2020-11-17 21:38:38Z" end-time="2020-11-17 21:38:38Z" duration="0.005006" total="1" passed="1" failed="0" inconclusive="0" skipped="0" asserts="1">
        <test-case id="0-1399" name="TestValidFailRangeStr" fullname="Kaitai.SpecValidFailRangeStr.TestValidFailRangeStr" methodname="TestValidFailRangeStr" classname="Kaitai.SpecValidFailRangeStr" runstate="Runnable" seed="1073238530" result="Passed" start-time="2020-11-17 21:38:38Z" end-time="2020-11-17 21:38:38Z" duration="0.001813" asserts="1" />
      </test-suite>
      <test-suite type="TestFixture" id="0-1400" name="SpecValidLong" fullname="Kaitai.SpecValidLong" classname="Kaitai.SpecValidLong" runstate="Runnable" testcasecount="1" result="Passed" start-time="2020-11-17 21:38:38Z" end-time="2020-11-17 21:38:38Z" duration="0.007905" total="1" passed="1" failed="0" inconclusive="0" skipped="0" asserts="0">
        <test-case id="0-1401" name="TestValidLong" fullname="Kaitai.SpecValidLong.TestValidLong" methodname="TestValidLong" classname="Kaitai.SpecValidLong" runstate="Runnable" seed="1030093208" result="Passed" start-time="2020-11-17 21:38:38Z" end-time="2020-11-17 21:38:38Z" duration="0.004339" asserts="0" />
      </test-suite>
      <test-suite type="TestFixture" id="0-1402" name="SpecValidNotParsedIf" fullname="Kaitai.SpecValidNotParsedIf" classname="Kaitai.SpecValidNotParsedIf" runstate="Runnable" testcasecount="1" result="Passed" start-time="2020-11-17 21:38:38Z" end-time="2020-11-17 21:38:38Z" duration="0.005018" total="1" passed="1" failed="0" inconclusive="0" skipped="0" asserts="0">
        <test-case id="0-1403" name="TestValidNotParsedIf" fullname="Kaitai.SpecValidNotParsedIf.TestValidNotParsedIf" methodname="TestValidNotParsedIf" classname="Kaitai.SpecValidNotParsedIf" runstate="Runnable" seed="1971949925" result="Passed" start-time="2020-11-17 21:38:38Z" end-time="2020-11-17 21:38:38Z" duration="0.001425" asserts="0" />
      </test-suite>
      <test-suite type="TestFixture" id="0-1404" name="SpecValidShort" fullname="Kaitai.SpecValidShort" classname="Kaitai.SpecValidShort" runstate="Runnable" testcasecount="1" result="Passed" start-time="2020-11-17 21:38:38Z" end-time="2020-11-17 21:38:38Z" duration="0.008037" total="1" passed="1" failed="0" inconclusive="0" skipped="0" asserts="0">
        <test-case id="0-1405" name="TestValidShort" fullname="Kaitai.SpecValidShort.TestValidShort" methodname="TestValidShort" classname="Kaitai.SpecValidShort" runstate="Runnable" seed="124323741" result="Passed" start-time="2020-11-17 21:38:38Z" end-time="2020-11-17 21:38:38Z" duration="0.004492" asserts="0" />
      </test-suite>
      <test-suite type="TestFixture" id="0-1406" name="SpecValidSwitch" fullname="Kaitai.SpecValidSwitch" classname="Kaitai.SpecValidSwitch" runstate="Runnable" testcasecount="1" result="Passed" start-time="2020-11-17 21:38:38Z" end-time="2020-11-17 21:38:38Z" duration="0.006016" total="1" passed="1" failed="0" inconclusive="0" skipped="0" asserts="0">
        <test-case id="0-1407" name="TestValidSwitch" fullname="Kaitai.SpecValidSwitch.TestValidSwitch" methodname="TestValidSwitch" classname="Kaitai.SpecValidSwitch" runstate="Runnable" seed="1157542152" result="Passed" start-time="2020-11-17 21:38:38Z" end-time="2020-11-17 21:38:38Z" duration="0.001915" asserts="0" />
      </test-suite>
      <test-suite type="TestFixture" id="0-1408" name="SpecZlibSurrounded" fullname="Kaitai.SpecZlibSurrounded" classname="Kaitai.SpecZlibSurrounded" runstate="Runnable" testcasecount="1" result="Passed" start-time="2020-11-17 21:38:38Z" end-time="2020-11-17 21:38:38Z" duration="0.036111" total="1" passed="1" failed="0" inconclusive="0" skipped="0" asserts="1">
        <test-case id="0-1409" name="TestZlibSurrounded" fullname="Kaitai.SpecZlibSurrounded.TestZlibSurrounded" methodname="TestZlibSurrounded" classname="Kaitai.SpecZlibSurrounded" runstate="Runnable" seed="1255768121" result="Passed" start-time="2020-11-17 21:38:38Z" end-time="2020-11-17 21:38:38Z" duration="0.032174" asserts="1" />
      </test-suite>
      <test-suite type="TestFixture" id="0-1410" name="SpecZlibWithHeader78" fullname="Kaitai.SpecZlibWithHeader78" classname="Kaitai.SpecZlibWithHeader78" runstate="Runnable" testcasecount="1" result="Passed" start-time="2020-11-17 21:38:38Z" end-time="2020-11-17 21:38:38Z" duration="0.005005" total="1" passed="1" failed="0" inconclusive="0" skipped="0" asserts="1">
        <test-case id="0-1411" name="TestZlibWithHeader78" fullname="Kaitai.SpecZlibWithHeader78.TestZlibWithHeader78" methodname="TestZlibWithHeader78" classname="Kaitai.SpecZlibWithHeader78" runstate="Runnable" seed="737767510" result="Passed" start-time="2020-11-17 21:38:38Z" end-time="2020-11-17 21:38:38Z" duration="0.001172" asserts="1" />
      </test-suite>
    </test-suite>
  </test-suite>
</test-run>