<?xml version="1.0" encoding="utf-8" standalone="no"?>
<test-run id="2" testcasecount="218" result="Failed" total="218" passed="217" failed="1" inconclusive="0" skipped="0" asserts="976" engine-version="3.4.1.0" clr-version="4.0.30319.42000" start-time="2023-07-19 15:24:57Z" end-time="2023-07-19 15:24:59Z" duration="1.463262">
  <command-line><![CDATA[/home/runner/work/ci_targets/ci_targets/tests/spec/csharp/packages/NUnit.ConsoleRunner.3.4.1/tools/nunit3-console.exe --result=test_out/csharp/TestResult.xml spec/csharp/kaitai_struct_csharp_tests/bin/Debug/kaitai_struct_csharp_tests.dll]]></command-line>
  <test-suite type="Assembly" id="0-1436" name="kaitai_struct_csharp_tests.dll" fullname="/home/runner/work/ci_targets/ci_targets/tests/spec/csharp/kaitai_struct_csharp_tests/bin/Debug/kaitai_struct_csharp_tests.dll" runstate="Runnable" testcasecount="218" result="Failed" site="Child" start-time="2023-07-19 15:24:57Z" end-time="2023-07-19 15:24:59Z" duration="1.368264" total="218" passed="217" failed="1" inconclusive="0" skipped="0" asserts="976">
    <environment framework-version="3.4.1.0" clr-version="4.0.30319.42000" os-version="Unix 5.15.0.1041" platform="Unix" cwd="/home/runner/work/ci_targets/ci_targets/tests" machine-name="fv-az365-749" user="runner" user-domain="fv-az365-749" culture="" uiculture="" os-architecture="x64" />
    <settings>
      <setting name="WorkDirectory" value="/home/runner/work/ci_targets/ci_targets/tests" />
      <setting name="ImageRuntimeVersion" value="4.0.30319" />
      <setting name="ImageTargetFrameworkName" value=".NETFramework,Version=v4.5" />
      <setting name="ImageRequiresX86" value="False" />
      <setting name="ImageRequiresDefaultAppDomainAssemblyResolver" value="False" />
      <setting name="NumberOfTestWorkers" value="2" />
    </settings>
    <properties>
      <property name="_PID" value="2673" />
      <property name="_APPDOMAIN" value="test-domain-" />
    </properties>
    <failure>
      <message><![CDATA[One or more child tests had errors]]></message>
    </failure>
    <test-suite type="TestSuite" id="0-1437" name="Kaitai" fullname="Kaitai" runstate="Runnable" testcasecount="218" result="Failed" site="Child" start-time="2023-07-19 15:24:57Z" end-time="2023-07-19 15:24:59Z" duration="1.354813" total="218" passed="217" failed="1" inconclusive="0" skipped="0" asserts="976">
      <failure>
        <message><![CDATA[One or more child tests had errors]]></message>
      </failure>
      <test-suite type="TestFixture" id="0-1000" name="SpecBcdUserTypeBe" fullname="Kaitai.SpecBcdUserTypeBe" classname="Kaitai.SpecBcdUserTypeBe" runstate="Runnable" testcasecount="1" result="Passed" start-time="2023-07-19 15:24:57Z" end-time="2023-07-19 15:24:57Z" duration="0.023179" total="1" passed="1" failed="0" inconclusive="0" skipped="0" asserts="6">
        <test-case id="0-1001" name="TestBcdUserTypeBe" fullname="Kaitai.SpecBcdUserTypeBe.TestBcdUserTypeBe" methodname="TestBcdUserTypeBe" classname="Kaitai.SpecBcdUserTypeBe" runstate="Runnable" seed="23728741" result="Passed" start-time="2023-07-19 15:24:57Z" end-time="2023-07-19 15:24:57Z" duration="0.014572" asserts="6" />
      </test-suite>
      <test-suite type="TestFixture" id="0-1002" name="SpecBcdUserTypeLe" fullname="Kaitai.SpecBcdUserTypeLe" classname="Kaitai.SpecBcdUserTypeLe" runstate="Runnable" testcasecount="1" result="Passed" start-time="2023-07-19 15:24:57Z" end-time="2023-07-19 15:24:57Z" duration="0.004746" total="1" passed="1" failed="0" inconclusive="0" skipped="0" asserts="6">
        <test-case id="0-1003" name="TestBcdUserTypeLe" fullname="Kaitai.SpecBcdUserTypeLe.TestBcdUserTypeLe" methodname="TestBcdUserTypeLe" classname="Kaitai.SpecBcdUserTypeLe" runstate="Runnable" seed="1774558715" result="Passed" start-time="2023-07-19 15:24:57Z" end-time="2023-07-19 15:24:57Z" duration="0.002356" asserts="6" />
      </test-suite>
      <test-suite type="TestFixture" id="0-1004" name="SpecBitsByteAligned" fullname="Kaitai.SpecBitsByteAligned" classname="Kaitai.SpecBitsByteAligned" runstate="Runnable" testcasecount="1" result="Passed" start-time="2023-07-19 15:24:57Z" end-time="2023-07-19 15:24:57Z" duration="0.005765" total="1" passed="1" failed="0" inconclusive="0" skipped="0" asserts="9">
        <test-case id="0-1005" name="TestBitsByteAligned" fullname="Kaitai.SpecBitsByteAligned.TestBitsByteAligned" methodname="TestBitsByteAligned" classname="Kaitai.SpecBitsByteAligned" runstate="Runnable" seed="310379888" result="Passed" start-time="2023-07-19 15:24:57Z" end-time="2023-07-19 15:24:57Z" duration="0.003351" asserts="9" />
      </test-suite>
      <test-suite type="TestFixture" id="0-1006" name="SpecBitsEnum" fullname="Kaitai.SpecBitsEnum" classname="Kaitai.SpecBitsEnum" runstate="Runnable" testcasecount="1" result="Passed" start-time="2023-07-19 15:24:57Z" end-time="2023-07-19 15:24:57Z" duration="0.003153" total="1" passed="1" failed="0" inconclusive="0" skipped="0" asserts="3">
        <test-case id="0-1007" name="TestBitsEnum" fullname="Kaitai.SpecBitsEnum.TestBitsEnum" methodname="TestBitsEnum" classname="Kaitai.SpecBitsEnum" runstate="Runnable" seed="695900509" result="Passed" start-time="2023-07-19 15:24:57Z" end-time="2023-07-19 15:24:57Z" duration="0.000744" asserts="3" />
      </test-suite>
      <test-suite type="TestFixture" id="0-1008" name="SpecBitsSeqEndianCombo" fullname="Kaitai.SpecBitsSeqEndianCombo" classname="Kaitai.SpecBitsSeqEndianCombo" runstate="Runnable" testcasecount="1" result="Passed" start-time="2023-07-19 15:24:57Z" end-time="2023-07-19 15:24:57Z" duration="0.003157" total="1" passed="1" failed="0" inconclusive="0" skipped="0" asserts="8">
        <test-case id="0-1009" name="TestBitsSeqEndianCombo" fullname="Kaitai.SpecBitsSeqEndianCombo.TestBitsSeqEndianCombo" methodname="TestBitsSeqEndianCombo" classname="Kaitai.SpecBitsSeqEndianCombo" runstate="Runnable" seed="72174186" result="Passed" start-time="2023-07-19 15:24:57Z" end-time="2023-07-19 15:24:57Z" duration="0.000761" asserts="8" />
      </test-suite>
      <test-suite type="TestFixture" id="0-1010" name="SpecBitsShiftByB32Le" fullname="Kaitai.SpecBitsShiftByB32Le" classname="Kaitai.SpecBitsShiftByB32Le" runstate="Runnable" testcasecount="1" result="Passed" start-time="2023-07-19 15:24:57Z" end-time="2023-07-19 15:24:57Z" duration="0.002852" total="1" passed="1" failed="0" inconclusive="0" skipped="0" asserts="2">
        <test-case id="0-1011" name="TestBitsShiftByB32Le" fullname="Kaitai.SpecBitsShiftByB32Le.TestBitsShiftByB32Le" methodname="TestBitsShiftByB32Le" classname="Kaitai.SpecBitsShiftByB32Le" runstate="Runnable" seed="487115318" result="Passed" start-time="2023-07-19 15:24:57Z" end-time="2023-07-19 15:24:57Z" duration="0.000463" asserts="2" />
      </test-suite>
      <test-suite type="TestFixture" id="0-1012" name="SpecBitsShiftByB64Le" fullname="Kaitai.SpecBitsShiftByB64Le" classname="Kaitai.SpecBitsShiftByB64Le" runstate="Runnable" testcasecount="1" result="Passed" start-time="2023-07-19 15:24:57Z" end-time="2023-07-19 15:24:57Z" duration="0.002777" total="1" passed="1" failed="0" inconclusive="0" skipped="0" asserts="2">
        <test-case id="0-1013" name="TestBitsShiftByB64Le" fullname="Kaitai.SpecBitsShiftByB64Le.TestBitsShiftByB64Le" methodname="TestBitsShiftByB64Le" classname="Kaitai.SpecBitsShiftByB64Le" runstate="Runnable" seed="691491336" result="Passed" start-time="2023-07-19 15:24:57Z" end-time="2023-07-19 15:24:57Z" duration="0.000387" asserts="2" />
      </test-suite>
      <test-suite type="TestFixture" id="0-1014" name="SpecBitsSignedResB32Be" fullname="Kaitai.SpecBitsSignedResB32Be" classname="Kaitai.SpecBitsSignedResB32Be" runstate="Runnable" testcasecount="1" result="Passed" start-time="2023-07-19 15:24:57Z" end-time="2023-07-19 15:24:57Z" duration="0.002727" total="1" passed="1" failed="0" inconclusive="0" skipped="0" asserts="1">
        <test-case id="0-1015" name="TestBitsSignedResB32Be" fullname="Kaitai.SpecBitsSignedResB32Be.TestBitsSignedResB32Be" methodname="TestBitsSignedResB32Be" classname="Kaitai.SpecBitsSignedResB32Be" runstate="Runnable" seed="776046440" result="Passed" start-time="2023-07-19 15:24:57Z" end-time="2023-07-19 15:24:57Z" duration="0.000340" asserts="1" />
      </test-suite>
      <test-suite type="TestFixture" id="0-1016" name="SpecBitsSignedResB32Le" fullname="Kaitai.SpecBitsSignedResB32Le" classname="Kaitai.SpecBitsSignedResB32Le" runstate="Runnable" testcasecount="1" result="Passed" start-time="2023-07-19 15:24:57Z" end-time="2023-07-19 15:24:57Z" duration="0.002730" total="1" passed="1" failed="0" inconclusive="0" skipped="0" asserts="1">
        <test-case id="0-1017" name="TestBitsSignedResB32Le" fullname="Kaitai.SpecBitsSignedResB32Le.TestBitsSignedResB32Le" methodname="TestBitsSignedResB32Le" classname="Kaitai.SpecBitsSignedResB32Le" runstate="Runnable" seed="2089795226" result="Passed" start-time="2023-07-19 15:24:57Z" end-time="2023-07-19 15:24:57Z" duration="0.000351" asserts="1" />
      </test-suite>
      <test-suite type="TestFixture" id="0-1018" name="SpecBitsSignedShiftB32Le" fullname="Kaitai.SpecBitsSignedShiftB32Le" classname="Kaitai.SpecBitsSignedShiftB32Le" runstate="Runnable" testcasecount="1" result="Passed" start-time="2023-07-19 15:24:57Z" end-time="2023-07-19 15:24:57Z" duration="0.002791" total="1" passed="1" failed="0" inconclusive="0" skipped="0" asserts="2">
        <test-case id="0-1019" name="TestBitsSignedShiftB32Le" fullname="Kaitai.SpecBitsSignedShiftB32Le.TestBitsSignedShiftB32Le" methodname="TestBitsSignedShiftB32Le" classname="Kaitai.SpecBitsSignedShiftB32Le" runstate="Runnable" seed="1688173940" result="Passed" start-time="2023-07-19 15:24:57Z" end-time="2023-07-19 15:24:57Z" duration="0.000390" asserts="2" />
      </test-suite>
      <test-suite type="TestFixture" id="0-1020" name="SpecBitsSignedShiftB64Le" fullname="Kaitai.SpecBitsSignedShiftB64Le" classname="Kaitai.SpecBitsSignedShiftB64Le" runstate="Runnable" testcasecount="1" result="Passed" start-time="2023-07-19 15:24:57Z" end-time="2023-07-19 15:24:57Z" duration="0.002801" total="1" passed="1" failed="0" inconclusive="0" skipped="0" asserts="2">
        <test-case id="0-1021" name="TestBitsSignedShiftB64Le" fullname="Kaitai.SpecBitsSignedShiftB64Le.TestBitsSignedShiftB64Le" methodname="TestBitsSignedShiftB64Le" classname="Kaitai.SpecBitsSignedShiftB64Le" runstate="Runnable" seed="105256532" result="Passed" start-time="2023-07-19 15:24:57Z" end-time="2023-07-19 15:24:57Z" duration="0.000388" asserts="2" />
      </test-suite>
      <test-suite type="TestFixture" id="0-1022" name="SpecBitsSimple" fullname="Kaitai.SpecBitsSimple" classname="Kaitai.SpecBitsSimple" runstate="Runnable" testcasecount="1" result="Passed" start-time="2023-07-19 15:24:57Z" end-time="2023-07-19 15:24:57Z" duration="0.004262" total="1" passed="1" failed="0" inconclusive="0" skipped="0" asserts="14">
        <test-case id="0-1023" name="TestBitsSimple" fullname="Kaitai.SpecBitsSimple.TestBitsSimple" methodname="TestBitsSimple" classname="Kaitai.SpecBitsSimple" runstate="Runnable" seed="1998393237" result="Passed" start-time="2023-07-19 15:24:57Z" end-time="2023-07-19 15:24:57Z" duration="0.001878" asserts="14" />
      </test-suite>
      <test-suite type="TestFixture" id="0-1024" name="SpecBitsSimpleLe" fullname="Kaitai.SpecBitsSimpleLe" classname="Kaitai.SpecBitsSimpleLe" runstate="Runnable" testcasecount="1" result="Passed" start-time="2023-07-19 15:24:57Z" end-time="2023-07-19 15:24:57Z" duration="0.003370" total="1" passed="1" failed="0" inconclusive="0" skipped="0" asserts="14">
        <test-case id="0-1025" name="TestBitsSimpleLe" fullname="Kaitai.SpecBitsSimpleLe.TestBitsSimpleLe" methodname="TestBitsSimpleLe" classname="Kaitai.SpecBitsSimpleLe" runstate="Runnable" seed="1505276395" result="Passed" start-time="2023-07-19 15:24:57Z" end-time="2023-07-19 15:24:57Z" duration="0.000980" asserts="14" />
      </test-suite>
      <test-suite type="TestFixture" id="0-1026" name="SpecBitsUnalignedB32Be" fullname="Kaitai.SpecBitsUnalignedB32Be" classname="Kaitai.SpecBitsUnalignedB32Be" runstate="Runnable" testcasecount="1" result="Passed" start-time="2023-07-19 15:24:57Z" end-time="2023-07-19 15:24:57Z" duration="0.002807" total="1" passed="1" failed="0" inconclusive="0" skipped="0" asserts="3">
        <test-case id="0-1027" name="TestBitsUnalignedB32Be" fullname="Kaitai.SpecBitsUnalignedB32Be.TestBitsUnalignedB32Be" methodname="TestBitsUnalignedB32Be" classname="Kaitai.SpecBitsUnalignedB32Be" runstate="Runnable" seed="484906560" result="Passed" start-time="2023-07-19 15:24:57Z" end-time="2023-07-19 15:24:57Z" duration="0.000428" asserts="3" />
      </test-suite>
      <test-suite type="TestFixture" id="0-1028" name="SpecBitsUnalignedB32Le" fullname="Kaitai.SpecBitsUnalignedB32Le" classname="Kaitai.SpecBitsUnalignedB32Le" runstate="Runnable" testcasecount="1" result="Passed" start-time="2023-07-19 15:24:57Z" end-time="2023-07-19 15:24:57Z" duration="0.002841" total="1" passed="1" failed="0" inconclusive="0" skipped="0" asserts="3">
        <test-case id="0-1029" name="TestBitsUnalignedB32Le" fullname="Kaitai.SpecBitsUnalignedB32Le.TestBitsUnalignedB32Le" methodname="TestBitsUnalignedB32Le" classname="Kaitai.SpecBitsUnalignedB32Le" runstate="Runnable" seed="1889142152" result="Passed" start-time="2023-07-19 15:24:57Z" end-time="2023-07-19 15:24:57Z" duration="0.000446" asserts="3" />
      </test-suite>
      <test-suite type="TestFixture" id="0-1030" name="SpecBitsUnalignedB64Be" fullname="Kaitai.SpecBitsUnalignedB64Be" classname="Kaitai.SpecBitsUnalignedB64Be" runstate="Runnable" testcasecount="1" result="Passed" start-time="2023-07-19 15:24:57Z" end-time="2023-07-19 15:24:57Z" duration="0.002810" total="1" passed="1" failed="0" inconclusive="0" skipped="0" asserts="3">
        <test-case id="0-1031" name="TestBitsUnalignedB64Be" fullname="Kaitai.SpecBitsUnalignedB64Be.TestBitsUnalignedB64Be" methodname="TestBitsUnalignedB64Be" classname="Kaitai.SpecBitsUnalignedB64Be" runstate="Runnable" seed="228708214" result="Passed" start-time="2023-07-19 15:24:57Z" end-time="2023-07-19 15:24:57Z" duration="0.000433" asserts="3" />
      </test-suite>
      <test-suite type="TestFixture" id="0-1032" name="SpecBitsUnalignedB64Le" fullname="Kaitai.SpecBitsUnalignedB64Le" classname="Kaitai.SpecBitsUnalignedB64Le" runstate="Runnable" testcasecount="1" result="Passed" start-time="2023-07-19 15:24:57Z" end-time="2023-07-19 15:24:57Z" duration="0.002783" total="1" passed="1" failed="0" inconclusive="0" skipped="0" asserts="3">
        <test-case id="0-1033" name="TestBitsUnalignedB64Le" fullname="Kaitai.SpecBitsUnalignedB64Le.TestBitsUnalignedB64Le" methodname="TestBitsUnalignedB64Le" classname="Kaitai.SpecBitsUnalignedB64Le" runstate="Runnable" seed="786319357" result="Passed" start-time="2023-07-19 15:24:57Z" end-time="2023-07-19 15:24:57Z" duration="0.000415" asserts="3" />
      </test-suite>
      <test-suite type="TestFixture" id="0-1034" name="SpecBufferedStruct" fullname="Kaitai.SpecBufferedStruct" classname="Kaitai.SpecBufferedStruct" runstate="Runnable" testcasecount="1" result="Passed" start-time="2023-07-19 15:24:57Z" end-time="2023-07-19 15:24:57Z" duration="0.003679" total="1" passed="1" failed="0" inconclusive="0" skipped="0" asserts="7">
        <test-case id="0-1035" name="TestBufferedStruct" fullname="Kaitai.SpecBufferedStruct.TestBufferedStruct" methodname="TestBufferedStruct" classname="Kaitai.SpecBufferedStruct" runstate="Runnable" seed="1388461324" result="Passed" start-time="2023-07-19 15:24:57Z" end-time="2023-07-19 15:24:57Z" duration="0.001290" asserts="7" />
      </test-suite>
      <test-suite type="TestFixture" id="0-1036" name="SpecBytesPadTerm" fullname="Kaitai.SpecBytesPadTerm" classname="Kaitai.SpecBytesPadTerm" runstate="Runnable" testcasecount="1" result="Passed" start-time="2023-07-19 15:24:57Z" end-time="2023-07-19 15:24:57Z" duration="0.003159" total="1" passed="1" failed="0" inconclusive="0" skipped="0" asserts="4">
        <test-case id="0-1037" name="TestBytesPadTerm" fullname="Kaitai.SpecBytesPadTerm.TestBytesPadTerm" methodname="TestBytesPadTerm" classname="Kaitai.SpecBytesPadTerm" runstate="Runnable" seed="1648581375" result="Passed" start-time="2023-07-19 15:24:57Z" end-time="2023-07-19 15:24:57Z" duration="0.000756" asserts="4" />
      </test-suite>
      <test-suite type="TestFixture" id="0-1038" name="SpecCastNested" fullname="Kaitai.SpecCastNested" classname="Kaitai.SpecCastNested" runstate="Runnable" testcasecount="1" result="Passed" start-time="2023-07-19 15:24:57Z" end-time="2023-07-19 15:24:57Z" duration="0.024424" total="1" passed="1" failed="0" inconclusive="0" skipped="0" asserts="4">
        <test-case id="0-1039" name="TestCastNested" fullname="Kaitai.SpecCastNested.TestCastNested" methodname="TestCastNested" classname="Kaitai.SpecCastNested" runstate="Runnable" seed="1848778407" result="Passed" start-time="2023-07-19 15:24:57Z" end-time="2023-07-19 15:24:57Z" duration="0.022023" asserts="4" />
      </test-suite>
      <test-suite type="TestFixture" id="0-1040" name="SpecCastToImported" fullname="Kaitai.SpecCastToImported" classname="Kaitai.SpecCastToImported" runstate="Runnable" testcasecount="1" result="Passed" start-time="2023-07-19 15:24:57Z" end-time="2023-07-19 15:24:57Z" duration="0.003007" total="1" passed="1" failed="0" inconclusive="0" skipped="0" asserts="2">
        <test-case id="0-1041" name="TestCastToImported" fullname="Kaitai.SpecCastToImported.TestCastToImported" methodname="TestCastToImported" classname="Kaitai.SpecCastToImported" runstate="Runnable" seed="1350278652" result="Passed" start-time="2023-07-19 15:24:57Z" end-time="2023-07-19 15:24:57Z" duration="0.000597" asserts="2" />
      </test-suite>
      <test-suite type="TestFixture" id="0-1042" name="SpecCastToTop" fullname="Kaitai.SpecCastToTop" classname="Kaitai.SpecCastToTop" runstate="Runnable" testcasecount="1" result="Passed" start-time="2023-07-19 15:24:57Z" end-time="2023-07-19 15:24:57Z" duration="0.003399" total="1" passed="1" failed="0" inconclusive="0" skipped="0" asserts="3">
        <test-case id="0-1043" name="TestCastToTop" fullname="Kaitai.SpecCastToTop.TestCastToTop" methodname="TestCastToTop" classname="Kaitai.SpecCastToTop" runstate="Runnable" seed="952874064" result="Passed" start-time="2023-07-19 15:24:57Z" end-time="2023-07-19 15:24:57Z" duration="0.001007" asserts="3" />
      </test-suite>
      <test-suite type="TestFixture" id="0-1044" name="SpecCombineBool" fullname="Kaitai.SpecCombineBool" classname="Kaitai.SpecCombineBool" runstate="Runnable" testcasecount="1" result="Passed" start-time="2023-07-19 15:24:57Z" end-time="2023-07-19 15:24:57Z" duration="0.002892" total="1" passed="1" failed="0" inconclusive="0" skipped="0" asserts="2">
        <test-case id="0-1045" name="TestCombineBool" fullname="Kaitai.SpecCombineBool.TestCombineBool" methodname="TestCombineBool" classname="Kaitai.SpecCombineBool" runstate="Runnable" seed="2097087490" result="Passed" start-time="2023-07-19 15:24:57Z" end-time="2023-07-19 15:24:57Z" duration="0.000505" asserts="2" />
      </test-suite>
      <test-suite type="TestFixture" id="0-1046" name="SpecCombineBytes" fullname="Kaitai.SpecCombineBytes" classname="Kaitai.SpecCombineBytes" runstate="Runnable" testcasecount="1" result="Passed" start-time="2023-07-19 15:24:57Z" end-time="2023-07-19 15:24:57Z" duration="0.003339" total="1" passed="1" failed="0" inconclusive="0" skipped="0" asserts="10">
        <test-case id="0-1047" name="TestCombineBytes" fullname="Kaitai.SpecCombineBytes.TestCombineBytes" methodname="TestCombineBytes" classname="Kaitai.SpecCombineBytes" runstate="Runnable" seed="813515139" result="Passed" start-time="2023-07-19 15:24:57Z" end-time="2023-07-19 15:24:57Z" duration="0.000957" asserts="10" />
      </test-suite>
      <test-suite type="TestFixture" id="0-1048" name="SpecCombineEnum" fullname="Kaitai.SpecCombineEnum" classname="Kaitai.SpecCombineEnum" runstate="Runnable" testcasecount="1" result="Passed" start-time="2023-07-19 15:24:57Z" end-time="2023-07-19 15:24:57Z" duration="0.002980" total="1" passed="1" failed="0" inconclusive="0" skipped="0" asserts="3">
        <test-case id="0-1049" name="TestCombineEnum" fullname="Kaitai.SpecCombineEnum.TestCombineEnum" methodname="TestCombineEnum" classname="Kaitai.SpecCombineEnum" runstate="Runnable" seed="892682649" result="Passed" start-time="2023-07-19 15:24:57Z" end-time="2023-07-19 15:24:57Z" duration="0.000591" asserts="3" />
      </test-suite>
      <test-suite type="TestFixture" id="0-1050" name="SpecCombineStr" fullname="Kaitai.SpecCombineStr" classname="Kaitai.SpecCombineStr" runstate="Runnable" testcasecount="1" result="Passed" start-time="2023-07-19 15:24:57Z" end-time="2023-07-19 15:24:57Z" duration="0.003537" total="1" passed="1" failed="0" inconclusive="0" skipped="0" asserts="15">
        <test-case id="0-1051" name="TestCombineStr" fullname="Kaitai.SpecCombineStr.TestCombineStr" methodname="TestCombineStr" classname="Kaitai.SpecCombineStr" runstate="Runnable" seed="466565591" result="Passed" start-time="2023-07-19 15:24:57Z" end-time="2023-07-19 15:24:57Z" duration="0.001139" asserts="15" />
      </test-suite>
      <test-suite type="TestFixture" id="0-1052" name="SpecDebug0" fullname="Kaitai.SpecDebug0" classname="Kaitai.SpecDebug0" runstate="Runnable" testcasecount="1" result="Passed" start-time="2023-07-19 15:24:57Z" end-time="2023-07-19 15:24:57Z" duration="0.002465" total="1" passed="1" failed="0" inconclusive="0" skipped="0" asserts="0">
        <test-case id="0-1053" name="TestDebug0" fullname="Kaitai.SpecDebug0.TestDebug0" methodname="TestDebug0" classname="Kaitai.SpecDebug0" runstate="Runnable" seed="1417714403" result="Passed" start-time="2023-07-19 15:24:57Z" end-time="2023-07-19 15:24:57Z" duration="0.000069" asserts="0" />
      </test-suite>
      <test-suite type="TestFixture" id="0-1054" name="SpecDebugArrayUser" fullname="Kaitai.SpecDebugArrayUser" classname="Kaitai.SpecDebugArrayUser" runstate="Runnable" testcasecount="1" result="Passed" start-time="2023-07-19 15:24:57Z" end-time="2023-07-19 15:24:57Z" duration="0.003348" total="1" passed="1" failed="0" inconclusive="0" skipped="0" asserts="4">
        <test-case id="0-1055" name="TestDebugArrayUser" fullname="Kaitai.SpecDebugArrayUser.TestDebugArrayUser" methodname="TestDebugArrayUser" classname="Kaitai.SpecDebugArrayUser" runstate="Runnable" seed="903640903" result="Passed" start-time="2023-07-19 15:24:57Z" end-time="2023-07-19 15:24:57Z" duration="0.000962" asserts="4" />
      </test-suite>
      <test-suite type="TestFixture" id="0-1056" name="SpecDebugEnumName" fullname="Kaitai.SpecDebugEnumName" classname="Kaitai.SpecDebugEnumName" runstate="Runnable" testcasecount="1" result="Passed" start-time="2023-07-19 15:24:57Z" end-time="2023-07-19 15:24:57Z" duration="0.002449" total="1" passed="1" failed="0" inconclusive="0" skipped="0" asserts="0">
        <test-case id="0-1057" name="TestDebugEnumName" fullname="Kaitai.SpecDebugEnumName.TestDebugEnumName" methodname="TestDebugEnumName" classname="Kaitai.SpecDebugEnumName" runstate="Runnable" seed="300209962" result="Passed" start-time="2023-07-19 15:24:57Z" end-time="2023-07-19 15:24:57Z" duration="0.000068" asserts="0" />
      </test-suite>
      <test-suite type="TestFixture" id="0-1058" name="SpecDebugSwitchUser" fullname="Kaitai.SpecDebugSwitchUser" classname="Kaitai.SpecDebugSwitchUser" runstate="Runnable" testcasecount="1" result="Passed" start-time="2023-07-19 15:24:57Z" end-time="2023-07-19 15:24:57Z" duration="0.003014" total="1" passed="1" failed="0" inconclusive="0" skipped="0" asserts="2">
        <test-case id="0-1059" name="TestDebugSwitchUser" fullname="Kaitai.SpecDebugSwitchUser.TestDebugSwitchUser" methodname="TestDebugSwitchUser" classname="Kaitai.SpecDebugSwitchUser" runstate="Runnable" seed="230785961" result="Passed" start-time="2023-07-19 15:24:57Z" end-time="2023-07-19 15:24:57Z" duration="0.000636" asserts="2" />
      </test-suite>
      <test-suite type="TestFixture" id="0-1060" name="SpecDefaultBigEndian" fullname="Kaitai.SpecDefaultBigEndian" classname="Kaitai.SpecDefaultBigEndian" runstate="Runnable" testcasecount="1" result="Passed" start-time="2023-07-19 15:24:57Z" end-time="2023-07-19 15:24:57Z" duration="0.002776" total="1" passed="1" failed="0" inconclusive="0" skipped="0" asserts="1">
        <test-case id="0-1061" name="TestDefaultBigEndian" fullname="Kaitai.SpecDefaultBigEndian.TestDefaultBigEndian" methodname="TestDefaultBigEndian" classname="Kaitai.SpecDefaultBigEndian" runstate="Runnable" seed="325358437" result="Passed" start-time="2023-07-19 15:24:57Z" end-time="2023-07-19 15:24:57Z" duration="0.000396" asserts="1" />
      </test-suite>
      <test-suite type="TestFixture" id="0-1062" name="SpecDefaultBitEndianMod" fullname="Kaitai.SpecDefaultBitEndianMod" classname="Kaitai.SpecDefaultBitEndianMod" runstate="Runnable" testcasecount="1" result="Passed" start-time="2023-07-19 15:24:57Z" end-time="2023-07-19 15:24:57Z" duration="0.003083" total="1" passed="1" failed="0" inconclusive="0" skipped="0" asserts="4">
        <test-case id="0-1063" name="TestDefaultBitEndianMod" fullname="Kaitai.SpecDefaultBitEndianMod.TestDefaultBitEndianMod" methodname="TestDefaultBitEndianMod" classname="Kaitai.SpecDefaultBitEndianMod" runstate="Runnable" seed="964092866" result="Passed" start-time="2023-07-19 15:24:57Z" end-time="2023-07-19 15:24:57Z" duration="0.000706" asserts="4" />
      </test-suite>
      <test-suite type="TestFixture" id="0-1064" name="SpecDefaultEndianExprException" fullname="Kaitai.SpecDefaultEndianExprException" classname="Kaitai.SpecDefaultEndianExprException" runstate="Runnable" testcasecount="1" result="Passed" start-time="2023-07-19 15:24:57Z" end-time="2023-07-19 15:24:57Z" duration="0.006590" total="1" passed="1" failed="0" inconclusive="0" skipped="0" asserts="1">
        <test-case id="0-1065" name="TestDefaultEndianExprException" fullname="Kaitai.SpecDefaultEndianExprException.TestDefaultEndianExprException" methodname="TestDefaultEndianExprException" classname="Kaitai.SpecDefaultEndianExprException" runstate="Runnable" seed="283689163" result="Passed" start-time="2023-07-19 15:24:57Z" end-time="2023-07-19 15:24:57Z" duration="0.004196" asserts="1" />
      </test-suite>
      <test-suite type="TestFixture" id="0-1066" name="SpecDefaultEndianExprInherited" fullname="Kaitai.SpecDefaultEndianExprInherited" classname="Kaitai.SpecDefaultEndianExprInherited" runstate="Runnable" testcasecount="1" result="Passed" start-time="2023-07-19 15:24:57Z" end-time="2023-07-19 15:24:57Z" duration="0.005139" total="1" passed="1" failed="0" inconclusive="0" skipped="0" asserts="15">
        <test-case id="0-1067" name="TestDefaultEndianExprInherited" fullname="Kaitai.SpecDefaultEndianExprInherited.TestDefaultEndianExprInherited" methodname="TestDefaultEndianExprInherited" classname="Kaitai.SpecDefaultEndianExprInherited" runstate="Runnable" seed="427819264" result="Passed" start-time="2023-07-19 15:24:57Z" end-time="2023-07-19 15:24:57Z" duration="0.002750" asserts="15" />
      </test-suite>
      <test-suite type="TestFixture" id="0-1068" name="SpecDefaultEndianExprIsBe" fullname="Kaitai.SpecDefaultEndianExprIsBe" classname="Kaitai.SpecDefaultEndianExprIsBe" runstate="Runnable" testcasecount="1" result="Passed" start-time="2023-07-19 15:24:57Z" end-time="2023-07-19 15:24:57Z" duration="0.004951" total="1" passed="1" failed="0" inconclusive="0" skipped="0" asserts="18">
        <test-case id="0-1069" name="TestDefaultEndianExprIsBe" fullname="Kaitai.SpecDefaultEndianExprIsBe.TestDefaultEndianExprIsBe" methodname="TestDefaultEndianExprIsBe" classname="Kaitai.SpecDefaultEndianExprIsBe" runstate="Runnable" seed="1076699608" result="Passed" start-time="2023-07-19 15:24:57Z" end-time="2023-07-19 15:24:57Z" duration="0.002559" asserts="18" />
      </test-suite>
      <test-suite type="TestFixture" id="0-1070" name="SpecDefaultEndianExprIsLe" fullname="Kaitai.SpecDefaultEndianExprIsLe" classname="Kaitai.SpecDefaultEndianExprIsLe" runstate="Runnable" testcasecount="1" result="Passed" start-time="2023-07-19 15:24:57Z" end-time="2023-07-19 15:24:57Z" duration="0.004016" total="1" passed="1" failed="0" inconclusive="0" skipped="0" asserts="12">
        <test-case id="0-1071" name="TestDefaultEndianExprIsLe" fullname="Kaitai.SpecDefaultEndianExprIsLe.TestDefaultEndianExprIsLe" methodname="TestDefaultEndianExprIsLe" classname="Kaitai.SpecDefaultEndianExprIsLe" runstate="Runnable" seed="1753789876" result="Passed" start-time="2023-07-19 15:24:57Z" end-time="2023-07-19 15:24:57Z" duration="0.001624" asserts="12" />
      </test-suite>
      <test-suite type="TestFixture" id="0-1072" name="SpecDefaultEndianMod" fullname="Kaitai.SpecDefaultEndianMod" classname="Kaitai.SpecDefaultEndianMod" runstate="Runnable" testcasecount="1" result="Passed" start-time="2023-07-19 15:24:57Z" end-time="2023-07-19 15:24:57Z" duration="0.003179" total="1" passed="1" failed="0" inconclusive="0" skipped="0" asserts="3">
        <test-case id="0-1073" name="TestDefaultEndianMod" fullname="Kaitai.SpecDefaultEndianMod.TestDefaultEndianMod" methodname="TestDefaultEndianMod" classname="Kaitai.SpecDefaultEndianMod" runstate="Runnable" seed="1332529693" result="Passed" start-time="2023-07-19 15:24:57Z" end-time="2023-07-19 15:24:57Z" duration="0.000782" asserts="3" />
      </test-suite>
      <test-suite type="TestFixture" id="0-1074" name="SpecDocstrings" fullname="Kaitai.SpecDocstrings" classname="Kaitai.SpecDocstrings" runstate="Runnable" testcasecount="1" result="Passed" start-time="2023-07-19 15:24:57Z" end-time="2023-07-19 15:24:57Z" duration="0.002700" total="1" passed="1" failed="0" inconclusive="0" skipped="0" asserts="0">
        <test-case id="0-1075" name="TestDocstrings" fullname="Kaitai.SpecDocstrings.TestDocstrings" methodname="TestDocstrings" classname="Kaitai.SpecDocstrings" runstate="Runnable" seed="567608710" result="Passed" start-time="2023-07-19 15:24:57Z" end-time="2023-07-19 15:24:57Z" duration="0.000314" asserts="0" />
      </test-suite>
      <test-suite type="TestFixture" id="0-1076" name="SpecDocstringsDocref" fullname="Kaitai.SpecDocstringsDocref" classname="Kaitai.SpecDocstringsDocref" runstate="Runnable" testcasecount="1" result="Passed" start-time="2023-07-19 15:24:57Z" end-time="2023-07-19 15:24:57Z" duration="0.002704" total="1" passed="1" failed="0" inconclusive="0" skipped="0" asserts="0">
        <test-case id="0-1077" name="TestDocstringsDocref" fullname="Kaitai.SpecDocstringsDocref.TestDocstringsDocref" methodname="TestDocstringsDocref" classname="Kaitai.SpecDocstringsDocref" runstate="Runnable" seed="2142438743" result="Passed" start-time="2023-07-19 15:24:57Z" end-time="2023-07-19 15:24:57Z" duration="0.000315" asserts="0" />
      </test-suite>
      <test-suite type="TestFixture" id="0-1078" name="SpecDocstringsDocrefMulti" fullname="Kaitai.SpecDocstringsDocrefMulti" classname="Kaitai.SpecDocstringsDocrefMulti" runstate="Runnable" testcasecount="1" result="Passed" start-time="2023-07-19 15:24:57Z" end-time="2023-07-19 15:24:57Z" duration="0.002632" total="1" passed="1" failed="0" inconclusive="0" skipped="0" asserts="0">
        <test-case id="0-1079" name="TestDocstringsDocrefMulti" fullname="Kaitai.SpecDocstringsDocrefMulti.TestDocstringsDocrefMulti" methodname="TestDocstringsDocrefMulti" classname="Kaitai.SpecDocstringsDocrefMulti" runstate="Runnable" seed="435695926" result="Passed" start-time="2023-07-19 15:24:57Z" end-time="2023-07-19 15:24:57Z" duration="0.000256" asserts="0" />
      </test-suite>
      <test-suite type="TestFixture" id="0-1080" name="SpecEnum0" fullname="Kaitai.SpecEnum0" classname="Kaitai.SpecEnum0" runstate="Runnable" testcasecount="1" result="Passed" start-time="2023-07-19 15:24:57Z" end-time="2023-07-19 15:24:57Z" duration="0.002787" total="1" passed="1" failed="0" inconclusive="0" skipped="0" asserts="2">
        <test-case id="0-1081" name="TestEnum0" fullname="Kaitai.SpecEnum0.TestEnum0" methodname="TestEnum0" classname="Kaitai.SpecEnum0" runstate="Runnable" seed="647240024" result="Passed" start-time="2023-07-19 15:24:57Z" end-time="2023-07-19 15:24:57Z" duration="0.000411" asserts="2" />
      </test-suite>
      <test-suite type="TestFixture" id="0-1082" name="SpecEnum1" fullname="Kaitai.SpecEnum1" classname="Kaitai.SpecEnum1" runstate="Runnable" testcasecount="1" result="Passed" start-time="2023-07-19 15:24:58Z" end-time="2023-07-19 15:24:58Z" duration="0.002960" total="1" passed="1" failed="0" inconclusive="0" skipped="0" asserts="2">
        <test-case id="0-1083" name="TestEnum1" fullname="Kaitai.SpecEnum1.TestEnum1" methodname="TestEnum1" classname="Kaitai.SpecEnum1" runstate="Runnable" seed="1068021421" result="Passed" start-time="2023-07-19 15:24:58Z" end-time="2023-07-19 15:24:58Z" duration="0.000585" asserts="2" />
      </test-suite>
      <test-suite type="TestFixture" id="0-1084" name="SpecEnumDeep" fullname="Kaitai.SpecEnumDeep" classname="Kaitai.SpecEnumDeep" runstate="Runnable" testcasecount="1" result="Passed" start-time="2023-07-19 15:24:58Z" end-time="2023-07-19 15:24:58Z" duration="0.002795" total="1" passed="1" failed="0" inconclusive="0" skipped="0" asserts="2">
        <test-case id="0-1085" name="TestEnumDeep" fullname="Kaitai.SpecEnumDeep.TestEnumDeep" methodname="TestEnumDeep" classname="Kaitai.SpecEnumDeep" runstate="Runnable" seed="466860520" result="Passed" start-time="2023-07-19 15:24:58Z" end-time="2023-07-19 15:24:58Z" duration="0.000415" asserts="2" />
      </test-suite>
      <test-suite type="TestFixture" id="0-1086" name="SpecEnumDeepLiterals" fullname="Kaitai.SpecEnumDeepLiterals" classname="Kaitai.SpecEnumDeepLiterals" runstate="Runnable" testcasecount="1" result="Passed" start-time="2023-07-19 15:24:58Z" end-time="2023-07-19 15:24:58Z" duration="0.002884" total="1" passed="1" failed="0" inconclusive="0" skipped="0" asserts="2">
        <test-case id="0-1087" name="TestEnumDeepLiterals" fullname="Kaitai.SpecEnumDeepLiterals.TestEnumDeepLiterals" methodname="TestEnumDeepLiterals" classname="Kaitai.SpecEnumDeepLiterals" runstate="Runnable" seed="909410051" result="Passed" start-time="2023-07-19 15:24:58Z" end-time="2023-07-19 15:24:58Z" duration="0.000507" asserts="2" />
      </test-suite>
      <test-suite type="TestFixture" id="0-1088" name="SpecEnumFancy" fullname="Kaitai.SpecEnumFancy" classname="Kaitai.SpecEnumFancy" runstate="Runnable" testcasecount="1" result="Passed" start-time="2023-07-19 15:24:58Z" end-time="2023-07-19 15:24:58Z" duration="0.002759" total="1" passed="1" failed="0" inconclusive="0" skipped="0" asserts="2">
        <test-case id="0-1089" name="TestEnumFancy" fullname="Kaitai.SpecEnumFancy.TestEnumFancy" methodname="TestEnumFancy" classname="Kaitai.SpecEnumFancy" runstate="Runnable" seed="1499888148" result="Passed" start-time="2023-07-19 15:24:58Z" end-time="2023-07-19 15:24:58Z" duration="0.000391" asserts="2" />
      </test-suite>
      <test-suite type="TestFixture" id="0-1090" name="SpecEnumForUnknownId" fullname="Kaitai.SpecEnumForUnknownId" classname="Kaitai.SpecEnumForUnknownId" runstate="Runnable" testcasecount="1" result="Passed" start-time="2023-07-19 15:24:58Z" end-time="2023-07-19 15:24:58Z" duration="0.002754" total="1" passed="1" failed="0" inconclusive="0" skipped="0" asserts="1">
        <test-case id="0-1091" name="TestEnumForUnknownId" fullname="Kaitai.SpecEnumForUnknownId.TestEnumForUnknownId" methodname="TestEnumForUnknownId" classname="Kaitai.SpecEnumForUnknownId" runstate="Runnable" seed="775289019" result="Passed" start-time="2023-07-19 15:24:58Z" end-time="2023-07-19 15:24:58Z" duration="0.000382" asserts="1" />
      </test-suite>
      <test-suite type="TestFixture" id="0-1092" name="SpecEnumIf" fullname="Kaitai.SpecEnumIf" classname="Kaitai.SpecEnumIf" runstate="Runnable" testcasecount="1" result="Passed" start-time="2023-07-19 15:24:58Z" end-time="2023-07-19 15:24:58Z" duration="0.003501" total="1" passed="1" failed="0" inconclusive="0" skipped="0" asserts="7">
        <test-case id="0-1093" name="TestEnumIf" fullname="Kaitai.SpecEnumIf.TestEnumIf" methodname="TestEnumIf" classname="Kaitai.SpecEnumIf" runstate="Runnable" seed="1166364735" result="Passed" start-time="2023-07-19 15:24:58Z" end-time="2023-07-19 15:24:58Z" duration="0.001138" asserts="7" />
      </test-suite>
      <test-suite type="TestFixture" id="0-1094" name="SpecEnumImport" fullname="Kaitai.SpecEnumImport" classname="Kaitai.SpecEnumImport" runstate="Runnable" testcasecount="1" result="Passed" start-time="2023-07-19 15:24:58Z" end-time="2023-07-19 15:24:58Z" duration="0.002788" total="1" passed="1" failed="0" inconclusive="0" skipped="0" asserts="2">
        <test-case id="0-1095" name="TestEnumImport" fullname="Kaitai.SpecEnumImport.TestEnumImport" methodname="TestEnumImport" classname="Kaitai.SpecEnumImport" runstate="Runnable" seed="1757181353" result="Passed" start-time="2023-07-19 15:24:58Z" end-time="2023-07-19 15:24:58Z" duration="0.000402" asserts="2" />
      </test-suite>
      <test-suite type="TestFixture" id="0-1096" name="SpecEnumIntRangeS" fullname="Kaitai.SpecEnumIntRangeS" classname="Kaitai.SpecEnumIntRangeS" runstate="Runnable" testcasecount="1" result="Passed" start-time="2023-07-19 15:24:58Z" end-time="2023-07-19 15:24:58Z" duration="0.002849" total="1" passed="1" failed="0" inconclusive="0" skipped="0" asserts="3">
        <test-case id="0-1097" name="TestEnumIntRangeS" fullname="Kaitai.SpecEnumIntRangeS.TestEnumIntRangeS" methodname="TestEnumIntRangeS" classname="Kaitai.SpecEnumIntRangeS" runstate="Runnable" seed="787150753" result="Passed" start-time="2023-07-19 15:24:58Z" end-time="2023-07-19 15:24:58Z" duration="0.000471" asserts="3" />
      </test-suite>
      <test-suite type="TestFixture" id="0-1098" name="SpecEnumInvalid" fullname="Kaitai.SpecEnumInvalid" classname="Kaitai.SpecEnumInvalid" runstate="Runnable" testcasecount="1" result="Passed" start-time="2023-07-19 15:24:58Z" end-time="2023-07-19 15:24:58Z" duration="0.002776" total="1" passed="1" failed="0" inconclusive="0" skipped="0" asserts="2">
        <test-case id="0-1099" name="TestEnumInvalid" fullname="Kaitai.SpecEnumInvalid.TestEnumInvalid" methodname="TestEnumInvalid" classname="Kaitai.SpecEnumInvalid" runstate="Runnable" seed="348757196" result="Passed" start-time="2023-07-19 15:24:58Z" end-time="2023-07-19 15:24:58Z" duration="0.000400" asserts="2" />
      </test-suite>
      <test-suite type="TestFixture" id="0-1100" name="SpecEnumNegative" fullname="Kaitai.SpecEnumNegative" classname="Kaitai.SpecEnumNegative" runstate="Runnable" testcasecount="1" result="Passed" start-time="2023-07-19 15:24:58Z" end-time="2023-07-19 15:24:58Z" duration="0.002845" total="1" passed="1" failed="0" inconclusive="0" skipped="0" asserts="2">
        <test-case id="0-1101" name="TestEnumNegative" fullname="Kaitai.SpecEnumNegative.TestEnumNegative" methodname="TestEnumNegative" classname="Kaitai.SpecEnumNegative" runstate="Runnable" seed="1068262613" result="Passed" start-time="2023-07-19 15:24:58Z" end-time="2023-07-19 15:24:58Z" duration="0.000468" asserts="2" />
      </test-suite>
      <test-suite type="TestFixture" id="0-1102" name="SpecEnumOfValueInst" fullname="Kaitai.SpecEnumOfValueInst" classname="Kaitai.SpecEnumOfValueInst" runstate="Runnable" testcasecount="1" result="Passed" start-time="2023-07-19 15:24:58Z" end-time="2023-07-19 15:24:58Z" duration="0.003017" total="1" passed="1" failed="0" inconclusive="0" skipped="0" asserts="4">
        <test-case id="0-1103" name="TestEnumOfValueInst" fullname="Kaitai.SpecEnumOfValueInst.TestEnumOfValueInst" methodname="TestEnumOfValueInst" classname="Kaitai.SpecEnumOfValueInst" runstate="Runnable" seed="73061377" result="Passed" start-time="2023-07-19 15:24:58Z" end-time="2023-07-19 15:24:58Z" duration="0.000625" asserts="4" />
      </test-suite>
      <test-suite type="TestFixture" id="0-1104" name="SpecEofExceptionBytes" fullname="Kaitai.SpecEofExceptionBytes" classname="Kaitai.SpecEofExceptionBytes" runstate="Runnable" testcasecount="1" result="Passed" start-time="2023-07-19 15:24:58Z" end-time="2023-07-19 15:24:58Z" duration="0.003690" total="1" passed="1" failed="0" inconclusive="0" skipped="0" asserts="1">
        <test-case id="0-1105" name="TestEofExceptionBytes" fullname="Kaitai.SpecEofExceptionBytes.TestEofExceptionBytes" methodname="TestEofExceptionBytes" classname="Kaitai.SpecEofExceptionBytes" runstate="Runnable" seed="253355986" result="Passed" start-time="2023-07-19 15:24:58Z" end-time="2023-07-19 15:24:58Z" duration="0.001289" asserts="1" />
      </test-suite>
      <test-suite type="TestFixture" id="0-1106" name="SpecEofExceptionU4" fullname="Kaitai.SpecEofExceptionU4" classname="Kaitai.SpecEofExceptionU4" runstate="Runnable" testcasecount="1" result="Passed" start-time="2023-07-19 15:24:58Z" end-time="2023-07-19 15:24:58Z" duration="0.002886" total="1" passed="1" failed="0" inconclusive="0" skipped="0" asserts="1">
        <test-case id="0-1107" name="TestEofExceptionU4" fullname="Kaitai.SpecEofExceptionU4.TestEofExceptionU4" methodname="TestEofExceptionU4" classname="Kaitai.SpecEofExceptionU4" runstate="Runnable" seed="1280508488" result="Passed" start-time="2023-07-19 15:24:58Z" end-time="2023-07-19 15:24:58Z" duration="0.000482" asserts="1" />
      </test-suite>
      <test-suite type="TestFixture" id="0-1108" name="SpecEosExceptionBytes" fullname="Kaitai.SpecEosExceptionBytes" classname="Kaitai.SpecEosExceptionBytes" runstate="Runnable" testcasecount="1" result="Passed" start-time="2023-07-19 15:24:58Z" end-time="2023-07-19 15:24:58Z" duration="0.002929" total="1" passed="1" failed="0" inconclusive="0" skipped="0" asserts="1">
        <test-case id="0-1109" name="TestEosExceptionBytes" fullname="Kaitai.SpecEosExceptionBytes.TestEosExceptionBytes" methodname="TestEosExceptionBytes" classname="Kaitai.SpecEosExceptionBytes" runstate="Runnable" seed="1575644798" result="Passed" start-time="2023-07-19 15:24:58Z" end-time="2023-07-19 15:24:58Z" duration="0.000533" asserts="1" />
      </test-suite>
      <test-suite type="TestFixture" id="0-1110" name="SpecEosExceptionU4" fullname="Kaitai.SpecEosExceptionU4" classname="Kaitai.SpecEosExceptionU4" runstate="Runnable" testcasecount="1" result="Passed" start-time="2023-07-19 15:24:58Z" end-time="2023-07-19 15:24:58Z" duration="0.002945" total="1" passed="1" failed="0" inconclusive="0" skipped="0" asserts="1">
        <test-case id="0-1111" name="TestEosExceptionU4" fullname="Kaitai.SpecEosExceptionU4.TestEosExceptionU4" methodname="TestEosExceptionU4" classname="Kaitai.SpecEosExceptionU4" runstate="Runnable" seed="1945705156" result="Passed" start-time="2023-07-19 15:24:58Z" end-time="2023-07-19 15:24:58Z" duration="0.000558" asserts="1" />
      </test-suite>
      <test-suite type="TestFixture" id="0-1112" name="SpecExpr0" fullname="Kaitai.SpecExpr0" classname="Kaitai.SpecExpr0" runstate="Runnable" testcasecount="1" result="Passed" start-time="2023-07-19 15:24:58Z" end-time="2023-07-19 15:24:58Z" duration="0.002850" total="1" passed="1" failed="0" inconclusive="0" skipped="0" asserts="2">
        <test-case id="0-1113" name="TestExpr0" fullname="Kaitai.SpecExpr0.TestExpr0" methodname="TestExpr0" classname="Kaitai.SpecExpr0" runstate="Runnable" seed="1397736142" result="Passed" start-time="2023-07-19 15:24:58Z" end-time="2023-07-19 15:24:58Z" duration="0.000465" asserts="2" />
      </test-suite>
      <test-suite type="TestFixture" id="0-1114" name="SpecExpr1" fullname="Kaitai.SpecExpr1" classname="Kaitai.SpecExpr1" runstate="Runnable" testcasecount="1" result="Passed" start-time="2023-07-19 15:24:58Z" end-time="2023-07-19 15:24:58Z" duration="0.002942" total="1" passed="1" failed="0" inconclusive="0" skipped="0" asserts="4">
        <test-case id="0-1115" name="TestExpr1" fullname="Kaitai.SpecExpr1.TestExpr1" methodname="TestExpr1" classname="Kaitai.SpecExpr1" runstate="Runnable" seed="147646194" result="Passed" start-time="2023-07-19 15:24:58Z" end-time="2023-07-19 15:24:58Z" duration="0.000559" asserts="4" />
      </test-suite>
      <test-suite type="TestFixture" id="0-1116" name="SpecExpr2" fullname="Kaitai.SpecExpr2" classname="Kaitai.SpecExpr2" runstate="Runnable" testcasecount="1" result="Passed" start-time="2023-07-19 15:24:58Z" end-time="2023-07-19 15:24:58Z" duration="0.004094" total="1" passed="1" failed="0" inconclusive="0" skipped="0" asserts="17">
        <test-case id="0-1117" name="TestExpr2" fullname="Kaitai.SpecExpr2.TestExpr2" methodname="TestExpr2" classname="Kaitai.SpecExpr2" runstate="Runnable" seed="633302979" result="Passed" start-time="2023-07-19 15:24:58Z" end-time="2023-07-19 15:24:58Z" duration="0.001713" asserts="17" />
      </test-suite>
      <test-suite type="TestFixture" id="0-1118" name="SpecExpr3" fullname="Kaitai.SpecExpr3" classname="Kaitai.SpecExpr3" runstate="Runnable" testcasecount="1" result="Passed" start-time="2023-07-19 15:24:58Z" end-time="2023-07-19 15:24:58Z" duration="0.003607" total="1" passed="1" failed="0" inconclusive="0" skipped="0" asserts="12">
        <test-case id="0-1119" name="TestExpr3" fullname="Kaitai.SpecExpr3.TestExpr3" methodname="TestExpr3" classname="Kaitai.SpecExpr3" runstate="Runnable" seed="1721055531" result="Passed" start-time="2023-07-19 15:24:58Z" end-time="2023-07-19 15:24:58Z" duration="0.001208" asserts="12" />
      </test-suite>
      <test-suite type="TestFixture" id="0-1120" name="SpecExprArray" fullname="Kaitai.SpecExprArray" classname="Kaitai.SpecExprArray" runstate="Runnable" testcasecount="1" result="Passed" start-time="2023-07-19 15:24:58Z" end-time="2023-07-19 15:24:58Z" duration="0.009249" total="1" passed="1" failed="0" inconclusive="0" skipped="0" asserts="15">
        <test-case id="0-1121" name="TestExprArray" fullname="Kaitai.SpecExprArray.TestExprArray" methodname="TestExprArray" classname="Kaitai.SpecExprArray" runstate="Runnable" seed="1085592785" result="Passed" start-time="2023-07-19 15:24:58Z" end-time="2023-07-19 15:24:58Z" duration="0.006855" asserts="15" />
      </test-suite>
      <test-suite type="TestFixture" id="0-1122" name="SpecExprBytesCmp" fullname="Kaitai.SpecExprBytesCmp" classname="Kaitai.SpecExprBytesCmp" runstate="Runnable" testcasecount="1" result="Passed" start-time="2023-07-19 15:24:58Z" end-time="2023-07-19 15:24:58Z" duration="0.003645" total="1" passed="1" failed="0" inconclusive="0" skipped="0" asserts="10">
        <test-case id="0-1123" name="TestExprBytesCmp" fullname="Kaitai.SpecExprBytesCmp.TestExprBytesCmp" methodname="TestExprBytesCmp" classname="Kaitai.SpecExprBytesCmp" runstate="Runnable" seed="539076431" result="Passed" start-time="2023-07-19 15:24:58Z" end-time="2023-07-19 15:24:58Z" duration="0.001247" asserts="10" />
      </test-suite>
      <test-suite type="TestFixture" id="0-1124" name="SpecExprBytesNonLiteral" fullname="Kaitai.SpecExprBytesNonLiteral" classname="Kaitai.SpecExprBytesNonLiteral" runstate="Runnable" testcasecount="1" result="Passed" start-time="2023-07-19 15:24:58Z" end-time="2023-07-19 15:24:58Z" duration="0.002878" total="1" passed="1" failed="0" inconclusive="0" skipped="0" asserts="3">
        <test-case id="0-1125" name="TestExprBytesNonLiteral" fullname="Kaitai.SpecExprBytesNonLiteral.TestExprBytesNonLiteral" methodname="TestExprBytesNonLiteral" classname="Kaitai.SpecExprBytesNonLiteral" runstate="Runnable" seed="730709639" result="Passed" start-time="2023-07-19 15:24:58Z" end-time="2023-07-19 15:24:58Z" duration="0.000493" asserts="3" />
      </test-suite>
      <test-suite type="TestFixture" id="0-1126" name="SpecExprBytesOps" fullname="Kaitai.SpecExprBytesOps" classname="Kaitai.SpecExprBytesOps" runstate="Runnable" testcasecount="1" result="Passed" start-time="2023-07-19 15:24:58Z" end-time="2023-07-19 15:24:58Z" duration="0.004995" total="1" passed="1" failed="0" inconclusive="0" skipped="0" asserts="16">
        <test-case id="0-1127" name="TestExprBytesOps" fullname="Kaitai.SpecExprBytesOps.TestExprBytesOps" methodname="TestExprBytesOps" classname="Kaitai.SpecExprBytesOps" runstate="Runnable" seed="899764748" result="Passed" start-time="2023-07-19 15:24:58Z" end-time="2023-07-19 15:24:58Z" duration="0.002595" asserts="16" />
      </test-suite>
      <test-suite type="TestFixture" id="0-1128" name="SpecExprCalcArrayOps" fullname="Kaitai.SpecExprCalcArrayOps" classname="Kaitai.SpecExprCalcArrayOps" runstate="Runnable" testcasecount="1" result="Passed" start-time="2023-07-19 15:24:58Z" end-time="2023-07-19 15:24:58Z" duration="0.005706" total="1" passed="1" failed="0" inconclusive="0" skipped="0" asserts="18">
        <test-case id="0-1129" name="TestExprCalcArrayOps" fullname="Kaitai.SpecExprCalcArrayOps.TestExprCalcArrayOps" methodname="TestExprCalcArrayOps" classname="Kaitai.SpecExprCalcArrayOps" runstate="Runnable" seed="1103432748" result="Passed" start-time="2023-07-19 15:24:58Z" end-time="2023-07-19 15:24:58Z" duration="0.003315" asserts="18" />
      </test-suite>
      <test-suite type="TestFixture" id="0-1130" name="SpecExprEnum" fullname="Kaitai.SpecExprEnum" classname="Kaitai.SpecExprEnum" runstate="Runnable" testcasecount="1" result="Passed" start-time="2023-07-19 15:24:58Z" end-time="2023-07-19 15:24:58Z" duration="0.002970" total="1" passed="1" failed="0" inconclusive="0" skipped="0" asserts="3">
        <test-case id="0-1131" name="TestExprEnum" fullname="Kaitai.SpecExprEnum.TestExprEnum" methodname="TestExprEnum" classname="Kaitai.SpecExprEnum" runstate="Runnable" seed="1852371296" result="Passed" start-time="2023-07-19 15:24:58Z" end-time="2023-07-19 15:24:58Z" duration="0.000583" asserts="3" />
      </test-suite>
      <test-suite type="TestFixture" id="0-1132" name="SpecExprIfIntOps" fullname="Kaitai.SpecExprIfIntOps" classname="Kaitai.SpecExprIfIntOps" runstate="Runnable" testcasecount="1" result="Passed" start-time="2023-07-19 15:24:58Z" end-time="2023-07-19 15:24:58Z" duration="0.003262" total="1" passed="1" failed="0" inconclusive="0" skipped="0" asserts="2">
        <test-case id="0-1133" name="TestExprIfIntOps" fullname="Kaitai.SpecExprIfIntOps.TestExprIfIntOps" methodname="TestExprIfIntOps" classname="Kaitai.SpecExprIfIntOps" runstate="Runnable" seed="386633698" result="Passed" start-time="2023-07-19 15:24:58Z" end-time="2023-07-19 15:24:58Z" duration="0.000867" asserts="2" />
      </test-suite>
      <test-suite type="TestFixture" id="0-1134" name="SpecExprIntDiv" fullname="Kaitai.SpecExprIntDiv" classname="Kaitai.SpecExprIntDiv" runstate="Runnable" testcasecount="1" result="Failed" site="Child" start-time="2023-07-19 15:24:58Z" end-time="2023-07-19 15:24:58Z" duration="0.013267" total="1" passed="0" failed="1" inconclusive="0" skipped="0" asserts="4">
        <failure>
          <message><![CDATA[One or more child tests had errors]]></message>
        </failure>
        <test-case id="0-1135" name="TestExprIntDiv" fullname="Kaitai.SpecExprIntDiv.TestExprIntDiv" methodname="TestExprIntDiv" classname="Kaitai.SpecExprIntDiv" runstate="Runnable" seed="2129812641" result="Failed" start-time="2023-07-19 15:24:58Z" end-time="2023-07-19 15:24:58Z" duration="0.010786" asserts="4">
          <failure>
            <message><![CDATA[  Expected: -756
  But was:  -757
]]></message>
            <stack-trace><![CDATA[at Kaitai.SpecExprIntDiv.TestExprIntDiv () [0x00069] in <82058e0269b84d3aa9882ce4774bf9fe>:0
]]></stack-trace>
          </failure>
        </test-case>
      </test-suite>
      <test-suite type="TestFixture" id="0-1136" name="SpecExprIoEof" fullname="Kaitai.SpecExprIoEof" classname="Kaitai.SpecExprIoEof" runstate="Runnable" testcasecount="1" result="Passed" start-time="2023-07-19 15:24:58Z" end-time="2023-07-19 15:24:58Z" duration="0.003451" total="1" passed="1" failed="0" inconclusive="0" skipped="0" asserts="4">
        <test-case id="0-1137" name="TestExprIoEof" fullname="Kaitai.SpecExprIoEof.TestExprIoEof" methodname="TestExprIoEof" classname="Kaitai.SpecExprIoEof" runstate="Runnable" seed="969387986" result="Passed" start-time="2023-07-19 15:24:58Z" end-time="2023-07-19 15:24:58Z" duration="0.001051" asserts="4" />
      </test-suite>
      <test-suite type="TestFixture" id="0-1138" name="SpecExprIoPos" fullname="Kaitai.SpecExprIoPos" classname="Kaitai.SpecExprIoPos" runstate="Runnable" testcasecount="1" result="Passed" start-time="2023-07-19 15:24:58Z" end-time="2023-07-19 15:24:58Z" duration="0.003186" total="1" passed="1" failed="0" inconclusive="0" skipped="0" asserts="6">
        <test-case id="0-1139" name="TestExprIoPos" fullname="Kaitai.SpecExprIoPos.TestExprIoPos" methodname="TestExprIoPos" classname="Kaitai.SpecExprIoPos" runstate="Runnable" seed="429601809" result="Passed" start-time="2023-07-19 15:24:58Z" end-time="2023-07-19 15:24:58Z" duration="0.000799" asserts="6" />
      </test-suite>
      <test-suite type="TestFixture" id="0-1140" name="SpecExprMod" fullname="Kaitai.SpecExprMod" classname="Kaitai.SpecExprMod" runstate="Runnable" testcasecount="1" result="Passed" start-time="2023-07-19 15:24:58Z" end-time="2023-07-19 15:24:58Z" duration="0.003197" total="1" passed="1" failed="0" inconclusive="0" skipped="0" asserts="6">
        <test-case id="0-1141" name="TestExprMod" fullname="Kaitai.SpecExprMod.TestExprMod" methodname="TestExprMod" classname="Kaitai.SpecExprMod" runstate="Runnable" seed="1924542924" result="Passed" start-time="2023-07-19 15:24:58Z" end-time="2023-07-19 15:24:58Z" duration="0.000803" asserts="6" />
      </test-suite>
      <test-suite type="TestFixture" id="0-1142" name="SpecExprSizeofType0" fullname="Kaitai.SpecExprSizeofType0" classname="Kaitai.SpecExprSizeofType0" runstate="Runnable" testcasecount="1" result="Passed" start-time="2023-07-19 15:24:58Z" end-time="2023-07-19 15:24:58Z" duration="0.002726" total="1" passed="1" failed="0" inconclusive="0" skipped="0" asserts="1">
        <test-case id="0-1143" name="TestExprSizeofType0" fullname="Kaitai.SpecExprSizeofType0.TestExprSizeofType0" methodname="TestExprSizeofType0" classname="Kaitai.SpecExprSizeofType0" runstate="Runnable" seed="1297528250" result="Passed" start-time="2023-07-19 15:24:58Z" end-time="2023-07-19 15:24:58Z" duration="0.000346" asserts="1" />
      </test-suite>
      <test-suite type="TestFixture" id="0-1144" name="SpecExprSizeofType1" fullname="Kaitai.SpecExprSizeofType1" classname="Kaitai.SpecExprSizeofType1" runstate="Runnable" testcasecount="1" result="Passed" start-time="2023-07-19 15:24:58Z" end-time="2023-07-19 15:24:58Z" duration="0.002846" total="1" passed="1" failed="0" inconclusive="0" skipped="0" asserts="2">
        <test-case id="0-1145" name="TestExprSizeofType1" fullname="Kaitai.SpecExprSizeofType1.TestExprSizeofType1" methodname="TestExprSizeofType1" classname="Kaitai.SpecExprSizeofType1" runstate="Runnable" seed="2116734543" result="Passed" start-time="2023-07-19 15:24:58Z" end-time="2023-07-19 15:24:58Z" duration="0.000395" asserts="2" />
      </test-suite>
      <test-suite type="TestFixture" id="0-1146" name="SpecExprSizeofValue0" fullname="Kaitai.SpecExprSizeofValue0" classname="Kaitai.SpecExprSizeofValue0" runstate="Runnable" testcasecount="1" result="Passed" start-time="2023-07-19 15:24:58Z" end-time="2023-07-19 15:24:58Z" duration="0.003040" total="1" passed="1" failed="0" inconclusive="0" skipped="0" asserts="5">
        <test-case id="0-1147" name="TestExprSizeofValue0" fullname="Kaitai.SpecExprSizeofValue0.TestExprSizeofValue0" methodname="TestExprSizeofValue0" classname="Kaitai.SpecExprSizeofValue0" runstate="Runnable" seed="276467620" result="Passed" start-time="2023-07-19 15:24:58Z" end-time="2023-07-19 15:24:58Z" duration="0.000668" asserts="5" />
      </test-suite>
      <test-suite type="TestFixture" id="0-1148" name="SpecExprSizeofValueSized" fullname="Kaitai.SpecExprSizeofValueSized" classname="Kaitai.SpecExprSizeofValueSized" runstate="Runnable" testcasecount="1" result="Passed" start-time="2023-07-19 15:24:58Z" end-time="2023-07-19 15:24:58Z" duration="0.003054" total="1" passed="1" failed="0" inconclusive="0" skipped="0" asserts="5">
        <test-case id="0-1149" name="TestExprSizeofValueSized" fullname="Kaitai.SpecExprSizeofValueSized.TestExprSizeofValueSized" methodname="TestExprSizeofValueSized" classname="Kaitai.SpecExprSizeofValueSized" runstate="Runnable" seed="894917952" result="Passed" start-time="2023-07-19 15:24:58Z" end-time="2023-07-19 15:24:58Z" duration="0.000721" asserts="5" />
      </test-suite>
      <test-suite type="TestFixture" id="0-1150" name="SpecExprStrEncodings" fullname="Kaitai.SpecExprStrEncodings" classname="Kaitai.SpecExprStrEncodings" runstate="Runnable" testcasecount="1" result="Passed" start-time="2023-07-19 15:24:58Z" end-time="2023-07-19 15:24:58Z" duration="0.098984" total="1" passed="1" failed="0" inconclusive="0" skipped="0" asserts="7">
        <test-case id="0-1151" name="TestExprStrEncodings" fullname="Kaitai.SpecExprStrEncodings.TestExprStrEncodings" methodname="TestExprStrEncodings" classname="Kaitai.SpecExprStrEncodings" runstate="Runnable" seed="844523448" result="Passed" start-time="2023-07-19 15:24:58Z" end-time="2023-07-19 15:24:58Z" duration="0.096566" asserts="7" />
      </test-suite>
      <test-suite type="TestFixture" id="0-1152" name="SpecExprStrOps" fullname="Kaitai.SpecExprStrOps" classname="Kaitai.SpecExprStrOps" runstate="Runnable" testcasecount="1" result="Passed" start-time="2023-07-19 15:24:58Z" end-time="2023-07-19 15:24:58Z" duration="0.005963" total="1" passed="1" failed="0" inconclusive="0" skipped="0" asserts="17">
        <test-case id="0-1153" name="TestExprStrOps" fullname="Kaitai.SpecExprStrOps.TestExprStrOps" methodname="TestExprStrOps" classname="Kaitai.SpecExprStrOps" runstate="Runnable" seed="1079188638" result="Passed" start-time="2023-07-19 15:24:58Z" end-time="2023-07-19 15:24:58Z" duration="0.003525" asserts="17" />
      </test-suite>
      <test-suite type="TestFixture" id="0-1154" name="SpecFixedContents" fullname="Kaitai.SpecFixedContents" classname="Kaitai.SpecFixedContents" runstate="Runnable" testcasecount="1" result="Passed" start-time="2023-07-19 15:24:58Z" end-time="2023-07-19 15:24:58Z" duration="0.002914" total="1" passed="1" failed="0" inconclusive="0" skipped="0" asserts="0">
        <test-case id="0-1155" name="TestFixedContents" fullname="Kaitai.SpecFixedContents.TestFixedContents" methodname="TestFixedContents" classname="Kaitai.SpecFixedContents" runstate="Runnable" seed="230658722" result="Passed" start-time="2023-07-19 15:24:58Z" end-time="2023-07-19 15:24:58Z" duration="0.000520" asserts="0" />
      </test-suite>
      <test-suite type="TestFixture" id="0-1156" name="SpecFixedStruct" fullname="Kaitai.SpecFixedStruct" classname="Kaitai.SpecFixedStruct" runstate="Runnable" testcasecount="1" result="Passed" start-time="2023-07-19 15:24:58Z" end-time="2023-07-19 15:24:58Z" duration="0.004541" total="1" passed="1" failed="0" inconclusive="0" skipped="0" asserts="20">
        <test-case id="0-1157" name="TestFixedStruct" fullname="Kaitai.SpecFixedStruct.TestFixedStruct" methodname="TestFixedStruct" classname="Kaitai.SpecFixedStruct" runstate="Runnable" seed="2061800119" result="Passed" start-time="2023-07-19 15:24:58Z" end-time="2023-07-19 15:24:58Z" duration="0.002142" asserts="20" />
      </test-suite>
      <test-suite type="TestFixture" id="0-1160" name="SpecFloatingPoints" fullname="Kaitai.SpecFloatingPoints" classname="Kaitai.SpecFloatingPoints" runstate="Runnable" testcasecount="1" result="Passed" start-time="2023-07-19 15:24:58Z" end-time="2023-07-19 15:24:58Z" duration="0.003253" total="1" passed="1" failed="0" inconclusive="0" skipped="0" asserts="8">
        <test-case id="0-1161" name="TestFloatingPoints" fullname="Kaitai.SpecFloatingPoints.TestFloatingPoints" methodname="TestFloatingPoints" classname="Kaitai.SpecFloatingPoints" runstate="Runnable" seed="1141489781" result="Passed" start-time="2023-07-19 15:24:58Z" end-time="2023-07-19 15:24:58Z" duration="0.000865" asserts="8" />
      </test-suite>
      <test-suite type="TestFixture" id="0-1158" name="SpecFloatToI" fullname="Kaitai.SpecFloatToI" classname="Kaitai.SpecFloatToI" runstate="Runnable" testcasecount="1" result="Passed" start-time="2023-07-19 15:24:58Z" end-time="2023-07-19 15:24:58Z" duration="0.003265" total="1" passed="1" failed="0" inconclusive="0" skipped="0" asserts="8">
        <test-case id="0-1159" name="TestFloatToI" fullname="Kaitai.SpecFloatToI.TestFloatToI" methodname="TestFloatToI" classname="Kaitai.SpecFloatToI" runstate="Runnable" seed="1499714195" result="Passed" start-time="2023-07-19 15:24:58Z" end-time="2023-07-19 15:24:58Z" duration="0.000879" asserts="8" />
      </test-suite>
      <test-suite type="TestFixture" id="0-1162" name="SpecHelloWorld" fullname="Kaitai.SpecHelloWorld" classname="Kaitai.SpecHelloWorld" runstate="Runnable" testcasecount="1" result="Passed" start-time="2023-07-19 15:24:58Z" end-time="2023-07-19 15:24:58Z" duration="0.002631" total="1" passed="1" failed="0" inconclusive="0" skipped="0" asserts="1">
        <test-case id="0-1163" name="TestHelloWorld" fullname="Kaitai.SpecHelloWorld.TestHelloWorld" methodname="TestHelloWorld" classname="Kaitai.SpecHelloWorld" runstate="Runnable" seed="813235533" result="Passed" start-time="2023-07-19 15:24:58Z" end-time="2023-07-19 15:24:58Z" duration="0.000245" asserts="1" />
      </test-suite>
      <test-suite type="TestFixture" id="0-1164" name="SpecIfInstances" fullname="Kaitai.SpecIfInstances" classname="Kaitai.SpecIfInstances" runstate="Runnable" testcasecount="1" result="Passed" start-time="2023-07-19 15:24:58Z" end-time="2023-07-19 15:24:58Z" duration="0.002894" total="1" passed="1" failed="0" inconclusive="0" skipped="0" asserts="1">
        <test-case id="0-1165" name="TestIfInstances" fullname="Kaitai.SpecIfInstances.TestIfInstances" methodname="TestIfInstances" classname="Kaitai.SpecIfInstances" runstate="Runnable" seed="820595576" result="Passed" start-time="2023-07-19 15:24:58Z" end-time="2023-07-19 15:24:58Z" duration="0.000498" asserts="1" />
      </test-suite>
      <test-suite type="TestFixture" id="0-1166" name="SpecIfStruct" fullname="Kaitai.SpecIfStruct" classname="Kaitai.SpecIfStruct" runstate="Runnable" testcasecount="1" result="Passed" start-time="2023-07-19 15:24:58Z" end-time="2023-07-19 15:24:58Z" duration="0.003357" total="1" passed="1" failed="0" inconclusive="0" skipped="0" asserts="7">
        <test-case id="0-1167" name="TestIfStruct" fullname="Kaitai.SpecIfStruct.TestIfStruct" methodname="TestIfStruct" classname="Kaitai.SpecIfStruct" runstate="Runnable" seed="175717688" result="Passed" start-time="2023-07-19 15:24:58Z" end-time="2023-07-19 15:24:58Z" duration="0.000961" asserts="7" />
      </test-suite>
      <test-suite type="TestFixture" id="0-1168" name="SpecIfValues" fullname="Kaitai.SpecIfValues" classname="Kaitai.SpecIfValues" runstate="Runnable" testcasecount="1" result="Passed" start-time="2023-07-19 15:24:58Z" end-time="2023-07-19 15:24:58Z" duration="0.003608" total="1" passed="1" failed="0" inconclusive="0" skipped="0" asserts="6">
        <test-case id="0-1169" name="TestIfValues" fullname="Kaitai.SpecIfValues.TestIfValues" methodname="TestIfValues" classname="Kaitai.SpecIfValues" runstate="Runnable" seed="881708842" result="Passed" start-time="2023-07-19 15:24:58Z" end-time="2023-07-19 15:24:58Z" duration="0.001213" asserts="6" />
      </test-suite>
      <test-suite type="TestFixture" id="0-1170" name="SpecImports0" fullname="Kaitai.SpecImports0" classname="Kaitai.SpecImports0" runstate="Runnable" testcasecount="1" result="Passed" start-time="2023-07-19 15:24:58Z" end-time="2023-07-19 15:24:58Z" duration="0.002900" total="1" passed="1" failed="0" inconclusive="0" skipped="0" asserts="3">
        <test-case id="0-1171" name="TestImports0" fullname="Kaitai.SpecImports0.TestImports0" methodname="TestImports0" classname="Kaitai.SpecImports0" runstate="Runnable" seed="924738582" result="Passed" start-time="2023-07-19 15:24:58Z" end-time="2023-07-19 15:24:58Z" duration="0.000514" asserts="3" />
      </test-suite>
      <test-suite type="TestFixture" id="0-1172" name="SpecImportsAbs" fullname="Kaitai.SpecImportsAbs" classname="Kaitai.SpecImportsAbs" runstate="Runnable" testcasecount="1" result="Passed" start-time="2023-07-19 15:24:58Z" end-time="2023-07-19 15:24:58Z" duration="0.003660" total="1" passed="1" failed="0" inconclusive="0" skipped="0" asserts="2">
        <test-case id="0-1173" name="TestImportsAbs" fullname="Kaitai.SpecImportsAbs.TestImportsAbs" methodname="TestImportsAbs" classname="Kaitai.SpecImportsAbs" runstate="Runnable" seed="1634437172" result="Passed" start-time="2023-07-19 15:24:58Z" end-time="2023-07-19 15:24:58Z" duration="0.001277" asserts="2" />
      </test-suite>
      <test-suite type="TestFixture" id="0-1174" name="SpecImportsAbsAbs" fullname="Kaitai.SpecImportsAbsAbs" classname="Kaitai.SpecImportsAbsAbs" runstate="Runnable" testcasecount="1" result="Passed" start-time="2023-07-19 15:24:58Z" end-time="2023-07-19 15:24:58Z" duration="0.003005" total="1" passed="1" failed="0" inconclusive="0" skipped="0" asserts="3">
        <test-case id="0-1175" name="TestImportsAbsAbs" fullname="Kaitai.SpecImportsAbsAbs.TestImportsAbsAbs" methodname="TestImportsAbsAbs" classname="Kaitai.SpecImportsAbsAbs" runstate="Runnable" seed="791887823" result="Passed" start-time="2023-07-19 15:24:58Z" end-time="2023-07-19 15:24:58Z" duration="0.000622" asserts="3" />
      </test-suite>
      <test-suite type="TestFixture" id="0-1176" name="SpecImportsAbsRel" fullname="Kaitai.SpecImportsAbsRel" classname="Kaitai.SpecImportsAbsRel" runstate="Runnable" testcasecount="1" result="Passed" start-time="2023-07-19 15:24:58Z" end-time="2023-07-19 15:24:58Z" duration="0.002923" total="1" passed="1" failed="0" inconclusive="0" skipped="0" asserts="3">
        <test-case id="0-1177" name="TestImportsAbsRel" fullname="Kaitai.SpecImportsAbsRel.TestImportsAbsRel" methodname="TestImportsAbsRel" classname="Kaitai.SpecImportsAbsRel" runstate="Runnable" seed="1066402874" result="Passed" start-time="2023-07-19 15:24:58Z" end-time="2023-07-19 15:24:58Z" duration="0.000541" asserts="3" />
      </test-suite>
      <test-suite type="TestFixture" id="0-1178" name="SpecImportsCircularA" fullname="Kaitai.SpecImportsCircularA" classname="Kaitai.SpecImportsCircularA" runstate="Runnable" testcasecount="1" result="Passed" start-time="2023-07-19 15:24:58Z" end-time="2023-07-19 15:24:58Z" duration="0.002993" total="1" passed="1" failed="0" inconclusive="0" skipped="0" asserts="5">
        <test-case id="0-1179" name="TestImportsCircularA" fullname="Kaitai.SpecImportsCircularA.TestImportsCircularA" methodname="TestImportsCircularA" classname="Kaitai.SpecImportsCircularA" runstate="Runnable" seed="1949864155" result="Passed" start-time="2023-07-19 15:24:58Z" end-time="2023-07-19 15:24:58Z" duration="0.000614" asserts="5" />
      </test-suite>
      <test-suite type="TestFixture" id="0-1180" name="SpecImportsRel1" fullname="Kaitai.SpecImportsRel1" classname="Kaitai.SpecImportsRel1" runstate="Runnable" testcasecount="1" result="Passed" start-time="2023-07-19 15:24:58Z" end-time="2023-07-19 15:24:58Z" duration="0.002991" total="1" passed="1" failed="0" inconclusive="0" skipped="0" asserts="3">
        <test-case id="0-1181" name="TestImportsRel1" fullname="Kaitai.SpecImportsRel1.TestImportsRel1" methodname="TestImportsRel1" classname="Kaitai.SpecImportsRel1" runstate="Runnable" seed="1807429601" result="Passed" start-time="2023-07-19 15:24:58Z" end-time="2023-07-19 15:24:58Z" duration="0.000614" asserts="3" />
      </test-suite>
      <test-suite type="TestFixture" id="0-1182" name="SpecIndexSizes" fullname="Kaitai.SpecIndexSizes" classname="Kaitai.SpecIndexSizes" runstate="Runnable" testcasecount="1" result="Passed" start-time="2023-07-19 15:24:58Z" end-time="2023-07-19 15:24:58Z" duration="0.003217" total="1" passed="1" failed="0" inconclusive="0" skipped="0" asserts="7">
        <test-case id="0-1183" name="TestIndexSizes" fullname="Kaitai.SpecIndexSizes.TestIndexSizes" methodname="TestIndexSizes" classname="Kaitai.SpecIndexSizes" runstate="Runnable" seed="1703032885" result="Passed" start-time="2023-07-19 15:24:58Z" end-time="2023-07-19 15:24:58Z" duration="0.000835" asserts="7" />
      </test-suite>
      <test-suite type="TestFixture" id="0-1184" name="SpecIndexToParamEos" fullname="Kaitai.SpecIndexToParamEos" classname="Kaitai.SpecIndexToParamEos" runstate="Runnable" testcasecount="1" result="Passed" start-time="2023-07-19 15:24:58Z" end-time="2023-07-19 15:24:58Z" duration="0.003501" total="1" passed="1" failed="0" inconclusive="0" skipped="0" asserts="7">
        <test-case id="0-1185" name="TestIndexToParamEos" fullname="Kaitai.SpecIndexToParamEos.TestIndexToParamEos" methodname="TestIndexToParamEos" classname="Kaitai.SpecIndexToParamEos" runstate="Runnable" seed="1736934894" result="Passed" start-time="2023-07-19 15:24:58Z" end-time="2023-07-19 15:24:58Z" duration="0.001113" asserts="7" />
      </test-suite>
      <test-suite type="TestFixture" id="0-1186" name="SpecIndexToParamExpr" fullname="Kaitai.SpecIndexToParamExpr" classname="Kaitai.SpecIndexToParamExpr" runstate="Runnable" testcasecount="1" result="Passed" start-time="2023-07-19 15:24:58Z" end-time="2023-07-19 15:24:58Z" duration="0.003519" total="1" passed="1" failed="0" inconclusive="0" skipped="0" asserts="7">
        <test-case id="0-1187" name="TestIndexToParamExpr" fullname="Kaitai.SpecIndexToParamExpr.TestIndexToParamExpr" methodname="TestIndexToParamExpr" classname="Kaitai.SpecIndexToParamExpr" runstate="Runnable" seed="73332361" result="Passed" start-time="2023-07-19 15:24:58Z" end-time="2023-07-19 15:24:58Z" duration="0.001131" asserts="7" />
      </test-suite>
      <test-suite type="TestFixture" id="0-1188" name="SpecIndexToParamUntil" fullname="Kaitai.SpecIndexToParamUntil" classname="Kaitai.SpecIndexToParamUntil" runstate="Runnable" testcasecount="1" result="Passed" start-time="2023-07-19 15:24:58Z" end-time="2023-07-19 15:24:58Z" duration="0.003520" total="1" passed="1" failed="0" inconclusive="0" skipped="0" asserts="7">
        <test-case id="0-1189" name="TestIndexToParamUntil" fullname="Kaitai.SpecIndexToParamUntil.TestIndexToParamUntil" methodname="TestIndexToParamUntil" classname="Kaitai.SpecIndexToParamUntil" runstate="Runnable" seed="2145229412" result="Passed" start-time="2023-07-19 15:24:58Z" end-time="2023-07-19 15:24:58Z" duration="0.001121" asserts="7" />
      </test-suite>
      <test-suite type="TestFixture" id="0-1190" name="SpecInstanceIoUser" fullname="Kaitai.SpecInstanceIoUser" classname="Kaitai.SpecInstanceIoUser" runstate="Runnable" testcasecount="1" result="Passed" start-time="2023-07-19 15:24:58Z" end-time="2023-07-19 15:24:58Z" duration="0.003796" total="1" passed="1" failed="0" inconclusive="0" skipped="0" asserts="4">
        <test-case id="0-1191" name="TestInstanceIoUser" fullname="Kaitai.SpecInstanceIoUser.TestInstanceIoUser" methodname="TestInstanceIoUser" classname="Kaitai.SpecInstanceIoUser" runstate="Runnable" seed="1663482066" result="Passed" start-time="2023-07-19 15:24:58Z" end-time="2023-07-19 15:24:58Z" duration="0.001396" asserts="4" />
      </test-suite>
      <test-suite type="TestFixture" id="0-1192" name="SpecInstanceStd" fullname="Kaitai.SpecInstanceStd" classname="Kaitai.SpecInstanceStd" runstate="Runnable" testcasecount="1" result="Passed" start-time="2023-07-19 15:24:58Z" end-time="2023-07-19 15:24:58Z" duration="0.002847" total="1" passed="1" failed="0" inconclusive="0" skipped="0" asserts="1">
        <test-case id="0-1193" name="TestInstanceStd" fullname="Kaitai.SpecInstanceStd.TestInstanceStd" methodname="TestInstanceStd" classname="Kaitai.SpecInstanceStd" runstate="Runnable" seed="1007320974" result="Passed" start-time="2023-07-19 15:24:58Z" end-time="2023-07-19 15:24:58Z" duration="0.000460" asserts="1" />
      </test-suite>
      <test-suite type="TestFixture" id="0-1194" name="SpecInstanceStdArray" fullname="Kaitai.SpecInstanceStdArray" classname="Kaitai.SpecInstanceStdArray" runstate="Runnable" testcasecount="1" result="Passed" start-time="2023-07-19 15:24:58Z" end-time="2023-07-19 15:24:58Z" duration="0.003236" total="1" passed="1" failed="0" inconclusive="0" skipped="0" asserts="7">
        <test-case id="0-1195" name="TestInstanceStdArray" fullname="Kaitai.SpecInstanceStdArray.TestInstanceStdArray" methodname="TestInstanceStdArray" classname="Kaitai.SpecInstanceStdArray" runstate="Runnable" seed="1190460444" result="Passed" start-time="2023-07-19 15:24:58Z" end-time="2023-07-19 15:24:58Z" duration="0.000849" asserts="7" />
      </test-suite>
      <test-suite type="TestFixture" id="0-1196" name="SpecIntegers" fullname="Kaitai.SpecIntegers" classname="Kaitai.SpecIntegers" runstate="Runnable" testcasecount="1" result="Passed" start-time="2023-07-19 15:24:58Z" end-time="2023-07-19 15:24:58Z" duration="0.003826" total="1" passed="1" failed="0" inconclusive="0" skipped="0" asserts="20">
        <test-case id="0-1197" name="TestIntegers" fullname="Kaitai.SpecIntegers.TestIntegers" methodname="TestIntegers" classname="Kaitai.SpecIntegers" runstate="Runnable" seed="883647260" result="Passed" start-time="2023-07-19 15:24:58Z" end-time="2023-07-19 15:24:58Z" duration="0.001442" asserts="20" />
      </test-suite>
      <test-suite type="TestFixture" id="0-1198" name="SpecIntegersDoubleOverflow" fullname="Kaitai.SpecIntegersDoubleOverflow" classname="Kaitai.SpecIntegersDoubleOverflow" runstate="Runnable" testcasecount="1" result="Passed" start-time="2023-07-19 15:24:58Z" end-time="2023-07-19 15:24:58Z" duration="0.003015" total="1" passed="1" failed="0" inconclusive="0" skipped="0" asserts="8">
        <test-case id="0-1199" name="TestIntegersDoubleOverflow" fullname="Kaitai.SpecIntegersDoubleOverflow.TestIntegersDoubleOverflow" methodname="TestIntegersDoubleOverflow" classname="Kaitai.SpecIntegersDoubleOverflow" runstate="Runnable" seed="517834395" result="Passed" start-time="2023-07-19 15:24:58Z" end-time="2023-07-19 15:24:58Z" duration="0.000624" asserts="8" />
      </test-suite>
      <test-suite type="TestFixture" id="0-1200" name="SpecIntegersMinMax" fullname="Kaitai.SpecIntegersMinMax" classname="Kaitai.SpecIntegersMinMax" runstate="Runnable" testcasecount="1" result="Passed" start-time="2023-07-19 15:24:58Z" end-time="2023-07-19 15:24:58Z" duration="0.003969" total="1" passed="1" failed="0" inconclusive="0" skipped="0" asserts="28">
        <test-case id="0-1201" name="TestIntegersMinMax" fullname="Kaitai.SpecIntegersMinMax.TestIntegersMinMax" methodname="TestIntegersMinMax" classname="Kaitai.SpecIntegersMinMax" runstate="Runnable" seed="1094048858" result="Passed" start-time="2023-07-19 15:24:58Z" end-time="2023-07-19 15:24:58Z" duration="0.001548" asserts="28" />
      </test-suite>
      <test-suite type="TestFixture" id="0-1202" name="SpecIoLocalVar" fullname="Kaitai.SpecIoLocalVar" classname="Kaitai.SpecIoLocalVar" runstate="Runnable" testcasecount="1" result="Passed" start-time="2023-07-19 15:24:58Z" end-time="2023-07-19 15:24:58Z" duration="0.003131" total="1" passed="1" failed="0" inconclusive="0" skipped="0" asserts="2">
        <test-case id="0-1203" name="TestIoLocalVar" fullname="Kaitai.SpecIoLocalVar.TestIoLocalVar" methodname="TestIoLocalVar" classname="Kaitai.SpecIoLocalVar" runstate="Runnable" seed="1444318938" result="Passed" start-time="2023-07-19 15:24:58Z" end-time="2023-07-19 15:24:58Z" duration="0.000749" asserts="2" />
      </test-suite>
      <test-suite type="TestFixture" id="0-1204" name="SpecJsSignedRightShift" fullname="Kaitai.SpecJsSignedRightShift" classname="Kaitai.SpecJsSignedRightShift" runstate="Runnable" testcasecount="1" result="Passed" start-time="2023-07-19 15:24:58Z" end-time="2023-07-19 15:24:58Z" duration="0.002763" total="1" passed="1" failed="0" inconclusive="0" skipped="0" asserts="2">
        <test-case id="0-1205" name="TestJsSignedRightShift" fullname="Kaitai.SpecJsSignedRightShift.TestJsSignedRightShift" methodname="TestJsSignedRightShift" classname="Kaitai.SpecJsSignedRightShift" runstate="Runnable" seed="577158723" result="Passed" start-time="2023-07-19 15:24:58Z" end-time="2023-07-19 15:24:58Z" duration="0.000393" asserts="2" />
      </test-suite>
      <test-suite type="TestFixture" id="0-1206" name="SpecMetaTags" fullname="Kaitai.SpecMetaTags" classname="Kaitai.SpecMetaTags" runstate="Runnable" testcasecount="1" result="Passed" start-time="2023-07-19 15:24:58Z" end-time="2023-07-19 15:24:58Z" duration="0.002643" total="1" passed="1" failed="0" inconclusive="0" skipped="0" asserts="0">
        <test-case id="0-1207" name="TestMetaTags" fullname="Kaitai.SpecMetaTags.TestMetaTags" methodname="TestMetaTags" classname="Kaitai.SpecMetaTags" runstate="Runnable" seed="224713333" result="Passed" start-time="2023-07-19 15:24:58Z" end-time="2023-07-19 15:24:58Z" duration="0.000266" asserts="0" />
      </test-suite>
      <test-suite type="TestFixture" id="0-1208" name="SpecMetaXref" fullname="Kaitai.SpecMetaXref" classname="Kaitai.SpecMetaXref" runstate="Runnable" testcasecount="1" result="Passed" start-time="2023-07-19 15:24:58Z" end-time="2023-07-19 15:24:58Z" duration="0.002630" total="1" passed="1" failed="0" inconclusive="0" skipped="0" asserts="0">
        <test-case id="0-1209" name="TestMetaXref" fullname="Kaitai.SpecMetaXref.TestMetaXref" methodname="TestMetaXref" classname="Kaitai.SpecMetaXref" runstate="Runnable" seed="1839318085" result="Passed" start-time="2023-07-19 15:24:58Z" end-time="2023-07-19 15:24:58Z" duration="0.000253" asserts="0" />
      </test-suite>
      <test-suite type="TestFixture" id="0-1210" name="SpecMultipleUse" fullname="Kaitai.SpecMultipleUse" classname="Kaitai.SpecMultipleUse" runstate="Runnable" testcasecount="1" result="Passed" start-time="2023-07-19 15:24:58Z" end-time="2023-07-19 15:24:58Z" duration="0.003099" total="1" passed="1" failed="0" inconclusive="0" skipped="0" asserts="2">
        <test-case id="0-1211" name="TestMultipleUse" fullname="Kaitai.SpecMultipleUse.TestMultipleUse" methodname="TestMultipleUse" classname="Kaitai.SpecMultipleUse" runstate="Runnable" seed="853975953" result="Passed" start-time="2023-07-19 15:24:58Z" end-time="2023-07-19 15:24:58Z" duration="0.000717" asserts="2" />
      </test-suite>
      <test-suite type="TestFixture" id="0-1212" name="SpecNavParent" fullname="Kaitai.SpecNavParent" classname="Kaitai.SpecNavParent" runstate="Runnable" testcasecount="1" result="Passed" start-time="2023-07-19 15:24:58Z" end-time="2023-07-19 15:24:58Z" duration="0.003568" total="1" passed="1" failed="0" inconclusive="0" skipped="0" asserts="5">
        <test-case id="0-1213" name="TestNavParent" fullname="Kaitai.SpecNavParent.TestNavParent" methodname="TestNavParent" classname="Kaitai.SpecNavParent" runstate="Runnable" seed="274855942" result="Passed" start-time="2023-07-19 15:24:58Z" end-time="2023-07-19 15:24:58Z" duration="0.001169" asserts="5" />
      </test-suite>
      <test-suite type="TestFixture" id="0-1214" name="SpecNavParent2" fullname="Kaitai.SpecNavParent2" classname="Kaitai.SpecNavParent2" runstate="Runnable" testcasecount="1" result="Passed" start-time="2023-07-19 15:24:58Z" end-time="2023-07-19 15:24:58Z" duration="0.003834" total="1" passed="1" failed="0" inconclusive="0" skipped="0" asserts="10">
        <test-case id="0-1215" name="TestNavParent2" fullname="Kaitai.SpecNavParent2.TestNavParent2" methodname="TestNavParent2" classname="Kaitai.SpecNavParent2" runstate="Runnable" seed="1776058742" result="Passed" start-time="2023-07-19 15:24:58Z" end-time="2023-07-19 15:24:58Z" duration="0.001441" asserts="10" />
      </test-suite>
      <test-suite type="TestFixture" id="0-1216" name="SpecNavParent3" fullname="Kaitai.SpecNavParent3" classname="Kaitai.SpecNavParent3" runstate="Runnable" testcasecount="1" result="Passed" start-time="2023-07-19 15:24:58Z" end-time="2023-07-19 15:24:58Z" duration="0.003835" total="1" passed="1" failed="0" inconclusive="0" skipped="0" asserts="10">
        <test-case id="0-1217" name="TestNavParent3" fullname="Kaitai.SpecNavParent3.TestNavParent3" methodname="TestNavParent3" classname="Kaitai.SpecNavParent3" runstate="Runnable" seed="923638263" result="Passed" start-time="2023-07-19 15:24:58Z" end-time="2023-07-19 15:24:58Z" duration="0.001447" asserts="10" />
      </test-suite>
      <test-suite type="TestFixture" id="0-1218" name="SpecNavParentFalse" fullname="Kaitai.SpecNavParentFalse" classname="Kaitai.SpecNavParentFalse" runstate="Runnable" testcasecount="1" result="Passed" start-time="2023-07-19 15:24:58Z" end-time="2023-07-19 15:24:58Z" duration="0.003228" total="1" passed="1" failed="0" inconclusive="0" skipped="0" asserts="5">
        <test-case id="0-1219" name="TestNavParentFalse" fullname="Kaitai.SpecNavParentFalse.TestNavParentFalse" methodname="TestNavParentFalse" classname="Kaitai.SpecNavParentFalse" runstate="Runnable" seed="320104866" result="Passed" start-time="2023-07-19 15:24:58Z" end-time="2023-07-19 15:24:58Z" duration="0.000842" asserts="5" />
      </test-suite>
      <test-suite type="TestFixture" id="0-1220" name="SpecNavParentFalse2" fullname="Kaitai.SpecNavParentFalse2" classname="Kaitai.SpecNavParentFalse2" runstate="Runnable" testcasecount="1" result="Passed" start-time="2023-07-19 15:24:58Z" end-time="2023-07-19 15:24:58Z" duration="0.002825" total="1" passed="1" failed="0" inconclusive="0" skipped="0" asserts="1">
        <test-case id="0-1221" name="TestNavParentFalse2" fullname="Kaitai.SpecNavParentFalse2.TestNavParentFalse2" methodname="TestNavParentFalse2" classname="Kaitai.SpecNavParentFalse2" runstate="Runnable" seed="1167124970" result="Passed" start-time="2023-07-19 15:24:58Z" end-time="2023-07-19 15:24:58Z" duration="0.000446" asserts="1" />
      </test-suite>
      <test-suite type="TestFixture" id="0-1222" name="SpecNavParentOverride" fullname="Kaitai.SpecNavParentOverride" classname="Kaitai.SpecNavParentOverride" runstate="Runnable" testcasecount="1" result="Passed" start-time="2023-07-19 15:24:58Z" end-time="2023-07-19 15:24:58Z" duration="0.003019" total="1" passed="1" failed="0" inconclusive="0" skipped="0" asserts="3">
        <test-case id="0-1223" name="TestNavParentOverride" fullname="Kaitai.SpecNavParentOverride.TestNavParentOverride" methodname="TestNavParentOverride" classname="Kaitai.SpecNavParentOverride" runstate="Runnable" seed="814697338" result="Passed" start-time="2023-07-19 15:24:58Z" end-time="2023-07-19 15:24:58Z" duration="0.000635" asserts="3" />
      </test-suite>
      <test-suite type="TestFixture" id="0-1224" name="SpecNavParentSwitch" fullname="Kaitai.SpecNavParentSwitch" classname="Kaitai.SpecNavParentSwitch" runstate="Runnable" testcasecount="1" result="Passed" start-time="2023-07-19 15:24:58Z" end-time="2023-07-19 15:24:58Z" duration="0.003088" total="1" passed="1" failed="0" inconclusive="0" skipped="0" asserts="3">
        <test-case id="0-1225" name="TestNavParentSwitch" fullname="Kaitai.SpecNavParentSwitch.TestNavParentSwitch" methodname="TestNavParentSwitch" classname="Kaitai.SpecNavParentSwitch" runstate="Runnable" seed="1090425968" result="Passed" start-time="2023-07-19 15:24:58Z" end-time="2023-07-19 15:24:58Z" duration="0.000706" asserts="3" />
      </test-suite>
      <test-suite type="TestFixture" id="0-1226" name="SpecNavParentVsValueInst" fullname="Kaitai.SpecNavParentVsValueInst" classname="Kaitai.SpecNavParentVsValueInst" runstate="Runnable" testcasecount="1" result="Passed" start-time="2023-07-19 15:24:58Z" end-time="2023-07-19 15:24:58Z" duration="0.002794" total="1" passed="1" failed="0" inconclusive="0" skipped="0" asserts="1">
        <test-case id="0-1227" name="TestNavParentVsValueInst" fullname="Kaitai.SpecNavParentVsValueInst.TestNavParentVsValueInst" methodname="TestNavParentVsValueInst" classname="Kaitai.SpecNavParentVsValueInst" runstate="Runnable" seed="110505154" result="Passed" start-time="2023-07-19 15:24:58Z" end-time="2023-07-19 15:24:58Z" duration="0.000411" asserts="1" />
      </test-suite>
      <test-suite type="TestFixture" id="0-1228" name="SpecNavRoot" fullname="Kaitai.SpecNavRoot" classname="Kaitai.SpecNavRoot" runstate="Runnable" testcasecount="1" result="Passed" start-time="2023-07-19 15:24:58Z" end-time="2023-07-19 15:24:58Z" duration="0.003510" total="1" passed="1" failed="0" inconclusive="0" skipped="0" asserts="5">
        <test-case id="0-1229" name="TestNavRoot" fullname="Kaitai.SpecNavRoot.TestNavRoot" methodname="TestNavRoot" classname="Kaitai.SpecNavRoot" runstate="Runnable" seed="1582888907" result="Passed" start-time="2023-07-19 15:24:58Z" end-time="2023-07-19 15:24:58Z" duration="0.001124" asserts="5" />
      </test-suite>
      <test-suite type="TestFixture" id="0-1230" name="SpecNestedSameName" fullname="Kaitai.SpecNestedSameName" classname="Kaitai.SpecNestedSameName" runstate="Runnable" testcasecount="1" result="Passed" start-time="2023-07-19 15:24:58Z" end-time="2023-07-19 15:24:58Z" duration="0.003037" total="1" passed="1" failed="0" inconclusive="0" skipped="0" asserts="2">
        <test-case id="0-1231" name="TestNestedSameName" fullname="Kaitai.SpecNestedSameName.TestNestedSameName" methodname="TestNestedSameName" classname="Kaitai.SpecNestedSameName" runstate="Runnable" seed="1276115888" result="Passed" start-time="2023-07-19 15:24:58Z" end-time="2023-07-19 15:24:58Z" duration="0.000647" asserts="2" />
      </test-suite>
      <test-suite type="TestFixture" id="0-1232" name="SpecNestedSameName2" fullname="Kaitai.SpecNestedSameName2" classname="Kaitai.SpecNestedSameName2" runstate="Runnable" testcasecount="1" result="Passed" start-time="2023-07-19 15:24:58Z" end-time="2023-07-19 15:24:58Z" duration="0.003221" total="1" passed="1" failed="0" inconclusive="0" skipped="0" asserts="5">
        <test-case id="0-1233" name="TestNestedSameName2" fullname="Kaitai.SpecNestedSameName2.TestNestedSameName2" methodname="TestNestedSameName2" classname="Kaitai.SpecNestedSameName2" runstate="Runnable" seed="1038969975" result="Passed" start-time="2023-07-19 15:24:58Z" end-time="2023-07-19 15:24:58Z" duration="0.000836" asserts="5" />
      </test-suite>
      <test-suite type="TestFixture" id="0-1234" name="SpecNestedTypeParam" fullname="Kaitai.SpecNestedTypeParam" classname="Kaitai.SpecNestedTypeParam" runstate="Runnable" testcasecount="1" result="Passed" start-time="2023-07-19 15:24:58Z" end-time="2023-07-19 15:24:58Z" duration="0.002890" total="1" passed="1" failed="0" inconclusive="0" skipped="0" asserts="2">
        <test-case id="0-1235" name="TestNestedTypeParam" fullname="Kaitai.SpecNestedTypeParam.TestNestedTypeParam" methodname="TestNestedTypeParam" classname="Kaitai.SpecNestedTypeParam" runstate="Runnable" seed="731247808" result="Passed" start-time="2023-07-19 15:24:58Z" end-time="2023-07-19 15:24:58Z" duration="0.000500" asserts="2" />
      </test-suite>
      <test-suite type="TestFixture" id="0-1236" name="SpecNestedTypes" fullname="Kaitai.SpecNestedTypes" classname="Kaitai.SpecNestedTypes" runstate="Runnable" testcasecount="1" result="Passed" start-time="2023-07-19 15:24:58Z" end-time="2023-07-19 15:24:58Z" duration="0.003081" total="1" passed="1" failed="0" inconclusive="0" skipped="0" asserts="3">
        <test-case id="0-1237" name="TestNestedTypes" fullname="Kaitai.SpecNestedTypes.TestNestedTypes" methodname="TestNestedTypes" classname="Kaitai.SpecNestedTypes" runstate="Runnable" seed="862564188" result="Passed" start-time="2023-07-19 15:24:58Z" end-time="2023-07-19 15:24:58Z" duration="0.000698" asserts="3" />
      </test-suite>
      <test-suite type="TestFixture" id="0-1238" name="SpecNestedTypes2" fullname="Kaitai.SpecNestedTypes2" classname="Kaitai.SpecNestedTypes2" runstate="Runnable" testcasecount="1" result="Passed" start-time="2023-07-19 15:24:58Z" end-time="2023-07-19 15:24:58Z" duration="0.003425" total="1" passed="1" failed="0" inconclusive="0" skipped="0" asserts="7">
        <test-case id="0-1239" name="TestNestedTypes2" fullname="Kaitai.SpecNestedTypes2.TestNestedTypes2" methodname="TestNestedTypes2" classname="Kaitai.SpecNestedTypes2" runstate="Runnable" seed="131180126" result="Passed" start-time="2023-07-19 15:24:58Z" end-time="2023-07-19 15:24:58Z" duration="0.001044" asserts="7" />
      </test-suite>
      <test-suite type="TestFixture" id="0-1240" name="SpecNestedTypes3" fullname="Kaitai.SpecNestedTypes3" classname="Kaitai.SpecNestedTypes3" runstate="Runnable" testcasecount="1" result="Passed" start-time="2023-07-19 15:24:58Z" end-time="2023-07-19 15:24:58Z" duration="0.003145" total="1" passed="1" failed="0" inconclusive="0" skipped="0" asserts="5">
        <test-case id="0-1241" name="TestNestedTypes3" fullname="Kaitai.SpecNestedTypes3.TestNestedTypes3" methodname="TestNestedTypes3" classname="Kaitai.SpecNestedTypes3" runstate="Runnable" seed="1359483734" result="Passed" start-time="2023-07-19 15:24:58Z" end-time="2023-07-19 15:24:58Z" duration="0.000765" asserts="5" />
      </test-suite>
      <test-suite type="TestFixture" id="0-1242" name="SpecNonStandard" fullname="Kaitai.SpecNonStandard" classname="Kaitai.SpecNonStandard" runstate="Runnable" testcasecount="1" result="Passed" start-time="2023-07-19 15:24:58Z" end-time="2023-07-19 15:24:58Z" duration="0.002777" total="1" passed="1" failed="0" inconclusive="0" skipped="0" asserts="1">
        <test-case id="0-1243" name="TestNonStandard" fullname="Kaitai.SpecNonStandard.TestNonStandard" methodname="TestNonStandard" classname="Kaitai.SpecNonStandard" runstate="Runnable" seed="584939216" result="Passed" start-time="2023-07-19 15:24:58Z" end-time="2023-07-19 15:24:58Z" duration="0.000394" asserts="1" />
      </test-suite>
      <test-suite type="TestFixture" id="0-1244" name="SpecOpaqueExternalType" fullname="Kaitai.SpecOpaqueExternalType" classname="Kaitai.SpecOpaqueExternalType" runstate="Runnable" testcasecount="1" result="Passed" start-time="2023-07-19 15:24:58Z" end-time="2023-07-19 15:24:58Z" duration="0.002913" total="1" passed="1" failed="0" inconclusive="0" skipped="0" asserts="3">
        <test-case id="0-1245" name="TestOpaqueExternalType" fullname="Kaitai.SpecOpaqueExternalType.TestOpaqueExternalType" methodname="TestOpaqueExternalType" classname="Kaitai.SpecOpaqueExternalType" runstate="Runnable" seed="650677084" result="Passed" start-time="2023-07-19 15:24:58Z" end-time="2023-07-19 15:24:58Z" duration="0.000531" asserts="3" />
      </test-suite>
      <test-suite type="TestFixture" id="0-1246" name="SpecOpaqueExternalType02Parent" fullname="Kaitai.SpecOpaqueExternalType02Parent" classname="Kaitai.SpecOpaqueExternalType02Parent" runstate="Runnable" testcasecount="1" result="Passed" start-time="2023-07-19 15:24:58Z" end-time="2023-07-19 15:24:58Z" duration="0.003181" total="1" passed="1" failed="0" inconclusive="0" skipped="0" asserts="3">
        <test-case id="0-1247" name="TestOpaqueExternalType02Parent" fullname="Kaitai.SpecOpaqueExternalType02Parent.TestOpaqueExternalType02Parent" methodname="TestOpaqueExternalType02Parent" classname="Kaitai.SpecOpaqueExternalType02Parent" runstate="Runnable" seed="16301225" result="Passed" start-time="2023-07-19 15:24:58Z" end-time="2023-07-19 15:24:58Z" duration="0.000800" asserts="3" />
      </test-suite>
      <test-suite type="TestFixture" id="0-1248" name="SpecOpaqueWithParam" fullname="Kaitai.SpecOpaqueWithParam" classname="Kaitai.SpecOpaqueWithParam" runstate="Runnable" testcasecount="1" result="Passed" start-time="2023-07-19 15:24:58Z" end-time="2023-07-19 15:24:58Z" duration="0.002972" total="1" passed="1" failed="0" inconclusive="0" skipped="0" asserts="2">
        <test-case id="0-1249" name="TestOpaqueWithParam" fullname="Kaitai.SpecOpaqueWithParam.TestOpaqueWithParam" methodname="TestOpaqueWithParam" classname="Kaitai.SpecOpaqueWithParam" runstate="Runnable" seed="1990618945" result="Passed" start-time="2023-07-19 15:24:58Z" end-time="2023-07-19 15:24:58Z" duration="0.000591" asserts="2" />
      </test-suite>
      <test-suite type="TestFixture" id="0-1250" name="SpecOptionalId" fullname="Kaitai.SpecOptionalId" classname="Kaitai.SpecOptionalId" runstate="Runnable" testcasecount="1" result="Passed" start-time="2023-07-19 15:24:58Z" end-time="2023-07-19 15:24:58Z" duration="0.002819" total="1" passed="1" failed="0" inconclusive="0" skipped="0" asserts="3">
        <test-case id="0-1251" name="TestOptionalId" fullname="Kaitai.SpecOptionalId.TestOptionalId" methodname="TestOptionalId" classname="Kaitai.SpecOptionalId" runstate="Runnable" seed="1424235242" result="Passed" start-time="2023-07-19 15:24:58Z" end-time="2023-07-19 15:24:58Z" duration="0.000435" asserts="3" />
      </test-suite>
      <test-suite type="TestFixture" id="0-1252" name="SpecParamsCallExtraParens" fullname="Kaitai.SpecParamsCallExtraParens" classname="Kaitai.SpecParamsCallExtraParens" runstate="Runnable" testcasecount="1" result="Passed" start-time="2023-07-19 15:24:58Z" end-time="2023-07-19 15:24:58Z" duration="0.002810" total="1" passed="1" failed="0" inconclusive="0" skipped="0" asserts="1">
        <test-case id="0-1253" name="TestParamsCallExtraParens" fullname="Kaitai.SpecParamsCallExtraParens.TestParamsCallExtraParens" methodname="TestParamsCallExtraParens" classname="Kaitai.SpecParamsCallExtraParens" runstate="Runnable" seed="770318751" result="Passed" start-time="2023-07-19 15:24:58Z" end-time="2023-07-19 15:24:58Z" duration="0.000430" asserts="1" />
      </test-suite>
      <test-suite type="TestFixture" id="0-1254" name="SpecParamsCallShort" fullname="Kaitai.SpecParamsCallShort" classname="Kaitai.SpecParamsCallShort" runstate="Runnable" testcasecount="1" result="Passed" start-time="2023-07-19 15:24:58Z" end-time="2023-07-19 15:24:58Z" duration="0.003119" total="1" passed="1" failed="0" inconclusive="0" skipped="0" asserts="3">
        <test-case id="0-1255" name="TestParamsCallShort" fullname="Kaitai.SpecParamsCallShort.TestParamsCallShort" methodname="TestParamsCallShort" classname="Kaitai.SpecParamsCallShort" runstate="Runnable" seed="1504440930" result="Passed" start-time="2023-07-19 15:24:58Z" end-time="2023-07-19 15:24:58Z" duration="0.000737" asserts="3" />
      </test-suite>
      <test-suite type="TestFixture" id="0-1256" name="SpecParamsDef" fullname="Kaitai.SpecParamsDef" classname="Kaitai.SpecParamsDef" runstate="Runnable" testcasecount="1" result="Passed" start-time="2023-07-19 15:24:58Z" end-time="2023-07-19 15:24:58Z" duration="0.002635" total="1" passed="1" failed="0" inconclusive="0" skipped="0" asserts="2">
        <test-case id="0-1257" name="TestParamsDef" fullname="Kaitai.SpecParamsDef.TestParamsDef" methodname="TestParamsDef" classname="Kaitai.SpecParamsDef" runstate="Runnable" seed="2087371589" result="Passed" start-time="2023-07-19 15:24:58Z" end-time="2023-07-19 15:24:58Z" duration="0.000247" asserts="2" />
      </test-suite>
      <test-suite type="TestFixture" id="0-1258" name="SpecParamsEnum" fullname="Kaitai.SpecParamsEnum" classname="Kaitai.SpecParamsEnum" runstate="Runnable" testcasecount="1" result="Passed" start-time="2023-07-19 15:24:58Z" end-time="2023-07-19 15:24:58Z" duration="0.002959" total="1" passed="1" failed="0" inconclusive="0" skipped="0" asserts="2">
        <test-case id="0-1259" name="TestParamsEnum" fullname="Kaitai.SpecParamsEnum.TestParamsEnum" methodname="TestParamsEnum" classname="Kaitai.SpecParamsEnum" runstate="Runnable" seed="1382716370" result="Passed" start-time="2023-07-19 15:24:58Z" end-time="2023-07-19 15:24:58Z" duration="0.000577" asserts="2" />
      </test-suite>
      <test-suite type="TestFixture" id="0-1260" name="SpecParamsPassArrayInt" fullname="Kaitai.SpecParamsPassArrayInt" classname="Kaitai.SpecParamsPassArrayInt" runstate="Runnable" testcasecount="1" result="Passed" start-time="2023-07-19 15:24:58Z" end-time="2023-07-19 15:24:58Z" duration="0.003809" total="1" passed="1" failed="0" inconclusive="0" skipped="0" asserts="7">
        <test-case id="0-1261" name="TestParamsPassArrayInt" fullname="Kaitai.SpecParamsPassArrayInt.TestParamsPassArrayInt" methodname="TestParamsPassArrayInt" classname="Kaitai.SpecParamsPassArrayInt" runstate="Runnable" seed="843701894" result="Passed" start-time="2023-07-19 15:24:58Z" end-time="2023-07-19 15:24:58Z" duration="0.001414" asserts="7" />
      </test-suite>
      <test-suite type="TestFixture" id="0-1262" name="SpecParamsPassArrayStr" fullname="Kaitai.SpecParamsPassArrayStr" classname="Kaitai.SpecParamsPassArrayStr" runstate="Runnable" testcasecount="1" result="Passed" start-time="2023-07-19 15:24:58Z" end-time="2023-07-19 15:24:58Z" duration="0.003398" total="1" passed="1" failed="0" inconclusive="0" skipped="0" asserts="7">
        <test-case id="0-1263" name="TestParamsPassArrayStr" fullname="Kaitai.SpecParamsPassArrayStr.TestParamsPassArrayStr" methodname="TestParamsPassArrayStr" classname="Kaitai.SpecParamsPassArrayStr" runstate="Runnable" seed="1331792647" result="Passed" start-time="2023-07-19 15:24:58Z" end-time="2023-07-19 15:24:58Z" duration="0.000993" asserts="7" />
      </test-suite>
      <test-suite type="TestFixture" id="0-1264" name="SpecParamsPassArrayStruct" fullname="Kaitai.SpecParamsPassArrayStruct" classname="Kaitai.SpecParamsPassArrayStruct" runstate="Runnable" testcasecount="1" result="Passed" start-time="2023-07-19 15:24:58Z" end-time="2023-07-19 15:24:58Z" duration="0.003596" total="1" passed="1" failed="0" inconclusive="0" skipped="0" asserts="3">
        <test-case id="0-1265" name="TestParamsPassArrayStruct" fullname="Kaitai.SpecParamsPassArrayStruct.TestParamsPassArrayStruct" methodname="TestParamsPassArrayStruct" classname="Kaitai.SpecParamsPassArrayStruct" runstate="Runnable" seed="596317556" result="Passed" start-time="2023-07-19 15:24:58Z" end-time="2023-07-19 15:24:58Z" duration="0.001210" asserts="3" />
      </test-suite>
      <test-suite type="TestFixture" id="0-1266" name="SpecParamsPassArrayUsertype" fullname="Kaitai.SpecParamsPassArrayUsertype" classname="Kaitai.SpecParamsPassArrayUsertype" runstate="Runnable" testcasecount="1" result="Passed" start-time="2023-07-19 15:24:58Z" end-time="2023-07-19 15:24:58Z" duration="0.003513" total="1" passed="1" failed="0" inconclusive="0" skipped="0" asserts="5">
        <test-case id="0-1267" name="TestParamsPassArrayUsertype" fullname="Kaitai.SpecParamsPassArrayUsertype.TestParamsPassArrayUsertype" methodname="TestParamsPassArrayUsertype" classname="Kaitai.SpecParamsPassArrayUsertype" runstate="Runnable" seed="1548624762" result="Passed" start-time="2023-07-19 15:24:58Z" end-time="2023-07-19 15:24:58Z" duration="0.001127" asserts="5" />
      </test-suite>
      <test-suite type="TestFixture" id="0-1268" name="SpecParamsPassBool" fullname="Kaitai.SpecParamsPassBool" classname="Kaitai.SpecParamsPassBool" runstate="Runnable" testcasecount="1" result="Passed" start-time="2023-07-19 15:24:58Z" end-time="2023-07-19 15:24:58Z" duration="0.003583" total="1" passed="1" failed="0" inconclusive="0" skipped="0" asserts="14">
        <test-case id="0-1269" name="TestParamsPassBool" fullname="Kaitai.SpecParamsPassBool.TestParamsPassBool" methodname="TestParamsPassBool" classname="Kaitai.SpecParamsPassBool" runstate="Runnable" seed="843515997" result="Passed" start-time="2023-07-19 15:24:58Z" end-time="2023-07-19 15:24:58Z" duration="0.001191" asserts="14" />
      </test-suite>
      <test-suite type="TestFixture" id="0-1270" name="SpecParamsPassStruct" fullname="Kaitai.SpecParamsPassStruct" classname="Kaitai.SpecParamsPassStruct" runstate="Runnable" testcasecount="1" result="Passed" start-time="2023-07-19 15:24:58Z" end-time="2023-07-19 15:24:58Z" duration="0.003177" total="1" passed="1" failed="0" inconclusive="0" skipped="0" asserts="4">
        <test-case id="0-1271" name="TestParamsPassStruct" fullname="Kaitai.SpecParamsPassStruct.TestParamsPassStruct" methodname="TestParamsPassStruct" classname="Kaitai.SpecParamsPassStruct" runstate="Runnable" seed="918781438" result="Passed" start-time="2023-07-19 15:24:58Z" end-time="2023-07-19 15:24:58Z" duration="0.000788" asserts="4" />
      </test-suite>
      <test-suite type="TestFixture" id="0-1272" name="SpecParamsPassUsertype" fullname="Kaitai.SpecParamsPassUsertype" classname="Kaitai.SpecParamsPassUsertype" runstate="Runnable" testcasecount="1" result="Passed" start-time="2023-07-19 15:24:58Z" end-time="2023-07-19 15:24:58Z" duration="0.002968" total="1" passed="1" failed="0" inconclusive="0" skipped="0" asserts="2">
        <test-case id="0-1273" name="TestParamsPassUsertype" fullname="Kaitai.SpecParamsPassUsertype.TestParamsPassUsertype" methodname="TestParamsPassUsertype" classname="Kaitai.SpecParamsPassUsertype" runstate="Runnable" seed="1682803885" result="Passed" start-time="2023-07-19 15:24:58Z" end-time="2023-07-19 15:24:58Z" duration="0.000575" asserts="2" />
      </test-suite>
      <test-suite type="TestFixture" id="0-1274" name="SpecPositionAbs" fullname="Kaitai.SpecPositionAbs" classname="Kaitai.SpecPositionAbs" runstate="Runnable" testcasecount="1" result="Passed" start-time="2023-07-19 15:24:58Z" end-time="2023-07-19 15:24:58Z" duration="0.002983" total="1" passed="1" failed="0" inconclusive="0" skipped="0" asserts="2">
        <test-case id="0-1275" name="TestPositionAbs" fullname="Kaitai.SpecPositionAbs.TestPositionAbs" methodname="TestPositionAbs" classname="Kaitai.SpecPositionAbs" runstate="Runnable" seed="535013474" result="Passed" start-time="2023-07-19 15:24:58Z" end-time="2023-07-19 15:24:58Z" duration="0.000606" asserts="2" />
      </test-suite>
      <test-suite type="TestFixture" id="0-1276" name="SpecPositionInSeq" fullname="Kaitai.SpecPositionInSeq" classname="Kaitai.SpecPositionInSeq" runstate="Runnable" testcasecount="1" result="Passed" start-time="2023-07-19 15:24:58Z" end-time="2023-07-19 15:24:58Z" duration="0.003714" total="1" passed="1" failed="0" inconclusive="0" skipped="0" asserts="1">
        <test-case id="0-1277" name="TestPositionInSeq" fullname="Kaitai.SpecPositionInSeq.TestPositionInSeq" methodname="TestPositionInSeq" classname="Kaitai.SpecPositionInSeq" runstate="Runnable" seed="1284563460" result="Passed" start-time="2023-07-19 15:24:58Z" end-time="2023-07-19 15:24:58Z" duration="0.001331" asserts="1" />
      </test-suite>
      <test-suite type="TestFixture" id="0-1278" name="SpecPositionToEnd" fullname="Kaitai.SpecPositionToEnd" classname="Kaitai.SpecPositionToEnd" runstate="Runnable" testcasecount="1" result="Passed" start-time="2023-07-19 15:24:58Z" end-time="2023-07-19 15:24:58Z" duration="0.002938" total="1" passed="1" failed="0" inconclusive="0" skipped="0" asserts="2">
        <test-case id="0-1279" name="TestPositionToEnd" fullname="Kaitai.SpecPositionToEnd.TestPositionToEnd" methodname="TestPositionToEnd" classname="Kaitai.SpecPositionToEnd" runstate="Runnable" seed="1290341037" result="Passed" start-time="2023-07-19 15:24:58Z" end-time="2023-07-19 15:24:58Z" duration="0.000551" asserts="2" />
      </test-suite>
      <test-suite type="TestFixture" id="0-1280" name="SpecProcessCoerceBytes" fullname="Kaitai.SpecProcessCoerceBytes" classname="Kaitai.SpecProcessCoerceBytes" runstate="Runnable" testcasecount="1" result="Passed" start-time="2023-07-19 15:24:58Z" end-time="2023-07-19 15:24:58Z" duration="0.003494" total="1" passed="1" failed="0" inconclusive="0" skipped="0" asserts="4">
        <test-case id="0-1281" name="TestProcessCoerceBytes" fullname="Kaitai.SpecProcessCoerceBytes.TestProcessCoerceBytes" methodname="TestProcessCoerceBytes" classname="Kaitai.SpecProcessCoerceBytes" runstate="Runnable" seed="336498824" result="Passed" start-time="2023-07-19 15:24:58Z" end-time="2023-07-19 15:24:58Z" duration="0.001111" asserts="4" />
      </test-suite>
      <test-suite type="TestFixture" id="0-1282" name="SpecProcessCoerceSwitch" fullname="Kaitai.SpecProcessCoerceSwitch" classname="Kaitai.SpecProcessCoerceSwitch" runstate="Runnable" testcasecount="1" result="Passed" start-time="2023-07-19 15:24:58Z" end-time="2023-07-19 15:24:58Z" duration="0.003169" total="1" passed="1" failed="0" inconclusive="0" skipped="0" asserts="3">
        <test-case id="0-1283" name="TestProcessCoerceSwitch" fullname="Kaitai.SpecProcessCoerceSwitch.TestProcessCoerceSwitch" methodname="TestProcessCoerceSwitch" classname="Kaitai.SpecProcessCoerceSwitch" runstate="Runnable" seed="1166311655" result="Passed" start-time="2023-07-19 15:24:58Z" end-time="2023-07-19 15:24:58Z" duration="0.000772" asserts="3" />
      </test-suite>
      <test-suite type="TestFixture" id="0-1284" name="SpecProcessCoerceUsertype1" fullname="Kaitai.SpecProcessCoerceUsertype1" classname="Kaitai.SpecProcessCoerceUsertype1" runstate="Runnable" testcasecount="1" result="Passed" start-time="2023-07-19 15:24:58Z" end-time="2023-07-19 15:24:58Z" duration="0.003568" total="1" passed="1" failed="0" inconclusive="0" skipped="0" asserts="4">
        <test-case id="0-1285" name="TestProcessCoerceUsertype1" fullname="Kaitai.SpecProcessCoerceUsertype1.TestProcessCoerceUsertype1" methodname="TestProcessCoerceUsertype1" classname="Kaitai.SpecProcessCoerceUsertype1" runstate="Runnable" seed="1864717949" result="Passed" start-time="2023-07-19 15:24:58Z" end-time="2023-07-19 15:24:58Z" duration="0.001168" asserts="4" />
      </test-suite>
      <test-suite type="TestFixture" id="0-1286" name="SpecProcessCoerceUsertype2" fullname="Kaitai.SpecProcessCoerceUsertype2" classname="Kaitai.SpecProcessCoerceUsertype2" runstate="Runnable" testcasecount="1" result="Passed" start-time="2023-07-19 15:24:58Z" end-time="2023-07-19 15:24:58Z" duration="0.003541" total="1" passed="1" failed="0" inconclusive="0" skipped="0" asserts="4">
        <test-case id="0-1287" name="TestProcessCoerceUsertype2" fullname="Kaitai.SpecProcessCoerceUsertype2.TestProcessCoerceUsertype2" methodname="TestProcessCoerceUsertype2" classname="Kaitai.SpecProcessCoerceUsertype2" runstate="Runnable" seed="2077715958" result="Passed" start-time="2023-07-19 15:24:58Z" end-time="2023-07-19 15:24:58Z" duration="0.001152" asserts="4" />
      </test-suite>
      <test-suite type="TestFixture" id="0-1288" name="SpecProcessCustom" fullname="Kaitai.SpecProcessCustom" classname="Kaitai.SpecProcessCustom" runstate="Runnable" testcasecount="1" result="Passed" start-time="2023-07-19 15:24:58Z" end-time="2023-07-19 15:24:58Z" duration="0.003113" total="1" passed="1" failed="0" inconclusive="0" skipped="0" asserts="3">
        <test-case id="0-1289" name="TestProcessCustom" fullname="Kaitai.SpecProcessCustom.TestProcessCustom" methodname="TestProcessCustom" classname="Kaitai.SpecProcessCustom" runstate="Runnable" seed="1960449497" result="Passed" start-time="2023-07-19 15:24:58Z" end-time="2023-07-19 15:24:58Z" duration="0.000727" asserts="3" />
      </test-suite>
      <test-suite type="TestFixture" id="0-1290" name="SpecProcessCustomNoArgs" fullname="Kaitai.SpecProcessCustomNoArgs" classname="Kaitai.SpecProcessCustomNoArgs" runstate="Runnable" testcasecount="1" result="Passed" start-time="2023-07-19 15:24:58Z" end-time="2023-07-19 15:24:58Z" duration="0.002821" total="1" passed="1" failed="0" inconclusive="0" skipped="0" asserts="1">
        <test-case id="0-1291" name="TestProcessCustomNoArgs" fullname="Kaitai.SpecProcessCustomNoArgs.TestProcessCustomNoArgs" methodname="TestProcessCustomNoArgs" classname="Kaitai.SpecProcessCustomNoArgs" runstate="Runnable" seed="1699625946" result="Passed" start-time="2023-07-19 15:24:58Z" end-time="2023-07-19 15:24:58Z" duration="0.000439" asserts="1" />
      </test-suite>
      <test-suite type="TestFixture" id="0-1292" name="SpecProcessRepeatBytes" fullname="Kaitai.SpecProcessRepeatBytes" classname="Kaitai.SpecProcessRepeatBytes" runstate="Runnable" testcasecount="1" result="Passed" start-time="2023-07-19 15:24:58Z" end-time="2023-07-19 15:24:58Z" duration="0.002991" total="1" passed="1" failed="0" inconclusive="0" skipped="0" asserts="2">
        <test-case id="0-1293" name="TestProcessRepeatBytes" fullname="Kaitai.SpecProcessRepeatBytes.TestProcessRepeatBytes" methodname="TestProcessRepeatBytes" classname="Kaitai.SpecProcessRepeatBytes" runstate="Runnable" seed="111563657" result="Passed" start-time="2023-07-19 15:24:58Z" end-time="2023-07-19 15:24:58Z" duration="0.000610" asserts="2" />
      </test-suite>
      <test-suite type="TestFixture" id="0-1294" name="SpecProcessRepeatUsertype" fullname="Kaitai.SpecProcessRepeatUsertype" classname="Kaitai.SpecProcessRepeatUsertype" runstate="Runnable" testcasecount="1" result="Passed" start-time="2023-07-19 15:24:58Z" end-time="2023-07-19 15:24:58Z" duration="0.003449" total="1" passed="1" failed="0" inconclusive="0" skipped="0" asserts="4">
        <test-case id="0-1295" name="TestProcessRepeatUsertype" fullname="Kaitai.SpecProcessRepeatUsertype.TestProcessRepeatUsertype" methodname="TestProcessRepeatUsertype" classname="Kaitai.SpecProcessRepeatUsertype" runstate="Runnable" seed="1325596461" result="Passed" start-time="2023-07-19 15:24:58Z" end-time="2023-07-19 15:24:58Z" duration="0.001066" asserts="4" />
      </test-suite>
      <test-suite type="TestFixture" id="0-1296" name="SpecProcessRotate" fullname="Kaitai.SpecProcessRotate" classname="Kaitai.SpecProcessRotate" runstate="Runnable" testcasecount="1" result="Passed" start-time="2023-07-19 15:24:58Z" end-time="2023-07-19 15:24:58Z" duration="0.003043" total="1" passed="1" failed="0" inconclusive="0" skipped="0" asserts="3">
        <test-case id="0-1297" name="TestProcessRotate" fullname="Kaitai.SpecProcessRotate.TestProcessRotate" methodname="TestProcessRotate" classname="Kaitai.SpecProcessRotate" runstate="Runnable" seed="733970962" result="Passed" start-time="2023-07-19 15:24:58Z" end-time="2023-07-19 15:24:58Z" duration="0.000656" asserts="3" />
      </test-suite>
      <test-suite type="TestFixture" id="0-1298" name="SpecProcessToUser" fullname="Kaitai.SpecProcessToUser" classname="Kaitai.SpecProcessToUser" runstate="Runnable" testcasecount="1" result="Passed" start-time="2023-07-19 15:24:58Z" end-time="2023-07-19 15:24:58Z" duration="0.002875" total="1" passed="1" failed="0" inconclusive="0" skipped="0" asserts="1">
        <test-case id="0-1299" name="TestProcessToUser" fullname="Kaitai.SpecProcessToUser.TestProcessToUser" methodname="TestProcessToUser" classname="Kaitai.SpecProcessToUser" runstate="Runnable" seed="2074420702" result="Passed" start-time="2023-07-19 15:24:58Z" end-time="2023-07-19 15:24:58Z" duration="0.000491" asserts="1" />
      </test-suite>
      <test-suite type="TestFixture" id="0-1300" name="SpecProcessXor4Const" fullname="Kaitai.SpecProcessXor4Const" classname="Kaitai.SpecProcessXor4Const" runstate="Runnable" testcasecount="1" result="Passed" start-time="2023-07-19 15:24:58Z" end-time="2023-07-19 15:24:58Z" duration="0.002871" total="1" passed="1" failed="0" inconclusive="0" skipped="0" asserts="2">
        <test-case id="0-1301" name="TestProcessXor4Const" fullname="Kaitai.SpecProcessXor4Const.TestProcessXor4Const" methodname="TestProcessXor4Const" classname="Kaitai.SpecProcessXor4Const" runstate="Runnable" seed="142746243" result="Passed" start-time="2023-07-19 15:24:58Z" end-time="2023-07-19 15:24:58Z" duration="0.000497" asserts="2" />
      </test-suite>
      <test-suite type="TestFixture" id="0-1302" name="SpecProcessXor4Value" fullname="Kaitai.SpecProcessXor4Value" classname="Kaitai.SpecProcessXor4Value" runstate="Runnable" testcasecount="1" result="Passed" start-time="2023-07-19 15:24:58Z" end-time="2023-07-19 15:24:58Z" duration="0.002771" total="1" passed="1" failed="0" inconclusive="0" skipped="0" asserts="2">
        <test-case id="0-1303" name="TestProcessXor4Value" fullname="Kaitai.SpecProcessXor4Value.TestProcessXor4Value" methodname="TestProcessXor4Value" classname="Kaitai.SpecProcessXor4Value" runstate="Runnable" seed="173765537" result="Passed" start-time="2023-07-19 15:24:58Z" end-time="2023-07-19 15:24:58Z" duration="0.000390" asserts="2" />
      </test-suite>
      <test-suite type="TestFixture" id="0-1304" name="SpecProcessXorConst" fullname="Kaitai.SpecProcessXorConst" classname="Kaitai.SpecProcessXorConst" runstate="Runnable" testcasecount="1" result="Passed" start-time="2023-07-19 15:24:58Z" end-time="2023-07-19 15:24:58Z" duration="0.002782" total="1" passed="1" failed="0" inconclusive="0" skipped="0" asserts="2">
        <test-case id="0-1305" name="TestProcessXorConst" fullname="Kaitai.SpecProcessXorConst.TestProcessXorConst" methodname="TestProcessXorConst" classname="Kaitai.SpecProcessXorConst" runstate="Runnable" seed="270608376" result="Passed" start-time="2023-07-19 15:24:58Z" end-time="2023-07-19 15:24:58Z" duration="0.000402" asserts="2" />
      </test-suite>
      <test-suite type="TestFixture" id="0-1306" name="SpecProcessXorValue" fullname="Kaitai.SpecProcessXorValue" classname="Kaitai.SpecProcessXorValue" runstate="Runnable" testcasecount="1" result="Passed" start-time="2023-07-19 15:24:58Z" end-time="2023-07-19 15:24:58Z" duration="0.002813" total="1" passed="1" failed="0" inconclusive="0" skipped="0" asserts="2">
        <test-case id="0-1307" name="TestProcessXorValue" fullname="Kaitai.SpecProcessXorValue.TestProcessXorValue" methodname="TestProcessXorValue" classname="Kaitai.SpecProcessXorValue" runstate="Runnable" seed="1722104377" result="Passed" start-time="2023-07-19 15:24:58Z" end-time="2023-07-19 15:24:58Z" duration="0.000423" asserts="2" />
      </test-suite>
      <test-suite type="TestFixture" id="0-1308" name="SpecRecursiveOne" fullname="Kaitai.SpecRecursiveOne" classname="Kaitai.SpecRecursiveOne" runstate="Runnable" testcasecount="1" result="Passed" start-time="2023-07-19 15:24:58Z" end-time="2023-07-19 15:24:58Z" duration="0.003082" total="1" passed="1" failed="0" inconclusive="0" skipped="0" asserts="4">
        <test-case id="0-1309" name="TestRecursiveOne" fullname="Kaitai.SpecRecursiveOne.TestRecursiveOne" methodname="TestRecursiveOne" classname="Kaitai.SpecRecursiveOne" runstate="Runnable" seed="862150453" result="Passed" start-time="2023-07-19 15:24:58Z" end-time="2023-07-19 15:24:58Z" duration="0.000690" asserts="4" />
      </test-suite>
      <test-suite type="TestFixture" id="0-1310" name="SpecRepeatEosBit" fullname="Kaitai.SpecRepeatEosBit" classname="Kaitai.SpecRepeatEosBit" runstate="Runnable" testcasecount="1" result="Passed" start-time="2023-07-19 15:24:58Z" end-time="2023-07-19 15:24:58Z" duration="0.003196" total="1" passed="1" failed="0" inconclusive="0" skipped="0" asserts="1">
        <test-case id="0-1311" name="TestRepeatEosBit" fullname="Kaitai.SpecRepeatEosBit.TestRepeatEosBit" methodname="TestRepeatEosBit" classname="Kaitai.SpecRepeatEosBit" runstate="Runnable" seed="965472850" result="Passed" start-time="2023-07-19 15:24:58Z" end-time="2023-07-19 15:24:58Z" duration="0.000808" asserts="1" />
      </test-suite>
      <test-suite type="TestFixture" id="0-1312" name="SpecRepeatEosStruct" fullname="Kaitai.SpecRepeatEosStruct" classname="Kaitai.SpecRepeatEosStruct" runstate="Runnable" testcasecount="1" result="Passed" start-time="2023-07-19 15:24:58Z" end-time="2023-07-19 15:24:58Z" duration="0.003307" total="1" passed="1" failed="0" inconclusive="0" skipped="0" asserts="5">
        <test-case id="0-1313" name="TestRepeatEosStruct" fullname="Kaitai.SpecRepeatEosStruct.TestRepeatEosStruct" methodname="TestRepeatEosStruct" classname="Kaitai.SpecRepeatEosStruct" runstate="Runnable" seed="1422056864" result="Passed" start-time="2023-07-19 15:24:58Z" end-time="2023-07-19 15:24:58Z" duration="0.000923" asserts="5" />
      </test-suite>
      <test-suite type="TestFixture" id="0-1314" name="SpecRepeatEosU4" fullname="Kaitai.SpecRepeatEosU4" classname="Kaitai.SpecRepeatEosU4" runstate="Runnable" testcasecount="1" result="Passed" start-time="2023-07-19 15:24:58Z" end-time="2023-07-19 15:24:58Z" duration="0.003247" total="1" passed="1" failed="0" inconclusive="0" skipped="0" asserts="1">
        <test-case id="0-1315" name="TestRepeatEosU4" fullname="Kaitai.SpecRepeatEosU4.TestRepeatEosU4" methodname="TestRepeatEosU4" classname="Kaitai.SpecRepeatEosU4" runstate="Runnable" seed="2106702394" result="Passed" start-time="2023-07-19 15:24:58Z" end-time="2023-07-19 15:24:58Z" duration="0.000855" asserts="1" />
      </test-suite>
      <test-suite type="TestFixture" id="0-1316" name="SpecRepeatNStruct" fullname="Kaitai.SpecRepeatNStruct" classname="Kaitai.SpecRepeatNStruct" runstate="Runnable" testcasecount="1" result="Passed" start-time="2023-07-19 15:24:58Z" end-time="2023-07-19 15:24:58Z" duration="0.003522" total="1" passed="1" failed="0" inconclusive="0" skipped="0" asserts="5">
        <test-case id="0-1317" name="TestRepeatNStruct" fullname="Kaitai.SpecRepeatNStruct.TestRepeatNStruct" methodname="TestRepeatNStruct" classname="Kaitai.SpecRepeatNStruct" runstate="Runnable" seed="216508568" result="Passed" start-time="2023-07-19 15:24:58Z" end-time="2023-07-19 15:24:58Z" duration="0.000925" asserts="5" />
      </test-suite>
      <test-suite type="TestFixture" id="0-1318" name="SpecRepeatNStrz" fullname="Kaitai.SpecRepeatNStrz" classname="Kaitai.SpecRepeatNStrz" runstate="Runnable" testcasecount="1" result="Passed" start-time="2023-07-19 15:24:58Z" end-time="2023-07-19 15:24:58Z" duration="0.003135" total="1" passed="1" failed="0" inconclusive="0" skipped="0" asserts="2">
        <test-case id="0-1319" name="TestRepeatNStrz" fullname="Kaitai.SpecRepeatNStrz.TestRepeatNStrz" methodname="TestRepeatNStrz" classname="Kaitai.SpecRepeatNStrz" runstate="Runnable" seed="1617006529" result="Passed" start-time="2023-07-19 15:24:58Z" end-time="2023-07-19 15:24:58Z" duration="0.000746" asserts="2" />
      </test-suite>
      <test-suite type="TestFixture" id="0-1320" name="SpecRepeatNStrzDouble" fullname="Kaitai.SpecRepeatNStrzDouble" classname="Kaitai.SpecRepeatNStrzDouble" runstate="Runnable" testcasecount="1" result="Passed" start-time="2023-07-19 15:24:58Z" end-time="2023-07-19 15:24:58Z" duration="0.003152" total="1" passed="1" failed="0" inconclusive="0" skipped="0" asserts="3">
        <test-case id="0-1321" name="TestRepeatNStrzDouble" fullname="Kaitai.SpecRepeatNStrzDouble.TestRepeatNStrzDouble" methodname="TestRepeatNStrzDouble" classname="Kaitai.SpecRepeatNStrzDouble" runstate="Runnable" seed="429346495" result="Passed" start-time="2023-07-19 15:24:58Z" end-time="2023-07-19 15:24:58Z" duration="0.000775" asserts="3" />
      </test-suite>
      <test-suite type="TestFixture" id="0-1322" name="SpecRepeatUntilComplex" fullname="Kaitai.SpecRepeatUntilComplex" classname="Kaitai.SpecRepeatUntilComplex" runstate="Runnable" testcasecount="1" result="Passed" start-time="2023-07-19 15:24:58Z" end-time="2023-07-19 15:24:58Z" duration="0.005781" total="1" passed="1" failed="0" inconclusive="0" skipped="0" asserts="15">
        <test-case id="0-1323" name="TestRepeatUntilComplex" fullname="Kaitai.SpecRepeatUntilComplex.TestRepeatUntilComplex" methodname="TestRepeatUntilComplex" classname="Kaitai.SpecRepeatUntilComplex" runstate="Runnable" seed="1062840959" result="Passed" start-time="2023-07-19 15:24:58Z" end-time="2023-07-19 15:24:58Z" duration="0.003390" asserts="15" />
      </test-suite>
      <test-suite type="TestFixture" id="0-1324" name="SpecRepeatUntilS4" fullname="Kaitai.SpecRepeatUntilS4" classname="Kaitai.SpecRepeatUntilS4" runstate="Runnable" testcasecount="1" result="Passed" start-time="2023-07-19 15:24:58Z" end-time="2023-07-19 15:24:58Z" duration="0.003119" total="1" passed="1" failed="0" inconclusive="0" skipped="0" asserts="2">
        <test-case id="0-1325" name="TestRepeatUntilS4" fullname="Kaitai.SpecRepeatUntilS4.TestRepeatUntilS4" methodname="TestRepeatUntilS4" classname="Kaitai.SpecRepeatUntilS4" runstate="Runnable" seed="1824013963" result="Passed" start-time="2023-07-19 15:24:58Z" end-time="2023-07-19 15:24:58Z" duration="0.000731" asserts="2" />
      </test-suite>
      <test-suite type="TestFixture" id="0-1326" name="SpecStrEncodings" fullname="Kaitai.SpecStrEncodings" classname="Kaitai.SpecStrEncodings" runstate="Runnable" testcasecount="1" result="Passed" start-time="2023-07-19 15:24:58Z" end-time="2023-07-19 15:24:58Z" duration="0.002921" total="1" passed="1" failed="0" inconclusive="0" skipped="0" asserts="4">
        <test-case id="0-1327" name="TestStrEncodings" fullname="Kaitai.SpecStrEncodings.TestStrEncodings" methodname="TestStrEncodings" classname="Kaitai.SpecStrEncodings" runstate="Runnable" seed="719044726" result="Passed" start-time="2023-07-19 15:24:58Z" end-time="2023-07-19 15:24:58Z" duration="0.000540" asserts="4" />
      </test-suite>
      <test-suite type="TestFixture" id="0-1328" name="SpecStrEncodingsDefault" fullname="Kaitai.SpecStrEncodingsDefault" classname="Kaitai.SpecStrEncodingsDefault" runstate="Runnable" testcasecount="1" result="Passed" start-time="2023-07-19 15:24:58Z" end-time="2023-07-19 15:24:58Z" duration="0.003022" total="1" passed="1" failed="0" inconclusive="0" skipped="0" asserts="4">
        <test-case id="0-1329" name="TestStrEncodingsDefault" fullname="Kaitai.SpecStrEncodingsDefault.TestStrEncodingsDefault" methodname="TestStrEncodingsDefault" classname="Kaitai.SpecStrEncodingsDefault" runstate="Runnable" seed="1814816007" result="Passed" start-time="2023-07-19 15:24:58Z" end-time="2023-07-19 15:24:58Z" duration="0.000644" asserts="4" />
      </test-suite>
      <test-suite type="TestFixture" id="0-1330" name="SpecStrEncodingsUtf16" fullname="Kaitai.SpecStrEncodingsUtf16" classname="Kaitai.SpecStrEncodingsUtf16" runstate="Runnable" testcasecount="1" result="Passed" start-time="2023-07-19 15:24:58Z" end-time="2023-07-19 15:24:58Z" duration="0.004668" total="1" passed="1" failed="0" inconclusive="0" skipped="0" asserts="6">
        <test-case id="0-1331" name="TestStrEncodingsUtf16" fullname="Kaitai.SpecStrEncodingsUtf16.TestStrEncodingsUtf16" methodname="TestStrEncodingsUtf16" classname="Kaitai.SpecStrEncodingsUtf16" runstate="Runnable" seed="851901916" result="Passed" start-time="2023-07-19 15:24:58Z" end-time="2023-07-19 15:24:58Z" duration="0.002285" asserts="6" />
      </test-suite>
      <test-suite type="TestFixture" id="0-1332" name="SpecStrEos" fullname="Kaitai.SpecStrEos" classname="Kaitai.SpecStrEos" runstate="Runnable" testcasecount="1" result="Passed" start-time="2023-07-19 15:24:58Z" end-time="2023-07-19 15:24:58Z" duration="0.002763" total="1" passed="1" failed="0" inconclusive="0" skipped="0" asserts="1">
        <test-case id="0-1333" name="TestStrEos" fullname="Kaitai.SpecStrEos.TestStrEos" methodname="TestStrEos" classname="Kaitai.SpecStrEos" runstate="Runnable" seed="1381190455" result="Passed" start-time="2023-07-19 15:24:58Z" end-time="2023-07-19 15:24:58Z" duration="0.000364" asserts="1" />
      </test-suite>
      <test-suite type="TestFixture" id="0-1334" name="SpecStrLiterals" fullname="Kaitai.SpecStrLiterals" classname="Kaitai.SpecStrLiterals" runstate="Runnable" testcasecount="1" result="Passed" start-time="2023-07-19 15:24:58Z" end-time="2023-07-19 15:24:58Z" duration="0.005163" total="1" passed="1" failed="0" inconclusive="0" skipped="0" asserts="5">
        <test-case id="0-1335" name="TestStrLiterals" fullname="Kaitai.SpecStrLiterals.TestStrLiterals" methodname="TestStrLiterals" classname="Kaitai.SpecStrLiterals" runstate="Runnable" seed="1716559104" result="Passed" start-time="2023-07-19 15:24:58Z" end-time="2023-07-19 15:24:58Z" duration="0.002753" asserts="5" />
      </test-suite>
      <test-suite type="TestFixture" id="0-1336" name="SpecStrLiterals2" fullname="Kaitai.SpecStrLiterals2" classname="Kaitai.SpecStrLiterals2" runstate="Runnable" testcasecount="1" result="Passed" start-time="2023-07-19 15:24:58Z" end-time="2023-07-19 15:24:58Z" duration="0.002870" total="1" passed="1" failed="0" inconclusive="0" skipped="0" asserts="4">
        <test-case id="0-1337" name="TestStrLiterals2" fullname="Kaitai.SpecStrLiterals2.TestStrLiterals2" methodname="TestStrLiterals2" classname="Kaitai.SpecStrLiterals2" runstate="Runnable" seed="889245170" result="Passed" start-time="2023-07-19 15:24:58Z" end-time="2023-07-19 15:24:58Z" duration="0.000486" asserts="4" />
      </test-suite>
      <test-suite type="TestFixture" id="0-1338" name="SpecStrPadTerm" fullname="Kaitai.SpecStrPadTerm" classname="Kaitai.SpecStrPadTerm" runstate="Runnable" testcasecount="1" result="Passed" start-time="2023-07-19 15:24:58Z" end-time="2023-07-19 15:24:58Z" duration="0.002864" total="1" passed="1" failed="0" inconclusive="0" skipped="0" asserts="4">
        <test-case id="0-1339" name="TestStrPadTerm" fullname="Kaitai.SpecStrPadTerm.TestStrPadTerm" methodname="TestStrPadTerm" classname="Kaitai.SpecStrPadTerm" runstate="Runnable" seed="1904627532" result="Passed" start-time="2023-07-19 15:24:58Z" end-time="2023-07-19 15:24:58Z" duration="0.000481" asserts="4" />
      </test-suite>
      <test-suite type="TestFixture" id="0-1340" name="SpecStrPadTermEmpty" fullname="Kaitai.SpecStrPadTermEmpty" classname="Kaitai.SpecStrPadTermEmpty" runstate="Runnable" testcasecount="1" result="Passed" start-time="2023-07-19 15:24:58Z" end-time="2023-07-19 15:24:58Z" duration="0.002859" total="1" passed="1" failed="0" inconclusive="0" skipped="0" asserts="4">
        <test-case id="0-1341" name="TestStrPadTermEmpty" fullname="Kaitai.SpecStrPadTermEmpty.TestStrPadTermEmpty" methodname="TestStrPadTermEmpty" classname="Kaitai.SpecStrPadTermEmpty" runstate="Runnable" seed="1249287912" result="Passed" start-time="2023-07-19 15:24:58Z" end-time="2023-07-19 15:24:58Z" duration="0.000476" asserts="4" />
      </test-suite>
      <test-suite type="TestFixture" id="0-1342" name="SpecSwitchBytearray" fullname="Kaitai.SpecSwitchBytearray" classname="Kaitai.SpecSwitchBytearray" runstate="Runnable" testcasecount="1" result="Passed" start-time="2023-07-19 15:24:58Z" end-time="2023-07-19 15:24:58Z" duration="0.003828" total="1" passed="1" failed="0" inconclusive="0" skipped="0" asserts="9">
        <test-case id="0-1343" name="TestSwitchBytearray" fullname="Kaitai.SpecSwitchBytearray.TestSwitchBytearray" methodname="TestSwitchBytearray" classname="Kaitai.SpecSwitchBytearray" runstate="Runnable" seed="1674409334" result="Passed" start-time="2023-07-19 15:24:58Z" end-time="2023-07-19 15:24:58Z" duration="0.001442" asserts="9" />
      </test-suite>
      <test-suite type="TestFixture" id="0-1344" name="SpecSwitchCast" fullname="Kaitai.SpecSwitchCast" classname="Kaitai.SpecSwitchCast" runstate="Runnable" testcasecount="1" result="Passed" start-time="2023-07-19 15:24:58Z" end-time="2023-07-19 15:24:58Z" duration="0.003930" total="1" passed="1" failed="0" inconclusive="0" skipped="0" asserts="3">
        <test-case id="0-1345" name="TestSwitchCast" fullname="Kaitai.SpecSwitchCast.TestSwitchCast" methodname="TestSwitchCast" classname="Kaitai.SpecSwitchCast" runstate="Runnable" seed="917123743" result="Passed" start-time="2023-07-19 15:24:58Z" end-time="2023-07-19 15:24:58Z" duration="0.001538" asserts="3" />
      </test-suite>
      <test-suite type="TestFixture" id="0-1346" name="SpecSwitchElseOnly" fullname="Kaitai.SpecSwitchElseOnly" classname="Kaitai.SpecSwitchElseOnly" runstate="Runnable" testcasecount="1" result="Passed" start-time="2023-07-19 15:24:58Z" end-time="2023-07-19 15:24:58Z" duration="0.002961" total="1" passed="1" failed="0" inconclusive="0" skipped="0" asserts="3">
        <test-case id="0-1347" name="TestSwitchElseOnly" fullname="Kaitai.SpecSwitchElseOnly.TestSwitchElseOnly" methodname="TestSwitchElseOnly" classname="Kaitai.SpecSwitchElseOnly" runstate="Runnable" seed="670672238" result="Passed" start-time="2023-07-19 15:24:58Z" end-time="2023-07-19 15:24:58Z" duration="0.000575" asserts="3" />
      </test-suite>
      <test-suite type="TestFixture" id="0-1348" name="SpecSwitchIntegers" fullname="Kaitai.SpecSwitchIntegers" classname="Kaitai.SpecSwitchIntegers" runstate="Runnable" testcasecount="1" result="Passed" start-time="2023-07-19 15:24:58Z" end-time="2023-07-19 15:24:58Z" duration="0.003542" total="1" passed="1" failed="0" inconclusive="0" skipped="0" asserts="9">
        <test-case id="0-1349" name="TestSwitchIntegers" fullname="Kaitai.SpecSwitchIntegers.TestSwitchIntegers" methodname="TestSwitchIntegers" classname="Kaitai.SpecSwitchIntegers" runstate="Runnable" seed="1098089210" result="Passed" start-time="2023-07-19 15:24:58Z" end-time="2023-07-19 15:24:58Z" duration="0.001153" asserts="9" />
      </test-suite>
      <test-suite type="TestFixture" id="0-1350" name="SpecSwitchIntegers2" fullname="Kaitai.SpecSwitchIntegers2" classname="Kaitai.SpecSwitchIntegers2" runstate="Runnable" testcasecount="1" result="Passed" start-time="2023-07-19 15:24:58Z" end-time="2023-07-19 15:24:58Z" duration="0.003399" total="1" passed="1" failed="0" inconclusive="0" skipped="0" asserts="5">
        <test-case id="0-1351" name="TestSwitchIntegers2" fullname="Kaitai.SpecSwitchIntegers2.TestSwitchIntegers2" methodname="TestSwitchIntegers2" classname="Kaitai.SpecSwitchIntegers2" runstate="Runnable" seed="1299052851" result="Passed" start-time="2023-07-19 15:24:58Z" end-time="2023-07-19 15:24:58Z" duration="0.001005" asserts="5" />
      </test-suite>
      <test-suite type="TestFixture" id="0-1352" name="SpecSwitchManualEnum" fullname="Kaitai.SpecSwitchManualEnum" classname="Kaitai.SpecSwitchManualEnum" runstate="Runnable" testcasecount="1" result="Passed" start-time="2023-07-19 15:24:58Z" end-time="2023-07-19 15:24:58Z" duration="0.003861" total="1" passed="1" failed="0" inconclusive="0" skipped="0" asserts="9">
        <test-case id="0-1353" name="TestSwitchManualEnum" fullname="Kaitai.SpecSwitchManualEnum.TestSwitchManualEnum" methodname="TestSwitchManualEnum" classname="Kaitai.SpecSwitchManualEnum" runstate="Runnable" seed="828491781" result="Passed" start-time="2023-07-19 15:24:58Z" end-time="2023-07-19 15:24:58Z" duration="0.001460" asserts="9" />
      </test-suite>
      <test-suite type="TestFixture" id="0-1354" name="SpecSwitchManualEnumInvalid" fullname="Kaitai.SpecSwitchManualEnumInvalid" classname="Kaitai.SpecSwitchManualEnumInvalid" runstate="Runnable" testcasecount="1" result="Passed" start-time="2023-07-19 15:24:58Z" end-time="2023-07-19 15:24:58Z" duration="0.003455" total="1" passed="1" failed="0" inconclusive="0" skipped="0" asserts="5">
        <test-case id="0-1355" name="TestSwitchManualEnumInvalid" fullname="Kaitai.SpecSwitchManualEnumInvalid.TestSwitchManualEnumInvalid" methodname="TestSwitchManualEnumInvalid" classname="Kaitai.SpecSwitchManualEnumInvalid" runstate="Runnable" seed="655217019" result="Passed" start-time="2023-07-19 15:24:58Z" end-time="2023-07-19 15:24:58Z" duration="0.001052" asserts="5" />
      </test-suite>
      <test-suite type="TestFixture" id="0-1356" name="SpecSwitchManualEnumInvalidElse" fullname="Kaitai.SpecSwitchManualEnumInvalidElse" classname="Kaitai.SpecSwitchManualEnumInvalidElse" runstate="Runnable" testcasecount="1" result="Passed" start-time="2023-07-19 15:24:58Z" end-time="2023-07-19 15:24:58Z" duration="0.003623" total="1" passed="1" failed="0" inconclusive="0" skipped="0" asserts="5">
        <test-case id="0-1357" name="TestSwitchManualEnumInvalidElse" fullname="Kaitai.SpecSwitchManualEnumInvalidElse.TestSwitchManualEnumInvalidElse" methodname="TestSwitchManualEnumInvalidElse" classname="Kaitai.SpecSwitchManualEnumInvalidElse" runstate="Runnable" seed="313902688" result="Passed" start-time="2023-07-19 15:24:58Z" end-time="2023-07-19 15:24:58Z" duration="0.001222" asserts="5" />
      </test-suite>
      <test-suite type="TestFixture" id="0-1358" name="SpecSwitchManualInt" fullname="Kaitai.SpecSwitchManualInt" classname="Kaitai.SpecSwitchManualInt" runstate="Runnable" testcasecount="1" result="Passed" start-time="2023-07-19 15:24:58Z" end-time="2023-07-19 15:24:58Z" duration="0.003786" total="1" passed="1" failed="0" inconclusive="0" skipped="0" asserts="9">
        <test-case id="0-1359" name="TestSwitchManualInt" fullname="Kaitai.SpecSwitchManualInt.TestSwitchManualInt" methodname="TestSwitchManualInt" classname="Kaitai.SpecSwitchManualInt" runstate="Runnable" seed="1078872658" result="Passed" start-time="2023-07-19 15:24:58Z" end-time="2023-07-19 15:24:58Z" duration="0.001389" asserts="9" />
      </test-suite>
      <test-suite type="TestFixture" id="0-1360" name="SpecSwitchManualIntElse" fullname="Kaitai.SpecSwitchManualIntElse" classname="Kaitai.SpecSwitchManualIntElse" runstate="Runnable" testcasecount="1" result="Passed" start-time="2023-07-19 15:24:58Z" end-time="2023-07-19 15:24:58Z" duration="0.003885" total="1" passed="1" failed="0" inconclusive="0" skipped="0" asserts="9">
        <test-case id="0-1361" name="TestSwitchManualIntElse" fullname="Kaitai.SpecSwitchManualIntElse.TestSwitchManualIntElse" methodname="TestSwitchManualIntElse" classname="Kaitai.SpecSwitchManualIntElse" runstate="Runnable" seed="39878767" result="Passed" start-time="2023-07-19 15:24:58Z" end-time="2023-07-19 15:24:58Z" duration="0.001498" asserts="9" />
      </test-suite>
      <test-suite type="TestFixture" id="0-1362" name="SpecSwitchManualIntSize" fullname="Kaitai.SpecSwitchManualIntSize" classname="Kaitai.SpecSwitchManualIntSize" runstate="Runnable" testcasecount="1" result="Passed" start-time="2023-07-19 15:24:58Z" end-time="2023-07-19 15:24:58Z" duration="0.004215" total="1" passed="1" failed="0" inconclusive="0" skipped="0" asserts="10">
        <test-case id="0-1363" name="TestSwitchManualIntSize" fullname="Kaitai.SpecSwitchManualIntSize.TestSwitchManualIntSize" methodname="TestSwitchManualIntSize" classname="Kaitai.SpecSwitchManualIntSize" runstate="Runnable" seed="40301650" result="Passed" start-time="2023-07-19 15:24:58Z" end-time="2023-07-19 15:24:58Z" duration="0.001825" asserts="10" />
      </test-suite>
      <test-suite type="TestFixture" id="0-1364" name="SpecSwitchManualIntSizeElse" fullname="Kaitai.SpecSwitchManualIntSizeElse" classname="Kaitai.SpecSwitchManualIntSizeElse" runstate="Runnable" testcasecount="1" result="Passed" start-time="2023-07-19 15:24:58Z" end-time="2023-07-19 15:24:58Z" duration="0.004313" total="1" passed="1" failed="0" inconclusive="0" skipped="0" asserts="10">
        <test-case id="0-1365" name="TestSwitchManualIntSizeElse" fullname="Kaitai.SpecSwitchManualIntSizeElse.TestSwitchManualIntSizeElse" methodname="TestSwitchManualIntSizeElse" classname="Kaitai.SpecSwitchManualIntSizeElse" runstate="Runnable" seed="1402684131" result="Passed" start-time="2023-07-19 15:24:58Z" end-time="2023-07-19 15:24:58Z" duration="0.001916" asserts="10" />
      </test-suite>
      <test-suite type="TestFixture" id="0-1366" name="SpecSwitchManualIntSizeEos" fullname="Kaitai.SpecSwitchManualIntSizeEos" classname="Kaitai.SpecSwitchManualIntSizeEos" runstate="Runnable" testcasecount="1" result="Passed" start-time="2023-07-19 15:24:58Z" end-time="2023-07-19 15:24:58Z" duration="0.004340" total="1" passed="1" failed="0" inconclusive="0" skipped="0" asserts="10">
        <test-case id="0-1367" name="TestSwitchManualIntSizeEos" fullname="Kaitai.SpecSwitchManualIntSizeEos.TestSwitchManualIntSizeEos" methodname="TestSwitchManualIntSizeEos" classname="Kaitai.SpecSwitchManualIntSizeEos" runstate="Runnable" seed="1242931038" result="Passed" start-time="2023-07-19 15:24:58Z" end-time="2023-07-19 15:24:58Z" duration="0.001945" asserts="10" />
      </test-suite>
      <test-suite type="TestFixture" id="0-1368" name="SpecSwitchManualStr" fullname="Kaitai.SpecSwitchManualStr" classname="Kaitai.SpecSwitchManualStr" runstate="Runnable" testcasecount="1" result="Passed" start-time="2023-07-19 15:24:58Z" end-time="2023-07-19 15:24:58Z" duration="0.003761" total="1" passed="1" failed="0" inconclusive="0" skipped="0" asserts="9">
        <test-case id="0-1369" name="TestSwitchManualStr" fullname="Kaitai.SpecSwitchManualStr.TestSwitchManualStr" methodname="TestSwitchManualStr" classname="Kaitai.SpecSwitchManualStr" runstate="Runnable" seed="852850365" result="Passed" start-time="2023-07-19 15:24:58Z" end-time="2023-07-19 15:24:58Z" duration="0.001367" asserts="9" />
      </test-suite>
      <test-suite type="TestFixture" id="0-1370" name="SpecSwitchManualStrElse" fullname="Kaitai.SpecSwitchManualStrElse" classname="Kaitai.SpecSwitchManualStrElse" runstate="Runnable" testcasecount="1" result="Passed" start-time="2023-07-19 15:24:58Z" end-time="2023-07-19 15:24:58Z" duration="0.003852" total="1" passed="1" failed="0" inconclusive="0" skipped="0" asserts="9">
        <test-case id="0-1371" name="TestSwitchManualStrElse" fullname="Kaitai.SpecSwitchManualStrElse.TestSwitchManualStrElse" methodname="TestSwitchManualStrElse" classname="Kaitai.SpecSwitchManualStrElse" runstate="Runnable" seed="1699023472" result="Passed" start-time="2023-07-19 15:24:58Z" end-time="2023-07-19 15:24:58Z" duration="0.001460" asserts="9" />
      </test-suite>
      <test-suite type="TestFixture" id="0-1372" name="SpecSwitchMultiBoolOps" fullname="Kaitai.SpecSwitchMultiBoolOps" classname="Kaitai.SpecSwitchMultiBoolOps" runstate="Runnable" testcasecount="1" result="Passed" start-time="2023-07-19 15:24:58Z" end-time="2023-07-19 15:24:58Z" duration="0.003626" total="1" passed="1" failed="0" inconclusive="0" skipped="0" asserts="9">
        <test-case id="0-1373" name="TestSwitchMultiBoolOps" fullname="Kaitai.SpecSwitchMultiBoolOps.TestSwitchMultiBoolOps" methodname="TestSwitchMultiBoolOps" classname="Kaitai.SpecSwitchMultiBoolOps" runstate="Runnable" seed="1012821674" result="Passed" start-time="2023-07-19 15:24:58Z" end-time="2023-07-19 15:24:58Z" duration="0.001230" asserts="9" />
      </test-suite>
      <test-suite type="TestFixture" id="0-1374" name="SpecTermBytes" fullname="Kaitai.SpecTermBytes" classname="Kaitai.SpecTermBytes" runstate="Runnable" testcasecount="1" result="Passed" start-time="2023-07-19 15:24:58Z" end-time="2023-07-19 15:24:58Z" duration="0.003071" total="1" passed="1" failed="0" inconclusive="0" skipped="0" asserts="3">
        <test-case id="0-1375" name="TestTermBytes" fullname="Kaitai.SpecTermBytes.TestTermBytes" methodname="TestTermBytes" classname="Kaitai.SpecTermBytes" runstate="Runnable" seed="732624151" result="Passed" start-time="2023-07-19 15:24:58Z" end-time="2023-07-19 15:24:58Z" duration="0.000476" asserts="3" />
      </test-suite>
      <test-suite type="TestFixture" id="0-1376" name="SpecTermStrz" fullname="Kaitai.SpecTermStrz" classname="Kaitai.SpecTermStrz" runstate="Runnable" testcasecount="1" result="Passed" start-time="2023-07-19 15:24:58Z" end-time="2023-07-19 15:24:58Z" duration="0.002676" total="1" passed="1" failed="0" inconclusive="0" skipped="0" asserts="3">
        <test-case id="0-1377" name="TestTermStrz" fullname="Kaitai.SpecTermStrz.TestTermStrz" methodname="TestTermStrz" classname="Kaitai.SpecTermStrz" runstate="Runnable" seed="152666003" result="Passed" start-time="2023-07-19 15:24:58Z" end-time="2023-07-19 15:24:58Z" duration="0.000297" asserts="3" />
      </test-suite>
      <test-suite type="TestFixture" id="0-1378" name="SpecTermU1Val" fullname="Kaitai.SpecTermU1Val" classname="Kaitai.SpecTermU1Val" runstate="Runnable" testcasecount="1" result="Passed" start-time="2023-07-19 15:24:58Z" end-time="2023-07-19 15:24:58Z" duration="0.002789" total="1" passed="1" failed="0" inconclusive="0" skipped="0" asserts="2">
        <test-case id="0-1379" name="TestTermU1Val" fullname="Kaitai.SpecTermU1Val.TestTermU1Val" methodname="TestTermU1Val" classname="Kaitai.SpecTermU1Val" runstate="Runnable" seed="153934591" result="Passed" start-time="2023-07-19 15:24:58Z" end-time="2023-07-19 15:24:58Z" duration="0.000420" asserts="2" />
      </test-suite>
      <test-suite type="TestFixture" id="0-1380" name="SpecToStringCustom" fullname="Kaitai.SpecToStringCustom" classname="Kaitai.SpecToStringCustom" runstate="Runnable" testcasecount="1" result="Passed" start-time="2023-07-19 15:24:58Z" end-time="2023-07-19 15:24:58Z" duration="0.002934" total="1" passed="1" failed="0" inconclusive="0" skipped="0" asserts="1">
        <test-case id="0-1381" name="TestToStringCustom" fullname="Kaitai.SpecToStringCustom.TestToStringCustom" methodname="TestToStringCustom" classname="Kaitai.SpecToStringCustom" runstate="Runnable" seed="887568189" result="Passed" start-time="2023-07-19 15:24:58Z" end-time="2023-07-19 15:24:58Z" duration="0.000562" asserts="1" />
      </test-suite>
      <test-suite type="TestFixture" id="0-1382" name="SpecTsPacketHeader" fullname="Kaitai.SpecTsPacketHeader" classname="Kaitai.SpecTsPacketHeader" runstate="Runnable" testcasecount="1" result="Passed" start-time="2023-07-19 15:24:58Z" end-time="2023-07-19 15:24:58Z" duration="0.003026" total="1" passed="1" failed="0" inconclusive="0" skipped="0" asserts="7">
        <test-case id="0-1383" name="TestTsPacketHeader" fullname="Kaitai.SpecTsPacketHeader.TestTsPacketHeader" methodname="TestTsPacketHeader" classname="Kaitai.SpecTsPacketHeader" runstate="Runnable" seed="1448239044" result="Passed" start-time="2023-07-19 15:24:58Z" end-time="2023-07-19 15:24:58Z" duration="0.000649" asserts="7" />
      </test-suite>
      <test-suite type="TestFixture" id="0-1384" name="SpecTypeIntUnaryOp" fullname="Kaitai.SpecTypeIntUnaryOp" classname="Kaitai.SpecTypeIntUnaryOp" runstate="Runnable" testcasecount="1" result="Passed" start-time="2023-07-19 15:24:58Z" end-time="2023-07-19 15:24:58Z" duration="0.002916" total="1" passed="1" failed="0" inconclusive="0" skipped="0" asserts="4">
        <test-case id="0-1385" name="TestTypeIntUnaryOp" fullname="Kaitai.SpecTypeIntUnaryOp.TestTypeIntUnaryOp" methodname="TestTypeIntUnaryOp" classname="Kaitai.SpecTypeIntUnaryOp" runstate="Runnable" seed="2086940062" result="Passed" start-time="2023-07-19 15:24:58Z" end-time="2023-07-19 15:24:58Z" duration="0.000534" asserts="4" />
      </test-suite>
      <test-suite type="TestFixture" id="0-1386" name="SpecTypeTernary" fullname="Kaitai.SpecTypeTernary" classname="Kaitai.SpecTypeTernary" runstate="Runnable" testcasecount="1" result="Passed" start-time="2023-07-19 15:24:58Z" end-time="2023-07-19 15:24:58Z" duration="0.003015" total="1" passed="1" failed="0" inconclusive="0" skipped="0" asserts="1">
        <test-case id="0-1387" name="TestTypeTernary" fullname="Kaitai.SpecTypeTernary.TestTypeTernary" methodname="TestTypeTernary" classname="Kaitai.SpecTypeTernary" runstate="Runnable" seed="450226761" result="Passed" start-time="2023-07-19 15:24:58Z" end-time="2023-07-19 15:24:58Z" duration="0.000635" asserts="1" />
      </test-suite>
      <test-suite type="TestFixture" id="0-1388" name="SpecTypeTernary2ndFalsy" fullname="Kaitai.SpecTypeTernary2ndFalsy" classname="Kaitai.SpecTypeTernary2ndFalsy" runstate="Runnable" testcasecount="1" result="Passed" start-time="2023-07-19 15:24:58Z" end-time="2023-07-19 15:24:58Z" duration="0.003925" total="1" passed="1" failed="0" inconclusive="0" skipped="0" asserts="13">
        <test-case id="0-1389" name="TestTypeTernary2ndFalsy" fullname="Kaitai.SpecTypeTernary2ndFalsy.TestTypeTernary2ndFalsy" methodname="TestTypeTernary2ndFalsy" classname="Kaitai.SpecTypeTernary2ndFalsy" runstate="Runnable" seed="788751635" result="Passed" start-time="2023-07-19 15:24:58Z" end-time="2023-07-19 15:24:58Z" duration="0.001542" asserts="13" />
      </test-suite>
      <test-suite type="TestFixture" id="0-1390" name="SpecTypeTernaryOpaque" fullname="Kaitai.SpecTypeTernaryOpaque" classname="Kaitai.SpecTypeTernaryOpaque" runstate="Runnable" testcasecount="1" result="Passed" start-time="2023-07-19 15:24:58Z" end-time="2023-07-19 15:24:58Z" duration="0.002985" total="1" passed="1" failed="0" inconclusive="0" skipped="0" asserts="3">
        <test-case id="0-1391" name="TestTypeTernaryOpaque" fullname="Kaitai.SpecTypeTernaryOpaque.TestTypeTernaryOpaque" methodname="TestTypeTernaryOpaque" classname="Kaitai.SpecTypeTernaryOpaque" runstate="Runnable" seed="729709272" result="Passed" start-time="2023-07-19 15:24:58Z" end-time="2023-07-19 15:24:58Z" duration="0.000599" asserts="3" />
      </test-suite>
      <test-suite type="TestFixture" id="0-1392" name="SpecUserType" fullname="Kaitai.SpecUserType" classname="Kaitai.SpecUserType" runstate="Runnable" testcasecount="1" result="Passed" start-time="2023-07-19 15:24:58Z" end-time="2023-07-19 15:24:58Z" duration="0.002849" total="1" passed="1" failed="0" inconclusive="0" skipped="0" asserts="2">
        <test-case id="0-1393" name="TestUserType" fullname="Kaitai.SpecUserType.TestUserType" methodname="TestUserType" classname="Kaitai.SpecUserType" runstate="Runnable" seed="2106040231" result="Passed" start-time="2023-07-19 15:24:58Z" end-time="2023-07-19 15:24:58Z" duration="0.000466" asserts="2" />
      </test-suite>
      <test-suite type="TestFixture" id="0-1394" name="SpecValidEqStrEncodings" fullname="Kaitai.SpecValidEqStrEncodings" classname="Kaitai.SpecValidEqStrEncodings" runstate="Runnable" testcasecount="1" result="Passed" start-time="2023-07-19 15:24:58Z" end-time="2023-07-19 15:24:58Z" duration="0.003037" total="1" passed="1" failed="0" inconclusive="0" skipped="0" asserts="0">
        <test-case id="0-1395" name="TestValidEqStrEncodings" fullname="Kaitai.SpecValidEqStrEncodings.TestValidEqStrEncodings" methodname="TestValidEqStrEncodings" classname="Kaitai.SpecValidEqStrEncodings" runstate="Runnable" seed="21519520" result="Passed" start-time="2023-07-19 15:24:58Z" end-time="2023-07-19 15:24:58Z" duration="0.000652" asserts="0" />
      </test-suite>
      <test-suite type="TestFixture" id="0-1396" name="SpecValidFailAnyofInt" fullname="Kaitai.SpecValidFailAnyofInt" classname="Kaitai.SpecValidFailAnyofInt" runstate="Runnable" testcasecount="1" result="Passed" start-time="2023-07-19 15:24:58Z" end-time="2023-07-19 15:24:58Z" duration="0.003373" total="1" passed="1" failed="0" inconclusive="0" skipped="0" asserts="1">
        <test-case id="0-1397" name="TestValidFailAnyofInt" fullname="Kaitai.SpecValidFailAnyofInt.TestValidFailAnyofInt" methodname="TestValidFailAnyofInt" classname="Kaitai.SpecValidFailAnyofInt" runstate="Runnable" seed="1408965337" result="Passed" start-time="2023-07-19 15:24:58Z" end-time="2023-07-19 15:24:58Z" duration="0.000982" asserts="1" />
      </test-suite>
      <test-suite type="TestFixture" id="0-1398" name="SpecValidFailContents" fullname="Kaitai.SpecValidFailContents" classname="Kaitai.SpecValidFailContents" runstate="Runnable" testcasecount="1" result="Passed" start-time="2023-07-19 15:24:58Z" end-time="2023-07-19 15:24:58Z" duration="0.003226" total="1" passed="1" failed="0" inconclusive="0" skipped="0" asserts="1">
        <test-case id="0-1399" name="TestValidFailContents" fullname="Kaitai.SpecValidFailContents.TestValidFailContents" methodname="TestValidFailContents" classname="Kaitai.SpecValidFailContents" runstate="Runnable" seed="1568875958" result="Passed" start-time="2023-07-19 15:24:58Z" end-time="2023-07-19 15:24:58Z" duration="0.000816" asserts="1" />
      </test-suite>
      <test-suite type="TestFixture" id="0-1400" name="SpecValidFailEqBytes" fullname="Kaitai.SpecValidFailEqBytes" classname="Kaitai.SpecValidFailEqBytes" runstate="Runnable" testcasecount="1" result="Passed" start-time="2023-07-19 15:24:58Z" end-time="2023-07-19 15:24:58Z" duration="0.002918" total="1" passed="1" failed="0" inconclusive="0" skipped="0" asserts="1">
        <test-case id="0-1401" name="TestValidFailEqBytes" fullname="Kaitai.SpecValidFailEqBytes.TestValidFailEqBytes" methodname="TestValidFailEqBytes" classname="Kaitai.SpecValidFailEqBytes" runstate="Runnable" seed="974049244" result="Passed" start-time="2023-07-19 15:24:58Z" end-time="2023-07-19 15:24:58Z" duration="0.000518" asserts="1" />
      </test-suite>
      <test-suite type="TestFixture" id="0-1402" name="SpecValidFailEqInt" fullname="Kaitai.SpecValidFailEqInt" classname="Kaitai.SpecValidFailEqInt" runstate="Runnable" testcasecount="1" result="Passed" start-time="2023-07-19 15:24:58Z" end-time="2023-07-19 15:24:58Z" duration="0.002974" total="1" passed="1" failed="0" inconclusive="0" skipped="0" asserts="1">
        <test-case id="0-1403" name="TestValidFailEqInt" fullname="Kaitai.SpecValidFailEqInt.TestValidFailEqInt" methodname="TestValidFailEqInt" classname="Kaitai.SpecValidFailEqInt" runstate="Runnable" seed="552588782" result="Passed" start-time="2023-07-19 15:24:58Z" end-time="2023-07-19 15:24:58Z" duration="0.000589" asserts="1" />
      </test-suite>
      <test-suite type="TestFixture" id="0-1404" name="SpecValidFailEqStr" fullname="Kaitai.SpecValidFailEqStr" classname="Kaitai.SpecValidFailEqStr" runstate="Runnable" testcasecount="1" result="Passed" start-time="2023-07-19 15:24:58Z" end-time="2023-07-19 15:24:58Z" duration="0.002881" total="1" passed="1" failed="0" inconclusive="0" skipped="0" asserts="1">
        <test-case id="0-1405" name="TestValidFailEqStr" fullname="Kaitai.SpecValidFailEqStr.TestValidFailEqStr" methodname="TestValidFailEqStr" classname="Kaitai.SpecValidFailEqStr" runstate="Runnable" seed="1032283103" result="Passed" start-time="2023-07-19 15:24:58Z" end-time="2023-07-19 15:24:58Z" duration="0.000496" asserts="1" />
      </test-suite>
      <test-suite type="TestFixture" id="0-1406" name="SpecValidFailExpr" fullname="Kaitai.SpecValidFailExpr" classname="Kaitai.SpecValidFailExpr" runstate="Runnable" testcasecount="1" result="Passed" start-time="2023-07-19 15:24:58Z" end-time="2023-07-19 15:24:58Z" duration="0.003324" total="1" passed="1" failed="0" inconclusive="0" skipped="0" asserts="1">
        <test-case id="0-1407" name="TestValidFailExpr" fullname="Kaitai.SpecValidFailExpr.TestValidFailExpr" methodname="TestValidFailExpr" classname="Kaitai.SpecValidFailExpr" runstate="Runnable" seed="1943567379" result="Passed" start-time="2023-07-19 15:24:58Z" end-time="2023-07-19 15:24:58Z" duration="0.000934" asserts="1" />
      </test-suite>
      <test-suite type="TestFixture" id="0-1408" name="SpecValidFailInst" fullname="Kaitai.SpecValidFailInst" classname="Kaitai.SpecValidFailInst" runstate="Runnable" testcasecount="1" result="Passed" start-time="2023-07-19 15:24:58Z" end-time="2023-07-19 15:24:59Z" duration="0.003006" total="1" passed="1" failed="0" inconclusive="0" skipped="0" asserts="1">
        <test-case id="0-1409" name="TestValidFailInst" fullname="Kaitai.SpecValidFailInst.TestValidFailInst" methodname="TestValidFailInst" classname="Kaitai.SpecValidFailInst" runstate="Runnable" seed="911414402" result="Passed" start-time="2023-07-19 15:24:59Z" end-time="2023-07-19 15:24:59Z" duration="0.000614" asserts="1" />
      </test-suite>
      <test-suite type="TestFixture" id="0-1410" name="SpecValidFailMaxInt" fullname="Kaitai.SpecValidFailMaxInt" classname="Kaitai.SpecValidFailMaxInt" runstate="Runnable" testcasecount="1" result="Passed" start-time="2023-07-19 15:24:59Z" end-time="2023-07-19 15:24:59Z" duration="0.002970" total="1" passed="1" failed="0" inconclusive="0" skipped="0" asserts="1">
        <test-case id="0-1411" name="TestValidFailMaxInt" fullname="Kaitai.SpecValidFailMaxInt.TestValidFailMaxInt" methodname="TestValidFailMaxInt" classname="Kaitai.SpecValidFailMaxInt" runstate="Runnable" seed="1841863826" result="Passed" start-time="2023-07-19 15:24:59Z" end-time="2023-07-19 15:24:59Z" duration="0.000582" asserts="1" />
      </test-suite>
      <test-suite type="TestFixture" id="0-1412" name="SpecValidFailMinInt" fullname="Kaitai.SpecValidFailMinInt" classname="Kaitai.SpecValidFailMinInt" runstate="Runnable" testcasecount="1" result="Passed" start-time="2023-07-19 15:24:59Z" end-time="2023-07-19 15:24:59Z" duration="0.002962" total="1" passed="1" failed="0" inconclusive="0" skipped="0" asserts="1">
        <test-case id="0-1413" name="TestValidFailMinInt" fullname="Kaitai.SpecValidFailMinInt.TestValidFailMinInt" methodname="TestValidFailMinInt" classname="Kaitai.SpecValidFailMinInt" runstate="Runnable" seed="2112867203" result="Passed" start-time="2023-07-19 15:24:59Z" end-time="2023-07-19 15:24:59Z" duration="0.000572" asserts="1" />
      </test-suite>
      <test-suite type="TestFixture" id="0-1414" name="SpecValidFailRangeBytes" fullname="Kaitai.SpecValidFailRangeBytes" classname="Kaitai.SpecValidFailRangeBytes" runstate="Runnable" testcasecount="1" result="Passed" start-time="2023-07-19 15:24:59Z" end-time="2023-07-19 15:24:59Z" duration="0.003003" total="1" passed="1" failed="0" inconclusive="0" skipped="0" asserts="1">
        <test-case id="0-1415" name="TestValidFailRangeBytes" fullname="Kaitai.SpecValidFailRangeBytes.TestValidFailRangeBytes" methodname="TestValidFailRangeBytes" classname="Kaitai.SpecValidFailRangeBytes" runstate="Runnable" seed="2085166589" result="Passed" start-time="2023-07-19 15:24:59Z" end-time="2023-07-19 15:24:59Z" duration="0.000610" asserts="1" />
      </test-suite>
      <test-suite type="TestFixture" id="0-1416" name="SpecValidFailRangeFloat" fullname="Kaitai.SpecValidFailRangeFloat" classname="Kaitai.SpecValidFailRangeFloat" runstate="Runnable" testcasecount="1" result="Passed" start-time="2023-07-19 15:24:59Z" end-time="2023-07-19 15:24:59Z" duration="0.004446" total="1" passed="1" failed="0" inconclusive="0" skipped="0" asserts="1">
        <test-case id="0-1417" name="TestValidFailRangeFloat" fullname="Kaitai.SpecValidFailRangeFloat.TestValidFailRangeFloat" methodname="TestValidFailRangeFloat" classname="Kaitai.SpecValidFailRangeFloat" runstate="Runnable" seed="374407342" result="Passed" start-time="2023-07-19 15:24:59Z" end-time="2023-07-19 15:24:59Z" duration="0.002050" asserts="1" />
      </test-suite>
      <test-suite type="TestFixture" id="0-1418" name="SpecValidFailRangeInt" fullname="Kaitai.SpecValidFailRangeInt" classname="Kaitai.SpecValidFailRangeInt" runstate="Runnable" testcasecount="1" result="Passed" start-time="2023-07-19 15:24:59Z" end-time="2023-07-19 15:24:59Z" duration="0.002933" total="1" passed="1" failed="0" inconclusive="0" skipped="0" asserts="1">
        <test-case id="0-1419" name="TestValidFailRangeInt" fullname="Kaitai.SpecValidFailRangeInt.TestValidFailRangeInt" methodname="TestValidFailRangeInt" classname="Kaitai.SpecValidFailRangeInt" runstate="Runnable" seed="571719259" result="Passed" start-time="2023-07-19 15:24:59Z" end-time="2023-07-19 15:24:59Z" duration="0.000532" asserts="1" />
      </test-suite>
      <test-suite type="TestFixture" id="0-1420" name="SpecValidFailRangeStr" fullname="Kaitai.SpecValidFailRangeStr" classname="Kaitai.SpecValidFailRangeStr" runstate="Runnable" testcasecount="1" result="Passed" start-time="2023-07-19 15:24:59Z" end-time="2023-07-19 15:24:59Z" duration="0.002937" total="1" passed="1" failed="0" inconclusive="0" skipped="0" asserts="1">
        <test-case id="0-1421" name="TestValidFailRangeStr" fullname="Kaitai.SpecValidFailRangeStr.TestValidFailRangeStr" methodname="TestValidFailRangeStr" classname="Kaitai.SpecValidFailRangeStr" runstate="Runnable" seed="1218063349" result="Passed" start-time="2023-07-19 15:24:59Z" end-time="2023-07-19 15:24:59Z" duration="0.000547" asserts="1" />
      </test-suite>
      <test-suite type="TestFixture" id="0-1422" name="SpecValidLong" fullname="Kaitai.SpecValidLong" classname="Kaitai.SpecValidLong" runstate="Runnable" testcasecount="1" result="Passed" start-time="2023-07-19 15:24:59Z" end-time="2023-07-19 15:24:59Z" duration="0.003333" total="1" passed="1" failed="0" inconclusive="0" skipped="0" asserts="0">
        <test-case id="0-1423" name="TestValidLong" fullname="Kaitai.SpecValidLong.TestValidLong" methodname="TestValidLong" classname="Kaitai.SpecValidLong" runstate="Runnable" seed="213567061" result="Passed" start-time="2023-07-19 15:24:59Z" end-time="2023-07-19 15:24:59Z" duration="0.000951" asserts="0" />
      </test-suite>
      <test-suite type="TestFixture" id="0-1424" name="SpecValidNotParsedIf" fullname="Kaitai.SpecValidNotParsedIf" classname="Kaitai.SpecValidNotParsedIf" runstate="Runnable" testcasecount="1" result="Passed" start-time="2023-07-19 15:24:59Z" end-time="2023-07-19 15:24:59Z" duration="0.002926" total="1" passed="1" failed="0" inconclusive="0" skipped="0" asserts="0">
        <test-case id="0-1425" name="TestValidNotParsedIf" fullname="Kaitai.SpecValidNotParsedIf.TestValidNotParsedIf" methodname="TestValidNotParsedIf" classname="Kaitai.SpecValidNotParsedIf" runstate="Runnable" seed="1434674355" result="Passed" start-time="2023-07-19 15:24:59Z" end-time="2023-07-19 15:24:59Z" duration="0.000534" asserts="0" />
      </test-suite>
      <test-suite type="TestFixture" id="0-1426" name="SpecValidOptionalId" fullname="Kaitai.SpecValidOptionalId" classname="Kaitai.SpecValidOptionalId" runstate="Runnable" testcasecount="1" result="Passed" start-time="2023-07-19 15:24:59Z" end-time="2023-07-19 15:24:59Z" duration="0.002893" total="1" passed="1" failed="0" inconclusive="0" skipped="0" asserts="0">
        <test-case id="0-1427" name="TestValidOptionalId" fullname="Kaitai.SpecValidOptionalId.TestValidOptionalId" methodname="TestValidOptionalId" classname="Kaitai.SpecValidOptionalId" runstate="Runnable" seed="1579259364" result="Passed" start-time="2023-07-19 15:24:59Z" end-time="2023-07-19 15:24:59Z" duration="0.000507" asserts="0" />
      </test-suite>
      <test-suite type="TestFixture" id="0-1428" name="SpecValidShort" fullname="Kaitai.SpecValidShort" classname="Kaitai.SpecValidShort" runstate="Runnable" testcasecount="1" result="Passed" start-time="2023-07-19 15:24:59Z" end-time="2023-07-19 15:24:59Z" duration="0.003302" total="1" passed="1" failed="0" inconclusive="0" skipped="0" asserts="0">
        <test-case id="0-1429" name="TestValidShort" fullname="Kaitai.SpecValidShort.TestValidShort" methodname="TestValidShort" classname="Kaitai.SpecValidShort" runstate="Runnable" seed="1174122052" result="Passed" start-time="2023-07-19 15:24:59Z" end-time="2023-07-19 15:24:59Z" duration="0.000917" asserts="0" />
      </test-suite>
      <test-suite type="TestFixture" id="0-1430" name="SpecValidSwitch" fullname="Kaitai.SpecValidSwitch" classname="Kaitai.SpecValidSwitch" runstate="Runnable" testcasecount="1" result="Passed" start-time="2023-07-19 15:24:59Z" end-time="2023-07-19 15:24:59Z" duration="0.002846" total="1" passed="1" failed="0" inconclusive="0" skipped="0" asserts="0">
        <test-case id="0-1431" name="TestValidSwitch" fullname="Kaitai.SpecValidSwitch.TestValidSwitch" methodname="TestValidSwitch" classname="Kaitai.SpecValidSwitch" runstate="Runnable" seed="1215788490" result="Passed" start-time="2023-07-19 15:24:59Z" end-time="2023-07-19 15:24:59Z" duration="0.000454" asserts="0" />
      </test-suite>
      <test-suite type="TestFixture" id="0-1432" name="SpecZlibSurrounded" fullname="Kaitai.SpecZlibSurrounded" classname="Kaitai.SpecZlibSurrounded" runstate="Runnable" testcasecount="1" result="Passed" start-time="2023-07-19 15:24:59Z" end-time="2023-07-19 15:24:59Z" duration="0.008375" total="1" passed="1" failed="0" inconclusive="0" skipped="0" asserts="1">
        <test-case id="0-1433" name="TestZlibSurrounded" fullname="Kaitai.SpecZlibSurrounded.TestZlibSurrounded" methodname="TestZlibSurrounded" classname="Kaitai.SpecZlibSurrounded" runstate="Runnable" seed="1795312231" result="Passed" start-time="2023-07-19 15:24:59Z" end-time="2023-07-19 15:24:59Z" duration="0.005988" asserts="1" />
      </test-suite>
      <test-suite type="TestFixture" id="0-1434" name="SpecZlibWithHeader78" fullname="Kaitai.SpecZlibWithHeader78" classname="Kaitai.SpecZlibWithHeader78" runstate="Runnable" testcasecount="1" result="Passed" start-time="2023-07-19 15:24:59Z" end-time="2023-07-19 15:24:59Z" duration="0.004551" total="1" passed="1" failed="0" inconclusive="0" skipped="0" asserts="1">
        <test-case id="0-1435" name="TestZlibWithHeader78" fullname="Kaitai.SpecZlibWithHeader78.TestZlibWithHeader78" methodname="TestZlibWithHeader78" classname="Kaitai.SpecZlibWithHeader78" runstate="Runnable" seed="1993129638" result="Passed" start-time="2023-07-19 15:24:59Z" end-time="2023-07-19 15:24:59Z" duration="0.000477" asserts="1" />
      </test-suite>
    </test-suite>
  </test-suite>
</test-run>