<?xml version="1.0" encoding="utf-8" standalone="no"?>
<test-run id="2" testcasecount="153" result="Failed" total="153" passed="152" failed="1" inconclusive="0" skipped="0" asserts="703" engine-version="3.4.1.0" clr-version="4.0.30319.42000" start-time="2019-11-14 11:01:54Z" end-time="2019-11-14 11:01:56Z" duration="1.900791">
  <command-line><![CDATA[spec/csharp/packages/NUnit.ConsoleRunner.3.4.1/tools/nunit3-console.exe --result=test_out/csharp/TestResult.xml spec/csharp/kaitai_struct_csharp_tests/bin/Debug/kaitai_struct_csharp_tests.dll]]></command-line>
  <test-suite type="Assembly" id="0-1306" name="kaitai_struct_csharp_tests.dll" fullname="C:\projects\ci-targets\tests\spec\csharp\kaitai_struct_csharp_tests\bin\Debug\kaitai_struct_csharp_tests.dll" runstate="Runnable" testcasecount="153" result="Failed" site="Child" start-time="2019-11-14 11:01:54Z" end-time="2019-11-14 11:01:56Z" duration="1.788169" total="153" passed="152" failed="1" inconclusive="0" skipped="0" asserts="703">
    <environment framework-version="3.4.1.0" clr-version="4.0.30319.42000" os-version="Microsoft Windows NT 10.0.14393.0" platform="Win32NT" cwd="C:\projects\ci-targets\tests" machine-name="APPVYR-WIN" user="appveyor" user-domain="APPVYR-WIN" culture="en-US" uiculture="en-US" os-architecture="x64" />
    <settings>
      <setting name="WorkDirectory" value="C:\projects\ci-targets\tests" />
      <setting name="ImageRuntimeVersion" value="4.0.30319" />
      <setting name="ImageTargetFrameworkName" value=".NETFramework,Version=v4.5" />
      <setting name="ImageRequiresX86" value="False" />
      <setting name="ImageRequiresDefaultAppDomainAssemblyResolver" value="False" />
      <setting name="NumberOfTestWorkers" value="2" />
    </settings>
    <properties>
      <property name="_PID" value="2560" />
      <property name="_APPDOMAIN" value="test-domain-" />
    </properties>
    <failure>
      <message><![CDATA[One or more child tests had errors]]></message>
    </failure>
    <test-suite type="TestSuite" id="0-1307" name="Kaitai" fullname="Kaitai" runstate="Runnable" testcasecount="153" result="Failed" site="Child" start-time="2019-11-14 11:01:54Z" end-time="2019-11-14 11:01:56Z" duration="1.754475" total="153" passed="152" failed="1" inconclusive="0" skipped="0" asserts="703">
      <failure>
        <message><![CDATA[One or more child tests had errors]]></message>
      </failure>
      <test-suite type="TestFixture" id="0-1000" name="SpecBcdUserTypeBe" fullname="Kaitai.SpecBcdUserTypeBe" classname="Kaitai.SpecBcdUserTypeBe" runstate="Runnable" testcasecount="1" result="Passed" start-time="2019-11-14 11:01:54Z" end-time="2019-11-14 11:01:54Z" duration="0.054898" total="1" passed="1" failed="0" inconclusive="0" skipped="0" asserts="6">
        <test-case id="0-1001" name="TestBcdUserTypeBe" fullname="Kaitai.SpecBcdUserTypeBe.TestBcdUserTypeBe" methodname="TestBcdUserTypeBe" classname="Kaitai.SpecBcdUserTypeBe" runstate="Runnable" seed="1219983782" result="Passed" start-time="2019-11-14 11:01:54Z" end-time="2019-11-14 11:01:54Z" duration="0.036803" asserts="6" />
      </test-suite>
      <test-suite type="TestFixture" id="0-1002" name="SpecBcdUserTypeLe" fullname="Kaitai.SpecBcdUserTypeLe" classname="Kaitai.SpecBcdUserTypeLe" runstate="Runnable" testcasecount="1" result="Passed" start-time="2019-11-14 11:01:54Z" end-time="2019-11-14 11:01:54Z" duration="0.014042" total="1" passed="1" failed="0" inconclusive="0" skipped="0" asserts="6">
        <test-case id="0-1003" name="TestBcdUserTypeLe" fullname="Kaitai.SpecBcdUserTypeLe.TestBcdUserTypeLe" methodname="TestBcdUserTypeLe" classname="Kaitai.SpecBcdUserTypeLe" runstate="Runnable" seed="1911975234" result="Passed" start-time="2019-11-14 11:01:54Z" end-time="2019-11-14 11:01:54Z" duration="0.010106" asserts="6" />
      </test-suite>
      <test-suite type="TestFixture" id="0-1004" name="SpecBitsByteAligned" fullname="Kaitai.SpecBitsByteAligned" classname="Kaitai.SpecBitsByteAligned" runstate="Runnable" testcasecount="1" result="Passed" start-time="2019-11-14 11:01:54Z" end-time="2019-11-14 11:01:54Z" duration="0.012026" total="1" passed="1" failed="0" inconclusive="0" skipped="0" asserts="9">
        <test-case id="0-1005" name="TestBitsByteAligned" fullname="Kaitai.SpecBitsByteAligned.TestBitsByteAligned" methodname="TestBitsByteAligned" classname="Kaitai.SpecBitsByteAligned" runstate="Runnable" seed="1580310678" result="Passed" start-time="2019-11-14 11:01:54Z" end-time="2019-11-14 11:01:54Z" duration="0.008312" asserts="9" />
      </test-suite>
      <test-suite type="TestFixture" id="0-1006" name="SpecBitsEnum" fullname="Kaitai.SpecBitsEnum" classname="Kaitai.SpecBitsEnum" runstate="Runnable" testcasecount="1" result="Passed" start-time="2019-11-14 11:01:54Z" end-time="2019-11-14 11:01:54Z" duration="0.005009" total="1" passed="1" failed="0" inconclusive="0" skipped="0" asserts="3">
        <test-case id="0-1007" name="TestBitsEnum" fullname="Kaitai.SpecBitsEnum.TestBitsEnum" methodname="TestBitsEnum" classname="Kaitai.SpecBitsEnum" runstate="Runnable" seed="1725300136" result="Passed" start-time="2019-11-14 11:01:54Z" end-time="2019-11-14 11:01:54Z" duration="0.001621" asserts="3" />
      </test-suite>
      <test-suite type="TestFixture" id="0-1008" name="SpecBitsSimple" fullname="Kaitai.SpecBitsSimple" classname="Kaitai.SpecBitsSimple" runstate="Runnable" testcasecount="1" result="Passed" start-time="2019-11-14 11:01:54Z" end-time="2019-11-14 11:01:54Z" duration="0.007010" total="1" passed="1" failed="0" inconclusive="0" skipped="0" asserts="14">
        <test-case id="0-1009" name="TestBitsSimple" fullname="Kaitai.SpecBitsSimple.TestBitsSimple" methodname="TestBitsSimple" classname="Kaitai.SpecBitsSimple" runstate="Runnable" seed="1528843451" result="Passed" start-time="2019-11-14 11:01:54Z" end-time="2019-11-14 11:01:54Z" duration="0.003879" asserts="14" />
      </test-suite>
      <test-suite type="TestFixture" id="0-1010" name="SpecBufferedStruct" fullname="Kaitai.SpecBufferedStruct" classname="Kaitai.SpecBufferedStruct" runstate="Runnable" testcasecount="1" result="Passed" start-time="2019-11-14 11:01:54Z" end-time="2019-11-14 11:01:54Z" duration="0.007014" total="1" passed="1" failed="0" inconclusive="0" skipped="0" asserts="7">
        <test-case id="0-1011" name="TestBufferedStruct" fullname="Kaitai.SpecBufferedStruct.TestBufferedStruct" methodname="TestBufferedStruct" classname="Kaitai.SpecBufferedStruct" runstate="Runnable" seed="2053430276" result="Passed" start-time="2019-11-14 11:01:54Z" end-time="2019-11-14 11:01:54Z" duration="0.003605" asserts="7" />
      </test-suite>
      <test-suite type="TestFixture" id="0-1012" name="SpecBytesPadTerm" fullname="Kaitai.SpecBytesPadTerm" classname="Kaitai.SpecBytesPadTerm" runstate="Runnable" testcasecount="1" result="Passed" start-time="2019-11-14 11:01:54Z" end-time="2019-11-14 11:01:54Z" duration="0.005207" total="1" passed="1" failed="0" inconclusive="0" skipped="0" asserts="4">
        <test-case id="0-1013" name="TestBytesPadTerm" fullname="Kaitai.SpecBytesPadTerm.TestBytesPadTerm" methodname="TestBytesPadTerm" classname="Kaitai.SpecBytesPadTerm" runstate="Runnable" seed="2037669353" result="Passed" start-time="2019-11-14 11:01:54Z" end-time="2019-11-14 11:01:54Z" duration="0.002108" asserts="4" />
      </test-suite>
      <test-suite type="TestFixture" id="0-1014" name="SpecCastNested" fullname="Kaitai.SpecCastNested" classname="Kaitai.SpecCastNested" runstate="Runnable" testcasecount="1" result="Passed" start-time="2019-11-14 11:01:54Z" end-time="2019-11-14 11:01:54Z" duration="0.008009" total="1" passed="1" failed="0" inconclusive="0" skipped="0" asserts="4">
        <test-case id="0-1015" name="TestCastNested" fullname="Kaitai.SpecCastNested.TestCastNested" methodname="TestCastNested" classname="Kaitai.SpecCastNested" runstate="Runnable" seed="1223608475" result="Passed" start-time="2019-11-14 11:01:54Z" end-time="2019-11-14 11:01:54Z" duration="0.004637" asserts="4" />
      </test-suite>
      <test-suite type="TestFixture" id="0-1016" name="SpecCastToImported" fullname="Kaitai.SpecCastToImported" classname="Kaitai.SpecCastToImported" runstate="Runnable" testcasecount="1" result="Passed" start-time="2019-11-14 11:01:54Z" end-time="2019-11-14 11:01:54Z" duration="0.005014" total="1" passed="1" failed="0" inconclusive="0" skipped="0" asserts="2">
        <test-case id="0-1017" name="TestCastToImported" fullname="Kaitai.SpecCastToImported.TestCastToImported" methodname="TestCastToImported" classname="Kaitai.SpecCastToImported" runstate="Runnable" seed="1868089435" result="Passed" start-time="2019-11-14 11:01:54Z" end-time="2019-11-14 11:01:54Z" duration="0.001528" asserts="2" />
      </test-suite>
      <test-suite type="TestFixture" id="0-1018" name="SpecCastToTop" fullname="Kaitai.SpecCastToTop" classname="Kaitai.SpecCastToTop" runstate="Runnable" testcasecount="1" result="Passed" start-time="2019-11-14 11:01:54Z" end-time="2019-11-14 11:01:54Z" duration="0.005008" total="1" passed="1" failed="0" inconclusive="0" skipped="0" asserts="3">
        <test-case id="0-1019" name="TestCastToTop" fullname="Kaitai.SpecCastToTop.TestCastToTop" methodname="TestCastToTop" classname="Kaitai.SpecCastToTop" runstate="Runnable" seed="372495224" result="Passed" start-time="2019-11-14 11:01:54Z" end-time="2019-11-14 11:01:54Z" duration="0.001728" asserts="3" />
      </test-suite>
      <test-suite type="TestFixture" id="0-1020" name="SpecDebug0" fullname="Kaitai.SpecDebug0" classname="Kaitai.SpecDebug0" runstate="Runnable" testcasecount="1" result="Passed" start-time="2019-11-14 11:01:54Z" end-time="2019-11-14 11:01:54Z" duration="0.004011" total="1" passed="1" failed="0" inconclusive="0" skipped="0" asserts="0">
        <test-case id="0-1021" name="TestDebug0" fullname="Kaitai.SpecDebug0.TestDebug0" methodname="TestDebug0" classname="Kaitai.SpecDebug0" runstate="Runnable" seed="2051741722" result="Passed" start-time="2019-11-14 11:01:54Z" end-time="2019-11-14 11:01:54Z" duration="0.000161" asserts="0" />
      </test-suite>
      <test-suite type="TestFixture" id="0-1022" name="SpecDebugArrayUser" fullname="Kaitai.SpecDebugArrayUser" classname="Kaitai.SpecDebugArrayUser" runstate="Runnable" testcasecount="1" result="Passed" start-time="2019-11-14 11:01:54Z" end-time="2019-11-14 11:01:54Z" duration="0.006175" total="1" passed="1" failed="0" inconclusive="0" skipped="0" asserts="4">
        <test-case id="0-1023" name="TestDebugArrayUser" fullname="Kaitai.SpecDebugArrayUser.TestDebugArrayUser" methodname="TestDebugArrayUser" classname="Kaitai.SpecDebugArrayUser" runstate="Runnable" seed="1812849237" result="Passed" start-time="2019-11-14 11:01:54Z" end-time="2019-11-14 11:01:54Z" duration="0.002066" asserts="4" />
      </test-suite>
      <test-suite type="TestFixture" id="0-1024" name="SpecDebugEnumName" fullname="Kaitai.SpecDebugEnumName" classname="Kaitai.SpecDebugEnumName" runstate="Runnable" testcasecount="1" result="Passed" start-time="2019-11-14 11:01:54Z" end-time="2019-11-14 11:01:54Z" duration="0.004010" total="1" passed="1" failed="0" inconclusive="0" skipped="0" asserts="0">
        <test-case id="0-1025" name="TestDebugEnumName" fullname="Kaitai.SpecDebugEnumName.TestDebugEnumName" methodname="TestDebugEnumName" classname="Kaitai.SpecDebugEnumName" runstate="Runnable" seed="487156308" result="Passed" start-time="2019-11-14 11:01:54Z" end-time="2019-11-14 11:01:54Z" duration="0.000145" asserts="0" />
      </test-suite>
      <test-suite type="TestFixture" id="0-1026" name="SpecDefaultBigEndian" fullname="Kaitai.SpecDefaultBigEndian" classname="Kaitai.SpecDefaultBigEndian" runstate="Runnable" testcasecount="1" result="Passed" start-time="2019-11-14 11:01:54Z" end-time="2019-11-14 11:01:54Z" duration="0.015755" total="1" passed="1" failed="0" inconclusive="0" skipped="0" asserts="1">
        <test-case id="0-1027" name="TestDefaultBigEndian" fullname="Kaitai.SpecDefaultBigEndian.TestDefaultBigEndian" methodname="TestDefaultBigEndian" classname="Kaitai.SpecDefaultBigEndian" runstate="Runnable" seed="55468443" result="Passed" start-time="2019-11-14 11:01:54Z" end-time="2019-11-14 11:01:54Z" duration="0.001189" asserts="1" />
      </test-suite>
      <test-suite type="TestFixture" id="0-1028" name="SpecDefaultEndianExprException" fullname="Kaitai.SpecDefaultEndianExprException" classname="Kaitai.SpecDefaultEndianExprException" runstate="Runnable" testcasecount="1" result="Passed" start-time="2019-11-14 11:01:54Z" end-time="2019-11-14 11:01:54Z" duration="0.017020" total="1" passed="1" failed="0" inconclusive="0" skipped="0" asserts="1">
        <test-case id="0-1029" name="TestDefaultEndianExprException" fullname="Kaitai.SpecDefaultEndianExprException.TestDefaultEndianExprException" methodname="TestDefaultEndianExprException" classname="Kaitai.SpecDefaultEndianExprException" runstate="Runnable" seed="1338627778" result="Passed" start-time="2019-11-14 11:01:54Z" end-time="2019-11-14 11:01:54Z" duration="0.013875" asserts="1" />
      </test-suite>
      <test-suite type="TestFixture" id="0-1030" name="SpecDefaultEndianExprInherited" fullname="Kaitai.SpecDefaultEndianExprInherited" classname="Kaitai.SpecDefaultEndianExprInherited" runstate="Runnable" testcasecount="1" result="Passed" start-time="2019-11-14 11:01:54Z" end-time="2019-11-14 11:01:54Z" duration="0.011033" total="1" passed="1" failed="0" inconclusive="0" skipped="0" asserts="15">
        <test-case id="0-1031" name="TestDefaultEndianExprInherited" fullname="Kaitai.SpecDefaultEndianExprInherited.TestDefaultEndianExprInherited" methodname="TestDefaultEndianExprInherited" classname="Kaitai.SpecDefaultEndianExprInherited" runstate="Runnable" seed="1092455218" result="Passed" start-time="2019-11-14 11:01:54Z" end-time="2019-11-14 11:01:54Z" duration="0.007140" asserts="15" />
      </test-suite>
      <test-suite type="TestFixture" id="0-1032" name="SpecDefaultEndianExprIsBe" fullname="Kaitai.SpecDefaultEndianExprIsBe" classname="Kaitai.SpecDefaultEndianExprIsBe" runstate="Runnable" testcasecount="1" result="Passed" start-time="2019-11-14 11:01:54Z" end-time="2019-11-14 11:01:54Z" duration="0.011081" total="1" passed="1" failed="0" inconclusive="0" skipped="0" asserts="18">
        <test-case id="0-1033" name="TestDefaultEndianExprIsBe" fullname="Kaitai.SpecDefaultEndianExprIsBe.TestDefaultEndianExprIsBe" methodname="TestDefaultEndianExprIsBe" classname="Kaitai.SpecDefaultEndianExprIsBe" runstate="Runnable" seed="648908713" result="Passed" start-time="2019-11-14 11:01:54Z" end-time="2019-11-14 11:01:54Z" duration="0.007776" asserts="18" />
      </test-suite>
      <test-suite type="TestFixture" id="0-1034" name="SpecDefaultEndianExprIsLe" fullname="Kaitai.SpecDefaultEndianExprIsLe" classname="Kaitai.SpecDefaultEndianExprIsLe" runstate="Runnable" testcasecount="1" result="Passed" start-time="2019-11-14 11:01:54Z" end-time="2019-11-14 11:01:54Z" duration="0.007825" total="1" passed="1" failed="0" inconclusive="0" skipped="0" asserts="12">
        <test-case id="0-1035" name="TestDefaultEndianExprIsLe" fullname="Kaitai.SpecDefaultEndianExprIsLe.TestDefaultEndianExprIsLe" methodname="TestDefaultEndianExprIsLe" classname="Kaitai.SpecDefaultEndianExprIsLe" runstate="Runnable" seed="1125272379" result="Passed" start-time="2019-11-14 11:01:54Z" end-time="2019-11-14 11:01:54Z" duration="0.004479" asserts="12" />
      </test-suite>
      <test-suite type="TestFixture" id="0-1036" name="SpecDefaultEndianMod" fullname="Kaitai.SpecDefaultEndianMod" classname="Kaitai.SpecDefaultEndianMod" runstate="Runnable" testcasecount="1" result="Passed" start-time="2019-11-14 11:01:54Z" end-time="2019-11-14 11:01:54Z" duration="0.006378" total="1" passed="1" failed="0" inconclusive="0" skipped="0" asserts="3">
        <test-case id="0-1037" name="TestDefaultEndianMod" fullname="Kaitai.SpecDefaultEndianMod.TestDefaultEndianMod" methodname="TestDefaultEndianMod" classname="Kaitai.SpecDefaultEndianMod" runstate="Runnable" seed="817333178" result="Passed" start-time="2019-11-14 11:01:54Z" end-time="2019-11-14 11:01:54Z" duration="0.002595" asserts="3" />
      </test-suite>
      <test-suite type="TestFixture" id="0-1038" name="SpecDocstrings" fullname="Kaitai.SpecDocstrings" classname="Kaitai.SpecDocstrings" runstate="Runnable" testcasecount="1" result="Passed" start-time="2019-11-14 11:01:54Z" end-time="2019-11-14 11:01:54Z" duration="0.004008" total="1" passed="1" failed="0" inconclusive="0" skipped="0" asserts="0">
        <test-case id="0-1039" name="TestDocstrings" fullname="Kaitai.SpecDocstrings.TestDocstrings" methodname="TestDocstrings" classname="Kaitai.SpecDocstrings" runstate="Runnable" seed="788586157" result="Passed" start-time="2019-11-14 11:01:54Z" end-time="2019-11-14 11:01:54Z" duration="0.000778" asserts="0" />
      </test-suite>
      <test-suite type="TestFixture" id="0-1040" name="SpecDocstringsDocref" fullname="Kaitai.SpecDocstringsDocref" classname="Kaitai.SpecDocstringsDocref" runstate="Runnable" testcasecount="1" result="Passed" start-time="2019-11-14 11:01:54Z" end-time="2019-11-14 11:01:54Z" duration="0.004003" total="1" passed="1" failed="0" inconclusive="0" skipped="0" asserts="0">
        <test-case id="0-1041" name="TestDocstringsDocref" fullname="Kaitai.SpecDocstringsDocref.TestDocstringsDocref" methodname="TestDocstringsDocref" classname="Kaitai.SpecDocstringsDocref" runstate="Runnable" seed="940166386" result="Passed" start-time="2019-11-14 11:01:54Z" end-time="2019-11-14 11:01:54Z" duration="0.000825" asserts="0" />
      </test-suite>
      <test-suite type="TestFixture" id="0-1042" name="SpecDocstringsDocrefMulti" fullname="Kaitai.SpecDocstringsDocrefMulti" classname="Kaitai.SpecDocstringsDocrefMulti" runstate="Runnable" testcasecount="1" result="Passed" start-time="2019-11-14 11:01:54Z" end-time="2019-11-14 11:01:54Z" duration="0.003623" total="1" passed="1" failed="0" inconclusive="0" skipped="0" asserts="0">
        <test-case id="0-1043" name="TestDocstringsDocrefMulti" fullname="Kaitai.SpecDocstringsDocrefMulti.TestDocstringsDocrefMulti" methodname="TestDocstringsDocrefMulti" classname="Kaitai.SpecDocstringsDocrefMulti" runstate="Runnable" seed="387751076" result="Passed" start-time="2019-11-14 11:01:54Z" end-time="2019-11-14 11:01:54Z" duration="0.000702" asserts="0" />
      </test-suite>
      <test-suite type="TestFixture" id="0-1044" name="SpecEnum0" fullname="Kaitai.SpecEnum0" classname="Kaitai.SpecEnum0" runstate="Runnable" testcasecount="1" result="Passed" start-time="2019-11-14 11:01:54Z" end-time="2019-11-14 11:01:54Z" duration="0.005000" total="1" passed="1" failed="0" inconclusive="0" skipped="0" asserts="2">
        <test-case id="0-1045" name="TestEnum0" fullname="Kaitai.SpecEnum0.TestEnum0" methodname="TestEnum0" classname="Kaitai.SpecEnum0" runstate="Runnable" seed="2103896046" result="Passed" start-time="2019-11-14 11:01:54Z" end-time="2019-11-14 11:01:54Z" duration="0.001402" asserts="2" />
      </test-suite>
      <test-suite type="TestFixture" id="0-1046" name="SpecEnum1" fullname="Kaitai.SpecEnum1" classname="Kaitai.SpecEnum1" runstate="Runnable" testcasecount="1" result="Passed" start-time="2019-11-14 11:01:54Z" end-time="2019-11-14 11:01:54Z" duration="0.005993" total="1" passed="1" failed="0" inconclusive="0" skipped="0" asserts="2">
        <test-case id="0-1047" name="TestEnum1" fullname="Kaitai.SpecEnum1.TestEnum1" methodname="TestEnum1" classname="Kaitai.SpecEnum1" runstate="Runnable" seed="1073114968" result="Passed" start-time="2019-11-14 11:01:54Z" end-time="2019-11-14 11:01:54Z" duration="0.001942" asserts="2" />
      </test-suite>
      <test-suite type="TestFixture" id="0-1048" name="SpecEnumDeep" fullname="Kaitai.SpecEnumDeep" classname="Kaitai.SpecEnumDeep" runstate="Runnable" testcasecount="1" result="Passed" start-time="2019-11-14 11:01:54Z" end-time="2019-11-14 11:01:54Z" duration="0.005014" total="1" passed="1" failed="0" inconclusive="0" skipped="0" asserts="2">
        <test-case id="0-1049" name="TestEnumDeep" fullname="Kaitai.SpecEnumDeep.TestEnumDeep" methodname="TestEnumDeep" classname="Kaitai.SpecEnumDeep" runstate="Runnable" seed="1424535310" result="Passed" start-time="2019-11-14 11:01:54Z" end-time="2019-11-14 11:01:54Z" duration="0.001174" asserts="2" />
      </test-suite>
      <test-suite type="TestFixture" id="0-1050" name="SpecEnumDeepLiterals" fullname="Kaitai.SpecEnumDeepLiterals" classname="Kaitai.SpecEnumDeepLiterals" runstate="Runnable" testcasecount="1" result="Passed" start-time="2019-11-14 11:01:54Z" end-time="2019-11-14 11:01:54Z" duration="0.005010" total="1" passed="1" failed="0" inconclusive="0" skipped="0" asserts="2">
        <test-case id="0-1051" name="TestEnumDeepLiterals" fullname="Kaitai.SpecEnumDeepLiterals.TestEnumDeepLiterals" methodname="TestEnumDeepLiterals" classname="Kaitai.SpecEnumDeepLiterals" runstate="Runnable" seed="1190458517" result="Passed" start-time="2019-11-14 11:01:54Z" end-time="2019-11-14 11:01:54Z" duration="0.001376" asserts="2" />
      </test-suite>
      <test-suite type="TestFixture" id="0-1052" name="SpecEnumFancy" fullname="Kaitai.SpecEnumFancy" classname="Kaitai.SpecEnumFancy" runstate="Runnable" testcasecount="1" result="Passed" start-time="2019-11-14 11:01:54Z" end-time="2019-11-14 11:01:54Z" duration="0.005012" total="1" passed="1" failed="0" inconclusive="0" skipped="0" asserts="2">
        <test-case id="0-1053" name="TestEnumFancy" fullname="Kaitai.SpecEnumFancy.TestEnumFancy" methodname="TestEnumFancy" classname="Kaitai.SpecEnumFancy" runstate="Runnable" seed="1904351368" result="Passed" start-time="2019-11-14 11:01:54Z" end-time="2019-11-14 11:01:54Z" duration="0.001081" asserts="2" />
      </test-suite>
      <test-suite type="TestFixture" id="0-1054" name="SpecEnumForUnknownId" fullname="Kaitai.SpecEnumForUnknownId" classname="Kaitai.SpecEnumForUnknownId" runstate="Runnable" testcasecount="1" result="Passed" start-time="2019-11-14 11:01:54Z" end-time="2019-11-14 11:01:54Z" duration="0.004009" total="1" passed="1" failed="0" inconclusive="0" skipped="0" asserts="1">
        <test-case id="0-1055" name="TestEnumForUnknownId" fullname="Kaitai.SpecEnumForUnknownId.TestEnumForUnknownId" methodname="TestEnumForUnknownId" classname="Kaitai.SpecEnumForUnknownId" runstate="Runnable" seed="741895683" result="Passed" start-time="2019-11-14 11:01:54Z" end-time="2019-11-14 11:01:54Z" duration="0.000846" asserts="1" />
      </test-suite>
      <test-suite type="TestFixture" id="0-1056" name="SpecEnumIf" fullname="Kaitai.SpecEnumIf" classname="Kaitai.SpecEnumIf" runstate="Runnable" testcasecount="1" result="Passed" start-time="2019-11-14 11:01:54Z" end-time="2019-11-14 11:01:54Z" duration="0.007015" total="1" passed="1" failed="0" inconclusive="0" skipped="0" asserts="7">
        <test-case id="0-1057" name="TestEnumIf" fullname="Kaitai.SpecEnumIf.TestEnumIf" methodname="TestEnumIf" classname="Kaitai.SpecEnumIf" runstate="Runnable" seed="1435982146" result="Passed" start-time="2019-11-14 11:01:54Z" end-time="2019-11-14 11:01:54Z" duration="0.003149" asserts="7" />
      </test-suite>
      <test-suite type="TestFixture" id="0-1058" name="SpecEnumNegative" fullname="Kaitai.SpecEnumNegative" classname="Kaitai.SpecEnumNegative" runstate="Runnable" testcasecount="1" result="Passed" start-time="2019-11-14 11:01:54Z" end-time="2019-11-14 11:01:54Z" duration="0.005008" total="1" passed="1" failed="0" inconclusive="0" skipped="0" asserts="2">
        <test-case id="0-1059" name="TestEnumNegative" fullname="Kaitai.SpecEnumNegative.TestEnumNegative" methodname="TestEnumNegative" classname="Kaitai.SpecEnumNegative" runstate="Runnable" seed="153281338" result="Passed" start-time="2019-11-14 11:01:54Z" end-time="2019-11-14 11:01:54Z" duration="0.001209" asserts="2" />
      </test-suite>
      <test-suite type="TestFixture" id="0-1060" name="SpecEnumOfValueInst" fullname="Kaitai.SpecEnumOfValueInst" classname="Kaitai.SpecEnumOfValueInst" runstate="Runnable" testcasecount="1" result="Passed" start-time="2019-11-14 11:01:54Z" end-time="2019-11-14 11:01:54Z" duration="0.005014" total="1" passed="1" failed="0" inconclusive="0" skipped="0" asserts="4">
        <test-case id="0-1061" name="TestEnumOfValueInst" fullname="Kaitai.SpecEnumOfValueInst.TestEnumOfValueInst" methodname="TestEnumOfValueInst" classname="Kaitai.SpecEnumOfValueInst" runstate="Runnable" seed="1143682182" result="Passed" start-time="2019-11-14 11:01:54Z" end-time="2019-11-14 11:01:54Z" duration="0.001504" asserts="4" />
      </test-suite>
      <test-suite type="TestFixture" id="0-1062" name="SpecEnumToI" fullname="Kaitai.SpecEnumToI" classname="Kaitai.SpecEnumToI" runstate="Runnable" testcasecount="1" result="Passed" start-time="2019-11-14 11:01:54Z" end-time="2019-11-14 11:01:54Z" duration="0.005017" total="1" passed="1" failed="0" inconclusive="0" skipped="0" asserts="4">
        <test-case id="0-1063" name="TestEnumToI" fullname="Kaitai.SpecEnumToI.TestEnumToI" methodname="TestEnumToI" classname="Kaitai.SpecEnumToI" runstate="Runnable" seed="1732135338" result="Passed" start-time="2019-11-14 11:01:54Z" end-time="2019-11-14 11:01:54Z" duration="0.001574" asserts="4" />
      </test-suite>
      <test-suite type="TestFixture" id="0-1064" name="SpecExpr0" fullname="Kaitai.SpecExpr0" classname="Kaitai.SpecExpr0" runstate="Runnable" testcasecount="1" result="Passed" start-time="2019-11-14 11:01:54Z" end-time="2019-11-14 11:01:54Z" duration="0.004978" total="1" passed="1" failed="0" inconclusive="0" skipped="0" asserts="2">
        <test-case id="0-1065" name="TestExpr0" fullname="Kaitai.SpecExpr0.TestExpr0" methodname="TestExpr0" classname="Kaitai.SpecExpr0" runstate="Runnable" seed="262198660" result="Passed" start-time="2019-11-14 11:01:54Z" end-time="2019-11-14 11:01:54Z" duration="0.001139" asserts="2" />
      </test-suite>
      <test-suite type="TestFixture" id="0-1066" name="SpecExpr1" fullname="Kaitai.SpecExpr1" classname="Kaitai.SpecExpr1" runstate="Runnable" testcasecount="1" result="Passed" start-time="2019-11-14 11:01:54Z" end-time="2019-11-14 11:01:54Z" duration="0.005038" total="1" passed="1" failed="0" inconclusive="0" skipped="0" asserts="4">
        <test-case id="0-1067" name="TestExpr1" fullname="Kaitai.SpecExpr1.TestExpr1" methodname="TestExpr1" classname="Kaitai.SpecExpr1" runstate="Runnable" seed="825684607" result="Passed" start-time="2019-11-14 11:01:54Z" end-time="2019-11-14 11:01:54Z" duration="0.001612" asserts="4" />
      </test-suite>
      <test-suite type="TestFixture" id="0-1068" name="SpecExpr2" fullname="Kaitai.SpecExpr2" classname="Kaitai.SpecExpr2" runstate="Runnable" testcasecount="1" result="Passed" start-time="2019-11-14 11:01:54Z" end-time="2019-11-14 11:01:54Z" duration="0.009009" total="1" passed="1" failed="0" inconclusive="0" skipped="0" asserts="17">
        <test-case id="0-1069" name="TestExpr2" fullname="Kaitai.SpecExpr2.TestExpr2" methodname="TestExpr2" classname="Kaitai.SpecExpr2" runstate="Runnable" seed="1121179102" result="Passed" start-time="2019-11-14 11:01:54Z" end-time="2019-11-14 11:01:54Z" duration="0.005207" asserts="17" />
      </test-suite>
      <test-suite type="TestFixture" id="0-1070" name="SpecExpr3" fullname="Kaitai.SpecExpr3" classname="Kaitai.SpecExpr3" runstate="Runnable" testcasecount="1" result="Passed" start-time="2019-11-14 11:01:54Z" end-time="2019-11-14 11:01:54Z" duration="0.007018" total="1" passed="1" failed="0" inconclusive="0" skipped="0" asserts="12">
        <test-case id="0-1071" name="TestExpr3" fullname="Kaitai.SpecExpr3.TestExpr3" methodname="TestExpr3" classname="Kaitai.SpecExpr3" runstate="Runnable" seed="989806232" result="Passed" start-time="2019-11-14 11:01:54Z" end-time="2019-11-14 11:01:54Z" duration="0.003393" asserts="12" />
      </test-suite>
      <test-suite type="TestFixture" id="0-1072" name="SpecExprArray" fullname="Kaitai.SpecExprArray" classname="Kaitai.SpecExprArray" runstate="Runnable" testcasecount="1" result="Passed" start-time="2019-11-14 11:01:54Z" end-time="2019-11-14 11:01:54Z" duration="0.021020" total="1" passed="1" failed="0" inconclusive="0" skipped="0" asserts="15">
        <test-case id="0-1073" name="TestExprArray" fullname="Kaitai.SpecExprArray.TestExprArray" methodname="TestExprArray" classname="Kaitai.SpecExprArray" runstate="Runnable" seed="1896487711" result="Passed" start-time="2019-11-14 11:01:54Z" end-time="2019-11-14 11:01:54Z" duration="0.017113" asserts="15" />
      </test-suite>
      <test-suite type="TestFixture" id="0-1074" name="SpecExprBytesCmp" fullname="Kaitai.SpecExprBytesCmp" classname="Kaitai.SpecExprBytesCmp" runstate="Runnable" testcasecount="1" result="Passed" start-time="2019-11-14 11:01:54Z" end-time="2019-11-14 11:01:54Z" duration="0.007030" total="1" passed="1" failed="0" inconclusive="0" skipped="0" asserts="10">
        <test-case id="0-1075" name="TestExprBytesCmp" fullname="Kaitai.SpecExprBytesCmp.TestExprBytesCmp" methodname="TestExprBytesCmp" classname="Kaitai.SpecExprBytesCmp" runstate="Runnable" seed="1213037838" result="Passed" start-time="2019-11-14 11:01:54Z" end-time="2019-11-14 11:01:54Z" duration="0.003716" asserts="10" />
      </test-suite>
      <test-suite type="TestFixture" id="0-1076" name="SpecExprEnum" fullname="Kaitai.SpecExprEnum" classname="Kaitai.SpecExprEnum" runstate="Runnable" testcasecount="1" result="Passed" start-time="2019-11-14 11:01:54Z" end-time="2019-11-14 11:01:54Z" duration="0.005001" total="1" passed="1" failed="0" inconclusive="0" skipped="0" asserts="3">
        <test-case id="0-1077" name="TestExprEnum" fullname="Kaitai.SpecExprEnum.TestExprEnum" methodname="TestExprEnum" classname="Kaitai.SpecExprEnum" runstate="Runnable" seed="718800252" result="Passed" start-time="2019-11-14 11:01:54Z" end-time="2019-11-14 11:01:54Z" duration="0.001506" asserts="3" />
      </test-suite>
      <test-suite type="TestFixture" id="0-1078" name="SpecExprIoEof" fullname="Kaitai.SpecExprIoEof" classname="Kaitai.SpecExprIoEof" runstate="Runnable" testcasecount="1" result="Passed" start-time="2019-11-14 11:01:54Z" end-time="2019-11-14 11:01:54Z" duration="0.006014" total="1" passed="1" failed="0" inconclusive="0" skipped="0" asserts="4">
        <test-case id="0-1079" name="TestExprIoEof" fullname="Kaitai.SpecExprIoEof.TestExprIoEof" methodname="TestExprIoEof" classname="Kaitai.SpecExprIoEof" runstate="Runnable" seed="293505788" result="Passed" start-time="2019-11-14 11:01:54Z" end-time="2019-11-14 11:01:54Z" duration="0.002198" asserts="4" />
      </test-suite>
      <test-suite type="TestFixture" id="0-1080" name="SpecExprIoPos" fullname="Kaitai.SpecExprIoPos" classname="Kaitai.SpecExprIoPos" runstate="Runnable" testcasecount="1" result="Passed" start-time="2019-11-14 11:01:54Z" end-time="2019-11-14 11:01:54Z" duration="0.006014" total="1" passed="1" failed="0" inconclusive="0" skipped="0" asserts="6">
        <test-case id="0-1081" name="TestExprIoPos" fullname="Kaitai.SpecExprIoPos.TestExprIoPos" methodname="TestExprIoPos" classname="Kaitai.SpecExprIoPos" runstate="Runnable" seed="308689711" result="Passed" start-time="2019-11-14 11:01:54Z" end-time="2019-11-14 11:01:54Z" duration="0.002555" asserts="6" />
      </test-suite>
      <test-suite type="TestFixture" id="0-1082" name="SpecExprMod" fullname="Kaitai.SpecExprMod" classname="Kaitai.SpecExprMod" runstate="Runnable" testcasecount="1" result="Passed" start-time="2019-11-14 11:01:54Z" end-time="2019-11-14 11:01:54Z" duration="0.006035" total="1" passed="1" failed="0" inconclusive="0" skipped="0" asserts="6">
        <test-case id="0-1083" name="TestExprMod" fullname="Kaitai.SpecExprMod.TestExprMod" methodname="TestExprMod" classname="Kaitai.SpecExprMod" runstate="Runnable" seed="725209994" result="Passed" start-time="2019-11-14 11:01:54Z" end-time="2019-11-14 11:01:54Z" duration="0.002645" asserts="6" />
      </test-suite>
      <test-suite type="TestFixture" id="0-1084" name="SpecExprSizeofType0" fullname="Kaitai.SpecExprSizeofType0" classname="Kaitai.SpecExprSizeofType0" runstate="Runnable" testcasecount="1" result="Passed" start-time="2019-11-14 11:01:54Z" end-time="2019-11-14 11:01:54Z" duration="0.004047" total="1" passed="1" failed="0" inconclusive="0" skipped="0" asserts="1">
        <test-case id="0-1085" name="TestExprSizeofType0" fullname="Kaitai.SpecExprSizeofType0.TestExprSizeofType0" methodname="TestExprSizeofType0" classname="Kaitai.SpecExprSizeofType0" runstate="Runnable" seed="1281217084" result="Passed" start-time="2019-11-14 11:01:54Z" end-time="2019-11-14 11:01:54Z" duration="0.000872" asserts="1" />
      </test-suite>
      <test-suite type="TestFixture" id="0-1086" name="SpecExprSizeofType1" fullname="Kaitai.SpecExprSizeofType1" classname="Kaitai.SpecExprSizeofType1" runstate="Runnable" testcasecount="1" result="Passed" start-time="2019-11-14 11:01:54Z" end-time="2019-11-14 11:01:54Z" duration="0.004952" total="1" passed="1" failed="0" inconclusive="0" skipped="0" asserts="2">
        <test-case id="0-1087" name="TestExprSizeofType1" fullname="Kaitai.SpecExprSizeofType1.TestExprSizeofType1" methodname="TestExprSizeofType1" classname="Kaitai.SpecExprSizeofType1" runstate="Runnable" seed="1546740973" result="Passed" start-time="2019-11-14 11:01:54Z" end-time="2019-11-14 11:01:54Z" duration="0.001065" asserts="2" />
      </test-suite>
      <test-suite type="TestFixture" id="0-1088" name="SpecExprSizeofValue0" fullname="Kaitai.SpecExprSizeofValue0" classname="Kaitai.SpecExprSizeofValue0" runstate="Runnable" testcasecount="1" result="Passed" start-time="2019-11-14 11:01:54Z" end-time="2019-11-14 11:01:54Z" duration="0.006013" total="1" passed="1" failed="0" inconclusive="0" skipped="0" asserts="5">
        <test-case id="0-1089" name="TestExprSizeofValue0" fullname="Kaitai.SpecExprSizeofValue0.TestExprSizeofValue0" methodname="TestExprSizeofValue0" classname="Kaitai.SpecExprSizeofValue0" runstate="Runnable" seed="873485138" result="Passed" start-time="2019-11-14 11:01:54Z" end-time="2019-11-14 11:01:54Z" duration="0.002089" asserts="5" />
      </test-suite>
      <test-suite type="TestFixture" id="0-1090" name="SpecExprSizeofValueSized" fullname="Kaitai.SpecExprSizeofValueSized" classname="Kaitai.SpecExprSizeofValueSized" runstate="Runnable" testcasecount="1" result="Passed" start-time="2019-11-14 11:01:54Z" end-time="2019-11-14 11:01:55Z" duration="0.006013" total="1" passed="1" failed="0" inconclusive="0" skipped="0" asserts="5">
        <test-case id="0-1091" name="TestExprSizeofValueSized" fullname="Kaitai.SpecExprSizeofValueSized.TestExprSizeofValueSized" methodname="TestExprSizeofValueSized" classname="Kaitai.SpecExprSizeofValueSized" runstate="Runnable" seed="1908249186" result="Passed" start-time="2019-11-14 11:01:54Z" end-time="2019-11-14 11:01:54Z" duration="0.002071" asserts="5" />
      </test-suite>
      <test-suite type="TestFixture" id="0-1092" name="SpecFixedContents" fullname="Kaitai.SpecFixedContents" classname="Kaitai.SpecFixedContents" runstate="Runnable" testcasecount="1" result="Passed" start-time="2019-11-14 11:01:55Z" end-time="2019-11-14 11:01:55Z" duration="0.005013" total="1" passed="1" failed="0" inconclusive="0" skipped="0" asserts="0">
        <test-case id="0-1093" name="TestFixedContents" fullname="Kaitai.SpecFixedContents.TestFixedContents" methodname="TestFixedContents" classname="Kaitai.SpecFixedContents" runstate="Runnable" seed="137667170" result="Passed" start-time="2019-11-14 11:01:55Z" end-time="2019-11-14 11:01:55Z" duration="0.001612" asserts="0" />
      </test-suite>
      <test-suite type="TestFixture" id="0-1094" name="SpecFixedStruct" fullname="Kaitai.SpecFixedStruct" classname="Kaitai.SpecFixedStruct" runstate="Runnable" testcasecount="1" result="Passed" start-time="2019-11-14 11:01:55Z" end-time="2019-11-14 11:01:55Z" duration="0.011029" total="1" passed="1" failed="0" inconclusive="0" skipped="0" asserts="20">
        <test-case id="0-1095" name="TestFixedStruct" fullname="Kaitai.SpecFixedStruct.TestFixedStruct" methodname="TestFixedStruct" classname="Kaitai.SpecFixedStruct" runstate="Runnable" seed="910222597" result="Passed" start-time="2019-11-14 11:01:55Z" end-time="2019-11-14 11:01:55Z" duration="0.007878" asserts="20" />
      </test-suite>
      <test-suite type="TestFixture" id="0-1098" name="SpecFloatingPoints" fullname="Kaitai.SpecFloatingPoints" classname="Kaitai.SpecFloatingPoints" runstate="Runnable" testcasecount="1" result="Passed" start-time="2019-11-14 11:01:55Z" end-time="2019-11-14 11:01:55Z" duration="0.008019" total="1" passed="1" failed="0" inconclusive="0" skipped="0" asserts="8">
        <test-case id="0-1099" name="TestFloatingPoints" fullname="Kaitai.SpecFloatingPoints.TestFloatingPoints" methodname="TestFloatingPoints" classname="Kaitai.SpecFloatingPoints" runstate="Runnable" seed="932270055" result="Passed" start-time="2019-11-14 11:01:55Z" end-time="2019-11-14 11:01:55Z" duration="0.004456" asserts="8" />
      </test-suite>
      <test-suite type="TestFixture" id="0-1096" name="SpecFloatToI" fullname="Kaitai.SpecFloatToI" classname="Kaitai.SpecFloatToI" runstate="Runnable" testcasecount="1" result="Passed" start-time="2019-11-14 11:01:55Z" end-time="2019-11-14 11:01:55Z" duration="0.006153" total="1" passed="1" failed="0" inconclusive="0" skipped="0" asserts="8">
        <test-case id="0-1097" name="TestFloatToI" fullname="Kaitai.SpecFloatToI.TestFloatToI" methodname="TestFloatToI" classname="Kaitai.SpecFloatToI" runstate="Runnable" seed="183455704" result="Passed" start-time="2019-11-14 11:01:55Z" end-time="2019-11-14 11:01:55Z" duration="0.002874" asserts="8" />
      </test-suite>
      <test-suite type="TestFixture" id="0-1100" name="SpecHelloWorld" fullname="Kaitai.SpecHelloWorld" classname="Kaitai.SpecHelloWorld" runstate="Runnable" testcasecount="1" result="Passed" start-time="2019-11-14 11:01:55Z" end-time="2019-11-14 11:01:55Z" duration="0.003922" total="1" passed="1" failed="0" inconclusive="0" skipped="0" asserts="1">
        <test-case id="0-1101" name="TestHelloWorld" fullname="Kaitai.SpecHelloWorld.TestHelloWorld" methodname="TestHelloWorld" classname="Kaitai.SpecHelloWorld" runstate="Runnable" seed="1815934497" result="Passed" start-time="2019-11-14 11:01:55Z" end-time="2019-11-14 11:01:55Z" duration="0.000539" asserts="1" />
      </test-suite>
      <test-suite type="TestFixture" id="0-1102" name="SpecIfInstances" fullname="Kaitai.SpecIfInstances" classname="Kaitai.SpecIfInstances" runstate="Runnable" testcasecount="1" result="Passed" start-time="2019-11-14 11:01:55Z" end-time="2019-11-14 11:01:55Z" duration="0.005873" total="1" passed="1" failed="0" inconclusive="0" skipped="0" asserts="1">
        <test-case id="0-1103" name="TestIfInstances" fullname="Kaitai.SpecIfInstances.TestIfInstances" methodname="TestIfInstances" classname="Kaitai.SpecIfInstances" runstate="Runnable" seed="1925270565" result="Passed" start-time="2019-11-14 11:01:55Z" end-time="2019-11-14 11:01:55Z" duration="0.001697" asserts="1" />
      </test-suite>
      <test-suite type="TestFixture" id="0-1104" name="SpecIfStruct" fullname="Kaitai.SpecIfStruct" classname="Kaitai.SpecIfStruct" runstate="Runnable" testcasecount="1" result="Passed" start-time="2019-11-14 11:01:55Z" end-time="2019-11-14 11:01:55Z" duration="0.006930" total="1" passed="1" failed="0" inconclusive="0" skipped="0" asserts="7">
        <test-case id="0-1105" name="TestIfStruct" fullname="Kaitai.SpecIfStruct.TestIfStruct" methodname="TestIfStruct" classname="Kaitai.SpecIfStruct" runstate="Runnable" seed="2057433087" result="Passed" start-time="2019-11-14 11:01:55Z" end-time="2019-11-14 11:01:55Z" duration="0.003270" asserts="7" />
      </test-suite>
      <test-suite type="TestFixture" id="0-1106" name="SpecIfValues" fullname="Kaitai.SpecIfValues" classname="Kaitai.SpecIfValues" runstate="Runnable" testcasecount="1" result="Passed" start-time="2019-11-14 11:01:55Z" end-time="2019-11-14 11:01:55Z" duration="0.006094" total="1" passed="1" failed="0" inconclusive="0" skipped="0" asserts="6">
        <test-case id="0-1107" name="TestIfValues" fullname="Kaitai.SpecIfValues.TestIfValues" methodname="TestIfValues" classname="Kaitai.SpecIfValues" runstate="Runnable" seed="1241752322" result="Passed" start-time="2019-11-14 11:01:55Z" end-time="2019-11-14 11:01:55Z" duration="0.002414" asserts="6" />
      </test-suite>
      <test-suite type="TestFixture" id="0-1108" name="SpecImports0" fullname="Kaitai.SpecImports0" classname="Kaitai.SpecImports0" runstate="Runnable" testcasecount="1" result="Passed" start-time="2019-11-14 11:01:55Z" end-time="2019-11-14 11:01:55Z" duration="0.005017" total="1" passed="1" failed="0" inconclusive="0" skipped="0" asserts="3">
        <test-case id="0-1109" name="TestImports0" fullname="Kaitai.SpecImports0.TestImports0" methodname="TestImports0" classname="Kaitai.SpecImports0" runstate="Runnable" seed="619453647" result="Passed" start-time="2019-11-14 11:01:55Z" end-time="2019-11-14 11:01:55Z" duration="0.001497" asserts="3" />
      </test-suite>
      <test-suite type="TestFixture" id="0-1110" name="SpecImportsAbs" fullname="Kaitai.SpecImportsAbs" classname="Kaitai.SpecImportsAbs" runstate="Runnable" testcasecount="1" result="Passed" start-time="2019-11-14 11:01:55Z" end-time="2019-11-14 11:01:55Z" duration="0.007016" total="1" passed="1" failed="0" inconclusive="0" skipped="0" asserts="2">
        <test-case id="0-1111" name="TestImportsAbs" fullname="Kaitai.SpecImportsAbs.TestImportsAbs" methodname="TestImportsAbs" classname="Kaitai.SpecImportsAbs" runstate="Runnable" seed="1887187559" result="Passed" start-time="2019-11-14 11:01:55Z" end-time="2019-11-14 11:01:55Z" duration="0.003548" asserts="2" />
      </test-suite>
      <test-suite type="TestFixture" id="0-1112" name="SpecImportsCircularA" fullname="Kaitai.SpecImportsCircularA" classname="Kaitai.SpecImportsCircularA" runstate="Runnable" testcasecount="1" result="Passed" start-time="2019-11-14 11:01:55Z" end-time="2019-11-14 11:01:55Z" duration="0.006016" total="1" passed="1" failed="0" inconclusive="0" skipped="0" asserts="5">
        <test-case id="0-1113" name="TestImportsCircularA" fullname="Kaitai.SpecImportsCircularA.TestImportsCircularA" methodname="TestImportsCircularA" classname="Kaitai.SpecImportsCircularA" runstate="Runnable" seed="1550046843" result="Passed" start-time="2019-11-14 11:01:55Z" end-time="2019-11-14 11:01:55Z" duration="0.002057" asserts="5" />
      </test-suite>
      <test-suite type="TestFixture" id="0-1114" name="SpecIndexSizes" fullname="Kaitai.SpecIndexSizes" classname="Kaitai.SpecIndexSizes" runstate="Runnable" testcasecount="1" result="Passed" start-time="2019-11-14 11:01:55Z" end-time="2019-11-14 11:01:55Z" duration="0.006014" total="1" passed="1" failed="0" inconclusive="0" skipped="0" asserts="7">
        <test-case id="0-1115" name="TestIndexSizes" fullname="Kaitai.SpecIndexSizes.TestIndexSizes" methodname="TestIndexSizes" classname="Kaitai.SpecIndexSizes" runstate="Runnable" seed="382624730" result="Passed" start-time="2019-11-14 11:01:55Z" end-time="2019-11-14 11:01:55Z" duration="0.002118" asserts="7" />
      </test-suite>
      <test-suite type="TestFixture" id="0-1116" name="SpecIndexToParamEos" fullname="Kaitai.SpecIndexToParamEos" classname="Kaitai.SpecIndexToParamEos" runstate="Runnable" testcasecount="1" result="Passed" start-time="2019-11-14 11:01:55Z" end-time="2019-11-14 11:01:55Z" duration="0.006024" total="1" passed="1" failed="0" inconclusive="0" skipped="0" asserts="7">
        <test-case id="0-1117" name="TestIndexToParamEos" fullname="Kaitai.SpecIndexToParamEos.TestIndexToParamEos" methodname="TestIndexToParamEos" classname="Kaitai.SpecIndexToParamEos" runstate="Runnable" seed="1247977115" result="Passed" start-time="2019-11-14 11:01:55Z" end-time="2019-11-14 11:01:55Z" duration="0.002844" asserts="7" />
      </test-suite>
      <test-suite type="TestFixture" id="0-1118" name="SpecIndexToParamExpr" fullname="Kaitai.SpecIndexToParamExpr" classname="Kaitai.SpecIndexToParamExpr" runstate="Runnable" testcasecount="1" result="Passed" start-time="2019-11-14 11:01:55Z" end-time="2019-11-14 11:01:55Z" duration="0.006015" total="1" passed="1" failed="0" inconclusive="0" skipped="0" asserts="7">
        <test-case id="0-1119" name="TestIndexToParamExpr" fullname="Kaitai.SpecIndexToParamExpr.TestIndexToParamExpr" methodname="TestIndexToParamExpr" classname="Kaitai.SpecIndexToParamExpr" runstate="Runnable" seed="2118634563" result="Passed" start-time="2019-11-14 11:01:55Z" end-time="2019-11-14 11:01:55Z" duration="0.002783" asserts="7" />
      </test-suite>
      <test-suite type="TestFixture" id="0-1120" name="SpecIndexToParamUntil" fullname="Kaitai.SpecIndexToParamUntil" classname="Kaitai.SpecIndexToParamUntil" runstate="Runnable" testcasecount="1" result="Passed" start-time="2019-11-14 11:01:55Z" end-time="2019-11-14 11:01:55Z" duration="0.006141" total="1" passed="1" failed="0" inconclusive="0" skipped="0" asserts="7">
        <test-case id="0-1121" name="TestIndexToParamUntil" fullname="Kaitai.SpecIndexToParamUntil.TestIndexToParamUntil" methodname="TestIndexToParamUntil" classname="Kaitai.SpecIndexToParamUntil" runstate="Runnable" seed="1208951827" result="Passed" start-time="2019-11-14 11:01:55Z" end-time="2019-11-14 11:01:55Z" duration="0.002832" asserts="7" />
      </test-suite>
      <test-suite type="TestFixture" id="0-1122" name="SpecInstanceIoUser" fullname="Kaitai.SpecInstanceIoUser" classname="Kaitai.SpecInstanceIoUser" runstate="Runnable" testcasecount="1" result="Passed" start-time="2019-11-14 11:01:55Z" end-time="2019-11-14 11:01:55Z" duration="0.007108" total="1" passed="1" failed="0" inconclusive="0" skipped="0" asserts="4">
        <test-case id="0-1123" name="TestInstanceIoUser" fullname="Kaitai.SpecInstanceIoUser.TestInstanceIoUser" methodname="TestInstanceIoUser" classname="Kaitai.SpecInstanceIoUser" runstate="Runnable" seed="553574210" result="Passed" start-time="2019-11-14 11:01:55Z" end-time="2019-11-14 11:01:55Z" duration="0.003836" asserts="4" />
      </test-suite>
      <test-suite type="TestFixture" id="0-1124" name="SpecInstanceStd" fullname="Kaitai.SpecInstanceStd" classname="Kaitai.SpecInstanceStd" runstate="Runnable" testcasecount="1" result="Passed" start-time="2019-11-14 11:01:55Z" end-time="2019-11-14 11:01:55Z" duration="0.004413" total="1" passed="1" failed="0" inconclusive="0" skipped="0" asserts="1">
        <test-case id="0-1125" name="TestInstanceStd" fullname="Kaitai.SpecInstanceStd.TestInstanceStd" methodname="TestInstanceStd" classname="Kaitai.SpecInstanceStd" runstate="Runnable" seed="1037857786" result="Passed" start-time="2019-11-14 11:01:55Z" end-time="2019-11-14 11:01:55Z" duration="0.001024" asserts="1" />
      </test-suite>
      <test-suite type="TestFixture" id="0-1126" name="SpecInstanceStdArray" fullname="Kaitai.SpecInstanceStdArray" classname="Kaitai.SpecInstanceStdArray" runstate="Runnable" testcasecount="1" result="Passed" start-time="2019-11-14 11:01:55Z" end-time="2019-11-14 11:01:55Z" duration="0.005785" total="1" passed="1" failed="0" inconclusive="0" skipped="0" asserts="7">
        <test-case id="0-1127" name="TestInstanceStdArray" fullname="Kaitai.SpecInstanceStdArray.TestInstanceStdArray" methodname="TestInstanceStdArray" classname="Kaitai.SpecInstanceStdArray" runstate="Runnable" seed="918458291" result="Passed" start-time="2019-11-14 11:01:55Z" end-time="2019-11-14 11:01:55Z" duration="0.002382" asserts="7" />
      </test-suite>
      <test-suite type="TestFixture" id="0-1128" name="SpecInstanceUserArray" fullname="Kaitai.SpecInstanceUserArray" classname="Kaitai.SpecInstanceUserArray" runstate="Runnable" testcasecount="1" result="Passed" start-time="2019-11-14 11:01:55Z" end-time="2019-11-14 11:01:55Z" duration="0.009015" total="1" passed="1" failed="0" inconclusive="0" skipped="0" asserts="10">
        <test-case id="0-1129" name="TestInstanceUserArray" fullname="Kaitai.SpecInstanceUserArray.TestInstanceUserArray" methodname="TestInstanceUserArray" classname="Kaitai.SpecInstanceUserArray" runstate="Runnable" seed="363069867" result="Passed" start-time="2019-11-14 11:01:55Z" end-time="2019-11-14 11:01:55Z" duration="0.005221" asserts="10" />
      </test-suite>
      <test-suite type="TestFixture" id="0-1130" name="SpecIntegers" fullname="Kaitai.SpecIntegers" classname="Kaitai.SpecIntegers" runstate="Runnable" testcasecount="1" result="Passed" start-time="2019-11-14 11:01:55Z" end-time="2019-11-14 11:01:55Z" duration="0.010902" total="1" passed="1" failed="0" inconclusive="0" skipped="0" asserts="20">
        <test-case id="0-1131" name="TestIntegers" fullname="Kaitai.SpecIntegers.TestIntegers" methodname="TestIntegers" classname="Kaitai.SpecIntegers" runstate="Runnable" seed="929709890" result="Passed" start-time="2019-11-14 11:01:55Z" end-time="2019-11-14 11:01:55Z" duration="0.007315" asserts="20" />
      </test-suite>
      <test-suite type="TestFixture" id="0-1132" name="SpecIoLocalVar" fullname="Kaitai.SpecIoLocalVar" classname="Kaitai.SpecIoLocalVar" runstate="Runnable" testcasecount="1" result="Passed" start-time="2019-11-14 11:01:55Z" end-time="2019-11-14 11:01:55Z" duration="0.005087" total="1" passed="1" failed="0" inconclusive="0" skipped="0" asserts="2">
        <test-case id="0-1133" name="TestIoLocalVar" fullname="Kaitai.SpecIoLocalVar.TestIoLocalVar" methodname="TestIoLocalVar" classname="Kaitai.SpecIoLocalVar" runstate="Runnable" seed="1548698378" result="Passed" start-time="2019-11-14 11:01:55Z" end-time="2019-11-14 11:01:55Z" duration="0.001971" asserts="2" />
      </test-suite>
      <test-suite type="TestFixture" id="0-1134" name="SpecJsSignedRightShift" fullname="Kaitai.SpecJsSignedRightShift" classname="Kaitai.SpecJsSignedRightShift" runstate="Runnable" testcasecount="1" result="Passed" start-time="2019-11-14 11:01:55Z" end-time="2019-11-14 11:01:55Z" duration="0.005059" total="1" passed="1" failed="0" inconclusive="0" skipped="0" asserts="2">
        <test-case id="0-1135" name="TestJsSignedRightShift" fullname="Kaitai.SpecJsSignedRightShift.TestJsSignedRightShift" methodname="TestJsSignedRightShift" classname="Kaitai.SpecJsSignedRightShift" runstate="Runnable" seed="29993076" result="Passed" start-time="2019-11-14 11:01:55Z" end-time="2019-11-14 11:01:55Z" duration="0.001212" asserts="2" />
      </test-suite>
      <test-suite type="TestFixture" id="0-1136" name="SpecMetaTags" fullname="Kaitai.SpecMetaTags" classname="Kaitai.SpecMetaTags" runstate="Runnable" testcasecount="1" result="Passed" start-time="2019-11-14 11:01:55Z" end-time="2019-11-14 11:01:55Z" duration="0.005028" total="1" passed="1" failed="0" inconclusive="0" skipped="0" asserts="0">
        <test-case id="0-1137" name="TestMetaTags" fullname="Kaitai.SpecMetaTags.TestMetaTags" methodname="TestMetaTags" classname="Kaitai.SpecMetaTags" runstate="Runnable" seed="1658238960" result="Passed" start-time="2019-11-14 11:01:55Z" end-time="2019-11-14 11:01:55Z" duration="0.000986" asserts="0" />
      </test-suite>
      <test-suite type="TestFixture" id="0-1138" name="SpecMetaXref" fullname="Kaitai.SpecMetaXref" classname="Kaitai.SpecMetaXref" runstate="Runnable" testcasecount="1" result="Passed" start-time="2019-11-14 11:01:55Z" end-time="2019-11-14 11:01:55Z" duration="0.006053" total="1" passed="1" failed="0" inconclusive="0" skipped="0" asserts="0">
        <test-case id="0-1139" name="TestMetaXref" fullname="Kaitai.SpecMetaXref.TestMetaXref" methodname="TestMetaXref" classname="Kaitai.SpecMetaXref" runstate="Runnable" seed="1321242987" result="Passed" start-time="2019-11-14 11:01:55Z" end-time="2019-11-14 11:01:55Z" duration="0.002520" asserts="0" />
      </test-suite>
      <test-suite type="TestFixture" id="0-1140" name="SpecMultipleUse" fullname="Kaitai.SpecMultipleUse" classname="Kaitai.SpecMultipleUse" runstate="Runnable" testcasecount="1" result="Passed" start-time="2019-11-14 11:01:55Z" end-time="2019-11-14 11:01:55Z" duration="0.006132" total="1" passed="1" failed="0" inconclusive="0" skipped="0" asserts="2">
        <test-case id="0-1141" name="TestMultipleUse" fullname="Kaitai.SpecMultipleUse.TestMultipleUse" methodname="TestMultipleUse" classname="Kaitai.SpecMultipleUse" runstate="Runnable" seed="1385382133" result="Passed" start-time="2019-11-14 11:01:55Z" end-time="2019-11-14 11:01:55Z" duration="0.002625" asserts="2" />
      </test-suite>
      <test-suite type="TestFixture" id="0-1142" name="SpecNavParent" fullname="Kaitai.SpecNavParent" classname="Kaitai.SpecNavParent" runstate="Runnable" testcasecount="1" result="Passed" start-time="2019-11-14 11:01:55Z" end-time="2019-11-14 11:01:55Z" duration="0.008418" total="1" passed="1" failed="0" inconclusive="0" skipped="0" asserts="5">
        <test-case id="0-1143" name="TestNavParent" fullname="Kaitai.SpecNavParent.TestNavParent" methodname="TestNavParent" classname="Kaitai.SpecNavParent" runstate="Runnable" seed="1196049111" result="Passed" start-time="2019-11-14 11:01:55Z" end-time="2019-11-14 11:01:55Z" duration="0.004176" asserts="5" />
      </test-suite>
      <test-suite type="TestFixture" id="0-1144" name="SpecNavParent2" fullname="Kaitai.SpecNavParent2" classname="Kaitai.SpecNavParent2" runstate="Runnable" testcasecount="1" result="Passed" start-time="2019-11-14 11:01:55Z" end-time="2019-11-14 11:01:55Z" duration="0.008977" total="1" passed="1" failed="0" inconclusive="0" skipped="0" asserts="10">
        <test-case id="0-1145" name="TestNavParent2" fullname="Kaitai.SpecNavParent2.TestNavParent2" methodname="TestNavParent2" classname="Kaitai.SpecNavParent2" runstate="Runnable" seed="1657093726" result="Passed" start-time="2019-11-14 11:01:55Z" end-time="2019-11-14 11:01:55Z" duration="0.005200" asserts="10" />
      </test-suite>
      <test-suite type="TestFixture" id="0-1146" name="SpecNavParent3" fullname="Kaitai.SpecNavParent3" classname="Kaitai.SpecNavParent3" runstate="Runnable" testcasecount="1" result="Passed" start-time="2019-11-14 11:01:55Z" end-time="2019-11-14 11:01:55Z" duration="0.008108" total="1" passed="1" failed="0" inconclusive="0" skipped="0" asserts="10">
        <test-case id="0-1147" name="TestNavParent3" fullname="Kaitai.SpecNavParent3.TestNavParent3" methodname="TestNavParent3" classname="Kaitai.SpecNavParent3" runstate="Runnable" seed="1077914871" result="Passed" start-time="2019-11-14 11:01:55Z" end-time="2019-11-14 11:01:55Z" duration="0.004244" asserts="10" />
      </test-suite>
      <test-suite type="TestFixture" id="0-1148" name="SpecNavParentFalse" fullname="Kaitai.SpecNavParentFalse" classname="Kaitai.SpecNavParentFalse" runstate="Runnable" testcasecount="1" result="Passed" start-time="2019-11-14 11:01:55Z" end-time="2019-11-14 11:01:55Z" duration="0.010911" total="1" passed="1" failed="0" inconclusive="0" skipped="0" asserts="5">
        <test-case id="0-1149" name="TestNavParentFalse" fullname="Kaitai.SpecNavParentFalse.TestNavParentFalse" methodname="TestNavParentFalse" classname="Kaitai.SpecNavParentFalse" runstate="Runnable" seed="476043489" result="Passed" start-time="2019-11-14 11:01:55Z" end-time="2019-11-14 11:01:55Z" duration="0.003250" asserts="5" />
      </test-suite>
      <test-suite type="TestFixture" id="0-1150" name="SpecNavParentFalse2" fullname="Kaitai.SpecNavParentFalse2" classname="Kaitai.SpecNavParentFalse2" runstate="Runnable" testcasecount="1" result="Passed" start-time="2019-11-14 11:01:55Z" end-time="2019-11-14 11:01:55Z" duration="0.004936" total="1" passed="1" failed="0" inconclusive="0" skipped="0" asserts="1">
        <test-case id="0-1151" name="TestNavParentFalse2" fullname="Kaitai.SpecNavParentFalse2.TestNavParentFalse2" methodname="TestNavParentFalse2" classname="Kaitai.SpecNavParentFalse2" runstate="Runnable" seed="1766323144" result="Passed" start-time="2019-11-14 11:01:55Z" end-time="2019-11-14 11:01:55Z" duration="0.001470" asserts="1" />
      </test-suite>
      <test-suite type="TestFixture" id="0-1152" name="SpecNavParentOverride" fullname="Kaitai.SpecNavParentOverride" classname="Kaitai.SpecNavParentOverride" runstate="Runnable" testcasecount="1" result="Passed" start-time="2019-11-14 11:01:55Z" end-time="2019-11-14 11:01:55Z" duration="0.006026" total="1" passed="1" failed="0" inconclusive="0" skipped="0" asserts="3">
        <test-case id="0-1153" name="TestNavParentOverride" fullname="Kaitai.SpecNavParentOverride.TestNavParentOverride" methodname="TestNavParentOverride" classname="Kaitai.SpecNavParentOverride" runstate="Runnable" seed="391657066" result="Passed" start-time="2019-11-14 11:01:55Z" end-time="2019-11-14 11:01:55Z" duration="0.002296" asserts="3" />
      </test-suite>
      <test-suite type="TestFixture" id="0-1154" name="SpecNavParentSwitch" fullname="Kaitai.SpecNavParentSwitch" classname="Kaitai.SpecNavParentSwitch" runstate="Runnable" testcasecount="1" result="Passed" start-time="2019-11-14 11:01:55Z" end-time="2019-11-14 11:01:55Z" duration="0.006016" total="1" passed="1" failed="0" inconclusive="0" skipped="0" asserts="3">
        <test-case id="0-1155" name="TestNavParentSwitch" fullname="Kaitai.SpecNavParentSwitch.TestNavParentSwitch" methodname="TestNavParentSwitch" classname="Kaitai.SpecNavParentSwitch" runstate="Runnable" seed="2037246205" result="Passed" start-time="2019-11-14 11:01:55Z" end-time="2019-11-14 11:01:55Z" duration="0.002103" asserts="3" />
      </test-suite>
      <test-suite type="TestFixture" id="0-1156" name="SpecNavParentVsValueInst" fullname="Kaitai.SpecNavParentVsValueInst" classname="Kaitai.SpecNavParentVsValueInst" runstate="Runnable" testcasecount="1" result="Passed" start-time="2019-11-14 11:01:55Z" end-time="2019-11-14 11:01:55Z" duration="0.005014" total="1" passed="1" failed="0" inconclusive="0" skipped="0" asserts="1">
        <test-case id="0-1157" name="TestNavParentVsValueInst" fullname="Kaitai.SpecNavParentVsValueInst.TestNavParentVsValueInst" methodname="TestNavParentVsValueInst" classname="Kaitai.SpecNavParentVsValueInst" runstate="Runnable" seed="2032802323" result="Passed" start-time="2019-11-14 11:01:55Z" end-time="2019-11-14 11:01:55Z" duration="0.001204" asserts="1" />
      </test-suite>
      <test-suite type="TestFixture" id="0-1158" name="SpecNavRoot" fullname="Kaitai.SpecNavRoot" classname="Kaitai.SpecNavRoot" runstate="Runnable" testcasecount="1" result="Passed" start-time="2019-11-14 11:01:55Z" end-time="2019-11-14 11:01:55Z" duration="0.006566" total="1" passed="1" failed="0" inconclusive="0" skipped="0" asserts="5">
        <test-case id="0-1159" name="TestNavRoot" fullname="Kaitai.SpecNavRoot.TestNavRoot" methodname="TestNavRoot" classname="Kaitai.SpecNavRoot" runstate="Runnable" seed="1968469710" result="Passed" start-time="2019-11-14 11:01:55Z" end-time="2019-11-14 11:01:55Z" duration="0.003300" asserts="5" />
      </test-suite>
      <test-suite type="TestFixture" id="0-1160" name="SpecNestedSameName" fullname="Kaitai.SpecNestedSameName" classname="Kaitai.SpecNestedSameName" runstate="Runnable" testcasecount="1" result="Passed" start-time="2019-11-14 11:01:55Z" end-time="2019-11-14 11:01:55Z" duration="0.006021" total="1" passed="1" failed="0" inconclusive="0" skipped="0" asserts="2">
        <test-case id="0-1161" name="TestNestedSameName" fullname="Kaitai.SpecNestedSameName.TestNestedSameName" methodname="TestNestedSameName" classname="Kaitai.SpecNestedSameName" runstate="Runnable" seed="653585387" result="Passed" start-time="2019-11-14 11:01:55Z" end-time="2019-11-14 11:01:55Z" duration="0.002213" asserts="2" />
      </test-suite>
      <test-suite type="TestFixture" id="0-1162" name="SpecNestedSameName2" fullname="Kaitai.SpecNestedSameName2" classname="Kaitai.SpecNestedSameName2" runstate="Runnable" testcasecount="1" result="Passed" start-time="2019-11-14 11:01:55Z" end-time="2019-11-14 11:01:55Z" duration="0.007082" total="1" passed="1" failed="0" inconclusive="0" skipped="0" asserts="5">
        <test-case id="0-1163" name="TestNestedSameName2" fullname="Kaitai.SpecNestedSameName2.TestNestedSameName2" methodname="TestNestedSameName2" classname="Kaitai.SpecNestedSameName2" runstate="Runnable" seed="1243526378" result="Passed" start-time="2019-11-14 11:01:55Z" end-time="2019-11-14 11:01:55Z" duration="0.003661" asserts="5" />
      </test-suite>
      <test-suite type="TestFixture" id="0-1164" name="SpecNestedTypes" fullname="Kaitai.SpecNestedTypes" classname="Kaitai.SpecNestedTypes" runstate="Runnable" testcasecount="1" result="Passed" start-time="2019-11-14 11:01:55Z" end-time="2019-11-14 11:01:55Z" duration="0.006770" total="1" passed="1" failed="0" inconclusive="0" skipped="0" asserts="3">
        <test-case id="0-1165" name="TestNestedTypes" fullname="Kaitai.SpecNestedTypes.TestNestedTypes" methodname="TestNestedTypes" classname="Kaitai.SpecNestedTypes" runstate="Runnable" seed="1737462100" result="Passed" start-time="2019-11-14 11:01:55Z" end-time="2019-11-14 11:01:55Z" duration="0.002505" asserts="3" />
      </test-suite>
      <test-suite type="TestFixture" id="0-1166" name="SpecNestedTypes2" fullname="Kaitai.SpecNestedTypes2" classname="Kaitai.SpecNestedTypes2" runstate="Runnable" testcasecount="1" result="Passed" start-time="2019-11-14 11:01:55Z" end-time="2019-11-14 11:01:55Z" duration="0.008057" total="1" passed="1" failed="0" inconclusive="0" skipped="0" asserts="7">
        <test-case id="0-1167" name="TestNestedTypes2" fullname="Kaitai.SpecNestedTypes2.TestNestedTypes2" methodname="TestNestedTypes2" classname="Kaitai.SpecNestedTypes2" runstate="Runnable" seed="30013727" result="Passed" start-time="2019-11-14 11:01:55Z" end-time="2019-11-14 11:01:55Z" duration="0.004066" asserts="7" />
      </test-suite>
      <test-suite type="TestFixture" id="0-1168" name="SpecNestedTypes3" fullname="Kaitai.SpecNestedTypes3" classname="Kaitai.SpecNestedTypes3" runstate="Runnable" testcasecount="1" result="Passed" start-time="2019-11-14 11:01:55Z" end-time="2019-11-14 11:01:55Z" duration="0.007064" total="1" passed="1" failed="0" inconclusive="0" skipped="0" asserts="5">
        <test-case id="0-1169" name="TestNestedTypes3" fullname="Kaitai.SpecNestedTypes3.TestNestedTypes3" methodname="TestNestedTypes3" classname="Kaitai.SpecNestedTypes3" runstate="Runnable" seed="1879777742" result="Passed" start-time="2019-11-14 11:01:55Z" end-time="2019-11-14 11:01:55Z" duration="0.003144" asserts="5" />
      </test-suite>
      <test-suite type="TestFixture" id="0-1170" name="SpecNonStandard" fullname="Kaitai.SpecNonStandard" classname="Kaitai.SpecNonStandard" runstate="Runnable" testcasecount="1" result="Passed" start-time="2019-11-14 11:01:55Z" end-time="2019-11-14 11:01:55Z" duration="0.004982" total="1" passed="1" failed="0" inconclusive="0" skipped="0" asserts="1">
        <test-case id="0-1171" name="TestNonStandard" fullname="Kaitai.SpecNonStandard.TestNonStandard" methodname="TestNonStandard" classname="Kaitai.SpecNonStandard" runstate="Runnable" seed="184504363" result="Passed" start-time="2019-11-14 11:01:55Z" end-time="2019-11-14 11:01:55Z" duration="0.001053" asserts="1" />
      </test-suite>
      <test-suite type="TestFixture" id="0-1172" name="SpecOpaqueExternalType" fullname="Kaitai.SpecOpaqueExternalType" classname="Kaitai.SpecOpaqueExternalType" runstate="Runnable" testcasecount="1" result="Passed" start-time="2019-11-14 11:01:55Z" end-time="2019-11-14 11:01:55Z" duration="0.006066" total="1" passed="1" failed="0" inconclusive="0" skipped="0" asserts="3">
        <test-case id="0-1173" name="TestOpaqueExternalType" fullname="Kaitai.SpecOpaqueExternalType.TestOpaqueExternalType" methodname="TestOpaqueExternalType" classname="Kaitai.SpecOpaqueExternalType" runstate="Runnable" seed="1709234412" result="Passed" start-time="2019-11-14 11:01:55Z" end-time="2019-11-14 11:01:55Z" duration="0.001876" asserts="3" />
      </test-suite>
      <test-suite type="TestFixture" id="0-1174" name="SpecOpaqueExternalType02Parent" fullname="Kaitai.SpecOpaqueExternalType02Parent" classname="Kaitai.SpecOpaqueExternalType02Parent" runstate="Runnable" testcasecount="1" result="Passed" start-time="2019-11-14 11:01:55Z" end-time="2019-11-14 11:01:55Z" duration="0.007076" total="1" passed="1" failed="0" inconclusive="0" skipped="0" asserts="3">
        <test-case id="0-1175" name="TestOpaqueExternalType02Parent" fullname="Kaitai.SpecOpaqueExternalType02Parent.TestOpaqueExternalType02Parent" methodname="TestOpaqueExternalType02Parent" classname="Kaitai.SpecOpaqueExternalType02Parent" runstate="Runnable" seed="291994507" result="Passed" start-time="2019-11-14 11:01:55Z" end-time="2019-11-14 11:01:55Z" duration="0.003419" asserts="3" />
      </test-suite>
      <test-suite type="TestFixture" id="0-1176" name="SpecOpaqueWithParam" fullname="Kaitai.SpecOpaqueWithParam" classname="Kaitai.SpecOpaqueWithParam" runstate="Runnable" testcasecount="1" result="Passed" start-time="2019-11-14 11:01:55Z" end-time="2019-11-14 11:01:55Z" duration="0.005976" total="1" passed="1" failed="0" inconclusive="0" skipped="0" asserts="2">
        <test-case id="0-1177" name="TestOpaqueWithParam" fullname="Kaitai.SpecOpaqueWithParam.TestOpaqueWithParam" methodname="TestOpaqueWithParam" classname="Kaitai.SpecOpaqueWithParam" runstate="Runnable" seed="232105416" result="Passed" start-time="2019-11-14 11:01:55Z" end-time="2019-11-14 11:01:55Z" duration="0.001904" asserts="2" />
      </test-suite>
      <test-suite type="TestFixture" id="0-1178" name="SpecOptionalId" fullname="Kaitai.SpecOptionalId" classname="Kaitai.SpecOptionalId" runstate="Runnable" testcasecount="1" result="Passed" start-time="2019-11-14 11:01:55Z" end-time="2019-11-14 11:01:55Z" duration="0.012009" total="1" passed="1" failed="0" inconclusive="0" skipped="0" asserts="3">
        <test-case id="0-1179" name="TestOptionalId" fullname="Kaitai.SpecOptionalId.TestOptionalId" methodname="TestOptionalId" classname="Kaitai.SpecOptionalId" runstate="Runnable" seed="1584504915" result="Passed" start-time="2019-11-14 11:01:55Z" end-time="2019-11-14 11:01:55Z" duration="0.001794" asserts="3" />
      </test-suite>
      <test-suite type="TestFixture" id="0-1180" name="SpecParamsCallExtraParens" fullname="Kaitai.SpecParamsCallExtraParens" classname="Kaitai.SpecParamsCallExtraParens" runstate="Runnable" testcasecount="1" result="Passed" start-time="2019-11-14 11:01:55Z" end-time="2019-11-14 11:01:55Z" duration="0.005015" total="1" passed="1" failed="0" inconclusive="0" skipped="0" asserts="1">
        <test-case id="0-1181" name="TestParamsCallExtraParens" fullname="Kaitai.SpecParamsCallExtraParens.TestParamsCallExtraParens" methodname="TestParamsCallExtraParens" classname="Kaitai.SpecParamsCallExtraParens" runstate="Runnable" seed="1692192629" result="Passed" start-time="2019-11-14 11:01:55Z" end-time="2019-11-14 11:01:55Z" duration="0.001432" asserts="1" />
      </test-suite>
      <test-suite type="TestFixture" id="0-1182" name="SpecParamsCallShort" fullname="Kaitai.SpecParamsCallShort" classname="Kaitai.SpecParamsCallShort" runstate="Runnable" testcasecount="1" result="Passed" start-time="2019-11-14 11:01:55Z" end-time="2019-11-14 11:01:55Z" duration="0.007755" total="1" passed="1" failed="0" inconclusive="0" skipped="0" asserts="3">
        <test-case id="0-1183" name="TestParamsCallShort" fullname="Kaitai.SpecParamsCallShort.TestParamsCallShort" methodname="TestParamsCallShort" classname="Kaitai.SpecParamsCallShort" runstate="Runnable" seed="1057613757" result="Passed" start-time="2019-11-14 11:01:55Z" end-time="2019-11-14 11:01:55Z" duration="0.002407" asserts="3" />
      </test-suite>
      <test-suite type="TestFixture" id="0-1184" name="SpecParamsDef" fullname="Kaitai.SpecParamsDef" classname="Kaitai.SpecParamsDef" runstate="Runnable" testcasecount="1" result="Passed" start-time="2019-11-14 11:01:55Z" end-time="2019-11-14 11:01:55Z" duration="0.004016" total="1" passed="1" failed="0" inconclusive="0" skipped="0" asserts="2">
        <test-case id="0-1185" name="TestParamsDef" fullname="Kaitai.SpecParamsDef.TestParamsDef" methodname="TestParamsDef" classname="Kaitai.SpecParamsDef" runstate="Runnable" seed="1272632057" result="Passed" start-time="2019-11-14 11:01:55Z" end-time="2019-11-14 11:01:55Z" duration="0.000577" asserts="2" />
      </test-suite>
      <test-suite type="TestFixture" id="0-1186" name="SpecParamsEnum" fullname="Kaitai.SpecParamsEnum" classname="Kaitai.SpecParamsEnum" runstate="Runnable" testcasecount="1" result="Passed" start-time="2019-11-14 11:01:55Z" end-time="2019-11-14 11:01:55Z" duration="0.004950" total="1" passed="1" failed="0" inconclusive="0" skipped="0" asserts="2">
        <test-case id="0-1187" name="TestParamsEnum" fullname="Kaitai.SpecParamsEnum.TestParamsEnum" methodname="TestParamsEnum" classname="Kaitai.SpecParamsEnum" runstate="Runnable" seed="19781326" result="Passed" start-time="2019-11-14 11:01:55Z" end-time="2019-11-14 11:01:55Z" duration="0.001734" asserts="2" />
      </test-suite>
      <test-suite type="TestFixture" id="0-1188" name="SpecParamsPassUsertype" fullname="Kaitai.SpecParamsPassUsertype" classname="Kaitai.SpecParamsPassUsertype" runstate="Runnable" testcasecount="1" result="Passed" start-time="2019-11-14 11:01:55Z" end-time="2019-11-14 11:01:55Z" duration="0.005008" total="1" passed="1" failed="0" inconclusive="0" skipped="0" asserts="2">
        <test-case id="0-1189" name="TestParamsPassUsertype" fullname="Kaitai.SpecParamsPassUsertype.TestParamsPassUsertype" methodname="TestParamsPassUsertype" classname="Kaitai.SpecParamsPassUsertype" runstate="Runnable" seed="6703320" result="Passed" start-time="2019-11-14 11:01:55Z" end-time="2019-11-14 11:01:55Z" duration="0.001889" asserts="2" />
      </test-suite>
      <test-suite type="TestFixture" id="0-1190" name="SpecPositionAbs" fullname="Kaitai.SpecPositionAbs" classname="Kaitai.SpecPositionAbs" runstate="Runnable" testcasecount="1" result="Passed" start-time="2019-11-14 11:01:55Z" end-time="2019-11-14 11:01:55Z" duration="0.005257" total="1" passed="1" failed="0" inconclusive="0" skipped="0" asserts="2">
        <test-case id="0-1191" name="TestPositionAbs" fullname="Kaitai.SpecPositionAbs.TestPositionAbs" methodname="TestPositionAbs" classname="Kaitai.SpecPositionAbs" runstate="Runnable" seed="686676082" result="Passed" start-time="2019-11-14 11:01:55Z" end-time="2019-11-14 11:01:55Z" duration="0.001539" asserts="2" />
      </test-suite>
      <test-suite type="TestFixture" id="0-1192" name="SpecPositionInSeq" fullname="Kaitai.SpecPositionInSeq" classname="Kaitai.SpecPositionInSeq" runstate="Runnable" testcasecount="1" result="Passed" start-time="2019-11-14 11:01:55Z" end-time="2019-11-14 11:01:55Z" duration="0.006020" total="1" passed="1" failed="0" inconclusive="0" skipped="0" asserts="1">
        <test-case id="0-1193" name="TestPositionInSeq" fullname="Kaitai.SpecPositionInSeq.TestPositionInSeq" methodname="TestPositionInSeq" classname="Kaitai.SpecPositionInSeq" runstate="Runnable" seed="601419448" result="Passed" start-time="2019-11-14 11:01:55Z" end-time="2019-11-14 11:01:55Z" duration="0.002300" asserts="1" />
      </test-suite>
      <test-suite type="TestFixture" id="0-1194" name="SpecPositionToEnd" fullname="Kaitai.SpecPositionToEnd" classname="Kaitai.SpecPositionToEnd" runstate="Runnable" testcasecount="1" result="Passed" start-time="2019-11-14 11:01:55Z" end-time="2019-11-14 11:01:55Z" duration="0.007563" total="1" passed="1" failed="0" inconclusive="0" skipped="0" asserts="2">
        <test-case id="0-1195" name="TestPositionToEnd" fullname="Kaitai.SpecPositionToEnd.TestPositionToEnd" methodname="TestPositionToEnd" classname="Kaitai.SpecPositionToEnd" runstate="Runnable" seed="964650254" result="Passed" start-time="2019-11-14 11:01:55Z" end-time="2019-11-14 11:01:55Z" duration="0.001604" asserts="2" />
      </test-suite>
      <test-suite type="TestFixture" id="0-1196" name="SpecProcessCoerceBytes" fullname="Kaitai.SpecProcessCoerceBytes" classname="Kaitai.SpecProcessCoerceBytes" runstate="Runnable" testcasecount="1" result="Passed" start-time="2019-11-14 11:01:55Z" end-time="2019-11-14 11:01:55Z" duration="0.007020" total="1" passed="1" failed="0" inconclusive="0" skipped="0" asserts="4">
        <test-case id="0-1197" name="TestProcessCoerceBytes" fullname="Kaitai.SpecProcessCoerceBytes.TestProcessCoerceBytes" methodname="TestProcessCoerceBytes" classname="Kaitai.SpecProcessCoerceBytes" runstate="Runnable" seed="44048251" result="Passed" start-time="2019-11-14 11:01:55Z" end-time="2019-11-14 11:01:55Z" duration="0.003226" asserts="4" />
      </test-suite>
      <test-suite type="TestFixture" id="0-1198" name="SpecProcessCoerceSwitch" fullname="Kaitai.SpecProcessCoerceSwitch" classname="Kaitai.SpecProcessCoerceSwitch" runstate="Runnable" testcasecount="1" result="Passed" start-time="2019-11-14 11:01:55Z" end-time="2019-11-14 11:01:55Z" duration="0.006021" total="1" passed="1" failed="0" inconclusive="0" skipped="0" asserts="3">
        <test-case id="0-1199" name="TestProcessCoerceSwitch" fullname="Kaitai.SpecProcessCoerceSwitch.TestProcessCoerceSwitch" methodname="TestProcessCoerceSwitch" classname="Kaitai.SpecProcessCoerceSwitch" runstate="Runnable" seed="1227383691" result="Passed" start-time="2019-11-14 11:01:55Z" end-time="2019-11-14 11:01:55Z" duration="0.002387" asserts="3" />
      </test-suite>
      <test-suite type="TestFixture" id="0-1200" name="SpecProcessCoerceUsertype1" fullname="Kaitai.SpecProcessCoerceUsertype1" classname="Kaitai.SpecProcessCoerceUsertype1" runstate="Runnable" testcasecount="1" result="Passed" start-time="2019-11-14 11:01:55Z" end-time="2019-11-14 11:01:55Z" duration="0.007016" total="1" passed="1" failed="0" inconclusive="0" skipped="0" asserts="4">
        <test-case id="0-1201" name="TestProcessCoerceUsertype1" fullname="Kaitai.SpecProcessCoerceUsertype1.TestProcessCoerceUsertype1" methodname="TestProcessCoerceUsertype1" classname="Kaitai.SpecProcessCoerceUsertype1" runstate="Runnable" seed="1390697067" result="Passed" start-time="2019-11-14 11:01:55Z" end-time="2019-11-14 11:01:55Z" duration="0.003044" asserts="4" />
      </test-suite>
      <test-suite type="TestFixture" id="0-1202" name="SpecProcessCoerceUsertype2" fullname="Kaitai.SpecProcessCoerceUsertype2" classname="Kaitai.SpecProcessCoerceUsertype2" runstate="Runnable" testcasecount="1" result="Passed" start-time="2019-11-14 11:01:55Z" end-time="2019-11-14 11:01:55Z" duration="0.007016" total="1" passed="1" failed="0" inconclusive="0" skipped="0" asserts="4">
        <test-case id="0-1203" name="TestProcessCoerceUsertype2" fullname="Kaitai.SpecProcessCoerceUsertype2.TestProcessCoerceUsertype2" methodname="TestProcessCoerceUsertype2" classname="Kaitai.SpecProcessCoerceUsertype2" runstate="Runnable" seed="817834341" result="Passed" start-time="2019-11-14 11:01:55Z" end-time="2019-11-14 11:01:55Z" duration="0.002816" asserts="4" />
      </test-suite>
      <test-suite type="TestFixture" id="0-1204" name="SpecProcessCustom" fullname="Kaitai.SpecProcessCustom" classname="Kaitai.SpecProcessCustom" runstate="Runnable" testcasecount="1" result="Passed" start-time="2019-11-14 11:01:55Z" end-time="2019-11-14 11:01:55Z" duration="0.006161" total="1" passed="1" failed="0" inconclusive="0" skipped="0" asserts="3">
        <test-case id="0-1205" name="TestProcessCustom" fullname="Kaitai.SpecProcessCustom.TestProcessCustom" methodname="TestProcessCustom" classname="Kaitai.SpecProcessCustom" runstate="Runnable" seed="93887452" result="Passed" start-time="2019-11-14 11:01:55Z" end-time="2019-11-14 11:01:55Z" duration="0.002461" asserts="3" />
      </test-suite>
      <test-suite type="TestFixture" id="0-1206" name="SpecProcessRotate" fullname="Kaitai.SpecProcessRotate" classname="Kaitai.SpecProcessRotate" runstate="Runnable" testcasecount="1" result="Passed" start-time="2019-11-14 11:01:55Z" end-time="2019-11-14 11:01:55Z" duration="0.010016" total="1" passed="1" failed="0" inconclusive="0" skipped="0" asserts="3">
        <test-case id="0-1207" name="TestProcessRotate" fullname="Kaitai.SpecProcessRotate.TestProcessRotate" methodname="TestProcessRotate" classname="Kaitai.SpecProcessRotate" runstate="Runnable" seed="1905320577" result="Passed" start-time="2019-11-14 11:01:55Z" end-time="2019-11-14 11:01:55Z" duration="0.002439" asserts="3" />
      </test-suite>
      <test-suite type="TestFixture" id="0-1208" name="SpecProcessToUser" fullname="Kaitai.SpecProcessToUser" classname="Kaitai.SpecProcessToUser" runstate="Runnable" testcasecount="1" result="Passed" start-time="2019-11-14 11:01:55Z" end-time="2019-11-14 11:01:55Z" duration="0.005013" total="1" passed="1" failed="0" inconclusive="0" skipped="0" asserts="1">
        <test-case id="0-1209" name="TestProcessToUser" fullname="Kaitai.SpecProcessToUser.TestProcessToUser" methodname="TestProcessToUser" classname="Kaitai.SpecProcessToUser" runstate="Runnable" seed="483919308" result="Passed" start-time="2019-11-14 11:01:55Z" end-time="2019-11-14 11:01:55Z" duration="0.001531" asserts="1" />
      </test-suite>
      <test-suite type="TestFixture" id="0-1210" name="SpecProcessXor4Const" fullname="Kaitai.SpecProcessXor4Const" classname="Kaitai.SpecProcessXor4Const" runstate="Runnable" testcasecount="1" result="Passed" start-time="2019-11-14 11:01:55Z" end-time="2019-11-14 11:01:55Z" duration="0.006345" total="1" passed="1" failed="0" inconclusive="0" skipped="0" asserts="2">
        <test-case id="0-1211" name="TestProcessXor4Const" fullname="Kaitai.SpecProcessXor4Const.TestProcessXor4Const" methodname="TestProcessXor4Const" classname="Kaitai.SpecProcessXor4Const" runstate="Runnable" seed="683540943" result="Passed" start-time="2019-11-14 11:01:55Z" end-time="2019-11-14 11:01:55Z" duration="0.001949" asserts="2" />
      </test-suite>
      <test-suite type="TestFixture" id="0-1212" name="SpecProcessXor4Value" fullname="Kaitai.SpecProcessXor4Value" classname="Kaitai.SpecProcessXor4Value" runstate="Runnable" testcasecount="1" result="Passed" start-time="2019-11-14 11:01:55Z" end-time="2019-11-14 11:01:55Z" duration="0.005033" total="1" passed="1" failed="0" inconclusive="0" skipped="0" asserts="2">
        <test-case id="0-1213" name="TestProcessXor4Value" fullname="Kaitai.SpecProcessXor4Value.TestProcessXor4Value" methodname="TestProcessXor4Value" classname="Kaitai.SpecProcessXor4Value" runstate="Runnable" seed="643169743" result="Passed" start-time="2019-11-14 11:01:55Z" end-time="2019-11-14 11:01:55Z" duration="0.001287" asserts="2" />
      </test-suite>
      <test-suite type="TestFixture" id="0-1214" name="SpecProcessXorConst" fullname="Kaitai.SpecProcessXorConst" classname="Kaitai.SpecProcessXorConst" runstate="Runnable" testcasecount="1" result="Passed" start-time="2019-11-14 11:01:55Z" end-time="2019-11-14 11:01:55Z" duration="0.005001" total="1" passed="1" failed="0" inconclusive="0" skipped="0" asserts="2">
        <test-case id="0-1215" name="TestProcessXorConst" fullname="Kaitai.SpecProcessXorConst.TestProcessXorConst" methodname="TestProcessXorConst" classname="Kaitai.SpecProcessXorConst" runstate="Runnable" seed="1721827160" result="Passed" start-time="2019-11-14 11:01:55Z" end-time="2019-11-14 11:01:55Z" duration="0.001191" asserts="2" />
      </test-suite>
      <test-suite type="TestFixture" id="0-1216" name="SpecProcessXorValue" fullname="Kaitai.SpecProcessXorValue" classname="Kaitai.SpecProcessXorValue" runstate="Runnable" testcasecount="1" result="Passed" start-time="2019-11-14 11:01:55Z" end-time="2019-11-14 11:01:55Z" duration="0.006017" total="1" passed="1" failed="0" inconclusive="0" skipped="0" asserts="2">
        <test-case id="0-1217" name="TestProcessXorValue" fullname="Kaitai.SpecProcessXorValue.TestProcessXorValue" methodname="TestProcessXorValue" classname="Kaitai.SpecProcessXorValue" runstate="Runnable" seed="1609126340" result="Passed" start-time="2019-11-14 11:01:55Z" end-time="2019-11-14 11:01:55Z" duration="0.001189" asserts="2" />
      </test-suite>
      <test-suite type="TestFixture" id="0-1218" name="SpecRecursiveOne" fullname="Kaitai.SpecRecursiveOne" classname="Kaitai.SpecRecursiveOne" runstate="Runnable" testcasecount="1" result="Passed" start-time="2019-11-14 11:01:55Z" end-time="2019-11-14 11:01:55Z" duration="0.005020" total="1" passed="1" failed="0" inconclusive="0" skipped="0" asserts="4">
        <test-case id="0-1219" name="TestRecursiveOne" fullname="Kaitai.SpecRecursiveOne.TestRecursiveOne" methodname="TestRecursiveOne" classname="Kaitai.SpecRecursiveOne" runstate="Runnable" seed="1276010738" result="Passed" start-time="2019-11-14 11:01:55Z" end-time="2019-11-14 11:01:55Z" duration="0.001931" asserts="4" />
      </test-suite>
      <test-suite type="TestFixture" id="0-1220" name="SpecRepeatEosBit" fullname="Kaitai.SpecRepeatEosBit" classname="Kaitai.SpecRepeatEosBit" runstate="Runnable" testcasecount="1" result="Passed" start-time="2019-11-14 11:01:55Z" end-time="2019-11-14 11:01:55Z" duration="0.006020" total="1" passed="1" failed="0" inconclusive="0" skipped="0" asserts="1">
        <test-case id="0-1221" name="TestRepeatEosBit" fullname="Kaitai.SpecRepeatEosBit.TestRepeatEosBit" methodname="TestRepeatEosBit" classname="Kaitai.SpecRepeatEosBit" runstate="Runnable" seed="172607671" result="Passed" start-time="2019-11-14 11:01:55Z" end-time="2019-11-14 11:01:55Z" duration="0.001755" asserts="1" />
      </test-suite>
      <test-suite type="TestFixture" id="0-1222" name="SpecRepeatEosStruct" fullname="Kaitai.SpecRepeatEosStruct" classname="Kaitai.SpecRepeatEosStruct" runstate="Runnable" testcasecount="1" result="Passed" start-time="2019-11-14 11:01:55Z" end-time="2019-11-14 11:01:55Z" duration="0.014406" total="1" passed="1" failed="0" inconclusive="0" skipped="0" asserts="5">
        <test-case id="0-1223" name="TestRepeatEosStruct" fullname="Kaitai.SpecRepeatEosStruct.TestRepeatEosStruct" methodname="TestRepeatEosStruct" classname="Kaitai.SpecRepeatEosStruct" runstate="Runnable" seed="1621471984" result="Passed" start-time="2019-11-14 11:01:55Z" end-time="2019-11-14 11:01:55Z" duration="0.002405" asserts="5" />
      </test-suite>
      <test-suite type="TestFixture" id="0-1224" name="SpecRepeatEosU4" fullname="Kaitai.SpecRepeatEosU4" classname="Kaitai.SpecRepeatEosU4" runstate="Runnable" testcasecount="1" result="Passed" start-time="2019-11-14 11:01:55Z" end-time="2019-11-14 11:01:55Z" duration="0.004923" total="1" passed="1" failed="0" inconclusive="0" skipped="0" asserts="1">
        <test-case id="0-1225" name="TestRepeatEosU4" fullname="Kaitai.SpecRepeatEosU4.TestRepeatEosU4" methodname="TestRepeatEosU4" classname="Kaitai.SpecRepeatEosU4" runstate="Runnable" seed="617649315" result="Passed" start-time="2019-11-14 11:01:55Z" end-time="2019-11-14 11:01:55Z" duration="0.001122" asserts="1" />
      </test-suite>
      <test-suite type="TestFixture" id="0-1226" name="SpecRepeatNStruct" fullname="Kaitai.SpecRepeatNStruct" classname="Kaitai.SpecRepeatNStruct" runstate="Runnable" testcasecount="1" result="Passed" start-time="2019-11-14 11:01:55Z" end-time="2019-11-14 11:01:55Z" duration="0.006016" total="1" passed="1" failed="0" inconclusive="0" skipped="0" asserts="5">
        <test-case id="0-1227" name="TestRepeatNStruct" fullname="Kaitai.SpecRepeatNStruct.TestRepeatNStruct" methodname="TestRepeatNStruct" classname="Kaitai.SpecRepeatNStruct" runstate="Runnable" seed="1399459811" result="Passed" start-time="2019-11-14 11:01:55Z" end-time="2019-11-14 11:01:55Z" duration="0.002202" asserts="5" />
      </test-suite>
      <test-suite type="TestFixture" id="0-1228" name="SpecRepeatNStrz" fullname="Kaitai.SpecRepeatNStrz" classname="Kaitai.SpecRepeatNStrz" runstate="Runnable" testcasecount="1" result="Passed" start-time="2019-11-14 11:01:55Z" end-time="2019-11-14 11:01:55Z" duration="0.005011" total="1" passed="1" failed="0" inconclusive="0" skipped="0" asserts="2">
        <test-case id="0-1229" name="TestRepeatNStrz" fullname="Kaitai.SpecRepeatNStrz.TestRepeatNStrz" methodname="TestRepeatNStrz" classname="Kaitai.SpecRepeatNStrz" runstate="Runnable" seed="1038312858" result="Passed" start-time="2019-11-14 11:01:55Z" end-time="2019-11-14 11:01:55Z" duration="0.001442" asserts="2" />
      </test-suite>
      <test-suite type="TestFixture" id="0-1230" name="SpecRepeatNStrzDouble" fullname="Kaitai.SpecRepeatNStrzDouble" classname="Kaitai.SpecRepeatNStrzDouble" runstate="Runnable" testcasecount="1" result="Passed" start-time="2019-11-14 11:01:55Z" end-time="2019-11-14 11:01:55Z" duration="0.005452" total="1" passed="1" failed="0" inconclusive="0" skipped="0" asserts="3">
        <test-case id="0-1231" name="TestRepeatNStrzDouble" fullname="Kaitai.SpecRepeatNStrzDouble.TestRepeatNStrzDouble" methodname="TestRepeatNStrzDouble" classname="Kaitai.SpecRepeatNStrzDouble" runstate="Runnable" seed="108794191" result="Passed" start-time="2019-11-14 11:01:55Z" end-time="2019-11-14 11:01:55Z" duration="0.001850" asserts="3" />
      </test-suite>
      <test-suite type="TestFixture" id="0-1232" name="SpecRepeatUntilComplex" fullname="Kaitai.SpecRepeatUntilComplex" classname="Kaitai.SpecRepeatUntilComplex" runstate="Runnable" testcasecount="1" result="Passed" start-time="2019-11-14 11:01:55Z" end-time="2019-11-14 11:01:55Z" duration="0.010011" total="1" passed="1" failed="0" inconclusive="0" skipped="0" asserts="17">
        <test-case id="0-1233" name="TestRepeatUntilComplex" fullname="Kaitai.SpecRepeatUntilComplex.TestRepeatUntilComplex" methodname="TestRepeatUntilComplex" classname="Kaitai.SpecRepeatUntilComplex" runstate="Runnable" seed="36015105" result="Passed" start-time="2019-11-14 11:01:55Z" end-time="2019-11-14 11:01:55Z" duration="0.006450" asserts="17" />
      </test-suite>
      <test-suite type="TestFixture" id="0-1234" name="SpecRepeatUntilS4" fullname="Kaitai.SpecRepeatUntilS4" classname="Kaitai.SpecRepeatUntilS4" runstate="Runnable" testcasecount="1" result="Passed" start-time="2019-11-14 11:01:55Z" end-time="2019-11-14 11:01:55Z" duration="0.005007" total="1" passed="1" failed="0" inconclusive="0" skipped="0" asserts="2">
        <test-case id="0-1235" name="TestRepeatUntilS4" fullname="Kaitai.SpecRepeatUntilS4.TestRepeatUntilS4" methodname="TestRepeatUntilS4" classname="Kaitai.SpecRepeatUntilS4" runstate="Runnable" seed="1587312330" result="Passed" start-time="2019-11-14 11:01:55Z" end-time="2019-11-14 11:01:55Z" duration="0.001447" asserts="2" />
      </test-suite>
      <test-suite type="TestFixture" id="0-1236" name="SpecRepeatUntilSized" fullname="Kaitai.SpecRepeatUntilSized" classname="Kaitai.SpecRepeatUntilSized" runstate="Runnable" testcasecount="1" result="Passed" start-time="2019-11-14 11:01:55Z" end-time="2019-11-14 11:01:55Z" duration="0.007045" total="1" passed="1" failed="0" inconclusive="0" skipped="0" asserts="7">
        <test-case id="0-1237" name="TestRepeatUntilSized" fullname="Kaitai.SpecRepeatUntilSized.TestRepeatUntilSized" methodname="TestRepeatUntilSized" classname="Kaitai.SpecRepeatUntilSized" runstate="Runnable" seed="510559953" result="Passed" start-time="2019-11-14 11:01:55Z" end-time="2019-11-14 11:01:55Z" duration="0.003462" asserts="7" />
      </test-suite>
      <test-suite type="TestFixture" id="0-1238" name="SpecStrEncodings" fullname="Kaitai.SpecStrEncodings" classname="Kaitai.SpecStrEncodings" runstate="Runnable" testcasecount="1" result="Passed" start-time="2019-11-14 11:01:55Z" end-time="2019-11-14 11:01:55Z" duration="0.007021" total="1" passed="1" failed="0" inconclusive="0" skipped="0" asserts="4">
        <test-case id="0-1239" name="TestStrEncodings" fullname="Kaitai.SpecStrEncodings.TestStrEncodings" methodname="TestStrEncodings" classname="Kaitai.SpecStrEncodings" runstate="Runnable" seed="1955567669" result="Passed" start-time="2019-11-14 11:01:55Z" end-time="2019-11-14 11:01:55Z" duration="0.002963" asserts="4" />
      </test-suite>
      <test-suite type="TestFixture" id="0-1240" name="SpecStrEncodingsDefault" fullname="Kaitai.SpecStrEncodingsDefault" classname="Kaitai.SpecStrEncodingsDefault" runstate="Runnable" testcasecount="1" result="Passed" start-time="2019-11-14 11:01:55Z" end-time="2019-11-14 11:01:55Z" duration="0.006021" total="1" passed="1" failed="0" inconclusive="0" skipped="0" asserts="4">
        <test-case id="0-1241" name="TestStrEncodingsDefault" fullname="Kaitai.SpecStrEncodingsDefault.TestStrEncodingsDefault" methodname="TestStrEncodingsDefault" classname="Kaitai.SpecStrEncodingsDefault" runstate="Runnable" seed="1238851003" result="Passed" start-time="2019-11-14 11:01:55Z" end-time="2019-11-14 11:01:55Z" duration="0.002673" asserts="4" />
      </test-suite>
      <test-suite type="TestFixture" id="0-1242" name="SpecStrEos" fullname="Kaitai.SpecStrEos" classname="Kaitai.SpecStrEos" runstate="Runnable" testcasecount="1" result="Passed" start-time="2019-11-14 11:01:55Z" end-time="2019-11-14 11:01:55Z" duration="0.005019" total="1" passed="1" failed="0" inconclusive="0" skipped="0" asserts="1">
        <test-case id="0-1243" name="TestStrEos" fullname="Kaitai.SpecStrEos.TestStrEos" methodname="TestStrEos" classname="Kaitai.SpecStrEos" runstate="Runnable" seed="720193173" result="Passed" start-time="2019-11-14 11:01:55Z" end-time="2019-11-14 11:01:55Z" duration="0.001059" asserts="1" />
      </test-suite>
      <test-suite type="TestFixture" id="0-1244" name="SpecStrLiterals" fullname="Kaitai.SpecStrLiterals" classname="Kaitai.SpecStrLiterals" runstate="Runnable" testcasecount="1" result="Passed" start-time="2019-11-14 11:01:55Z" end-time="2019-11-14 11:01:55Z" duration="0.015028" total="1" passed="1" failed="0" inconclusive="0" skipped="0" asserts="5">
        <test-case id="0-1245" name="TestStrLiterals" fullname="Kaitai.SpecStrLiterals.TestStrLiterals" methodname="TestStrLiterals" classname="Kaitai.SpecStrLiterals" runstate="Runnable" seed="1238909991" result="Passed" start-time="2019-11-14 11:01:55Z" end-time="2019-11-14 11:01:55Z" duration="0.011176" asserts="5" />
      </test-suite>
      <test-suite type="TestFixture" id="0-1246" name="SpecStrLiterals2" fullname="Kaitai.SpecStrLiterals2" classname="Kaitai.SpecStrLiterals2" runstate="Runnable" testcasecount="1" result="Passed" start-time="2019-11-14 11:01:55Z" end-time="2019-11-14 11:01:55Z" duration="0.005023" total="1" passed="1" failed="0" inconclusive="0" skipped="0" asserts="4">
        <test-case id="0-1247" name="TestStrLiterals2" fullname="Kaitai.SpecStrLiterals2.TestStrLiterals2" methodname="TestStrLiterals2" classname="Kaitai.SpecStrLiterals2" runstate="Runnable" seed="1475326849" result="Passed" start-time="2019-11-14 11:01:55Z" end-time="2019-11-14 11:01:55Z" duration="0.001596" asserts="4" />
      </test-suite>
      <test-suite type="TestFixture" id="0-1248" name="SpecStrPadTerm" fullname="Kaitai.SpecStrPadTerm" classname="Kaitai.SpecStrPadTerm" runstate="Runnable" testcasecount="1" result="Passed" start-time="2019-11-14 11:01:55Z" end-time="2019-11-14 11:01:55Z" duration="0.005752" total="1" passed="1" failed="0" inconclusive="0" skipped="0" asserts="4">
        <test-case id="0-1249" name="TestStrPadTerm" fullname="Kaitai.SpecStrPadTerm.TestStrPadTerm" methodname="TestStrPadTerm" classname="Kaitai.SpecStrPadTerm" runstate="Runnable" seed="1670379192" result="Passed" start-time="2019-11-14 11:01:55Z" end-time="2019-11-14 11:01:55Z" duration="0.001833" asserts="4" />
      </test-suite>
      <test-suite type="TestFixture" id="0-1250" name="SpecStrPadTermEmpty" fullname="Kaitai.SpecStrPadTermEmpty" classname="Kaitai.SpecStrPadTermEmpty" runstate="Runnable" testcasecount="1" result="Passed" start-time="2019-11-14 11:01:55Z" end-time="2019-11-14 11:01:55Z" duration="0.005013" total="1" passed="1" failed="0" inconclusive="0" skipped="0" asserts="4">
        <test-case id="0-1251" name="TestStrPadTermEmpty" fullname="Kaitai.SpecStrPadTermEmpty.TestStrPadTermEmpty" methodname="TestStrPadTermEmpty" classname="Kaitai.SpecStrPadTermEmpty" runstate="Runnable" seed="976862063" result="Passed" start-time="2019-11-14 11:01:55Z" end-time="2019-11-14 11:01:55Z" duration="0.001691" asserts="4" />
      </test-suite>
      <test-suite type="TestFixture" id="0-1252" name="SpecSwitchBytearray" fullname="Kaitai.SpecSwitchBytearray" classname="Kaitai.SpecSwitchBytearray" runstate="Runnable" testcasecount="1" result="Passed" start-time="2019-11-14 11:01:55Z" end-time="2019-11-14 11:01:55Z" duration="0.007016" total="1" passed="1" failed="0" inconclusive="0" skipped="0" asserts="9">
        <test-case id="0-1253" name="TestSwitchBytearray" fullname="Kaitai.SpecSwitchBytearray.TestSwitchBytearray" methodname="TestSwitchBytearray" classname="Kaitai.SpecSwitchBytearray" runstate="Runnable" seed="1583195117" result="Passed" start-time="2019-11-14 11:01:55Z" end-time="2019-11-14 11:01:55Z" duration="0.003546" asserts="9" />
      </test-suite>
      <test-suite type="TestFixture" id="0-1254" name="SpecSwitchCast" fullname="Kaitai.SpecSwitchCast" classname="Kaitai.SpecSwitchCast" runstate="Runnable" testcasecount="1" result="Passed" start-time="2019-11-14 11:01:55Z" end-time="2019-11-14 11:01:55Z" duration="0.008238" total="1" passed="1" failed="0" inconclusive="0" skipped="0" asserts="3">
        <test-case id="0-1255" name="TestSwitchCast" fullname="Kaitai.SpecSwitchCast.TestSwitchCast" methodname="TestSwitchCast" classname="Kaitai.SpecSwitchCast" runstate="Runnable" seed="753505900" result="Passed" start-time="2019-11-14 11:01:55Z" end-time="2019-11-14 11:01:55Z" duration="0.004997" asserts="3" />
      </test-suite>
      <test-suite type="TestFixture" id="0-1256" name="SpecSwitchIntegers" fullname="Kaitai.SpecSwitchIntegers" classname="Kaitai.SpecSwitchIntegers" runstate="Runnable" testcasecount="1" result="Passed" start-time="2019-11-14 11:01:55Z" end-time="2019-11-14 11:01:55Z" duration="0.006169" total="1" passed="1" failed="0" inconclusive="0" skipped="0" asserts="9">
        <test-case id="0-1257" name="TestSwitchIntegers" fullname="Kaitai.SpecSwitchIntegers.TestSwitchIntegers" methodname="TestSwitchIntegers" classname="Kaitai.SpecSwitchIntegers" runstate="Runnable" seed="1603543427" result="Passed" start-time="2019-11-14 11:01:55Z" end-time="2019-11-14 11:01:55Z" duration="0.002723" asserts="9" />
      </test-suite>
      <test-suite type="TestFixture" id="0-1258" name="SpecSwitchIntegers2" fullname="Kaitai.SpecSwitchIntegers2" classname="Kaitai.SpecSwitchIntegers2" runstate="Runnable" testcasecount="1" result="Passed" start-time="2019-11-14 11:01:55Z" end-time="2019-11-14 11:01:55Z" duration="0.006033" total="1" passed="1" failed="0" inconclusive="0" skipped="0" asserts="5">
        <test-case id="0-1259" name="TestSwitchIntegers2" fullname="Kaitai.SpecSwitchIntegers2.TestSwitchIntegers2" methodname="TestSwitchIntegers2" classname="Kaitai.SpecSwitchIntegers2" runstate="Runnable" seed="365098371" result="Passed" start-time="2019-11-14 11:01:55Z" end-time="2019-11-14 11:01:55Z" duration="0.002887" asserts="5" />
      </test-suite>
      <test-suite type="TestFixture" id="0-1260" name="SpecSwitchManualEnum" fullname="Kaitai.SpecSwitchManualEnum" classname="Kaitai.SpecSwitchManualEnum" runstate="Runnable" testcasecount="1" result="Passed" start-time="2019-11-14 11:01:55Z" end-time="2019-11-14 11:01:55Z" duration="0.007591" total="1" passed="1" failed="0" inconclusive="0" skipped="0" asserts="9">
        <test-case id="0-1261" name="TestSwitchManualEnum" fullname="Kaitai.SpecSwitchManualEnum.TestSwitchManualEnum" methodname="TestSwitchManualEnum" classname="Kaitai.SpecSwitchManualEnum" runstate="Runnable" seed="1806371961" result="Passed" start-time="2019-11-14 11:01:55Z" end-time="2019-11-14 11:01:55Z" duration="0.004067" asserts="9" />
      </test-suite>
      <test-suite type="TestFixture" id="0-1262" name="SpecSwitchManualInt" fullname="Kaitai.SpecSwitchManualInt" classname="Kaitai.SpecSwitchManualInt" runstate="Runnable" testcasecount="1" result="Passed" start-time="2019-11-14 11:01:55Z" end-time="2019-11-14 11:01:55Z" duration="0.009798" total="1" passed="1" failed="0" inconclusive="0" skipped="0" asserts="9">
        <test-case id="0-1263" name="TestSwitchManualInt" fullname="Kaitai.SpecSwitchManualInt.TestSwitchManualInt" methodname="TestSwitchManualInt" classname="Kaitai.SpecSwitchManualInt" runstate="Runnable" seed="1991194556" result="Passed" start-time="2019-11-14 11:01:55Z" end-time="2019-11-14 11:01:55Z" duration="0.004609" asserts="9" />
      </test-suite>
      <test-suite type="TestFixture" id="0-1264" name="SpecSwitchManualIntElse" fullname="Kaitai.SpecSwitchManualIntElse" classname="Kaitai.SpecSwitchManualIntElse" runstate="Runnable" testcasecount="1" result="Passed" start-time="2019-11-14 11:01:55Z" end-time="2019-11-14 11:01:55Z" duration="0.008001" total="1" passed="1" failed="0" inconclusive="0" skipped="0" asserts="9">
        <test-case id="0-1265" name="TestSwitchManualIntElse" fullname="Kaitai.SpecSwitchManualIntElse.TestSwitchManualIntElse" methodname="TestSwitchManualIntElse" classname="Kaitai.SpecSwitchManualIntElse" runstate="Runnable" seed="1508606956" result="Passed" start-time="2019-11-14 11:01:55Z" end-time="2019-11-14 11:01:55Z" duration="0.004491" asserts="9" />
      </test-suite>
      <test-suite type="TestFixture" id="0-1266" name="SpecSwitchManualIntSize" fullname="Kaitai.SpecSwitchManualIntSize" classname="Kaitai.SpecSwitchManualIntSize" runstate="Runnable" testcasecount="1" result="Passed" start-time="2019-11-14 11:01:55Z" end-time="2019-11-14 11:01:55Z" duration="0.008015" total="1" passed="1" failed="0" inconclusive="0" skipped="0" asserts="10">
        <test-case id="0-1267" name="TestSwitchManualIntSize" fullname="Kaitai.SpecSwitchManualIntSize.TestSwitchManualIntSize" methodname="TestSwitchManualIntSize" classname="Kaitai.SpecSwitchManualIntSize" runstate="Runnable" seed="476774035" result="Passed" start-time="2019-11-14 11:01:55Z" end-time="2019-11-14 11:01:55Z" duration="0.004442" asserts="10" />
      </test-suite>
      <test-suite type="TestFixture" id="0-1268" name="SpecSwitchManualIntSizeElse" fullname="Kaitai.SpecSwitchManualIntSizeElse" classname="Kaitai.SpecSwitchManualIntSizeElse" runstate="Runnable" testcasecount="1" result="Passed" start-time="2019-11-14 11:01:55Z" end-time="2019-11-14 11:01:55Z" duration="0.008014" total="1" passed="1" failed="0" inconclusive="0" skipped="0" asserts="10">
        <test-case id="0-1269" name="TestSwitchManualIntSizeElse" fullname="Kaitai.SpecSwitchManualIntSizeElse.TestSwitchManualIntSizeElse" methodname="TestSwitchManualIntSizeElse" classname="Kaitai.SpecSwitchManualIntSizeElse" runstate="Runnable" seed="907405902" result="Passed" start-time="2019-11-14 11:01:55Z" end-time="2019-11-14 11:01:55Z" duration="0.004550" asserts="10" />
      </test-suite>
      <test-suite type="TestFixture" id="0-1270" name="SpecSwitchManualIntSizeEos" fullname="Kaitai.SpecSwitchManualIntSizeEos" classname="Kaitai.SpecSwitchManualIntSizeEos" runstate="Runnable" testcasecount="1" result="Passed" start-time="2019-11-14 11:01:55Z" end-time="2019-11-14 11:01:55Z" duration="0.008198" total="1" passed="1" failed="0" inconclusive="0" skipped="0" asserts="10">
        <test-case id="0-1271" name="TestSwitchManualIntSizeEos" fullname="Kaitai.SpecSwitchManualIntSizeEos.TestSwitchManualIntSizeEos" methodname="TestSwitchManualIntSizeEos" classname="Kaitai.SpecSwitchManualIntSizeEos" runstate="Runnable" seed="2140868412" result="Passed" start-time="2019-11-14 11:01:55Z" end-time="2019-11-14 11:01:55Z" duration="0.004424" asserts="10" />
      </test-suite>
      <test-suite type="TestFixture" id="0-1272" name="SpecSwitchManualStr" fullname="Kaitai.SpecSwitchManualStr" classname="Kaitai.SpecSwitchManualStr" runstate="Runnable" testcasecount="1" result="Passed" start-time="2019-11-14 11:01:55Z" end-time="2019-11-14 11:01:55Z" duration="0.007015" total="1" passed="1" failed="0" inconclusive="0" skipped="0" asserts="9">
        <test-case id="0-1273" name="TestSwitchManualStr" fullname="Kaitai.SpecSwitchManualStr.TestSwitchManualStr" methodname="TestSwitchManualStr" classname="Kaitai.SpecSwitchManualStr" runstate="Runnable" seed="1310527104" result="Passed" start-time="2019-11-14 11:01:55Z" end-time="2019-11-14 11:01:55Z" duration="0.003343" asserts="9" />
      </test-suite>
      <test-suite type="TestFixture" id="0-1274" name="SpecSwitchManualStrElse" fullname="Kaitai.SpecSwitchManualStrElse" classname="Kaitai.SpecSwitchManualStrElse" runstate="Runnable" testcasecount="1" result="Passed" start-time="2019-11-14 11:01:55Z" end-time="2019-11-14 11:01:56Z" duration="0.007009" total="1" passed="1" failed="0" inconclusive="0" skipped="0" asserts="9">
        <test-case id="0-1275" name="TestSwitchManualStrElse" fullname="Kaitai.SpecSwitchManualStrElse.TestSwitchManualStrElse" methodname="TestSwitchManualStrElse" classname="Kaitai.SpecSwitchManualStrElse" runstate="Runnable" seed="75155312" result="Passed" start-time="2019-11-14 11:01:56Z" end-time="2019-11-14 11:01:56Z" duration="0.003530" asserts="9" />
      </test-suite>
      <test-suite type="TestFixture" id="0-1276" name="SpecSwitchMultiBoolOps" fullname="Kaitai.SpecSwitchMultiBoolOps" classname="Kaitai.SpecSwitchMultiBoolOps" runstate="Runnable" testcasecount="1" result="Passed" start-time="2019-11-14 11:01:56Z" end-time="2019-11-14 11:01:56Z" duration="0.006015" total="1" passed="1" failed="0" inconclusive="0" skipped="0" asserts="9">
        <test-case id="0-1277" name="TestSwitchMultiBoolOps" fullname="Kaitai.SpecSwitchMultiBoolOps.TestSwitchMultiBoolOps" methodname="TestSwitchMultiBoolOps" classname="Kaitai.SpecSwitchMultiBoolOps" runstate="Runnable" seed="577543010" result="Passed" start-time="2019-11-14 11:01:56Z" end-time="2019-11-14 11:01:56Z" duration="0.002789" asserts="9" />
      </test-suite>
      <test-suite type="TestFixture" id="0-1278" name="SpecSwitchRepeatExpr" fullname="Kaitai.SpecSwitchRepeatExpr" classname="Kaitai.SpecSwitchRepeatExpr" runstate="Runnable" testcasecount="1" result="Passed" start-time="2019-11-14 11:01:56Z" end-time="2019-11-14 11:01:56Z" duration="0.006015" total="1" passed="1" failed="0" inconclusive="0" skipped="0" asserts="3">
        <test-case id="0-1279" name="TestSwitchRepeatExpr" fullname="Kaitai.SpecSwitchRepeatExpr.TestSwitchRepeatExpr" methodname="TestSwitchRepeatExpr" classname="Kaitai.SpecSwitchRepeatExpr" runstate="Runnable" seed="46226847" result="Passed" start-time="2019-11-14 11:01:56Z" end-time="2019-11-14 11:01:56Z" duration="0.002369" asserts="3" />
      </test-suite>
      <test-suite type="TestFixture" id="0-1280" name="SpecTermBytes" fullname="Kaitai.SpecTermBytes" classname="Kaitai.SpecTermBytes" runstate="Runnable" testcasecount="1" result="Passed" start-time="2019-11-14 11:01:56Z" end-time="2019-11-14 11:01:56Z" duration="0.005027" total="1" passed="1" failed="0" inconclusive="0" skipped="0" asserts="3">
        <test-case id="0-1281" name="TestTermBytes" fullname="Kaitai.SpecTermBytes.TestTermBytes" methodname="TestTermBytes" classname="Kaitai.SpecTermBytes" runstate="Runnable" seed="1294578616" result="Passed" start-time="2019-11-14 11:01:56Z" end-time="2019-11-14 11:01:56Z" duration="0.001342" asserts="3" />
      </test-suite>
      <test-suite type="TestFixture" id="0-1282" name="SpecTermStrz" fullname="Kaitai.SpecTermStrz" classname="Kaitai.SpecTermStrz" runstate="Runnable" testcasecount="1" result="Passed" start-time="2019-11-14 11:01:56Z" end-time="2019-11-14 11:01:56Z" duration="0.004050" total="1" passed="1" failed="0" inconclusive="0" skipped="0" asserts="3">
        <test-case id="0-1283" name="TestTermStrz" fullname="Kaitai.SpecTermStrz.TestTermStrz" methodname="TestTermStrz" classname="Kaitai.SpecTermStrz" runstate="Runnable" seed="143714396" result="Passed" start-time="2019-11-14 11:01:56Z" end-time="2019-11-14 11:01:56Z" duration="0.000576" asserts="3" />
      </test-suite>
      <test-suite type="TestFixture" id="0-1284" name="SpecTsPacketHeader" fullname="Kaitai.SpecTsPacketHeader" classname="Kaitai.SpecTsPacketHeader" runstate="Runnable" testcasecount="1" result="Passed" start-time="2019-11-14 11:01:56Z" end-time="2019-11-14 11:01:56Z" duration="0.004988" total="1" passed="1" failed="0" inconclusive="0" skipped="0" asserts="7">
        <test-case id="0-1285" name="TestTsPacketHeader" fullname="Kaitai.SpecTsPacketHeader.TestTsPacketHeader" methodname="TestTsPacketHeader" classname="Kaitai.SpecTsPacketHeader" runstate="Runnable" seed="1759858000" result="Passed" start-time="2019-11-14 11:01:56Z" end-time="2019-11-14 11:01:56Z" duration="0.001712" asserts="7" />
      </test-suite>
      <test-suite type="TestFixture" id="0-1286" name="SpecTypeIntUnaryOp" fullname="Kaitai.SpecTypeIntUnaryOp" classname="Kaitai.SpecTypeIntUnaryOp" runstate="Runnable" testcasecount="1" result="Passed" start-time="2019-11-14 11:01:56Z" end-time="2019-11-14 11:01:56Z" duration="0.005046" total="1" passed="1" failed="0" inconclusive="0" skipped="0" asserts="4">
        <test-case id="0-1287" name="TestTypeIntUnaryOp" fullname="Kaitai.SpecTypeIntUnaryOp.TestTypeIntUnaryOp" methodname="TestTypeIntUnaryOp" classname="Kaitai.SpecTypeIntUnaryOp" runstate="Runnable" seed="740918823" result="Passed" start-time="2019-11-14 11:01:56Z" end-time="2019-11-14 11:01:56Z" duration="0.001941" asserts="4" />
      </test-suite>
      <test-suite type="TestFixture" id="0-1288" name="SpecTypeTernary" fullname="Kaitai.SpecTypeTernary" classname="Kaitai.SpecTypeTernary" runstate="Runnable" testcasecount="1" result="Passed" start-time="2019-11-14 11:01:56Z" end-time="2019-11-14 11:01:56Z" duration="0.005031" total="1" passed="1" failed="0" inconclusive="0" skipped="0" asserts="1">
        <test-case id="0-1289" name="TestTypeTernary" fullname="Kaitai.SpecTypeTernary.TestTypeTernary" methodname="TestTypeTernary" classname="Kaitai.SpecTypeTernary" runstate="Runnable" seed="80013913" result="Passed" start-time="2019-11-14 11:01:56Z" end-time="2019-11-14 11:01:56Z" duration="0.001384" asserts="1" />
      </test-suite>
      <test-suite type="TestFixture" id="0-1290" name="SpecTypeTernaryOpaque" fullname="Kaitai.SpecTypeTernaryOpaque" classname="Kaitai.SpecTypeTernaryOpaque" runstate="Runnable" testcasecount="1" result="Passed" start-time="2019-11-14 11:01:56Z" end-time="2019-11-14 11:01:56Z" duration="0.005015" total="1" passed="1" failed="0" inconclusive="0" skipped="0" asserts="3">
        <test-case id="0-1291" name="TestTypeTernaryOpaque" fullname="Kaitai.SpecTypeTernaryOpaque.TestTypeTernaryOpaque" methodname="TestTypeTernaryOpaque" classname="Kaitai.SpecTypeTernaryOpaque" runstate="Runnable" seed="2091333244" result="Passed" start-time="2019-11-14 11:01:56Z" end-time="2019-11-14 11:01:56Z" duration="0.001214" asserts="3" />
      </test-suite>
      <test-suite type="TestFixture" id="0-1292" name="SpecUserType" fullname="Kaitai.SpecUserType" classname="Kaitai.SpecUserType" runstate="Runnable" testcasecount="1" result="Passed" start-time="2019-11-14 11:01:56Z" end-time="2019-11-14 11:01:56Z" duration="0.004993" total="1" passed="1" failed="0" inconclusive="0" skipped="0" asserts="2">
        <test-case id="0-1293" name="TestUserType" fullname="Kaitai.SpecUserType.TestUserType" methodname="TestUserType" classname="Kaitai.SpecUserType" runstate="Runnable" seed="935336390" result="Passed" start-time="2019-11-14 11:01:56Z" end-time="2019-11-14 11:01:56Z" duration="0.001148" asserts="2" />
      </test-suite>
      <test-suite type="TestFixture" id="0-1294" name="SpecValidFailEqBytes" fullname="Kaitai.SpecValidFailEqBytes" classname="Kaitai.SpecValidFailEqBytes" runstate="Runnable" testcasecount="1" result="Passed" start-time="2019-11-14 11:01:56Z" end-time="2019-11-14 11:01:56Z" duration="0.004571" total="1" passed="1" failed="0" inconclusive="0" skipped="0" asserts="1">
        <test-case id="0-1295" name="TestValidFailEqBytes" fullname="Kaitai.SpecValidFailEqBytes.TestValidFailEqBytes" methodname="TestValidFailEqBytes" classname="Kaitai.SpecValidFailEqBytes" runstate="Runnable" seed="1220792024" result="Passed" start-time="2019-11-14 11:01:56Z" end-time="2019-11-14 11:01:56Z" duration="0.001944" asserts="1" />
      </test-suite>
      <test-suite type="TestFixture" id="0-1296" name="SpecValidFailEqInt" fullname="Kaitai.SpecValidFailEqInt" classname="Kaitai.SpecValidFailEqInt" runstate="Runnable" testcasecount="1" result="Passed" start-time="2019-11-14 11:01:56Z" end-time="2019-11-14 11:01:56Z" duration="0.004500" total="1" passed="1" failed="0" inconclusive="0" skipped="0" asserts="1">
        <test-case id="0-1297" name="TestValidFailEqInt" fullname="Kaitai.SpecValidFailEqInt.TestValidFailEqInt" methodname="TestValidFailEqInt" classname="Kaitai.SpecValidFailEqInt" runstate="Runnable" seed="933103950" result="Passed" start-time="2019-11-14 11:01:56Z" end-time="2019-11-14 11:01:56Z" duration="0.001605" asserts="1" />
      </test-suite>
      <test-suite type="TestFixture" id="0-1298" name="SpecValidNotParsedIf" fullname="Kaitai.SpecValidNotParsedIf" classname="Kaitai.SpecValidNotParsedIf" runstate="Runnable" testcasecount="1" result="Failed" site="Child" start-time="2019-11-14 11:01:56Z" end-time="2019-11-14 11:01:56Z" duration="0.028161" total="1" passed="0" failed="1" inconclusive="0" skipped="0" asserts="0">
        <failure>
          <message><![CDATA[One or more child tests had errors]]></message>
        </failure>
        <test-case id="0-1299" name="TestValidNotParsedIf" fullname="Kaitai.SpecValidNotParsedIf.TestValidNotParsedIf" methodname="TestValidNotParsedIf" classname="Kaitai.SpecValidNotParsedIf" runstate="Runnable" seed="195058001" result="Failed" label="Error" start-time="2019-11-14 11:01:56Z" end-time="2019-11-14 11:01:56Z" duration="0.024004" asserts="0">
          <failure>
            <message><![CDATA[Kaitai.ValidationNotEqualError : /seq/0: at pos 0: validation failed: not equal, expected 42, but got ]]></message>
            <stack-trace><![CDATA[   at Kaitai.ValidNotParsedIf._read() in C:\projects\ci-targets\tests\compiled\csharp\ValidNotParsedIf.cs:line 29
   at Kaitai.ValidNotParsedIf..ctor(KaitaiStream p__io, KaitaiStruct p__parent, ValidNotParsedIf p__root) in C:\projects\ci-targets\tests\compiled\csharp\ValidNotParsedIf.cs:line 18
   at Kaitai.ValidNotParsedIf.FromFile(String fileName) in C:\projects\ci-targets\tests\compiled\csharp\ValidNotParsedIf.cs:line 11
   at Kaitai.SpecValidNotParsedIf.TestValidNotParsedIf() in C:\projects\ci-targets\tests\spec\csharp\kaitai_struct_csharp_tests\tests\SpecValidNotParsedIf.cs:line 13]]></stack-trace>
          </failure>
        </test-case>
      </test-suite>
      <test-suite type="TestFixture" id="0-1300" name="SpecValidShort" fullname="Kaitai.SpecValidShort" classname="Kaitai.SpecValidShort" runstate="Runnable" testcasecount="1" result="Passed" start-time="2019-11-14 11:01:56Z" end-time="2019-11-14 11:01:56Z" duration="0.008021" total="1" passed="1" failed="0" inconclusive="0" skipped="0" asserts="0">
        <test-case id="0-1301" name="TestValidShort" fullname="Kaitai.SpecValidShort.TestValidShort" methodname="TestValidShort" classname="Kaitai.SpecValidShort" runstate="Runnable" seed="1210714720" result="Passed" start-time="2019-11-14 11:01:56Z" end-time="2019-11-14 11:01:56Z" duration="0.004379" asserts="0" />
      </test-suite>
      <test-suite type="TestFixture" id="0-1302" name="SpecValidSwitch" fullname="Kaitai.SpecValidSwitch" classname="Kaitai.SpecValidSwitch" runstate="Runnable" testcasecount="1" result="Passed" start-time="2019-11-14 11:01:56Z" end-time="2019-11-14 11:01:56Z" duration="0.005015" total="1" passed="1" failed="0" inconclusive="0" skipped="0" asserts="0">
        <test-case id="0-1303" name="TestValidSwitch" fullname="Kaitai.SpecValidSwitch.TestValidSwitch" methodname="TestValidSwitch" classname="Kaitai.SpecValidSwitch" runstate="Runnable" seed="2039559411" result="Passed" start-time="2019-11-14 11:01:56Z" end-time="2019-11-14 11:01:56Z" duration="0.001392" asserts="0" />
      </test-suite>
      <test-suite type="TestFixture" id="0-1304" name="SpecZlibWithHeader78" fullname="Kaitai.SpecZlibWithHeader78" classname="Kaitai.SpecZlibWithHeader78" runstate="Runnable" testcasecount="1" result="Passed" start-time="2019-11-14 11:01:56Z" end-time="2019-11-14 11:01:56Z" duration="0.031047" total="1" passed="1" failed="0" inconclusive="0" skipped="0" asserts="1">
        <test-case id="0-1305" name="TestZlibWithHeader78" fullname="Kaitai.SpecZlibWithHeader78.TestZlibWithHeader78" methodname="TestZlibWithHeader78" classname="Kaitai.SpecZlibWithHeader78" runstate="Runnable" seed="473550501" result="Passed" start-time="2019-11-14 11:01:56Z" end-time="2019-11-14 11:01:56Z" duration="0.027581" asserts="1" />
      </test-suite>
    </test-suite>
  </test-suite>
</test-run>