<?xml version="1.0" encoding="utf-8" standalone="no"?>
<test-run id="2" testcasecount="133" result="Passed" total="133" passed="133" failed="0" inconclusive="0" skipped="0" asserts="648" engine-version="3.4.1.0" clr-version="4.0.30319.42000" start-time="2019-03-10 12:36:23Z" end-time="2019-03-10 12:36:24Z" duration="0.995825">
  <command-line><![CDATA[/home/travis/build/kaitai-io/ci_targets/tests/spec/csharp/packages/NUnit.ConsoleRunner.3.4.1/tools/nunit3-console.exe --result=test_out/csharp/TestResult.xml spec/csharp/kaitai_struct_csharp_tests/bin/Debug/kaitai_struct_csharp_tests.dll]]></command-line>
  <test-suite type="Assembly" id="0-1266" name="kaitai_struct_csharp_tests.dll" fullname="/home/travis/build/kaitai-io/ci_targets/tests/spec/csharp/kaitai_struct_csharp_tests/bin/Debug/kaitai_struct_csharp_tests.dll" runstate="Runnable" testcasecount="133" result="Passed" start-time="2019-03-10 12:36:23Z" end-time="2019-03-10 12:36:24Z" duration="0.901379" total="133" passed="133" failed="0" inconclusive="0" skipped="0" asserts="648">
    <environment framework-version="3.4.1.0" clr-version="4.0.30319.42000" os-version="Unix 4.4.0.101" platform="Unix" cwd="/home/travis/build/kaitai-io/ci_targets/tests" machine-name="travis-job-e3af8b0e-3b04-44b2-a172-1e356056ae3f" user="travis" user-domain="travis-job-e3af8b0e-3b04-44b2-a172-1e356056ae3f" culture="en-US" uiculture="en-US" os-architecture="x64" />
    <settings>
      <setting name="WorkDirectory" value="/home/travis/build/kaitai-io/ci_targets/tests" />
      <setting name="ImageRuntimeVersion" value="4.0.30319" />
      <setting name="ImageTargetFrameworkName" value=".NETFramework,Version=v4.5" />
      <setting name="ImageRequiresX86" value="False" />
      <setting name="ImageRequiresDefaultAppDomainAssemblyResolver" value="False" />
      <setting name="NumberOfTestWorkers" value="2" />
    </settings>
    <properties>
      <property name="_PID" value="10000" />
      <property name="_APPDOMAIN" value="test-domain-" />
    </properties>
    <test-suite type="TestSuite" id="0-1267" name="Kaitai" fullname="Kaitai" runstate="Runnable" testcasecount="133" result="Passed" start-time="2019-03-10 12:36:23Z" end-time="2019-03-10 12:36:24Z" duration="0.884758" total="133" passed="133" failed="0" inconclusive="0" skipped="0" asserts="648">
      <test-suite type="TestFixture" id="0-1000" name="SpecBcdUserTypeBe" fullname="Kaitai.SpecBcdUserTypeBe" classname="Kaitai.SpecBcdUserTypeBe" runstate="Runnable" testcasecount="1" result="Passed" start-time="2019-03-10 12:36:23Z" end-time="2019-03-10 12:36:23Z" duration="0.024360" total="1" passed="1" failed="0" inconclusive="0" skipped="0" asserts="6">
        <test-case id="0-1001" name="TestBcdUserTypeBe" fullname="Kaitai.SpecBcdUserTypeBe.TestBcdUserTypeBe" methodname="TestBcdUserTypeBe" classname="Kaitai.SpecBcdUserTypeBe" runstate="Runnable" seed="824051689" result="Passed" start-time="2019-03-10 12:36:23Z" end-time="2019-03-10 12:36:23Z" duration="0.013024" asserts="6" />
      </test-suite>
      <test-suite type="TestFixture" id="0-1002" name="SpecBcdUserTypeLe" fullname="Kaitai.SpecBcdUserTypeLe" classname="Kaitai.SpecBcdUserTypeLe" runstate="Runnable" testcasecount="1" result="Passed" start-time="2019-03-10 12:36:23Z" end-time="2019-03-10 12:36:23Z" duration="0.007185" total="1" passed="1" failed="0" inconclusive="0" skipped="0" asserts="6">
        <test-case id="0-1003" name="TestBcdUserTypeLe" fullname="Kaitai.SpecBcdUserTypeLe.TestBcdUserTypeLe" methodname="TestBcdUserTypeLe" classname="Kaitai.SpecBcdUserTypeLe" runstate="Runnable" seed="644845405" result="Passed" start-time="2019-03-10 12:36:23Z" end-time="2019-03-10 12:36:23Z" duration="0.004485" asserts="6" />
      </test-suite>
      <test-suite type="TestFixture" id="0-1004" name="SpecBitsByteAligned" fullname="Kaitai.SpecBitsByteAligned" classname="Kaitai.SpecBitsByteAligned" runstate="Runnable" testcasecount="1" result="Passed" start-time="2019-03-10 12:36:23Z" end-time="2019-03-10 12:36:23Z" duration="0.011654" total="1" passed="1" failed="0" inconclusive="0" skipped="0" asserts="9">
        <test-case id="0-1005" name="TestBitsByteAligned" fullname="Kaitai.SpecBitsByteAligned.TestBitsByteAligned" methodname="TestBitsByteAligned" classname="Kaitai.SpecBitsByteAligned" runstate="Runnable" seed="1491867474" result="Passed" start-time="2019-03-10 12:36:23Z" end-time="2019-03-10 12:36:23Z" duration="0.005670" asserts="9" />
      </test-suite>
      <test-suite type="TestFixture" id="0-1006" name="SpecBitsEnum" fullname="Kaitai.SpecBitsEnum" classname="Kaitai.SpecBitsEnum" runstate="Runnable" testcasecount="1" result="Passed" start-time="2019-03-10 12:36:23Z" end-time="2019-03-10 12:36:23Z" duration="0.003864" total="1" passed="1" failed="0" inconclusive="0" skipped="0" asserts="3">
        <test-case id="0-1007" name="TestBitsEnum" fullname="Kaitai.SpecBitsEnum.TestBitsEnum" methodname="TestBitsEnum" classname="Kaitai.SpecBitsEnum" runstate="Runnable" seed="934783555" result="Passed" start-time="2019-03-10 12:36:23Z" end-time="2019-03-10 12:36:23Z" duration="0.001221" asserts="3" />
      </test-suite>
      <test-suite type="TestFixture" id="0-1008" name="SpecBitsSimple" fullname="Kaitai.SpecBitsSimple" classname="Kaitai.SpecBitsSimple" runstate="Runnable" testcasecount="1" result="Passed" start-time="2019-03-10 12:36:23Z" end-time="2019-03-10 12:36:23Z" duration="0.005568" total="1" passed="1" failed="0" inconclusive="0" skipped="0" asserts="14">
        <test-case id="0-1009" name="TestBitsSimple" fullname="Kaitai.SpecBitsSimple.TestBitsSimple" methodname="TestBitsSimple" classname="Kaitai.SpecBitsSimple" runstate="Runnable" seed="62845419" result="Passed" start-time="2019-03-10 12:36:23Z" end-time="2019-03-10 12:36:23Z" duration="0.003021" asserts="14" />
      </test-suite>
      <test-suite type="TestFixture" id="0-1010" name="SpecBufferedStruct" fullname="Kaitai.SpecBufferedStruct" classname="Kaitai.SpecBufferedStruct" runstate="Runnable" testcasecount="1" result="Passed" start-time="2019-03-10 12:36:23Z" end-time="2019-03-10 12:36:23Z" duration="0.004589" total="1" passed="1" failed="0" inconclusive="0" skipped="0" asserts="9">
        <test-case id="0-1011" name="TestBufferedStruct" fullname="Kaitai.SpecBufferedStruct.TestBufferedStruct" methodname="TestBufferedStruct" classname="Kaitai.SpecBufferedStruct" runstate="Runnable" seed="771929348" result="Passed" start-time="2019-03-10 12:36:23Z" end-time="2019-03-10 12:36:23Z" duration="0.002004" asserts="9" />
      </test-suite>
      <test-suite type="TestFixture" id="0-1012" name="SpecBytesPadTerm" fullname="Kaitai.SpecBytesPadTerm" classname="Kaitai.SpecBytesPadTerm" runstate="Runnable" testcasecount="1" result="Passed" start-time="2019-03-10 12:36:23Z" end-time="2019-03-10 12:36:23Z" duration="0.003528" total="1" passed="1" failed="0" inconclusive="0" skipped="0" asserts="4">
        <test-case id="0-1013" name="TestBytesPadTerm" fullname="Kaitai.SpecBytesPadTerm.TestBytesPadTerm" methodname="TestBytesPadTerm" classname="Kaitai.SpecBytesPadTerm" runstate="Runnable" seed="271454532" result="Passed" start-time="2019-03-10 12:36:23Z" end-time="2019-03-10 12:36:23Z" duration="0.000984" asserts="4" />
      </test-suite>
      <test-suite type="TestFixture" id="0-1014" name="SpecCastToImported" fullname="Kaitai.SpecCastToImported" classname="Kaitai.SpecCastToImported" runstate="Runnable" testcasecount="1" result="Passed" start-time="2019-03-10 12:36:23Z" end-time="2019-03-10 12:36:23Z" duration="0.003253" total="1" passed="1" failed="0" inconclusive="0" skipped="0" asserts="2">
        <test-case id="0-1015" name="TestCastToImported" fullname="Kaitai.SpecCastToImported.TestCastToImported" methodname="TestCastToImported" classname="Kaitai.SpecCastToImported" runstate="Runnable" seed="11959881" result="Passed" start-time="2019-03-10 12:36:23Z" end-time="2019-03-10 12:36:23Z" duration="0.000734" asserts="2" />
      </test-suite>
      <test-suite type="TestFixture" id="0-1016" name="SpecCastToTop" fullname="Kaitai.SpecCastToTop" classname="Kaitai.SpecCastToTop" runstate="Runnable" testcasecount="1" result="Passed" start-time="2019-03-10 12:36:23Z" end-time="2019-03-10 12:36:23Z" duration="0.003608" total="1" passed="1" failed="0" inconclusive="0" skipped="0" asserts="3">
        <test-case id="0-1017" name="TestCastToTop" fullname="Kaitai.SpecCastToTop.TestCastToTop" methodname="TestCastToTop" classname="Kaitai.SpecCastToTop" runstate="Runnable" seed="1830439143" result="Passed" start-time="2019-03-10 12:36:23Z" end-time="2019-03-10 12:36:23Z" duration="0.001080" asserts="3" />
      </test-suite>
      <test-suite type="TestFixture" id="0-1018" name="SpecDebug0" fullname="Kaitai.SpecDebug0" classname="Kaitai.SpecDebug0" runstate="Runnable" testcasecount="1" result="Passed" start-time="2019-03-10 12:36:23Z" end-time="2019-03-10 12:36:23Z" duration="0.002623" total="1" passed="1" failed="0" inconclusive="0" skipped="0" asserts="0">
        <test-case id="0-1019" name="TestDebug0" fullname="Kaitai.SpecDebug0.TestDebug0" methodname="TestDebug0" classname="Kaitai.SpecDebug0" runstate="Runnable" seed="1535291188" result="Passed" start-time="2019-03-10 12:36:23Z" end-time="2019-03-10 12:36:23Z" duration="0.000083" asserts="0" />
      </test-suite>
      <test-suite type="TestFixture" id="0-1020" name="SpecDebugArrayUser" fullname="Kaitai.SpecDebugArrayUser" classname="Kaitai.SpecDebugArrayUser" runstate="Runnable" testcasecount="1" result="Passed" start-time="2019-03-10 12:36:23Z" end-time="2019-03-10 12:36:23Z" duration="0.003819" total="1" passed="1" failed="0" inconclusive="0" skipped="0" asserts="4">
        <test-case id="0-1021" name="TestDebugArrayUser" fullname="Kaitai.SpecDebugArrayUser.TestDebugArrayUser" methodname="TestDebugArrayUser" classname="Kaitai.SpecDebugArrayUser" runstate="Runnable" seed="103243416" result="Passed" start-time="2019-03-10 12:36:23Z" end-time="2019-03-10 12:36:23Z" duration="0.001286" asserts="4" />
      </test-suite>
      <test-suite type="TestFixture" id="0-1022" name="SpecDebugEnumName" fullname="Kaitai.SpecDebugEnumName" classname="Kaitai.SpecDebugEnumName" runstate="Runnable" testcasecount="1" result="Passed" start-time="2019-03-10 12:36:23Z" end-time="2019-03-10 12:36:23Z" duration="0.002573" total="1" passed="1" failed="0" inconclusive="0" skipped="0" asserts="0">
        <test-case id="0-1023" name="TestDebugEnumName" fullname="Kaitai.SpecDebugEnumName.TestDebugEnumName" methodname="TestDebugEnumName" classname="Kaitai.SpecDebugEnumName" runstate="Runnable" seed="2085851392" result="Passed" start-time="2019-03-10 12:36:23Z" end-time="2019-03-10 12:36:23Z" duration="0.000086" asserts="0" />
      </test-suite>
      <test-suite type="TestFixture" id="0-1024" name="SpecDefaultBigEndian" fullname="Kaitai.SpecDefaultBigEndian" classname="Kaitai.SpecDefaultBigEndian" runstate="Runnable" testcasecount="1" result="Passed" start-time="2019-03-10 12:36:23Z" end-time="2019-03-10 12:36:23Z" duration="0.003048" total="1" passed="1" failed="0" inconclusive="0" skipped="0" asserts="1">
        <test-case id="0-1025" name="TestDefaultBigEndian" fullname="Kaitai.SpecDefaultBigEndian.TestDefaultBigEndian" methodname="TestDefaultBigEndian" classname="Kaitai.SpecDefaultBigEndian" runstate="Runnable" seed="1387643903" result="Passed" start-time="2019-03-10 12:36:23Z" end-time="2019-03-10 12:36:23Z" duration="0.000544" asserts="1" />
      </test-suite>
      <test-suite type="TestFixture" id="0-1026" name="SpecDefaultEndianExprException" fullname="Kaitai.SpecDefaultEndianExprException" classname="Kaitai.SpecDefaultEndianExprException" runstate="Runnable" testcasecount="1" result="Passed" start-time="2019-03-10 12:36:23Z" end-time="2019-03-10 12:36:23Z" duration="0.007695" total="1" passed="1" failed="0" inconclusive="0" skipped="0" asserts="1">
        <test-case id="0-1027" name="TestDefaultEndianExprException" fullname="Kaitai.SpecDefaultEndianExprException.TestDefaultEndianExprException" methodname="TestDefaultEndianExprException" classname="Kaitai.SpecDefaultEndianExprException" runstate="Runnable" seed="1802622671" result="Passed" start-time="2019-03-10 12:36:23Z" end-time="2019-03-10 12:36:23Z" duration="0.005104" asserts="1" />
      </test-suite>
      <test-suite type="TestFixture" id="0-1028" name="SpecDefaultEndianExprInherited" fullname="Kaitai.SpecDefaultEndianExprInherited" classname="Kaitai.SpecDefaultEndianExprInherited" runstate="Runnable" testcasecount="1" result="Passed" start-time="2019-03-10 12:36:23Z" end-time="2019-03-10 12:36:23Z" duration="0.006096" total="1" passed="1" failed="0" inconclusive="0" skipped="0" asserts="15">
        <test-case id="0-1029" name="TestDefaultEndianExprInherited" fullname="Kaitai.SpecDefaultEndianExprInherited.TestDefaultEndianExprInherited" methodname="TestDefaultEndianExprInherited" classname="Kaitai.SpecDefaultEndianExprInherited" runstate="Runnable" seed="576641354" result="Passed" start-time="2019-03-10 12:36:23Z" end-time="2019-03-10 12:36:23Z" duration="0.003555" asserts="15" />
      </test-suite>
      <test-suite type="TestFixture" id="0-1030" name="SpecDefaultEndianExprIsBe" fullname="Kaitai.SpecDefaultEndianExprIsBe" classname="Kaitai.SpecDefaultEndianExprIsBe" runstate="Runnable" testcasecount="1" result="Passed" start-time="2019-03-10 12:36:23Z" end-time="2019-03-10 12:36:23Z" duration="0.005826" total="1" passed="1" failed="0" inconclusive="0" skipped="0" asserts="18">
        <test-case id="0-1031" name="TestDefaultEndianExprIsBe" fullname="Kaitai.SpecDefaultEndianExprIsBe.TestDefaultEndianExprIsBe" methodname="TestDefaultEndianExprIsBe" classname="Kaitai.SpecDefaultEndianExprIsBe" runstate="Runnable" seed="2001646131" result="Passed" start-time="2019-03-10 12:36:23Z" end-time="2019-03-10 12:36:23Z" duration="0.003201" asserts="18" />
      </test-suite>
      <test-suite type="TestFixture" id="0-1032" name="SpecDefaultEndianExprIsLe" fullname="Kaitai.SpecDefaultEndianExprIsLe" classname="Kaitai.SpecDefaultEndianExprIsLe" runstate="Runnable" testcasecount="1" result="Passed" start-time="2019-03-10 12:36:23Z" end-time="2019-03-10 12:36:23Z" duration="0.004767" total="1" passed="1" failed="0" inconclusive="0" skipped="0" asserts="12">
        <test-case id="0-1033" name="TestDefaultEndianExprIsLe" fullname="Kaitai.SpecDefaultEndianExprIsLe.TestDefaultEndianExprIsLe" methodname="TestDefaultEndianExprIsLe" classname="Kaitai.SpecDefaultEndianExprIsLe" runstate="Runnable" seed="64046026" result="Passed" start-time="2019-03-10 12:36:23Z" end-time="2019-03-10 12:36:23Z" duration="0.002194" asserts="12" />
      </test-suite>
      <test-suite type="TestFixture" id="0-1034" name="SpecDefaultEndianMod" fullname="Kaitai.SpecDefaultEndianMod" classname="Kaitai.SpecDefaultEndianMod" runstate="Runnable" testcasecount="1" result="Passed" start-time="2019-03-10 12:36:23Z" end-time="2019-03-10 12:36:23Z" duration="0.003631" total="1" passed="1" failed="0" inconclusive="0" skipped="0" asserts="3">
        <test-case id="0-1035" name="TestDefaultEndianMod" fullname="Kaitai.SpecDefaultEndianMod.TestDefaultEndianMod" methodname="TestDefaultEndianMod" classname="Kaitai.SpecDefaultEndianMod" runstate="Runnable" seed="983699300" result="Passed" start-time="2019-03-10 12:36:23Z" end-time="2019-03-10 12:36:23Z" duration="0.001071" asserts="3" />
      </test-suite>
      <test-suite type="TestFixture" id="0-1036" name="SpecDocstrings" fullname="Kaitai.SpecDocstrings" classname="Kaitai.SpecDocstrings" runstate="Runnable" testcasecount="1" result="Passed" start-time="2019-03-10 12:36:23Z" end-time="2019-03-10 12:36:23Z" duration="0.003038" total="1" passed="1" failed="0" inconclusive="0" skipped="0" asserts="0">
        <test-case id="0-1037" name="TestDocstrings" fullname="Kaitai.SpecDocstrings.TestDocstrings" methodname="TestDocstrings" classname="Kaitai.SpecDocstrings" runstate="Runnable" seed="1289885112" result="Passed" start-time="2019-03-10 12:36:23Z" end-time="2019-03-10 12:36:23Z" duration="0.000466" asserts="0" />
      </test-suite>
      <test-suite type="TestFixture" id="0-1038" name="SpecDocstringsDocref" fullname="Kaitai.SpecDocstringsDocref" classname="Kaitai.SpecDocstringsDocref" runstate="Runnable" testcasecount="1" result="Passed" start-time="2019-03-10 12:36:23Z" end-time="2019-03-10 12:36:23Z" duration="0.003023" total="1" passed="1" failed="0" inconclusive="0" skipped="0" asserts="0">
        <test-case id="0-1039" name="TestDocstringsDocref" fullname="Kaitai.SpecDocstringsDocref.TestDocstringsDocref" methodname="TestDocstringsDocref" classname="Kaitai.SpecDocstringsDocref" runstate="Runnable" seed="1113992813" result="Passed" start-time="2019-03-10 12:36:23Z" end-time="2019-03-10 12:36:23Z" duration="0.000470" asserts="0" />
      </test-suite>
      <test-suite type="TestFixture" id="0-1040" name="SpecEnum0" fullname="Kaitai.SpecEnum0" classname="Kaitai.SpecEnum0" runstate="Runnable" testcasecount="1" result="Passed" start-time="2019-03-10 12:36:23Z" end-time="2019-03-10 12:36:23Z" duration="0.003156" total="1" passed="1" failed="0" inconclusive="0" skipped="0" asserts="2">
        <test-case id="0-1041" name="TestEnum0" fullname="Kaitai.SpecEnum0.TestEnum0" methodname="TestEnum0" classname="Kaitai.SpecEnum0" runstate="Runnable" seed="2099012438" result="Passed" start-time="2019-03-10 12:36:23Z" end-time="2019-03-10 12:36:23Z" duration="0.000614" asserts="2" />
      </test-suite>
      <test-suite type="TestFixture" id="0-1042" name="SpecEnum1" fullname="Kaitai.SpecEnum1" classname="Kaitai.SpecEnum1" runstate="Runnable" testcasecount="1" result="Passed" start-time="2019-03-10 12:36:23Z" end-time="2019-03-10 12:36:23Z" duration="0.003409" total="1" passed="1" failed="0" inconclusive="0" skipped="0" asserts="2">
        <test-case id="0-1043" name="TestEnum1" fullname="Kaitai.SpecEnum1.TestEnum1" methodname="TestEnum1" classname="Kaitai.SpecEnum1" runstate="Runnable" seed="28744589" result="Passed" start-time="2019-03-10 12:36:23Z" end-time="2019-03-10 12:36:23Z" duration="0.000844" asserts="2" />
      </test-suite>
      <test-suite type="TestFixture" id="0-1044" name="SpecEnumFancy" fullname="Kaitai.SpecEnumFancy" classname="Kaitai.SpecEnumFancy" runstate="Runnable" testcasecount="1" result="Passed" start-time="2019-03-10 12:36:23Z" end-time="2019-03-10 12:36:23Z" duration="0.004297" total="1" passed="1" failed="0" inconclusive="0" skipped="0" asserts="2">
        <test-case id="0-1045" name="TestEnumFancy" fullname="Kaitai.SpecEnumFancy.TestEnumFancy" methodname="TestEnumFancy" classname="Kaitai.SpecEnumFancy" runstate="Runnable" seed="1623591739" result="Passed" start-time="2019-03-10 12:36:23Z" end-time="2019-03-10 12:36:23Z" duration="0.000592" asserts="2" />
      </test-suite>
      <test-suite type="TestFixture" id="0-1046" name="SpecEnumForUnknownId" fullname="Kaitai.SpecEnumForUnknownId" classname="Kaitai.SpecEnumForUnknownId" runstate="Runnable" testcasecount="1" result="Passed" start-time="2019-03-10 12:36:23Z" end-time="2019-03-10 12:36:23Z" duration="0.003113" total="1" passed="1" failed="0" inconclusive="0" skipped="0" asserts="1">
        <test-case id="0-1047" name="TestEnumForUnknownId" fullname="Kaitai.SpecEnumForUnknownId.TestEnumForUnknownId" methodname="TestEnumForUnknownId" classname="Kaitai.SpecEnumForUnknownId" runstate="Runnable" seed="586294229" result="Passed" start-time="2019-03-10 12:36:23Z" end-time="2019-03-10 12:36:23Z" duration="0.000541" asserts="1" />
      </test-suite>
      <test-suite type="TestFixture" id="0-1048" name="SpecEnumIf" fullname="Kaitai.SpecEnumIf" classname="Kaitai.SpecEnumIf" runstate="Runnable" testcasecount="1" result="Passed" start-time="2019-03-10 12:36:23Z" end-time="2019-03-10 12:36:23Z" duration="0.019900" total="1" passed="1" failed="0" inconclusive="0" skipped="0" asserts="7">
        <test-case id="0-1049" name="TestEnumIf" fullname="Kaitai.SpecEnumIf.TestEnumIf" methodname="TestEnumIf" classname="Kaitai.SpecEnumIf" runstate="Runnable" seed="1680247241" result="Passed" start-time="2019-03-10 12:36:23Z" end-time="2019-03-10 12:36:23Z" duration="0.017333" asserts="7" />
      </test-suite>
      <test-suite type="TestFixture" id="0-1050" name="SpecEnumNegative" fullname="Kaitai.SpecEnumNegative" classname="Kaitai.SpecEnumNegative" runstate="Runnable" testcasecount="1" result="Passed" start-time="2019-03-10 12:36:23Z" end-time="2019-03-10 12:36:23Z" duration="0.003222" total="1" passed="1" failed="0" inconclusive="0" skipped="0" asserts="2">
        <test-case id="0-1051" name="TestEnumNegative" fullname="Kaitai.SpecEnumNegative.TestEnumNegative" methodname="TestEnumNegative" classname="Kaitai.SpecEnumNegative" runstate="Runnable" seed="1687885176" result="Passed" start-time="2019-03-10 12:36:23Z" end-time="2019-03-10 12:36:23Z" duration="0.000638" asserts="2" />
      </test-suite>
      <test-suite type="TestFixture" id="0-1052" name="SpecEnumOfValueInst" fullname="Kaitai.SpecEnumOfValueInst" classname="Kaitai.SpecEnumOfValueInst" runstate="Runnable" testcasecount="1" result="Passed" start-time="2019-03-10 12:36:23Z" end-time="2019-03-10 12:36:23Z" duration="0.003320" total="1" passed="1" failed="0" inconclusive="0" skipped="0" asserts="4">
        <test-case id="0-1053" name="TestEnumOfValueInst" fullname="Kaitai.SpecEnumOfValueInst.TestEnumOfValueInst" methodname="TestEnumOfValueInst" classname="Kaitai.SpecEnumOfValueInst" runstate="Runnable" seed="763111802" result="Passed" start-time="2019-03-10 12:36:23Z" end-time="2019-03-10 12:36:23Z" duration="0.000805" asserts="4" />
      </test-suite>
      <test-suite type="TestFixture" id="0-1054" name="SpecEnumToI" fullname="Kaitai.SpecEnumToI" classname="Kaitai.SpecEnumToI" runstate="Runnable" testcasecount="1" result="Passed" start-time="2019-03-10 12:36:23Z" end-time="2019-03-10 12:36:23Z" duration="0.003388" total="1" passed="1" failed="0" inconclusive="0" skipped="0" asserts="5">
        <test-case id="0-1055" name="TestEnumToI" fullname="Kaitai.SpecEnumToI.TestEnumToI" methodname="TestEnumToI" classname="Kaitai.SpecEnumToI" runstate="Runnable" seed="1195142340" result="Passed" start-time="2019-03-10 12:36:23Z" end-time="2019-03-10 12:36:23Z" duration="0.000888" asserts="5" />
      </test-suite>
      <test-suite type="TestFixture" id="0-1056" name="SpecEofExceptionBytes" fullname="Kaitai.SpecEofExceptionBytes" classname="Kaitai.SpecEofExceptionBytes" runstate="Runnable" testcasecount="1" result="Passed" start-time="2019-03-10 12:36:23Z" end-time="2019-03-10 12:36:23Z" duration="0.003389" total="1" passed="1" failed="0" inconclusive="0" skipped="0" asserts="1">
        <test-case id="0-1057" name="TestEofExceptionBytes" fullname="Kaitai.SpecEofExceptionBytes.TestEofExceptionBytes" methodname="TestEofExceptionBytes" classname="Kaitai.SpecEofExceptionBytes" runstate="Runnable" seed="107658892" result="Passed" start-time="2019-03-10 12:36:23Z" end-time="2019-03-10 12:36:23Z" duration="0.000862" asserts="1" />
      </test-suite>
      <test-suite type="TestFixture" id="0-1058" name="SpecEofExceptionU4" fullname="Kaitai.SpecEofExceptionU4" classname="Kaitai.SpecEofExceptionU4" runstate="Runnable" testcasecount="1" result="Passed" start-time="2019-03-10 12:36:23Z" end-time="2019-03-10 12:36:23Z" duration="0.003101" total="1" passed="1" failed="0" inconclusive="0" skipped="0" asserts="1">
        <test-case id="0-1059" name="TestEofExceptionU4" fullname="Kaitai.SpecEofExceptionU4.TestEofExceptionU4" methodname="TestEofExceptionU4" classname="Kaitai.SpecEofExceptionU4" runstate="Runnable" seed="128361157" result="Passed" start-time="2019-03-10 12:36:23Z" end-time="2019-03-10 12:36:23Z" duration="0.000590" asserts="1" />
      </test-suite>
      <test-suite type="TestFixture" id="0-1060" name="SpecExpr0" fullname="Kaitai.SpecExpr0" classname="Kaitai.SpecExpr0" runstate="Runnable" testcasecount="1" result="Passed" start-time="2019-03-10 12:36:23Z" end-time="2019-03-10 12:36:23Z" duration="0.003100" total="1" passed="1" failed="0" inconclusive="0" skipped="0" asserts="2">
        <test-case id="0-1061" name="TestExpr0" fullname="Kaitai.SpecExpr0.TestExpr0" methodname="TestExpr0" classname="Kaitai.SpecExpr0" runstate="Runnable" seed="1524122697" result="Passed" start-time="2019-03-10 12:36:23Z" end-time="2019-03-10 12:36:23Z" duration="0.000617" asserts="2" />
      </test-suite>
      <test-suite type="TestFixture" id="0-1062" name="SpecExpr1" fullname="Kaitai.SpecExpr1" classname="Kaitai.SpecExpr1" runstate="Runnable" testcasecount="1" result="Passed" start-time="2019-03-10 12:36:23Z" end-time="2019-03-10 12:36:23Z" duration="0.003582" total="1" passed="1" failed="0" inconclusive="0" skipped="0" asserts="4">
        <test-case id="0-1063" name="TestExpr1" fullname="Kaitai.SpecExpr1.TestExpr1" methodname="TestExpr1" classname="Kaitai.SpecExpr1" runstate="Runnable" seed="124366352" result="Passed" start-time="2019-03-10 12:36:23Z" end-time="2019-03-10 12:36:23Z" duration="0.001090" asserts="4" />
      </test-suite>
      <test-suite type="TestFixture" id="0-1064" name="SpecExpr2" fullname="Kaitai.SpecExpr2" classname="Kaitai.SpecExpr2" runstate="Runnable" testcasecount="1" result="Passed" start-time="2019-03-10 12:36:23Z" end-time="2019-03-10 12:36:23Z" duration="0.004631" total="1" passed="1" failed="0" inconclusive="0" skipped="0" asserts="16">
        <test-case id="0-1065" name="TestExpr2" fullname="Kaitai.SpecExpr2.TestExpr2" methodname="TestExpr2" classname="Kaitai.SpecExpr2" runstate="Runnable" seed="1973847781" result="Passed" start-time="2019-03-10 12:36:23Z" end-time="2019-03-10 12:36:23Z" duration="0.002139" asserts="16" />
      </test-suite>
      <test-suite type="TestFixture" id="0-1066" name="SpecExpr3" fullname="Kaitai.SpecExpr3" classname="Kaitai.SpecExpr3" runstate="Runnable" testcasecount="1" result="Passed" start-time="2019-03-10 12:36:23Z" end-time="2019-03-10 12:36:23Z" duration="0.004999" total="1" passed="1" failed="0" inconclusive="0" skipped="0" asserts="12">
        <test-case id="0-1067" name="TestExpr3" fullname="Kaitai.SpecExpr3.TestExpr3" methodname="TestExpr3" classname="Kaitai.SpecExpr3" runstate="Runnable" seed="1016492790" result="Passed" start-time="2019-03-10 12:36:23Z" end-time="2019-03-10 12:36:23Z" duration="0.002364" asserts="12" />
      </test-suite>
      <test-suite type="TestFixture" id="0-1068" name="SpecExprArray" fullname="Kaitai.SpecExprArray" classname="Kaitai.SpecExprArray" runstate="Runnable" testcasecount="1" result="Passed" start-time="2019-03-10 12:36:23Z" end-time="2019-03-10 12:36:23Z" duration="0.010722" total="1" passed="1" failed="0" inconclusive="0" skipped="0" asserts="15">
        <test-case id="0-1069" name="TestExprArray" fullname="Kaitai.SpecExprArray.TestExprArray" methodname="TestExprArray" classname="Kaitai.SpecExprArray" runstate="Runnable" seed="583424443" result="Passed" start-time="2019-03-10 12:36:23Z" end-time="2019-03-10 12:36:23Z" duration="0.008100" asserts="15" />
      </test-suite>
      <test-suite type="TestFixture" id="0-1070" name="SpecExprBytesCmp" fullname="Kaitai.SpecExprBytesCmp" classname="Kaitai.SpecExprBytesCmp" runstate="Runnable" testcasecount="1" result="Passed" start-time="2019-03-10 12:36:23Z" end-time="2019-03-10 12:36:23Z" duration="0.004086" total="1" passed="1" failed="0" inconclusive="0" skipped="0" asserts="10">
        <test-case id="0-1071" name="TestExprBytesCmp" fullname="Kaitai.SpecExprBytesCmp.TestExprBytesCmp" methodname="TestExprBytesCmp" classname="Kaitai.SpecExprBytesCmp" runstate="Runnable" seed="338891437" result="Passed" start-time="2019-03-10 12:36:23Z" end-time="2019-03-10 12:36:23Z" duration="0.001566" asserts="10" />
      </test-suite>
      <test-suite type="TestFixture" id="0-1072" name="SpecExprEnum" fullname="Kaitai.SpecExprEnum" classname="Kaitai.SpecExprEnum" runstate="Runnable" testcasecount="1" result="Passed" start-time="2019-03-10 12:36:23Z" end-time="2019-03-10 12:36:23Z" duration="0.003299" total="1" passed="1" failed="0" inconclusive="0" skipped="0" asserts="3">
        <test-case id="0-1073" name="TestExprEnum" fullname="Kaitai.SpecExprEnum.TestExprEnum" methodname="TestExprEnum" classname="Kaitai.SpecExprEnum" runstate="Runnable" seed="232409796" result="Passed" start-time="2019-03-10 12:36:23Z" end-time="2019-03-10 12:36:23Z" duration="0.000758" asserts="3" />
      </test-suite>
      <test-suite type="TestFixture" id="0-1074" name="SpecExprIoEof" fullname="Kaitai.SpecExprIoEof" classname="Kaitai.SpecExprIoEof" runstate="Runnable" testcasecount="1" result="Passed" start-time="2019-03-10 12:36:23Z" end-time="2019-03-10 12:36:23Z" duration="0.003651" total="1" passed="1" failed="0" inconclusive="0" skipped="0" asserts="4">
        <test-case id="0-1075" name="TestExprIoEof" fullname="Kaitai.SpecExprIoEof.TestExprIoEof" methodname="TestExprIoEof" classname="Kaitai.SpecExprIoEof" runstate="Runnable" seed="1208222460" result="Passed" start-time="2019-03-10 12:36:23Z" end-time="2019-03-10 12:36:23Z" duration="0.001097" asserts="4" />
      </test-suite>
      <test-suite type="TestFixture" id="0-1076" name="SpecExprIoPos" fullname="Kaitai.SpecExprIoPos" classname="Kaitai.SpecExprIoPos" runstate="Runnable" testcasecount="1" result="Passed" start-time="2019-03-10 12:36:23Z" end-time="2019-03-10 12:36:23Z" duration="0.003603" total="1" passed="1" failed="0" inconclusive="0" skipped="0" asserts="6">
        <test-case id="0-1077" name="TestExprIoPos" fullname="Kaitai.SpecExprIoPos.TestExprIoPos" methodname="TestExprIoPos" classname="Kaitai.SpecExprIoPos" runstate="Runnable" seed="701562150" result="Passed" start-time="2019-03-10 12:36:23Z" end-time="2019-03-10 12:36:23Z" duration="0.001064" asserts="6" />
      </test-suite>
      <test-suite type="TestFixture" id="0-1078" name="SpecExprMod" fullname="Kaitai.SpecExprMod" classname="Kaitai.SpecExprMod" runstate="Runnable" testcasecount="1" result="Passed" start-time="2019-03-10 12:36:23Z" end-time="2019-03-10 12:36:23Z" duration="0.003619" total="1" passed="1" failed="0" inconclusive="0" skipped="0" asserts="6">
        <test-case id="0-1079" name="TestExprMod" fullname="Kaitai.SpecExprMod.TestExprMod" methodname="TestExprMod" classname="Kaitai.SpecExprMod" runstate="Runnable" seed="372086078" result="Passed" start-time="2019-03-10 12:36:23Z" end-time="2019-03-10 12:36:23Z" duration="0.001056" asserts="6" />
      </test-suite>
      <test-suite type="TestFixture" id="0-1080" name="SpecFixedContents" fullname="Kaitai.SpecFixedContents" classname="Kaitai.SpecFixedContents" runstate="Runnable" testcasecount="1" result="Passed" start-time="2019-03-10 12:36:23Z" end-time="2019-03-10 12:36:23Z" duration="0.003338" total="1" passed="1" failed="0" inconclusive="0" skipped="0" asserts="0">
        <test-case id="0-1081" name="TestFixedContents" fullname="Kaitai.SpecFixedContents.TestFixedContents" methodname="TestFixedContents" classname="Kaitai.SpecFixedContents" runstate="Runnable" seed="886367812" result="Passed" start-time="2019-03-10 12:36:23Z" end-time="2019-03-10 12:36:23Z" duration="0.000782" asserts="0" />
      </test-suite>
      <test-suite type="TestFixture" id="0-1082" name="SpecFixedStruct" fullname="Kaitai.SpecFixedStruct" classname="Kaitai.SpecFixedStruct" runstate="Runnable" testcasecount="1" result="Passed" start-time="2019-03-10 12:36:23Z" end-time="2019-03-10 12:36:23Z" duration="0.005062" total="1" passed="1" failed="0" inconclusive="0" skipped="0" asserts="21">
        <test-case id="0-1083" name="TestFixedStruct" fullname="Kaitai.SpecFixedStruct.TestFixedStruct" methodname="TestFixedStruct" classname="Kaitai.SpecFixedStruct" runstate="Runnable" seed="172744732" result="Passed" start-time="2019-03-10 12:36:23Z" end-time="2019-03-10 12:36:23Z" duration="0.002492" asserts="21" />
      </test-suite>
      <test-suite type="TestFixture" id="0-1086" name="SpecFloatingPoints" fullname="Kaitai.SpecFloatingPoints" classname="Kaitai.SpecFloatingPoints" runstate="Runnable" testcasecount="1" result="Passed" start-time="2019-03-10 12:36:23Z" end-time="2019-03-10 12:36:23Z" duration="0.005231" total="1" passed="1" failed="0" inconclusive="0" skipped="0" asserts="8">
        <test-case id="0-1087" name="TestFloatingPoints" fullname="Kaitai.SpecFloatingPoints.TestFloatingPoints" methodname="TestFloatingPoints" classname="Kaitai.SpecFloatingPoints" runstate="Runnable" seed="1413723216" result="Passed" start-time="2019-03-10 12:36:23Z" end-time="2019-03-10 12:36:23Z" duration="0.002682" asserts="8" />
      </test-suite>
      <test-suite type="TestFixture" id="0-1084" name="SpecFloatToI" fullname="Kaitai.SpecFloatToI" classname="Kaitai.SpecFloatToI" runstate="Runnable" testcasecount="1" result="Passed" start-time="2019-03-10 12:36:23Z" end-time="2019-03-10 12:36:23Z" duration="0.003882" total="1" passed="1" failed="0" inconclusive="0" skipped="0" asserts="8">
        <test-case id="0-1085" name="TestFloatToI" fullname="Kaitai.SpecFloatToI.TestFloatToI" methodname="TestFloatToI" classname="Kaitai.SpecFloatToI" runstate="Runnable" seed="1865200088" result="Passed" start-time="2019-03-10 12:36:23Z" end-time="2019-03-10 12:36:23Z" duration="0.001312" asserts="8" />
      </test-suite>
      <test-suite type="TestFixture" id="0-1088" name="SpecHelloWorld" fullname="Kaitai.SpecHelloWorld" classname="Kaitai.SpecHelloWorld" runstate="Runnable" testcasecount="1" result="Passed" start-time="2019-03-10 12:36:23Z" end-time="2019-03-10 12:36:23Z" duration="0.002880" total="1" passed="1" failed="0" inconclusive="0" skipped="0" asserts="1">
        <test-case id="0-1089" name="TestHelloWorld" fullname="Kaitai.SpecHelloWorld.TestHelloWorld" methodname="TestHelloWorld" classname="Kaitai.SpecHelloWorld" runstate="Runnable" seed="1792341129" result="Passed" start-time="2019-03-10 12:36:23Z" end-time="2019-03-10 12:36:23Z" duration="0.000343" asserts="1" />
      </test-suite>
      <test-suite type="TestFixture" id="0-1090" name="SpecIfInstances" fullname="Kaitai.SpecIfInstances" classname="Kaitai.SpecIfInstances" runstate="Runnable" testcasecount="1" result="Passed" start-time="2019-03-10 12:36:23Z" end-time="2019-03-10 12:36:23Z" duration="0.003394" total="1" passed="1" failed="0" inconclusive="0" skipped="0" asserts="1">
        <test-case id="0-1091" name="TestIfInstances" fullname="Kaitai.SpecIfInstances.TestIfInstances" methodname="TestIfInstances" classname="Kaitai.SpecIfInstances" runstate="Runnable" seed="1808120489" result="Passed" start-time="2019-03-10 12:36:23Z" end-time="2019-03-10 12:36:23Z" duration="0.000870" asserts="1" />
      </test-suite>
      <test-suite type="TestFixture" id="0-1092" name="SpecIfStruct" fullname="Kaitai.SpecIfStruct" classname="Kaitai.SpecIfStruct" runstate="Runnable" testcasecount="1" result="Passed" start-time="2019-03-10 12:36:23Z" end-time="2019-03-10 12:36:23Z" duration="0.003736" total="1" passed="1" failed="0" inconclusive="0" skipped="0" asserts="7">
        <test-case id="0-1093" name="TestIfStruct" fullname="Kaitai.SpecIfStruct.TestIfStruct" methodname="TestIfStruct" classname="Kaitai.SpecIfStruct" runstate="Runnable" seed="2027318697" result="Passed" start-time="2019-03-10 12:36:23Z" end-time="2019-03-10 12:36:23Z" duration="0.001200" asserts="7" />
      </test-suite>
      <test-suite type="TestFixture" id="0-1094" name="SpecIfValues" fullname="Kaitai.SpecIfValues" classname="Kaitai.SpecIfValues" runstate="Runnable" testcasecount="1" result="Passed" start-time="2019-03-10 12:36:23Z" end-time="2019-03-10 12:36:23Z" duration="0.004203" total="1" passed="1" failed="0" inconclusive="0" skipped="0" asserts="6">
        <test-case id="0-1095" name="TestIfValues" fullname="Kaitai.SpecIfValues.TestIfValues" methodname="TestIfValues" classname="Kaitai.SpecIfValues" runstate="Runnable" seed="763940377" result="Passed" start-time="2019-03-10 12:36:23Z" end-time="2019-03-10 12:36:23Z" duration="0.001610" asserts="6" />
      </test-suite>
      <test-suite type="TestFixture" id="0-1096" name="SpecImports0" fullname="Kaitai.SpecImports0" classname="Kaitai.SpecImports0" runstate="Runnable" testcasecount="1" result="Passed" start-time="2019-03-10 12:36:23Z" end-time="2019-03-10 12:36:23Z" duration="0.003260" total="1" passed="1" failed="0" inconclusive="0" skipped="0" asserts="3">
        <test-case id="0-1097" name="TestImports0" fullname="Kaitai.SpecImports0.TestImports0" methodname="TestImports0" classname="Kaitai.SpecImports0" runstate="Runnable" seed="1298120535" result="Passed" start-time="2019-03-10 12:36:23Z" end-time="2019-03-10 12:36:23Z" duration="0.000693" asserts="3" />
      </test-suite>
      <test-suite type="TestFixture" id="0-1098" name="SpecImportsAbs" fullname="Kaitai.SpecImportsAbs" classname="Kaitai.SpecImportsAbs" runstate="Runnable" testcasecount="1" result="Passed" start-time="2019-03-10 12:36:23Z" end-time="2019-03-10 12:36:23Z" duration="0.004399" total="1" passed="1" failed="0" inconclusive="0" skipped="0" asserts="2">
        <test-case id="0-1099" name="TestImportsAbs" fullname="Kaitai.SpecImportsAbs.TestImportsAbs" methodname="TestImportsAbs" classname="Kaitai.SpecImportsAbs" runstate="Runnable" seed="1163057491" result="Passed" start-time="2019-03-10 12:36:23Z" end-time="2019-03-10 12:36:23Z" duration="0.001829" asserts="2" />
      </test-suite>
      <test-suite type="TestFixture" id="0-1100" name="SpecImportsCircularA" fullname="Kaitai.SpecImportsCircularA" classname="Kaitai.SpecImportsCircularA" runstate="Runnable" testcasecount="1" result="Passed" start-time="2019-03-10 12:36:23Z" end-time="2019-03-10 12:36:23Z" duration="0.003428" total="1" passed="1" failed="0" inconclusive="0" skipped="0" asserts="5">
        <test-case id="0-1101" name="TestImportsCircularA" fullname="Kaitai.SpecImportsCircularA.TestImportsCircularA" methodname="TestImportsCircularA" classname="Kaitai.SpecImportsCircularA" runstate="Runnable" seed="952565415" result="Passed" start-time="2019-03-10 12:36:23Z" end-time="2019-03-10 12:36:23Z" duration="0.000871" asserts="5" />
      </test-suite>
      <test-suite type="TestFixture" id="0-1102" name="SpecIndexSizes" fullname="Kaitai.SpecIndexSizes" classname="Kaitai.SpecIndexSizes" runstate="Runnable" testcasecount="1" result="Passed" start-time="2019-03-10 12:36:23Z" end-time="2019-03-10 12:36:23Z" duration="0.003982" total="1" passed="1" failed="0" inconclusive="0" skipped="0" asserts="7">
        <test-case id="0-1103" name="TestIndexSizes" fullname="Kaitai.SpecIndexSizes.TestIndexSizes" methodname="TestIndexSizes" classname="Kaitai.SpecIndexSizes" runstate="Runnable" seed="941860005" result="Passed" start-time="2019-03-10 12:36:23Z" end-time="2019-03-10 12:36:23Z" duration="0.001215" asserts="7" />
      </test-suite>
      <test-suite type="TestFixture" id="0-1104" name="SpecIndexToParamEos" fullname="Kaitai.SpecIndexToParamEos" classname="Kaitai.SpecIndexToParamEos" runstate="Runnable" testcasecount="1" result="Passed" start-time="2019-03-10 12:36:23Z" end-time="2019-03-10 12:36:23Z" duration="0.004003" total="1" passed="1" failed="0" inconclusive="0" skipped="0" asserts="7">
        <test-case id="0-1105" name="TestIndexToParamEos" fullname="Kaitai.SpecIndexToParamEos.TestIndexToParamEos" methodname="TestIndexToParamEos" classname="Kaitai.SpecIndexToParamEos" runstate="Runnable" seed="1002300778" result="Passed" start-time="2019-03-10 12:36:23Z" end-time="2019-03-10 12:36:23Z" duration="0.001462" asserts="7" />
      </test-suite>
      <test-suite type="TestFixture" id="0-1106" name="SpecIndexToParamExpr" fullname="Kaitai.SpecIndexToParamExpr" classname="Kaitai.SpecIndexToParamExpr" runstate="Runnable" testcasecount="1" result="Passed" start-time="2019-03-10 12:36:23Z" end-time="2019-03-10 12:36:23Z" duration="0.003938" total="1" passed="1" failed="0" inconclusive="0" skipped="0" asserts="7">
        <test-case id="0-1107" name="TestIndexToParamExpr" fullname="Kaitai.SpecIndexToParamExpr.TestIndexToParamExpr" methodname="TestIndexToParamExpr" classname="Kaitai.SpecIndexToParamExpr" runstate="Runnable" seed="1319798430" result="Passed" start-time="2019-03-10 12:36:23Z" end-time="2019-03-10 12:36:23Z" duration="0.001438" asserts="7" />
      </test-suite>
      <test-suite type="TestFixture" id="0-1108" name="SpecIndexToParamUntil" fullname="Kaitai.SpecIndexToParamUntil" classname="Kaitai.SpecIndexToParamUntil" runstate="Runnable" testcasecount="1" result="Passed" start-time="2019-03-10 12:36:23Z" end-time="2019-03-10 12:36:23Z" duration="0.004029" total="1" passed="1" failed="0" inconclusive="0" skipped="0" asserts="7">
        <test-case id="0-1109" name="TestIndexToParamUntil" fullname="Kaitai.SpecIndexToParamUntil.TestIndexToParamUntil" methodname="TestIndexToParamUntil" classname="Kaitai.SpecIndexToParamUntil" runstate="Runnable" seed="665455992" result="Passed" start-time="2019-03-10 12:36:23Z" end-time="2019-03-10 12:36:23Z" duration="0.001507" asserts="7" />
      </test-suite>
      <test-suite type="TestFixture" id="0-1110" name="SpecInstanceIoUser" fullname="Kaitai.SpecInstanceIoUser" classname="Kaitai.SpecInstanceIoUser" runstate="Runnable" testcasecount="1" result="Passed" start-time="2019-03-10 12:36:23Z" end-time="2019-03-10 12:36:23Z" duration="0.004684" total="1" passed="1" failed="0" inconclusive="0" skipped="0" asserts="4">
        <test-case id="0-1111" name="TestInstanceIoUser" fullname="Kaitai.SpecInstanceIoUser.TestInstanceIoUser" methodname="TestInstanceIoUser" classname="Kaitai.SpecInstanceIoUser" runstate="Runnable" seed="515889880" result="Passed" start-time="2019-03-10 12:36:23Z" end-time="2019-03-10 12:36:23Z" duration="0.002154" asserts="4" />
      </test-suite>
      <test-suite type="TestFixture" id="0-1112" name="SpecInstanceStd" fullname="Kaitai.SpecInstanceStd" classname="Kaitai.SpecInstanceStd" runstate="Runnable" testcasecount="1" result="Passed" start-time="2019-03-10 12:36:23Z" end-time="2019-03-10 12:36:23Z" duration="0.003145" total="1" passed="1" failed="0" inconclusive="0" skipped="0" asserts="1">
        <test-case id="0-1113" name="TestInstanceStd" fullname="Kaitai.SpecInstanceStd.TestInstanceStd" methodname="TestInstanceStd" classname="Kaitai.SpecInstanceStd" runstate="Runnable" seed="564446355" result="Passed" start-time="2019-03-10 12:36:23Z" end-time="2019-03-10 12:36:23Z" duration="0.000595" asserts="1" />
      </test-suite>
      <test-suite type="TestFixture" id="0-1114" name="SpecInstanceStdArray" fullname="Kaitai.SpecInstanceStdArray" classname="Kaitai.SpecInstanceStdArray" runstate="Runnable" testcasecount="1" result="Passed" start-time="2019-03-10 12:36:23Z" end-time="2019-03-10 12:36:23Z" duration="0.003712" total="1" passed="1" failed="0" inconclusive="0" skipped="0" asserts="7">
        <test-case id="0-1115" name="TestInstanceStdArray" fullname="Kaitai.SpecInstanceStdArray.TestInstanceStdArray" methodname="TestInstanceStdArray" classname="Kaitai.SpecInstanceStdArray" runstate="Runnable" seed="1969821432" result="Passed" start-time="2019-03-10 12:36:23Z" end-time="2019-03-10 12:36:23Z" duration="0.001173" asserts="7" />
      </test-suite>
      <test-suite type="TestFixture" id="0-1116" name="SpecInstanceUserArray" fullname="Kaitai.SpecInstanceUserArray" classname="Kaitai.SpecInstanceUserArray" runstate="Runnable" testcasecount="1" result="Passed" start-time="2019-03-10 12:36:23Z" end-time="2019-03-10 12:36:23Z" duration="0.004268" total="1" passed="1" failed="0" inconclusive="0" skipped="0" asserts="10">
        <test-case id="0-1117" name="TestInstanceUserArray" fullname="Kaitai.SpecInstanceUserArray.TestInstanceUserArray" methodname="TestInstanceUserArray" classname="Kaitai.SpecInstanceUserArray" runstate="Runnable" seed="1272995246" result="Passed" start-time="2019-03-10 12:36:23Z" end-time="2019-03-10 12:36:23Z" duration="0.001716" asserts="10" />
      </test-suite>
      <test-suite type="TestFixture" id="0-1118" name="SpecJsSignedRightShift" fullname="Kaitai.SpecJsSignedRightShift" classname="Kaitai.SpecJsSignedRightShift" runstate="Runnable" testcasecount="1" result="Passed" start-time="2019-03-10 12:36:23Z" end-time="2019-03-10 12:36:23Z" duration="0.003187" total="1" passed="1" failed="0" inconclusive="0" skipped="0" asserts="2">
        <test-case id="0-1119" name="TestJsSignedRightShift" fullname="Kaitai.SpecJsSignedRightShift.TestJsSignedRightShift" methodname="TestJsSignedRightShift" classname="Kaitai.SpecJsSignedRightShift" runstate="Runnable" seed="555755817" result="Passed" start-time="2019-03-10 12:36:23Z" end-time="2019-03-10 12:36:23Z" duration="0.000616" asserts="2" />
      </test-suite>
      <test-suite type="TestFixture" id="0-1120" name="SpecMetaXref" fullname="Kaitai.SpecMetaXref" classname="Kaitai.SpecMetaXref" runstate="Runnable" testcasecount="1" result="Passed" start-time="2019-03-10 12:36:23Z" end-time="2019-03-10 12:36:23Z" duration="0.003002" total="1" passed="1" failed="0" inconclusive="0" skipped="0" asserts="0">
        <test-case id="0-1121" name="TestMetaXref" fullname="Kaitai.SpecMetaXref.TestMetaXref" methodname="TestMetaXref" classname="Kaitai.SpecMetaXref" runstate="Runnable" seed="1261854082" result="Passed" start-time="2019-03-10 12:36:23Z" end-time="2019-03-10 12:36:23Z" duration="0.000411" asserts="0" />
      </test-suite>
      <test-suite type="TestFixture" id="0-1122" name="SpecMultipleUse" fullname="Kaitai.SpecMultipleUse" classname="Kaitai.SpecMultipleUse" runstate="Runnable" testcasecount="1" result="Passed" start-time="2019-03-10 12:36:23Z" end-time="2019-03-10 12:36:23Z" duration="0.003657" total="1" passed="1" failed="0" inconclusive="0" skipped="0" asserts="2">
        <test-case id="0-1123" name="TestMultipleUse" fullname="Kaitai.SpecMultipleUse.TestMultipleUse" methodname="TestMultipleUse" classname="Kaitai.SpecMultipleUse" runstate="Runnable" seed="2130933747" result="Passed" start-time="2019-03-10 12:36:23Z" end-time="2019-03-10 12:36:23Z" duration="0.000992" asserts="2" />
      </test-suite>
      <test-suite type="TestFixture" id="0-1124" name="SpecNavParent" fullname="Kaitai.SpecNavParent" classname="Kaitai.SpecNavParent" runstate="Runnable" testcasecount="1" result="Passed" start-time="2019-03-10 12:36:23Z" end-time="2019-03-10 12:36:23Z" duration="0.004073" total="1" passed="1" failed="0" inconclusive="0" skipped="0" asserts="5">
        <test-case id="0-1125" name="TestNavParent" fullname="Kaitai.SpecNavParent.TestNavParent" methodname="TestNavParent" classname="Kaitai.SpecNavParent" runstate="Runnable" seed="733639038" result="Passed" start-time="2019-03-10 12:36:23Z" end-time="2019-03-10 12:36:23Z" duration="0.001536" asserts="5" />
      </test-suite>
      <test-suite type="TestFixture" id="0-1126" name="SpecNavParent2" fullname="Kaitai.SpecNavParent2" classname="Kaitai.SpecNavParent2" runstate="Runnable" testcasecount="1" result="Passed" start-time="2019-03-10 12:36:23Z" end-time="2019-03-10 12:36:23Z" duration="0.004428" total="1" passed="1" failed="0" inconclusive="0" skipped="0" asserts="10">
        <test-case id="0-1127" name="TestNavParent2" fullname="Kaitai.SpecNavParent2.TestNavParent2" methodname="TestNavParent2" classname="Kaitai.SpecNavParent2" runstate="Runnable" seed="1184607478" result="Passed" start-time="2019-03-10 12:36:23Z" end-time="2019-03-10 12:36:23Z" duration="0.001888" asserts="10" />
      </test-suite>
      <test-suite type="TestFixture" id="0-1128" name="SpecNavParent3" fullname="Kaitai.SpecNavParent3" classname="Kaitai.SpecNavParent3" runstate="Runnable" testcasecount="1" result="Passed" start-time="2019-03-10 12:36:23Z" end-time="2019-03-10 12:36:23Z" duration="0.004366" total="1" passed="1" failed="0" inconclusive="0" skipped="0" asserts="10">
        <test-case id="0-1129" name="TestNavParent3" fullname="Kaitai.SpecNavParent3.TestNavParent3" methodname="TestNavParent3" classname="Kaitai.SpecNavParent3" runstate="Runnable" seed="1741193107" result="Passed" start-time="2019-03-10 12:36:23Z" end-time="2019-03-10 12:36:23Z" duration="0.001846" asserts="10" />
      </test-suite>
      <test-suite type="TestFixture" id="0-1130" name="SpecNavParentFalse" fullname="Kaitai.SpecNavParentFalse" classname="Kaitai.SpecNavParentFalse" runstate="Runnable" testcasecount="1" result="Passed" start-time="2019-03-10 12:36:23Z" end-time="2019-03-10 12:36:23Z" duration="0.003724" total="1" passed="1" failed="0" inconclusive="0" skipped="0" asserts="5">
        <test-case id="0-1131" name="TestNavParentFalse" fullname="Kaitai.SpecNavParentFalse.TestNavParentFalse" methodname="TestNavParentFalse" classname="Kaitai.SpecNavParentFalse" runstate="Runnable" seed="1733340687" result="Passed" start-time="2019-03-10 12:36:23Z" end-time="2019-03-10 12:36:23Z" duration="0.001168" asserts="5" />
      </test-suite>
      <test-suite type="TestFixture" id="0-1132" name="SpecNavParentFalse2" fullname="Kaitai.SpecNavParentFalse2" classname="Kaitai.SpecNavParentFalse2" runstate="Runnable" testcasecount="1" result="Passed" start-time="2019-03-10 12:36:23Z" end-time="2019-03-10 12:36:23Z" duration="0.003250" total="1" passed="1" failed="0" inconclusive="0" skipped="0" asserts="1">
        <test-case id="0-1133" name="TestNavParentFalse2" fullname="Kaitai.SpecNavParentFalse2.TestNavParentFalse2" methodname="TestNavParentFalse2" classname="Kaitai.SpecNavParentFalse2" runstate="Runnable" seed="1259508354" result="Passed" start-time="2019-03-10 12:36:23Z" end-time="2019-03-10 12:36:23Z" duration="0.000661" asserts="1" />
      </test-suite>
      <test-suite type="TestFixture" id="0-1134" name="SpecNavParentOverride" fullname="Kaitai.SpecNavParentOverride" classname="Kaitai.SpecNavParentOverride" runstate="Runnable" testcasecount="1" result="Passed" start-time="2019-03-10 12:36:23Z" end-time="2019-03-10 12:36:23Z" duration="0.003516" total="1" passed="1" failed="0" inconclusive="0" skipped="0" asserts="3">
        <test-case id="0-1135" name="TestNavParentOverride" fullname="Kaitai.SpecNavParentOverride.TestNavParentOverride" methodname="TestNavParentOverride" classname="Kaitai.SpecNavParentOverride" runstate="Runnable" seed="311965064" result="Passed" start-time="2019-03-10 12:36:23Z" end-time="2019-03-10 12:36:23Z" duration="0.000928" asserts="3" />
      </test-suite>
      <test-suite type="TestFixture" id="0-1136" name="SpecNavParentSwitch" fullname="Kaitai.SpecNavParentSwitch" classname="Kaitai.SpecNavParentSwitch" runstate="Runnable" testcasecount="1" result="Passed" start-time="2019-03-10 12:36:23Z" end-time="2019-03-10 12:36:23Z" duration="0.003602" total="1" passed="1" failed="0" inconclusive="0" skipped="0" asserts="3">
        <test-case id="0-1137" name="TestNavParentSwitch" fullname="Kaitai.SpecNavParentSwitch.TestNavParentSwitch" methodname="TestNavParentSwitch" classname="Kaitai.SpecNavParentSwitch" runstate="Runnable" seed="227294011" result="Passed" start-time="2019-03-10 12:36:23Z" end-time="2019-03-10 12:36:23Z" duration="0.001009" asserts="3" />
      </test-suite>
      <test-suite type="TestFixture" id="0-1138" name="SpecNavParentVsValueInst" fullname="Kaitai.SpecNavParentVsValueInst" classname="Kaitai.SpecNavParentVsValueInst" runstate="Runnable" testcasecount="1" result="Passed" start-time="2019-03-10 12:36:23Z" end-time="2019-03-10 12:36:23Z" duration="0.003210" total="1" passed="1" failed="0" inconclusive="0" skipped="0" asserts="1">
        <test-case id="0-1139" name="TestNavParentVsValueInst" fullname="Kaitai.SpecNavParentVsValueInst.TestNavParentVsValueInst" methodname="TestNavParentVsValueInst" classname="Kaitai.SpecNavParentVsValueInst" runstate="Runnable" seed="850040944" result="Passed" start-time="2019-03-10 12:36:23Z" end-time="2019-03-10 12:36:23Z" duration="0.000630" asserts="1" />
      </test-suite>
      <test-suite type="TestFixture" id="0-1140" name="SpecNavRoot" fullname="Kaitai.SpecNavRoot" classname="Kaitai.SpecNavRoot" runstate="Runnable" testcasecount="1" result="Passed" start-time="2019-03-10 12:36:23Z" end-time="2019-03-10 12:36:23Z" duration="0.004200" total="1" passed="1" failed="0" inconclusive="0" skipped="0" asserts="5">
        <test-case id="0-1141" name="TestNavRoot" fullname="Kaitai.SpecNavRoot.TestNavRoot" methodname="TestNavRoot" classname="Kaitai.SpecNavRoot" runstate="Runnable" seed="1393071206" result="Passed" start-time="2019-03-10 12:36:23Z" end-time="2019-03-10 12:36:23Z" duration="0.001621" asserts="5" />
      </test-suite>
      <test-suite type="TestFixture" id="0-1142" name="SpecNestedSameName" fullname="Kaitai.SpecNestedSameName" classname="Kaitai.SpecNestedSameName" runstate="Runnable" testcasecount="1" result="Passed" start-time="2019-03-10 12:36:23Z" end-time="2019-03-10 12:36:23Z" duration="0.003412" total="1" passed="1" failed="0" inconclusive="0" skipped="0" asserts="2">
        <test-case id="0-1143" name="TestNestedSameName" fullname="Kaitai.SpecNestedSameName.TestNestedSameName" methodname="TestNestedSameName" classname="Kaitai.SpecNestedSameName" runstate="Runnable" seed="428991706" result="Passed" start-time="2019-03-10 12:36:23Z" end-time="2019-03-10 12:36:23Z" duration="0.000877" asserts="2" />
      </test-suite>
      <test-suite type="TestFixture" id="0-1144" name="SpecNestedSameName2" fullname="Kaitai.SpecNestedSameName2" classname="Kaitai.SpecNestedSameName2" runstate="Runnable" testcasecount="1" result="Passed" start-time="2019-03-10 12:36:23Z" end-time="2019-03-10 12:36:23Z" duration="0.003713" total="1" passed="1" failed="0" inconclusive="0" skipped="0" asserts="5">
        <test-case id="0-1145" name="TestNestedSameName2" fullname="Kaitai.SpecNestedSameName2.TestNestedSameName2" methodname="TestNestedSameName2" classname="Kaitai.SpecNestedSameName2" runstate="Runnable" seed="1858346307" result="Passed" start-time="2019-03-10 12:36:23Z" end-time="2019-03-10 12:36:23Z" duration="0.001183" asserts="5" />
      </test-suite>
      <test-suite type="TestFixture" id="0-1146" name="SpecNestedTypes" fullname="Kaitai.SpecNestedTypes" classname="Kaitai.SpecNestedTypes" runstate="Runnable" testcasecount="1" result="Passed" start-time="2019-03-10 12:36:23Z" end-time="2019-03-10 12:36:23Z" duration="0.003431" total="1" passed="1" failed="0" inconclusive="0" skipped="0" asserts="3">
        <test-case id="0-1147" name="TestNestedTypes" fullname="Kaitai.SpecNestedTypes.TestNestedTypes" methodname="TestNestedTypes" classname="Kaitai.SpecNestedTypes" runstate="Runnable" seed="653894761" result="Passed" start-time="2019-03-10 12:36:23Z" end-time="2019-03-10 12:36:23Z" duration="0.000910" asserts="3" />
      </test-suite>
      <test-suite type="TestFixture" id="0-1148" name="SpecNestedTypes2" fullname="Kaitai.SpecNestedTypes2" classname="Kaitai.SpecNestedTypes2" runstate="Runnable" testcasecount="1" result="Passed" start-time="2019-03-10 12:36:23Z" end-time="2019-03-10 12:36:23Z" duration="0.003876" total="1" passed="1" failed="0" inconclusive="0" skipped="0" asserts="7">
        <test-case id="0-1149" name="TestNestedTypes2" fullname="Kaitai.SpecNestedTypes2.TestNestedTypes2" methodname="TestNestedTypes2" classname="Kaitai.SpecNestedTypes2" runstate="Runnable" seed="384018580" result="Passed" start-time="2019-03-10 12:36:23Z" end-time="2019-03-10 12:36:23Z" duration="0.001382" asserts="7" />
      </test-suite>
      <test-suite type="TestFixture" id="0-1150" name="SpecNonStandard" fullname="Kaitai.SpecNonStandard" classname="Kaitai.SpecNonStandard" runstate="Runnable" testcasecount="1" result="Passed" start-time="2019-03-10 12:36:23Z" end-time="2019-03-10 12:36:23Z" duration="0.003108" total="1" passed="1" failed="0" inconclusive="0" skipped="0" asserts="1">
        <test-case id="0-1151" name="TestNonStandard" fullname="Kaitai.SpecNonStandard.TestNonStandard" methodname="TestNonStandard" classname="Kaitai.SpecNonStandard" runstate="Runnable" seed="1991628078" result="Passed" start-time="2019-03-10 12:36:23Z" end-time="2019-03-10 12:36:23Z" duration="0.000570" asserts="1" />
      </test-suite>
      <test-suite type="TestFixture" id="0-1152" name="SpecOpaqueExternalType" fullname="Kaitai.SpecOpaqueExternalType" classname="Kaitai.SpecOpaqueExternalType" runstate="Runnable" testcasecount="1" result="Passed" start-time="2019-03-10 12:36:23Z" end-time="2019-03-10 12:36:23Z" duration="0.003275" total="1" passed="1" failed="0" inconclusive="0" skipped="0" asserts="3">
        <test-case id="0-1153" name="TestOpaqueExternalType" fullname="Kaitai.SpecOpaqueExternalType.TestOpaqueExternalType" methodname="TestOpaqueExternalType" classname="Kaitai.SpecOpaqueExternalType" runstate="Runnable" seed="1708309523" result="Passed" start-time="2019-03-10 12:36:23Z" end-time="2019-03-10 12:36:23Z" duration="0.000734" asserts="3" />
      </test-suite>
      <test-suite type="TestFixture" id="0-1154" name="SpecOpaqueExternalType02Parent" fullname="Kaitai.SpecOpaqueExternalType02Parent" classname="Kaitai.SpecOpaqueExternalType02Parent" runstate="Runnable" testcasecount="1" result="Passed" start-time="2019-03-10 12:36:23Z" end-time="2019-03-10 12:36:23Z" duration="0.003564" total="1" passed="1" failed="0" inconclusive="0" skipped="0" asserts="3">
        <test-case id="0-1155" name="TestOpaqueExternalType02Parent" fullname="Kaitai.SpecOpaqueExternalType02Parent.TestOpaqueExternalType02Parent" methodname="TestOpaqueExternalType02Parent" classname="Kaitai.SpecOpaqueExternalType02Parent" runstate="Runnable" seed="716668850" result="Passed" start-time="2019-03-10 12:36:23Z" end-time="2019-03-10 12:36:23Z" duration="0.001026" asserts="3" />
      </test-suite>
      <test-suite type="TestFixture" id="0-1156" name="SpecOpaqueWithParam" fullname="Kaitai.SpecOpaqueWithParam" classname="Kaitai.SpecOpaqueWithParam" runstate="Runnable" testcasecount="1" result="Passed" start-time="2019-03-10 12:36:23Z" end-time="2019-03-10 12:36:23Z" duration="0.003344" total="1" passed="1" failed="0" inconclusive="0" skipped="0" asserts="2">
        <test-case id="0-1157" name="TestOpaqueWithParam" fullname="Kaitai.SpecOpaqueWithParam.TestOpaqueWithParam" methodname="TestOpaqueWithParam" classname="Kaitai.SpecOpaqueWithParam" runstate="Runnable" seed="695574856" result="Passed" start-time="2019-03-10 12:36:23Z" end-time="2019-03-10 12:36:23Z" duration="0.000806" asserts="2" />
      </test-suite>
      <test-suite type="TestFixture" id="0-1158" name="SpecOptionalId" fullname="Kaitai.SpecOptionalId" classname="Kaitai.SpecOptionalId" runstate="Runnable" testcasecount="1" result="Passed" start-time="2019-03-10 12:36:23Z" end-time="2019-03-10 12:36:23Z" duration="0.003217" total="1" passed="1" failed="0" inconclusive="0" skipped="0" asserts="3">
        <test-case id="0-1159" name="TestOptionalId" fullname="Kaitai.SpecOptionalId.TestOptionalId" methodname="TestOptionalId" classname="Kaitai.SpecOptionalId" runstate="Runnable" seed="1448707818" result="Passed" start-time="2019-03-10 12:36:23Z" end-time="2019-03-10 12:36:23Z" duration="0.000663" asserts="3" />
      </test-suite>
      <test-suite type="TestFixture" id="0-1160" name="SpecParamsCallShort" fullname="Kaitai.SpecParamsCallShort" classname="Kaitai.SpecParamsCallShort" runstate="Runnable" testcasecount="1" result="Passed" start-time="2019-03-10 12:36:23Z" end-time="2019-03-10 12:36:23Z" duration="0.003846" total="1" passed="1" failed="0" inconclusive="0" skipped="0" asserts="3">
        <test-case id="0-1161" name="TestParamsCallShort" fullname="Kaitai.SpecParamsCallShort.TestParamsCallShort" methodname="TestParamsCallShort" classname="Kaitai.SpecParamsCallShort" runstate="Runnable" seed="1365252722" result="Passed" start-time="2019-03-10 12:36:23Z" end-time="2019-03-10 12:36:23Z" duration="0.001135" asserts="3" />
      </test-suite>
      <test-suite type="TestFixture" id="0-1162" name="SpecParamsDef" fullname="Kaitai.SpecParamsDef" classname="Kaitai.SpecParamsDef" runstate="Runnable" testcasecount="1" result="Passed" start-time="2019-03-10 12:36:23Z" end-time="2019-03-10 12:36:23Z" duration="0.002855" total="1" passed="1" failed="0" inconclusive="0" skipped="0" asserts="2">
        <test-case id="0-1163" name="TestParamsDef" fullname="Kaitai.SpecParamsDef.TestParamsDef" methodname="TestParamsDef" classname="Kaitai.SpecParamsDef" runstate="Runnable" seed="1316723293" result="Passed" start-time="2019-03-10 12:36:23Z" end-time="2019-03-10 12:36:23Z" duration="0.000347" asserts="2" />
      </test-suite>
      <test-suite type="TestFixture" id="0-1164" name="SpecPositionAbs" fullname="Kaitai.SpecPositionAbs" classname="Kaitai.SpecPositionAbs" runstate="Runnable" testcasecount="1" result="Passed" start-time="2019-03-10 12:36:23Z" end-time="2019-03-10 12:36:23Z" duration="0.003334" total="1" passed="1" failed="0" inconclusive="0" skipped="0" asserts="2">
        <test-case id="0-1165" name="TestPositionAbs" fullname="Kaitai.SpecPositionAbs.TestPositionAbs" methodname="TestPositionAbs" classname="Kaitai.SpecPositionAbs" runstate="Runnable" seed="1253282868" result="Passed" start-time="2019-03-10 12:36:23Z" end-time="2019-03-10 12:36:23Z" duration="0.000829" asserts="2" />
      </test-suite>
      <test-suite type="TestFixture" id="0-1166" name="SpecPositionInSeq" fullname="Kaitai.SpecPositionInSeq" classname="Kaitai.SpecPositionInSeq" runstate="Runnable" testcasecount="1" result="Passed" start-time="2019-03-10 12:36:23Z" end-time="2019-03-10 12:36:23Z" duration="0.004231" total="1" passed="1" failed="0" inconclusive="0" skipped="0" asserts="1">
        <test-case id="0-1167" name="TestPositionInSeq" fullname="Kaitai.SpecPositionInSeq.TestPositionInSeq" methodname="TestPositionInSeq" classname="Kaitai.SpecPositionInSeq" runstate="Runnable" seed="446782066" result="Passed" start-time="2019-03-10 12:36:23Z" end-time="2019-03-10 12:36:23Z" duration="0.001606" asserts="1" />
      </test-suite>
      <test-suite type="TestFixture" id="0-1168" name="SpecPositionToEnd" fullname="Kaitai.SpecPositionToEnd" classname="Kaitai.SpecPositionToEnd" runstate="Runnable" testcasecount="1" result="Passed" start-time="2019-03-10 12:36:23Z" end-time="2019-03-10 12:36:23Z" duration="0.003349" total="1" passed="1" failed="0" inconclusive="0" skipped="0" asserts="2">
        <test-case id="0-1169" name="TestPositionToEnd" fullname="Kaitai.SpecPositionToEnd.TestPositionToEnd" methodname="TestPositionToEnd" classname="Kaitai.SpecPositionToEnd" runstate="Runnable" seed="1655235703" result="Passed" start-time="2019-03-10 12:36:23Z" end-time="2019-03-10 12:36:23Z" duration="0.000796" asserts="2" />
      </test-suite>
      <test-suite type="TestFixture" id="0-1170" name="SpecProcessCoerceBytes" fullname="Kaitai.SpecProcessCoerceBytes" classname="Kaitai.SpecProcessCoerceBytes" runstate="Runnable" testcasecount="1" result="Passed" start-time="2019-03-10 12:36:23Z" end-time="2019-03-10 12:36:23Z" duration="0.004457" total="1" passed="1" failed="0" inconclusive="0" skipped="0" asserts="4">
        <test-case id="0-1171" name="TestProcessCoerceBytes" fullname="Kaitai.SpecProcessCoerceBytes.TestProcessCoerceBytes" methodname="TestProcessCoerceBytes" classname="Kaitai.SpecProcessCoerceBytes" runstate="Runnable" seed="1375160478" result="Passed" start-time="2019-03-10 12:36:23Z" end-time="2019-03-10 12:36:23Z" duration="0.001917" asserts="4" />
      </test-suite>
      <test-suite type="TestFixture" id="0-1172" name="SpecProcessCoerceSwitch" fullname="Kaitai.SpecProcessCoerceSwitch" classname="Kaitai.SpecProcessCoerceSwitch" runstate="Runnable" testcasecount="1" result="Passed" start-time="2019-03-10 12:36:23Z" end-time="2019-03-10 12:36:23Z" duration="0.003516" total="1" passed="1" failed="0" inconclusive="0" skipped="0" asserts="3">
        <test-case id="0-1173" name="TestProcessCoerceSwitch" fullname="Kaitai.SpecProcessCoerceSwitch.TestProcessCoerceSwitch" methodname="TestProcessCoerceSwitch" classname="Kaitai.SpecProcessCoerceSwitch" runstate="Runnable" seed="1394821594" result="Passed" start-time="2019-03-10 12:36:23Z" end-time="2019-03-10 12:36:23Z" duration="0.001001" asserts="3" />
      </test-suite>
      <test-suite type="TestFixture" id="0-1174" name="SpecProcessCoerceUsertype1" fullname="Kaitai.SpecProcessCoerceUsertype1" classname="Kaitai.SpecProcessCoerceUsertype1" runstate="Runnable" testcasecount="1" result="Passed" start-time="2019-03-10 12:36:23Z" end-time="2019-03-10 12:36:23Z" duration="0.004040" total="1" passed="1" failed="0" inconclusive="0" skipped="0" asserts="4">
        <test-case id="0-1175" name="TestProcessCoerceUsertype1" fullname="Kaitai.SpecProcessCoerceUsertype1.TestProcessCoerceUsertype1" methodname="TestProcessCoerceUsertype1" classname="Kaitai.SpecProcessCoerceUsertype1" runstate="Runnable" seed="1597664070" result="Passed" start-time="2019-03-10 12:36:23Z" end-time="2019-03-10 12:36:23Z" duration="0.001507" asserts="4" />
      </test-suite>
      <test-suite type="TestFixture" id="0-1176" name="SpecProcessCoerceUsertype2" fullname="Kaitai.SpecProcessCoerceUsertype2" classname="Kaitai.SpecProcessCoerceUsertype2" runstate="Runnable" testcasecount="1" result="Passed" start-time="2019-03-10 12:36:23Z" end-time="2019-03-10 12:36:23Z" duration="0.004081" total="1" passed="1" failed="0" inconclusive="0" skipped="0" asserts="4">
        <test-case id="0-1177" name="TestProcessCoerceUsertype2" fullname="Kaitai.SpecProcessCoerceUsertype2.TestProcessCoerceUsertype2" methodname="TestProcessCoerceUsertype2" classname="Kaitai.SpecProcessCoerceUsertype2" runstate="Runnable" seed="1980988091" result="Passed" start-time="2019-03-10 12:36:23Z" end-time="2019-03-10 12:36:23Z" duration="0.001525" asserts="4" />
      </test-suite>
      <test-suite type="TestFixture" id="0-1178" name="SpecProcessRotate" fullname="Kaitai.SpecProcessRotate" classname="Kaitai.SpecProcessRotate" runstate="Runnable" testcasecount="1" result="Passed" start-time="2019-03-10 12:36:23Z" end-time="2019-03-10 12:36:23Z" duration="0.004283" total="1" passed="1" failed="0" inconclusive="0" skipped="0" asserts="3">
        <test-case id="0-1179" name="TestProcessRotate" fullname="Kaitai.SpecProcessRotate.TestProcessRotate" methodname="TestProcessRotate" classname="Kaitai.SpecProcessRotate" runstate="Runnable" seed="736698501" result="Passed" start-time="2019-03-10 12:36:23Z" end-time="2019-03-10 12:36:23Z" duration="0.001753" asserts="3" />
      </test-suite>
      <test-suite type="TestFixture" id="0-1180" name="SpecProcessToUser" fullname="Kaitai.SpecProcessToUser" classname="Kaitai.SpecProcessToUser" runstate="Runnable" testcasecount="1" result="Passed" start-time="2019-03-10 12:36:23Z" end-time="2019-03-10 12:36:23Z" duration="0.003145" total="1" passed="1" failed="0" inconclusive="0" skipped="0" asserts="1">
        <test-case id="0-1181" name="TestProcessToUser" fullname="Kaitai.SpecProcessToUser.TestProcessToUser" methodname="TestProcessToUser" classname="Kaitai.SpecProcessToUser" runstate="Runnable" seed="833874914" result="Passed" start-time="2019-03-10 12:36:23Z" end-time="2019-03-10 12:36:23Z" duration="0.000619" asserts="1" />
      </test-suite>
      <test-suite type="TestFixture" id="0-1182" name="SpecProcessXor4Const" fullname="Kaitai.SpecProcessXor4Const" classname="Kaitai.SpecProcessXor4Const" runstate="Runnable" testcasecount="1" result="Passed" start-time="2019-03-10 12:36:23Z" end-time="2019-03-10 12:36:23Z" duration="0.003303" total="1" passed="1" failed="0" inconclusive="0" skipped="0" asserts="1">
        <test-case id="0-1183" name="TestProcessXor4Const" fullname="Kaitai.SpecProcessXor4Const.TestProcessXor4Const" methodname="TestProcessXor4Const" classname="Kaitai.SpecProcessXor4Const" runstate="Runnable" seed="615837714" result="Passed" start-time="2019-03-10 12:36:23Z" end-time="2019-03-10 12:36:23Z" duration="0.000775" asserts="1" />
      </test-suite>
      <test-suite type="TestFixture" id="0-1184" name="SpecProcessXor4Value" fullname="Kaitai.SpecProcessXor4Value" classname="Kaitai.SpecProcessXor4Value" runstate="Runnable" testcasecount="1" result="Passed" start-time="2019-03-10 12:36:23Z" end-time="2019-03-10 12:36:23Z" duration="0.003531" total="1" passed="1" failed="0" inconclusive="0" skipped="0" asserts="2">
        <test-case id="0-1185" name="TestProcessXor4Value" fullname="Kaitai.SpecProcessXor4Value.TestProcessXor4Value" methodname="TestProcessXor4Value" classname="Kaitai.SpecProcessXor4Value" runstate="Runnable" seed="1804617248" result="Passed" start-time="2019-03-10 12:36:23Z" end-time="2019-03-10 12:36:23Z" duration="0.000808" asserts="2" />
      </test-suite>
      <test-suite type="TestFixture" id="0-1186" name="SpecProcessXorConst" fullname="Kaitai.SpecProcessXorConst" classname="Kaitai.SpecProcessXorConst" runstate="Runnable" testcasecount="1" result="Passed" start-time="2019-03-10 12:36:23Z" end-time="2019-03-10 12:36:23Z" duration="0.003401" total="1" passed="1" failed="0" inconclusive="0" skipped="0" asserts="2">
        <test-case id="0-1187" name="TestProcessXorConst" fullname="Kaitai.SpecProcessXorConst.TestProcessXorConst" methodname="TestProcessXorConst" classname="Kaitai.SpecProcessXorConst" runstate="Runnable" seed="1895217936" result="Passed" start-time="2019-03-10 12:36:23Z" end-time="2019-03-10 12:36:23Z" duration="0.000742" asserts="2" />
      </test-suite>
      <test-suite type="TestFixture" id="0-1188" name="SpecProcessXorValue" fullname="Kaitai.SpecProcessXorValue" classname="Kaitai.SpecProcessXorValue" runstate="Runnable" testcasecount="1" result="Passed" start-time="2019-03-10 12:36:23Z" end-time="2019-03-10 12:36:23Z" duration="0.003242" total="1" passed="1" failed="0" inconclusive="0" skipped="0" asserts="2">
        <test-case id="0-1189" name="TestProcessXorValue" fullname="Kaitai.SpecProcessXorValue.TestProcessXorValue" methodname="TestProcessXorValue" classname="Kaitai.SpecProcessXorValue" runstate="Runnable" seed="866785197" result="Passed" start-time="2019-03-10 12:36:23Z" end-time="2019-03-10 12:36:23Z" duration="0.000652" asserts="2" />
      </test-suite>
      <test-suite type="TestFixture" id="0-1190" name="SpecRecursiveOne" fullname="Kaitai.SpecRecursiveOne" classname="Kaitai.SpecRecursiveOne" runstate="Runnable" testcasecount="1" result="Passed" start-time="2019-03-10 12:36:23Z" end-time="2019-03-10 12:36:23Z" duration="0.003383" total="1" passed="1" failed="0" inconclusive="0" skipped="0" asserts="4">
        <test-case id="0-1191" name="TestRecursiveOne" fullname="Kaitai.SpecRecursiveOne.TestRecursiveOne" methodname="TestRecursiveOne" classname="Kaitai.SpecRecursiveOne" runstate="Runnable" seed="384383577" result="Passed" start-time="2019-03-10 12:36:23Z" end-time="2019-03-10 12:36:23Z" duration="0.000865" asserts="4" />
      </test-suite>
      <test-suite type="TestFixture" id="0-1192" name="SpecRepeatEosStruct" fullname="Kaitai.SpecRepeatEosStruct" classname="Kaitai.SpecRepeatEosStruct" runstate="Runnable" testcasecount="1" result="Passed" start-time="2019-03-10 12:36:23Z" end-time="2019-03-10 12:36:23Z" duration="0.003865" total="1" passed="1" failed="0" inconclusive="0" skipped="0" asserts="5">
        <test-case id="0-1193" name="TestRepeatEosStruct" fullname="Kaitai.SpecRepeatEosStruct.TestRepeatEosStruct" methodname="TestRepeatEosStruct" classname="Kaitai.SpecRepeatEosStruct" runstate="Runnable" seed="131470485" result="Passed" start-time="2019-03-10 12:36:23Z" end-time="2019-03-10 12:36:23Z" duration="0.001312" asserts="5" />
      </test-suite>
      <test-suite type="TestFixture" id="0-1194" name="SpecRepeatEosU4" fullname="Kaitai.SpecRepeatEosU4" classname="Kaitai.SpecRepeatEosU4" runstate="Runnable" testcasecount="1" result="Passed" start-time="2019-03-10 12:36:23Z" end-time="2019-03-10 12:36:23Z" duration="0.004036" total="1" passed="1" failed="0" inconclusive="0" skipped="0" asserts="1">
        <test-case id="0-1195" name="TestRepeatEosU4" fullname="Kaitai.SpecRepeatEosU4.TestRepeatEosU4" methodname="TestRepeatEosU4" classname="Kaitai.SpecRepeatEosU4" runstate="Runnable" seed="110954266" result="Passed" start-time="2019-03-10 12:36:23Z" end-time="2019-03-10 12:36:23Z" duration="0.001448" asserts="1" />
      </test-suite>
      <test-suite type="TestFixture" id="0-1196" name="SpecRepeatNStruct" fullname="Kaitai.SpecRepeatNStruct" classname="Kaitai.SpecRepeatNStruct" runstate="Runnable" testcasecount="1" result="Passed" start-time="2019-03-10 12:36:23Z" end-time="2019-03-10 12:36:23Z" duration="0.003950" total="1" passed="1" failed="0" inconclusive="0" skipped="0" asserts="5">
        <test-case id="0-1197" name="TestRepeatNStruct" fullname="Kaitai.SpecRepeatNStruct.TestRepeatNStruct" methodname="TestRepeatNStruct" classname="Kaitai.SpecRepeatNStruct" runstate="Runnable" seed="1848510391" result="Passed" start-time="2019-03-10 12:36:23Z" end-time="2019-03-10 12:36:23Z" duration="0.001390" asserts="5" />
      </test-suite>
      <test-suite type="TestFixture" id="0-1198" name="SpecRepeatNStrz" fullname="Kaitai.SpecRepeatNStrz" classname="Kaitai.SpecRepeatNStrz" runstate="Runnable" testcasecount="1" result="Passed" start-time="2019-03-10 12:36:23Z" end-time="2019-03-10 12:36:24Z" duration="0.003413" total="1" passed="1" failed="0" inconclusive="0" skipped="0" asserts="2">
        <test-case id="0-1199" name="TestRepeatNStrz" fullname="Kaitai.SpecRepeatNStrz.TestRepeatNStrz" methodname="TestRepeatNStrz" classname="Kaitai.SpecRepeatNStrz" runstate="Runnable" seed="1487580201" result="Passed" start-time="2019-03-10 12:36:23Z" end-time="2019-03-10 12:36:24Z" duration="0.000890" asserts="2" />
      </test-suite>
      <test-suite type="TestFixture" id="0-1200" name="SpecRepeatNStrzDouble" fullname="Kaitai.SpecRepeatNStrzDouble" classname="Kaitai.SpecRepeatNStrzDouble" runstate="Runnable" testcasecount="1" result="Passed" start-time="2019-03-10 12:36:24Z" end-time="2019-03-10 12:36:24Z" duration="0.003493" total="1" passed="1" failed="0" inconclusive="0" skipped="0" asserts="3">
        <test-case id="0-1201" name="TestRepeatNStrzDouble" fullname="Kaitai.SpecRepeatNStrzDouble.TestRepeatNStrzDouble" methodname="TestRepeatNStrzDouble" classname="Kaitai.SpecRepeatNStrzDouble" runstate="Runnable" seed="1280854138" result="Passed" start-time="2019-03-10 12:36:24Z" end-time="2019-03-10 12:36:24Z" duration="0.000966" asserts="3" />
      </test-suite>
      <test-suite type="TestFixture" id="0-1202" name="SpecRepeatUntilComplex" fullname="Kaitai.SpecRepeatUntilComplex" classname="Kaitai.SpecRepeatUntilComplex" runstate="Runnable" testcasecount="1" result="Passed" start-time="2019-03-10 12:36:24Z" end-time="2019-03-10 12:36:24Z" duration="0.006298" total="1" passed="1" failed="0" inconclusive="0" skipped="0" asserts="17">
        <test-case id="0-1203" name="TestRepeatUntilComplex" fullname="Kaitai.SpecRepeatUntilComplex.TestRepeatUntilComplex" methodname="TestRepeatUntilComplex" classname="Kaitai.SpecRepeatUntilComplex" runstate="Runnable" seed="413464048" result="Passed" start-time="2019-03-10 12:36:24Z" end-time="2019-03-10 12:36:24Z" duration="0.003757" asserts="17" />
      </test-suite>
      <test-suite type="TestFixture" id="0-1204" name="SpecRepeatUntilS4" fullname="Kaitai.SpecRepeatUntilS4" classname="Kaitai.SpecRepeatUntilS4" runstate="Runnable" testcasecount="1" result="Passed" start-time="2019-03-10 12:36:24Z" end-time="2019-03-10 12:36:24Z" duration="0.004228" total="1" passed="1" failed="0" inconclusive="0" skipped="0" asserts="2">
        <test-case id="0-1205" name="TestRepeatUntilS4" fullname="Kaitai.SpecRepeatUntilS4.TestRepeatUntilS4" methodname="TestRepeatUntilS4" classname="Kaitai.SpecRepeatUntilS4" runstate="Runnable" seed="100787413" result="Passed" start-time="2019-03-10 12:36:24Z" end-time="2019-03-10 12:36:24Z" duration="0.001646" asserts="2" />
      </test-suite>
      <test-suite type="TestFixture" id="0-1206" name="SpecRepeatUntilSized" fullname="Kaitai.SpecRepeatUntilSized" classname="Kaitai.SpecRepeatUntilSized" runstate="Runnable" testcasecount="1" result="Passed" start-time="2019-03-10 12:36:24Z" end-time="2019-03-10 12:36:24Z" duration="0.004179" total="1" passed="1" failed="0" inconclusive="0" skipped="0" asserts="7">
        <test-case id="0-1207" name="TestRepeatUntilSized" fullname="Kaitai.SpecRepeatUntilSized.TestRepeatUntilSized" methodname="TestRepeatUntilSized" classname="Kaitai.SpecRepeatUntilSized" runstate="Runnable" seed="425526834" result="Passed" start-time="2019-03-10 12:36:24Z" end-time="2019-03-10 12:36:24Z" duration="0.001616" asserts="7" />
      </test-suite>
      <test-suite type="TestFixture" id="0-1208" name="SpecStrEncodings" fullname="Kaitai.SpecStrEncodings" classname="Kaitai.SpecStrEncodings" runstate="Runnable" testcasecount="1" result="Passed" start-time="2019-03-10 12:36:24Z" end-time="2019-03-10 12:36:24Z" duration="0.020269" total="1" passed="1" failed="0" inconclusive="0" skipped="0" asserts="4">
        <test-case id="0-1209" name="TestStrEncodings" fullname="Kaitai.SpecStrEncodings.TestStrEncodings" methodname="TestStrEncodings" classname="Kaitai.SpecStrEncodings" runstate="Runnable" seed="548456775" result="Passed" start-time="2019-03-10 12:36:24Z" end-time="2019-03-10 12:36:24Z" duration="0.017692" asserts="4" />
      </test-suite>
      <test-suite type="TestFixture" id="0-1210" name="SpecStrEncodingsDefault" fullname="Kaitai.SpecStrEncodingsDefault" classname="Kaitai.SpecStrEncodingsDefault" runstate="Runnable" testcasecount="1" result="Passed" start-time="2019-03-10 12:36:24Z" end-time="2019-03-10 12:36:24Z" duration="0.003456" total="1" passed="1" failed="0" inconclusive="0" skipped="0" asserts="4">
        <test-case id="0-1211" name="TestStrEncodingsDefault" fullname="Kaitai.SpecStrEncodingsDefault.TestStrEncodingsDefault" methodname="TestStrEncodingsDefault" classname="Kaitai.SpecStrEncodingsDefault" runstate="Runnable" seed="1288134327" result="Passed" start-time="2019-03-10 12:36:24Z" end-time="2019-03-10 12:36:24Z" duration="0.000908" asserts="4" />
      </test-suite>
      <test-suite type="TestFixture" id="0-1212" name="SpecStrEos" fullname="Kaitai.SpecStrEos" classname="Kaitai.SpecStrEos" runstate="Runnable" testcasecount="1" result="Passed" start-time="2019-03-10 12:36:24Z" end-time="2019-03-10 12:36:24Z" duration="0.003140" total="1" passed="1" failed="0" inconclusive="0" skipped="0" asserts="1">
        <test-case id="0-1213" name="TestStrEos" fullname="Kaitai.SpecStrEos.TestStrEos" methodname="TestStrEos" classname="Kaitai.SpecStrEos" runstate="Runnable" seed="1768324401" result="Passed" start-time="2019-03-10 12:36:24Z" end-time="2019-03-10 12:36:24Z" duration="0.000550" asserts="1" />
      </test-suite>
      <test-suite type="TestFixture" id="0-1214" name="SpecStrLiterals" fullname="Kaitai.SpecStrLiterals" classname="Kaitai.SpecStrLiterals" runstate="Runnable" testcasecount="1" result="Passed" start-time="2019-03-10 12:36:24Z" end-time="2019-03-10 12:36:24Z" duration="0.007366" total="1" passed="1" failed="0" inconclusive="0" skipped="0" asserts="5">
        <test-case id="0-1215" name="TestStrLiterals" fullname="Kaitai.SpecStrLiterals.TestStrLiterals" methodname="TestStrLiterals" classname="Kaitai.SpecStrLiterals" runstate="Runnable" seed="1763283147" result="Passed" start-time="2019-03-10 12:36:24Z" end-time="2019-03-10 12:36:24Z" duration="0.004776" asserts="5" />
      </test-suite>
      <test-suite type="TestFixture" id="0-1216" name="SpecStrLiterals2" fullname="Kaitai.SpecStrLiterals2" classname="Kaitai.SpecStrLiterals2" runstate="Runnable" testcasecount="1" result="Passed" start-time="2019-03-10 12:36:24Z" end-time="2019-03-10 12:36:24Z" duration="0.003270" total="1" passed="1" failed="0" inconclusive="0" skipped="0" asserts="4">
        <test-case id="0-1217" name="TestStrLiterals2" fullname="Kaitai.SpecStrLiterals2.TestStrLiterals2" methodname="TestStrLiterals2" classname="Kaitai.SpecStrLiterals2" runstate="Runnable" seed="312246031" result="Passed" start-time="2019-03-10 12:36:24Z" end-time="2019-03-10 12:36:24Z" duration="0.000734" asserts="4" />
      </test-suite>
      <test-suite type="TestFixture" id="0-1218" name="SpecStrPadTerm" fullname="Kaitai.SpecStrPadTerm" classname="Kaitai.SpecStrPadTerm" runstate="Runnable" testcasecount="1" result="Passed" start-time="2019-03-10 12:36:24Z" end-time="2019-03-10 12:36:24Z" duration="0.003249" total="1" passed="1" failed="0" inconclusive="0" skipped="0" asserts="4">
        <test-case id="0-1219" name="TestStrPadTerm" fullname="Kaitai.SpecStrPadTerm.TestStrPadTerm" methodname="TestStrPadTerm" classname="Kaitai.SpecStrPadTerm" runstate="Runnable" seed="1915726510" result="Passed" start-time="2019-03-10 12:36:24Z" end-time="2019-03-10 12:36:24Z" duration="0.000672" asserts="4" />
      </test-suite>
      <test-suite type="TestFixture" id="0-1220" name="SpecStrPadTermEmpty" fullname="Kaitai.SpecStrPadTermEmpty" classname="Kaitai.SpecStrPadTermEmpty" runstate="Runnable" testcasecount="1" result="Passed" start-time="2019-03-10 12:36:24Z" end-time="2019-03-10 12:36:24Z" duration="0.003153" total="1" passed="1" failed="0" inconclusive="0" skipped="0" asserts="4">
        <test-case id="0-1221" name="TestStrPadTermEmpty" fullname="Kaitai.SpecStrPadTermEmpty.TestStrPadTermEmpty" methodname="TestStrPadTermEmpty" classname="Kaitai.SpecStrPadTermEmpty" runstate="Runnable" seed="1749244610" result="Passed" start-time="2019-03-10 12:36:24Z" end-time="2019-03-10 12:36:24Z" duration="0.000634" asserts="4" />
      </test-suite>
      <test-suite type="TestFixture" id="0-1222" name="SpecSwitchBytearray" fullname="Kaitai.SpecSwitchBytearray" classname="Kaitai.SpecSwitchBytearray" runstate="Runnable" testcasecount="1" result="Passed" start-time="2019-03-10 12:36:24Z" end-time="2019-03-10 12:36:24Z" duration="0.004645" total="1" passed="1" failed="0" inconclusive="0" skipped="0" asserts="9">
        <test-case id="0-1223" name="TestSwitchBytearray" fullname="Kaitai.SpecSwitchBytearray.TestSwitchBytearray" methodname="TestSwitchBytearray" classname="Kaitai.SpecSwitchBytearray" runstate="Runnable" seed="1545614677" result="Passed" start-time="2019-03-10 12:36:24Z" end-time="2019-03-10 12:36:24Z" duration="0.002104" asserts="9" />
      </test-suite>
      <test-suite type="TestFixture" id="0-1224" name="SpecSwitchCast" fullname="Kaitai.SpecSwitchCast" classname="Kaitai.SpecSwitchCast" runstate="Runnable" testcasecount="1" result="Passed" start-time="2019-03-10 12:36:24Z" end-time="2019-03-10 12:36:24Z" duration="0.004654" total="1" passed="1" failed="0" inconclusive="0" skipped="0" asserts="3">
        <test-case id="0-1225" name="TestSwitchCast" fullname="Kaitai.SpecSwitchCast.TestSwitchCast" methodname="TestSwitchCast" classname="Kaitai.SpecSwitchCast" runstate="Runnable" seed="1323086759" result="Passed" start-time="2019-03-10 12:36:24Z" end-time="2019-03-10 12:36:24Z" duration="0.002111" asserts="3" />
      </test-suite>
      <test-suite type="TestFixture" id="0-1226" name="SpecSwitchIntegers" fullname="Kaitai.SpecSwitchIntegers" classname="Kaitai.SpecSwitchIntegers" runstate="Runnable" testcasecount="1" result="Passed" start-time="2019-03-10 12:36:24Z" end-time="2019-03-10 12:36:24Z" duration="0.003986" total="1" passed="1" failed="0" inconclusive="0" skipped="0" asserts="9">
        <test-case id="0-1227" name="TestSwitchIntegers" fullname="Kaitai.SpecSwitchIntegers.TestSwitchIntegers" methodname="TestSwitchIntegers" classname="Kaitai.SpecSwitchIntegers" runstate="Runnable" seed="836798105" result="Passed" start-time="2019-03-10 12:36:24Z" end-time="2019-03-10 12:36:24Z" duration="0.001475" asserts="9" />
      </test-suite>
      <test-suite type="TestFixture" id="0-1228" name="SpecSwitchIntegers2" fullname="Kaitai.SpecSwitchIntegers2" classname="Kaitai.SpecSwitchIntegers2" runstate="Runnable" testcasecount="1" result="Passed" start-time="2019-03-10 12:36:24Z" end-time="2019-03-10 12:36:24Z" duration="0.003603" total="1" passed="1" failed="0" inconclusive="0" skipped="0" asserts="5">
        <test-case id="0-1229" name="TestSwitchIntegers2" fullname="Kaitai.SpecSwitchIntegers2.TestSwitchIntegers2" methodname="TestSwitchIntegers2" classname="Kaitai.SpecSwitchIntegers2" runstate="Runnable" seed="1770855466" result="Passed" start-time="2019-03-10 12:36:24Z" end-time="2019-03-10 12:36:24Z" duration="0.001096" asserts="5" />
      </test-suite>
      <test-suite type="TestFixture" id="0-1230" name="SpecSwitchManualEnum" fullname="Kaitai.SpecSwitchManualEnum" classname="Kaitai.SpecSwitchManualEnum" runstate="Runnable" testcasecount="1" result="Passed" start-time="2019-03-10 12:36:24Z" end-time="2019-03-10 12:36:24Z" duration="0.004465" total="1" passed="1" failed="0" inconclusive="0" skipped="0" asserts="9">
        <test-case id="0-1231" name="TestSwitchManualEnum" fullname="Kaitai.SpecSwitchManualEnum.TestSwitchManualEnum" methodname="TestSwitchManualEnum" classname="Kaitai.SpecSwitchManualEnum" runstate="Runnable" seed="2125151941" result="Passed" start-time="2019-03-10 12:36:24Z" end-time="2019-03-10 12:36:24Z" duration="0.001912" asserts="9" />
      </test-suite>
      <test-suite type="TestFixture" id="0-1232" name="SpecSwitchManualInt" fullname="Kaitai.SpecSwitchManualInt" classname="Kaitai.SpecSwitchManualInt" runstate="Runnable" testcasecount="1" result="Passed" start-time="2019-03-10 12:36:24Z" end-time="2019-03-10 12:36:24Z" duration="0.004343" total="1" passed="1" failed="0" inconclusive="0" skipped="0" asserts="9">
        <test-case id="0-1233" name="TestSwitchManualInt" fullname="Kaitai.SpecSwitchManualInt.TestSwitchManualInt" methodname="TestSwitchManualInt" classname="Kaitai.SpecSwitchManualInt" runstate="Runnable" seed="1828606156" result="Passed" start-time="2019-03-10 12:36:24Z" end-time="2019-03-10 12:36:24Z" duration="0.001799" asserts="9" />
      </test-suite>
      <test-suite type="TestFixture" id="0-1234" name="SpecSwitchManualIntElse" fullname="Kaitai.SpecSwitchManualIntElse" classname="Kaitai.SpecSwitchManualIntElse" runstate="Runnable" testcasecount="1" result="Passed" start-time="2019-03-10 12:36:24Z" end-time="2019-03-10 12:36:24Z" duration="0.004509" total="1" passed="1" failed="0" inconclusive="0" skipped="0" asserts="9">
        <test-case id="0-1235" name="TestSwitchManualIntElse" fullname="Kaitai.SpecSwitchManualIntElse.TestSwitchManualIntElse" methodname="TestSwitchManualIntElse" classname="Kaitai.SpecSwitchManualIntElse" runstate="Runnable" seed="799769155" result="Passed" start-time="2019-03-10 12:36:24Z" end-time="2019-03-10 12:36:24Z" duration="0.001986" asserts="9" />
      </test-suite>
      <test-suite type="TestFixture" id="0-1236" name="SpecSwitchManualIntSize" fullname="Kaitai.SpecSwitchManualIntSize" classname="Kaitai.SpecSwitchManualIntSize" runstate="Runnable" testcasecount="1" result="Passed" start-time="2019-03-10 12:36:24Z" end-time="2019-03-10 12:36:24Z" duration="0.004759" total="1" passed="1" failed="0" inconclusive="0" skipped="0" asserts="10">
        <test-case id="0-1237" name="TestSwitchManualIntSize" fullname="Kaitai.SpecSwitchManualIntSize.TestSwitchManualIntSize" methodname="TestSwitchManualIntSize" classname="Kaitai.SpecSwitchManualIntSize" runstate="Runnable" seed="1094837263" result="Passed" start-time="2019-03-10 12:36:24Z" end-time="2019-03-10 12:36:24Z" duration="0.002237" asserts="10" />
      </test-suite>
      <test-suite type="TestFixture" id="0-1238" name="SpecSwitchManualIntSizeElse" fullname="Kaitai.SpecSwitchManualIntSizeElse" classname="Kaitai.SpecSwitchManualIntSizeElse" runstate="Runnable" testcasecount="1" result="Passed" start-time="2019-03-10 12:36:24Z" end-time="2019-03-10 12:36:24Z" duration="0.004952" total="1" passed="1" failed="0" inconclusive="0" skipped="0" asserts="10">
        <test-case id="0-1239" name="TestSwitchManualIntSizeElse" fullname="Kaitai.SpecSwitchManualIntSizeElse.TestSwitchManualIntSizeElse" methodname="TestSwitchManualIntSizeElse" classname="Kaitai.SpecSwitchManualIntSizeElse" runstate="Runnable" seed="2072423926" result="Passed" start-time="2019-03-10 12:36:24Z" end-time="2019-03-10 12:36:24Z" duration="0.002389" asserts="10" />
      </test-suite>
      <test-suite type="TestFixture" id="0-1240" name="SpecSwitchManualIntSizeEos" fullname="Kaitai.SpecSwitchManualIntSizeEos" classname="Kaitai.SpecSwitchManualIntSizeEos" runstate="Runnable" testcasecount="1" result="Passed" start-time="2019-03-10 12:36:24Z" end-time="2019-03-10 12:36:24Z" duration="0.004982" total="1" passed="1" failed="0" inconclusive="0" skipped="0" asserts="10">
        <test-case id="0-1241" name="TestSwitchManualIntSizeEos" fullname="Kaitai.SpecSwitchManualIntSizeEos.TestSwitchManualIntSizeEos" methodname="TestSwitchManualIntSizeEos" classname="Kaitai.SpecSwitchManualIntSizeEos" runstate="Runnable" seed="426736364" result="Passed" start-time="2019-03-10 12:36:24Z" end-time="2019-03-10 12:36:24Z" duration="0.002403" asserts="10" />
      </test-suite>
      <test-suite type="TestFixture" id="0-1242" name="SpecSwitchManualStr" fullname="Kaitai.SpecSwitchManualStr" classname="Kaitai.SpecSwitchManualStr" runstate="Runnable" testcasecount="1" result="Passed" start-time="2019-03-10 12:36:24Z" end-time="2019-03-10 12:36:24Z" duration="0.004477" total="1" passed="1" failed="0" inconclusive="0" skipped="0" asserts="9">
        <test-case id="0-1243" name="TestSwitchManualStr" fullname="Kaitai.SpecSwitchManualStr.TestSwitchManualStr" methodname="TestSwitchManualStr" classname="Kaitai.SpecSwitchManualStr" runstate="Runnable" seed="580979295" result="Passed" start-time="2019-03-10 12:36:24Z" end-time="2019-03-10 12:36:24Z" duration="0.001941" asserts="9" />
      </test-suite>
      <test-suite type="TestFixture" id="0-1244" name="SpecSwitchManualStrElse" fullname="Kaitai.SpecSwitchManualStrElse" classname="Kaitai.SpecSwitchManualStrElse" runstate="Runnable" testcasecount="1" result="Passed" start-time="2019-03-10 12:36:24Z" end-time="2019-03-10 12:36:24Z" duration="0.004651" total="1" passed="1" failed="0" inconclusive="0" skipped="0" asserts="9">
        <test-case id="0-1245" name="TestSwitchManualStrElse" fullname="Kaitai.SpecSwitchManualStrElse.TestSwitchManualStrElse" methodname="TestSwitchManualStrElse" classname="Kaitai.SpecSwitchManualStrElse" runstate="Runnable" seed="846698901" result="Passed" start-time="2019-03-10 12:36:24Z" end-time="2019-03-10 12:36:24Z" duration="0.002088" asserts="9" />
      </test-suite>
      <test-suite type="TestFixture" id="0-1246" name="SpecSwitchMultiBoolOps" fullname="Kaitai.SpecSwitchMultiBoolOps" classname="Kaitai.SpecSwitchMultiBoolOps" runstate="Runnable" testcasecount="1" result="Passed" start-time="2019-03-10 12:36:24Z" end-time="2019-03-10 12:36:24Z" duration="0.004197" total="1" passed="1" failed="0" inconclusive="0" skipped="0" asserts="9">
        <test-case id="0-1247" name="TestSwitchMultiBoolOps" fullname="Kaitai.SpecSwitchMultiBoolOps.TestSwitchMultiBoolOps" methodname="TestSwitchMultiBoolOps" classname="Kaitai.SpecSwitchMultiBoolOps" runstate="Runnable" seed="331227127" result="Passed" start-time="2019-03-10 12:36:24Z" end-time="2019-03-10 12:36:24Z" duration="0.001680" asserts="9" />
      </test-suite>
      <test-suite type="TestFixture" id="0-1248" name="SpecSwitchRepeatExpr" fullname="Kaitai.SpecSwitchRepeatExpr" classname="Kaitai.SpecSwitchRepeatExpr" runstate="Runnable" testcasecount="1" result="Passed" start-time="2019-03-10 12:36:24Z" end-time="2019-03-10 12:36:24Z" duration="0.003796" total="1" passed="1" failed="0" inconclusive="0" skipped="0" asserts="3">
        <test-case id="0-1249" name="TestSwitchRepeatExpr" fullname="Kaitai.SpecSwitchRepeatExpr.TestSwitchRepeatExpr" methodname="TestSwitchRepeatExpr" classname="Kaitai.SpecSwitchRepeatExpr" runstate="Runnable" seed="1936507854" result="Passed" start-time="2019-03-10 12:36:24Z" end-time="2019-03-10 12:36:24Z" duration="0.001255" asserts="3" />
      </test-suite>
      <test-suite type="TestFixture" id="0-1250" name="SpecTermBytes" fullname="Kaitai.SpecTermBytes" classname="Kaitai.SpecTermBytes" runstate="Runnable" testcasecount="1" result="Passed" start-time="2019-03-10 12:36:24Z" end-time="2019-03-10 12:36:24Z" duration="0.003125" total="1" passed="1" failed="0" inconclusive="0" skipped="0" asserts="3">
        <test-case id="0-1251" name="TestTermBytes" fullname="Kaitai.SpecTermBytes.TestTermBytes" methodname="TestTermBytes" classname="Kaitai.SpecTermBytes" runstate="Runnable" seed="1218524867" result="Passed" start-time="2019-03-10 12:36:24Z" end-time="2019-03-10 12:36:24Z" duration="0.000599" asserts="3" />
      </test-suite>
      <test-suite type="TestFixture" id="0-1252" name="SpecTermStrz" fullname="Kaitai.SpecTermStrz" classname="Kaitai.SpecTermStrz" runstate="Runnable" testcasecount="1" result="Passed" start-time="2019-03-10 12:36:24Z" end-time="2019-03-10 12:36:24Z" duration="0.003048" total="1" passed="1" failed="0" inconclusive="0" skipped="0" asserts="3">
        <test-case id="0-1253" name="TestTermStrz" fullname="Kaitai.SpecTermStrz.TestTermStrz" methodname="TestTermStrz" classname="Kaitai.SpecTermStrz" runstate="Runnable" seed="831057803" result="Passed" start-time="2019-03-10 12:36:24Z" end-time="2019-03-10 12:36:24Z" duration="0.000452" asserts="3" />
      </test-suite>
      <test-suite type="TestFixture" id="0-1254" name="SpecTsPacketHeader" fullname="Kaitai.SpecTsPacketHeader" classname="Kaitai.SpecTsPacketHeader" runstate="Runnable" testcasecount="1" result="Passed" start-time="2019-03-10 12:36:24Z" end-time="2019-03-10 12:36:24Z" duration="0.003554" total="1" passed="1" failed="0" inconclusive="0" skipped="0" asserts="7">
        <test-case id="0-1255" name="TestTsPacketHeader" fullname="Kaitai.SpecTsPacketHeader.TestTsPacketHeader" methodname="TestTsPacketHeader" classname="Kaitai.SpecTsPacketHeader" runstate="Runnable" seed="2070869420" result="Passed" start-time="2019-03-10 12:36:24Z" end-time="2019-03-10 12:36:24Z" duration="0.000987" asserts="7" />
      </test-suite>
      <test-suite type="TestFixture" id="0-1256" name="SpecTypeIntUnaryOp" fullname="Kaitai.SpecTypeIntUnaryOp" classname="Kaitai.SpecTypeIntUnaryOp" runstate="Runnable" testcasecount="1" result="Passed" start-time="2019-03-10 12:36:24Z" end-time="2019-03-10 12:36:24Z" duration="0.003367" total="1" passed="1" failed="0" inconclusive="0" skipped="0" asserts="4">
        <test-case id="0-1257" name="TestTypeIntUnaryOp" fullname="Kaitai.SpecTypeIntUnaryOp.TestTypeIntUnaryOp" methodname="TestTypeIntUnaryOp" classname="Kaitai.SpecTypeIntUnaryOp" runstate="Runnable" seed="409833306" result="Passed" start-time="2019-03-10 12:36:24Z" end-time="2019-03-10 12:36:24Z" duration="0.000764" asserts="4" />
      </test-suite>
      <test-suite type="TestFixture" id="0-1258" name="SpecTypeTernary" fullname="Kaitai.SpecTypeTernary" classname="Kaitai.SpecTypeTernary" runstate="Runnable" testcasecount="1" result="Passed" start-time="2019-03-10 12:36:24Z" end-time="2019-03-10 12:36:24Z" duration="0.003404" total="1" passed="1" failed="0" inconclusive="0" skipped="0" asserts="1">
        <test-case id="0-1259" name="TestTypeTernary" fullname="Kaitai.SpecTypeTernary.TestTypeTernary" methodname="TestTypeTernary" classname="Kaitai.SpecTypeTernary" runstate="Runnable" seed="1019357030" result="Passed" start-time="2019-03-10 12:36:24Z" end-time="2019-03-10 12:36:24Z" duration="0.000858" asserts="1" />
      </test-suite>
      <test-suite type="TestFixture" id="0-1260" name="SpecTypeTernaryOpaque" fullname="Kaitai.SpecTypeTernaryOpaque" classname="Kaitai.SpecTypeTernaryOpaque" runstate="Runnable" testcasecount="1" result="Passed" start-time="2019-03-10 12:36:24Z" end-time="2019-03-10 12:36:24Z" duration="0.003330" total="1" passed="1" failed="0" inconclusive="0" skipped="0" asserts="3">
        <test-case id="0-1261" name="TestTypeTernaryOpaque" fullname="Kaitai.SpecTypeTernaryOpaque.TestTypeTernaryOpaque" methodname="TestTypeTernaryOpaque" classname="Kaitai.SpecTypeTernaryOpaque" runstate="Runnable" seed="499879855" result="Passed" start-time="2019-03-10 12:36:24Z" end-time="2019-03-10 12:36:24Z" duration="0.000810" asserts="3" />
      </test-suite>
      <test-suite type="TestFixture" id="0-1262" name="SpecUserType" fullname="Kaitai.SpecUserType" classname="Kaitai.SpecUserType" runstate="Runnable" testcasecount="1" result="Passed" start-time="2019-03-10 12:36:24Z" end-time="2019-03-10 12:36:24Z" duration="0.003205" total="1" passed="1" failed="0" inconclusive="0" skipped="0" asserts="2">
        <test-case id="0-1263" name="TestUserType" fullname="Kaitai.SpecUserType.TestUserType" methodname="TestUserType" classname="Kaitai.SpecUserType" runstate="Runnable" seed="925118377" result="Passed" start-time="2019-03-10 12:36:24Z" end-time="2019-03-10 12:36:24Z" duration="0.000667" asserts="2" />
      </test-suite>
      <test-suite type="TestFixture" id="0-1264" name="SpecZlibWithHeader78" fullname="Kaitai.SpecZlibWithHeader78" classname="Kaitai.SpecZlibWithHeader78" runstate="Runnable" testcasecount="1" result="Passed" start-time="2019-03-10 12:36:24Z" end-time="2019-03-10 12:36:24Z" duration="0.009693" total="1" passed="1" failed="0" inconclusive="0" skipped="0" asserts="1">
        <test-case id="0-1265" name="TestZlibWithHeader78" fullname="Kaitai.SpecZlibWithHeader78.TestZlibWithHeader78" methodname="TestZlibWithHeader78" classname="Kaitai.SpecZlibWithHeader78" runstate="Runnable" seed="1548484170" result="Passed" start-time="2019-03-10 12:36:24Z" end-time="2019-03-10 12:36:24Z" duration="0.007159" asserts="1" />
      </test-suite>
    </test-suite>
  </test-suite>
</test-run>