<?xml version="1.0" encoding="utf-8" standalone="no"?>
<test-run id="2" testcasecount="133" result="Passed" total="133" passed="133" failed="0" inconclusive="0" skipped="0" asserts="648" engine-version="3.4.1.0" clr-version="4.0.30319.42000" start-time="2019-03-11 20:16:07Z" end-time="2019-03-11 20:16:08Z" duration="1.006972">
  <command-line><![CDATA[/home/travis/build/kaitai-io/ci_targets/tests/spec/csharp/packages/NUnit.ConsoleRunner.3.4.1/tools/nunit3-console.exe --result=test_out/csharp/TestResult.xml spec/csharp/kaitai_struct_csharp_tests/bin/Debug/kaitai_struct_csharp_tests.dll]]></command-line>
  <test-suite type="Assembly" id="0-1266" name="kaitai_struct_csharp_tests.dll" fullname="/home/travis/build/kaitai-io/ci_targets/tests/spec/csharp/kaitai_struct_csharp_tests/bin/Debug/kaitai_struct_csharp_tests.dll" runstate="Runnable" testcasecount="133" result="Passed" start-time="2019-03-11 20:16:07Z" end-time="2019-03-11 20:16:08Z" duration="0.913807" total="133" passed="133" failed="0" inconclusive="0" skipped="0" asserts="648">
    <environment framework-version="3.4.1.0" clr-version="4.0.30319.42000" os-version="Unix 4.4.0.101" platform="Unix" cwd="/home/travis/build/kaitai-io/ci_targets/tests" machine-name="travis-job-4d1250c4-ecfd-4f80-8245-43b37cd3d45a" user="travis" user-domain="travis-job-4d1250c4-ecfd-4f80-8245-43b37cd3d45a" culture="en-US" uiculture="en-US" os-architecture="x64" />
    <settings>
      <setting name="WorkDirectory" value="/home/travis/build/kaitai-io/ci_targets/tests" />
      <setting name="ImageRuntimeVersion" value="4.0.30319" />
      <setting name="ImageTargetFrameworkName" value=".NETFramework,Version=v4.5" />
      <setting name="ImageRequiresX86" value="False" />
      <setting name="ImageRequiresDefaultAppDomainAssemblyResolver" value="False" />
      <setting name="NumberOfTestWorkers" value="2" />
    </settings>
    <properties>
      <property name="_PID" value="9943" />
      <property name="_APPDOMAIN" value="test-domain-" />
    </properties>
    <test-suite type="TestSuite" id="0-1267" name="Kaitai" fullname="Kaitai" runstate="Runnable" testcasecount="133" result="Passed" start-time="2019-03-11 20:16:07Z" end-time="2019-03-11 20:16:08Z" duration="0.896856" total="133" passed="133" failed="0" inconclusive="0" skipped="0" asserts="648">
      <test-suite type="TestFixture" id="0-1000" name="SpecBcdUserTypeBe" fullname="Kaitai.SpecBcdUserTypeBe" classname="Kaitai.SpecBcdUserTypeBe" runstate="Runnable" testcasecount="1" result="Passed" start-time="2019-03-11 20:16:07Z" end-time="2019-03-11 20:16:07Z" duration="0.024203" total="1" passed="1" failed="0" inconclusive="0" skipped="0" asserts="6">
        <test-case id="0-1001" name="TestBcdUserTypeBe" fullname="Kaitai.SpecBcdUserTypeBe.TestBcdUserTypeBe" methodname="TestBcdUserTypeBe" classname="Kaitai.SpecBcdUserTypeBe" runstate="Runnable" seed="2131714232" result="Passed" start-time="2019-03-11 20:16:07Z" end-time="2019-03-11 20:16:07Z" duration="0.012967" asserts="6" />
      </test-suite>
      <test-suite type="TestFixture" id="0-1002" name="SpecBcdUserTypeLe" fullname="Kaitai.SpecBcdUserTypeLe" classname="Kaitai.SpecBcdUserTypeLe" runstate="Runnable" testcasecount="1" result="Passed" start-time="2019-03-11 20:16:07Z" end-time="2019-03-11 20:16:07Z" duration="0.007102" total="1" passed="1" failed="0" inconclusive="0" skipped="0" asserts="6">
        <test-case id="0-1003" name="TestBcdUserTypeLe" fullname="Kaitai.SpecBcdUserTypeLe.TestBcdUserTypeLe" methodname="TestBcdUserTypeLe" classname="Kaitai.SpecBcdUserTypeLe" runstate="Runnable" seed="1851366972" result="Passed" start-time="2019-03-11 20:16:07Z" end-time="2019-03-11 20:16:07Z" duration="0.004385" asserts="6" />
      </test-suite>
      <test-suite type="TestFixture" id="0-1004" name="SpecBitsByteAligned" fullname="Kaitai.SpecBitsByteAligned" classname="Kaitai.SpecBitsByteAligned" runstate="Runnable" testcasecount="1" result="Passed" start-time="2019-03-11 20:16:07Z" end-time="2019-03-11 20:16:07Z" duration="0.008406" total="1" passed="1" failed="0" inconclusive="0" skipped="0" asserts="9">
        <test-case id="0-1005" name="TestBitsByteAligned" fullname="Kaitai.SpecBitsByteAligned.TestBitsByteAligned" methodname="TestBitsByteAligned" classname="Kaitai.SpecBitsByteAligned" runstate="Runnable" seed="719910487" result="Passed" start-time="2019-03-11 20:16:07Z" end-time="2019-03-11 20:16:07Z" duration="0.005718" asserts="9" />
      </test-suite>
      <test-suite type="TestFixture" id="0-1006" name="SpecBitsEnum" fullname="Kaitai.SpecBitsEnum" classname="Kaitai.SpecBitsEnum" runstate="Runnable" testcasecount="1" result="Passed" start-time="2019-03-11 20:16:07Z" end-time="2019-03-11 20:16:07Z" duration="0.003883" total="1" passed="1" failed="0" inconclusive="0" skipped="0" asserts="3">
        <test-case id="0-1007" name="TestBitsEnum" fullname="Kaitai.SpecBitsEnum.TestBitsEnum" methodname="TestBitsEnum" classname="Kaitai.SpecBitsEnum" runstate="Runnable" seed="61607511" result="Passed" start-time="2019-03-11 20:16:07Z" end-time="2019-03-11 20:16:07Z" duration="0.001214" asserts="3" />
      </test-suite>
      <test-suite type="TestFixture" id="0-1008" name="SpecBitsSimple" fullname="Kaitai.SpecBitsSimple" classname="Kaitai.SpecBitsSimple" runstate="Runnable" testcasecount="1" result="Passed" start-time="2019-03-11 20:16:07Z" end-time="2019-03-11 20:16:07Z" duration="0.010074" total="1" passed="1" failed="0" inconclusive="0" skipped="0" asserts="14">
        <test-case id="0-1009" name="TestBitsSimple" fullname="Kaitai.SpecBitsSimple.TestBitsSimple" methodname="TestBitsSimple" classname="Kaitai.SpecBitsSimple" runstate="Runnable" seed="8031949" result="Passed" start-time="2019-03-11 20:16:07Z" end-time="2019-03-11 20:16:07Z" duration="0.007377" asserts="14" />
      </test-suite>
      <test-suite type="TestFixture" id="0-1010" name="SpecBufferedStruct" fullname="Kaitai.SpecBufferedStruct" classname="Kaitai.SpecBufferedStruct" runstate="Runnable" testcasecount="1" result="Passed" start-time="2019-03-11 20:16:07Z" end-time="2019-03-11 20:16:07Z" duration="0.004616" total="1" passed="1" failed="0" inconclusive="0" skipped="0" asserts="9">
        <test-case id="0-1011" name="TestBufferedStruct" fullname="Kaitai.SpecBufferedStruct.TestBufferedStruct" methodname="TestBufferedStruct" classname="Kaitai.SpecBufferedStruct" runstate="Runnable" seed="977131327" result="Passed" start-time="2019-03-11 20:16:07Z" end-time="2019-03-11 20:16:07Z" duration="0.002042" asserts="9" />
      </test-suite>
      <test-suite type="TestFixture" id="0-1012" name="SpecBytesPadTerm" fullname="Kaitai.SpecBytesPadTerm" classname="Kaitai.SpecBytesPadTerm" runstate="Runnable" testcasecount="1" result="Passed" start-time="2019-03-11 20:16:07Z" end-time="2019-03-11 20:16:07Z" duration="0.003525" total="1" passed="1" failed="0" inconclusive="0" skipped="0" asserts="4">
        <test-case id="0-1013" name="TestBytesPadTerm" fullname="Kaitai.SpecBytesPadTerm.TestBytesPadTerm" methodname="TestBytesPadTerm" classname="Kaitai.SpecBytesPadTerm" runstate="Runnable" seed="190461880" result="Passed" start-time="2019-03-11 20:16:07Z" end-time="2019-03-11 20:16:07Z" duration="0.000993" asserts="4" />
      </test-suite>
      <test-suite type="TestFixture" id="0-1014" name="SpecCastToImported" fullname="Kaitai.SpecCastToImported" classname="Kaitai.SpecCastToImported" runstate="Runnable" testcasecount="1" result="Passed" start-time="2019-03-11 20:16:07Z" end-time="2019-03-11 20:16:07Z" duration="0.003193" total="1" passed="1" failed="0" inconclusive="0" skipped="0" asserts="2">
        <test-case id="0-1015" name="TestCastToImported" fullname="Kaitai.SpecCastToImported.TestCastToImported" methodname="TestCastToImported" classname="Kaitai.SpecCastToImported" runstate="Runnable" seed="1546820857" result="Passed" start-time="2019-03-11 20:16:07Z" end-time="2019-03-11 20:16:07Z" duration="0.000654" asserts="2" />
      </test-suite>
      <test-suite type="TestFixture" id="0-1016" name="SpecCastToTop" fullname="Kaitai.SpecCastToTop" classname="Kaitai.SpecCastToTop" runstate="Runnable" testcasecount="1" result="Passed" start-time="2019-03-11 20:16:07Z" end-time="2019-03-11 20:16:07Z" duration="0.003604" total="1" passed="1" failed="0" inconclusive="0" skipped="0" asserts="3">
        <test-case id="0-1017" name="TestCastToTop" fullname="Kaitai.SpecCastToTop.TestCastToTop" methodname="TestCastToTop" classname="Kaitai.SpecCastToTop" runstate="Runnable" seed="1380954390" result="Passed" start-time="2019-03-11 20:16:07Z" end-time="2019-03-11 20:16:07Z" duration="0.001088" asserts="3" />
      </test-suite>
      <test-suite type="TestFixture" id="0-1018" name="SpecDebug0" fullname="Kaitai.SpecDebug0" classname="Kaitai.SpecDebug0" runstate="Runnable" testcasecount="1" result="Passed" start-time="2019-03-11 20:16:07Z" end-time="2019-03-11 20:16:07Z" duration="0.002634" total="1" passed="1" failed="0" inconclusive="0" skipped="0" asserts="0">
        <test-case id="0-1019" name="TestDebug0" fullname="Kaitai.SpecDebug0.TestDebug0" methodname="TestDebug0" classname="Kaitai.SpecDebug0" runstate="Runnable" seed="910676883" result="Passed" start-time="2019-03-11 20:16:07Z" end-time="2019-03-11 20:16:07Z" duration="0.000091" asserts="0" />
      </test-suite>
      <test-suite type="TestFixture" id="0-1020" name="SpecDebugArrayUser" fullname="Kaitai.SpecDebugArrayUser" classname="Kaitai.SpecDebugArrayUser" runstate="Runnable" testcasecount="1" result="Passed" start-time="2019-03-11 20:16:07Z" end-time="2019-03-11 20:16:07Z" duration="0.003890" total="1" passed="1" failed="0" inconclusive="0" skipped="0" asserts="4">
        <test-case id="0-1021" name="TestDebugArrayUser" fullname="Kaitai.SpecDebugArrayUser.TestDebugArrayUser" methodname="TestDebugArrayUser" classname="Kaitai.SpecDebugArrayUser" runstate="Runnable" seed="1842303562" result="Passed" start-time="2019-03-11 20:16:07Z" end-time="2019-03-11 20:16:07Z" duration="0.001309" asserts="4" />
      </test-suite>
      <test-suite type="TestFixture" id="0-1022" name="SpecDebugEnumName" fullname="Kaitai.SpecDebugEnumName" classname="Kaitai.SpecDebugEnumName" runstate="Runnable" testcasecount="1" result="Passed" start-time="2019-03-11 20:16:07Z" end-time="2019-03-11 20:16:07Z" duration="0.002615" total="1" passed="1" failed="0" inconclusive="0" skipped="0" asserts="0">
        <test-case id="0-1023" name="TestDebugEnumName" fullname="Kaitai.SpecDebugEnumName.TestDebugEnumName" methodname="TestDebugEnumName" classname="Kaitai.SpecDebugEnumName" runstate="Runnable" seed="1666019609" result="Passed" start-time="2019-03-11 20:16:07Z" end-time="2019-03-11 20:16:07Z" duration="0.000089" asserts="0" />
      </test-suite>
      <test-suite type="TestFixture" id="0-1024" name="SpecDefaultBigEndian" fullname="Kaitai.SpecDefaultBigEndian" classname="Kaitai.SpecDefaultBigEndian" runstate="Runnable" testcasecount="1" result="Passed" start-time="2019-03-11 20:16:07Z" end-time="2019-03-11 20:16:07Z" duration="0.003097" total="1" passed="1" failed="0" inconclusive="0" skipped="0" asserts="1">
        <test-case id="0-1025" name="TestDefaultBigEndian" fullname="Kaitai.SpecDefaultBigEndian.TestDefaultBigEndian" methodname="TestDefaultBigEndian" classname="Kaitai.SpecDefaultBigEndian" runstate="Runnable" seed="630748664" result="Passed" start-time="2019-03-11 20:16:07Z" end-time="2019-03-11 20:16:07Z" duration="0.000538" asserts="1" />
      </test-suite>
      <test-suite type="TestFixture" id="0-1026" name="SpecDefaultEndianExprException" fullname="Kaitai.SpecDefaultEndianExprException" classname="Kaitai.SpecDefaultEndianExprException" runstate="Runnable" testcasecount="1" result="Passed" start-time="2019-03-11 20:16:07Z" end-time="2019-03-11 20:16:07Z" duration="0.007546" total="1" passed="1" failed="0" inconclusive="0" skipped="0" asserts="1">
        <test-case id="0-1027" name="TestDefaultEndianExprException" fullname="Kaitai.SpecDefaultEndianExprException.TestDefaultEndianExprException" methodname="TestDefaultEndianExprException" classname="Kaitai.SpecDefaultEndianExprException" runstate="Runnable" seed="1309949514" result="Passed" start-time="2019-03-11 20:16:07Z" end-time="2019-03-11 20:16:07Z" duration="0.005023" asserts="1" />
      </test-suite>
      <test-suite type="TestFixture" id="0-1028" name="SpecDefaultEndianExprInherited" fullname="Kaitai.SpecDefaultEndianExprInherited" classname="Kaitai.SpecDefaultEndianExprInherited" runstate="Runnable" testcasecount="1" result="Passed" start-time="2019-03-11 20:16:07Z" end-time="2019-03-11 20:16:07Z" duration="0.006120" total="1" passed="1" failed="0" inconclusive="0" skipped="0" asserts="15">
        <test-case id="0-1029" name="TestDefaultEndianExprInherited" fullname="Kaitai.SpecDefaultEndianExprInherited.TestDefaultEndianExprInherited" methodname="TestDefaultEndianExprInherited" classname="Kaitai.SpecDefaultEndianExprInherited" runstate="Runnable" seed="1921111865" result="Passed" start-time="2019-03-11 20:16:07Z" end-time="2019-03-11 20:16:07Z" duration="0.003565" asserts="15" />
      </test-suite>
      <test-suite type="TestFixture" id="0-1030" name="SpecDefaultEndianExprIsBe" fullname="Kaitai.SpecDefaultEndianExprIsBe" classname="Kaitai.SpecDefaultEndianExprIsBe" runstate="Runnable" testcasecount="1" result="Passed" start-time="2019-03-11 20:16:07Z" end-time="2019-03-11 20:16:07Z" duration="0.005697" total="1" passed="1" failed="0" inconclusive="0" skipped="0" asserts="18">
        <test-case id="0-1031" name="TestDefaultEndianExprIsBe" fullname="Kaitai.SpecDefaultEndianExprIsBe.TestDefaultEndianExprIsBe" methodname="TestDefaultEndianExprIsBe" classname="Kaitai.SpecDefaultEndianExprIsBe" runstate="Runnable" seed="464886511" result="Passed" start-time="2019-03-11 20:16:07Z" end-time="2019-03-11 20:16:07Z" duration="0.003179" asserts="18" />
      </test-suite>
      <test-suite type="TestFixture" id="0-1032" name="SpecDefaultEndianExprIsLe" fullname="Kaitai.SpecDefaultEndianExprIsLe" classname="Kaitai.SpecDefaultEndianExprIsLe" runstate="Runnable" testcasecount="1" result="Passed" start-time="2019-03-11 20:16:07Z" end-time="2019-03-11 20:16:07Z" duration="0.004621" total="1" passed="1" failed="0" inconclusive="0" skipped="0" asserts="12">
        <test-case id="0-1033" name="TestDefaultEndianExprIsLe" fullname="Kaitai.SpecDefaultEndianExprIsLe.TestDefaultEndianExprIsLe" methodname="TestDefaultEndianExprIsLe" classname="Kaitai.SpecDefaultEndianExprIsLe" runstate="Runnable" seed="1167301703" result="Passed" start-time="2019-03-11 20:16:07Z" end-time="2019-03-11 20:16:07Z" duration="0.002097" asserts="12" />
      </test-suite>
      <test-suite type="TestFixture" id="0-1034" name="SpecDefaultEndianMod" fullname="Kaitai.SpecDefaultEndianMod" classname="Kaitai.SpecDefaultEndianMod" runstate="Runnable" testcasecount="1" result="Passed" start-time="2019-03-11 20:16:07Z" end-time="2019-03-11 20:16:07Z" duration="0.003511" total="1" passed="1" failed="0" inconclusive="0" skipped="0" asserts="3">
        <test-case id="0-1035" name="TestDefaultEndianMod" fullname="Kaitai.SpecDefaultEndianMod.TestDefaultEndianMod" methodname="TestDefaultEndianMod" classname="Kaitai.SpecDefaultEndianMod" runstate="Runnable" seed="1766132118" result="Passed" start-time="2019-03-11 20:16:07Z" end-time="2019-03-11 20:16:07Z" duration="0.000982" asserts="3" />
      </test-suite>
      <test-suite type="TestFixture" id="0-1036" name="SpecDocstrings" fullname="Kaitai.SpecDocstrings" classname="Kaitai.SpecDocstrings" runstate="Runnable" testcasecount="1" result="Passed" start-time="2019-03-11 20:16:07Z" end-time="2019-03-11 20:16:07Z" duration="0.002962" total="1" passed="1" failed="0" inconclusive="0" skipped="0" asserts="0">
        <test-case id="0-1037" name="TestDocstrings" fullname="Kaitai.SpecDocstrings.TestDocstrings" methodname="TestDocstrings" classname="Kaitai.SpecDocstrings" runstate="Runnable" seed="1298776272" result="Passed" start-time="2019-03-11 20:16:07Z" end-time="2019-03-11 20:16:07Z" duration="0.000412" asserts="0" />
      </test-suite>
      <test-suite type="TestFixture" id="0-1038" name="SpecDocstringsDocref" fullname="Kaitai.SpecDocstringsDocref" classname="Kaitai.SpecDocstringsDocref" runstate="Runnable" testcasecount="1" result="Passed" start-time="2019-03-11 20:16:07Z" end-time="2019-03-11 20:16:07Z" duration="0.002974" total="1" passed="1" failed="0" inconclusive="0" skipped="0" asserts="0">
        <test-case id="0-1039" name="TestDocstringsDocref" fullname="Kaitai.SpecDocstringsDocref.TestDocstringsDocref" methodname="TestDocstringsDocref" classname="Kaitai.SpecDocstringsDocref" runstate="Runnable" seed="1990102338" result="Passed" start-time="2019-03-11 20:16:07Z" end-time="2019-03-11 20:16:07Z" duration="0.000438" asserts="0" />
      </test-suite>
      <test-suite type="TestFixture" id="0-1040" name="SpecEnum0" fullname="Kaitai.SpecEnum0" classname="Kaitai.SpecEnum0" runstate="Runnable" testcasecount="1" result="Passed" start-time="2019-03-11 20:16:07Z" end-time="2019-03-11 20:16:07Z" duration="0.003113" total="1" passed="1" failed="0" inconclusive="0" skipped="0" asserts="2">
        <test-case id="0-1041" name="TestEnum0" fullname="Kaitai.SpecEnum0.TestEnum0" methodname="TestEnum0" classname="Kaitai.SpecEnum0" runstate="Runnable" seed="126996998" result="Passed" start-time="2019-03-11 20:16:07Z" end-time="2019-03-11 20:16:07Z" duration="0.000583" asserts="2" />
      </test-suite>
      <test-suite type="TestFixture" id="0-1042" name="SpecEnum1" fullname="Kaitai.SpecEnum1" classname="Kaitai.SpecEnum1" runstate="Runnable" testcasecount="1" result="Passed" start-time="2019-03-11 20:16:07Z" end-time="2019-03-11 20:16:07Z" duration="0.003313" total="1" passed="1" failed="0" inconclusive="0" skipped="0" asserts="2">
        <test-case id="0-1043" name="TestEnum1" fullname="Kaitai.SpecEnum1.TestEnum1" methodname="TestEnum1" classname="Kaitai.SpecEnum1" runstate="Runnable" seed="851758737" result="Passed" start-time="2019-03-11 20:16:07Z" end-time="2019-03-11 20:16:07Z" duration="0.000794" asserts="2" />
      </test-suite>
      <test-suite type="TestFixture" id="0-1044" name="SpecEnumFancy" fullname="Kaitai.SpecEnumFancy" classname="Kaitai.SpecEnumFancy" runstate="Runnable" testcasecount="1" result="Passed" start-time="2019-03-11 20:16:07Z" end-time="2019-03-11 20:16:07Z" duration="0.004067" total="1" passed="1" failed="0" inconclusive="0" skipped="0" asserts="2">
        <test-case id="0-1045" name="TestEnumFancy" fullname="Kaitai.SpecEnumFancy.TestEnumFancy" methodname="TestEnumFancy" classname="Kaitai.SpecEnumFancy" runstate="Runnable" seed="350730884" result="Passed" start-time="2019-03-11 20:16:07Z" end-time="2019-03-11 20:16:07Z" duration="0.000526" asserts="2" />
      </test-suite>
      <test-suite type="TestFixture" id="0-1046" name="SpecEnumForUnknownId" fullname="Kaitai.SpecEnumForUnknownId" classname="Kaitai.SpecEnumForUnknownId" runstate="Runnable" testcasecount="1" result="Passed" start-time="2019-03-11 20:16:07Z" end-time="2019-03-11 20:16:07Z" duration="0.003136" total="1" passed="1" failed="0" inconclusive="0" skipped="0" asserts="1">
        <test-case id="0-1047" name="TestEnumForUnknownId" fullname="Kaitai.SpecEnumForUnknownId.TestEnumForUnknownId" methodname="TestEnumForUnknownId" classname="Kaitai.SpecEnumForUnknownId" runstate="Runnable" seed="1199071695" result="Passed" start-time="2019-03-11 20:16:07Z" end-time="2019-03-11 20:16:07Z" duration="0.000570" asserts="1" />
      </test-suite>
      <test-suite type="TestFixture" id="0-1048" name="SpecEnumIf" fullname="Kaitai.SpecEnumIf" classname="Kaitai.SpecEnumIf" runstate="Runnable" testcasecount="1" result="Passed" start-time="2019-03-11 20:16:07Z" end-time="2019-03-11 20:16:07Z" duration="0.019551" total="1" passed="1" failed="0" inconclusive="0" skipped="0" asserts="7">
        <test-case id="0-1049" name="TestEnumIf" fullname="Kaitai.SpecEnumIf.TestEnumIf" methodname="TestEnumIf" classname="Kaitai.SpecEnumIf" runstate="Runnable" seed="1183034033" result="Passed" start-time="2019-03-11 20:16:07Z" end-time="2019-03-11 20:16:07Z" duration="0.016995" asserts="7" />
      </test-suite>
      <test-suite type="TestFixture" id="0-1050" name="SpecEnumNegative" fullname="Kaitai.SpecEnumNegative" classname="Kaitai.SpecEnumNegative" runstate="Runnable" testcasecount="1" result="Passed" start-time="2019-03-11 20:16:07Z" end-time="2019-03-11 20:16:07Z" duration="0.003161" total="1" passed="1" failed="0" inconclusive="0" skipped="0" asserts="2">
        <test-case id="0-1051" name="TestEnumNegative" fullname="Kaitai.SpecEnumNegative.TestEnumNegative" methodname="TestEnumNegative" classname="Kaitai.SpecEnumNegative" runstate="Runnable" seed="1037619583" result="Passed" start-time="2019-03-11 20:16:07Z" end-time="2019-03-11 20:16:07Z" duration="0.000650" asserts="2" />
      </test-suite>
      <test-suite type="TestFixture" id="0-1052" name="SpecEnumOfValueInst" fullname="Kaitai.SpecEnumOfValueInst" classname="Kaitai.SpecEnumOfValueInst" runstate="Runnable" testcasecount="1" result="Passed" start-time="2019-03-11 20:16:07Z" end-time="2019-03-11 20:16:07Z" duration="0.003268" total="1" passed="1" failed="0" inconclusive="0" skipped="0" asserts="4">
        <test-case id="0-1053" name="TestEnumOfValueInst" fullname="Kaitai.SpecEnumOfValueInst.TestEnumOfValueInst" methodname="TestEnumOfValueInst" classname="Kaitai.SpecEnumOfValueInst" runstate="Runnable" seed="426471300" result="Passed" start-time="2019-03-11 20:16:07Z" end-time="2019-03-11 20:16:07Z" duration="0.000780" asserts="4" />
      </test-suite>
      <test-suite type="TestFixture" id="0-1054" name="SpecEnumToI" fullname="Kaitai.SpecEnumToI" classname="Kaitai.SpecEnumToI" runstate="Runnable" testcasecount="1" result="Passed" start-time="2019-03-11 20:16:07Z" end-time="2019-03-11 20:16:07Z" duration="0.003360" total="1" passed="1" failed="0" inconclusive="0" skipped="0" asserts="5">
        <test-case id="0-1055" name="TestEnumToI" fullname="Kaitai.SpecEnumToI.TestEnumToI" methodname="TestEnumToI" classname="Kaitai.SpecEnumToI" runstate="Runnable" seed="468382656" result="Passed" start-time="2019-03-11 20:16:07Z" end-time="2019-03-11 20:16:07Z" duration="0.000855" asserts="5" />
      </test-suite>
      <test-suite type="TestFixture" id="0-1056" name="SpecEofExceptionBytes" fullname="Kaitai.SpecEofExceptionBytes" classname="Kaitai.SpecEofExceptionBytes" runstate="Runnable" testcasecount="1" result="Passed" start-time="2019-03-11 20:16:07Z" end-time="2019-03-11 20:16:07Z" duration="0.003510" total="1" passed="1" failed="0" inconclusive="0" skipped="0" asserts="1">
        <test-case id="0-1057" name="TestEofExceptionBytes" fullname="Kaitai.SpecEofExceptionBytes.TestEofExceptionBytes" methodname="TestEofExceptionBytes" classname="Kaitai.SpecEofExceptionBytes" runstate="Runnable" seed="878392637" result="Passed" start-time="2019-03-11 20:16:07Z" end-time="2019-03-11 20:16:07Z" duration="0.000900" asserts="1" />
      </test-suite>
      <test-suite type="TestFixture" id="0-1058" name="SpecEofExceptionU4" fullname="Kaitai.SpecEofExceptionU4" classname="Kaitai.SpecEofExceptionU4" runstate="Runnable" testcasecount="1" result="Passed" start-time="2019-03-11 20:16:07Z" end-time="2019-03-11 20:16:07Z" duration="0.003165" total="1" passed="1" failed="0" inconclusive="0" skipped="0" asserts="1">
        <test-case id="0-1059" name="TestEofExceptionU4" fullname="Kaitai.SpecEofExceptionU4.TestEofExceptionU4" methodname="TestEofExceptionU4" classname="Kaitai.SpecEofExceptionU4" runstate="Runnable" seed="248779808" result="Passed" start-time="2019-03-11 20:16:07Z" end-time="2019-03-11 20:16:07Z" duration="0.000624" asserts="1" />
      </test-suite>
      <test-suite type="TestFixture" id="0-1060" name="SpecExpr0" fullname="Kaitai.SpecExpr0" classname="Kaitai.SpecExpr0" runstate="Runnable" testcasecount="1" result="Passed" start-time="2019-03-11 20:16:07Z" end-time="2019-03-11 20:16:07Z" duration="0.003168" total="1" passed="1" failed="0" inconclusive="0" skipped="0" asserts="2">
        <test-case id="0-1061" name="TestExpr0" fullname="Kaitai.SpecExpr0.TestExpr0" methodname="TestExpr0" classname="Kaitai.SpecExpr0" runstate="Runnable" seed="287745817" result="Passed" start-time="2019-03-11 20:16:07Z" end-time="2019-03-11 20:16:07Z" duration="0.000582" asserts="2" />
      </test-suite>
      <test-suite type="TestFixture" id="0-1062" name="SpecExpr1" fullname="Kaitai.SpecExpr1" classname="Kaitai.SpecExpr1" runstate="Runnable" testcasecount="1" result="Passed" start-time="2019-03-11 20:16:07Z" end-time="2019-03-11 20:16:07Z" duration="0.003668" total="1" passed="1" failed="0" inconclusive="0" skipped="0" asserts="4">
        <test-case id="0-1063" name="TestExpr1" fullname="Kaitai.SpecExpr1.TestExpr1" methodname="TestExpr1" classname="Kaitai.SpecExpr1" runstate="Runnable" seed="1312698056" result="Passed" start-time="2019-03-11 20:16:07Z" end-time="2019-03-11 20:16:07Z" duration="0.001149" asserts="4" />
      </test-suite>
      <test-suite type="TestFixture" id="0-1064" name="SpecExpr2" fullname="Kaitai.SpecExpr2" classname="Kaitai.SpecExpr2" runstate="Runnable" testcasecount="1" result="Passed" start-time="2019-03-11 20:16:07Z" end-time="2019-03-11 20:16:07Z" duration="0.004556" total="1" passed="1" failed="0" inconclusive="0" skipped="0" asserts="16">
        <test-case id="0-1065" name="TestExpr2" fullname="Kaitai.SpecExpr2.TestExpr2" methodname="TestExpr2" classname="Kaitai.SpecExpr2" runstate="Runnable" seed="427575644" result="Passed" start-time="2019-03-11 20:16:07Z" end-time="2019-03-11 20:16:07Z" duration="0.002051" asserts="16" />
      </test-suite>
      <test-suite type="TestFixture" id="0-1066" name="SpecExpr3" fullname="Kaitai.SpecExpr3" classname="Kaitai.SpecExpr3" runstate="Runnable" testcasecount="1" result="Passed" start-time="2019-03-11 20:16:07Z" end-time="2019-03-11 20:16:07Z" duration="0.004503" total="1" passed="1" failed="0" inconclusive="0" skipped="0" asserts="12">
        <test-case id="0-1067" name="TestExpr3" fullname="Kaitai.SpecExpr3.TestExpr3" methodname="TestExpr3" classname="Kaitai.SpecExpr3" runstate="Runnable" seed="494113808" result="Passed" start-time="2019-03-11 20:16:07Z" end-time="2019-03-11 20:16:07Z" duration="0.001887" asserts="12" />
      </test-suite>
      <test-suite type="TestFixture" id="0-1068" name="SpecExprArray" fullname="Kaitai.SpecExprArray" classname="Kaitai.SpecExprArray" runstate="Runnable" testcasecount="1" result="Passed" start-time="2019-03-11 20:16:07Z" end-time="2019-03-11 20:16:07Z" duration="0.010507" total="1" passed="1" failed="0" inconclusive="0" skipped="0" asserts="15">
        <test-case id="0-1069" name="TestExprArray" fullname="Kaitai.SpecExprArray.TestExprArray" methodname="TestExprArray" classname="Kaitai.SpecExprArray" runstate="Runnable" seed="1737003782" result="Passed" start-time="2019-03-11 20:16:07Z" end-time="2019-03-11 20:16:07Z" duration="0.007910" asserts="15" />
      </test-suite>
      <test-suite type="TestFixture" id="0-1070" name="SpecExprBytesCmp" fullname="Kaitai.SpecExprBytesCmp" classname="Kaitai.SpecExprBytesCmp" runstate="Runnable" testcasecount="1" result="Passed" start-time="2019-03-11 20:16:07Z" end-time="2019-03-11 20:16:07Z" duration="0.004099" total="1" passed="1" failed="0" inconclusive="0" skipped="0" asserts="10">
        <test-case id="0-1071" name="TestExprBytesCmp" fullname="Kaitai.SpecExprBytesCmp.TestExprBytesCmp" methodname="TestExprBytesCmp" classname="Kaitai.SpecExprBytesCmp" runstate="Runnable" seed="1933420561" result="Passed" start-time="2019-03-11 20:16:07Z" end-time="2019-03-11 20:16:07Z" duration="0.001570" asserts="10" />
      </test-suite>
      <test-suite type="TestFixture" id="0-1072" name="SpecExprEnum" fullname="Kaitai.SpecExprEnum" classname="Kaitai.SpecExprEnum" runstate="Runnable" testcasecount="1" result="Passed" start-time="2019-03-11 20:16:07Z" end-time="2019-03-11 20:16:07Z" duration="0.003198" total="1" passed="1" failed="0" inconclusive="0" skipped="0" asserts="3">
        <test-case id="0-1073" name="TestExprEnum" fullname="Kaitai.SpecExprEnum.TestExprEnum" methodname="TestExprEnum" classname="Kaitai.SpecExprEnum" runstate="Runnable" seed="135537898" result="Passed" start-time="2019-03-11 20:16:07Z" end-time="2019-03-11 20:16:07Z" duration="0.000709" asserts="3" />
      </test-suite>
      <test-suite type="TestFixture" id="0-1074" name="SpecExprIoEof" fullname="Kaitai.SpecExprIoEof" classname="Kaitai.SpecExprIoEof" runstate="Runnable" testcasecount="1" result="Passed" start-time="2019-03-11 20:16:07Z" end-time="2019-03-11 20:16:07Z" duration="0.003546" total="1" passed="1" failed="0" inconclusive="0" skipped="0" asserts="4">
        <test-case id="0-1075" name="TestExprIoEof" fullname="Kaitai.SpecExprIoEof.TestExprIoEof" methodname="TestExprIoEof" classname="Kaitai.SpecExprIoEof" runstate="Runnable" seed="440757310" result="Passed" start-time="2019-03-11 20:16:07Z" end-time="2019-03-11 20:16:07Z" duration="0.001057" asserts="4" />
      </test-suite>
      <test-suite type="TestFixture" id="0-1076" name="SpecExprIoPos" fullname="Kaitai.SpecExprIoPos" classname="Kaitai.SpecExprIoPos" runstate="Runnable" testcasecount="1" result="Passed" start-time="2019-03-11 20:16:07Z" end-time="2019-03-11 20:16:07Z" duration="0.003509" total="1" passed="1" failed="0" inconclusive="0" skipped="0" asserts="6">
        <test-case id="0-1077" name="TestExprIoPos" fullname="Kaitai.SpecExprIoPos.TestExprIoPos" methodname="TestExprIoPos" classname="Kaitai.SpecExprIoPos" runstate="Runnable" seed="1885350944" result="Passed" start-time="2019-03-11 20:16:07Z" end-time="2019-03-11 20:16:07Z" duration="0.000985" asserts="6" />
      </test-suite>
      <test-suite type="TestFixture" id="0-1078" name="SpecExprMod" fullname="Kaitai.SpecExprMod" classname="Kaitai.SpecExprMod" runstate="Runnable" testcasecount="1" result="Passed" start-time="2019-03-11 20:16:07Z" end-time="2019-03-11 20:16:07Z" duration="0.003536" total="1" passed="1" failed="0" inconclusive="0" skipped="0" asserts="6">
        <test-case id="0-1079" name="TestExprMod" fullname="Kaitai.SpecExprMod.TestExprMod" methodname="TestExprMod" classname="Kaitai.SpecExprMod" runstate="Runnable" seed="1369496104" result="Passed" start-time="2019-03-11 20:16:07Z" end-time="2019-03-11 20:16:07Z" duration="0.001045" asserts="6" />
      </test-suite>
      <test-suite type="TestFixture" id="0-1080" name="SpecFixedContents" fullname="Kaitai.SpecFixedContents" classname="Kaitai.SpecFixedContents" runstate="Runnable" testcasecount="1" result="Passed" start-time="2019-03-11 20:16:07Z" end-time="2019-03-11 20:16:07Z" duration="0.003125" total="1" passed="1" failed="0" inconclusive="0" skipped="0" asserts="0">
        <test-case id="0-1081" name="TestFixedContents" fullname="Kaitai.SpecFixedContents.TestFixedContents" methodname="TestFixedContents" classname="Kaitai.SpecFixedContents" runstate="Runnable" seed="1685770762" result="Passed" start-time="2019-03-11 20:16:07Z" end-time="2019-03-11 20:16:07Z" duration="0.000653" asserts="0" />
      </test-suite>
      <test-suite type="TestFixture" id="0-1082" name="SpecFixedStruct" fullname="Kaitai.SpecFixedStruct" classname="Kaitai.SpecFixedStruct" runstate="Runnable" testcasecount="1" result="Passed" start-time="2019-03-11 20:16:07Z" end-time="2019-03-11 20:16:07Z" duration="0.004863" total="1" passed="1" failed="0" inconclusive="0" skipped="0" asserts="21">
        <test-case id="0-1083" name="TestFixedStruct" fullname="Kaitai.SpecFixedStruct.TestFixedStruct" methodname="TestFixedStruct" classname="Kaitai.SpecFixedStruct" runstate="Runnable" seed="1069440060" result="Passed" start-time="2019-03-11 20:16:07Z" end-time="2019-03-11 20:16:07Z" duration="0.002382" asserts="21" />
      </test-suite>
      <test-suite type="TestFixture" id="0-1086" name="SpecFloatingPoints" fullname="Kaitai.SpecFloatingPoints" classname="Kaitai.SpecFloatingPoints" runstate="Runnable" testcasecount="1" result="Passed" start-time="2019-03-11 20:16:07Z" end-time="2019-03-11 20:16:07Z" duration="0.004947" total="1" passed="1" failed="0" inconclusive="0" skipped="0" asserts="8">
        <test-case id="0-1087" name="TestFloatingPoints" fullname="Kaitai.SpecFloatingPoints.TestFloatingPoints" methodname="TestFloatingPoints" classname="Kaitai.SpecFloatingPoints" runstate="Runnable" seed="1119860096" result="Passed" start-time="2019-03-11 20:16:07Z" end-time="2019-03-11 20:16:07Z" duration="0.002471" asserts="8" />
      </test-suite>
      <test-suite type="TestFixture" id="0-1084" name="SpecFloatToI" fullname="Kaitai.SpecFloatToI" classname="Kaitai.SpecFloatToI" runstate="Runnable" testcasecount="1" result="Passed" start-time="2019-03-11 20:16:07Z" end-time="2019-03-11 20:16:07Z" duration="0.003800" total="1" passed="1" failed="0" inconclusive="0" skipped="0" asserts="8">
        <test-case id="0-1085" name="TestFloatToI" fullname="Kaitai.SpecFloatToI.TestFloatToI" methodname="TestFloatToI" classname="Kaitai.SpecFloatToI" runstate="Runnable" seed="1062695285" result="Passed" start-time="2019-03-11 20:16:07Z" end-time="2019-03-11 20:16:07Z" duration="0.001252" asserts="8" />
      </test-suite>
      <test-suite type="TestFixture" id="0-1088" name="SpecHelloWorld" fullname="Kaitai.SpecHelloWorld" classname="Kaitai.SpecHelloWorld" runstate="Runnable" testcasecount="1" result="Passed" start-time="2019-03-11 20:16:07Z" end-time="2019-03-11 20:16:07Z" duration="0.002772" total="1" passed="1" failed="0" inconclusive="0" skipped="0" asserts="1">
        <test-case id="0-1089" name="TestHelloWorld" fullname="Kaitai.SpecHelloWorld.TestHelloWorld" methodname="TestHelloWorld" classname="Kaitai.SpecHelloWorld" runstate="Runnable" seed="786715971" result="Passed" start-time="2019-03-11 20:16:07Z" end-time="2019-03-11 20:16:07Z" duration="0.000287" asserts="1" />
      </test-suite>
      <test-suite type="TestFixture" id="0-1090" name="SpecIfInstances" fullname="Kaitai.SpecIfInstances" classname="Kaitai.SpecIfInstances" runstate="Runnable" testcasecount="1" result="Passed" start-time="2019-03-11 20:16:07Z" end-time="2019-03-11 20:16:07Z" duration="0.003312" total="1" passed="1" failed="0" inconclusive="0" skipped="0" asserts="1">
        <test-case id="0-1091" name="TestIfInstances" fullname="Kaitai.SpecIfInstances.TestIfInstances" methodname="TestIfInstances" classname="Kaitai.SpecIfInstances" runstate="Runnable" seed="592443589" result="Passed" start-time="2019-03-11 20:16:07Z" end-time="2019-03-11 20:16:07Z" duration="0.000817" asserts="1" />
      </test-suite>
      <test-suite type="TestFixture" id="0-1092" name="SpecIfStruct" fullname="Kaitai.SpecIfStruct" classname="Kaitai.SpecIfStruct" runstate="Runnable" testcasecount="1" result="Passed" start-time="2019-03-11 20:16:07Z" end-time="2019-03-11 20:16:07Z" duration="0.003666" total="1" passed="1" failed="0" inconclusive="0" skipped="0" asserts="7">
        <test-case id="0-1093" name="TestIfStruct" fullname="Kaitai.SpecIfStruct.TestIfStruct" methodname="TestIfStruct" classname="Kaitai.SpecIfStruct" runstate="Runnable" seed="2088369553" result="Passed" start-time="2019-03-11 20:16:07Z" end-time="2019-03-11 20:16:07Z" duration="0.001160" asserts="7" />
      </test-suite>
      <test-suite type="TestFixture" id="0-1094" name="SpecIfValues" fullname="Kaitai.SpecIfValues" classname="Kaitai.SpecIfValues" runstate="Runnable" testcasecount="1" result="Passed" start-time="2019-03-11 20:16:07Z" end-time="2019-03-11 20:16:07Z" duration="0.004276" total="1" passed="1" failed="0" inconclusive="0" skipped="0" asserts="6">
        <test-case id="0-1095" name="TestIfValues" fullname="Kaitai.SpecIfValues.TestIfValues" methodname="TestIfValues" classname="Kaitai.SpecIfValues" runstate="Runnable" seed="803703236" result="Passed" start-time="2019-03-11 20:16:07Z" end-time="2019-03-11 20:16:07Z" duration="0.001736" asserts="6" />
      </test-suite>
      <test-suite type="TestFixture" id="0-1096" name="SpecImports0" fullname="Kaitai.SpecImports0" classname="Kaitai.SpecImports0" runstate="Runnable" testcasecount="1" result="Passed" start-time="2019-03-11 20:16:07Z" end-time="2019-03-11 20:16:07Z" duration="0.003167" total="1" passed="1" failed="0" inconclusive="0" skipped="0" asserts="3">
        <test-case id="0-1097" name="TestImports0" fullname="Kaitai.SpecImports0.TestImports0" methodname="TestImports0" classname="Kaitai.SpecImports0" runstate="Runnable" seed="664927856" result="Passed" start-time="2019-03-11 20:16:07Z" end-time="2019-03-11 20:16:07Z" duration="0.000625" asserts="3" />
      </test-suite>
      <test-suite type="TestFixture" id="0-1098" name="SpecImportsAbs" fullname="Kaitai.SpecImportsAbs" classname="Kaitai.SpecImportsAbs" runstate="Runnable" testcasecount="1" result="Passed" start-time="2019-03-11 20:16:07Z" end-time="2019-03-11 20:16:07Z" duration="0.004245" total="1" passed="1" failed="0" inconclusive="0" skipped="0" asserts="2">
        <test-case id="0-1099" name="TestImportsAbs" fullname="Kaitai.SpecImportsAbs.TestImportsAbs" methodname="TestImportsAbs" classname="Kaitai.SpecImportsAbs" runstate="Runnable" seed="1098260024" result="Passed" start-time="2019-03-11 20:16:07Z" end-time="2019-03-11 20:16:07Z" duration="0.001731" asserts="2" />
      </test-suite>
      <test-suite type="TestFixture" id="0-1100" name="SpecImportsCircularA" fullname="Kaitai.SpecImportsCircularA" classname="Kaitai.SpecImportsCircularA" runstate="Runnable" testcasecount="1" result="Passed" start-time="2019-03-11 20:16:07Z" end-time="2019-03-11 20:16:07Z" duration="0.003392" total="1" passed="1" failed="0" inconclusive="0" skipped="0" asserts="5">
        <test-case id="0-1101" name="TestImportsCircularA" fullname="Kaitai.SpecImportsCircularA.TestImportsCircularA" methodname="TestImportsCircularA" classname="Kaitai.SpecImportsCircularA" runstate="Runnable" seed="1885211363" result="Passed" start-time="2019-03-11 20:16:07Z" end-time="2019-03-11 20:16:07Z" duration="0.000856" asserts="5" />
      </test-suite>
      <test-suite type="TestFixture" id="0-1102" name="SpecIndexSizes" fullname="Kaitai.SpecIndexSizes" classname="Kaitai.SpecIndexSizes" runstate="Runnable" testcasecount="1" result="Passed" start-time="2019-03-11 20:16:07Z" end-time="2019-03-11 20:16:07Z" duration="0.004007" total="1" passed="1" failed="0" inconclusive="0" skipped="0" asserts="7">
        <test-case id="0-1103" name="TestIndexSizes" fullname="Kaitai.SpecIndexSizes.TestIndexSizes" methodname="TestIndexSizes" classname="Kaitai.SpecIndexSizes" runstate="Runnable" seed="1632012310" result="Passed" start-time="2019-03-11 20:16:07Z" end-time="2019-03-11 20:16:07Z" duration="0.001186" asserts="7" />
      </test-suite>
      <test-suite type="TestFixture" id="0-1104" name="SpecIndexToParamEos" fullname="Kaitai.SpecIndexToParamEos" classname="Kaitai.SpecIndexToParamEos" runstate="Runnable" testcasecount="1" result="Passed" start-time="2019-03-11 20:16:07Z" end-time="2019-03-11 20:16:07Z" duration="0.004119" total="1" passed="1" failed="0" inconclusive="0" skipped="0" asserts="7">
        <test-case id="0-1105" name="TestIndexToParamEos" fullname="Kaitai.SpecIndexToParamEos.TestIndexToParamEos" methodname="TestIndexToParamEos" classname="Kaitai.SpecIndexToParamEos" runstate="Runnable" seed="1380692405" result="Passed" start-time="2019-03-11 20:16:07Z" end-time="2019-03-11 20:16:07Z" duration="0.001520" asserts="7" />
      </test-suite>
      <test-suite type="TestFixture" id="0-1106" name="SpecIndexToParamExpr" fullname="Kaitai.SpecIndexToParamExpr" classname="Kaitai.SpecIndexToParamExpr" runstate="Runnable" testcasecount="1" result="Passed" start-time="2019-03-11 20:16:07Z" end-time="2019-03-11 20:16:07Z" duration="0.003999" total="1" passed="1" failed="0" inconclusive="0" skipped="0" asserts="7">
        <test-case id="0-1107" name="TestIndexToParamExpr" fullname="Kaitai.SpecIndexToParamExpr.TestIndexToParamExpr" methodname="TestIndexToParamExpr" classname="Kaitai.SpecIndexToParamExpr" runstate="Runnable" seed="147973453" result="Passed" start-time="2019-03-11 20:16:07Z" end-time="2019-03-11 20:16:07Z" duration="0.001470" asserts="7" />
      </test-suite>
      <test-suite type="TestFixture" id="0-1108" name="SpecIndexToParamUntil" fullname="Kaitai.SpecIndexToParamUntil" classname="Kaitai.SpecIndexToParamUntil" runstate="Runnable" testcasecount="1" result="Passed" start-time="2019-03-11 20:16:07Z" end-time="2019-03-11 20:16:07Z" duration="0.004058" total="1" passed="1" failed="0" inconclusive="0" skipped="0" asserts="7">
        <test-case id="0-1109" name="TestIndexToParamUntil" fullname="Kaitai.SpecIndexToParamUntil.TestIndexToParamUntil" methodname="TestIndexToParamUntil" classname="Kaitai.SpecIndexToParamUntil" runstate="Runnable" seed="1574944941" result="Passed" start-time="2019-03-11 20:16:07Z" end-time="2019-03-11 20:16:07Z" duration="0.001522" asserts="7" />
      </test-suite>
      <test-suite type="TestFixture" id="0-1110" name="SpecInstanceIoUser" fullname="Kaitai.SpecInstanceIoUser" classname="Kaitai.SpecInstanceIoUser" runstate="Runnable" testcasecount="1" result="Passed" start-time="2019-03-11 20:16:07Z" end-time="2019-03-11 20:16:07Z" duration="0.004397" total="1" passed="1" failed="0" inconclusive="0" skipped="0" asserts="4">
        <test-case id="0-1111" name="TestInstanceIoUser" fullname="Kaitai.SpecInstanceIoUser.TestInstanceIoUser" methodname="TestInstanceIoUser" classname="Kaitai.SpecInstanceIoUser" runstate="Runnable" seed="1304170905" result="Passed" start-time="2019-03-11 20:16:07Z" end-time="2019-03-11 20:16:07Z" duration="0.001890" asserts="4" />
      </test-suite>
      <test-suite type="TestFixture" id="0-1112" name="SpecInstanceStd" fullname="Kaitai.SpecInstanceStd" classname="Kaitai.SpecInstanceStd" runstate="Runnable" testcasecount="1" result="Passed" start-time="2019-03-11 20:16:07Z" end-time="2019-03-11 20:16:07Z" duration="0.003071" total="1" passed="1" failed="0" inconclusive="0" skipped="0" asserts="1">
        <test-case id="0-1113" name="TestInstanceStd" fullname="Kaitai.SpecInstanceStd.TestInstanceStd" methodname="TestInstanceStd" classname="Kaitai.SpecInstanceStd" runstate="Runnable" seed="1784352683" result="Passed" start-time="2019-03-11 20:16:07Z" end-time="2019-03-11 20:16:07Z" duration="0.000512" asserts="1" />
      </test-suite>
      <test-suite type="TestFixture" id="0-1114" name="SpecInstanceStdArray" fullname="Kaitai.SpecInstanceStdArray" classname="Kaitai.SpecInstanceStdArray" runstate="Runnable" testcasecount="1" result="Passed" start-time="2019-03-11 20:16:07Z" end-time="2019-03-11 20:16:07Z" duration="0.003650" total="1" passed="1" failed="0" inconclusive="0" skipped="0" asserts="7">
        <test-case id="0-1115" name="TestInstanceStdArray" fullname="Kaitai.SpecInstanceStdArray.TestInstanceStdArray" methodname="TestInstanceStdArray" classname="Kaitai.SpecInstanceStdArray" runstate="Runnable" seed="1763636547" result="Passed" start-time="2019-03-11 20:16:07Z" end-time="2019-03-11 20:16:07Z" duration="0.001126" asserts="7" />
      </test-suite>
      <test-suite type="TestFixture" id="0-1116" name="SpecInstanceUserArray" fullname="Kaitai.SpecInstanceUserArray" classname="Kaitai.SpecInstanceUserArray" runstate="Runnable" testcasecount="1" result="Passed" start-time="2019-03-11 20:16:07Z" end-time="2019-03-11 20:16:07Z" duration="0.004155" total="1" passed="1" failed="0" inconclusive="0" skipped="0" asserts="10">
        <test-case id="0-1117" name="TestInstanceUserArray" fullname="Kaitai.SpecInstanceUserArray.TestInstanceUserArray" methodname="TestInstanceUserArray" classname="Kaitai.SpecInstanceUserArray" runstate="Runnable" seed="1724459082" result="Passed" start-time="2019-03-11 20:16:07Z" end-time="2019-03-11 20:16:07Z" duration="0.001661" asserts="10" />
      </test-suite>
      <test-suite type="TestFixture" id="0-1118" name="SpecJsSignedRightShift" fullname="Kaitai.SpecJsSignedRightShift" classname="Kaitai.SpecJsSignedRightShift" runstate="Runnable" testcasecount="1" result="Passed" start-time="2019-03-11 20:16:07Z" end-time="2019-03-11 20:16:07Z" duration="0.003072" total="1" passed="1" failed="0" inconclusive="0" skipped="0" asserts="2">
        <test-case id="0-1119" name="TestJsSignedRightShift" fullname="Kaitai.SpecJsSignedRightShift.TestJsSignedRightShift" methodname="TestJsSignedRightShift" classname="Kaitai.SpecJsSignedRightShift" runstate="Runnable" seed="1387354537" result="Passed" start-time="2019-03-11 20:16:07Z" end-time="2019-03-11 20:16:07Z" duration="0.000529" asserts="2" />
      </test-suite>
      <test-suite type="TestFixture" id="0-1120" name="SpecMetaXref" fullname="Kaitai.SpecMetaXref" classname="Kaitai.SpecMetaXref" runstate="Runnable" testcasecount="1" result="Passed" start-time="2019-03-11 20:16:07Z" end-time="2019-03-11 20:16:07Z" duration="0.002917" total="1" passed="1" failed="0" inconclusive="0" skipped="0" asserts="0">
        <test-case id="0-1121" name="TestMetaXref" fullname="Kaitai.SpecMetaXref.TestMetaXref" methodname="TestMetaXref" classname="Kaitai.SpecMetaXref" runstate="Runnable" seed="480266180" result="Passed" start-time="2019-03-11 20:16:07Z" end-time="2019-03-11 20:16:07Z" duration="0.000367" asserts="0" />
      </test-suite>
      <test-suite type="TestFixture" id="0-1122" name="SpecMultipleUse" fullname="Kaitai.SpecMultipleUse" classname="Kaitai.SpecMultipleUse" runstate="Runnable" testcasecount="1" result="Passed" start-time="2019-03-11 20:16:08Z" end-time="2019-03-11 20:16:08Z" duration="0.003526" total="1" passed="1" failed="0" inconclusive="0" skipped="0" asserts="2">
        <test-case id="0-1123" name="TestMultipleUse" fullname="Kaitai.SpecMultipleUse.TestMultipleUse" methodname="TestMultipleUse" classname="Kaitai.SpecMultipleUse" runstate="Runnable" seed="1261003619" result="Passed" start-time="2019-03-11 20:16:08Z" end-time="2019-03-11 20:16:08Z" duration="0.000909" asserts="2" />
      </test-suite>
      <test-suite type="TestFixture" id="0-1124" name="SpecNavParent" fullname="Kaitai.SpecNavParent" classname="Kaitai.SpecNavParent" runstate="Runnable" testcasecount="1" result="Passed" start-time="2019-03-11 20:16:08Z" end-time="2019-03-11 20:16:08Z" duration="0.017641" total="1" passed="1" failed="0" inconclusive="0" skipped="0" asserts="5">
        <test-case id="0-1125" name="TestNavParent" fullname="Kaitai.SpecNavParent.TestNavParent" methodname="TestNavParent" classname="Kaitai.SpecNavParent" runstate="Runnable" seed="261712651" result="Passed" start-time="2019-03-11 20:16:08Z" end-time="2019-03-11 20:16:08Z" duration="0.005460" asserts="5" />
      </test-suite>
      <test-suite type="TestFixture" id="0-1126" name="SpecNavParent2" fullname="Kaitai.SpecNavParent2" classname="Kaitai.SpecNavParent2" runstate="Runnable" testcasecount="1" result="Passed" start-time="2019-03-11 20:16:08Z" end-time="2019-03-11 20:16:08Z" duration="0.004456" total="1" passed="1" failed="0" inconclusive="0" skipped="0" asserts="10">
        <test-case id="0-1127" name="TestNavParent2" fullname="Kaitai.SpecNavParent2.TestNavParent2" methodname="TestNavParent2" classname="Kaitai.SpecNavParent2" runstate="Runnable" seed="417712621" result="Passed" start-time="2019-03-11 20:16:08Z" end-time="2019-03-11 20:16:08Z" duration="0.001848" asserts="10" />
      </test-suite>
      <test-suite type="TestFixture" id="0-1128" name="SpecNavParent3" fullname="Kaitai.SpecNavParent3" classname="Kaitai.SpecNavParent3" runstate="Runnable" testcasecount="1" result="Passed" start-time="2019-03-11 20:16:08Z" end-time="2019-03-11 20:16:08Z" duration="0.004408" total="1" passed="1" failed="0" inconclusive="0" skipped="0" asserts="10">
        <test-case id="0-1129" name="TestNavParent3" fullname="Kaitai.SpecNavParent3.TestNavParent3" methodname="TestNavParent3" classname="Kaitai.SpecNavParent3" runstate="Runnable" seed="492469303" result="Passed" start-time="2019-03-11 20:16:08Z" end-time="2019-03-11 20:16:08Z" duration="0.001885" asserts="10" />
      </test-suite>
      <test-suite type="TestFixture" id="0-1130" name="SpecNavParentFalse" fullname="Kaitai.SpecNavParentFalse" classname="Kaitai.SpecNavParentFalse" runstate="Runnable" testcasecount="1" result="Passed" start-time="2019-03-11 20:16:08Z" end-time="2019-03-11 20:16:08Z" duration="0.003620" total="1" passed="1" failed="0" inconclusive="0" skipped="0" asserts="5">
        <test-case id="0-1131" name="TestNavParentFalse" fullname="Kaitai.SpecNavParentFalse.TestNavParentFalse" methodname="TestNavParentFalse" classname="Kaitai.SpecNavParentFalse" runstate="Runnable" seed="929771199" result="Passed" start-time="2019-03-11 20:16:08Z" end-time="2019-03-11 20:16:08Z" duration="0.001098" asserts="5" />
      </test-suite>
      <test-suite type="TestFixture" id="0-1132" name="SpecNavParentFalse2" fullname="Kaitai.SpecNavParentFalse2" classname="Kaitai.SpecNavParentFalse2" runstate="Runnable" testcasecount="1" result="Passed" start-time="2019-03-11 20:16:08Z" end-time="2019-03-11 20:16:08Z" duration="0.003203" total="1" passed="1" failed="0" inconclusive="0" skipped="0" asserts="1">
        <test-case id="0-1133" name="TestNavParentFalse2" fullname="Kaitai.SpecNavParentFalse2.TestNavParentFalse2" methodname="TestNavParentFalse2" classname="Kaitai.SpecNavParentFalse2" runstate="Runnable" seed="344250692" result="Passed" start-time="2019-03-11 20:16:08Z" end-time="2019-03-11 20:16:08Z" duration="0.000588" asserts="1" />
      </test-suite>
      <test-suite type="TestFixture" id="0-1134" name="SpecNavParentOverride" fullname="Kaitai.SpecNavParentOverride" classname="Kaitai.SpecNavParentOverride" runstate="Runnable" testcasecount="1" result="Passed" start-time="2019-03-11 20:16:08Z" end-time="2019-03-11 20:16:08Z" duration="0.003442" total="1" passed="1" failed="0" inconclusive="0" skipped="0" asserts="3">
        <test-case id="0-1135" name="TestNavParentOverride" fullname="Kaitai.SpecNavParentOverride.TestNavParentOverride" methodname="TestNavParentOverride" classname="Kaitai.SpecNavParentOverride" runstate="Runnable" seed="1035851743" result="Passed" start-time="2019-03-11 20:16:08Z" end-time="2019-03-11 20:16:08Z" duration="0.000887" asserts="3" />
      </test-suite>
      <test-suite type="TestFixture" id="0-1136" name="SpecNavParentSwitch" fullname="Kaitai.SpecNavParentSwitch" classname="Kaitai.SpecNavParentSwitch" runstate="Runnable" testcasecount="1" result="Passed" start-time="2019-03-11 20:16:08Z" end-time="2019-03-11 20:16:08Z" duration="0.003532" total="1" passed="1" failed="0" inconclusive="0" skipped="0" asserts="3">
        <test-case id="0-1137" name="TestNavParentSwitch" fullname="Kaitai.SpecNavParentSwitch.TestNavParentSwitch" methodname="TestNavParentSwitch" classname="Kaitai.SpecNavParentSwitch" runstate="Runnable" seed="338580281" result="Passed" start-time="2019-03-11 20:16:08Z" end-time="2019-03-11 20:16:08Z" duration="0.000962" asserts="3" />
      </test-suite>
      <test-suite type="TestFixture" id="0-1138" name="SpecNavParentVsValueInst" fullname="Kaitai.SpecNavParentVsValueInst" classname="Kaitai.SpecNavParentVsValueInst" runstate="Runnable" testcasecount="1" result="Passed" start-time="2019-03-11 20:16:08Z" end-time="2019-03-11 20:16:08Z" duration="0.003096" total="1" passed="1" failed="0" inconclusive="0" skipped="0" asserts="1">
        <test-case id="0-1139" name="TestNavParentVsValueInst" fullname="Kaitai.SpecNavParentVsValueInst.TestNavParentVsValueInst" methodname="TestNavParentVsValueInst" classname="Kaitai.SpecNavParentVsValueInst" runstate="Runnable" seed="447314612" result="Passed" start-time="2019-03-11 20:16:08Z" end-time="2019-03-11 20:16:08Z" duration="0.000566" asserts="1" />
      </test-suite>
      <test-suite type="TestFixture" id="0-1140" name="SpecNavRoot" fullname="Kaitai.SpecNavRoot" classname="Kaitai.SpecNavRoot" runstate="Runnable" testcasecount="1" result="Passed" start-time="2019-03-11 20:16:08Z" end-time="2019-03-11 20:16:08Z" duration="0.004017" total="1" passed="1" failed="0" inconclusive="0" skipped="0" asserts="5">
        <test-case id="0-1141" name="TestNavRoot" fullname="Kaitai.SpecNavRoot.TestNavRoot" methodname="TestNavRoot" classname="Kaitai.SpecNavRoot" runstate="Runnable" seed="156687590" result="Passed" start-time="2019-03-11 20:16:08Z" end-time="2019-03-11 20:16:08Z" duration="0.001513" asserts="5" />
      </test-suite>
      <test-suite type="TestFixture" id="0-1142" name="SpecNestedSameName" fullname="Kaitai.SpecNestedSameName" classname="Kaitai.SpecNestedSameName" runstate="Runnable" testcasecount="1" result="Passed" start-time="2019-03-11 20:16:08Z" end-time="2019-03-11 20:16:08Z" duration="0.003363" total="1" passed="1" failed="0" inconclusive="0" skipped="0" asserts="2">
        <test-case id="0-1143" name="TestNestedSameName" fullname="Kaitai.SpecNestedSameName.TestNestedSameName" methodname="TestNestedSameName" classname="Kaitai.SpecNestedSameName" runstate="Runnable" seed="1626532171" result="Passed" start-time="2019-03-11 20:16:08Z" end-time="2019-03-11 20:16:08Z" duration="0.000855" asserts="2" />
      </test-suite>
      <test-suite type="TestFixture" id="0-1144" name="SpecNestedSameName2" fullname="Kaitai.SpecNestedSameName2" classname="Kaitai.SpecNestedSameName2" runstate="Runnable" testcasecount="1" result="Passed" start-time="2019-03-11 20:16:08Z" end-time="2019-03-11 20:16:08Z" duration="0.003719" total="1" passed="1" failed="0" inconclusive="0" skipped="0" asserts="5">
        <test-case id="0-1145" name="TestNestedSameName2" fullname="Kaitai.SpecNestedSameName2.TestNestedSameName2" methodname="TestNestedSameName2" classname="Kaitai.SpecNestedSameName2" runstate="Runnable" seed="343762687" result="Passed" start-time="2019-03-11 20:16:08Z" end-time="2019-03-11 20:16:08Z" duration="0.001161" asserts="5" />
      </test-suite>
      <test-suite type="TestFixture" id="0-1146" name="SpecNestedTypes" fullname="Kaitai.SpecNestedTypes" classname="Kaitai.SpecNestedTypes" runstate="Runnable" testcasecount="1" result="Passed" start-time="2019-03-11 20:16:08Z" end-time="2019-03-11 20:16:08Z" duration="0.003411" total="1" passed="1" failed="0" inconclusive="0" skipped="0" asserts="3">
        <test-case id="0-1147" name="TestNestedTypes" fullname="Kaitai.SpecNestedTypes.TestNestedTypes" methodname="TestNestedTypes" classname="Kaitai.SpecNestedTypes" runstate="Runnable" seed="2091124449" result="Passed" start-time="2019-03-11 20:16:08Z" end-time="2019-03-11 20:16:08Z" duration="0.000886" asserts="3" />
      </test-suite>
      <test-suite type="TestFixture" id="0-1148" name="SpecNestedTypes2" fullname="Kaitai.SpecNestedTypes2" classname="Kaitai.SpecNestedTypes2" runstate="Runnable" testcasecount="1" result="Passed" start-time="2019-03-11 20:16:08Z" end-time="2019-03-11 20:16:08Z" duration="0.003889" total="1" passed="1" failed="0" inconclusive="0" skipped="0" asserts="7">
        <test-case id="0-1149" name="TestNestedTypes2" fullname="Kaitai.SpecNestedTypes2.TestNestedTypes2" methodname="TestNestedTypes2" classname="Kaitai.SpecNestedTypes2" runstate="Runnable" seed="1548721339" result="Passed" start-time="2019-03-11 20:16:08Z" end-time="2019-03-11 20:16:08Z" duration="0.001388" asserts="7" />
      </test-suite>
      <test-suite type="TestFixture" id="0-1150" name="SpecNonStandard" fullname="Kaitai.SpecNonStandard" classname="Kaitai.SpecNonStandard" runstate="Runnable" testcasecount="1" result="Passed" start-time="2019-03-11 20:16:08Z" end-time="2019-03-11 20:16:08Z" duration="0.003030" total="1" passed="1" failed="0" inconclusive="0" skipped="0" asserts="1">
        <test-case id="0-1151" name="TestNonStandard" fullname="Kaitai.SpecNonStandard.TestNonStandard" methodname="TestNonStandard" classname="Kaitai.SpecNonStandard" runstate="Runnable" seed="1368259745" result="Passed" start-time="2019-03-11 20:16:08Z" end-time="2019-03-11 20:16:08Z" duration="0.000534" asserts="1" />
      </test-suite>
      <test-suite type="TestFixture" id="0-1152" name="SpecOpaqueExternalType" fullname="Kaitai.SpecOpaqueExternalType" classname="Kaitai.SpecOpaqueExternalType" runstate="Runnable" testcasecount="1" result="Passed" start-time="2019-03-11 20:16:08Z" end-time="2019-03-11 20:16:08Z" duration="0.003208" total="1" passed="1" failed="0" inconclusive="0" skipped="0" asserts="3">
        <test-case id="0-1153" name="TestOpaqueExternalType" fullname="Kaitai.SpecOpaqueExternalType.TestOpaqueExternalType" methodname="TestOpaqueExternalType" classname="Kaitai.SpecOpaqueExternalType" runstate="Runnable" seed="1456271970" result="Passed" start-time="2019-03-11 20:16:08Z" end-time="2019-03-11 20:16:08Z" duration="0.000713" asserts="3" />
      </test-suite>
      <test-suite type="TestFixture" id="0-1154" name="SpecOpaqueExternalType02Parent" fullname="Kaitai.SpecOpaqueExternalType02Parent" classname="Kaitai.SpecOpaqueExternalType02Parent" runstate="Runnable" testcasecount="1" result="Passed" start-time="2019-03-11 20:16:08Z" end-time="2019-03-11 20:16:08Z" duration="0.003499" total="1" passed="1" failed="0" inconclusive="0" skipped="0" asserts="3">
        <test-case id="0-1155" name="TestOpaqueExternalType02Parent" fullname="Kaitai.SpecOpaqueExternalType02Parent.TestOpaqueExternalType02Parent" methodname="TestOpaqueExternalType02Parent" classname="Kaitai.SpecOpaqueExternalType02Parent" runstate="Runnable" seed="1309052355" result="Passed" start-time="2019-03-11 20:16:08Z" end-time="2019-03-11 20:16:08Z" duration="0.000999" asserts="3" />
      </test-suite>
      <test-suite type="TestFixture" id="0-1156" name="SpecOpaqueWithParam" fullname="Kaitai.SpecOpaqueWithParam" classname="Kaitai.SpecOpaqueWithParam" runstate="Runnable" testcasecount="1" result="Passed" start-time="2019-03-11 20:16:08Z" end-time="2019-03-11 20:16:08Z" duration="0.003318" total="1" passed="1" failed="0" inconclusive="0" skipped="0" asserts="2">
        <test-case id="0-1157" name="TestOpaqueWithParam" fullname="Kaitai.SpecOpaqueWithParam.TestOpaqueWithParam" methodname="TestOpaqueWithParam" classname="Kaitai.SpecOpaqueWithParam" runstate="Runnable" seed="1579485664" result="Passed" start-time="2019-03-11 20:16:08Z" end-time="2019-03-11 20:16:08Z" duration="0.000789" asserts="2" />
      </test-suite>
      <test-suite type="TestFixture" id="0-1158" name="SpecOptionalId" fullname="Kaitai.SpecOptionalId" classname="Kaitai.SpecOptionalId" runstate="Runnable" testcasecount="1" result="Passed" start-time="2019-03-11 20:16:08Z" end-time="2019-03-11 20:16:08Z" duration="0.003141" total="1" passed="1" failed="0" inconclusive="0" skipped="0" asserts="3">
        <test-case id="0-1159" name="TestOptionalId" fullname="Kaitai.SpecOptionalId.TestOptionalId" methodname="TestOptionalId" classname="Kaitai.SpecOptionalId" runstate="Runnable" seed="1718281944" result="Passed" start-time="2019-03-11 20:16:08Z" end-time="2019-03-11 20:16:08Z" duration="0.000628" asserts="3" />
      </test-suite>
      <test-suite type="TestFixture" id="0-1160" name="SpecParamsCallShort" fullname="Kaitai.SpecParamsCallShort" classname="Kaitai.SpecParamsCallShort" runstate="Runnable" testcasecount="1" result="Passed" start-time="2019-03-11 20:16:08Z" end-time="2019-03-11 20:16:08Z" duration="0.003814" total="1" passed="1" failed="0" inconclusive="0" skipped="0" asserts="3">
        <test-case id="0-1161" name="TestParamsCallShort" fullname="Kaitai.SpecParamsCallShort.TestParamsCallShort" methodname="TestParamsCallShort" classname="Kaitai.SpecParamsCallShort" runstate="Runnable" seed="1450105274" result="Passed" start-time="2019-03-11 20:16:08Z" end-time="2019-03-11 20:16:08Z" duration="0.001076" asserts="3" />
      </test-suite>
      <test-suite type="TestFixture" id="0-1162" name="SpecParamsDef" fullname="Kaitai.SpecParamsDef" classname="Kaitai.SpecParamsDef" runstate="Runnable" testcasecount="1" result="Passed" start-time="2019-03-11 20:16:08Z" end-time="2019-03-11 20:16:08Z" duration="0.002852" total="1" passed="1" failed="0" inconclusive="0" skipped="0" asserts="2">
        <test-case id="0-1163" name="TestParamsDef" fullname="Kaitai.SpecParamsDef.TestParamsDef" methodname="TestParamsDef" classname="Kaitai.SpecParamsDef" runstate="Runnable" seed="1127682788" result="Passed" start-time="2019-03-11 20:16:08Z" end-time="2019-03-11 20:16:08Z" duration="0.000348" asserts="2" />
      </test-suite>
      <test-suite type="TestFixture" id="0-1164" name="SpecPositionAbs" fullname="Kaitai.SpecPositionAbs" classname="Kaitai.SpecPositionAbs" runstate="Runnable" testcasecount="1" result="Passed" start-time="2019-03-11 20:16:08Z" end-time="2019-03-11 20:16:08Z" duration="0.003285" total="1" passed="1" failed="0" inconclusive="0" skipped="0" asserts="2">
        <test-case id="0-1165" name="TestPositionAbs" fullname="Kaitai.SpecPositionAbs.TestPositionAbs" methodname="TestPositionAbs" classname="Kaitai.SpecPositionAbs" runstate="Runnable" seed="1953927627" result="Passed" start-time="2019-03-11 20:16:08Z" end-time="2019-03-11 20:16:08Z" duration="0.000749" asserts="2" />
      </test-suite>
      <test-suite type="TestFixture" id="0-1166" name="SpecPositionInSeq" fullname="Kaitai.SpecPositionInSeq" classname="Kaitai.SpecPositionInSeq" runstate="Runnable" testcasecount="1" result="Passed" start-time="2019-03-11 20:16:08Z" end-time="2019-03-11 20:16:08Z" duration="0.003982" total="1" passed="1" failed="0" inconclusive="0" skipped="0" asserts="1">
        <test-case id="0-1167" name="TestPositionInSeq" fullname="Kaitai.SpecPositionInSeq.TestPositionInSeq" methodname="TestPositionInSeq" classname="Kaitai.SpecPositionInSeq" runstate="Runnable" seed="305654867" result="Passed" start-time="2019-03-11 20:16:08Z" end-time="2019-03-11 20:16:08Z" duration="0.001504" asserts="1" />
      </test-suite>
      <test-suite type="TestFixture" id="0-1168" name="SpecPositionToEnd" fullname="Kaitai.SpecPositionToEnd" classname="Kaitai.SpecPositionToEnd" runstate="Runnable" testcasecount="1" result="Passed" start-time="2019-03-11 20:16:08Z" end-time="2019-03-11 20:16:08Z" duration="0.003254" total="1" passed="1" failed="0" inconclusive="0" skipped="0" asserts="2">
        <test-case id="0-1169" name="TestPositionToEnd" fullname="Kaitai.SpecPositionToEnd.TestPositionToEnd" methodname="TestPositionToEnd" classname="Kaitai.SpecPositionToEnd" runstate="Runnable" seed="620543487" result="Passed" start-time="2019-03-11 20:16:08Z" end-time="2019-03-11 20:16:08Z" duration="0.000752" asserts="2" />
      </test-suite>
      <test-suite type="TestFixture" id="0-1170" name="SpecProcessCoerceBytes" fullname="Kaitai.SpecProcessCoerceBytes" classname="Kaitai.SpecProcessCoerceBytes" runstate="Runnable" testcasecount="1" result="Passed" start-time="2019-03-11 20:16:08Z" end-time="2019-03-11 20:16:08Z" duration="0.004451" total="1" passed="1" failed="0" inconclusive="0" skipped="0" asserts="4">
        <test-case id="0-1171" name="TestProcessCoerceBytes" fullname="Kaitai.SpecProcessCoerceBytes.TestProcessCoerceBytes" methodname="TestProcessCoerceBytes" classname="Kaitai.SpecProcessCoerceBytes" runstate="Runnable" seed="1504115053" result="Passed" start-time="2019-03-11 20:16:08Z" end-time="2019-03-11 20:16:08Z" duration="0.001904" asserts="4" />
      </test-suite>
      <test-suite type="TestFixture" id="0-1172" name="SpecProcessCoerceSwitch" fullname="Kaitai.SpecProcessCoerceSwitch" classname="Kaitai.SpecProcessCoerceSwitch" runstate="Runnable" testcasecount="1" result="Passed" start-time="2019-03-11 20:16:08Z" end-time="2019-03-11 20:16:08Z" duration="0.003533" total="1" passed="1" failed="0" inconclusive="0" skipped="0" asserts="3">
        <test-case id="0-1173" name="TestProcessCoerceSwitch" fullname="Kaitai.SpecProcessCoerceSwitch.TestProcessCoerceSwitch" methodname="TestProcessCoerceSwitch" classname="Kaitai.SpecProcessCoerceSwitch" runstate="Runnable" seed="1721948644" result="Passed" start-time="2019-03-11 20:16:08Z" end-time="2019-03-11 20:16:08Z" duration="0.001015" asserts="3" />
      </test-suite>
      <test-suite type="TestFixture" id="0-1174" name="SpecProcessCoerceUsertype1" fullname="Kaitai.SpecProcessCoerceUsertype1" classname="Kaitai.SpecProcessCoerceUsertype1" runstate="Runnable" testcasecount="1" result="Passed" start-time="2019-03-11 20:16:08Z" end-time="2019-03-11 20:16:08Z" duration="0.004103" total="1" passed="1" failed="0" inconclusive="0" skipped="0" asserts="4">
        <test-case id="0-1175" name="TestProcessCoerceUsertype1" fullname="Kaitai.SpecProcessCoerceUsertype1.TestProcessCoerceUsertype1" methodname="TestProcessCoerceUsertype1" classname="Kaitai.SpecProcessCoerceUsertype1" runstate="Runnable" seed="1383059939" result="Passed" start-time="2019-03-11 20:16:08Z" end-time="2019-03-11 20:16:08Z" duration="0.001571" asserts="4" />
      </test-suite>
      <test-suite type="TestFixture" id="0-1176" name="SpecProcessCoerceUsertype2" fullname="Kaitai.SpecProcessCoerceUsertype2" classname="Kaitai.SpecProcessCoerceUsertype2" runstate="Runnable" testcasecount="1" result="Passed" start-time="2019-03-11 20:16:08Z" end-time="2019-03-11 20:16:08Z" duration="0.004042" total="1" passed="1" failed="0" inconclusive="0" skipped="0" asserts="4">
        <test-case id="0-1177" name="TestProcessCoerceUsertype2" fullname="Kaitai.SpecProcessCoerceUsertype2.TestProcessCoerceUsertype2" methodname="TestProcessCoerceUsertype2" classname="Kaitai.SpecProcessCoerceUsertype2" runstate="Runnable" seed="1952230228" result="Passed" start-time="2019-03-11 20:16:08Z" end-time="2019-03-11 20:16:08Z" duration="0.001532" asserts="4" />
      </test-suite>
      <test-suite type="TestFixture" id="0-1178" name="SpecProcessRotate" fullname="Kaitai.SpecProcessRotate" classname="Kaitai.SpecProcessRotate" runstate="Runnable" testcasecount="1" result="Passed" start-time="2019-03-11 20:16:08Z" end-time="2019-03-11 20:16:08Z" duration="0.004382" total="1" passed="1" failed="0" inconclusive="0" skipped="0" asserts="3">
        <test-case id="0-1179" name="TestProcessRotate" fullname="Kaitai.SpecProcessRotate.TestProcessRotate" methodname="TestProcessRotate" classname="Kaitai.SpecProcessRotate" runstate="Runnable" seed="1527746316" result="Passed" start-time="2019-03-11 20:16:08Z" end-time="2019-03-11 20:16:08Z" duration="0.001786" asserts="3" />
      </test-suite>
      <test-suite type="TestFixture" id="0-1180" name="SpecProcessToUser" fullname="Kaitai.SpecProcessToUser" classname="Kaitai.SpecProcessToUser" runstate="Runnable" testcasecount="1" result="Passed" start-time="2019-03-11 20:16:08Z" end-time="2019-03-11 20:16:08Z" duration="0.003236" total="1" passed="1" failed="0" inconclusive="0" skipped="0" asserts="1">
        <test-case id="0-1181" name="TestProcessToUser" fullname="Kaitai.SpecProcessToUser.TestProcessToUser" methodname="TestProcessToUser" classname="Kaitai.SpecProcessToUser" runstate="Runnable" seed="1223886157" result="Passed" start-time="2019-03-11 20:16:08Z" end-time="2019-03-11 20:16:08Z" duration="0.000680" asserts="1" />
      </test-suite>
      <test-suite type="TestFixture" id="0-1182" name="SpecProcessXor4Const" fullname="Kaitai.SpecProcessXor4Const" classname="Kaitai.SpecProcessXor4Const" runstate="Runnable" testcasecount="1" result="Passed" start-time="2019-03-11 20:16:08Z" end-time="2019-03-11 20:16:08Z" duration="0.003207" total="1" passed="1" failed="0" inconclusive="0" skipped="0" asserts="1">
        <test-case id="0-1183" name="TestProcessXor4Const" fullname="Kaitai.SpecProcessXor4Const.TestProcessXor4Const" methodname="TestProcessXor4Const" classname="Kaitai.SpecProcessXor4Const" runstate="Runnable" seed="902566258" result="Passed" start-time="2019-03-11 20:16:08Z" end-time="2019-03-11 20:16:08Z" duration="0.000619" asserts="1" />
      </test-suite>
      <test-suite type="TestFixture" id="0-1184" name="SpecProcessXor4Value" fullname="Kaitai.SpecProcessXor4Value" classname="Kaitai.SpecProcessXor4Value" runstate="Runnable" testcasecount="1" result="Passed" start-time="2019-03-11 20:16:08Z" end-time="2019-03-11 20:16:08Z" duration="0.003151" total="1" passed="1" failed="0" inconclusive="0" skipped="0" asserts="2">
        <test-case id="0-1185" name="TestProcessXor4Value" fullname="Kaitai.SpecProcessXor4Value.TestProcessXor4Value" methodname="TestProcessXor4Value" classname="Kaitai.SpecProcessXor4Value" runstate="Runnable" seed="2011436022" result="Passed" start-time="2019-03-11 20:16:08Z" end-time="2019-03-11 20:16:08Z" duration="0.000645" asserts="2" />
      </test-suite>
      <test-suite type="TestFixture" id="0-1186" name="SpecProcessXorConst" fullname="Kaitai.SpecProcessXorConst" classname="Kaitai.SpecProcessXorConst" runstate="Runnable" testcasecount="1" result="Passed" start-time="2019-03-11 20:16:08Z" end-time="2019-03-11 20:16:08Z" duration="0.003097" total="1" passed="1" failed="0" inconclusive="0" skipped="0" asserts="2">
        <test-case id="0-1187" name="TestProcessXorConst" fullname="Kaitai.SpecProcessXorConst.TestProcessXorConst" methodname="TestProcessXorConst" classname="Kaitai.SpecProcessXorConst" runstate="Runnable" seed="1315720999" result="Passed" start-time="2019-03-11 20:16:08Z" end-time="2019-03-11 20:16:08Z" duration="0.000578" asserts="2" />
      </test-suite>
      <test-suite type="TestFixture" id="0-1188" name="SpecProcessXorValue" fullname="Kaitai.SpecProcessXorValue" classname="Kaitai.SpecProcessXorValue" runstate="Runnable" testcasecount="1" result="Passed" start-time="2019-03-11 20:16:08Z" end-time="2019-03-11 20:16:08Z" duration="0.003078" total="1" passed="1" failed="0" inconclusive="0" skipped="0" asserts="2">
        <test-case id="0-1189" name="TestProcessXorValue" fullname="Kaitai.SpecProcessXorValue.TestProcessXorValue" methodname="TestProcessXorValue" classname="Kaitai.SpecProcessXorValue" runstate="Runnable" seed="1575968663" result="Passed" start-time="2019-03-11 20:16:08Z" end-time="2019-03-11 20:16:08Z" duration="0.000531" asserts="2" />
      </test-suite>
      <test-suite type="TestFixture" id="0-1190" name="SpecRecursiveOne" fullname="Kaitai.SpecRecursiveOne" classname="Kaitai.SpecRecursiveOne" runstate="Runnable" testcasecount="1" result="Passed" start-time="2019-03-11 20:16:08Z" end-time="2019-03-11 20:16:08Z" duration="0.003371" total="1" passed="1" failed="0" inconclusive="0" skipped="0" asserts="4">
        <test-case id="0-1191" name="TestRecursiveOne" fullname="Kaitai.SpecRecursiveOne.TestRecursiveOne" methodname="TestRecursiveOne" classname="Kaitai.SpecRecursiveOne" runstate="Runnable" seed="107737064" result="Passed" start-time="2019-03-11 20:16:08Z" end-time="2019-03-11 20:16:08Z" duration="0.000879" asserts="4" />
      </test-suite>
      <test-suite type="TestFixture" id="0-1192" name="SpecRepeatEosStruct" fullname="Kaitai.SpecRepeatEosStruct" classname="Kaitai.SpecRepeatEosStruct" runstate="Runnable" testcasecount="1" result="Passed" start-time="2019-03-11 20:16:08Z" end-time="2019-03-11 20:16:08Z" duration="0.003775" total="1" passed="1" failed="0" inconclusive="0" skipped="0" asserts="5">
        <test-case id="0-1193" name="TestRepeatEosStruct" fullname="Kaitai.SpecRepeatEosStruct.TestRepeatEosStruct" methodname="TestRepeatEosStruct" classname="Kaitai.SpecRepeatEosStruct" runstate="Runnable" seed="264283603" result="Passed" start-time="2019-03-11 20:16:08Z" end-time="2019-03-11 20:16:08Z" duration="0.001267" asserts="5" />
      </test-suite>
      <test-suite type="TestFixture" id="0-1194" name="SpecRepeatEosU4" fullname="Kaitai.SpecRepeatEosU4" classname="Kaitai.SpecRepeatEosU4" runstate="Runnable" testcasecount="1" result="Passed" start-time="2019-03-11 20:16:08Z" end-time="2019-03-11 20:16:08Z" duration="0.003729" total="1" passed="1" failed="0" inconclusive="0" skipped="0" asserts="1">
        <test-case id="0-1195" name="TestRepeatEosU4" fullname="Kaitai.SpecRepeatEosU4.TestRepeatEosU4" methodname="TestRepeatEosU4" classname="Kaitai.SpecRepeatEosU4" runstate="Runnable" seed="1316549745" result="Passed" start-time="2019-03-11 20:16:08Z" end-time="2019-03-11 20:16:08Z" duration="0.001206" asserts="1" />
      </test-suite>
      <test-suite type="TestFixture" id="0-1196" name="SpecRepeatNStruct" fullname="Kaitai.SpecRepeatNStruct" classname="Kaitai.SpecRepeatNStruct" runstate="Runnable" testcasecount="1" result="Passed" start-time="2019-03-11 20:16:08Z" end-time="2019-03-11 20:16:08Z" duration="0.003789" total="1" passed="1" failed="0" inconclusive="0" skipped="0" asserts="5">
        <test-case id="0-1197" name="TestRepeatNStruct" fullname="Kaitai.SpecRepeatNStruct.TestRepeatNStruct" methodname="TestRepeatNStruct" classname="Kaitai.SpecRepeatNStruct" runstate="Runnable" seed="257520913" result="Passed" start-time="2019-03-11 20:16:08Z" end-time="2019-03-11 20:16:08Z" duration="0.001263" asserts="5" />
      </test-suite>
      <test-suite type="TestFixture" id="0-1198" name="SpecRepeatNStrz" fullname="Kaitai.SpecRepeatNStrz" classname="Kaitai.SpecRepeatNStrz" runstate="Runnable" testcasecount="1" result="Passed" start-time="2019-03-11 20:16:08Z" end-time="2019-03-11 20:16:08Z" duration="0.003485" total="1" passed="1" failed="0" inconclusive="0" skipped="0" asserts="2">
        <test-case id="0-1199" name="TestRepeatNStrz" fullname="Kaitai.SpecRepeatNStrz.TestRepeatNStrz" methodname="TestRepeatNStrz" classname="Kaitai.SpecRepeatNStrz" runstate="Runnable" seed="1451271244" result="Passed" start-time="2019-03-11 20:16:08Z" end-time="2019-03-11 20:16:08Z" duration="0.000868" asserts="2" />
      </test-suite>
      <test-suite type="TestFixture" id="0-1200" name="SpecRepeatNStrzDouble" fullname="Kaitai.SpecRepeatNStrzDouble" classname="Kaitai.SpecRepeatNStrzDouble" runstate="Runnable" testcasecount="1" result="Passed" start-time="2019-03-11 20:16:08Z" end-time="2019-03-11 20:16:08Z" duration="0.003495" total="1" passed="1" failed="0" inconclusive="0" skipped="0" asserts="3">
        <test-case id="0-1201" name="TestRepeatNStrzDouble" fullname="Kaitai.SpecRepeatNStrzDouble.TestRepeatNStrzDouble" methodname="TestRepeatNStrzDouble" classname="Kaitai.SpecRepeatNStrzDouble" runstate="Runnable" seed="1530868339" result="Passed" start-time="2019-03-11 20:16:08Z" end-time="2019-03-11 20:16:08Z" duration="0.000973" asserts="3" />
      </test-suite>
      <test-suite type="TestFixture" id="0-1202" name="SpecRepeatUntilComplex" fullname="Kaitai.SpecRepeatUntilComplex" classname="Kaitai.SpecRepeatUntilComplex" runstate="Runnable" testcasecount="1" result="Passed" start-time="2019-03-11 20:16:08Z" end-time="2019-03-11 20:16:08Z" duration="0.006061" total="1" passed="1" failed="0" inconclusive="0" skipped="0" asserts="17">
        <test-case id="0-1203" name="TestRepeatUntilComplex" fullname="Kaitai.SpecRepeatUntilComplex.TestRepeatUntilComplex" methodname="TestRepeatUntilComplex" classname="Kaitai.SpecRepeatUntilComplex" runstate="Runnable" seed="1148730305" result="Passed" start-time="2019-03-11 20:16:08Z" end-time="2019-03-11 20:16:08Z" duration="0.003493" asserts="17" />
      </test-suite>
      <test-suite type="TestFixture" id="0-1204" name="SpecRepeatUntilS4" fullname="Kaitai.SpecRepeatUntilS4" classname="Kaitai.SpecRepeatUntilS4" runstate="Runnable" testcasecount="1" result="Passed" start-time="2019-03-11 20:16:08Z" end-time="2019-03-11 20:16:08Z" duration="0.004152" total="1" passed="1" failed="0" inconclusive="0" skipped="0" asserts="2">
        <test-case id="0-1205" name="TestRepeatUntilS4" fullname="Kaitai.SpecRepeatUntilS4.TestRepeatUntilS4" methodname="TestRepeatUntilS4" classname="Kaitai.SpecRepeatUntilS4" runstate="Runnable" seed="772249643" result="Passed" start-time="2019-03-11 20:16:08Z" end-time="2019-03-11 20:16:08Z" duration="0.001615" asserts="2" />
      </test-suite>
      <test-suite type="TestFixture" id="0-1206" name="SpecRepeatUntilSized" fullname="Kaitai.SpecRepeatUntilSized" classname="Kaitai.SpecRepeatUntilSized" runstate="Runnable" testcasecount="1" result="Passed" start-time="2019-03-11 20:16:08Z" end-time="2019-03-11 20:16:08Z" duration="0.004099" total="1" passed="1" failed="0" inconclusive="0" skipped="0" asserts="7">
        <test-case id="0-1207" name="TestRepeatUntilSized" fullname="Kaitai.SpecRepeatUntilSized.TestRepeatUntilSized" methodname="TestRepeatUntilSized" classname="Kaitai.SpecRepeatUntilSized" runstate="Runnable" seed="1630115176" result="Passed" start-time="2019-03-11 20:16:08Z" end-time="2019-03-11 20:16:08Z" duration="0.001531" asserts="7" />
      </test-suite>
      <test-suite type="TestFixture" id="0-1208" name="SpecStrEncodings" fullname="Kaitai.SpecStrEncodings" classname="Kaitai.SpecStrEncodings" runstate="Runnable" testcasecount="1" result="Passed" start-time="2019-03-11 20:16:08Z" end-time="2019-03-11 20:16:08Z" duration="0.020224" total="1" passed="1" failed="0" inconclusive="0" skipped="0" asserts="4">
        <test-case id="0-1209" name="TestStrEncodings" fullname="Kaitai.SpecStrEncodings.TestStrEncodings" methodname="TestStrEncodings" classname="Kaitai.SpecStrEncodings" runstate="Runnable" seed="1257003868" result="Passed" start-time="2019-03-11 20:16:08Z" end-time="2019-03-11 20:16:08Z" duration="0.017629" asserts="4" />
      </test-suite>
      <test-suite type="TestFixture" id="0-1210" name="SpecStrEncodingsDefault" fullname="Kaitai.SpecStrEncodingsDefault" classname="Kaitai.SpecStrEncodingsDefault" runstate="Runnable" testcasecount="1" result="Passed" start-time="2019-03-11 20:16:08Z" end-time="2019-03-11 20:16:08Z" duration="0.003336" total="1" passed="1" failed="0" inconclusive="0" skipped="0" asserts="4">
        <test-case id="0-1211" name="TestStrEncodingsDefault" fullname="Kaitai.SpecStrEncodingsDefault.TestStrEncodingsDefault" methodname="TestStrEncodingsDefault" classname="Kaitai.SpecStrEncodingsDefault" runstate="Runnable" seed="1626694511" result="Passed" start-time="2019-03-11 20:16:08Z" end-time="2019-03-11 20:16:08Z" duration="0.000830" asserts="4" />
      </test-suite>
      <test-suite type="TestFixture" id="0-1212" name="SpecStrEos" fullname="Kaitai.SpecStrEos" classname="Kaitai.SpecStrEos" runstate="Runnable" testcasecount="1" result="Passed" start-time="2019-03-11 20:16:08Z" end-time="2019-03-11 20:16:08Z" duration="0.003005" total="1" passed="1" failed="0" inconclusive="0" skipped="0" asserts="1">
        <test-case id="0-1213" name="TestStrEos" fullname="Kaitai.SpecStrEos.TestStrEos" methodname="TestStrEos" classname="Kaitai.SpecStrEos" runstate="Runnable" seed="1751391325" result="Passed" start-time="2019-03-11 20:16:08Z" end-time="2019-03-11 20:16:08Z" duration="0.000469" asserts="1" />
      </test-suite>
      <test-suite type="TestFixture" id="0-1214" name="SpecStrLiterals" fullname="Kaitai.SpecStrLiterals" classname="Kaitai.SpecStrLiterals" runstate="Runnable" testcasecount="1" result="Passed" start-time="2019-03-11 20:16:08Z" end-time="2019-03-11 20:16:08Z" duration="0.007080" total="1" passed="1" failed="0" inconclusive="0" skipped="0" asserts="5">
        <test-case id="0-1215" name="TestStrLiterals" fullname="Kaitai.SpecStrLiterals.TestStrLiterals" methodname="TestStrLiterals" classname="Kaitai.SpecStrLiterals" runstate="Runnable" seed="528081272" result="Passed" start-time="2019-03-11 20:16:08Z" end-time="2019-03-11 20:16:08Z" duration="0.004513" asserts="5" />
      </test-suite>
      <test-suite type="TestFixture" id="0-1216" name="SpecStrLiterals2" fullname="Kaitai.SpecStrLiterals2" classname="Kaitai.SpecStrLiterals2" runstate="Runnable" testcasecount="1" result="Passed" start-time="2019-03-11 20:16:08Z" end-time="2019-03-11 20:16:08Z" duration="0.003176" total="1" passed="1" failed="0" inconclusive="0" skipped="0" asserts="4">
        <test-case id="0-1217" name="TestStrLiterals2" fullname="Kaitai.SpecStrLiterals2.TestStrLiterals2" methodname="TestStrLiterals2" classname="Kaitai.SpecStrLiterals2" runstate="Runnable" seed="742360880" result="Passed" start-time="2019-03-11 20:16:08Z" end-time="2019-03-11 20:16:08Z" duration="0.000665" asserts="4" />
      </test-suite>
      <test-suite type="TestFixture" id="0-1218" name="SpecStrPadTerm" fullname="Kaitai.SpecStrPadTerm" classname="Kaitai.SpecStrPadTerm" runstate="Runnable" testcasecount="1" result="Passed" start-time="2019-03-11 20:16:08Z" end-time="2019-03-11 20:16:08Z" duration="0.003136" total="1" passed="1" failed="0" inconclusive="0" skipped="0" asserts="4">
        <test-case id="0-1219" name="TestStrPadTerm" fullname="Kaitai.SpecStrPadTerm.TestStrPadTerm" methodname="TestStrPadTerm" classname="Kaitai.SpecStrPadTerm" runstate="Runnable" seed="1284633269" result="Passed" start-time="2019-03-11 20:16:08Z" end-time="2019-03-11 20:16:08Z" duration="0.000638" asserts="4" />
      </test-suite>
      <test-suite type="TestFixture" id="0-1220" name="SpecStrPadTermEmpty" fullname="Kaitai.SpecStrPadTermEmpty" classname="Kaitai.SpecStrPadTermEmpty" runstate="Runnable" testcasecount="1" result="Passed" start-time="2019-03-11 20:16:08Z" end-time="2019-03-11 20:16:08Z" duration="0.003155" total="1" passed="1" failed="0" inconclusive="0" skipped="0" asserts="4">
        <test-case id="0-1221" name="TestStrPadTermEmpty" fullname="Kaitai.SpecStrPadTermEmpty.TestStrPadTermEmpty" methodname="TestStrPadTermEmpty" classname="Kaitai.SpecStrPadTermEmpty" runstate="Runnable" seed="510818511" result="Passed" start-time="2019-03-11 20:16:08Z" end-time="2019-03-11 20:16:08Z" duration="0.000585" asserts="4" />
      </test-suite>
      <test-suite type="TestFixture" id="0-1222" name="SpecSwitchBytearray" fullname="Kaitai.SpecSwitchBytearray" classname="Kaitai.SpecSwitchBytearray" runstate="Runnable" testcasecount="1" result="Passed" start-time="2019-03-11 20:16:08Z" end-time="2019-03-11 20:16:08Z" duration="0.004689" total="1" passed="1" failed="0" inconclusive="0" skipped="0" asserts="9">
        <test-case id="0-1223" name="TestSwitchBytearray" fullname="Kaitai.SpecSwitchBytearray.TestSwitchBytearray" methodname="TestSwitchBytearray" classname="Kaitai.SpecSwitchBytearray" runstate="Runnable" seed="732405040" result="Passed" start-time="2019-03-11 20:16:08Z" end-time="2019-03-11 20:16:08Z" duration="0.002184" asserts="9" />
      </test-suite>
      <test-suite type="TestFixture" id="0-1224" name="SpecSwitchCast" fullname="Kaitai.SpecSwitchCast" classname="Kaitai.SpecSwitchCast" runstate="Runnable" testcasecount="1" result="Passed" start-time="2019-03-11 20:16:08Z" end-time="2019-03-11 20:16:08Z" duration="0.004567" total="1" passed="1" failed="0" inconclusive="0" skipped="0" asserts="3">
        <test-case id="0-1225" name="TestSwitchCast" fullname="Kaitai.SpecSwitchCast.TestSwitchCast" methodname="TestSwitchCast" classname="Kaitai.SpecSwitchCast" runstate="Runnable" seed="1036184" result="Passed" start-time="2019-03-11 20:16:08Z" end-time="2019-03-11 20:16:08Z" duration="0.002047" asserts="3" />
      </test-suite>
      <test-suite type="TestFixture" id="0-1226" name="SpecSwitchIntegers" fullname="Kaitai.SpecSwitchIntegers" classname="Kaitai.SpecSwitchIntegers" runstate="Runnable" testcasecount="1" result="Passed" start-time="2019-03-11 20:16:08Z" end-time="2019-03-11 20:16:08Z" duration="0.004197" total="1" passed="1" failed="0" inconclusive="0" skipped="0" asserts="9">
        <test-case id="0-1227" name="TestSwitchIntegers" fullname="Kaitai.SpecSwitchIntegers.TestSwitchIntegers" methodname="TestSwitchIntegers" classname="Kaitai.SpecSwitchIntegers" runstate="Runnable" seed="75903411" result="Passed" start-time="2019-03-11 20:16:08Z" end-time="2019-03-11 20:16:08Z" duration="0.001611" asserts="9" />
      </test-suite>
      <test-suite type="TestFixture" id="0-1228" name="SpecSwitchIntegers2" fullname="Kaitai.SpecSwitchIntegers2" classname="Kaitai.SpecSwitchIntegers2" runstate="Runnable" testcasecount="1" result="Passed" start-time="2019-03-11 20:16:08Z" end-time="2019-03-11 20:16:08Z" duration="0.003637" total="1" passed="1" failed="0" inconclusive="0" skipped="0" asserts="5">
        <test-case id="0-1229" name="TestSwitchIntegers2" fullname="Kaitai.SpecSwitchIntegers2.TestSwitchIntegers2" methodname="TestSwitchIntegers2" classname="Kaitai.SpecSwitchIntegers2" runstate="Runnable" seed="26450399" result="Passed" start-time="2019-03-11 20:16:08Z" end-time="2019-03-11 20:16:08Z" duration="0.001109" asserts="5" />
      </test-suite>
      <test-suite type="TestFixture" id="0-1230" name="SpecSwitchManualEnum" fullname="Kaitai.SpecSwitchManualEnum" classname="Kaitai.SpecSwitchManualEnum" runstate="Runnable" testcasecount="1" result="Passed" start-time="2019-03-11 20:16:08Z" end-time="2019-03-11 20:16:08Z" duration="0.004448" total="1" passed="1" failed="0" inconclusive="0" skipped="0" asserts="9">
        <test-case id="0-1231" name="TestSwitchManualEnum" fullname="Kaitai.SpecSwitchManualEnum.TestSwitchManualEnum" methodname="TestSwitchManualEnum" classname="Kaitai.SpecSwitchManualEnum" runstate="Runnable" seed="1151636409" result="Passed" start-time="2019-03-11 20:16:08Z" end-time="2019-03-11 20:16:08Z" duration="0.001938" asserts="9" />
      </test-suite>
      <test-suite type="TestFixture" id="0-1232" name="SpecSwitchManualInt" fullname="Kaitai.SpecSwitchManualInt" classname="Kaitai.SpecSwitchManualInt" runstate="Runnable" testcasecount="1" result="Passed" start-time="2019-03-11 20:16:08Z" end-time="2019-03-11 20:16:08Z" duration="0.004546" total="1" passed="1" failed="0" inconclusive="0" skipped="0" asserts="9">
        <test-case id="0-1233" name="TestSwitchManualInt" fullname="Kaitai.SpecSwitchManualInt.TestSwitchManualInt" methodname="TestSwitchManualInt" classname="Kaitai.SpecSwitchManualInt" runstate="Runnable" seed="1020643639" result="Passed" start-time="2019-03-11 20:16:08Z" end-time="2019-03-11 20:16:08Z" duration="0.002021" asserts="9" />
      </test-suite>
      <test-suite type="TestFixture" id="0-1234" name="SpecSwitchManualIntElse" fullname="Kaitai.SpecSwitchManualIntElse" classname="Kaitai.SpecSwitchManualIntElse" runstate="Runnable" testcasecount="1" result="Passed" start-time="2019-03-11 20:16:08Z" end-time="2019-03-11 20:16:08Z" duration="0.004568" total="1" passed="1" failed="0" inconclusive="0" skipped="0" asserts="9">
        <test-case id="0-1235" name="TestSwitchManualIntElse" fullname="Kaitai.SpecSwitchManualIntElse.TestSwitchManualIntElse" methodname="TestSwitchManualIntElse" classname="Kaitai.SpecSwitchManualIntElse" runstate="Runnable" seed="650084646" result="Passed" start-time="2019-03-11 20:16:08Z" end-time="2019-03-11 20:16:08Z" duration="0.002035" asserts="9" />
      </test-suite>
      <test-suite type="TestFixture" id="0-1236" name="SpecSwitchManualIntSize" fullname="Kaitai.SpecSwitchManualIntSize" classname="Kaitai.SpecSwitchManualIntSize" runstate="Runnable" testcasecount="1" result="Passed" start-time="2019-03-11 20:16:08Z" end-time="2019-03-11 20:16:08Z" duration="0.004732" total="1" passed="1" failed="0" inconclusive="0" skipped="0" asserts="10">
        <test-case id="0-1237" name="TestSwitchManualIntSize" fullname="Kaitai.SpecSwitchManualIntSize.TestSwitchManualIntSize" methodname="TestSwitchManualIntSize" classname="Kaitai.SpecSwitchManualIntSize" runstate="Runnable" seed="61944257" result="Passed" start-time="2019-03-11 20:16:08Z" end-time="2019-03-11 20:16:08Z" duration="0.002198" asserts="10" />
      </test-suite>
      <test-suite type="TestFixture" id="0-1238" name="SpecSwitchManualIntSizeElse" fullname="Kaitai.SpecSwitchManualIntSizeElse" classname="Kaitai.SpecSwitchManualIntSizeElse" runstate="Runnable" testcasecount="1" result="Passed" start-time="2019-03-11 20:16:08Z" end-time="2019-03-11 20:16:08Z" duration="0.004953" total="1" passed="1" failed="0" inconclusive="0" skipped="0" asserts="10">
        <test-case id="0-1239" name="TestSwitchManualIntSizeElse" fullname="Kaitai.SpecSwitchManualIntSizeElse.TestSwitchManualIntSizeElse" methodname="TestSwitchManualIntSizeElse" classname="Kaitai.SpecSwitchManualIntSizeElse" runstate="Runnable" seed="1472444461" result="Passed" start-time="2019-03-11 20:16:08Z" end-time="2019-03-11 20:16:08Z" duration="0.002414" asserts="10" />
      </test-suite>
      <test-suite type="TestFixture" id="0-1240" name="SpecSwitchManualIntSizeEos" fullname="Kaitai.SpecSwitchManualIntSizeEos" classname="Kaitai.SpecSwitchManualIntSizeEos" runstate="Runnable" testcasecount="1" result="Passed" start-time="2019-03-11 20:16:08Z" end-time="2019-03-11 20:16:08Z" duration="0.004855" total="1" passed="1" failed="0" inconclusive="0" skipped="0" asserts="10">
        <test-case id="0-1241" name="TestSwitchManualIntSizeEos" fullname="Kaitai.SpecSwitchManualIntSizeEos.TestSwitchManualIntSizeEos" methodname="TestSwitchManualIntSizeEos" classname="Kaitai.SpecSwitchManualIntSizeEos" runstate="Runnable" seed="427196621" result="Passed" start-time="2019-03-11 20:16:08Z" end-time="2019-03-11 20:16:08Z" duration="0.002332" asserts="10" />
      </test-suite>
      <test-suite type="TestFixture" id="0-1242" name="SpecSwitchManualStr" fullname="Kaitai.SpecSwitchManualStr" classname="Kaitai.SpecSwitchManualStr" runstate="Runnable" testcasecount="1" result="Passed" start-time="2019-03-11 20:16:08Z" end-time="2019-03-11 20:16:08Z" duration="0.004357" total="1" passed="1" failed="0" inconclusive="0" skipped="0" asserts="9">
        <test-case id="0-1243" name="TestSwitchManualStr" fullname="Kaitai.SpecSwitchManualStr.TestSwitchManualStr" methodname="TestSwitchManualStr" classname="Kaitai.SpecSwitchManualStr" runstate="Runnable" seed="1539206919" result="Passed" start-time="2019-03-11 20:16:08Z" end-time="2019-03-11 20:16:08Z" duration="0.001813" asserts="9" />
      </test-suite>
      <test-suite type="TestFixture" id="0-1244" name="SpecSwitchManualStrElse" fullname="Kaitai.SpecSwitchManualStrElse" classname="Kaitai.SpecSwitchManualStrElse" runstate="Runnable" testcasecount="1" result="Passed" start-time="2019-03-11 20:16:08Z" end-time="2019-03-11 20:16:08Z" duration="0.004506" total="1" passed="1" failed="0" inconclusive="0" skipped="0" asserts="9">
        <test-case id="0-1245" name="TestSwitchManualStrElse" fullname="Kaitai.SpecSwitchManualStrElse.TestSwitchManualStrElse" methodname="TestSwitchManualStrElse" classname="Kaitai.SpecSwitchManualStrElse" runstate="Runnable" seed="671561005" result="Passed" start-time="2019-03-11 20:16:08Z" end-time="2019-03-11 20:16:08Z" duration="0.001927" asserts="9" />
      </test-suite>
      <test-suite type="TestFixture" id="0-1246" name="SpecSwitchMultiBoolOps" fullname="Kaitai.SpecSwitchMultiBoolOps" classname="Kaitai.SpecSwitchMultiBoolOps" runstate="Runnable" testcasecount="1" result="Passed" start-time="2019-03-11 20:16:08Z" end-time="2019-03-11 20:16:08Z" duration="0.004134" total="1" passed="1" failed="0" inconclusive="0" skipped="0" asserts="9">
        <test-case id="0-1247" name="TestSwitchMultiBoolOps" fullname="Kaitai.SpecSwitchMultiBoolOps.TestSwitchMultiBoolOps" methodname="TestSwitchMultiBoolOps" classname="Kaitai.SpecSwitchMultiBoolOps" runstate="Runnable" seed="1125693819" result="Passed" start-time="2019-03-11 20:16:08Z" end-time="2019-03-11 20:16:08Z" duration="0.001635" asserts="9" />
      </test-suite>
      <test-suite type="TestFixture" id="0-1248" name="SpecSwitchRepeatExpr" fullname="Kaitai.SpecSwitchRepeatExpr" classname="Kaitai.SpecSwitchRepeatExpr" runstate="Runnable" testcasecount="1" result="Passed" start-time="2019-03-11 20:16:08Z" end-time="2019-03-11 20:16:08Z" duration="0.003771" total="1" passed="1" failed="0" inconclusive="0" skipped="0" asserts="3">
        <test-case id="0-1249" name="TestSwitchRepeatExpr" fullname="Kaitai.SpecSwitchRepeatExpr.TestSwitchRepeatExpr" methodname="TestSwitchRepeatExpr" classname="Kaitai.SpecSwitchRepeatExpr" runstate="Runnable" seed="1657631777" result="Passed" start-time="2019-03-11 20:16:08Z" end-time="2019-03-11 20:16:08Z" duration="0.001249" asserts="3" />
      </test-suite>
      <test-suite type="TestFixture" id="0-1250" name="SpecTermBytes" fullname="Kaitai.SpecTermBytes" classname="Kaitai.SpecTermBytes" runstate="Runnable" testcasecount="1" result="Passed" start-time="2019-03-11 20:16:08Z" end-time="2019-03-11 20:16:08Z" duration="0.003138" total="1" passed="1" failed="0" inconclusive="0" skipped="0" asserts="3">
        <test-case id="0-1251" name="TestTermBytes" fullname="Kaitai.SpecTermBytes.TestTermBytes" methodname="TestTermBytes" classname="Kaitai.SpecTermBytes" runstate="Runnable" seed="1268247040" result="Passed" start-time="2019-03-11 20:16:08Z" end-time="2019-03-11 20:16:08Z" duration="0.000584" asserts="3" />
      </test-suite>
      <test-suite type="TestFixture" id="0-1252" name="SpecTermStrz" fullname="Kaitai.SpecTermStrz" classname="Kaitai.SpecTermStrz" runstate="Runnable" testcasecount="1" result="Passed" start-time="2019-03-11 20:16:08Z" end-time="2019-03-11 20:16:08Z" duration="0.002959" total="1" passed="1" failed="0" inconclusive="0" skipped="0" asserts="3">
        <test-case id="0-1253" name="TestTermStrz" fullname="Kaitai.SpecTermStrz.TestTermStrz" methodname="TestTermStrz" classname="Kaitai.SpecTermStrz" runstate="Runnable" seed="2045374209" result="Passed" start-time="2019-03-11 20:16:08Z" end-time="2019-03-11 20:16:08Z" duration="0.000437" asserts="3" />
      </test-suite>
      <test-suite type="TestFixture" id="0-1254" name="SpecTsPacketHeader" fullname="Kaitai.SpecTsPacketHeader" classname="Kaitai.SpecTsPacketHeader" runstate="Runnable" testcasecount="1" result="Passed" start-time="2019-03-11 20:16:08Z" end-time="2019-03-11 20:16:08Z" duration="0.003405" total="1" passed="1" failed="0" inconclusive="0" skipped="0" asserts="7">
        <test-case id="0-1255" name="TestTsPacketHeader" fullname="Kaitai.SpecTsPacketHeader.TestTsPacketHeader" methodname="TestTsPacketHeader" classname="Kaitai.SpecTsPacketHeader" runstate="Runnable" seed="1507838967" result="Passed" start-time="2019-03-11 20:16:08Z" end-time="2019-03-11 20:16:08Z" duration="0.000846" asserts="7" />
      </test-suite>
      <test-suite type="TestFixture" id="0-1256" name="SpecTypeIntUnaryOp" fullname="Kaitai.SpecTypeIntUnaryOp" classname="Kaitai.SpecTypeIntUnaryOp" runstate="Runnable" testcasecount="1" result="Passed" start-time="2019-03-11 20:16:08Z" end-time="2019-03-11 20:16:08Z" duration="0.003254" total="1" passed="1" failed="0" inconclusive="0" skipped="0" asserts="4">
        <test-case id="0-1257" name="TestTypeIntUnaryOp" fullname="Kaitai.SpecTypeIntUnaryOp.TestTypeIntUnaryOp" methodname="TestTypeIntUnaryOp" classname="Kaitai.SpecTypeIntUnaryOp" runstate="Runnable" seed="818300046" result="Passed" start-time="2019-03-11 20:16:08Z" end-time="2019-03-11 20:16:08Z" duration="0.000746" asserts="4" />
      </test-suite>
      <test-suite type="TestFixture" id="0-1258" name="SpecTypeTernary" fullname="Kaitai.SpecTypeTernary" classname="Kaitai.SpecTypeTernary" runstate="Runnable" testcasecount="1" result="Passed" start-time="2019-03-11 20:16:08Z" end-time="2019-03-11 20:16:08Z" duration="0.003320" total="1" passed="1" failed="0" inconclusive="0" skipped="0" asserts="1">
        <test-case id="0-1259" name="TestTypeTernary" fullname="Kaitai.SpecTypeTernary.TestTypeTernary" methodname="TestTypeTernary" classname="Kaitai.SpecTypeTernary" runstate="Runnable" seed="1741683739" result="Passed" start-time="2019-03-11 20:16:08Z" end-time="2019-03-11 20:16:08Z" duration="0.000826" asserts="1" />
      </test-suite>
      <test-suite type="TestFixture" id="0-1260" name="SpecTypeTernaryOpaque" fullname="Kaitai.SpecTypeTernaryOpaque" classname="Kaitai.SpecTypeTernaryOpaque" runstate="Runnable" testcasecount="1" result="Passed" start-time="2019-03-11 20:16:08Z" end-time="2019-03-11 20:16:08Z" duration="0.003285" total="1" passed="1" failed="0" inconclusive="0" skipped="0" asserts="3">
        <test-case id="0-1261" name="TestTypeTernaryOpaque" fullname="Kaitai.SpecTypeTernaryOpaque.TestTypeTernaryOpaque" methodname="TestTypeTernaryOpaque" classname="Kaitai.SpecTypeTernaryOpaque" runstate="Runnable" seed="715488482" result="Passed" start-time="2019-03-11 20:16:08Z" end-time="2019-03-11 20:16:08Z" duration="0.000765" asserts="3" />
      </test-suite>
      <test-suite type="TestFixture" id="0-1262" name="SpecUserType" fullname="Kaitai.SpecUserType" classname="Kaitai.SpecUserType" runstate="Runnable" testcasecount="1" result="Passed" start-time="2019-03-11 20:16:08Z" end-time="2019-03-11 20:16:08Z" duration="0.003203" total="1" passed="1" failed="0" inconclusive="0" skipped="0" asserts="2">
        <test-case id="0-1263" name="TestUserType" fullname="Kaitai.SpecUserType.TestUserType" methodname="TestUserType" classname="Kaitai.SpecUserType" runstate="Runnable" seed="1681263150" result="Passed" start-time="2019-03-11 20:16:08Z" end-time="2019-03-11 20:16:08Z" duration="0.000685" asserts="2" />
      </test-suite>
      <test-suite type="TestFixture" id="0-1264" name="SpecZlibWithHeader78" fullname="Kaitai.SpecZlibWithHeader78" classname="Kaitai.SpecZlibWithHeader78" runstate="Runnable" testcasecount="1" result="Passed" start-time="2019-03-11 20:16:08Z" end-time="2019-03-11 20:16:08Z" duration="0.010015" total="1" passed="1" failed="0" inconclusive="0" skipped="0" asserts="1">
        <test-case id="0-1265" name="TestZlibWithHeader78" fullname="Kaitai.SpecZlibWithHeader78.TestZlibWithHeader78" methodname="TestZlibWithHeader78" classname="Kaitai.SpecZlibWithHeader78" runstate="Runnable" seed="1360603185" result="Passed" start-time="2019-03-11 20:16:08Z" end-time="2019-03-11 20:16:08Z" duration="0.007424" asserts="1" />
      </test-suite>
    </test-suite>
  </test-suite>
</test-run>