<?xml version="1.0" encoding="utf-8" standalone="no"?>
<test-run id="2" testcasecount="217" result="Failed" total="217" passed="216" failed="1" inconclusive="0" skipped="0" asserts="975" engine-version="3.4.1.0" clr-version="4.0.30319.42000" start-time="2023-07-05 11:23:02Z" end-time="2023-07-05 11:23:04Z" duration="1.501473">
  <command-line><![CDATA[/home/runner/work/ci_targets/ci_targets/tests/spec/csharp/packages/NUnit.ConsoleRunner.3.4.1/tools/nunit3-console.exe --result=test_out/csharp/TestResult.xml spec/csharp/kaitai_struct_csharp_tests/bin/Debug/kaitai_struct_csharp_tests.dll]]></command-line>
  <test-suite type="Assembly" id="0-1434" name="kaitai_struct_csharp_tests.dll" fullname="/home/runner/work/ci_targets/ci_targets/tests/spec/csharp/kaitai_struct_csharp_tests/bin/Debug/kaitai_struct_csharp_tests.dll" runstate="Runnable" testcasecount="217" result="Failed" site="Child" start-time="2023-07-05 11:23:02Z" end-time="2023-07-05 11:23:04Z" duration="1.401484" total="217" passed="216" failed="1" inconclusive="0" skipped="0" asserts="975">
    <environment framework-version="3.4.1.0" clr-version="4.0.30319.42000" os-version="Unix 5.15.0.1040" platform="Unix" cwd="/home/runner/work/ci_targets/ci_targets/tests" machine-name="fv-az1032-146" user="runner" user-domain="fv-az1032-146" culture="" uiculture="" os-architecture="x64" />
    <settings>
      <setting name="WorkDirectory" value="/home/runner/work/ci_targets/ci_targets/tests" />
      <setting name="ImageRuntimeVersion" value="4.0.30319" />
      <setting name="ImageTargetFrameworkName" value=".NETFramework,Version=v4.5" />
      <setting name="ImageRequiresX86" value="False" />
      <setting name="ImageRequiresDefaultAppDomainAssemblyResolver" value="False" />
      <setting name="NumberOfTestWorkers" value="2" />
    </settings>
    <properties>
      <property name="_PID" value="2700" />
      <property name="_APPDOMAIN" value="test-domain-" />
    </properties>
    <failure>
      <message><![CDATA[One or more child tests had errors]]></message>
    </failure>
    <test-suite type="TestSuite" id="0-1435" name="Kaitai" fullname="Kaitai" runstate="Runnable" testcasecount="217" result="Failed" site="Child" start-time="2023-07-05 11:23:02Z" end-time="2023-07-05 11:23:04Z" duration="1.387185" total="217" passed="216" failed="1" inconclusive="0" skipped="0" asserts="975">
      <failure>
        <message><![CDATA[One or more child tests had errors]]></message>
      </failure>
      <test-suite type="TestFixture" id="0-1000" name="SpecBcdUserTypeBe" fullname="Kaitai.SpecBcdUserTypeBe" classname="Kaitai.SpecBcdUserTypeBe" runstate="Runnable" testcasecount="1" result="Passed" start-time="2023-07-05 11:23:02Z" end-time="2023-07-05 11:23:02Z" duration="0.023270" total="1" passed="1" failed="0" inconclusive="0" skipped="0" asserts="6">
        <test-case id="0-1001" name="TestBcdUserTypeBe" fullname="Kaitai.SpecBcdUserTypeBe.TestBcdUserTypeBe" methodname="TestBcdUserTypeBe" classname="Kaitai.SpecBcdUserTypeBe" runstate="Runnable" seed="53767839" result="Passed" start-time="2023-07-05 11:23:02Z" end-time="2023-07-05 11:23:02Z" duration="0.014826" asserts="6" />
      </test-suite>
      <test-suite type="TestFixture" id="0-1002" name="SpecBcdUserTypeLe" fullname="Kaitai.SpecBcdUserTypeLe" classname="Kaitai.SpecBcdUserTypeLe" runstate="Runnable" testcasecount="1" result="Passed" start-time="2023-07-05 11:23:02Z" end-time="2023-07-05 11:23:02Z" duration="0.004750" total="1" passed="1" failed="0" inconclusive="0" skipped="0" asserts="6">
        <test-case id="0-1003" name="TestBcdUserTypeLe" fullname="Kaitai.SpecBcdUserTypeLe.TestBcdUserTypeLe" methodname="TestBcdUserTypeLe" classname="Kaitai.SpecBcdUserTypeLe" runstate="Runnable" seed="1278636500" result="Passed" start-time="2023-07-05 11:23:02Z" end-time="2023-07-05 11:23:02Z" duration="0.002356" asserts="6" />
      </test-suite>
      <test-suite type="TestFixture" id="0-1004" name="SpecBitsByteAligned" fullname="Kaitai.SpecBitsByteAligned" classname="Kaitai.SpecBitsByteAligned" runstate="Runnable" testcasecount="1" result="Passed" start-time="2023-07-05 11:23:02Z" end-time="2023-07-05 11:23:02Z" duration="0.005780" total="1" passed="1" failed="0" inconclusive="0" skipped="0" asserts="9">
        <test-case id="0-1005" name="TestBitsByteAligned" fullname="Kaitai.SpecBitsByteAligned.TestBitsByteAligned" methodname="TestBitsByteAligned" classname="Kaitai.SpecBitsByteAligned" runstate="Runnable" seed="1783024033" result="Passed" start-time="2023-07-05 11:23:02Z" end-time="2023-07-05 11:23:02Z" duration="0.003399" asserts="9" />
      </test-suite>
      <test-suite type="TestFixture" id="0-1006" name="SpecBitsEnum" fullname="Kaitai.SpecBitsEnum" classname="Kaitai.SpecBitsEnum" runstate="Runnable" testcasecount="1" result="Passed" start-time="2023-07-05 11:23:02Z" end-time="2023-07-05 11:23:02Z" duration="0.003760" total="1" passed="1" failed="0" inconclusive="0" skipped="0" asserts="3">
        <test-case id="0-1007" name="TestBitsEnum" fullname="Kaitai.SpecBitsEnum.TestBitsEnum" methodname="TestBitsEnum" classname="Kaitai.SpecBitsEnum" runstate="Runnable" seed="137588230" result="Passed" start-time="2023-07-05 11:23:02Z" end-time="2023-07-05 11:23:02Z" duration="0.000729" asserts="3" />
      </test-suite>
      <test-suite type="TestFixture" id="0-1008" name="SpecBitsSeqEndianCombo" fullname="Kaitai.SpecBitsSeqEndianCombo" classname="Kaitai.SpecBitsSeqEndianCombo" runstate="Runnable" testcasecount="1" result="Passed" start-time="2023-07-05 11:23:02Z" end-time="2023-07-05 11:23:02Z" duration="0.003927" total="1" passed="1" failed="0" inconclusive="0" skipped="0" asserts="8">
        <test-case id="0-1009" name="TestBitsSeqEndianCombo" fullname="Kaitai.SpecBitsSeqEndianCombo.TestBitsSeqEndianCombo" methodname="TestBitsSeqEndianCombo" classname="Kaitai.SpecBitsSeqEndianCombo" runstate="Runnable" seed="1068900742" result="Passed" start-time="2023-07-05 11:23:02Z" end-time="2023-07-05 11:23:02Z" duration="0.000758" asserts="8" />
      </test-suite>
      <test-suite type="TestFixture" id="0-1010" name="SpecBitsShiftByB32Le" fullname="Kaitai.SpecBitsShiftByB32Le" classname="Kaitai.SpecBitsShiftByB32Le" runstate="Runnable" testcasecount="1" result="Passed" start-time="2023-07-05 11:23:02Z" end-time="2023-07-05 11:23:02Z" duration="0.002829" total="1" passed="1" failed="0" inconclusive="0" skipped="0" asserts="2">
        <test-case id="0-1011" name="TestBitsShiftByB32Le" fullname="Kaitai.SpecBitsShiftByB32Le.TestBitsShiftByB32Le" methodname="TestBitsShiftByB32Le" classname="Kaitai.SpecBitsShiftByB32Le" runstate="Runnable" seed="961451685" result="Passed" start-time="2023-07-05 11:23:02Z" end-time="2023-07-05 11:23:02Z" duration="0.000442" asserts="2" />
      </test-suite>
      <test-suite type="TestFixture" id="0-1012" name="SpecBitsShiftByB64Le" fullname="Kaitai.SpecBitsShiftByB64Le" classname="Kaitai.SpecBitsShiftByB64Le" runstate="Runnable" testcasecount="1" result="Passed" start-time="2023-07-05 11:23:02Z" end-time="2023-07-05 11:23:02Z" duration="0.002764" total="1" passed="1" failed="0" inconclusive="0" skipped="0" asserts="2">
        <test-case id="0-1013" name="TestBitsShiftByB64Le" fullname="Kaitai.SpecBitsShiftByB64Le.TestBitsShiftByB64Le" methodname="TestBitsShiftByB64Le" classname="Kaitai.SpecBitsShiftByB64Le" runstate="Runnable" seed="1096734797" result="Passed" start-time="2023-07-05 11:23:02Z" end-time="2023-07-05 11:23:02Z" duration="0.000376" asserts="2" />
      </test-suite>
      <test-suite type="TestFixture" id="0-1014" name="SpecBitsSignedResB32Be" fullname="Kaitai.SpecBitsSignedResB32Be" classname="Kaitai.SpecBitsSignedResB32Be" runstate="Runnable" testcasecount="1" result="Passed" start-time="2023-07-05 11:23:02Z" end-time="2023-07-05 11:23:02Z" duration="0.002718" total="1" passed="1" failed="0" inconclusive="0" skipped="0" asserts="1">
        <test-case id="0-1015" name="TestBitsSignedResB32Be" fullname="Kaitai.SpecBitsSignedResB32Be.TestBitsSignedResB32Be" methodname="TestBitsSignedResB32Be" classname="Kaitai.SpecBitsSignedResB32Be" runstate="Runnable" seed="145692763" result="Passed" start-time="2023-07-05 11:23:02Z" end-time="2023-07-05 11:23:02Z" duration="0.000333" asserts="1" />
      </test-suite>
      <test-suite type="TestFixture" id="0-1016" name="SpecBitsSignedResB32Le" fullname="Kaitai.SpecBitsSignedResB32Le" classname="Kaitai.SpecBitsSignedResB32Le" runstate="Runnable" testcasecount="1" result="Passed" start-time="2023-07-05 11:23:02Z" end-time="2023-07-05 11:23:02Z" duration="0.002724" total="1" passed="1" failed="0" inconclusive="0" skipped="0" asserts="1">
        <test-case id="0-1017" name="TestBitsSignedResB32Le" fullname="Kaitai.SpecBitsSignedResB32Le.TestBitsSignedResB32Le" methodname="TestBitsSignedResB32Le" classname="Kaitai.SpecBitsSignedResB32Le" runstate="Runnable" seed="1411262533" result="Passed" start-time="2023-07-05 11:23:02Z" end-time="2023-07-05 11:23:02Z" duration="0.000338" asserts="1" />
      </test-suite>
      <test-suite type="TestFixture" id="0-1018" name="SpecBitsSignedShiftB32Le" fullname="Kaitai.SpecBitsSignedShiftB32Le" classname="Kaitai.SpecBitsSignedShiftB32Le" runstate="Runnable" testcasecount="1" result="Passed" start-time="2023-07-05 11:23:02Z" end-time="2023-07-05 11:23:02Z" duration="0.002827" total="1" passed="1" failed="0" inconclusive="0" skipped="0" asserts="2">
        <test-case id="0-1019" name="TestBitsSignedShiftB32Le" fullname="Kaitai.SpecBitsSignedShiftB32Le.TestBitsSignedShiftB32Le" methodname="TestBitsSignedShiftB32Le" classname="Kaitai.SpecBitsSignedShiftB32Le" runstate="Runnable" seed="1433941645" result="Passed" start-time="2023-07-05 11:23:02Z" end-time="2023-07-05 11:23:02Z" duration="0.000396" asserts="2" />
      </test-suite>
      <test-suite type="TestFixture" id="0-1020" name="SpecBitsSignedShiftB64Le" fullname="Kaitai.SpecBitsSignedShiftB64Le" classname="Kaitai.SpecBitsSignedShiftB64Le" runstate="Runnable" testcasecount="1" result="Passed" start-time="2023-07-05 11:23:02Z" end-time="2023-07-05 11:23:02Z" duration="0.002789" total="1" passed="1" failed="0" inconclusive="0" skipped="0" asserts="2">
        <test-case id="0-1021" name="TestBitsSignedShiftB64Le" fullname="Kaitai.SpecBitsSignedShiftB64Le.TestBitsSignedShiftB64Le" methodname="TestBitsSignedShiftB64Le" classname="Kaitai.SpecBitsSignedShiftB64Le" runstate="Runnable" seed="576830720" result="Passed" start-time="2023-07-05 11:23:02Z" end-time="2023-07-05 11:23:02Z" duration="0.000372" asserts="2" />
      </test-suite>
      <test-suite type="TestFixture" id="0-1022" name="SpecBitsSimple" fullname="Kaitai.SpecBitsSimple" classname="Kaitai.SpecBitsSimple" runstate="Runnable" testcasecount="1" result="Passed" start-time="2023-07-05 11:23:02Z" end-time="2023-07-05 11:23:02Z" duration="0.004330" total="1" passed="1" failed="0" inconclusive="0" skipped="0" asserts="14">
        <test-case id="0-1023" name="TestBitsSimple" fullname="Kaitai.SpecBitsSimple.TestBitsSimple" methodname="TestBitsSimple" classname="Kaitai.SpecBitsSimple" runstate="Runnable" seed="695393150" result="Passed" start-time="2023-07-05 11:23:02Z" end-time="2023-07-05 11:23:02Z" duration="0.001940" asserts="14" />
      </test-suite>
      <test-suite type="TestFixture" id="0-1024" name="SpecBitsSimpleLe" fullname="Kaitai.SpecBitsSimpleLe" classname="Kaitai.SpecBitsSimpleLe" runstate="Runnable" testcasecount="1" result="Passed" start-time="2023-07-05 11:23:02Z" end-time="2023-07-05 11:23:02Z" duration="0.003374" total="1" passed="1" failed="0" inconclusive="0" skipped="0" asserts="14">
        <test-case id="0-1025" name="TestBitsSimpleLe" fullname="Kaitai.SpecBitsSimpleLe.TestBitsSimpleLe" methodname="TestBitsSimpleLe" classname="Kaitai.SpecBitsSimpleLe" runstate="Runnable" seed="1267769018" result="Passed" start-time="2023-07-05 11:23:02Z" end-time="2023-07-05 11:23:02Z" duration="0.000979" asserts="14" />
      </test-suite>
      <test-suite type="TestFixture" id="0-1026" name="SpecBitsUnalignedB32Be" fullname="Kaitai.SpecBitsUnalignedB32Be" classname="Kaitai.SpecBitsUnalignedB32Be" runstate="Runnable" testcasecount="1" result="Passed" start-time="2023-07-05 11:23:02Z" end-time="2023-07-05 11:23:02Z" duration="0.002824" total="1" passed="1" failed="0" inconclusive="0" skipped="0" asserts="3">
        <test-case id="0-1027" name="TestBitsUnalignedB32Be" fullname="Kaitai.SpecBitsUnalignedB32Be.TestBitsUnalignedB32Be" methodname="TestBitsUnalignedB32Be" classname="Kaitai.SpecBitsUnalignedB32Be" runstate="Runnable" seed="1201411556" result="Passed" start-time="2023-07-05 11:23:02Z" end-time="2023-07-05 11:23:02Z" duration="0.000437" asserts="3" />
      </test-suite>
      <test-suite type="TestFixture" id="0-1028" name="SpecBitsUnalignedB32Le" fullname="Kaitai.SpecBitsUnalignedB32Le" classname="Kaitai.SpecBitsUnalignedB32Le" runstate="Runnable" testcasecount="1" result="Passed" start-time="2023-07-05 11:23:02Z" end-time="2023-07-05 11:23:02Z" duration="0.002842" total="1" passed="1" failed="0" inconclusive="0" skipped="0" asserts="3">
        <test-case id="0-1029" name="TestBitsUnalignedB32Le" fullname="Kaitai.SpecBitsUnalignedB32Le.TestBitsUnalignedB32Le" methodname="TestBitsUnalignedB32Le" classname="Kaitai.SpecBitsUnalignedB32Le" runstate="Runnable" seed="134868842" result="Passed" start-time="2023-07-05 11:23:02Z" end-time="2023-07-05 11:23:02Z" duration="0.000448" asserts="3" />
      </test-suite>
      <test-suite type="TestFixture" id="0-1030" name="SpecBitsUnalignedB64Be" fullname="Kaitai.SpecBitsUnalignedB64Be" classname="Kaitai.SpecBitsUnalignedB64Be" runstate="Runnable" testcasecount="1" result="Passed" start-time="2023-07-05 11:23:02Z" end-time="2023-07-05 11:23:02Z" duration="0.002824" total="1" passed="1" failed="0" inconclusive="0" skipped="0" asserts="3">
        <test-case id="0-1031" name="TestBitsUnalignedB64Be" fullname="Kaitai.SpecBitsUnalignedB64Be.TestBitsUnalignedB64Be" methodname="TestBitsUnalignedB64Be" classname="Kaitai.SpecBitsUnalignedB64Be" runstate="Runnable" seed="323016036" result="Passed" start-time="2023-07-05 11:23:02Z" end-time="2023-07-05 11:23:02Z" duration="0.000442" asserts="3" />
      </test-suite>
      <test-suite type="TestFixture" id="0-1032" name="SpecBitsUnalignedB64Le" fullname="Kaitai.SpecBitsUnalignedB64Le" classname="Kaitai.SpecBitsUnalignedB64Le" runstate="Runnable" testcasecount="1" result="Passed" start-time="2023-07-05 11:23:02Z" end-time="2023-07-05 11:23:02Z" duration="0.002821" total="1" passed="1" failed="0" inconclusive="0" skipped="0" asserts="3">
        <test-case id="0-1033" name="TestBitsUnalignedB64Le" fullname="Kaitai.SpecBitsUnalignedB64Le.TestBitsUnalignedB64Le" methodname="TestBitsUnalignedB64Le" classname="Kaitai.SpecBitsUnalignedB64Le" runstate="Runnable" seed="786350553" result="Passed" start-time="2023-07-05 11:23:02Z" end-time="2023-07-05 11:23:02Z" duration="0.000440" asserts="3" />
      </test-suite>
      <test-suite type="TestFixture" id="0-1034" name="SpecBufferedStruct" fullname="Kaitai.SpecBufferedStruct" classname="Kaitai.SpecBufferedStruct" runstate="Runnable" testcasecount="1" result="Passed" start-time="2023-07-05 11:23:02Z" end-time="2023-07-05 11:23:02Z" duration="0.003693" total="1" passed="1" failed="0" inconclusive="0" skipped="0" asserts="7">
        <test-case id="0-1035" name="TestBufferedStruct" fullname="Kaitai.SpecBufferedStruct.TestBufferedStruct" methodname="TestBufferedStruct" classname="Kaitai.SpecBufferedStruct" runstate="Runnable" seed="1956261626" result="Passed" start-time="2023-07-05 11:23:02Z" end-time="2023-07-05 11:23:02Z" duration="0.001304" asserts="7" />
      </test-suite>
      <test-suite type="TestFixture" id="0-1036" name="SpecBytesPadTerm" fullname="Kaitai.SpecBytesPadTerm" classname="Kaitai.SpecBytesPadTerm" runstate="Runnable" testcasecount="1" result="Passed" start-time="2023-07-05 11:23:02Z" end-time="2023-07-05 11:23:02Z" duration="0.003188" total="1" passed="1" failed="0" inconclusive="0" skipped="0" asserts="4">
        <test-case id="0-1037" name="TestBytesPadTerm" fullname="Kaitai.SpecBytesPadTerm.TestBytesPadTerm" methodname="TestBytesPadTerm" classname="Kaitai.SpecBytesPadTerm" runstate="Runnable" seed="1896788115" result="Passed" start-time="2023-07-05 11:23:02Z" end-time="2023-07-05 11:23:02Z" duration="0.000782" asserts="4" />
      </test-suite>
      <test-suite type="TestFixture" id="0-1038" name="SpecCastNested" fullname="Kaitai.SpecCastNested" classname="Kaitai.SpecCastNested" runstate="Runnable" testcasecount="1" result="Passed" start-time="2023-07-05 11:23:02Z" end-time="2023-07-05 11:23:02Z" duration="0.024801" total="1" passed="1" failed="0" inconclusive="0" skipped="0" asserts="4">
        <test-case id="0-1039" name="TestCastNested" fullname="Kaitai.SpecCastNested.TestCastNested" methodname="TestCastNested" classname="Kaitai.SpecCastNested" runstate="Runnable" seed="1381755160" result="Passed" start-time="2023-07-05 11:23:02Z" end-time="2023-07-05 11:23:02Z" duration="0.022398" asserts="4" />
      </test-suite>
      <test-suite type="TestFixture" id="0-1040" name="SpecCastToImported" fullname="Kaitai.SpecCastToImported" classname="Kaitai.SpecCastToImported" runstate="Runnable" testcasecount="1" result="Passed" start-time="2023-07-05 11:23:02Z" end-time="2023-07-05 11:23:02Z" duration="0.002999" total="1" passed="1" failed="0" inconclusive="0" skipped="0" asserts="2">
        <test-case id="0-1041" name="TestCastToImported" fullname="Kaitai.SpecCastToImported.TestCastToImported" methodname="TestCastToImported" classname="Kaitai.SpecCastToImported" runstate="Runnable" seed="131170130" result="Passed" start-time="2023-07-05 11:23:02Z" end-time="2023-07-05 11:23:02Z" duration="0.000588" asserts="2" />
      </test-suite>
      <test-suite type="TestFixture" id="0-1042" name="SpecCastToTop" fullname="Kaitai.SpecCastToTop" classname="Kaitai.SpecCastToTop" runstate="Runnable" testcasecount="1" result="Passed" start-time="2023-07-05 11:23:02Z" end-time="2023-07-05 11:23:02Z" duration="0.003403" total="1" passed="1" failed="0" inconclusive="0" skipped="0" asserts="3">
        <test-case id="0-1043" name="TestCastToTop" fullname="Kaitai.SpecCastToTop.TestCastToTop" methodname="TestCastToTop" classname="Kaitai.SpecCastToTop" runstate="Runnable" seed="1373157199" result="Passed" start-time="2023-07-05 11:23:02Z" end-time="2023-07-05 11:23:02Z" duration="0.001011" asserts="3" />
      </test-suite>
      <test-suite type="TestFixture" id="0-1044" name="SpecCombineBool" fullname="Kaitai.SpecCombineBool" classname="Kaitai.SpecCombineBool" runstate="Runnable" testcasecount="1" result="Passed" start-time="2023-07-05 11:23:02Z" end-time="2023-07-05 11:23:02Z" duration="0.002899" total="1" passed="1" failed="0" inconclusive="0" skipped="0" asserts="2">
        <test-case id="0-1045" name="TestCombineBool" fullname="Kaitai.SpecCombineBool.TestCombineBool" methodname="TestCombineBool" classname="Kaitai.SpecCombineBool" runstate="Runnable" seed="1164611500" result="Passed" start-time="2023-07-05 11:23:02Z" end-time="2023-07-05 11:23:02Z" duration="0.000501" asserts="2" />
      </test-suite>
      <test-suite type="TestFixture" id="0-1046" name="SpecCombineBytes" fullname="Kaitai.SpecCombineBytes" classname="Kaitai.SpecCombineBytes" runstate="Runnable" testcasecount="1" result="Passed" start-time="2023-07-05 11:23:02Z" end-time="2023-07-05 11:23:02Z" duration="0.003353" total="1" passed="1" failed="0" inconclusive="0" skipped="0" asserts="10">
        <test-case id="0-1047" name="TestCombineBytes" fullname="Kaitai.SpecCombineBytes.TestCombineBytes" methodname="TestCombineBytes" classname="Kaitai.SpecCombineBytes" runstate="Runnable" seed="1729061883" result="Passed" start-time="2023-07-05 11:23:02Z" end-time="2023-07-05 11:23:02Z" duration="0.000963" asserts="10" />
      </test-suite>
      <test-suite type="TestFixture" id="0-1048" name="SpecCombineEnum" fullname="Kaitai.SpecCombineEnum" classname="Kaitai.SpecCombineEnum" runstate="Runnable" testcasecount="1" result="Passed" start-time="2023-07-05 11:23:02Z" end-time="2023-07-05 11:23:02Z" duration="0.002999" total="1" passed="1" failed="0" inconclusive="0" skipped="0" asserts="3">
        <test-case id="0-1049" name="TestCombineEnum" fullname="Kaitai.SpecCombineEnum.TestCombineEnum" methodname="TestCombineEnum" classname="Kaitai.SpecCombineEnum" runstate="Runnable" seed="1365280711" result="Passed" start-time="2023-07-05 11:23:02Z" end-time="2023-07-05 11:23:02Z" duration="0.000610" asserts="3" />
      </test-suite>
      <test-suite type="TestFixture" id="0-1050" name="SpecCombineStr" fullname="Kaitai.SpecCombineStr" classname="Kaitai.SpecCombineStr" runstate="Runnable" testcasecount="1" result="Passed" start-time="2023-07-05 11:23:02Z" end-time="2023-07-05 11:23:02Z" duration="0.003508" total="1" passed="1" failed="0" inconclusive="0" skipped="0" asserts="15">
        <test-case id="0-1051" name="TestCombineStr" fullname="Kaitai.SpecCombineStr.TestCombineStr" methodname="TestCombineStr" classname="Kaitai.SpecCombineStr" runstate="Runnable" seed="1622719236" result="Passed" start-time="2023-07-05 11:23:02Z" end-time="2023-07-05 11:23:02Z" duration="0.001120" asserts="15" />
      </test-suite>
      <test-suite type="TestFixture" id="0-1052" name="SpecDebug0" fullname="Kaitai.SpecDebug0" classname="Kaitai.SpecDebug0" runstate="Runnable" testcasecount="1" result="Passed" start-time="2023-07-05 11:23:02Z" end-time="2023-07-05 11:23:02Z" duration="0.002458" total="1" passed="1" failed="0" inconclusive="0" skipped="0" asserts="0">
        <test-case id="0-1053" name="TestDebug0" fullname="Kaitai.SpecDebug0.TestDebug0" methodname="TestDebug0" classname="Kaitai.SpecDebug0" runstate="Runnable" seed="1534062299" result="Passed" start-time="2023-07-05 11:23:02Z" end-time="2023-07-05 11:23:02Z" duration="0.000069" asserts="0" />
      </test-suite>
      <test-suite type="TestFixture" id="0-1054" name="SpecDebugArrayUser" fullname="Kaitai.SpecDebugArrayUser" classname="Kaitai.SpecDebugArrayUser" runstate="Runnable" testcasecount="1" result="Passed" start-time="2023-07-05 11:23:02Z" end-time="2023-07-05 11:23:02Z" duration="0.003343" total="1" passed="1" failed="0" inconclusive="0" skipped="0" asserts="4">
        <test-case id="0-1055" name="TestDebugArrayUser" fullname="Kaitai.SpecDebugArrayUser.TestDebugArrayUser" methodname="TestDebugArrayUser" classname="Kaitai.SpecDebugArrayUser" runstate="Runnable" seed="1889277198" result="Passed" start-time="2023-07-05 11:23:02Z" end-time="2023-07-05 11:23:02Z" duration="0.000959" asserts="4" />
      </test-suite>
      <test-suite type="TestFixture" id="0-1056" name="SpecDebugEnumName" fullname="Kaitai.SpecDebugEnumName" classname="Kaitai.SpecDebugEnumName" runstate="Runnable" testcasecount="1" result="Passed" start-time="2023-07-05 11:23:02Z" end-time="2023-07-05 11:23:02Z" duration="0.002456" total="1" passed="1" failed="0" inconclusive="0" skipped="0" asserts="0">
        <test-case id="0-1057" name="TestDebugEnumName" fullname="Kaitai.SpecDebugEnumName.TestDebugEnumName" methodname="TestDebugEnumName" classname="Kaitai.SpecDebugEnumName" runstate="Runnable" seed="1261211280" result="Passed" start-time="2023-07-05 11:23:02Z" end-time="2023-07-05 11:23:02Z" duration="0.000069" asserts="0" />
      </test-suite>
      <test-suite type="TestFixture" id="0-1058" name="SpecDebugSwitchUser" fullname="Kaitai.SpecDebugSwitchUser" classname="Kaitai.SpecDebugSwitchUser" runstate="Runnable" testcasecount="1" result="Passed" start-time="2023-07-05 11:23:02Z" end-time="2023-07-05 11:23:02Z" duration="0.003028" total="1" passed="1" failed="0" inconclusive="0" skipped="0" asserts="2">
        <test-case id="0-1059" name="TestDebugSwitchUser" fullname="Kaitai.SpecDebugSwitchUser.TestDebugSwitchUser" methodname="TestDebugSwitchUser" classname="Kaitai.SpecDebugSwitchUser" runstate="Runnable" seed="2033787323" result="Passed" start-time="2023-07-05 11:23:02Z" end-time="2023-07-05 11:23:02Z" duration="0.000639" asserts="2" />
      </test-suite>
      <test-suite type="TestFixture" id="0-1060" name="SpecDefaultBigEndian" fullname="Kaitai.SpecDefaultBigEndian" classname="Kaitai.SpecDefaultBigEndian" runstate="Runnable" testcasecount="1" result="Passed" start-time="2023-07-05 11:23:02Z" end-time="2023-07-05 11:23:02Z" duration="0.002794" total="1" passed="1" failed="0" inconclusive="0" skipped="0" asserts="1">
        <test-case id="0-1061" name="TestDefaultBigEndian" fullname="Kaitai.SpecDefaultBigEndian.TestDefaultBigEndian" methodname="TestDefaultBigEndian" classname="Kaitai.SpecDefaultBigEndian" runstate="Runnable" seed="1119661918" result="Passed" start-time="2023-07-05 11:23:02Z" end-time="2023-07-05 11:23:02Z" duration="0.000406" asserts="1" />
      </test-suite>
      <test-suite type="TestFixture" id="0-1062" name="SpecDefaultBitEndianMod" fullname="Kaitai.SpecDefaultBitEndianMod" classname="Kaitai.SpecDefaultBitEndianMod" runstate="Runnable" testcasecount="1" result="Passed" start-time="2023-07-05 11:23:02Z" end-time="2023-07-05 11:23:02Z" duration="0.003104" total="1" passed="1" failed="0" inconclusive="0" skipped="0" asserts="4">
        <test-case id="0-1063" name="TestDefaultBitEndianMod" fullname="Kaitai.SpecDefaultBitEndianMod.TestDefaultBitEndianMod" methodname="TestDefaultBitEndianMod" classname="Kaitai.SpecDefaultBitEndianMod" runstate="Runnable" seed="109921157" result="Passed" start-time="2023-07-05 11:23:02Z" end-time="2023-07-05 11:23:02Z" duration="0.000715" asserts="4" />
      </test-suite>
      <test-suite type="TestFixture" id="0-1064" name="SpecDefaultEndianExprException" fullname="Kaitai.SpecDefaultEndianExprException" classname="Kaitai.SpecDefaultEndianExprException" runstate="Runnable" testcasecount="1" result="Passed" start-time="2023-07-05 11:23:02Z" end-time="2023-07-05 11:23:02Z" duration="0.006435" total="1" passed="1" failed="0" inconclusive="0" skipped="0" asserts="1">
        <test-case id="0-1065" name="TestDefaultEndianExprException" fullname="Kaitai.SpecDefaultEndianExprException.TestDefaultEndianExprException" methodname="TestDefaultEndianExprException" classname="Kaitai.SpecDefaultEndianExprException" runstate="Runnable" seed="696890364" result="Passed" start-time="2023-07-05 11:23:02Z" end-time="2023-07-05 11:23:02Z" duration="0.004022" asserts="1" />
      </test-suite>
      <test-suite type="TestFixture" id="0-1066" name="SpecDefaultEndianExprInherited" fullname="Kaitai.SpecDefaultEndianExprInherited" classname="Kaitai.SpecDefaultEndianExprInherited" runstate="Runnable" testcasecount="1" result="Passed" start-time="2023-07-05 11:23:02Z" end-time="2023-07-05 11:23:02Z" duration="0.005137" total="1" passed="1" failed="0" inconclusive="0" skipped="0" asserts="15">
        <test-case id="0-1067" name="TestDefaultEndianExprInherited" fullname="Kaitai.SpecDefaultEndianExprInherited.TestDefaultEndianExprInherited" methodname="TestDefaultEndianExprInherited" classname="Kaitai.SpecDefaultEndianExprInherited" runstate="Runnable" seed="1063830148" result="Passed" start-time="2023-07-05 11:23:02Z" end-time="2023-07-05 11:23:02Z" duration="0.002745" asserts="15" />
      </test-suite>
      <test-suite type="TestFixture" id="0-1068" name="SpecDefaultEndianExprIsBe" fullname="Kaitai.SpecDefaultEndianExprIsBe" classname="Kaitai.SpecDefaultEndianExprIsBe" runstate="Runnable" testcasecount="1" result="Passed" start-time="2023-07-05 11:23:02Z" end-time="2023-07-05 11:23:02Z" duration="0.004968" total="1" passed="1" failed="0" inconclusive="0" skipped="0" asserts="18">
        <test-case id="0-1069" name="TestDefaultEndianExprIsBe" fullname="Kaitai.SpecDefaultEndianExprIsBe.TestDefaultEndianExprIsBe" methodname="TestDefaultEndianExprIsBe" classname="Kaitai.SpecDefaultEndianExprIsBe" runstate="Runnable" seed="421713238" result="Passed" start-time="2023-07-05 11:23:02Z" end-time="2023-07-05 11:23:02Z" duration="0.002571" asserts="18" />
      </test-suite>
      <test-suite type="TestFixture" id="0-1070" name="SpecDefaultEndianExprIsLe" fullname="Kaitai.SpecDefaultEndianExprIsLe" classname="Kaitai.SpecDefaultEndianExprIsLe" runstate="Runnable" testcasecount="1" result="Passed" start-time="2023-07-05 11:23:02Z" end-time="2023-07-05 11:23:02Z" duration="0.004051" total="1" passed="1" failed="0" inconclusive="0" skipped="0" asserts="12">
        <test-case id="0-1071" name="TestDefaultEndianExprIsLe" fullname="Kaitai.SpecDefaultEndianExprIsLe.TestDefaultEndianExprIsLe" methodname="TestDefaultEndianExprIsLe" classname="Kaitai.SpecDefaultEndianExprIsLe" runstate="Runnable" seed="1165071335" result="Passed" start-time="2023-07-05 11:23:02Z" end-time="2023-07-05 11:23:02Z" duration="0.001652" asserts="12" />
      </test-suite>
      <test-suite type="TestFixture" id="0-1072" name="SpecDefaultEndianMod" fullname="Kaitai.SpecDefaultEndianMod" classname="Kaitai.SpecDefaultEndianMod" runstate="Runnable" testcasecount="1" result="Passed" start-time="2023-07-05 11:23:02Z" end-time="2023-07-05 11:23:02Z" duration="0.003175" total="1" passed="1" failed="0" inconclusive="0" skipped="0" asserts="3">
        <test-case id="0-1073" name="TestDefaultEndianMod" fullname="Kaitai.SpecDefaultEndianMod.TestDefaultEndianMod" methodname="TestDefaultEndianMod" classname="Kaitai.SpecDefaultEndianMod" runstate="Runnable" seed="864377125" result="Passed" start-time="2023-07-05 11:23:02Z" end-time="2023-07-05 11:23:02Z" duration="0.000776" asserts="3" />
      </test-suite>
      <test-suite type="TestFixture" id="0-1074" name="SpecDocstrings" fullname="Kaitai.SpecDocstrings" classname="Kaitai.SpecDocstrings" runstate="Runnable" testcasecount="1" result="Passed" start-time="2023-07-05 11:23:02Z" end-time="2023-07-05 11:23:02Z" duration="0.002718" total="1" passed="1" failed="0" inconclusive="0" skipped="0" asserts="0">
        <test-case id="0-1075" name="TestDocstrings" fullname="Kaitai.SpecDocstrings.TestDocstrings" methodname="TestDocstrings" classname="Kaitai.SpecDocstrings" runstate="Runnable" seed="501681206" result="Passed" start-time="2023-07-05 11:23:02Z" end-time="2023-07-05 11:23:02Z" duration="0.000331" asserts="0" />
      </test-suite>
      <test-suite type="TestFixture" id="0-1076" name="SpecDocstringsDocref" fullname="Kaitai.SpecDocstringsDocref" classname="Kaitai.SpecDocstringsDocref" runstate="Runnable" testcasecount="1" result="Passed" start-time="2023-07-05 11:23:02Z" end-time="2023-07-05 11:23:02Z" duration="0.002720" total="1" passed="1" failed="0" inconclusive="0" skipped="0" asserts="0">
        <test-case id="0-1077" name="TestDocstringsDocref" fullname="Kaitai.SpecDocstringsDocref.TestDocstringsDocref" methodname="TestDocstringsDocref" classname="Kaitai.SpecDocstringsDocref" runstate="Runnable" seed="1921544119" result="Passed" start-time="2023-07-05 11:23:02Z" end-time="2023-07-05 11:23:02Z" duration="0.000326" asserts="0" />
      </test-suite>
      <test-suite type="TestFixture" id="0-1078" name="SpecDocstringsDocrefMulti" fullname="Kaitai.SpecDocstringsDocrefMulti" classname="Kaitai.SpecDocstringsDocrefMulti" runstate="Runnable" testcasecount="1" result="Passed" start-time="2023-07-05 11:23:02Z" end-time="2023-07-05 11:23:02Z" duration="0.002634" total="1" passed="1" failed="0" inconclusive="0" skipped="0" asserts="0">
        <test-case id="0-1079" name="TestDocstringsDocrefMulti" fullname="Kaitai.SpecDocstringsDocrefMulti.TestDocstringsDocrefMulti" methodname="TestDocstringsDocrefMulti" classname="Kaitai.SpecDocstringsDocrefMulti" runstate="Runnable" seed="775840434" result="Passed" start-time="2023-07-05 11:23:02Z" end-time="2023-07-05 11:23:02Z" duration="0.000255" asserts="0" />
      </test-suite>
      <test-suite type="TestFixture" id="0-1080" name="SpecEnum0" fullname="Kaitai.SpecEnum0" classname="Kaitai.SpecEnum0" runstate="Runnable" testcasecount="1" result="Passed" start-time="2023-07-05 11:23:02Z" end-time="2023-07-05 11:23:02Z" duration="0.002778" total="1" passed="1" failed="0" inconclusive="0" skipped="0" asserts="2">
        <test-case id="0-1081" name="TestEnum0" fullname="Kaitai.SpecEnum0.TestEnum0" methodname="TestEnum0" classname="Kaitai.SpecEnum0" runstate="Runnable" seed="1744287496" result="Passed" start-time="2023-07-05 11:23:02Z" end-time="2023-07-05 11:23:02Z" duration="0.000407" asserts="2" />
      </test-suite>
      <test-suite type="TestFixture" id="0-1082" name="SpecEnum1" fullname="Kaitai.SpecEnum1" classname="Kaitai.SpecEnum1" runstate="Runnable" testcasecount="1" result="Passed" start-time="2023-07-05 11:23:02Z" end-time="2023-07-05 11:23:02Z" duration="0.002980" total="1" passed="1" failed="0" inconclusive="0" skipped="0" asserts="2">
        <test-case id="0-1083" name="TestEnum1" fullname="Kaitai.SpecEnum1.TestEnum1" methodname="TestEnum1" classname="Kaitai.SpecEnum1" runstate="Runnable" seed="1736686513" result="Passed" start-time="2023-07-05 11:23:02Z" end-time="2023-07-05 11:23:02Z" duration="0.000600" asserts="2" />
      </test-suite>
      <test-suite type="TestFixture" id="0-1084" name="SpecEnumDeep" fullname="Kaitai.SpecEnumDeep" classname="Kaitai.SpecEnumDeep" runstate="Runnable" testcasecount="1" result="Passed" start-time="2023-07-05 11:23:02Z" end-time="2023-07-05 11:23:02Z" duration="0.002819" total="1" passed="1" failed="0" inconclusive="0" skipped="0" asserts="2">
        <test-case id="0-1085" name="TestEnumDeep" fullname="Kaitai.SpecEnumDeep.TestEnumDeep" methodname="TestEnumDeep" classname="Kaitai.SpecEnumDeep" runstate="Runnable" seed="746624180" result="Passed" start-time="2023-07-05 11:23:02Z" end-time="2023-07-05 11:23:02Z" duration="0.000431" asserts="2" />
      </test-suite>
      <test-suite type="TestFixture" id="0-1086" name="SpecEnumDeepLiterals" fullname="Kaitai.SpecEnumDeepLiterals" classname="Kaitai.SpecEnumDeepLiterals" runstate="Runnable" testcasecount="1" result="Passed" start-time="2023-07-05 11:23:02Z" end-time="2023-07-05 11:23:02Z" duration="0.003699" total="1" passed="1" failed="0" inconclusive="0" skipped="0" asserts="2">
        <test-case id="0-1087" name="TestEnumDeepLiterals" fullname="Kaitai.SpecEnumDeepLiterals.TestEnumDeepLiterals" methodname="TestEnumDeepLiterals" classname="Kaitai.SpecEnumDeepLiterals" runstate="Runnable" seed="103724936" result="Passed" start-time="2023-07-05 11:23:02Z" end-time="2023-07-05 11:23:02Z" duration="0.000535" asserts="2" />
      </test-suite>
      <test-suite type="TestFixture" id="0-1088" name="SpecEnumFancy" fullname="Kaitai.SpecEnumFancy" classname="Kaitai.SpecEnumFancy" runstate="Runnable" testcasecount="1" result="Passed" start-time="2023-07-05 11:23:02Z" end-time="2023-07-05 11:23:02Z" duration="0.002820" total="1" passed="1" failed="0" inconclusive="0" skipped="0" asserts="2">
        <test-case id="0-1089" name="TestEnumFancy" fullname="Kaitai.SpecEnumFancy.TestEnumFancy" methodname="TestEnumFancy" classname="Kaitai.SpecEnumFancy" runstate="Runnable" seed="886751668" result="Passed" start-time="2023-07-05 11:23:02Z" end-time="2023-07-05 11:23:02Z" duration="0.000436" asserts="2" />
      </test-suite>
      <test-suite type="TestFixture" id="0-1090" name="SpecEnumForUnknownId" fullname="Kaitai.SpecEnumForUnknownId" classname="Kaitai.SpecEnumForUnknownId" runstate="Runnable" testcasecount="1" result="Passed" start-time="2023-07-05 11:23:02Z" end-time="2023-07-05 11:23:02Z" duration="0.002754" total="1" passed="1" failed="0" inconclusive="0" skipped="0" asserts="1">
        <test-case id="0-1091" name="TestEnumForUnknownId" fullname="Kaitai.SpecEnumForUnknownId.TestEnumForUnknownId" methodname="TestEnumForUnknownId" classname="Kaitai.SpecEnumForUnknownId" runstate="Runnable" seed="1361199825" result="Passed" start-time="2023-07-05 11:23:02Z" end-time="2023-07-05 11:23:02Z" duration="0.000372" asserts="1" />
      </test-suite>
      <test-suite type="TestFixture" id="0-1092" name="SpecEnumIf" fullname="Kaitai.SpecEnumIf" classname="Kaitai.SpecEnumIf" runstate="Runnable" testcasecount="1" result="Passed" start-time="2023-07-05 11:23:02Z" end-time="2023-07-05 11:23:02Z" duration="0.003520" total="1" passed="1" failed="0" inconclusive="0" skipped="0" asserts="7">
        <test-case id="0-1093" name="TestEnumIf" fullname="Kaitai.SpecEnumIf.TestEnumIf" methodname="TestEnumIf" classname="Kaitai.SpecEnumIf" runstate="Runnable" seed="1623272892" result="Passed" start-time="2023-07-05 11:23:02Z" end-time="2023-07-05 11:23:02Z" duration="0.001132" asserts="7" />
      </test-suite>
      <test-suite type="TestFixture" id="0-1094" name="SpecEnumImport" fullname="Kaitai.SpecEnumImport" classname="Kaitai.SpecEnumImport" runstate="Runnable" testcasecount="1" result="Passed" start-time="2023-07-05 11:23:02Z" end-time="2023-07-05 11:23:02Z" duration="0.002797" total="1" passed="1" failed="0" inconclusive="0" skipped="0" asserts="2">
        <test-case id="0-1095" name="TestEnumImport" fullname="Kaitai.SpecEnumImport.TestEnumImport" methodname="TestEnumImport" classname="Kaitai.SpecEnumImport" runstate="Runnable" seed="1984720252" result="Passed" start-time="2023-07-05 11:23:02Z" end-time="2023-07-05 11:23:02Z" duration="0.000406" asserts="2" />
      </test-suite>
      <test-suite type="TestFixture" id="0-1096" name="SpecEnumIntRangeS" fullname="Kaitai.SpecEnumIntRangeS" classname="Kaitai.SpecEnumIntRangeS" runstate="Runnable" testcasecount="1" result="Passed" start-time="2023-07-05 11:23:02Z" end-time="2023-07-05 11:23:02Z" duration="0.002860" total="1" passed="1" failed="0" inconclusive="0" skipped="0" asserts="3">
        <test-case id="0-1097" name="TestEnumIntRangeS" fullname="Kaitai.SpecEnumIntRangeS.TestEnumIntRangeS" methodname="TestEnumIntRangeS" classname="Kaitai.SpecEnumIntRangeS" runstate="Runnable" seed="532297536" result="Passed" start-time="2023-07-05 11:23:02Z" end-time="2023-07-05 11:23:02Z" duration="0.000473" asserts="3" />
      </test-suite>
      <test-suite type="TestFixture" id="0-1098" name="SpecEnumInvalid" fullname="Kaitai.SpecEnumInvalid" classname="Kaitai.SpecEnumInvalid" runstate="Runnable" testcasecount="1" result="Passed" start-time="2023-07-05 11:23:02Z" end-time="2023-07-05 11:23:02Z" duration="0.002788" total="1" passed="1" failed="0" inconclusive="0" skipped="0" asserts="2">
        <test-case id="0-1099" name="TestEnumInvalid" fullname="Kaitai.SpecEnumInvalid.TestEnumInvalid" methodname="TestEnumInvalid" classname="Kaitai.SpecEnumInvalid" runstate="Runnable" seed="1009960802" result="Passed" start-time="2023-07-05 11:23:02Z" end-time="2023-07-05 11:23:02Z" duration="0.000406" asserts="2" />
      </test-suite>
      <test-suite type="TestFixture" id="0-1100" name="SpecEnumNegative" fullname="Kaitai.SpecEnumNegative" classname="Kaitai.SpecEnumNegative" runstate="Runnable" testcasecount="1" result="Passed" start-time="2023-07-05 11:23:02Z" end-time="2023-07-05 11:23:02Z" duration="0.002839" total="1" passed="1" failed="0" inconclusive="0" skipped="0" asserts="2">
        <test-case id="0-1101" name="TestEnumNegative" fullname="Kaitai.SpecEnumNegative.TestEnumNegative" methodname="TestEnumNegative" classname="Kaitai.SpecEnumNegative" runstate="Runnable" seed="230548964" result="Passed" start-time="2023-07-05 11:23:02Z" end-time="2023-07-05 11:23:02Z" duration="0.000458" asserts="2" />
      </test-suite>
      <test-suite type="TestFixture" id="0-1102" name="SpecEnumOfValueInst" fullname="Kaitai.SpecEnumOfValueInst" classname="Kaitai.SpecEnumOfValueInst" runstate="Runnable" testcasecount="1" result="Passed" start-time="2023-07-05 11:23:02Z" end-time="2023-07-05 11:23:03Z" duration="0.003010" total="1" passed="1" failed="0" inconclusive="0" skipped="0" asserts="4">
        <test-case id="0-1103" name="TestEnumOfValueInst" fullname="Kaitai.SpecEnumOfValueInst.TestEnumOfValueInst" methodname="TestEnumOfValueInst" classname="Kaitai.SpecEnumOfValueInst" runstate="Runnable" seed="1034479458" result="Passed" start-time="2023-07-05 11:23:02Z" end-time="2023-07-05 11:23:03Z" duration="0.000624" asserts="4" />
      </test-suite>
      <test-suite type="TestFixture" id="0-1104" name="SpecEofExceptionBytes" fullname="Kaitai.SpecEofExceptionBytes" classname="Kaitai.SpecEofExceptionBytes" runstate="Runnable" testcasecount="1" result="Passed" start-time="2023-07-05 11:23:03Z" end-time="2023-07-05 11:23:03Z" duration="0.003655" total="1" passed="1" failed="0" inconclusive="0" skipped="0" asserts="1">
        <test-case id="0-1105" name="TestEofExceptionBytes" fullname="Kaitai.SpecEofExceptionBytes.TestEofExceptionBytes" methodname="TestEofExceptionBytes" classname="Kaitai.SpecEofExceptionBytes" runstate="Runnable" seed="536128162" result="Passed" start-time="2023-07-05 11:23:03Z" end-time="2023-07-05 11:23:03Z" duration="0.001255" asserts="1" />
      </test-suite>
      <test-suite type="TestFixture" id="0-1106" name="SpecEofExceptionU4" fullname="Kaitai.SpecEofExceptionU4" classname="Kaitai.SpecEofExceptionU4" runstate="Runnable" testcasecount="1" result="Passed" start-time="2023-07-05 11:23:03Z" end-time="2023-07-05 11:23:03Z" duration="0.002872" total="1" passed="1" failed="0" inconclusive="0" skipped="0" asserts="1">
        <test-case id="0-1107" name="TestEofExceptionU4" fullname="Kaitai.SpecEofExceptionU4.TestEofExceptionU4" methodname="TestEofExceptionU4" classname="Kaitai.SpecEofExceptionU4" runstate="Runnable" seed="1279398328" result="Passed" start-time="2023-07-05 11:23:03Z" end-time="2023-07-05 11:23:03Z" duration="0.000470" asserts="1" />
      </test-suite>
      <test-suite type="TestFixture" id="0-1108" name="SpecEosExceptionBytes" fullname="Kaitai.SpecEosExceptionBytes" classname="Kaitai.SpecEosExceptionBytes" runstate="Runnable" testcasecount="1" result="Passed" start-time="2023-07-05 11:23:03Z" end-time="2023-07-05 11:23:03Z" duration="0.002920" total="1" passed="1" failed="0" inconclusive="0" skipped="0" asserts="1">
        <test-case id="0-1109" name="TestEosExceptionBytes" fullname="Kaitai.SpecEosExceptionBytes.TestEosExceptionBytes" methodname="TestEosExceptionBytes" classname="Kaitai.SpecEosExceptionBytes" runstate="Runnable" seed="1511976690" result="Passed" start-time="2023-07-05 11:23:03Z" end-time="2023-07-05 11:23:03Z" duration="0.000525" asserts="1" />
      </test-suite>
      <test-suite type="TestFixture" id="0-1110" name="SpecEosExceptionU4" fullname="Kaitai.SpecEosExceptionU4" classname="Kaitai.SpecEosExceptionU4" runstate="Runnable" testcasecount="1" result="Passed" start-time="2023-07-05 11:23:03Z" end-time="2023-07-05 11:23:03Z" duration="0.002918" total="1" passed="1" failed="0" inconclusive="0" skipped="0" asserts="1">
        <test-case id="0-1111" name="TestEosExceptionU4" fullname="Kaitai.SpecEosExceptionU4.TestEosExceptionU4" methodname="TestEosExceptionU4" classname="Kaitai.SpecEosExceptionU4" runstate="Runnable" seed="57328649" result="Passed" start-time="2023-07-05 11:23:03Z" end-time="2023-07-05 11:23:03Z" duration="0.000529" asserts="1" />
      </test-suite>
      <test-suite type="TestFixture" id="0-1112" name="SpecExpr0" fullname="Kaitai.SpecExpr0" classname="Kaitai.SpecExpr0" runstate="Runnable" testcasecount="1" result="Passed" start-time="2023-07-05 11:23:03Z" end-time="2023-07-05 11:23:03Z" duration="0.002868" total="1" passed="1" failed="0" inconclusive="0" skipped="0" asserts="2">
        <test-case id="0-1113" name="TestExpr0" fullname="Kaitai.SpecExpr0.TestExpr0" methodname="TestExpr0" classname="Kaitai.SpecExpr0" runstate="Runnable" seed="181875502" result="Passed" start-time="2023-07-05 11:23:03Z" end-time="2023-07-05 11:23:03Z" duration="0.000477" asserts="2" />
      </test-suite>
      <test-suite type="TestFixture" id="0-1114" name="SpecExpr1" fullname="Kaitai.SpecExpr1" classname="Kaitai.SpecExpr1" runstate="Runnable" testcasecount="1" result="Passed" start-time="2023-07-05 11:23:03Z" end-time="2023-07-05 11:23:03Z" duration="0.002953" total="1" passed="1" failed="0" inconclusive="0" skipped="0" asserts="4">
        <test-case id="0-1115" name="TestExpr1" fullname="Kaitai.SpecExpr1.TestExpr1" methodname="TestExpr1" classname="Kaitai.SpecExpr1" runstate="Runnable" seed="1429990842" result="Passed" start-time="2023-07-05 11:23:03Z" end-time="2023-07-05 11:23:03Z" duration="0.000575" asserts="4" />
      </test-suite>
      <test-suite type="TestFixture" id="0-1116" name="SpecExpr2" fullname="Kaitai.SpecExpr2" classname="Kaitai.SpecExpr2" runstate="Runnable" testcasecount="1" result="Passed" start-time="2023-07-05 11:23:03Z" end-time="2023-07-05 11:23:03Z" duration="0.004086" total="1" passed="1" failed="0" inconclusive="0" skipped="0" asserts="17">
        <test-case id="0-1117" name="TestExpr2" fullname="Kaitai.SpecExpr2.TestExpr2" methodname="TestExpr2" classname="Kaitai.SpecExpr2" runstate="Runnable" seed="2132195696" result="Passed" start-time="2023-07-05 11:23:03Z" end-time="2023-07-05 11:23:03Z" duration="0.001698" asserts="17" />
      </test-suite>
      <test-suite type="TestFixture" id="0-1118" name="SpecExpr3" fullname="Kaitai.SpecExpr3" classname="Kaitai.SpecExpr3" runstate="Runnable" testcasecount="1" result="Passed" start-time="2023-07-05 11:23:03Z" end-time="2023-07-05 11:23:03Z" duration="0.003605" total="1" passed="1" failed="0" inconclusive="0" skipped="0" asserts="12">
        <test-case id="0-1119" name="TestExpr3" fullname="Kaitai.SpecExpr3.TestExpr3" methodname="TestExpr3" classname="Kaitai.SpecExpr3" runstate="Runnable" seed="1638577247" result="Passed" start-time="2023-07-05 11:23:03Z" end-time="2023-07-05 11:23:03Z" duration="0.001208" asserts="12" />
      </test-suite>
      <test-suite type="TestFixture" id="0-1120" name="SpecExprArray" fullname="Kaitai.SpecExprArray" classname="Kaitai.SpecExprArray" runstate="Runnable" testcasecount="1" result="Passed" start-time="2023-07-05 11:23:03Z" end-time="2023-07-05 11:23:03Z" duration="0.009232" total="1" passed="1" failed="0" inconclusive="0" skipped="0" asserts="15">
        <test-case id="0-1121" name="TestExprArray" fullname="Kaitai.SpecExprArray.TestExprArray" methodname="TestExprArray" classname="Kaitai.SpecExprArray" runstate="Runnable" seed="1782366967" result="Passed" start-time="2023-07-05 11:23:03Z" end-time="2023-07-05 11:23:03Z" duration="0.006835" asserts="15" />
      </test-suite>
      <test-suite type="TestFixture" id="0-1122" name="SpecExprBytesCmp" fullname="Kaitai.SpecExprBytesCmp" classname="Kaitai.SpecExprBytesCmp" runstate="Runnable" testcasecount="1" result="Passed" start-time="2023-07-05 11:23:03Z" end-time="2023-07-05 11:23:03Z" duration="0.003665" total="1" passed="1" failed="0" inconclusive="0" skipped="0" asserts="10">
        <test-case id="0-1123" name="TestExprBytesCmp" fullname="Kaitai.SpecExprBytesCmp.TestExprBytesCmp" methodname="TestExprBytesCmp" classname="Kaitai.SpecExprBytesCmp" runstate="Runnable" seed="1287165589" result="Passed" start-time="2023-07-05 11:23:03Z" end-time="2023-07-05 11:23:03Z" duration="0.001266" asserts="10" />
      </test-suite>
      <test-suite type="TestFixture" id="0-1124" name="SpecExprBytesNonLiteral" fullname="Kaitai.SpecExprBytesNonLiteral" classname="Kaitai.SpecExprBytesNonLiteral" runstate="Runnable" testcasecount="1" result="Passed" start-time="2023-07-05 11:23:03Z" end-time="2023-07-05 11:23:03Z" duration="0.002900" total="1" passed="1" failed="0" inconclusive="0" skipped="0" asserts="3">
        <test-case id="0-1125" name="TestExprBytesNonLiteral" fullname="Kaitai.SpecExprBytesNonLiteral.TestExprBytesNonLiteral" methodname="TestExprBytesNonLiteral" classname="Kaitai.SpecExprBytesNonLiteral" runstate="Runnable" seed="1175015661" result="Passed" start-time="2023-07-05 11:23:03Z" end-time="2023-07-05 11:23:03Z" duration="0.000506" asserts="3" />
      </test-suite>
      <test-suite type="TestFixture" id="0-1126" name="SpecExprBytesOps" fullname="Kaitai.SpecExprBytesOps" classname="Kaitai.SpecExprBytesOps" runstate="Runnable" testcasecount="1" result="Passed" start-time="2023-07-05 11:23:03Z" end-time="2023-07-05 11:23:03Z" duration="0.004979" total="1" passed="1" failed="0" inconclusive="0" skipped="0" asserts="16">
        <test-case id="0-1127" name="TestExprBytesOps" fullname="Kaitai.SpecExprBytesOps.TestExprBytesOps" methodname="TestExprBytesOps" classname="Kaitai.SpecExprBytesOps" runstate="Runnable" seed="1276108051" result="Passed" start-time="2023-07-05 11:23:03Z" end-time="2023-07-05 11:23:03Z" duration="0.002586" asserts="16" />
      </test-suite>
      <test-suite type="TestFixture" id="0-1128" name="SpecExprCalcArrayOps" fullname="Kaitai.SpecExprCalcArrayOps" classname="Kaitai.SpecExprCalcArrayOps" runstate="Runnable" testcasecount="1" result="Passed" start-time="2023-07-05 11:23:03Z" end-time="2023-07-05 11:23:03Z" duration="0.005767" total="1" passed="1" failed="0" inconclusive="0" skipped="0" asserts="18">
        <test-case id="0-1129" name="TestExprCalcArrayOps" fullname="Kaitai.SpecExprCalcArrayOps.TestExprCalcArrayOps" methodname="TestExprCalcArrayOps" classname="Kaitai.SpecExprCalcArrayOps" runstate="Runnable" seed="1247986033" result="Passed" start-time="2023-07-05 11:23:03Z" end-time="2023-07-05 11:23:03Z" duration="0.003354" asserts="18" />
      </test-suite>
      <test-suite type="TestFixture" id="0-1130" name="SpecExprEnum" fullname="Kaitai.SpecExprEnum" classname="Kaitai.SpecExprEnum" runstate="Runnable" testcasecount="1" result="Passed" start-time="2023-07-05 11:23:03Z" end-time="2023-07-05 11:23:03Z" duration="0.003022" total="1" passed="1" failed="0" inconclusive="0" skipped="0" asserts="3">
        <test-case id="0-1131" name="TestExprEnum" fullname="Kaitai.SpecExprEnum.TestExprEnum" methodname="TestExprEnum" classname="Kaitai.SpecExprEnum" runstate="Runnable" seed="62322256" result="Passed" start-time="2023-07-05 11:23:03Z" end-time="2023-07-05 11:23:03Z" duration="0.000620" asserts="3" />
      </test-suite>
      <test-suite type="TestFixture" id="0-1132" name="SpecExprIfIntOps" fullname="Kaitai.SpecExprIfIntOps" classname="Kaitai.SpecExprIfIntOps" runstate="Runnable" testcasecount="1" result="Passed" start-time="2023-07-05 11:23:03Z" end-time="2023-07-05 11:23:03Z" duration="0.003278" total="1" passed="1" failed="0" inconclusive="0" skipped="0" asserts="2">
        <test-case id="0-1133" name="TestExprIfIntOps" fullname="Kaitai.SpecExprIfIntOps.TestExprIfIntOps" methodname="TestExprIfIntOps" classname="Kaitai.SpecExprIfIntOps" runstate="Runnable" seed="2087436171" result="Passed" start-time="2023-07-05 11:23:03Z" end-time="2023-07-05 11:23:03Z" duration="0.000885" asserts="2" />
      </test-suite>
      <test-suite type="TestFixture" id="0-1134" name="SpecExprIntDiv" fullname="Kaitai.SpecExprIntDiv" classname="Kaitai.SpecExprIntDiv" runstate="Runnable" testcasecount="1" result="Failed" site="Child" start-time="2023-07-05 11:23:03Z" end-time="2023-07-05 11:23:03Z" duration="0.013454" total="1" passed="0" failed="1" inconclusive="0" skipped="0" asserts="4">
        <failure>
          <message><![CDATA[One or more child tests had errors]]></message>
        </failure>
        <test-case id="0-1135" name="TestExprIntDiv" fullname="Kaitai.SpecExprIntDiv.TestExprIntDiv" methodname="TestExprIntDiv" classname="Kaitai.SpecExprIntDiv" runstate="Runnable" seed="1812605817" result="Failed" start-time="2023-07-05 11:23:03Z" end-time="2023-07-05 11:23:03Z" duration="0.010919" asserts="4">
          <failure>
            <message><![CDATA[  Expected: -756
  But was:  -757
]]></message>
            <stack-trace><![CDATA[at Kaitai.SpecExprIntDiv.TestExprIntDiv () [0x00069] in <b1db5eeede644bc59e8ac4dba54e112d>:0
]]></stack-trace>
          </failure>
        </test-case>
      </test-suite>
      <test-suite type="TestFixture" id="0-1136" name="SpecExprIoEof" fullname="Kaitai.SpecExprIoEof" classname="Kaitai.SpecExprIoEof" runstate="Runnable" testcasecount="1" result="Passed" start-time="2023-07-05 11:23:03Z" end-time="2023-07-05 11:23:03Z" duration="0.003481" total="1" passed="1" failed="0" inconclusive="0" skipped="0" asserts="4">
        <test-case id="0-1137" name="TestExprIoEof" fullname="Kaitai.SpecExprIoEof.TestExprIoEof" methodname="TestExprIoEof" classname="Kaitai.SpecExprIoEof" runstate="Runnable" seed="228312596" result="Passed" start-time="2023-07-05 11:23:03Z" end-time="2023-07-05 11:23:03Z" duration="0.001073" asserts="4" />
      </test-suite>
      <test-suite type="TestFixture" id="0-1138" name="SpecExprIoPos" fullname="Kaitai.SpecExprIoPos" classname="Kaitai.SpecExprIoPos" runstate="Runnable" testcasecount="1" result="Passed" start-time="2023-07-05 11:23:03Z" end-time="2023-07-05 11:23:03Z" duration="0.003180" total="1" passed="1" failed="0" inconclusive="0" skipped="0" asserts="6">
        <test-case id="0-1139" name="TestExprIoPos" fullname="Kaitai.SpecExprIoPos.TestExprIoPos" methodname="TestExprIoPos" classname="Kaitai.SpecExprIoPos" runstate="Runnable" seed="463278671" result="Passed" start-time="2023-07-05 11:23:03Z" end-time="2023-07-05 11:23:03Z" duration="0.000787" asserts="6" />
      </test-suite>
      <test-suite type="TestFixture" id="0-1140" name="SpecExprMod" fullname="Kaitai.SpecExprMod" classname="Kaitai.SpecExprMod" runstate="Runnable" testcasecount="1" result="Passed" start-time="2023-07-05 11:23:03Z" end-time="2023-07-05 11:23:03Z" duration="0.003190" total="1" passed="1" failed="0" inconclusive="0" skipped="0" asserts="6">
        <test-case id="0-1141" name="TestExprMod" fullname="Kaitai.SpecExprMod.TestExprMod" methodname="TestExprMod" classname="Kaitai.SpecExprMod" runstate="Runnable" seed="1234645897" result="Passed" start-time="2023-07-05 11:23:03Z" end-time="2023-07-05 11:23:03Z" duration="0.000806" asserts="6" />
      </test-suite>
      <test-suite type="TestFixture" id="0-1142" name="SpecExprSizeofType0" fullname="Kaitai.SpecExprSizeofType0" classname="Kaitai.SpecExprSizeofType0" runstate="Runnable" testcasecount="1" result="Passed" start-time="2023-07-05 11:23:03Z" end-time="2023-07-05 11:23:03Z" duration="0.002734" total="1" passed="1" failed="0" inconclusive="0" skipped="0" asserts="1">
        <test-case id="0-1143" name="TestExprSizeofType0" fullname="Kaitai.SpecExprSizeofType0.TestExprSizeofType0" methodname="TestExprSizeofType0" classname="Kaitai.SpecExprSizeofType0" runstate="Runnable" seed="1835612320" result="Passed" start-time="2023-07-05 11:23:03Z" end-time="2023-07-05 11:23:03Z" duration="0.000351" asserts="1" />
      </test-suite>
      <test-suite type="TestFixture" id="0-1144" name="SpecExprSizeofType1" fullname="Kaitai.SpecExprSizeofType1" classname="Kaitai.SpecExprSizeofType1" runstate="Runnable" testcasecount="1" result="Passed" start-time="2023-07-05 11:23:03Z" end-time="2023-07-05 11:23:03Z" duration="0.003498" total="1" passed="1" failed="0" inconclusive="0" skipped="0" asserts="2">
        <test-case id="0-1145" name="TestExprSizeofType1" fullname="Kaitai.SpecExprSizeofType1.TestExprSizeofType1" methodname="TestExprSizeofType1" classname="Kaitai.SpecExprSizeofType1" runstate="Runnable" seed="734548357" result="Passed" start-time="2023-07-05 11:23:03Z" end-time="2023-07-05 11:23:03Z" duration="0.001113" asserts="2" />
      </test-suite>
      <test-suite type="TestFixture" id="0-1146" name="SpecExprSizeofValue0" fullname="Kaitai.SpecExprSizeofValue0" classname="Kaitai.SpecExprSizeofValue0" runstate="Runnable" testcasecount="1" result="Passed" start-time="2023-07-05 11:23:03Z" end-time="2023-07-05 11:23:03Z" duration="0.003091" total="1" passed="1" failed="0" inconclusive="0" skipped="0" asserts="5">
        <test-case id="0-1147" name="TestExprSizeofValue0" fullname="Kaitai.SpecExprSizeofValue0.TestExprSizeofValue0" methodname="TestExprSizeofValue0" classname="Kaitai.SpecExprSizeofValue0" runstate="Runnable" seed="1189798003" result="Passed" start-time="2023-07-05 11:23:03Z" end-time="2023-07-05 11:23:03Z" duration="0.000704" asserts="5" />
      </test-suite>
      <test-suite type="TestFixture" id="0-1148" name="SpecExprSizeofValueSized" fullname="Kaitai.SpecExprSizeofValueSized" classname="Kaitai.SpecExprSizeofValueSized" runstate="Runnable" testcasecount="1" result="Passed" start-time="2023-07-05 11:23:03Z" end-time="2023-07-05 11:23:03Z" duration="0.003129" total="1" passed="1" failed="0" inconclusive="0" skipped="0" asserts="5">
        <test-case id="0-1149" name="TestExprSizeofValueSized" fullname="Kaitai.SpecExprSizeofValueSized.TestExprSizeofValueSized" methodname="TestExprSizeofValueSized" classname="Kaitai.SpecExprSizeofValueSized" runstate="Runnable" seed="1099975503" result="Passed" start-time="2023-07-05 11:23:03Z" end-time="2023-07-05 11:23:03Z" duration="0.000748" asserts="5" />
      </test-suite>
      <test-suite type="TestFixture" id="0-1150" name="SpecExprStrEncodings" fullname="Kaitai.SpecExprStrEncodings" classname="Kaitai.SpecExprStrEncodings" runstate="Runnable" testcasecount="1" result="Passed" start-time="2023-07-05 11:23:03Z" end-time="2023-07-05 11:23:03Z" duration="0.132980" total="1" passed="1" failed="0" inconclusive="0" skipped="0" asserts="7">
        <test-case id="0-1151" name="TestExprStrEncodings" fullname="Kaitai.SpecExprStrEncodings.TestExprStrEncodings" methodname="TestExprStrEncodings" classname="Kaitai.SpecExprStrEncodings" runstate="Runnable" seed="316662063" result="Passed" start-time="2023-07-05 11:23:03Z" end-time="2023-07-05 11:23:03Z" duration="0.130577" asserts="7" />
      </test-suite>
      <test-suite type="TestFixture" id="0-1152" name="SpecExprStrOps" fullname="Kaitai.SpecExprStrOps" classname="Kaitai.SpecExprStrOps" runstate="Runnable" testcasecount="1" result="Passed" start-time="2023-07-05 11:23:03Z" end-time="2023-07-05 11:23:03Z" duration="0.005948" total="1" passed="1" failed="0" inconclusive="0" skipped="0" asserts="17">
        <test-case id="0-1153" name="TestExprStrOps" fullname="Kaitai.SpecExprStrOps.TestExprStrOps" methodname="TestExprStrOps" classname="Kaitai.SpecExprStrOps" runstate="Runnable" seed="2110639661" result="Passed" start-time="2023-07-05 11:23:03Z" end-time="2023-07-05 11:23:03Z" duration="0.003522" asserts="17" />
      </test-suite>
      <test-suite type="TestFixture" id="0-1154" name="SpecFixedContents" fullname="Kaitai.SpecFixedContents" classname="Kaitai.SpecFixedContents" runstate="Runnable" testcasecount="1" result="Passed" start-time="2023-07-05 11:23:03Z" end-time="2023-07-05 11:23:03Z" duration="0.002957" total="1" passed="1" failed="0" inconclusive="0" skipped="0" asserts="0">
        <test-case id="0-1155" name="TestFixedContents" fullname="Kaitai.SpecFixedContents.TestFixedContents" methodname="TestFixedContents" classname="Kaitai.SpecFixedContents" runstate="Runnable" seed="1000356886" result="Passed" start-time="2023-07-05 11:23:03Z" end-time="2023-07-05 11:23:03Z" duration="0.000553" asserts="0" />
      </test-suite>
      <test-suite type="TestFixture" id="0-1156" name="SpecFixedStruct" fullname="Kaitai.SpecFixedStruct" classname="Kaitai.SpecFixedStruct" runstate="Runnable" testcasecount="1" result="Passed" start-time="2023-07-05 11:23:03Z" end-time="2023-07-05 11:23:03Z" duration="0.004587" total="1" passed="1" failed="0" inconclusive="0" skipped="0" asserts="20">
        <test-case id="0-1157" name="TestFixedStruct" fullname="Kaitai.SpecFixedStruct.TestFixedStruct" methodname="TestFixedStruct" classname="Kaitai.SpecFixedStruct" runstate="Runnable" seed="1822259063" result="Passed" start-time="2023-07-05 11:23:03Z" end-time="2023-07-05 11:23:03Z" duration="0.002174" asserts="20" />
      </test-suite>
      <test-suite type="TestFixture" id="0-1160" name="SpecFloatingPoints" fullname="Kaitai.SpecFloatingPoints" classname="Kaitai.SpecFloatingPoints" runstate="Runnable" testcasecount="1" result="Passed" start-time="2023-07-05 11:23:03Z" end-time="2023-07-05 11:23:03Z" duration="0.003295" total="1" passed="1" failed="0" inconclusive="0" skipped="0" asserts="8">
        <test-case id="0-1161" name="TestFloatingPoints" fullname="Kaitai.SpecFloatingPoints.TestFloatingPoints" methodname="TestFloatingPoints" classname="Kaitai.SpecFloatingPoints" runstate="Runnable" seed="226278827" result="Passed" start-time="2023-07-05 11:23:03Z" end-time="2023-07-05 11:23:03Z" duration="0.000879" asserts="8" />
      </test-suite>
      <test-suite type="TestFixture" id="0-1158" name="SpecFloatToI" fullname="Kaitai.SpecFloatToI" classname="Kaitai.SpecFloatToI" runstate="Runnable" testcasecount="1" result="Passed" start-time="2023-07-05 11:23:03Z" end-time="2023-07-05 11:23:03Z" duration="0.003279" total="1" passed="1" failed="0" inconclusive="0" skipped="0" asserts="8">
        <test-case id="0-1159" name="TestFloatToI" fullname="Kaitai.SpecFloatToI.TestFloatToI" methodname="TestFloatToI" classname="Kaitai.SpecFloatToI" runstate="Runnable" seed="960186884" result="Passed" start-time="2023-07-05 11:23:03Z" end-time="2023-07-05 11:23:03Z" duration="0.000878" asserts="8" />
      </test-suite>
      <test-suite type="TestFixture" id="0-1162" name="SpecHelloWorld" fullname="Kaitai.SpecHelloWorld" classname="Kaitai.SpecHelloWorld" runstate="Runnable" testcasecount="1" result="Passed" start-time="2023-07-05 11:23:03Z" end-time="2023-07-05 11:23:03Z" duration="0.002648" total="1" passed="1" failed="0" inconclusive="0" skipped="0" asserts="1">
        <test-case id="0-1163" name="TestHelloWorld" fullname="Kaitai.SpecHelloWorld.TestHelloWorld" methodname="TestHelloWorld" classname="Kaitai.SpecHelloWorld" runstate="Runnable" seed="153414879" result="Passed" start-time="2023-07-05 11:23:03Z" end-time="2023-07-05 11:23:03Z" duration="0.000259" asserts="1" />
      </test-suite>
      <test-suite type="TestFixture" id="0-1164" name="SpecIfInstances" fullname="Kaitai.SpecIfInstances" classname="Kaitai.SpecIfInstances" runstate="Runnable" testcasecount="1" result="Passed" start-time="2023-07-05 11:23:03Z" end-time="2023-07-05 11:23:03Z" duration="0.002863" total="1" passed="1" failed="0" inconclusive="0" skipped="0" asserts="1">
        <test-case id="0-1165" name="TestIfInstances" fullname="Kaitai.SpecIfInstances.TestIfInstances" methodname="TestIfInstances" classname="Kaitai.SpecIfInstances" runstate="Runnable" seed="1205305504" result="Passed" start-time="2023-07-05 11:23:03Z" end-time="2023-07-05 11:23:03Z" duration="0.000483" asserts="1" />
      </test-suite>
      <test-suite type="TestFixture" id="0-1166" name="SpecIfStruct" fullname="Kaitai.SpecIfStruct" classname="Kaitai.SpecIfStruct" runstate="Runnable" testcasecount="1" result="Passed" start-time="2023-07-05 11:23:03Z" end-time="2023-07-05 11:23:03Z" duration="0.003329" total="1" passed="1" failed="0" inconclusive="0" skipped="0" asserts="7">
        <test-case id="0-1167" name="TestIfStruct" fullname="Kaitai.SpecIfStruct.TestIfStruct" methodname="TestIfStruct" classname="Kaitai.SpecIfStruct" runstate="Runnable" seed="1775637624" result="Passed" start-time="2023-07-05 11:23:03Z" end-time="2023-07-05 11:23:03Z" duration="0.000940" asserts="7" />
      </test-suite>
      <test-suite type="TestFixture" id="0-1168" name="SpecIfValues" fullname="Kaitai.SpecIfValues" classname="Kaitai.SpecIfValues" runstate="Runnable" testcasecount="1" result="Passed" start-time="2023-07-05 11:23:03Z" end-time="2023-07-05 11:23:03Z" duration="0.003643" total="1" passed="1" failed="0" inconclusive="0" skipped="0" asserts="6">
        <test-case id="0-1169" name="TestIfValues" fullname="Kaitai.SpecIfValues.TestIfValues" methodname="TestIfValues" classname="Kaitai.SpecIfValues" runstate="Runnable" seed="1332508057" result="Passed" start-time="2023-07-05 11:23:03Z" end-time="2023-07-05 11:23:03Z" duration="0.001248" asserts="6" />
      </test-suite>
      <test-suite type="TestFixture" id="0-1170" name="SpecImports0" fullname="Kaitai.SpecImports0" classname="Kaitai.SpecImports0" runstate="Runnable" testcasecount="1" result="Passed" start-time="2023-07-05 11:23:03Z" end-time="2023-07-05 11:23:03Z" duration="0.002917" total="1" passed="1" failed="0" inconclusive="0" skipped="0" asserts="3">
        <test-case id="0-1171" name="TestImports0" fullname="Kaitai.SpecImports0.TestImports0" methodname="TestImports0" classname="Kaitai.SpecImports0" runstate="Runnable" seed="1798842301" result="Passed" start-time="2023-07-05 11:23:03Z" end-time="2023-07-05 11:23:03Z" duration="0.000521" asserts="3" />
      </test-suite>
      <test-suite type="TestFixture" id="0-1172" name="SpecImportsAbs" fullname="Kaitai.SpecImportsAbs" classname="Kaitai.SpecImportsAbs" runstate="Runnable" testcasecount="1" result="Passed" start-time="2023-07-05 11:23:03Z" end-time="2023-07-05 11:23:03Z" duration="0.003688" total="1" passed="1" failed="0" inconclusive="0" skipped="0" asserts="2">
        <test-case id="0-1173" name="TestImportsAbs" fullname="Kaitai.SpecImportsAbs.TestImportsAbs" methodname="TestImportsAbs" classname="Kaitai.SpecImportsAbs" runstate="Runnable" seed="1445184553" result="Passed" start-time="2023-07-05 11:23:03Z" end-time="2023-07-05 11:23:03Z" duration="0.001289" asserts="2" />
      </test-suite>
      <test-suite type="TestFixture" id="0-1174" name="SpecImportsAbsAbs" fullname="Kaitai.SpecImportsAbsAbs" classname="Kaitai.SpecImportsAbsAbs" runstate="Runnable" testcasecount="1" result="Passed" start-time="2023-07-05 11:23:03Z" end-time="2023-07-05 11:23:03Z" duration="0.003156" total="1" passed="1" failed="0" inconclusive="0" skipped="0" asserts="3">
        <test-case id="0-1175" name="TestImportsAbsAbs" fullname="Kaitai.SpecImportsAbsAbs.TestImportsAbsAbs" methodname="TestImportsAbsAbs" classname="Kaitai.SpecImportsAbsAbs" runstate="Runnable" seed="1885885430" result="Passed" start-time="2023-07-05 11:23:03Z" end-time="2023-07-05 11:23:03Z" duration="0.000629" asserts="3" />
      </test-suite>
      <test-suite type="TestFixture" id="0-1176" name="SpecImportsAbsRel" fullname="Kaitai.SpecImportsAbsRel" classname="Kaitai.SpecImportsAbsRel" runstate="Runnable" testcasecount="1" result="Passed" start-time="2023-07-05 11:23:03Z" end-time="2023-07-05 11:23:03Z" duration="0.002937" total="1" passed="1" failed="0" inconclusive="0" skipped="0" asserts="3">
        <test-case id="0-1177" name="TestImportsAbsRel" fullname="Kaitai.SpecImportsAbsRel.TestImportsAbsRel" methodname="TestImportsAbsRel" classname="Kaitai.SpecImportsAbsRel" runstate="Runnable" seed="705752697" result="Passed" start-time="2023-07-05 11:23:03Z" end-time="2023-07-05 11:23:03Z" duration="0.000549" asserts="3" />
      </test-suite>
      <test-suite type="TestFixture" id="0-1178" name="SpecImportsCircularA" fullname="Kaitai.SpecImportsCircularA" classname="Kaitai.SpecImportsCircularA" runstate="Runnable" testcasecount="1" result="Passed" start-time="2023-07-05 11:23:03Z" end-time="2023-07-05 11:23:03Z" duration="0.003015" total="1" passed="1" failed="0" inconclusive="0" skipped="0" asserts="5">
        <test-case id="0-1179" name="TestImportsCircularA" fullname="Kaitai.SpecImportsCircularA.TestImportsCircularA" methodname="TestImportsCircularA" classname="Kaitai.SpecImportsCircularA" runstate="Runnable" seed="806875057" result="Passed" start-time="2023-07-05 11:23:03Z" end-time="2023-07-05 11:23:03Z" duration="0.000633" asserts="5" />
      </test-suite>
      <test-suite type="TestFixture" id="0-1180" name="SpecImportsRel1" fullname="Kaitai.SpecImportsRel1" classname="Kaitai.SpecImportsRel1" runstate="Runnable" testcasecount="1" result="Passed" start-time="2023-07-05 11:23:03Z" end-time="2023-07-05 11:23:03Z" duration="0.002972" total="1" passed="1" failed="0" inconclusive="0" skipped="0" asserts="3">
        <test-case id="0-1181" name="TestImportsRel1" fullname="Kaitai.SpecImportsRel1.TestImportsRel1" methodname="TestImportsRel1" classname="Kaitai.SpecImportsRel1" runstate="Runnable" seed="506725564" result="Passed" start-time="2023-07-05 11:23:03Z" end-time="2023-07-05 11:23:03Z" duration="0.000589" asserts="3" />
      </test-suite>
      <test-suite type="TestFixture" id="0-1182" name="SpecIndexSizes" fullname="Kaitai.SpecIndexSizes" classname="Kaitai.SpecIndexSizes" runstate="Runnable" testcasecount="1" result="Passed" start-time="2023-07-05 11:23:03Z" end-time="2023-07-05 11:23:03Z" duration="0.003220" total="1" passed="1" failed="0" inconclusive="0" skipped="0" asserts="7">
        <test-case id="0-1183" name="TestIndexSizes" fullname="Kaitai.SpecIndexSizes.TestIndexSizes" methodname="TestIndexSizes" classname="Kaitai.SpecIndexSizes" runstate="Runnable" seed="301010366" result="Passed" start-time="2023-07-05 11:23:03Z" end-time="2023-07-05 11:23:03Z" duration="0.000833" asserts="7" />
      </test-suite>
      <test-suite type="TestFixture" id="0-1184" name="SpecIndexToParamEos" fullname="Kaitai.SpecIndexToParamEos" classname="Kaitai.SpecIndexToParamEos" runstate="Runnable" testcasecount="1" result="Passed" start-time="2023-07-05 11:23:03Z" end-time="2023-07-05 11:23:03Z" duration="0.003536" total="1" passed="1" failed="0" inconclusive="0" skipped="0" asserts="7">
        <test-case id="0-1185" name="TestIndexToParamEos" fullname="Kaitai.SpecIndexToParamEos.TestIndexToParamEos" methodname="TestIndexToParamEos" classname="Kaitai.SpecIndexToParamEos" runstate="Runnable" seed="2073981271" result="Passed" start-time="2023-07-05 11:23:03Z" end-time="2023-07-05 11:23:03Z" duration="0.001142" asserts="7" />
      </test-suite>
      <test-suite type="TestFixture" id="0-1186" name="SpecIndexToParamExpr" fullname="Kaitai.SpecIndexToParamExpr" classname="Kaitai.SpecIndexToParamExpr" runstate="Runnable" testcasecount="1" result="Passed" start-time="2023-07-05 11:23:03Z" end-time="2023-07-05 11:23:03Z" duration="0.003526" total="1" passed="1" failed="0" inconclusive="0" skipped="0" asserts="7">
        <test-case id="0-1187" name="TestIndexToParamExpr" fullname="Kaitai.SpecIndexToParamExpr.TestIndexToParamExpr" methodname="TestIndexToParamExpr" classname="Kaitai.SpecIndexToParamExpr" runstate="Runnable" seed="139348751" result="Passed" start-time="2023-07-05 11:23:03Z" end-time="2023-07-05 11:23:03Z" duration="0.001134" asserts="7" />
      </test-suite>
      <test-suite type="TestFixture" id="0-1188" name="SpecIndexToParamUntil" fullname="Kaitai.SpecIndexToParamUntil" classname="Kaitai.SpecIndexToParamUntil" runstate="Runnable" testcasecount="1" result="Passed" start-time="2023-07-05 11:23:03Z" end-time="2023-07-05 11:23:03Z" duration="0.003502" total="1" passed="1" failed="0" inconclusive="0" skipped="0" asserts="7">
        <test-case id="0-1189" name="TestIndexToParamUntil" fullname="Kaitai.SpecIndexToParamUntil.TestIndexToParamUntil" methodname="TestIndexToParamUntil" classname="Kaitai.SpecIndexToParamUntil" runstate="Runnable" seed="919782751" result="Passed" start-time="2023-07-05 11:23:03Z" end-time="2023-07-05 11:23:03Z" duration="0.001110" asserts="7" />
      </test-suite>
      <test-suite type="TestFixture" id="0-1190" name="SpecInstanceIoUser" fullname="Kaitai.SpecInstanceIoUser" classname="Kaitai.SpecInstanceIoUser" runstate="Runnable" testcasecount="1" result="Passed" start-time="2023-07-05 11:23:03Z" end-time="2023-07-05 11:23:03Z" duration="0.003771" total="1" passed="1" failed="0" inconclusive="0" skipped="0" asserts="4">
        <test-case id="0-1191" name="TestInstanceIoUser" fullname="Kaitai.SpecInstanceIoUser.TestInstanceIoUser" methodname="TestInstanceIoUser" classname="Kaitai.SpecInstanceIoUser" runstate="Runnable" seed="1211553381" result="Passed" start-time="2023-07-05 11:23:03Z" end-time="2023-07-05 11:23:03Z" duration="0.001385" asserts="4" />
      </test-suite>
      <test-suite type="TestFixture" id="0-1192" name="SpecInstanceStd" fullname="Kaitai.SpecInstanceStd" classname="Kaitai.SpecInstanceStd" runstate="Runnable" testcasecount="1" result="Passed" start-time="2023-07-05 11:23:03Z" end-time="2023-07-05 11:23:03Z" duration="0.002817" total="1" passed="1" failed="0" inconclusive="0" skipped="0" asserts="1">
        <test-case id="0-1193" name="TestInstanceStd" fullname="Kaitai.SpecInstanceStd.TestInstanceStd" methodname="TestInstanceStd" classname="Kaitai.SpecInstanceStd" runstate="Runnable" seed="1606227985" result="Passed" start-time="2023-07-05 11:23:03Z" end-time="2023-07-05 11:23:03Z" duration="0.000425" asserts="1" />
      </test-suite>
      <test-suite type="TestFixture" id="0-1194" name="SpecInstanceStdArray" fullname="Kaitai.SpecInstanceStdArray" classname="Kaitai.SpecInstanceStdArray" runstate="Runnable" testcasecount="1" result="Passed" start-time="2023-07-05 11:23:03Z" end-time="2023-07-05 11:23:03Z" duration="0.003252" total="1" passed="1" failed="0" inconclusive="0" skipped="0" asserts="7">
        <test-case id="0-1195" name="TestInstanceStdArray" fullname="Kaitai.SpecInstanceStdArray.TestInstanceStdArray" methodname="TestInstanceStdArray" classname="Kaitai.SpecInstanceStdArray" runstate="Runnable" seed="434864265" result="Passed" start-time="2023-07-05 11:23:03Z" end-time="2023-07-05 11:23:03Z" duration="0.000857" asserts="7" />
      </test-suite>
      <test-suite type="TestFixture" id="0-1196" name="SpecIntegers" fullname="Kaitai.SpecIntegers" classname="Kaitai.SpecIntegers" runstate="Runnable" testcasecount="1" result="Passed" start-time="2023-07-05 11:23:03Z" end-time="2023-07-05 11:23:03Z" duration="0.003841" total="1" passed="1" failed="0" inconclusive="0" skipped="0" asserts="20">
        <test-case id="0-1197" name="TestIntegers" fullname="Kaitai.SpecIntegers.TestIntegers" methodname="TestIntegers" classname="Kaitai.SpecIntegers" runstate="Runnable" seed="1129056922" result="Passed" start-time="2023-07-05 11:23:03Z" end-time="2023-07-05 11:23:03Z" duration="0.001453" asserts="20" />
      </test-suite>
      <test-suite type="TestFixture" id="0-1198" name="SpecIntegersDoubleOverflow" fullname="Kaitai.SpecIntegersDoubleOverflow" classname="Kaitai.SpecIntegersDoubleOverflow" runstate="Runnable" testcasecount="1" result="Passed" start-time="2023-07-05 11:23:03Z" end-time="2023-07-05 11:23:03Z" duration="0.003024" total="1" passed="1" failed="0" inconclusive="0" skipped="0" asserts="8">
        <test-case id="0-1199" name="TestIntegersDoubleOverflow" fullname="Kaitai.SpecIntegersDoubleOverflow.TestIntegersDoubleOverflow" methodname="TestIntegersDoubleOverflow" classname="Kaitai.SpecIntegersDoubleOverflow" runstate="Runnable" seed="1464552519" result="Passed" start-time="2023-07-05 11:23:03Z" end-time="2023-07-05 11:23:03Z" duration="0.000629" asserts="8" />
      </test-suite>
      <test-suite type="TestFixture" id="0-1200" name="SpecIntegersMinMax" fullname="Kaitai.SpecIntegersMinMax" classname="Kaitai.SpecIntegersMinMax" runstate="Runnable" testcasecount="1" result="Passed" start-time="2023-07-05 11:23:03Z" end-time="2023-07-05 11:23:03Z" duration="0.003980" total="1" passed="1" failed="0" inconclusive="0" skipped="0" asserts="28">
        <test-case id="0-1201" name="TestIntegersMinMax" fullname="Kaitai.SpecIntegersMinMax.TestIntegersMinMax" methodname="TestIntegersMinMax" classname="Kaitai.SpecIntegersMinMax" runstate="Runnable" seed="1714340868" result="Passed" start-time="2023-07-05 11:23:03Z" end-time="2023-07-05 11:23:03Z" duration="0.001576" asserts="28" />
      </test-suite>
      <test-suite type="TestFixture" id="0-1202" name="SpecIoLocalVar" fullname="Kaitai.SpecIoLocalVar" classname="Kaitai.SpecIoLocalVar" runstate="Runnable" testcasecount="1" result="Passed" start-time="2023-07-05 11:23:03Z" end-time="2023-07-05 11:23:03Z" duration="0.003147" total="1" passed="1" failed="0" inconclusive="0" skipped="0" asserts="2">
        <test-case id="0-1203" name="TestIoLocalVar" fullname="Kaitai.SpecIoLocalVar.TestIoLocalVar" methodname="TestIoLocalVar" classname="Kaitai.SpecIoLocalVar" runstate="Runnable" seed="172611586" result="Passed" start-time="2023-07-05 11:23:03Z" end-time="2023-07-05 11:23:03Z" duration="0.000758" asserts="2" />
      </test-suite>
      <test-suite type="TestFixture" id="0-1204" name="SpecJsSignedRightShift" fullname="Kaitai.SpecJsSignedRightShift" classname="Kaitai.SpecJsSignedRightShift" runstate="Runnable" testcasecount="1" result="Passed" start-time="2023-07-05 11:23:03Z" end-time="2023-07-05 11:23:03Z" duration="0.002811" total="1" passed="1" failed="0" inconclusive="0" skipped="0" asserts="2">
        <test-case id="0-1205" name="TestJsSignedRightShift" fullname="Kaitai.SpecJsSignedRightShift.TestJsSignedRightShift" methodname="TestJsSignedRightShift" classname="Kaitai.SpecJsSignedRightShift" runstate="Runnable" seed="825042286" result="Passed" start-time="2023-07-05 11:23:03Z" end-time="2023-07-05 11:23:03Z" duration="0.000422" asserts="2" />
      </test-suite>
      <test-suite type="TestFixture" id="0-1206" name="SpecMetaTags" fullname="Kaitai.SpecMetaTags" classname="Kaitai.SpecMetaTags" runstate="Runnable" testcasecount="1" result="Passed" start-time="2023-07-05 11:23:03Z" end-time="2023-07-05 11:23:03Z" duration="0.002645" total="1" passed="1" failed="0" inconclusive="0" skipped="0" asserts="0">
        <test-case id="0-1207" name="TestMetaTags" fullname="Kaitai.SpecMetaTags.TestMetaTags" methodname="TestMetaTags" classname="Kaitai.SpecMetaTags" runstate="Runnable" seed="1733042829" result="Passed" start-time="2023-07-05 11:23:03Z" end-time="2023-07-05 11:23:03Z" duration="0.000264" asserts="0" />
      </test-suite>
      <test-suite type="TestFixture" id="0-1208" name="SpecMetaXref" fullname="Kaitai.SpecMetaXref" classname="Kaitai.SpecMetaXref" runstate="Runnable" testcasecount="1" result="Passed" start-time="2023-07-05 11:23:03Z" end-time="2023-07-05 11:23:03Z" duration="0.002627" total="1" passed="1" failed="0" inconclusive="0" skipped="0" asserts="0">
        <test-case id="0-1209" name="TestMetaXref" fullname="Kaitai.SpecMetaXref.TestMetaXref" methodname="TestMetaXref" classname="Kaitai.SpecMetaXref" runstate="Runnable" seed="1570371178" result="Passed" start-time="2023-07-05 11:23:03Z" end-time="2023-07-05 11:23:03Z" duration="0.000251" asserts="0" />
      </test-suite>
      <test-suite type="TestFixture" id="0-1210" name="SpecMultipleUse" fullname="Kaitai.SpecMultipleUse" classname="Kaitai.SpecMultipleUse" runstate="Runnable" testcasecount="1" result="Passed" start-time="2023-07-05 11:23:03Z" end-time="2023-07-05 11:23:03Z" duration="0.003123" total="1" passed="1" failed="0" inconclusive="0" skipped="0" asserts="2">
        <test-case id="0-1211" name="TestMultipleUse" fullname="Kaitai.SpecMultipleUse.TestMultipleUse" methodname="TestMultipleUse" classname="Kaitai.SpecMultipleUse" runstate="Runnable" seed="591627212" result="Passed" start-time="2023-07-05 11:23:03Z" end-time="2023-07-05 11:23:03Z" duration="0.000739" asserts="2" />
      </test-suite>
      <test-suite type="TestFixture" id="0-1212" name="SpecNavParent" fullname="Kaitai.SpecNavParent" classname="Kaitai.SpecNavParent" runstate="Runnable" testcasecount="1" result="Passed" start-time="2023-07-05 11:23:03Z" end-time="2023-07-05 11:23:03Z" duration="0.003550" total="1" passed="1" failed="0" inconclusive="0" skipped="0" asserts="5">
        <test-case id="0-1213" name="TestNavParent" fullname="Kaitai.SpecNavParent.TestNavParent" methodname="TestNavParent" classname="Kaitai.SpecNavParent" runstate="Runnable" seed="615114707" result="Passed" start-time="2023-07-05 11:23:03Z" end-time="2023-07-05 11:23:03Z" duration="0.001154" asserts="5" />
      </test-suite>
      <test-suite type="TestFixture" id="0-1214" name="SpecNavParent2" fullname="Kaitai.SpecNavParent2" classname="Kaitai.SpecNavParent2" runstate="Runnable" testcasecount="1" result="Passed" start-time="2023-07-05 11:23:03Z" end-time="2023-07-05 11:23:03Z" duration="0.003817" total="1" passed="1" failed="0" inconclusive="0" skipped="0" asserts="10">
        <test-case id="0-1215" name="TestNavParent2" fullname="Kaitai.SpecNavParent2.TestNavParent2" methodname="TestNavParent2" classname="Kaitai.SpecNavParent2" runstate="Runnable" seed="2010308336" result="Passed" start-time="2023-07-05 11:23:03Z" end-time="2023-07-05 11:23:03Z" duration="0.001421" asserts="10" />
      </test-suite>
      <test-suite type="TestFixture" id="0-1216" name="SpecNavParent3" fullname="Kaitai.SpecNavParent3" classname="Kaitai.SpecNavParent3" runstate="Runnable" testcasecount="1" result="Passed" start-time="2023-07-05 11:23:03Z" end-time="2023-07-05 11:23:03Z" duration="0.003847" total="1" passed="1" failed="0" inconclusive="0" skipped="0" asserts="10">
        <test-case id="0-1217" name="TestNavParent3" fullname="Kaitai.SpecNavParent3.TestNavParent3" methodname="TestNavParent3" classname="Kaitai.SpecNavParent3" runstate="Runnable" seed="1420570160" result="Passed" start-time="2023-07-05 11:23:03Z" end-time="2023-07-05 11:23:03Z" duration="0.001449" asserts="10" />
      </test-suite>
      <test-suite type="TestFixture" id="0-1218" name="SpecNavParentFalse" fullname="Kaitai.SpecNavParentFalse" classname="Kaitai.SpecNavParentFalse" runstate="Runnable" testcasecount="1" result="Passed" start-time="2023-07-05 11:23:03Z" end-time="2023-07-05 11:23:03Z" duration="0.003258" total="1" passed="1" failed="0" inconclusive="0" skipped="0" asserts="5">
        <test-case id="0-1219" name="TestNavParentFalse" fullname="Kaitai.SpecNavParentFalse.TestNavParentFalse" methodname="TestNavParentFalse" classname="Kaitai.SpecNavParentFalse" runstate="Runnable" seed="1746191225" result="Passed" start-time="2023-07-05 11:23:03Z" end-time="2023-07-05 11:23:03Z" duration="0.000866" asserts="5" />
      </test-suite>
      <test-suite type="TestFixture" id="0-1220" name="SpecNavParentFalse2" fullname="Kaitai.SpecNavParentFalse2" classname="Kaitai.SpecNavParentFalse2" runstate="Runnable" testcasecount="1" result="Passed" start-time="2023-07-05 11:23:03Z" end-time="2023-07-05 11:23:03Z" duration="0.002838" total="1" passed="1" failed="0" inconclusive="0" skipped="0" asserts="1">
        <test-case id="0-1221" name="TestNavParentFalse2" fullname="Kaitai.SpecNavParentFalse2.TestNavParentFalse2" methodname="TestNavParentFalse2" classname="Kaitai.SpecNavParentFalse2" runstate="Runnable" seed="1485391811" result="Passed" start-time="2023-07-05 11:23:03Z" end-time="2023-07-05 11:23:03Z" duration="0.000445" asserts="1" />
      </test-suite>
      <test-suite type="TestFixture" id="0-1222" name="SpecNavParentOverride" fullname="Kaitai.SpecNavParentOverride" classname="Kaitai.SpecNavParentOverride" runstate="Runnable" testcasecount="1" result="Passed" start-time="2023-07-05 11:23:03Z" end-time="2023-07-05 11:23:03Z" duration="0.003033" total="1" passed="1" failed="0" inconclusive="0" skipped="0" asserts="3">
        <test-case id="0-1223" name="TestNavParentOverride" fullname="Kaitai.SpecNavParentOverride.TestNavParentOverride" methodname="TestNavParentOverride" classname="Kaitai.SpecNavParentOverride" runstate="Runnable" seed="1813694889" result="Passed" start-time="2023-07-05 11:23:03Z" end-time="2023-07-05 11:23:03Z" duration="0.000642" asserts="3" />
      </test-suite>
      <test-suite type="TestFixture" id="0-1224" name="SpecNavParentSwitch" fullname="Kaitai.SpecNavParentSwitch" classname="Kaitai.SpecNavParentSwitch" runstate="Runnable" testcasecount="1" result="Passed" start-time="2023-07-05 11:23:03Z" end-time="2023-07-05 11:23:03Z" duration="0.003105" total="1" passed="1" failed="0" inconclusive="0" skipped="0" asserts="3">
        <test-case id="0-1225" name="TestNavParentSwitch" fullname="Kaitai.SpecNavParentSwitch.TestNavParentSwitch" methodname="TestNavParentSwitch" classname="Kaitai.SpecNavParentSwitch" runstate="Runnable" seed="1128468181" result="Passed" start-time="2023-07-05 11:23:03Z" end-time="2023-07-05 11:23:03Z" duration="0.000720" asserts="3" />
      </test-suite>
      <test-suite type="TestFixture" id="0-1226" name="SpecNavParentVsValueInst" fullname="Kaitai.SpecNavParentVsValueInst" classname="Kaitai.SpecNavParentVsValueInst" runstate="Runnable" testcasecount="1" result="Passed" start-time="2023-07-05 11:23:03Z" end-time="2023-07-05 11:23:03Z" duration="0.002823" total="1" passed="1" failed="0" inconclusive="0" skipped="0" asserts="1">
        <test-case id="0-1227" name="TestNavParentVsValueInst" fullname="Kaitai.SpecNavParentVsValueInst.TestNavParentVsValueInst" methodname="TestNavParentVsValueInst" classname="Kaitai.SpecNavParentVsValueInst" runstate="Runnable" seed="1645623396" result="Passed" start-time="2023-07-05 11:23:03Z" end-time="2023-07-05 11:23:03Z" duration="0.000428" asserts="1" />
      </test-suite>
      <test-suite type="TestFixture" id="0-1228" name="SpecNavRoot" fullname="Kaitai.SpecNavRoot" classname="Kaitai.SpecNavRoot" runstate="Runnable" testcasecount="1" result="Passed" start-time="2023-07-05 11:23:03Z" end-time="2023-07-05 11:23:03Z" duration="0.003556" total="1" passed="1" failed="0" inconclusive="0" skipped="0" asserts="5">
        <test-case id="0-1229" name="TestNavRoot" fullname="Kaitai.SpecNavRoot.TestNavRoot" methodname="TestNavRoot" classname="Kaitai.SpecNavRoot" runstate="Runnable" seed="1290600235" result="Passed" start-time="2023-07-05 11:23:03Z" end-time="2023-07-05 11:23:03Z" duration="0.001164" asserts="5" />
      </test-suite>
      <test-suite type="TestFixture" id="0-1230" name="SpecNestedSameName" fullname="Kaitai.SpecNestedSameName" classname="Kaitai.SpecNestedSameName" runstate="Runnable" testcasecount="1" result="Passed" start-time="2023-07-05 11:23:03Z" end-time="2023-07-05 11:23:03Z" duration="0.003065" total="1" passed="1" failed="0" inconclusive="0" skipped="0" asserts="2">
        <test-case id="0-1231" name="TestNestedSameName" fullname="Kaitai.SpecNestedSameName.TestNestedSameName" methodname="TestNestedSameName" classname="Kaitai.SpecNestedSameName" runstate="Runnable" seed="1784491219" result="Passed" start-time="2023-07-05 11:23:03Z" end-time="2023-07-05 11:23:03Z" duration="0.000671" asserts="2" />
      </test-suite>
      <test-suite type="TestFixture" id="0-1232" name="SpecNestedSameName2" fullname="Kaitai.SpecNestedSameName2" classname="Kaitai.SpecNestedSameName2" runstate="Runnable" testcasecount="1" result="Passed" start-time="2023-07-05 11:23:03Z" end-time="2023-07-05 11:23:03Z" duration="0.003291" total="1" passed="1" failed="0" inconclusive="0" skipped="0" asserts="5">
        <test-case id="0-1233" name="TestNestedSameName2" fullname="Kaitai.SpecNestedSameName2.TestNestedSameName2" methodname="TestNestedSameName2" classname="Kaitai.SpecNestedSameName2" runstate="Runnable" seed="895464048" result="Passed" start-time="2023-07-05 11:23:03Z" end-time="2023-07-05 11:23:03Z" duration="0.000900" asserts="5" />
      </test-suite>
      <test-suite type="TestFixture" id="0-1234" name="SpecNestedTypeParam" fullname="Kaitai.SpecNestedTypeParam" classname="Kaitai.SpecNestedTypeParam" runstate="Runnable" testcasecount="1" result="Passed" start-time="2023-07-05 11:23:03Z" end-time="2023-07-05 11:23:03Z" duration="0.002902" total="1" passed="1" failed="0" inconclusive="0" skipped="0" asserts="2">
        <test-case id="0-1235" name="TestNestedTypeParam" fullname="Kaitai.SpecNestedTypeParam.TestNestedTypeParam" methodname="TestNestedTypeParam" classname="Kaitai.SpecNestedTypeParam" runstate="Runnable" seed="1442587510" result="Passed" start-time="2023-07-05 11:23:03Z" end-time="2023-07-05 11:23:03Z" duration="0.000508" asserts="2" />
      </test-suite>
      <test-suite type="TestFixture" id="0-1236" name="SpecNestedTypes" fullname="Kaitai.SpecNestedTypes" classname="Kaitai.SpecNestedTypes" runstate="Runnable" testcasecount="1" result="Passed" start-time="2023-07-05 11:23:03Z" end-time="2023-07-05 11:23:03Z" duration="0.003070" total="1" passed="1" failed="0" inconclusive="0" skipped="0" asserts="3">
        <test-case id="0-1237" name="TestNestedTypes" fullname="Kaitai.SpecNestedTypes.TestNestedTypes" methodname="TestNestedTypes" classname="Kaitai.SpecNestedTypes" runstate="Runnable" seed="1538551924" result="Passed" start-time="2023-07-05 11:23:03Z" end-time="2023-07-05 11:23:03Z" duration="0.000684" asserts="3" />
      </test-suite>
      <test-suite type="TestFixture" id="0-1238" name="SpecNestedTypes2" fullname="Kaitai.SpecNestedTypes2" classname="Kaitai.SpecNestedTypes2" runstate="Runnable" testcasecount="1" result="Passed" start-time="2023-07-05 11:23:03Z" end-time="2023-07-05 11:23:03Z" duration="0.003469" total="1" passed="1" failed="0" inconclusive="0" skipped="0" asserts="7">
        <test-case id="0-1239" name="TestNestedTypes2" fullname="Kaitai.SpecNestedTypes2.TestNestedTypes2" methodname="TestNestedTypes2" classname="Kaitai.SpecNestedTypes2" runstate="Runnable" seed="1599097114" result="Passed" start-time="2023-07-05 11:23:03Z" end-time="2023-07-05 11:23:03Z" duration="0.001080" asserts="7" />
      </test-suite>
      <test-suite type="TestFixture" id="0-1240" name="SpecNestedTypes3" fullname="Kaitai.SpecNestedTypes3" classname="Kaitai.SpecNestedTypes3" runstate="Runnable" testcasecount="1" result="Passed" start-time="2023-07-05 11:23:03Z" end-time="2023-07-05 11:23:03Z" duration="0.003142" total="1" passed="1" failed="0" inconclusive="0" skipped="0" asserts="5">
        <test-case id="0-1241" name="TestNestedTypes3" fullname="Kaitai.SpecNestedTypes3.TestNestedTypes3" methodname="TestNestedTypes3" classname="Kaitai.SpecNestedTypes3" runstate="Runnable" seed="1627808855" result="Passed" start-time="2023-07-05 11:23:03Z" end-time="2023-07-05 11:23:03Z" duration="0.000755" asserts="5" />
      </test-suite>
      <test-suite type="TestFixture" id="0-1242" name="SpecNonStandard" fullname="Kaitai.SpecNonStandard" classname="Kaitai.SpecNonStandard" runstate="Runnable" testcasecount="1" result="Passed" start-time="2023-07-05 11:23:03Z" end-time="2023-07-05 11:23:03Z" duration="0.002802" total="1" passed="1" failed="0" inconclusive="0" skipped="0" asserts="1">
        <test-case id="0-1243" name="TestNonStandard" fullname="Kaitai.SpecNonStandard.TestNonStandard" methodname="TestNonStandard" classname="Kaitai.SpecNonStandard" runstate="Runnable" seed="893289986" result="Passed" start-time="2023-07-05 11:23:03Z" end-time="2023-07-05 11:23:03Z" duration="0.000413" asserts="1" />
      </test-suite>
      <test-suite type="TestFixture" id="0-1244" name="SpecOpaqueExternalType" fullname="Kaitai.SpecOpaqueExternalType" classname="Kaitai.SpecOpaqueExternalType" runstate="Runnable" testcasecount="1" result="Passed" start-time="2023-07-05 11:23:03Z" end-time="2023-07-05 11:23:03Z" duration="0.002934" total="1" passed="1" failed="0" inconclusive="0" skipped="0" asserts="3">
        <test-case id="0-1245" name="TestOpaqueExternalType" fullname="Kaitai.SpecOpaqueExternalType.TestOpaqueExternalType" methodname="TestOpaqueExternalType" classname="Kaitai.SpecOpaqueExternalType" runstate="Runnable" seed="2138904274" result="Passed" start-time="2023-07-05 11:23:03Z" end-time="2023-07-05 11:23:03Z" duration="0.000548" asserts="3" />
      </test-suite>
      <test-suite type="TestFixture" id="0-1246" name="SpecOpaqueExternalType02Parent" fullname="Kaitai.SpecOpaqueExternalType02Parent" classname="Kaitai.SpecOpaqueExternalType02Parent" runstate="Runnable" testcasecount="1" result="Passed" start-time="2023-07-05 11:23:03Z" end-time="2023-07-05 11:23:03Z" duration="0.003171" total="1" passed="1" failed="0" inconclusive="0" skipped="0" asserts="3">
        <test-case id="0-1247" name="TestOpaqueExternalType02Parent" fullname="Kaitai.SpecOpaqueExternalType02Parent.TestOpaqueExternalType02Parent" methodname="TestOpaqueExternalType02Parent" classname="Kaitai.SpecOpaqueExternalType02Parent" runstate="Runnable" seed="868612056" result="Passed" start-time="2023-07-05 11:23:03Z" end-time="2023-07-05 11:23:03Z" duration="0.000783" asserts="3" />
      </test-suite>
      <test-suite type="TestFixture" id="0-1248" name="SpecOpaqueWithParam" fullname="Kaitai.SpecOpaqueWithParam" classname="Kaitai.SpecOpaqueWithParam" runstate="Runnable" testcasecount="1" result="Passed" start-time="2023-07-05 11:23:03Z" end-time="2023-07-05 11:23:03Z" duration="0.002958" total="1" passed="1" failed="0" inconclusive="0" skipped="0" asserts="2">
        <test-case id="0-1249" name="TestOpaqueWithParam" fullname="Kaitai.SpecOpaqueWithParam.TestOpaqueWithParam" methodname="TestOpaqueWithParam" classname="Kaitai.SpecOpaqueWithParam" runstate="Runnable" seed="1225068651" result="Passed" start-time="2023-07-05 11:23:03Z" end-time="2023-07-05 11:23:03Z" duration="0.000614" asserts="2" />
      </test-suite>
      <test-suite type="TestFixture" id="0-1250" name="SpecOptionalId" fullname="Kaitai.SpecOptionalId" classname="Kaitai.SpecOptionalId" runstate="Runnable" testcasecount="1" result="Passed" start-time="2023-07-05 11:23:03Z" end-time="2023-07-05 11:23:03Z" duration="0.002861" total="1" passed="1" failed="0" inconclusive="0" skipped="0" asserts="3">
        <test-case id="0-1251" name="TestOptionalId" fullname="Kaitai.SpecOptionalId.TestOptionalId" methodname="TestOptionalId" classname="Kaitai.SpecOptionalId" runstate="Runnable" seed="851124042" result="Passed" start-time="2023-07-05 11:23:03Z" end-time="2023-07-05 11:23:03Z" duration="0.000470" asserts="3" />
      </test-suite>
      <test-suite type="TestFixture" id="0-1252" name="SpecParamsCallExtraParens" fullname="Kaitai.SpecParamsCallExtraParens" classname="Kaitai.SpecParamsCallExtraParens" runstate="Runnable" testcasecount="1" result="Passed" start-time="2023-07-05 11:23:03Z" end-time="2023-07-05 11:23:03Z" duration="0.002861" total="1" passed="1" failed="0" inconclusive="0" skipped="0" asserts="1">
        <test-case id="0-1253" name="TestParamsCallExtraParens" fullname="Kaitai.SpecParamsCallExtraParens.TestParamsCallExtraParens" methodname="TestParamsCallExtraParens" classname="Kaitai.SpecParamsCallExtraParens" runstate="Runnable" seed="644349135" result="Passed" start-time="2023-07-05 11:23:03Z" end-time="2023-07-05 11:23:03Z" duration="0.000476" asserts="1" />
      </test-suite>
      <test-suite type="TestFixture" id="0-1254" name="SpecParamsCallShort" fullname="Kaitai.SpecParamsCallShort" classname="Kaitai.SpecParamsCallShort" runstate="Runnable" testcasecount="1" result="Passed" start-time="2023-07-05 11:23:03Z" end-time="2023-07-05 11:23:03Z" duration="0.003125" total="1" passed="1" failed="0" inconclusive="0" skipped="0" asserts="3">
        <test-case id="0-1255" name="TestParamsCallShort" fullname="Kaitai.SpecParamsCallShort.TestParamsCallShort" methodname="TestParamsCallShort" classname="Kaitai.SpecParamsCallShort" runstate="Runnable" seed="1035482662" result="Passed" start-time="2023-07-05 11:23:03Z" end-time="2023-07-05 11:23:03Z" duration="0.000740" asserts="3" />
      </test-suite>
      <test-suite type="TestFixture" id="0-1256" name="SpecParamsDef" fullname="Kaitai.SpecParamsDef" classname="Kaitai.SpecParamsDef" runstate="Runnable" testcasecount="1" result="Passed" start-time="2023-07-05 11:23:03Z" end-time="2023-07-05 11:23:03Z" duration="0.002651" total="1" passed="1" failed="0" inconclusive="0" skipped="0" asserts="2">
        <test-case id="0-1257" name="TestParamsDef" fullname="Kaitai.SpecParamsDef.TestParamsDef" methodname="TestParamsDef" classname="Kaitai.SpecParamsDef" runstate="Runnable" seed="1901943862" result="Passed" start-time="2023-07-05 11:23:03Z" end-time="2023-07-05 11:23:03Z" duration="0.000265" asserts="2" />
      </test-suite>
      <test-suite type="TestFixture" id="0-1258" name="SpecParamsEnum" fullname="Kaitai.SpecParamsEnum" classname="Kaitai.SpecParamsEnum" runstate="Runnable" testcasecount="1" result="Passed" start-time="2023-07-05 11:23:03Z" end-time="2023-07-05 11:23:03Z" duration="0.002944" total="1" passed="1" failed="0" inconclusive="0" skipped="0" asserts="2">
        <test-case id="0-1259" name="TestParamsEnum" fullname="Kaitai.SpecParamsEnum.TestParamsEnum" methodname="TestParamsEnum" classname="Kaitai.SpecParamsEnum" runstate="Runnable" seed="400729567" result="Passed" start-time="2023-07-05 11:23:03Z" end-time="2023-07-05 11:23:03Z" duration="0.000573" asserts="2" />
      </test-suite>
      <test-suite type="TestFixture" id="0-1260" name="SpecParamsPassArrayInt" fullname="Kaitai.SpecParamsPassArrayInt" classname="Kaitai.SpecParamsPassArrayInt" runstate="Runnable" testcasecount="1" result="Passed" start-time="2023-07-05 11:23:03Z" end-time="2023-07-05 11:23:03Z" duration="0.003797" total="1" passed="1" failed="0" inconclusive="0" skipped="0" asserts="7">
        <test-case id="0-1261" name="TestParamsPassArrayInt" fullname="Kaitai.SpecParamsPassArrayInt.TestParamsPassArrayInt" methodname="TestParamsPassArrayInt" classname="Kaitai.SpecParamsPassArrayInt" runstate="Runnable" seed="1919951714" result="Passed" start-time="2023-07-05 11:23:03Z" end-time="2023-07-05 11:23:03Z" duration="0.001407" asserts="7" />
      </test-suite>
      <test-suite type="TestFixture" id="0-1262" name="SpecParamsPassArrayStr" fullname="Kaitai.SpecParamsPassArrayStr" classname="Kaitai.SpecParamsPassArrayStr" runstate="Runnable" testcasecount="1" result="Passed" start-time="2023-07-05 11:23:03Z" end-time="2023-07-05 11:23:03Z" duration="0.003386" total="1" passed="1" failed="0" inconclusive="0" skipped="0" asserts="7">
        <test-case id="0-1263" name="TestParamsPassArrayStr" fullname="Kaitai.SpecParamsPassArrayStr.TestParamsPassArrayStr" methodname="TestParamsPassArrayStr" classname="Kaitai.SpecParamsPassArrayStr" runstate="Runnable" seed="68612331" result="Passed" start-time="2023-07-05 11:23:03Z" end-time="2023-07-05 11:23:03Z" duration="0.000993" asserts="7" />
      </test-suite>
      <test-suite type="TestFixture" id="0-1264" name="SpecParamsPassArrayStruct" fullname="Kaitai.SpecParamsPassArrayStruct" classname="Kaitai.SpecParamsPassArrayStruct" runstate="Runnable" testcasecount="1" result="Passed" start-time="2023-07-05 11:23:03Z" end-time="2023-07-05 11:23:03Z" duration="0.003654" total="1" passed="1" failed="0" inconclusive="0" skipped="0" asserts="3">
        <test-case id="0-1265" name="TestParamsPassArrayStruct" fullname="Kaitai.SpecParamsPassArrayStruct.TestParamsPassArrayStruct" methodname="TestParamsPassArrayStruct" classname="Kaitai.SpecParamsPassArrayStruct" runstate="Runnable" seed="12705388" result="Passed" start-time="2023-07-05 11:23:03Z" end-time="2023-07-05 11:23:03Z" duration="0.001252" asserts="3" />
      </test-suite>
      <test-suite type="TestFixture" id="0-1266" name="SpecParamsPassArrayUsertype" fullname="Kaitai.SpecParamsPassArrayUsertype" classname="Kaitai.SpecParamsPassArrayUsertype" runstate="Runnable" testcasecount="1" result="Passed" start-time="2023-07-05 11:23:03Z" end-time="2023-07-05 11:23:03Z" duration="0.003535" total="1" passed="1" failed="0" inconclusive="0" skipped="0" asserts="5">
        <test-case id="0-1267" name="TestParamsPassArrayUsertype" fullname="Kaitai.SpecParamsPassArrayUsertype.TestParamsPassArrayUsertype" methodname="TestParamsPassArrayUsertype" classname="Kaitai.SpecParamsPassArrayUsertype" runstate="Runnable" seed="1141457024" result="Passed" start-time="2023-07-05 11:23:03Z" end-time="2023-07-05 11:23:03Z" duration="0.001129" asserts="5" />
      </test-suite>
      <test-suite type="TestFixture" id="0-1268" name="SpecParamsPassBool" fullname="Kaitai.SpecParamsPassBool" classname="Kaitai.SpecParamsPassBool" runstate="Runnable" testcasecount="1" result="Passed" start-time="2023-07-05 11:23:03Z" end-time="2023-07-05 11:23:03Z" duration="0.003638" total="1" passed="1" failed="0" inconclusive="0" skipped="0" asserts="14">
        <test-case id="0-1269" name="TestParamsPassBool" fullname="Kaitai.SpecParamsPassBool.TestParamsPassBool" methodname="TestParamsPassBool" classname="Kaitai.SpecParamsPassBool" runstate="Runnable" seed="1646242660" result="Passed" start-time="2023-07-05 11:23:03Z" end-time="2023-07-05 11:23:03Z" duration="0.001241" asserts="14" />
      </test-suite>
      <test-suite type="TestFixture" id="0-1270" name="SpecParamsPassStruct" fullname="Kaitai.SpecParamsPassStruct" classname="Kaitai.SpecParamsPassStruct" runstate="Runnable" testcasecount="1" result="Passed" start-time="2023-07-05 11:23:03Z" end-time="2023-07-05 11:23:03Z" duration="0.003181" total="1" passed="1" failed="0" inconclusive="0" skipped="0" asserts="4">
        <test-case id="0-1271" name="TestParamsPassStruct" fullname="Kaitai.SpecParamsPassStruct.TestParamsPassStruct" methodname="TestParamsPassStruct" classname="Kaitai.SpecParamsPassStruct" runstate="Runnable" seed="175226759" result="Passed" start-time="2023-07-05 11:23:03Z" end-time="2023-07-05 11:23:03Z" duration="0.000789" asserts="4" />
      </test-suite>
      <test-suite type="TestFixture" id="0-1272" name="SpecParamsPassUsertype" fullname="Kaitai.SpecParamsPassUsertype" classname="Kaitai.SpecParamsPassUsertype" runstate="Runnable" testcasecount="1" result="Passed" start-time="2023-07-05 11:23:03Z" end-time="2023-07-05 11:23:03Z" duration="0.002970" total="1" passed="1" failed="0" inconclusive="0" skipped="0" asserts="2">
        <test-case id="0-1273" name="TestParamsPassUsertype" fullname="Kaitai.SpecParamsPassUsertype.TestParamsPassUsertype" methodname="TestParamsPassUsertype" classname="Kaitai.SpecParamsPassUsertype" runstate="Runnable" seed="1345591581" result="Passed" start-time="2023-07-05 11:23:03Z" end-time="2023-07-05 11:23:03Z" duration="0.000580" asserts="2" />
      </test-suite>
      <test-suite type="TestFixture" id="0-1274" name="SpecPositionAbs" fullname="Kaitai.SpecPositionAbs" classname="Kaitai.SpecPositionAbs" runstate="Runnable" testcasecount="1" result="Passed" start-time="2023-07-05 11:23:03Z" end-time="2023-07-05 11:23:03Z" duration="0.002992" total="1" passed="1" failed="0" inconclusive="0" skipped="0" asserts="2">
        <test-case id="0-1275" name="TestPositionAbs" fullname="Kaitai.SpecPositionAbs.TestPositionAbs" methodname="TestPositionAbs" classname="Kaitai.SpecPositionAbs" runstate="Runnable" seed="1415659731" result="Passed" start-time="2023-07-05 11:23:03Z" end-time="2023-07-05 11:23:03Z" duration="0.000603" asserts="2" />
      </test-suite>
      <test-suite type="TestFixture" id="0-1276" name="SpecPositionInSeq" fullname="Kaitai.SpecPositionInSeq" classname="Kaitai.SpecPositionInSeq" runstate="Runnable" testcasecount="1" result="Passed" start-time="2023-07-05 11:23:03Z" end-time="2023-07-05 11:23:03Z" duration="0.003724" total="1" passed="1" failed="0" inconclusive="0" skipped="0" asserts="1">
        <test-case id="0-1277" name="TestPositionInSeq" fullname="Kaitai.SpecPositionInSeq.TestPositionInSeq" methodname="TestPositionInSeq" classname="Kaitai.SpecPositionInSeq" runstate="Runnable" seed="1452476834" result="Passed" start-time="2023-07-05 11:23:03Z" end-time="2023-07-05 11:23:03Z" duration="0.001326" asserts="1" />
      </test-suite>
      <test-suite type="TestFixture" id="0-1278" name="SpecPositionToEnd" fullname="Kaitai.SpecPositionToEnd" classname="Kaitai.SpecPositionToEnd" runstate="Runnable" testcasecount="1" result="Passed" start-time="2023-07-05 11:23:03Z" end-time="2023-07-05 11:23:03Z" duration="0.002969" total="1" passed="1" failed="0" inconclusive="0" skipped="0" asserts="2">
        <test-case id="0-1279" name="TestPositionToEnd" fullname="Kaitai.SpecPositionToEnd.TestPositionToEnd" methodname="TestPositionToEnd" classname="Kaitai.SpecPositionToEnd" runstate="Runnable" seed="1772668060" result="Passed" start-time="2023-07-05 11:23:03Z" end-time="2023-07-05 11:23:03Z" duration="0.000576" asserts="2" />
      </test-suite>
      <test-suite type="TestFixture" id="0-1280" name="SpecProcessCoerceBytes" fullname="Kaitai.SpecProcessCoerceBytes" classname="Kaitai.SpecProcessCoerceBytes" runstate="Runnable" testcasecount="1" result="Passed" start-time="2023-07-05 11:23:03Z" end-time="2023-07-05 11:23:03Z" duration="0.003537" total="1" passed="1" failed="0" inconclusive="0" skipped="0" asserts="4">
        <test-case id="0-1281" name="TestProcessCoerceBytes" fullname="Kaitai.SpecProcessCoerceBytes.TestProcessCoerceBytes" methodname="TestProcessCoerceBytes" classname="Kaitai.SpecProcessCoerceBytes" runstate="Runnable" seed="1433395170" result="Passed" start-time="2023-07-05 11:23:03Z" end-time="2023-07-05 11:23:03Z" duration="0.001148" asserts="4" />
      </test-suite>
      <test-suite type="TestFixture" id="0-1282" name="SpecProcessCoerceSwitch" fullname="Kaitai.SpecProcessCoerceSwitch" classname="Kaitai.SpecProcessCoerceSwitch" runstate="Runnable" testcasecount="1" result="Passed" start-time="2023-07-05 11:23:03Z" end-time="2023-07-05 11:23:03Z" duration="0.003198" total="1" passed="1" failed="0" inconclusive="0" skipped="0" asserts="3">
        <test-case id="0-1283" name="TestProcessCoerceSwitch" fullname="Kaitai.SpecProcessCoerceSwitch.TestProcessCoerceSwitch" methodname="TestProcessCoerceSwitch" classname="Kaitai.SpecProcessCoerceSwitch" runstate="Runnable" seed="192188527" result="Passed" start-time="2023-07-05 11:23:03Z" end-time="2023-07-05 11:23:03Z" duration="0.000785" asserts="3" />
      </test-suite>
      <test-suite type="TestFixture" id="0-1284" name="SpecProcessCoerceUsertype1" fullname="Kaitai.SpecProcessCoerceUsertype1" classname="Kaitai.SpecProcessCoerceUsertype1" runstate="Runnable" testcasecount="1" result="Passed" start-time="2023-07-05 11:23:03Z" end-time="2023-07-05 11:23:03Z" duration="0.003558" total="1" passed="1" failed="0" inconclusive="0" skipped="0" asserts="4">
        <test-case id="0-1285" name="TestProcessCoerceUsertype1" fullname="Kaitai.SpecProcessCoerceUsertype1.TestProcessCoerceUsertype1" methodname="TestProcessCoerceUsertype1" classname="Kaitai.SpecProcessCoerceUsertype1" runstate="Runnable" seed="53995208" result="Passed" start-time="2023-07-05 11:23:03Z" end-time="2023-07-05 11:23:03Z" duration="0.001166" asserts="4" />
      </test-suite>
      <test-suite type="TestFixture" id="0-1286" name="SpecProcessCoerceUsertype2" fullname="Kaitai.SpecProcessCoerceUsertype2" classname="Kaitai.SpecProcessCoerceUsertype2" runstate="Runnable" testcasecount="1" result="Passed" start-time="2023-07-05 11:23:03Z" end-time="2023-07-05 11:23:03Z" duration="0.003523" total="1" passed="1" failed="0" inconclusive="0" skipped="0" asserts="4">
        <test-case id="0-1287" name="TestProcessCoerceUsertype2" fullname="Kaitai.SpecProcessCoerceUsertype2.TestProcessCoerceUsertype2" methodname="TestProcessCoerceUsertype2" classname="Kaitai.SpecProcessCoerceUsertype2" runstate="Runnable" seed="1328423260" result="Passed" start-time="2023-07-05 11:23:03Z" end-time="2023-07-05 11:23:03Z" duration="0.001132" asserts="4" />
      </test-suite>
      <test-suite type="TestFixture" id="0-1288" name="SpecProcessCustom" fullname="Kaitai.SpecProcessCustom" classname="Kaitai.SpecProcessCustom" runstate="Runnable" testcasecount="1" result="Passed" start-time="2023-07-05 11:23:03Z" end-time="2023-07-05 11:23:03Z" duration="0.003118" total="1" passed="1" failed="0" inconclusive="0" skipped="0" asserts="3">
        <test-case id="0-1289" name="TestProcessCustom" fullname="Kaitai.SpecProcessCustom.TestProcessCustom" methodname="TestProcessCustom" classname="Kaitai.SpecProcessCustom" runstate="Runnable" seed="1207016663" result="Passed" start-time="2023-07-05 11:23:03Z" end-time="2023-07-05 11:23:03Z" duration="0.000722" asserts="3" />
      </test-suite>
      <test-suite type="TestFixture" id="0-1290" name="SpecProcessCustomNoArgs" fullname="Kaitai.SpecProcessCustomNoArgs" classname="Kaitai.SpecProcessCustomNoArgs" runstate="Runnable" testcasecount="1" result="Passed" start-time="2023-07-05 11:23:03Z" end-time="2023-07-05 11:23:03Z" duration="0.002837" total="1" passed="1" failed="0" inconclusive="0" skipped="0" asserts="1">
        <test-case id="0-1291" name="TestProcessCustomNoArgs" fullname="Kaitai.SpecProcessCustomNoArgs.TestProcessCustomNoArgs" methodname="TestProcessCustomNoArgs" classname="Kaitai.SpecProcessCustomNoArgs" runstate="Runnable" seed="1629408253" result="Passed" start-time="2023-07-05 11:23:03Z" end-time="2023-07-05 11:23:03Z" duration="0.000450" asserts="1" />
      </test-suite>
      <test-suite type="TestFixture" id="0-1292" name="SpecProcessRepeatBytes" fullname="Kaitai.SpecProcessRepeatBytes" classname="Kaitai.SpecProcessRepeatBytes" runstate="Runnable" testcasecount="1" result="Passed" start-time="2023-07-05 11:23:03Z" end-time="2023-07-05 11:23:03Z" duration="0.002999" total="1" passed="1" failed="0" inconclusive="0" skipped="0" asserts="2">
        <test-case id="0-1293" name="TestProcessRepeatBytes" fullname="Kaitai.SpecProcessRepeatBytes.TestProcessRepeatBytes" methodname="TestProcessRepeatBytes" classname="Kaitai.SpecProcessRepeatBytes" runstate="Runnable" seed="1688607546" result="Passed" start-time="2023-07-05 11:23:03Z" end-time="2023-07-05 11:23:03Z" duration="0.000611" asserts="2" />
      </test-suite>
      <test-suite type="TestFixture" id="0-1294" name="SpecProcessRepeatUsertype" fullname="Kaitai.SpecProcessRepeatUsertype" classname="Kaitai.SpecProcessRepeatUsertype" runstate="Runnable" testcasecount="1" result="Passed" start-time="2023-07-05 11:23:03Z" end-time="2023-07-05 11:23:03Z" duration="0.003493" total="1" passed="1" failed="0" inconclusive="0" skipped="0" asserts="4">
        <test-case id="0-1295" name="TestProcessRepeatUsertype" fullname="Kaitai.SpecProcessRepeatUsertype.TestProcessRepeatUsertype" methodname="TestProcessRepeatUsertype" classname="Kaitai.SpecProcessRepeatUsertype" runstate="Runnable" seed="150491817" result="Passed" start-time="2023-07-05 11:23:03Z" end-time="2023-07-05 11:23:03Z" duration="0.001104" asserts="4" />
      </test-suite>
      <test-suite type="TestFixture" id="0-1296" name="SpecProcessRotate" fullname="Kaitai.SpecProcessRotate" classname="Kaitai.SpecProcessRotate" runstate="Runnable" testcasecount="1" result="Passed" start-time="2023-07-05 11:23:03Z" end-time="2023-07-05 11:23:03Z" duration="0.003064" total="1" passed="1" failed="0" inconclusive="0" skipped="0" asserts="3">
        <test-case id="0-1297" name="TestProcessRotate" fullname="Kaitai.SpecProcessRotate.TestProcessRotate" methodname="TestProcessRotate" classname="Kaitai.SpecProcessRotate" runstate="Runnable" seed="298789432" result="Passed" start-time="2023-07-05 11:23:03Z" end-time="2023-07-05 11:23:03Z" duration="0.000678" asserts="3" />
      </test-suite>
      <test-suite type="TestFixture" id="0-1298" name="SpecProcessToUser" fullname="Kaitai.SpecProcessToUser" classname="Kaitai.SpecProcessToUser" runstate="Runnable" testcasecount="1" result="Passed" start-time="2023-07-05 11:23:03Z" end-time="2023-07-05 11:23:03Z" duration="0.002868" total="1" passed="1" failed="0" inconclusive="0" skipped="0" asserts="1">
        <test-case id="0-1299" name="TestProcessToUser" fullname="Kaitai.SpecProcessToUser.TestProcessToUser" methodname="TestProcessToUser" classname="Kaitai.SpecProcessToUser" runstate="Runnable" seed="1451465401" result="Passed" start-time="2023-07-05 11:23:03Z" end-time="2023-07-05 11:23:03Z" duration="0.000484" asserts="1" />
      </test-suite>
      <test-suite type="TestFixture" id="0-1300" name="SpecProcessXor4Const" fullname="Kaitai.SpecProcessXor4Const" classname="Kaitai.SpecProcessXor4Const" runstate="Runnable" testcasecount="1" result="Passed" start-time="2023-07-05 11:23:03Z" end-time="2023-07-05 11:23:03Z" duration="0.002907" total="1" passed="1" failed="0" inconclusive="0" skipped="0" asserts="2">
        <test-case id="0-1301" name="TestProcessXor4Const" fullname="Kaitai.SpecProcessXor4Const.TestProcessXor4Const" methodname="TestProcessXor4Const" classname="Kaitai.SpecProcessXor4Const" runstate="Runnable" seed="922404477" result="Passed" start-time="2023-07-05 11:23:03Z" end-time="2023-07-05 11:23:03Z" duration="0.000507" asserts="2" />
      </test-suite>
      <test-suite type="TestFixture" id="0-1302" name="SpecProcessXor4Value" fullname="Kaitai.SpecProcessXor4Value" classname="Kaitai.SpecProcessXor4Value" runstate="Runnable" testcasecount="1" result="Passed" start-time="2023-07-05 11:23:03Z" end-time="2023-07-05 11:23:03Z" duration="0.002798" total="1" passed="1" failed="0" inconclusive="0" skipped="0" asserts="2">
        <test-case id="0-1303" name="TestProcessXor4Value" fullname="Kaitai.SpecProcessXor4Value.TestProcessXor4Value" methodname="TestProcessXor4Value" classname="Kaitai.SpecProcessXor4Value" runstate="Runnable" seed="1626959173" result="Passed" start-time="2023-07-05 11:23:03Z" end-time="2023-07-05 11:23:03Z" duration="0.000408" asserts="2" />
      </test-suite>
      <test-suite type="TestFixture" id="0-1304" name="SpecProcessXorConst" fullname="Kaitai.SpecProcessXorConst" classname="Kaitai.SpecProcessXorConst" runstate="Runnable" testcasecount="1" result="Passed" start-time="2023-07-05 11:23:03Z" end-time="2023-07-05 11:23:03Z" duration="0.002786" total="1" passed="1" failed="0" inconclusive="0" skipped="0" asserts="2">
        <test-case id="0-1305" name="TestProcessXorConst" fullname="Kaitai.SpecProcessXorConst.TestProcessXorConst" methodname="TestProcessXorConst" classname="Kaitai.SpecProcessXorConst" runstate="Runnable" seed="1842871957" result="Passed" start-time="2023-07-05 11:23:03Z" end-time="2023-07-05 11:23:03Z" duration="0.000403" asserts="2" />
      </test-suite>
      <test-suite type="TestFixture" id="0-1306" name="SpecProcessXorValue" fullname="Kaitai.SpecProcessXorValue" classname="Kaitai.SpecProcessXorValue" runstate="Runnable" testcasecount="1" result="Passed" start-time="2023-07-05 11:23:03Z" end-time="2023-07-05 11:23:03Z" duration="0.002794" total="1" passed="1" failed="0" inconclusive="0" skipped="0" asserts="2">
        <test-case id="0-1307" name="TestProcessXorValue" fullname="Kaitai.SpecProcessXorValue.TestProcessXorValue" methodname="TestProcessXorValue" classname="Kaitai.SpecProcessXorValue" runstate="Runnable" seed="1778089568" result="Passed" start-time="2023-07-05 11:23:03Z" end-time="2023-07-05 11:23:03Z" duration="0.000412" asserts="2" />
      </test-suite>
      <test-suite type="TestFixture" id="0-1308" name="SpecRecursiveOne" fullname="Kaitai.SpecRecursiveOne" classname="Kaitai.SpecRecursiveOne" runstate="Runnable" testcasecount="1" result="Passed" start-time="2023-07-05 11:23:03Z" end-time="2023-07-05 11:23:03Z" duration="0.003090" total="1" passed="1" failed="0" inconclusive="0" skipped="0" asserts="4">
        <test-case id="0-1309" name="TestRecursiveOne" fullname="Kaitai.SpecRecursiveOne.TestRecursiveOne" methodname="TestRecursiveOne" classname="Kaitai.SpecRecursiveOne" runstate="Runnable" seed="827407847" result="Passed" start-time="2023-07-05 11:23:03Z" end-time="2023-07-05 11:23:03Z" duration="0.000688" asserts="4" />
      </test-suite>
      <test-suite type="TestFixture" id="0-1310" name="SpecRepeatEosBit" fullname="Kaitai.SpecRepeatEosBit" classname="Kaitai.SpecRepeatEosBit" runstate="Runnable" testcasecount="1" result="Passed" start-time="2023-07-05 11:23:03Z" end-time="2023-07-05 11:23:03Z" duration="0.003199" total="1" passed="1" failed="0" inconclusive="0" skipped="0" asserts="1">
        <test-case id="0-1311" name="TestRepeatEosBit" fullname="Kaitai.SpecRepeatEosBit.TestRepeatEosBit" methodname="TestRepeatEosBit" classname="Kaitai.SpecRepeatEosBit" runstate="Runnable" seed="731793210" result="Passed" start-time="2023-07-05 11:23:03Z" end-time="2023-07-05 11:23:03Z" duration="0.000807" asserts="1" />
      </test-suite>
      <test-suite type="TestFixture" id="0-1312" name="SpecRepeatEosStruct" fullname="Kaitai.SpecRepeatEosStruct" classname="Kaitai.SpecRepeatEosStruct" runstate="Runnable" testcasecount="1" result="Passed" start-time="2023-07-05 11:23:03Z" end-time="2023-07-05 11:23:03Z" duration="0.003356" total="1" passed="1" failed="0" inconclusive="0" skipped="0" asserts="5">
        <test-case id="0-1313" name="TestRepeatEosStruct" fullname="Kaitai.SpecRepeatEosStruct.TestRepeatEosStruct" methodname="TestRepeatEosStruct" classname="Kaitai.SpecRepeatEosStruct" runstate="Runnable" seed="764148119" result="Passed" start-time="2023-07-05 11:23:03Z" end-time="2023-07-05 11:23:03Z" duration="0.000965" asserts="5" />
      </test-suite>
      <test-suite type="TestFixture" id="0-1314" name="SpecRepeatEosU4" fullname="Kaitai.SpecRepeatEosU4" classname="Kaitai.SpecRepeatEosU4" runstate="Runnable" testcasecount="1" result="Passed" start-time="2023-07-05 11:23:03Z" end-time="2023-07-05 11:23:03Z" duration="0.003259" total="1" passed="1" failed="0" inconclusive="0" skipped="0" asserts="1">
        <test-case id="0-1315" name="TestRepeatEosU4" fullname="Kaitai.SpecRepeatEosU4.TestRepeatEosU4" methodname="TestRepeatEosU4" classname="Kaitai.SpecRepeatEosU4" runstate="Runnable" seed="1491947211" result="Passed" start-time="2023-07-05 11:23:03Z" end-time="2023-07-05 11:23:03Z" duration="0.000868" asserts="1" />
      </test-suite>
      <test-suite type="TestFixture" id="0-1316" name="SpecRepeatNStruct" fullname="Kaitai.SpecRepeatNStruct" classname="Kaitai.SpecRepeatNStruct" runstate="Runnable" testcasecount="1" result="Passed" start-time="2023-07-05 11:23:03Z" end-time="2023-07-05 11:23:03Z" duration="0.003328" total="1" passed="1" failed="0" inconclusive="0" skipped="0" asserts="5">
        <test-case id="0-1317" name="TestRepeatNStruct" fullname="Kaitai.SpecRepeatNStruct.TestRepeatNStruct" methodname="TestRepeatNStruct" classname="Kaitai.SpecRepeatNStruct" runstate="Runnable" seed="12286832" result="Passed" start-time="2023-07-05 11:23:03Z" end-time="2023-07-05 11:23:03Z" duration="0.000934" asserts="5" />
      </test-suite>
      <test-suite type="TestFixture" id="0-1318" name="SpecRepeatNStrz" fullname="Kaitai.SpecRepeatNStrz" classname="Kaitai.SpecRepeatNStrz" runstate="Runnable" testcasecount="1" result="Passed" start-time="2023-07-05 11:23:03Z" end-time="2023-07-05 11:23:03Z" duration="0.003158" total="1" passed="1" failed="0" inconclusive="0" skipped="0" asserts="2">
        <test-case id="0-1319" name="TestRepeatNStrz" fullname="Kaitai.SpecRepeatNStrz.TestRepeatNStrz" methodname="TestRepeatNStrz" classname="Kaitai.SpecRepeatNStrz" runstate="Runnable" seed="22129669" result="Passed" start-time="2023-07-05 11:23:03Z" end-time="2023-07-05 11:23:03Z" duration="0.000764" asserts="2" />
      </test-suite>
      <test-suite type="TestFixture" id="0-1320" name="SpecRepeatNStrzDouble" fullname="Kaitai.SpecRepeatNStrzDouble" classname="Kaitai.SpecRepeatNStrzDouble" runstate="Runnable" testcasecount="1" result="Passed" start-time="2023-07-05 11:23:03Z" end-time="2023-07-05 11:23:03Z" duration="0.003202" total="1" passed="1" failed="0" inconclusive="0" skipped="0" asserts="3">
        <test-case id="0-1321" name="TestRepeatNStrzDouble" fullname="Kaitai.SpecRepeatNStrzDouble.TestRepeatNStrzDouble" methodname="TestRepeatNStrzDouble" classname="Kaitai.SpecRepeatNStrzDouble" runstate="Runnable" seed="116938668" result="Passed" start-time="2023-07-05 11:23:03Z" end-time="2023-07-05 11:23:03Z" duration="0.000814" asserts="3" />
      </test-suite>
      <test-suite type="TestFixture" id="0-1322" name="SpecRepeatUntilComplex" fullname="Kaitai.SpecRepeatUntilComplex" classname="Kaitai.SpecRepeatUntilComplex" runstate="Runnable" testcasecount="1" result="Passed" start-time="2023-07-05 11:23:03Z" end-time="2023-07-05 11:23:03Z" duration="0.005803" total="1" passed="1" failed="0" inconclusive="0" skipped="0" asserts="15">
        <test-case id="0-1323" name="TestRepeatUntilComplex" fullname="Kaitai.SpecRepeatUntilComplex.TestRepeatUntilComplex" methodname="TestRepeatUntilComplex" classname="Kaitai.SpecRepeatUntilComplex" runstate="Runnable" seed="1978554093" result="Passed" start-time="2023-07-05 11:23:03Z" end-time="2023-07-05 11:23:03Z" duration="0.003415" asserts="15" />
      </test-suite>
      <test-suite type="TestFixture" id="0-1324" name="SpecRepeatUntilS4" fullname="Kaitai.SpecRepeatUntilS4" classname="Kaitai.SpecRepeatUntilS4" runstate="Runnable" testcasecount="1" result="Passed" start-time="2023-07-05 11:23:03Z" end-time="2023-07-05 11:23:03Z" duration="0.003141" total="1" passed="1" failed="0" inconclusive="0" skipped="0" asserts="2">
        <test-case id="0-1325" name="TestRepeatUntilS4" fullname="Kaitai.SpecRepeatUntilS4.TestRepeatUntilS4" methodname="TestRepeatUntilS4" classname="Kaitai.SpecRepeatUntilS4" runstate="Runnable" seed="373274823" result="Passed" start-time="2023-07-05 11:23:03Z" end-time="2023-07-05 11:23:03Z" duration="0.000758" asserts="2" />
      </test-suite>
      <test-suite type="TestFixture" id="0-1326" name="SpecStrEncodings" fullname="Kaitai.SpecStrEncodings" classname="Kaitai.SpecStrEncodings" runstate="Runnable" testcasecount="1" result="Passed" start-time="2023-07-05 11:23:03Z" end-time="2023-07-05 11:23:03Z" duration="0.002947" total="1" passed="1" failed="0" inconclusive="0" skipped="0" asserts="4">
        <test-case id="0-1327" name="TestStrEncodings" fullname="Kaitai.SpecStrEncodings.TestStrEncodings" methodname="TestStrEncodings" classname="Kaitai.SpecStrEncodings" runstate="Runnable" seed="1748589401" result="Passed" start-time="2023-07-05 11:23:03Z" end-time="2023-07-05 11:23:03Z" duration="0.000557" asserts="4" />
      </test-suite>
      <test-suite type="TestFixture" id="0-1328" name="SpecStrEncodingsDefault" fullname="Kaitai.SpecStrEncodingsDefault" classname="Kaitai.SpecStrEncodingsDefault" runstate="Runnable" testcasecount="1" result="Passed" start-time="2023-07-05 11:23:03Z" end-time="2023-07-05 11:23:03Z" duration="0.003040" total="1" passed="1" failed="0" inconclusive="0" skipped="0" asserts="4">
        <test-case id="0-1329" name="TestStrEncodingsDefault" fullname="Kaitai.SpecStrEncodingsDefault.TestStrEncodingsDefault" methodname="TestStrEncodingsDefault" classname="Kaitai.SpecStrEncodingsDefault" runstate="Runnable" seed="135926205" result="Passed" start-time="2023-07-05 11:23:03Z" end-time="2023-07-05 11:23:03Z" duration="0.000641" asserts="4" />
      </test-suite>
      <test-suite type="TestFixture" id="0-1330" name="SpecStrEncodingsUtf16" fullname="Kaitai.SpecStrEncodingsUtf16" classname="Kaitai.SpecStrEncodingsUtf16" runstate="Runnable" testcasecount="1" result="Passed" start-time="2023-07-05 11:23:03Z" end-time="2023-07-05 11:23:03Z" duration="0.004735" total="1" passed="1" failed="0" inconclusive="0" skipped="0" asserts="6">
        <test-case id="0-1331" name="TestStrEncodingsUtf16" fullname="Kaitai.SpecStrEncodingsUtf16.TestStrEncodingsUtf16" methodname="TestStrEncodingsUtf16" classname="Kaitai.SpecStrEncodingsUtf16" runstate="Runnable" seed="227203846" result="Passed" start-time="2023-07-05 11:23:03Z" end-time="2023-07-05 11:23:03Z" duration="0.002344" asserts="6" />
      </test-suite>
      <test-suite type="TestFixture" id="0-1332" name="SpecStrEos" fullname="Kaitai.SpecStrEos" classname="Kaitai.SpecStrEos" runstate="Runnable" testcasecount="1" result="Passed" start-time="2023-07-05 11:23:03Z" end-time="2023-07-05 11:23:03Z" duration="0.002760" total="1" passed="1" failed="0" inconclusive="0" skipped="0" asserts="1">
        <test-case id="0-1333" name="TestStrEos" fullname="Kaitai.SpecStrEos.TestStrEos" methodname="TestStrEos" classname="Kaitai.SpecStrEos" runstate="Runnable" seed="2111884278" result="Passed" start-time="2023-07-05 11:23:03Z" end-time="2023-07-05 11:23:03Z" duration="0.000369" asserts="1" />
      </test-suite>
      <test-suite type="TestFixture" id="0-1334" name="SpecStrLiterals" fullname="Kaitai.SpecStrLiterals" classname="Kaitai.SpecStrLiterals" runstate="Runnable" testcasecount="1" result="Passed" start-time="2023-07-05 11:23:03Z" end-time="2023-07-05 11:23:03Z" duration="0.005165" total="1" passed="1" failed="0" inconclusive="0" skipped="0" asserts="5">
        <test-case id="0-1335" name="TestStrLiterals" fullname="Kaitai.SpecStrLiterals.TestStrLiterals" methodname="TestStrLiterals" classname="Kaitai.SpecStrLiterals" runstate="Runnable" seed="1192631088" result="Passed" start-time="2023-07-05 11:23:03Z" end-time="2023-07-05 11:23:03Z" duration="0.002767" asserts="5" />
      </test-suite>
      <test-suite type="TestFixture" id="0-1336" name="SpecStrLiterals2" fullname="Kaitai.SpecStrLiterals2" classname="Kaitai.SpecStrLiterals2" runstate="Runnable" testcasecount="1" result="Passed" start-time="2023-07-05 11:23:03Z" end-time="2023-07-05 11:23:03Z" duration="0.002883" total="1" passed="1" failed="0" inconclusive="0" skipped="0" asserts="4">
        <test-case id="0-1337" name="TestStrLiterals2" fullname="Kaitai.SpecStrLiterals2.TestStrLiterals2" methodname="TestStrLiterals2" classname="Kaitai.SpecStrLiterals2" runstate="Runnable" seed="644463094" result="Passed" start-time="2023-07-05 11:23:03Z" end-time="2023-07-05 11:23:03Z" duration="0.000489" asserts="4" />
      </test-suite>
      <test-suite type="TestFixture" id="0-1338" name="SpecStrPadTerm" fullname="Kaitai.SpecStrPadTerm" classname="Kaitai.SpecStrPadTerm" runstate="Runnable" testcasecount="1" result="Passed" start-time="2023-07-05 11:23:03Z" end-time="2023-07-05 11:23:03Z" duration="0.002870" total="1" passed="1" failed="0" inconclusive="0" skipped="0" asserts="4">
        <test-case id="0-1339" name="TestStrPadTerm" fullname="Kaitai.SpecStrPadTerm.TestStrPadTerm" methodname="TestStrPadTerm" classname="Kaitai.SpecStrPadTerm" runstate="Runnable" seed="1841846024" result="Passed" start-time="2023-07-05 11:23:03Z" end-time="2023-07-05 11:23:03Z" duration="0.000484" asserts="4" />
      </test-suite>
      <test-suite type="TestFixture" id="0-1340" name="SpecStrPadTermEmpty" fullname="Kaitai.SpecStrPadTermEmpty" classname="Kaitai.SpecStrPadTermEmpty" runstate="Runnable" testcasecount="1" result="Passed" start-time="2023-07-05 11:23:03Z" end-time="2023-07-05 11:23:03Z" duration="0.002900" total="1" passed="1" failed="0" inconclusive="0" skipped="0" asserts="4">
        <test-case id="0-1341" name="TestStrPadTermEmpty" fullname="Kaitai.SpecStrPadTermEmpty.TestStrPadTermEmpty" methodname="TestStrPadTermEmpty" classname="Kaitai.SpecStrPadTermEmpty" runstate="Runnable" seed="1466166256" result="Passed" start-time="2023-07-05 11:23:03Z" end-time="2023-07-05 11:23:03Z" duration="0.000509" asserts="4" />
      </test-suite>
      <test-suite type="TestFixture" id="0-1342" name="SpecSwitchBytearray" fullname="Kaitai.SpecSwitchBytearray" classname="Kaitai.SpecSwitchBytearray" runstate="Runnable" testcasecount="1" result="Passed" start-time="2023-07-05 11:23:03Z" end-time="2023-07-05 11:23:03Z" duration="0.003869" total="1" passed="1" failed="0" inconclusive="0" skipped="0" asserts="9">
        <test-case id="0-1343" name="TestSwitchBytearray" fullname="Kaitai.SpecSwitchBytearray.TestSwitchBytearray" methodname="TestSwitchBytearray" classname="Kaitai.SpecSwitchBytearray" runstate="Runnable" seed="751761517" result="Passed" start-time="2023-07-05 11:23:03Z" end-time="2023-07-05 11:23:03Z" duration="0.001470" asserts="9" />
      </test-suite>
      <test-suite type="TestFixture" id="0-1344" name="SpecSwitchCast" fullname="Kaitai.SpecSwitchCast" classname="Kaitai.SpecSwitchCast" runstate="Runnable" testcasecount="1" result="Passed" start-time="2023-07-05 11:23:03Z" end-time="2023-07-05 11:23:03Z" duration="0.004016" total="1" passed="1" failed="0" inconclusive="0" skipped="0" asserts="3">
        <test-case id="0-1345" name="TestSwitchCast" fullname="Kaitai.SpecSwitchCast.TestSwitchCast" methodname="TestSwitchCast" classname="Kaitai.SpecSwitchCast" runstate="Runnable" seed="1845458619" result="Passed" start-time="2023-07-05 11:23:03Z" end-time="2023-07-05 11:23:03Z" duration="0.001617" asserts="3" />
      </test-suite>
      <test-suite type="TestFixture" id="0-1346" name="SpecSwitchElseOnly" fullname="Kaitai.SpecSwitchElseOnly" classname="Kaitai.SpecSwitchElseOnly" runstate="Runnable" testcasecount="1" result="Passed" start-time="2023-07-05 11:23:03Z" end-time="2023-07-05 11:23:03Z" duration="0.002975" total="1" passed="1" failed="0" inconclusive="0" skipped="0" asserts="3">
        <test-case id="0-1347" name="TestSwitchElseOnly" fullname="Kaitai.SpecSwitchElseOnly.TestSwitchElseOnly" methodname="TestSwitchElseOnly" classname="Kaitai.SpecSwitchElseOnly" runstate="Runnable" seed="1400049307" result="Passed" start-time="2023-07-05 11:23:03Z" end-time="2023-07-05 11:23:03Z" duration="0.000572" asserts="3" />
      </test-suite>
      <test-suite type="TestFixture" id="0-1348" name="SpecSwitchIntegers" fullname="Kaitai.SpecSwitchIntegers" classname="Kaitai.SpecSwitchIntegers" runstate="Runnable" testcasecount="1" result="Passed" start-time="2023-07-05 11:23:03Z" end-time="2023-07-05 11:23:03Z" duration="0.003547" total="1" passed="1" failed="0" inconclusive="0" skipped="0" asserts="9">
        <test-case id="0-1349" name="TestSwitchIntegers" fullname="Kaitai.SpecSwitchIntegers.TestSwitchIntegers" methodname="TestSwitchIntegers" classname="Kaitai.SpecSwitchIntegers" runstate="Runnable" seed="1541520801" result="Passed" start-time="2023-07-05 11:23:03Z" end-time="2023-07-05 11:23:03Z" duration="0.001162" asserts="9" />
      </test-suite>
      <test-suite type="TestFixture" id="0-1350" name="SpecSwitchIntegers2" fullname="Kaitai.SpecSwitchIntegers2" classname="Kaitai.SpecSwitchIntegers2" runstate="Runnable" testcasecount="1" result="Passed" start-time="2023-07-05 11:23:03Z" end-time="2023-07-05 11:23:03Z" duration="0.003457" total="1" passed="1" failed="0" inconclusive="0" skipped="0" asserts="5">
        <test-case id="0-1351" name="TestSwitchIntegers2" fullname="Kaitai.SpecSwitchIntegers2.TestSwitchIntegers2" methodname="TestSwitchIntegers2" classname="Kaitai.SpecSwitchIntegers2" runstate="Runnable" seed="1123227173" result="Passed" start-time="2023-07-05 11:23:03Z" end-time="2023-07-05 11:23:03Z" duration="0.001056" asserts="5" />
      </test-suite>
      <test-suite type="TestFixture" id="0-1352" name="SpecSwitchManualEnum" fullname="Kaitai.SpecSwitchManualEnum" classname="Kaitai.SpecSwitchManualEnum" runstate="Runnable" testcasecount="1" result="Passed" start-time="2023-07-05 11:23:03Z" end-time="2023-07-05 11:23:03Z" duration="0.003873" total="1" passed="1" failed="0" inconclusive="0" skipped="0" asserts="9">
        <test-case id="0-1353" name="TestSwitchManualEnum" fullname="Kaitai.SpecSwitchManualEnum.TestSwitchManualEnum" methodname="TestSwitchManualEnum" classname="Kaitai.SpecSwitchManualEnum" runstate="Runnable" seed="2039085803" result="Passed" start-time="2023-07-05 11:23:03Z" end-time="2023-07-05 11:23:03Z" duration="0.001475" asserts="9" />
      </test-suite>
      <test-suite type="TestFixture" id="0-1354" name="SpecSwitchManualEnumInvalid" fullname="Kaitai.SpecSwitchManualEnumInvalid" classname="Kaitai.SpecSwitchManualEnumInvalid" runstate="Runnable" testcasecount="1" result="Passed" start-time="2023-07-05 11:23:03Z" end-time="2023-07-05 11:23:03Z" duration="0.003461" total="1" passed="1" failed="0" inconclusive="0" skipped="0" asserts="5">
        <test-case id="0-1355" name="TestSwitchManualEnumInvalid" fullname="Kaitai.SpecSwitchManualEnumInvalid.TestSwitchManualEnumInvalid" methodname="TestSwitchManualEnumInvalid" classname="Kaitai.SpecSwitchManualEnumInvalid" runstate="Runnable" seed="1237029125" result="Passed" start-time="2023-07-05 11:23:03Z" end-time="2023-07-05 11:23:03Z" duration="0.001067" asserts="5" />
      </test-suite>
      <test-suite type="TestFixture" id="0-1356" name="SpecSwitchManualEnumInvalidElse" fullname="Kaitai.SpecSwitchManualEnumInvalidElse" classname="Kaitai.SpecSwitchManualEnumInvalidElse" runstate="Runnable" testcasecount="1" result="Passed" start-time="2023-07-05 11:23:03Z" end-time="2023-07-05 11:23:03Z" duration="0.003619" total="1" passed="1" failed="0" inconclusive="0" skipped="0" asserts="5">
        <test-case id="0-1357" name="TestSwitchManualEnumInvalidElse" fullname="Kaitai.SpecSwitchManualEnumInvalidElse.TestSwitchManualEnumInvalidElse" methodname="TestSwitchManualEnumInvalidElse" classname="Kaitai.SpecSwitchManualEnumInvalidElse" runstate="Runnable" seed="1163283478" result="Passed" start-time="2023-07-05 11:23:03Z" end-time="2023-07-05 11:23:03Z" duration="0.001211" asserts="5" />
      </test-suite>
      <test-suite type="TestFixture" id="0-1358" name="SpecSwitchManualInt" fullname="Kaitai.SpecSwitchManualInt" classname="Kaitai.SpecSwitchManualInt" runstate="Runnable" testcasecount="1" result="Passed" start-time="2023-07-05 11:23:03Z" end-time="2023-07-05 11:23:03Z" duration="0.003841" total="1" passed="1" failed="0" inconclusive="0" skipped="0" asserts="9">
        <test-case id="0-1359" name="TestSwitchManualInt" fullname="Kaitai.SpecSwitchManualInt.TestSwitchManualInt" methodname="TestSwitchManualInt" classname="Kaitai.SpecSwitchManualInt" runstate="Runnable" seed="1173073675" result="Passed" start-time="2023-07-05 11:23:03Z" end-time="2023-07-05 11:23:03Z" duration="0.001444" asserts="9" />
      </test-suite>
      <test-suite type="TestFixture" id="0-1360" name="SpecSwitchManualIntElse" fullname="Kaitai.SpecSwitchManualIntElse" classname="Kaitai.SpecSwitchManualIntElse" runstate="Runnable" testcasecount="1" result="Passed" start-time="2023-07-05 11:23:03Z" end-time="2023-07-05 11:23:03Z" duration="0.003907" total="1" passed="1" failed="0" inconclusive="0" skipped="0" asserts="9">
        <test-case id="0-1361" name="TestSwitchManualIntElse" fullname="Kaitai.SpecSwitchManualIntElse.TestSwitchManualIntElse" methodname="TestSwitchManualIntElse" classname="Kaitai.SpecSwitchManualIntElse" runstate="Runnable" seed="290466813" result="Passed" start-time="2023-07-05 11:23:03Z" end-time="2023-07-05 11:23:03Z" duration="0.001502" asserts="9" />
      </test-suite>
      <test-suite type="TestFixture" id="0-1362" name="SpecSwitchManualIntSize" fullname="Kaitai.SpecSwitchManualIntSize" classname="Kaitai.SpecSwitchManualIntSize" runstate="Runnable" testcasecount="1" result="Passed" start-time="2023-07-05 11:23:03Z" end-time="2023-07-05 11:23:03Z" duration="0.004286" total="1" passed="1" failed="0" inconclusive="0" skipped="0" asserts="10">
        <test-case id="0-1363" name="TestSwitchManualIntSize" fullname="Kaitai.SpecSwitchManualIntSize.TestSwitchManualIntSize" methodname="TestSwitchManualIntSize" classname="Kaitai.SpecSwitchManualIntSize" runstate="Runnable" seed="777615825" result="Passed" start-time="2023-07-05 11:23:03Z" end-time="2023-07-05 11:23:03Z" duration="0.001882" asserts="10" />
      </test-suite>
      <test-suite type="TestFixture" id="0-1364" name="SpecSwitchManualIntSizeElse" fullname="Kaitai.SpecSwitchManualIntSizeElse" classname="Kaitai.SpecSwitchManualIntSizeElse" runstate="Runnable" testcasecount="1" result="Passed" start-time="2023-07-05 11:23:03Z" end-time="2023-07-05 11:23:03Z" duration="0.004356" total="1" passed="1" failed="0" inconclusive="0" skipped="0" asserts="10">
        <test-case id="0-1365" name="TestSwitchManualIntSizeElse" fullname="Kaitai.SpecSwitchManualIntSizeElse.TestSwitchManualIntSizeElse" methodname="TestSwitchManualIntSizeElse" classname="Kaitai.SpecSwitchManualIntSizeElse" runstate="Runnable" seed="1400561286" result="Passed" start-time="2023-07-05 11:23:03Z" end-time="2023-07-05 11:23:03Z" duration="0.001952" asserts="10" />
      </test-suite>
      <test-suite type="TestFixture" id="0-1366" name="SpecSwitchManualIntSizeEos" fullname="Kaitai.SpecSwitchManualIntSizeEos" classname="Kaitai.SpecSwitchManualIntSizeEos" runstate="Runnable" testcasecount="1" result="Passed" start-time="2023-07-05 11:23:03Z" end-time="2023-07-05 11:23:03Z" duration="0.004356" total="1" passed="1" failed="0" inconclusive="0" skipped="0" asserts="10">
        <test-case id="0-1367" name="TestSwitchManualIntSizeEos" fullname="Kaitai.SpecSwitchManualIntSizeEos.TestSwitchManualIntSizeEos" methodname="TestSwitchManualIntSizeEos" classname="Kaitai.SpecSwitchManualIntSizeEos" runstate="Runnable" seed="402465230" result="Passed" start-time="2023-07-05 11:23:03Z" end-time="2023-07-05 11:23:03Z" duration="0.001952" asserts="10" />
      </test-suite>
      <test-suite type="TestFixture" id="0-1368" name="SpecSwitchManualStr" fullname="Kaitai.SpecSwitchManualStr" classname="Kaitai.SpecSwitchManualStr" runstate="Runnable" testcasecount="1" result="Passed" start-time="2023-07-05 11:23:03Z" end-time="2023-07-05 11:23:03Z" duration="0.003815" total="1" passed="1" failed="0" inconclusive="0" skipped="0" asserts="9">
        <test-case id="0-1369" name="TestSwitchManualStr" fullname="Kaitai.SpecSwitchManualStr.TestSwitchManualStr" methodname="TestSwitchManualStr" classname="Kaitai.SpecSwitchManualStr" runstate="Runnable" seed="523132939" result="Passed" start-time="2023-07-05 11:23:03Z" end-time="2023-07-05 11:23:03Z" duration="0.001413" asserts="9" />
      </test-suite>
      <test-suite type="TestFixture" id="0-1370" name="SpecSwitchManualStrElse" fullname="Kaitai.SpecSwitchManualStrElse" classname="Kaitai.SpecSwitchManualStrElse" runstate="Runnable" testcasecount="1" result="Passed" start-time="2023-07-05 11:23:03Z" end-time="2023-07-05 11:23:03Z" duration="0.003872" total="1" passed="1" failed="0" inconclusive="0" skipped="0" asserts="9">
        <test-case id="0-1371" name="TestSwitchManualStrElse" fullname="Kaitai.SpecSwitchManualStrElse.TestSwitchManualStrElse" methodname="TestSwitchManualStrElse" classname="Kaitai.SpecSwitchManualStrElse" runstate="Runnable" seed="952140429" result="Passed" start-time="2023-07-05 11:23:03Z" end-time="2023-07-05 11:23:03Z" duration="0.001477" asserts="9" />
      </test-suite>
      <test-suite type="TestFixture" id="0-1372" name="SpecSwitchMultiBoolOps" fullname="Kaitai.SpecSwitchMultiBoolOps" classname="Kaitai.SpecSwitchMultiBoolOps" runstate="Runnable" testcasecount="1" result="Passed" start-time="2023-07-05 11:23:03Z" end-time="2023-07-05 11:23:03Z" duration="0.003630" total="1" passed="1" failed="0" inconclusive="0" skipped="0" asserts="9">
        <test-case id="0-1373" name="TestSwitchMultiBoolOps" fullname="Kaitai.SpecSwitchMultiBoolOps.TestSwitchMultiBoolOps" methodname="TestSwitchMultiBoolOps" classname="Kaitai.SpecSwitchMultiBoolOps" runstate="Runnable" seed="78292905" result="Passed" start-time="2023-07-05 11:23:03Z" end-time="2023-07-05 11:23:03Z" duration="0.001233" asserts="9" />
      </test-suite>
      <test-suite type="TestFixture" id="0-1374" name="SpecTermBytes" fullname="Kaitai.SpecTermBytes" classname="Kaitai.SpecTermBytes" runstate="Runnable" testcasecount="1" result="Passed" start-time="2023-07-05 11:23:03Z" end-time="2023-07-05 11:23:03Z" duration="0.002869" total="1" passed="1" failed="0" inconclusive="0" skipped="0" asserts="3">
        <test-case id="0-1375" name="TestTermBytes" fullname="Kaitai.SpecTermBytes.TestTermBytes" methodname="TestTermBytes" classname="Kaitai.SpecTermBytes" runstate="Runnable" seed="759629503" result="Passed" start-time="2023-07-05 11:23:03Z" end-time="2023-07-05 11:23:03Z" duration="0.000473" asserts="3" />
      </test-suite>
      <test-suite type="TestFixture" id="0-1376" name="SpecTermStrz" fullname="Kaitai.SpecTermStrz" classname="Kaitai.SpecTermStrz" runstate="Runnable" testcasecount="1" result="Passed" start-time="2023-07-05 11:23:03Z" end-time="2023-07-05 11:23:03Z" duration="0.002686" total="1" passed="1" failed="0" inconclusive="0" skipped="0" asserts="3">
        <test-case id="0-1377" name="TestTermStrz" fullname="Kaitai.SpecTermStrz.TestTermStrz" methodname="TestTermStrz" classname="Kaitai.SpecTermStrz" runstate="Runnable" seed="1107698235" result="Passed" start-time="2023-07-05 11:23:03Z" end-time="2023-07-05 11:23:03Z" duration="0.000299" asserts="3" />
      </test-suite>
      <test-suite type="TestFixture" id="0-1378" name="SpecTermU1Val" fullname="Kaitai.SpecTermU1Val" classname="Kaitai.SpecTermU1Val" runstate="Runnable" testcasecount="1" result="Passed" start-time="2023-07-05 11:23:03Z" end-time="2023-07-05 11:23:03Z" duration="0.002828" total="1" passed="1" failed="0" inconclusive="0" skipped="0" asserts="2">
        <test-case id="0-1379" name="TestTermU1Val" fullname="Kaitai.SpecTermU1Val.TestTermU1Val" methodname="TestTermU1Val" classname="Kaitai.SpecTermU1Val" runstate="Runnable" seed="153558725" result="Passed" start-time="2023-07-05 11:23:03Z" end-time="2023-07-05 11:23:03Z" duration="0.000444" asserts="2" />
      </test-suite>
      <test-suite type="TestFixture" id="0-1380" name="SpecTsPacketHeader" fullname="Kaitai.SpecTsPacketHeader" classname="Kaitai.SpecTsPacketHeader" runstate="Runnable" testcasecount="1" result="Passed" start-time="2023-07-05 11:23:03Z" end-time="2023-07-05 11:23:03Z" duration="0.003024" total="1" passed="1" failed="0" inconclusive="0" skipped="0" asserts="7">
        <test-case id="0-1381" name="TestTsPacketHeader" fullname="Kaitai.SpecTsPacketHeader.TestTsPacketHeader" methodname="TestTsPacketHeader" classname="Kaitai.SpecTsPacketHeader" runstate="Runnable" seed="425395060" result="Passed" start-time="2023-07-05 11:23:03Z" end-time="2023-07-05 11:23:03Z" duration="0.000639" asserts="7" />
      </test-suite>
      <test-suite type="TestFixture" id="0-1382" name="SpecTypeIntUnaryOp" fullname="Kaitai.SpecTypeIntUnaryOp" classname="Kaitai.SpecTypeIntUnaryOp" runstate="Runnable" testcasecount="1" result="Passed" start-time="2023-07-05 11:23:03Z" end-time="2023-07-05 11:23:03Z" duration="0.002940" total="1" passed="1" failed="0" inconclusive="0" skipped="0" asserts="4">
        <test-case id="0-1383" name="TestTypeIntUnaryOp" fullname="Kaitai.SpecTypeIntUnaryOp.TestTypeIntUnaryOp" methodname="TestTypeIntUnaryOp" classname="Kaitai.SpecTypeIntUnaryOp" runstate="Runnable" seed="997392152" result="Passed" start-time="2023-07-05 11:23:03Z" end-time="2023-07-05 11:23:03Z" duration="0.000554" asserts="4" />
      </test-suite>
      <test-suite type="TestFixture" id="0-1384" name="SpecTypeTernary" fullname="Kaitai.SpecTypeTernary" classname="Kaitai.SpecTypeTernary" runstate="Runnable" testcasecount="1" result="Passed" start-time="2023-07-05 11:23:03Z" end-time="2023-07-05 11:23:03Z" duration="0.003017" total="1" passed="1" failed="0" inconclusive="0" skipped="0" asserts="1">
        <test-case id="0-1385" name="TestTypeTernary" fullname="Kaitai.SpecTypeTernary.TestTypeTernary" methodname="TestTypeTernary" classname="Kaitai.SpecTypeTernary" runstate="Runnable" seed="1654152775" result="Passed" start-time="2023-07-05 11:23:03Z" end-time="2023-07-05 11:23:03Z" duration="0.000630" asserts="1" />
      </test-suite>
      <test-suite type="TestFixture" id="0-1386" name="SpecTypeTernary2ndFalsy" fullname="Kaitai.SpecTypeTernary2ndFalsy" classname="Kaitai.SpecTypeTernary2ndFalsy" runstate="Runnable" testcasecount="1" result="Passed" start-time="2023-07-05 11:23:03Z" end-time="2023-07-05 11:23:03Z" duration="0.003976" total="1" passed="1" failed="0" inconclusive="0" skipped="0" asserts="13">
        <test-case id="0-1387" name="TestTypeTernary2ndFalsy" fullname="Kaitai.SpecTypeTernary2ndFalsy.TestTypeTernary2ndFalsy" methodname="TestTypeTernary2ndFalsy" classname="Kaitai.SpecTypeTernary2ndFalsy" runstate="Runnable" seed="682160940" result="Passed" start-time="2023-07-05 11:23:03Z" end-time="2023-07-05 11:23:03Z" duration="0.001583" asserts="13" />
      </test-suite>
      <test-suite type="TestFixture" id="0-1388" name="SpecTypeTernaryOpaque" fullname="Kaitai.SpecTypeTernaryOpaque" classname="Kaitai.SpecTypeTernaryOpaque" runstate="Runnable" testcasecount="1" result="Passed" start-time="2023-07-05 11:23:03Z" end-time="2023-07-05 11:23:03Z" duration="0.003011" total="1" passed="1" failed="0" inconclusive="0" skipped="0" asserts="3">
        <test-case id="0-1389" name="TestTypeTernaryOpaque" fullname="Kaitai.SpecTypeTernaryOpaque.TestTypeTernaryOpaque" methodname="TestTypeTernaryOpaque" classname="Kaitai.SpecTypeTernaryOpaque" runstate="Runnable" seed="1946583443" result="Passed" start-time="2023-07-05 11:23:03Z" end-time="2023-07-05 11:23:03Z" duration="0.000614" asserts="3" />
      </test-suite>
      <test-suite type="TestFixture" id="0-1390" name="SpecUserType" fullname="Kaitai.SpecUserType" classname="Kaitai.SpecUserType" runstate="Runnable" testcasecount="1" result="Passed" start-time="2023-07-05 11:23:03Z" end-time="2023-07-05 11:23:03Z" duration="0.002871" total="1" passed="1" failed="0" inconclusive="0" skipped="0" asserts="2">
        <test-case id="0-1391" name="TestUserType" fullname="Kaitai.SpecUserType.TestUserType" methodname="TestUserType" classname="Kaitai.SpecUserType" runstate="Runnable" seed="259946142" result="Passed" start-time="2023-07-05 11:23:03Z" end-time="2023-07-05 11:23:03Z" duration="0.000480" asserts="2" />
      </test-suite>
      <test-suite type="TestFixture" id="0-1392" name="SpecValidEqStrEncodings" fullname="Kaitai.SpecValidEqStrEncodings" classname="Kaitai.SpecValidEqStrEncodings" runstate="Runnable" testcasecount="1" result="Passed" start-time="2023-07-05 11:23:03Z" end-time="2023-07-05 11:23:03Z" duration="0.003042" total="1" passed="1" failed="0" inconclusive="0" skipped="0" asserts="0">
        <test-case id="0-1393" name="TestValidEqStrEncodings" fullname="Kaitai.SpecValidEqStrEncodings.TestValidEqStrEncodings" methodname="TestValidEqStrEncodings" classname="Kaitai.SpecValidEqStrEncodings" runstate="Runnable" seed="1143021257" result="Passed" start-time="2023-07-05 11:23:03Z" end-time="2023-07-05 11:23:03Z" duration="0.000652" asserts="0" />
      </test-suite>
      <test-suite type="TestFixture" id="0-1394" name="SpecValidFailAnyofInt" fullname="Kaitai.SpecValidFailAnyofInt" classname="Kaitai.SpecValidFailAnyofInt" runstate="Runnable" testcasecount="1" result="Passed" start-time="2023-07-05 11:23:03Z" end-time="2023-07-05 11:23:03Z" duration="0.003541" total="1" passed="1" failed="0" inconclusive="0" skipped="0" asserts="1">
        <test-case id="0-1395" name="TestValidFailAnyofInt" fullname="Kaitai.SpecValidFailAnyofInt.TestValidFailAnyofInt" methodname="TestValidFailAnyofInt" classname="Kaitai.SpecValidFailAnyofInt" runstate="Runnable" seed="820361181" result="Passed" start-time="2023-07-05 11:23:03Z" end-time="2023-07-05 11:23:03Z" duration="0.001134" asserts="1" />
      </test-suite>
      <test-suite type="TestFixture" id="0-1396" name="SpecValidFailContents" fullname="Kaitai.SpecValidFailContents" classname="Kaitai.SpecValidFailContents" runstate="Runnable" testcasecount="1" result="Passed" start-time="2023-07-05 11:23:03Z" end-time="2023-07-05 11:23:03Z" duration="0.003235" total="1" passed="1" failed="0" inconclusive="0" skipped="0" asserts="1">
        <test-case id="0-1397" name="TestValidFailContents" fullname="Kaitai.SpecValidFailContents.TestValidFailContents" methodname="TestValidFailContents" classname="Kaitai.SpecValidFailContents" runstate="Runnable" seed="1474250487" result="Passed" start-time="2023-07-05 11:23:03Z" end-time="2023-07-05 11:23:03Z" duration="0.000828" asserts="1" />
      </test-suite>
      <test-suite type="TestFixture" id="0-1398" name="SpecValidFailEqBytes" fullname="Kaitai.SpecValidFailEqBytes" classname="Kaitai.SpecValidFailEqBytes" runstate="Runnable" testcasecount="1" result="Passed" start-time="2023-07-05 11:23:03Z" end-time="2023-07-05 11:23:03Z" duration="0.002920" total="1" passed="1" failed="0" inconclusive="0" skipped="0" asserts="1">
        <test-case id="0-1399" name="TestValidFailEqBytes" fullname="Kaitai.SpecValidFailEqBytes.TestValidFailEqBytes" methodname="TestValidFailEqBytes" classname="Kaitai.SpecValidFailEqBytes" runstate="Runnable" seed="282583136" result="Passed" start-time="2023-07-05 11:23:03Z" end-time="2023-07-05 11:23:03Z" duration="0.000521" asserts="1" />
      </test-suite>
      <test-suite type="TestFixture" id="0-1400" name="SpecValidFailEqInt" fullname="Kaitai.SpecValidFailEqInt" classname="Kaitai.SpecValidFailEqInt" runstate="Runnable" testcasecount="1" result="Passed" start-time="2023-07-05 11:23:03Z" end-time="2023-07-05 11:23:03Z" duration="0.002967" total="1" passed="1" failed="0" inconclusive="0" skipped="0" asserts="1">
        <test-case id="0-1401" name="TestValidFailEqInt" fullname="Kaitai.SpecValidFailEqInt.TestValidFailEqInt" methodname="TestValidFailEqInt" classname="Kaitai.SpecValidFailEqInt" runstate="Runnable" seed="465132298" result="Passed" start-time="2023-07-05 11:23:03Z" end-time="2023-07-05 11:23:03Z" duration="0.000569" asserts="1" />
      </test-suite>
      <test-suite type="TestFixture" id="0-1402" name="SpecValidFailEqStr" fullname="Kaitai.SpecValidFailEqStr" classname="Kaitai.SpecValidFailEqStr" runstate="Runnable" testcasecount="1" result="Passed" start-time="2023-07-05 11:23:03Z" end-time="2023-07-05 11:23:03Z" duration="0.002948" total="1" passed="1" failed="0" inconclusive="0" skipped="0" asserts="1">
        <test-case id="0-1403" name="TestValidFailEqStr" fullname="Kaitai.SpecValidFailEqStr.TestValidFailEqStr" methodname="TestValidFailEqStr" classname="Kaitai.SpecValidFailEqStr" runstate="Runnable" seed="26640027" result="Passed" start-time="2023-07-05 11:23:03Z" end-time="2023-07-05 11:23:03Z" duration="0.000546" asserts="1" />
      </test-suite>
      <test-suite type="TestFixture" id="0-1404" name="SpecValidFailExpr" fullname="Kaitai.SpecValidFailExpr" classname="Kaitai.SpecValidFailExpr" runstate="Runnable" testcasecount="1" result="Passed" start-time="2023-07-05 11:23:03Z" end-time="2023-07-05 11:23:03Z" duration="0.003345" total="1" passed="1" failed="0" inconclusive="0" skipped="0" asserts="1">
        <test-case id="0-1405" name="TestValidFailExpr" fullname="Kaitai.SpecValidFailExpr.TestValidFailExpr" methodname="TestValidFailExpr" classname="Kaitai.SpecValidFailExpr" runstate="Runnable" seed="30106509" result="Passed" start-time="2023-07-05 11:23:03Z" end-time="2023-07-05 11:23:03Z" duration="0.000946" asserts="1" />
      </test-suite>
      <test-suite type="TestFixture" id="0-1406" name="SpecValidFailInst" fullname="Kaitai.SpecValidFailInst" classname="Kaitai.SpecValidFailInst" runstate="Runnable" testcasecount="1" result="Passed" start-time="2023-07-05 11:23:03Z" end-time="2023-07-05 11:23:03Z" duration="0.003061" total="1" passed="1" failed="0" inconclusive="0" skipped="0" asserts="1">
        <test-case id="0-1407" name="TestValidFailInst" fullname="Kaitai.SpecValidFailInst.TestValidFailInst" methodname="TestValidFailInst" classname="Kaitai.SpecValidFailInst" runstate="Runnable" seed="29773265" result="Passed" start-time="2023-07-05 11:23:03Z" end-time="2023-07-05 11:23:03Z" duration="0.000660" asserts="1" />
      </test-suite>
      <test-suite type="TestFixture" id="0-1408" name="SpecValidFailMaxInt" fullname="Kaitai.SpecValidFailMaxInt" classname="Kaitai.SpecValidFailMaxInt" runstate="Runnable" testcasecount="1" result="Passed" start-time="2023-07-05 11:23:03Z" end-time="2023-07-05 11:23:03Z" duration="0.002990" total="1" passed="1" failed="0" inconclusive="0" skipped="0" asserts="1">
        <test-case id="0-1409" name="TestValidFailMaxInt" fullname="Kaitai.SpecValidFailMaxInt.TestValidFailMaxInt" methodname="TestValidFailMaxInt" classname="Kaitai.SpecValidFailMaxInt" runstate="Runnable" seed="30492008" result="Passed" start-time="2023-07-05 11:23:03Z" end-time="2023-07-05 11:23:03Z" duration="0.000595" asserts="1" />
      </test-suite>
      <test-suite type="TestFixture" id="0-1410" name="SpecValidFailMinInt" fullname="Kaitai.SpecValidFailMinInt" classname="Kaitai.SpecValidFailMinInt" runstate="Runnable" testcasecount="1" result="Passed" start-time="2023-07-05 11:23:03Z" end-time="2023-07-05 11:23:03Z" duration="0.003004" total="1" passed="1" failed="0" inconclusive="0" skipped="0" asserts="1">
        <test-case id="0-1411" name="TestValidFailMinInt" fullname="Kaitai.SpecValidFailMinInt.TestValidFailMinInt" methodname="TestValidFailMinInt" classname="Kaitai.SpecValidFailMinInt" runstate="Runnable" seed="967933617" result="Passed" start-time="2023-07-05 11:23:03Z" end-time="2023-07-05 11:23:03Z" duration="0.000607" asserts="1" />
      </test-suite>
      <test-suite type="TestFixture" id="0-1412" name="SpecValidFailRangeBytes" fullname="Kaitai.SpecValidFailRangeBytes" classname="Kaitai.SpecValidFailRangeBytes" runstate="Runnable" testcasecount="1" result="Passed" start-time="2023-07-05 11:23:03Z" end-time="2023-07-05 11:23:03Z" duration="0.003040" total="1" passed="1" failed="0" inconclusive="0" skipped="0" asserts="1">
        <test-case id="0-1413" name="TestValidFailRangeBytes" fullname="Kaitai.SpecValidFailRangeBytes.TestValidFailRangeBytes" methodname="TestValidFailRangeBytes" classname="Kaitai.SpecValidFailRangeBytes" runstate="Runnable" seed="953681787" result="Passed" start-time="2023-07-05 11:23:03Z" end-time="2023-07-05 11:23:03Z" duration="0.000637" asserts="1" />
      </test-suite>
      <test-suite type="TestFixture" id="0-1414" name="SpecValidFailRangeFloat" fullname="Kaitai.SpecValidFailRangeFloat" classname="Kaitai.SpecValidFailRangeFloat" runstate="Runnable" testcasecount="1" result="Passed" start-time="2023-07-05 11:23:03Z" end-time="2023-07-05 11:23:04Z" duration="0.004511" total="1" passed="1" failed="0" inconclusive="0" skipped="0" asserts="1">
        <test-case id="0-1415" name="TestValidFailRangeFloat" fullname="Kaitai.SpecValidFailRangeFloat.TestValidFailRangeFloat" methodname="TestValidFailRangeFloat" classname="Kaitai.SpecValidFailRangeFloat" runstate="Runnable" seed="573413902" result="Passed" start-time="2023-07-05 11:23:04Z" end-time="2023-07-05 11:23:04Z" duration="0.002101" asserts="1" />
      </test-suite>
      <test-suite type="TestFixture" id="0-1416" name="SpecValidFailRangeInt" fullname="Kaitai.SpecValidFailRangeInt" classname="Kaitai.SpecValidFailRangeInt" runstate="Runnable" testcasecount="1" result="Passed" start-time="2023-07-05 11:23:04Z" end-time="2023-07-05 11:23:04Z" duration="0.002997" total="1" passed="1" failed="0" inconclusive="0" skipped="0" asserts="1">
        <test-case id="0-1417" name="TestValidFailRangeInt" fullname="Kaitai.SpecValidFailRangeInt.TestValidFailRangeInt" methodname="TestValidFailRangeInt" classname="Kaitai.SpecValidFailRangeInt" runstate="Runnable" seed="635296344" result="Passed" start-time="2023-07-05 11:23:04Z" end-time="2023-07-05 11:23:04Z" duration="0.000583" asserts="1" />
      </test-suite>
      <test-suite type="TestFixture" id="0-1418" name="SpecValidFailRangeStr" fullname="Kaitai.SpecValidFailRangeStr" classname="Kaitai.SpecValidFailRangeStr" runstate="Runnable" testcasecount="1" result="Passed" start-time="2023-07-05 11:23:04Z" end-time="2023-07-05 11:23:04Z" duration="0.002955" total="1" passed="1" failed="0" inconclusive="0" skipped="0" asserts="1">
        <test-case id="0-1419" name="TestValidFailRangeStr" fullname="Kaitai.SpecValidFailRangeStr.TestValidFailRangeStr" methodname="TestValidFailRangeStr" classname="Kaitai.SpecValidFailRangeStr" runstate="Runnable" seed="966219602" result="Passed" start-time="2023-07-05 11:23:04Z" end-time="2023-07-05 11:23:04Z" duration="0.000551" asserts="1" />
      </test-suite>
      <test-suite type="TestFixture" id="0-1420" name="SpecValidLong" fullname="Kaitai.SpecValidLong" classname="Kaitai.SpecValidLong" runstate="Runnable" testcasecount="1" result="Passed" start-time="2023-07-05 11:23:04Z" end-time="2023-07-05 11:23:04Z" duration="0.003352" total="1" passed="1" failed="0" inconclusive="0" skipped="0" asserts="0">
        <test-case id="0-1421" name="TestValidLong" fullname="Kaitai.SpecValidLong.TestValidLong" methodname="TestValidLong" classname="Kaitai.SpecValidLong" runstate="Runnable" seed="989040731" result="Passed" start-time="2023-07-05 11:23:04Z" end-time="2023-07-05 11:23:04Z" duration="0.000960" asserts="0" />
      </test-suite>
      <test-suite type="TestFixture" id="0-1422" name="SpecValidNotParsedIf" fullname="Kaitai.SpecValidNotParsedIf" classname="Kaitai.SpecValidNotParsedIf" runstate="Runnable" testcasecount="1" result="Passed" start-time="2023-07-05 11:23:04Z" end-time="2023-07-05 11:23:04Z" duration="0.002943" total="1" passed="1" failed="0" inconclusive="0" skipped="0" asserts="0">
        <test-case id="0-1423" name="TestValidNotParsedIf" fullname="Kaitai.SpecValidNotParsedIf.TestValidNotParsedIf" methodname="TestValidNotParsedIf" classname="Kaitai.SpecValidNotParsedIf" runstate="Runnable" seed="1104017179" result="Passed" start-time="2023-07-05 11:23:04Z" end-time="2023-07-05 11:23:04Z" duration="0.000545" asserts="0" />
      </test-suite>
      <test-suite type="TestFixture" id="0-1424" name="SpecValidOptionalId" fullname="Kaitai.SpecValidOptionalId" classname="Kaitai.SpecValidOptionalId" runstate="Runnable" testcasecount="1" result="Passed" start-time="2023-07-05 11:23:04Z" end-time="2023-07-05 11:23:04Z" duration="0.002923" total="1" passed="1" failed="0" inconclusive="0" skipped="0" asserts="0">
        <test-case id="0-1425" name="TestValidOptionalId" fullname="Kaitai.SpecValidOptionalId.TestValidOptionalId" methodname="TestValidOptionalId" classname="Kaitai.SpecValidOptionalId" runstate="Runnable" seed="1980962800" result="Passed" start-time="2023-07-05 11:23:04Z" end-time="2023-07-05 11:23:04Z" duration="0.000527" asserts="0" />
      </test-suite>
      <test-suite type="TestFixture" id="0-1426" name="SpecValidShort" fullname="Kaitai.SpecValidShort" classname="Kaitai.SpecValidShort" runstate="Runnable" testcasecount="1" result="Passed" start-time="2023-07-05 11:23:04Z" end-time="2023-07-05 11:23:04Z" duration="0.003339" total="1" passed="1" failed="0" inconclusive="0" skipped="0" asserts="0">
        <test-case id="0-1427" name="TestValidShort" fullname="Kaitai.SpecValidShort.TestValidShort" methodname="TestValidShort" classname="Kaitai.SpecValidShort" runstate="Runnable" seed="1450726914" result="Passed" start-time="2023-07-05 11:23:04Z" end-time="2023-07-05 11:23:04Z" duration="0.000949" asserts="0" />
      </test-suite>
      <test-suite type="TestFixture" id="0-1428" name="SpecValidSwitch" fullname="Kaitai.SpecValidSwitch" classname="Kaitai.SpecValidSwitch" runstate="Runnable" testcasecount="1" result="Passed" start-time="2023-07-05 11:23:04Z" end-time="2023-07-05 11:23:04Z" duration="0.002851" total="1" passed="1" failed="0" inconclusive="0" skipped="0" asserts="0">
        <test-case id="0-1429" name="TestValidSwitch" fullname="Kaitai.SpecValidSwitch.TestValidSwitch" methodname="TestValidSwitch" classname="Kaitai.SpecValidSwitch" runstate="Runnable" seed="376309476" result="Passed" start-time="2023-07-05 11:23:04Z" end-time="2023-07-05 11:23:04Z" duration="0.000458" asserts="0" />
      </test-suite>
      <test-suite type="TestFixture" id="0-1430" name="SpecZlibSurrounded" fullname="Kaitai.SpecZlibSurrounded" classname="Kaitai.SpecZlibSurrounded" runstate="Runnable" testcasecount="1" result="Passed" start-time="2023-07-05 11:23:04Z" end-time="2023-07-05 11:23:04Z" duration="0.008429" total="1" passed="1" failed="0" inconclusive="0" skipped="0" asserts="1">
        <test-case id="0-1431" name="TestZlibSurrounded" fullname="Kaitai.SpecZlibSurrounded.TestZlibSurrounded" methodname="TestZlibSurrounded" classname="Kaitai.SpecZlibSurrounded" runstate="Runnable" seed="181607010" result="Passed" start-time="2023-07-05 11:23:04Z" end-time="2023-07-05 11:23:04Z" duration="0.006032" asserts="1" />
      </test-suite>
      <test-suite type="TestFixture" id="0-1432" name="SpecZlibWithHeader78" fullname="Kaitai.SpecZlibWithHeader78" classname="Kaitai.SpecZlibWithHeader78" runstate="Runnable" testcasecount="1" result="Passed" start-time="2023-07-05 11:23:04Z" end-time="2023-07-05 11:23:04Z" duration="0.002832" total="1" passed="1" failed="0" inconclusive="0" skipped="0" asserts="1">
        <test-case id="0-1433" name="TestZlibWithHeader78" fullname="Kaitai.SpecZlibWithHeader78.TestZlibWithHeader78" methodname="TestZlibWithHeader78" classname="Kaitai.SpecZlibWithHeader78" runstate="Runnable" seed="1636134036" result="Passed" start-time="2023-07-05 11:23:04Z" end-time="2023-07-05 11:23:04Z" duration="0.000428" asserts="1" />
      </test-suite>
    </test-suite>
  </test-suite>
</test-run>