<?xml version="1.0" encoding="UTF-8"?>
<testsuite errors="0" failures="0" file="test_enum_invalid.py" name="test_enum_invalid.TestEnumInvalid-20200329091952" skipped="0" tests="1" time="0.000" timestamp="2020-03-29T09:19:52">
	<testcase classname="test_enum_invalid.TestEnumInvalid" file="spec/python/test_enum_invalid.py" line="6" name="test_enum_invalid" time="0.000" timestamp="2020-03-29T09:19:52">
		<system-out>
<![CDATA[]]>		</system-out>
		<system-err>
<![CDATA[]]>		</system-err>
	</testcase>
</testsuite>
