<?xml version="1.0" encoding="UTF-8"?>
<testsuite errors="0" failures="0" file="test_docstrings.py" name="test_docstrings.TestDocstrings-20230707214040" skipped="0" tests="1" time="0.000" timestamp="2023-07-07T21:40:40">
	<testcase classname="test_docstrings.TestDocstrings" file="spec/python/test_docstrings.py" line="8" name="test_docstrings" time="0.000" timestamp="2023-07-07T21:40:40">
		<system-out>
<![CDATA[]]>		</system-out>
		<system-err>
<![CDATA[]]>		</system-err>
	</testcase>
</testsuite>
