<?xml version="1.0" encoding="UTF-8"?>
<testsuite errors="0" failures="0" file="test_enum_to_i_class_border_1.py" name="test_enum_to_i_class_border_1.TestEnumToIClassBorder1-20200409213047" skipped="0" tests="1" time="0.001" timestamp="2020-04-09T21:30:47">
	<testcase classname="test_enum_to_i_class_border_1.TestEnumToIClassBorder1" file="spec/python/test_enum_to_i_class_border_1.py" line="8" name="test_enum_to_i_class_border_1" time="0.001" timestamp="2020-04-09T21:30:47">
		<system-out>
<![CDATA[]]>		</system-out>
		<system-err>
<![CDATA[]]>		</system-err>
	</testcase>
</testsuite>
