<?xml version="1.0" encoding="UTF-8"?>
<testsuite errors="0" failures="0" file="test_str_encodings_default.py" name="test_str_encodings_default.TestStrEncodingsDefault-20190419150039" skipped="0" tests="1" time="0.011" timestamp="2019-04-19T15:00:39">
	<testcase classname="test_str_encodings_default.TestStrEncodingsDefault" file="spec/python/test_str_encodings_default.py" line="8" name="test_str_encodings_default" time="0.011" timestamp="2019-04-19T15:00:39">
		<system-out>
<![CDATA[]]>		</system-out>
		<system-err>
<![CDATA[]]>		</system-err>
	</testcase>
</testsuite>
