<?xml version="1.0" encoding="UTF-8"?>
<testsuite errors="0" failures="0" file="test_if_instances.py" name="test_if_instances.TestIfInstances-20230715064835" skipped="0" tests="1" time="0.000" timestamp="2023-07-15T06:48:35">
	<testcase classname="test_if_instances.TestIfInstances" file="spec/python/test_if_instances.py" line="8" name="test_if_instances" time="0.000" timestamp="2023-07-15T06:48:35">
		<system-out>
<![CDATA[]]>		</system-out>
		<system-err>
<![CDATA[]]>		</system-err>
	</testcase>
</testsuite>
