<?xml version="1.0" encoding="UTF-8"?>
<testsuite errors="0" failures="0" name="test_nav_parent_switch.TestNavParentSwitch-20181228161814" skipped="0" tests="1" time="0.000" timestamp="2018-12-28T16:18:14">
	<testcase classname="test_nav_parent_switch.TestNavParentSwitch" name="test_nav_parent_switch" time="0.000" timestamp="2018-12-28T16:18:14"/>
	<system-out>
<![CDATA[]]>	</system-out>
	<system-err>
<![CDATA[]]>	</system-err>
</testsuite>
