<?xml version="1.0" encoding="UTF-8"?>
<testsuite name="test_enum_negative.TestEnumNegative-20200412221720" tests="1" file="test_enum_negative.py" time="0.001" timestamp="2020-04-12T22:17:20" failures="0" errors="0" skipped="0">
	<testcase classname="test_enum_negative.TestEnumNegative" name="test_enum_negative" time="0.001" timestamp="2020-04-12T22:17:20" file="spec/python/test_enum_negative.py" line="8">
		<system-out><![CDATA[]]></system-out>
		<system-err><![CDATA[]]></system-err>
	</testcase>
</testsuite>
