<?xml version="1.0" encoding="UTF-8"?>
<testsuite errors="0" failures="0" file="test_valid_fail_eq_bytes.py" name="test_valid_fail_eq_bytes.TestValidFailEqBytes-20200824070552" skipped="0" tests="1" time="0.000" timestamp="2020-08-24T07:05:52">
	<testcase classname="test_valid_fail_eq_bytes.TestValidFailEqBytes" file="spec/python/test_valid_fail_eq_bytes.py" line="9" name="test_valid_fail_eq_bytes" time="0.000" timestamp="2020-08-24T07:05:52">
		<system-out>
<![CDATA[]]>		</system-out>
		<system-err>
<![CDATA[]]>		</system-err>
	</testcase>
</testsuite>
