<?xml version="1.0" encoding="UTF-8"?>
<testsuite name="test_enum_long_range_s.TestEnumLongRangeS-20220210221125" tests="1" file="test_enum_long_range_s.py" time="0.001" timestamp="2022-02-10T22:11:25" failures="0" errors="0" skipped="0">
	<testcase classname="test_enum_long_range_s.TestEnumLongRangeS" name="test_enum_long_range_s" time="0.001" timestamp="2022-02-10T22:11:25" file="spec/python/test_enum_long_range_s.py" line="8"/>
</testsuite>
