<?xml version="1.0" encoding="UTF-8"?>
<testsuite name="test_cast_to_top.TestCastToTop-20230627090127" tests="1" file="test_cast_to_top.py" time="0.001" timestamp="2023-06-27T09:01:27" failures="0" errors="0" skipped="0">
	<testcase classname="test_cast_to_top.TestCastToTop" name="test_cast_to_top" time="0.001" timestamp="2023-06-27T09:01:27" file="spec/python/test_cast_to_top.py" line="8"/>
</testsuite>
