<?xml version="1.0" encoding="UTF-8"?>
<testsuite errors="0" failures="0" name="test_type_ternary.TestTypeTernary-20170721180622" skipped="0" tests="1" time="0.000">
	<testcase classname="test_type_ternary.TestTypeTernary" name="test_type_ternary" time="0.000"/>
	<system-out>
<![CDATA[]]>	</system-out>
	<system-err>
<![CDATA[]]>	</system-err>
</testsuite>
