<?xml version="1.0" encoding="UTF-8"?>
<testsuite errors="0" failures="0" file="test_nav_parent_override.py" name="test_nav_parent_override.TestNavParentOverride-20190418133127" skipped="0" tests="1" time="0.000" timestamp="2019-04-18T13:31:27">
	<testcase classname="test_nav_parent_override.TestNavParentOverride" file="spec/python/test_nav_parent_override.py" line="8" name="test_nav_parent_override" time="0.000" timestamp="2019-04-18T13:31:27">
		<system-out>
<![CDATA[]]>		</system-out>
		<system-err>
<![CDATA[]]>		</system-err>
	</testcase>
</testsuite>
