<?xml version="1.0" encoding="UTF-8"?>
<testsuite errors="0" failures="0" file="test_enum_negative.py" name="test_enum_negative.TestEnumNegative-20191125113639" skipped="0" tests="1" time="0.001" timestamp="2019-11-25T11:36:39">
	<testcase classname="test_enum_negative.TestEnumNegative" file="spec/python/test_enum_negative.py" line="8" name="test_enum_negative" time="0.001" timestamp="2019-11-25T11:36:39">
		<system-out>
<![CDATA[]]>		</system-out>
		<system-err>
<![CDATA[]]>		</system-err>
	</testcase>
</testsuite>
