<?xml version="1.0" encoding="UTF-8"?>
<testsuite errors="0" failures="0" file="test_bits_enum.py" name="test_bits_enum.TestBitsEnum-20190317163014" skipped="0" tests="1" time="0.000" timestamp="2019-03-17T16:30:14">
	<testcase classname="test_bits_enum.TestBitsEnum" file="spec/python/test_bits_enum.py" line="6" name="test_bits_enum" time="0.000" timestamp="2019-03-17T16:30:14"/>
</testsuite>
