<?xml version="1.0" encoding="UTF-8"?>
<testsuite name="test_combine_bool.TestCombineBool-20210701222606" tests="1" file="test_combine_bool.py" time="0.001" timestamp="2021-07-01T22:26:06" failures="0" errors="0" skipped="0">
	<testcase classname="test_combine_bool.TestCombineBool" name="test_combine_bool" time="0.001" timestamp="2021-07-01T22:26:06" file="spec/python/test_combine_bool.py" line="8"/>
</testsuite>
