<?xml version="1.0" encoding="UTF-8"?>
<testsuite errors="0" failures="0" file="test_nested_same_name2.py" name="test_nested_same_name2.TestNestedSameName2-20190317163014" skipped="0" tests="1" time="0.001" timestamp="2019-03-17T16:30:14">
	<testcase classname="test_nested_same_name2.TestNestedSameName2" file="spec/python/test_nested_same_name2.py" line="8" name="test_nested_same_name2" time="0.001" timestamp="2019-03-17T16:30:14"/>
</testsuite>
