<?xml version="1.0" encoding="UTF-8"?>
<testsuite name="test_default_big_endian.TestDefaultBigEndian-20201106111645" tests="1" file="test_default_big_endian.py" time="0.000" timestamp="2020-11-06T11:16:45" failures="0" errors="0" skipped="0">
	<testcase classname="test_default_big_endian.TestDefaultBigEndian" name="test_default_big_endian" time="0.000" timestamp="2020-11-06T11:16:45" file="spec/python/test_default_big_endian.py" line="8"/>
</testsuite>
