<?xml version="1.0" encoding="UTF-8"?>
<testsuite name="test_process_xor_const.TestProcessXorConst-20230705161400" tests="1" file="test_process_xor_const.py" time="0.000" timestamp="2023-07-05T16:14:00" failures="0" errors="0" skipped="0">
	<testcase classname="test_process_xor_const.TestProcessXorConst" name="test_process_xor_const" time="0.000" timestamp="2023-07-05T16:14:00" file="spec/python/test_process_xor_const.py" line="8"/>
</testsuite>
