<?xml version="1.0" encoding="UTF-8"?>
<testsuite name="test_params_pass_usertype.TestParamsPassUsertype-20200530222751" tests="1" file="test_params_pass_usertype.py" time="0.001" timestamp="2020-05-30T22:27:51" failures="0" errors="0" skipped="0">
	<testcase classname="test_params_pass_usertype.TestParamsPassUsertype" name="test_params_pass_usertype" time="0.001" timestamp="2020-05-30T22:27:51" file="spec/python/test_params_pass_usertype.py" line="8">
		<system-out><![CDATA[]]></system-out>
		<system-err><![CDATA[]]></system-err>
	</testcase>
</testsuite>
