<?xml version="1.0" encoding="UTF-8"?>
<testsuite errors="0" failures="0" file="test_debug_switch_user.py" name="test_debug_switch_user.TestDebugSwitchUser-20220210221132" skipped="0" tests="1" time="0.001" timestamp="2022-02-10T22:11:32">
	<testcase classname="test_debug_switch_user.TestDebugSwitchUser" file="spec/python/test_debug_switch_user.py" line="8" name="test_debug_switch_user" time="0.001" timestamp="2022-02-10T22:11:32">
		<system-out>
<![CDATA[]]>		</system-out>
		<system-err>
<![CDATA[]]>		</system-err>
	</testcase>
</testsuite>
