<?xml version="1.0" encoding="UTF-8"?>
<testsuite errors="1" failures="0" file="test_eof_exception_bytes.py" name="test_eof_exception_bytes.TestEofExceptionBytes-20220409014612" skipped="0" tests="1" time="0.000" timestamp="2022-04-09T01:46:12">
	<testcase classname="test_eof_exception_bytes.TestEofExceptionBytes" file="spec/python/test_eof_exception_bytes.py" line="7" name="test_eof_exception_bytes" time="0.000" timestamp="2022-04-09T01:46:12">
		<error message="'TestEofExceptionBytes' object has no attribute 'assertRaisesRegex'" type="AttributeError">
<![CDATA[Traceback (most recent call last):
  File "/home/travis/build/kaitai-io/ci_targets/tests/spec/python/test_eof_exception_bytes.py", line 8, in test_eof_exception_bytes
    with self.assertRaisesRegex(EOFError, "requested \d+ bytes, but only \d+ bytes available"):
AttributeError: 'TestEofExceptionBytes' object has no attribute 'assertRaisesRegex'
]]>		</error>
		<system-out>
<![CDATA[]]>		</system-out>
		<system-err>
<![CDATA[]]>		</system-err>
	</testcase>
</testsuite>
