<?xml version="1.0" encoding="UTF-8"?>
<testsuite errors="0" failures="0" name="test_docstrings_docref.TestDocstringsDocref-20181109111613" skipped="0" tests="1" time="0.000" timestamp="2018-11-09T11:16:13">
	<testcase classname="test_docstrings_docref.TestDocstringsDocref" name="test_docstrings_docref" time="0.000" timestamp="2018-11-09T11:16:13"/>
	<system-out>
<![CDATA[]]>	</system-out>
	<system-err>
<![CDATA[]]>	</system-err>
</testsuite>
