<?xml version="1.0" encoding="UTF-8"?>
<testsuite errors="0" failures="0" name="test_switch_cast.TestSwitchCast-20180716165259" skipped="0" tests="1" time="0.000" timestamp="2018-07-16T16:53:00">
	<testcase classname="test_switch_cast.TestSwitchCast" name="test_switch_cast" time="0.000" timestamp="2018-07-16T16:53:00"/>
	<system-out>
<![CDATA[]]>	</system-out>
	<system-err>
<![CDATA[]]>	</system-err>
</testsuite>
