<?xml version="1.0" encoding="UTF-8"?>
<testsuite name="test_enum_for_unknown_id.TestEnumForUnknownId-20220707230516" tests="1" file="test_enum_for_unknown_id.py" time="0.000" timestamp="2022-07-07T23:05:16" failures="0" errors="0" skipped="0">
	<testcase classname="test_enum_for_unknown_id.TestEnumForUnknownId" name="test_enum_for_unknown_id" time="0.000" timestamp="2022-07-07T23:05:16" file="spec/python/test_enum_for_unknown_id.py" line="8"/>
</testsuite>
