<?xml version="1.0" encoding="UTF-8"?>
<testsuite name="test_eos_exception_u4.TestEosExceptionU4-20220728094509" tests="1" file="test_eos_exception_u4.py" time="0.000" timestamp="2022-07-28T09:45:09" failures="0" errors="0" skipped="0">
	<testcase classname="test_eos_exception_u4.TestEosExceptionU4" name="test_eos_exception_u4" time="0.000" timestamp="2022-07-28T09:45:09" file="spec/python/test_eos_exception_u4.py" line="7"/>
</testsuite>
