<?xml version="1.0" encoding="UTF-8"?>
<testsuite name="test_non_standard.TestNonStandard-20220728094509" tests="1" file="test_non_standard.py" time="0.000" timestamp="2022-07-28T09:45:09" failures="0" errors="0" skipped="0">
	<testcase classname="test_non_standard.TestNonStandard" name="test_non_standard" time="0.000" timestamp="2022-07-28T09:45:09" file="spec/python/test_non_standard.py" line="8"/>
</testsuite>
