<?xml version="1.0" encoding="UTF-8"?>
<testsuite name="test_expr_1.TestExpr1-20220707230516" tests="1" file="test_expr_1.py" time="0.001" timestamp="2022-07-07T23:05:16" failures="0" errors="0" skipped="0">
	<testcase classname="test_expr_1.TestExpr1" name="test_expr_1" time="0.001" timestamp="2022-07-07T23:05:16" file="spec/python/test_expr_1.py" line="8"/>
</testsuite>
