<?xml version="1.0" encoding="UTF-8"?>
<testsuite name="test_str_encodings.TestStrEncodings-20210302195852" tests="1" file="test_str_encodings.py" time="0.002" timestamp="2021-03-02T19:58:52" failures="0" errors="0" skipped="0">
	<testcase classname="test_str_encodings.TestStrEncodings" name="test_str_encodings" time="0.002" timestamp="2021-03-02T19:58:52" file="spec/python/test_str_encodings.py" line="8"/>
</testsuite>
