<?xml version="1.0" encoding="UTF-8"?>
<testsuite errors="0" failures="0" file="test_valid_fail_min_int.py" name="test_valid_fail_min_int.TestValidFailMinInt-20200229093153" skipped="0" tests="1" time="0.000" timestamp="2020-02-29T09:31:54">
	<testcase classname="test_valid_fail_min_int.TestValidFailMinInt" file="spec/python/test_valid_fail_min_int.py" line="9" name="test_valid_fail_min_int" time="0.000" timestamp="2020-02-29T09:31:54">
		<system-out>
<![CDATA[]]>		</system-out>
		<system-err>
<![CDATA[]]>		</system-err>
	</testcase>
</testsuite>
