<?xml version="1.0" encoding="UTF-8"?>
<testsuite errors="0" failures="0" file="test_default_endian_expr_is_be.py" name="test_default_endian_expr_is_be.TestDefaultEndianExprIsBe-20190422024518" skipped="0" tests="1" time="0.001" timestamp="2019-04-22T02:45:18">
	<testcase classname="test_default_endian_expr_is_be.TestDefaultEndianExprIsBe" file="spec/python/test_default_endian_expr_is_be.py" line="8" name="test_default_endian_expr_is_be" time="0.001" timestamp="2019-04-22T02:45:18">
		<system-out>
<![CDATA[]]>		</system-out>
		<system-err>
<![CDATA[]]>		</system-err>
	</testcase>
</testsuite>
