<?xml version="1.0" encoding="UTF-8"?>
<testsuite name="test_expr_sizeof_value_sized.TestExprSizeofValueSized-20230627090127" tests="1" file="test_expr_sizeof_value_sized.py" time="0.001" timestamp="2023-06-27T09:01:27" failures="0" errors="0" skipped="0">
	<testcase classname="test_expr_sizeof_value_sized.TestExprSizeofValueSized" name="test_expr_sizeof_value_sized" time="0.001" timestamp="2023-06-27T09:01:27" file="spec/python/test_expr_sizeof_value_sized.py" line="8"/>
</testsuite>
