<?xml version="1.0" encoding="UTF-8"?>
<testsuite errors="0" failures="0" file="test_ts_packet_header.py" name="test_ts_packet_header.TestTsPacketHeader-20230719152337" skipped="0" tests="1" time="0.000" timestamp="2023-07-19T15:23:37">
	<testcase classname="test_ts_packet_header.TestTsPacketHeader" file="spec/python/test_ts_packet_header.py" line="8" name="test_ts_packet_header" time="0.000" timestamp="2023-07-19T15:23:37">
		<system-out>
<![CDATA[]]>		</system-out>
		<system-err>
<![CDATA[]]>		</system-err>
	</testcase>
</testsuite>
