<?xml version="1.0" encoding="UTF-8"?>
<testsuite errors="0" failures="0" name="test_str_encodings.TestStrEncodings-20181105011510" skipped="0" tests="1" time="1.657" timestamp="2018-11-05T01:15:12">
	<testcase classname="test_str_encodings.TestStrEncodings" name="test_str_encodings" time="1.657" timestamp="2018-11-05T01:15:12"/>
	<system-out>
<![CDATA[]]>	</system-out>
	<system-err>
<![CDATA[]]>	</system-err>
</testsuite>
