<?xml version="1.0" encoding="UTF-8"?>
<testsuite name="test_meta_xref.TestMetaXref-20220205182945" tests="1" file="test_meta_xref.py" time="0.000" timestamp="2022-02-05T18:29:45" failures="0" errors="0" skipped="0">
	<testcase classname="test_meta_xref.TestMetaXref" name="test_meta_xref" time="0.000" timestamp="2022-02-05T18:29:45" file="spec/python/test_meta_xref.py" line="8"/>
</testsuite>
