<?xml version="1.0" encoding="UTF-8"?>
<testsuite name="test_valid_not_parsed_if.TestValidNotParsedIf" tests="1" file="test_valid_not_parsed_if.py" time="0.004" timestamp="2023-08-02T17:41:27" failures="0" errors="0" skipped="0">
	<testcase classname="test_valid_not_parsed_if.TestValidNotParsedIf" name="test_valid_not_parsed_if" time="0.004" timestamp="2023-08-02T17:41:27" file="spec/python/test_valid_not_parsed_if.py" line="8"/>
</testsuite>
