<?xml version="1.0" encoding="UTF-8"?>
<testsuite errors="0" failures="0" file="test_process_coerce_usertype1.py" name="test_process_coerce_usertype1.TestProcessCoerceUsertype1-20190317163014" skipped="0" tests="1" time="0.001" timestamp="2019-03-17T16:30:14">
	<testcase classname="test_process_coerce_usertype1.TestProcessCoerceUsertype1" file="spec/python/test_process_coerce_usertype1.py" line="8" name="test_process_coerce_usertype1" time="0.001" timestamp="2019-03-17T16:30:14"/>
</testsuite>
