<?xml version="1.0" encoding="UTF-8"?>
<testsuite name="test_if_values.TestIfValues-20230714185247" tests="1" file="test_if_values.py" time="0.001" timestamp="2023-07-14T18:52:47" failures="0" errors="0" skipped="0">
	<testcase classname="test_if_values.TestIfValues" name="test_if_values" time="0.001" timestamp="2023-07-14T18:52:47" file="spec/python/test_if_values.py" line="8"/>
</testsuite>
