<?xml version="1.0" encoding="UTF-8"?>
<testsuite errors="0" failures="0" file="test_default_endian_expr_exception.py" name="test_default_endian_expr_exception.TestDefaultEndianExprException-20190427132121" skipped="0" tests="1" time="0.000" timestamp="2019-04-27T13:21:21">
	<testcase classname="test_default_endian_expr_exception.TestDefaultEndianExprException" file="spec/python/test_default_endian_expr_exception.py" line="7" name="test_default_endian_expr_exception" time="0.000" timestamp="2019-04-27T13:21:21">
		<system-out>
<![CDATA[]]>		</system-out>
		<system-err>
<![CDATA[]]>		</system-err>
	</testcase>
</testsuite>
