<?xml version="1.0" encoding="UTF-8"?>
<testsuite name="test_str_encodings_utf16.TestStrEncodingsUtf16-20230706183513" tests="1" file="test_str_encodings_utf16.py" time="0.002" timestamp="2023-07-06T18:35:13" failures="0" errors="0" skipped="0">
	<testcase classname="test_str_encodings_utf16.TestStrEncodingsUtf16" name="test_str_encodings_utf16" time="0.002" timestamp="2023-07-06T18:35:13" file="spec/python/test_str_encodings_utf16.py" line="8"/>
</testsuite>
