<?xml version="1.0" encoding="UTF-8"?>
<testsuite errors="0" failures="0" name="test_enum_fancy.TestEnumFancy-20170720134921" skipped="0" tests="1" time="0.000">
	<testcase classname="test_enum_fancy.TestEnumFancy" name="test_enum_fancy" time="0.000"/>
	<system-out>
<![CDATA[]]>	</system-out>
	<system-err>
<![CDATA[]]>	</system-err>
</testsuite>
