<?xml version="1.0" encoding="UTF-8"?>
<testsuite errors="0" failures="0" file="test_process_repeat_bytes.py" name="test_process_repeat_bytes.TestProcessRepeatBytes-20200726200548" skipped="0" tests="1" time="0.000" timestamp="2020-07-26T20:05:48">
	<testcase classname="test_process_repeat_bytes.TestProcessRepeatBytes" file="spec/python/test_process_repeat_bytes.py" line="8" name="test_process_repeat_bytes" time="0.000" timestamp="2020-07-26T20:05:48">
		<system-out>
<![CDATA[]]>		</system-out>
		<system-err>
<![CDATA[]]>		</system-err>
	</testcase>
</testsuite>
