<?xml version="1.0" encoding="UTF-8"?>
<testsuite name="test_expr_mod.TestExprMod-20220409014641" tests="1" file="test_expr_mod.py" time="0.001" timestamp="2022-04-09T01:46:41" failures="0" errors="0" skipped="0">
	<testcase classname="test_expr_mod.TestExprMod" name="test_expr_mod" time="0.001" timestamp="2022-04-09T01:46:41" file="spec/python/test_expr_mod.py" line="8"/>
</testsuite>
