<?xml version="1.0" encoding="UTF-8"?>
<testsuite errors="0" failures="0" name="test_term_strz.TestTermStrz-20180322224051" skipped="0" tests="1" time="0.000" timestamp="2018-03-22T22:40:51">
	<testcase classname="test_term_strz.TestTermStrz" name="test_term_strz" time="0.000" timestamp="2018-03-22T22:40:51"/>
	<system-out>
<![CDATA[]]>	</system-out>
	<system-err>
<![CDATA[]]>	</system-err>
</testsuite>
