<?xml version="1.0" encoding="UTF-8"?>
<testsuite name="test_enum_long_range_u.TestEnumLongRangeU-20230705161132" tests="1" file="test_enum_long_range_u.py" time="0.000" timestamp="2023-07-05T16:11:32" failures="0" errors="0" skipped="0">
	<testcase classname="test_enum_long_range_u.TestEnumLongRangeU" name="test_enum_long_range_u" time="0.000" timestamp="2023-07-05T16:11:32" file="spec/python/test_enum_long_range_u.py" line="8"/>
</testsuite>
