<?xml version="1.0" encoding="UTF-8"?>
<testsuite name="test_process_coerce_switch.TestProcessCoerceSwitch-20200323085827" tests="1" file="test_process_coerce_switch.py" time="0.001" timestamp="2020-03-23T08:58:27" failures="0" errors="0" skipped="0">
	<testcase classname="test_process_coerce_switch.TestProcessCoerceSwitch" name="test_process_coerce_switch" time="0.001" timestamp="2020-03-23T08:58:27" file="spec/python/test_process_coerce_switch.py" line="8">
		<system-out><![CDATA[]]></system-out>
		<system-err><![CDATA[]]></system-err>
	</testcase>
</testsuite>
