<?xml version="1.0" encoding="UTF-8"?>
<testsuite errors="0" failures="0" name="test_str_encodings.TestStrEncodings-20181021202229" skipped="0" tests="1" time="0.007" timestamp="2018-10-21T20:22:29">
	<testcase classname="test_str_encodings.TestStrEncodings" name="test_str_encodings" time="0.007" timestamp="2018-10-21T20:22:29"/>
	<system-out>
<![CDATA[]]>	</system-out>
	<system-err>
<![CDATA[]]>	</system-err>
</testsuite>
