<?xml version="1.0" encoding="UTF-8"?>
<testsuite name="test_switch_integers.TestSwitchIntegers-20200824070714" tests="1" file="test_switch_integers.py" time="0.001" timestamp="2020-08-24T07:07:14" failures="0" errors="0" skipped="0">
	<testcase classname="test_switch_integers.TestSwitchIntegers" name="test_switch_integers" time="0.001" timestamp="2020-08-24T07:07:14" file="spec/python/test_switch_integers.py" line="8">
		<system-out><![CDATA[]]></system-out>
		<system-err><![CDATA[]]></system-err>
	</testcase>
</testsuite>
