<?xml version="1.0" encoding="UTF-8"?>
<testsuite errors="0" failures="0" file="test_str_pad_term_empty.py" name="test_str_pad_term_empty.TestStrPadTermEmpty-20200214235548" skipped="0" tests="1" time="0.001" timestamp="2020-02-14T23:55:48">
	<testcase classname="test_str_pad_term_empty.TestStrPadTermEmpty" file="spec/python/test_str_pad_term_empty.py" line="8" name="test_str_pad_term_empty" time="0.001" timestamp="2020-02-14T23:55:48">
		<system-out>
<![CDATA[]]>		</system-out>
		<system-err>
<![CDATA[]]>		</system-err>
	</testcase>
</testsuite>
