<?xml version="1.0" encoding="UTF-8"?>
<testsuite name="test_enum_long_range_u.TestEnumLongRangeU-20200323085827" tests="1" file="test_enum_long_range_u.py" time="0.001" timestamp="2020-03-23T08:58:27" failures="0" errors="0" skipped="0">
	<testcase classname="test_enum_long_range_u.TestEnumLongRangeU" name="test_enum_long_range_u" time="0.001" timestamp="2020-03-23T08:58:27" file="spec/python/test_enum_long_range_u.py" line="8">
		<system-out><![CDATA[]]></system-out>
		<system-err><![CDATA[]]></system-err>
	</testcase>
</testsuite>
