<?xml version="1.0" encoding="UTF-8"?>
<testsuite errors="1" failures="0" name="test_instance_std_array.TestInstanceStdArray-20180205014342" skipped="0" tests="1" time="0.001">
	<testcase classname="test_instance_std_array.TestInstanceStdArray" name="test_instance_std_array" time="0.001">
		<error message="I/O operation on closed file" type="ValueError">
<![CDATA[Traceback (most recent call last):
  File "/home/travis/build/kaitai-io/ci_targets/tests/spec/python/test_instance_std_array.py", line 13, in test_instance_std_array
    self.assertEqual(r.entries, [
  File "/home/travis/build/kaitai-io/ci_targets/tests/compiled/python/instance_std_array.py", line 27, in entries
    _pos = self._io.pos()
  File "/home/travis/build/kaitai-io/ci_targets/runtime/python/kaitaistruct.py", line 76, in pos
    return self._io.tell()
ValueError: I/O operation on closed file
]]>		</error>
	</testcase>
	<system-out>
<![CDATA[]]>	</system-out>
	<system-err>
<![CDATA[]]>	</system-err>
</testsuite>
