<?xml version="1.0" encoding="UTF-8"?>
<testsuite errors="0" failures="0" file="test_bits_seq_endian_combo.py" name="test_bits_seq_endian_combo.TestBitsSeqEndianCombo-20200708064747" skipped="0" tests="1" time="0.001" timestamp="2020-07-08T06:47:47">
	<testcase classname="test_bits_seq_endian_combo.TestBitsSeqEndianCombo" file="spec/python/test_bits_seq_endian_combo.py" line="8" name="test_bits_seq_endian_combo" time="0.001" timestamp="2020-07-08T06:47:47">
		<system-out>
<![CDATA[]]>		</system-out>
		<system-err>
<![CDATA[]]>		</system-err>
	</testcase>
</testsuite>
