<?xml version="1.0" encoding="UTF-8"?>
<testsuite name="test_enum_to_i_class_border_1.TestEnumToIClassBorder1-20220318130502" tests="1" file="test_enum_to_i_class_border_1.py" time="0.001" timestamp="2022-03-18T13:05:02" failures="0" errors="0" skipped="0">
	<testcase classname="test_enum_to_i_class_border_1.TestEnumToIClassBorder1" name="test_enum_to_i_class_border_1" time="0.001" timestamp="2022-03-18T13:05:02" file="spec/python/test_enum_to_i_class_border_1.py" line="8"/>
</testsuite>
