<?xml version="1.0" encoding="UTF-8"?>
<testsuite name="test_valid_fail_eq_bytes.TestValidFailEqBytes-20220415203301" tests="1" file="test_valid_fail_eq_bytes.py" time="0.001" timestamp="2022-04-15T20:33:01" failures="0" errors="0" skipped="0">
	<testcase classname="test_valid_fail_eq_bytes.TestValidFailEqBytes" name="test_valid_fail_eq_bytes" time="0.001" timestamp="2022-04-15T20:33:01" file="spec/python/test_valid_fail_eq_bytes.py" line="9"/>
</testsuite>
