<?xml version="1.0" encoding="UTF-8"?>
<testsuite name="test_params_call_short.TestParamsCallShort-20220728001417" tests="1" file="test_params_call_short.py" time="0.001" timestamp="2022-07-28T00:14:17" failures="0" errors="0" skipped="0">
	<testcase classname="test_params_call_short.TestParamsCallShort" name="test_params_call_short" time="0.001" timestamp="2022-07-28T00:14:17" file="spec/python/test_params_call_short.py" line="8"/>
</testsuite>
