<?xml version="1.0" encoding="UTF-8"?>
<testsuite name="test_process_xor4_value.TestProcessXor4Value-20230721160010" tests="1" file="test_process_xor4_value.py" time="0.000" timestamp="2023-07-21T16:00:10" failures="0" errors="0" skipped="0">
	<testcase classname="test_process_xor4_value.TestProcessXor4Value" name="test_process_xor4_value" time="0.000" timestamp="2023-07-21T16:00:10" file="spec/python/test_process_xor4_value.py" line="8"/>
</testsuite>
