<?xml version="1.0" encoding="UTF-8"?>
<testsuite name="test_position_to_end.TestPositionToEnd-20220319214317" tests="1" file="test_position_to_end.py" time="0.001" timestamp="2022-03-19T21:43:17" failures="0" errors="0" skipped="0">
	<testcase classname="test_position_to_end.TestPositionToEnd" name="test_position_to_end" time="0.001" timestamp="2022-03-19T21:43:17" file="spec/python/test_position_to_end.py" line="8"/>
</testsuite>
