<?xml version="1.0" encoding="UTF-8"?>
<testsuite name="test_debug_array_user.TestDebugArrayUser-20230719152410" tests="1" file="test_debug_array_user.py" time="0.001" timestamp="2023-07-19T15:24:10" failures="0" errors="0" skipped="0">
	<testcase classname="test_debug_array_user.TestDebugArrayUser" name="test_debug_array_user" time="0.001" timestamp="2023-07-19T15:24:10" file="spec/python/test_debug_array_user.py" line="6"/>
</testsuite>
