<?xml version="1.0" encoding="UTF-8"?>
<testsuite errors="0" failures="0" name="test_process_xor_const.TestProcessXorConst-20180222013338" skipped="0" tests="1" time="0.000" timestamp="2018-02-22T01:33:38">
	<testcase classname="test_process_xor_const.TestProcessXorConst" name="test_process_xor_const" time="0.000" timestamp="2018-02-22T01:33:38"/>
	<system-out>
<![CDATA[]]>	</system-out>
	<system-err>
<![CDATA[]]>	</system-err>
</testsuite>
