<?xml version="1.0" encoding="UTF-8"?>
<testsuite errors="0" failures="0" file="test_default_endian_expr_is_be.py" name="test_default_endian_expr_is_be.TestDefaultEndianExprIsBe-20190706053457" skipped="0" tests="1" time="0.002" timestamp="2019-07-06T05:34:57">
	<testcase classname="test_default_endian_expr_is_be.TestDefaultEndianExprIsBe" file="spec/python/test_default_endian_expr_is_be.py" line="8" name="test_default_endian_expr_is_be" time="0.002" timestamp="2019-07-06T05:34:57">
		<system-out>
<![CDATA[]]>		</system-out>
		<system-err>
<![CDATA[]]>		</system-err>
	</testcase>
</testsuite>
