<?xml version="1.0" encoding="UTF-8"?>
<testsuite name="test_valid_long.TestValidLong-20230714185247" tests="1" file="test_valid_long.py" time="0.000" timestamp="2023-07-14T18:52:47" failures="0" errors="0" skipped="0">
	<testcase classname="test_valid_long.TestValidLong" name="test_valid_long" time="0.000" timestamp="2023-07-14T18:52:47" file="spec/python/test_valid_long.py" line="8"/>
</testsuite>
