<?xml version="1.0" encoding="UTF-8"?>
<testsuite errors="0" failures="1" file="test_enum_long_range_u.py" name="test_enum_long_range_u.TestEnumLongRangeU-20191221013638" skipped="0" tests="1" time="0.001" timestamp="2019-12-21T01:36:38">
	<testcase classname="test_enum_long_range_u.TestEnumLongRangeU" file="spec/python/test_enum_long_range_u.py" line="8" name="test_enum_long_range_u" time="0.001" timestamp="2019-12-21T01:36:38">
		<failure message="2147483647 != &lt;Constants.int_max: 4294967295&gt;" type="AssertionError">
<![CDATA[Traceback (most recent call last):
  File "/home/travis/build/kaitai-io/ci_targets/tests/spec/python/test_enum_long_range_u.py", line 12, in test_enum_long_range_u
    self.assertEqual(r.f2, EnumLongRangeU.Constants.int_max)
AssertionError: 2147483647 != <Constants.int_max: 4294967295>
]]>		</failure>
		<system-out>
<![CDATA[]]>		</system-out>
		<system-err>
<![CDATA[]]>		</system-err>
	</testcase>
</testsuite>
