<?xml version="1.0" encoding="UTF-8"?>
<testsuite errors="0" failures="0" file="test_params_call_extra_parens.py" name="test_params_call_extra_parens.TestParamsCallExtraParens-20200308203604" skipped="0" tests="1" time="0.001" timestamp="2020-03-08T20:36:04">
	<testcase classname="test_params_call_extra_parens.TestParamsCallExtraParens" file="spec/python/test_params_call_extra_parens.py" line="8" name="test_params_call_extra_parens" time="0.001" timestamp="2020-03-08T20:36:04">
		<system-out>
<![CDATA[]]>		</system-out>
		<system-err>
<![CDATA[]]>		</system-err>
	</testcase>
</testsuite>
