<?xml version="1.0" encoding="UTF-8"?>
<testsuite name="test_bits_signed_b64_le.TestBitsSignedB64Le-20220205182945" tests="1" file="test_bits_signed_b64_le.py" time="0.001" timestamp="2022-02-05T18:29:45" failures="0" errors="0" skipped="0">
	<testcase classname="test_bits_signed_b64_le.TestBitsSignedB64Le" name="test_bits_signed_b64_le" time="0.001" timestamp="2022-02-05T18:29:45" file="spec/python/test_bits_signed_b64_le.py" line="8"/>
</testsuite>
