<?xml version="1.0" encoding="UTF-8"?>
<testsuite errors="0" failures="0" name="test_cast_to_top.TestCastToTop-20190312021452" skipped="0" tests="1" time="0.000" timestamp="2019-03-12T02:14:52">
	<testcase classname="test_cast_to_top.TestCastToTop" name="test_cast_to_top" time="0.000" timestamp="2019-03-12T02:14:52"/>
	<system-out>
<![CDATA[]]>	</system-out>
	<system-err>
<![CDATA[]]>	</system-err>
</testsuite>
