<?xml version="1.0" encoding="UTF-8"?>
<testsuite name="test_eos_exception_u4.TestEosExceptionU4-20230627090127" tests="1" file="test_eos_exception_u4.py" time="0.001" timestamp="2023-06-27T09:01:27" failures="0" errors="0" skipped="0">
	<testcase classname="test_eos_exception_u4.TestEosExceptionU4" name="test_eos_exception_u4" time="0.001" timestamp="2023-06-27T09:01:27" file="spec/python/test_eos_exception_u4.py" line="7"/>
</testsuite>
