<?xml version="1.0" encoding="UTF-8"?>
<testsuite name="test_to_string_custom.TestToStringCustom-20210701222606" tests="1" file="test_to_string_custom.py" time="0.001" timestamp="2021-07-01T22:26:06" failures="0" errors="0" skipped="0">
	<testcase classname="test_to_string_custom.TestToStringCustom" name="test_to_string_custom" time="0.001" timestamp="2021-07-01T22:26:06" file="spec/python/test_to_string_custom.py" line="6"/>
</testsuite>
