<?xml version="1.0" encoding="UTF-8"?>
<testsuite errors="0" failures="0" file="test_str_literals2.py" name="test_str_literals2.TestStrLiterals2-20200416221535" skipped="0" tests="1" time="0.000" timestamp="2020-04-16T22:15:35">
	<testcase classname="test_str_literals2.TestStrLiterals2" file="spec/python/test_str_literals2.py" line="8" name="test_str_literals2" time="0.000" timestamp="2020-04-16T22:15:35">
		<system-out>
<![CDATA[]]>		</system-out>
		<system-err>
<![CDATA[]]>		</system-err>
	</testcase>
</testsuite>
