<?xml version="1.0" encoding="UTF-8"?>
<testsuite name="test_term_u1_val.TestTermU1Val-20211106162901" tests="1" file="test_term_u1_val.py" time="0.001" timestamp="2021-11-06T16:29:01" failures="0" errors="0" skipped="0">
	<testcase classname="test_term_u1_val.TestTermU1Val" name="test_term_u1_val" time="0.001" timestamp="2021-11-06T16:29:01" file="spec/python/test_term_u1_val.py" line="8"/>
</testsuite>
