<?xml version="1.0" encoding="UTF-8"?>
<testsuite name="test_meta_tags.TestMetaTags-20220415203301" tests="1" file="test_meta_tags.py" time="0.000" timestamp="2022-04-15T20:33:01" failures="0" errors="0" skipped="0">
	<testcase classname="test_meta_tags.TestMetaTags" name="test_meta_tags" time="0.000" timestamp="2022-04-15T20:33:01" file="spec/python/test_meta_tags.py" line="8"/>
</testsuite>
