<?xml version="1.0" encoding="UTF-8"?>
<testsuite errors="0" failures="0" name="test_bcd_user_type_le.TestBcdUserTypeLe-20181228161814" skipped="0" tests="1" time="0.001" timestamp="2018-12-28T16:18:14">
	<testcase classname="test_bcd_user_type_le.TestBcdUserTypeLe" name="test_bcd_user_type_le" time="0.001" timestamp="2018-12-28T16:18:14"/>
	<system-out>
<![CDATA[]]>	</system-out>
	<system-err>
<![CDATA[]]>	</system-err>
</testsuite>
