<?xml version="1.0" encoding="UTF-8"?>
<testsuite errors="0" failures="0" file="test_enum_fancy.py" name="test_enum_fancy.TestEnumFancy-20200308203604" skipped="0" tests="1" time="0.000" timestamp="2020-03-08T20:36:04">
	<testcase classname="test_enum_fancy.TestEnumFancy" file="spec/python/test_enum_fancy.py" line="8" name="test_enum_fancy" time="0.000" timestamp="2020-03-08T20:36:04">
		<system-out>
<![CDATA[]]>		</system-out>
		<system-err>
<![CDATA[]]>		</system-err>
	</testcase>
</testsuite>
