<?xml version="1.0" encoding="UTF-8"?>
<testsuite name="test_repeat_until_s4.TestRepeatUntilS4" tests="1" file="test_repeat_until_s4.py" time="0.002" timestamp="2023-08-02T17:41:27" failures="0" errors="0" skipped="0">
	<testcase classname="test_repeat_until_s4.TestRepeatUntilS4" name="test_repeat_until_s4" time="0.002" timestamp="2023-08-02T17:41:27" file="spec/python/test_repeat_until_s4.py" line="8"/>
</testsuite>
