<?xml version="1.0" encoding="UTF-8"?>
<testsuite errors="0" failures="0" file="test_process_coerce_usertype2.py" name="test_process_coerce_usertype2.TestProcessCoerceUsertype2-20200727151537" skipped="0" tests="1" time="0.000" timestamp="2020-07-27T15:15:37">
	<testcase classname="test_process_coerce_usertype2.TestProcessCoerceUsertype2" file="spec/python/test_process_coerce_usertype2.py" line="8" name="test_process_coerce_usertype2" time="0.000" timestamp="2020-07-27T15:15:37">
		<system-out>
<![CDATA[]]>		</system-out>
		<system-err>
<![CDATA[]]>		</system-err>
	</testcase>
</testsuite>
