<?xml version="1.0" encoding="UTF-8"?>
<testsuite name="test_index_to_param_eos.TestIndexToParamEos-20230708211613" tests="1" file="test_index_to_param_eos.py" time="0.001" timestamp="2023-07-08T21:16:13" failures="0" errors="0" skipped="0">
	<testcase classname="test_index_to_param_eos.TestIndexToParamEos" name="test_index_to_param_eos" time="0.001" timestamp="2023-07-08T21:16:13" file="spec/python/test_index_to_param_eos.py" line="8"/>
</testsuite>
