<?xml version="1.0" encoding="UTF-8"?>
<testsuite errors="0" failures="0" file="test_repeat_until_complex.py" name="test_repeat_until_complex.TestRepeatUntilComplex-20190426042758" skipped="0" tests="1" time="0.003" timestamp="2019-04-26T04:27:58">
	<testcase classname="test_repeat_until_complex.TestRepeatUntilComplex" file="spec/python/test_repeat_until_complex.py" line="8" name="test_repeat_until_complex" time="0.003" timestamp="2019-04-26T04:27:58">
		<system-out>
<![CDATA[]]>		</system-out>
		<system-err>
<![CDATA[]]>		</system-err>
	</testcase>
</testsuite>
