<?xml version="1.0" encoding="UTF-8"?>
<testsuite errors="0" failures="0" file="test_to_string_custom.py" name="test_to_string_custom.TestToStringCustom-20200731223416" skipped="0" tests="1" time="0.000" timestamp="2020-07-31T22:34:16">
	<testcase classname="test_to_string_custom.TestToStringCustom" file="spec/python/test_to_string_custom.py" line="6" name="test_to_string_custom" time="0.000" timestamp="2020-07-31T22:34:16">
		<system-out>
<![CDATA[]]>		</system-out>
		<system-err>
<![CDATA[]]>		</system-err>
	</testcase>
</testsuite>
