<?xml version="1.0" encoding="UTF-8"?>
<testsuite name="test_debug_array_user.TestDebugArrayUser-20210403173646" tests="1" file="test_debug_array_user.py" time="0.001" timestamp="2021-04-03T17:36:46" failures="0" errors="0" skipped="0">
	<testcase classname="test_debug_array_user.TestDebugArrayUser" name="test_debug_array_user" time="0.001" timestamp="2021-04-03T17:36:46" file="spec/python/test_debug_array_user.py" line="6"/>
</testsuite>
