<?xml version="1.0" encoding="UTF-8"?>
<testsuite name="test_str_encodings.TestStrEncodings" tests="1" file="test_str_encodings.py" time="0.000" timestamp="2023-07-28T14:35:40" failures="0" errors="0" skipped="0">
	<testcase classname="test_str_encodings.TestStrEncodings" name="test_str_encodings" time="0.000" timestamp="2023-07-28T14:35:40" file="spec/python/test_str_encodings.py" line="8"/>
</testsuite>
