<?xml version="1.0" encoding="UTF-8"?>
<testsuite name="test_type_ternary_opaque.TestTypeTernaryOpaque-20211106194833" tests="1" file="test_type_ternary_opaque.py" time="0.001" timestamp="2021-11-06T19:48:33" failures="0" errors="0" skipped="0">
	<testcase classname="test_type_ternary_opaque.TestTypeTernaryOpaque" name="test_type_ternary_opaque" time="0.001" timestamp="2021-11-06T19:48:33" file="spec/python/test_type_ternary_opaque.py" line="6"/>
</testsuite>
