<?xml version="1.0" encoding="UTF-8"?>
<testsuite name="test_type_ternary_opaque.TestTypeTernaryOpaque-20230719190600" tests="1" file="test_type_ternary_opaque.py" time="0.000" timestamp="2023-07-19T19:06:00" failures="0" errors="0" skipped="0">
	<testcase classname="test_type_ternary_opaque.TestTypeTernaryOpaque" name="test_type_ternary_opaque" time="0.000" timestamp="2023-07-19T19:06:00" file="spec/python/test_type_ternary_opaque.py" line="6"/>
</testsuite>
