<?xml version="1.0" encoding="UTF-8"?>
<testsuite name="test_multiple_use.TestMultipleUse-20230721092937" tests="1" file="test_multiple_use.py" time="0.000" timestamp="2023-07-21T09:29:37" failures="0" errors="0" skipped="0">
	<testcase classname="test_multiple_use.TestMultipleUse" name="test_multiple_use" time="0.000" timestamp="2023-07-21T09:29:37" file="spec/python/test_multiple_use.py" line="8"/>
</testsuite>
