<?xml version="1.0" encoding="UTF-8"?>
<testsuite name="test_hello_world.TestHelloWorld-20200606072704" tests="1" file="test_hello_world.py" time="0.001" timestamp="2020-06-06T07:27:04" failures="0" errors="0" skipped="0">
	<testcase classname="test_hello_world.TestHelloWorld" name="test_hello_world" time="0.001" timestamp="2020-06-06T07:27:04" file="spec/python/test_hello_world.py" line="8">
		<system-out><![CDATA[]]></system-out>
		<system-err><![CDATA[]]></system-err>
	</testcase>
</testsuite>
