<?xml version="1.0" encoding="UTF-8"?>
<testsuite name="test_repeat_eos_u4.TestRepeatEosU4-20230719210256" tests="1" file="test_repeat_eos_u4.py" time="0.001" timestamp="2023-07-19T21:02:56" failures="0" errors="0" skipped="0">
	<testcase classname="test_repeat_eos_u4.TestRepeatEosU4" name="test_repeat_eos_u4" time="0.001" timestamp="2023-07-19T21:02:56" file="spec/python/test_repeat_eos_u4.py" line="8"/>
</testsuite>
