<?xml version="1.0" encoding="UTF-8"?>
<testsuite errors="0" failures="0" file="test_str_encodings.py" name="test_str_encodings.TestStrEncodings-20191007091634" skipped="0" tests="1" time="0.011" timestamp="2019-10-07T09:16:34">
	<testcase classname="test_str_encodings.TestStrEncodings" file="spec/python/test_str_encodings.py" line="8" name="test_str_encodings" time="0.011" timestamp="2019-10-07T09:16:34">
		<system-out>
<![CDATA[]]>		</system-out>
		<system-err>
<![CDATA[]]>		</system-err>
	</testcase>
</testsuite>
