<?xml version="1.0" encoding="UTF-8"?>
<testsuite errors="0" failures="0" file="test_process_custom.py" name="test_process_custom.TestProcessCustom-20220623172906" skipped="0" tests="1" time="0.001" timestamp="2022-06-23T17:29:06">
	<testcase classname="test_process_custom.TestProcessCustom" file="spec/python/test_process_custom.py" line="8" name="test_process_custom" time="0.001" timestamp="2022-06-23T17:29:06">
		<system-out>
<![CDATA[]]>		</system-out>
		<system-err>
<![CDATA[]]>		</system-err>
	</testcase>
</testsuite>
