<?xml version="1.0" encoding="UTF-8"?>
<testsuite errors="0" failures="0" name="test_imports0.TestImports0-20190129074652" skipped="0" tests="1" time="0.000" timestamp="2019-01-29T07:46:52">
	<testcase classname="test_imports0.TestImports0" name="test_imports0" time="0.000" timestamp="2019-01-29T07:46:52"/>
	<system-out>
<![CDATA[]]>	</system-out>
	<system-err>
<![CDATA[]]>	</system-err>
</testsuite>
