<?xml version="1.0" encoding="UTF-8"?>
<testsuite errors="0" failures="0" name="test_switch_cast.TestSwitchCast-20171012131758" skipped="0" tests="1" time="0.000">
	<testcase classname="test_switch_cast.TestSwitchCast" name="test_switch_cast" time="0.000"/>
	<system-out>
<![CDATA[]]>	</system-out>
	<system-err>
<![CDATA[]]>	</system-err>
</testsuite>
