<?xml version="1.0" encoding="UTF-8"?>
<testsuite errors="0" failures="0" name="test_opaque_external_type_02_parent.TestOpaqueExternalType02Parent-20190304160828" skipped="0" tests="1" time="0.000" timestamp="2019-03-04T16:08:28">
	<testcase classname="test_opaque_external_type_02_parent.TestOpaqueExternalType02Parent" name="test_opaque_external_type_02_parent" time="0.000" timestamp="2019-03-04T16:08:28"/>
	<system-out>
<![CDATA[]]>	</system-out>
	<system-err>
<![CDATA[]]>	</system-err>
</testsuite>
