<?xml version="1.0" encoding="UTF-8"?>
<testsuite name="test_bits_byte_aligned.TestBitsByteAligned-20220728094509" tests="1" file="test_bits_byte_aligned.py" time="0.001" timestamp="2022-07-28T09:45:09" failures="0" errors="0" skipped="0">
	<testcase classname="test_bits_byte_aligned.TestBitsByteAligned" name="test_bits_byte_aligned" time="0.001" timestamp="2022-07-28T09:45:09" file="spec/python/test_bits_byte_aligned.py" line="8"/>
</testsuite>
