<?xml version="1.0" encoding="UTF-8"?>
<testsuite errors="0" failures="0" file="test_switch_manual_int_else.py" name="test_switch_manual_int_else.TestSwitchManualIntElse-20200410094323" skipped="0" tests="1" time="0.001" timestamp="2020-04-10T09:43:24">
	<testcase classname="test_switch_manual_int_else.TestSwitchManualIntElse" file="spec/python/test_switch_manual_int_else.py" line="8" name="test_switch_manual_int_else" time="0.001" timestamp="2020-04-10T09:43:24">
		<system-out>
<![CDATA[]]>		</system-out>
		<system-err>
<![CDATA[]]>		</system-err>
	</testcase>
</testsuite>
