<?xml version="1.0" encoding="UTF-8"?>
<testsuite name="test_integers_min_max.TestIntegersMinMax" tests="1" file="test_integers_min_max.py" time="0.003" timestamp="2023-07-27T22:37:20" failures="0" errors="0" skipped="0">
	<testcase classname="test_integers_min_max.TestIntegersMinMax" name="test_integers_min_max" time="0.003" timestamp="2023-07-27T22:37:20" file="spec/python/test_integers_min_max.py" line="8"/>
</testsuite>
