<?xml version="1.0" encoding="UTF-8"?>
<testsuite name="test_debug_switch_user.TestDebugSwitchUser-20210206143550" tests="1" file="test_debug_switch_user.py" time="0.001" timestamp="2021-02-06T14:35:50" failures="0" errors="0" skipped="0">
	<testcase classname="test_debug_switch_user.TestDebugSwitchUser" name="test_debug_switch_user" time="0.001" timestamp="2021-02-06T14:35:50" file="spec/python/test_debug_switch_user.py" line="8"/>
</testsuite>
