<?xml version="1.0" encoding="UTF-8"?>
<testsuite errors="0" failures="0" name="test_js_signed_right_shift.TestJsSignedRightShift-20181222020015" skipped="0" tests="1" time="0.000" timestamp="2018-12-22T02:00:15">
	<testcase classname="test_js_signed_right_shift.TestJsSignedRightShift" name="test_js_signed_right_shift" time="0.000" timestamp="2018-12-22T02:00:15"/>
	<system-out>
<![CDATA[]]>	</system-out>
	<system-err>
<![CDATA[]]>	</system-err>
</testsuite>
