<?xml version="1.0" encoding="UTF-8"?>
<testsuite errors="0" failures="0" file="test_switch_integers.py" name="test_switch_integers.TestSwitchIntegers-20191007063638" skipped="0" tests="1" time="0.002" timestamp="2019-10-07T06:36:39">
	<testcase classname="test_switch_integers.TestSwitchIntegers" file="spec/python/test_switch_integers.py" line="8" name="test_switch_integers" time="0.002" timestamp="2019-10-07T06:36:39">
		<system-out>
<![CDATA[]]>		</system-out>
		<system-err>
<![CDATA[]]>		</system-err>
	</testcase>
</testsuite>
