<?xml version="1.0" encoding="UTF-8"?>
<testsuite errors="0" failures="0" file="test_expr_io_pos.py" name="test_expr_io_pos.TestExprIoPos-20191007045858" skipped="0" tests="1" time="0.001" timestamp="2019-10-07T04:58:58">
	<testcase classname="test_expr_io_pos.TestExprIoPos" file="spec/python/test_expr_io_pos.py" line="8" name="test_expr_io_pos" time="0.001" timestamp="2019-10-07T04:58:58">
		<system-out>
<![CDATA[]]>		</system-out>
		<system-err>
<![CDATA[]]>		</system-err>
	</testcase>
</testsuite>
