<?xml version="1.0" encoding="UTF-8"?>
<testsuite name="test_combine_str.TestCombineStr-20220319214317" tests="1" file="test_combine_str.py" time="0.001" timestamp="2022-03-19T21:43:17" failures="0" errors="0" skipped="0">
	<testcase classname="test_combine_str.TestCombineStr" name="test_combine_str" time="0.001" timestamp="2022-03-19T21:43:17" file="spec/python/test_combine_str.py" line="8"/>
</testsuite>
