<?xml version="1.0" encoding="UTF-8"?>
<testsuite name="test_opaque_with_param.TestOpaqueWithParam-20201106111645" tests="1" file="test_opaque_with_param.py" time="0.001" timestamp="2020-11-06T11:16:45" failures="0" errors="0" skipped="0">
	<testcase classname="test_opaque_with_param.TestOpaqueWithParam" name="test_opaque_with_param" time="0.001" timestamp="2020-11-06T11:16:45" file="spec/python/test_opaque_with_param.py" line="6"/>
</testsuite>
