<?xml version="1.0" encoding="UTF-8"?>
<testsuite errors="0" failures="0" file="test_imports0.py" name="test_imports0.TestImports0-20190426000147" skipped="0" tests="1" time="0.001" timestamp="2019-04-26T00:01:47">
	<testcase classname="test_imports0.TestImports0" file="spec/python/test_imports0.py" line="6" name="test_imports0" time="0.001" timestamp="2019-04-26T00:01:47">
		<system-out>
<![CDATA[]]>		</system-out>
		<system-err>
<![CDATA[]]>		</system-err>
	</testcase>
</testsuite>
