<?xml version="1.0" encoding="UTF-8"?>
<testsuite errors="0" failures="0" name="test_str_encodings.TestStrEncodings-20190125221828" skipped="0" tests="1" time="0.009" timestamp="2019-01-25T22:18:28">
	<testcase classname="test_str_encodings.TestStrEncodings" name="test_str_encodings" time="0.009" timestamp="2019-01-25T22:18:28"/>
	<system-out>
<![CDATA[]]>	</system-out>
	<system-err>
<![CDATA[]]>	</system-err>
</testsuite>
