<?xml version="1.0" encoding="UTF-8"?>
<testsuite errors="0" failures="0" file="test_params_enum.py" name="test_params_enum.TestParamsEnum-20191124132229" skipped="0" tests="1" time="0.001" timestamp="2019-11-24T13:22:29">
	<testcase classname="test_params_enum.TestParamsEnum" file="spec/python/test_params_enum.py" line="8" name="test_params_enum" time="0.001" timestamp="2019-11-24T13:22:29">
		<system-out>
<![CDATA[]]>		</system-out>
		<system-err>
<![CDATA[]]>		</system-err>
	</testcase>
</testsuite>
