<?xml version="1.0" encoding="UTF-8"?>
<testsuite errors="0" failures="0" name="test_process_rotate.TestProcessRotate-20190312022218" skipped="0" tests="1" time="0.000" timestamp="2019-03-12T02:22:18">
	<testcase classname="test_process_rotate.TestProcessRotate" name="test_process_rotate" time="0.000" timestamp="2019-03-12T02:22:18"/>
	<system-out>
<![CDATA[]]>	</system-out>
	<system-err>
<![CDATA[]]>	</system-err>
</testsuite>
