<?xml version="1.0" encoding="UTF-8"?>
<testsuite name="test_combine_enum.TestCombineEnum-20211106194833" tests="1" file="test_combine_enum.py" time="0.001" timestamp="2021-11-06T19:48:33" failures="0" errors="0" skipped="0">
	<testcase classname="test_combine_enum.TestCombineEnum" name="test_combine_enum" time="0.001" timestamp="2021-11-06T19:48:33" file="spec/python/test_combine_enum.py" line="8"/>
</testsuite>
