<?xml version="1.0" encoding="UTF-8"?>
<testsuite errors="0" failures="0" file="test_process_repeat_usertype.py" name="test_process_repeat_usertype.TestProcessRepeatUsertype-20220623173009" skipped="0" tests="1" time="0.001" timestamp="2022-06-23T17:30:09">
	<testcase classname="test_process_repeat_usertype.TestProcessRepeatUsertype" file="spec/python/test_process_repeat_usertype.py" line="8" name="test_process_repeat_usertype" time="0.001" timestamp="2022-06-23T17:30:09">
		<system-out>
<![CDATA[]]>		</system-out>
		<system-err>
<![CDATA[]]>		</system-err>
	</testcase>
</testsuite>
