<?xml version="1.0" encoding="UTF-8"?>
<testsuite name="test_enum_to_i.TestEnumToI-20230719152410" tests="1" file="test_enum_to_i.py" time="0.001" timestamp="2023-07-19T15:24:10" failures="0" errors="0" skipped="0">
	<testcase classname="test_enum_to_i.TestEnumToI" name="test_enum_to_i" time="0.001" timestamp="2023-07-19T15:24:10" file="spec/python/test_enum_to_i.py" line="8"/>
</testsuite>
