<?xml version="1.0" encoding="UTF-8"?>
<testsuite errors="0" failures="0" name="test_enum_of_value_inst.TestEnumOfValueInst-20180406070628" skipped="0" tests="1" time="0.000" timestamp="2018-04-06T07:06:28">
	<testcase classname="test_enum_of_value_inst.TestEnumOfValueInst" name="test_enum_of_value_inst" time="0.000" timestamp="2018-04-06T07:06:28"/>
	<system-out>
<![CDATA[]]>	</system-out>
	<system-err>
<![CDATA[]]>	</system-err>
</testsuite>
