<?xml version="1.0" encoding="UTF-8"?>
<testsuite name="test_docstrings_docref_multi.TestDocstringsDocrefMulti-20211106194833" tests="1" file="test_docstrings_docref_multi.py" time="0.000" timestamp="2021-11-06T19:48:33" failures="0" errors="0" skipped="0">
	<testcase classname="test_docstrings_docref_multi.TestDocstringsDocrefMulti" name="test_docstrings_docref_multi" time="0.000" timestamp="2021-11-06T19:48:33" file="spec/python/test_docstrings_docref_multi.py" line="8"/>
</testsuite>
