<?xml version="1.0" encoding="UTF-8"?>
<testsuite name="test_nested_type_param.TestNestedTypeParam-20230706183513" tests="1" file="test_nested_type_param.py" time="0.000" timestamp="2023-07-06T18:35:13" failures="0" errors="0" skipped="0">
	<testcase classname="test_nested_type_param.TestNestedTypeParam" name="test_nested_type_param" time="0.000" timestamp="2023-07-06T18:35:13" file="spec/python/test_nested_type_param.py" line="8"/>
</testsuite>
