<?xml version="1.0" encoding="UTF-8"?>
<testsuite name="test_valid_short.TestValidShort" tests="1" file="test_valid_short.py" time="0.000" timestamp="2023-07-28T14:35:40" failures="0" errors="0" skipped="0">
	<testcase classname="test_valid_short.TestValidShort" name="test_valid_short" time="0.000" timestamp="2023-07-28T14:35:40" file="spec/python/test_valid_short.py" line="8"/>
</testsuite>
