<?xml version="1.0" encoding="UTF-8"?>
<testsuite name="test_process_repeat_bytes.TestProcessRepeatBytes-20230706183513" tests="1" file="test_process_repeat_bytes.py" time="0.000" timestamp="2023-07-06T18:35:13" failures="0" errors="0" skipped="0">
	<testcase classname="test_process_repeat_bytes.TestProcessRepeatBytes" name="test_process_repeat_bytes" time="0.000" timestamp="2023-07-06T18:35:13" file="spec/python/test_process_repeat_bytes.py" line="8"/>
</testsuite>
