<?xml version="1.0" encoding="UTF-8"?>
<testsuite errors="0" failures="0" name="test_expr_0.TestExpr0-20170823054836" skipped="0" tests="1" time="0.000">
	<testcase classname="test_expr_0.TestExpr0" name="test_expr_0" time="0.000"/>
	<system-out>
<![CDATA[]]>	</system-out>
	<system-err>
<![CDATA[]]>	</system-err>
</testsuite>
