<?xml version="1.0" encoding="UTF-8"?>
<testsuite errors="0" failures="0" file="test_expr_2.py" name="test_expr_2.TestExpr2-20190319025525" skipped="0" tests="1" time="0.002" timestamp="2019-03-19T02:55:25">
	<testcase classname="test_expr_2.TestExpr2" file="spec/python/test_expr_2.py" line="8" name="test_expr_2" time="0.002" timestamp="2019-03-19T02:55:25"/>
</testsuite>
