<?xml version="1.0" encoding="UTF-8"?>
<testsuite errors="0" failures="0" file="test_switch_manual_int_size_eos.py" name="test_switch_manual_int_size_eos.TestSwitchManualIntSizeEos-20200130224536" skipped="0" tests="1" time="0.002" timestamp="2020-01-30T22:45:36">
	<testcase classname="test_switch_manual_int_size_eos.TestSwitchManualIntSizeEos" file="spec/python/test_switch_manual_int_size_eos.py" line="6" name="test_switch_manual_int_size_eos" time="0.002" timestamp="2020-01-30T22:45:36">
		<system-out>
<![CDATA[]]>		</system-out>
		<system-err>
<![CDATA[]]>		</system-err>
	</testcase>
</testsuite>
