<?xml version="1.0" encoding="UTF-8"?>
<testsuite errors="0" failures="0" file="test_str_encodings_default.py" name="test_str_encodings_default.TestStrEncodingsDefault-20190318121737" skipped="0" tests="1" time="0.009" timestamp="2019-03-18T12:17:37">
	<testcase classname="test_str_encodings_default.TestStrEncodingsDefault" file="spec/python/test_str_encodings_default.py" line="8" name="test_str_encodings_default" time="0.009" timestamp="2019-03-18T12:17:37"/>
</testsuite>
