<?xml version="1.0" encoding="UTF-8"?>
<testsuite name="test_expr_sizeof_type_0.TestExprSizeofType0-20200310101615" tests="1" file="test_expr_sizeof_type_0.py" time="0.001" timestamp="2020-03-10T10:16:15" failures="0" errors="0" skipped="0">
	<testcase classname="test_expr_sizeof_type_0.TestExprSizeofType0" name="test_expr_sizeof_type_0" time="0.001" timestamp="2020-03-10T10:16:15" file="spec/python/test_expr_sizeof_type_0.py" line="8">
		<system-out><![CDATA[]]></system-out>
		<system-err><![CDATA[]]></system-err>
	</testcase>
</testsuite>
