<?xml version="1.0" encoding="UTF-8"?>
<testsuite errors="0" failures="0" file="test_str_pad_term_empty.py" name="test_str_pad_term_empty.TestStrPadTermEmpty-20190317163105" skipped="0" tests="1" time="0.001" timestamp="2019-03-17T16:31:05">
	<testcase classname="test_str_pad_term_empty.TestStrPadTermEmpty" file="spec/python/test_str_pad_term_empty.py" line="8" name="test_str_pad_term_empty" time="0.001" timestamp="2019-03-17T16:31:05"/>
</testsuite>
