<?xml version="1.0" encoding="UTF-8"?>
<testsuite name="test_valid_fail_inst.TestValidFailInst-20220210221125" tests="1" file="test_valid_fail_inst.py" time="0.001" timestamp="2022-02-10T22:11:25" failures="0" errors="0" skipped="0">
	<testcase classname="test_valid_fail_inst.TestValidFailInst" name="test_valid_fail_inst" time="0.001" timestamp="2022-02-10T22:11:25" file="spec/python/test_valid_fail_inst.py" line="9"/>
</testsuite>
