<?xml version="1.0" encoding="UTF-8"?>
<testsuite errors="0" failures="0" name="test_nav_parent_vs_value_inst.TestNavParentVsValueInst-20180812104215" skipped="0" tests="1" time="0.000" timestamp="2018-08-12T10:42:15">
	<testcase classname="test_nav_parent_vs_value_inst.TestNavParentVsValueInst" name="test_nav_parent_vs_value_inst" time="0.000" timestamp="2018-08-12T10:42:15"/>
	<system-out>
<![CDATA[]]>	</system-out>
	<system-err>
<![CDATA[]]>	</system-err>
</testsuite>
