<?xml version="1.0" encoding="UTF-8"?>
<testsuite name="test_process_xor_const.TestProcessXorConst-20230721073730" tests="1" file="test_process_xor_const.py" time="0.000" timestamp="2023-07-21T07:37:30" failures="0" errors="0" skipped="0">
	<testcase classname="test_process_xor_const.TestProcessXorConst" name="test_process_xor_const" time="0.000" timestamp="2023-07-21T07:37:30" file="spec/python/test_process_xor_const.py" line="8"/>
</testsuite>
