<?xml version="1.0" encoding="UTF-8"?>
<testsuite errors="0" failures="0" file="test_imports_circular_a.py" name="test_imports_circular_a.TestImportsCircularA-20200222155021" skipped="0" tests="1" time="0.000" timestamp="2020-02-22T15:50:21">
	<testcase classname="test_imports_circular_a.TestImportsCircularA" file="spec/python/test_imports_circular_a.py" line="6" name="test_imports_circular_a" time="0.000" timestamp="2020-02-22T15:50:21">
		<system-out>
<![CDATA[]]>		</system-out>
		<system-err>
<![CDATA[]]>		</system-err>
	</testcase>
</testsuite>
