<?xml version="1.0" encoding="UTF-8"?>
<testsuite errors="0" failures="0" file="test_switch_manual_enum.py" name="test_switch_manual_enum.TestSwitchManualEnum-20200415032609" skipped="0" tests="1" time="0.001" timestamp="2020-04-15T03:26:09">
	<testcase classname="test_switch_manual_enum.TestSwitchManualEnum" file="spec/python/test_switch_manual_enum.py" line="8" name="test_switch_manual_enum" time="0.001" timestamp="2020-04-15T03:26:09">
		<system-out>
<![CDATA[]]>		</system-out>
		<system-err>
<![CDATA[]]>		</system-err>
	</testcase>
</testsuite>
