<?xml version="1.0" encoding="UTF-8"?>
<testsuite name="test_enum_fancy.TestEnumFancy-20230705112218" tests="1" file="test_enum_fancy.py" time="0.000" timestamp="2023-07-05T11:22:18" failures="0" errors="0" skipped="0">
	<testcase classname="test_enum_fancy.TestEnumFancy" name="test_enum_fancy" time="0.000" timestamp="2023-07-05T11:22:18" file="spec/python/test_enum_fancy.py" line="8"/>
</testsuite>
