<?xml version="1.0" encoding="UTF-8"?>
<testsuite name="test_zlib_with_header_78.TestZlibWithHeader78-20230627085638" tests="1" file="test_zlib_with_header_78.py" time="0.000" timestamp="2023-06-27T08:56:38" failures="0" errors="0" skipped="0">
	<testcase classname="test_zlib_with_header_78.TestZlibWithHeader78" name="test_zlib_with_header_78" time="0.000" timestamp="2023-06-27T08:56:38" file="spec/python/test_zlib_with_header_78.py" line="8"/>
</testsuite>
