<?xml version="1.0" encoding="UTF-8"?>
<testsuite errors="0" failures="0" file="test_nested_types3.py" name="test_nested_types3.TestNestedTypes3-20230719210254" skipped="0" tests="1" time="0.000" timestamp="2023-07-19T21:02:54">
	<testcase classname="test_nested_types3.TestNestedTypes3" file="spec/python/test_nested_types3.py" line="8" name="test_nested_types3" time="0.000" timestamp="2023-07-19T21:02:54">
		<system-out>
<![CDATA[]]>		</system-out>
		<system-err>
<![CDATA[]]>		</system-err>
	</testcase>
</testsuite>
