<?xml version="1.0" encoding="UTF-8"?>
<testsuite errors="0" failures="0" file="test_expr_bits.py" name="test_expr_bits.TestExprBits-20210302195806" skipped="0" tests="1" time="0.001" timestamp="2021-03-02T19:58:07">
	<testcase classname="test_expr_bits.TestExprBits" file="spec/python/test_expr_bits.py" line="8" name="test_expr_bits" time="0.001" timestamp="2021-03-02T19:58:07">
		<system-out>
<![CDATA[]]>		</system-out>
		<system-err>
<![CDATA[]]>		</system-err>
	</testcase>
</testsuite>
