<?xml version="1.0" encoding="UTF-8"?>
<testsuite errors="0" failures="0" file="test_zlib_with_header_78.py" name="test_zlib_with_header_78.TestZlibWithHeader78-20200112092954" skipped="0" tests="1" time="0.000" timestamp="2020-01-12T09:29:54">
	<testcase classname="test_zlib_with_header_78.TestZlibWithHeader78" file="spec/python/test_zlib_with_header_78.py" line="8" name="test_zlib_with_header_78" time="0.000" timestamp="2020-01-12T09:29:54">
		<system-out>
<![CDATA[]]>		</system-out>
		<system-err>
<![CDATA[]]>		</system-err>
	</testcase>
</testsuite>
