<?xml version="1.0" encoding="UTF-8"?>
<testsuite errors="1" failures="0" file="test_eos_exception_u4.py" name="test_eos_exception_u4.TestEosExceptionU4-20220409014612" skipped="0" tests="1" time="0.000" timestamp="2022-04-09T01:46:12">
	<testcase classname="test_eos_exception_u4.TestEosExceptionU4" file="spec/python/test_eos_exception_u4.py" line="7" name="test_eos_exception_u4" time="0.000" timestamp="2022-04-09T01:46:12">
		<error message="'TestEosExceptionU4' object has no attribute 'assertRaisesRegex'" type="AttributeError">
<![CDATA[Traceback (most recent call last):
  File "/home/travis/build/kaitai-io/ci_targets/tests/spec/python/test_eos_exception_u4.py", line 8, in test_eos_exception_u4
    with self.assertRaisesRegex(EOFError, "requested \d+ bytes, but only \d+ bytes available"):
AttributeError: 'TestEosExceptionU4' object has no attribute 'assertRaisesRegex'
]]>		</error>
		<system-out>
<![CDATA[]]>		</system-out>
		<system-err>
<![CDATA[]]>		</system-err>
	</testcase>
</testsuite>
