<?xml version="1.0" encoding="UTF-8"?>
<testsuite name="test_repeat_n_strz_double.TestRepeatNStrzDouble-20220318130502" tests="1" file="test_repeat_n_strz_double.py" time="0.001" timestamp="2022-03-18T13:05:02" failures="0" errors="0" skipped="0">
	<testcase classname="test_repeat_n_strz_double.TestRepeatNStrzDouble" name="test_repeat_n_strz_double" time="0.001" timestamp="2022-03-18T13:05:02" file="spec/python/test_repeat_n_strz_double.py" line="8"/>
</testsuite>
