<?xml version="1.0" encoding="UTF-8"?>
<testsuite name="test_repeat_n_strz.TestRepeatNStrz-20220728094509" tests="1" file="test_repeat_n_strz.py" time="0.000" timestamp="2022-07-28T09:45:09" failures="0" errors="0" skipped="0">
	<testcase classname="test_repeat_n_strz.TestRepeatNStrz" name="test_repeat_n_strz" time="0.000" timestamp="2022-07-28T09:45:09" file="spec/python/test_repeat_n_strz.py" line="8"/>
</testsuite>
