<?xml version="1.0" encoding="UTF-8"?>
<testsuite errors="0" failures="0" file="test_expr_bytes_cmp.py" name="test_expr_bytes_cmp.TestExprBytesCmp-20190915130357" skipped="0" tests="1" time="0.001" timestamp="2019-09-15T13:03:57">
	<testcase classname="test_expr_bytes_cmp.TestExprBytesCmp" file="spec/python/test_expr_bytes_cmp.py" line="8" name="test_expr_bytes_cmp" time="0.001" timestamp="2019-09-15T13:03:57">
		<system-out>
<![CDATA[]]>		</system-out>
		<system-err>
<![CDATA[]]>		</system-err>
	</testcase>
</testsuite>
