<?xml version="1.0" encoding="UTF-8"?>
<testsuite name="test_imports_rel_1.TestImportsRel1-20210302195852" tests="1" file="test_imports_rel_1.py" time="0.001" timestamp="2021-03-02T19:58:52" failures="0" errors="0" skipped="0">
	<testcase classname="test_imports_rel_1.TestImportsRel1" name="test_imports_rel_1" time="0.001" timestamp="2021-03-02T19:58:52" file="spec/python/test_imports_rel_1.py" line="8"/>
</testsuite>
