<?xml version="1.0" encoding="UTF-8"?>
<testsuite name="test_process_repeat_usertype.TestProcessRepeatUsertype-20210206143550" tests="1" file="test_process_repeat_usertype.py" time="0.001" timestamp="2021-02-06T14:35:50" failures="0" errors="0" skipped="0">
	<testcase classname="test_process_repeat_usertype.TestProcessRepeatUsertype" name="test_process_repeat_usertype" time="0.001" timestamp="2021-02-06T14:35:50" file="spec/python/test_process_repeat_usertype.py" line="8"/>
</testsuite>
