<?xml version="1.0" encoding="UTF-8"?>
<testsuite errors="0" failures="0" name="test_switch_manual_int_else.TestSwitchManualIntElse-20170805073228" skipped="0" tests="1" time="0.000">
	<testcase classname="test_switch_manual_int_else.TestSwitchManualIntElse" name="test_switch_manual_int_else" time="0.000"/>
	<system-out>
<![CDATA[]]>	</system-out>
	<system-err>
<![CDATA[]]>	</system-err>
</testsuite>
