<?xml version="1.0" encoding="UTF-8"?>
<testsuite errors="0" failures="0" name="test_repeat_until_complex.TestRepeatUntilComplex-20180902103402" skipped="0" tests="1" time="0.001" timestamp="2018-09-02T10:34:02">
	<testcase classname="test_repeat_until_complex.TestRepeatUntilComplex" name="test_repeat_until_complex" time="0.001" timestamp="2018-09-02T10:34:02"/>
	<system-out>
<![CDATA[]]>	</system-out>
	<system-err>
<![CDATA[]]>	</system-err>
</testsuite>
