<?xml version="1.0" encoding="UTF-8"?>
<testsuite errors="0" failures="0" name="test_enum_negative.TestEnumNegative-20190311162329" skipped="0" tests="1" time="0.000" timestamp="2019-03-11T16:23:29">
	<testcase classname="test_enum_negative.TestEnumNegative" name="test_enum_negative" time="0.000" timestamp="2019-03-11T16:23:29"/>
	<system-out>
<![CDATA[]]>	</system-out>
	<system-err>
<![CDATA[]]>	</system-err>
</testsuite>
