<?xml version="1.0" encoding="UTF-8"?>
<testsuite name="test_params_enum.TestParamsEnum-20200308213552" tests="1" file="test_params_enum.py" time="0.001" timestamp="2020-03-08T21:35:52" failures="0" errors="0" skipped="0">
	<testcase classname="test_params_enum.TestParamsEnum" name="test_params_enum" time="0.001" timestamp="2020-03-08T21:35:52" file="spec/python/test_params_enum.py" line="8">
		<system-out><![CDATA[]]></system-out>
		<system-err><![CDATA[]]></system-err>
	</testcase>
</testsuite>
