<?xml version="1.0" encoding="UTF-8"?>
<testsuite errors="0" failures="0" file="test_floating_points.py" name="test_floating_points.TestFloatingPoints-20190318121740" skipped="0" tests="1" time="0.001" timestamp="2019-03-18T12:17:40">
	<testcase classname="test_floating_points.TestFloatingPoints" file="spec/python/test_floating_points.py" line="6" name="test_floating_points" time="0.001" timestamp="2019-03-18T12:17:40"/>
</testsuite>
