<?xml version="1.0" encoding="UTF-8"?>
<testsuite errors="0" failures="0" file="test_position_in_seq.py" name="test_position_in_seq.TestPositionInSeq-20190317163014" skipped="0" tests="1" time="0.000" timestamp="2019-03-17T16:30:14">
	<testcase classname="test_position_in_seq.TestPositionInSeq" file="spec/python/test_position_in_seq.py" line="8" name="test_position_in_seq" time="0.000" timestamp="2019-03-17T16:30:14"/>
</testsuite>
