<?xml version="1.0" encoding="UTF-8"?>
<testsuite errors="0" failures="0" file="test_debug_0.py" name="test_debug_0.TestDebug0-20190320081931" skipped="0" tests="1" time="0.001" timestamp="2019-03-20T08:19:31">
	<testcase classname="test_debug_0.TestDebug0" file="spec/python/test_debug_0.py" line="6" name="test_debug_0" time="0.001" timestamp="2019-03-20T08:19:31"/>
</testsuite>
