<?xml version="1.0" encoding="UTF-8"?>
<testsuite name="test_position_abs.TestPositionAbs-20220617122750" tests="1" file="test_position_abs.py" time="0.000" timestamp="2022-06-17T12:27:50" failures="0" errors="0" skipped="0">
	<testcase classname="test_position_abs.TestPositionAbs" name="test_position_abs" time="0.000" timestamp="2022-06-17T12:27:50" file="spec/python/test_position_abs.py" line="8"/>
</testsuite>
