<?xml version="1.0" encoding="UTF-8"?>
<testsuite errors="0" failures="0" file="test_recursive_one.py" name="test_recursive_one.TestRecursiveOne-20230714185244" skipped="0" tests="1" time="0.001" timestamp="2023-07-14T18:52:45">
	<testcase classname="test_recursive_one.TestRecursiveOne" file="spec/python/test_recursive_one.py" line="8" name="test_recursive_one" time="0.001" timestamp="2023-07-14T18:52:45">
		<system-out>
<![CDATA[]]>		</system-out>
		<system-err>
<![CDATA[]]>		</system-err>
	</testcase>
</testsuite>
