<?xml version="1.0" encoding="UTF-8"?>
<testsuite name="test_nested_type_param.TestNestedTypeParam-20230719210256" tests="1" file="test_nested_type_param.py" time="0.001" timestamp="2023-07-19T21:02:56" failures="0" errors="0" skipped="0">
	<testcase classname="test_nested_type_param.TestNestedTypeParam" name="test_nested_type_param" time="0.001" timestamp="2023-07-19T21:02:56" file="spec/python/test_nested_type_param.py" line="8"/>
</testsuite>
