<?xml version="1.0" encoding="UTF-8"?>
<testsuite errors="0" failures="0" file="test_type_ternary_opaque.py" name="test_type_ternary_opaque.TestTypeTernaryOpaque-20191007063638" skipped="0" tests="1" time="0.001" timestamp="2019-10-07T06:36:39">
	<testcase classname="test_type_ternary_opaque.TestTypeTernaryOpaque" file="spec/python/test_type_ternary_opaque.py" line="6" name="test_type_ternary_opaque" time="0.001" timestamp="2019-10-07T06:36:39">
		<system-out>
<![CDATA[]]>		</system-out>
		<system-err>
<![CDATA[]]>		</system-err>
	</testcase>
</testsuite>
