<?xml version="1.0" encoding="UTF-8"?>
<testsuite name="test_type_ternary.TestTypeTernary-20211106194833" tests="1" file="test_type_ternary.py" time="0.000" timestamp="2021-11-06T19:48:33" failures="0" errors="0" skipped="0">
	<testcase classname="test_type_ternary.TestTypeTernary" name="test_type_ternary" time="0.000" timestamp="2021-11-06T19:48:33" file="spec/python/test_type_ternary.py" line="8"/>
</testsuite>
