<?xml version="1.0" encoding="UTF-8"?>
<testsuite errors="0" failures="0" file="test_integers.py" name="test_integers.TestIntegers-20220623172906" skipped="0" tests="1" time="0.002" timestamp="2022-06-23T17:29:06">
	<testcase classname="test_integers.TestIntegers" file="spec/python/test_integers.py" line="8" name="test_integers" time="0.002" timestamp="2022-06-23T17:29:06">
		<system-out>
<![CDATA[]]>		</system-out>
		<system-err>
<![CDATA[]]>		</system-err>
	</testcase>
</testsuite>
