<?xml version="1.0" encoding="UTF-8"?>
<testsuite errors="0" failures="0" name="test_float_to_i.TestFloatToI-20181024152525" skipped="0" tests="1" time="0.000" timestamp="2018-10-24T15:25:25">
	<testcase classname="test_float_to_i.TestFloatToI" name="test_float_to_i" time="0.000" timestamp="2018-10-24T15:25:25"/>
	<system-out>
<![CDATA[]]>	</system-out>
	<system-err>
<![CDATA[]]>	</system-err>
</testsuite>
