<?xml version="1.0" encoding="UTF-8"?>
<testsuite name="test_repeat_eos_struct.TestRepeatEosStruct-20220617122750" tests="1" file="test_repeat_eos_struct.py" time="0.001" timestamp="2022-06-17T12:27:50" failures="0" errors="0" skipped="0">
	<testcase classname="test_repeat_eos_struct.TestRepeatEosStruct" name="test_repeat_eos_struct" time="0.001" timestamp="2022-06-17T12:27:50" file="spec/python/test_repeat_eos_struct.py" line="8"/>
</testsuite>
