<?xml version="1.0" encoding="UTF-8"?>
<testsuite errors="0" failures="0" file="test_valid_fail_min_int.py" name="test_valid_fail_min_int.TestValidFailMinInt-20191229123925" skipped="0" tests="1" time="0.000" timestamp="2019-12-29T12:39:26">
	<testcase classname="test_valid_fail_min_int.TestValidFailMinInt" file="spec/python/test_valid_fail_min_int.py" line="9" name="test_valid_fail_min_int" time="0.000" timestamp="2019-12-29T12:39:26">
		<system-out>
<![CDATA[]]>		</system-out>
		<system-err>
<![CDATA[]]>		</system-err>
	</testcase>
</testsuite>
