<?xml version="1.0" encoding="UTF-8"?>
<testsuite name="test_bits_seq_endian_combo.TestBitsSeqEndianCombo-20220318130502" tests="1" file="test_bits_seq_endian_combo.py" time="0.001" timestamp="2022-03-18T13:05:02" failures="0" errors="0" skipped="0">
	<testcase classname="test_bits_seq_endian_combo.TestBitsSeqEndianCombo" name="test_bits_seq_endian_combo" time="0.001" timestamp="2022-03-18T13:05:02" file="spec/python/test_bits_seq_endian_combo.py" line="8"/>
</testsuite>
