<?xml version="1.0" encoding="UTF-8"?>
<testsuite name="test_fixed_struct.TestFixedStruct-20230707214036" tests="1" file="test_fixed_struct.py" time="0.001" timestamp="2023-07-07T21:40:36" failures="0" errors="0" skipped="0">
	<testcase classname="test_fixed_struct.TestFixedStruct" name="test_fixed_struct" time="0.001" timestamp="2023-07-07T21:40:36" file="spec/python/test_fixed_struct.py" line="8"/>
</testsuite>
