<?xml version="1.0" encoding="UTF-8"?>
<testsuite errors="0" failures="0" name="test_opaque_with_param.TestOpaqueWithParam-20171004054628" skipped="0" tests="1" time="0.000">
	<testcase classname="test_opaque_with_param.TestOpaqueWithParam" name="test_opaque_with_param" time="0.000"/>
	<system-out>
<![CDATA[]]>	</system-out>
	<system-err>
<![CDATA[]]>	</system-err>
</testsuite>
