<?xml version="1.0" encoding="UTF-8"?>
<testsuite name="test_debug_array_user.TestDebugArrayUser-20220707230516" tests="1" file="test_debug_array_user.py" time="0.001" timestamp="2022-07-07T23:05:16" failures="0" errors="0" skipped="0">
	<testcase classname="test_debug_array_user.TestDebugArrayUser" name="test_debug_array_user" time="0.001" timestamp="2022-07-07T23:05:16" file="spec/python/test_debug_array_user.py" line="6"/>
</testsuite>
