<?xml version="1.0" encoding="UTF-8"?>
<testsuite errors="0" failures="0" name="test_multiple_use.TestMultipleUse-20180423013349" skipped="0" tests="1" time="0.000" timestamp="2018-04-23T01:33:49">
	<testcase classname="test_multiple_use.TestMultipleUse" name="test_multiple_use" time="0.000" timestamp="2018-04-23T01:33:49"/>
	<system-out>
<![CDATA[]]>	</system-out>
	<system-err>
<![CDATA[]]>	</system-err>
</testsuite>
