<?xml version="1.0" encoding="UTF-8"?>
<testsuite errors="0" failures="0" file="test_valid_switch.py" name="test_valid_switch.TestValidSwitch-20200818144128" skipped="0" tests="1" time="0.000" timestamp="2020-08-18T14:41:28">
	<testcase classname="test_valid_switch.TestValidSwitch" file="spec/python/test_valid_switch.py" line="8" name="test_valid_switch" time="0.000" timestamp="2020-08-18T14:41:28">
		<system-out>
<![CDATA[]]>		</system-out>
		<system-err>
<![CDATA[]]>		</system-err>
	</testcase>
</testsuite>
