<?xml version="1.0" encoding="UTF-8"?>
<testsuite errors="0" failures="0" file="test_bits_unaligned_b32_le.py" name="test_bits_unaligned_b32_le.TestBitsUnalignedB32Le-20220623171356" skipped="0" tests="1" time="0.001" timestamp="2022-06-23T17:13:56">
	<testcase classname="test_bits_unaligned_b32_le.TestBitsUnalignedB32Le" file="spec/python/test_bits_unaligned_b32_le.py" line="8" name="test_bits_unaligned_b32_le" time="0.001" timestamp="2022-06-23T17:13:56">
		<system-out>
<![CDATA[]]>		</system-out>
		<system-err>
<![CDATA[]]>		</system-err>
	</testcase>
</testsuite>
