<?xml version="1.0" encoding="UTF-8"?>
<testsuite errors="0" failures="0" file="test_bcd_user_type_le.py" name="test_bcd_user_type_le.TestBcdUserTypeLe-20190318121737" skipped="0" tests="1" time="0.001" timestamp="2019-03-18T12:17:37">
	<testcase classname="test_bcd_user_type_le.TestBcdUserTypeLe" file="spec/python/test_bcd_user_type_le.py" line="8" name="test_bcd_user_type_le" time="0.001" timestamp="2019-03-18T12:17:37"/>
</testsuite>
