<?xml version="1.0" encoding="UTF-8"?>
<testsuite name="test_params_def.TestParamsDef-20220210221125" tests="1" file="test_params_def.py" time="0.001" timestamp="2022-02-10T22:11:25" failures="0" errors="0" skipped="0">
	<testcase classname="test_params_def.TestParamsDef" name="test_params_def" time="0.001" timestamp="2022-02-10T22:11:25" file="spec/python/test_params_def.py" line="7"/>
</testsuite>
