<?xml version="1.0" encoding="UTF-8"?>
<testsuite errors="0" failures="0" file="test_meta_xref.py" name="test_meta_xref.TestMetaXref-20190317163105" skipped="0" tests="1" time="0.000" timestamp="2019-03-17T16:31:05">
	<testcase classname="test_meta_xref.TestMetaXref" file="spec/python/test_meta_xref.py" line="8" name="test_meta_xref" time="0.000" timestamp="2019-03-17T16:31:05"/>
</testsuite>
