<?xml version="1.0" encoding="UTF-8"?>
<testsuite name="test_type_ternary.TestTypeTernary-20211114130459" tests="1" file="test_type_ternary.py" time="0.001" timestamp="2021-11-14T13:04:59" failures="0" errors="0" skipped="0">
	<testcase classname="test_type_ternary.TestTypeTernary" name="test_type_ternary" time="0.001" timestamp="2021-11-14T13:04:59" file="spec/python/test_type_ternary.py" line="8"/>
</testsuite>
