<?xml version="1.0" encoding="UTF-8"?>
<testsuite errors="0" failures="0" file="test_expr_calc_array_ops.py" name="test_expr_calc_array_ops.TestExprCalcArrayOps-20200122121511" skipped="0" tests="1" time="0.001" timestamp="2020-01-22T12:15:11">
	<testcase classname="test_expr_calc_array_ops.TestExprCalcArrayOps" file="spec/python/test_expr_calc_array_ops.py" line="8" name="test_expr_calc_array_ops" time="0.001" timestamp="2020-01-22T12:15:11">
		<system-out>
<![CDATA[]]>		</system-out>
		<system-err>
<![CDATA[]]>		</system-err>
	</testcase>
</testsuite>
