<?xml version="1.0" encoding="UTF-8"?>
<testsuite errors="0" failures="0" file="test_debug_0.py" name="test_debug_0.TestDebug0-20230624222452" skipped="0" tests="1" time="0.001" timestamp="2023-06-24T22:24:52">
	<testcase classname="test_debug_0.TestDebug0" file="spec/python/test_debug_0.py" line="6" name="test_debug_0" time="0.001" timestamp="2023-06-24T22:24:52">
		<system-out>
<![CDATA[]]>		</system-out>
		<system-err>
<![CDATA[]]>		</system-err>
	</testcase>
</testsuite>
