<?xml version="1.0" encoding="UTF-8"?>
<testsuite errors="0" failures="0" name="test_floating_points.TestFloatingPoints-20190304160828" skipped="0" tests="1" time="0.000" timestamp="2019-03-04T16:08:28">
	<testcase classname="test_floating_points.TestFloatingPoints" name="test_floating_points" time="0.000" timestamp="2019-03-04T16:08:28"/>
	<system-out>
<![CDATA[]]>	</system-out>
	<system-err>
<![CDATA[]]>	</system-err>
</testsuite>
