<?xml version="1.0" encoding="UTF-8"?>
<testsuite errors="0" failures="0" file="test_bcd_user_type_le.py" name="test_bcd_user_type_le.TestBcdUserTypeLe-20191012143727" skipped="0" tests="1" time="0.002" timestamp="2019-10-12T14:37:27">
	<testcase classname="test_bcd_user_type_le.TestBcdUserTypeLe" file="spec/python/test_bcd_user_type_le.py" line="8" name="test_bcd_user_type_le" time="0.002" timestamp="2019-10-12T14:37:27">
		<system-out>
<![CDATA[]]>		</system-out>
		<system-err>
<![CDATA[]]>		</system-err>
	</testcase>
</testsuite>
