<?xml version="1.0" encoding="UTF-8"?>
<testsuite name="test_enum_import.TestEnumImport" tests="1" file="test_enum_import.py" time="0.002" timestamp="2023-07-28T21:50:52" failures="0" errors="1" skipped="0">
	<testcase classname="test_enum_import.TestEnumImport" name="test_enum_import" time="0.002" timestamp="2023-07-28T21:50:52" file="spec/python/test_enum_import.py" line="8">
		<error type="NameError" message="name 'Enum0' is not defined"><![CDATA[Traceback (most recent call last):
  File "/tests/spec/python/test_enum_import.py", line 9, in test_enum_import
    with EnumImport.from_file('src/enum_0.bin') as r:
         ^^^^^^^^^^^^^^^^^^^^^^^^^^^^^^^^^^^^^^
  File "/runtime/python/kaitaistruct.py", line 44, in from_file
    return cls(KaitaiStream(f))
           ^^^^^^^^^^^^^^^^^^^^
  File "/tests/compiled/python/enum_import.py", line 16, in __init__
    self._read()
  File "/tests/compiled/python/enum_import.py", line 19, in _read
    self.pet_1 = KaitaiStream.resolve_enum(Enum0.Animal, self._io.read_u4le())
                                           ^^^^^
NameError: name 'Enum0' is not defined
]]></error>
	</testcase>
</testsuite>
