<?xml version="1.0" encoding="UTF-8"?>
<testsuite errors="0" failures="0" file="test_user_type.py" name="test_user_type.TestUserType-20190319025505" skipped="0" tests="1" time="0.000" timestamp="2019-03-19T02:55:05">
	<testcase classname="test_user_type.TestUserType" file="spec/python/test_user_type.py" line="8" name="test_user_type" time="0.000" timestamp="2019-03-19T02:55:05"/>
</testsuite>
