<?xml version="1.0" encoding="UTF-8"?>
<testsuite errors="0" failures="0" name="test_str_literals.TestStrLiterals-20180416004134" skipped="0" tests="1" time="0.000" timestamp="2018-04-16T00:41:35">
	<testcase classname="test_str_literals.TestStrLiterals" name="test_str_literals" time="0.000" timestamp="2018-04-16T00:41:35"/>
	<system-out>
<![CDATA[]]>	</system-out>
	<system-err>
<![CDATA[]]>	</system-err>
</testsuite>
