<?xml version="1.0" encoding="UTF-8"?>
<testsuite name="test_str_literals2.TestStrLiterals2-20230719212545" tests="1" file="test_str_literals2.py" time="0.000" timestamp="2023-07-19T21:25:45" failures="0" errors="0" skipped="0">
	<testcase classname="test_str_literals2.TestStrLiterals2" name="test_str_literals2" time="0.000" timestamp="2023-07-19T21:25:45" file="spec/python/test_str_literals2.py" line="8"/>
</testsuite>
