<?xml version="1.0" encoding="UTF-8"?>
<testsuite name="test_default_endian_mod.TestDefaultEndianMod-20211106162901" tests="1" file="test_default_endian_mod.py" time="0.001" timestamp="2021-11-06T16:29:01" failures="0" errors="0" skipped="0">
	<testcase classname="test_default_endian_mod.TestDefaultEndianMod" name="test_default_endian_mod" time="0.001" timestamp="2021-11-06T16:29:01" file="spec/python/test_default_endian_mod.py" line="8"/>
</testsuite>
