<?xml version="1.0" encoding="UTF-8"?>
<testsuite errors="0" failures="0" file="test_switch_manual_int_size_eos.py" name="test_switch_manual_int_size_eos.TestSwitchManualIntSizeEos-20190424110531" skipped="0" tests="1" time="0.001" timestamp="2019-04-24T11:05:31">
	<testcase classname="test_switch_manual_int_size_eos.TestSwitchManualIntSizeEos" file="spec/python/test_switch_manual_int_size_eos.py" line="6" name="test_switch_manual_int_size_eos" time="0.001" timestamp="2019-04-24T11:05:31">
		<system-out>
<![CDATA[]]>		</system-out>
		<system-err>
<![CDATA[]]>		</system-err>
	</testcase>
</testsuite>
