<?xml version="1.0" encoding="UTF-8"?>
<testsuite name="test_valid_fail_min_int.TestValidFailMinInt-20230624222631" tests="1" file="test_valid_fail_min_int.py" time="0.000" timestamp="2023-06-24T22:26:31" failures="0" errors="0" skipped="0">
	<testcase classname="test_valid_fail_min_int.TestValidFailMinInt" name="test_valid_fail_min_int" time="0.000" timestamp="2023-06-24T22:26:31" file="spec/python/test_valid_fail_min_int.py" line="9"/>
</testsuite>
