<?xml version="1.0" encoding="UTF-8"?>
<testsuite name="test_floating_points.TestFloatingPoints-20210302195852" tests="1" file="test_floating_points.py" time="0.001" timestamp="2021-03-02T19:58:52" failures="0" errors="0" skipped="0">
	<testcase classname="test_floating_points.TestFloatingPoints" name="test_floating_points" time="0.001" timestamp="2021-03-02T19:58:52" file="spec/python/test_floating_points.py" line="8"/>
</testsuite>
