<?xml version="1.0" encoding="UTF-8"?>
<testsuite errors="0" failures="0" file="test_eos_exception_u4.py" name="test_eos_exception_u4.TestEosExceptionU4-20200831200006" skipped="0" tests="1" time="0.000" timestamp="2020-08-31T20:00:06">
	<testcase classname="test_eos_exception_u4.TestEosExceptionU4" file="spec/python/test_eos_exception_u4.py" line="9" name="test_eos_exception_u4" time="0.000" timestamp="2020-08-31T20:00:06">
		<system-out>
<![CDATA[]]>		</system-out>
		<system-err>
<![CDATA[]]>		</system-err>
	</testcase>
</testsuite>
