<?xml version="1.0" encoding="UTF-8"?>
<testsuite errors="0" failures="0" file="test_enum_0.py" name="test_enum_0.TestEnum0-20190427132317" skipped="0" tests="1" time="0.001" timestamp="2019-04-27T13:23:17">
	<testcase classname="test_enum_0.TestEnum0" file="spec/python/test_enum_0.py" line="6" name="test_enum_0" time="0.001" timestamp="2019-04-27T13:23:17">
		<system-out>
<![CDATA[]]>		</system-out>
		<system-err>
<![CDATA[]]>		</system-err>
	</testcase>
</testsuite>
