<?xml version="1.0" encoding="UTF-8"?>
<testsuite errors="0" failures="0" file="test_nav_parent.py" name="test_nav_parent.TestNavParent-20191117215403" skipped="0" tests="1" time="0.001" timestamp="2019-11-17T21:54:03">
	<testcase classname="test_nav_parent.TestNavParent" file="spec/python/test_nav_parent.py" line="8" name="test_nav_parent" time="0.001" timestamp="2019-11-17T21:54:03">
		<system-out>
<![CDATA[]]>		</system-out>
		<system-err>
<![CDATA[]]>		</system-err>
	</testcase>
</testsuite>
