<?xml version="1.0" encoding="UTF-8"?>
<testsuite name="test_index_sizes.TestIndexSizes-20220313103353" tests="1" file="test_index_sizes.py" time="0.001" timestamp="2022-03-13T10:33:53" failures="0" errors="0" skipped="0">
	<testcase classname="test_index_sizes.TestIndexSizes" name="test_index_sizes" time="0.001" timestamp="2022-03-13T10:33:53" file="spec/python/test_index_sizes.py" line="8"/>
</testsuite>
