<?xml version="1.0" encoding="UTF-8"?>
<testsuite name="test_params_def.TestParamsDef-20200501142514" tests="1" file="test_params_def.py" time="0.001" timestamp="2020-05-01T14:25:14" failures="0" errors="0" skipped="0">
	<testcase classname="test_params_def.TestParamsDef" name="test_params_def" time="0.001" timestamp="2020-05-01T14:25:14" file="spec/python/test_params_def.py" line="7">
		<system-out><![CDATA[]]></system-out>
		<system-err><![CDATA[]]></system-err>
	</testcase>
</testsuite>
