<?xml version="1.0" encoding="UTF-8"?>
<testsuite errors="0" failures="0" file="test_docstrings.py" name="test_docstrings.TestDocstrings-20190418015924" skipped="0" tests="1" time="0.001" timestamp="2019-04-18T01:59:24">
	<testcase classname="test_docstrings.TestDocstrings" file="spec/python/test_docstrings.py" line="8" name="test_docstrings" time="0.001" timestamp="2019-04-18T01:59:24">
		<system-out>
<![CDATA[]]>		</system-out>
		<system-err>
<![CDATA[]]>		</system-err>
	</testcase>
</testsuite>
