<?xml version="1.0" encoding="UTF-8"?>
<testsuite errors="0" failures="0" file="test_combine_bytes.py" name="test_combine_bytes.TestCombineBytes-20210403173607" skipped="0" tests="1" time="0.001" timestamp="2021-04-03T17:36:07">
	<testcase classname="test_combine_bytes.TestCombineBytes" file="spec/python/test_combine_bytes.py" line="8" name="test_combine_bytes" time="0.001" timestamp="2021-04-03T17:36:07">
		<system-out>
<![CDATA[]]>		</system-out>
		<system-err>
<![CDATA[]]>		</system-err>
	</testcase>
</testsuite>
