<?xml version="1.0" encoding="UTF-8"?>
<testsuite errors="0" failures="0" file="test_nav_parent_switch.py" name="test_nav_parent_switch.TestNavParentSwitch-20190320081957" skipped="0" tests="1" time="0.001" timestamp="2019-03-20T08:19:58">
	<testcase classname="test_nav_parent_switch.TestNavParentSwitch" file="spec/python/test_nav_parent_switch.py" line="8" name="test_nav_parent_switch" time="0.001" timestamp="2019-03-20T08:19:58"/>
</testsuite>
