<?xml version="1.0" encoding="UTF-8"?>
<testsuite errors="0" failures="0" file="test_enum_for_unknown_id.py" name="test_enum_for_unknown_id.TestEnumForUnknownId-20190915130428" skipped="0" tests="1" time="0.001" timestamp="2019-09-15T13:04:28">
	<testcase classname="test_enum_for_unknown_id.TestEnumForUnknownId" file="spec/python/test_enum_for_unknown_id.py" line="6" name="test_enum_for_unknown_id" time="0.001" timestamp="2019-09-15T13:04:28">
		<system-out>
<![CDATA[]]>		</system-out>
		<system-err>
<![CDATA[]]>		</system-err>
	</testcase>
</testsuite>
