<?xml version="1.0" encoding="UTF-8"?>
<testsuite name="test_bits_unaligned_b32_le.TestBitsUnalignedB32Le-20220728094509" tests="1" file="test_bits_unaligned_b32_le.py" time="0.001" timestamp="2022-07-28T09:45:09" failures="0" errors="0" skipped="0">
	<testcase classname="test_bits_unaligned_b32_le.TestBitsUnalignedB32Le" name="test_bits_unaligned_b32_le" time="0.001" timestamp="2022-07-28T09:45:09" file="spec/python/test_bits_unaligned_b32_le.py" line="8"/>
</testsuite>
