<?xml version="1.0" encoding="UTF-8"?>
<testsuite name="test_str_literals.TestStrLiterals-20220707230516" tests="1" file="test_str_literals.py" time="0.001" timestamp="2022-07-07T23:05:16" failures="0" errors="0" skipped="0">
	<testcase classname="test_str_literals.TestStrLiterals" name="test_str_literals" time="0.001" timestamp="2022-07-07T23:05:16" file="spec/python/test_str_literals.py" line="6"/>
</testsuite>
