<?xml version="1.0" encoding="UTF-8"?>
<testsuite errors="0" failures="0" file="test_nav_parent_switch.py" name="test_nav_parent_switch.TestNavParentSwitch-20191231113224" skipped="0" tests="1" time="0.000" timestamp="2019-12-31T11:32:24">
	<testcase classname="test_nav_parent_switch.TestNavParentSwitch" file="spec/python/test_nav_parent_switch.py" line="8" name="test_nav_parent_switch" time="0.000" timestamp="2019-12-31T11:32:24">
		<system-out>
<![CDATA[]]>		</system-out>
		<system-err>
<![CDATA[]]>		</system-err>
	</testcase>
</testsuite>
