<?xml version="1.0" encoding="UTF-8"?>
<testsuite errors="0" failures="0" file="test_integers_min_max.py" name="test_integers_min_max.TestIntegersMinMax-20200708064801" skipped="0" tests="1" time="0.002" timestamp="2020-07-08T06:48:02">
	<testcase classname="test_integers_min_max.TestIntegersMinMax" file="spec/python/test_integers_min_max.py" line="8" name="test_integers_min_max" time="0.002" timestamp="2020-07-08T06:48:02">
		<system-out>
<![CDATA[]]>		</system-out>
		<system-err>
<![CDATA[]]>		</system-err>
	</testcase>
</testsuite>
