<?xml version="1.0" encoding="UTF-8"?>
<testsuite name="test_integers_min_max.TestIntegersMinMax-20230719150532" tests="1" file="test_integers_min_max.py" time="0.002" timestamp="2023-07-19T15:05:32" failures="0" errors="0" skipped="0">
	<testcase classname="test_integers_min_max.TestIntegersMinMax" name="test_integers_min_max" time="0.002" timestamp="2023-07-19T15:05:32" file="spec/python/test_integers_min_max.py" line="8"/>
</testsuite>
