<?xml version="1.0" encoding="UTF-8"?>
<testsuite errors="0" failures="0" name="test_process_coerce_usertype1.TestProcessCoerceUsertype1-20181222020015" skipped="0" tests="1" time="0.000" timestamp="2018-12-22T02:00:15">
	<testcase classname="test_process_coerce_usertype1.TestProcessCoerceUsertype1" name="test_process_coerce_usertype1" time="0.000" timestamp="2018-12-22T02:00:15"/>
	<system-out>
<![CDATA[]]>	</system-out>
	<system-err>
<![CDATA[]]>	</system-err>
</testsuite>
