<?xml version="1.0" encoding="UTF-8"?>
<testsuite errors="0" failures="0" file="test_term_strz.py" name="test_term_strz.TestTermStrz-20230719211241" skipped="0" tests="1" time="0.000" timestamp="2023-07-19T21:12:41">
	<testcase classname="test_term_strz.TestTermStrz" file="spec/python/test_term_strz.py" line="8" name="test_term_strz" time="0.000" timestamp="2023-07-19T21:12:41">
		<system-out>
<![CDATA[]]>		</system-out>
		<system-err>
<![CDATA[]]>		</system-err>
	</testcase>
</testsuite>
