<?xml version="1.0" encoding="UTF-8"?>
<testsuite name="test_valid_fail_contents.TestValidFailContents-20201031095923" tests="1" file="test_valid_fail_contents.py" time="0.001" timestamp="2020-10-31T09:59:23" failures="0" errors="0" skipped="0">
	<testcase classname="test_valid_fail_contents.TestValidFailContents" name="test_valid_fail_contents" time="0.001" timestamp="2020-10-31T09:59:23" file="spec/python/test_valid_fail_contents.py" line="9"/>
</testsuite>
