<?xml version="1.0" encoding="UTF-8"?>
<testsuite name="test_bits_unaligned_b64_be.TestBitsUnalignedB64Be" tests="1" file="test_bits_unaligned_b64_be.py" time="0.001" timestamp="2023-08-02T17:41:26" failures="0" errors="0" skipped="0">
	<testcase classname="test_bits_unaligned_b64_be.TestBitsUnalignedB64Be" name="test_bits_unaligned_b64_be" time="0.001" timestamp="2023-08-02T17:41:26" file="spec/python/test_bits_unaligned_b64_be.py" line="8"/>
</testsuite>
