<?xml version="1.0" encoding="UTF-8"?>
<testsuite name="test_if_instances.TestIfInstances-20210206143550" tests="1" file="test_if_instances.py" time="0.000" timestamp="2021-02-06T14:35:50" failures="0" errors="0" skipped="0">
	<testcase classname="test_if_instances.TestIfInstances" name="test_if_instances" time="0.000" timestamp="2021-02-06T14:35:50" file="spec/python/test_if_instances.py" line="8"/>
</testsuite>
