<?xml version="1.0" encoding="UTF-8"?>
<testsuite errors="0" failures="0" file="test_nested_types3.py" name="test_nested_types3.TestNestedTypes3-20200318042820" skipped="0" tests="1" time="0.000" timestamp="2020-03-18T04:28:20">
	<testcase classname="test_nested_types3.TestNestedTypes3" file="spec/python/test_nested_types3.py" line="8" name="test_nested_types3" time="0.000" timestamp="2020-03-18T04:28:20">
		<system-out>
<![CDATA[]]>		</system-out>
		<system-err>
<![CDATA[]]>		</system-err>
	</testcase>
</testsuite>
