<?xml version="1.0" encoding="UTF-8"?>
<testsuite errors="0" failures="0" file="test_repeat_n_strz_double.py" name="test_repeat_n_strz_double.TestRepeatNStrzDouble-20211115222318" skipped="0" tests="1" time="0.000" timestamp="2021-11-15T22:23:18">
	<testcase classname="test_repeat_n_strz_double.TestRepeatNStrzDouble" file="spec/python/test_repeat_n_strz_double.py" line="8" name="test_repeat_n_strz_double" time="0.000" timestamp="2021-11-15T22:23:18">
		<system-out>
<![CDATA[]]>		</system-out>
		<system-err>
<![CDATA[]]>		</system-err>
	</testcase>
</testsuite>
