<?xml version="1.0" encoding="UTF-8"?>
<testsuite name="test_expr_mod.TestExprMod-20230706193504" tests="1" file="test_expr_mod.py" time="0.000" timestamp="2023-07-06T19:35:04" failures="0" errors="0" skipped="0">
	<testcase classname="test_expr_mod.TestExprMod" name="test_expr_mod" time="0.000" timestamp="2023-07-06T19:35:04" file="spec/python/test_expr_mod.py" line="8"/>
</testsuite>
