<?xml version="1.0" encoding="UTF-8"?>
<testsuite errors="0" failures="0" file="test_multiple_use.py" name="test_multiple_use.TestMultipleUse-20190317163014" skipped="0" tests="1" time="0.000" timestamp="2019-03-17T16:30:14">
	<testcase classname="test_multiple_use.TestMultipleUse" file="spec/python/test_multiple_use.py" line="8" name="test_multiple_use" time="0.000" timestamp="2019-03-17T16:30:14"/>
</testsuite>
