<?xml version="1.0" encoding="UTF-8"?>
<testsuite errors="0" failures="0" file="test_docstrings.py" name="test_docstrings.TestDocstrings-20200215214800" skipped="0" tests="1" time="0.000" timestamp="2020-02-15T21:48:00">
	<testcase classname="test_docstrings.TestDocstrings" file="spec/python/test_docstrings.py" line="8" name="test_docstrings" time="0.000" timestamp="2020-02-15T21:48:00">
		<system-out>
<![CDATA[]]>		</system-out>
		<system-err>
<![CDATA[]]>		</system-err>
	</testcase>
</testsuite>
