<?xml version="1.0" encoding="UTF-8"?>
<testsuite name="test_valid_fail_min_int.TestValidFailMinInt-20200330150413" tests="1" file="test_valid_fail_min_int.py" time="0.000" timestamp="2020-03-30T15:04:13" failures="0" errors="0" skipped="0">
	<testcase classname="test_valid_fail_min_int.TestValidFailMinInt" name="test_valid_fail_min_int" time="0.000" timestamp="2020-03-30T15:04:13" file="spec/python/test_valid_fail_min_int.py" line="9">
		<system-out><![CDATA[]]></system-out>
		<system-err><![CDATA[]]></system-err>
	</testcase>
</testsuite>
