<?xml version="1.0" encoding="UTF-8"?>
<testsuite errors="0" failures="0" file="test_valid_fail_max_int.py" name="test_valid_fail_max_int.TestValidFailMaxInt" skipped="0" tests="1" time="0.001" timestamp="2023-07-28T21:50:58">
	<testcase classname="test_valid_fail_max_int.TestValidFailMaxInt" file="spec/python/test_valid_fail_max_int.py" line="9" name="test_valid_fail_max_int" time="0.001" timestamp="2023-07-28T21:50:58">
		<system-out>
<![CDATA[]]>		</system-out>
		<system-err>
<![CDATA[]]>		</system-err>
	</testcase>
</testsuite>
