<?xml version="1.0" encoding="UTF-8"?>
<testsuite errors="0" failures="0" name="test_process_custom.TestProcessCustom-20180411000438" skipped="0" tests="1" time="0.000" timestamp="2018-04-11T00:04:38">
	<testcase classname="test_process_custom.TestProcessCustom" name="test_process_custom" time="0.000" timestamp="2018-04-11T00:04:38"/>
	<system-out>
<![CDATA[]]>	</system-out>
	<system-err>
<![CDATA[]]>	</system-err>
</testsuite>
