<?xml version="1.0" encoding="UTF-8"?>
<testsuite errors="0" failures="0" name="test_instance_std_array.TestInstanceStdArray-20180423013349" skipped="0" tests="1" time="0.000" timestamp="2018-04-23T01:33:49">
	<testcase classname="test_instance_std_array.TestInstanceStdArray" name="test_instance_std_array" time="0.000" timestamp="2018-04-23T01:33:49"/>
	<system-out>
<![CDATA[]]>	</system-out>
	<system-err>
<![CDATA[]]>	</system-err>
</testsuite>
