<?xml version="1.0" encoding="UTF-8"?>
<testsuite errors="0" failures="0" file="test_str_encodings_utf16.py" name="test_str_encodings_utf16.TestStrEncodingsUtf16-20230719190557" skipped="0" tests="1" time="0.001" timestamp="2023-07-19T19:05:57">
	<testcase classname="test_str_encodings_utf16.TestStrEncodingsUtf16" file="spec/python/test_str_encodings_utf16.py" line="8" name="test_str_encodings_utf16" time="0.001" timestamp="2023-07-19T19:05:57">
		<system-out>
<![CDATA[]]>		</system-out>
		<system-err>
<![CDATA[]]>		</system-err>
	</testcase>
</testsuite>
