<?xml version="1.0" encoding="UTF-8"?>
<testsuite name="test_position_in_seq.TestPositionInSeq-20230705161132" tests="1" file="test_position_in_seq.py" time="0.000" timestamp="2023-07-05T16:11:32" failures="0" errors="0" skipped="0">
	<testcase classname="test_position_in_seq.TestPositionInSeq" name="test_position_in_seq" time="0.000" timestamp="2023-07-05T16:11:32" file="spec/python/test_position_in_seq.py" line="8"/>
</testsuite>
