<?xml version="1.0" encoding="UTF-8"?>
<testsuite name="test_bits_unaligned_b64_be.TestBitsUnalignedB64Be-20230707192537" tests="1" file="test_bits_unaligned_b64_be.py" time="0.001" timestamp="2023-07-07T19:25:37" failures="0" errors="0" skipped="0">
	<testcase classname="test_bits_unaligned_b64_be.TestBitsUnalignedB64Be" name="test_bits_unaligned_b64_be" time="0.001" timestamp="2023-07-07T19:25:37" file="spec/python/test_bits_unaligned_b64_be.py" line="8"/>
</testsuite>
