<?xml version="1.0" encoding="UTF-8"?>
<testsuite errors="0" failures="0" name="test_opaque_external_type_02_parent.TestOpaqueExternalType02Parent-20180816020004" skipped="0" tests="1" time="0.000" timestamp="2018-08-16T02:00:05">
	<testcase classname="test_opaque_external_type_02_parent.TestOpaqueExternalType02Parent" name="test_opaque_external_type_02_parent" time="0.000" timestamp="2018-08-16T02:00:05"/>
	<system-out>
<![CDATA[]]>	</system-out>
	<system-err>
<![CDATA[]]>	</system-err>
</testsuite>
