<?xml version="1.0" encoding="UTF-8"?>
<testsuite errors="0" failures="0" file="test_switch_repeat_expr.py" name="test_switch_repeat_expr.TestSwitchRepeatExpr-20190321143929" skipped="0" tests="1" time="0.000" timestamp="2019-03-21T14:39:29">
	<testcase classname="test_switch_repeat_expr.TestSwitchRepeatExpr" file="spec/python/test_switch_repeat_expr.py" line="6" name="test_switch_repeat_expr" time="0.000" timestamp="2019-03-21T14:39:29"/>
</testsuite>
