<?xml version="1.0" encoding="UTF-8"?>
<testsuite name="test_imports_abs.TestImportsAbs-20201031095923" tests="1" file="test_imports_abs.py" time="0.001" timestamp="2020-10-31T09:59:23" failures="0" errors="0" skipped="0">
	<testcase classname="test_imports_abs.TestImportsAbs" name="test_imports_abs" time="0.001" timestamp="2020-10-31T09:59:23" file="spec/python/test_imports_abs.py" line="8"/>
</testsuite>
