<?xml version="1.0" encoding="UTF-8"?>
<testsuite errors="0" failures="0" file="test_process_custom.py" name="test_process_custom.TestProcessCustom-20210206143509" skipped="0" tests="1" time="0.000" timestamp="2021-02-06T14:35:09">
	<testcase classname="test_process_custom.TestProcessCustom" file="spec/python/test_process_custom.py" line="8" name="test_process_custom" time="0.000" timestamp="2021-02-06T14:35:09">
		<system-out>
<![CDATA[]]>		</system-out>
		<system-err>
<![CDATA[]]>		</system-err>
	</testcase>
</testsuite>
