<?xml version="1.0" encoding="UTF-8"?>
<testsuite errors="0" failures="0" file="test_nav_parent.py" name="test_nav_parent.TestNavParent-20201028031807" skipped="0" tests="1" time="0.000" timestamp="2020-10-28T03:18:07">
	<testcase classname="test_nav_parent.TestNavParent" file="spec/python/test_nav_parent.py" line="8" name="test_nav_parent" time="0.000" timestamp="2020-10-28T03:18:07">
		<system-out>
<![CDATA[]]>		</system-out>
		<system-err>
<![CDATA[]]>		</system-err>
	</testcase>
</testsuite>
