<?xml version="1.0" encoding="UTF-8"?>
<testsuite name="test_switch_cast.TestSwitchCast-20230721170737" tests="1" file="test_switch_cast.py" time="0.000" timestamp="2023-07-21T17:07:37" failures="0" errors="0" skipped="0">
	<testcase classname="test_switch_cast.TestSwitchCast" name="test_switch_cast" time="0.000" timestamp="2023-07-21T17:07:37" file="spec/python/test_switch_cast.py" line="6"/>
</testsuite>
