<?xml version="1.0" encoding="UTF-8"?>
<testsuite name="test_default_endian_expr_is_le.TestDefaultEndianExprIsLe-20200823213815" tests="1" file="test_default_endian_expr_is_le.py" time="0.003" timestamp="2020-08-23T21:38:15" failures="0" errors="0" skipped="0">
	<testcase classname="test_default_endian_expr_is_le.TestDefaultEndianExprIsLe" name="test_default_endian_expr_is_le" time="0.003" timestamp="2020-08-23T21:38:15" file="spec/python/test_default_endian_expr_is_le.py" line="8">
		<system-out><![CDATA[]]></system-out>
		<system-err><![CDATA[]]></system-err>
	</testcase>
</testsuite>
