<?xml version="1.0" encoding="UTF-8"?>
<testsuite name="test_eof_exception_bytes.TestEofExceptionBytes-20230721073730" tests="1" file="test_eof_exception_bytes.py" time="0.000" timestamp="2023-07-21T07:37:30" failures="0" errors="0" skipped="0">
	<testcase classname="test_eof_exception_bytes.TestEofExceptionBytes" name="test_eof_exception_bytes" time="0.000" timestamp="2023-07-21T07:37:30" file="spec/python/test_eof_exception_bytes.py" line="7"/>
</testsuite>
