<?xml version="1.0" encoding="UTF-8"?>
<testsuite name="test_imports_abs_abs.TestImportsAbsAbs-20201106111645" tests="1" file="test_imports_abs_abs.py" time="0.001" timestamp="2020-11-06T11:16:45" failures="0" errors="0" skipped="0">
	<testcase classname="test_imports_abs_abs.TestImportsAbsAbs" name="test_imports_abs_abs" time="0.001" timestamp="2020-11-06T11:16:45" file="spec/python/test_imports_abs_abs.py" line="6"/>
</testsuite>
