<?xml version="1.0" encoding="UTF-8"?>
<testsuite errors="0" failures="0" name="test_imports_rel_1.TestImportsRel1-20180423062910" skipped="0" tests="1" time="0.000" timestamp="2018-04-23T06:29:10">
	<testcase classname="test_imports_rel_1.TestImportsRel1" name="test_imports_rel_1" time="0.000" timestamp="2018-04-23T06:29:10"/>
	<system-out>
<![CDATA[]]>	</system-out>
	<system-err>
<![CDATA[]]>	</system-err>
</testsuite>
