<?xml version="1.0" encoding="UTF-8"?>
<testsuite errors="0" failures="0" file="test_repeat_until_sized.py" name="test_repeat_until_sized.TestRepeatUntilSized-20220205182955" skipped="0" tests="1" time="0.001" timestamp="2022-02-05T18:29:55">
	<testcase classname="test_repeat_until_sized.TestRepeatUntilSized" file="spec/python/test_repeat_until_sized.py" line="8" name="test_repeat_until_sized" time="0.001" timestamp="2022-02-05T18:29:55">
		<system-out>
<![CDATA[]]>		</system-out>
		<system-err>
<![CDATA[]]>		</system-err>
	</testcase>
</testsuite>
