<?xml version="1.0" encoding="UTF-8"?>
<testsuite name="test_bits_byte_aligned.TestBitsByteAligned-20220210221125" tests="1" file="test_bits_byte_aligned.py" time="0.001" timestamp="2022-02-10T22:11:25" failures="0" errors="0" skipped="0">
	<testcase classname="test_bits_byte_aligned.TestBitsByteAligned" name="test_bits_byte_aligned" time="0.001" timestamp="2022-02-10T22:11:25" file="spec/python/test_bits_byte_aligned.py" line="8"/>
</testsuite>
