<?xml version="1.0" encoding="UTF-8"?>
<testsuite errors="0" failures="0" file="test_expr_ops_parens.py" name="test_expr_ops_parens.TestExprOpsParens-20230715064835" skipped="0" tests="1" time="0.001" timestamp="2023-07-15T06:48:35">
	<testcase classname="test_expr_ops_parens.TestExprOpsParens" file="spec/python/test_expr_ops_parens.py" line="8" name="test_expr_ops_parens" time="0.001" timestamp="2023-07-15T06:48:35">
		<system-out>
<![CDATA[]]>		</system-out>
		<system-err>
<![CDATA[]]>		</system-err>
	</testcase>
</testsuite>
