<?xml version="1.0" encoding="UTF-8"?>
<testsuite name="test_process_xor_const.TestProcessXorConst-20220801221616" tests="1" file="test_process_xor_const.py" time="0.000" timestamp="2022-08-01T22:16:16" failures="0" errors="0" skipped="0">
	<testcase classname="test_process_xor_const.TestProcessXorConst" name="test_process_xor_const" time="0.000" timestamp="2022-08-01T22:16:16" file="spec/python/test_process_xor_const.py" line="8"/>
</testsuite>
