<?xml version="1.0" encoding="UTF-8"?>
<testsuite errors="0" failures="0" name="test_process_to_user.TestProcessToUser-20181222103027" skipped="0" tests="1" time="0.001" timestamp="2018-12-22T10:30:27">
	<testcase classname="test_process_to_user.TestProcessToUser" name="test_process_to_user" time="0.001" timestamp="2018-12-22T10:30:27"/>
	<system-out>
<![CDATA[]]>	</system-out>
	<system-err>
<![CDATA[]]>	</system-err>
</testsuite>
