<?xml version="1.0" encoding="UTF-8"?>
<testsuite errors="0" failures="0" file="test_eof_exception_u4.py" name="test_eof_exception_u4.TestEofExceptionU4-20230708130216" skipped="0" tests="1" time="0.000" timestamp="2023-07-08T13:02:16">
	<testcase classname="test_eof_exception_u4.TestEofExceptionU4" file="spec/python/test_eof_exception_u4.py" line="7" name="test_eof_exception_u4" time="0.000" timestamp="2023-07-08T13:02:16">
		<system-out>
<![CDATA[]]>		</system-out>
		<system-err>
<![CDATA[]]>		</system-err>
	</testcase>
</testsuite>
