<?xml version="1.0" encoding="UTF-8"?>
<testsuite errors="0" failures="0" name="test_process_xor4_const.TestProcessXor4Const-20180410235833" skipped="0" tests="1" time="0.000" timestamp="2018-04-10T23:58:33">
	<testcase classname="test_process_xor4_const.TestProcessXor4Const" name="test_process_xor4_const" time="0.000" timestamp="2018-04-10T23:58:33"/>
	<system-out>
<![CDATA[]]>	</system-out>
	<system-err>
<![CDATA[]]>	</system-err>
</testsuite>
