<?xml version="1.0" encoding="UTF-8"?>
<testsuite errors="0" failures="0" name="test_default_endian_expr_inherited.TestDefaultEndianExprInherited-20180331095623" skipped="0" tests="1" time="0.000" timestamp="2018-03-31T09:56:23">
	<testcase classname="test_default_endian_expr_inherited.TestDefaultEndianExprInherited" name="test_default_endian_expr_inherited" time="0.000" timestamp="2018-03-31T09:56:23"/>
	<system-out>
<![CDATA[]]>	</system-out>
	<system-err>
<![CDATA[]]>	</system-err>
</testsuite>
