<?xml version="1.0" encoding="UTF-8"?>
<testsuite name="test_expr_bits.TestExprBits-20230707214036" tests="1" file="test_expr_bits.py" time="0.001" timestamp="2023-07-07T21:40:36" failures="0" errors="0" skipped="0">
	<testcase classname="test_expr_bits.TestExprBits" name="test_expr_bits" time="0.001" timestamp="2023-07-07T21:40:36" file="spec/python/test_expr_bits.py" line="8"/>
</testsuite>
