<?xml version="1.0" encoding="UTF-8"?>
<testsuite name="test_non_standard.TestNonStandard-20220801170217" tests="1" file="test_non_standard.py" time="0.000" timestamp="2022-08-01T17:02:17" failures="0" errors="0" skipped="0">
	<testcase classname="test_non_standard.TestNonStandard" name="test_non_standard" time="0.000" timestamp="2022-08-01T17:02:17" file="spec/python/test_non_standard.py" line="8"/>
</testsuite>
