<?xml version="1.0" encoding="UTF-8"?>
<testsuite errors="0" failures="0" file="test_bits_unaligned_b64_be.py" name="test_bits_unaligned_b64_be.TestBitsUnalignedB64Be-20220505210242" skipped="0" tests="1" time="0.001" timestamp="2022-05-05T21:02:42">
	<testcase classname="test_bits_unaligned_b64_be.TestBitsUnalignedB64Be" file="spec/python/test_bits_unaligned_b64_be.py" line="8" name="test_bits_unaligned_b64_be" time="0.001" timestamp="2022-05-05T21:02:42">
		<system-out>
<![CDATA[]]>		</system-out>
		<system-err>
<![CDATA[]]>		</system-err>
	</testcase>
</testsuite>
