<?xml version="1.0" encoding="UTF-8"?>
<testsuite errors="0" failures="0" name="test_term_bytes.TestTermBytes-20180423062516" skipped="0" tests="1" time="0.000" timestamp="2018-04-23T06:25:16">
	<testcase classname="test_term_bytes.TestTermBytes" name="test_term_bytes" time="0.000" timestamp="2018-04-23T06:25:16"/>
	<system-out>
<![CDATA[]]>	</system-out>
	<system-err>
<![CDATA[]]>	</system-err>
</testsuite>
