<?xml version="1.0" encoding="UTF-8"?>
<testsuite name="test_docstrings_docref_multi.TestDocstringsDocrefMulti-20200824175254" tests="1" file="test_docstrings_docref_multi.py" time="0.001" timestamp="2020-08-24T17:52:54" failures="0" errors="0" skipped="0">
	<testcase classname="test_docstrings_docref_multi.TestDocstringsDocrefMulti" name="test_docstrings_docref_multi" time="0.001" timestamp="2020-08-24T17:52:54" file="spec/python/test_docstrings_docref_multi.py" line="8">
		<system-out><![CDATA[]]></system-out>
		<system-err><![CDATA[]]></system-err>
	</testcase>
</testsuite>
