<?xml version="1.0" encoding="UTF-8"?>
<testsuite errors="0" failures="0" name="test_optional_id.TestOptionalId-20180423173100" skipped="0" tests="1" time="0.000" timestamp="2018-04-23T17:31:00">
	<testcase classname="test_optional_id.TestOptionalId" name="test_optional_id" time="0.000" timestamp="2018-04-23T17:31:00"/>
	<system-out>
<![CDATA[]]>	</system-out>
	<system-err>
<![CDATA[]]>	</system-err>
</testsuite>
