<?xml version="1.0" encoding="UTF-8"?>
<testsuite errors="1" failures="0" file="unittest/loader.py" name="unittest.loader._FailedTest-20220319214252" skipped="0" tests="1" time="0.001" timestamp="2022-03-19T21:42:52">
	<testcase classname="unittest.loader._FailedTest" file="/opt/python/3.4.8/lib/python3.4/unittest/loader.py" line="32" name="test_expr_bytes_literal" time="0.001" timestamp="2022-03-19T21:42:52">
		<error message="Failed to import test module: test_expr_bytes_literal
Traceback (most recent call last):
  File &quot;/opt/python/3.4.8/lib/python3.4/unittest/loader.py&quot;, line 323, in _find_tests
    module = self._get_module_from_name(name)
  File &quot;/opt/python/3.4.8/lib/python3.4/unittest/loader.py&quot;, line 301, in _get_module_from_name
    __import__(name)
  File &quot;/home/travis/build/kaitai-io/ci_targets/tests/spec/python/test_expr_bytes_literal.py&quot;, line 5, in &lt;module&gt;
    from expr_bytes_literal import ExprBytesLiteral
ImportError: No module named 'expr_bytes_literal'
" type="ImportError">
<![CDATA[Traceback (most recent call last):
  File "/opt/python/3.4.8/lib/python3.4/unittest/case.py", line 58, in testPartExecutor
    yield
  File "/opt/python/3.4.8/lib/python3.4/unittest/case.py", line 580, in run
    testMethod()
  File "/opt/python/3.4.8/lib/python3.4/unittest/loader.py", line 33, in testFailure
    raise self._exception
ImportError: Failed to import test module: test_expr_bytes_literal
Traceback (most recent call last):
  File "/opt/python/3.4.8/lib/python3.4/unittest/loader.py", line 323, in _find_tests
    module = self._get_module_from_name(name)
  File "/opt/python/3.4.8/lib/python3.4/unittest/loader.py", line 301, in _get_module_from_name
    __import__(name)
  File "/home/travis/build/kaitai-io/ci_targets/tests/spec/python/test_expr_bytes_literal.py", line 5, in <module>
    from expr_bytes_literal import ExprBytesLiteral
ImportError: No module named 'expr_bytes_literal'

]]>		</error>
		<system-out>
<![CDATA[]]>		</system-out>
		<system-err>
<![CDATA[]]>		</system-err>
	</testcase>
</testsuite>
