<?xml version="1.0" encoding="UTF-8"?>
<testsuite name="test_hello_world.TestHelloWorld-20220617122750" tests="1" file="test_hello_world.py" time="0.000" timestamp="2022-06-17T12:27:50" failures="0" errors="0" skipped="0">
	<testcase classname="test_hello_world.TestHelloWorld" name="test_hello_world" time="0.000" timestamp="2022-06-17T12:27:50" file="spec/python/test_hello_world.py" line="8"/>
</testsuite>
