<?xml version="1.0" encoding="UTF-8"?>
<testsuite name="test_opaque_external_type.TestOpaqueExternalType-20211106194833" tests="1" file="test_opaque_external_type.py" time="0.001" timestamp="2021-11-06T19:48:33" failures="0" errors="0" skipped="0">
	<testcase classname="test_opaque_external_type.TestOpaqueExternalType" name="test_opaque_external_type" time="0.001" timestamp="2021-11-06T19:48:33" file="spec/python/test_opaque_external_type.py" line="6"/>
</testsuite>
