<?xml version="1.0" encoding="UTF-8"?>
<testsuite errors="0" failures="0" name="test_instance_io_user.TestInstanceIoUser-20170705134349" skipped="0" tests="1" time="0.000">
	<testcase classname="test_instance_io_user.TestInstanceIoUser" name="test_instance_io_user" time="0.000"/>
	<system-out>
<![CDATA[]]>	</system-out>
	<system-err>
<![CDATA[]]>	</system-err>
</testsuite>
