<?xml version="1.0" encoding="UTF-8"?>
<testsuite name="test_repeat_until_complex.TestRepeatUntilComplex-20220205182945" tests="1" file="test_repeat_until_complex.py" time="0.003" timestamp="2022-02-05T18:29:46" failures="0" errors="0" skipped="0">
	<testcase classname="test_repeat_until_complex.TestRepeatUntilComplex" name="test_repeat_until_complex" time="0.003" timestamp="2022-02-05T18:29:46" file="spec/python/test_repeat_until_complex.py" line="8"/>
</testsuite>
