<?xml version="1.0" encoding="UTF-8"?>
<testsuite name="test_imports_rel_1.TestImportsRel1-20230719212545" tests="1" file="test_imports_rel_1.py" time="0.001" timestamp="2023-07-19T21:25:45" failures="0" errors="0" skipped="0">
	<testcase classname="test_imports_rel_1.TestImportsRel1" name="test_imports_rel_1" time="0.001" timestamp="2023-07-19T21:25:45" file="spec/python/test_imports_rel_1.py" line="8"/>
</testsuite>
