<?xml version="1.0" encoding="UTF-8"?>
<testsuite errors="1" failures="0" file="test_valid_fail_anyof_int.py" name="test_valid_fail_anyof_int.TestValidFailAnyofInt-20200111155728" skipped="0" tests="1" time="0.001" timestamp="2020-01-11T15:57:28">
	<testcase classname="test_valid_fail_anyof_int.TestValidFailAnyofInt" file="spec/python/test_valid_fail_anyof_int.py" line="9" name="test_valid_fail_anyof_int" time="0.001" timestamp="2020-01-11T15:57:28">
		<error message="module 'kaitaistruct' has no attribute 'ValidationNotAnyOfError'" type="AttributeError">
<![CDATA[Traceback (most recent call last):
  File "/home/travis/build/kaitai-io/ci_targets/tests/spec/python/test_valid_fail_anyof_int.py", line 10, in test_valid_fail_anyof_int
    with self.assertRaises(kaitaistruct.ValidationNotAnyOfError):
AttributeError: module 'kaitaistruct' has no attribute 'ValidationNotAnyOfError'
]]>		</error>
		<system-out>
<![CDATA[]]>		</system-out>
		<system-err>
<![CDATA[]]>		</system-err>
	</testcase>
</testsuite>
