<?xml version="1.0" encoding="UTF-8"?>
<testsuite name="test_imports_abs_abs.TestImportsAbsAbs-20220409014641" tests="1" file="test_imports_abs_abs.py" time="0.001" timestamp="2022-04-09T01:46:41" failures="0" errors="0" skipped="0">
	<testcase classname="test_imports_abs_abs.TestImportsAbsAbs" name="test_imports_abs_abs" time="0.001" timestamp="2022-04-09T01:46:41" file="spec/python/test_imports_abs_abs.py" line="6"/>
</testsuite>
