<?xml version="1.0" encoding="UTF-8"?>
<testsuite name="test_process_xor4_const.TestProcessXor4Const-20220801170217" tests="1" file="test_process_xor4_const.py" time="0.001" timestamp="2022-08-01T17:02:17" failures="0" errors="0" skipped="0">
	<testcase classname="test_process_xor4_const.TestProcessXor4Const" name="test_process_xor4_const" time="0.001" timestamp="2022-08-01T17:02:17" file="spec/python/test_process_xor4_const.py" line="8"/>
</testsuite>
