<?xml version="1.0" encoding="UTF-8"?>
<testsuite errors="0" failures="0" file="test_process_xor_const.py" name="test_process_xor_const.TestProcessXorConst-20220319214140" skipped="0" tests="1" time="0.000" timestamp="2022-03-19T21:41:40">
	<testcase classname="test_process_xor_const.TestProcessXorConst" file="spec/python/test_process_xor_const.py" line="8" name="test_process_xor_const" time="0.000" timestamp="2022-03-19T21:41:40">
		<system-out>
<![CDATA[]]>		</system-out>
		<system-err>
<![CDATA[]]>		</system-err>
	</testcase>
</testsuite>
