<?xml version="1.0" encoding="UTF-8"?>
<testsuite errors="0" failures="0" file="test_nested_same_name2.py" name="test_nested_same_name2.TestNestedSameName2-20200606072548" skipped="0" tests="1" time="0.001" timestamp="2020-06-06T07:25:49">
	<testcase classname="test_nested_same_name2.TestNestedSameName2" file="spec/python/test_nested_same_name2.py" line="8" name="test_nested_same_name2" time="0.001" timestamp="2020-06-06T07:25:49">
		<system-out>
<![CDATA[]]>		</system-out>
		<system-err>
<![CDATA[]]>		</system-err>
	</testcase>
</testsuite>
