<?xml version="1.0" encoding="UTF-8"?>
<testsuite errors="0" failures="0" name="test_debug_array_user.TestDebugArrayUser-20181108222409" skipped="0" tests="1" time="0.000" timestamp="2018-11-08T22:24:09">
	<testcase classname="test_debug_array_user.TestDebugArrayUser" name="test_debug_array_user" time="0.000" timestamp="2018-11-08T22:24:09"/>
	<system-out>
<![CDATA[]]>	</system-out>
	<system-err>
<![CDATA[]]>	</system-err>
</testsuite>
