<?xml version="1.0" encoding="UTF-8"?>
<testsuite name="test_expr_bytes_ops.TestExprBytesOps-20200229093312" tests="1" file="test_expr_bytes_ops.py" time="0.001" timestamp="2020-02-29T09:33:12" failures="0" errors="0" skipped="0">
	<testcase classname="test_expr_bytes_ops.TestExprBytesOps" name="test_expr_bytes_ops" time="0.001" timestamp="2020-02-29T09:33:12" file="spec/python/test_expr_bytes_ops.py" line="8">
		<system-out><![CDATA[]]></system-out>
		<system-err><![CDATA[]]></system-err>
	</testcase>
</testsuite>
