<?xml version="1.0" encoding="UTF-8"?>
<testsuite name="test_process_coerce_usertype2.TestProcessCoerceUsertype2-20230705114124" tests="1" file="test_process_coerce_usertype2.py" time="0.000" timestamp="2023-07-05T11:41:24" failures="0" errors="0" skipped="0">
	<testcase classname="test_process_coerce_usertype2.TestProcessCoerceUsertype2" name="test_process_coerce_usertype2" time="0.000" timestamp="2023-07-05T11:41:24" file="spec/python/test_process_coerce_usertype2.py" line="8"/>
</testsuite>
