<?xml version="1.0" encoding="UTF-8"?>
<testsuite errors="0" failures="0" file="test_docstrings_docref_multi.py" name="test_docstrings_docref_multi.TestDocstringsDocrefMulti-20191021184033" skipped="0" tests="1" time="0.000" timestamp="2019-10-21T18:40:33">
	<testcase classname="test_docstrings_docref_multi.TestDocstringsDocrefMulti" file="spec/python/test_docstrings_docref_multi.py" line="8" name="test_docstrings_docref_multi" time="0.000" timestamp="2019-10-21T18:40:33">
		<system-out>
<![CDATA[]]>		</system-out>
		<system-err>
<![CDATA[]]>		</system-err>
	</testcase>
</testsuite>
