<?xml version="1.0" encoding="UTF-8"?>
<testsuite errors="0" failures="0" file="test_process_custom_no_args.py" name="test_process_custom_no_args.TestProcessCustomNoArgs-20230628194049" skipped="0" tests="1" time="0.001" timestamp="2023-06-28T19:40:49">
	<testcase classname="test_process_custom_no_args.TestProcessCustomNoArgs" file="spec/python/test_process_custom_no_args.py" line="8" name="test_process_custom_no_args" time="0.001" timestamp="2023-06-28T19:40:49">
		<system-out>
<![CDATA[]]>		</system-out>
		<system-err>
<![CDATA[]]>		</system-err>
	</testcase>
</testsuite>
