<?xml version="1.0" encoding="UTF-8"?>
<testsuite errors="0" failures="0" file="test_enum_for_unknown_id.py" name="test_enum_for_unknown_id.TestEnumForUnknownId-20220318130342" skipped="0" tests="1" time="0.000" timestamp="2022-03-18T13:03:42">
	<testcase classname="test_enum_for_unknown_id.TestEnumForUnknownId" file="spec/python/test_enum_for_unknown_id.py" line="8" name="test_enum_for_unknown_id" time="0.000" timestamp="2022-03-18T13:03:42">
		<system-out>
<![CDATA[]]>		</system-out>
		<system-err>
<![CDATA[]]>		</system-err>
	</testcase>
</testsuite>
