<?xml version="1.0" encoding="UTF-8"?>
<testsuite errors="0" failures="0" name="test_debug_0.TestDebug0-20170901153941" skipped="0" tests="1" time="0.000">
	<testcase classname="test_debug_0.TestDebug0" name="test_debug_0" time="0.000"/>
	<system-out>
<![CDATA[]]>	</system-out>
	<system-err>
<![CDATA[]]>	</system-err>
</testsuite>
