<?xml version="1.0" encoding="UTF-8"?>
<testsuite errors="0" failures="0" file="test_process_to_user.py" name="test_process_to_user.TestProcessToUser-20190317163105" skipped="0" tests="1" time="0.001" timestamp="2019-03-17T16:31:05">
	<testcase classname="test_process_to_user.TestProcessToUser" file="spec/python/test_process_to_user.py" line="8" name="test_process_to_user" time="0.001" timestamp="2019-03-17T16:31:05"/>
</testsuite>
