<?xml version="1.0" encoding="UTF-8"?>
<testsuite errors="0" failures="0" file="test_process_coerce_switch.py" name="test_process_coerce_switch.TestProcessCoerceSwitch-20190321143929" skipped="0" tests="1" time="0.001" timestamp="2019-03-21T14:39:29">
	<testcase classname="test_process_coerce_switch.TestProcessCoerceSwitch" file="spec/python/test_process_coerce_switch.py" line="8" name="test_process_coerce_switch" time="0.001" timestamp="2019-03-21T14:39:29"/>
</testsuite>
