<?xml version="1.0" encoding="UTF-8"?>
<testsuite name="test_expr_to_i_trailing.TestExprToITrailing" tests="1" file="test_expr_to_i_trailing.py" time="0.001" timestamp="2023-07-27T22:37:20" failures="0" errors="0" skipped="0">
	<testcase classname="test_expr_to_i_trailing.TestExprToITrailing" name="test_expr_to_i_trailing" time="0.001" timestamp="2023-07-27T22:37:20" file="spec/python/test_expr_to_i_trailing.py" line="9"/>
</testsuite>
