<?xml version="1.0" encoding="UTF-8"?>
<testsuite errors="0" failures="0" name="test_str_encodings.TestStrEncodings-20180407113950" skipped="0" tests="1" time="0.006" timestamp="2018-04-07T11:39:50">
	<testcase classname="test_str_encodings.TestStrEncodings" name="test_str_encodings" time="0.006" timestamp="2018-04-07T11:39:50"/>
	<system-out>
<![CDATA[]]>	</system-out>
	<system-err>
<![CDATA[]]>	</system-err>
</testsuite>
