<?xml version="1.0" encoding="UTF-8"?>
<testsuite errors="0" failures="0" file="test_js_signed_right_shift.py" name="test_js_signed_right_shift.TestJsSignedRightShift-20220505210358" skipped="0" tests="1" time="0.001" timestamp="2022-05-05T21:03:58">
	<testcase classname="test_js_signed_right_shift.TestJsSignedRightShift" file="spec/python/test_js_signed_right_shift.py" line="8" name="test_js_signed_right_shift" time="0.001" timestamp="2022-05-05T21:03:58">
		<system-out>
<![CDATA[]]>		</system-out>
		<system-err>
<![CDATA[]]>		</system-err>
	</testcase>
</testsuite>
