<?xml version="1.0" encoding="UTF-8"?>
<testsuite errors="0" failures="0" name="test_switch_manual_int_size.TestSwitchManualIntSize-20180422171525" skipped="0" tests="1" time="0.001" timestamp="2018-04-22T17:15:25">
	<testcase classname="test_switch_manual_int_size.TestSwitchManualIntSize" name="test_switch_manual_int_size" time="0.001" timestamp="2018-04-22T17:15:25"/>
	<system-out>
<![CDATA[]]>	</system-out>
	<system-err>
<![CDATA[]]>	</system-err>
</testsuite>
