<?xml version="1.0" encoding="UTF-8"?>
<testsuite name="test_docstrings_docref.TestDocstringsDocref-20200216171907" tests="1" file="test_docstrings_docref.py" time="0.001" timestamp="2020-02-16T17:19:07" failures="0" errors="0" skipped="0">
	<testcase classname="test_docstrings_docref.TestDocstringsDocref" name="test_docstrings_docref" time="0.001" timestamp="2020-02-16T17:19:07" file="spec/python/test_docstrings_docref.py" line="8">
		<system-out><![CDATA[]]></system-out>
		<system-err><![CDATA[]]></system-err>
	</testcase>
</testsuite>
