<?xml version="1.0" encoding="UTF-8"?>
<testsuite errors="0" failures="0" name="test_if_values.TestIfValues-20180708142110" skipped="0" tests="1" time="0.000" timestamp="2018-07-08T14:21:10">
	<testcase classname="test_if_values.TestIfValues" name="test_if_values" time="0.000" timestamp="2018-07-08T14:21:10"/>
	<system-out>
<![CDATA[]]>	</system-out>
	<system-err>
<![CDATA[]]>	</system-err>
</testsuite>
