<?xml version="1.0" encoding="UTF-8"?>
<testsuite errors="0" failures="0" file="test_switch_cast.py" name="test_switch_cast.TestSwitchCast-20201106111514" skipped="0" tests="1" time="0.000" timestamp="2020-11-06T11:15:14">
	<testcase classname="test_switch_cast.TestSwitchCast" file="spec/python/test_switch_cast.py" line="6" name="test_switch_cast" time="0.000" timestamp="2020-11-06T11:15:14">
		<system-out>
<![CDATA[]]>		</system-out>
		<system-err>
<![CDATA[]]>		</system-err>
	</testcase>
</testsuite>
