<?xml version="1.0" encoding="UTF-8"?>
<testsuite name="test_str_pad_term_empty.TestStrPadTermEmpty-20220205182945" tests="1" file="test_str_pad_term_empty.py" time="0.001" timestamp="2022-02-05T18:29:46" failures="0" errors="0" skipped="0">
	<testcase classname="test_str_pad_term_empty.TestStrPadTermEmpty" name="test_str_pad_term_empty" time="0.001" timestamp="2022-02-05T18:29:46" file="spec/python/test_str_pad_term_empty.py" line="8"/>
</testsuite>
