<?xml version="1.0" encoding="UTF-8"?>
<testsuite errors="0" failures="0" file="test_expr_sizeof_value_0.py" name="test_expr_sizeof_value_0.TestExprSizeofValue0-20200316211551" skipped="0" tests="1" time="0.000" timestamp="2020-03-16T21:15:51">
	<testcase classname="test_expr_sizeof_value_0.TestExprSizeofValue0" file="spec/python/test_expr_sizeof_value_0.py" line="8" name="test_expr_sizeof_value_0" time="0.000" timestamp="2020-03-16T21:15:51">
		<system-out>
<![CDATA[]]>		</system-out>
		<system-err>
<![CDATA[]]>		</system-err>
	</testcase>
</testsuite>
