<?xml version="1.0" encoding="UTF-8"?>
<testsuite name="test_instance_std.TestInstanceStd-20220205182945" tests="1" file="test_instance_std.py" time="0.000" timestamp="2022-02-05T18:29:45" failures="0" errors="0" skipped="0">
	<testcase classname="test_instance_std.TestInstanceStd" name="test_instance_std" time="0.000" timestamp="2022-02-05T18:29:45" file="spec/python/test_instance_std.py" line="8"/>
</testsuite>
