<?xml version="1.0" encoding="UTF-8"?>
<testsuite name="test_zlib_surrounded.TestZlibSurrounded-20200509192903" tests="1" file="test_zlib_surrounded.py" time="0.001" timestamp="2020-05-09T19:29:03" failures="0" errors="0" skipped="0">
	<testcase classname="test_zlib_surrounded.TestZlibSurrounded" name="test_zlib_surrounded" time="0.001" timestamp="2020-05-09T19:29:03" file="spec/python/test_zlib_surrounded.py" line="8">
		<system-out><![CDATA[]]></system-out>
		<system-err><![CDATA[]]></system-err>
	</testcase>
</testsuite>
