<?xml version="1.0" encoding="UTF-8"?>
<testsuite name="test_cast_nested.TestCastNested-20230719145833" tests="1" file="test_cast_nested.py" time="0.000" timestamp="2023-07-19T14:58:33" failures="0" errors="0" skipped="0">
	<testcase classname="test_cast_nested.TestCastNested" name="test_cast_nested" time="0.000" timestamp="2023-07-19T14:58:33" file="spec/python/test_cast_nested.py" line="8"/>
</testsuite>
