<?xml version="1.0" encoding="UTF-8"?>
<testsuite name="test_repeat_eos_u4.TestRepeatEosU4-20211114130459" tests="1" file="test_repeat_eos_u4.py" time="0.001" timestamp="2021-11-14T13:04:59" failures="0" errors="0" skipped="0">
	<testcase classname="test_repeat_eos_u4.TestRepeatEosU4" name="test_repeat_eos_u4" time="0.001" timestamp="2021-11-14T13:04:59" file="spec/python/test_repeat_eos_u4.py" line="8"/>
</testsuite>
