<?xml version="1.0" encoding="UTF-8"?>
<testsuite name="test_imports_circular_a.TestImportsCircularA-20200409204525" tests="1" file="test_imports_circular_a.py" time="0.001" timestamp="2020-04-09T20:45:25" failures="0" errors="0" skipped="0">
	<testcase classname="test_imports_circular_a.TestImportsCircularA" name="test_imports_circular_a" time="0.001" timestamp="2020-04-09T20:45:25" file="spec/python/test_imports_circular_a.py" line="6">
		<system-out><![CDATA[]]></system-out>
		<system-err><![CDATA[]]></system-err>
	</testcase>
</testsuite>
