<?xml version="1.0" encoding="UTF-8"?>
<testsuite name="test_nav_parent_override.TestNavParentOverride-20220623172918" tests="1" file="test_nav_parent_override.py" time="0.001" timestamp="2022-06-23T17:29:18" failures="0" errors="0" skipped="0">
	<testcase classname="test_nav_parent_override.TestNavParentOverride" name="test_nav_parent_override" time="0.001" timestamp="2022-06-23T17:29:18" file="spec/python/test_nav_parent_override.py" line="8"/>
</testsuite>
