<?xml version="1.0" encoding="UTF-8"?>
<testsuite errors="0" failures="0" file="test_process_custom_no_args.py" name="test_process_custom_no_args.TestProcessCustomNoArgs-20200329091952" skipped="0" tests="1" time="0.000" timestamp="2020-03-29T09:19:52">
	<testcase classname="test_process_custom_no_args.TestProcessCustomNoArgs" file="spec/python/test_process_custom_no_args.py" line="8" name="test_process_custom_no_args" time="0.000" timestamp="2020-03-29T09:19:52">
		<system-out>
<![CDATA[]]>		</system-out>
		<system-err>
<![CDATA[]]>		</system-err>
	</testcase>
</testsuite>
