<?xml version="1.0" encoding="UTF-8"?>
<testsuite name="test_term_u1_val.TestTermU1Val-20230721073730" tests="1" file="test_term_u1_val.py" time="0.000" timestamp="2023-07-21T07:37:30" failures="0" errors="0" skipped="0">
	<testcase classname="test_term_u1_val.TestTermU1Val" name="test_term_u1_val" time="0.000" timestamp="2023-07-21T07:37:30" file="spec/python/test_term_u1_val.py" line="8"/>
</testsuite>
