<?xml version="1.0" encoding="UTF-8"?>
<testsuite name="test_bits_enum.TestBitsEnum-20230721074320" tests="1" file="test_bits_enum.py" time="0.000" timestamp="2023-07-21T07:43:20" failures="0" errors="0" skipped="0">
	<testcase classname="test_bits_enum.TestBitsEnum" name="test_bits_enum" time="0.000" timestamp="2023-07-21T07:43:20" file="spec/python/test_bits_enum.py" line="8"/>
</testsuite>
