<?xml version="1.0" encoding="UTF-8"?>
<testsuite errors="0" failures="0" file="test_switch_manual_int_size_else.py" name="test_switch_manual_int_size_else.TestSwitchManualIntSizeElse-20191124111326" skipped="0" tests="1" time="0.002" timestamp="2019-11-24T11:13:26">
	<testcase classname="test_switch_manual_int_size_else.TestSwitchManualIntSizeElse" file="spec/python/test_switch_manual_int_size_else.py" line="8" name="test_switch_manual_int_size_else" time="0.002" timestamp="2019-11-24T11:13:26">
		<system-out>
<![CDATA[]]>		</system-out>
		<system-err>
<![CDATA[]]>		</system-err>
	</testcase>
</testsuite>
