<?xml version="1.0" encoding="UTF-8"?>
<testsuite name="test_switch_manual_enum.TestSwitchManualEnum-20230705115620" tests="1" file="test_switch_manual_enum.py" time="0.001" timestamp="2023-07-05T11:56:20" failures="0" errors="0" skipped="0">
	<testcase classname="test_switch_manual_enum.TestSwitchManualEnum" name="test_switch_manual_enum" time="0.001" timestamp="2023-07-05T11:56:20" file="spec/python/test_switch_manual_enum.py" line="8"/>
</testsuite>
