<?xml version="1.0" encoding="UTF-8"?>
<testsuite name="test_expr_ops_parens.TestExprOpsParens-20200823222712" tests="1" file="test_expr_ops_parens.py" time="0.001" timestamp="2020-08-23T22:27:12" failures="0" errors="0" skipped="0">
	<testcase classname="test_expr_ops_parens.TestExprOpsParens" name="test_expr_ops_parens" time="0.001" timestamp="2020-08-23T22:27:12" file="spec/python/test_expr_ops_parens.py" line="8">
		<system-out><![CDATA[]]></system-out>
		<system-err><![CDATA[]]></system-err>
	</testcase>
</testsuite>
