<?xml version="1.0" encoding="UTF-8"?>
<testsuite errors="0" failures="0" file="test_opaque_external_type.py" name="test_opaque_external_type.TestOpaqueExternalType-20200412221553" skipped="0" tests="1" time="0.000" timestamp="2020-04-12T22:15:53">
	<testcase classname="test_opaque_external_type.TestOpaqueExternalType" file="spec/python/test_opaque_external_type.py" line="6" name="test_opaque_external_type" time="0.000" timestamp="2020-04-12T22:15:53">
		<system-out>
<![CDATA[]]>		</system-out>
		<system-err>
<![CDATA[]]>		</system-err>
	</testcase>
</testsuite>
