<?xml version="1.0" encoding="UTF-8"?>
<testsuite name="test_nav_parent_switch.TestNavParentSwitch-20230627085638" tests="1" file="test_nav_parent_switch.py" time="0.001" timestamp="2023-06-27T08:56:38" failures="0" errors="0" skipped="0">
	<testcase classname="test_nav_parent_switch.TestNavParentSwitch" name="test_nav_parent_switch" time="0.001" timestamp="2023-06-27T08:56:38" file="spec/python/test_nav_parent_switch.py" line="8"/>
</testsuite>
