<?xml version="1.0" encoding="UTF-8"?>
<testsuite errors="0" failures="0" file="test_position_to_end.py" name="test_position_to_end.TestPositionToEnd-20190320081957" skipped="0" tests="1" time="0.001" timestamp="2019-03-20T08:19:58">
	<testcase classname="test_position_to_end.TestPositionToEnd" file="spec/python/test_position_to_end.py" line="8" name="test_position_to_end" time="0.001" timestamp="2019-03-20T08:19:58"/>
</testsuite>
