<?xml version="1.0" encoding="UTF-8"?>
<testsuite errors="0" failures="0" name="test_expr_2.TestExpr2-20180423061513" skipped="0" tests="1" time="0.000" timestamp="2018-04-23T06:15:13">
	<testcase classname="test_expr_2.TestExpr2" name="test_expr_2" time="0.000" timestamp="2018-04-23T06:15:13"/>
	<system-out>
<![CDATA[]]>	</system-out>
	<system-err>
<![CDATA[]]>	</system-err>
</testsuite>
