<?xml version="1.0" encoding="UTF-8"?>
<testsuite errors="0" failures="0" file="test_process_coerce_switch.py" name="test_process_coerce_switch.TestProcessCoerceSwitch-20190319025525" skipped="0" tests="1" time="0.001" timestamp="2019-03-19T02:55:25">
	<testcase classname="test_process_coerce_switch.TestProcessCoerceSwitch" file="spec/python/test_process_coerce_switch.py" line="8" name="test_process_coerce_switch" time="0.001" timestamp="2019-03-19T02:55:25"/>
</testsuite>
