<?xml version="1.0" encoding="UTF-8"?>
<testsuite name="test_process_rotate.TestProcessRotate-20200415222136" tests="1" file="test_process_rotate.py" time="0.001" timestamp="2020-04-15T22:21:36" failures="0" errors="0" skipped="0">
	<testcase classname="test_process_rotate.TestProcessRotate" name="test_process_rotate" time="0.001" timestamp="2020-04-15T22:21:36" file="spec/python/test_process_rotate.py" line="8">
		<system-out><![CDATA[]]></system-out>
		<system-err><![CDATA[]]></system-err>
	</testcase>
</testsuite>
