<?xml version="1.0" encoding="UTF-8"?>
<testsuite errors="0" failures="0" file="test_nav_parent_switch_cast.py" name="test_nav_parent_switch_cast.TestNavParentSwitchCast-20200404143247" skipped="0" tests="1" time="0.001" timestamp="2020-04-04T14:32:47">
	<testcase classname="test_nav_parent_switch_cast.TestNavParentSwitchCast" file="spec/python/test_nav_parent_switch_cast.py" line="8" name="test_nav_parent_switch_cast" time="0.001" timestamp="2020-04-04T14:32:47">
		<system-out>
<![CDATA[]]>		</system-out>
		<system-err>
<![CDATA[]]>		</system-err>
	</testcase>
</testsuite>
