<?xml version="1.0" encoding="UTF-8"?>
<testsuite name="test_bcd_user_type_be.TestBcdUserTypeBe-20200726213831" tests="1" file="test_bcd_user_type_be.py" time="0.006" timestamp="2020-07-26T21:38:31" failures="0" errors="0" skipped="0">
	<testcase classname="test_bcd_user_type_be.TestBcdUserTypeBe" name="test_bcd_user_type_be" time="0.006" timestamp="2020-07-26T21:38:31" file="spec/python/test_bcd_user_type_be.py" line="8">
		<system-out><![CDATA[]]></system-out>
		<system-err><![CDATA[]]></system-err>
	</testcase>
</testsuite>
