<?xml version="1.0" encoding="UTF-8"?>
<testsuite errors="0" failures="0" file="test_combine_bytes.py" name="test_combine_bytes.TestCombineBytes-20230705162047" skipped="0" tests="1" time="0.000" timestamp="2023-07-05T16:20:47">
	<testcase classname="test_combine_bytes.TestCombineBytes" file="spec/python/test_combine_bytes.py" line="8" name="test_combine_bytes" time="0.000" timestamp="2023-07-05T16:20:47">
		<system-out>
<![CDATA[]]>		</system-out>
		<system-err>
<![CDATA[]]>		</system-err>
	</testcase>
</testsuite>
