<?xml version="1.0" encoding="UTF-8"?>
<testsuite name="test_if_values.TestIfValues-20211114130459" tests="1" file="test_if_values.py" time="0.001" timestamp="2021-11-14T13:04:59" failures="0" errors="0" skipped="0">
	<testcase classname="test_if_values.TestIfValues" name="test_if_values" time="0.001" timestamp="2021-11-14T13:04:59" file="spec/python/test_if_values.py" line="8"/>
</testsuite>
