<?xml version="1.0" encoding="UTF-8"?>
<testsuite name="test_nav_parent_vs_value_inst.TestNavParentVsValueInst-20200824175254" tests="1" file="test_nav_parent_vs_value_inst.py" time="0.001" timestamp="2020-08-24T17:52:55" failures="0" errors="0" skipped="0">
	<testcase classname="test_nav_parent_vs_value_inst.TestNavParentVsValueInst" name="test_nav_parent_vs_value_inst" time="0.001" timestamp="2020-08-24T17:52:55" file="spec/python/test_nav_parent_vs_value_inst.py" line="8">
		<system-out><![CDATA[]]></system-out>
		<system-err><![CDATA[]]></system-err>
	</testcase>
</testsuite>
