<?xml version="1.0" encoding="UTF-8"?>
<testsuite name="test_valid_fail_range_int.TestValidFailRangeInt-20230708211613" tests="1" file="test_valid_fail_range_int.py" time="0.000" timestamp="2023-07-08T21:16:13" failures="0" errors="0" skipped="0">
	<testcase classname="test_valid_fail_range_int.TestValidFailRangeInt" name="test_valid_fail_range_int" time="0.000" timestamp="2023-07-08T21:16:13" file="spec/python/test_valid_fail_range_int.py" line="9"/>
</testsuite>
