<?xml version="1.0" encoding="UTF-8"?>
<testsuite errors="0" failures="0" name="test_opaque_external_type_02_parent.TestOpaqueExternalType02Parent-20170501212407" skipped="0" tests="1" time="0.000">
	<testcase classname="test_opaque_external_type_02_parent.TestOpaqueExternalType02Parent" name="test_opaque_external_type_02_parent" time="0.000"/>
	<system-out>
<![CDATA[]]>	</system-out>
	<system-err>
<![CDATA[]]>	</system-err>
</testsuite>
