<?xml version="1.0" encoding="UTF-8"?>
<testsuite errors="0" failures="0" file="test_process_coerce_switch.py" name="test_process_coerce_switch.TestProcessCoerceSwitch-20220415203123" skipped="0" tests="1" time="0.000" timestamp="2022-04-15T20:31:23">
	<testcase classname="test_process_coerce_switch.TestProcessCoerceSwitch" file="spec/python/test_process_coerce_switch.py" line="8" name="test_process_coerce_switch" time="0.000" timestamp="2022-04-15T20:31:23">
		<system-out>
<![CDATA[]]>		</system-out>
		<system-err>
<![CDATA[]]>		</system-err>
	</testcase>
</testsuite>
