<?xml version="1.0" encoding="UTF-8"?>
<testsuite name="test_nested_same_name.TestNestedSameName-20220210221125" tests="1" file="test_nested_same_name.py" time="0.001" timestamp="2022-02-10T22:11:25" failures="0" errors="0" skipped="0">
	<testcase classname="test_nested_same_name.TestNestedSameName" name="test_nested_same_name" time="0.001" timestamp="2022-02-10T22:11:25" file="spec/python/test_nested_same_name.py" line="8"/>
</testsuite>
