<?xml version="1.0" encoding="UTF-8"?>
<testsuite name="test_debug_enum_name.TestDebugEnumName-20230721160010" tests="1" file="test_debug_enum_name.py" time="0.000" timestamp="2023-07-21T16:00:10" failures="0" errors="0" skipped="0">
	<testcase classname="test_debug_enum_name.TestDebugEnumName" name="test_debug_enum_name" time="0.000" timestamp="2023-07-21T16:00:10" file="spec/python/test_debug_enum_name.py" line="6"/>
</testsuite>
