<?xml version="1.0" encoding="UTF-8"?>
<testsuite errors="0" failures="0" file="test_switch_manual_int_size.py" name="test_switch_manual_int_size.TestSwitchManualIntSize-20190318121737" skipped="0" tests="1" time="0.001" timestamp="2019-03-18T12:17:37">
	<testcase classname="test_switch_manual_int_size.TestSwitchManualIntSize" file="spec/python/test_switch_manual_int_size.py" line="6" name="test_switch_manual_int_size" time="0.001" timestamp="2019-03-18T12:17:37"/>
</testsuite>
