<?xml version="1.0" encoding="UTF-8"?>
<testsuite errors="0" failures="0" file="test_default_bit_endian_mod.py" name="test_default_bit_endian_mod.TestDefaultBitEndianMod-20200801155421" skipped="0" tests="1" time="0.001" timestamp="2020-08-01T15:54:21">
	<testcase classname="test_default_bit_endian_mod.TestDefaultBitEndianMod" file="spec/python/test_default_bit_endian_mod.py" line="8" name="test_default_bit_endian_mod" time="0.001" timestamp="2020-08-01T15:54:21">
		<system-out>
<![CDATA[]]>		</system-out>
		<system-err>
<![CDATA[]]>		</system-err>
	</testcase>
</testsuite>
