<?xml version="1.0" encoding="UTF-8"?>
<testsuite name="unittest.loader._FailedTest-20220623171410" tests="1" file="unittest/loader.py" time="0.000" timestamp="2022-06-23T17:14:11" failures="0" errors="1" skipped="0">
	<testcase classname="unittest.loader._FailedTest" name="test_expr_bytes_non_literal" time="0.000" timestamp="2022-06-23T17:14:11" file="/opt/python/3.10.4/lib/python3.10/unittest/loader.py" line="33">
		<error type="ImportError" message="Failed to import test module: test_expr_bytes_non_literal
Traceback (most recent call last):
  File &quot;/opt/python/3.10.4/lib/python3.10/unittest/loader.py&quot;, line 436, in _find_test_path
    module = self._get_module_from_name(name)
  File &quot;/opt/python/3.10.4/lib/python3.10/unittest/loader.py&quot;, line 377, in _get_module_from_name
    __import__(name)
  File &quot;/home/travis/build/kaitai-io/ci_targets/tests/spec/python/test_expr_bytes_non_literal.py&quot;, line 5, in &lt;module&gt;
    from expr_bytes_non_literal import ExprBytesNonLiteral
ModuleNotFoundError: No module named 'expr_bytes_non_literal'
"><![CDATA[ImportError: Failed to import test module: test_expr_bytes_non_literal
Traceback (most recent call last):
  File "/opt/python/3.10.4/lib/python3.10/unittest/loader.py", line 436, in _find_test_path
    module = self._get_module_from_name(name)
  File "/opt/python/3.10.4/lib/python3.10/unittest/loader.py", line 377, in _get_module_from_name
    __import__(name)
  File "/home/travis/build/kaitai-io/ci_targets/tests/spec/python/test_expr_bytes_non_literal.py", line 5, in <module>
    from expr_bytes_non_literal import ExprBytesNonLiteral
ModuleNotFoundError: No module named 'expr_bytes_non_literal'

]]></error>
	</testcase>
</testsuite>
