<?xml version="1.0" encoding="UTF-8"?>
<testsuite errors="0" failures="0" name="test_index_to_param_eos.TestIndexToParamEos-20190312022218" skipped="0" tests="1" time="0.000" timestamp="2019-03-12T02:22:18">
	<testcase classname="test_index_to_param_eos.TestIndexToParamEos" name="test_index_to_param_eos" time="0.000" timestamp="2019-03-12T02:22:18"/>
	<system-out>
<![CDATA[]]>	</system-out>
	<system-err>
<![CDATA[]]>	</system-err>
</testsuite>
