<?xml version="1.0" encoding="UTF-8"?>
<testsuite errors="0" failures="0" file="test_imports_abs.py" name="test_imports_abs.TestImportsAbs-20190422024529" skipped="0" tests="1" time="0.001" timestamp="2019-04-22T02:45:29">
	<testcase classname="test_imports_abs.TestImportsAbs" file="spec/python/test_imports_abs.py" line="6" name="test_imports_abs" time="0.001" timestamp="2019-04-22T02:45:29">
		<system-out>
<![CDATA[]]>		</system-out>
		<system-err>
<![CDATA[]]>		</system-err>
	</testcase>
</testsuite>
