<?xml version="1.0" encoding="UTF-8"?>
<testsuite errors="0" failures="0" file="test_repeat_eos_bit.py" name="test_repeat_eos_bit.TestRepeatEosBit-20220415203123" skipped="0" tests="1" time="0.000" timestamp="2022-04-15T20:31:23">
	<testcase classname="test_repeat_eos_bit.TestRepeatEosBit" file="spec/python/test_repeat_eos_bit.py" line="8" name="test_repeat_eos_bit" time="0.000" timestamp="2022-04-15T20:31:23">
		<system-out>
<![CDATA[]]>		</system-out>
		<system-err>
<![CDATA[]]>		</system-err>
	</testcase>
</testsuite>
