<?xml version="1.0" encoding="UTF-8"?>
<testsuite name="test_expr_io_eof.TestExprIoEof-20230721073730" tests="1" file="test_expr_io_eof.py" time="0.000" timestamp="2023-07-21T07:37:30" failures="0" errors="0" skipped="0">
	<testcase classname="test_expr_io_eof.TestExprIoEof" name="test_expr_io_eof" time="0.000" timestamp="2023-07-21T07:37:30" file="spec/python/test_expr_io_eof.py" line="6"/>
</testsuite>
