<?xml version="1.0" encoding="UTF-8"?>
<testsuite name="test_optional_id.TestOptionalId-20201106101801" tests="1" file="test_optional_id.py" time="0.001" timestamp="2020-11-06T10:18:01" failures="0" errors="0" skipped="0">
	<testcase classname="test_optional_id.TestOptionalId" name="test_optional_id" time="0.001" timestamp="2020-11-06T10:18:01" file="spec/python/test_optional_id.py" line="6"/>
</testsuite>
