<?xml version="1.0" encoding="UTF-8"?>
<testsuite errors="0" failures="0" file="test_valid_eq_str_encodings.py" name="test_valid_eq_str_encodings.TestValidEqStrEncodings-20230719210254" skipped="0" tests="1" time="0.004" timestamp="2023-07-19T21:02:54">
	<testcase classname="test_valid_eq_str_encodings.TestValidEqStrEncodings" file="spec/python/test_valid_eq_str_encodings.py" line="8" name="test_valid_eq_str_encodings" time="0.004" timestamp="2023-07-19T21:02:54">
		<system-out>
<![CDATA[]]>		</system-out>
		<system-err>
<![CDATA[]]>		</system-err>
	</testcase>
</testsuite>
