<?xml version="1.0" encoding="UTF-8"?>
<testsuite errors="0" failures="0" file="test_bcd_user_type_be.py" name="test_bcd_user_type_be.TestBcdUserTypeBe-20190706053457" skipped="0" tests="1" time="0.009" timestamp="2019-07-06T05:34:57">
	<testcase classname="test_bcd_user_type_be.TestBcdUserTypeBe" file="spec/python/test_bcd_user_type_be.py" line="8" name="test_bcd_user_type_be" time="0.009" timestamp="2019-07-06T05:34:57">
		<system-out>
<![CDATA[]]>		</system-out>
		<system-err>
<![CDATA[]]>		</system-err>
	</testcase>
</testsuite>
