<?xml version="1.0" encoding="UTF-8"?>
<testsuite name="test_default_bit_endian_mod.TestDefaultBitEndianMod-20220210221125" tests="1" file="test_default_bit_endian_mod.py" time="0.001" timestamp="2022-02-10T22:11:25" failures="0" errors="0" skipped="0">
	<testcase classname="test_default_bit_endian_mod.TestDefaultBitEndianMod" name="test_default_bit_endian_mod" time="0.001" timestamp="2022-02-10T22:11:25" file="spec/python/test_default_bit_endian_mod.py" line="8"/>
</testsuite>
