<?xml version="1.0" encoding="UTF-8"?>
<testsuite name="test_io_local_var.TestIoLocalVar-20220623171410" tests="1" file="test_io_local_var.py" time="0.001" timestamp="2022-06-23T17:14:11" failures="0" errors="0" skipped="0">
	<testcase classname="test_io_local_var.TestIoLocalVar" name="test_io_local_var" time="0.001" timestamp="2022-06-23T17:14:11" file="spec/python/test_io_local_var.py" line="8"/>
</testsuite>
