<?xml version="1.0" encoding="UTF-8"?>
<testsuite name="test_type_ternary.TestTypeTernary-20220415203301" tests="1" file="test_type_ternary.py" time="0.000" timestamp="2022-04-15T20:33:01" failures="0" errors="0" skipped="0">
	<testcase classname="test_type_ternary.TestTypeTernary" name="test_type_ternary" time="0.000" timestamp="2022-04-15T20:33:01" file="spec/python/test_type_ternary.py" line="8"/>
</testsuite>
