<?xml version="1.0" encoding="UTF-8"?>
<testsuite name="test_expr_sizeof_type_0.TestExprSizeofType0-20230705114124" tests="1" file="test_expr_sizeof_type_0.py" time="0.000" timestamp="2023-07-05T11:41:24" failures="0" errors="0" skipped="0">
	<testcase classname="test_expr_sizeof_type_0.TestExprSizeofType0" name="test_expr_sizeof_type_0" time="0.000" timestamp="2023-07-05T11:41:24" file="spec/python/test_expr_sizeof_type_0.py" line="8"/>
</testsuite>
