<?xml version="1.0" encoding="UTF-8"?>
<testsuite errors="0" failures="0" file="test_valid_optional_id.py" name="test_valid_optional_id.TestValidOptionalId-20230721074319" skipped="0" tests="1" time="0.000" timestamp="2023-07-21T07:43:19">
	<testcase classname="test_valid_optional_id.TestValidOptionalId" file="spec/python/test_valid_optional_id.py" line="8" name="test_valid_optional_id" time="0.000" timestamp="2023-07-21T07:43:19">
		<system-out>
<![CDATA[]]>		</system-out>
		<system-err>
<![CDATA[]]>		</system-err>
	</testcase>
</testsuite>
