<?xml version="1.0" encoding="UTF-8"?>
<testsuite name="test_nav_root.TestNavRoot-20220205182945" tests="1" file="test_nav_root.py" time="0.001" timestamp="2022-02-05T18:29:45" failures="0" errors="0" skipped="0">
	<testcase classname="test_nav_root.TestNavRoot" name="test_nav_root" time="0.001" timestamp="2022-02-05T18:29:45" file="spec/python/test_nav_root.py" line="8"/>
</testsuite>
