<?xml version="1.0" encoding="UTF-8"?>
<testsuite name="test_process_repeat_bytes.TestProcessRepeatBytes-20230718135801" tests="1" file="test_process_repeat_bytes.py" time="0.000" timestamp="2023-07-18T13:58:01" failures="0" errors="0" skipped="0">
	<testcase classname="test_process_repeat_bytes.TestProcessRepeatBytes" name="test_process_repeat_bytes" time="0.000" timestamp="2023-07-18T13:58:01" file="spec/python/test_process_repeat_bytes.py" line="8"/>
</testsuite>
