<?xml version="1.0" encoding="UTF-8"?>
<testsuite errors="0" failures="0" file="test_valid_fail_range_int.py" name="test_valid_fail_range_int.TestValidFailRangeInt-20201106101710" skipped="0" tests="1" time="0.000" timestamp="2020-11-06T10:17:10">
	<testcase classname="test_valid_fail_range_int.TestValidFailRangeInt" file="spec/python/test_valid_fail_range_int.py" line="9" name="test_valid_fail_range_int" time="0.000" timestamp="2020-11-06T10:17:10">
		<system-out>
<![CDATA[]]>		</system-out>
		<system-err>
<![CDATA[]]>		</system-err>
	</testcase>
</testsuite>
