<?xml version="1.0" encoding="UTF-8"?>
<testsuite name="test_expr_ops_parens.TestExprOpsParens-20220623172918" tests="1" file="test_expr_ops_parens.py" time="0.001" timestamp="2022-06-23T17:29:18" failures="0" errors="0" skipped="0">
	<testcase classname="test_expr_ops_parens.TestExprOpsParens" name="test_expr_ops_parens" time="0.001" timestamp="2022-06-23T17:29:18" file="spec/python/test_expr_ops_parens.py" line="8"/>
</testsuite>
