<?xml version="1.0" encoding="UTF-8"?>
<testsuite errors="0" failures="0" file="test_enum_to_i.py" name="test_enum_to_i.TestEnumToI-20200611184427" skipped="0" tests="1" time="0.001" timestamp="2020-06-11T18:44:27">
	<testcase classname="test_enum_to_i.TestEnumToI" file="spec/python/test_enum_to_i.py" line="8" name="test_enum_to_i" time="0.001" timestamp="2020-06-11T18:44:27">
		<system-out>
<![CDATA[]]>		</system-out>
		<system-err>
<![CDATA[]]>		</system-err>
	</testcase>
</testsuite>
