<?xml version="1.0" encoding="UTF-8"?>
<testsuite errors="0" failures="0" name="test_nav_parent_false2.TestNavParentFalse2-20180327100039" skipped="0" tests="1" time="0.000" timestamp="2018-03-27T10:00:39">
	<testcase classname="test_nav_parent_false2.TestNavParentFalse2" name="test_nav_parent_false2" time="0.000" timestamp="2018-03-27T10:00:39"/>
	<system-out>
<![CDATA[]]>	</system-out>
	<system-err>
<![CDATA[]]>	</system-err>
</testsuite>
