<?xml version="1.0" encoding="UTF-8"?>
<testsuite name="test_switch_else_only.TestSwitchElseOnly-20200731203836" tests="1" file="test_switch_else_only.py" time="0.001" timestamp="2020-07-31T20:38:36" failures="0" errors="0" skipped="0">
	<testcase classname="test_switch_else_only.TestSwitchElseOnly" name="test_switch_else_only" time="0.001" timestamp="2020-07-31T20:38:36" file="spec/python/test_switch_else_only.py" line="8">
		<system-out><![CDATA[]]></system-out>
		<system-err><![CDATA[]]></system-err>
	</testcase>
</testsuite>
