<?xml version="1.0" encoding="UTF-8"?>
<testsuite name="test_imports0.TestImports0-20200522210251" tests="1" file="test_imports0.py" time="0.001" timestamp="2020-05-22T21:02:51" failures="0" errors="0" skipped="0">
	<testcase classname="test_imports0.TestImports0" name="test_imports0" time="0.001" timestamp="2020-05-22T21:02:51" file="spec/python/test_imports0.py" line="8">
		<system-out><![CDATA[]]></system-out>
		<system-err><![CDATA[]]></system-err>
	</testcase>
</testsuite>
