<?xml version="1.0" encoding="UTF-8"?>
<testsuite name="test_repeat_eos_bit.TestRepeatEosBit-20230721093934" tests="1" file="test_repeat_eos_bit.py" time="0.000" timestamp="2023-07-21T09:39:35" failures="0" errors="0" skipped="0">
	<testcase classname="test_repeat_eos_bit.TestRepeatEosBit" name="test_repeat_eos_bit" time="0.000" timestamp="2023-07-21T09:39:35" file="spec/python/test_repeat_eos_bit.py" line="8"/>
</testsuite>
