<?xml version="1.0" encoding="UTF-8"?>
<testsuite name="test_integers_min_max.TestIntegersMinMax-20220728094509" tests="1" file="test_integers_min_max.py" time="0.002" timestamp="2022-07-28T09:45:09" failures="0" errors="0" skipped="0">
	<testcase classname="test_integers_min_max.TestIntegersMinMax" name="test_integers_min_max" time="0.002" timestamp="2022-07-28T09:45:09" file="spec/python/test_integers_min_max.py" line="8"/>
</testsuite>
