<?xml version="1.0" encoding="UTF-8"?>
<testsuite name="test_valid_switch.TestValidSwitch-20200422213406" tests="1" file="test_valid_switch.py" time="0.001" timestamp="2020-04-22T21:34:06" failures="0" errors="0" skipped="0">
	<testcase classname="test_valid_switch.TestValidSwitch" name="test_valid_switch" time="0.001" timestamp="2020-04-22T21:34:06" file="spec/python/test_valid_switch.py" line="8">
		<system-out><![CDATA[]]></system-out>
		<system-err><![CDATA[]]></system-err>
	</testcase>
</testsuite>
