<?xml version="1.0" encoding="UTF-8"?>
<testsuite errors="0" failures="0" file="test_switch_repeat_expr_invalid.py" name="test_switch_repeat_expr_invalid.TestSwitchRepeatExprInvalid-20200801181044" skipped="0" tests="1" time="0.001" timestamp="2020-08-01T18:10:44">
	<testcase classname="test_switch_repeat_expr_invalid.TestSwitchRepeatExprInvalid" file="spec/python/test_switch_repeat_expr_invalid.py" line="8" name="test_switch_repeat_expr_invalid" time="0.001" timestamp="2020-08-01T18:10:44">
		<system-out>
<![CDATA[]]>		</system-out>
		<system-err>
<![CDATA[]]>		</system-err>
	</testcase>
</testsuite>
