<?xml version="1.0" encoding="UTF-8"?>
<testsuite errors="0" failures="0" name="test_ts_packet_header.TestTsPacketHeader-20180410222352" skipped="0" tests="1" time="0.000" timestamp="2018-04-10T22:23:52">
	<testcase classname="test_ts_packet_header.TestTsPacketHeader" name="test_ts_packet_header" time="0.000" timestamp="2018-04-10T22:23:52"/>
	<system-out>
<![CDATA[]]>	</system-out>
	<system-err>
<![CDATA[]]>	</system-err>
</testsuite>
