<?xml version="1.0" encoding="UTF-8"?>
<testsuite errors="0" failures="0" file="test_repeat_n_struct.py" name="test_repeat_n_struct.TestRepeatNStruct-20200413015159" skipped="0" tests="1" time="0.001" timestamp="2020-04-13T01:51:59">
	<testcase classname="test_repeat_n_struct.TestRepeatNStruct" file="spec/python/test_repeat_n_struct.py" line="8" name="test_repeat_n_struct" time="0.001" timestamp="2020-04-13T01:51:59">
		<system-out>
<![CDATA[]]>		</system-out>
		<system-err>
<![CDATA[]]>		</system-err>
	</testcase>
</testsuite>
