<?xml version="1.0" encoding="UTF-8"?>
<testsuite errors="0" failures="0" file="test_expr_ops_parens.py" name="test_expr_ops_parens.TestExprOpsParens-20220623173009" skipped="0" tests="1" time="0.001" timestamp="2022-06-23T17:30:09">
	<testcase classname="test_expr_ops_parens.TestExprOpsParens" file="spec/python/test_expr_ops_parens.py" line="8" name="test_expr_ops_parens" time="0.001" timestamp="2022-06-23T17:30:09">
		<system-out>
<![CDATA[]]>		</system-out>
		<system-err>
<![CDATA[]]>		</system-err>
	</testcase>
</testsuite>
