<?xml version="1.0" encoding="UTF-8"?>
<testsuite errors="0" failures="0" name="test_process_coerce_usertype2.TestProcessCoerceUsertype2-20181109110144" skipped="0" tests="1" time="0.000" timestamp="2018-11-09T11:01:44">
	<testcase classname="test_process_coerce_usertype2.TestProcessCoerceUsertype2" name="test_process_coerce_usertype2" time="0.000" timestamp="2018-11-09T11:01:44"/>
	<system-out>
<![CDATA[]]>	</system-out>
	<system-err>
<![CDATA[]]>	</system-err>
</testsuite>
