<?xml version="1.0" encoding="UTF-8"?>
<testsuite errors="0" failures="0" name="test_switch_manual_str.TestSwitchManualStr-20181222015808" skipped="0" tests="1" time="0.000" timestamp="2018-12-22T01:58:08">
	<testcase classname="test_switch_manual_str.TestSwitchManualStr" name="test_switch_manual_str" time="0.000" timestamp="2018-12-22T01:58:08"/>
	<system-out>
<![CDATA[]]>	</system-out>
	<system-err>
<![CDATA[]]>	</system-err>
</testsuite>
