<?xml version="1.0" encoding="UTF-8"?>
<testsuite errors="0" failures="0" name="test_switch_integers2.TestSwitchIntegers2-20180818112646" skipped="0" tests="1" time="0.000" timestamp="2018-08-18T11:26:46">
	<testcase classname="test_switch_integers2.TestSwitchIntegers2" name="test_switch_integers2" time="0.000" timestamp="2018-08-18T11:26:46"/>
	<system-out>
<![CDATA[]]>	</system-out>
	<system-err>
<![CDATA[]]>	</system-err>
</testsuite>
