<?xml version="1.0" encoding="UTF-8"?>
<testsuite name="test_expr_sizeof_type_0.TestExprSizeofType0-20220210221125" tests="1" file="test_expr_sizeof_type_0.py" time="0.000" timestamp="2022-02-10T22:11:25" failures="0" errors="0" skipped="0">
	<testcase classname="test_expr_sizeof_type_0.TestExprSizeofType0" name="test_expr_sizeof_type_0" time="0.000" timestamp="2022-02-10T22:11:25" file="spec/python/test_expr_sizeof_type_0.py" line="8"/>
</testsuite>
