<?xml version="1.0" encoding="UTF-8"?>
<testsuite errors="0" failures="0" file="test_nav_parent3.py" name="test_nav_parent3.TestNavParent3-20190426042606" skipped="0" tests="1" time="0.001" timestamp="2019-04-26T04:26:06">
	<testcase classname="test_nav_parent3.TestNavParent3" file="spec/python/test_nav_parent3.py" line="8" name="test_nav_parent3" time="0.001" timestamp="2019-04-26T04:26:06">
		<system-out>
<![CDATA[]]>		</system-out>
		<system-err>
<![CDATA[]]>		</system-err>
	</testcase>
</testsuite>
