<?xml version="1.0" encoding="UTF-8"?>
<testsuite name="test_default_endian_expr_exception.TestDefaultEndianExprException-20230714184231" tests="1" file="test_default_endian_expr_exception.py" time="0.000" timestamp="2023-07-14T18:42:31" failures="0" errors="0" skipped="0">
	<testcase classname="test_default_endian_expr_exception.TestDefaultEndianExprException" name="test_default_endian_expr_exception" time="0.000" timestamp="2023-07-14T18:42:31" file="spec/python/test_default_endian_expr_exception.py" line="9"/>
</testsuite>
