<?xml version="1.0" encoding="UTF-8"?>
<testsuite name="test_enum_long_range_u.TestEnumLongRangeU-20230721170737" tests="1" file="test_enum_long_range_u.py" time="0.000" timestamp="2023-07-21T17:07:37" failures="0" errors="0" skipped="0">
	<testcase classname="test_enum_long_range_u.TestEnumLongRangeU" name="test_enum_long_range_u" time="0.000" timestamp="2023-07-21T17:07:37" file="spec/python/test_enum_long_range_u.py" line="8"/>
</testsuite>
