<?xml version="1.0" encoding="UTF-8"?>
<testsuite errors="0" failures="0" name="test_position_to_end.TestPositionToEnd-20180330195811" skipped="0" tests="1" time="0.000" timestamp="2018-03-30T19:58:11">
	<testcase classname="test_position_to_end.TestPositionToEnd" name="test_position_to_end" time="0.000" timestamp="2018-03-30T19:58:11"/>
	<system-out>
<![CDATA[]]>	</system-out>
	<system-err>
<![CDATA[]]>	</system-err>
</testsuite>
