<?xml version="1.0" encoding="UTF-8"?>
<testsuite errors="0" failures="0" name="test_nested_types2.TestNestedTypes2-20180324234347" skipped="0" tests="1" time="0.000" timestamp="2018-03-24T23:43:47">
	<testcase classname="test_nested_types2.TestNestedTypes2" name="test_nested_types2" time="0.000" timestamp="2018-03-24T23:43:47"/>
	<system-out>
<![CDATA[]]>	</system-out>
	<system-err>
<![CDATA[]]>	</system-err>
</testsuite>
