<?xml version="1.0" encoding="UTF-8"?>
<testsuite name="test_valid_short.TestValidShort-20200522232241" tests="1" file="test_valid_short.py" time="0.000" timestamp="2020-05-22T23:22:41" failures="0" errors="0" skipped="0">
	<testcase classname="test_valid_short.TestValidShort" name="test_valid_short" time="0.000" timestamp="2020-05-22T23:22:41" file="spec/python/test_valid_short.py" line="8">
		<system-out><![CDATA[]]></system-out>
		<system-err><![CDATA[]]></system-err>
	</testcase>
</testsuite>
