<?xml version="1.0" encoding="UTF-8"?>
<testsuite name="test_optional_id.TestOptionalId-20210206143550" tests="1" file="test_optional_id.py" time="0.001" timestamp="2021-02-06T14:35:50" failures="0" errors="0" skipped="0">
	<testcase classname="test_optional_id.TestOptionalId" name="test_optional_id" time="0.001" timestamp="2021-02-06T14:35:50" file="spec/python/test_optional_id.py" line="6"/>
</testsuite>
