<?xml version="1.0" encoding="UTF-8"?>
<testsuite errors="0" failures="0" file="test_docstrings_docref.py" name="test_docstrings_docref.TestDocstringsDocref-20190318121740" skipped="0" tests="1" time="0.000" timestamp="2019-03-18T12:17:40">
	<testcase classname="test_docstrings_docref.TestDocstringsDocref" file="spec/python/test_docstrings_docref.py" line="8" name="test_docstrings_docref" time="0.000" timestamp="2019-03-18T12:17:40"/>
</testsuite>
