<?xml version="1.0" encoding="UTF-8"?>
<testsuite errors="0" failures="0" file="test_docstrings_docref.py" name="test_docstrings_docref.TestDocstringsDocref-20200606072534" skipped="0" tests="1" time="0.000" timestamp="2020-06-06T07:25:34">
	<testcase classname="test_docstrings_docref.TestDocstringsDocref" file="spec/python/test_docstrings_docref.py" line="8" name="test_docstrings_docref" time="0.000" timestamp="2020-06-06T07:25:34">
		<system-out>
<![CDATA[]]>		</system-out>
		<system-err>
<![CDATA[]]>		</system-err>
	</testcase>
</testsuite>
