<?xml version="1.0" encoding="UTF-8"?>
<testsuite errors="0" failures="0" file="test_fixed_contents.py" name="test_fixed_contents.TestFixedContents-20190320081957" skipped="0" tests="1" time="0.001" timestamp="2019-03-20T08:19:58">
	<testcase classname="test_fixed_contents.TestFixedContents" file="spec/python/test_fixed_contents.py" line="8" name="test_fixed_contents" time="0.001" timestamp="2019-03-20T08:19:58"/>
</testsuite>
