<?xml version="1.0" encoding="UTF-8"?>
<testsuite name="test_process_xor4_const.TestProcessXor4Const-20230719115236" tests="1" file="test_process_xor4_const.py" time="0.000" timestamp="2023-07-19T11:52:36" failures="0" errors="0" skipped="0">
	<testcase classname="test_process_xor4_const.TestProcessXor4Const" name="test_process_xor4_const" time="0.000" timestamp="2023-07-19T11:52:36" file="spec/python/test_process_xor4_const.py" line="8"/>
</testsuite>
