<?xml version="1.0" encoding="UTF-8"?>
<testsuite name="test_expr_io_pos.TestExprIoPos-20230706183513" tests="1" file="test_expr_io_pos.py" time="0.001" timestamp="2023-07-06T18:35:13" failures="0" errors="0" skipped="0">
	<testcase classname="test_expr_io_pos.TestExprIoPos" name="test_expr_io_pos" time="0.001" timestamp="2023-07-06T18:35:13" file="spec/python/test_expr_io_pos.py" line="8"/>
</testsuite>
