<?xml version="1.0" encoding="UTF-8"?>
<testsuite name="test_expr_bits.TestExprBits-20200605090553" tests="1" file="test_expr_bits.py" time="0.001" timestamp="2020-06-05T09:05:53" failures="0" errors="0" skipped="0">
	<testcase classname="test_expr_bits.TestExprBits" name="test_expr_bits" time="0.001" timestamp="2020-06-05T09:05:53" file="spec/python/test_expr_bits.py" line="8">
		<system-out><![CDATA[]]></system-out>
		<system-err><![CDATA[]]></system-err>
	</testcase>
</testsuite>
