<?xml version="1.0" encoding="UTF-8"?>
<testsuite name="test_expr_calc_array_ops.TestExprCalcArrayOps-20200429194855" tests="1" file="test_expr_calc_array_ops.py" time="0.001" timestamp="2020-04-29T19:48:55" failures="0" errors="0" skipped="0">
	<testcase classname="test_expr_calc_array_ops.TestExprCalcArrayOps" name="test_expr_calc_array_ops" time="0.001" timestamp="2020-04-29T19:48:55" file="spec/python/test_expr_calc_array_ops.py" line="8">
		<system-out><![CDATA[]]></system-out>
		<system-err><![CDATA[]]></system-err>
	</testcase>
</testsuite>
