<?xml version="1.0" encoding="UTF-8"?>
<testsuite name="test_expr_bits.TestExprBits-20230715064447" tests="1" file="test_expr_bits.py" time="0.001" timestamp="2023-07-15T06:44:47" failures="0" errors="0" skipped="0">
	<testcase classname="test_expr_bits.TestExprBits" name="test_expr_bits" time="0.001" timestamp="2023-07-15T06:44:47" file="spec/python/test_expr_bits.py" line="8"/>
</testsuite>
