<?xml version="1.0" encoding="UTF-8"?>
<testsuite name="test_nav_parent3.TestNavParent3-20210403173646" tests="1" file="test_nav_parent3.py" time="0.002" timestamp="2021-04-03T17:36:46" failures="0" errors="0" skipped="0">
	<testcase classname="test_nav_parent3.TestNavParent3" name="test_nav_parent3" time="0.002" timestamp="2021-04-03T17:36:46" file="spec/python/test_nav_parent3.py" line="8"/>
</testsuite>
