<?xml version="1.0" encoding="UTF-8"?>
<testsuite errors="0" failures="0" name="test_float_to_i.TestFloatToI-20170702120227" skipped="0" tests="1" time="0.000">
	<testcase classname="test_float_to_i.TestFloatToI" name="test_float_to_i" time="0.000"/>
	<system-out>
<![CDATA[]]>	</system-out>
	<system-err>
<![CDATA[]]>	</system-err>
</testsuite>
