<?xml version="1.0" encoding="UTF-8"?>
<testsuite errors="0" failures="0" file="test_enum_0.py" name="test_enum_0.TestEnum0-20200824070552" skipped="0" tests="1" time="0.000" timestamp="2020-08-24T07:05:53">
	<testcase classname="test_enum_0.TestEnum0" file="spec/python/test_enum_0.py" line="8" name="test_enum_0" time="0.000" timestamp="2020-08-24T07:05:53">
		<system-out>
<![CDATA[]]>		</system-out>
		<system-err>
<![CDATA[]]>		</system-err>
	</testcase>
</testsuite>
