<?xml version="1.0" encoding="UTF-8"?>
<testsuite name="test_params_enum.TestParamsEnum-20210302195852" tests="1" file="test_params_enum.py" time="0.001" timestamp="2021-03-02T19:58:52" failures="0" errors="0" skipped="0">
	<testcase classname="test_params_enum.TestParamsEnum" name="test_params_enum" time="0.001" timestamp="2021-03-02T19:58:52" file="spec/python/test_params_enum.py" line="8"/>
</testsuite>
