<?xml version="1.0" encoding="UTF-8"?>
<testsuite name="test_expr_calc_array_ops.TestExprCalcArrayOps-20220205182945" tests="1" file="test_expr_calc_array_ops.py" time="0.002" timestamp="2022-02-05T18:29:45" failures="0" errors="0" skipped="0">
	<testcase classname="test_expr_calc_array_ops.TestExprCalcArrayOps" name="test_expr_calc_array_ops" time="0.002" timestamp="2022-02-05T18:29:45" file="spec/python/test_expr_calc_array_ops.py" line="8"/>
</testsuite>
