<?xml version="1.0" encoding="UTF-8"?>
<testsuite errors="0" failures="0" file="test_integers_double_overflow.py" name="test_integers_double_overflow.TestIntegersDoubleOverflow-20200823222544" skipped="0" tests="1" time="0.001" timestamp="2020-08-23T22:25:44">
	<testcase classname="test_integers_double_overflow.TestIntegersDoubleOverflow" file="spec/python/test_integers_double_overflow.py" line="8" name="test_integers_double_overflow" time="0.001" timestamp="2020-08-23T22:25:44">
		<system-out>
<![CDATA[]]>		</system-out>
		<system-err>
<![CDATA[]]>		</system-err>
	</testcase>
</testsuite>
