<?xml version="1.0" encoding="UTF-8"?>
<testsuite errors="0" failures="0" file="test_process_repeat_usertype.py" name="test_process_repeat_usertype.TestProcessRepeatUsertype-20200824070552" skipped="0" tests="1" time="0.000" timestamp="2020-08-24T07:05:53">
	<testcase classname="test_process_repeat_usertype.TestProcessRepeatUsertype" file="spec/python/test_process_repeat_usertype.py" line="8" name="test_process_repeat_usertype" time="0.000" timestamp="2020-08-24T07:05:53">
		<system-out>
<![CDATA[]]>		</system-out>
		<system-err>
<![CDATA[]]>		</system-err>
	</testcase>
</testsuite>
