<?xml version="1.0" encoding="UTF-8"?>
<testsuite errors="0" failures="0" name="test_repeat_until_complex.TestRepeatUntilComplex-20181225021406" skipped="0" tests="1" time="0.000" timestamp="2018-12-25T02:14:07">
	<testcase classname="test_repeat_until_complex.TestRepeatUntilComplex" name="test_repeat_until_complex" time="0.000" timestamp="2018-12-25T02:14:07"/>
	<system-out>
<![CDATA[]]>	</system-out>
	<system-err>
<![CDATA[]]>	</system-err>
</testsuite>
