<?xml version="1.0" encoding="UTF-8"?>
<testsuite errors="0" failures="0" file="test_valid_fail_expr.py" name="test_valid_fail_expr.TestValidFailExpr-20200524215605" skipped="0" tests="1" time="0.000" timestamp="2020-05-24T21:56:05">
	<testcase classname="test_valid_fail_expr.TestValidFailExpr" file="spec/python/test_valid_fail_expr.py" line="9" name="test_valid_fail_expr" time="0.000" timestamp="2020-05-24T21:56:05">
		<system-out>
<![CDATA[]]>		</system-out>
		<system-err>
<![CDATA[]]>		</system-err>
	</testcase>
</testsuite>
