<?xml version="1.0" encoding="UTF-8"?>
<testsuite name="test_to_string_custom.TestToStringCustom-20201106101801" tests="1" file="test_to_string_custom.py" time="0.000" timestamp="2020-11-06T10:18:01" failures="0" errors="0" skipped="0">
	<testcase classname="test_to_string_custom.TestToStringCustom" name="test_to_string_custom" time="0.000" timestamp="2020-11-06T10:18:01" file="spec/python/test_to_string_custom.py" line="6"/>
</testsuite>
