<?xml version="1.0" encoding="UTF-8"?>
<testsuite name="test_bits_signed_b32_le.TestBitsSignedB32Le-20201020225840" tests="1" file="test_bits_signed_b32_le.py" time="0.001" timestamp="2020-10-20T22:58:40" failures="0" errors="0" skipped="0">
	<testcase classname="test_bits_signed_b32_le.TestBitsSignedB32Le" name="test_bits_signed_b32_le" time="0.001" timestamp="2020-10-20T22:58:40" file="spec/python/test_bits_signed_b32_le.py" line="8">
		<system-out><![CDATA[]]></system-out>
		<system-err><![CDATA[]]></system-err>
	</testcase>
</testsuite>
