<?xml version="1.0" encoding="UTF-8"?>
<testsuite name="test_instance_std.TestInstanceStd-20200315221103" tests="1" file="test_instance_std.py" time="0.001" timestamp="2020-03-15T22:11:03" failures="0" errors="0" skipped="0">
	<testcase classname="test_instance_std.TestInstanceStd" name="test_instance_std" time="0.001" timestamp="2020-03-15T22:11:03" file="spec/python/test_instance_std.py" line="8">
		<system-out><![CDATA[]]></system-out>
		<system-err><![CDATA[]]></system-err>
	</testcase>
</testsuite>
