<?xml version="1.0" encoding="UTF-8"?>
<testsuite name="test_bits_unaligned_b64_be.TestBitsUnalignedB64Be-20230719190600" tests="1" file="test_bits_unaligned_b64_be.py" time="0.000" timestamp="2023-07-19T19:06:00" failures="0" errors="0" skipped="0">
	<testcase classname="test_bits_unaligned_b64_be.TestBitsUnalignedB64Be" name="test_bits_unaligned_b64_be" time="0.000" timestamp="2023-07-19T19:06:00" file="spec/python/test_bits_unaligned_b64_be.py" line="8"/>
</testsuite>
