<?xml version="1.0" encoding="UTF-8"?>
<testsuite name="test_nested_types3.TestNestedTypes3-20200429194855" tests="1" file="test_nested_types3.py" time="0.001" timestamp="2020-04-29T19:48:55" failures="0" errors="0" skipped="0">
	<testcase classname="test_nested_types3.TestNestedTypes3" name="test_nested_types3" time="0.001" timestamp="2020-04-29T19:48:55" file="spec/python/test_nested_types3.py" line="8">
		<system-out><![CDATA[]]></system-out>
		<system-err><![CDATA[]]></system-err>
	</testcase>
</testsuite>
