<?xml version="1.0" encoding="UTF-8"?>
<testsuite name="test_expr_io_pos.TestExprIoPos-20200628164554" tests="1" file="test_expr_io_pos.py" time="0.001" timestamp="2020-06-28T16:45:54" failures="0" errors="0" skipped="0">
	<testcase classname="test_expr_io_pos.TestExprIoPos" name="test_expr_io_pos" time="0.001" timestamp="2020-06-28T16:45:54" file="spec/python/test_expr_io_pos.py" line="8">
		<system-out><![CDATA[]]></system-out>
		<system-err><![CDATA[]]></system-err>
	</testcase>
</testsuite>
