<?xml version="1.0" encoding="UTF-8"?>
<testsuite errors="0" failures="0" file="test_debug_0.py" name="test_debug_0.TestDebug0-20190409192054" skipped="0" tests="1" time="0.002" timestamp="2019-04-09T19:20:54">
	<testcase classname="test_debug_0.TestDebug0" file="spec/python/test_debug_0.py" line="6" name="test_debug_0" time="0.002" timestamp="2019-04-09T19:20:54">
		<system-out>
<![CDATA[]]>		</system-out>
		<system-err>
<![CDATA[]]>		</system-err>
	</testcase>
</testsuite>
