<?xml version="1.0" encoding="UTF-8"?>
<testsuite name="test_imports0.TestImports0-20230719150532" tests="1" file="test_imports0.py" time="0.000" timestamp="2023-07-19T15:05:32" failures="0" errors="0" skipped="0">
	<testcase classname="test_imports0.TestImports0" name="test_imports0" time="0.000" timestamp="2023-07-19T15:05:32" file="spec/python/test_imports0.py" line="8"/>
</testsuite>
