<?xml version="1.0" encoding="UTF-8"?>
<testsuite errors="0" failures="0" file="test_expr_to_i_trailing.py" name="test_expr_to_i_trailing.TestExprToITrailing" skipped="0" tests="1" time="0.000" timestamp="2023-07-28T14:35:31">
	<testcase classname="test_expr_to_i_trailing.TestExprToITrailing" file="spec/python/test_expr_to_i_trailing.py" line="9" name="test_expr_to_i_trailing" time="0.000" timestamp="2023-07-28T14:35:31">
		<system-out>
<![CDATA[]]>		</system-out>
		<system-err>
<![CDATA[]]>		</system-err>
	</testcase>
</testsuite>
