<?xml version="1.0" encoding="UTF-8"?>
<testsuite name="test_process_xor_const.TestProcessXorConst-20220617122750" tests="1" file="test_process_xor_const.py" time="0.000" timestamp="2022-06-17T12:27:50" failures="0" errors="0" skipped="0">
	<testcase classname="test_process_xor_const.TestProcessXorConst" name="test_process_xor_const" time="0.000" timestamp="2022-06-17T12:27:50" file="spec/python/test_process_xor_const.py" line="8"/>
</testsuite>
