<?xml version="1.0" encoding="UTF-8"?>
<testsuite name="test_yaml_ints.TestYamlInts-20200403034231" tests="1" file="test_yaml_ints.py" time="0.001" timestamp="2020-04-03T03:42:31" failures="0" errors="0" skipped="0">
	<testcase classname="test_yaml_ints.TestYamlInts" name="test_yaml_ints" time="0.001" timestamp="2020-04-03T03:42:31" file="spec/python/test_yaml_ints.py" line="6">
		<system-out><![CDATA[]]></system-out>
		<system-err><![CDATA[]]></system-err>
	</testcase>
</testsuite>
