<?xml version="1.0" encoding="UTF-8"?>
<testsuite name="test_valid_fail_range_str.TestValidFailRangeStr-20200726175721" tests="1" file="test_valid_fail_range_str.py" time="0.000" timestamp="2020-07-26T17:57:21" failures="0" errors="0" skipped="0">
	<testcase classname="test_valid_fail_range_str.TestValidFailRangeStr" name="test_valid_fail_range_str" time="0.000" timestamp="2020-07-26T17:57:21" file="spec/python/test_valid_fail_range_str.py" line="9">
		<system-out><![CDATA[]]></system-out>
		<system-err><![CDATA[]]></system-err>
	</testcase>
</testsuite>
