<?xml version="1.0" encoding="UTF-8"?>
<testsuite errors="0" failures="0" file="test_index_to_param_eos.py" name="test_index_to_param_eos.TestIndexToParamEos-20190321143913" skipped="0" tests="1" time="0.001" timestamp="2019-03-21T14:39:13">
	<testcase classname="test_index_to_param_eos.TestIndexToParamEos" file="spec/python/test_index_to_param_eos.py" line="8" name="test_index_to_param_eos" time="0.001" timestamp="2019-03-21T14:39:13"/>
</testsuite>
