<?xml version="1.0" encoding="UTF-8"?>
<testsuite errors="0" failures="0" file="test_valid_fail_expr.py" name="test_valid_fail_expr.TestValidFailExpr-20210206143509" skipped="0" tests="1" time="0.000" timestamp="2021-02-06T14:35:09">
	<testcase classname="test_valid_fail_expr.TestValidFailExpr" file="spec/python/test_valid_fail_expr.py" line="9" name="test_valid_fail_expr" time="0.000" timestamp="2021-02-06T14:35:09">
		<system-out>
<![CDATA[]]>		</system-out>
		<system-err>
<![CDATA[]]>		</system-err>
	</testcase>
</testsuite>
