<?xml version="1.0" encoding="UTF-8"?>
<testsuite name="test_process_custom_no_args.TestProcessCustomNoArgs-20200727151709" tests="1" file="test_process_custom_no_args.py" time="0.001" timestamp="2020-07-27T15:17:09" failures="0" errors="0" skipped="0">
	<testcase classname="test_process_custom_no_args.TestProcessCustomNoArgs" name="test_process_custom_no_args" time="0.001" timestamp="2020-07-27T15:17:09" file="spec/python/test_process_custom_no_args.py" line="8">
		<system-out><![CDATA[]]></system-out>
		<system-err><![CDATA[]]></system-err>
	</testcase>
</testsuite>
