<?xml version="1.0" encoding="UTF-8"?>
<testsuite name="test_nav_parent.TestNavParent-20220210221125" tests="1" file="test_nav_parent.py" time="0.001" timestamp="2022-02-10T22:11:25" failures="0" errors="0" skipped="0">
	<testcase classname="test_nav_parent.TestNavParent" name="test_nav_parent" time="0.001" timestamp="2022-02-10T22:11:25" file="spec/python/test_nav_parent.py" line="8"/>
</testsuite>
