<?xml version="1.0" encoding="UTF-8"?>
<testsuite errors="0" failures="0" file="test_repeat_until_calc_array_type.py" name="test_repeat_until_calc_array_type.TestRepeatUntilCalcArrayType-20230708211558" skipped="0" tests="1" time="0.001" timestamp="2023-07-08T21:15:58">
	<testcase classname="test_repeat_until_calc_array_type.TestRepeatUntilCalcArrayType" file="spec/python/test_repeat_until_calc_array_type.py" line="8" name="test_repeat_until_calc_array_type" time="0.001" timestamp="2023-07-08T21:15:58">
		<system-out>
<![CDATA[]]>		</system-out>
		<system-err>
<![CDATA[]]>		</system-err>
	</testcase>
</testsuite>
