<?xml version="1.0" encoding="UTF-8"?>
<testsuite name="test_switch_manual_int_size_eos.TestSwitchManualIntSizeEos" tests="1" file="test_switch_manual_int_size_eos.py" time="0.001" timestamp="2023-07-28T22:14:14" failures="0" errors="0" skipped="0">
	<testcase classname="test_switch_manual_int_size_eos.TestSwitchManualIntSizeEos" name="test_switch_manual_int_size_eos" time="0.001" timestamp="2023-07-28T22:14:14" file="spec/python/test_switch_manual_int_size_eos.py" line="8"/>
</testsuite>
