<?xml version="1.0" encoding="UTF-8"?>
<testsuite errors="8" failures="0" file="unittest/loader.py" name="unittest.loader.ModuleImportFailure-20200101063626" skipped="0" tests="8" time="0.002" timestamp="2020-01-01T06:36:26">
	<testcase classname="unittest.loader.ModuleImportFailure" file="/opt/python/2.7.14/lib/python2.7/unittest/loader.py" line="31" name="test_params_def" time="0.000" timestamp="2020-01-01T06:36:26">
		<error message="Failed to import test module: test_params_def
Traceback (most recent call last):
  File &quot;/opt/python/2.7.14/lib/python2.7/unittest/loader.py&quot;, line 254, in _find_tests
    module = self._get_module_from_name(name)
  File &quot;/opt/python/2.7.14/lib/python2.7/unittest/loader.py&quot;, line 232, in _get_module_from_name
    __import__(name)
  File &quot;/home/travis/build/kaitai-io/ci_targets/tests/spec/python/test_params_def.py&quot;, line 3, in &lt;module&gt;
    from params_def import ParamsDef
ImportError: No module named params_def
" type="ImportError">
<![CDATA[ImportError: Failed to import test module: test_params_def
Traceback (most recent call last):
  File "/opt/python/2.7.14/lib/python2.7/unittest/loader.py", line 254, in _find_tests
    module = self._get_module_from_name(name)
  File "/opt/python/2.7.14/lib/python2.7/unittest/loader.py", line 232, in _get_module_from_name
    __import__(name)
  File "/home/travis/build/kaitai-io/ci_targets/tests/spec/python/test_params_def.py", line 3, in <module>
    from params_def import ParamsDef
ImportError: No module named params_def

]]>		</error>
		<system-out>
<![CDATA[]]>		</system-out>
		<system-err>
<![CDATA[]]>		</system-err>
	</testcase>
	<testcase classname="unittest.loader.ModuleImportFailure" file="/opt/python/2.7.14/lib/python2.7/unittest/loader.py" line="31" name="test_index_to_param_expr" time="0.000" timestamp="2020-01-01T06:36:26">
		<error message="Failed to import test module: test_index_to_param_expr
Traceback (most recent call last):
  File &quot;/opt/python/2.7.14/lib/python2.7/unittest/loader.py&quot;, line 254, in _find_tests
    module = self._get_module_from_name(name)
  File &quot;/opt/python/2.7.14/lib/python2.7/unittest/loader.py&quot;, line 232, in _get_module_from_name
    __import__(name)
  File &quot;/home/travis/build/kaitai-io/ci_targets/tests/spec/python/test_index_to_param_expr.py&quot;, line 5, in &lt;module&gt;
    from index_to_param_expr import IndexToParamExpr
ImportError: No module named index_to_param_expr
" type="ImportError">
<![CDATA[ImportError: Failed to import test module: test_index_to_param_expr
Traceback (most recent call last):
  File "/opt/python/2.7.14/lib/python2.7/unittest/loader.py", line 254, in _find_tests
    module = self._get_module_from_name(name)
  File "/opt/python/2.7.14/lib/python2.7/unittest/loader.py", line 232, in _get_module_from_name
    __import__(name)
  File "/home/travis/build/kaitai-io/ci_targets/tests/spec/python/test_index_to_param_expr.py", line 5, in <module>
    from index_to_param_expr import IndexToParamExpr
ImportError: No module named index_to_param_expr

]]>		</error>
		<system-out>
<![CDATA[]]>		</system-out>
		<system-err>
<![CDATA[]]>		</system-err>
	</testcase>
	<testcase classname="unittest.loader.ModuleImportFailure" file="/opt/python/2.7.14/lib/python2.7/unittest/loader.py" line="31" name="test_index_to_param_eos" time="0.000" timestamp="2020-01-01T06:36:26">
		<error message="Failed to import test module: test_index_to_param_eos
Traceback (most recent call last):
  File &quot;/opt/python/2.7.14/lib/python2.7/unittest/loader.py&quot;, line 254, in _find_tests
    module = self._get_module_from_name(name)
  File &quot;/opt/python/2.7.14/lib/python2.7/unittest/loader.py&quot;, line 232, in _get_module_from_name
    __import__(name)
  File &quot;/home/travis/build/kaitai-io/ci_targets/tests/spec/python/test_index_to_param_eos.py&quot;, line 5, in &lt;module&gt;
    from index_to_param_eos import IndexToParamEos
ImportError: No module named index_to_param_eos
" type="ImportError">
<![CDATA[ImportError: Failed to import test module: test_index_to_param_eos
Traceback (most recent call last):
  File "/opt/python/2.7.14/lib/python2.7/unittest/loader.py", line 254, in _find_tests
    module = self._get_module_from_name(name)
  File "/opt/python/2.7.14/lib/python2.7/unittest/loader.py", line 232, in _get_module_from_name
    __import__(name)
  File "/home/travis/build/kaitai-io/ci_targets/tests/spec/python/test_index_to_param_eos.py", line 5, in <module>
    from index_to_param_eos import IndexToParamEos
ImportError: No module named index_to_param_eos

]]>		</error>
		<system-out>
<![CDATA[]]>		</system-out>
		<system-err>
<![CDATA[]]>		</system-err>
	</testcase>
	<testcase classname="unittest.loader.ModuleImportFailure" file="/opt/python/2.7.14/lib/python2.7/unittest/loader.py" line="31" name="test_opaque_with_param" time="0.000" timestamp="2020-01-01T06:36:26">
		<error message="Failed to import test module: test_opaque_with_param
Traceback (most recent call last):
  File &quot;/opt/python/2.7.14/lib/python2.7/unittest/loader.py&quot;, line 254, in _find_tests
    module = self._get_module_from_name(name)
  File &quot;/opt/python/2.7.14/lib/python2.7/unittest/loader.py&quot;, line 232, in _get_module_from_name
    __import__(name)
  File &quot;/home/travis/build/kaitai-io/ci_targets/tests/spec/python/test_opaque_with_param.py&quot;, line 3, in &lt;module&gt;
    from opaque_with_param import OpaqueWithParam
  File &quot;/home/travis/build/kaitai-io/ci_targets/tests/compiled/python/opaque_with_param.py&quot;, line 11, in &lt;module&gt;
    import params_def
ImportError: No module named params_def
" type="ImportError">
<![CDATA[ImportError: Failed to import test module: test_opaque_with_param
Traceback (most recent call last):
  File "/opt/python/2.7.14/lib/python2.7/unittest/loader.py", line 254, in _find_tests
    module = self._get_module_from_name(name)
  File "/opt/python/2.7.14/lib/python2.7/unittest/loader.py", line 232, in _get_module_from_name
    __import__(name)
  File "/home/travis/build/kaitai-io/ci_targets/tests/spec/python/test_opaque_with_param.py", line 3, in <module>
    from opaque_with_param import OpaqueWithParam
  File "/home/travis/build/kaitai-io/ci_targets/tests/compiled/python/opaque_with_param.py", line 11, in <module>
    import params_def
ImportError: No module named params_def

]]>		</error>
		<system-out>
<![CDATA[]]>		</system-out>
		<system-err>
<![CDATA[]]>		</system-err>
	</testcase>
	<testcase classname="unittest.loader.ModuleImportFailure" file="/opt/python/2.7.14/lib/python2.7/unittest/loader.py" line="31" name="test_params_call_extra_parens" time="0.000" timestamp="2020-01-01T06:36:26">
		<error message="Failed to import test module: test_params_call_extra_parens
Traceback (most recent call last):
  File &quot;/opt/python/2.7.14/lib/python2.7/unittest/loader.py&quot;, line 254, in _find_tests
    module = self._get_module_from_name(name)
  File &quot;/opt/python/2.7.14/lib/python2.7/unittest/loader.py&quot;, line 232, in _get_module_from_name
    __import__(name)
  File &quot;/home/travis/build/kaitai-io/ci_targets/tests/spec/python/test_params_call_extra_parens.py&quot;, line 5, in &lt;module&gt;
    from params_call_extra_parens import ParamsCallExtraParens
ImportError: No module named params_call_extra_parens
" type="ImportError">
<![CDATA[ImportError: Failed to import test module: test_params_call_extra_parens
Traceback (most recent call last):
  File "/opt/python/2.7.14/lib/python2.7/unittest/loader.py", line 254, in _find_tests
    module = self._get_module_from_name(name)
  File "/opt/python/2.7.14/lib/python2.7/unittest/loader.py", line 232, in _get_module_from_name
    __import__(name)
  File "/home/travis/build/kaitai-io/ci_targets/tests/spec/python/test_params_call_extra_parens.py", line 5, in <module>
    from params_call_extra_parens import ParamsCallExtraParens
ImportError: No module named params_call_extra_parens

]]>		</error>
		<system-out>
<![CDATA[]]>		</system-out>
		<system-err>
<![CDATA[]]>		</system-err>
	</testcase>
	<testcase classname="unittest.loader.ModuleImportFailure" file="/opt/python/2.7.14/lib/python2.7/unittest/loader.py" line="31" name="test_index_to_param_until" time="0.000" timestamp="2020-01-01T06:36:26">
		<error message="Failed to import test module: test_index_to_param_until
Traceback (most recent call last):
  File &quot;/opt/python/2.7.14/lib/python2.7/unittest/loader.py&quot;, line 254, in _find_tests
    module = self._get_module_from_name(name)
  File &quot;/opt/python/2.7.14/lib/python2.7/unittest/loader.py&quot;, line 232, in _get_module_from_name
    __import__(name)
  File &quot;/home/travis/build/kaitai-io/ci_targets/tests/spec/python/test_index_to_param_until.py&quot;, line 5, in &lt;module&gt;
    from index_to_param_until import IndexToParamUntil
ImportError: No module named index_to_param_until
" type="ImportError">
<![CDATA[ImportError: Failed to import test module: test_index_to_param_until
Traceback (most recent call last):
  File "/opt/python/2.7.14/lib/python2.7/unittest/loader.py", line 254, in _find_tests
    module = self._get_module_from_name(name)
  File "/opt/python/2.7.14/lib/python2.7/unittest/loader.py", line 232, in _get_module_from_name
    __import__(name)
  File "/home/travis/build/kaitai-io/ci_targets/tests/spec/python/test_index_to_param_until.py", line 5, in <module>
    from index_to_param_until import IndexToParamUntil
ImportError: No module named index_to_param_until

]]>		</error>
		<system-out>
<![CDATA[]]>		</system-out>
		<system-err>
<![CDATA[]]>		</system-err>
	</testcase>
	<testcase classname="unittest.loader.ModuleImportFailure" file="/opt/python/2.7.14/lib/python2.7/unittest/loader.py" line="31" name="test_params_call_short" time="0.000" timestamp="2020-01-01T06:36:26">
		<error message="Failed to import test module: test_params_call_short
Traceback (most recent call last):
  File &quot;/opt/python/2.7.14/lib/python2.7/unittest/loader.py&quot;, line 254, in _find_tests
    module = self._get_module_from_name(name)
  File &quot;/opt/python/2.7.14/lib/python2.7/unittest/loader.py&quot;, line 232, in _get_module_from_name
    __import__(name)
  File &quot;/home/travis/build/kaitai-io/ci_targets/tests/spec/python/test_params_call_short.py&quot;, line 5, in &lt;module&gt;
    from params_call_short import ParamsCallShort
ImportError: No module named params_call_short
" type="ImportError">
<![CDATA[ImportError: Failed to import test module: test_params_call_short
Traceback (most recent call last):
  File "/opt/python/2.7.14/lib/python2.7/unittest/loader.py", line 254, in _find_tests
    module = self._get_module_from_name(name)
  File "/opt/python/2.7.14/lib/python2.7/unittest/loader.py", line 232, in _get_module_from_name
    __import__(name)
  File "/home/travis/build/kaitai-io/ci_targets/tests/spec/python/test_params_call_short.py", line 5, in <module>
    from params_call_short import ParamsCallShort
ImportError: No module named params_call_short

]]>		</error>
		<system-out>
<![CDATA[]]>		</system-out>
		<system-err>
<![CDATA[]]>		</system-err>
	</testcase>
	<testcase classname="unittest.loader.ModuleImportFailure" file="/opt/python/2.7.14/lib/python2.7/unittest/loader.py" line="31" name="test_params_enum" time="0.000" timestamp="2020-01-01T06:36:26">
		<error message="Failed to import test module: test_params_enum
Traceback (most recent call last):
  File &quot;/opt/python/2.7.14/lib/python2.7/unittest/loader.py&quot;, line 254, in _find_tests
    module = self._get_module_from_name(name)
  File &quot;/opt/python/2.7.14/lib/python2.7/unittest/loader.py&quot;, line 232, in _get_module_from_name
    __import__(name)
  File &quot;/home/travis/build/kaitai-io/ci_targets/tests/spec/python/test_params_enum.py&quot;, line 5, in &lt;module&gt;
    from params_enum import ParamsEnum
ImportError: No module named params_enum
" type="ImportError">
<![CDATA[ImportError: Failed to import test module: test_params_enum
Traceback (most recent call last):
  File "/opt/python/2.7.14/lib/python2.7/unittest/loader.py", line 254, in _find_tests
    module = self._get_module_from_name(name)
  File "/opt/python/2.7.14/lib/python2.7/unittest/loader.py", line 232, in _get_module_from_name
    __import__(name)
  File "/home/travis/build/kaitai-io/ci_targets/tests/spec/python/test_params_enum.py", line 5, in <module>
    from params_enum import ParamsEnum
ImportError: No module named params_enum

]]>		</error>
		<system-out>
<![CDATA[]]>		</system-out>
		<system-err>
<![CDATA[]]>		</system-err>
	</testcase>
</testsuite>
