<?xml version="1.0" encoding="UTF-8"?>
<testsuite errors="0" failures="0" file="test_index_to_param_eos.py" name="test_index_to_param_eos.TestIndexToParamEos-20200119140714" skipped="0" tests="1" time="0.000" timestamp="2020-01-19T14:07:14">
	<testcase classname="test_index_to_param_eos.TestIndexToParamEos" file="spec/python/test_index_to_param_eos.py" line="8" name="test_index_to_param_eos" time="0.000" timestamp="2020-01-19T14:07:14">
		<system-out>
<![CDATA[]]>		</system-out>
		<system-err>
<![CDATA[]]>		</system-err>
	</testcase>
</testsuite>
