<?xml version="1.0" encoding="UTF-8"?>
<testsuite name="test_imports_abs_rel.TestImportsAbsRel-20220801170217" tests="1" file="test_imports_abs_rel.py" time="0.001" timestamp="2022-08-01T17:02:17" failures="0" errors="0" skipped="0">
	<testcase classname="test_imports_abs_rel.TestImportsAbsRel" name="test_imports_abs_rel" time="0.001" timestamp="2022-08-01T17:02:17" file="spec/python/test_imports_abs_rel.py" line="6"/>
</testsuite>
