<?xml version="1.0" encoding="UTF-8"?>
<testsuite name="test_integers.TestIntegers-20210302195852" tests="1" file="test_integers.py" time="0.002" timestamp="2021-03-02T19:58:52" failures="0" errors="0" skipped="0">
	<testcase classname="test_integers.TestIntegers" name="test_integers" time="0.002" timestamp="2021-03-02T19:58:52" file="spec/python/test_integers.py" line="8"/>
</testsuite>
