<?xml version="1.0" encoding="UTF-8"?>
<testsuite name="test_nav_parent_switch.TestNavParentSwitch-20201031095923" tests="1" file="test_nav_parent_switch.py" time="0.001" timestamp="2020-10-31T09:59:23" failures="0" errors="0" skipped="0">
	<testcase classname="test_nav_parent_switch.TestNavParentSwitch" name="test_nav_parent_switch" time="0.001" timestamp="2020-10-31T09:59:23" file="spec/python/test_nav_parent_switch.py" line="8"/>
</testsuite>
