<?xml version="1.0" encoding="UTF-8"?>
<testsuite name="test_valid_not_parsed_if.TestValidNotParsedIf-20220623171410" tests="1" file="test_valid_not_parsed_if.py" time="0.000" timestamp="2022-06-23T17:14:11" failures="0" errors="0" skipped="0">
	<testcase classname="test_valid_not_parsed_if.TestValidNotParsedIf" name="test_valid_not_parsed_if" time="0.000" timestamp="2022-06-23T17:14:11" file="spec/python/test_valid_not_parsed_if.py" line="8"/>
</testsuite>
