<?xml version="1.0" encoding="UTF-8"?>
<testsuite name="test_enum_if.TestEnumIf-20220210221125" tests="1" file="test_enum_if.py" time="0.001" timestamp="2022-02-10T22:11:25" failures="0" errors="0" skipped="0">
	<testcase classname="test_enum_if.TestEnumIf" name="test_enum_if" time="0.001" timestamp="2022-02-10T22:11:25" file="spec/python/test_enum_if.py" line="8"/>
</testsuite>
