<?xml version="1.0" encoding="UTF-8"?>
<testsuite errors="0" failures="0" name="test_str_encodings_default.TestStrEncodingsDefault-20181222103018" skipped="0" tests="1" time="0.009" timestamp="2018-12-22T10:30:18">
	<testcase classname="test_str_encodings_default.TestStrEncodingsDefault" name="test_str_encodings_default" time="0.009" timestamp="2018-12-22T10:30:18"/>
	<system-out>
<![CDATA[]]>	</system-out>
	<system-err>
<![CDATA[]]>	</system-err>
</testsuite>
