<?xml version="1.0" encoding="UTF-8"?>
<testsuite name="test_debug_0.TestDebug0-20230721073730" tests="1" file="test_debug_0.py" time="0.001" timestamp="2023-07-21T07:37:30" failures="0" errors="0" skipped="0">
	<testcase classname="test_debug_0.TestDebug0" name="test_debug_0" time="0.001" timestamp="2023-07-21T07:37:30" file="spec/python/test_debug_0.py" line="6"/>
</testsuite>
