<?xml version="1.0" encoding="UTF-8"?>
<testsuite name="test_nested_types2.TestNestedTypes2-20220319214317" tests="1" file="test_nested_types2.py" time="0.001" timestamp="2022-03-19T21:43:17" failures="0" errors="0" skipped="0">
	<testcase classname="test_nested_types2.TestNestedTypes2" name="test_nested_types2" time="0.001" timestamp="2022-03-19T21:43:17" file="spec/python/test_nested_types2.py" line="8"/>
</testsuite>
