<?xml version="1.0" encoding="UTF-8"?>
<testsuite errors="0" failures="0" file="test_params_pass_usertype.py" name="test_params_pass_usertype.TestParamsPassUsertype-20200801181018" skipped="0" tests="1" time="0.000" timestamp="2020-08-01T18:10:19">
	<testcase classname="test_params_pass_usertype.TestParamsPassUsertype" file="spec/python/test_params_pass_usertype.py" line="8" name="test_params_pass_usertype" time="0.000" timestamp="2020-08-01T18:10:19">
		<system-out>
<![CDATA[]]>		</system-out>
		<system-err>
<![CDATA[]]>		</system-err>
	</testcase>
</testsuite>
