<?xml version="1.0" encoding="UTF-8"?>
<testsuite errors="1" failures="0" name="test_expr_2.TestExpr2-20180127003042" skipped="0" tests="1" time="0.000">
	<testcase classname="test_expr_2.TestExpr2" name="test_expr_2" time="0.000">
		<error message="I/O operation on closed file" type="ValueError">
<![CDATA[Traceback (most recent call last):
  File "/home/travis/build/kaitai-io/ci_targets/tests/spec/python/test_expr_2.py", line 17, in test_expr_2
    self.assertEqual(r.str1_char5, "e")
  File "/home/travis/build/kaitai-io/ci_targets/tests/compiled/python/expr_2.py", line 140, in str1_char5
    self._m_str1_char5 = self.str1.char5
  File "/home/travis/build/kaitai-io/ci_targets/tests/compiled/python/expr_2.py", line 48, in char5
    _pos = self._io.pos()
  File "/home/travis/build/kaitai-io/ci_targets/runtime/python/kaitaistruct.py", line 76, in pos
    return self._io.tell()
ValueError: I/O operation on closed file
]]>		</error>
	</testcase>
	<system-out>
<![CDATA[]]>	</system-out>
	<system-err>
<![CDATA[]]>	</system-err>
</testsuite>
