<?xml version="1.0" encoding="UTF-8"?>
<testsuite name="test_nav_parent2.TestNavParent2" tests="1" file="test_nav_parent2.py" time="0.001" timestamp="2023-07-27T22:37:20" failures="0" errors="0" skipped="0">
	<testcase classname="test_nav_parent2.TestNavParent2" name="test_nav_parent2" time="0.001" timestamp="2023-07-27T22:37:20" file="spec/python/test_nav_parent2.py" line="8"/>
</testsuite>
