<?xml version="1.0" encoding="UTF-8"?>
<testsuite errors="0" failures="0" file="test_nested_types.py" name="test_nested_types.TestNestedTypes-20191125113607" skipped="0" tests="1" time="0.000" timestamp="2019-11-25T11:36:08">
	<testcase classname="test_nested_types.TestNestedTypes" file="spec/python/test_nested_types.py" line="8" name="test_nested_types" time="0.000" timestamp="2019-11-25T11:36:08">
		<system-out>
<![CDATA[]]>		</system-out>
		<system-err>
<![CDATA[]]>		</system-err>
	</testcase>
</testsuite>
