<?xml version="1.0" encoding="UTF-8"?>
<testsuite errors="0" failures="0" name="test_fixed_struct.TestFixedStruct-20170702120227" skipped="0" tests="1" time="0.000">
	<testcase classname="test_fixed_struct.TestFixedStruct" name="test_fixed_struct" time="0.000"/>
	<system-out>
<![CDATA[]]>	</system-out>
	<system-err>
<![CDATA[]]>	</system-err>
</testsuite>
