<?xml version="1.0" encoding="UTF-8"?>
<testsuite name="test_imports0.TestImports0-20230705183723" tests="1" file="test_imports0.py" time="0.000" timestamp="2023-07-05T18:37:23" failures="0" errors="0" skipped="0">
	<testcase classname="test_imports0.TestImports0" name="test_imports0" time="0.000" timestamp="2023-07-05T18:37:23" file="spec/python/test_imports0.py" line="8"/>
</testsuite>
