<?xml version="1.0" encoding="UTF-8"?>
<testsuite name="test_str_eos.TestStrEos" tests="1" file="test_str_eos.py" time="0.000" timestamp="2023-07-24T14:11:19" failures="0" errors="0" skipped="0">
	<testcase classname="test_str_eos.TestStrEos" name="test_str_eos" time="0.000" timestamp="2023-07-24T14:11:19" file="spec/python/test_str_eos.py" line="8"/>
</testsuite>
