<?xml version="1.0" encoding="UTF-8"?>
<testsuite name="test_enum_negative.TestEnumNegative" tests="1" file="test_enum_negative.py" time="0.001" timestamp="2023-08-02T17:41:26" failures="0" errors="0" skipped="0">
	<testcase classname="test_enum_negative.TestEnumNegative" name="test_enum_negative" time="0.001" timestamp="2023-08-02T17:41:26" file="spec/python/test_enum_negative.py" line="8"/>
</testsuite>
