<?xml version="1.0" encoding="UTF-8"?>
<testsuite errors="0" failures="0" file="test_meta_xref.py" name="test_meta_xref.TestMetaXref-20200302220438" skipped="0" tests="1" time="0.000" timestamp="2020-03-02T22:04:38">
	<testcase classname="test_meta_xref.TestMetaXref" file="spec/python/test_meta_xref.py" line="8" name="test_meta_xref" time="0.000" timestamp="2020-03-02T22:04:38">
		<system-out>
<![CDATA[]]>		</system-out>
		<system-err>
<![CDATA[]]>		</system-err>
	</testcase>
</testsuite>
