<?xml version="1.0" encoding="UTF-8"?>
<testsuite name="test_valid_optional_id.TestValidOptionalId" tests="1" file="test_valid_optional_id.py" time="0.000" timestamp="2023-07-23T22:33:34" failures="0" errors="0" skipped="0">
	<testcase classname="test_valid_optional_id.TestValidOptionalId" name="test_valid_optional_id" time="0.000" timestamp="2023-07-23T22:33:34" file="spec/python/test_valid_optional_id.py" line="8"/>
</testsuite>
