<?xml version="1.0" encoding="UTF-8"?>
<testsuite errors="0" failures="0" file="test_debug_enum_name.py" name="test_debug_enum_name.TestDebugEnumName-20190928124427" skipped="0" tests="1" time="0.000" timestamp="2019-09-28T12:44:27">
	<testcase classname="test_debug_enum_name.TestDebugEnumName" file="spec/python/test_debug_enum_name.py" line="6" name="test_debug_enum_name" time="0.000" timestamp="2019-09-28T12:44:27">
		<system-out>
<![CDATA[]]>		</system-out>
		<system-err>
<![CDATA[]]>		</system-err>
	</testcase>
</testsuite>
