<?xml version="1.0" encoding="UTF-8"?>
<testsuite name="test_str_encodings.TestStrEncodings-20200321223808" tests="1" file="test_str_encodings.py" time="0.007" timestamp="2020-03-21T22:38:08" failures="0" errors="0" skipped="0">
	<testcase classname="test_str_encodings.TestStrEncodings" name="test_str_encodings" time="0.007" timestamp="2020-03-21T22:38:08" file="spec/python/test_str_encodings.py" line="8">
		<system-out><![CDATA[]]></system-out>
		<system-err><![CDATA[]]></system-err>
	</testcase>
</testsuite>
