<?xml version="1.0" encoding="UTF-8"?>
<testsuite errors="0" failures="0" name="test_index_to_param_expr.TestIndexToParamExpr-20180322224020" skipped="0" tests="1" time="0.000" timestamp="2018-03-22T22:40:20">
	<testcase classname="test_index_to_param_expr.TestIndexToParamExpr" name="test_index_to_param_expr" time="0.000" timestamp="2018-03-22T22:40:20"/>
	<system-out>
<![CDATA[]]>	</system-out>
	<system-err>
<![CDATA[]]>	</system-err>
</testsuite>
