<?xml version="1.0" encoding="UTF-8"?>
<testsuite errors="0" failures="0" file="test_bits_signed_res_b32_le.py" name="test_bits_signed_res_b32_le.TestBitsSignedResB32Le-20230721073725" skipped="0" tests="1" time="0.000" timestamp="2023-07-21T07:37:25">
	<testcase classname="test_bits_signed_res_b32_le.TestBitsSignedResB32Le" file="spec/python/test_bits_signed_res_b32_le.py" line="8" name="test_bits_signed_res_b32_le" time="0.000" timestamp="2023-07-21T07:37:25">
		<system-out>
<![CDATA[]]>		</system-out>
		<system-err>
<![CDATA[]]>		</system-err>
	</testcase>
</testsuite>
