<?xml version="1.0" encoding="UTF-8"?>
<testsuite name="test_hello_world.TestHelloWorld-20220318130502" tests="1" file="test_hello_world.py" time="0.000" timestamp="2022-03-18T13:05:02" failures="0" errors="0" skipped="0">
	<testcase classname="test_hello_world.TestHelloWorld" name="test_hello_world" time="0.000" timestamp="2022-03-18T13:05:02" file="spec/python/test_hello_world.py" line="8"/>
</testsuite>
