<?xml version="1.0" encoding="UTF-8"?>
<testsuite errors="0" failures="0" file="test_enum_if.py" name="test_enum_if.TestEnumIf-20200802152523" skipped="0" tests="1" time="0.001" timestamp="2020-08-02T15:25:23">
	<testcase classname="test_enum_if.TestEnumIf" file="spec/python/test_enum_if.py" line="8" name="test_enum_if" time="0.001" timestamp="2020-08-02T15:25:23">
		<system-out>
<![CDATA[]]>		</system-out>
		<system-err>
<![CDATA[]]>		</system-err>
	</testcase>
</testsuite>
