<?xml version="1.0" encoding="UTF-8"?>
<testsuite name="test_params_pass_usertype.TestParamsPassUsertype-20230706183513" tests="1" file="test_params_pass_usertype.py" time="0.000" timestamp="2023-07-06T18:35:13" failures="0" errors="0" skipped="0">
	<testcase classname="test_params_pass_usertype.TestParamsPassUsertype" name="test_params_pass_usertype" time="0.000" timestamp="2023-07-06T18:35:13" file="spec/python/test_params_pass_usertype.py" line="8"/>
</testsuite>
