<?xml version="1.0" encoding="UTF-8"?>
<testsuite errors="0" failures="0" file="test_str_combine.py" name="test_str_combine.TestStrCombine-20200316174809" skipped="0" tests="1" time="0.001" timestamp="2020-03-16T17:48:09">
	<testcase classname="test_str_combine.TestStrCombine" file="spec/python/test_str_combine.py" line="8" name="test_str_combine" time="0.001" timestamp="2020-03-16T17:48:09">
		<system-out>
<![CDATA[]]>		</system-out>
		<system-err>
<![CDATA[]]>		</system-err>
	</testcase>
</testsuite>
