<?xml version="1.0" encoding="UTF-8"?>
<testsuite errors="0" failures="0" name="test_docstrings_docref.TestDocstringsDocref-20170525121129" skipped="0" tests="1" time="0.000">
	<testcase classname="test_docstrings_docref.TestDocstringsDocref" name="test_docstrings_docref" time="0.000"/>
	<system-out>
<![CDATA[]]>	</system-out>
	<system-err>
<![CDATA[]]>	</system-err>
</testsuite>
