<?xml version="1.0" encoding="UTF-8"?>
<testsuite name="test_expr_calc_array_ops.TestExprCalcArrayOps-20220728094509" tests="1" file="test_expr_calc_array_ops.py" time="0.001" timestamp="2022-07-28T09:45:09" failures="0" errors="0" skipped="0">
	<testcase classname="test_expr_calc_array_ops.TestExprCalcArrayOps" name="test_expr_calc_array_ops" time="0.001" timestamp="2022-07-28T09:45:09" file="spec/python/test_expr_calc_array_ops.py" line="8"/>
</testsuite>
