<?xml version="1.0" encoding="UTF-8"?>
<testsuite name="test_index_to_param_until.TestIndexToParamUntil-20230721160010" tests="1" file="test_index_to_param_until.py" time="0.000" timestamp="2023-07-21T16:00:10" failures="0" errors="0" skipped="0">
	<testcase classname="test_index_to_param_until.TestIndexToParamUntil" name="test_index_to_param_until" time="0.000" timestamp="2023-07-21T16:00:10" file="spec/python/test_index_to_param_until.py" line="8"/>
</testsuite>
