<?xml version="1.0" encoding="UTF-8"?>
<testsuite name="test_params_call_extra_parens.TestParamsCallExtraParens-20211106162901" tests="1" file="test_params_call_extra_parens.py" time="0.000" timestamp="2021-11-06T16:29:01" failures="0" errors="0" skipped="0">
	<testcase classname="test_params_call_extra_parens.TestParamsCallExtraParens" name="test_params_call_extra_parens" time="0.000" timestamp="2021-11-06T16:29:01" file="spec/python/test_params_call_extra_parens.py" line="8"/>
</testsuite>
