<?xml version="1.0" encoding="UTF-8"?>
<testsuite errors="0" failures="0" file="test_expr_io_eof.py" name="test_expr_io_eof.TestExprIoEof-20190321143929" skipped="0" tests="1" time="0.001" timestamp="2019-03-21T14:39:29">
	<testcase classname="test_expr_io_eof.TestExprIoEof" file="spec/python/test_expr_io_eof.py" line="6" name="test_expr_io_eof" time="0.001" timestamp="2019-03-21T14:39:29"/>
</testsuite>
