<?xml version="1.0" encoding="UTF-8"?>
<testsuite name="test_type_ternary_opaque.TestTypeTernaryOpaque-20210302195852" tests="1" file="test_type_ternary_opaque.py" time="0.001" timestamp="2021-03-02T19:58:52" failures="0" errors="0" skipped="0">
	<testcase classname="test_type_ternary_opaque.TestTypeTernaryOpaque" name="test_type_ternary_opaque" time="0.001" timestamp="2021-03-02T19:58:52" file="spec/python/test_type_ternary_opaque.py" line="6"/>
</testsuite>
