<?xml version="1.0" encoding="UTF-8"?>
<testsuite name="test_bits_unaligned_b64_be.TestBitsUnalignedB64Be-20220617122750" tests="1" file="test_bits_unaligned_b64_be.py" time="0.001" timestamp="2022-06-17T12:27:50" failures="0" errors="0" skipped="0">
	<testcase classname="test_bits_unaligned_b64_be.TestBitsUnalignedB64Be" name="test_bits_unaligned_b64_be" time="0.001" timestamp="2022-06-17T12:27:50" file="spec/python/test_bits_unaligned_b64_be.py" line="8"/>
</testsuite>
