<?xml version="1.0" encoding="UTF-8"?>
<testsuite name="test_enum_0.TestEnum0" tests="1" file="test_enum_0.py" time="0.000" timestamp="2023-07-23T22:33:34" failures="0" errors="0" skipped="0">
	<testcase classname="test_enum_0.TestEnum0" name="test_enum_0" time="0.000" timestamp="2023-07-23T22:33:34" file="spec/python/test_enum_0.py" line="8"/>
</testsuite>
