<?xml version="1.0" encoding="UTF-8"?>
<testsuite errors="0" failures="0" file="test_enum_to_i.py" name="test_enum_to_i.TestEnumToI-20191022224053" skipped="0" tests="1" time="0.000" timestamp="2019-10-22T22:40:53">
	<testcase classname="test_enum_to_i.TestEnumToI" file="spec/python/test_enum_to_i.py" line="8" name="test_enum_to_i" time="0.000" timestamp="2019-10-22T22:40:53">
		<system-out>
<![CDATA[]]>		</system-out>
		<system-err>
<![CDATA[]]>		</system-err>
	</testcase>
</testsuite>
