<?xml version="1.0" encoding="UTF-8"?>
<testsuite errors="0" failures="0" name="test_str_encodings.TestStrEncodings-20181227074756" skipped="0" tests="1" time="0.010" timestamp="2018-12-27T07:47:56">
	<testcase classname="test_str_encodings.TestStrEncodings" name="test_str_encodings" time="0.010" timestamp="2018-12-27T07:47:56"/>
	<system-out>
<![CDATA[]]>	</system-out>
	<system-err>
<![CDATA[]]>	</system-err>
</testsuite>
