<?xml version="1.0" encoding="UTF-8"?>
<testsuite errors="0" failures="0" file="test_type_int_unary_op.py" name="test_type_int_unary_op.TestTypeIntUnaryOp-20220205182944" skipped="0" tests="1" time="0.000" timestamp="2022-02-05T18:29:44">
	<testcase classname="test_type_int_unary_op.TestTypeIntUnaryOp" file="spec/python/test_type_int_unary_op.py" line="8" name="test_type_int_unary_op" time="0.000" timestamp="2022-02-05T18:29:44">
		<system-out>
<![CDATA[]]>		</system-out>
		<system-err>
<![CDATA[]]>		</system-err>
	</testcase>
</testsuite>
