<?xml version="1.0" encoding="UTF-8"?>
<testsuite name="test_imports_circular_a.TestImportsCircularA-20230628194708" tests="1" file="test_imports_circular_a.py" time="0.001" timestamp="2023-06-28T19:47:08" failures="0" errors="1" skipped="0">
	<testcase classname="test_imports_circular_a.TestImportsCircularA" name="test_imports_circular_a" time="0.001" timestamp="2023-06-28T19:47:08" file="spec/python/test_imports_circular_a.py" line="8">
		<error type="AttributeError" message="'ImportsCircularB' object has no attribute 'back_ref'"><![CDATA[Traceback (most recent call last):
  File "/home/travis/build/kaitai-io/ci_targets/tests/spec/python/test_imports_circular_a.py", line 15, in test_imports_circular_a
    self.assertIsNone(r.two.back_ref.two.back_ref)
AttributeError: 'ImportsCircularB' object has no attribute 'back_ref'
]]></error>
	</testcase>
</testsuite>
