<?xml version="1.0" encoding="UTF-8"?>
<testsuite errors="0" failures="0" file="test_enum_int_range_s.py" name="test_enum_int_range_s.TestEnumIntRangeS-20200315143424" skipped="0" tests="1" time="0.001" timestamp="2020-03-15T14:34:24">
	<testcase classname="test_enum_int_range_s.TestEnumIntRangeS" file="spec/python/test_enum_int_range_s.py" line="8" name="test_enum_int_range_s" time="0.001" timestamp="2020-03-15T14:34:24">
		<system-out>
<![CDATA[]]>		</system-out>
		<system-err>
<![CDATA[]]>		</system-err>
	</testcase>
</testsuite>
