<?xml version="1.0" encoding="UTF-8"?>
<testsuite name="test_ts_packet_header.TestTsPacketHeader-20230719185350" tests="1" file="test_ts_packet_header.py" time="0.001" timestamp="2023-07-19T18:53:50" failures="0" errors="0" skipped="0">
	<testcase classname="test_ts_packet_header.TestTsPacketHeader" name="test_ts_packet_header" time="0.001" timestamp="2023-07-19T18:53:50" file="spec/python/test_ts_packet_header.py" line="8"/>
</testsuite>
