<?xml version="1.0" encoding="UTF-8"?>
<testsuite name="test_nested_types3.TestNestedTypes3-20220707230516" tests="1" file="test_nested_types3.py" time="0.001" timestamp="2022-07-07T23:05:16" failures="0" errors="0" skipped="0">
	<testcase classname="test_nested_types3.TestNestedTypes3" name="test_nested_types3" time="0.001" timestamp="2022-07-07T23:05:16" file="spec/python/test_nested_types3.py" line="8"/>
</testsuite>
