<?xml version="1.0" encoding="UTF-8"?>
<testsuite name="test_nav_parent_false.TestNavParentFalse-20230719185350" tests="1" file="test_nav_parent_false.py" time="0.001" timestamp="2023-07-19T18:53:50" failures="0" errors="0" skipped="0">
	<testcase classname="test_nav_parent_false.TestNavParentFalse" name="test_nav_parent_false" time="0.001" timestamp="2023-07-19T18:53:50" file="spec/python/test_nav_parent_false.py" line="8"/>
</testsuite>
