<?xml version="1.0" encoding="UTF-8"?>
<testsuite name="test_imports0.TestImports0-20220318130502" tests="1" file="test_imports0.py" time="0.001" timestamp="2022-03-18T13:05:02" failures="0" errors="0" skipped="0">
	<testcase classname="test_imports0.TestImports0" name="test_imports0" time="0.001" timestamp="2022-03-18T13:05:02" file="spec/python/test_imports0.py" line="8"/>
</testsuite>
