<?xml version="1.0" encoding="UTF-8"?>
<testsuite errors="0" failures="0" file="test_default_big_endian.py" name="test_default_big_endian.TestDefaultBigEndian-20230708130219" skipped="0" tests="1" time="0.000" timestamp="2023-07-08T13:02:19">
	<testcase classname="test_default_big_endian.TestDefaultBigEndian" file="spec/python/test_default_big_endian.py" line="8" name="test_default_big_endian" time="0.000" timestamp="2023-07-08T13:02:19">
		<system-out>
<![CDATA[]]>		</system-out>
		<system-err>
<![CDATA[]]>		</system-err>
	</testcase>
</testsuite>
