<?xml version="1.0" encoding="UTF-8"?>
<testsuite errors="0" failures="0" name="test_non_standard.TestNonStandard-20190304160828" skipped="0" tests="1" time="0.000" timestamp="2019-03-04T16:08:28">
	<testcase classname="test_non_standard.TestNonStandard" name="test_non_standard" time="0.000" timestamp="2019-03-04T16:08:28"/>
	<system-out>
<![CDATA[]]>	</system-out>
	<system-err>
<![CDATA[]]>	</system-err>
</testsuite>
