<?xml version="1.0" encoding="UTF-8"?>
<testsuite name="test_bits_shift_by_b32_le.TestBitsShiftByB32Le-20220318130502" tests="1" file="test_bits_shift_by_b32_le.py" time="0.001" timestamp="2022-03-18T13:05:02" failures="0" errors="0" skipped="0">
	<testcase classname="test_bits_shift_by_b32_le.TestBitsShiftByB32Le" name="test_bits_shift_by_b32_le" time="0.001" timestamp="2022-03-18T13:05:02" file="spec/python/test_bits_shift_by_b32_le.py" line="8"/>
</testsuite>
