<?xml version="1.0" encoding="UTF-8"?>
<testsuite errors="0" failures="0" file="test_default_endian_expr_inherited.py" name="test_default_endian_expr_inherited.TestDefaultEndianExprInherited-20190320081931" skipped="0" tests="1" time="0.001" timestamp="2019-03-20T08:19:31">
	<testcase classname="test_default_endian_expr_inherited.TestDefaultEndianExprInherited" file="spec/python/test_default_endian_expr_inherited.py" line="8" name="test_default_endian_expr_inherited" time="0.001" timestamp="2019-03-20T08:19:31"/>
</testsuite>
