<?xml version="1.0" encoding="UTF-8"?>
<testsuite name="test_valid_fail_min_int.TestValidFailMinInt-20220318130502" tests="1" file="test_valid_fail_min_int.py" time="0.000" timestamp="2022-03-18T13:05:02" failures="0" errors="0" skipped="0">
	<testcase classname="test_valid_fail_min_int.TestValidFailMinInt" name="test_valid_fail_min_int" time="0.000" timestamp="2022-03-18T13:05:02" file="spec/python/test_valid_fail_min_int.py" line="9"/>
</testsuite>
