<?xml version="1.0" encoding="UTF-8"?>
<testsuite errors="1" failures="0" file="test_valid_not_parsed_if.py" name="test_valid_not_parsed_if.TestValidNotParsedIf-20191104105617" skipped="0" tests="1" time="0.001" timestamp="2019-11-04T10:56:18">
	<testcase classname="test_valid_not_parsed_if.TestValidNotParsedIf" file="spec/python/test_valid_not_parsed_if.py" line="8" name="test_valid_not_parsed_if" time="0.001" timestamp="2019-11-04T10:56:18">
		<error message="'ValidNotParsedIf' object has no attribute 'not_parsed'" type="AttributeError">
<![CDATA[Traceback (most recent call last):
  File "/home/travis/build/kaitai-io/ci_targets/tests/spec/python/test_valid_not_parsed_if.py", line 9, in test_valid_not_parsed_if
    with ValidNotParsedIf.from_file('src/fixed_struct.bin') as r:
  File "/home/travis/build/kaitai-io/ci_targets/runtime/python/kaitaistruct.py", line 35, in from_file
    return cls(KaitaiStream(f))
  File "/home/travis/build/kaitai-io/ci_targets/tests/compiled/python/valid_not_parsed_if.py", line 16, in __init__
    self._read()
  File "/home/travis/build/kaitai-io/ci_targets/tests/compiled/python/valid_not_parsed_if.py", line 22, in _read
    if not self.not_parsed == 42:
AttributeError: 'ValidNotParsedIf' object has no attribute 'not_parsed'
]]>		</error>
		<system-out>
<![CDATA[]]>		</system-out>
		<system-err>
<![CDATA[]]>		</system-err>
	</testcase>
</testsuite>
