<?xml version="1.0" encoding="UTF-8"?>
<testsuite errors="0" failures="0" name="test_expr_2.TestExpr2-20180812104215" skipped="0" tests="1" time="0.000" timestamp="2018-08-12T10:42:15">
	<testcase classname="test_expr_2.TestExpr2" name="test_expr_2" time="0.000" timestamp="2018-08-12T10:42:15"/>
	<system-out>
<![CDATA[]]>	</system-out>
	<system-err>
<![CDATA[]]>	</system-err>
</testsuite>
