<?xml version="1.0" encoding="UTF-8"?>
<testsuite name="test_debug_enum_name.TestDebugEnumName-20220319214317" tests="1" file="test_debug_enum_name.py" time="0.000" timestamp="2022-03-19T21:43:17" failures="0" errors="0" skipped="0">
	<testcase classname="test_debug_enum_name.TestDebugEnumName" name="test_debug_enum_name" time="0.000" timestamp="2022-03-19T21:43:17" file="spec/python/test_debug_enum_name.py" line="6"/>
</testsuite>
