<?xml version="1.0" encoding="UTF-8"?>
<testsuite name="test_valid_fail_min_int.TestValidFailMinInt" tests="1" file="test_valid_fail_min_int.py" time="0.001" timestamp="2023-08-02T17:41:27" failures="0" errors="0" skipped="0">
	<testcase classname="test_valid_fail_min_int.TestValidFailMinInt" name="test_valid_fail_min_int" time="0.001" timestamp="2023-08-02T17:41:27" file="spec/python/test_valid_fail_min_int.py" line="9"/>
</testsuite>
