<?xml version="1.0" encoding="UTF-8"?>
<testsuite errors="0" failures="0" file="test_debug_switch_user.py" name="test_debug_switch_user.TestDebugSwitchUser-20210206143518" skipped="0" tests="1" time="0.000" timestamp="2021-02-06T14:35:18">
	<testcase classname="test_debug_switch_user.TestDebugSwitchUser" file="spec/python/test_debug_switch_user.py" line="8" name="test_debug_switch_user" time="0.000" timestamp="2021-02-06T14:35:18">
		<system-out>
<![CDATA[]]>		</system-out>
		<system-err>
<![CDATA[]]>		</system-err>
	</testcase>
</testsuite>
