<?xml version="1.0" encoding="UTF-8"?>
<testsuite errors="0" failures="0" name="test_str_encodings_default.TestStrEncodingsDefault-20181224192101" skipped="0" tests="1" time="0.009" timestamp="2018-12-24T19:21:01">
	<testcase classname="test_str_encodings_default.TestStrEncodingsDefault" name="test_str_encodings_default" time="0.009" timestamp="2018-12-24T19:21:01"/>
	<system-out>
<![CDATA[]]>	</system-out>
	<system-err>
<![CDATA[]]>	</system-err>
</testsuite>
