<?xml version="1.0" encoding="UTF-8"?>
<testsuite name="test_yaml_ints.TestYamlInts-20230715064447" tests="1" file="test_yaml_ints.py" time="0.000" timestamp="2023-07-15T06:44:47" failures="0" errors="0" skipped="0">
	<testcase classname="test_yaml_ints.TestYamlInts" name="test_yaml_ints" time="0.000" timestamp="2023-07-15T06:44:47" file="spec/python/test_yaml_ints.py" line="8"/>
</testsuite>
