<?xml version="1.0" encoding="UTF-8"?>
<testsuite name="test_zlib_surrounded.TestZlibSurrounded-20220623172918" tests="1" file="test_zlib_surrounded.py" time="0.000" timestamp="2022-06-23T17:29:18" failures="0" errors="0" skipped="0">
	<testcase classname="test_zlib_surrounded.TestZlibSurrounded" name="test_zlib_surrounded" time="0.000" timestamp="2022-06-23T17:29:18" file="spec/python/test_zlib_surrounded.py" line="8"/>
</testsuite>
