<?xml version="1.0" encoding="UTF-8"?>
<testsuite errors="0" failures="0" file="test_switch_integers2.py" name="test_switch_integers2.TestSwitchIntegers2-20191125024341" skipped="0" tests="1" time="0.001" timestamp="2019-11-25T02:43:41">
	<testcase classname="test_switch_integers2.TestSwitchIntegers2" file="spec/python/test_switch_integers2.py" line="8" name="test_switch_integers2" time="0.001" timestamp="2019-11-25T02:43:41">
		<system-out>
<![CDATA[]]>		</system-out>
		<system-err>
<![CDATA[]]>		</system-err>
	</testcase>
</testsuite>
