<?xml version="1.0" encoding="UTF-8"?>
<testsuite name="test_str_literals.TestStrLiterals-20230721074320" tests="1" file="test_str_literals.py" time="0.001" timestamp="2023-07-21T07:43:20" failures="0" errors="0" skipped="0">
	<testcase classname="test_str_literals.TestStrLiterals" name="test_str_literals" time="0.001" timestamp="2023-07-21T07:43:20" file="spec/python/test_str_literals.py" line="6"/>
</testsuite>
