<?xml version="1.0" encoding="UTF-8"?>
<testsuite name="test_params_enum.TestParamsEnum-20230628194708" tests="1" file="test_params_enum.py" time="0.000" timestamp="2023-06-28T19:47:08" failures="0" errors="0" skipped="0">
	<testcase classname="test_params_enum.TestParamsEnum" name="test_params_enum" time="0.000" timestamp="2023-06-28T19:47:08" file="spec/python/test_params_enum.py" line="8"/>
</testsuite>
