<?xml version="1.0" encoding="UTF-8"?>
<testsuite errors="0" failures="0" file="test_enum_deep_literals.py" name="test_enum_deep_literals.TestEnumDeepLiterals-20190320081957" skipped="0" tests="1" time="0.001" timestamp="2019-03-20T08:19:57">
	<testcase classname="test_enum_deep_literals.TestEnumDeepLiterals" file="spec/python/test_enum_deep_literals.py" line="8" name="test_enum_deep_literals" time="0.001" timestamp="2019-03-20T08:19:57"/>
</testsuite>
