<?xml version="1.0" encoding="UTF-8"?>
<testsuite name="test_opaque_external_type.TestOpaqueExternalType" tests="1" file="test_opaque_external_type.py" time="0.001" timestamp="2023-08-02T17:41:27" failures="0" errors="0" skipped="0">
	<testcase classname="test_opaque_external_type.TestOpaqueExternalType" name="test_opaque_external_type" time="0.001" timestamp="2023-08-02T17:41:27" file="spec/python/test_opaque_external_type.py" line="6"/>
</testsuite>
