<?xml version="1.0" encoding="UTF-8"?>
<testsuite name="test_params_pass_bool.TestParamsPassBool-20220623171410" tests="1" file="test_params_pass_bool.py" time="0.001" timestamp="2022-06-23T17:14:11" failures="0" errors="0" skipped="0">
	<testcase classname="test_params_pass_bool.TestParamsPassBool" name="test_params_pass_bool" time="0.001" timestamp="2022-06-23T17:14:11" file="spec/python/test_params_pass_bool.py" line="8"/>
</testsuite>
