<?xml version="1.0" encoding="UTF-8"?>
<testsuite errors="0" failures="0" file="test_debug_array_user.py" name="test_debug_array_user.TestDebugArrayUser-20200412221553" skipped="0" tests="1" time="0.000" timestamp="2020-04-12T22:15:53">
	<testcase classname="test_debug_array_user.TestDebugArrayUser" file="spec/python/test_debug_array_user.py" line="6" name="test_debug_array_user" time="0.000" timestamp="2020-04-12T22:15:53">
		<system-out>
<![CDATA[]]>		</system-out>
		<system-err>
<![CDATA[]]>		</system-err>
	</testcase>
</testsuite>
