<?xml version="1.0" encoding="UTF-8"?>
<testsuite errors="0" failures="0" name="test_enum_to_i.TestEnumToI-20170913203957" skipped="0" tests="1" time="0.001">
	<testcase classname="test_enum_to_i.TestEnumToI" name="test_enum_to_i" time="0.001"/>
	<system-out>
<![CDATA[]]>	</system-out>
	<system-err>
<![CDATA[]]>	</system-err>
</testsuite>
