<?xml version="1.0" encoding="UTF-8"?>
<testsuite errors="0" failures="0" file="test_process_to_user.py" name="test_process_to_user.TestProcessToUser-20191117215357" skipped="0" tests="1" time="0.000" timestamp="2019-11-17T21:53:57">
	<testcase classname="test_process_to_user.TestProcessToUser" file="spec/python/test_process_to_user.py" line="8" name="test_process_to_user" time="0.000" timestamp="2019-11-17T21:53:57">
		<system-out>
<![CDATA[]]>		</system-out>
		<system-err>
<![CDATA[]]>		</system-err>
	</testcase>
</testsuite>
