<?xml version="1.0" encoding="UTF-8"?>
<testsuite errors="0" failures="0" file="test_valid_short.py" name="test_valid_short.TestValidShort-20230628194049" skipped="0" tests="1" time="0.001" timestamp="2023-06-28T19:40:50">
	<testcase classname="test_valid_short.TestValidShort" file="spec/python/test_valid_short.py" line="8" name="test_valid_short" time="0.001" timestamp="2023-06-28T19:40:50">
		<system-out>
<![CDATA[]]>		</system-out>
		<system-err>
<![CDATA[]]>		</system-err>
	</testcase>
</testsuite>
