<?xml version="1.0" encoding="UTF-8"?>
<testsuite name="test_bits_shift_by_b32_le.TestBitsShiftByB32Le-20230719150532" tests="1" file="test_bits_shift_by_b32_le.py" time="0.000" timestamp="2023-07-19T15:05:32" failures="0" errors="0" skipped="0">
	<testcase classname="test_bits_shift_by_b32_le.TestBitsShiftByB32Le" name="test_bits_shift_by_b32_le" time="0.000" timestamp="2023-07-19T15:05:32" file="spec/python/test_bits_shift_by_b32_le.py" line="8"/>
</testsuite>
