<?xml version="1.0" encoding="UTF-8"?>
<testsuite name="test_switch_manual_int_size_eos.TestSwitchManualIntSizeEos-20200331091240" tests="1" file="test_switch_manual_int_size_eos.py" time="0.001" timestamp="2020-03-31T09:12:41" failures="0" errors="0" skipped="0">
	<testcase classname="test_switch_manual_int_size_eos.TestSwitchManualIntSizeEos" name="test_switch_manual_int_size_eos" time="0.001" timestamp="2020-03-31T09:12:41" file="spec/python/test_switch_manual_int_size_eos.py" line="6">
		<system-out><![CDATA[]]></system-out>
		<system-err><![CDATA[]]></system-err>
	</testcase>
</testsuite>
