<?xml version="1.0" encoding="UTF-8"?>
<testsuite name="test_expr_sizeof_value_sized.TestExprSizeofValueSized-20211114130459" tests="1" file="test_expr_sizeof_value_sized.py" time="0.001" timestamp="2021-11-14T13:04:59" failures="0" errors="0" skipped="0">
	<testcase classname="test_expr_sizeof_value_sized.TestExprSizeofValueSized" name="test_expr_sizeof_value_sized" time="0.001" timestamp="2021-11-14T13:04:59" file="spec/python/test_expr_sizeof_value_sized.py" line="8"/>
</testsuite>
