<?xml version="1.0" encoding="UTF-8"?>
<testsuite errors="0" failures="0" file="test_expr_2.py" name="test_expr_2.TestExpr2-20190317163105" skipped="0" tests="1" time="0.002" timestamp="2019-03-17T16:31:05">
	<testcase classname="test_expr_2.TestExpr2" file="spec/python/test_expr_2.py" line="8" name="test_expr_2" time="0.002" timestamp="2019-03-17T16:31:05"/>
</testsuite>
