<?xml version="1.0" encoding="UTF-8"?>
<testsuite name="test_enum_int_range_s.TestEnumIntRangeS-20230705183723" tests="1" file="test_enum_int_range_s.py" time="0.000" timestamp="2023-07-05T18:37:23" failures="0" errors="0" skipped="0">
	<testcase classname="test_enum_int_range_s.TestEnumIntRangeS" name="test_enum_int_range_s" time="0.000" timestamp="2023-07-05T18:37:23" file="spec/python/test_enum_int_range_s.py" line="8"/>
</testsuite>
