<?xml version="1.0" encoding="UTF-8"?>
<testsuite errors="0" failures="0" file="test_params_call_short.py" name="test_params_call_short.TestParamsCallShort-20190317163014" skipped="0" tests="1" time="0.000" timestamp="2019-03-17T16:30:14">
	<testcase classname="test_params_call_short.TestParamsCallShort" file="spec/python/test_params_call_short.py" line="8" name="test_params_call_short" time="0.000" timestamp="2019-03-17T16:30:14"/>
</testsuite>
