<?xml version="1.0" encoding="UTF-8"?>
<testsuite errors="0" failures="0" file="test_bits_enum.py" name="test_bits_enum.TestBitsEnum" skipped="0" tests="1" time="0.000" timestamp="2023-07-23T22:33:28">
	<testcase classname="test_bits_enum.TestBitsEnum" file="spec/python/test_bits_enum.py" line="8" name="test_bits_enum" time="0.000" timestamp="2023-07-23T22:33:28">
		<system-out>
<![CDATA[]]>		</system-out>
		<system-err>
<![CDATA[]]>		</system-err>
	</testcase>
</testsuite>
