<?xml version="1.0" encoding="UTF-8"?>
<testsuite errors="0" failures="0" file="test_type_ternary.py" name="test_type_ternary.TestTypeTernary-20190422024518" skipped="0" tests="1" time="0.000" timestamp="2019-04-22T02:45:18">
	<testcase classname="test_type_ternary.TestTypeTernary" file="spec/python/test_type_ternary.py" line="8" name="test_type_ternary" time="0.000" timestamp="2019-04-22T02:45:18">
		<system-out>
<![CDATA[]]>		</system-out>
		<system-err>
<![CDATA[]]>		</system-err>
	</testcase>
</testsuite>
