<?xml version="1.0" encoding="UTF-8"?>
<testsuite name="test_default_endian_expr_is_le.TestDefaultEndianExprIsLe" tests="1" file="test_default_endian_expr_is_le.py" time="0.002" timestamp="2023-08-02T17:41:26" failures="0" errors="0" skipped="0">
	<testcase classname="test_default_endian_expr_is_le.TestDefaultEndianExprIsLe" name="test_default_endian_expr_is_le" time="0.002" timestamp="2023-08-02T17:41:26" file="spec/python/test_default_endian_expr_is_le.py" line="8"/>
</testsuite>
