<?xml version="1.0" encoding="UTF-8"?>
<testsuite name="test_valid_fail_max_int.TestValidFailMaxInt-20200415032700" tests="1" file="test_valid_fail_max_int.py" time="0.001" timestamp="2020-04-15T03:27:01" failures="0" errors="0" skipped="0">
	<testcase classname="test_valid_fail_max_int.TestValidFailMaxInt" name="test_valid_fail_max_int" time="0.001" timestamp="2020-04-15T03:27:01" file="spec/python/test_valid_fail_max_int.py" line="9">
		<system-out><![CDATA[]]></system-out>
		<system-err><![CDATA[]]></system-err>
	</testcase>
</testsuite>
