<?xml version="1.0" encoding="UTF-8"?>
<testsuite errors="0" failures="0" file="test_term_strz.py" name="test_term_strz.TestTermStrz-20200409213047" skipped="0" tests="1" time="0.001" timestamp="2020-04-09T21:30:47">
	<testcase classname="test_term_strz.TestTermStrz" file="spec/python/test_term_strz.py" line="8" name="test_term_strz" time="0.001" timestamp="2020-04-09T21:30:47">
		<system-out>
<![CDATA[]]>		</system-out>
		<system-err>
<![CDATA[]]>		</system-err>
	</testcase>
</testsuite>
