<?xml version="1.0" encoding="UTF-8"?>
<testsuite name="test_yaml_ints.TestYamlInts-20210302195852" tests="1" file="test_yaml_ints.py" time="0.001" timestamp="2021-03-02T19:58:52" failures="0" errors="0" skipped="0">
	<testcase classname="test_yaml_ints.TestYamlInts" name="test_yaml_ints" time="0.001" timestamp="2021-03-02T19:58:52" file="spec/python/test_yaml_ints.py" line="8"/>
</testsuite>
