<?xml version="1.0" encoding="UTF-8"?>
<testsuite name="test_type_int_unary_op.TestTypeIntUnaryOp-20200731203836" tests="1" file="test_type_int_unary_op.py" time="0.001" timestamp="2020-07-31T20:38:36" failures="0" errors="0" skipped="0">
	<testcase classname="test_type_int_unary_op.TestTypeIntUnaryOp" name="test_type_int_unary_op" time="0.001" timestamp="2020-07-31T20:38:36" file="spec/python/test_type_int_unary_op.py" line="8">
		<system-out><![CDATA[]]></system-out>
		<system-err><![CDATA[]]></system-err>
	</testcase>
</testsuite>
