<?xml version="1.0" encoding="UTF-8"?>
<testsuite name="test_process_xor4_value.TestProcessXor4Value-20200731223602" tests="1" file="test_process_xor4_value.py" time="0.001" timestamp="2020-07-31T22:36:02" failures="0" errors="0" skipped="0">
	<testcase classname="test_process_xor4_value.TestProcessXor4Value" name="test_process_xor4_value" time="0.001" timestamp="2020-07-31T22:36:02" file="spec/python/test_process_xor4_value.py" line="8">
		<system-out><![CDATA[]]></system-out>
		<system-err><![CDATA[]]></system-err>
	</testcase>
</testsuite>
