<?xml version="1.0" encoding="UTF-8"?>
<testsuite name="test_enum_for_unknown_id.TestEnumForUnknownId-20230628194105" tests="1" file="test_enum_for_unknown_id.py" time="0.000" timestamp="2023-06-28T19:41:05" failures="0" errors="0" skipped="0">
	<testcase classname="test_enum_for_unknown_id.TestEnumForUnknownId" name="test_enum_for_unknown_id" time="0.000" timestamp="2023-06-28T19:41:05" file="spec/python/test_enum_for_unknown_id.py" line="8"/>
</testsuite>
