<?xml version="1.0" encoding="UTF-8"?>
<testsuite errors="0" failures="0" file="test_expr_enum.py" name="test_expr_enum.TestExprEnum-20200406202110" skipped="0" tests="1" time="0.001" timestamp="2020-04-06T20:21:10">
	<testcase classname="test_expr_enum.TestExprEnum" file="spec/python/test_expr_enum.py" line="8" name="test_expr_enum" time="0.001" timestamp="2020-04-06T20:21:10">
		<system-out>
<![CDATA[]]>		</system-out>
		<system-err>
<![CDATA[]]>		</system-err>
	</testcase>
</testsuite>
