<?xml version="1.0" encoding="UTF-8"?>
<testsuite name="test_integers.TestIntegers-20230627090127" tests="1" file="test_integers.py" time="0.002" timestamp="2023-06-27T09:01:27" failures="0" errors="0" skipped="0">
	<testcase classname="test_integers.TestIntegers" name="test_integers" time="0.002" timestamp="2023-06-27T09:01:27" file="spec/python/test_integers.py" line="8"/>
</testsuite>
