<?xml version="1.0" encoding="UTF-8"?>
<testsuite name="test_type_int_unary_op.TestTypeIntUnaryOp-20220623172918" tests="1" file="test_type_int_unary_op.py" time="0.001" timestamp="2022-06-23T17:29:18" failures="0" errors="0" skipped="0">
	<testcase classname="test_type_int_unary_op.TestTypeIntUnaryOp" name="test_type_int_unary_op" time="0.001" timestamp="2022-06-23T17:29:18" file="spec/python/test_type_int_unary_op.py" line="8"/>
</testsuite>
