<?xml version="1.0" encoding="UTF-8"?>
<testsuite name="test_expr_bytes_ops.TestExprBytesOps" tests="1" file="test_expr_bytes_ops.py" time="0.001" timestamp="2023-07-28T22:14:14" failures="0" errors="0" skipped="0">
	<testcase classname="test_expr_bytes_ops.TestExprBytesOps" name="test_expr_bytes_ops" time="0.001" timestamp="2023-07-28T22:14:14" file="spec/python/test_expr_bytes_ops.py" line="8"/>
</testsuite>
