<?xml version="1.0" encoding="UTF-8"?>
<testsuite name="test_valid_fail_inst.TestValidFailInst-20230719152410" tests="1" file="test_valid_fail_inst.py" time="0.000" timestamp="2023-07-19T15:24:10" failures="0" errors="0" skipped="0">
	<testcase classname="test_valid_fail_inst.TestValidFailInst" name="test_valid_fail_inst" time="0.000" timestamp="2023-07-19T15:24:10" file="spec/python/test_valid_fail_inst.py" line="9"/>
</testsuite>
