<?xml version="1.0" encoding="UTF-8"?>
<testsuite name="test_fixed_struct.TestFixedStruct-20230721073730" tests="1" file="test_fixed_struct.py" time="0.001" timestamp="2023-07-21T07:37:30" failures="0" errors="0" skipped="0">
	<testcase classname="test_fixed_struct.TestFixedStruct" name="test_fixed_struct" time="0.001" timestamp="2023-07-21T07:37:30" file="spec/python/test_fixed_struct.py" line="8"/>
</testsuite>
