<?xml version="1.0" encoding="UTF-8"?>
<testsuite errors="0" failures="0" file="test_expr_1.py" name="test_expr_1.TestExpr1-20200823222544" skipped="0" tests="1" time="0.000" timestamp="2020-08-23T22:25:44">
	<testcase classname="test_expr_1.TestExpr1" file="spec/python/test_expr_1.py" line="8" name="test_expr_1" time="0.000" timestamp="2020-08-23T22:25:44">
		<system-out>
<![CDATA[]]>		</system-out>
		<system-err>
<![CDATA[]]>		</system-err>
	</testcase>
</testsuite>
