<?xml version="1.0" encoding="UTF-8"?>
<testsuite errors="0" failures="0" file="test_valid_fail_range_bytes.py" name="test_valid_fail_range_bytes.TestValidFailRangeBytes-20220801170103" skipped="0" tests="1" time="0.001" timestamp="2022-08-01T17:01:03">
	<testcase classname="test_valid_fail_range_bytes.TestValidFailRangeBytes" file="spec/python/test_valid_fail_range_bytes.py" line="9" name="test_valid_fail_range_bytes" time="0.001" timestamp="2022-08-01T17:01:03">
		<system-out>
<![CDATA[]]>		</system-out>
		<system-err>
<![CDATA[]]>		</system-err>
	</testcase>
</testsuite>
