<?xml version="1.0" encoding="UTF-8"?>
<testsuite errors="0" failures="0" file="test_opaque_external_type.py" name="test_opaque_external_type.TestOpaqueExternalType-20230705115533" skipped="0" tests="1" time="0.001" timestamp="2023-07-05T11:55:34">
	<testcase classname="test_opaque_external_type.TestOpaqueExternalType" file="spec/python/test_opaque_external_type.py" line="6" name="test_opaque_external_type" time="0.001" timestamp="2023-07-05T11:55:34">
		<system-out>
<![CDATA[]]>		</system-out>
		<system-err>
<![CDATA[]]>		</system-err>
	</testcase>
</testsuite>
