<?xml version="1.0" encoding="UTF-8"?>
<testsuite name="test_str_eos.TestStrEos-20200308220627" tests="1" file="test_str_eos.py" time="0.001" timestamp="2020-03-08T22:06:27" failures="0" errors="0" skipped="0">
	<testcase classname="test_str_eos.TestStrEos" name="test_str_eos" time="0.001" timestamp="2020-03-08T22:06:27" file="spec/python/test_str_eos.py" line="8">
		<system-out><![CDATA[]]></system-out>
		<system-err><![CDATA[]]></system-err>
	</testcase>
</testsuite>
