<?xml version="1.0" encoding="UTF-8"?>
<testsuite name="test_nested_types.TestNestedTypes-20230719185350" tests="1" file="test_nested_types.py" time="0.000" timestamp="2023-07-19T18:53:50" failures="0" errors="0" skipped="0">
	<testcase classname="test_nested_types.TestNestedTypes" name="test_nested_types" time="0.000" timestamp="2023-07-19T18:53:50" file="spec/python/test_nested_types.py" line="8"/>
</testsuite>
