<?xml version="1.0" encoding="UTF-8"?>
<testsuite name="test_valid_fail_range_float.TestValidFailRangeFloat-20210302195852" tests="1" file="test_valid_fail_range_float.py" time="0.001" timestamp="2021-03-02T19:58:52" failures="0" errors="0" skipped="0">
	<testcase classname="test_valid_fail_range_float.TestValidFailRangeFloat" name="test_valid_fail_range_float" time="0.001" timestamp="2021-03-02T19:58:52" file="spec/python/test_valid_fail_range_float.py" line="9"/>
</testsuite>
