<?xml version="1.0" encoding="UTF-8"?>
<testsuite errors="0" failures="0" file="test_user_type.py" name="test_user_type.TestUserType-20190329205712" skipped="0" tests="1" time="0.001" timestamp="2019-03-29T20:57:12">
	<testcase classname="test_user_type.TestUserType" file="spec/python/test_user_type.py" line="8" name="test_user_type" time="0.001" timestamp="2019-03-29T20:57:12">
		<system-out>
<![CDATA[]]>		</system-out>
		<system-err>
<![CDATA[]]>		</system-err>
	</testcase>
</testsuite>
