<?xml version="1.0" encoding="UTF-8"?>
<testsuite name="test_io_local_var.TestIoLocalVar-20200408175604" tests="1" file="test_io_local_var.py" time="0.000" timestamp="2020-04-08T17:56:04" failures="0" errors="0" skipped="0">
	<testcase classname="test_io_local_var.TestIoLocalVar" name="test_io_local_var" time="0.000" timestamp="2020-04-08T17:56:04" file="spec/python/test_io_local_var.py" line="8">
		<system-out><![CDATA[]]></system-out>
		<system-err><![CDATA[]]></system-err>
	</testcase>
</testsuite>
