<?xml version="1.0" encoding="UTF-8"?>
<testsuite name="test_index_sizes.TestIndexSizes-20230708223501" tests="1" file="test_index_sizes.py" time="0.000" timestamp="2023-07-08T22:35:01" failures="0" errors="0" skipped="0">
	<testcase classname="test_index_sizes.TestIndexSizes" name="test_index_sizes" time="0.000" timestamp="2023-07-08T22:35:01" file="spec/python/test_index_sizes.py" line="8"/>
</testsuite>
