<?xml version="1.0" encoding="UTF-8"?>
<testsuite errors="0" failures="0" name="test_params_pass_usertype.TestParamsPassUsertype-20190310122516" skipped="0" tests="1" time="0.000" timestamp="2019-03-10T12:25:16">
	<testcase classname="test_params_pass_usertype.TestParamsPassUsertype" name="test_params_pass_usertype" time="0.000" timestamp="2019-03-10T12:25:16"/>
	<system-out>
<![CDATA[]]>	</system-out>
	<system-err>
<![CDATA[]]>	</system-err>
</testsuite>
