<?xml version="1.0" encoding="UTF-8"?>
<testsuite errors="0" failures="0" name="test_imports_rel_1.TestImportsRel1-20181109104918" skipped="0" tests="1" time="0.000" timestamp="2018-11-09T10:49:18">
	<testcase classname="test_imports_rel_1.TestImportsRel1" name="test_imports_rel_1" time="0.000" timestamp="2018-11-09T10:49:18"/>
	<system-out>
<![CDATA[]]>	</system-out>
	<system-err>
<![CDATA[]]>	</system-err>
</testsuite>
