<?xml version="1.0" encoding="UTF-8"?>
<testsuite name="test_optional_id.TestOptionalId-20230719170446" tests="1" file="test_optional_id.py" time="0.000" timestamp="2023-07-19T17:04:47" failures="0" errors="0" skipped="0">
	<testcase classname="test_optional_id.TestOptionalId" name="test_optional_id" time="0.000" timestamp="2023-07-19T17:04:47" file="spec/python/test_optional_id.py" line="6"/>
</testsuite>
