<?xml version="1.0" encoding="UTF-8"?>
<testsuite errors="0" failures="0" file="test_repeat_eos_bit.py" name="test_repeat_eos_bit.TestRepeatEosBit-20230708223505" skipped="0" tests="1" time="0.000" timestamp="2023-07-08T22:35:05">
	<testcase classname="test_repeat_eos_bit.TestRepeatEosBit" file="spec/python/test_repeat_eos_bit.py" line="8" name="test_repeat_eos_bit" time="0.000" timestamp="2023-07-08T22:35:05">
		<system-out>
<![CDATA[]]>		</system-out>
		<system-err>
<![CDATA[]]>		</system-err>
	</testcase>
</testsuite>
