<?xml version="1.0" encoding="UTF-8"?>
<testsuite errors="0" failures="0" file="test_params_enum.py" name="test_params_enum.TestParamsEnum-20190321143929" skipped="0" tests="1" time="0.000" timestamp="2019-03-21T14:39:29">
	<testcase classname="test_params_enum.TestParamsEnum" file="spec/python/test_params_enum.py" line="8" name="test_params_enum" time="0.000" timestamp="2019-03-21T14:39:29"/>
</testsuite>
