<?xml version="1.0" encoding="UTF-8"?>
<testsuite name="test_str_combine.TestStrCombine-20200222155131" tests="1" file="test_str_combine.py" time="0.001" timestamp="2020-02-22T15:51:31" failures="0" errors="0" skipped="0">
	<testcase classname="test_str_combine.TestStrCombine" name="test_str_combine" time="0.001" timestamp="2020-02-22T15:51:31" file="spec/python/test_str_combine.py" line="8">
		<system-out><![CDATA[]]></system-out>
		<system-err><![CDATA[]]></system-err>
	</testcase>
</testsuite>
