<?xml version="1.0" encoding="UTF-8"?>
<testsuite errors="0" failures="0" name="test_buffered_struct.TestBufferedStruct-20180818112619" skipped="0" tests="1" time="0.000" timestamp="2018-08-18T11:26:19">
	<testcase classname="test_buffered_struct.TestBufferedStruct" name="test_buffered_struct" time="0.000" timestamp="2018-08-18T11:26:19"/>
	<system-out>
<![CDATA[]]>	</system-out>
	<system-err>
<![CDATA[]]>	</system-err>
</testsuite>
