<?xml version="1.0" encoding="UTF-8"?>
<testsuite name="test_enum_0.TestEnum0-20200518235351" tests="1" file="test_enum_0.py" time="0.001" timestamp="2020-05-18T23:53:51" failures="0" errors="0" skipped="0">
	<testcase classname="test_enum_0.TestEnum0" name="test_enum_0" time="0.001" timestamp="2020-05-18T23:53:51" file="spec/python/test_enum_0.py" line="8">
		<system-out><![CDATA[]]></system-out>
		<system-err><![CDATA[]]></system-err>
	</testcase>
</testsuite>
