<?xml version="1.0" encoding="UTF-8"?>
<testsuite errors="0" failures="0" file="test_expr_io_pos.py" name="test_expr_io_pos.TestExprIoPos-20230719211241" skipped="0" tests="1" time="0.001" timestamp="2023-07-19T21:12:41">
	<testcase classname="test_expr_io_pos.TestExprIoPos" file="spec/python/test_expr_io_pos.py" line="8" name="test_expr_io_pos" time="0.001" timestamp="2023-07-19T21:12:41">
		<system-out>
<![CDATA[]]>		</system-out>
		<system-err>
<![CDATA[]]>		</system-err>
	</testcase>
</testsuite>
