<?xml version="1.0" encoding="UTF-8"?>
<testsuite errors="0" failures="0" file="test_bits_enum.py" name="test_bits_enum.TestBitsEnum-20210403173613" skipped="0" tests="1" time="0.001" timestamp="2021-04-03T17:36:13">
	<testcase classname="test_bits_enum.TestBitsEnum" file="spec/python/test_bits_enum.py" line="8" name="test_bits_enum" time="0.001" timestamp="2021-04-03T17:36:13">
		<system-out>
<![CDATA[]]>		</system-out>
		<system-err>
<![CDATA[]]>		</system-err>
	</testcase>
</testsuite>
