<?xml version="1.0" encoding="UTF-8"?>
<testsuite name="test_bcd_user_type_le.TestBcdUserTypeLe-20220210221125" tests="1" file="test_bcd_user_type_le.py" time="0.001" timestamp="2022-02-10T22:11:25" failures="0" errors="0" skipped="0">
	<testcase classname="test_bcd_user_type_le.TestBcdUserTypeLe" name="test_bcd_user_type_le" time="0.001" timestamp="2022-02-10T22:11:25" file="spec/python/test_bcd_user_type_le.py" line="8"/>
</testsuite>
