<?xml version="1.0" encoding="UTF-8"?>
<testsuite name="test_bcd_user_type_le.TestBcdUserTypeLe-20200824175254" tests="1" file="test_bcd_user_type_le.py" time="0.001" timestamp="2020-08-24T17:52:54" failures="0" errors="0" skipped="0">
	<testcase classname="test_bcd_user_type_le.TestBcdUserTypeLe" name="test_bcd_user_type_le" time="0.001" timestamp="2020-08-24T17:52:54" file="spec/python/test_bcd_user_type_le.py" line="8">
		<system-out><![CDATA[]]></system-out>
		<system-err><![CDATA[]]></system-err>
	</testcase>
</testsuite>
