<?xml version="1.0" encoding="UTF-8"?>
<testsuite name="test_valid_fail_anyof_int.TestValidFailAnyofInt-20230721073730" tests="1" file="test_valid_fail_anyof_int.py" time="0.000" timestamp="2023-07-21T07:37:30" failures="0" errors="0" skipped="0">
	<testcase classname="test_valid_fail_anyof_int.TestValidFailAnyofInt" name="test_valid_fail_anyof_int" time="0.000" timestamp="2023-07-21T07:37:30" file="spec/python/test_valid_fail_anyof_int.py" line="9"/>
</testsuite>
