<?xml version="1.0" encoding="UTF-8"?>
<testsuite errors="0" failures="0" file="test_zlib_with_header_78.py" name="test_zlib_with_header_78.TestZlibWithHeader78-20190320081931" skipped="0" tests="1" time="0.000" timestamp="2019-03-20T08:19:31">
	<testcase classname="test_zlib_with_header_78.TestZlibWithHeader78" file="spec/python/test_zlib_with_header_78.py" line="8" name="test_zlib_with_header_78" time="0.000" timestamp="2019-03-20T08:19:31"/>
</testsuite>
