<?xml version="1.0" encoding="UTF-8"?>
<testsuite errors="0" failures="0" name="test_process_coerce_usertype2.TestProcessCoerceUsertype2-20170823191240" skipped="0" tests="1" time="0.000">
	<testcase classname="test_process_coerce_usertype2.TestProcessCoerceUsertype2" name="test_process_coerce_usertype2" time="0.000"/>
	<system-out>
<![CDATA[]]>	</system-out>
	<system-err>
<![CDATA[]]>	</system-err>
</testsuite>
