<?xml version="1.0" encoding="UTF-8"?>
<testsuite errors="0" failures="0" file="test_expr_sizeof_type_0.py" name="test_expr_sizeof_type_0.TestExprSizeofType0-20191020173639" skipped="0" tests="1" time="0.001" timestamp="2019-10-20T17:36:39">
	<testcase classname="test_expr_sizeof_type_0.TestExprSizeofType0" file="spec/python/test_expr_sizeof_type_0.py" line="8" name="test_expr_sizeof_type_0" time="0.001" timestamp="2019-10-20T17:36:39">
		<system-out>
<![CDATA[]]>		</system-out>
		<system-err>
<![CDATA[]]>		</system-err>
	</testcase>
</testsuite>
