<?xml version="1.0" encoding="UTF-8"?>
<testsuite errors="0" failures="0" file="test_expr_2.py" name="test_expr_2.TestExpr2-20200414185842" skipped="0" tests="1" time="0.001" timestamp="2020-04-14T18:58:42">
	<testcase classname="test_expr_2.TestExpr2" file="spec/python/test_expr_2.py" line="8" name="test_expr_2" time="0.001" timestamp="2020-04-14T18:58:42">
		<system-out>
<![CDATA[]]>		</system-out>
		<system-err>
<![CDATA[]]>		</system-err>
	</testcase>
</testsuite>
