<?xml version="1.0" encoding="UTF-8"?>
<testsuite name="test_valid_fail_anyof_int.TestValidFailAnyofInt-20220707230516" tests="1" file="test_valid_fail_anyof_int.py" time="0.000" timestamp="2022-07-07T23:05:16" failures="0" errors="0" skipped="0">
	<testcase classname="test_valid_fail_anyof_int.TestValidFailAnyofInt" name="test_valid_fail_anyof_int" time="0.000" timestamp="2022-07-07T23:05:16" file="spec/python/test_valid_fail_anyof_int.py" line="9"/>
</testsuite>
