<?xml version="1.0" encoding="UTF-8"?>
<testsuite errors="0" failures="0" file="test_bits_unaligned_b32_be.py" name="test_bits_unaligned_b32_be.TestBitsUnalignedB32Be-20230714184230" skipped="0" tests="1" time="0.000" timestamp="2023-07-14T18:42:30">
	<testcase classname="test_bits_unaligned_b32_be.TestBitsUnalignedB32Be" file="spec/python/test_bits_unaligned_b32_be.py" line="8" name="test_bits_unaligned_b32_be" time="0.000" timestamp="2023-07-14T18:42:30">
		<system-out>
<![CDATA[]]>		</system-out>
		<system-err>
<![CDATA[]]>		</system-err>
	</testcase>
</testsuite>
