<?xml version="1.0" encoding="UTF-8"?>
<testsuite errors="0" failures="0" file="test_yaml_ints.py" name="test_yaml_ints.TestYamlInts-20191124132223" skipped="0" tests="1" time="0.000" timestamp="2019-11-24T13:22:23">
	<testcase classname="test_yaml_ints.TestYamlInts" file="spec/python/test_yaml_ints.py" line="6" name="test_yaml_ints" time="0.000" timestamp="2019-11-24T13:22:23">
		<system-out>
<![CDATA[]]>		</system-out>
		<system-err>
<![CDATA[]]>		</system-err>
	</testcase>
</testsuite>
