<?xml version="1.0" encoding="UTF-8"?>
<testsuite name="test_cast_to_imported.TestCastToImported-20220623172918" tests="1" file="test_cast_to_imported.py" time="0.001" timestamp="2022-06-23T17:29:18" failures="0" errors="0" skipped="0">
	<testcase classname="test_cast_to_imported.TestCastToImported" name="test_cast_to_imported" time="0.001" timestamp="2022-06-23T17:29:18" file="spec/python/test_cast_to_imported.py" line="8"/>
</testsuite>
