<?xml version="1.0" encoding="UTF-8"?>
<testsuite errors="0" failures="0" file="test_repeat_eos_bit.py" name="test_repeat_eos_bit.TestRepeatEosBit-20191209194216" skipped="0" tests="1" time="0.001" timestamp="2019-12-09T19:42:16">
	<testcase classname="test_repeat_eos_bit.TestRepeatEosBit" file="spec/python/test_repeat_eos_bit.py" line="8" name="test_repeat_eos_bit" time="0.001" timestamp="2019-12-09T19:42:16">
		<system-out>
<![CDATA[]]>		</system-out>
		<system-err>
<![CDATA[]]>		</system-err>
	</testcase>
</testsuite>
