<?xml version="1.0" encoding="UTF-8"?>
<testsuite name="test_repeat_eos_struct.TestRepeatEosStruct-20230627085638" tests="1" file="test_repeat_eos_struct.py" time="0.001" timestamp="2023-06-27T08:56:38" failures="0" errors="0" skipped="0">
	<testcase classname="test_repeat_eos_struct.TestRepeatEosStruct" name="test_repeat_eos_struct" time="0.001" timestamp="2023-06-27T08:56:38" file="spec/python/test_repeat_eos_struct.py" line="8"/>
</testsuite>
