<?xml version="1.0" encoding="UTF-8"?>
<testsuite errors="0" failures="0" file="test_fixed_struct.py" name="test_fixed_struct.TestFixedStruct-20190405165132" skipped="0" tests="1" time="0.001" timestamp="2019-04-05T16:51:32">
	<testcase classname="test_fixed_struct.TestFixedStruct" file="spec/python/test_fixed_struct.py" line="8" name="test_fixed_struct" time="0.001" timestamp="2019-04-05T16:51:32">
		<system-out>
<![CDATA[]]>		</system-out>
		<system-err>
<![CDATA[]]>		</system-err>
	</testcase>
</testsuite>
