<?xml version="1.0" encoding="UTF-8"?>
<testsuite errors="0" failures="0" file="test_process_rotate.py" name="test_process_rotate.TestProcessRotate-20190319025525" skipped="0" tests="1" time="0.001" timestamp="2019-03-19T02:55:25">
	<testcase classname="test_process_rotate.TestProcessRotate" file="spec/python/test_process_rotate.py" line="8" name="test_process_rotate" time="0.001" timestamp="2019-03-19T02:55:25"/>
</testsuite>
