<?xml version="1.0" encoding="UTF-8"?>
<testsuite errors="0" failures="0" file="test_expr_io_eof.py" name="test_expr_io_eof.TestExprIoEof-20191125113607" skipped="0" tests="1" time="0.001" timestamp="2019-11-25T11:36:08">
	<testcase classname="test_expr_io_eof.TestExprIoEof" file="spec/python/test_expr_io_eof.py" line="6" name="test_expr_io_eof" time="0.001" timestamp="2019-11-25T11:36:08">
		<system-out>
<![CDATA[]]>		</system-out>
		<system-err>
<![CDATA[]]>		</system-err>
	</testcase>
</testsuite>
