<?xml version="1.0" encoding="UTF-8"?>
<testsuite errors="0" failures="0" file="test_enum_fancy.py" name="test_enum_fancy.TestEnumFancy-20211106194807" skipped="0" tests="1" time="0.000" timestamp="2021-11-06T19:48:07">
	<testcase classname="test_enum_fancy.TestEnumFancy" file="spec/python/test_enum_fancy.py" line="8" name="test_enum_fancy" time="0.000" timestamp="2021-11-06T19:48:07">
		<system-out>
<![CDATA[]]>		</system-out>
		<system-err>
<![CDATA[]]>		</system-err>
	</testcase>
</testsuite>
