<?xml version="1.0" encoding="UTF-8"?>
<testsuite errors="0" failures="0" name="test_default_endian_expr_is_le.TestDefaultEndianExprIsLe-20180323202711" skipped="0" tests="1" time="0.000" timestamp="2018-03-23T20:27:11">
	<testcase classname="test_default_endian_expr_is_le.TestDefaultEndianExprIsLe" name="test_default_endian_expr_is_le" time="0.000" timestamp="2018-03-23T20:27:11"/>
	<system-out>
<![CDATA[]]>	</system-out>
	<system-err>
<![CDATA[]]>	</system-err>
</testsuite>
