<?xml version="1.0" encoding="UTF-8"?>
<testsuite name="test_if_values.TestIfValues-20200404143331" tests="1" file="test_if_values.py" time="0.001" timestamp="2020-04-04T14:33:31" failures="0" errors="0" skipped="0">
	<testcase classname="test_if_values.TestIfValues" name="test_if_values" time="0.001" timestamp="2020-04-04T14:33:31" file="spec/python/test_if_values.py" line="8">
		<system-out><![CDATA[]]></system-out>
		<system-err><![CDATA[]]></system-err>
	</testcase>
</testsuite>
