<?xml version="1.0" encoding="UTF-8"?>
<testsuite errors="0" failures="0" file="test_imports_circular_a.py" name="test_imports_circular_a.TestImportsCircularA-20200414185913" skipped="0" tests="1" time="0.001" timestamp="2020-04-14T18:59:13">
	<testcase classname="test_imports_circular_a.TestImportsCircularA" file="spec/python/test_imports_circular_a.py" line="6" name="test_imports_circular_a" time="0.001" timestamp="2020-04-14T18:59:13">
		<system-out>
<![CDATA[]]>		</system-out>
		<system-err>
<![CDATA[]]>		</system-err>
	</testcase>
</testsuite>
