<?xml version="1.0" encoding="UTF-8"?>
<testsuite errors="0" failures="0" name="test_switch_manual_int.TestSwitchManualInt-20171004054703" skipped="0" tests="1" time="0.000">
	<testcase classname="test_switch_manual_int.TestSwitchManualInt" name="test_switch_manual_int" time="0.000"/>
	<system-out>
<![CDATA[]]>	</system-out>
	<system-err>
<![CDATA[]]>	</system-err>
</testsuite>
