<?xml version="1.0" encoding="UTF-8"?>
<testsuite name="test_valid_fail_contents.TestValidFailContents" tests="1" file="test_valid_fail_contents.py" time="0.000" timestamp="2023-07-27T22:37:20" failures="0" errors="0" skipped="0">
	<testcase classname="test_valid_fail_contents.TestValidFailContents" name="test_valid_fail_contents" time="0.000" timestamp="2023-07-27T22:37:20" file="spec/python/test_valid_fail_contents.py" line="9"/>
</testsuite>
