<?xml version="1.0" encoding="UTF-8"?>
<testsuite name="test_expr_mod.TestExprMod-20230708211613" tests="1" file="test_expr_mod.py" time="0.000" timestamp="2023-07-08T21:16:13" failures="0" errors="0" skipped="0">
	<testcase classname="test_expr_mod.TestExprMod" name="test_expr_mod" time="0.000" timestamp="2023-07-08T21:16:13" file="spec/python/test_expr_mod.py" line="8"/>
</testsuite>
