<?xml version="1.0" encoding="UTF-8"?>
<testsuite errors="0" failures="0" file="test_term_u1_val.py" name="test_term_u1_val.TestTermU1Val-20211114130433" skipped="0" tests="1" time="0.000" timestamp="2021-11-14T13:04:33">
	<testcase classname="test_term_u1_val.TestTermU1Val" file="spec/python/test_term_u1_val.py" line="8" name="test_term_u1_val" time="0.000" timestamp="2021-11-14T13:04:33">
		<system-out>
<![CDATA[]]>		</system-out>
		<system-err>
<![CDATA[]]>		</system-err>
	</testcase>
</testsuite>
