<?xml version="1.0" encoding="UTF-8"?>
<testsuite errors="0" failures="0" file="test_eos_exception_bytes.py" name="test_eos_exception_bytes.TestEosExceptionBytes-20230719185348" skipped="0" tests="1" time="0.000" timestamp="2023-07-19T18:53:48">
	<testcase classname="test_eos_exception_bytes.TestEosExceptionBytes" file="spec/python/test_eos_exception_bytes.py" line="7" name="test_eos_exception_bytes" time="0.000" timestamp="2023-07-19T18:53:48">
		<system-out>
<![CDATA[]]>		</system-out>
		<system-err>
<![CDATA[]]>		</system-err>
	</testcase>
</testsuite>
