<?xml version="1.0" encoding="UTF-8"?>
<testsuite errors="0" failures="0" file="test_bits_enum.py" name="test_bits_enum.TestBitsEnum-20190418015924" skipped="0" tests="1" time="0.001" timestamp="2019-04-18T01:59:24">
	<testcase classname="test_bits_enum.TestBitsEnum" file="spec/python/test_bits_enum.py" line="6" name="test_bits_enum" time="0.001" timestamp="2019-04-18T01:59:24">
		<system-out>
<![CDATA[]]>		</system-out>
		<system-err>
<![CDATA[]]>		</system-err>
	</testcase>
</testsuite>
