<?xml version="1.0" encoding="UTF-8"?>
<testsuite errors="0" failures="0" file="test_valid_fail_anyof_int.py" name="test_valid_fail_anyof_int.TestValidFailAnyofInt-20220319214252" skipped="0" tests="1" time="0.001" timestamp="2022-03-19T21:42:52">
	<testcase classname="test_valid_fail_anyof_int.TestValidFailAnyofInt" file="spec/python/test_valid_fail_anyof_int.py" line="9" name="test_valid_fail_anyof_int" time="0.001" timestamp="2022-03-19T21:42:52">
		<system-out>
<![CDATA[]]>		</system-out>
		<system-err>
<![CDATA[]]>		</system-err>
	</testcase>
</testsuite>
