<?xml version="1.0" encoding="UTF-8"?>
<testsuite errors="0" failures="0" file="test_switch_repeat_expr.py" name="test_switch_repeat_expr.TestSwitchRepeatExpr-20200412120332" skipped="0" tests="1" time="0.000" timestamp="2020-04-12T12:03:32">
	<testcase classname="test_switch_repeat_expr.TestSwitchRepeatExpr" file="spec/python/test_switch_repeat_expr.py" line="6" name="test_switch_repeat_expr" time="0.000" timestamp="2020-04-12T12:03:32">
		<system-out>
<![CDATA[]]>		</system-out>
		<system-err>
<![CDATA[]]>		</system-err>
	</testcase>
</testsuite>
