<?xml version="1.0" encoding="UTF-8"?>
<testsuite name="test_nav_parent2.TestNavParent2-20230719145833" tests="1" file="test_nav_parent2.py" time="0.001" timestamp="2023-07-19T14:58:33" failures="0" errors="0" skipped="0">
	<testcase classname="test_nav_parent2.TestNavParent2" name="test_nav_parent2" time="0.001" timestamp="2023-07-19T14:58:33" file="spec/python/test_nav_parent2.py" line="8"/>
</testsuite>
