<?xml version="1.0" encoding="UTF-8"?>
<testsuite name="test_params_def.TestParamsDef-20230705161132" tests="1" file="test_params_def.py" time="0.002" timestamp="2023-07-05T16:11:32" failures="0" errors="0" skipped="0">
	<testcase classname="test_params_def.TestParamsDef" name="test_params_def" time="0.002" timestamp="2023-07-05T16:11:32" file="spec/python/test_params_def.py" line="7"/>
</testsuite>
