<?xml version="1.0" encoding="UTF-8"?>
<testsuite name="test_expr_1.TestExpr1-20200911172018" tests="1" file="test_expr_1.py" time="0.001" timestamp="2020-09-11T17:20:18" failures="0" errors="0" skipped="0">
	<testcase classname="test_expr_1.TestExpr1" name="test_expr_1" time="0.001" timestamp="2020-09-11T17:20:18" file="spec/python/test_expr_1.py" line="8">
		<system-out><![CDATA[]]></system-out>
		<system-err><![CDATA[]]></system-err>
	</testcase>
</testsuite>
