<?xml version="1.0" encoding="UTF-8"?>
<testsuite name="test_combine_enum.TestCombineEnum-20230721093934" tests="1" file="test_combine_enum.py" time="0.001" timestamp="2023-07-21T09:39:34" failures="0" errors="0" skipped="0">
	<testcase classname="test_combine_enum.TestCombineEnum" name="test_combine_enum" time="0.001" timestamp="2023-07-21T09:39:34" file="spec/python/test_combine_enum.py" line="8"/>
</testsuite>
