<?xml version="1.0" encoding="UTF-8"?>
<testsuite name="test_enum_to_i_class_border_1.TestEnumToIClassBorder1-20230721074320" tests="1" file="test_enum_to_i_class_border_1.py" time="0.000" timestamp="2023-07-21T07:43:20" failures="0" errors="0" skipped="0">
	<testcase classname="test_enum_to_i_class_border_1.TestEnumToIClassBorder1" name="test_enum_to_i_class_border_1" time="0.000" timestamp="2023-07-21T07:43:20" file="spec/python/test_enum_to_i_class_border_1.py" line="8"/>
</testsuite>
