<?xml version="1.0" encoding="UTF-8"?>
<testsuite name="test_nav_parent_false2.TestNavParentFalse2-20220801221616" tests="1" file="test_nav_parent_false2.py" time="0.000" timestamp="2022-08-01T22:16:16" failures="0" errors="0" skipped="0">
	<testcase classname="test_nav_parent_false2.TestNavParentFalse2" name="test_nav_parent_false2" time="0.000" timestamp="2022-08-01T22:16:16" file="spec/python/test_nav_parent_false2.py" line="8"/>
</testsuite>
