<?xml version="1.0" encoding="UTF-8"?>
<testsuite name="test_default_endian_expr_inherited.TestDefaultEndianExprInherited-20230705162050" tests="1" file="test_default_endian_expr_inherited.py" time="0.002" timestamp="2023-07-05T16:20:50" failures="0" errors="0" skipped="0">
	<testcase classname="test_default_endian_expr_inherited.TestDefaultEndianExprInherited" name="test_default_endian_expr_inherited" time="0.002" timestamp="2023-07-05T16:20:50" file="spec/python/test_default_endian_expr_inherited.py" line="8"/>
</testsuite>
