<?xml version="1.0" encoding="UTF-8"?>
<testsuite name="test_nested_same_name2.TestNestedSameName2-20230721160010" tests="1" file="test_nested_same_name2.py" time="0.000" timestamp="2023-07-21T16:00:10" failures="0" errors="0" skipped="0">
	<testcase classname="test_nested_same_name2.TestNestedSameName2" name="test_nested_same_name2" time="0.000" timestamp="2023-07-21T16:00:10" file="spec/python/test_nested_same_name2.py" line="8"/>
</testsuite>
