<?xml version="1.0" encoding="UTF-8"?>
<testsuite name="test_type_ternary.TestTypeTernary-20220617122750" tests="1" file="test_type_ternary.py" time="0.000" timestamp="2022-06-17T12:27:50" failures="0" errors="0" skipped="0">
	<testcase classname="test_type_ternary.TestTypeTernary" name="test_type_ternary" time="0.000" timestamp="2022-06-17T12:27:50" file="spec/python/test_type_ternary.py" line="8"/>
</testsuite>
