<?xml version="1.0" encoding="UTF-8"?>
<testsuite name="test_nested_types.TestNestedTypes-20200211093550" tests="1" file="test_nested_types.py" time="0.001" timestamp="2020-02-11T09:35:50" failures="0" errors="0" skipped="0">
	<testcase classname="test_nested_types.TestNestedTypes" name="test_nested_types" time="0.001" timestamp="2020-02-11T09:35:50" file="spec/python/test_nested_types.py" line="8">
		<system-out><![CDATA[]]></system-out>
		<system-err><![CDATA[]]></system-err>
	</testcase>
</testsuite>
