<?xml version="1.0" encoding="UTF-8"?>
<testsuite errors="0" failures="0" file="test_imports0.py" name="test_imports0.TestImports0-20200216125524" skipped="0" tests="1" time="0.000" timestamp="2020-02-16T12:55:24">
	<testcase classname="test_imports0.TestImports0" file="spec/python/test_imports0.py" line="8" name="test_imports0" time="0.000" timestamp="2020-02-16T12:55:24">
		<system-out>
<![CDATA[]]>		</system-out>
		<system-err>
<![CDATA[]]>		</system-err>
	</testcase>
</testsuite>
