<?xml version="1.0" encoding="UTF-8"?>
<testsuite name="test_opaque_with_param.TestOpaqueWithParam-20200408175604" tests="1" file="test_opaque_with_param.py" time="0.000" timestamp="2020-04-08T17:56:04" failures="0" errors="0" skipped="0">
	<testcase classname="test_opaque_with_param.TestOpaqueWithParam" name="test_opaque_with_param" time="0.000" timestamp="2020-04-08T17:56:04" file="spec/python/test_opaque_with_param.py" line="6">
		<system-out><![CDATA[]]></system-out>
		<system-err><![CDATA[]]></system-err>
	</testcase>
</testsuite>
