<?xml version="1.0" encoding="UTF-8"?>
<testsuite name="test_switch_manual_str.TestSwitchManualStr" tests="1" file="test_switch_manual_str.py" time="0.001" timestamp="2023-07-28T22:14:14" failures="0" errors="0" skipped="0">
	<testcase classname="test_switch_manual_str.TestSwitchManualStr" name="test_switch_manual_str" time="0.001" timestamp="2023-07-28T22:14:14" file="spec/python/test_switch_manual_str.py" line="8"/>
</testsuite>
