<?xml version="1.0" encoding="UTF-8"?>
<testsuite errors="0" failures="0" name="test_hello_world.TestHelloWorld-20170824182218" skipped="0" tests="1" time="0.000">
	<testcase classname="test_hello_world.TestHelloWorld" name="test_hello_world" time="0.000"/>
	<system-out>
<![CDATA[]]>	</system-out>
	<system-err>
<![CDATA[]]>	</system-err>
</testsuite>
