<?xml version="1.0" encoding="UTF-8"?>
<testsuite errors="0" failures="0" file="test_bits_shift_by_b32_le.py" name="test_bits_shift_by_b32_le.TestBitsShiftByB32Le-20220409014612" skipped="0" tests="1" time="0.000" timestamp="2022-04-09T01:46:12">
	<testcase classname="test_bits_shift_by_b32_le.TestBitsShiftByB32Le" file="spec/python/test_bits_shift_by_b32_le.py" line="8" name="test_bits_shift_by_b32_le" time="0.000" timestamp="2022-04-09T01:46:12">
		<system-out>
<![CDATA[]]>		</system-out>
		<system-err>
<![CDATA[]]>		</system-err>
	</testcase>
</testsuite>
