<?xml version="1.0" encoding="UTF-8"?>
<testsuite errors="0" failures="0" name="test_str_encodings.TestStrEncodings-20180411000438" skipped="0" tests="1" time="0.229" timestamp="2018-04-11T00:04:38">
	<testcase classname="test_str_encodings.TestStrEncodings" name="test_str_encodings" time="0.229" timestamp="2018-04-11T00:04:38"/>
	<system-out>
<![CDATA[]]>	</system-out>
	<system-err>
<![CDATA[]]>	</system-err>
</testsuite>
