<?xml version="1.0" encoding="UTF-8"?>
<testsuite name="test_nav_parent.TestNavParent-20230705115532" tests="1" file="test_nav_parent.py" time="0.000" timestamp="2023-07-05T11:55:32" failures="0" errors="0" skipped="0">
	<testcase classname="test_nav_parent.TestNavParent" name="test_nav_parent" time="0.000" timestamp="2023-07-05T11:55:32" file="spec/python/test_nav_parent.py" line="8"/>
</testsuite>
