<?xml version="1.0" encoding="UTF-8"?>
<testsuite name="test_str_encodings_utf16.TestStrEncodingsUtf16-20230627090127" tests="1" file="test_str_encodings_utf16.py" time="0.002" timestamp="2023-06-27T09:01:27" failures="0" errors="0" skipped="0">
	<testcase classname="test_str_encodings_utf16.TestStrEncodingsUtf16" name="test_str_encodings_utf16" time="0.002" timestamp="2023-06-27T09:01:27" file="spec/python/test_str_encodings_utf16.py" line="8"/>
</testsuite>
