<?xml version="1.0" encoding="UTF-8"?>
<testsuite errors="0" failures="0" file="test_nav_parent_false2.py" name="test_nav_parent_false2.TestNavParentFalse2-20201106101710" skipped="0" tests="1" time="0.000" timestamp="2020-11-06T10:17:10">
	<testcase classname="test_nav_parent_false2.TestNavParentFalse2" file="spec/python/test_nav_parent_false2.py" line="8" name="test_nav_parent_false2" time="0.000" timestamp="2020-11-06T10:17:10">
		<system-out>
<![CDATA[]]>		</system-out>
		<system-err>
<![CDATA[]]>		</system-err>
	</testcase>
</testsuite>
