<?xml version="1.0" encoding="UTF-8"?>
<testsuite errors="0" failures="0" name="test_meta_xref.TestMetaXref-20181021202229" skipped="0" tests="1" time="0.000" timestamp="2018-10-21T20:22:29">
	<testcase classname="test_meta_xref.TestMetaXref" name="test_meta_xref" time="0.000" timestamp="2018-10-21T20:22:29"/>
	<system-out>
<![CDATA[]]>	</system-out>
	<system-err>
<![CDATA[]]>	</system-err>
</testsuite>
