<?xml version="1.0" encoding="UTF-8"?>
<testsuite name="test_eos_exception_bytes.TestEosExceptionBytes-20220623171410" tests="1" file="test_eos_exception_bytes.py" time="0.000" timestamp="2022-06-23T17:14:11" failures="0" errors="0" skipped="0">
	<testcase classname="test_eos_exception_bytes.TestEosExceptionBytes" name="test_eos_exception_bytes" time="0.000" timestamp="2022-06-23T17:14:11" file="spec/python/test_eos_exception_bytes.py" line="7"/>
</testsuite>
