<?xml version="1.0" encoding="UTF-8"?>
<testsuite name="test_default_big_endian.TestDefaultBigEndian-20210302195852" tests="1" file="test_default_big_endian.py" time="0.001" timestamp="2021-03-02T19:58:52" failures="0" errors="0" skipped="0">
	<testcase classname="test_default_big_endian.TestDefaultBigEndian" name="test_default_big_endian" time="0.001" timestamp="2021-03-02T19:58:52" file="spec/python/test_default_big_endian.py" line="8"/>
</testsuite>
