<?xml version="1.0" encoding="UTF-8"?>
<testsuite name="test_params_pass_struct.TestParamsPassStruct-20200608211342" tests="1" file="test_params_pass_struct.py" time="0.001" timestamp="2020-06-08T21:13:42" failures="0" errors="0" skipped="0">
	<testcase classname="test_params_pass_struct.TestParamsPassStruct" name="test_params_pass_struct" time="0.001" timestamp="2020-06-08T21:13:42" file="spec/python/test_params_pass_struct.py" line="8">
		<system-out><![CDATA[]]></system-out>
		<system-err><![CDATA[]]></system-err>
	</testcase>
</testsuite>
