<?xml version="1.0" encoding="UTF-8"?>
<testsuite name="test_user_type.TestUserType-20220617122750" tests="1" file="test_user_type.py" time="0.000" timestamp="2022-06-17T12:27:50" failures="0" errors="0" skipped="0">
	<testcase classname="test_user_type.TestUserType" name="test_user_type" time="0.000" timestamp="2022-06-17T12:27:50" file="spec/python/test_user_type.py" line="8"/>
</testsuite>
