<?xml version="1.0" encoding="UTF-8"?>
<testsuite errors="0" failures="0" file="test_bits_signed_b64_le.py" name="test_bits_signed_b64_le.TestBitsSignedB64Le-20210701222520" skipped="0" tests="1" time="0.000" timestamp="2021-07-01T22:25:20">
	<testcase classname="test_bits_signed_b64_le.TestBitsSignedB64Le" file="spec/python/test_bits_signed_b64_le.py" line="8" name="test_bits_signed_b64_le" time="0.000" timestamp="2021-07-01T22:25:20">
		<system-out>
<![CDATA[]]>		</system-out>
		<system-err>
<![CDATA[]]>		</system-err>
	</testcase>
</testsuite>
