<?xml version="1.0" encoding="UTF-8"?>
<testsuite name="test_valid_eq_str_encodings.TestValidEqStrEncodings-20230721073730" tests="1" file="test_valid_eq_str_encodings.py" time="0.000" timestamp="2023-07-21T07:37:30" failures="0" errors="0" skipped="0">
	<testcase classname="test_valid_eq_str_encodings.TestValidEqStrEncodings" name="test_valid_eq_str_encodings" time="0.000" timestamp="2023-07-21T07:37:30" file="spec/python/test_valid_eq_str_encodings.py" line="8"/>
</testsuite>
