<?xml version="1.0" encoding="UTF-8"?>
<testsuite name="test_non_standard.TestNonStandard-20220623172918" tests="1" file="test_non_standard.py" time="0.000" timestamp="2022-06-23T17:29:18" failures="0" errors="0" skipped="0">
	<testcase classname="test_non_standard.TestNonStandard" name="test_non_standard" time="0.000" timestamp="2022-06-23T17:29:18" file="spec/python/test_non_standard.py" line="8"/>
</testsuite>
