<?xml version="1.0" encoding="UTF-8"?>
<testsuite errors="0" failures="0" file="test_expr_str_ops.py" name="test_expr_str_ops.TestExprStrOps-20230627090057" skipped="0" tests="1" time="0.002" timestamp="2023-06-27T09:00:57">
	<testcase classname="test_expr_str_ops.TestExprStrOps" file="spec/python/test_expr_str_ops.py" line="8" name="test_expr_str_ops" time="0.002" timestamp="2023-06-27T09:00:57">
		<system-out>
<![CDATA[]]>		</system-out>
		<system-err>
<![CDATA[]]>		</system-err>
	</testcase>
</testsuite>
