<?xml version="1.0" encoding="UTF-8"?>
<testsuite name="test_index_to_param_expr.TestIndexToParamExpr-20230719212545" tests="1" file="test_index_to_param_expr.py" time="0.001" timestamp="2023-07-19T21:25:45" failures="0" errors="0" skipped="0">
	<testcase classname="test_index_to_param_expr.TestIndexToParamExpr" name="test_index_to_param_expr" time="0.001" timestamp="2023-07-19T21:25:45" file="spec/python/test_index_to_param_expr.py" line="8"/>
</testsuite>
