<?xml version="1.0" encoding="UTF-8"?>
<testsuite name="test_str_pad_term.TestStrPadTerm-20230715064447" tests="1" file="test_str_pad_term.py" time="0.000" timestamp="2023-07-15T06:44:47" failures="0" errors="0" skipped="0">
	<testcase classname="test_str_pad_term.TestStrPadTerm" name="test_str_pad_term" time="0.000" timestamp="2023-07-15T06:44:47" file="spec/python/test_str_pad_term.py" line="8"/>
</testsuite>
