<?xml version="1.0" encoding="UTF-8"?>
<testsuite errors="0" failures="0" file="test_params_pass_array_usertype.py" name="test_params_pass_array_usertype.TestParamsPassArrayUsertype-20230719150538" skipped="0" tests="1" time="0.004" timestamp="2023-07-19T15:05:38">
	<testcase classname="test_params_pass_array_usertype.TestParamsPassArrayUsertype" file="spec/python/test_params_pass_array_usertype.py" line="8" name="test_params_pass_array_usertype" time="0.004" timestamp="2023-07-19T15:05:38">
		<system-out>
<![CDATA[]]>		</system-out>
		<system-err>
<![CDATA[]]>		</system-err>
	</testcase>
</testsuite>
