<?xml version="1.0" encoding="UTF-8"?>
<testsuite errors="0" failures="0" file="test_float_to_i.py" name="test_float_to_i.TestFloatToI-20200222155021" skipped="0" tests="1" time="0.001" timestamp="2020-02-22T15:50:21">
	<testcase classname="test_float_to_i.TestFloatToI" file="spec/python/test_float_to_i.py" line="8" name="test_float_to_i" time="0.001" timestamp="2020-02-22T15:50:21">
		<system-out>
<![CDATA[]]>		</system-out>
		<system-err>
<![CDATA[]]>		</system-err>
	</testcase>
</testsuite>
