<?xml version="1.0" encoding="UTF-8"?>
<testsuite name="test_enum_invalid.TestEnumInvalid-20230715064845" tests="1" file="test_enum_invalid.py" time="0.000" timestamp="2023-07-15T06:48:45" failures="0" errors="0" skipped="0">
	<testcase classname="test_enum_invalid.TestEnumInvalid" name="test_enum_invalid" time="0.000" timestamp="2023-07-15T06:48:45" file="spec/python/test_enum_invalid.py" line="8"/>
</testsuite>
