<?xml version="1.0" encoding="UTF-8"?>
<testsuite errors="0" failures="0" file="test_nested_same_name.py" name="test_nested_same_name.TestNestedSameName-20190320081931" skipped="0" tests="1" time="0.000" timestamp="2019-03-20T08:19:31">
	<testcase classname="test_nested_same_name.TestNestedSameName" file="spec/python/test_nested_same_name.py" line="8" name="test_nested_same_name" time="0.000" timestamp="2019-03-20T08:19:31"/>
</testsuite>
