<?xml version="1.0" encoding="UTF-8"?>
<testsuite name="test_params_def.TestParamsDef-20220623171410" tests="1" file="test_params_def.py" time="0.001" timestamp="2022-06-23T17:14:11" failures="0" errors="0" skipped="0">
	<testcase classname="test_params_def.TestParamsDef" name="test_params_def" time="0.001" timestamp="2022-06-23T17:14:11" file="spec/python/test_params_def.py" line="7"/>
</testsuite>
