<?xml version="1.0" encoding="UTF-8"?>
<testsuite name="test_eof_exception_u4.TestEofExceptionU4-20220313103353" tests="1" file="test_eof_exception_u4.py" time="0.000" timestamp="2022-03-13T10:33:53" failures="0" errors="0" skipped="0">
	<testcase classname="test_eof_exception_u4.TestEofExceptionU4" name="test_eof_exception_u4" time="0.000" timestamp="2022-03-13T10:33:53" file="spec/python/test_eof_exception_u4.py" line="9"/>
</testsuite>
