<?xml version="1.0" encoding="UTF-8"?>
<testsuite name="test_switch_manual_int_else.TestSwitchManualIntElse-20200421212509" tests="1" file="test_switch_manual_int_else.py" time="0.001" timestamp="2020-04-21T21:25:09" failures="0" errors="0" skipped="0">
	<testcase classname="test_switch_manual_int_else.TestSwitchManualIntElse" name="test_switch_manual_int_else" time="0.001" timestamp="2020-04-21T21:25:09" file="spec/python/test_switch_manual_int_else.py" line="8">
		<system-out><![CDATA[]]></system-out>
		<system-err><![CDATA[]]></system-err>
	</testcase>
</testsuite>
