<?xml version="1.0" encoding="UTF-8"?>
<testsuite errors="0" failures="0" name="test_nested_types.TestNestedTypes-20180404094447" skipped="0" tests="1" time="0.000" timestamp="2018-04-04T09:44:47">
	<testcase classname="test_nested_types.TestNestedTypes" name="test_nested_types" time="0.000" timestamp="2018-04-04T09:44:47"/>
	<system-out>
<![CDATA[]]>	</system-out>
	<system-err>
<![CDATA[]]>	</system-err>
</testsuite>
