<?xml version="1.0" encoding="UTF-8"?>
<testsuite errors="0" failures="0" file="test_index_sizes.py" name="test_index_sizes.TestIndexSizes-20230628194049" skipped="0" tests="1" time="0.001" timestamp="2023-06-28T19:40:49">
	<testcase classname="test_index_sizes.TestIndexSizes" file="spec/python/test_index_sizes.py" line="8" name="test_index_sizes" time="0.001" timestamp="2023-06-28T19:40:49">
		<system-out>
<![CDATA[]]>		</system-out>
		<system-err>
<![CDATA[]]>		</system-err>
	</testcase>
</testsuite>
