<?xml version="1.0" encoding="UTF-8"?>
<testsuite name="test_expr_bytes_non_literal.TestExprBytesNonLiteral-20220728001417" tests="1" file="test_expr_bytes_non_literal.py" time="0.001" timestamp="2022-07-28T00:14:17" failures="0" errors="1" skipped="0">
	<testcase classname="test_expr_bytes_non_literal.TestExprBytesNonLiteral" name="test_expr_bytes_non_literal" time="0.001" timestamp="2022-07-28T00:14:17" file="spec/python/test_expr_bytes_non_literal.py" line="8">
		<error type="error" message="byte format requires -128 &lt;= number &lt;= 127"><![CDATA[Traceback (most recent call last):
  File "/home/travis/build/kaitai-io/ci_targets/tests/spec/python/test_expr_bytes_non_literal.py", line 11, in test_expr_bytes_non_literal
    self.assertEqual(len(r.calc_bytes), 2)
  File "/home/travis/build/kaitai-io/ci_targets/tests/compiled/python/expr_bytes_non_literal.py", line 27, in calc_bytes
    self._m_calc_bytes = struct.pack('2b', self.one, self.two)
struct.error: byte format requires -128 <= number <= 127
]]></error>
	</testcase>
</testsuite>
