<?xml version="1.0" encoding="UTF-8"?>
<testsuite errors="0" failures="0" file="test_nested_type_param.py" name="test_nested_type_param.TestNestedTypeParam-20211106162838" skipped="0" tests="1" time="0.000" timestamp="2021-11-06T16:28:38">
	<testcase classname="test_nested_type_param.TestNestedTypeParam" file="spec/python/test_nested_type_param.py" line="8" name="test_nested_type_param" time="0.000" timestamp="2021-11-06T16:28:38">
		<system-out>
<![CDATA[]]>		</system-out>
		<system-err>
<![CDATA[]]>		</system-err>
	</testcase>
</testsuite>
