<?xml version="1.0" encoding="UTF-8"?>
<testsuite errors="1" failures="0" file="test_io_local_var.py" name="test_io_local_var.TestIoLocalVar-20190329205616" skipped="0" tests="1" time="0.001" timestamp="2019-03-29T20:56:16">
	<testcase classname="test_io_local_var.TestIoLocalVar" file="spec/python/test_io_local_var.py" line="8" name="test_io_local_var" time="0.001" timestamp="2019-03-29T20:56:16">
		<error message="[Errno 2] No such file or directory: 'src/full256.bin'" type="IOError">
<![CDATA[Traceback (most recent call last):
  File "/home/travis/build/kaitai-io/ci_targets/tests/spec/python/test_io_local_var.py", line 9, in test_io_local_var
    with IoLocalVar.from_file('src/full256.bin') as r:
  File "/home/travis/build/kaitai-io/ci_targets/runtime/python/kaitaistruct.py", line 33, in from_file
    f = open(filename, 'rb')
IOError: [Errno 2] No such file or directory: 'src/full256.bin'
]]>		</error>
		<system-out>
<![CDATA[]]>		</system-out>
		<system-err>
<![CDATA[]]>		</system-err>
	</testcase>
</testsuite>
