<?xml version="1.0" encoding="UTF-8"?>
<testsuite name="test_bits_signed_shift_b32_le.TestBitsSignedShiftB32Le-20220623172918" tests="1" file="test_bits_signed_shift_b32_le.py" time="0.001" timestamp="2022-06-23T17:29:18" failures="0" errors="0" skipped="0">
	<testcase classname="test_bits_signed_shift_b32_le.TestBitsSignedShiftB32Le" name="test_bits_signed_shift_b32_le" time="0.001" timestamp="2022-06-23T17:29:18" file="spec/python/test_bits_signed_shift_b32_le.py" line="8"/>
</testsuite>
