<?xml version="1.0" encoding="UTF-8"?>
<testsuite name="test_nav_root.TestNavRoot-20220319214317" tests="1" file="test_nav_root.py" time="0.001" timestamp="2022-03-19T21:43:17" failures="0" errors="0" skipped="0">
	<testcase classname="test_nav_root.TestNavRoot" name="test_nav_root" time="0.001" timestamp="2022-03-19T21:43:17" file="spec/python/test_nav_root.py" line="8"/>
</testsuite>
