<?xml version="1.0" encoding="UTF-8"?>
<testsuite errors="0" failures="0" file="test_bits_signed_shift_b64_le.py" name="test_bits_signed_shift_b64_le.TestBitsSignedShiftB64Le-20230719115204" skipped="0" tests="1" time="0.000" timestamp="2023-07-19T11:52:04">
	<testcase classname="test_bits_signed_shift_b64_le.TestBitsSignedShiftB64Le" file="spec/python/test_bits_signed_shift_b64_le.py" line="8" name="test_bits_signed_shift_b64_le" time="0.000" timestamp="2023-07-19T11:52:04">
		<system-out>
<![CDATA[]]>		</system-out>
		<system-err>
<![CDATA[]]>		</system-err>
	</testcase>
</testsuite>
