<?xml version="1.0" encoding="UTF-8"?>
<testsuite errors="0" failures="0" file="test_params_def.py" name="test_params_def.TestParamsDef-20191007045844" skipped="0" tests="1" time="0.000" timestamp="2019-10-07T04:58:44">
	<testcase classname="test_params_def.TestParamsDef" file="spec/python/test_params_def.py" line="7" name="test_params_def" time="0.000" timestamp="2019-10-07T04:58:44">
		<system-out>
<![CDATA[]]>		</system-out>
		<system-err>
<![CDATA[]]>		</system-err>
	</testcase>
</testsuite>
