<?xml version="1.0" encoding="UTF-8"?>
<testsuite errors="0" failures="0" file="test_zlib_surrounded.py" name="test_zlib_surrounded.TestZlibSurrounded-20220617122619" skipped="0" tests="1" time="0.000" timestamp="2022-06-17T12:26:19">
	<testcase classname="test_zlib_surrounded.TestZlibSurrounded" file="spec/python/test_zlib_surrounded.py" line="8" name="test_zlib_surrounded" time="0.000" timestamp="2022-06-17T12:26:19">
		<system-out>
<![CDATA[]]>		</system-out>
		<system-err>
<![CDATA[]]>		</system-err>
	</testcase>
</testsuite>
