<?xml version="1.0" encoding="UTF-8"?>
<testsuite errors="0" failures="0" file="test_valid_short.py" name="test_valid_short.TestValidShort-20190915130428" skipped="0" tests="1" time="0.000" timestamp="2019-09-15T13:04:28">
	<testcase classname="test_valid_short.TestValidShort" file="spec/python/test_valid_short.py" line="8" name="test_valid_short" time="0.000" timestamp="2019-09-15T13:04:28">
		<system-out>
<![CDATA[]]>		</system-out>
		<system-err>
<![CDATA[]]>		</system-err>
	</testcase>
</testsuite>
