<?xml version="1.0" encoding="UTF-8"?>
<testsuite name="test_nav_parent_vs_value_inst.TestNavParentVsValueInst-20220728094509" tests="1" file="test_nav_parent_vs_value_inst.py" time="0.000" timestamp="2022-07-28T09:45:09" failures="0" errors="0" skipped="0">
	<testcase classname="test_nav_parent_vs_value_inst.TestNavParentVsValueInst" name="test_nav_parent_vs_value_inst" time="0.000" timestamp="2022-07-28T09:45:09" file="spec/python/test_nav_parent_vs_value_inst.py" line="8"/>
</testsuite>
