<?xml version="1.0" encoding="UTF-8"?>
<testsuite errors="0" failures="0" file="test_instance_std_array.py" name="test_instance_std_array.TestInstanceStdArray-20230719212524" skipped="0" tests="1" time="0.000" timestamp="2023-07-19T21:25:24">
	<testcase classname="test_instance_std_array.TestInstanceStdArray" file="spec/python/test_instance_std_array.py" line="8" name="test_instance_std_array" time="0.000" timestamp="2023-07-19T21:25:24">
		<system-out>
<![CDATA[]]>		</system-out>
		<system-err>
<![CDATA[]]>		</system-err>
	</testcase>
</testsuite>
