<?xml version="1.0" encoding="UTF-8"?>
<testsuite errors="0" failures="0" file="test_buffered_struct.py" name="test_buffered_struct.TestBufferedStruct-20200416221535" skipped="0" tests="1" time="0.000" timestamp="2020-04-16T22:15:35">
	<testcase classname="test_buffered_struct.TestBufferedStruct" file="spec/python/test_buffered_struct.py" line="8" name="test_buffered_struct" time="0.000" timestamp="2020-04-16T22:15:35">
		<system-out>
<![CDATA[]]>		</system-out>
		<system-err>
<![CDATA[]]>		</system-err>
	</testcase>
</testsuite>
