<?xml version="1.0" encoding="UTF-8"?>
<testsuite name="test_params_call_short.TestParamsCallShort-20230708130218" tests="1" file="test_params_call_short.py" time="0.000" timestamp="2023-07-08T13:02:18" failures="0" errors="0" skipped="0">
	<testcase classname="test_params_call_short.TestParamsCallShort" name="test_params_call_short" time="0.000" timestamp="2023-07-08T13:02:18" file="spec/python/test_params_call_short.py" line="8"/>
</testsuite>
