<?xml version="1.0" encoding="UTF-8"?>
<testsuite errors="0" failures="0" name="test_process_coerce_switch.TestProcessCoerceSwitch-20170725132103" skipped="0" tests="1" time="0.000">
	<testcase classname="test_process_coerce_switch.TestProcessCoerceSwitch" name="test_process_coerce_switch" time="0.000"/>
	<system-out>
<![CDATA[]]>	</system-out>
	<system-err>
<![CDATA[]]>	</system-err>
</testsuite>
