<?xml version="1.0" encoding="UTF-8"?>
<testsuite name="test_expr_sizeof_type_1.TestExprSizeofType1-20220415203301" tests="1" file="test_expr_sizeof_type_1.py" time="0.000" timestamp="2022-04-15T20:33:01" failures="0" errors="0" skipped="0">
	<testcase classname="test_expr_sizeof_type_1.TestExprSizeofType1" name="test_expr_sizeof_type_1" time="0.000" timestamp="2022-04-15T20:33:01" file="spec/python/test_expr_sizeof_type_1.py" line="8"/>
</testsuite>
