<?xml version="1.0" encoding="UTF-8"?>
<testsuite errors="0" failures="0" name="test_default_endian_expr_is_le.TestDefaultEndianExprIsLe-20181109110144" skipped="0" tests="1" time="0.000" timestamp="2018-11-09T11:01:44">
	<testcase classname="test_default_endian_expr_is_le.TestDefaultEndianExprIsLe" name="test_default_endian_expr_is_le" time="0.000" timestamp="2018-11-09T11:01:44"/>
	<system-out>
<![CDATA[]]>	</system-out>
	<system-err>
<![CDATA[]]>	</system-err>
</testsuite>
