<?xml version="1.0" encoding="UTF-8"?>
<testsuite errors="0" failures="0" file="test_default_endian_expr_exception.py" name="test_default_endian_expr_exception.TestDefaultEndianExprException-20190319025525" skipped="0" tests="1" time="0.001" timestamp="2019-03-19T02:55:25">
	<testcase classname="test_default_endian_expr_exception.TestDefaultEndianExprException" file="spec/python/test_default_endian_expr_exception.py" line="7" name="test_default_endian_expr_exception" time="0.001" timestamp="2019-03-19T02:55:25"/>
</testsuite>
