<?xml version="1.0" encoding="UTF-8"?>
<testsuite name="test_meta_tags.TestMetaTags" tests="1" file="test_meta_tags.py" time="0.000" timestamp="2023-07-28T14:35:40" failures="0" errors="0" skipped="0">
	<testcase classname="test_meta_tags.TestMetaTags" name="test_meta_tags" time="0.000" timestamp="2023-07-28T14:35:40" file="spec/python/test_meta_tags.py" line="8"/>
</testsuite>
