<?xml version="1.0" encoding="UTF-8"?>
<testsuite name="test_enum_fancy.TestEnumFancy-20210403173646" tests="1" file="test_enum_fancy.py" time="0.001" timestamp="2021-04-03T17:36:46" failures="0" errors="0" skipped="0">
	<testcase classname="test_enum_fancy.TestEnumFancy" name="test_enum_fancy" time="0.001" timestamp="2021-04-03T17:36:46" file="spec/python/test_enum_fancy.py" line="8"/>
</testsuite>
