<?xml version="1.0" encoding="UTF-8"?>
<testsuite name="test_float_to_i.TestFloatToI-20220623171410" tests="1" file="test_float_to_i.py" time="0.001" timestamp="2022-06-23T17:14:11" failures="0" errors="0" skipped="0">
	<testcase classname="test_float_to_i.TestFloatToI" name="test_float_to_i" time="0.001" timestamp="2022-06-23T17:14:11" file="spec/python/test_float_to_i.py" line="8"/>
</testsuite>
