<?xml version="1.0" encoding="UTF-8"?>
<testsuite errors="0" failures="0" file="test_params_pass_bool.py" name="test_params_pass_bool.TestParamsPassBool-20220728094332" skipped="0" tests="1" time="0.001" timestamp="2022-07-28T09:43:32">
	<testcase classname="test_params_pass_bool.TestParamsPassBool" file="spec/python/test_params_pass_bool.py" line="8" name="test_params_pass_bool" time="0.001" timestamp="2022-07-28T09:43:32">
		<system-out>
<![CDATA[]]>		</system-out>
		<system-err>
<![CDATA[]]>		</system-err>
	</testcase>
</testsuite>
