<?xml version="1.0" encoding="UTF-8"?>
<testsuite errors="0" failures="0" name="test_repeat_n_strz_double.TestRepeatNStrzDouble-20180416004117" skipped="0" tests="1" time="0.000" timestamp="2018-04-16T00:41:18">
	<testcase classname="test_repeat_n_strz_double.TestRepeatNStrzDouble" name="test_repeat_n_strz_double" time="0.000" timestamp="2018-04-16T00:41:18"/>
	<system-out>
<![CDATA[]]>	</system-out>
	<system-err>
<![CDATA[]]>	</system-err>
</testsuite>
