<?xml version="1.0" encoding="UTF-8"?>
<testsuite errors="0" failures="0" name="test_process_to_user.TestProcessToUser-20181231002938" skipped="0" tests="1" time="0.001" timestamp="2018-12-31T00:29:38">
	<testcase classname="test_process_to_user.TestProcessToUser" name="test_process_to_user" time="0.001" timestamp="2018-12-31T00:29:38"/>
	<system-out>
<![CDATA[]]>	</system-out>
	<system-err>
<![CDATA[]]>	</system-err>
</testsuite>
