<?xml version="1.0" encoding="UTF-8"?>
<testsuite name="test_js_signed_right_shift.TestJsSignedRightShift-20210302195852" tests="1" file="test_js_signed_right_shift.py" time="0.001" timestamp="2021-03-02T19:58:52" failures="0" errors="0" skipped="0">
	<testcase classname="test_js_signed_right_shift.TestJsSignedRightShift" name="test_js_signed_right_shift" time="0.001" timestamp="2021-03-02T19:58:52" file="spec/python/test_js_signed_right_shift.py" line="8"/>
</testsuite>
