<?xml version="1.0" encoding="UTF-8"?>
<testsuite errors="0" failures="0" file="test_expr_array.py" name="test_expr_array.TestExprArray-20190928201024" skipped="0" tests="1" time="0.001" timestamp="2019-09-28T20:10:24">
	<testcase classname="test_expr_array.TestExprArray" file="spec/python/test_expr_array.py" line="8" name="test_expr_array" time="0.001" timestamp="2019-09-28T20:10:24">
		<system-out>
<![CDATA[]]>		</system-out>
		<system-err>
<![CDATA[]]>		</system-err>
	</testcase>
</testsuite>
