<?xml version="1.0" encoding="UTF-8"?>
<testsuite name="test_enum_deep_literals.TestEnumDeepLiterals-20210206143550" tests="1" file="test_enum_deep_literals.py" time="0.001" timestamp="2021-02-06T14:35:50" failures="0" errors="0" skipped="0">
	<testcase classname="test_enum_deep_literals.TestEnumDeepLiterals" name="test_enum_deep_literals" time="0.001" timestamp="2021-02-06T14:35:50" file="spec/python/test_enum_deep_literals.py" line="8"/>
</testsuite>
