<?xml version="1.0" encoding="UTF-8"?>
<testsuite errors="0" failures="0" file="test_switch_multi_bool_ops.py" name="test_switch_multi_bool_ops.TestSwitchMultiBoolOps-20230714184233" skipped="0" tests="1" time="0.001" timestamp="2023-07-14T18:42:34">
	<testcase classname="test_switch_multi_bool_ops.TestSwitchMultiBoolOps" file="spec/python/test_switch_multi_bool_ops.py" line="8" name="test_switch_multi_bool_ops" time="0.001" timestamp="2023-07-14T18:42:34">
		<system-out>
<![CDATA[]]>		</system-out>
		<system-err>
<![CDATA[]]>		</system-err>
	</testcase>
</testsuite>
