<?xml version="1.0" encoding="UTF-8"?>
<testsuite errors="0" failures="0" name="test_expr_1.TestExpr1-20180423013335" skipped="0" tests="1" time="0.000" timestamp="2018-04-23T01:33:35">
	<testcase classname="test_expr_1.TestExpr1" name="test_expr_1" time="0.000" timestamp="2018-04-23T01:33:35"/>
	<system-out>
<![CDATA[]]>	</system-out>
	<system-err>
<![CDATA[]]>	</system-err>
</testsuite>
