<?xml version="1.0" encoding="UTF-8"?>
<testsuite name="test_str_pad_term_empty.TestStrPadTermEmpty-20220623171410" tests="1" file="test_str_pad_term_empty.py" time="0.001" timestamp="2022-06-23T17:14:11" failures="0" errors="0" skipped="0">
	<testcase classname="test_str_pad_term_empty.TestStrPadTermEmpty" name="test_str_pad_term_empty" time="0.001" timestamp="2022-06-23T17:14:11" file="spec/python/test_str_pad_term_empty.py" line="8"/>
</testsuite>
