<?xml version="1.0" encoding="UTF-8"?>
<testsuite name="test_expr_3.TestExpr3-20230706183513" tests="1" file="test_expr_3.py" time="0.001" timestamp="2023-07-06T18:35:13" failures="0" errors="0" skipped="0">
	<testcase classname="test_expr_3.TestExpr3" name="test_expr_3" time="0.001" timestamp="2023-07-06T18:35:13" file="spec/python/test_expr_3.py" line="8"/>
</testsuite>
