<?xml version="1.0" encoding="UTF-8"?>
<testsuite errors="1" failures="0" file="test_type_ternary_2nd_falsy.py" name="test_type_ternary_2nd_falsy.TestTypeTernary2ndFalsy-20200501142420" skipped="0" tests="1" time="0.001" timestamp="2020-05-01T14:24:20">
	<testcase classname="test_type_ternary_2nd_falsy.TestTypeTernary2ndFalsy" file="spec/python/test_type_ternary_2nd_falsy.py" line="8" name="test_type_ternary_2nd_falsy" time="0.001" timestamp="2020-05-01T14:24:20">
		<error message="'TypeTernary2ndFalsy' object has no attribute 'null_ut'" type="AttributeError">
<![CDATA[Traceback (most recent call last):
  File "/home/travis/build/kaitai-io/ci_targets/tests/spec/python/test_type_ternary_2nd_falsy.py", line 19, in test_type_ternary_2nd_falsy
    self.assertIsNone(r.v_null_ut)
  File "/home/travis/build/kaitai-io/ci_targets/tests/compiled/python/type_ternary_2nd_falsy.py", line 123, in v_null_ut
    self._m_v_null_ut = (self.null_ut if self.t else self.ut)
AttributeError: 'TypeTernary2ndFalsy' object has no attribute 'null_ut'
]]>		</error>
		<system-out>
<![CDATA[]]>		</system-out>
		<system-err>
<![CDATA[]]>		</system-err>
	</testcase>
</testsuite>
