<?xml version="1.0" encoding="UTF-8"?>
<testsuite errors="0" failures="0" name="test_index_to_param_until.TestIndexToParamUntil-20181116220233" skipped="0" tests="1" time="0.000" timestamp="2018-11-16T22:02:33">
	<testcase classname="test_index_to_param_until.TestIndexToParamUntil" name="test_index_to_param_until" time="0.000" timestamp="2018-11-16T22:02:33"/>
	<system-out>
<![CDATA[]]>	</system-out>
	<system-err>
<![CDATA[]]>	</system-err>
</testsuite>
