<?xml version="1.0" encoding="UTF-8"?>
<testsuite errors="0" failures="0" file="test_hello_world.py" name="test_hello_world.TestHelloWorld-20190422024518" skipped="0" tests="1" time="0.000" timestamp="2019-04-22T02:45:18">
	<testcase classname="test_hello_world.TestHelloWorld" file="spec/python/test_hello_world.py" line="8" name="test_hello_world" time="0.000" timestamp="2019-04-22T02:45:18">
		<system-out>
<![CDATA[]]>		</system-out>
		<system-err>
<![CDATA[]]>		</system-err>
	</testcase>
</testsuite>
