<?xml version="1.0" encoding="UTF-8"?>
<testsuite errors="0" failures="0" file="test_enum_1.py" name="test_enum_1.TestEnum1-20200824161900" skipped="0" tests="1" time="0.000" timestamp="2020-08-24T16:19:00">
	<testcase classname="test_enum_1.TestEnum1" file="spec/python/test_enum_1.py" line="8" name="test_enum_1" time="0.000" timestamp="2020-08-24T16:19:00">
		<system-out>
<![CDATA[]]>		</system-out>
		<system-err>
<![CDATA[]]>		</system-err>
	</testcase>
</testsuite>
