<?xml version="1.0" encoding="UTF-8"?>
<testsuite errors="0" failures="0" name="test_index_to_param_expr.TestIndexToParamExpr-20190129074709" skipped="0" tests="1" time="0.000" timestamp="2019-01-29T07:47:09">
	<testcase classname="test_index_to_param_expr.TestIndexToParamExpr" name="test_index_to_param_expr" time="0.000" timestamp="2019-01-29T07:47:09"/>
	<system-out>
<![CDATA[]]>	</system-out>
	<system-err>
<![CDATA[]]>	</system-err>
</testsuite>
