<?xml version="1.0" encoding="UTF-8"?>
<testsuite errors="0" failures="0" file="test_valid_fail_eq_str.py" name="test_valid_fail_eq_str.TestValidFailEqStr-20230721093937" skipped="0" tests="1" time="0.000" timestamp="2023-07-21T09:39:38">
	<testcase classname="test_valid_fail_eq_str.TestValidFailEqStr" file="spec/python/test_valid_fail_eq_str.py" line="9" name="test_valid_fail_eq_str" time="0.000" timestamp="2023-07-21T09:39:38">
		<system-out>
<![CDATA[]]>		</system-out>
		<system-err>
<![CDATA[]]>		</system-err>
	</testcase>
</testsuite>
