<?xml version="1.0" encoding="UTF-8"?>
<testsuite errors="0" failures="0" file="test_switch_manual_enum_invalid_else.py" name="test_switch_manual_enum_invalid_else.TestSwitchManualEnumInvalidElse-20190924145227" skipped="0" tests="1" time="0.001" timestamp="2019-09-24T14:52:27">
	<testcase classname="test_switch_manual_enum_invalid_else.TestSwitchManualEnumInvalidElse" file="spec/python/test_switch_manual_enum_invalid_else.py" line="6" name="test_switch_manual_enum_invalid_else" time="0.001" timestamp="2019-09-24T14:52:27">
		<system-out>
<![CDATA[]]>		</system-out>
		<system-err>
<![CDATA[]]>		</system-err>
	</testcase>
</testsuite>
