<?xml version="1.0" encoding="UTF-8"?>
<testsuite errors="0" failures="0" file="test_index_to_param_until.py" name="test_index_to_param_until.TestIndexToParamUntil-20230721093934" skipped="0" tests="1" time="0.001" timestamp="2023-07-21T09:39:34">
	<testcase classname="test_index_to_param_until.TestIndexToParamUntil" file="spec/python/test_index_to_param_until.py" line="8" name="test_index_to_param_until" time="0.001" timestamp="2023-07-21T09:39:34">
		<system-out>
<![CDATA[]]>		</system-out>
		<system-err>
<![CDATA[]]>		</system-err>
	</testcase>
</testsuite>
