<?xml version="1.0" encoding="UTF-8"?>
<testsuite errors="0" failures="0" file="test_params_pass_array_struct.py" name="test_params_pass_array_struct.TestParamsPassArrayStruct-20200726175556" skipped="0" tests="1" time="0.000" timestamp="2020-07-26T17:55:56">
	<testcase classname="test_params_pass_array_struct.TestParamsPassArrayStruct" file="spec/python/test_params_pass_array_struct.py" line="8" name="test_params_pass_array_struct" time="0.000" timestamp="2020-07-26T17:55:56">
		<system-out>
<![CDATA[]]>		</system-out>
		<system-err>
<![CDATA[]]>		</system-err>
	</testcase>
</testsuite>
