<?xml version="1.0" encoding="UTF-8"?>
<testsuite name="test_process_coerce_usertype1.TestProcessCoerceUsertype1-20220728094509" tests="1" file="test_process_coerce_usertype1.py" time="0.001" timestamp="2022-07-28T09:45:09" failures="0" errors="0" skipped="0">
	<testcase classname="test_process_coerce_usertype1.TestProcessCoerceUsertype1" name="test_process_coerce_usertype1" time="0.001" timestamp="2022-07-28T09:45:09" file="spec/python/test_process_coerce_usertype1.py" line="8"/>
</testsuite>
