<?xml version="1.0" encoding="UTF-8"?>
<testsuite name="test_fixed_contents.TestFixedContents" tests="1" file="test_fixed_contents.py" time="0.001" timestamp="2023-08-02T17:41:26" failures="0" errors="0" skipped="0">
	<testcase classname="test_fixed_contents.TestFixedContents" name="test_fixed_contents" time="0.001" timestamp="2023-08-02T17:41:26" file="spec/python/test_fixed_contents.py" line="8"/>
</testsuite>
