<?xml version="1.0" encoding="UTF-8"?>
<testsuite errors="0" failures="0" file="test_bits_signed_res_b32_be.py" name="test_bits_signed_res_b32_be.TestBitsSignedResB32Be-20230721092940" skipped="0" tests="1" time="0.001" timestamp="2023-07-21T09:29:40">
	<testcase classname="test_bits_signed_res_b32_be.TestBitsSignedResB32Be" file="spec/python/test_bits_signed_res_b32_be.py" line="8" name="test_bits_signed_res_b32_be" time="0.001" timestamp="2023-07-21T09:29:40">
		<system-out>
<![CDATA[]]>		</system-out>
		<system-err>
<![CDATA[]]>		</system-err>
	</testcase>
</testsuite>
