<?xml version="1.0" encoding="UTF-8"?>
<testsuite name="test_non_standard.TestNonStandard-20210701222606" tests="1" file="test_non_standard.py" time="0.001" timestamp="2021-07-01T22:26:06" failures="0" errors="0" skipped="0">
	<testcase classname="test_non_standard.TestNonStandard" name="test_non_standard" time="0.001" timestamp="2021-07-01T22:26:06" file="spec/python/test_non_standard.py" line="8"/>
</testsuite>
