<?xml version="1.0" encoding="UTF-8"?>
<testsuite errors="0" failures="0" name="test_switch_repeat_expr.TestSwitchRepeatExpr-20180407113947" skipped="0" tests="1" time="0.000" timestamp="2018-04-07T11:39:47">
	<testcase classname="test_switch_repeat_expr.TestSwitchRepeatExpr" name="test_switch_repeat_expr" time="0.000" timestamp="2018-04-07T11:39:47"/>
	<system-out>
<![CDATA[]]>	</system-out>
	<system-err>
<![CDATA[]]>	</system-err>
</testsuite>
