<?xml version="1.0" encoding="UTF-8"?>
<testsuite errors="0" failures="0" name="test_repeat_until_sized.TestRepeatUntilSized-20181222103027" skipped="0" tests="1" time="0.000" timestamp="2018-12-22T10:30:27">
	<testcase classname="test_repeat_until_sized.TestRepeatUntilSized" name="test_repeat_until_sized" time="0.000" timestamp="2018-12-22T10:30:27"/>
	<system-out>
<![CDATA[]]>	</system-out>
	<system-err>
<![CDATA[]]>	</system-err>
</testsuite>
