<?xml version="1.0" encoding="UTF-8"?>
<testsuite errors="0" failures="0" file="test_enum_invalid.py" name="test_enum_invalid.TestEnumInvalid-20190321143929" skipped="0" tests="1" time="0.000" timestamp="2019-03-21T14:39:29">
	<testcase classname="test_enum_invalid.TestEnumInvalid" file="spec/python/test_enum_invalid.py" line="6" name="test_enum_invalid" time="0.000" timestamp="2019-03-21T14:39:29"/>
</testsuite>
