<?xml version="1.0" encoding="UTF-8"?>
<testsuite name="test_nav_parent.TestNavParent-20200608211342" tests="1" file="test_nav_parent.py" time="0.001" timestamp="2020-06-08T21:13:42" failures="0" errors="0" skipped="0">
	<testcase classname="test_nav_parent.TestNavParent" name="test_nav_parent" time="0.001" timestamp="2020-06-08T21:13:42" file="spec/python/test_nav_parent.py" line="8">
		<system-out><![CDATA[]]></system-out>
		<system-err><![CDATA[]]></system-err>
	</testcase>
</testsuite>
