<?xml version="1.0" encoding="UTF-8"?>
<testsuite name="test_eos_exception_u4.TestEosExceptionU4-20200501142514" tests="1" file="test_eos_exception_u4.py" time="0.000" timestamp="2020-05-01T14:25:14" failures="0" errors="0" skipped="0">
	<testcase classname="test_eos_exception_u4.TestEosExceptionU4" name="test_eos_exception_u4" time="0.000" timestamp="2020-05-01T14:25:14" file="spec/python/test_eos_exception_u4.py" line="9">
		<system-out><![CDATA[]]></system-out>
		<system-err><![CDATA[]]></system-err>
	</testcase>
</testsuite>
