<?xml version="1.0" encoding="UTF-8"?>
<testsuite name="test_process_repeat_bytes.TestProcessRepeatBytes-20201020225840" tests="1" file="test_process_repeat_bytes.py" time="0.001" timestamp="2020-10-20T22:58:40" failures="0" errors="0" skipped="0">
	<testcase classname="test_process_repeat_bytes.TestProcessRepeatBytes" name="test_process_repeat_bytes" time="0.001" timestamp="2020-10-20T22:58:40" file="spec/python/test_process_repeat_bytes.py" line="8">
		<system-out><![CDATA[]]></system-out>
		<system-err><![CDATA[]]></system-err>
	</testcase>
</testsuite>
