<?xml version="1.0" encoding="UTF-8"?>
<testsuite errors="0" failures="0" file="test_bits_signed_b32_le.py" name="test_bits_signed_b32_le.TestBitsSignedB32Le-20211115222318" skipped="0" tests="1" time="0.000" timestamp="2021-11-15T22:23:18">
	<testcase classname="test_bits_signed_b32_le.TestBitsSignedB32Le" file="spec/python/test_bits_signed_b32_le.py" line="8" name="test_bits_signed_b32_le" time="0.000" timestamp="2021-11-15T22:23:18">
		<system-out>
<![CDATA[]]>		</system-out>
		<system-err>
<![CDATA[]]>		</system-err>
	</testcase>
</testsuite>
