<?xml version="1.0" encoding="UTF-8"?>
<testsuite errors="0" failures="0" file="test_nested_types.py" name="test_nested_types.TestNestedTypes-20230721092940" skipped="0" tests="1" time="0.000" timestamp="2023-07-21T09:29:40">
	<testcase classname="test_nested_types.TestNestedTypes" file="spec/python/test_nested_types.py" line="8" name="test_nested_types" time="0.000" timestamp="2023-07-21T09:29:40">
		<system-out>
<![CDATA[]]>		</system-out>
		<system-err>
<![CDATA[]]>		</system-err>
	</testcase>
</testsuite>
