<?xml version="1.0" encoding="UTF-8"?>
<testsuite errors="0" failures="0" name="test_type_int_unary_op.TestTypeIntUnaryOp-20180326175246" skipped="0" tests="1" time="0.000" timestamp="2018-03-26T17:52:46">
	<testcase classname="test_type_int_unary_op.TestTypeIntUnaryOp" name="test_type_int_unary_op" time="0.000" timestamp="2018-03-26T17:52:46"/>
	<system-out>
<![CDATA[]]>	</system-out>
	<system-err>
<![CDATA[]]>	</system-err>
</testsuite>
