<?xml version="1.0" encoding="UTF-8"?>
<testsuite name="test_expr_ops_parens.TestExprOpsParens-20210302195852" tests="1" file="test_expr_ops_parens.py" time="0.001" timestamp="2021-03-02T19:58:52" failures="0" errors="0" skipped="0">
	<testcase classname="test_expr_ops_parens.TestExprOpsParens" name="test_expr_ops_parens" time="0.001" timestamp="2021-03-02T19:58:52" file="spec/python/test_expr_ops_parens.py" line="8"/>
</testsuite>
