<?xml version="1.0" encoding="UTF-8"?>
<testsuite errors="0" failures="0" name="test_switch_manual_int_size_else.TestSwitchManualIntSizeElse-20181109111613" skipped="0" tests="1" time="0.000" timestamp="2018-11-09T11:16:13">
	<testcase classname="test_switch_manual_int_size_else.TestSwitchManualIntSizeElse" name="test_switch_manual_int_size_else" time="0.000" timestamp="2018-11-09T11:16:13"/>
	<system-out>
<![CDATA[]]>	</system-out>
	<system-err>
<![CDATA[]]>	</system-err>
</testsuite>
