<?xml version="1.0" encoding="UTF-8"?>
<testsuite name="test_bcd_user_type_le.TestBcdUserTypeLe-20230706183513" tests="1" file="test_bcd_user_type_le.py" time="0.001" timestamp="2023-07-06T18:35:13" failures="0" errors="0" skipped="0">
	<testcase classname="test_bcd_user_type_le.TestBcdUserTypeLe" name="test_bcd_user_type_le" time="0.001" timestamp="2023-07-06T18:35:13" file="spec/python/test_bcd_user_type_le.py" line="8"/>
</testsuite>
