<?xml version="1.0" encoding="UTF-8"?>
<testsuite errors="0" failures="0" file="test_str_literals.py" name="test_str_literals.TestStrLiterals-20190317163014" skipped="0" tests="1" time="0.001" timestamp="2019-03-17T16:30:14">
	<testcase classname="test_str_literals.TestStrLiterals" file="spec/python/test_str_literals.py" line="6" name="test_str_literals" time="0.001" timestamp="2019-03-17T16:30:14"/>
</testsuite>
