<?xml version="1.0" encoding="UTF-8"?>
<testsuite name="test_expr_int_div.TestExprIntDiv-20230721092937" tests="1" file="test_expr_int_div.py" time="0.000" timestamp="2023-07-21T09:29:37" failures="0" errors="0" skipped="0">
	<testcase classname="test_expr_int_div.TestExprIntDiv" name="test_expr_int_div" time="0.000" timestamp="2023-07-21T09:29:37" file="spec/python/test_expr_int_div.py" line="8"/>
</testsuite>
