<?xml version="1.0" encoding="UTF-8"?>
<testsuite errors="0" failures="0" file="test_valid_long.py" name="test_valid_long.TestValidLong-20220313103425" skipped="0" tests="1" time="0.000" timestamp="2022-03-13T10:34:25">
	<testcase classname="test_valid_long.TestValidLong" file="spec/python/test_valid_long.py" line="8" name="test_valid_long" time="0.000" timestamp="2022-03-13T10:34:25">
		<system-out>
<![CDATA[]]>		</system-out>
		<system-err>
<![CDATA[]]>		</system-err>
	</testcase>
</testsuite>
