<?xml version="1.0" encoding="UTF-8"?>
<testsuite errors="0" failures="0" file="test_params_def.py" name="test_params_def.TestParamsDef-20200406202110" skipped="0" tests="1" time="0.001" timestamp="2020-04-06T20:21:10">
	<testcase classname="test_params_def.TestParamsDef" file="spec/python/test_params_def.py" line="7" name="test_params_def" time="0.001" timestamp="2020-04-06T20:21:10">
		<system-out>
<![CDATA[]]>		</system-out>
		<system-err>
<![CDATA[]]>		</system-err>
	</testcase>
</testsuite>
