<?xml version="1.0" encoding="UTF-8"?>
<testsuite errors="0" failures="0" file="test_imports_rel_1.py" name="test_imports_rel_1.TestImportsRel1-20200413223950" skipped="0" tests="1" time="0.000" timestamp="2020-04-13T22:39:50">
	<testcase classname="test_imports_rel_1.TestImportsRel1" file="spec/python/test_imports_rel_1.py" line="6" name="test_imports_rel_1" time="0.000" timestamp="2020-04-13T22:39:50">
		<system-out>
<![CDATA[]]>		</system-out>
		<system-err>
<![CDATA[]]>		</system-err>
	</testcase>
</testsuite>
