<?xml version="1.0" encoding="UTF-8"?>
<testsuite errors="0" failures="0" file="test_imports_abs_abs.py" name="test_imports_abs_abs.TestImportsAbsAbs-20190915130428" skipped="0" tests="1" time="0.001" timestamp="2019-09-15T13:04:28">
	<testcase classname="test_imports_abs_abs.TestImportsAbsAbs" file="spec/python/test_imports_abs_abs.py" line="6" name="test_imports_abs_abs" time="0.001" timestamp="2019-09-15T13:04:28">
		<system-out>
<![CDATA[]]>		</system-out>
		<system-err>
<![CDATA[]]>		</system-err>
	</testcase>
</testsuite>
