<?xml version="1.0" encoding="UTF-8"?>
<testsuite name="test_index_to_param_eos.TestIndexToParamEos-20220623172918" tests="1" file="test_index_to_param_eos.py" time="0.001" timestamp="2022-06-23T17:29:18" failures="0" errors="0" skipped="0">
	<testcase classname="test_index_to_param_eos.TestIndexToParamEos" name="test_index_to_param_eos" time="0.001" timestamp="2022-06-23T17:29:18" file="spec/python/test_index_to_param_eos.py" line="8"/>
</testsuite>
