<?xml version="1.0" encoding="UTF-8"?>
<testsuite name="test_enum_int_range_s.TestEnumIntRangeS-20230714185247" tests="1" file="test_enum_int_range_s.py" time="0.000" timestamp="2023-07-14T18:52:47" failures="0" errors="0" skipped="0">
	<testcase classname="test_enum_int_range_s.TestEnumIntRangeS" name="test_enum_int_range_s" time="0.000" timestamp="2023-07-14T18:52:47" file="spec/python/test_enum_int_range_s.py" line="8"/>
</testsuite>
