<?xml version="1.0" encoding="UTF-8"?>
<testsuite errors="0" failures="0" file="test_process_rotate.py" name="test_process_rotate.TestProcessRotate-20220707225707" skipped="0" tests="1" time="0.000" timestamp="2022-07-07T22:57:07">
	<testcase classname="test_process_rotate.TestProcessRotate" file="spec/python/test_process_rotate.py" line="8" name="test_process_rotate" time="0.000" timestamp="2022-07-07T22:57:07">
		<system-out>
<![CDATA[]]>		</system-out>
		<system-err>
<![CDATA[]]>		</system-err>
	</testcase>
</testsuite>
