<?xml version="1.0" encoding="UTF-8"?>
<testsuite name="test_params_pass_array_str.TestParamsPassArrayStr" tests="1" file="test_params_pass_array_str.py" time="0.014" timestamp="2023-07-23T22:33:34" failures="0" errors="0" skipped="0">
	<testcase classname="test_params_pass_array_str.TestParamsPassArrayStr" name="test_params_pass_array_str" time="0.014" timestamp="2023-07-23T22:33:34" file="spec/python/test_params_pass_array_str.py" line="8">
		<system-err><![CDATA[/usr/local/lib/python3.11/tokenize.py:325: ResourceWarning: unclosed file <_io.FileIO name='src/fixed_struct.bin' mode='rb' closefd=True>
  return readline()
ResourceWarning: Enable tracemalloc to get the object allocation traceback
/usr/local/lib/python3.11/tokenize.py:325: ResourceWarning: unclosed file <_io.FileIO name='src/term_strz.bin' mode='rb' closefd=True>
  return readline()
ResourceWarning: Enable tracemalloc to get the object allocation traceback
]]></system-err>
	</testcase>
</testsuite>
