<?xml version="1.0" encoding="UTF-8"?>
<testsuite name="test_expr_io_pos.TestExprIoPos-20200404143331" tests="1" file="test_expr_io_pos.py" time="0.001" timestamp="2020-04-04T14:33:31" failures="0" errors="0" skipped="0">
	<testcase classname="test_expr_io_pos.TestExprIoPos" name="test_expr_io_pos" time="0.001" timestamp="2020-04-04T14:33:31" file="spec/python/test_expr_io_pos.py" line="8">
		<system-out><![CDATA[]]></system-out>
		<system-err><![CDATA[]]></system-err>
	</testcase>
</testsuite>
