<?xml version="1.0" encoding="UTF-8"?>
<testsuite errors="0" failures="0" name="test_nested_types3.TestNestedTypes3-20181224192101" skipped="0" tests="1" time="0.000" timestamp="2018-12-24T19:21:01">
	<testcase classname="test_nested_types3.TestNestedTypes3" name="test_nested_types3" time="0.000" timestamp="2018-12-24T19:21:01"/>
	<system-out>
<![CDATA[]]>	</system-out>
	<system-err>
<![CDATA[]]>	</system-err>
</testsuite>
