<?xml version="1.0" encoding="UTF-8"?>
<testsuite errors="0" failures="0" name="test_opaque_with_param.TestOpaqueWithParam-20180406070658" skipped="0" tests="1" time="0.000" timestamp="2018-04-06T07:06:58">
	<testcase classname="test_opaque_with_param.TestOpaqueWithParam" name="test_opaque_with_param" time="0.000" timestamp="2018-04-06T07:06:58"/>
	<system-out>
<![CDATA[]]>	</system-out>
	<system-err>
<![CDATA[]]>	</system-err>
</testsuite>
