<?xml version="1.0" encoding="UTF-8"?>
<testsuite errors="0" failures="0" file="test_eos_exception_bytes.py" name="test_eos_exception_bytes.TestEosExceptionBytes-20220210221127" skipped="0" tests="1" time="0.000" timestamp="2022-02-10T22:11:28">
	<testcase classname="test_eos_exception_bytes.TestEosExceptionBytes" file="spec/python/test_eos_exception_bytes.py" line="9" name="test_eos_exception_bytes" time="0.000" timestamp="2022-02-10T22:11:28">
		<system-out>
<![CDATA[]]>		</system-out>
		<system-err>
<![CDATA[]]>		</system-err>
	</testcase>
</testsuite>
