<?xml version="1.0" encoding="UTF-8"?>
<testsuite name="test_valid_fail_inst.TestValidFailInst-20200404143331" tests="1" file="test_valid_fail_inst.py" time="0.001" timestamp="2020-04-04T14:33:31" failures="0" errors="0" skipped="0">
	<testcase classname="test_valid_fail_inst.TestValidFailInst" name="test_valid_fail_inst" time="0.001" timestamp="2020-04-04T14:33:31" file="spec/python/test_valid_fail_inst.py" line="9">
		<system-out><![CDATA[]]></system-out>
		<system-err><![CDATA[]]></system-err>
	</testcase>
</testsuite>
