<?xml version="1.0" encoding="UTF-8"?>
<testsuite name="test_switch_integers2.TestSwitchIntegers2-20220205182945" tests="1" file="test_switch_integers2.py" time="0.001" timestamp="2022-02-05T18:29:46" failures="0" errors="0" skipped="0">
	<testcase classname="test_switch_integers2.TestSwitchIntegers2" name="test_switch_integers2" time="0.001" timestamp="2022-02-05T18:29:46" file="spec/python/test_switch_integers2.py" line="8"/>
</testsuite>
