<?xml version="1.0" encoding="UTF-8"?>
<testsuite errors="0" failures="0" file="test_switch_manual_int.py" name="test_switch_manual_int.TestSwitchManualInt-20200404060551" skipped="0" tests="1" time="0.001" timestamp="2020-04-04T06:05:51">
	<testcase classname="test_switch_manual_int.TestSwitchManualInt" file="spec/python/test_switch_manual_int.py" line="8" name="test_switch_manual_int" time="0.001" timestamp="2020-04-04T06:05:51">
		<system-out>
<![CDATA[]]>		</system-out>
		<system-err>
<![CDATA[]]>		</system-err>
	</testcase>
</testsuite>
