<?xml version="1.0" encoding="UTF-8"?>
<testsuite errors="0" failures="0" file="test_position_to_end.py" name="test_position_to_end.TestPositionToEnd-20220415203123" skipped="0" tests="1" time="0.000" timestamp="2022-04-15T20:31:23">
	<testcase classname="test_position_to_end.TestPositionToEnd" file="spec/python/test_position_to_end.py" line="8" name="test_position_to_end" time="0.000" timestamp="2022-04-15T20:31:23">
		<system-out>
<![CDATA[]]>		</system-out>
		<system-err>
<![CDATA[]]>		</system-err>
	</testcase>
</testsuite>
