<?xml version="1.0" encoding="UTF-8"?>
<testsuite name="test_switch_manual_enum_invalid_else.TestSwitchManualEnumInvalidElse-20200318042943" tests="1" file="test_switch_manual_enum_invalid_else.py" time="0.001" timestamp="2020-03-18T04:29:43" failures="0" errors="0" skipped="0">
	<testcase classname="test_switch_manual_enum_invalid_else.TestSwitchManualEnumInvalidElse" name="test_switch_manual_enum_invalid_else" time="0.001" timestamp="2020-03-18T04:29:43" file="spec/python/test_switch_manual_enum_invalid_else.py" line="8">
		<system-out><![CDATA[]]></system-out>
		<system-err><![CDATA[]]></system-err>
	</testcase>
</testsuite>
