<?xml version="1.0" encoding="UTF-8"?>
<testsuite errors="0" failures="0" file="test_switch_manual_enum_invalid_else.py" name="test_switch_manual_enum_invalid_else.TestSwitchManualEnumInvalidElse-20200101205417" skipped="0" tests="1" time="0.000" timestamp="2020-01-01T20:54:17">
	<testcase classname="test_switch_manual_enum_invalid_else.TestSwitchManualEnumInvalidElse" file="spec/python/test_switch_manual_enum_invalid_else.py" line="6" name="test_switch_manual_enum_invalid_else" time="0.000" timestamp="2020-01-01T20:54:17">
		<system-out>
<![CDATA[]]>		</system-out>
		<system-err>
<![CDATA[]]>		</system-err>
	</testcase>
</testsuite>
