<?xml version="1.0" encoding="UTF-8"?>
<testsuite errors="0" failures="0" file="test_debug_0.py" name="test_debug_0.TestDebug0-20200330025356" skipped="0" tests="1" time="0.000" timestamp="2020-03-30T02:53:56">
	<testcase classname="test_debug_0.TestDebug0" file="spec/python/test_debug_0.py" line="6" name="test_debug_0" time="0.000" timestamp="2020-03-30T02:53:56">
		<system-out>
<![CDATA[]]>		</system-out>
		<system-err>
<![CDATA[]]>		</system-err>
	</testcase>
</testsuite>
