<?xml version="1.0" encoding="UTF-8"?>
<testsuite errors="0" failures="0" name="test_position_in_seq.TestPositionInSeq-20180902103339" skipped="0" tests="1" time="0.000" timestamp="2018-09-02T10:33:39">
	<testcase classname="test_position_in_seq.TestPositionInSeq" name="test_position_in_seq" time="0.000" timestamp="2018-09-02T10:33:39"/>
	<system-out>
<![CDATA[]]>	</system-out>
	<system-err>
<![CDATA[]]>	</system-err>
</testsuite>
