<?xml version="1.0" encoding="UTF-8"?>
<testsuite name="test_meta_tags.TestMetaTags-20220617122750" tests="1" file="test_meta_tags.py" time="0.000" timestamp="2022-06-17T12:27:50" failures="0" errors="0" skipped="0">
	<testcase classname="test_meta_tags.TestMetaTags" name="test_meta_tags" time="0.000" timestamp="2022-06-17T12:27:50" file="spec/python/test_meta_tags.py" line="8"/>
</testsuite>
