<?xml version="1.0" encoding="UTF-8"?>
<testsuite errors="0" failures="0" file="test_bits_seq_endian_combo.py" name="test_bits_seq_endian_combo.TestBitsSeqEndianCombo-20200605090425" skipped="0" tests="1" time="0.000" timestamp="2020-06-05T09:04:25">
	<testcase classname="test_bits_seq_endian_combo.TestBitsSeqEndianCombo" file="spec/python/test_bits_seq_endian_combo.py" line="8" name="test_bits_seq_endian_combo" time="0.000" timestamp="2020-06-05T09:04:25">
		<system-out>
<![CDATA[]]>		</system-out>
		<system-err>
<![CDATA[]]>		</system-err>
	</testcase>
</testsuite>
