<?xml version="1.0" encoding="UTF-8"?>
<testsuite errors="0" failures="0" file="test_if_struct.py" name="test_if_struct.TestIfStruct-20210206143518" skipped="0" tests="1" time="0.001" timestamp="2021-02-06T14:35:18">
	<testcase classname="test_if_struct.TestIfStruct" file="spec/python/test_if_struct.py" line="8" name="test_if_struct" time="0.001" timestamp="2021-02-06T14:35:18">
		<system-out>
<![CDATA[]]>		</system-out>
		<system-err>
<![CDATA[]]>		</system-err>
	</testcase>
</testsuite>
