<?xml version="1.0" encoding="UTF-8"?>
<testsuite errors="0" failures="0" file="test_position_abs.py" name="test_position_abs.TestPositionAbs-20200409204353" skipped="0" tests="1" time="0.002" timestamp="2020-04-09T20:43:53">
	<testcase classname="test_position_abs.TestPositionAbs" file="spec/python/test_position_abs.py" line="8" name="test_position_abs" time="0.002" timestamp="2020-04-09T20:43:53">
		<system-out>
<![CDATA[]]>		</system-out>
		<system-err>
<![CDATA[]]>		</system-err>
	</testcase>
</testsuite>
