<?xml version="1.0" encoding="UTF-8"?>
<testsuite name="test_expr_sizeof_type_0.TestExprSizeofType0-20201106101801" tests="1" file="test_expr_sizeof_type_0.py" time="0.001" timestamp="2020-11-06T10:18:01" failures="0" errors="0" skipped="0">
	<testcase classname="test_expr_sizeof_type_0.TestExprSizeofType0" name="test_expr_sizeof_type_0" time="0.001" timestamp="2020-11-06T10:18:01" file="spec/python/test_expr_sizeof_type_0.py" line="8"/>
</testsuite>
