<?xml version="1.0" encoding="UTF-8"?>
<testsuite errors="0" failures="0" file="test_process_coerce_switch.py" name="test_process_coerce_switch.TestProcessCoerceSwitch-20230705115531" skipped="0" tests="1" time="0.000" timestamp="2023-07-05T11:55:31">
	<testcase classname="test_process_coerce_switch.TestProcessCoerceSwitch" file="spec/python/test_process_coerce_switch.py" line="8" name="test_process_coerce_switch" time="0.000" timestamp="2023-07-05T11:55:31">
		<system-out>
<![CDATA[]]>		</system-out>
		<system-err>
<![CDATA[]]>		</system-err>
	</testcase>
</testsuite>
