<?xml version="1.0" encoding="UTF-8"?>
<testsuite errors="1" failures="0" file="unittest/loader.py" name="unittest.loader.ModuleImportFailure-20200308213440" skipped="0" tests="1" time="0.000" timestamp="2020-03-08T21:34:40">
	<testcase classname="unittest.loader.ModuleImportFailure" file="/opt/python/2.7.14/lib/python2.7/unittest/loader.py" line="31" name="test_switch_else_only" time="0.000" timestamp="2020-03-08T21:34:40">
		<error message="Failed to import test module: test_switch_else_only
Traceback (most recent call last):
  File &quot;/opt/python/2.7.14/lib/python2.7/unittest/loader.py&quot;, line 254, in _find_tests
    module = self._get_module_from_name(name)
  File &quot;/opt/python/2.7.14/lib/python2.7/unittest/loader.py&quot;, line 232, in _get_module_from_name
    __import__(name)
  File &quot;/home/travis/build/kaitai-io/ci_targets/tests/spec/python/test_switch_else_only.py&quot;, line 5, in &lt;module&gt;
    from switch_else_only import SwitchElseOnly
  File &quot;/home/travis/build/kaitai-io/ci_targets/tests/compiled/python/switch_else_only.py&quot;, line 21
    else:
       ^
SyntaxError: invalid syntax
" type="ImportError">
<![CDATA[ImportError: Failed to import test module: test_switch_else_only
Traceback (most recent call last):
  File "/opt/python/2.7.14/lib/python2.7/unittest/loader.py", line 254, in _find_tests
    module = self._get_module_from_name(name)
  File "/opt/python/2.7.14/lib/python2.7/unittest/loader.py", line 232, in _get_module_from_name
    __import__(name)
  File "/home/travis/build/kaitai-io/ci_targets/tests/spec/python/test_switch_else_only.py", line 5, in <module>
    from switch_else_only import SwitchElseOnly
  File "/home/travis/build/kaitai-io/ci_targets/tests/compiled/python/switch_else_only.py", line 21
    else:
       ^
SyntaxError: invalid syntax

]]>		</error>
		<system-out>
<![CDATA[]]>		</system-out>
		<system-err>
<![CDATA[]]>		</system-err>
	</testcase>
</testsuite>
