<?xml version="1.0" encoding="UTF-8"?>
<testsuite name="test_enum_for_unknown_id.TestEnumForUnknownId-20200218170007" tests="1" file="test_enum_for_unknown_id.py" time="0.000" timestamp="2020-02-18T17:00:07" failures="0" errors="0" skipped="0">
	<testcase classname="test_enum_for_unknown_id.TestEnumForUnknownId" name="test_enum_for_unknown_id" time="0.000" timestamp="2020-02-18T17:00:07" file="spec/python/test_enum_for_unknown_id.py" line="6">
		<system-out><![CDATA[]]></system-out>
		<system-err><![CDATA[]]></system-err>
	</testcase>
</testsuite>
