<?xml version="1.0" encoding="UTF-8"?>
<testsuite name="test_term_bytes.TestTermBytes-20230705112218" tests="1" file="test_term_bytes.py" time="0.000" timestamp="2023-07-05T11:22:18" failures="0" errors="0" skipped="0">
	<testcase classname="test_term_bytes.TestTermBytes" name="test_term_bytes" time="0.000" timestamp="2023-07-05T11:22:18" file="spec/python/test_term_bytes.py" line="8"/>
</testsuite>
