<?xml version="1.0" encoding="UTF-8"?>
<testsuite name="test_valid_not_parsed_if.TestValidNotParsedIf-20200321185722" tests="1" file="test_valid_not_parsed_if.py" time="0.001" timestamp="2020-03-21T18:57:22" failures="0" errors="0" skipped="0">
	<testcase classname="test_valid_not_parsed_if.TestValidNotParsedIf" name="test_valid_not_parsed_if" time="0.001" timestamp="2020-03-21T18:57:22" file="spec/python/test_valid_not_parsed_if.py" line="8">
		<system-out><![CDATA[]]></system-out>
		<system-err><![CDATA[]]></system-err>
	</testcase>
</testsuite>
