<?xml version="1.0" encoding="UTF-8"?>
<testsuite errors="0" failures="0" file="test_type_ternary_opaque.py" name="test_type_ternary_opaque.TestTypeTernaryOpaque-20191103114837" skipped="0" tests="1" time="0.000" timestamp="2019-11-03T11:48:37">
	<testcase classname="test_type_ternary_opaque.TestTypeTernaryOpaque" file="spec/python/test_type_ternary_opaque.py" line="6" name="test_type_ternary_opaque" time="0.000" timestamp="2019-11-03T11:48:37">
		<system-out>
<![CDATA[]]>		</system-out>
		<system-err>
<![CDATA[]]>		</system-err>
	</testcase>
</testsuite>
