<?xml version="1.0" encoding="UTF-8"?>
<testsuite errors="0" failures="0" name="test_expr_array.TestExprArray-20180423061616" skipped="0" tests="1" time="0.000" timestamp="2018-04-23T06:16:16">
	<testcase classname="test_expr_array.TestExprArray" name="test_expr_array" time="0.000" timestamp="2018-04-23T06:16:16"/>
	<system-out>
<![CDATA[]]>	</system-out>
	<system-err>
<![CDATA[]]>	</system-err>
</testsuite>
