<?xml version="1.0" encoding="UTF-8"?>
<testsuite name="test_debug_enum_name.TestDebugEnumName-20230627090127" tests="1" file="test_debug_enum_name.py" time="0.001" timestamp="2023-06-27T09:01:27" failures="0" errors="0" skipped="0">
	<testcase classname="test_debug_enum_name.TestDebugEnumName" name="test_debug_enum_name" time="0.001" timestamp="2023-06-27T09:01:27" file="spec/python/test_debug_enum_name.py" line="6"/>
</testsuite>
