<?xml version="1.0" encoding="UTF-8"?>
<testsuite name="test_str_encodings_default.TestStrEncodingsDefault-20220409012346" tests="1" file="test_str_encodings_default.py" time="0.001" timestamp="2022-04-09T01:23:46" failures="0" errors="0" skipped="0">
	<testcase classname="test_str_encodings_default.TestStrEncodingsDefault" name="test_str_encodings_default" time="0.001" timestamp="2022-04-09T01:23:46" file="spec/python/test_str_encodings_default.py" line="8"/>
</testsuite>
