<?xml version="1.0" encoding="UTF-8"?>
<testsuite name="test_bcd_user_type_be.TestBcdUserTypeBe-20220318130502" tests="1" file="test_bcd_user_type_be.py" time="0.006" timestamp="2022-03-18T13:05:02" failures="0" errors="0" skipped="0">
	<testcase classname="test_bcd_user_type_be.TestBcdUserTypeBe" name="test_bcd_user_type_be" time="0.006" timestamp="2022-03-18T13:05:02" file="spec/python/test_bcd_user_type_be.py" line="8"/>
</testsuite>
