<?xml version="1.0" encoding="UTF-8"?>
<testsuite name="test_integers_double_overflow.TestIntegersDoubleOverflow-20230719211233" tests="1" file="test_integers_double_overflow.py" time="0.001" timestamp="2023-07-19T21:12:33" failures="0" errors="0" skipped="0">
	<testcase classname="test_integers_double_overflow.TestIntegersDoubleOverflow" name="test_integers_double_overflow" time="0.001" timestamp="2023-07-19T21:12:33" file="spec/python/test_integers_double_overflow.py" line="8"/>
</testsuite>
