<?xml version="1.0" encoding="UTF-8"?>
<testsuite errors="0" failures="0" file="test_expr_sizeof_type_0.py" name="test_expr_sizeof_type_0.TestExprSizeofType0-20200404143247" skipped="0" tests="1" time="0.000" timestamp="2020-04-04T14:32:47">
	<testcase classname="test_expr_sizeof_type_0.TestExprSizeofType0" file="spec/python/test_expr_sizeof_type_0.py" line="8" name="test_expr_sizeof_type_0" time="0.000" timestamp="2020-04-04T14:32:47">
		<system-out>
<![CDATA[]]>		</system-out>
		<system-err>
<![CDATA[]]>		</system-err>
	</testcase>
</testsuite>
