<?xml version="1.0" encoding="UTF-8"?>
<testsuite name="test_bcd_user_type_be.TestBcdUserTypeBe-20230714185247" tests="1" file="test_bcd_user_type_be.py" time="0.003" timestamp="2023-07-14T18:52:47" failures="0" errors="0" skipped="0">
	<testcase classname="test_bcd_user_type_be.TestBcdUserTypeBe" name="test_bcd_user_type_be" time="0.003" timestamp="2023-07-14T18:52:47" file="spec/python/test_bcd_user_type_be.py" line="8"/>
</testsuite>
