<?xml version="1.0" encoding="UTF-8"?>
<testsuite name="test_recursive_one.TestRecursiveOne-20230721160010" tests="1" file="test_recursive_one.py" time="0.000" timestamp="2023-07-21T16:00:10" failures="0" errors="0" skipped="0">
	<testcase classname="test_recursive_one.TestRecursiveOne" name="test_recursive_one" time="0.000" timestamp="2023-07-21T16:00:10" file="spec/python/test_recursive_one.py" line="8"/>
</testsuite>
