<?xml version="1.0" encoding="UTF-8"?>
<testsuite errors="0" failures="0" file="test_eof_exception_u4.py" name="test_eof_exception_u4.TestEofExceptionU4-20190321143913" skipped="0" tests="1" time="0.001" timestamp="2019-03-21T14:39:13">
	<testcase classname="test_eof_exception_u4.TestEofExceptionU4" file="spec/python/test_eof_exception_u4.py" line="6" name="test_eof_exception_u4" time="0.001" timestamp="2019-03-21T14:39:13"/>
</testsuite>
