<?xml version="1.0" encoding="UTF-8"?>
<testsuite name="test_instance_user_array.TestInstanceUserArray-20220318130502" tests="1" file="test_instance_user_array.py" time="0.001" timestamp="2022-03-18T13:05:02" failures="0" errors="0" skipped="0">
	<testcase classname="test_instance_user_array.TestInstanceUserArray" name="test_instance_user_array" time="0.001" timestamp="2022-03-18T13:05:02" file="spec/python/test_instance_user_array.py" line="8"/>
</testsuite>
