<?xml version="1.0" encoding="UTF-8"?>
<testsuite errors="1" failures="0" file="unittest/loader.py" name="unittest.loader.ModuleImportFailure-20200119121045" skipped="0" tests="1" time="0.000" timestamp="2020-01-19T12:10:45">
	<testcase classname="unittest.loader.ModuleImportFailure" file="/opt/python/2.7.14/lib/python2.7/unittest/loader.py" line="31" name="test_str_combine" time="0.000" timestamp="2020-01-19T12:10:45">
		<error message="Failed to import test module: test_str_combine
Traceback (most recent call last):
  File &quot;/opt/python/2.7.14/lib/python2.7/unittest/loader.py&quot;, line 254, in _find_tests
    module = self._get_module_from_name(name)
  File &quot;/opt/python/2.7.14/lib/python2.7/unittest/loader.py&quot;, line 232, in _get_module_from_name
    __import__(name)
  File &quot;/home/travis/build/kaitai-io/ci_targets/tests/spec/python/test_str_combine.py&quot;, line 5, in &lt;module&gt;
    from str_combine import StrCombine
ImportError: No module named str_combine
" type="ImportError">
<![CDATA[ImportError: Failed to import test module: test_str_combine
Traceback (most recent call last):
  File "/opt/python/2.7.14/lib/python2.7/unittest/loader.py", line 254, in _find_tests
    module = self._get_module_from_name(name)
  File "/opt/python/2.7.14/lib/python2.7/unittest/loader.py", line 232, in _get_module_from_name
    __import__(name)
  File "/home/travis/build/kaitai-io/ci_targets/tests/spec/python/test_str_combine.py", line 5, in <module>
    from str_combine import StrCombine
ImportError: No module named str_combine

]]>		</error>
		<system-out>
<![CDATA[]]>		</system-out>
		<system-err>
<![CDATA[]]>		</system-err>
	</testcase>
</testsuite>
