<?xml version="1.0" encoding="UTF-8"?>
<testsuite name="test_default_endian_expr_is_be.TestDefaultEndianExprIsBe-20200215194311" tests="1" file="test_default_endian_expr_is_be.py" time="0.002" timestamp="2020-02-15T19:43:11" failures="0" errors="0" skipped="0">
	<testcase classname="test_default_endian_expr_is_be.TestDefaultEndianExprIsBe" name="test_default_endian_expr_is_be" time="0.002" timestamp="2020-02-15T19:43:11" file="spec/python/test_default_endian_expr_is_be.py" line="8">
		<system-out><![CDATA[]]></system-out>
		<system-err><![CDATA[]]></system-err>
	</testcase>
</testsuite>
