<?xml version="1.0" encoding="UTF-8"?>
<testsuite errors="0" failures="0" file="test_yaml_ints.py" name="test_yaml_ints.TestYamlInts-20200522210117" skipped="0" tests="1" time="0.000" timestamp="2020-05-22T21:01:18">
	<testcase classname="test_yaml_ints.TestYamlInts" file="spec/python/test_yaml_ints.py" line="8" name="test_yaml_ints" time="0.000" timestamp="2020-05-22T21:01:18">
		<system-out>
<![CDATA[]]>		</system-out>
		<system-err>
<![CDATA[]]>		</system-err>
	</testcase>
</testsuite>
