<?xml version="1.0" encoding="UTF-8"?>
<testsuite errors="0" failures="0" name="test_nav_parent_switch.TestNavParentSwitch-20190311162153" skipped="0" tests="1" time="0.000" timestamp="2019-03-11T16:21:53">
	<testcase classname="test_nav_parent_switch.TestNavParentSwitch" name="test_nav_parent_switch" time="0.000" timestamp="2019-03-11T16:21:53"/>
	<system-out>
<![CDATA[]]>	</system-out>
	<system-err>
<![CDATA[]]>	</system-err>
</testsuite>
