<?xml version="1.0" encoding="UTF-8"?>
<testsuite errors="0" failures="0" file="test_expr_0.py" name="test_expr_0.TestExpr0-20220210221127" skipped="0" tests="1" time="0.000" timestamp="2022-02-10T22:11:28">
	<testcase classname="test_expr_0.TestExpr0" file="spec/python/test_expr_0.py" line="8" name="test_expr_0" time="0.000" timestamp="2022-02-10T22:11:28">
		<system-out>
<![CDATA[]]>		</system-out>
		<system-err>
<![CDATA[]]>		</system-err>
	</testcase>
</testsuite>
