<?xml version="1.0" encoding="UTF-8"?>
<testsuite name="test_debug_array_user.TestDebugArrayUser-20230718135801" tests="1" file="test_debug_array_user.py" time="0.001" timestamp="2023-07-18T13:58:01" failures="0" errors="0" skipped="0">
	<testcase classname="test_debug_array_user.TestDebugArrayUser" name="test_debug_array_user" time="0.001" timestamp="2023-07-18T13:58:01" file="spec/python/test_debug_array_user.py" line="6"/>
</testsuite>
