<?xml version="1.0" encoding="UTF-8"?>
<testsuite name="test_eof_exception_bytes.TestEofExceptionBytes" tests="1" file="test_eof_exception_bytes.py" time="0.001" timestamp="2023-07-28T22:14:14" failures="0" errors="0" skipped="0">
	<testcase classname="test_eof_exception_bytes.TestEofExceptionBytes" name="test_eof_exception_bytes" time="0.001" timestamp="2023-07-28T22:14:14" file="spec/python/test_eof_exception_bytes.py" line="7">
		<system-err><![CDATA[/tests/spec/python/test_eof_exception_bytes.py:8: DeprecationWarning: Please use assertRaisesRegex instead.
  with self.assertRaisesRegexp(EOFError, "^requested \d+ bytes, but only \d+ bytes available$"):
]]></system-err>
	</testcase>
</testsuite>
