<?xml version="1.0" encoding="UTF-8"?>
<testsuite errors="1" failures="0" file="unittest/loader.py" name="unittest.loader.ModuleImportFailure-20200130181257" skipped="0" tests="1" time="0.000" timestamp="2020-01-30T18:12:57">
	<testcase classname="unittest.loader.ModuleImportFailure" file="/opt/python/2.7.14/lib/python2.7/unittest/loader.py" line="31" name="test_expr_str_ops" time="0.000" timestamp="2020-01-30T18:12:57">
		<error message="Failed to import test module: test_expr_str_ops
Traceback (most recent call last):
  File &quot;/opt/python/2.7.14/lib/python2.7/unittest/loader.py&quot;, line 254, in _find_tests
    module = self._get_module_from_name(name)
  File &quot;/opt/python/2.7.14/lib/python2.7/unittest/loader.py&quot;, line 232, in _get_module_from_name
    __import__(name)
  File &quot;/home/travis/build/kaitai-io/ci_targets/tests/spec/python/test_expr_str_ops.py&quot;, line 5, in &lt;module&gt;
    from expr_str_ops import ExprStrOps
ImportError: No module named expr_str_ops
" type="ImportError">
<![CDATA[ImportError: Failed to import test module: test_expr_str_ops
Traceback (most recent call last):
  File "/opt/python/2.7.14/lib/python2.7/unittest/loader.py", line 254, in _find_tests
    module = self._get_module_from_name(name)
  File "/opt/python/2.7.14/lib/python2.7/unittest/loader.py", line 232, in _get_module_from_name
    __import__(name)
  File "/home/travis/build/kaitai-io/ci_targets/tests/spec/python/test_expr_str_ops.py", line 5, in <module>
    from expr_str_ops import ExprStrOps
ImportError: No module named expr_str_ops

]]>		</error>
		<system-out>
<![CDATA[]]>		</system-out>
		<system-err>
<![CDATA[]]>		</system-err>
	</testcase>
</testsuite>
