<?xml version="1.0" encoding="UTF-8"?>
<testsuite name="test_bits_shift_by_b64_le.TestBitsShiftByB64Le-20230705183723" tests="1" file="test_bits_shift_by_b64_le.py" time="0.000" timestamp="2023-07-05T18:37:23" failures="0" errors="0" skipped="0">
	<testcase classname="test_bits_shift_by_b64_le.TestBitsShiftByB64Le" name="test_bits_shift_by_b64_le" time="0.000" timestamp="2023-07-05T18:37:23" file="spec/python/test_bits_shift_by_b64_le.py" line="8"/>
</testsuite>
