<?xml version="1.0" encoding="UTF-8"?>
<testsuite errors="0" failures="0" file="test_instance_user_array.py" name="test_instance_user_array.TestInstanceUserArray-20190706053457" skipped="0" tests="1" time="0.001" timestamp="2019-07-06T05:34:57">
	<testcase classname="test_instance_user_array.TestInstanceUserArray" file="spec/python/test_instance_user_array.py" line="8" name="test_instance_user_array" time="0.001" timestamp="2019-07-06T05:34:57">
		<system-out>
<![CDATA[]]>		</system-out>
		<system-err>
<![CDATA[]]>		</system-err>
	</testcase>
</testsuite>
