<?xml version="1.0" encoding="UTF-8"?>
<testsuite name="test_meta_xref.TestMetaXref-20210206143550" tests="1" file="test_meta_xref.py" time="0.000" timestamp="2021-02-06T14:35:50" failures="0" errors="0" skipped="0">
	<testcase classname="test_meta_xref.TestMetaXref" name="test_meta_xref" time="0.000" timestamp="2021-02-06T14:35:50" file="spec/python/test_meta_xref.py" line="8"/>
</testsuite>
