<?xml version="1.0" encoding="UTF-8"?>
<testsuite name="test_str_eos.TestStrEos-20220728001417" tests="1" file="test_str_eos.py" time="0.000" timestamp="2022-07-28T00:14:17" failures="0" errors="0" skipped="0">
	<testcase classname="test_str_eos.TestStrEos" name="test_str_eos" time="0.000" timestamp="2022-07-28T00:14:17" file="spec/python/test_str_eos.py" line="8"/>
</testsuite>
