<?xml version="1.0" encoding="UTF-8"?>
<testsuite errors="0" failures="0" file="test_str_literals.py" name="test_str_literals.TestStrLiterals" skipped="0" tests="1" time="0.001" timestamp="2023-07-23T22:33:28">
	<testcase classname="test_str_literals.TestStrLiterals" file="spec/python/test_str_literals.py" line="6" name="test_str_literals" time="0.001" timestamp="2023-07-23T22:33:28">
		<system-out>
<![CDATA[]]>		</system-out>
		<system-err>
<![CDATA[]]>		</system-err>
	</testcase>
</testsuite>
