<?xml version="1.0" encoding="UTF-8"?>
<testsuite errors="0" failures="0" file="test_valid_fail_expr.py" name="test_valid_fail_expr.TestValidFailExpr-20200823214655" skipped="0" tests="1" time="0.001" timestamp="2020-08-23T21:46:56">
	<testcase classname="test_valid_fail_expr.TestValidFailExpr" file="spec/python/test_valid_fail_expr.py" line="9" name="test_valid_fail_expr" time="0.001" timestamp="2020-08-23T21:46:56">
		<system-out>
<![CDATA[]]>		</system-out>
		<system-err>
<![CDATA[]]>		</system-err>
	</testcase>
</testsuite>
