<?xml version="1.0" encoding="UTF-8"?>
<testsuite errors="0" failures="0" file="test_zlib_with_header_78.py" name="test_zlib_with_header_78.TestZlibWithHeader78-20191009083303" skipped="0" tests="1" time="0.001" timestamp="2019-10-09T08:33:04">
	<testcase classname="test_zlib_with_header_78.TestZlibWithHeader78" file="spec/python/test_zlib_with_header_78.py" line="8" name="test_zlib_with_header_78" time="0.001" timestamp="2019-10-09T08:33:04">
		<system-out>
<![CDATA[]]>		</system-out>
		<system-err>
<![CDATA[]]>		</system-err>
	</testcase>
</testsuite>
