<?xml version="1.0" encoding="UTF-8"?>
<testsuite errors="0" failures="0" file="test_valid_fail_eq_str.py" name="test_valid_fail_eq_str.TestValidFailEqStr-20220409012317" skipped="0" tests="1" time="0.001" timestamp="2022-04-09T01:23:18">
	<testcase classname="test_valid_fail_eq_str.TestValidFailEqStr" file="spec/python/test_valid_fail_eq_str.py" line="9" name="test_valid_fail_eq_str" time="0.001" timestamp="2022-04-09T01:23:18">
		<system-out>
<![CDATA[]]>		</system-out>
		<system-err>
<![CDATA[]]>		</system-err>
	</testcase>
</testsuite>
