<?xml version="1.0" encoding="UTF-8"?>
<testsuite errors="0" failures="0" name="test_expr_3.TestExpr3-20170712084457" skipped="0" tests="1" time="0.000">
	<testcase classname="test_expr_3.TestExpr3" name="test_expr_3" time="0.000"/>
	<system-out>
<![CDATA[]]>	</system-out>
	<system-err>
<![CDATA[]]>	</system-err>
</testsuite>
