<?xml version="1.0" encoding="UTF-8"?>
<testsuite name="test_repeat_until_calc_array_type.TestRepeatUntilCalcArrayType-20211114130459" tests="1" file="test_repeat_until_calc_array_type.py" time="0.001" timestamp="2021-11-14T13:04:59" failures="0" errors="0" skipped="0">
	<testcase classname="test_repeat_until_calc_array_type.TestRepeatUntilCalcArrayType" name="test_repeat_until_calc_array_type" time="0.001" timestamp="2021-11-14T13:04:59" file="spec/python/test_repeat_until_calc_array_type.py" line="8"/>
</testsuite>
