<?xml version="1.0" encoding="UTF-8"?>
<testsuite name="test_if_instances.TestIfInstances-20210701222606" tests="1" file="test_if_instances.py" time="0.001" timestamp="2021-07-01T22:26:06" failures="0" errors="0" skipped="0">
	<testcase classname="test_if_instances.TestIfInstances" name="test_if_instances" time="0.001" timestamp="2021-07-01T22:26:06" file="spec/python/test_if_instances.py" line="8"/>
</testsuite>
