<?xml version="1.0" encoding="UTF-8"?>
<testsuite errors="0" failures="0" file="test_io_local_var.py" name="test_io_local_var.TestIoLocalVar-20190915130357" skipped="0" tests="1" time="0.000" timestamp="2019-09-15T13:03:57">
	<testcase classname="test_io_local_var.TestIoLocalVar" file="spec/python/test_io_local_var.py" line="8" name="test_io_local_var" time="0.000" timestamp="2019-09-15T13:03:57">
		<system-out>
<![CDATA[]]>		</system-out>
		<system-err>
<![CDATA[]]>		</system-err>
	</testcase>
</testsuite>
