<?xml version="1.0" encoding="UTF-8"?>
<testsuite name="test_imports_abs.TestImportsAbs-20200213234655" tests="1" file="test_imports_abs.py" time="0.001" timestamp="2020-02-13T23:46:55" failures="0" errors="0" skipped="0">
	<testcase classname="test_imports_abs.TestImportsAbs" name="test_imports_abs" time="0.001" timestamp="2020-02-13T23:46:55" file="spec/python/test_imports_abs.py" line="8">
		<system-out><![CDATA[]]></system-out>
		<system-err><![CDATA[]]></system-err>
	</testcase>
</testsuite>
