<?xml version="1.0" encoding="UTF-8"?>
<testsuite errors="0" failures="0" file="test_index_to_param_expr.py" name="test_index_to_param_expr.TestIndexToParamExpr-20230705115626" skipped="0" tests="1" time="0.000" timestamp="2023-07-05T11:56:26">
	<testcase classname="test_index_to_param_expr.TestIndexToParamExpr" file="spec/python/test_index_to_param_expr.py" line="8" name="test_index_to_param_expr" time="0.000" timestamp="2023-07-05T11:56:26">
		<system-out>
<![CDATA[]]>		</system-out>
		<system-err>
<![CDATA[]]>		</system-err>
	</testcase>
</testsuite>
