<?xml version="1.0" encoding="UTF-8"?>
<testsuite errors="0" failures="0" name="test_position_abs.TestPositionAbs-20180222013338" skipped="0" tests="1" time="0.000" timestamp="2018-02-22T01:33:38">
	<testcase classname="test_position_abs.TestPositionAbs" name="test_position_abs" time="0.000" timestamp="2018-02-22T01:33:38"/>
	<system-out>
<![CDATA[]]>	</system-out>
	<system-err>
<![CDATA[]]>	</system-err>
</testsuite>
