<?xml version="1.0" encoding="UTF-8"?>
<testsuite name="test_valid_fail_anyof_int.TestValidFailAnyofInt-20220623172918" tests="1" file="test_valid_fail_anyof_int.py" time="0.000" timestamp="2022-06-23T17:29:18" failures="0" errors="0" skipped="0">
	<testcase classname="test_valid_fail_anyof_int.TestValidFailAnyofInt" name="test_valid_fail_anyof_int" time="0.000" timestamp="2022-06-23T17:29:18" file="spec/python/test_valid_fail_anyof_int.py" line="9"/>
</testsuite>
