<?xml version="1.0" encoding="UTF-8"?>
<testsuite name="test_switch_bytearray.TestSwitchBytearray-20200222155131" tests="1" file="test_switch_bytearray.py" time="0.001" timestamp="2020-02-22T15:51:31" failures="0" errors="0" skipped="0">
	<testcase classname="test_switch_bytearray.TestSwitchBytearray" name="test_switch_bytearray" time="0.001" timestamp="2020-02-22T15:51:31" file="spec/python/test_switch_bytearray.py" line="8">
		<system-out><![CDATA[]]></system-out>
		<system-err><![CDATA[]]></system-err>
	</testcase>
</testsuite>
