<?xml version="1.0" encoding="UTF-8"?>
<testsuite name="test_valid_fail_eq_bytes.TestValidFailEqBytes-20230719145833" tests="1" file="test_valid_fail_eq_bytes.py" time="0.000" timestamp="2023-07-19T14:58:33" failures="0" errors="0" skipped="0">
	<testcase classname="test_valid_fail_eq_bytes.TestValidFailEqBytes" name="test_valid_fail_eq_bytes" time="0.000" timestamp="2023-07-19T14:58:33" file="spec/python/test_valid_fail_eq_bytes.py" line="9"/>
</testsuite>
