<?xml version="1.0" encoding="UTF-8"?>
<testsuite name="test_optional_id.TestOptionalId-20230719185350" tests="1" file="test_optional_id.py" time="0.000" timestamp="2023-07-19T18:53:50" failures="0" errors="0" skipped="0">
	<testcase classname="test_optional_id.TestOptionalId" name="test_optional_id" time="0.000" timestamp="2023-07-19T18:53:50" file="spec/python/test_optional_id.py" line="6"/>
</testsuite>
