<?xml version="1.0" encoding="UTF-8"?>
<testsuite errors="0" failures="0" file="test_eof_exception_bytes.py" name="test_eof_exception_bytes.TestEofExceptionBytes-20230706193509" skipped="0" tests="1" time="0.002" timestamp="2023-07-06T19:35:10">
	<testcase classname="test_eof_exception_bytes.TestEofExceptionBytes" file="spec/python/test_eof_exception_bytes.py" line="7" name="test_eof_exception_bytes" time="0.002" timestamp="2023-07-06T19:35:10">
		<system-out>
<![CDATA[]]>		</system-out>
		<system-err>
<![CDATA[]]>		</system-err>
	</testcase>
</testsuite>
