<?xml version="1.0" encoding="UTF-8"?>
<testsuite name="test_bits_shift_by_b64_le.TestBitsShiftByB64Le-20230719210256" tests="1" file="test_bits_shift_by_b64_le.py" time="0.001" timestamp="2023-07-19T21:02:56" failures="0" errors="0" skipped="0">
	<testcase classname="test_bits_shift_by_b64_le.TestBitsShiftByB64Le" name="test_bits_shift_by_b64_le" time="0.001" timestamp="2023-07-19T21:02:56" file="spec/python/test_bits_shift_by_b64_le.py" line="8"/>
</testsuite>
