<?xml version="1.0" encoding="UTF-8"?>
<testsuite errors="0" failures="0" file="test_expr_0.py" name="test_expr_0.TestExpr0-20200229093229" skipped="0" tests="1" time="0.000" timestamp="2020-02-29T09:32:29">
	<testcase classname="test_expr_0.TestExpr0" file="spec/python/test_expr_0.py" line="8" name="test_expr_0" time="0.000" timestamp="2020-02-29T09:32:29">
		<system-out>
<![CDATA[]]>		</system-out>
		<system-err>
<![CDATA[]]>		</system-err>
	</testcase>
</testsuite>
