<?xml version="1.0" encoding="UTF-8"?>
<testsuite name="test_expr_sizeof_value_0.TestExprSizeofValue0-20220801170217" tests="1" file="test_expr_sizeof_value_0.py" time="0.001" timestamp="2022-08-01T17:02:17" failures="0" errors="0" skipped="0">
	<testcase classname="test_expr_sizeof_value_0.TestExprSizeofValue0" name="test_expr_sizeof_value_0" time="0.001" timestamp="2022-08-01T17:02:17" file="spec/python/test_expr_sizeof_value_0.py" line="8"/>
</testsuite>
