<?xml version="1.0" encoding="UTF-8"?>
<testsuite name="test_process_custom.TestProcessCustom-20211106162901" tests="1" file="test_process_custom.py" time="0.001" timestamp="2021-11-06T16:29:01" failures="0" errors="0" skipped="0">
	<testcase classname="test_process_custom.TestProcessCustom" name="test_process_custom" time="0.001" timestamp="2021-11-06T16:29:01" file="spec/python/test_process_custom.py" line="8"/>
</testsuite>
