<?xml version="1.0" encoding="UTF-8"?>
<testsuite name="test_process_coerce_usertype1.TestProcessCoerceUsertype1-20230719150532" tests="1" file="test_process_coerce_usertype1.py" time="0.000" timestamp="2023-07-19T15:05:32" failures="0" errors="0" skipped="0">
	<testcase classname="test_process_coerce_usertype1.TestProcessCoerceUsertype1" name="test_process_coerce_usertype1" time="0.000" timestamp="2023-07-19T15:05:32" file="spec/python/test_process_coerce_usertype1.py" line="8"/>
</testsuite>
