<?xml version="1.0" encoding="UTF-8"?>
<testsuite name="test_bits_signed_shift_b32_le.TestBitsSignedShiftB32Le-20230624222631" tests="1" file="test_bits_signed_shift_b32_le.py" time="0.000" timestamp="2023-06-24T22:26:31" failures="0" errors="0" skipped="0">
	<testcase classname="test_bits_signed_shift_b32_le.TestBitsSignedShiftB32Le" name="test_bits_signed_shift_b32_le" time="0.000" timestamp="2023-06-24T22:26:31" file="spec/python/test_bits_signed_shift_b32_le.py" line="8"/>
</testsuite>
