<?xml version="1.0" encoding="UTF-8"?>
<testsuite errors="0" failures="0" file="test_bytes_pad_term.py" name="test_bytes_pad_term.TestBytesPadTerm-20191104105611" skipped="0" tests="1" time="0.001" timestamp="2019-11-04T10:56:11">
	<testcase classname="test_bytes_pad_term.TestBytesPadTerm" file="spec/python/test_bytes_pad_term.py" line="8" name="test_bytes_pad_term" time="0.001" timestamp="2019-11-04T10:56:11">
		<system-out>
<![CDATA[]]>		</system-out>
		<system-err>
<![CDATA[]]>		</system-err>
	</testcase>
</testsuite>
