<?xml version="1.0" encoding="UTF-8"?>
<testsuite errors="0" failures="0" name="test_nav_parent_override.TestNavParentOverride-20181021202237" skipped="0" tests="1" time="0.000" timestamp="2018-10-21T20:22:38">
	<testcase classname="test_nav_parent_override.TestNavParentOverride" name="test_nav_parent_override" time="0.000" timestamp="2018-10-21T20:22:38"/>
	<system-out>
<![CDATA[]]>	</system-out>
	<system-err>
<![CDATA[]]>	</system-err>
</testsuite>
