<?xml version="1.0" encoding="UTF-8"?>
<testsuite name="test_switch_manual_int_size.TestSwitchManualIntSize-20220728094509" tests="1" file="test_switch_manual_int_size.py" time="0.001" timestamp="2022-07-28T09:45:09" failures="0" errors="0" skipped="0">
	<testcase classname="test_switch_manual_int_size.TestSwitchManualIntSize" name="test_switch_manual_int_size" time="0.001" timestamp="2022-07-28T09:45:09" file="spec/python/test_switch_manual_int_size.py" line="8"/>
</testsuite>
