<?xml version="1.0" encoding="UTF-8"?>
<testsuite errors="0" failures="0" file="test_js_signed_right_shift.py" name="test_js_signed_right_shift.TestJsSignedRightShift-20190317163105" skipped="0" tests="1" time="0.001" timestamp="2019-03-17T16:31:05">
	<testcase classname="test_js_signed_right_shift.TestJsSignedRightShift" file="spec/python/test_js_signed_right_shift.py" line="8" name="test_js_signed_right_shift" time="0.001" timestamp="2019-03-17T16:31:05"/>
</testsuite>
