<?xml version="1.0" encoding="UTF-8"?>
<testsuite errors="0" failures="0" file="test_switch_bytearray.py" name="test_switch_bytearray.TestSwitchBytearray-20190923231526" skipped="0" tests="1" time="0.001" timestamp="2019-09-23T23:15:26">
	<testcase classname="test_switch_bytearray.TestSwitchBytearray" file="spec/python/test_switch_bytearray.py" line="8" name="test_switch_bytearray" time="0.001" timestamp="2019-09-23T23:15:26">
		<system-out>
<![CDATA[]]>		</system-out>
		<system-err>
<![CDATA[]]>		</system-err>
	</testcase>
</testsuite>
