<?xml version="1.0" encoding="UTF-8"?>
<testsuite errors="0" failures="0" file="test_enum_int_range_u.py" name="test_enum_int_range_u.TestEnumIntRangeU-20220505210358" skipped="0" tests="1" time="0.001" timestamp="2022-05-05T21:03:58">
	<testcase classname="test_enum_int_range_u.TestEnumIntRangeU" file="spec/python/test_enum_int_range_u.py" line="8" name="test_enum_int_range_u" time="0.001" timestamp="2022-05-05T21:03:58">
		<system-out>
<![CDATA[]]>		</system-out>
		<system-err>
<![CDATA[]]>		</system-err>
	</testcase>
</testsuite>
