<?xml version="1.0" encoding="UTF-8"?>
<testsuite errors="0" failures="0" file="test_meta_xref.py" name="test_meta_xref.TestMetaXref-20190321143913" skipped="0" tests="1" time="0.000" timestamp="2019-03-21T14:39:13">
	<testcase classname="test_meta_xref.TestMetaXref" file="spec/python/test_meta_xref.py" line="8" name="test_meta_xref" time="0.000" timestamp="2019-03-21T14:39:13"/>
</testsuite>
