<?xml version="1.0" encoding="UTF-8"?>
<testsuite errors="0" failures="0" file="test_nav_parent_false2.py" name="test_nav_parent_false2.TestNavParentFalse2-20190317163014" skipped="0" tests="1" time="0.000" timestamp="2019-03-17T16:30:14">
	<testcase classname="test_nav_parent_false2.TestNavParentFalse2" file="spec/python/test_nav_parent_false2.py" line="8" name="test_nav_parent_false2" time="0.000" timestamp="2019-03-17T16:30:14"/>
</testsuite>
