<?xml version="1.0" encoding="UTF-8"?>
<testsuite errors="0" failures="0" file="test_default_endian_expr_is_le.py" name="test_default_endian_expr_is_le.TestDefaultEndianExprIsLe-20200412120332" skipped="0" tests="1" time="0.001" timestamp="2020-04-12T12:03:32">
	<testcase classname="test_default_endian_expr_is_le.TestDefaultEndianExprIsLe" file="spec/python/test_default_endian_expr_is_le.py" line="8" name="test_default_endian_expr_is_le" time="0.001" timestamp="2020-04-12T12:03:32">
		<system-out>
<![CDATA[]]>		</system-out>
		<system-err>
<![CDATA[]]>		</system-err>
	</testcase>
</testsuite>
