<?xml version="1.0" encoding="UTF-8"?>
<testsuite name="test_valid_fail_eq_str.TestValidFailEqStr" tests="1" file="test_valid_fail_eq_str.py" time="0.000" timestamp="2023-07-28T14:35:40" failures="0" errors="0" skipped="0">
	<testcase classname="test_valid_fail_eq_str.TestValidFailEqStr" name="test_valid_fail_eq_str" time="0.000" timestamp="2023-07-28T14:35:40" file="spec/python/test_valid_fail_eq_str.py" line="9"/>
</testsuite>
