<?xml version="1.0" encoding="UTF-8"?>
<testsuite errors="0" failures="0" file="test_str_encodings.py" name="test_str_encodings.TestStrEncodings-20190320081957" skipped="0" tests="1" time="0.010" timestamp="2019-03-20T08:19:58">
	<testcase classname="test_str_encodings.TestStrEncodings" file="spec/python/test_str_encodings.py" line="8" name="test_str_encodings" time="0.010" timestamp="2019-03-20T08:19:58"/>
</testsuite>
