<?xml version="1.0" encoding="UTF-8"?>
<testsuite name="test_valid_fail_eq_str.TestValidFailEqStr-20230705161400" tests="1" file="test_valid_fail_eq_str.py" time="0.000" timestamp="2023-07-05T16:14:00" failures="0" errors="0" skipped="0">
	<testcase classname="test_valid_fail_eq_str.TestValidFailEqStr" name="test_valid_fail_eq_str" time="0.000" timestamp="2023-07-05T16:14:00" file="spec/python/test_valid_fail_eq_str.py" line="9"/>
</testsuite>
