<?xml version="1.0" encoding="UTF-8"?>
<testsuite errors="0" failures="0" file="test_imports_abs_rel.py" name="test_imports_abs_rel.TestImportsAbsRel-20191007063638" skipped="0" tests="1" time="0.001" timestamp="2019-10-07T06:36:39">
	<testcase classname="test_imports_abs_rel.TestImportsAbsRel" file="spec/python/test_imports_abs_rel.py" line="6" name="test_imports_abs_rel" time="0.001" timestamp="2019-10-07T06:36:39">
		<system-out>
<![CDATA[]]>		</system-out>
		<system-err>
<![CDATA[]]>		</system-err>
	</testcase>
</testsuite>
