<?xml version="1.0" encoding="UTF-8"?>
<testsuite errors="0" failures="0" name="test_switch_manual_enum.TestSwitchManualEnum-20180316024846" skipped="0" tests="1" time="0.000" timestamp="2018-03-16T02:48:46">
	<testcase classname="test_switch_manual_enum.TestSwitchManualEnum" name="test_switch_manual_enum" time="0.000" timestamp="2018-03-16T02:48:46"/>
	<system-out>
<![CDATA[]]>	</system-out>
	<system-err>
<![CDATA[]]>	</system-err>
</testsuite>
