<?xml version="1.0" encoding="UTF-8"?>
<testsuite errors="0" failures="0" file="test_eos_exception_u4.py" name="test_eos_exception_u4.TestEosExceptionU4-20200606072548" skipped="0" tests="1" time="0.000" timestamp="2020-06-06T07:25:49">
	<testcase classname="test_eos_exception_u4.TestEosExceptionU4" file="spec/python/test_eos_exception_u4.py" line="9" name="test_eos_exception_u4" time="0.000" timestamp="2020-06-06T07:25:49">
		<system-out>
<![CDATA[]]>		</system-out>
		<system-err>
<![CDATA[]]>		</system-err>
	</testcase>
</testsuite>
