<?xml version="1.0" encoding="UTF-8"?>
<testsuite errors="0" failures="0" name="test_bytes_pad_term.TestBytesPadTerm-20170430113310" skipped="0" tests="1" time="0.000">
	<testcase classname="test_bytes_pad_term.TestBytesPadTerm" name="test_bytes_pad_term" time="0.000"/>
	<system-out>
<![CDATA[]]>	</system-out>
	<system-err>
<![CDATA[]]>	</system-err>
</testsuite>
