<?xml version="1.0" encoding="UTF-8"?>
<testsuite errors="0" failures="0" file="test_fixed_contents.py" name="test_fixed_contents.TestFixedContents-20220707225707" skipped="0" tests="1" time="0.000" timestamp="2022-07-07T22:57:07">
	<testcase classname="test_fixed_contents.TestFixedContents" file="spec/python/test_fixed_contents.py" line="8" name="test_fixed_contents" time="0.000" timestamp="2022-07-07T22:57:07">
		<system-out>
<![CDATA[]]>		</system-out>
		<system-err>
<![CDATA[]]>		</system-err>
	</testcase>
</testsuite>
