<?xml version="1.0" encoding="UTF-8"?>
<testsuite name="test_ts_packet_header.TestTsPacketHeader-20220623171410" tests="1" file="test_ts_packet_header.py" time="0.001" timestamp="2022-06-23T17:14:11" failures="0" errors="0" skipped="0">
	<testcase classname="test_ts_packet_header.TestTsPacketHeader" name="test_ts_packet_header" time="0.001" timestamp="2022-06-23T17:14:11" file="spec/python/test_ts_packet_header.py" line="8"/>
</testsuite>
