<?xml version="1.0" encoding="UTF-8"?>
<testsuite errors="0" failures="0" file="test_nav_parent3.py" name="test_nav_parent3.TestNavParent3-20200302220438" skipped="0" tests="1" time="0.001" timestamp="2020-03-02T22:04:38">
	<testcase classname="test_nav_parent3.TestNavParent3" file="spec/python/test_nav_parent3.py" line="8" name="test_nav_parent3" time="0.001" timestamp="2020-03-02T22:04:38">
		<system-out>
<![CDATA[]]>		</system-out>
		<system-err>
<![CDATA[]]>		</system-err>
	</testcase>
</testsuite>
