<?xml version="1.0" encoding="UTF-8"?>
<testsuite name="test_bits_simple.TestBitsSimple-20200414192041" tests="1" file="test_bits_simple.py" time="0.001" timestamp="2020-04-14T19:20:41" failures="0" errors="0" skipped="0">
	<testcase classname="test_bits_simple.TestBitsSimple" name="test_bits_simple" time="0.001" timestamp="2020-04-14T19:20:41" file="spec/python/test_bits_simple.py" line="8">
		<system-out><![CDATA[]]></system-out>
		<system-err><![CDATA[]]></system-err>
	</testcase>
</testsuite>
