<?xml version="1.0" encoding="UTF-8"?>
<testsuite errors="0" failures="0" name="test_nav_parent_switch.TestNavParentSwitch-20180423083336" skipped="0" tests="1" time="0.000" timestamp="2018-04-23T08:33:36">
	<testcase classname="test_nav_parent_switch.TestNavParentSwitch" name="test_nav_parent_switch" time="0.000" timestamp="2018-04-23T08:33:36"/>
	<system-out>
<![CDATA[]]>	</system-out>
	<system-err>
<![CDATA[]]>	</system-err>
</testsuite>
