<?xml version="1.0" encoding="UTF-8"?>
<testsuite errors="0" failures="0" file="test_repeat_n_strz.py" name="test_repeat_n_strz.TestRepeatNStrz-20190319025505" skipped="0" tests="1" time="0.000" timestamp="2019-03-19T02:55:05">
	<testcase classname="test_repeat_n_strz.TestRepeatNStrz" file="spec/python/test_repeat_n_strz.py" line="8" name="test_repeat_n_strz" time="0.000" timestamp="2019-03-19T02:55:05"/>
</testsuite>
