<?xml version="1.0" encoding="UTF-8"?>
<testsuite errors="0" failures="0" file="test_nav_root.py" name="test_nav_root.TestNavRoot-20190321143913" skipped="0" tests="1" time="0.001" timestamp="2019-03-21T14:39:13">
	<testcase classname="test_nav_root.TestNavRoot" file="spec/python/test_nav_root.py" line="8" name="test_nav_root" time="0.001" timestamp="2019-03-21T14:39:13"/>
</testsuite>
