<?xml version="1.0" encoding="UTF-8"?>
<testsuite errors="0" failures="0" file="test_instance_std.py" name="test_instance_std.TestInstanceStd-20190320081931" skipped="0" tests="1" time="0.000" timestamp="2019-03-20T08:19:31">
	<testcase classname="test_instance_std.TestInstanceStd" file="spec/python/test_instance_std.py" line="8" name="test_instance_std" time="0.000" timestamp="2019-03-20T08:19:31"/>
</testsuite>
