<?xml version="1.0" encoding="UTF-8"?>
<testsuite name="test_bcd_user_type_be.TestBcdUserTypeBe-20230707192537" tests="1" file="test_bcd_user_type_be.py" time="0.005" timestamp="2023-07-07T19:25:37" failures="0" errors="0" skipped="0">
	<testcase classname="test_bcd_user_type_be.TestBcdUserTypeBe" name="test_bcd_user_type_be" time="0.005" timestamp="2023-07-07T19:25:37" file="spec/python/test_bcd_user_type_be.py" line="8"/>
</testsuite>
