<?xml version="1.0" encoding="UTF-8"?>
<testsuite name="test_zlib_surrounded.TestZlibSurrounded-20230721074320" tests="1" file="test_zlib_surrounded.py" time="0.000" timestamp="2023-07-21T07:43:20" failures="0" errors="0" skipped="0">
	<testcase classname="test_zlib_surrounded.TestZlibSurrounded" name="test_zlib_surrounded" time="0.000" timestamp="2023-07-21T07:43:20" file="spec/python/test_zlib_surrounded.py" line="8"/>
</testsuite>
