<?xml version="1.0" encoding="UTF-8"?>
<testsuite name="test_term_u1_val.TestTermU1Val-20220801170217" tests="1" file="test_term_u1_val.py" time="0.000" timestamp="2022-08-01T17:02:17" failures="0" errors="0" skipped="0">
	<testcase classname="test_term_u1_val.TestTermU1Val" name="test_term_u1_val" time="0.000" timestamp="2022-08-01T17:02:17" file="spec/python/test_term_u1_val.py" line="8"/>
</testsuite>
