<?xml version="1.0" encoding="UTF-8"?>
<testsuite errors="0" failures="0" name="test_integers.TestIntegers-20181224192113" skipped="0" tests="1" time="0.000" timestamp="2018-12-24T19:21:13">
	<testcase classname="test_integers.TestIntegers" name="test_integers" time="0.000" timestamp="2018-12-24T19:21:13"/>
	<system-out>
<![CDATA[]]>	</system-out>
	<system-err>
<![CDATA[]]>	</system-err>
</testsuite>
