<?xml version="1.0" encoding="UTF-8"?>
<testsuite name="test_bits_signed_res_b32_be.TestBitsSignedResB32Be-20220623171410" tests="1" file="test_bits_signed_res_b32_be.py" time="0.000" timestamp="2022-06-23T17:14:11" failures="0" errors="0" skipped="0">
	<testcase classname="test_bits_signed_res_b32_be.TestBitsSignedResB32Be" name="test_bits_signed_res_b32_be" time="0.000" timestamp="2022-06-23T17:14:11" file="spec/python/test_bits_signed_res_b32_be.py" line="8"/>
</testsuite>
