<?xml version="1.0" encoding="UTF-8"?>
<testsuite name="test_enum_long_range_s.TestEnumLongRangeS-20230719150532" tests="1" file="test_enum_long_range_s.py" time="0.001" timestamp="2023-07-19T15:05:32" failures="0" errors="0" skipped="0">
	<testcase classname="test_enum_long_range_s.TestEnumLongRangeS" name="test_enum_long_range_s" time="0.001" timestamp="2023-07-19T15:05:32" file="spec/python/test_enum_long_range_s.py" line="8"/>
</testsuite>
