<?xml version="1.0" encoding="UTF-8"?>
<testsuite errors="0" failures="0" file="test_switch_integers2.py" name="test_switch_integers2.TestSwitchIntegers2-20191209194148" skipped="0" tests="1" time="0.000" timestamp="2019-12-09T19:41:48">
	<testcase classname="test_switch_integers2.TestSwitchIntegers2" file="spec/python/test_switch_integers2.py" line="8" name="test_switch_integers2" time="0.000" timestamp="2019-12-09T19:41:48">
		<system-out>
<![CDATA[]]>		</system-out>
		<system-err>
<![CDATA[]]>		</system-err>
	</testcase>
</testsuite>
