<?xml version="1.0" encoding="UTF-8"?>
<testsuite name="test_cast_to_top.TestCastToTop-20201031095923" tests="1" file="test_cast_to_top.py" time="0.001" timestamp="2020-10-31T09:59:23" failures="0" errors="0" skipped="0">
	<testcase classname="test_cast_to_top.TestCastToTop" name="test_cast_to_top" time="0.001" timestamp="2020-10-31T09:59:23" file="spec/python/test_cast_to_top.py" line="8"/>
</testsuite>
