<?xml version="1.0" encoding="UTF-8"?>
<testsuite errors="0" failures="0" file="test_params_pass_usertype.py" name="test_params_pass_usertype.TestParamsPassUsertype-20230705183726" skipped="0" tests="1" time="0.000" timestamp="2023-07-05T18:37:26">
	<testcase classname="test_params_pass_usertype.TestParamsPassUsertype" file="spec/python/test_params_pass_usertype.py" line="8" name="test_params_pass_usertype" time="0.000" timestamp="2023-07-05T18:37:26">
		<system-out>
<![CDATA[]]>		</system-out>
		<system-err>
<![CDATA[]]>		</system-err>
	</testcase>
</testsuite>
