<?xml version="1.0" encoding="UTF-8"?>
<testsuite errors="0" failures="0" name="test_debug_enum_name.TestDebugEnumName-20181105011510" skipped="0" tests="1" time="0.000" timestamp="2018-11-05T01:15:10">
	<testcase classname="test_debug_enum_name.TestDebugEnumName" name="test_debug_enum_name" time="0.000" timestamp="2018-11-05T01:15:10"/>
	<system-out>
<![CDATA[]]>	</system-out>
	<system-err>
<![CDATA[]]>	</system-err>
</testsuite>
