<?xml version="1.0" encoding="UTF-8"?>
<testsuite errors="0" failures="0" file="test_switch_repeat_expr_invalid.py" name="test_switch_repeat_expr_invalid.TestSwitchRepeatExprInvalid-20230719212524" skipped="0" tests="1" time="0.000" timestamp="2023-07-19T21:25:24">
	<testcase classname="test_switch_repeat_expr_invalid.TestSwitchRepeatExprInvalid" file="spec/python/test_switch_repeat_expr_invalid.py" line="8" name="test_switch_repeat_expr_invalid" time="0.000" timestamp="2023-07-19T21:25:24">
		<system-out>
<![CDATA[]]>		</system-out>
		<system-err>
<![CDATA[]]>		</system-err>
	</testcase>
</testsuite>
