<?xml version="1.0" encoding="UTF-8"?>
<testsuite errors="0" failures="0" name="test_enum_if.TestEnumIf-20181109111649" skipped="0" tests="1" time="0.000" timestamp="2018-11-09T11:16:49">
	<testcase classname="test_enum_if.TestEnumIf" name="test_enum_if" time="0.000" timestamp="2018-11-09T11:16:49"/>
	<system-out>
<![CDATA[]]>	</system-out>
	<system-err>
<![CDATA[]]>	</system-err>
</testsuite>
