<?xml version="1.0" encoding="UTF-8"?>
<testsuite name="test_default_bit_endian_mod.TestDefaultBitEndianMod-20230705161400" tests="1" file="test_default_bit_endian_mod.py" time="0.000" timestamp="2023-07-05T16:14:00" failures="0" errors="0" skipped="0">
	<testcase classname="test_default_bit_endian_mod.TestDefaultBitEndianMod" name="test_default_bit_endian_mod" time="0.000" timestamp="2023-07-05T16:14:00" file="spec/python/test_default_bit_endian_mod.py" line="8"/>
</testsuite>
