<?xml version="1.0" encoding="UTF-8"?>
<testsuite errors="0" failures="0" file="test_bits_signed_b32_le.py" name="test_bits_signed_b32_le.TestBitsSignedB32Le-20201031095751" skipped="0" tests="1" time="0.000" timestamp="2020-10-31T09:57:52">
	<testcase classname="test_bits_signed_b32_le.TestBitsSignedB32Le" file="spec/python/test_bits_signed_b32_le.py" line="8" name="test_bits_signed_b32_le" time="0.000" timestamp="2020-10-31T09:57:52">
		<system-out>
<![CDATA[]]>		</system-out>
		<system-err>
<![CDATA[]]>		</system-err>
	</testcase>
</testsuite>
