<?xml version="1.0" encoding="UTF-8"?>
<testsuite name="test_meta_xref.TestMetaXref-20230627090127" tests="1" file="test_meta_xref.py" time="0.001" timestamp="2023-06-27T09:01:27" failures="0" errors="0" skipped="0">
	<testcase classname="test_meta_xref.TestMetaXref" name="test_meta_xref" time="0.001" timestamp="2023-06-27T09:01:27" file="spec/python/test_meta_xref.py" line="8"/>
</testsuite>
