<?xml version="1.0" encoding="UTF-8"?>
<testsuite name="test_valid_fail_expr.TestValidFailExpr-20211106194833" tests="1" file="test_valid_fail_expr.py" time="0.001" timestamp="2021-11-06T19:48:33" failures="0" errors="0" skipped="0">
	<testcase classname="test_valid_fail_expr.TestValidFailExpr" name="test_valid_fail_expr" time="0.001" timestamp="2021-11-06T19:48:33" file="spec/python/test_valid_fail_expr.py" line="9"/>
</testsuite>
