<?xml version="1.0" encoding="UTF-8"?>
<testsuite name="test_io_local_var.TestIoLocalVar-20230624222631" tests="1" file="test_io_local_var.py" time="0.000" timestamp="2023-06-24T22:26:31" failures="0" errors="0" skipped="0">
	<testcase classname="test_io_local_var.TestIoLocalVar" name="test_io_local_var" time="0.000" timestamp="2023-06-24T22:26:31" file="spec/python/test_io_local_var.py" line="8"/>
</testsuite>
