<?xml version="1.0" encoding="UTF-8"?>
<testsuite name="test_nav_parent_switch.TestNavParentSwitch-20211114130459" tests="1" file="test_nav_parent_switch.py" time="0.001" timestamp="2021-11-14T13:04:59" failures="0" errors="0" skipped="0">
	<testcase classname="test_nav_parent_switch.TestNavParentSwitch" name="test_nav_parent_switch" time="0.001" timestamp="2021-11-14T13:04:59" file="spec/python/test_nav_parent_switch.py" line="8"/>
</testsuite>
