<?xml version="1.0" encoding="UTF-8"?>
<testsuite errors="0" failures="0" name="test_switch_multi_bool_ops.TestSwitchMultiBoolOps-20181109111649" skipped="0" tests="1" time="0.000" timestamp="2018-11-09T11:16:49">
	<testcase classname="test_switch_multi_bool_ops.TestSwitchMultiBoolOps" name="test_switch_multi_bool_ops" time="0.000" timestamp="2018-11-09T11:16:49"/>
	<system-out>
<![CDATA[]]>	</system-out>
	<system-err>
<![CDATA[]]>	</system-err>
</testsuite>
