<?xml version="1.0" encoding="UTF-8"?>
<testsuite errors="0" failures="0" file="test_valid_fail_max_int.py" name="test_valid_fail_max_int.TestValidFailMaxInt-20200315143424" skipped="0" tests="1" time="0.000" timestamp="2020-03-15T14:34:24">
	<testcase classname="test_valid_fail_max_int.TestValidFailMaxInt" file="spec/python/test_valid_fail_max_int.py" line="9" name="test_valid_fail_max_int" time="0.000" timestamp="2020-03-15T14:34:24">
		<system-out>
<![CDATA[]]>		</system-out>
		<system-err>
<![CDATA[]]>		</system-err>
	</testcase>
</testsuite>
