<?xml version="1.0" encoding="UTF-8"?>
<testsuite name="test_process_coerce_switch.TestProcessCoerceSwitch-20200802144956" tests="1" file="test_process_coerce_switch.py" time="0.001" timestamp="2020-08-02T14:49:56" failures="0" errors="0" skipped="0">
	<testcase classname="test_process_coerce_switch.TestProcessCoerceSwitch" name="test_process_coerce_switch" time="0.001" timestamp="2020-08-02T14:49:56" file="spec/python/test_process_coerce_switch.py" line="8">
		<system-out><![CDATA[]]></system-out>
		<system-err><![CDATA[]]></system-err>
	</testcase>
</testsuite>
