<?xml version="1.0" encoding="UTF-8"?>
<testsuite name="test_valid_fail_contents.TestValidFailContents-20200521225016" tests="1" file="test_valid_fail_contents.py" time="0.001" timestamp="2020-05-21T22:50:16" failures="0" errors="0" skipped="0">
	<testcase classname="test_valid_fail_contents.TestValidFailContents" name="test_valid_fail_contents" time="0.001" timestamp="2020-05-21T22:50:16" file="spec/python/test_valid_fail_contents.py" line="9">
		<system-out><![CDATA[]]></system-out>
		<system-err><![CDATA[]]></system-err>
	</testcase>
</testsuite>
