<?xml version="1.0" encoding="UTF-8"?>
<testsuite name="test_enum_int_range_s.TestEnumIntRangeS-20220728001417" tests="1" file="test_enum_int_range_s.py" time="0.001" timestamp="2022-07-28T00:14:17" failures="0" errors="0" skipped="0">
	<testcase classname="test_enum_int_range_s.TestEnumIntRangeS" name="test_enum_int_range_s" time="0.001" timestamp="2022-07-28T00:14:17" file="spec/python/test_enum_int_range_s.py" line="8"/>
</testsuite>
