<?xml version="1.0" encoding="UTF-8"?>
<testsuite errors="0" failures="0" file="test_process_repeat_bytes.py" name="test_process_repeat_bytes.TestProcessRepeatBytes-20200628162404" skipped="0" tests="1" time="0.003" timestamp="2020-06-28T16:24:04">
	<testcase classname="test_process_repeat_bytes.TestProcessRepeatBytes" file="spec/python/test_process_repeat_bytes.py" line="8" name="test_process_repeat_bytes" time="0.003" timestamp="2020-06-28T16:24:04">
		<system-out>
<![CDATA[]]>		</system-out>
		<system-err>
<![CDATA[]]>		</system-err>
	</testcase>
</testsuite>
