<?xml version="1.0" encoding="UTF-8"?>
<testsuite name="test_docstrings_docref.TestDocstringsDocref-20200331063851" tests="1" file="test_docstrings_docref.py" time="0.001" timestamp="2020-03-31T06:38:51" failures="0" errors="0" skipped="0">
	<testcase classname="test_docstrings_docref.TestDocstringsDocref" name="test_docstrings_docref" time="0.001" timestamp="2020-03-31T06:38:51" file="spec/python/test_docstrings_docref.py" line="8">
		<system-out><![CDATA[]]></system-out>
		<system-err><![CDATA[]]></system-err>
	</testcase>
</testsuite>
