<?xml version="1.0" encoding="UTF-8"?>
<testsuite errors="0" failures="0" name="test_ts_packet_header.TestTsPacketHeader-20190129074652" skipped="0" tests="1" time="0.000" timestamp="2019-01-29T07:46:53">
	<testcase classname="test_ts_packet_header.TestTsPacketHeader" name="test_ts_packet_header" time="0.000" timestamp="2019-01-29T07:46:53"/>
	<system-out>
<![CDATA[]]>	</system-out>
	<system-err>
<![CDATA[]]>	</system-err>
</testsuite>
