<?xml version="1.0" encoding="UTF-8"?>
<testsuite errors="0" failures="0" file="test_nav_parent3.py" name="test_nav_parent3.TestNavParent3-20220205182944" skipped="0" tests="1" time="0.001" timestamp="2022-02-05T18:29:44">
	<testcase classname="test_nav_parent3.TestNavParent3" file="spec/python/test_nav_parent3.py" line="8" name="test_nav_parent3" time="0.001" timestamp="2022-02-05T18:29:44">
		<system-out>
<![CDATA[]]>		</system-out>
		<system-err>
<![CDATA[]]>		</system-err>
	</testcase>
</testsuite>
