<?xml version="1.0" encoding="UTF-8"?>
<testsuite errors="0" failures="0" file="test_default_endian_expr_is_be.py" name="test_default_endian_expr_is_be.TestDefaultEndianExprIsBe-20190319025505" skipped="0" tests="1" time="0.001" timestamp="2019-03-19T02:55:05">
	<testcase classname="test_default_endian_expr_is_be.TestDefaultEndianExprIsBe" file="spec/python/test_default_endian_expr_is_be.py" line="8" name="test_default_endian_expr_is_be" time="0.001" timestamp="2019-03-19T02:55:05"/>
</testsuite>
