<?xml version="1.0" encoding="UTF-8"?>
<testsuite name="test_repeat_n_struct.TestRepeatNStruct-20230719145833" tests="1" file="test_repeat_n_struct.py" time="0.000" timestamp="2023-07-19T14:58:33" failures="0" errors="0" skipped="0">
	<testcase classname="test_repeat_n_struct.TestRepeatNStruct" name="test_repeat_n_struct" time="0.000" timestamp="2023-07-19T14:58:33" file="spec/python/test_repeat_n_struct.py" line="8"/>
</testsuite>
