<?xml version="1.0" encoding="UTF-8"?>
<testsuite errors="0" failures="0" file="test_expr_2.py" name="test_expr_2.TestExpr2-20230721170741" skipped="0" tests="1" time="0.002" timestamp="2023-07-21T17:07:41">
	<testcase classname="test_expr_2.TestExpr2" file="spec/python/test_expr_2.py" line="8" name="test_expr_2" time="0.002" timestamp="2023-07-21T17:07:41">
		<system-out>
<![CDATA[]]>		</system-out>
		<system-err>
<![CDATA[]]>		</system-err>
	</testcase>
</testsuite>
