<?xml version="1.0" encoding="UTF-8"?>
<testsuite name="test_expr_calc_array_ops.TestExprCalcArrayOps-20200403034231" tests="1" file="test_expr_calc_array_ops.py" time="0.003" timestamp="2020-04-03T03:42:31" failures="0" errors="0" skipped="0">
	<testcase classname="test_expr_calc_array_ops.TestExprCalcArrayOps" name="test_expr_calc_array_ops" time="0.003" timestamp="2020-04-03T03:42:31" file="spec/python/test_expr_calc_array_ops.py" line="8">
		<system-out><![CDATA[]]></system-out>
		<system-err><![CDATA[]]></system-err>
	</testcase>
</testsuite>
