<?xml version="1.0" encoding="UTF-8"?>
<testsuite name="test_to_string_custom.TestToStringCustom-20200501142514" tests="1" file="test_to_string_custom.py" time="0.000" timestamp="2020-05-01T14:25:14" failures="0" errors="0" skipped="0">
	<testcase classname="test_to_string_custom.TestToStringCustom" name="test_to_string_custom" time="0.000" timestamp="2020-05-01T14:25:14" file="spec/python/test_to_string_custom.py" line="6">
		<system-out><![CDATA[]]></system-out>
		<system-err><![CDATA[]]></system-err>
	</testcase>
</testsuite>
