<?xml version="1.0" encoding="UTF-8"?>
<testsuite errors="0" failures="0" file="test_zlib_with_header_78.py" name="test_zlib_with_header_78.TestZlibWithHeader78-20190319025505" skipped="0" tests="1" time="0.000" timestamp="2019-03-19T02:55:05">
	<testcase classname="test_zlib_with_header_78.TestZlibWithHeader78" file="spec/python/test_zlib_with_header_78.py" line="8" name="test_zlib_with_header_78" time="0.000" timestamp="2019-03-19T02:55:05"/>
</testsuite>
