<?xml version="1.0" encoding="UTF-8"?>
<testsuite name="test_expr_3.TestExpr3-20200301194336" tests="1" file="test_expr_3.py" time="0.002" timestamp="2020-03-01T19:43:36" failures="0" errors="0" skipped="0">
	<testcase classname="test_expr_3.TestExpr3" name="test_expr_3" time="0.002" timestamp="2020-03-01T19:43:36" file="spec/python/test_expr_3.py" line="8">
		<system-out><![CDATA[]]></system-out>
		<system-err><![CDATA[]]></system-err>
	</testcase>
</testsuite>
