<?xml version="1.0" encoding="UTF-8"?>
<testsuite name="test_term_strz.TestTermStrz-20230719170446" tests="1" file="test_term_strz.py" time="0.002" timestamp="2023-07-19T17:04:47" failures="0" errors="0" skipped="0">
	<testcase classname="test_term_strz.TestTermStrz" name="test_term_strz" time="0.002" timestamp="2023-07-19T17:04:47" file="spec/python/test_term_strz.py" line="8"/>
</testsuite>
