<?xml version="1.0" encoding="UTF-8"?>
<testsuite name="test_switch_manual_enum_invalid_else.TestSwitchManualEnumInvalidElse-20230719210256" tests="1" file="test_switch_manual_enum_invalid_else.py" time="0.001" timestamp="2023-07-19T21:02:56" failures="0" errors="0" skipped="0">
	<testcase classname="test_switch_manual_enum_invalid_else.TestSwitchManualEnumInvalidElse" name="test_switch_manual_enum_invalid_else" time="0.001" timestamp="2023-07-19T21:02:56" file="spec/python/test_switch_manual_enum_invalid_else.py" line="8"/>
</testsuite>
