<?xml version="1.0" encoding="UTF-8"?>
<testsuite errors="0" failures="0" file="test_repeat_until_complex.py" name="test_repeat_until_complex.TestRepeatUntilComplex-20190317163014" skipped="0" tests="1" time="0.001" timestamp="2019-03-17T16:30:14">
	<testcase classname="test_repeat_until_complex.TestRepeatUntilComplex" file="spec/python/test_repeat_until_complex.py" line="8" name="test_repeat_until_complex" time="0.001" timestamp="2019-03-17T16:30:14"/>
</testsuite>
