<?xml version="1.0" encoding="UTF-8"?>
<testsuite errors="0" failures="0" name="test_term_strz.TestTermStrz-20170517140139" skipped="0" tests="1" time="0.002">
	<testcase classname="test_term_strz.TestTermStrz" name="test_term_strz" time="0.002"/>
	<system-out>
<![CDATA[]]>	</system-out>
	<system-err>
<![CDATA[]]>	</system-err>
</testsuite>
