<?xml version="1.0" encoding="UTF-8"?>
<testsuite name="test_io_local_var.TestIoLocalVar-20220707230516" tests="1" file="test_io_local_var.py" time="0.000" timestamp="2022-07-07T23:05:16" failures="0" errors="0" skipped="0">
	<testcase classname="test_io_local_var.TestIoLocalVar" name="test_io_local_var" time="0.000" timestamp="2022-07-07T23:05:16" file="spec/python/test_io_local_var.py" line="8"/>
</testsuite>
