<?xml version="1.0" encoding="UTF-8"?>
<testsuite name="test_process_to_user.TestProcessToUser-20230707214036" tests="1" file="test_process_to_user.py" time="0.000" timestamp="2023-07-07T21:40:37" failures="0" errors="0" skipped="0">
	<testcase classname="test_process_to_user.TestProcessToUser" name="test_process_to_user" time="0.000" timestamp="2023-07-07T21:40:37" file="spec/python/test_process_to_user.py" line="8"/>
</testsuite>
