<?xml version="1.0" encoding="UTF-8"?>
<testsuite errors="0" failures="0" file="test_imports0.py" name="test_imports0.TestImports0-20191022224053" skipped="0" tests="1" time="0.002" timestamp="2019-10-22T22:40:53">
	<testcase classname="test_imports0.TestImports0" file="spec/python/test_imports0.py" line="8" name="test_imports0" time="0.002" timestamp="2019-10-22T22:40:53">
		<system-out>
<![CDATA[]]>		</system-out>
		<system-err>
<![CDATA[]]>		</system-err>
	</testcase>
</testsuite>
