<?xml version="1.0" encoding="UTF-8"?>
<testsuite name="test_nav_parent2.TestNavParent2-20230628194105" tests="1" file="test_nav_parent2.py" time="0.001" timestamp="2023-06-28T19:41:05" failures="0" errors="0" skipped="0">
	<testcase classname="test_nav_parent2.TestNavParent2" name="test_nav_parent2" time="0.001" timestamp="2023-06-28T19:41:05" file="spec/python/test_nav_parent2.py" line="8"/>
</testsuite>
