<?xml version="1.0" encoding="UTF-8"?>
<testsuite name="test_valid_optional_id.TestValidOptionalId-20230627090127" tests="1" file="test_valid_optional_id.py" time="0.001" timestamp="2023-06-27T09:01:27" failures="0" errors="0" skipped="0">
	<testcase classname="test_valid_optional_id.TestValidOptionalId" name="test_valid_optional_id" time="0.001" timestamp="2023-06-27T09:01:27" file="spec/python/test_valid_optional_id.py" line="8"/>
</testsuite>
