<?xml version="1.0" encoding="UTF-8"?>
<testsuite errors="0" failures="0" file="test_enum_0.py" name="test_enum_0.TestEnum0-20200606072548" skipped="0" tests="1" time="0.001" timestamp="2020-06-06T07:25:48">
	<testcase classname="test_enum_0.TestEnum0" file="spec/python/test_enum_0.py" line="8" name="test_enum_0" time="0.001" timestamp="2020-06-06T07:25:48">
		<system-out>
<![CDATA[]]>		</system-out>
		<system-err>
<![CDATA[]]>		</system-err>
	</testcase>
</testsuite>
