<?xml version="1.0" encoding="UTF-8"?>
<testsuite errors="0" failures="0" name="test_bcd_user_type_be.TestBcdUserTypeBe-20180423013349" skipped="0" tests="1" time="0.001" timestamp="2018-04-23T01:33:49">
	<testcase classname="test_bcd_user_type_be.TestBcdUserTypeBe" name="test_bcd_user_type_be" time="0.001" timestamp="2018-04-23T01:33:49"/>
	<system-out>
<![CDATA[]]>	</system-out>
	<system-err>
<![CDATA[]]>	</system-err>
</testsuite>
