<?xml version="1.0" encoding="UTF-8"?>
<testsuite errors="0" failures="0" file="test_if_instances.py" name="test_if_instances.TestIfInstances-20190317163105" skipped="0" tests="1" time="0.000" timestamp="2019-03-17T16:31:05">
	<testcase classname="test_if_instances.TestIfInstances" file="spec/python/test_if_instances.py" line="6" name="test_if_instances" time="0.000" timestamp="2019-03-17T16:31:05"/>
</testsuite>
