<?xml version="1.0" encoding="UTF-8"?>
<testsuite errors="0" failures="0" file="test_params_enum.py" name="test_params_enum.TestParamsEnum-20191231191324" skipped="0" tests="1" time="0.001" timestamp="2019-12-31T19:13:24">
	<testcase classname="test_params_enum.TestParamsEnum" file="spec/python/test_params_enum.py" line="8" name="test_params_enum" time="0.001" timestamp="2019-12-31T19:13:24">
		<system-out>
<![CDATA[]]>		</system-out>
		<system-err>
<![CDATA[]]>		</system-err>
	</testcase>
</testsuite>
