<?xml version="1.0" encoding="UTF-8"?>
<testsuite errors="0" failures="0" name="test_default_endian_expr_is_be.TestDefaultEndianExprIsBe-20190304112759" skipped="0" tests="1" time="0.000" timestamp="2019-03-04T11:27:59">
	<testcase classname="test_default_endian_expr_is_be.TestDefaultEndianExprIsBe" name="test_default_endian_expr_is_be" time="0.000" timestamp="2019-03-04T11:27:59"/>
	<system-out>
<![CDATA[]]>	</system-out>
	<system-err>
<![CDATA[]]>	</system-err>
</testsuite>
