<?xml version="1.0" encoding="UTF-8"?>
<testsuite errors="0" failures="0" file="test_params_pass_usertype.py" name="test_params_pass_usertype.TestParamsPassUsertype-20190706053457" skipped="0" tests="1" time="0.001" timestamp="2019-07-06T05:34:57">
	<testcase classname="test_params_pass_usertype.TestParamsPassUsertype" file="spec/python/test_params_pass_usertype.py" line="8" name="test_params_pass_usertype" time="0.001" timestamp="2019-07-06T05:34:57">
		<system-out>
<![CDATA[]]>		</system-out>
		<system-err>
<![CDATA[]]>		</system-err>
	</testcase>
</testsuite>
