<?xml version="1.0" encoding="UTF-8"?>
<testsuite errors="0" failures="0" file="test_params_pass_array_struct.py" name="test_params_pass_array_struct.TestParamsPassArrayStruct-20200611184427" skipped="0" tests="1" time="0.001" timestamp="2020-06-11T18:44:27">
	<testcase classname="test_params_pass_array_struct.TestParamsPassArrayStruct" file="spec/python/test_params_pass_array_struct.py" line="8" name="test_params_pass_array_struct" time="0.001" timestamp="2020-06-11T18:44:27">
		<system-out>
<![CDATA[]]>		</system-out>
		<system-err>
<![CDATA[]]>		</system-err>
	</testcase>
</testsuite>
