<?xml version="1.0" encoding="UTF-8"?>
<testsuite errors="0" failures="0" name="test_switch_integers.TestSwitchIntegers-20180417140921" skipped="0" tests="1" time="0.000" timestamp="2018-04-17T14:09:21">
	<testcase classname="test_switch_integers.TestSwitchIntegers" name="test_switch_integers" time="0.000" timestamp="2018-04-17T14:09:21"/>
	<system-out>
<![CDATA[]]>	</system-out>
	<system-err>
<![CDATA[]]>	</system-err>
</testsuite>
