<?xml version="1.0" encoding="UTF-8"?>
<testsuite errors="0" failures="0" file="test_recursive_one.py" name="test_recursive_one.TestRecursiveOne-20200824070616" skipped="0" tests="1" time="0.001" timestamp="2020-08-24T07:06:16">
	<testcase classname="test_recursive_one.TestRecursiveOne" file="spec/python/test_recursive_one.py" line="8" name="test_recursive_one" time="0.001" timestamp="2020-08-24T07:06:16">
		<system-out>
<![CDATA[]]>		</system-out>
		<system-err>
<![CDATA[]]>		</system-err>
	</testcase>
</testsuite>
