<?xml version="1.0" encoding="UTF-8"?>
<testsuite errors="0" failures="0" file="test_expr_3.py" name="test_expr_3.TestExpr3-20190321143929" skipped="0" tests="1" time="0.001" timestamp="2019-03-21T14:39:29">
	<testcase classname="test_expr_3.TestExpr3" file="spec/python/test_expr_3.py" line="8" name="test_expr_3" time="0.001" timestamp="2019-03-21T14:39:29"/>
</testsuite>
