<?xml version="1.0" encoding="UTF-8"?>
<testsuite errors="0" failures="0" file="test_expr_enum.py" name="test_expr_enum.TestExprEnum-20190317163105" skipped="0" tests="1" time="0.001" timestamp="2019-03-17T16:31:05">
	<testcase classname="test_expr_enum.TestExprEnum" file="spec/python/test_expr_enum.py" line="8" name="test_expr_enum" time="0.001" timestamp="2019-03-17T16:31:05"/>
</testsuite>
