<?xml version="1.0" encoding="UTF-8"?>
<testsuite name="test_enum_to_i.TestEnumToI-20230719150532" tests="1" file="test_enum_to_i.py" time="0.000" timestamp="2023-07-19T15:05:32" failures="0" errors="0" skipped="0">
	<testcase classname="test_enum_to_i.TestEnumToI" name="test_enum_to_i" time="0.000" timestamp="2023-07-19T15:05:32" file="spec/python/test_enum_to_i.py" line="8"/>
</testsuite>
