<?xml version="1.0" encoding="UTF-8"?>
<testsuite errors="0" failures="0" name="test_process_xor_value.TestProcessXorValue-20181108142727" skipped="0" tests="1" time="0.000" timestamp="2018-11-08T14:27:27">
	<testcase classname="test_process_xor_value.TestProcessXorValue" name="test_process_xor_value" time="0.000" timestamp="2018-11-08T14:27:27"/>
	<system-out>
<![CDATA[]]>	</system-out>
	<system-err>
<![CDATA[]]>	</system-err>
</testsuite>
