<?xml version="1.0" encoding="UTF-8"?>
<testsuite name="test_switch_manual_str.TestSwitchManualStr-20200301194336" tests="1" file="test_switch_manual_str.py" time="0.002" timestamp="2020-03-01T19:43:36" failures="0" errors="0" skipped="0">
	<testcase classname="test_switch_manual_str.TestSwitchManualStr" name="test_switch_manual_str" time="0.002" timestamp="2020-03-01T19:43:36" file="spec/python/test_switch_manual_str.py" line="8">
		<system-out><![CDATA[]]></system-out>
		<system-err><![CDATA[]]></system-err>
	</testcase>
</testsuite>
