<?xml version="1.0" encoding="UTF-8"?>
<testsuite name="test_bits_signed_b32_le.TestBitsSignedB32Le-20210701222606" tests="1" file="test_bits_signed_b32_le.py" time="0.001" timestamp="2021-07-01T22:26:06" failures="0" errors="0" skipped="0">
	<testcase classname="test_bits_signed_b32_le.TestBitsSignedB32Le" name="test_bits_signed_b32_le" time="0.001" timestamp="2021-07-01T22:26:06" file="spec/python/test_bits_signed_b32_le.py" line="8"/>
</testsuite>
