<?xml version="1.0" encoding="UTF-8"?>
<testsuite errors="0" failures="0" file="test_index_to_param_eos.py" name="test_index_to_param_eos.TestIndexToParamEos-20190318121737" skipped="0" tests="1" time="0.001" timestamp="2019-03-18T12:17:37">
	<testcase classname="test_index_to_param_eos.TestIndexToParamEos" file="spec/python/test_index_to_param_eos.py" line="8" name="test_index_to_param_eos" time="0.001" timestamp="2019-03-18T12:17:37"/>
</testsuite>
