<?xml version="1.0" encoding="UTF-8"?>
<testsuite name="test_bits_enum.TestBitsEnum-20200415032700" tests="1" file="test_bits_enum.py" time="0.001" timestamp="2020-04-15T03:27:00" failures="0" errors="0" skipped="0">
	<testcase classname="test_bits_enum.TestBitsEnum" name="test_bits_enum" time="0.001" timestamp="2020-04-15T03:27:00" file="spec/python/test_bits_enum.py" line="8">
		<system-out><![CDATA[]]></system-out>
		<system-err><![CDATA[]]></system-err>
	</testcase>
</testsuite>
