<?xml version="1.0" encoding="UTF-8"?>
<testsuite errors="0" failures="0" name="test_str_encodings.TestStrEncodings-20181225121903" skipped="0" tests="1" time="0.011" timestamp="2018-12-25T12:19:03">
	<testcase classname="test_str_encodings.TestStrEncodings" name="test_str_encodings" time="0.011" timestamp="2018-12-25T12:19:03"/>
	<system-out>
<![CDATA[]]>	</system-out>
	<system-err>
<![CDATA[]]>	</system-err>
</testsuite>
