<?xml version="1.0" encoding="UTF-8"?>
<testsuite name="test_hello_world.TestHelloWorld-20210701222606" tests="1" file="test_hello_world.py" time="0.001" timestamp="2021-07-01T22:26:06" failures="0" errors="0" skipped="0">
	<testcase classname="test_hello_world.TestHelloWorld" name="test_hello_world" time="0.001" timestamp="2021-07-01T22:26:06" file="spec/python/test_hello_world.py" line="8"/>
</testsuite>
