<?xml version="1.0" encoding="UTF-8"?>
<testsuite name="test_switch_cast.TestSwitchCast-20230705162050" tests="1" file="test_switch_cast.py" time="0.000" timestamp="2023-07-05T16:20:50" failures="0" errors="0" skipped="0">
	<testcase classname="test_switch_cast.TestSwitchCast" name="test_switch_cast" time="0.000" timestamp="2023-07-05T16:20:50" file="spec/python/test_switch_cast.py" line="6"/>
</testsuite>
