<?xml version="1.0" encoding="UTF-8"?>
<testsuite name="test_switch_manual_int_else.TestSwitchManualIntElse-20230705115620" tests="1" file="test_switch_manual_int_else.py" time="0.001" timestamp="2023-07-05T11:56:20" failures="0" errors="0" skipped="0">
	<testcase classname="test_switch_manual_int_else.TestSwitchManualIntElse" name="test_switch_manual_int_else" time="0.001" timestamp="2023-07-05T11:56:20" file="spec/python/test_switch_manual_int_else.py" line="8"/>
</testsuite>
