<?xml version="1.0" encoding="UTF-8"?>
<testsuite errors="0" failures="0" file="test_eof_exception_bytes.py" name="test_eof_exception_bytes.TestEofExceptionBytes-20190320081957" skipped="0" tests="1" time="0.001" timestamp="2019-03-20T08:19:57">
	<testcase classname="test_eof_exception_bytes.TestEofExceptionBytes" file="spec/python/test_eof_exception_bytes.py" line="6" name="test_eof_exception_bytes" time="0.001" timestamp="2019-03-20T08:19:57"/>
</testsuite>
