<?xml version="1.0" encoding="UTF-8"?>
<testsuite errors="0" failures="0" file="test_enum_1.py" name="test_enum_1.TestEnum1-20200312212738" skipped="0" tests="1" time="0.001" timestamp="2020-03-12T21:27:38">
	<testcase classname="test_enum_1.TestEnum1" file="spec/python/test_enum_1.py" line="8" name="test_enum_1" time="0.001" timestamp="2020-03-12T21:27:38">
		<system-out>
<![CDATA[]]>		</system-out>
		<system-err>
<![CDATA[]]>		</system-err>
	</testcase>
</testsuite>
