<?xml version="1.0" encoding="UTF-8"?>
<testsuite name="test_integers.TestIntegers-20200628162531" tests="1" file="test_integers.py" time="0.002" timestamp="2020-06-28T16:25:31" failures="0" errors="0" skipped="0">
	<testcase classname="test_integers.TestIntegers" name="test_integers" time="0.002" timestamp="2020-06-28T16:25:31" file="spec/python/test_integers.py" line="8">
		<system-out><![CDATA[]]></system-out>
		<system-err><![CDATA[]]></system-err>
	</testcase>
</testsuite>
