<?xml version="1.0" encoding="UTF-8"?>
<testsuite name="test_default_big_endian.TestDefaultBigEndian-20220318130502" tests="1" file="test_default_big_endian.py" time="0.000" timestamp="2022-03-18T13:05:02" failures="0" errors="0" skipped="0">
	<testcase classname="test_default_big_endian.TestDefaultBigEndian" name="test_default_big_endian" time="0.000" timestamp="2022-03-18T13:05:02" file="spec/python/test_default_big_endian.py" line="8"/>
</testsuite>
