<?xml version="1.0" encoding="UTF-8"?>
<testsuite errors="0" failures="0" file="test_switch_manual_int_size_eos.py" name="test_switch_manual_int_size_eos.TestSwitchManualIntSizeEos-20190318121740" skipped="0" tests="1" time="0.002" timestamp="2019-03-18T12:17:40">
	<testcase classname="test_switch_manual_int_size_eos.TestSwitchManualIntSizeEos" file="spec/python/test_switch_manual_int_size_eos.py" line="6" name="test_switch_manual_int_size_eos" time="0.002" timestamp="2019-03-18T12:17:40"/>
</testsuite>
