<?xml version="1.0" encoding="UTF-8"?>
<testsuite errors="0" failures="0" file="test_bcd_user_type_be.py" name="test_bcd_user_type_be.TestBcdUserTypeBe-20230719211230" skipped="0" tests="1" time="0.000" timestamp="2023-07-19T21:12:30">
	<testcase classname="test_bcd_user_type_be.TestBcdUserTypeBe" file="spec/python/test_bcd_user_type_be.py" line="8" name="test_bcd_user_type_be" time="0.000" timestamp="2023-07-19T21:12:30">
		<system-out>
<![CDATA[]]>		</system-out>
		<system-err>
<![CDATA[]]>		</system-err>
	</testcase>
</testsuite>
