<?xml version="1.0" encoding="UTF-8"?>
<testsuite errors="0" failures="0" name="test_docstrings.TestDocstrings-20180323151419" skipped="0" tests="1" time="0.000" timestamp="2018-03-23T15:14:19">
	<testcase classname="test_docstrings.TestDocstrings" name="test_docstrings" time="0.000" timestamp="2018-03-23T15:14:19"/>
	<system-out>
<![CDATA[]]>	</system-out>
	<system-err>
<![CDATA[]]>	</system-err>
</testsuite>
