<?xml version="1.0" encoding="UTF-8"?>
<testsuite name="test_fixed_contents.TestFixedContents-20230719150532" tests="1" file="test_fixed_contents.py" time="0.000" timestamp="2023-07-19T15:05:32" failures="0" errors="0" skipped="0">
	<testcase classname="test_fixed_contents.TestFixedContents" name="test_fixed_contents" time="0.000" timestamp="2023-07-19T15:05:32" file="spec/python/test_fixed_contents.py" line="8"/>
</testsuite>
