<?xml version="1.0" encoding="UTF-8"?>
<testsuite name="test_params_call_extra_parens.TestParamsCallExtraParens-20211106194833" tests="1" file="test_params_call_extra_parens.py" time="0.001" timestamp="2021-11-06T19:48:33" failures="0" errors="0" skipped="0">
	<testcase classname="test_params_call_extra_parens.TestParamsCallExtraParens" name="test_params_call_extra_parens" time="0.001" timestamp="2021-11-06T19:48:33" file="spec/python/test_params_call_extra_parens.py" line="8"/>
</testsuite>
