<?xml version="1.0" encoding="UTF-8"?>
<testsuite errors="0" failures="0" file="test_default_endian_expr_exception.py" name="test_default_endian_expr_exception.TestDefaultEndianExprException-20200408175435" skipped="0" tests="1" time="0.000" timestamp="2020-04-08T17:54:35">
	<testcase classname="test_default_endian_expr_exception.TestDefaultEndianExprException" file="spec/python/test_default_endian_expr_exception.py" line="9" name="test_default_endian_expr_exception" time="0.000" timestamp="2020-04-08T17:54:35">
		<system-out>
<![CDATA[]]>		</system-out>
		<system-err>
<![CDATA[]]>		</system-err>
	</testcase>
</testsuite>
