<?xml version="1.0" encoding="UTF-8"?>
<testsuite errors="0" failures="1" name="test_enum_for_unknown_id.TestEnumForUnknownId-20190311222832" skipped="0" tests="1" time="0.001" timestamp="2019-03-11T22:28:32">
	<testcase classname="test_enum_for_unknown_id.TestEnumForUnknownId" name="test_enum_for_unknown_id" time="0.001" timestamp="2019-03-11T22:28:32">
		<failure message="ValueError not raised" type="AssertionError">
<![CDATA[Traceback (most recent call last):
  File "/home/travis/build/kaitai-io/ci_targets/tests/spec/python/test_enum_for_unknown_id.py", line 9, in test_enum_for_unknown_id
    pass
AssertionError: ValueError not raised
]]>		</failure>
	</testcase>
	<system-out>
<![CDATA[]]>	</system-out>
	<system-err>
<![CDATA[]]>	</system-err>
</testsuite>
