<?xml version="1.0" encoding="UTF-8"?>
<testsuite errors="0" failures="0" name="test_enum_1.TestEnum1-20181228162848" skipped="0" tests="1" time="0.000" timestamp="2018-12-28T16:28:48">
	<testcase classname="test_enum_1.TestEnum1" name="test_enum_1" time="0.000" timestamp="2018-12-28T16:28:48"/>
	<system-out>
<![CDATA[]]>	</system-out>
	<system-err>
<![CDATA[]]>	</system-err>
</testsuite>
