<?xml version="1.0" encoding="UTF-8"?>
<testsuite errors="140" failures="0" name="unittest.loader.ModuleImportFailure-20180422170324" skipped="0" tests="140" time="0.016" timestamp="2018-04-22T17:03:25">
	<testcase classname="unittest.loader.ModuleImportFailure" name="test_bcd_user_type_be" time="0.000" timestamp="2018-04-22T17:03:24">
		<error message="Failed to import test module: test_bcd_user_type_be
Traceback (most recent call last):
  File &quot;/opt/python/2.7.14/lib/python2.7/unittest/loader.py&quot;, line 254, in _find_tests
    module = self._get_module_from_name(name)
  File &quot;/opt/python/2.7.14/lib/python2.7/unittest/loader.py&quot;, line 232, in _get_module_from_name
    __import__(name)
  File &quot;/home/travis/build/kaitai-io/ci_targets/tests/spec/python/test_bcd_user_type_be.py&quot;, line 5, in &lt;module&gt;
    from bcd_user_type_be import BcdUserTypeBe
ImportError: No module named bcd_user_type_be
" type="ImportError">
<![CDATA[ImportError: Failed to import test module: test_bcd_user_type_be
Traceback (most recent call last):
  File "/opt/python/2.7.14/lib/python2.7/unittest/loader.py", line 254, in _find_tests
    module = self._get_module_from_name(name)
  File "/opt/python/2.7.14/lib/python2.7/unittest/loader.py", line 232, in _get_module_from_name
    __import__(name)
  File "/home/travis/build/kaitai-io/ci_targets/tests/spec/python/test_bcd_user_type_be.py", line 5, in <module>
    from bcd_user_type_be import BcdUserTypeBe
ImportError: No module named bcd_user_type_be

]]>		</error>
	</testcase>
	<testcase classname="unittest.loader.ModuleImportFailure" name="test_bcd_user_type_le" time="0.000" timestamp="2018-04-22T17:03:24">
		<error message="Failed to import test module: test_bcd_user_type_le
Traceback (most recent call last):
  File &quot;/opt/python/2.7.14/lib/python2.7/unittest/loader.py&quot;, line 254, in _find_tests
    module = self._get_module_from_name(name)
  File &quot;/opt/python/2.7.14/lib/python2.7/unittest/loader.py&quot;, line 232, in _get_module_from_name
    __import__(name)
  File &quot;/home/travis/build/kaitai-io/ci_targets/tests/spec/python/test_bcd_user_type_le.py&quot;, line 5, in &lt;module&gt;
    from bcd_user_type_le import BcdUserTypeLe
ImportError: No module named bcd_user_type_le
" type="ImportError">
<![CDATA[ImportError: Failed to import test module: test_bcd_user_type_le
Traceback (most recent call last):
  File "/opt/python/2.7.14/lib/python2.7/unittest/loader.py", line 254, in _find_tests
    module = self._get_module_from_name(name)
  File "/opt/python/2.7.14/lib/python2.7/unittest/loader.py", line 232, in _get_module_from_name
    __import__(name)
  File "/home/travis/build/kaitai-io/ci_targets/tests/spec/python/test_bcd_user_type_le.py", line 5, in <module>
    from bcd_user_type_le import BcdUserTypeLe
ImportError: No module named bcd_user_type_le

]]>		</error>
	</testcase>
	<testcase classname="unittest.loader.ModuleImportFailure" name="test_bits_byte_aligned" time="0.000" timestamp="2018-04-22T17:03:24">
		<error message="Failed to import test module: test_bits_byte_aligned
Traceback (most recent call last):
  File &quot;/opt/python/2.7.14/lib/python2.7/unittest/loader.py&quot;, line 254, in _find_tests
    module = self._get_module_from_name(name)
  File &quot;/opt/python/2.7.14/lib/python2.7/unittest/loader.py&quot;, line 232, in _get_module_from_name
    __import__(name)
  File &quot;/home/travis/build/kaitai-io/ci_targets/tests/spec/python/test_bits_byte_aligned.py&quot;, line 5, in &lt;module&gt;
    from bits_byte_aligned import BitsByteAligned
ImportError: No module named bits_byte_aligned
" type="ImportError">
<![CDATA[ImportError: Failed to import test module: test_bits_byte_aligned
Traceback (most recent call last):
  File "/opt/python/2.7.14/lib/python2.7/unittest/loader.py", line 254, in _find_tests
    module = self._get_module_from_name(name)
  File "/opt/python/2.7.14/lib/python2.7/unittest/loader.py", line 232, in _get_module_from_name
    __import__(name)
  File "/home/travis/build/kaitai-io/ci_targets/tests/spec/python/test_bits_byte_aligned.py", line 5, in <module>
    from bits_byte_aligned import BitsByteAligned
ImportError: No module named bits_byte_aligned

]]>		</error>
	</testcase>
	<testcase classname="unittest.loader.ModuleImportFailure" name="test_bits_enum" time="0.000" timestamp="2018-04-22T17:03:24">
		<error message="Failed to import test module: test_bits_enum
Traceback (most recent call last):
  File &quot;/opt/python/2.7.14/lib/python2.7/unittest/loader.py&quot;, line 254, in _find_tests
    module = self._get_module_from_name(name)
  File &quot;/opt/python/2.7.14/lib/python2.7/unittest/loader.py&quot;, line 232, in _get_module_from_name
    __import__(name)
  File &quot;/home/travis/build/kaitai-io/ci_targets/tests/spec/python/test_bits_enum.py&quot;, line 3, in &lt;module&gt;
    from bits_enum import BitsEnum
ImportError: No module named bits_enum
" type="ImportError">
<![CDATA[ImportError: Failed to import test module: test_bits_enum
Traceback (most recent call last):
  File "/opt/python/2.7.14/lib/python2.7/unittest/loader.py", line 254, in _find_tests
    module = self._get_module_from_name(name)
  File "/opt/python/2.7.14/lib/python2.7/unittest/loader.py", line 232, in _get_module_from_name
    __import__(name)
  File "/home/travis/build/kaitai-io/ci_targets/tests/spec/python/test_bits_enum.py", line 3, in <module>
    from bits_enum import BitsEnum
ImportError: No module named bits_enum

]]>		</error>
	</testcase>
	<testcase classname="unittest.loader.ModuleImportFailure" name="test_bits_simple" time="0.000" timestamp="2018-04-22T17:03:24">
		<error message="Failed to import test module: test_bits_simple
Traceback (most recent call last):
  File &quot;/opt/python/2.7.14/lib/python2.7/unittest/loader.py&quot;, line 254, in _find_tests
    module = self._get_module_from_name(name)
  File &quot;/opt/python/2.7.14/lib/python2.7/unittest/loader.py&quot;, line 232, in _get_module_from_name
    __import__(name)
  File &quot;/home/travis/build/kaitai-io/ci_targets/tests/spec/python/test_bits_simple.py&quot;, line 5, in &lt;module&gt;
    from bits_simple import BitsSimple
ImportError: No module named bits_simple
" type="ImportError">
<![CDATA[ImportError: Failed to import test module: test_bits_simple
Traceback (most recent call last):
  File "/opt/python/2.7.14/lib/python2.7/unittest/loader.py", line 254, in _find_tests
    module = self._get_module_from_name(name)
  File "/opt/python/2.7.14/lib/python2.7/unittest/loader.py", line 232, in _get_module_from_name
    __import__(name)
  File "/home/travis/build/kaitai-io/ci_targets/tests/spec/python/test_bits_simple.py", line 5, in <module>
    from bits_simple import BitsSimple
ImportError: No module named bits_simple

]]>		</error>
	</testcase>
	<testcase classname="unittest.loader.ModuleImportFailure" name="test_buffered_struct" time="0.000" timestamp="2018-04-22T17:03:24">
		<error message="Failed to import test module: test_buffered_struct
Traceback (most recent call last):
  File &quot;/opt/python/2.7.14/lib/python2.7/unittest/loader.py&quot;, line 254, in _find_tests
    module = self._get_module_from_name(name)
  File &quot;/opt/python/2.7.14/lib/python2.7/unittest/loader.py&quot;, line 232, in _get_module_from_name
    __import__(name)
  File &quot;/home/travis/build/kaitai-io/ci_targets/tests/spec/python/test_buffered_struct.py&quot;, line 5, in &lt;module&gt;
    from buffered_struct import BufferedStruct
ImportError: No module named buffered_struct
" type="ImportError">
<![CDATA[ImportError: Failed to import test module: test_buffered_struct
Traceback (most recent call last):
  File "/opt/python/2.7.14/lib/python2.7/unittest/loader.py", line 254, in _find_tests
    module = self._get_module_from_name(name)
  File "/opt/python/2.7.14/lib/python2.7/unittest/loader.py", line 232, in _get_module_from_name
    __import__(name)
  File "/home/travis/build/kaitai-io/ci_targets/tests/spec/python/test_buffered_struct.py", line 5, in <module>
    from buffered_struct import BufferedStruct
ImportError: No module named buffered_struct

]]>		</error>
	</testcase>
	<testcase classname="unittest.loader.ModuleImportFailure" name="test_bytes_pad_term" time="0.000" timestamp="2018-04-22T17:03:24">
		<error message="Failed to import test module: test_bytes_pad_term
Traceback (most recent call last):
  File &quot;/opt/python/2.7.14/lib/python2.7/unittest/loader.py&quot;, line 254, in _find_tests
    module = self._get_module_from_name(name)
  File &quot;/opt/python/2.7.14/lib/python2.7/unittest/loader.py&quot;, line 232, in _get_module_from_name
    __import__(name)
  File &quot;/home/travis/build/kaitai-io/ci_targets/tests/spec/python/test_bytes_pad_term.py&quot;, line 5, in &lt;module&gt;
    from bytes_pad_term import BytesPadTerm
ImportError: No module named bytes_pad_term
" type="ImportError">
<![CDATA[ImportError: Failed to import test module: test_bytes_pad_term
Traceback (most recent call last):
  File "/opt/python/2.7.14/lib/python2.7/unittest/loader.py", line 254, in _find_tests
    module = self._get_module_from_name(name)
  File "/opt/python/2.7.14/lib/python2.7/unittest/loader.py", line 232, in _get_module_from_name
    __import__(name)
  File "/home/travis/build/kaitai-io/ci_targets/tests/spec/python/test_bytes_pad_term.py", line 5, in <module>
    from bytes_pad_term import BytesPadTerm
ImportError: No module named bytes_pad_term

]]>		</error>
	</testcase>
	<testcase classname="unittest.loader.ModuleImportFailure" name="test_cast_nested" time="0.000" timestamp="2018-04-22T17:03:24">
		<error message="Failed to import test module: test_cast_nested
Traceback (most recent call last):
  File &quot;/opt/python/2.7.14/lib/python2.7/unittest/loader.py&quot;, line 254, in _find_tests
    module = self._get_module_from_name(name)
  File &quot;/opt/python/2.7.14/lib/python2.7/unittest/loader.py&quot;, line 232, in _get_module_from_name
    __import__(name)
  File &quot;/home/travis/build/kaitai-io/ci_targets/tests/spec/python/test_cast_nested.py&quot;, line 5, in &lt;module&gt;
    from cast_nested import CastNested
ImportError: No module named cast_nested
" type="ImportError">
<![CDATA[ImportError: Failed to import test module: test_cast_nested
Traceback (most recent call last):
  File "/opt/python/2.7.14/lib/python2.7/unittest/loader.py", line 254, in _find_tests
    module = self._get_module_from_name(name)
  File "/opt/python/2.7.14/lib/python2.7/unittest/loader.py", line 232, in _get_module_from_name
    __import__(name)
  File "/home/travis/build/kaitai-io/ci_targets/tests/spec/python/test_cast_nested.py", line 5, in <module>
    from cast_nested import CastNested
ImportError: No module named cast_nested

]]>		</error>
	</testcase>
	<testcase classname="unittest.loader.ModuleImportFailure" name="test_cast_to_imported" time="0.000" timestamp="2018-04-22T17:03:24">
		<error message="Failed to import test module: test_cast_to_imported
Traceback (most recent call last):
  File &quot;/opt/python/2.7.14/lib/python2.7/unittest/loader.py&quot;, line 254, in _find_tests
    module = self._get_module_from_name(name)
  File &quot;/opt/python/2.7.14/lib/python2.7/unittest/loader.py&quot;, line 232, in _get_module_from_name
    __import__(name)
  File &quot;/home/travis/build/kaitai-io/ci_targets/tests/spec/python/test_cast_to_imported.py&quot;, line 5, in &lt;module&gt;
    from cast_to_imported import CastToImported
ImportError: No module named cast_to_imported
" type="ImportError">
<![CDATA[ImportError: Failed to import test module: test_cast_to_imported
Traceback (most recent call last):
  File "/opt/python/2.7.14/lib/python2.7/unittest/loader.py", line 254, in _find_tests
    module = self._get_module_from_name(name)
  File "/opt/python/2.7.14/lib/python2.7/unittest/loader.py", line 232, in _get_module_from_name
    __import__(name)
  File "/home/travis/build/kaitai-io/ci_targets/tests/spec/python/test_cast_to_imported.py", line 5, in <module>
    from cast_to_imported import CastToImported
ImportError: No module named cast_to_imported

]]>		</error>
	</testcase>
	<testcase classname="unittest.loader.ModuleImportFailure" name="test_cast_to_top" time="0.000" timestamp="2018-04-22T17:03:24">
		<error message="Failed to import test module: test_cast_to_top
Traceback (most recent call last):
  File &quot;/opt/python/2.7.14/lib/python2.7/unittest/loader.py&quot;, line 254, in _find_tests
    module = self._get_module_from_name(name)
  File &quot;/opt/python/2.7.14/lib/python2.7/unittest/loader.py&quot;, line 232, in _get_module_from_name
    __import__(name)
  File &quot;/home/travis/build/kaitai-io/ci_targets/tests/spec/python/test_cast_to_top.py&quot;, line 5, in &lt;module&gt;
    from cast_to_top import CastToTop
ImportError: No module named cast_to_top
" type="ImportError">
<![CDATA[ImportError: Failed to import test module: test_cast_to_top
Traceback (most recent call last):
  File "/opt/python/2.7.14/lib/python2.7/unittest/loader.py", line 254, in _find_tests
    module = self._get_module_from_name(name)
  File "/opt/python/2.7.14/lib/python2.7/unittest/loader.py", line 232, in _get_module_from_name
    __import__(name)
  File "/home/travis/build/kaitai-io/ci_targets/tests/spec/python/test_cast_to_top.py", line 5, in <module>
    from cast_to_top import CastToTop
ImportError: No module named cast_to_top

]]>		</error>
	</testcase>
	<testcase classname="unittest.loader.ModuleImportFailure" name="test_debug_0" time="0.000" timestamp="2018-04-22T17:03:24">
		<error message="Failed to import test module: test_debug_0
Traceback (most recent call last):
  File &quot;/opt/python/2.7.14/lib/python2.7/unittest/loader.py&quot;, line 254, in _find_tests
    module = self._get_module_from_name(name)
  File &quot;/opt/python/2.7.14/lib/python2.7/unittest/loader.py&quot;, line 232, in _get_module_from_name
    __import__(name)
  File &quot;/home/travis/build/kaitai-io/ci_targets/tests/spec/python/test_debug_0.py&quot;, line 3, in &lt;module&gt;
    from debug_0 import Debug0
ImportError: No module named debug_0
" type="ImportError">
<![CDATA[ImportError: Failed to import test module: test_debug_0
Traceback (most recent call last):
  File "/opt/python/2.7.14/lib/python2.7/unittest/loader.py", line 254, in _find_tests
    module = self._get_module_from_name(name)
  File "/opt/python/2.7.14/lib/python2.7/unittest/loader.py", line 232, in _get_module_from_name
    __import__(name)
  File "/home/travis/build/kaitai-io/ci_targets/tests/spec/python/test_debug_0.py", line 3, in <module>
    from debug_0 import Debug0
ImportError: No module named debug_0

]]>		</error>
	</testcase>
	<testcase classname="unittest.loader.ModuleImportFailure" name="test_debug_enum_name" time="0.000" timestamp="2018-04-22T17:03:24">
		<error message="Failed to import test module: test_debug_enum_name
Traceback (most recent call last):
  File &quot;/opt/python/2.7.14/lib/python2.7/unittest/loader.py&quot;, line 254, in _find_tests
    module = self._get_module_from_name(name)
  File &quot;/opt/python/2.7.14/lib/python2.7/unittest/loader.py&quot;, line 232, in _get_module_from_name
    __import__(name)
  File &quot;/home/travis/build/kaitai-io/ci_targets/tests/spec/python/test_debug_enum_name.py&quot;, line 3, in &lt;module&gt;
    from debug_enum_name import DebugEnumName
ImportError: No module named debug_enum_name
" type="ImportError">
<![CDATA[ImportError: Failed to import test module: test_debug_enum_name
Traceback (most recent call last):
  File "/opt/python/2.7.14/lib/python2.7/unittest/loader.py", line 254, in _find_tests
    module = self._get_module_from_name(name)
  File "/opt/python/2.7.14/lib/python2.7/unittest/loader.py", line 232, in _get_module_from_name
    __import__(name)
  File "/home/travis/build/kaitai-io/ci_targets/tests/spec/python/test_debug_enum_name.py", line 3, in <module>
    from debug_enum_name import DebugEnumName
ImportError: No module named debug_enum_name

]]>		</error>
	</testcase>
	<testcase classname="unittest.loader.ModuleImportFailure" name="test_default_big_endian" time="0.000" timestamp="2018-04-22T17:03:24">
		<error message="Failed to import test module: test_default_big_endian
Traceback (most recent call last):
  File &quot;/opt/python/2.7.14/lib/python2.7/unittest/loader.py&quot;, line 254, in _find_tests
    module = self._get_module_from_name(name)
  File &quot;/opt/python/2.7.14/lib/python2.7/unittest/loader.py&quot;, line 232, in _get_module_from_name
    __import__(name)
  File &quot;/home/travis/build/kaitai-io/ci_targets/tests/spec/python/test_default_big_endian.py&quot;, line 5, in &lt;module&gt;
    from default_big_endian import DefaultBigEndian
ImportError: No module named default_big_endian
" type="ImportError">
<![CDATA[ImportError: Failed to import test module: test_default_big_endian
Traceback (most recent call last):
  File "/opt/python/2.7.14/lib/python2.7/unittest/loader.py", line 254, in _find_tests
    module = self._get_module_from_name(name)
  File "/opt/python/2.7.14/lib/python2.7/unittest/loader.py", line 232, in _get_module_from_name
    __import__(name)
  File "/home/travis/build/kaitai-io/ci_targets/tests/spec/python/test_default_big_endian.py", line 5, in <module>
    from default_big_endian import DefaultBigEndian
ImportError: No module named default_big_endian

]]>		</error>
	</testcase>
	<testcase classname="unittest.loader.ModuleImportFailure" name="test_default_endian_expr_exception" time="0.000" timestamp="2018-04-22T17:03:24">
		<error message="Failed to import test module: test_default_endian_expr_exception
Traceback (most recent call last):
  File &quot;/opt/python/2.7.14/lib/python2.7/unittest/loader.py&quot;, line 254, in _find_tests
    module = self._get_module_from_name(name)
  File &quot;/opt/python/2.7.14/lib/python2.7/unittest/loader.py&quot;, line 232, in _get_module_from_name
    __import__(name)
  File &quot;/home/travis/build/kaitai-io/ci_targets/tests/spec/python/test_default_endian_expr_exception.py&quot;, line 3, in &lt;module&gt;
    from default_endian_expr_exception import DefaultEndianExprException
ImportError: No module named default_endian_expr_exception
" type="ImportError">
<![CDATA[ImportError: Failed to import test module: test_default_endian_expr_exception
Traceback (most recent call last):
  File "/opt/python/2.7.14/lib/python2.7/unittest/loader.py", line 254, in _find_tests
    module = self._get_module_from_name(name)
  File "/opt/python/2.7.14/lib/python2.7/unittest/loader.py", line 232, in _get_module_from_name
    __import__(name)
  File "/home/travis/build/kaitai-io/ci_targets/tests/spec/python/test_default_endian_expr_exception.py", line 3, in <module>
    from default_endian_expr_exception import DefaultEndianExprException
ImportError: No module named default_endian_expr_exception

]]>		</error>
	</testcase>
	<testcase classname="unittest.loader.ModuleImportFailure" name="test_default_endian_expr_inherited" time="0.000" timestamp="2018-04-22T17:03:24">
		<error message="Failed to import test module: test_default_endian_expr_inherited
Traceback (most recent call last):
  File &quot;/opt/python/2.7.14/lib/python2.7/unittest/loader.py&quot;, line 254, in _find_tests
    module = self._get_module_from_name(name)
  File &quot;/opt/python/2.7.14/lib/python2.7/unittest/loader.py&quot;, line 232, in _get_module_from_name
    __import__(name)
  File &quot;/home/travis/build/kaitai-io/ci_targets/tests/spec/python/test_default_endian_expr_inherited.py&quot;, line 5, in &lt;module&gt;
    from default_endian_expr_inherited import DefaultEndianExprInherited
ImportError: No module named default_endian_expr_inherited
" type="ImportError">
<![CDATA[ImportError: Failed to import test module: test_default_endian_expr_inherited
Traceback (most recent call last):
  File "/opt/python/2.7.14/lib/python2.7/unittest/loader.py", line 254, in _find_tests
    module = self._get_module_from_name(name)
  File "/opt/python/2.7.14/lib/python2.7/unittest/loader.py", line 232, in _get_module_from_name
    __import__(name)
  File "/home/travis/build/kaitai-io/ci_targets/tests/spec/python/test_default_endian_expr_inherited.py", line 5, in <module>
    from default_endian_expr_inherited import DefaultEndianExprInherited
ImportError: No module named default_endian_expr_inherited

]]>		</error>
	</testcase>
	<testcase classname="unittest.loader.ModuleImportFailure" name="test_default_endian_expr_is_be" time="0.000" timestamp="2018-04-22T17:03:24">
		<error message="Failed to import test module: test_default_endian_expr_is_be
Traceback (most recent call last):
  File &quot;/opt/python/2.7.14/lib/python2.7/unittest/loader.py&quot;, line 254, in _find_tests
    module = self._get_module_from_name(name)
  File &quot;/opt/python/2.7.14/lib/python2.7/unittest/loader.py&quot;, line 232, in _get_module_from_name
    __import__(name)
  File &quot;/home/travis/build/kaitai-io/ci_targets/tests/spec/python/test_default_endian_expr_is_be.py&quot;, line 5, in &lt;module&gt;
    from default_endian_expr_is_be import DefaultEndianExprIsBe
ImportError: No module named default_endian_expr_is_be
" type="ImportError">
<![CDATA[ImportError: Failed to import test module: test_default_endian_expr_is_be
Traceback (most recent call last):
  File "/opt/python/2.7.14/lib/python2.7/unittest/loader.py", line 254, in _find_tests
    module = self._get_module_from_name(name)
  File "/opt/python/2.7.14/lib/python2.7/unittest/loader.py", line 232, in _get_module_from_name
    __import__(name)
  File "/home/travis/build/kaitai-io/ci_targets/tests/spec/python/test_default_endian_expr_is_be.py", line 5, in <module>
    from default_endian_expr_is_be import DefaultEndianExprIsBe
ImportError: No module named default_endian_expr_is_be

]]>		</error>
	</testcase>
	<testcase classname="unittest.loader.ModuleImportFailure" name="test_default_endian_expr_is_le" time="0.000" timestamp="2018-04-22T17:03:24">
		<error message="Failed to import test module: test_default_endian_expr_is_le
Traceback (most recent call last):
  File &quot;/opt/python/2.7.14/lib/python2.7/unittest/loader.py&quot;, line 254, in _find_tests
    module = self._get_module_from_name(name)
  File &quot;/opt/python/2.7.14/lib/python2.7/unittest/loader.py&quot;, line 232, in _get_module_from_name
    __import__(name)
  File &quot;/home/travis/build/kaitai-io/ci_targets/tests/spec/python/test_default_endian_expr_is_le.py&quot;, line 5, in &lt;module&gt;
    from default_endian_expr_is_le import DefaultEndianExprIsLe
ImportError: No module named default_endian_expr_is_le
" type="ImportError">
<![CDATA[ImportError: Failed to import test module: test_default_endian_expr_is_le
Traceback (most recent call last):
  File "/opt/python/2.7.14/lib/python2.7/unittest/loader.py", line 254, in _find_tests
    module = self._get_module_from_name(name)
  File "/opt/python/2.7.14/lib/python2.7/unittest/loader.py", line 232, in _get_module_from_name
    __import__(name)
  File "/home/travis/build/kaitai-io/ci_targets/tests/spec/python/test_default_endian_expr_is_le.py", line 5, in <module>
    from default_endian_expr_is_le import DefaultEndianExprIsLe
ImportError: No module named default_endian_expr_is_le

]]>		</error>
	</testcase>
	<testcase classname="unittest.loader.ModuleImportFailure" name="test_default_endian_mod" time="0.000" timestamp="2018-04-22T17:03:24">
		<error message="Failed to import test module: test_default_endian_mod
Traceback (most recent call last):
  File &quot;/opt/python/2.7.14/lib/python2.7/unittest/loader.py&quot;, line 254, in _find_tests
    module = self._get_module_from_name(name)
  File &quot;/opt/python/2.7.14/lib/python2.7/unittest/loader.py&quot;, line 232, in _get_module_from_name
    __import__(name)
  File &quot;/home/travis/build/kaitai-io/ci_targets/tests/spec/python/test_default_endian_mod.py&quot;, line 5, in &lt;module&gt;
    from default_endian_mod import DefaultEndianMod
ImportError: No module named default_endian_mod
" type="ImportError">
<![CDATA[ImportError: Failed to import test module: test_default_endian_mod
Traceback (most recent call last):
  File "/opt/python/2.7.14/lib/python2.7/unittest/loader.py", line 254, in _find_tests
    module = self._get_module_from_name(name)
  File "/opt/python/2.7.14/lib/python2.7/unittest/loader.py", line 232, in _get_module_from_name
    __import__(name)
  File "/home/travis/build/kaitai-io/ci_targets/tests/spec/python/test_default_endian_mod.py", line 5, in <module>
    from default_endian_mod import DefaultEndianMod
ImportError: No module named default_endian_mod

]]>		</error>
	</testcase>
	<testcase classname="unittest.loader.ModuleImportFailure" name="test_docstrings" time="0.000" timestamp="2018-04-22T17:03:24">
		<error message="Failed to import test module: test_docstrings
Traceback (most recent call last):
  File &quot;/opt/python/2.7.14/lib/python2.7/unittest/loader.py&quot;, line 254, in _find_tests
    module = self._get_module_from_name(name)
  File &quot;/opt/python/2.7.14/lib/python2.7/unittest/loader.py&quot;, line 232, in _get_module_from_name
    __import__(name)
  File &quot;/home/travis/build/kaitai-io/ci_targets/tests/spec/python/test_docstrings.py&quot;, line 5, in &lt;module&gt;
    from docstrings import Docstrings
ImportError: No module named docstrings
" type="ImportError">
<![CDATA[ImportError: Failed to import test module: test_docstrings
Traceback (most recent call last):
  File "/opt/python/2.7.14/lib/python2.7/unittest/loader.py", line 254, in _find_tests
    module = self._get_module_from_name(name)
  File "/opt/python/2.7.14/lib/python2.7/unittest/loader.py", line 232, in _get_module_from_name
    __import__(name)
  File "/home/travis/build/kaitai-io/ci_targets/tests/spec/python/test_docstrings.py", line 5, in <module>
    from docstrings import Docstrings
ImportError: No module named docstrings

]]>		</error>
	</testcase>
	<testcase classname="unittest.loader.ModuleImportFailure" name="test_docstrings_docref" time="0.000" timestamp="2018-04-22T17:03:24">
		<error message="Failed to import test module: test_docstrings_docref
Traceback (most recent call last):
  File &quot;/opt/python/2.7.14/lib/python2.7/unittest/loader.py&quot;, line 254, in _find_tests
    module = self._get_module_from_name(name)
  File &quot;/opt/python/2.7.14/lib/python2.7/unittest/loader.py&quot;, line 232, in _get_module_from_name
    __import__(name)
  File &quot;/home/travis/build/kaitai-io/ci_targets/tests/spec/python/test_docstrings_docref.py&quot;, line 5, in &lt;module&gt;
    from docstrings_docref import DocstringsDocref
ImportError: No module named docstrings_docref
" type="ImportError">
<![CDATA[ImportError: Failed to import test module: test_docstrings_docref
Traceback (most recent call last):
  File "/opt/python/2.7.14/lib/python2.7/unittest/loader.py", line 254, in _find_tests
    module = self._get_module_from_name(name)
  File "/opt/python/2.7.14/lib/python2.7/unittest/loader.py", line 232, in _get_module_from_name
    __import__(name)
  File "/home/travis/build/kaitai-io/ci_targets/tests/spec/python/test_docstrings_docref.py", line 5, in <module>
    from docstrings_docref import DocstringsDocref
ImportError: No module named docstrings_docref

]]>		</error>
	</testcase>
	<testcase classname="unittest.loader.ModuleImportFailure" name="test_enum_0" time="0.000" timestamp="2018-04-22T17:03:24">
		<error message="Failed to import test module: test_enum_0
Traceback (most recent call last):
  File &quot;/opt/python/2.7.14/lib/python2.7/unittest/loader.py&quot;, line 254, in _find_tests
    module = self._get_module_from_name(name)
  File &quot;/opt/python/2.7.14/lib/python2.7/unittest/loader.py&quot;, line 232, in _get_module_from_name
    __import__(name)
  File &quot;/home/travis/build/kaitai-io/ci_targets/tests/spec/python/test_enum_0.py&quot;, line 3, in &lt;module&gt;
    from enum_0 import Enum0
ImportError: No module named enum_0
" type="ImportError">
<![CDATA[ImportError: Failed to import test module: test_enum_0
Traceback (most recent call last):
  File "/opt/python/2.7.14/lib/python2.7/unittest/loader.py", line 254, in _find_tests
    module = self._get_module_from_name(name)
  File "/opt/python/2.7.14/lib/python2.7/unittest/loader.py", line 232, in _get_module_from_name
    __import__(name)
  File "/home/travis/build/kaitai-io/ci_targets/tests/spec/python/test_enum_0.py", line 3, in <module>
    from enum_0 import Enum0
ImportError: No module named enum_0

]]>		</error>
	</testcase>
	<testcase classname="unittest.loader.ModuleImportFailure" name="test_enum_1" time="0.000" timestamp="2018-04-22T17:03:24">
		<error message="Failed to import test module: test_enum_1
Traceback (most recent call last):
  File &quot;/opt/python/2.7.14/lib/python2.7/unittest/loader.py&quot;, line 254, in _find_tests
    module = self._get_module_from_name(name)
  File &quot;/opt/python/2.7.14/lib/python2.7/unittest/loader.py&quot;, line 232, in _get_module_from_name
    __import__(name)
  File &quot;/home/travis/build/kaitai-io/ci_targets/tests/spec/python/test_enum_1.py&quot;, line 3, in &lt;module&gt;
    from enum_1 import Enum1
ImportError: No module named enum_1
" type="ImportError">
<![CDATA[ImportError: Failed to import test module: test_enum_1
Traceback (most recent call last):
  File "/opt/python/2.7.14/lib/python2.7/unittest/loader.py", line 254, in _find_tests
    module = self._get_module_from_name(name)
  File "/opt/python/2.7.14/lib/python2.7/unittest/loader.py", line 232, in _get_module_from_name
    __import__(name)
  File "/home/travis/build/kaitai-io/ci_targets/tests/spec/python/test_enum_1.py", line 3, in <module>
    from enum_1 import Enum1
ImportError: No module named enum_1

]]>		</error>
	</testcase>
	<testcase classname="unittest.loader.ModuleImportFailure" name="test_enum_fancy" time="0.000" timestamp="2018-04-22T17:03:24">
		<error message="Failed to import test module: test_enum_fancy
Traceback (most recent call last):
  File &quot;/opt/python/2.7.14/lib/python2.7/unittest/loader.py&quot;, line 254, in _find_tests
    module = self._get_module_from_name(name)
  File &quot;/opt/python/2.7.14/lib/python2.7/unittest/loader.py&quot;, line 232, in _get_module_from_name
    __import__(name)
  File &quot;/home/travis/build/kaitai-io/ci_targets/tests/spec/python/test_enum_fancy.py&quot;, line 3, in &lt;module&gt;
    from enum_fancy import EnumFancy
ImportError: No module named enum_fancy
" type="ImportError">
<![CDATA[ImportError: Failed to import test module: test_enum_fancy
Traceback (most recent call last):
  File "/opt/python/2.7.14/lib/python2.7/unittest/loader.py", line 254, in _find_tests
    module = self._get_module_from_name(name)
  File "/opt/python/2.7.14/lib/python2.7/unittest/loader.py", line 232, in _get_module_from_name
    __import__(name)
  File "/home/travis/build/kaitai-io/ci_targets/tests/spec/python/test_enum_fancy.py", line 3, in <module>
    from enum_fancy import EnumFancy
ImportError: No module named enum_fancy

]]>		</error>
	</testcase>
	<testcase classname="unittest.loader.ModuleImportFailure" name="test_enum_for_unknown_id" time="0.000" timestamp="2018-04-22T17:03:24">
		<error message="Failed to import test module: test_enum_for_unknown_id
Traceback (most recent call last):
  File &quot;/opt/python/2.7.14/lib/python2.7/unittest/loader.py&quot;, line 254, in _find_tests
    module = self._get_module_from_name(name)
  File &quot;/opt/python/2.7.14/lib/python2.7/unittest/loader.py&quot;, line 232, in _get_module_from_name
    __import__(name)
  File &quot;/home/travis/build/kaitai-io/ci_targets/tests/spec/python/test_enum_for_unknown_id.py&quot;, line 3, in &lt;module&gt;
    from enum_for_unknown_id import EnumForUnknownId
ImportError: No module named enum_for_unknown_id
" type="ImportError">
<![CDATA[ImportError: Failed to import test module: test_enum_for_unknown_id
Traceback (most recent call last):
  File "/opt/python/2.7.14/lib/python2.7/unittest/loader.py", line 254, in _find_tests
    module = self._get_module_from_name(name)
  File "/opt/python/2.7.14/lib/python2.7/unittest/loader.py", line 232, in _get_module_from_name
    __import__(name)
  File "/home/travis/build/kaitai-io/ci_targets/tests/spec/python/test_enum_for_unknown_id.py", line 3, in <module>
    from enum_for_unknown_id import EnumForUnknownId
ImportError: No module named enum_for_unknown_id

]]>		</error>
	</testcase>
	<testcase classname="unittest.loader.ModuleImportFailure" name="test_enum_if" time="0.000" timestamp="2018-04-22T17:03:24">
		<error message="Failed to import test module: test_enum_if
Traceback (most recent call last):
  File &quot;/opt/python/2.7.14/lib/python2.7/unittest/loader.py&quot;, line 254, in _find_tests
    module = self._get_module_from_name(name)
  File &quot;/opt/python/2.7.14/lib/python2.7/unittest/loader.py&quot;, line 232, in _get_module_from_name
    __import__(name)
  File &quot;/home/travis/build/kaitai-io/ci_targets/tests/spec/python/test_enum_if.py&quot;, line 3, in &lt;module&gt;
    from enum_if import EnumIf
ImportError: No module named enum_if
" type="ImportError">
<![CDATA[ImportError: Failed to import test module: test_enum_if
Traceback (most recent call last):
  File "/opt/python/2.7.14/lib/python2.7/unittest/loader.py", line 254, in _find_tests
    module = self._get_module_from_name(name)
  File "/opt/python/2.7.14/lib/python2.7/unittest/loader.py", line 232, in _get_module_from_name
    __import__(name)
  File "/home/travis/build/kaitai-io/ci_targets/tests/spec/python/test_enum_if.py", line 3, in <module>
    from enum_if import EnumIf
ImportError: No module named enum_if

]]>		</error>
	</testcase>
	<testcase classname="unittest.loader.ModuleImportFailure" name="test_enum_negative" time="0.000" timestamp="2018-04-22T17:03:24">
		<error message="Failed to import test module: test_enum_negative
Traceback (most recent call last):
  File &quot;/opt/python/2.7.14/lib/python2.7/unittest/loader.py&quot;, line 254, in _find_tests
    module = self._get_module_from_name(name)
  File &quot;/opt/python/2.7.14/lib/python2.7/unittest/loader.py&quot;, line 232, in _get_module_from_name
    __import__(name)
  File &quot;/home/travis/build/kaitai-io/ci_targets/tests/spec/python/test_enum_negative.py&quot;, line 3, in &lt;module&gt;
    from enum_negative import EnumNegative
ImportError: No module named enum_negative
" type="ImportError">
<![CDATA[ImportError: Failed to import test module: test_enum_negative
Traceback (most recent call last):
  File "/opt/python/2.7.14/lib/python2.7/unittest/loader.py", line 254, in _find_tests
    module = self._get_module_from_name(name)
  File "/opt/python/2.7.14/lib/python2.7/unittest/loader.py", line 232, in _get_module_from_name
    __import__(name)
  File "/home/travis/build/kaitai-io/ci_targets/tests/spec/python/test_enum_negative.py", line 3, in <module>
    from enum_negative import EnumNegative
ImportError: No module named enum_negative

]]>		</error>
	</testcase>
	<testcase classname="unittest.loader.ModuleImportFailure" name="test_enum_of_value_inst" time="0.000" timestamp="2018-04-22T17:03:24">
		<error message="Failed to import test module: test_enum_of_value_inst
Traceback (most recent call last):
  File &quot;/opt/python/2.7.14/lib/python2.7/unittest/loader.py&quot;, line 254, in _find_tests
    module = self._get_module_from_name(name)
  File &quot;/opt/python/2.7.14/lib/python2.7/unittest/loader.py&quot;, line 232, in _get_module_from_name
    __import__(name)
  File &quot;/home/travis/build/kaitai-io/ci_targets/tests/spec/python/test_enum_of_value_inst.py&quot;, line 3, in &lt;module&gt;
    from enum_of_value_inst import EnumOfValueInst
ImportError: No module named enum_of_value_inst
" type="ImportError">
<![CDATA[ImportError: Failed to import test module: test_enum_of_value_inst
Traceback (most recent call last):
  File "/opt/python/2.7.14/lib/python2.7/unittest/loader.py", line 254, in _find_tests
    module = self._get_module_from_name(name)
  File "/opt/python/2.7.14/lib/python2.7/unittest/loader.py", line 232, in _get_module_from_name
    __import__(name)
  File "/home/travis/build/kaitai-io/ci_targets/tests/spec/python/test_enum_of_value_inst.py", line 3, in <module>
    from enum_of_value_inst import EnumOfValueInst
ImportError: No module named enum_of_value_inst

]]>		</error>
	</testcase>
	<testcase classname="unittest.loader.ModuleImportFailure" name="test_enum_to_i" time="0.000" timestamp="2018-04-22T17:03:24">
		<error message="Failed to import test module: test_enum_to_i
Traceback (most recent call last):
  File &quot;/opt/python/2.7.14/lib/python2.7/unittest/loader.py&quot;, line 254, in _find_tests
    module = self._get_module_from_name(name)
  File &quot;/opt/python/2.7.14/lib/python2.7/unittest/loader.py&quot;, line 232, in _get_module_from_name
    __import__(name)
  File &quot;/home/travis/build/kaitai-io/ci_targets/tests/spec/python/test_enum_to_i.py&quot;, line 3, in &lt;module&gt;
    from enum_to_i import EnumToI
ImportError: No module named enum_to_i
" type="ImportError">
<![CDATA[ImportError: Failed to import test module: test_enum_to_i
Traceback (most recent call last):
  File "/opt/python/2.7.14/lib/python2.7/unittest/loader.py", line 254, in _find_tests
    module = self._get_module_from_name(name)
  File "/opt/python/2.7.14/lib/python2.7/unittest/loader.py", line 232, in _get_module_from_name
    __import__(name)
  File "/home/travis/build/kaitai-io/ci_targets/tests/spec/python/test_enum_to_i.py", line 3, in <module>
    from enum_to_i import EnumToI
ImportError: No module named enum_to_i

]]>		</error>
	</testcase>
	<testcase classname="unittest.loader.ModuleImportFailure" name="test_eof_exception_bytes" time="0.000" timestamp="2018-04-22T17:03:24">
		<error message="Failed to import test module: test_eof_exception_bytes
Traceback (most recent call last):
  File &quot;/opt/python/2.7.14/lib/python2.7/unittest/loader.py&quot;, line 254, in _find_tests
    module = self._get_module_from_name(name)
  File &quot;/opt/python/2.7.14/lib/python2.7/unittest/loader.py&quot;, line 232, in _get_module_from_name
    __import__(name)
  File &quot;/home/travis/build/kaitai-io/ci_targets/tests/spec/python/test_eof_exception_bytes.py&quot;, line 3, in &lt;module&gt;
    from eof_exception_bytes import EofExceptionBytes
ImportError: No module named eof_exception_bytes
" type="ImportError">
<![CDATA[ImportError: Failed to import test module: test_eof_exception_bytes
Traceback (most recent call last):
  File "/opt/python/2.7.14/lib/python2.7/unittest/loader.py", line 254, in _find_tests
    module = self._get_module_from_name(name)
  File "/opt/python/2.7.14/lib/python2.7/unittest/loader.py", line 232, in _get_module_from_name
    __import__(name)
  File "/home/travis/build/kaitai-io/ci_targets/tests/spec/python/test_eof_exception_bytes.py", line 3, in <module>
    from eof_exception_bytes import EofExceptionBytes
ImportError: No module named eof_exception_bytes

]]>		</error>
	</testcase>
	<testcase classname="unittest.loader.ModuleImportFailure" name="test_eof_exception_u4" time="0.000" timestamp="2018-04-22T17:03:24">
		<error message="Failed to import test module: test_eof_exception_u4
Traceback (most recent call last):
  File &quot;/opt/python/2.7.14/lib/python2.7/unittest/loader.py&quot;, line 254, in _find_tests
    module = self._get_module_from_name(name)
  File &quot;/opt/python/2.7.14/lib/python2.7/unittest/loader.py&quot;, line 232, in _get_module_from_name
    __import__(name)
  File &quot;/home/travis/build/kaitai-io/ci_targets/tests/spec/python/test_eof_exception_u4.py&quot;, line 3, in &lt;module&gt;
    from eof_exception_u4 import EofExceptionU4
ImportError: No module named eof_exception_u4
" type="ImportError">
<![CDATA[ImportError: Failed to import test module: test_eof_exception_u4
Traceback (most recent call last):
  File "/opt/python/2.7.14/lib/python2.7/unittest/loader.py", line 254, in _find_tests
    module = self._get_module_from_name(name)
  File "/opt/python/2.7.14/lib/python2.7/unittest/loader.py", line 232, in _get_module_from_name
    __import__(name)
  File "/home/travis/build/kaitai-io/ci_targets/tests/spec/python/test_eof_exception_u4.py", line 3, in <module>
    from eof_exception_u4 import EofExceptionU4
ImportError: No module named eof_exception_u4

]]>		</error>
	</testcase>
	<testcase classname="unittest.loader.ModuleImportFailure" name="test_expr_0" time="0.000" timestamp="2018-04-22T17:03:24">
		<error message="Failed to import test module: test_expr_0
Traceback (most recent call last):
  File &quot;/opt/python/2.7.14/lib/python2.7/unittest/loader.py&quot;, line 254, in _find_tests
    module = self._get_module_from_name(name)
  File &quot;/opt/python/2.7.14/lib/python2.7/unittest/loader.py&quot;, line 232, in _get_module_from_name
    __import__(name)
  File &quot;/home/travis/build/kaitai-io/ci_targets/tests/spec/python/test_expr_0.py&quot;, line 5, in &lt;module&gt;
    from expr_0 import Expr0
ImportError: No module named expr_0
" type="ImportError">
<![CDATA[ImportError: Failed to import test module: test_expr_0
Traceback (most recent call last):
  File "/opt/python/2.7.14/lib/python2.7/unittest/loader.py", line 254, in _find_tests
    module = self._get_module_from_name(name)
  File "/opt/python/2.7.14/lib/python2.7/unittest/loader.py", line 232, in _get_module_from_name
    __import__(name)
  File "/home/travis/build/kaitai-io/ci_targets/tests/spec/python/test_expr_0.py", line 5, in <module>
    from expr_0 import Expr0
ImportError: No module named expr_0

]]>		</error>
	</testcase>
	<testcase classname="unittest.loader.ModuleImportFailure" name="test_expr_1" time="0.000" timestamp="2018-04-22T17:03:24">
		<error message="Failed to import test module: test_expr_1
Traceback (most recent call last):
  File &quot;/opt/python/2.7.14/lib/python2.7/unittest/loader.py&quot;, line 254, in _find_tests
    module = self._get_module_from_name(name)
  File &quot;/opt/python/2.7.14/lib/python2.7/unittest/loader.py&quot;, line 232, in _get_module_from_name
    __import__(name)
  File &quot;/home/travis/build/kaitai-io/ci_targets/tests/spec/python/test_expr_1.py&quot;, line 5, in &lt;module&gt;
    from expr_1 import Expr1
ImportError: No module named expr_1
" type="ImportError">
<![CDATA[ImportError: Failed to import test module: test_expr_1
Traceback (most recent call last):
  File "/opt/python/2.7.14/lib/python2.7/unittest/loader.py", line 254, in _find_tests
    module = self._get_module_from_name(name)
  File "/opt/python/2.7.14/lib/python2.7/unittest/loader.py", line 232, in _get_module_from_name
    __import__(name)
  File "/home/travis/build/kaitai-io/ci_targets/tests/spec/python/test_expr_1.py", line 5, in <module>
    from expr_1 import Expr1
ImportError: No module named expr_1

]]>		</error>
	</testcase>
	<testcase classname="unittest.loader.ModuleImportFailure" name="test_expr_2" time="0.000" timestamp="2018-04-22T17:03:24">
		<error message="Failed to import test module: test_expr_2
Traceback (most recent call last):
  File &quot;/opt/python/2.7.14/lib/python2.7/unittest/loader.py&quot;, line 254, in _find_tests
    module = self._get_module_from_name(name)
  File &quot;/opt/python/2.7.14/lib/python2.7/unittest/loader.py&quot;, line 232, in _get_module_from_name
    __import__(name)
  File &quot;/home/travis/build/kaitai-io/ci_targets/tests/spec/python/test_expr_2.py&quot;, line 5, in &lt;module&gt;
    from expr_2 import Expr2
ImportError: No module named expr_2
" type="ImportError">
<![CDATA[ImportError: Failed to import test module: test_expr_2
Traceback (most recent call last):
  File "/opt/python/2.7.14/lib/python2.7/unittest/loader.py", line 254, in _find_tests
    module = self._get_module_from_name(name)
  File "/opt/python/2.7.14/lib/python2.7/unittest/loader.py", line 232, in _get_module_from_name
    __import__(name)
  File "/home/travis/build/kaitai-io/ci_targets/tests/spec/python/test_expr_2.py", line 5, in <module>
    from expr_2 import Expr2
ImportError: No module named expr_2

]]>		</error>
	</testcase>
	<testcase classname="unittest.loader.ModuleImportFailure" name="test_expr_3" time="0.000" timestamp="2018-04-22T17:03:24">
		<error message="Failed to import test module: test_expr_3
Traceback (most recent call last):
  File &quot;/opt/python/2.7.14/lib/python2.7/unittest/loader.py&quot;, line 254, in _find_tests
    module = self._get_module_from_name(name)
  File &quot;/opt/python/2.7.14/lib/python2.7/unittest/loader.py&quot;, line 232, in _get_module_from_name
    __import__(name)
  File &quot;/home/travis/build/kaitai-io/ci_targets/tests/spec/python/test_expr_3.py&quot;, line 5, in &lt;module&gt;
    from expr_3 import Expr3
ImportError: No module named expr_3
" type="ImportError">
<![CDATA[ImportError: Failed to import test module: test_expr_3
Traceback (most recent call last):
  File "/opt/python/2.7.14/lib/python2.7/unittest/loader.py", line 254, in _find_tests
    module = self._get_module_from_name(name)
  File "/opt/python/2.7.14/lib/python2.7/unittest/loader.py", line 232, in _get_module_from_name
    __import__(name)
  File "/home/travis/build/kaitai-io/ci_targets/tests/spec/python/test_expr_3.py", line 5, in <module>
    from expr_3 import Expr3
ImportError: No module named expr_3

]]>		</error>
	</testcase>
	<testcase classname="unittest.loader.ModuleImportFailure" name="test_expr_array" time="0.000" timestamp="2018-04-22T17:03:24">
		<error message="Failed to import test module: test_expr_array
Traceback (most recent call last):
  File &quot;/opt/python/2.7.14/lib/python2.7/unittest/loader.py&quot;, line 254, in _find_tests
    module = self._get_module_from_name(name)
  File &quot;/opt/python/2.7.14/lib/python2.7/unittest/loader.py&quot;, line 232, in _get_module_from_name
    __import__(name)
  File &quot;/home/travis/build/kaitai-io/ci_targets/tests/spec/python/test_expr_array.py&quot;, line 5, in &lt;module&gt;
    from expr_array import ExprArray
ImportError: No module named expr_array
" type="ImportError">
<![CDATA[ImportError: Failed to import test module: test_expr_array
Traceback (most recent call last):
  File "/opt/python/2.7.14/lib/python2.7/unittest/loader.py", line 254, in _find_tests
    module = self._get_module_from_name(name)
  File "/opt/python/2.7.14/lib/python2.7/unittest/loader.py", line 232, in _get_module_from_name
    __import__(name)
  File "/home/travis/build/kaitai-io/ci_targets/tests/spec/python/test_expr_array.py", line 5, in <module>
    from expr_array import ExprArray
ImportError: No module named expr_array

]]>		</error>
	</testcase>
	<testcase classname="unittest.loader.ModuleImportFailure" name="test_expr_bytes_cmp" time="0.000" timestamp="2018-04-22T17:03:24">
		<error message="Failed to import test module: test_expr_bytes_cmp
Traceback (most recent call last):
  File &quot;/opt/python/2.7.14/lib/python2.7/unittest/loader.py&quot;, line 254, in _find_tests
    module = self._get_module_from_name(name)
  File &quot;/opt/python/2.7.14/lib/python2.7/unittest/loader.py&quot;, line 232, in _get_module_from_name
    __import__(name)
  File &quot;/home/travis/build/kaitai-io/ci_targets/tests/spec/python/test_expr_bytes_cmp.py&quot;, line 5, in &lt;module&gt;
    from expr_bytes_cmp import ExprBytesCmp
ImportError: No module named expr_bytes_cmp
" type="ImportError">
<![CDATA[ImportError: Failed to import test module: test_expr_bytes_cmp
Traceback (most recent call last):
  File "/opt/python/2.7.14/lib/python2.7/unittest/loader.py", line 254, in _find_tests
    module = self._get_module_from_name(name)
  File "/opt/python/2.7.14/lib/python2.7/unittest/loader.py", line 232, in _get_module_from_name
    __import__(name)
  File "/home/travis/build/kaitai-io/ci_targets/tests/spec/python/test_expr_bytes_cmp.py", line 5, in <module>
    from expr_bytes_cmp import ExprBytesCmp
ImportError: No module named expr_bytes_cmp

]]>		</error>
	</testcase>
	<testcase classname="unittest.loader.ModuleImportFailure" name="test_expr_enum" time="0.000" timestamp="2018-04-22T17:03:24">
		<error message="Failed to import test module: test_expr_enum
Traceback (most recent call last):
  File &quot;/opt/python/2.7.14/lib/python2.7/unittest/loader.py&quot;, line 254, in _find_tests
    module = self._get_module_from_name(name)
  File &quot;/opt/python/2.7.14/lib/python2.7/unittest/loader.py&quot;, line 232, in _get_module_from_name
    __import__(name)
  File &quot;/home/travis/build/kaitai-io/ci_targets/tests/spec/python/test_expr_enum.py&quot;, line 3, in &lt;module&gt;
    from expr_enum import ExprEnum
ImportError: No module named expr_enum
" type="ImportError">
<![CDATA[ImportError: Failed to import test module: test_expr_enum
Traceback (most recent call last):
  File "/opt/python/2.7.14/lib/python2.7/unittest/loader.py", line 254, in _find_tests
    module = self._get_module_from_name(name)
  File "/opt/python/2.7.14/lib/python2.7/unittest/loader.py", line 232, in _get_module_from_name
    __import__(name)
  File "/home/travis/build/kaitai-io/ci_targets/tests/spec/python/test_expr_enum.py", line 3, in <module>
    from expr_enum import ExprEnum
ImportError: No module named expr_enum

]]>		</error>
	</testcase>
	<testcase classname="unittest.loader.ModuleImportFailure" name="test_expr_io_eof" time="0.000" timestamp="2018-04-22T17:03:24">
		<error message="Failed to import test module: test_expr_io_eof
Traceback (most recent call last):
  File &quot;/opt/python/2.7.14/lib/python2.7/unittest/loader.py&quot;, line 254, in _find_tests
    module = self._get_module_from_name(name)
  File &quot;/opt/python/2.7.14/lib/python2.7/unittest/loader.py&quot;, line 232, in _get_module_from_name
    __import__(name)
  File &quot;/home/travis/build/kaitai-io/ci_targets/tests/spec/python/test_expr_io_eof.py&quot;, line 3, in &lt;module&gt;
    from expr_io_eof import ExprIoEof
ImportError: No module named expr_io_eof
" type="ImportError">
<![CDATA[ImportError: Failed to import test module: test_expr_io_eof
Traceback (most recent call last):
  File "/opt/python/2.7.14/lib/python2.7/unittest/loader.py", line 254, in _find_tests
    module = self._get_module_from_name(name)
  File "/opt/python/2.7.14/lib/python2.7/unittest/loader.py", line 232, in _get_module_from_name
    __import__(name)
  File "/home/travis/build/kaitai-io/ci_targets/tests/spec/python/test_expr_io_eof.py", line 3, in <module>
    from expr_io_eof import ExprIoEof
ImportError: No module named expr_io_eof

]]>		</error>
	</testcase>
	<testcase classname="unittest.loader.ModuleImportFailure" name="test_expr_io_pos" time="0.000" timestamp="2018-04-22T17:03:24">
		<error message="Failed to import test module: test_expr_io_pos
Traceback (most recent call last):
  File &quot;/opt/python/2.7.14/lib/python2.7/unittest/loader.py&quot;, line 254, in _find_tests
    module = self._get_module_from_name(name)
  File &quot;/opt/python/2.7.14/lib/python2.7/unittest/loader.py&quot;, line 232, in _get_module_from_name
    __import__(name)
  File &quot;/home/travis/build/kaitai-io/ci_targets/tests/spec/python/test_expr_io_pos.py&quot;, line 5, in &lt;module&gt;
    from expr_io_pos import ExprIoPos
ImportError: No module named expr_io_pos
" type="ImportError">
<![CDATA[ImportError: Failed to import test module: test_expr_io_pos
Traceback (most recent call last):
  File "/opt/python/2.7.14/lib/python2.7/unittest/loader.py", line 254, in _find_tests
    module = self._get_module_from_name(name)
  File "/opt/python/2.7.14/lib/python2.7/unittest/loader.py", line 232, in _get_module_from_name
    __import__(name)
  File "/home/travis/build/kaitai-io/ci_targets/tests/spec/python/test_expr_io_pos.py", line 5, in <module>
    from expr_io_pos import ExprIoPos
ImportError: No module named expr_io_pos

]]>		</error>
	</testcase>
	<testcase classname="unittest.loader.ModuleImportFailure" name="test_expr_mod" time="0.000" timestamp="2018-04-22T17:03:24">
		<error message="Failed to import test module: test_expr_mod
Traceback (most recent call last):
  File &quot;/opt/python/2.7.14/lib/python2.7/unittest/loader.py&quot;, line 254, in _find_tests
    module = self._get_module_from_name(name)
  File &quot;/opt/python/2.7.14/lib/python2.7/unittest/loader.py&quot;, line 232, in _get_module_from_name
    __import__(name)
  File &quot;/home/travis/build/kaitai-io/ci_targets/tests/spec/python/test_expr_mod.py&quot;, line 5, in &lt;module&gt;
    from expr_mod import ExprMod
ImportError: No module named expr_mod
" type="ImportError">
<![CDATA[ImportError: Failed to import test module: test_expr_mod
Traceback (most recent call last):
  File "/opt/python/2.7.14/lib/python2.7/unittest/loader.py", line 254, in _find_tests
    module = self._get_module_from_name(name)
  File "/opt/python/2.7.14/lib/python2.7/unittest/loader.py", line 232, in _get_module_from_name
    __import__(name)
  File "/home/travis/build/kaitai-io/ci_targets/tests/spec/python/test_expr_mod.py", line 5, in <module>
    from expr_mod import ExprMod
ImportError: No module named expr_mod

]]>		</error>
	</testcase>
	<testcase classname="unittest.loader.ModuleImportFailure" name="test_fixed_contents" time="0.000" timestamp="2018-04-22T17:03:24">
		<error message="Failed to import test module: test_fixed_contents
Traceback (most recent call last):
  File &quot;/opt/python/2.7.14/lib/python2.7/unittest/loader.py&quot;, line 254, in _find_tests
    module = self._get_module_from_name(name)
  File &quot;/opt/python/2.7.14/lib/python2.7/unittest/loader.py&quot;, line 232, in _get_module_from_name
    __import__(name)
  File &quot;/home/travis/build/kaitai-io/ci_targets/tests/spec/python/test_fixed_contents.py&quot;, line 5, in &lt;module&gt;
    from fixed_contents import FixedContents
ImportError: No module named fixed_contents
" type="ImportError">
<![CDATA[ImportError: Failed to import test module: test_fixed_contents
Traceback (most recent call last):
  File "/opt/python/2.7.14/lib/python2.7/unittest/loader.py", line 254, in _find_tests
    module = self._get_module_from_name(name)
  File "/opt/python/2.7.14/lib/python2.7/unittest/loader.py", line 232, in _get_module_from_name
    __import__(name)
  File "/home/travis/build/kaitai-io/ci_targets/tests/spec/python/test_fixed_contents.py", line 5, in <module>
    from fixed_contents import FixedContents
ImportError: No module named fixed_contents

]]>		</error>
	</testcase>
	<testcase classname="unittest.loader.ModuleImportFailure" name="test_fixed_struct" time="0.000" timestamp="2018-04-22T17:03:24">
		<error message="Failed to import test module: test_fixed_struct
Traceback (most recent call last):
  File &quot;/opt/python/2.7.14/lib/python2.7/unittest/loader.py&quot;, line 254, in _find_tests
    module = self._get_module_from_name(name)
  File &quot;/opt/python/2.7.14/lib/python2.7/unittest/loader.py&quot;, line 232, in _get_module_from_name
    __import__(name)
  File &quot;/home/travis/build/kaitai-io/ci_targets/tests/spec/python/test_fixed_struct.py&quot;, line 5, in &lt;module&gt;
    from fixed_struct import FixedStruct
ImportError: No module named fixed_struct
" type="ImportError">
<![CDATA[ImportError: Failed to import test module: test_fixed_struct
Traceback (most recent call last):
  File "/opt/python/2.7.14/lib/python2.7/unittest/loader.py", line 254, in _find_tests
    module = self._get_module_from_name(name)
  File "/opt/python/2.7.14/lib/python2.7/unittest/loader.py", line 232, in _get_module_from_name
    __import__(name)
  File "/home/travis/build/kaitai-io/ci_targets/tests/spec/python/test_fixed_struct.py", line 5, in <module>
    from fixed_struct import FixedStruct
ImportError: No module named fixed_struct

]]>		</error>
	</testcase>
	<testcase classname="unittest.loader.ModuleImportFailure" name="test_float_to_i" time="0.000" timestamp="2018-04-22T17:03:24">
		<error message="Failed to import test module: test_float_to_i
Traceback (most recent call last):
  File &quot;/opt/python/2.7.14/lib/python2.7/unittest/loader.py&quot;, line 254, in _find_tests
    module = self._get_module_from_name(name)
  File &quot;/opt/python/2.7.14/lib/python2.7/unittest/loader.py&quot;, line 232, in _get_module_from_name
    __import__(name)
  File &quot;/home/travis/build/kaitai-io/ci_targets/tests/spec/python/test_float_to_i.py&quot;, line 5, in &lt;module&gt;
    from float_to_i import FloatToI
ImportError: No module named float_to_i
" type="ImportError">
<![CDATA[ImportError: Failed to import test module: test_float_to_i
Traceback (most recent call last):
  File "/opt/python/2.7.14/lib/python2.7/unittest/loader.py", line 254, in _find_tests
    module = self._get_module_from_name(name)
  File "/opt/python/2.7.14/lib/python2.7/unittest/loader.py", line 232, in _get_module_from_name
    __import__(name)
  File "/home/travis/build/kaitai-io/ci_targets/tests/spec/python/test_float_to_i.py", line 5, in <module>
    from float_to_i import FloatToI
ImportError: No module named float_to_i

]]>		</error>
	</testcase>
	<testcase classname="unittest.loader.ModuleImportFailure" name="test_floating_points" time="0.000" timestamp="2018-04-22T17:03:24">
		<error message="Failed to import test module: test_floating_points
Traceback (most recent call last):
  File &quot;/opt/python/2.7.14/lib/python2.7/unittest/loader.py&quot;, line 254, in _find_tests
    module = self._get_module_from_name(name)
  File &quot;/opt/python/2.7.14/lib/python2.7/unittest/loader.py&quot;, line 232, in _get_module_from_name
    __import__(name)
  File &quot;/home/travis/build/kaitai-io/ci_targets/tests/spec/python/test_floating_points.py&quot;, line 3, in &lt;module&gt;
    from floating_points import FloatingPoints
ImportError: No module named floating_points
" type="ImportError">
<![CDATA[ImportError: Failed to import test module: test_floating_points
Traceback (most recent call last):
  File "/opt/python/2.7.14/lib/python2.7/unittest/loader.py", line 254, in _find_tests
    module = self._get_module_from_name(name)
  File "/opt/python/2.7.14/lib/python2.7/unittest/loader.py", line 232, in _get_module_from_name
    __import__(name)
  File "/home/travis/build/kaitai-io/ci_targets/tests/spec/python/test_floating_points.py", line 3, in <module>
    from floating_points import FloatingPoints
ImportError: No module named floating_points

]]>		</error>
	</testcase>
	<testcase classname="unittest.loader.ModuleImportFailure" name="test_hello_world" time="0.000" timestamp="2018-04-22T17:03:24">
		<error message="Failed to import test module: test_hello_world
Traceback (most recent call last):
  File &quot;/opt/python/2.7.14/lib/python2.7/unittest/loader.py&quot;, line 254, in _find_tests
    module = self._get_module_from_name(name)
  File &quot;/opt/python/2.7.14/lib/python2.7/unittest/loader.py&quot;, line 232, in _get_module_from_name
    __import__(name)
  File &quot;/home/travis/build/kaitai-io/ci_targets/tests/spec/python/test_hello_world.py&quot;, line 5, in &lt;module&gt;
    from hello_world import HelloWorld
ImportError: No module named hello_world
" type="ImportError">
<![CDATA[ImportError: Failed to import test module: test_hello_world
Traceback (most recent call last):
  File "/opt/python/2.7.14/lib/python2.7/unittest/loader.py", line 254, in _find_tests
    module = self._get_module_from_name(name)
  File "/opt/python/2.7.14/lib/python2.7/unittest/loader.py", line 232, in _get_module_from_name
    __import__(name)
  File "/home/travis/build/kaitai-io/ci_targets/tests/spec/python/test_hello_world.py", line 5, in <module>
    from hello_world import HelloWorld
ImportError: No module named hello_world

]]>		</error>
	</testcase>
	<testcase classname="unittest.loader.ModuleImportFailure" name="test_if_instances" time="0.000" timestamp="2018-04-22T17:03:24">
		<error message="Failed to import test module: test_if_instances
Traceback (most recent call last):
  File &quot;/opt/python/2.7.14/lib/python2.7/unittest/loader.py&quot;, line 254, in _find_tests
    module = self._get_module_from_name(name)
  File &quot;/opt/python/2.7.14/lib/python2.7/unittest/loader.py&quot;, line 232, in _get_module_from_name
    __import__(name)
  File &quot;/home/travis/build/kaitai-io/ci_targets/tests/spec/python/test_if_instances.py&quot;, line 3, in &lt;module&gt;
    from if_instances import IfInstances
ImportError: No module named if_instances
" type="ImportError">
<![CDATA[ImportError: Failed to import test module: test_if_instances
Traceback (most recent call last):
  File "/opt/python/2.7.14/lib/python2.7/unittest/loader.py", line 254, in _find_tests
    module = self._get_module_from_name(name)
  File "/opt/python/2.7.14/lib/python2.7/unittest/loader.py", line 232, in _get_module_from_name
    __import__(name)
  File "/home/travis/build/kaitai-io/ci_targets/tests/spec/python/test_if_instances.py", line 3, in <module>
    from if_instances import IfInstances
ImportError: No module named if_instances

]]>		</error>
	</testcase>
	<testcase classname="unittest.loader.ModuleImportFailure" name="test_if_struct" time="0.000" timestamp="2018-04-22T17:03:24">
		<error message="Failed to import test module: test_if_struct
Traceback (most recent call last):
  File &quot;/opt/python/2.7.14/lib/python2.7/unittest/loader.py&quot;, line 254, in _find_tests
    module = self._get_module_from_name(name)
  File &quot;/opt/python/2.7.14/lib/python2.7/unittest/loader.py&quot;, line 232, in _get_module_from_name
    __import__(name)
  File &quot;/home/travis/build/kaitai-io/ci_targets/tests/spec/python/test_if_struct.py&quot;, line 5, in &lt;module&gt;
    from if_struct import IfStruct
ImportError: No module named if_struct
" type="ImportError">
<![CDATA[ImportError: Failed to import test module: test_if_struct
Traceback (most recent call last):
  File "/opt/python/2.7.14/lib/python2.7/unittest/loader.py", line 254, in _find_tests
    module = self._get_module_from_name(name)
  File "/opt/python/2.7.14/lib/python2.7/unittest/loader.py", line 232, in _get_module_from_name
    __import__(name)
  File "/home/travis/build/kaitai-io/ci_targets/tests/spec/python/test_if_struct.py", line 5, in <module>
    from if_struct import IfStruct
ImportError: No module named if_struct

]]>		</error>
	</testcase>
	<testcase classname="unittest.loader.ModuleImportFailure" name="test_if_values" time="0.000" timestamp="2018-04-22T17:03:24">
		<error message="Failed to import test module: test_if_values
Traceback (most recent call last):
  File &quot;/opt/python/2.7.14/lib/python2.7/unittest/loader.py&quot;, line 254, in _find_tests
    module = self._get_module_from_name(name)
  File &quot;/opt/python/2.7.14/lib/python2.7/unittest/loader.py&quot;, line 232, in _get_module_from_name
    __import__(name)
  File &quot;/home/travis/build/kaitai-io/ci_targets/tests/spec/python/test_if_values.py&quot;, line 5, in &lt;module&gt;
    from if_values import IfValues
ImportError: No module named if_values
" type="ImportError">
<![CDATA[ImportError: Failed to import test module: test_if_values
Traceback (most recent call last):
  File "/opt/python/2.7.14/lib/python2.7/unittest/loader.py", line 254, in _find_tests
    module = self._get_module_from_name(name)
  File "/opt/python/2.7.14/lib/python2.7/unittest/loader.py", line 232, in _get_module_from_name
    __import__(name)
  File "/home/travis/build/kaitai-io/ci_targets/tests/spec/python/test_if_values.py", line 5, in <module>
    from if_values import IfValues
ImportError: No module named if_values

]]>		</error>
	</testcase>
	<testcase classname="unittest.loader.ModuleImportFailure" name="test_imports0" time="0.000" timestamp="2018-04-22T17:03:24">
		<error message="Failed to import test module: test_imports0
Traceback (most recent call last):
  File &quot;/opt/python/2.7.14/lib/python2.7/unittest/loader.py&quot;, line 254, in _find_tests
    module = self._get_module_from_name(name)
  File &quot;/opt/python/2.7.14/lib/python2.7/unittest/loader.py&quot;, line 232, in _get_module_from_name
    __import__(name)
  File &quot;/home/travis/build/kaitai-io/ci_targets/tests/spec/python/test_imports0.py&quot;, line 3, in &lt;module&gt;
    from imports0 import Imports0
ImportError: No module named imports0
" type="ImportError">
<![CDATA[ImportError: Failed to import test module: test_imports0
Traceback (most recent call last):
  File "/opt/python/2.7.14/lib/python2.7/unittest/loader.py", line 254, in _find_tests
    module = self._get_module_from_name(name)
  File "/opt/python/2.7.14/lib/python2.7/unittest/loader.py", line 232, in _get_module_from_name
    __import__(name)
  File "/home/travis/build/kaitai-io/ci_targets/tests/spec/python/test_imports0.py", line 3, in <module>
    from imports0 import Imports0
ImportError: No module named imports0

]]>		</error>
	</testcase>
	<testcase classname="unittest.loader.ModuleImportFailure" name="test_imports_abs" time="0.000" timestamp="2018-04-22T17:03:24">
		<error message="Failed to import test module: test_imports_abs
Traceback (most recent call last):
  File &quot;/opt/python/2.7.14/lib/python2.7/unittest/loader.py&quot;, line 254, in _find_tests
    module = self._get_module_from_name(name)
  File &quot;/opt/python/2.7.14/lib/python2.7/unittest/loader.py&quot;, line 232, in _get_module_from_name
    __import__(name)
  File &quot;/home/travis/build/kaitai-io/ci_targets/tests/spec/python/test_imports_abs.py&quot;, line 3, in &lt;module&gt;
    from imports_abs import ImportsAbs
ImportError: No module named imports_abs
" type="ImportError">
<![CDATA[ImportError: Failed to import test module: test_imports_abs
Traceback (most recent call last):
  File "/opt/python/2.7.14/lib/python2.7/unittest/loader.py", line 254, in _find_tests
    module = self._get_module_from_name(name)
  File "/opt/python/2.7.14/lib/python2.7/unittest/loader.py", line 232, in _get_module_from_name
    __import__(name)
  File "/home/travis/build/kaitai-io/ci_targets/tests/spec/python/test_imports_abs.py", line 3, in <module>
    from imports_abs import ImportsAbs
ImportError: No module named imports_abs

]]>		</error>
	</testcase>
	<testcase classname="unittest.loader.ModuleImportFailure" name="test_imports_abs_abs" time="0.000" timestamp="2018-04-22T17:03:24">
		<error message="Failed to import test module: test_imports_abs_abs
Traceback (most recent call last):
  File &quot;/opt/python/2.7.14/lib/python2.7/unittest/loader.py&quot;, line 254, in _find_tests
    module = self._get_module_from_name(name)
  File &quot;/opt/python/2.7.14/lib/python2.7/unittest/loader.py&quot;, line 232, in _get_module_from_name
    __import__(name)
  File &quot;/home/travis/build/kaitai-io/ci_targets/tests/spec/python/test_imports_abs_abs.py&quot;, line 3, in &lt;module&gt;
    from imports_abs_abs import ImportsAbsAbs
ImportError: No module named imports_abs_abs
" type="ImportError">
<![CDATA[ImportError: Failed to import test module: test_imports_abs_abs
Traceback (most recent call last):
  File "/opt/python/2.7.14/lib/python2.7/unittest/loader.py", line 254, in _find_tests
    module = self._get_module_from_name(name)
  File "/opt/python/2.7.14/lib/python2.7/unittest/loader.py", line 232, in _get_module_from_name
    __import__(name)
  File "/home/travis/build/kaitai-io/ci_targets/tests/spec/python/test_imports_abs_abs.py", line 3, in <module>
    from imports_abs_abs import ImportsAbsAbs
ImportError: No module named imports_abs_abs

]]>		</error>
	</testcase>
	<testcase classname="unittest.loader.ModuleImportFailure" name="test_imports_abs_rel" time="0.000" timestamp="2018-04-22T17:03:24">
		<error message="Failed to import test module: test_imports_abs_rel
Traceback (most recent call last):
  File &quot;/opt/python/2.7.14/lib/python2.7/unittest/loader.py&quot;, line 254, in _find_tests
    module = self._get_module_from_name(name)
  File &quot;/opt/python/2.7.14/lib/python2.7/unittest/loader.py&quot;, line 232, in _get_module_from_name
    __import__(name)
  File &quot;/home/travis/build/kaitai-io/ci_targets/tests/spec/python/test_imports_abs_rel.py&quot;, line 3, in &lt;module&gt;
    from imports_abs_rel import ImportsAbsRel
ImportError: No module named imports_abs_rel
" type="ImportError">
<![CDATA[ImportError: Failed to import test module: test_imports_abs_rel
Traceback (most recent call last):
  File "/opt/python/2.7.14/lib/python2.7/unittest/loader.py", line 254, in _find_tests
    module = self._get_module_from_name(name)
  File "/opt/python/2.7.14/lib/python2.7/unittest/loader.py", line 232, in _get_module_from_name
    __import__(name)
  File "/home/travis/build/kaitai-io/ci_targets/tests/spec/python/test_imports_abs_rel.py", line 3, in <module>
    from imports_abs_rel import ImportsAbsRel
ImportError: No module named imports_abs_rel

]]>		</error>
	</testcase>
	<testcase classname="unittest.loader.ModuleImportFailure" name="test_imports_rel_1" time="0.000" timestamp="2018-04-22T17:03:24">
		<error message="Failed to import test module: test_imports_rel_1
Traceback (most recent call last):
  File &quot;/opt/python/2.7.14/lib/python2.7/unittest/loader.py&quot;, line 254, in _find_tests
    module = self._get_module_from_name(name)
  File &quot;/opt/python/2.7.14/lib/python2.7/unittest/loader.py&quot;, line 232, in _get_module_from_name
    __import__(name)
  File &quot;/home/travis/build/kaitai-io/ci_targets/tests/spec/python/test_imports_rel_1.py&quot;, line 3, in &lt;module&gt;
    from imports_rel_1 import ImportsRel1
ImportError: No module named imports_rel_1
" type="ImportError">
<![CDATA[ImportError: Failed to import test module: test_imports_rel_1
Traceback (most recent call last):
  File "/opt/python/2.7.14/lib/python2.7/unittest/loader.py", line 254, in _find_tests
    module = self._get_module_from_name(name)
  File "/opt/python/2.7.14/lib/python2.7/unittest/loader.py", line 232, in _get_module_from_name
    __import__(name)
  File "/home/travis/build/kaitai-io/ci_targets/tests/spec/python/test_imports_rel_1.py", line 3, in <module>
    from imports_rel_1 import ImportsRel1
ImportError: No module named imports_rel_1

]]>		</error>
	</testcase>
	<testcase classname="unittest.loader.ModuleImportFailure" name="test_index_sizes" time="0.000" timestamp="2018-04-22T17:03:24">
		<error message="Failed to import test module: test_index_sizes
Traceback (most recent call last):
  File &quot;/opt/python/2.7.14/lib/python2.7/unittest/loader.py&quot;, line 254, in _find_tests
    module = self._get_module_from_name(name)
  File &quot;/opt/python/2.7.14/lib/python2.7/unittest/loader.py&quot;, line 232, in _get_module_from_name
    __import__(name)
  File &quot;/home/travis/build/kaitai-io/ci_targets/tests/spec/python/test_index_sizes.py&quot;, line 5, in &lt;module&gt;
    from index_sizes import IndexSizes
ImportError: No module named index_sizes
" type="ImportError">
<![CDATA[ImportError: Failed to import test module: test_index_sizes
Traceback (most recent call last):
  File "/opt/python/2.7.14/lib/python2.7/unittest/loader.py", line 254, in _find_tests
    module = self._get_module_from_name(name)
  File "/opt/python/2.7.14/lib/python2.7/unittest/loader.py", line 232, in _get_module_from_name
    __import__(name)
  File "/home/travis/build/kaitai-io/ci_targets/tests/spec/python/test_index_sizes.py", line 5, in <module>
    from index_sizes import IndexSizes
ImportError: No module named index_sizes

]]>		</error>
	</testcase>
	<testcase classname="unittest.loader.ModuleImportFailure" name="test_index_to_param_eos" time="0.000" timestamp="2018-04-22T17:03:24">
		<error message="Failed to import test module: test_index_to_param_eos
Traceback (most recent call last):
  File &quot;/opt/python/2.7.14/lib/python2.7/unittest/loader.py&quot;, line 254, in _find_tests
    module = self._get_module_from_name(name)
  File &quot;/opt/python/2.7.14/lib/python2.7/unittest/loader.py&quot;, line 232, in _get_module_from_name
    __import__(name)
  File &quot;/home/travis/build/kaitai-io/ci_targets/tests/spec/python/test_index_to_param_eos.py&quot;, line 5, in &lt;module&gt;
    from index_to_param_eos import IndexToParamEos
ImportError: No module named index_to_param_eos
" type="ImportError">
<![CDATA[ImportError: Failed to import test module: test_index_to_param_eos
Traceback (most recent call last):
  File "/opt/python/2.7.14/lib/python2.7/unittest/loader.py", line 254, in _find_tests
    module = self._get_module_from_name(name)
  File "/opt/python/2.7.14/lib/python2.7/unittest/loader.py", line 232, in _get_module_from_name
    __import__(name)
  File "/home/travis/build/kaitai-io/ci_targets/tests/spec/python/test_index_to_param_eos.py", line 5, in <module>
    from index_to_param_eos import IndexToParamEos
ImportError: No module named index_to_param_eos

]]>		</error>
	</testcase>
	<testcase classname="unittest.loader.ModuleImportFailure" name="test_index_to_param_expr" time="0.000" timestamp="2018-04-22T17:03:24">
		<error message="Failed to import test module: test_index_to_param_expr
Traceback (most recent call last):
  File &quot;/opt/python/2.7.14/lib/python2.7/unittest/loader.py&quot;, line 254, in _find_tests
    module = self._get_module_from_name(name)
  File &quot;/opt/python/2.7.14/lib/python2.7/unittest/loader.py&quot;, line 232, in _get_module_from_name
    __import__(name)
  File &quot;/home/travis/build/kaitai-io/ci_targets/tests/spec/python/test_index_to_param_expr.py&quot;, line 5, in &lt;module&gt;
    from index_to_param_expr import IndexToParamExpr
ImportError: No module named index_to_param_expr
" type="ImportError">
<![CDATA[ImportError: Failed to import test module: test_index_to_param_expr
Traceback (most recent call last):
  File "/opt/python/2.7.14/lib/python2.7/unittest/loader.py", line 254, in _find_tests
    module = self._get_module_from_name(name)
  File "/opt/python/2.7.14/lib/python2.7/unittest/loader.py", line 232, in _get_module_from_name
    __import__(name)
  File "/home/travis/build/kaitai-io/ci_targets/tests/spec/python/test_index_to_param_expr.py", line 5, in <module>
    from index_to_param_expr import IndexToParamExpr
ImportError: No module named index_to_param_expr

]]>		</error>
	</testcase>
	<testcase classname="unittest.loader.ModuleImportFailure" name="test_index_to_param_until" time="0.000" timestamp="2018-04-22T17:03:24">
		<error message="Failed to import test module: test_index_to_param_until
Traceback (most recent call last):
  File &quot;/opt/python/2.7.14/lib/python2.7/unittest/loader.py&quot;, line 254, in _find_tests
    module = self._get_module_from_name(name)
  File &quot;/opt/python/2.7.14/lib/python2.7/unittest/loader.py&quot;, line 232, in _get_module_from_name
    __import__(name)
  File &quot;/home/travis/build/kaitai-io/ci_targets/tests/spec/python/test_index_to_param_until.py&quot;, line 5, in &lt;module&gt;
    from index_to_param_until import IndexToParamUntil
ImportError: No module named index_to_param_until
" type="ImportError">
<![CDATA[ImportError: Failed to import test module: test_index_to_param_until
Traceback (most recent call last):
  File "/opt/python/2.7.14/lib/python2.7/unittest/loader.py", line 254, in _find_tests
    module = self._get_module_from_name(name)
  File "/opt/python/2.7.14/lib/python2.7/unittest/loader.py", line 232, in _get_module_from_name
    __import__(name)
  File "/home/travis/build/kaitai-io/ci_targets/tests/spec/python/test_index_to_param_until.py", line 5, in <module>
    from index_to_param_until import IndexToParamUntil
ImportError: No module named index_to_param_until

]]>		</error>
	</testcase>
	<testcase classname="unittest.loader.ModuleImportFailure" name="test_instance_io_user" time="0.000" timestamp="2018-04-22T17:03:24">
		<error message="Failed to import test module: test_instance_io_user
Traceback (most recent call last):
  File &quot;/opt/python/2.7.14/lib/python2.7/unittest/loader.py&quot;, line 254, in _find_tests
    module = self._get_module_from_name(name)
  File &quot;/opt/python/2.7.14/lib/python2.7/unittest/loader.py&quot;, line 232, in _get_module_from_name
    __import__(name)
  File &quot;/home/travis/build/kaitai-io/ci_targets/tests/spec/python/test_instance_io_user.py&quot;, line 5, in &lt;module&gt;
    from instance_io_user import InstanceIoUser
ImportError: No module named instance_io_user
" type="ImportError">
<![CDATA[ImportError: Failed to import test module: test_instance_io_user
Traceback (most recent call last):
  File "/opt/python/2.7.14/lib/python2.7/unittest/loader.py", line 254, in _find_tests
    module = self._get_module_from_name(name)
  File "/opt/python/2.7.14/lib/python2.7/unittest/loader.py", line 232, in _get_module_from_name
    __import__(name)
  File "/home/travis/build/kaitai-io/ci_targets/tests/spec/python/test_instance_io_user.py", line 5, in <module>
    from instance_io_user import InstanceIoUser
ImportError: No module named instance_io_user

]]>		</error>
	</testcase>
	<testcase classname="unittest.loader.ModuleImportFailure" name="test_instance_std" time="0.000" timestamp="2018-04-22T17:03:24">
		<error message="Failed to import test module: test_instance_std
Traceback (most recent call last):
  File &quot;/opt/python/2.7.14/lib/python2.7/unittest/loader.py&quot;, line 254, in _find_tests
    module = self._get_module_from_name(name)
  File &quot;/opt/python/2.7.14/lib/python2.7/unittest/loader.py&quot;, line 232, in _get_module_from_name
    __import__(name)
  File &quot;/home/travis/build/kaitai-io/ci_targets/tests/spec/python/test_instance_std.py&quot;, line 5, in &lt;module&gt;
    from instance_std import InstanceStd
ImportError: No module named instance_std
" type="ImportError">
<![CDATA[ImportError: Failed to import test module: test_instance_std
Traceback (most recent call last):
  File "/opt/python/2.7.14/lib/python2.7/unittest/loader.py", line 254, in _find_tests
    module = self._get_module_from_name(name)
  File "/opt/python/2.7.14/lib/python2.7/unittest/loader.py", line 232, in _get_module_from_name
    __import__(name)
  File "/home/travis/build/kaitai-io/ci_targets/tests/spec/python/test_instance_std.py", line 5, in <module>
    from instance_std import InstanceStd
ImportError: No module named instance_std

]]>		</error>
	</testcase>
	<testcase classname="unittest.loader.ModuleImportFailure" name="test_instance_std_array" time="0.000" timestamp="2018-04-22T17:03:24">
		<error message="Failed to import test module: test_instance_std_array
Traceback (most recent call last):
  File &quot;/opt/python/2.7.14/lib/python2.7/unittest/loader.py&quot;, line 254, in _find_tests
    module = self._get_module_from_name(name)
  File &quot;/opt/python/2.7.14/lib/python2.7/unittest/loader.py&quot;, line 232, in _get_module_from_name
    __import__(name)
  File &quot;/home/travis/build/kaitai-io/ci_targets/tests/spec/python/test_instance_std_array.py&quot;, line 5, in &lt;module&gt;
    from instance_std_array import InstanceStdArray
ImportError: No module named instance_std_array
" type="ImportError">
<![CDATA[ImportError: Failed to import test module: test_instance_std_array
Traceback (most recent call last):
  File "/opt/python/2.7.14/lib/python2.7/unittest/loader.py", line 254, in _find_tests
    module = self._get_module_from_name(name)
  File "/opt/python/2.7.14/lib/python2.7/unittest/loader.py", line 232, in _get_module_from_name
    __import__(name)
  File "/home/travis/build/kaitai-io/ci_targets/tests/spec/python/test_instance_std_array.py", line 5, in <module>
    from instance_std_array import InstanceStdArray
ImportError: No module named instance_std_array

]]>		</error>
	</testcase>
	<testcase classname="unittest.loader.ModuleImportFailure" name="test_instance_user_array" time="0.000" timestamp="2018-04-22T17:03:24">
		<error message="Failed to import test module: test_instance_user_array
Traceback (most recent call last):
  File &quot;/opt/python/2.7.14/lib/python2.7/unittest/loader.py&quot;, line 254, in _find_tests
    module = self._get_module_from_name(name)
  File &quot;/opt/python/2.7.14/lib/python2.7/unittest/loader.py&quot;, line 232, in _get_module_from_name
    __import__(name)
  File &quot;/home/travis/build/kaitai-io/ci_targets/tests/spec/python/test_instance_user_array.py&quot;, line 5, in &lt;module&gt;
    from instance_user_array import InstanceUserArray
ImportError: No module named instance_user_array
" type="ImportError">
<![CDATA[ImportError: Failed to import test module: test_instance_user_array
Traceback (most recent call last):
  File "/opt/python/2.7.14/lib/python2.7/unittest/loader.py", line 254, in _find_tests
    module = self._get_module_from_name(name)
  File "/opt/python/2.7.14/lib/python2.7/unittest/loader.py", line 232, in _get_module_from_name
    __import__(name)
  File "/home/travis/build/kaitai-io/ci_targets/tests/spec/python/test_instance_user_array.py", line 5, in <module>
    from instance_user_array import InstanceUserArray
ImportError: No module named instance_user_array

]]>		</error>
	</testcase>
	<testcase classname="unittest.loader.ModuleImportFailure" name="test_integers" time="0.000" timestamp="2018-04-22T17:03:24">
		<error message="Failed to import test module: test_integers
Traceback (most recent call last):
  File &quot;/opt/python/2.7.14/lib/python2.7/unittest/loader.py&quot;, line 254, in _find_tests
    module = self._get_module_from_name(name)
  File &quot;/opt/python/2.7.14/lib/python2.7/unittest/loader.py&quot;, line 232, in _get_module_from_name
    __import__(name)
  File &quot;/home/travis/build/kaitai-io/ci_targets/tests/spec/python/test_integers.py&quot;, line 5, in &lt;module&gt;
    from integers import Integers
ImportError: No module named integers
" type="ImportError">
<![CDATA[ImportError: Failed to import test module: test_integers
Traceback (most recent call last):
  File "/opt/python/2.7.14/lib/python2.7/unittest/loader.py", line 254, in _find_tests
    module = self._get_module_from_name(name)
  File "/opt/python/2.7.14/lib/python2.7/unittest/loader.py", line 232, in _get_module_from_name
    __import__(name)
  File "/home/travis/build/kaitai-io/ci_targets/tests/spec/python/test_integers.py", line 5, in <module>
    from integers import Integers
ImportError: No module named integers

]]>		</error>
	</testcase>
	<testcase classname="unittest.loader.ModuleImportFailure" name="test_js_signed_right_shift" time="0.000" timestamp="2018-04-22T17:03:24">
		<error message="Failed to import test module: test_js_signed_right_shift
Traceback (most recent call last):
  File &quot;/opt/python/2.7.14/lib/python2.7/unittest/loader.py&quot;, line 254, in _find_tests
    module = self._get_module_from_name(name)
  File &quot;/opt/python/2.7.14/lib/python2.7/unittest/loader.py&quot;, line 232, in _get_module_from_name
    __import__(name)
  File &quot;/home/travis/build/kaitai-io/ci_targets/tests/spec/python/test_js_signed_right_shift.py&quot;, line 5, in &lt;module&gt;
    from js_signed_right_shift import JsSignedRightShift
ImportError: No module named js_signed_right_shift
" type="ImportError">
<![CDATA[ImportError: Failed to import test module: test_js_signed_right_shift
Traceback (most recent call last):
  File "/opt/python/2.7.14/lib/python2.7/unittest/loader.py", line 254, in _find_tests
    module = self._get_module_from_name(name)
  File "/opt/python/2.7.14/lib/python2.7/unittest/loader.py", line 232, in _get_module_from_name
    __import__(name)
  File "/home/travis/build/kaitai-io/ci_targets/tests/spec/python/test_js_signed_right_shift.py", line 5, in <module>
    from js_signed_right_shift import JsSignedRightShift
ImportError: No module named js_signed_right_shift

]]>		</error>
	</testcase>
	<testcase classname="unittest.loader.ModuleImportFailure" name="test_meta_xref" time="0.000" timestamp="2018-04-22T17:03:25">
		<error message="Failed to import test module: test_meta_xref
Traceback (most recent call last):
  File &quot;/opt/python/2.7.14/lib/python2.7/unittest/loader.py&quot;, line 254, in _find_tests
    module = self._get_module_from_name(name)
  File &quot;/opt/python/2.7.14/lib/python2.7/unittest/loader.py&quot;, line 232, in _get_module_from_name
    __import__(name)
  File &quot;/home/travis/build/kaitai-io/ci_targets/tests/spec/python/test_meta_xref.py&quot;, line 5, in &lt;module&gt;
    from meta_xref import MetaXref
ImportError: No module named meta_xref
" type="ImportError">
<![CDATA[ImportError: Failed to import test module: test_meta_xref
Traceback (most recent call last):
  File "/opt/python/2.7.14/lib/python2.7/unittest/loader.py", line 254, in _find_tests
    module = self._get_module_from_name(name)
  File "/opt/python/2.7.14/lib/python2.7/unittest/loader.py", line 232, in _get_module_from_name
    __import__(name)
  File "/home/travis/build/kaitai-io/ci_targets/tests/spec/python/test_meta_xref.py", line 5, in <module>
    from meta_xref import MetaXref
ImportError: No module named meta_xref

]]>		</error>
	</testcase>
	<testcase classname="unittest.loader.ModuleImportFailure" name="test_multiple_use" time="0.000" timestamp="2018-04-22T17:03:25">
		<error message="Failed to import test module: test_multiple_use
Traceback (most recent call last):
  File &quot;/opt/python/2.7.14/lib/python2.7/unittest/loader.py&quot;, line 254, in _find_tests
    module = self._get_module_from_name(name)
  File &quot;/opt/python/2.7.14/lib/python2.7/unittest/loader.py&quot;, line 232, in _get_module_from_name
    __import__(name)
  File &quot;/home/travis/build/kaitai-io/ci_targets/tests/spec/python/test_multiple_use.py&quot;, line 5, in &lt;module&gt;
    from multiple_use import MultipleUse
ImportError: No module named multiple_use
" type="ImportError">
<![CDATA[ImportError: Failed to import test module: test_multiple_use
Traceback (most recent call last):
  File "/opt/python/2.7.14/lib/python2.7/unittest/loader.py", line 254, in _find_tests
    module = self._get_module_from_name(name)
  File "/opt/python/2.7.14/lib/python2.7/unittest/loader.py", line 232, in _get_module_from_name
    __import__(name)
  File "/home/travis/build/kaitai-io/ci_targets/tests/spec/python/test_multiple_use.py", line 5, in <module>
    from multiple_use import MultipleUse
ImportError: No module named multiple_use

]]>		</error>
	</testcase>
	<testcase classname="unittest.loader.ModuleImportFailure" name="test_nav_parent" time="0.000" timestamp="2018-04-22T17:03:25">
		<error message="Failed to import test module: test_nav_parent
Traceback (most recent call last):
  File &quot;/opt/python/2.7.14/lib/python2.7/unittest/loader.py&quot;, line 254, in _find_tests
    module = self._get_module_from_name(name)
  File &quot;/opt/python/2.7.14/lib/python2.7/unittest/loader.py&quot;, line 232, in _get_module_from_name
    __import__(name)
  File &quot;/home/travis/build/kaitai-io/ci_targets/tests/spec/python/test_nav_parent.py&quot;, line 5, in &lt;module&gt;
    from nav_parent import NavParent
ImportError: No module named nav_parent
" type="ImportError">
<![CDATA[ImportError: Failed to import test module: test_nav_parent
Traceback (most recent call last):
  File "/opt/python/2.7.14/lib/python2.7/unittest/loader.py", line 254, in _find_tests
    module = self._get_module_from_name(name)
  File "/opt/python/2.7.14/lib/python2.7/unittest/loader.py", line 232, in _get_module_from_name
    __import__(name)
  File "/home/travis/build/kaitai-io/ci_targets/tests/spec/python/test_nav_parent.py", line 5, in <module>
    from nav_parent import NavParent
ImportError: No module named nav_parent

]]>		</error>
	</testcase>
	<testcase classname="unittest.loader.ModuleImportFailure" name="test_nav_parent2" time="0.000" timestamp="2018-04-22T17:03:25">
		<error message="Failed to import test module: test_nav_parent2
Traceback (most recent call last):
  File &quot;/opt/python/2.7.14/lib/python2.7/unittest/loader.py&quot;, line 254, in _find_tests
    module = self._get_module_from_name(name)
  File &quot;/opt/python/2.7.14/lib/python2.7/unittest/loader.py&quot;, line 232, in _get_module_from_name
    __import__(name)
  File &quot;/home/travis/build/kaitai-io/ci_targets/tests/spec/python/test_nav_parent2.py&quot;, line 5, in &lt;module&gt;
    from nav_parent2 import NavParent2
ImportError: No module named nav_parent2
" type="ImportError">
<![CDATA[ImportError: Failed to import test module: test_nav_parent2
Traceback (most recent call last):
  File "/opt/python/2.7.14/lib/python2.7/unittest/loader.py", line 254, in _find_tests
    module = self._get_module_from_name(name)
  File "/opt/python/2.7.14/lib/python2.7/unittest/loader.py", line 232, in _get_module_from_name
    __import__(name)
  File "/home/travis/build/kaitai-io/ci_targets/tests/spec/python/test_nav_parent2.py", line 5, in <module>
    from nav_parent2 import NavParent2
ImportError: No module named nav_parent2

]]>		</error>
	</testcase>
	<testcase classname="unittest.loader.ModuleImportFailure" name="test_nav_parent3" time="0.000" timestamp="2018-04-22T17:03:25">
		<error message="Failed to import test module: test_nav_parent3
Traceback (most recent call last):
  File &quot;/opt/python/2.7.14/lib/python2.7/unittest/loader.py&quot;, line 254, in _find_tests
    module = self._get_module_from_name(name)
  File &quot;/opt/python/2.7.14/lib/python2.7/unittest/loader.py&quot;, line 232, in _get_module_from_name
    __import__(name)
  File &quot;/home/travis/build/kaitai-io/ci_targets/tests/spec/python/test_nav_parent3.py&quot;, line 5, in &lt;module&gt;
    from nav_parent3 import NavParent3
ImportError: No module named nav_parent3
" type="ImportError">
<![CDATA[ImportError: Failed to import test module: test_nav_parent3
Traceback (most recent call last):
  File "/opt/python/2.7.14/lib/python2.7/unittest/loader.py", line 254, in _find_tests
    module = self._get_module_from_name(name)
  File "/opt/python/2.7.14/lib/python2.7/unittest/loader.py", line 232, in _get_module_from_name
    __import__(name)
  File "/home/travis/build/kaitai-io/ci_targets/tests/spec/python/test_nav_parent3.py", line 5, in <module>
    from nav_parent3 import NavParent3
ImportError: No module named nav_parent3

]]>		</error>
	</testcase>
	<testcase classname="unittest.loader.ModuleImportFailure" name="test_nav_parent_false" time="0.000" timestamp="2018-04-22T17:03:25">
		<error message="Failed to import test module: test_nav_parent_false
Traceback (most recent call last):
  File &quot;/opt/python/2.7.14/lib/python2.7/unittest/loader.py&quot;, line 254, in _find_tests
    module = self._get_module_from_name(name)
  File &quot;/opt/python/2.7.14/lib/python2.7/unittest/loader.py&quot;, line 232, in _get_module_from_name
    __import__(name)
  File &quot;/home/travis/build/kaitai-io/ci_targets/tests/spec/python/test_nav_parent_false.py&quot;, line 5, in &lt;module&gt;
    from nav_parent_false import NavParentFalse
ImportError: No module named nav_parent_false
" type="ImportError">
<![CDATA[ImportError: Failed to import test module: test_nav_parent_false
Traceback (most recent call last):
  File "/opt/python/2.7.14/lib/python2.7/unittest/loader.py", line 254, in _find_tests
    module = self._get_module_from_name(name)
  File "/opt/python/2.7.14/lib/python2.7/unittest/loader.py", line 232, in _get_module_from_name
    __import__(name)
  File "/home/travis/build/kaitai-io/ci_targets/tests/spec/python/test_nav_parent_false.py", line 5, in <module>
    from nav_parent_false import NavParentFalse
ImportError: No module named nav_parent_false

]]>		</error>
	</testcase>
	<testcase classname="unittest.loader.ModuleImportFailure" name="test_nav_parent_false2" time="0.000" timestamp="2018-04-22T17:03:25">
		<error message="Failed to import test module: test_nav_parent_false2
Traceback (most recent call last):
  File &quot;/opt/python/2.7.14/lib/python2.7/unittest/loader.py&quot;, line 254, in _find_tests
    module = self._get_module_from_name(name)
  File &quot;/opt/python/2.7.14/lib/python2.7/unittest/loader.py&quot;, line 232, in _get_module_from_name
    __import__(name)
  File &quot;/home/travis/build/kaitai-io/ci_targets/tests/spec/python/test_nav_parent_false2.py&quot;, line 5, in &lt;module&gt;
    from nav_parent_false2 import NavParentFalse2
ImportError: No module named nav_parent_false2
" type="ImportError">
<![CDATA[ImportError: Failed to import test module: test_nav_parent_false2
Traceback (most recent call last):
  File "/opt/python/2.7.14/lib/python2.7/unittest/loader.py", line 254, in _find_tests
    module = self._get_module_from_name(name)
  File "/opt/python/2.7.14/lib/python2.7/unittest/loader.py", line 232, in _get_module_from_name
    __import__(name)
  File "/home/travis/build/kaitai-io/ci_targets/tests/spec/python/test_nav_parent_false2.py", line 5, in <module>
    from nav_parent_false2 import NavParentFalse2
ImportError: No module named nav_parent_false2

]]>		</error>
	</testcase>
	<testcase classname="unittest.loader.ModuleImportFailure" name="test_nav_parent_override" time="0.000" timestamp="2018-04-22T17:03:25">
		<error message="Failed to import test module: test_nav_parent_override
Traceback (most recent call last):
  File &quot;/opt/python/2.7.14/lib/python2.7/unittest/loader.py&quot;, line 254, in _find_tests
    module = self._get_module_from_name(name)
  File &quot;/opt/python/2.7.14/lib/python2.7/unittest/loader.py&quot;, line 232, in _get_module_from_name
    __import__(name)
  File &quot;/home/travis/build/kaitai-io/ci_targets/tests/spec/python/test_nav_parent_override.py&quot;, line 5, in &lt;module&gt;
    from nav_parent_override import NavParentOverride
ImportError: No module named nav_parent_override
" type="ImportError">
<![CDATA[ImportError: Failed to import test module: test_nav_parent_override
Traceback (most recent call last):
  File "/opt/python/2.7.14/lib/python2.7/unittest/loader.py", line 254, in _find_tests
    module = self._get_module_from_name(name)
  File "/opt/python/2.7.14/lib/python2.7/unittest/loader.py", line 232, in _get_module_from_name
    __import__(name)
  File "/home/travis/build/kaitai-io/ci_targets/tests/spec/python/test_nav_parent_override.py", line 5, in <module>
    from nav_parent_override import NavParentOverride
ImportError: No module named nav_parent_override

]]>		</error>
	</testcase>
	<testcase classname="unittest.loader.ModuleImportFailure" name="test_nav_parent_switch" time="0.000" timestamp="2018-04-22T17:03:25">
		<error message="Failed to import test module: test_nav_parent_switch
Traceback (most recent call last):
  File &quot;/opt/python/2.7.14/lib/python2.7/unittest/loader.py&quot;, line 254, in _find_tests
    module = self._get_module_from_name(name)
  File &quot;/opt/python/2.7.14/lib/python2.7/unittest/loader.py&quot;, line 232, in _get_module_from_name
    __import__(name)
  File &quot;/home/travis/build/kaitai-io/ci_targets/tests/spec/python/test_nav_parent_switch.py&quot;, line 5, in &lt;module&gt;
    from nav_parent_switch import NavParentSwitch
ImportError: No module named nav_parent_switch
" type="ImportError">
<![CDATA[ImportError: Failed to import test module: test_nav_parent_switch
Traceback (most recent call last):
  File "/opt/python/2.7.14/lib/python2.7/unittest/loader.py", line 254, in _find_tests
    module = self._get_module_from_name(name)
  File "/opt/python/2.7.14/lib/python2.7/unittest/loader.py", line 232, in _get_module_from_name
    __import__(name)
  File "/home/travis/build/kaitai-io/ci_targets/tests/spec/python/test_nav_parent_switch.py", line 5, in <module>
    from nav_parent_switch import NavParentSwitch
ImportError: No module named nav_parent_switch

]]>		</error>
	</testcase>
	<testcase classname="unittest.loader.ModuleImportFailure" name="test_nav_parent_vs_value_inst" time="0.000" timestamp="2018-04-22T17:03:25">
		<error message="Failed to import test module: test_nav_parent_vs_value_inst
Traceback (most recent call last):
  File &quot;/opt/python/2.7.14/lib/python2.7/unittest/loader.py&quot;, line 254, in _find_tests
    module = self._get_module_from_name(name)
  File &quot;/opt/python/2.7.14/lib/python2.7/unittest/loader.py&quot;, line 232, in _get_module_from_name
    __import__(name)
  File &quot;/home/travis/build/kaitai-io/ci_targets/tests/spec/python/test_nav_parent_vs_value_inst.py&quot;, line 5, in &lt;module&gt;
    from nav_parent_vs_value_inst import NavParentVsValueInst
ImportError: No module named nav_parent_vs_value_inst
" type="ImportError">
<![CDATA[ImportError: Failed to import test module: test_nav_parent_vs_value_inst
Traceback (most recent call last):
  File "/opt/python/2.7.14/lib/python2.7/unittest/loader.py", line 254, in _find_tests
    module = self._get_module_from_name(name)
  File "/opt/python/2.7.14/lib/python2.7/unittest/loader.py", line 232, in _get_module_from_name
    __import__(name)
  File "/home/travis/build/kaitai-io/ci_targets/tests/spec/python/test_nav_parent_vs_value_inst.py", line 5, in <module>
    from nav_parent_vs_value_inst import NavParentVsValueInst
ImportError: No module named nav_parent_vs_value_inst

]]>		</error>
	</testcase>
	<testcase classname="unittest.loader.ModuleImportFailure" name="test_nav_root" time="0.000" timestamp="2018-04-22T17:03:25">
		<error message="Failed to import test module: test_nav_root
Traceback (most recent call last):
  File &quot;/opt/python/2.7.14/lib/python2.7/unittest/loader.py&quot;, line 254, in _find_tests
    module = self._get_module_from_name(name)
  File &quot;/opt/python/2.7.14/lib/python2.7/unittest/loader.py&quot;, line 232, in _get_module_from_name
    __import__(name)
  File &quot;/home/travis/build/kaitai-io/ci_targets/tests/spec/python/test_nav_root.py&quot;, line 5, in &lt;module&gt;
    from nav_root import NavRoot
ImportError: No module named nav_root
" type="ImportError">
<![CDATA[ImportError: Failed to import test module: test_nav_root
Traceback (most recent call last):
  File "/opt/python/2.7.14/lib/python2.7/unittest/loader.py", line 254, in _find_tests
    module = self._get_module_from_name(name)
  File "/opt/python/2.7.14/lib/python2.7/unittest/loader.py", line 232, in _get_module_from_name
    __import__(name)
  File "/home/travis/build/kaitai-io/ci_targets/tests/spec/python/test_nav_root.py", line 5, in <module>
    from nav_root import NavRoot
ImportError: No module named nav_root

]]>		</error>
	</testcase>
	<testcase classname="unittest.loader.ModuleImportFailure" name="test_nested_same_name" time="0.000" timestamp="2018-04-22T17:03:25">
		<error message="Failed to import test module: test_nested_same_name
Traceback (most recent call last):
  File &quot;/opt/python/2.7.14/lib/python2.7/unittest/loader.py&quot;, line 254, in _find_tests
    module = self._get_module_from_name(name)
  File &quot;/opt/python/2.7.14/lib/python2.7/unittest/loader.py&quot;, line 232, in _get_module_from_name
    __import__(name)
  File &quot;/home/travis/build/kaitai-io/ci_targets/tests/spec/python/test_nested_same_name.py&quot;, line 5, in &lt;module&gt;
    from nested_same_name import NestedSameName
ImportError: No module named nested_same_name
" type="ImportError">
<![CDATA[ImportError: Failed to import test module: test_nested_same_name
Traceback (most recent call last):
  File "/opt/python/2.7.14/lib/python2.7/unittest/loader.py", line 254, in _find_tests
    module = self._get_module_from_name(name)
  File "/opt/python/2.7.14/lib/python2.7/unittest/loader.py", line 232, in _get_module_from_name
    __import__(name)
  File "/home/travis/build/kaitai-io/ci_targets/tests/spec/python/test_nested_same_name.py", line 5, in <module>
    from nested_same_name import NestedSameName
ImportError: No module named nested_same_name

]]>		</error>
	</testcase>
	<testcase classname="unittest.loader.ModuleImportFailure" name="test_nested_same_name2" time="0.000" timestamp="2018-04-22T17:03:25">
		<error message="Failed to import test module: test_nested_same_name2
Traceback (most recent call last):
  File &quot;/opt/python/2.7.14/lib/python2.7/unittest/loader.py&quot;, line 254, in _find_tests
    module = self._get_module_from_name(name)
  File &quot;/opt/python/2.7.14/lib/python2.7/unittest/loader.py&quot;, line 232, in _get_module_from_name
    __import__(name)
  File &quot;/home/travis/build/kaitai-io/ci_targets/tests/spec/python/test_nested_same_name2.py&quot;, line 5, in &lt;module&gt;
    from nested_same_name2 import NestedSameName2
ImportError: No module named nested_same_name2
" type="ImportError">
<![CDATA[ImportError: Failed to import test module: test_nested_same_name2
Traceback (most recent call last):
  File "/opt/python/2.7.14/lib/python2.7/unittest/loader.py", line 254, in _find_tests
    module = self._get_module_from_name(name)
  File "/opt/python/2.7.14/lib/python2.7/unittest/loader.py", line 232, in _get_module_from_name
    __import__(name)
  File "/home/travis/build/kaitai-io/ci_targets/tests/spec/python/test_nested_same_name2.py", line 5, in <module>
    from nested_same_name2 import NestedSameName2
ImportError: No module named nested_same_name2

]]>		</error>
	</testcase>
	<testcase classname="unittest.loader.ModuleImportFailure" name="test_nested_types" time="0.000" timestamp="2018-04-22T17:03:25">
		<error message="Failed to import test module: test_nested_types
Traceback (most recent call last):
  File &quot;/opt/python/2.7.14/lib/python2.7/unittest/loader.py&quot;, line 254, in _find_tests
    module = self._get_module_from_name(name)
  File &quot;/opt/python/2.7.14/lib/python2.7/unittest/loader.py&quot;, line 232, in _get_module_from_name
    __import__(name)
  File &quot;/home/travis/build/kaitai-io/ci_targets/tests/spec/python/test_nested_types.py&quot;, line 5, in &lt;module&gt;
    from nested_types import NestedTypes
ImportError: No module named nested_types
" type="ImportError">
<![CDATA[ImportError: Failed to import test module: test_nested_types
Traceback (most recent call last):
  File "/opt/python/2.7.14/lib/python2.7/unittest/loader.py", line 254, in _find_tests
    module = self._get_module_from_name(name)
  File "/opt/python/2.7.14/lib/python2.7/unittest/loader.py", line 232, in _get_module_from_name
    __import__(name)
  File "/home/travis/build/kaitai-io/ci_targets/tests/spec/python/test_nested_types.py", line 5, in <module>
    from nested_types import NestedTypes
ImportError: No module named nested_types

]]>		</error>
	</testcase>
	<testcase classname="unittest.loader.ModuleImportFailure" name="test_nested_types2" time="0.000" timestamp="2018-04-22T17:03:25">
		<error message="Failed to import test module: test_nested_types2
Traceback (most recent call last):
  File &quot;/opt/python/2.7.14/lib/python2.7/unittest/loader.py&quot;, line 254, in _find_tests
    module = self._get_module_from_name(name)
  File &quot;/opt/python/2.7.14/lib/python2.7/unittest/loader.py&quot;, line 232, in _get_module_from_name
    __import__(name)
  File &quot;/home/travis/build/kaitai-io/ci_targets/tests/spec/python/test_nested_types2.py&quot;, line 5, in &lt;module&gt;
    from nested_types2 import NestedTypes2
ImportError: No module named nested_types2
" type="ImportError">
<![CDATA[ImportError: Failed to import test module: test_nested_types2
Traceback (most recent call last):
  File "/opt/python/2.7.14/lib/python2.7/unittest/loader.py", line 254, in _find_tests
    module = self._get_module_from_name(name)
  File "/opt/python/2.7.14/lib/python2.7/unittest/loader.py", line 232, in _get_module_from_name
    __import__(name)
  File "/home/travis/build/kaitai-io/ci_targets/tests/spec/python/test_nested_types2.py", line 5, in <module>
    from nested_types2 import NestedTypes2
ImportError: No module named nested_types2

]]>		</error>
	</testcase>
	<testcase classname="unittest.loader.ModuleImportFailure" name="test_nested_types3" time="0.000" timestamp="2018-04-22T17:03:25">
		<error message="Failed to import test module: test_nested_types3
Traceback (most recent call last):
  File &quot;/opt/python/2.7.14/lib/python2.7/unittest/loader.py&quot;, line 254, in _find_tests
    module = self._get_module_from_name(name)
  File &quot;/opt/python/2.7.14/lib/python2.7/unittest/loader.py&quot;, line 232, in _get_module_from_name
    __import__(name)
  File &quot;/home/travis/build/kaitai-io/ci_targets/tests/spec/python/test_nested_types3.py&quot;, line 5, in &lt;module&gt;
    from nested_types3 import NestedTypes3
ImportError: No module named nested_types3
" type="ImportError">
<![CDATA[ImportError: Failed to import test module: test_nested_types3
Traceback (most recent call last):
  File "/opt/python/2.7.14/lib/python2.7/unittest/loader.py", line 254, in _find_tests
    module = self._get_module_from_name(name)
  File "/opt/python/2.7.14/lib/python2.7/unittest/loader.py", line 232, in _get_module_from_name
    __import__(name)
  File "/home/travis/build/kaitai-io/ci_targets/tests/spec/python/test_nested_types3.py", line 5, in <module>
    from nested_types3 import NestedTypes3
ImportError: No module named nested_types3

]]>		</error>
	</testcase>
	<testcase classname="unittest.loader.ModuleImportFailure" name="test_non_standard" time="0.000" timestamp="2018-04-22T17:03:25">
		<error message="Failed to import test module: test_non_standard
Traceback (most recent call last):
  File &quot;/opt/python/2.7.14/lib/python2.7/unittest/loader.py&quot;, line 254, in _find_tests
    module = self._get_module_from_name(name)
  File &quot;/opt/python/2.7.14/lib/python2.7/unittest/loader.py&quot;, line 232, in _get_module_from_name
    __import__(name)
  File &quot;/home/travis/build/kaitai-io/ci_targets/tests/spec/python/test_non_standard.py&quot;, line 5, in &lt;module&gt;
    from non_standard import NonStandard
ImportError: No module named non_standard
" type="ImportError">
<![CDATA[ImportError: Failed to import test module: test_non_standard
Traceback (most recent call last):
  File "/opt/python/2.7.14/lib/python2.7/unittest/loader.py", line 254, in _find_tests
    module = self._get_module_from_name(name)
  File "/opt/python/2.7.14/lib/python2.7/unittest/loader.py", line 232, in _get_module_from_name
    __import__(name)
  File "/home/travis/build/kaitai-io/ci_targets/tests/spec/python/test_non_standard.py", line 5, in <module>
    from non_standard import NonStandard
ImportError: No module named non_standard

]]>		</error>
	</testcase>
	<testcase classname="unittest.loader.ModuleImportFailure" name="test_opaque_external_type" time="0.000" timestamp="2018-04-22T17:03:25">
		<error message="Failed to import test module: test_opaque_external_type
Traceback (most recent call last):
  File &quot;/opt/python/2.7.14/lib/python2.7/unittest/loader.py&quot;, line 254, in _find_tests
    module = self._get_module_from_name(name)
  File &quot;/opt/python/2.7.14/lib/python2.7/unittest/loader.py&quot;, line 232, in _get_module_from_name
    __import__(name)
  File &quot;/home/travis/build/kaitai-io/ci_targets/tests/spec/python/test_opaque_external_type.py&quot;, line 3, in &lt;module&gt;
    from opaque_external_type import OpaqueExternalType
ImportError: No module named opaque_external_type
" type="ImportError">
<![CDATA[ImportError: Failed to import test module: test_opaque_external_type
Traceback (most recent call last):
  File "/opt/python/2.7.14/lib/python2.7/unittest/loader.py", line 254, in _find_tests
    module = self._get_module_from_name(name)
  File "/opt/python/2.7.14/lib/python2.7/unittest/loader.py", line 232, in _get_module_from_name
    __import__(name)
  File "/home/travis/build/kaitai-io/ci_targets/tests/spec/python/test_opaque_external_type.py", line 3, in <module>
    from opaque_external_type import OpaqueExternalType
ImportError: No module named opaque_external_type

]]>		</error>
	</testcase>
	<testcase classname="unittest.loader.ModuleImportFailure" name="test_opaque_external_type_02_parent" time="0.000" timestamp="2018-04-22T17:03:25">
		<error message="Failed to import test module: test_opaque_external_type_02_parent
Traceback (most recent call last):
  File &quot;/opt/python/2.7.14/lib/python2.7/unittest/loader.py&quot;, line 254, in _find_tests
    module = self._get_module_from_name(name)
  File &quot;/opt/python/2.7.14/lib/python2.7/unittest/loader.py&quot;, line 232, in _get_module_from_name
    __import__(name)
  File &quot;/home/travis/build/kaitai-io/ci_targets/tests/spec/python/test_opaque_external_type_02_parent.py&quot;, line 3, in &lt;module&gt;
    from opaque_external_type_02_parent import OpaqueExternalType02Parent
ImportError: No module named opaque_external_type_02_parent
" type="ImportError">
<![CDATA[ImportError: Failed to import test module: test_opaque_external_type_02_parent
Traceback (most recent call last):
  File "/opt/python/2.7.14/lib/python2.7/unittest/loader.py", line 254, in _find_tests
    module = self._get_module_from_name(name)
  File "/opt/python/2.7.14/lib/python2.7/unittest/loader.py", line 232, in _get_module_from_name
    __import__(name)
  File "/home/travis/build/kaitai-io/ci_targets/tests/spec/python/test_opaque_external_type_02_parent.py", line 3, in <module>
    from opaque_external_type_02_parent import OpaqueExternalType02Parent
ImportError: No module named opaque_external_type_02_parent

]]>		</error>
	</testcase>
	<testcase classname="unittest.loader.ModuleImportFailure" name="test_opaque_with_param" time="0.000" timestamp="2018-04-22T17:03:25">
		<error message="Failed to import test module: test_opaque_with_param
Traceback (most recent call last):
  File &quot;/opt/python/2.7.14/lib/python2.7/unittest/loader.py&quot;, line 254, in _find_tests
    module = self._get_module_from_name(name)
  File &quot;/opt/python/2.7.14/lib/python2.7/unittest/loader.py&quot;, line 232, in _get_module_from_name
    __import__(name)
  File &quot;/home/travis/build/kaitai-io/ci_targets/tests/spec/python/test_opaque_with_param.py&quot;, line 3, in &lt;module&gt;
    from opaque_with_param import OpaqueWithParam
ImportError: No module named opaque_with_param
" type="ImportError">
<![CDATA[ImportError: Failed to import test module: test_opaque_with_param
Traceback (most recent call last):
  File "/opt/python/2.7.14/lib/python2.7/unittest/loader.py", line 254, in _find_tests
    module = self._get_module_from_name(name)
  File "/opt/python/2.7.14/lib/python2.7/unittest/loader.py", line 232, in _get_module_from_name
    __import__(name)
  File "/home/travis/build/kaitai-io/ci_targets/tests/spec/python/test_opaque_with_param.py", line 3, in <module>
    from opaque_with_param import OpaqueWithParam
ImportError: No module named opaque_with_param

]]>		</error>
	</testcase>
	<testcase classname="unittest.loader.ModuleImportFailure" name="test_optional_id" time="0.000" timestamp="2018-04-22T17:03:25">
		<error message="Failed to import test module: test_optional_id
Traceback (most recent call last):
  File &quot;/opt/python/2.7.14/lib/python2.7/unittest/loader.py&quot;, line 254, in _find_tests
    module = self._get_module_from_name(name)
  File &quot;/opt/python/2.7.14/lib/python2.7/unittest/loader.py&quot;, line 232, in _get_module_from_name
    __import__(name)
  File &quot;/home/travis/build/kaitai-io/ci_targets/tests/spec/python/test_optional_id.py&quot;, line 3, in &lt;module&gt;
    from optional_id import OptionalId
ImportError: No module named optional_id
" type="ImportError">
<![CDATA[ImportError: Failed to import test module: test_optional_id
Traceback (most recent call last):
  File "/opt/python/2.7.14/lib/python2.7/unittest/loader.py", line 254, in _find_tests
    module = self._get_module_from_name(name)
  File "/opt/python/2.7.14/lib/python2.7/unittest/loader.py", line 232, in _get_module_from_name
    __import__(name)
  File "/home/travis/build/kaitai-io/ci_targets/tests/spec/python/test_optional_id.py", line 3, in <module>
    from optional_id import OptionalId
ImportError: No module named optional_id

]]>		</error>
	</testcase>
	<testcase classname="unittest.loader.ModuleImportFailure" name="test_params_call_short" time="0.000" timestamp="2018-04-22T17:03:25">
		<error message="Failed to import test module: test_params_call_short
Traceback (most recent call last):
  File &quot;/opt/python/2.7.14/lib/python2.7/unittest/loader.py&quot;, line 254, in _find_tests
    module = self._get_module_from_name(name)
  File &quot;/opt/python/2.7.14/lib/python2.7/unittest/loader.py&quot;, line 232, in _get_module_from_name
    __import__(name)
  File &quot;/home/travis/build/kaitai-io/ci_targets/tests/spec/python/test_params_call_short.py&quot;, line 5, in &lt;module&gt;
    from params_call_short import ParamsCallShort
ImportError: No module named params_call_short
" type="ImportError">
<![CDATA[ImportError: Failed to import test module: test_params_call_short
Traceback (most recent call last):
  File "/opt/python/2.7.14/lib/python2.7/unittest/loader.py", line 254, in _find_tests
    module = self._get_module_from_name(name)
  File "/opt/python/2.7.14/lib/python2.7/unittest/loader.py", line 232, in _get_module_from_name
    __import__(name)
  File "/home/travis/build/kaitai-io/ci_targets/tests/spec/python/test_params_call_short.py", line 5, in <module>
    from params_call_short import ParamsCallShort
ImportError: No module named params_call_short

]]>		</error>
	</testcase>
	<testcase classname="unittest.loader.ModuleImportFailure" name="test_params_def" time="0.000" timestamp="2018-04-22T17:03:25">
		<error message="Failed to import test module: test_params_def
Traceback (most recent call last):
  File &quot;/opt/python/2.7.14/lib/python2.7/unittest/loader.py&quot;, line 254, in _find_tests
    module = self._get_module_from_name(name)
  File &quot;/opt/python/2.7.14/lib/python2.7/unittest/loader.py&quot;, line 232, in _get_module_from_name
    __import__(name)
  File &quot;/home/travis/build/kaitai-io/ci_targets/tests/spec/python/test_params_def.py&quot;, line 3, in &lt;module&gt;
    from params_def import ParamsDef
ImportError: No module named params_def
" type="ImportError">
<![CDATA[ImportError: Failed to import test module: test_params_def
Traceback (most recent call last):
  File "/opt/python/2.7.14/lib/python2.7/unittest/loader.py", line 254, in _find_tests
    module = self._get_module_from_name(name)
  File "/opt/python/2.7.14/lib/python2.7/unittest/loader.py", line 232, in _get_module_from_name
    __import__(name)
  File "/home/travis/build/kaitai-io/ci_targets/tests/spec/python/test_params_def.py", line 3, in <module>
    from params_def import ParamsDef
ImportError: No module named params_def

]]>		</error>
	</testcase>
	<testcase classname="unittest.loader.ModuleImportFailure" name="test_params_pass_usertype" time="0.000" timestamp="2018-04-22T17:03:25">
		<error message="Failed to import test module: test_params_pass_usertype
Traceback (most recent call last):
  File &quot;/opt/python/2.7.14/lib/python2.7/unittest/loader.py&quot;, line 254, in _find_tests
    module = self._get_module_from_name(name)
  File &quot;/opt/python/2.7.14/lib/python2.7/unittest/loader.py&quot;, line 232, in _get_module_from_name
    __import__(name)
  File &quot;/home/travis/build/kaitai-io/ci_targets/tests/spec/python/test_params_pass_usertype.py&quot;, line 5, in &lt;module&gt;
    from params_pass_usertype import ParamsPassUsertype
ImportError: No module named params_pass_usertype
" type="ImportError">
<![CDATA[ImportError: Failed to import test module: test_params_pass_usertype
Traceback (most recent call last):
  File "/opt/python/2.7.14/lib/python2.7/unittest/loader.py", line 254, in _find_tests
    module = self._get_module_from_name(name)
  File "/opt/python/2.7.14/lib/python2.7/unittest/loader.py", line 232, in _get_module_from_name
    __import__(name)
  File "/home/travis/build/kaitai-io/ci_targets/tests/spec/python/test_params_pass_usertype.py", line 5, in <module>
    from params_pass_usertype import ParamsPassUsertype
ImportError: No module named params_pass_usertype

]]>		</error>
	</testcase>
	<testcase classname="unittest.loader.ModuleImportFailure" name="test_position_abs" time="0.000" timestamp="2018-04-22T17:03:25">
		<error message="Failed to import test module: test_position_abs
Traceback (most recent call last):
  File &quot;/opt/python/2.7.14/lib/python2.7/unittest/loader.py&quot;, line 254, in _find_tests
    module = self._get_module_from_name(name)
  File &quot;/opt/python/2.7.14/lib/python2.7/unittest/loader.py&quot;, line 232, in _get_module_from_name
    __import__(name)
  File &quot;/home/travis/build/kaitai-io/ci_targets/tests/spec/python/test_position_abs.py&quot;, line 5, in &lt;module&gt;
    from position_abs import PositionAbs
ImportError: No module named position_abs
" type="ImportError">
<![CDATA[ImportError: Failed to import test module: test_position_abs
Traceback (most recent call last):
  File "/opt/python/2.7.14/lib/python2.7/unittest/loader.py", line 254, in _find_tests
    module = self._get_module_from_name(name)
  File "/opt/python/2.7.14/lib/python2.7/unittest/loader.py", line 232, in _get_module_from_name
    __import__(name)
  File "/home/travis/build/kaitai-io/ci_targets/tests/spec/python/test_position_abs.py", line 5, in <module>
    from position_abs import PositionAbs
ImportError: No module named position_abs

]]>		</error>
	</testcase>
	<testcase classname="unittest.loader.ModuleImportFailure" name="test_position_in_seq" time="0.000" timestamp="2018-04-22T17:03:25">
		<error message="Failed to import test module: test_position_in_seq
Traceback (most recent call last):
  File &quot;/opt/python/2.7.14/lib/python2.7/unittest/loader.py&quot;, line 254, in _find_tests
    module = self._get_module_from_name(name)
  File &quot;/opt/python/2.7.14/lib/python2.7/unittest/loader.py&quot;, line 232, in _get_module_from_name
    __import__(name)
  File &quot;/home/travis/build/kaitai-io/ci_targets/tests/spec/python/test_position_in_seq.py&quot;, line 5, in &lt;module&gt;
    from position_in_seq import PositionInSeq
ImportError: No module named position_in_seq
" type="ImportError">
<![CDATA[ImportError: Failed to import test module: test_position_in_seq
Traceback (most recent call last):
  File "/opt/python/2.7.14/lib/python2.7/unittest/loader.py", line 254, in _find_tests
    module = self._get_module_from_name(name)
  File "/opt/python/2.7.14/lib/python2.7/unittest/loader.py", line 232, in _get_module_from_name
    __import__(name)
  File "/home/travis/build/kaitai-io/ci_targets/tests/spec/python/test_position_in_seq.py", line 5, in <module>
    from position_in_seq import PositionInSeq
ImportError: No module named position_in_seq

]]>		</error>
	</testcase>
	<testcase classname="unittest.loader.ModuleImportFailure" name="test_position_to_end" time="0.000" timestamp="2018-04-22T17:03:25">
		<error message="Failed to import test module: test_position_to_end
Traceback (most recent call last):
  File &quot;/opt/python/2.7.14/lib/python2.7/unittest/loader.py&quot;, line 254, in _find_tests
    module = self._get_module_from_name(name)
  File &quot;/opt/python/2.7.14/lib/python2.7/unittest/loader.py&quot;, line 232, in _get_module_from_name
    __import__(name)
  File &quot;/home/travis/build/kaitai-io/ci_targets/tests/spec/python/test_position_to_end.py&quot;, line 5, in &lt;module&gt;
    from position_to_end import PositionToEnd
ImportError: No module named position_to_end
" type="ImportError">
<![CDATA[ImportError: Failed to import test module: test_position_to_end
Traceback (most recent call last):
  File "/opt/python/2.7.14/lib/python2.7/unittest/loader.py", line 254, in _find_tests
    module = self._get_module_from_name(name)
  File "/opt/python/2.7.14/lib/python2.7/unittest/loader.py", line 232, in _get_module_from_name
    __import__(name)
  File "/home/travis/build/kaitai-io/ci_targets/tests/spec/python/test_position_to_end.py", line 5, in <module>
    from position_to_end import PositionToEnd
ImportError: No module named position_to_end

]]>		</error>
	</testcase>
	<testcase classname="unittest.loader.ModuleImportFailure" name="test_process_coerce_bytes" time="0.000" timestamp="2018-04-22T17:03:25">
		<error message="Failed to import test module: test_process_coerce_bytes
Traceback (most recent call last):
  File &quot;/opt/python/2.7.14/lib/python2.7/unittest/loader.py&quot;, line 254, in _find_tests
    module = self._get_module_from_name(name)
  File &quot;/opt/python/2.7.14/lib/python2.7/unittest/loader.py&quot;, line 232, in _get_module_from_name
    __import__(name)
  File &quot;/home/travis/build/kaitai-io/ci_targets/tests/spec/python/test_process_coerce_bytes.py&quot;, line 5, in &lt;module&gt;
    from process_coerce_bytes import ProcessCoerceBytes
ImportError: No module named process_coerce_bytes
" type="ImportError">
<![CDATA[ImportError: Failed to import test module: test_process_coerce_bytes
Traceback (most recent call last):
  File "/opt/python/2.7.14/lib/python2.7/unittest/loader.py", line 254, in _find_tests
    module = self._get_module_from_name(name)
  File "/opt/python/2.7.14/lib/python2.7/unittest/loader.py", line 232, in _get_module_from_name
    __import__(name)
  File "/home/travis/build/kaitai-io/ci_targets/tests/spec/python/test_process_coerce_bytes.py", line 5, in <module>
    from process_coerce_bytes import ProcessCoerceBytes
ImportError: No module named process_coerce_bytes

]]>		</error>
	</testcase>
	<testcase classname="unittest.loader.ModuleImportFailure" name="test_process_coerce_switch" time="0.000" timestamp="2018-04-22T17:03:25">
		<error message="Failed to import test module: test_process_coerce_switch
Traceback (most recent call last):
  File &quot;/opt/python/2.7.14/lib/python2.7/unittest/loader.py&quot;, line 254, in _find_tests
    module = self._get_module_from_name(name)
  File &quot;/opt/python/2.7.14/lib/python2.7/unittest/loader.py&quot;, line 232, in _get_module_from_name
    __import__(name)
  File &quot;/home/travis/build/kaitai-io/ci_targets/tests/spec/python/test_process_coerce_switch.py&quot;, line 5, in &lt;module&gt;
    from process_coerce_switch import ProcessCoerceSwitch
ImportError: No module named process_coerce_switch
" type="ImportError">
<![CDATA[ImportError: Failed to import test module: test_process_coerce_switch
Traceback (most recent call last):
  File "/opt/python/2.7.14/lib/python2.7/unittest/loader.py", line 254, in _find_tests
    module = self._get_module_from_name(name)
  File "/opt/python/2.7.14/lib/python2.7/unittest/loader.py", line 232, in _get_module_from_name
    __import__(name)
  File "/home/travis/build/kaitai-io/ci_targets/tests/spec/python/test_process_coerce_switch.py", line 5, in <module>
    from process_coerce_switch import ProcessCoerceSwitch
ImportError: No module named process_coerce_switch

]]>		</error>
	</testcase>
	<testcase classname="unittest.loader.ModuleImportFailure" name="test_process_coerce_usertype1" time="0.000" timestamp="2018-04-22T17:03:25">
		<error message="Failed to import test module: test_process_coerce_usertype1
Traceback (most recent call last):
  File &quot;/opt/python/2.7.14/lib/python2.7/unittest/loader.py&quot;, line 254, in _find_tests
    module = self._get_module_from_name(name)
  File &quot;/opt/python/2.7.14/lib/python2.7/unittest/loader.py&quot;, line 232, in _get_module_from_name
    __import__(name)
  File &quot;/home/travis/build/kaitai-io/ci_targets/tests/spec/python/test_process_coerce_usertype1.py&quot;, line 5, in &lt;module&gt;
    from process_coerce_usertype1 import ProcessCoerceUsertype1
ImportError: No module named process_coerce_usertype1
" type="ImportError">
<![CDATA[ImportError: Failed to import test module: test_process_coerce_usertype1
Traceback (most recent call last):
  File "/opt/python/2.7.14/lib/python2.7/unittest/loader.py", line 254, in _find_tests
    module = self._get_module_from_name(name)
  File "/opt/python/2.7.14/lib/python2.7/unittest/loader.py", line 232, in _get_module_from_name
    __import__(name)
  File "/home/travis/build/kaitai-io/ci_targets/tests/spec/python/test_process_coerce_usertype1.py", line 5, in <module>
    from process_coerce_usertype1 import ProcessCoerceUsertype1
ImportError: No module named process_coerce_usertype1

]]>		</error>
	</testcase>
	<testcase classname="unittest.loader.ModuleImportFailure" name="test_process_coerce_usertype2" time="0.000" timestamp="2018-04-22T17:03:25">
		<error message="Failed to import test module: test_process_coerce_usertype2
Traceback (most recent call last):
  File &quot;/opt/python/2.7.14/lib/python2.7/unittest/loader.py&quot;, line 254, in _find_tests
    module = self._get_module_from_name(name)
  File &quot;/opt/python/2.7.14/lib/python2.7/unittest/loader.py&quot;, line 232, in _get_module_from_name
    __import__(name)
  File &quot;/home/travis/build/kaitai-io/ci_targets/tests/spec/python/test_process_coerce_usertype2.py&quot;, line 5, in &lt;module&gt;
    from process_coerce_usertype2 import ProcessCoerceUsertype2
ImportError: No module named process_coerce_usertype2
" type="ImportError">
<![CDATA[ImportError: Failed to import test module: test_process_coerce_usertype2
Traceback (most recent call last):
  File "/opt/python/2.7.14/lib/python2.7/unittest/loader.py", line 254, in _find_tests
    module = self._get_module_from_name(name)
  File "/opt/python/2.7.14/lib/python2.7/unittest/loader.py", line 232, in _get_module_from_name
    __import__(name)
  File "/home/travis/build/kaitai-io/ci_targets/tests/spec/python/test_process_coerce_usertype2.py", line 5, in <module>
    from process_coerce_usertype2 import ProcessCoerceUsertype2
ImportError: No module named process_coerce_usertype2

]]>		</error>
	</testcase>
	<testcase classname="unittest.loader.ModuleImportFailure" name="test_process_custom" time="0.000" timestamp="2018-04-22T17:03:25">
		<error message="Failed to import test module: test_process_custom
Traceback (most recent call last):
  File &quot;/opt/python/2.7.14/lib/python2.7/unittest/loader.py&quot;, line 254, in _find_tests
    module = self._get_module_from_name(name)
  File &quot;/opt/python/2.7.14/lib/python2.7/unittest/loader.py&quot;, line 232, in _get_module_from_name
    __import__(name)
  File &quot;/home/travis/build/kaitai-io/ci_targets/tests/spec/python/test_process_custom.py&quot;, line 5, in &lt;module&gt;
    from process_custom import ProcessCustom
ImportError: No module named process_custom
" type="ImportError">
<![CDATA[ImportError: Failed to import test module: test_process_custom
Traceback (most recent call last):
  File "/opt/python/2.7.14/lib/python2.7/unittest/loader.py", line 254, in _find_tests
    module = self._get_module_from_name(name)
  File "/opt/python/2.7.14/lib/python2.7/unittest/loader.py", line 232, in _get_module_from_name
    __import__(name)
  File "/home/travis/build/kaitai-io/ci_targets/tests/spec/python/test_process_custom.py", line 5, in <module>
    from process_custom import ProcessCustom
ImportError: No module named process_custom

]]>		</error>
	</testcase>
	<testcase classname="unittest.loader.ModuleImportFailure" name="test_process_rotate" time="0.000" timestamp="2018-04-22T17:03:25">
		<error message="Failed to import test module: test_process_rotate
Traceback (most recent call last):
  File &quot;/opt/python/2.7.14/lib/python2.7/unittest/loader.py&quot;, line 254, in _find_tests
    module = self._get_module_from_name(name)
  File &quot;/opt/python/2.7.14/lib/python2.7/unittest/loader.py&quot;, line 232, in _get_module_from_name
    __import__(name)
  File &quot;/home/travis/build/kaitai-io/ci_targets/tests/spec/python/test_process_rotate.py&quot;, line 5, in &lt;module&gt;
    from process_rotate import ProcessRotate
ImportError: No module named process_rotate
" type="ImportError">
<![CDATA[ImportError: Failed to import test module: test_process_rotate
Traceback (most recent call last):
  File "/opt/python/2.7.14/lib/python2.7/unittest/loader.py", line 254, in _find_tests
    module = self._get_module_from_name(name)
  File "/opt/python/2.7.14/lib/python2.7/unittest/loader.py", line 232, in _get_module_from_name
    __import__(name)
  File "/home/travis/build/kaitai-io/ci_targets/tests/spec/python/test_process_rotate.py", line 5, in <module>
    from process_rotate import ProcessRotate
ImportError: No module named process_rotate

]]>		</error>
	</testcase>
	<testcase classname="unittest.loader.ModuleImportFailure" name="test_process_to_user" time="0.000" timestamp="2018-04-22T17:03:25">
		<error message="Failed to import test module: test_process_to_user
Traceback (most recent call last):
  File &quot;/opt/python/2.7.14/lib/python2.7/unittest/loader.py&quot;, line 254, in _find_tests
    module = self._get_module_from_name(name)
  File &quot;/opt/python/2.7.14/lib/python2.7/unittest/loader.py&quot;, line 232, in _get_module_from_name
    __import__(name)
  File &quot;/home/travis/build/kaitai-io/ci_targets/tests/spec/python/test_process_to_user.py&quot;, line 5, in &lt;module&gt;
    from process_to_user import ProcessToUser
ImportError: No module named process_to_user
" type="ImportError">
<![CDATA[ImportError: Failed to import test module: test_process_to_user
Traceback (most recent call last):
  File "/opt/python/2.7.14/lib/python2.7/unittest/loader.py", line 254, in _find_tests
    module = self._get_module_from_name(name)
  File "/opt/python/2.7.14/lib/python2.7/unittest/loader.py", line 232, in _get_module_from_name
    __import__(name)
  File "/home/travis/build/kaitai-io/ci_targets/tests/spec/python/test_process_to_user.py", line 5, in <module>
    from process_to_user import ProcessToUser
ImportError: No module named process_to_user

]]>		</error>
	</testcase>
	<testcase classname="unittest.loader.ModuleImportFailure" name="test_process_xor4_const" time="0.000" timestamp="2018-04-22T17:03:25">
		<error message="Failed to import test module: test_process_xor4_const
Traceback (most recent call last):
  File &quot;/opt/python/2.7.14/lib/python2.7/unittest/loader.py&quot;, line 254, in _find_tests
    module = self._get_module_from_name(name)
  File &quot;/opt/python/2.7.14/lib/python2.7/unittest/loader.py&quot;, line 232, in _get_module_from_name
    __import__(name)
  File &quot;/home/travis/build/kaitai-io/ci_targets/tests/spec/python/test_process_xor4_const.py&quot;, line 5, in &lt;module&gt;
    from process_xor4_const import ProcessXor4Const
ImportError: No module named process_xor4_const
" type="ImportError">
<![CDATA[ImportError: Failed to import test module: test_process_xor4_const
Traceback (most recent call last):
  File "/opt/python/2.7.14/lib/python2.7/unittest/loader.py", line 254, in _find_tests
    module = self._get_module_from_name(name)
  File "/opt/python/2.7.14/lib/python2.7/unittest/loader.py", line 232, in _get_module_from_name
    __import__(name)
  File "/home/travis/build/kaitai-io/ci_targets/tests/spec/python/test_process_xor4_const.py", line 5, in <module>
    from process_xor4_const import ProcessXor4Const
ImportError: No module named process_xor4_const

]]>		</error>
	</testcase>
	<testcase classname="unittest.loader.ModuleImportFailure" name="test_process_xor4_value" time="0.000" timestamp="2018-04-22T17:03:25">
		<error message="Failed to import test module: test_process_xor4_value
Traceback (most recent call last):
  File &quot;/opt/python/2.7.14/lib/python2.7/unittest/loader.py&quot;, line 254, in _find_tests
    module = self._get_module_from_name(name)
  File &quot;/opt/python/2.7.14/lib/python2.7/unittest/loader.py&quot;, line 232, in _get_module_from_name
    __import__(name)
  File &quot;/home/travis/build/kaitai-io/ci_targets/tests/spec/python/test_process_xor4_value.py&quot;, line 5, in &lt;module&gt;
    from process_xor4_value import ProcessXor4Value
ImportError: No module named process_xor4_value
" type="ImportError">
<![CDATA[ImportError: Failed to import test module: test_process_xor4_value
Traceback (most recent call last):
  File "/opt/python/2.7.14/lib/python2.7/unittest/loader.py", line 254, in _find_tests
    module = self._get_module_from_name(name)
  File "/opt/python/2.7.14/lib/python2.7/unittest/loader.py", line 232, in _get_module_from_name
    __import__(name)
  File "/home/travis/build/kaitai-io/ci_targets/tests/spec/python/test_process_xor4_value.py", line 5, in <module>
    from process_xor4_value import ProcessXor4Value
ImportError: No module named process_xor4_value

]]>		</error>
	</testcase>
	<testcase classname="unittest.loader.ModuleImportFailure" name="test_process_xor_const" time="0.000" timestamp="2018-04-22T17:03:25">
		<error message="Failed to import test module: test_process_xor_const
Traceback (most recent call last):
  File &quot;/opt/python/2.7.14/lib/python2.7/unittest/loader.py&quot;, line 254, in _find_tests
    module = self._get_module_from_name(name)
  File &quot;/opt/python/2.7.14/lib/python2.7/unittest/loader.py&quot;, line 232, in _get_module_from_name
    __import__(name)
  File &quot;/home/travis/build/kaitai-io/ci_targets/tests/spec/python/test_process_xor_const.py&quot;, line 5, in &lt;module&gt;
    from process_xor_const import ProcessXorConst
ImportError: No module named process_xor_const
" type="ImportError">
<![CDATA[ImportError: Failed to import test module: test_process_xor_const
Traceback (most recent call last):
  File "/opt/python/2.7.14/lib/python2.7/unittest/loader.py", line 254, in _find_tests
    module = self._get_module_from_name(name)
  File "/opt/python/2.7.14/lib/python2.7/unittest/loader.py", line 232, in _get_module_from_name
    __import__(name)
  File "/home/travis/build/kaitai-io/ci_targets/tests/spec/python/test_process_xor_const.py", line 5, in <module>
    from process_xor_const import ProcessXorConst
ImportError: No module named process_xor_const

]]>		</error>
	</testcase>
	<testcase classname="unittest.loader.ModuleImportFailure" name="test_process_xor_value" time="0.000" timestamp="2018-04-22T17:03:25">
		<error message="Failed to import test module: test_process_xor_value
Traceback (most recent call last):
  File &quot;/opt/python/2.7.14/lib/python2.7/unittest/loader.py&quot;, line 254, in _find_tests
    module = self._get_module_from_name(name)
  File &quot;/opt/python/2.7.14/lib/python2.7/unittest/loader.py&quot;, line 232, in _get_module_from_name
    __import__(name)
  File &quot;/home/travis/build/kaitai-io/ci_targets/tests/spec/python/test_process_xor_value.py&quot;, line 5, in &lt;module&gt;
    from process_xor_value import ProcessXorValue
ImportError: No module named process_xor_value
" type="ImportError">
<![CDATA[ImportError: Failed to import test module: test_process_xor_value
Traceback (most recent call last):
  File "/opt/python/2.7.14/lib/python2.7/unittest/loader.py", line 254, in _find_tests
    module = self._get_module_from_name(name)
  File "/opt/python/2.7.14/lib/python2.7/unittest/loader.py", line 232, in _get_module_from_name
    __import__(name)
  File "/home/travis/build/kaitai-io/ci_targets/tests/spec/python/test_process_xor_value.py", line 5, in <module>
    from process_xor_value import ProcessXorValue
ImportError: No module named process_xor_value

]]>		</error>
	</testcase>
	<testcase classname="unittest.loader.ModuleImportFailure" name="test_recursive_one" time="0.000" timestamp="2018-04-22T17:03:25">
		<error message="Failed to import test module: test_recursive_one
Traceback (most recent call last):
  File &quot;/opt/python/2.7.14/lib/python2.7/unittest/loader.py&quot;, line 254, in _find_tests
    module = self._get_module_from_name(name)
  File &quot;/opt/python/2.7.14/lib/python2.7/unittest/loader.py&quot;, line 232, in _get_module_from_name
    __import__(name)
  File &quot;/home/travis/build/kaitai-io/ci_targets/tests/spec/python/test_recursive_one.py&quot;, line 3, in &lt;module&gt;
    from recursive_one import RecursiveOne
ImportError: No module named recursive_one
" type="ImportError">
<![CDATA[ImportError: Failed to import test module: test_recursive_one
Traceback (most recent call last):
  File "/opt/python/2.7.14/lib/python2.7/unittest/loader.py", line 254, in _find_tests
    module = self._get_module_from_name(name)
  File "/opt/python/2.7.14/lib/python2.7/unittest/loader.py", line 232, in _get_module_from_name
    __import__(name)
  File "/home/travis/build/kaitai-io/ci_targets/tests/spec/python/test_recursive_one.py", line 3, in <module>
    from recursive_one import RecursiveOne
ImportError: No module named recursive_one

]]>		</error>
	</testcase>
	<testcase classname="unittest.loader.ModuleImportFailure" name="test_repeat_eos_struct" time="0.000" timestamp="2018-04-22T17:03:25">
		<error message="Failed to import test module: test_repeat_eos_struct
Traceback (most recent call last):
  File &quot;/opt/python/2.7.14/lib/python2.7/unittest/loader.py&quot;, line 254, in _find_tests
    module = self._get_module_from_name(name)
  File &quot;/opt/python/2.7.14/lib/python2.7/unittest/loader.py&quot;, line 232, in _get_module_from_name
    __import__(name)
  File &quot;/home/travis/build/kaitai-io/ci_targets/tests/spec/python/test_repeat_eos_struct.py&quot;, line 5, in &lt;module&gt;
    from repeat_eos_struct import RepeatEosStruct
ImportError: No module named repeat_eos_struct
" type="ImportError">
<![CDATA[ImportError: Failed to import test module: test_repeat_eos_struct
Traceback (most recent call last):
  File "/opt/python/2.7.14/lib/python2.7/unittest/loader.py", line 254, in _find_tests
    module = self._get_module_from_name(name)
  File "/opt/python/2.7.14/lib/python2.7/unittest/loader.py", line 232, in _get_module_from_name
    __import__(name)
  File "/home/travis/build/kaitai-io/ci_targets/tests/spec/python/test_repeat_eos_struct.py", line 5, in <module>
    from repeat_eos_struct import RepeatEosStruct
ImportError: No module named repeat_eos_struct

]]>		</error>
	</testcase>
	<testcase classname="unittest.loader.ModuleImportFailure" name="test_repeat_eos_u4" time="0.000" timestamp="2018-04-22T17:03:25">
		<error message="Failed to import test module: test_repeat_eos_u4
Traceback (most recent call last):
  File &quot;/opt/python/2.7.14/lib/python2.7/unittest/loader.py&quot;, line 254, in _find_tests
    module = self._get_module_from_name(name)
  File &quot;/opt/python/2.7.14/lib/python2.7/unittest/loader.py&quot;, line 232, in _get_module_from_name
    __import__(name)
  File &quot;/home/travis/build/kaitai-io/ci_targets/tests/spec/python/test_repeat_eos_u4.py&quot;, line 5, in &lt;module&gt;
    from repeat_eos_u4 import RepeatEosU4
ImportError: No module named repeat_eos_u4
" type="ImportError">
<![CDATA[ImportError: Failed to import test module: test_repeat_eos_u4
Traceback (most recent call last):
  File "/opt/python/2.7.14/lib/python2.7/unittest/loader.py", line 254, in _find_tests
    module = self._get_module_from_name(name)
  File "/opt/python/2.7.14/lib/python2.7/unittest/loader.py", line 232, in _get_module_from_name
    __import__(name)
  File "/home/travis/build/kaitai-io/ci_targets/tests/spec/python/test_repeat_eos_u4.py", line 5, in <module>
    from repeat_eos_u4 import RepeatEosU4
ImportError: No module named repeat_eos_u4

]]>		</error>
	</testcase>
	<testcase classname="unittest.loader.ModuleImportFailure" name="test_repeat_n_struct" time="0.000" timestamp="2018-04-22T17:03:25">
		<error message="Failed to import test module: test_repeat_n_struct
Traceback (most recent call last):
  File &quot;/opt/python/2.7.14/lib/python2.7/unittest/loader.py&quot;, line 254, in _find_tests
    module = self._get_module_from_name(name)
  File &quot;/opt/python/2.7.14/lib/python2.7/unittest/loader.py&quot;, line 232, in _get_module_from_name
    __import__(name)
  File &quot;/home/travis/build/kaitai-io/ci_targets/tests/spec/python/test_repeat_n_struct.py&quot;, line 5, in &lt;module&gt;
    from repeat_n_struct import RepeatNStruct
ImportError: No module named repeat_n_struct
" type="ImportError">
<![CDATA[ImportError: Failed to import test module: test_repeat_n_struct
Traceback (most recent call last):
  File "/opt/python/2.7.14/lib/python2.7/unittest/loader.py", line 254, in _find_tests
    module = self._get_module_from_name(name)
  File "/opt/python/2.7.14/lib/python2.7/unittest/loader.py", line 232, in _get_module_from_name
    __import__(name)
  File "/home/travis/build/kaitai-io/ci_targets/tests/spec/python/test_repeat_n_struct.py", line 5, in <module>
    from repeat_n_struct import RepeatNStruct
ImportError: No module named repeat_n_struct

]]>		</error>
	</testcase>
	<testcase classname="unittest.loader.ModuleImportFailure" name="test_repeat_n_strz" time="0.000" timestamp="2018-04-22T17:03:25">
		<error message="Failed to import test module: test_repeat_n_strz
Traceback (most recent call last):
  File &quot;/opt/python/2.7.14/lib/python2.7/unittest/loader.py&quot;, line 254, in _find_tests
    module = self._get_module_from_name(name)
  File &quot;/opt/python/2.7.14/lib/python2.7/unittest/loader.py&quot;, line 232, in _get_module_from_name
    __import__(name)
  File &quot;/home/travis/build/kaitai-io/ci_targets/tests/spec/python/test_repeat_n_strz.py&quot;, line 5, in &lt;module&gt;
    from repeat_n_strz import RepeatNStrz
ImportError: No module named repeat_n_strz
" type="ImportError">
<![CDATA[ImportError: Failed to import test module: test_repeat_n_strz
Traceback (most recent call last):
  File "/opt/python/2.7.14/lib/python2.7/unittest/loader.py", line 254, in _find_tests
    module = self._get_module_from_name(name)
  File "/opt/python/2.7.14/lib/python2.7/unittest/loader.py", line 232, in _get_module_from_name
    __import__(name)
  File "/home/travis/build/kaitai-io/ci_targets/tests/spec/python/test_repeat_n_strz.py", line 5, in <module>
    from repeat_n_strz import RepeatNStrz
ImportError: No module named repeat_n_strz

]]>		</error>
	</testcase>
	<testcase classname="unittest.loader.ModuleImportFailure" name="test_repeat_n_strz_double" time="0.000" timestamp="2018-04-22T17:03:25">
		<error message="Failed to import test module: test_repeat_n_strz_double
Traceback (most recent call last):
  File &quot;/opt/python/2.7.14/lib/python2.7/unittest/loader.py&quot;, line 254, in _find_tests
    module = self._get_module_from_name(name)
  File &quot;/opt/python/2.7.14/lib/python2.7/unittest/loader.py&quot;, line 232, in _get_module_from_name
    __import__(name)
  File &quot;/home/travis/build/kaitai-io/ci_targets/tests/spec/python/test_repeat_n_strz_double.py&quot;, line 5, in &lt;module&gt;
    from repeat_n_strz_double import RepeatNStrzDouble
ImportError: No module named repeat_n_strz_double
" type="ImportError">
<![CDATA[ImportError: Failed to import test module: test_repeat_n_strz_double
Traceback (most recent call last):
  File "/opt/python/2.7.14/lib/python2.7/unittest/loader.py", line 254, in _find_tests
    module = self._get_module_from_name(name)
  File "/opt/python/2.7.14/lib/python2.7/unittest/loader.py", line 232, in _get_module_from_name
    __import__(name)
  File "/home/travis/build/kaitai-io/ci_targets/tests/spec/python/test_repeat_n_strz_double.py", line 5, in <module>
    from repeat_n_strz_double import RepeatNStrzDouble
ImportError: No module named repeat_n_strz_double

]]>		</error>
	</testcase>
	<testcase classname="unittest.loader.ModuleImportFailure" name="test_repeat_until_complex" time="0.000" timestamp="2018-04-22T17:03:25">
		<error message="Failed to import test module: test_repeat_until_complex
Traceback (most recent call last):
  File &quot;/opt/python/2.7.14/lib/python2.7/unittest/loader.py&quot;, line 254, in _find_tests
    module = self._get_module_from_name(name)
  File &quot;/opt/python/2.7.14/lib/python2.7/unittest/loader.py&quot;, line 232, in _get_module_from_name
    __import__(name)
  File &quot;/home/travis/build/kaitai-io/ci_targets/tests/spec/python/test_repeat_until_complex.py&quot;, line 5, in &lt;module&gt;
    from repeat_until_complex import RepeatUntilComplex
ImportError: No module named repeat_until_complex
" type="ImportError">
<![CDATA[ImportError: Failed to import test module: test_repeat_until_complex
Traceback (most recent call last):
  File "/opt/python/2.7.14/lib/python2.7/unittest/loader.py", line 254, in _find_tests
    module = self._get_module_from_name(name)
  File "/opt/python/2.7.14/lib/python2.7/unittest/loader.py", line 232, in _get_module_from_name
    __import__(name)
  File "/home/travis/build/kaitai-io/ci_targets/tests/spec/python/test_repeat_until_complex.py", line 5, in <module>
    from repeat_until_complex import RepeatUntilComplex
ImportError: No module named repeat_until_complex

]]>		</error>
	</testcase>
	<testcase classname="unittest.loader.ModuleImportFailure" name="test_repeat_until_s4" time="0.000" timestamp="2018-04-22T17:03:25">
		<error message="Failed to import test module: test_repeat_until_s4
Traceback (most recent call last):
  File &quot;/opt/python/2.7.14/lib/python2.7/unittest/loader.py&quot;, line 254, in _find_tests
    module = self._get_module_from_name(name)
  File &quot;/opt/python/2.7.14/lib/python2.7/unittest/loader.py&quot;, line 232, in _get_module_from_name
    __import__(name)
  File &quot;/home/travis/build/kaitai-io/ci_targets/tests/spec/python/test_repeat_until_s4.py&quot;, line 5, in &lt;module&gt;
    from repeat_until_s4 import RepeatUntilS4
ImportError: No module named repeat_until_s4
" type="ImportError">
<![CDATA[ImportError: Failed to import test module: test_repeat_until_s4
Traceback (most recent call last):
  File "/opt/python/2.7.14/lib/python2.7/unittest/loader.py", line 254, in _find_tests
    module = self._get_module_from_name(name)
  File "/opt/python/2.7.14/lib/python2.7/unittest/loader.py", line 232, in _get_module_from_name
    __import__(name)
  File "/home/travis/build/kaitai-io/ci_targets/tests/spec/python/test_repeat_until_s4.py", line 5, in <module>
    from repeat_until_s4 import RepeatUntilS4
ImportError: No module named repeat_until_s4

]]>		</error>
	</testcase>
	<testcase classname="unittest.loader.ModuleImportFailure" name="test_repeat_until_sized" time="0.000" timestamp="2018-04-22T17:03:25">
		<error message="Failed to import test module: test_repeat_until_sized
Traceback (most recent call last):
  File &quot;/opt/python/2.7.14/lib/python2.7/unittest/loader.py&quot;, line 254, in _find_tests
    module = self._get_module_from_name(name)
  File &quot;/opt/python/2.7.14/lib/python2.7/unittest/loader.py&quot;, line 232, in _get_module_from_name
    __import__(name)
  File &quot;/home/travis/build/kaitai-io/ci_targets/tests/spec/python/test_repeat_until_sized.py&quot;, line 5, in &lt;module&gt;
    from repeat_until_sized import RepeatUntilSized
ImportError: No module named repeat_until_sized
" type="ImportError">
<![CDATA[ImportError: Failed to import test module: test_repeat_until_sized
Traceback (most recent call last):
  File "/opt/python/2.7.14/lib/python2.7/unittest/loader.py", line 254, in _find_tests
    module = self._get_module_from_name(name)
  File "/opt/python/2.7.14/lib/python2.7/unittest/loader.py", line 232, in _get_module_from_name
    __import__(name)
  File "/home/travis/build/kaitai-io/ci_targets/tests/spec/python/test_repeat_until_sized.py", line 5, in <module>
    from repeat_until_sized import RepeatUntilSized
ImportError: No module named repeat_until_sized

]]>		</error>
	</testcase>
	<testcase classname="unittest.loader.ModuleImportFailure" name="test_str_encodings" time="0.000" timestamp="2018-04-22T17:03:25">
		<error message="Failed to import test module: test_str_encodings
Traceback (most recent call last):
  File &quot;/opt/python/2.7.14/lib/python2.7/unittest/loader.py&quot;, line 254, in _find_tests
    module = self._get_module_from_name(name)
  File &quot;/opt/python/2.7.14/lib/python2.7/unittest/loader.py&quot;, line 232, in _get_module_from_name
    __import__(name)
  File &quot;/home/travis/build/kaitai-io/ci_targets/tests/spec/python/test_str_encodings.py&quot;, line 5, in &lt;module&gt;
    from str_encodings import StrEncodings
ImportError: No module named str_encodings
" type="ImportError">
<![CDATA[ImportError: Failed to import test module: test_str_encodings
Traceback (most recent call last):
  File "/opt/python/2.7.14/lib/python2.7/unittest/loader.py", line 254, in _find_tests
    module = self._get_module_from_name(name)
  File "/opt/python/2.7.14/lib/python2.7/unittest/loader.py", line 232, in _get_module_from_name
    __import__(name)
  File "/home/travis/build/kaitai-io/ci_targets/tests/spec/python/test_str_encodings.py", line 5, in <module>
    from str_encodings import StrEncodings
ImportError: No module named str_encodings

]]>		</error>
	</testcase>
	<testcase classname="unittest.loader.ModuleImportFailure" name="test_str_encodings_default" time="0.001" timestamp="2018-04-22T17:03:25">
		<error message="Failed to import test module: test_str_encodings_default
Traceback (most recent call last):
  File &quot;/opt/python/2.7.14/lib/python2.7/unittest/loader.py&quot;, line 254, in _find_tests
    module = self._get_module_from_name(name)
  File &quot;/opt/python/2.7.14/lib/python2.7/unittest/loader.py&quot;, line 232, in _get_module_from_name
    __import__(name)
  File &quot;/home/travis/build/kaitai-io/ci_targets/tests/spec/python/test_str_encodings_default.py&quot;, line 5, in &lt;module&gt;
    from str_encodings_default import StrEncodingsDefault
ImportError: No module named str_encodings_default
" type="ImportError">
<![CDATA[ImportError: Failed to import test module: test_str_encodings_default
Traceback (most recent call last):
  File "/opt/python/2.7.14/lib/python2.7/unittest/loader.py", line 254, in _find_tests
    module = self._get_module_from_name(name)
  File "/opt/python/2.7.14/lib/python2.7/unittest/loader.py", line 232, in _get_module_from_name
    __import__(name)
  File "/home/travis/build/kaitai-io/ci_targets/tests/spec/python/test_str_encodings_default.py", line 5, in <module>
    from str_encodings_default import StrEncodingsDefault
ImportError: No module named str_encodings_default

]]>		</error>
	</testcase>
	<testcase classname="unittest.loader.ModuleImportFailure" name="test_str_eos" time="0.000" timestamp="2018-04-22T17:03:25">
		<error message="Failed to import test module: test_str_eos
Traceback (most recent call last):
  File &quot;/opt/python/2.7.14/lib/python2.7/unittest/loader.py&quot;, line 254, in _find_tests
    module = self._get_module_from_name(name)
  File &quot;/opt/python/2.7.14/lib/python2.7/unittest/loader.py&quot;, line 232, in _get_module_from_name
    __import__(name)
  File &quot;/home/travis/build/kaitai-io/ci_targets/tests/spec/python/test_str_eos.py&quot;, line 5, in &lt;module&gt;
    from str_eos import StrEos
ImportError: No module named str_eos
" type="ImportError">
<![CDATA[ImportError: Failed to import test module: test_str_eos
Traceback (most recent call last):
  File "/opt/python/2.7.14/lib/python2.7/unittest/loader.py", line 254, in _find_tests
    module = self._get_module_from_name(name)
  File "/opt/python/2.7.14/lib/python2.7/unittest/loader.py", line 232, in _get_module_from_name
    __import__(name)
  File "/home/travis/build/kaitai-io/ci_targets/tests/spec/python/test_str_eos.py", line 5, in <module>
    from str_eos import StrEos
ImportError: No module named str_eos

]]>		</error>
	</testcase>
	<testcase classname="unittest.loader.ModuleImportFailure" name="test_str_literals" time="0.000" timestamp="2018-04-22T17:03:25">
		<error message="Failed to import test module: test_str_literals
Traceback (most recent call last):
  File &quot;/opt/python/2.7.14/lib/python2.7/unittest/loader.py&quot;, line 254, in _find_tests
    module = self._get_module_from_name(name)
  File &quot;/opt/python/2.7.14/lib/python2.7/unittest/loader.py&quot;, line 232, in _get_module_from_name
    __import__(name)
  File &quot;/home/travis/build/kaitai-io/ci_targets/tests/spec/python/test_str_literals.py&quot;, line 3, in &lt;module&gt;
    from str_literals import StrLiterals
ImportError: No module named str_literals
" type="ImportError">
<![CDATA[ImportError: Failed to import test module: test_str_literals
Traceback (most recent call last):
  File "/opt/python/2.7.14/lib/python2.7/unittest/loader.py", line 254, in _find_tests
    module = self._get_module_from_name(name)
  File "/opt/python/2.7.14/lib/python2.7/unittest/loader.py", line 232, in _get_module_from_name
    __import__(name)
  File "/home/travis/build/kaitai-io/ci_targets/tests/spec/python/test_str_literals.py", line 3, in <module>
    from str_literals import StrLiterals
ImportError: No module named str_literals

]]>		</error>
	</testcase>
	<testcase classname="unittest.loader.ModuleImportFailure" name="test_str_literals2" time="0.000" timestamp="2018-04-22T17:03:25">
		<error message="Failed to import test module: test_str_literals2
Traceback (most recent call last):
  File &quot;/opt/python/2.7.14/lib/python2.7/unittest/loader.py&quot;, line 254, in _find_tests
    module = self._get_module_from_name(name)
  File &quot;/opt/python/2.7.14/lib/python2.7/unittest/loader.py&quot;, line 232, in _get_module_from_name
    __import__(name)
  File &quot;/home/travis/build/kaitai-io/ci_targets/tests/spec/python/test_str_literals2.py&quot;, line 5, in &lt;module&gt;
    from str_literals2 import StrLiterals2
ImportError: No module named str_literals2
" type="ImportError">
<![CDATA[ImportError: Failed to import test module: test_str_literals2
Traceback (most recent call last):
  File "/opt/python/2.7.14/lib/python2.7/unittest/loader.py", line 254, in _find_tests
    module = self._get_module_from_name(name)
  File "/opt/python/2.7.14/lib/python2.7/unittest/loader.py", line 232, in _get_module_from_name
    __import__(name)
  File "/home/travis/build/kaitai-io/ci_targets/tests/spec/python/test_str_literals2.py", line 5, in <module>
    from str_literals2 import StrLiterals2
ImportError: No module named str_literals2

]]>		</error>
	</testcase>
	<testcase classname="unittest.loader.ModuleImportFailure" name="test_str_pad_term" time="0.000" timestamp="2018-04-22T17:03:25">
		<error message="Failed to import test module: test_str_pad_term
Traceback (most recent call last):
  File &quot;/opt/python/2.7.14/lib/python2.7/unittest/loader.py&quot;, line 254, in _find_tests
    module = self._get_module_from_name(name)
  File &quot;/opt/python/2.7.14/lib/python2.7/unittest/loader.py&quot;, line 232, in _get_module_from_name
    __import__(name)
  File &quot;/home/travis/build/kaitai-io/ci_targets/tests/spec/python/test_str_pad_term.py&quot;, line 5, in &lt;module&gt;
    from str_pad_term import StrPadTerm
ImportError: No module named str_pad_term
" type="ImportError">
<![CDATA[ImportError: Failed to import test module: test_str_pad_term
Traceback (most recent call last):
  File "/opt/python/2.7.14/lib/python2.7/unittest/loader.py", line 254, in _find_tests
    module = self._get_module_from_name(name)
  File "/opt/python/2.7.14/lib/python2.7/unittest/loader.py", line 232, in _get_module_from_name
    __import__(name)
  File "/home/travis/build/kaitai-io/ci_targets/tests/spec/python/test_str_pad_term.py", line 5, in <module>
    from str_pad_term import StrPadTerm
ImportError: No module named str_pad_term

]]>		</error>
	</testcase>
	<testcase classname="unittest.loader.ModuleImportFailure" name="test_str_pad_term_empty" time="0.000" timestamp="2018-04-22T17:03:25">
		<error message="Failed to import test module: test_str_pad_term_empty
Traceback (most recent call last):
  File &quot;/opt/python/2.7.14/lib/python2.7/unittest/loader.py&quot;, line 254, in _find_tests
    module = self._get_module_from_name(name)
  File &quot;/opt/python/2.7.14/lib/python2.7/unittest/loader.py&quot;, line 232, in _get_module_from_name
    __import__(name)
  File &quot;/home/travis/build/kaitai-io/ci_targets/tests/spec/python/test_str_pad_term_empty.py&quot;, line 5, in &lt;module&gt;
    from str_pad_term_empty import StrPadTermEmpty
ImportError: No module named str_pad_term_empty
" type="ImportError">
<![CDATA[ImportError: Failed to import test module: test_str_pad_term_empty
Traceback (most recent call last):
  File "/opt/python/2.7.14/lib/python2.7/unittest/loader.py", line 254, in _find_tests
    module = self._get_module_from_name(name)
  File "/opt/python/2.7.14/lib/python2.7/unittest/loader.py", line 232, in _get_module_from_name
    __import__(name)
  File "/home/travis/build/kaitai-io/ci_targets/tests/spec/python/test_str_pad_term_empty.py", line 5, in <module>
    from str_pad_term_empty import StrPadTermEmpty
ImportError: No module named str_pad_term_empty

]]>		</error>
	</testcase>
	<testcase classname="unittest.loader.ModuleImportFailure" name="test_switch_bytearray" time="0.000" timestamp="2018-04-22T17:03:25">
		<error message="Failed to import test module: test_switch_bytearray
Traceback (most recent call last):
  File &quot;/opt/python/2.7.14/lib/python2.7/unittest/loader.py&quot;, line 254, in _find_tests
    module = self._get_module_from_name(name)
  File &quot;/opt/python/2.7.14/lib/python2.7/unittest/loader.py&quot;, line 232, in _get_module_from_name
    __import__(name)
  File &quot;/home/travis/build/kaitai-io/ci_targets/tests/spec/python/test_switch_bytearray.py&quot;, line 5, in &lt;module&gt;
    from switch_bytearray import SwitchBytearray
ImportError: No module named switch_bytearray
" type="ImportError">
<![CDATA[ImportError: Failed to import test module: test_switch_bytearray
Traceback (most recent call last):
  File "/opt/python/2.7.14/lib/python2.7/unittest/loader.py", line 254, in _find_tests
    module = self._get_module_from_name(name)
  File "/opt/python/2.7.14/lib/python2.7/unittest/loader.py", line 232, in _get_module_from_name
    __import__(name)
  File "/home/travis/build/kaitai-io/ci_targets/tests/spec/python/test_switch_bytearray.py", line 5, in <module>
    from switch_bytearray import SwitchBytearray
ImportError: No module named switch_bytearray

]]>		</error>
	</testcase>
	<testcase classname="unittest.loader.ModuleImportFailure" name="test_switch_cast" time="0.000" timestamp="2018-04-22T17:03:25">
		<error message="Failed to import test module: test_switch_cast
Traceback (most recent call last):
  File &quot;/opt/python/2.7.14/lib/python2.7/unittest/loader.py&quot;, line 254, in _find_tests
    module = self._get_module_from_name(name)
  File &quot;/opt/python/2.7.14/lib/python2.7/unittest/loader.py&quot;, line 232, in _get_module_from_name
    __import__(name)
  File &quot;/home/travis/build/kaitai-io/ci_targets/tests/spec/python/test_switch_cast.py&quot;, line 3, in &lt;module&gt;
    from switch_cast import SwitchCast
ImportError: No module named switch_cast
" type="ImportError">
<![CDATA[ImportError: Failed to import test module: test_switch_cast
Traceback (most recent call last):
  File "/opt/python/2.7.14/lib/python2.7/unittest/loader.py", line 254, in _find_tests
    module = self._get_module_from_name(name)
  File "/opt/python/2.7.14/lib/python2.7/unittest/loader.py", line 232, in _get_module_from_name
    __import__(name)
  File "/home/travis/build/kaitai-io/ci_targets/tests/spec/python/test_switch_cast.py", line 3, in <module>
    from switch_cast import SwitchCast
ImportError: No module named switch_cast

]]>		</error>
	</testcase>
	<testcase classname="unittest.loader.ModuleImportFailure" name="test_switch_integers" time="0.000" timestamp="2018-04-22T17:03:25">
		<error message="Failed to import test module: test_switch_integers
Traceback (most recent call last):
  File &quot;/opt/python/2.7.14/lib/python2.7/unittest/loader.py&quot;, line 254, in _find_tests
    module = self._get_module_from_name(name)
  File &quot;/opt/python/2.7.14/lib/python2.7/unittest/loader.py&quot;, line 232, in _get_module_from_name
    __import__(name)
  File &quot;/home/travis/build/kaitai-io/ci_targets/tests/spec/python/test_switch_integers.py&quot;, line 5, in &lt;module&gt;
    from switch_integers import SwitchIntegers
ImportError: No module named switch_integers
" type="ImportError">
<![CDATA[ImportError: Failed to import test module: test_switch_integers
Traceback (most recent call last):
  File "/opt/python/2.7.14/lib/python2.7/unittest/loader.py", line 254, in _find_tests
    module = self._get_module_from_name(name)
  File "/opt/python/2.7.14/lib/python2.7/unittest/loader.py", line 232, in _get_module_from_name
    __import__(name)
  File "/home/travis/build/kaitai-io/ci_targets/tests/spec/python/test_switch_integers.py", line 5, in <module>
    from switch_integers import SwitchIntegers
ImportError: No module named switch_integers

]]>		</error>
	</testcase>
	<testcase classname="unittest.loader.ModuleImportFailure" name="test_switch_integers2" time="0.000" timestamp="2018-04-22T17:03:25">
		<error message="Failed to import test module: test_switch_integers2
Traceback (most recent call last):
  File &quot;/opt/python/2.7.14/lib/python2.7/unittest/loader.py&quot;, line 254, in _find_tests
    module = self._get_module_from_name(name)
  File &quot;/opt/python/2.7.14/lib/python2.7/unittest/loader.py&quot;, line 232, in _get_module_from_name
    __import__(name)
  File &quot;/home/travis/build/kaitai-io/ci_targets/tests/spec/python/test_switch_integers2.py&quot;, line 5, in &lt;module&gt;
    from switch_integers2 import SwitchIntegers2
ImportError: No module named switch_integers2
" type="ImportError">
<![CDATA[ImportError: Failed to import test module: test_switch_integers2
Traceback (most recent call last):
  File "/opt/python/2.7.14/lib/python2.7/unittest/loader.py", line 254, in _find_tests
    module = self._get_module_from_name(name)
  File "/opt/python/2.7.14/lib/python2.7/unittest/loader.py", line 232, in _get_module_from_name
    __import__(name)
  File "/home/travis/build/kaitai-io/ci_targets/tests/spec/python/test_switch_integers2.py", line 5, in <module>
    from switch_integers2 import SwitchIntegers2
ImportError: No module named switch_integers2

]]>		</error>
	</testcase>
	<testcase classname="unittest.loader.ModuleImportFailure" name="test_switch_manual_enum" time="0.000" timestamp="2018-04-22T17:03:25">
		<error message="Failed to import test module: test_switch_manual_enum
Traceback (most recent call last):
  File &quot;/opt/python/2.7.14/lib/python2.7/unittest/loader.py&quot;, line 254, in _find_tests
    module = self._get_module_from_name(name)
  File &quot;/opt/python/2.7.14/lib/python2.7/unittest/loader.py&quot;, line 232, in _get_module_from_name
    __import__(name)
  File &quot;/home/travis/build/kaitai-io/ci_targets/tests/spec/python/test_switch_manual_enum.py&quot;, line 3, in &lt;module&gt;
    from switch_manual_enum import SwitchManualEnum
ImportError: No module named switch_manual_enum
" type="ImportError">
<![CDATA[ImportError: Failed to import test module: test_switch_manual_enum
Traceback (most recent call last):
  File "/opt/python/2.7.14/lib/python2.7/unittest/loader.py", line 254, in _find_tests
    module = self._get_module_from_name(name)
  File "/opt/python/2.7.14/lib/python2.7/unittest/loader.py", line 232, in _get_module_from_name
    __import__(name)
  File "/home/travis/build/kaitai-io/ci_targets/tests/spec/python/test_switch_manual_enum.py", line 3, in <module>
    from switch_manual_enum import SwitchManualEnum
ImportError: No module named switch_manual_enum

]]>		</error>
	</testcase>
	<testcase classname="unittest.loader.ModuleImportFailure" name="test_switch_manual_int" time="0.000" timestamp="2018-04-22T17:03:25">
		<error message="Failed to import test module: test_switch_manual_int
Traceback (most recent call last):
  File &quot;/opt/python/2.7.14/lib/python2.7/unittest/loader.py&quot;, line 254, in _find_tests
    module = self._get_module_from_name(name)
  File &quot;/opt/python/2.7.14/lib/python2.7/unittest/loader.py&quot;, line 232, in _get_module_from_name
    __import__(name)
  File &quot;/home/travis/build/kaitai-io/ci_targets/tests/spec/python/test_switch_manual_int.py&quot;, line 5, in &lt;module&gt;
    from switch_manual_int import SwitchManualInt
ImportError: No module named switch_manual_int
" type="ImportError">
<![CDATA[ImportError: Failed to import test module: test_switch_manual_int
Traceback (most recent call last):
  File "/opt/python/2.7.14/lib/python2.7/unittest/loader.py", line 254, in _find_tests
    module = self._get_module_from_name(name)
  File "/opt/python/2.7.14/lib/python2.7/unittest/loader.py", line 232, in _get_module_from_name
    __import__(name)
  File "/home/travis/build/kaitai-io/ci_targets/tests/spec/python/test_switch_manual_int.py", line 5, in <module>
    from switch_manual_int import SwitchManualInt
ImportError: No module named switch_manual_int

]]>		</error>
	</testcase>
	<testcase classname="unittest.loader.ModuleImportFailure" name="test_switch_manual_int_else" time="0.000" timestamp="2018-04-22T17:03:25">
		<error message="Failed to import test module: test_switch_manual_int_else
Traceback (most recent call last):
  File &quot;/opt/python/2.7.14/lib/python2.7/unittest/loader.py&quot;, line 254, in _find_tests
    module = self._get_module_from_name(name)
  File &quot;/opt/python/2.7.14/lib/python2.7/unittest/loader.py&quot;, line 232, in _get_module_from_name
    __import__(name)
  File &quot;/home/travis/build/kaitai-io/ci_targets/tests/spec/python/test_switch_manual_int_else.py&quot;, line 5, in &lt;module&gt;
    from switch_manual_int_else import SwitchManualIntElse
ImportError: No module named switch_manual_int_else
" type="ImportError">
<![CDATA[ImportError: Failed to import test module: test_switch_manual_int_else
Traceback (most recent call last):
  File "/opt/python/2.7.14/lib/python2.7/unittest/loader.py", line 254, in _find_tests
    module = self._get_module_from_name(name)
  File "/opt/python/2.7.14/lib/python2.7/unittest/loader.py", line 232, in _get_module_from_name
    __import__(name)
  File "/home/travis/build/kaitai-io/ci_targets/tests/spec/python/test_switch_manual_int_else.py", line 5, in <module>
    from switch_manual_int_else import SwitchManualIntElse
ImportError: No module named switch_manual_int_else

]]>		</error>
	</testcase>
	<testcase classname="unittest.loader.ModuleImportFailure" name="test_switch_manual_int_size" time="0.000" timestamp="2018-04-22T17:03:25">
		<error message="Failed to import test module: test_switch_manual_int_size
Traceback (most recent call last):
  File &quot;/opt/python/2.7.14/lib/python2.7/unittest/loader.py&quot;, line 254, in _find_tests
    module = self._get_module_from_name(name)
  File &quot;/opt/python/2.7.14/lib/python2.7/unittest/loader.py&quot;, line 232, in _get_module_from_name
    __import__(name)
  File &quot;/home/travis/build/kaitai-io/ci_targets/tests/spec/python/test_switch_manual_int_size.py&quot;, line 3, in &lt;module&gt;
    from switch_manual_int_size import SwitchManualIntSize
ImportError: No module named switch_manual_int_size
" type="ImportError">
<![CDATA[ImportError: Failed to import test module: test_switch_manual_int_size
Traceback (most recent call last):
  File "/opt/python/2.7.14/lib/python2.7/unittest/loader.py", line 254, in _find_tests
    module = self._get_module_from_name(name)
  File "/opt/python/2.7.14/lib/python2.7/unittest/loader.py", line 232, in _get_module_from_name
    __import__(name)
  File "/home/travis/build/kaitai-io/ci_targets/tests/spec/python/test_switch_manual_int_size.py", line 3, in <module>
    from switch_manual_int_size import SwitchManualIntSize
ImportError: No module named switch_manual_int_size

]]>		</error>
	</testcase>
	<testcase classname="unittest.loader.ModuleImportFailure" name="test_switch_manual_int_size_else" time="0.000" timestamp="2018-04-22T17:03:25">
		<error message="Failed to import test module: test_switch_manual_int_size_else
Traceback (most recent call last):
  File &quot;/opt/python/2.7.14/lib/python2.7/unittest/loader.py&quot;, line 254, in _find_tests
    module = self._get_module_from_name(name)
  File &quot;/opt/python/2.7.14/lib/python2.7/unittest/loader.py&quot;, line 232, in _get_module_from_name
    __import__(name)
  File &quot;/home/travis/build/kaitai-io/ci_targets/tests/spec/python/test_switch_manual_int_size_else.py&quot;, line 5, in &lt;module&gt;
    from switch_manual_int_size_else import SwitchManualIntSizeElse
ImportError: No module named switch_manual_int_size_else
" type="ImportError">
<![CDATA[ImportError: Failed to import test module: test_switch_manual_int_size_else
Traceback (most recent call last):
  File "/opt/python/2.7.14/lib/python2.7/unittest/loader.py", line 254, in _find_tests
    module = self._get_module_from_name(name)
  File "/opt/python/2.7.14/lib/python2.7/unittest/loader.py", line 232, in _get_module_from_name
    __import__(name)
  File "/home/travis/build/kaitai-io/ci_targets/tests/spec/python/test_switch_manual_int_size_else.py", line 5, in <module>
    from switch_manual_int_size_else import SwitchManualIntSizeElse
ImportError: No module named switch_manual_int_size_else

]]>		</error>
	</testcase>
	<testcase classname="unittest.loader.ModuleImportFailure" name="test_switch_manual_int_size_eos" time="0.000" timestamp="2018-04-22T17:03:25">
		<error message="Failed to import test module: test_switch_manual_int_size_eos
Traceback (most recent call last):
  File &quot;/opt/python/2.7.14/lib/python2.7/unittest/loader.py&quot;, line 254, in _find_tests
    module = self._get_module_from_name(name)
  File &quot;/opt/python/2.7.14/lib/python2.7/unittest/loader.py&quot;, line 232, in _get_module_from_name
    __import__(name)
  File &quot;/home/travis/build/kaitai-io/ci_targets/tests/spec/python/test_switch_manual_int_size_eos.py&quot;, line 3, in &lt;module&gt;
    from switch_manual_int_size_eos import SwitchManualIntSizeEos
ImportError: No module named switch_manual_int_size_eos
" type="ImportError">
<![CDATA[ImportError: Failed to import test module: test_switch_manual_int_size_eos
Traceback (most recent call last):
  File "/opt/python/2.7.14/lib/python2.7/unittest/loader.py", line 254, in _find_tests
    module = self._get_module_from_name(name)
  File "/opt/python/2.7.14/lib/python2.7/unittest/loader.py", line 232, in _get_module_from_name
    __import__(name)
  File "/home/travis/build/kaitai-io/ci_targets/tests/spec/python/test_switch_manual_int_size_eos.py", line 3, in <module>
    from switch_manual_int_size_eos import SwitchManualIntSizeEos
ImportError: No module named switch_manual_int_size_eos

]]>		</error>
	</testcase>
	<testcase classname="unittest.loader.ModuleImportFailure" name="test_switch_manual_str" time="0.000" timestamp="2018-04-22T17:03:25">
		<error message="Failed to import test module: test_switch_manual_str
Traceback (most recent call last):
  File &quot;/opt/python/2.7.14/lib/python2.7/unittest/loader.py&quot;, line 254, in _find_tests
    module = self._get_module_from_name(name)
  File &quot;/opt/python/2.7.14/lib/python2.7/unittest/loader.py&quot;, line 232, in _get_module_from_name
    __import__(name)
  File &quot;/home/travis/build/kaitai-io/ci_targets/tests/spec/python/test_switch_manual_str.py&quot;, line 5, in &lt;module&gt;
    from switch_manual_str import SwitchManualStr
ImportError: No module named switch_manual_str
" type="ImportError">
<![CDATA[ImportError: Failed to import test module: test_switch_manual_str
Traceback (most recent call last):
  File "/opt/python/2.7.14/lib/python2.7/unittest/loader.py", line 254, in _find_tests
    module = self._get_module_from_name(name)
  File "/opt/python/2.7.14/lib/python2.7/unittest/loader.py", line 232, in _get_module_from_name
    __import__(name)
  File "/home/travis/build/kaitai-io/ci_targets/tests/spec/python/test_switch_manual_str.py", line 5, in <module>
    from switch_manual_str import SwitchManualStr
ImportError: No module named switch_manual_str

]]>		</error>
	</testcase>
	<testcase classname="unittest.loader.ModuleImportFailure" name="test_switch_manual_str_else" time="0.000" timestamp="2018-04-22T17:03:25">
		<error message="Failed to import test module: test_switch_manual_str_else
Traceback (most recent call last):
  File &quot;/opt/python/2.7.14/lib/python2.7/unittest/loader.py&quot;, line 254, in _find_tests
    module = self._get_module_from_name(name)
  File &quot;/opt/python/2.7.14/lib/python2.7/unittest/loader.py&quot;, line 232, in _get_module_from_name
    __import__(name)
  File &quot;/home/travis/build/kaitai-io/ci_targets/tests/spec/python/test_switch_manual_str_else.py&quot;, line 5, in &lt;module&gt;
    from switch_manual_str_else import SwitchManualStrElse
ImportError: No module named switch_manual_str_else
" type="ImportError">
<![CDATA[ImportError: Failed to import test module: test_switch_manual_str_else
Traceback (most recent call last):
  File "/opt/python/2.7.14/lib/python2.7/unittest/loader.py", line 254, in _find_tests
    module = self._get_module_from_name(name)
  File "/opt/python/2.7.14/lib/python2.7/unittest/loader.py", line 232, in _get_module_from_name
    __import__(name)
  File "/home/travis/build/kaitai-io/ci_targets/tests/spec/python/test_switch_manual_str_else.py", line 5, in <module>
    from switch_manual_str_else import SwitchManualStrElse
ImportError: No module named switch_manual_str_else

]]>		</error>
	</testcase>
	<testcase classname="unittest.loader.ModuleImportFailure" name="test_switch_multi_bool_ops" time="0.000" timestamp="2018-04-22T17:03:25">
		<error message="Failed to import test module: test_switch_multi_bool_ops
Traceback (most recent call last):
  File &quot;/opt/python/2.7.14/lib/python2.7/unittest/loader.py&quot;, line 254, in _find_tests
    module = self._get_module_from_name(name)
  File &quot;/opt/python/2.7.14/lib/python2.7/unittest/loader.py&quot;, line 232, in _get_module_from_name
    __import__(name)
  File &quot;/home/travis/build/kaitai-io/ci_targets/tests/spec/python/test_switch_multi_bool_ops.py&quot;, line 3, in &lt;module&gt;
    from switch_multi_bool_ops import SwitchMultiBoolOps
ImportError: No module named switch_multi_bool_ops
" type="ImportError">
<![CDATA[ImportError: Failed to import test module: test_switch_multi_bool_ops
Traceback (most recent call last):
  File "/opt/python/2.7.14/lib/python2.7/unittest/loader.py", line 254, in _find_tests
    module = self._get_module_from_name(name)
  File "/opt/python/2.7.14/lib/python2.7/unittest/loader.py", line 232, in _get_module_from_name
    __import__(name)
  File "/home/travis/build/kaitai-io/ci_targets/tests/spec/python/test_switch_multi_bool_ops.py", line 3, in <module>
    from switch_multi_bool_ops import SwitchMultiBoolOps
ImportError: No module named switch_multi_bool_ops

]]>		</error>
	</testcase>
	<testcase classname="unittest.loader.ModuleImportFailure" name="test_switch_repeat_expr" time="0.000" timestamp="2018-04-22T17:03:25">
		<error message="Failed to import test module: test_switch_repeat_expr
Traceback (most recent call last):
  File &quot;/opt/python/2.7.14/lib/python2.7/unittest/loader.py&quot;, line 254, in _find_tests
    module = self._get_module_from_name(name)
  File &quot;/opt/python/2.7.14/lib/python2.7/unittest/loader.py&quot;, line 232, in _get_module_from_name
    __import__(name)
  File &quot;/home/travis/build/kaitai-io/ci_targets/tests/spec/python/test_switch_repeat_expr.py&quot;, line 3, in &lt;module&gt;
    from switch_repeat_expr import SwitchRepeatExpr
ImportError: No module named switch_repeat_expr
" type="ImportError">
<![CDATA[ImportError: Failed to import test module: test_switch_repeat_expr
Traceback (most recent call last):
  File "/opt/python/2.7.14/lib/python2.7/unittest/loader.py", line 254, in _find_tests
    module = self._get_module_from_name(name)
  File "/opt/python/2.7.14/lib/python2.7/unittest/loader.py", line 232, in _get_module_from_name
    __import__(name)
  File "/home/travis/build/kaitai-io/ci_targets/tests/spec/python/test_switch_repeat_expr.py", line 3, in <module>
    from switch_repeat_expr import SwitchRepeatExpr
ImportError: No module named switch_repeat_expr

]]>		</error>
	</testcase>
	<testcase classname="unittest.loader.ModuleImportFailure" name="test_term_bytes" time="0.000" timestamp="2018-04-22T17:03:25">
		<error message="Failed to import test module: test_term_bytes
Traceback (most recent call last):
  File &quot;/opt/python/2.7.14/lib/python2.7/unittest/loader.py&quot;, line 254, in _find_tests
    module = self._get_module_from_name(name)
  File &quot;/opt/python/2.7.14/lib/python2.7/unittest/loader.py&quot;, line 232, in _get_module_from_name
    __import__(name)
  File &quot;/home/travis/build/kaitai-io/ci_targets/tests/spec/python/test_term_bytes.py&quot;, line 5, in &lt;module&gt;
    from term_bytes import TermBytes
ImportError: No module named term_bytes
" type="ImportError">
<![CDATA[ImportError: Failed to import test module: test_term_bytes
Traceback (most recent call last):
  File "/opt/python/2.7.14/lib/python2.7/unittest/loader.py", line 254, in _find_tests
    module = self._get_module_from_name(name)
  File "/opt/python/2.7.14/lib/python2.7/unittest/loader.py", line 232, in _get_module_from_name
    __import__(name)
  File "/home/travis/build/kaitai-io/ci_targets/tests/spec/python/test_term_bytes.py", line 5, in <module>
    from term_bytes import TermBytes
ImportError: No module named term_bytes

]]>		</error>
	</testcase>
	<testcase classname="unittest.loader.ModuleImportFailure" name="test_term_strz" time="0.000" timestamp="2018-04-22T17:03:25">
		<error message="Failed to import test module: test_term_strz
Traceback (most recent call last):
  File &quot;/opt/python/2.7.14/lib/python2.7/unittest/loader.py&quot;, line 254, in _find_tests
    module = self._get_module_from_name(name)
  File &quot;/opt/python/2.7.14/lib/python2.7/unittest/loader.py&quot;, line 232, in _get_module_from_name
    __import__(name)
  File &quot;/home/travis/build/kaitai-io/ci_targets/tests/spec/python/test_term_strz.py&quot;, line 5, in &lt;module&gt;
    from term_strz import TermStrz
ImportError: No module named term_strz
" type="ImportError">
<![CDATA[ImportError: Failed to import test module: test_term_strz
Traceback (most recent call last):
  File "/opt/python/2.7.14/lib/python2.7/unittest/loader.py", line 254, in _find_tests
    module = self._get_module_from_name(name)
  File "/opt/python/2.7.14/lib/python2.7/unittest/loader.py", line 232, in _get_module_from_name
    __import__(name)
  File "/home/travis/build/kaitai-io/ci_targets/tests/spec/python/test_term_strz.py", line 5, in <module>
    from term_strz import TermStrz
ImportError: No module named term_strz

]]>		</error>
	</testcase>
	<testcase classname="unittest.loader.ModuleImportFailure" name="test_ts_packet_header" time="0.000" timestamp="2018-04-22T17:03:25">
		<error message="Failed to import test module: test_ts_packet_header
Traceback (most recent call last):
  File &quot;/opt/python/2.7.14/lib/python2.7/unittest/loader.py&quot;, line 254, in _find_tests
    module = self._get_module_from_name(name)
  File &quot;/opt/python/2.7.14/lib/python2.7/unittest/loader.py&quot;, line 232, in _get_module_from_name
    __import__(name)
  File &quot;/home/travis/build/kaitai-io/ci_targets/tests/spec/python/test_ts_packet_header.py&quot;, line 3, in &lt;module&gt;
    from ts_packet_header import TsPacketHeader
ImportError: No module named ts_packet_header
" type="ImportError">
<![CDATA[ImportError: Failed to import test module: test_ts_packet_header
Traceback (most recent call last):
  File "/opt/python/2.7.14/lib/python2.7/unittest/loader.py", line 254, in _find_tests
    module = self._get_module_from_name(name)
  File "/opt/python/2.7.14/lib/python2.7/unittest/loader.py", line 232, in _get_module_from_name
    __import__(name)
  File "/home/travis/build/kaitai-io/ci_targets/tests/spec/python/test_ts_packet_header.py", line 3, in <module>
    from ts_packet_header import TsPacketHeader
ImportError: No module named ts_packet_header

]]>		</error>
	</testcase>
	<testcase classname="unittest.loader.ModuleImportFailure" name="test_type_int_unary_op" time="0.000" timestamp="2018-04-22T17:03:25">
		<error message="Failed to import test module: test_type_int_unary_op
Traceback (most recent call last):
  File &quot;/opt/python/2.7.14/lib/python2.7/unittest/loader.py&quot;, line 254, in _find_tests
    module = self._get_module_from_name(name)
  File &quot;/opt/python/2.7.14/lib/python2.7/unittest/loader.py&quot;, line 232, in _get_module_from_name
    __import__(name)
  File &quot;/home/travis/build/kaitai-io/ci_targets/tests/spec/python/test_type_int_unary_op.py&quot;, line 5, in &lt;module&gt;
    from type_int_unary_op import TypeIntUnaryOp
ImportError: No module named type_int_unary_op
" type="ImportError">
<![CDATA[ImportError: Failed to import test module: test_type_int_unary_op
Traceback (most recent call last):
  File "/opt/python/2.7.14/lib/python2.7/unittest/loader.py", line 254, in _find_tests
    module = self._get_module_from_name(name)
  File "/opt/python/2.7.14/lib/python2.7/unittest/loader.py", line 232, in _get_module_from_name
    __import__(name)
  File "/home/travis/build/kaitai-io/ci_targets/tests/spec/python/test_type_int_unary_op.py", line 5, in <module>
    from type_int_unary_op import TypeIntUnaryOp
ImportError: No module named type_int_unary_op

]]>		</error>
	</testcase>
	<testcase classname="unittest.loader.ModuleImportFailure" name="test_type_ternary" time="0.000" timestamp="2018-04-22T17:03:25">
		<error message="Failed to import test module: test_type_ternary
Traceback (most recent call last):
  File &quot;/opt/python/2.7.14/lib/python2.7/unittest/loader.py&quot;, line 254, in _find_tests
    module = self._get_module_from_name(name)
  File &quot;/opt/python/2.7.14/lib/python2.7/unittest/loader.py&quot;, line 232, in _get_module_from_name
    __import__(name)
  File &quot;/home/travis/build/kaitai-io/ci_targets/tests/spec/python/test_type_ternary.py&quot;, line 5, in &lt;module&gt;
    from type_ternary import TypeTernary
ImportError: No module named type_ternary
" type="ImportError">
<![CDATA[ImportError: Failed to import test module: test_type_ternary
Traceback (most recent call last):
  File "/opt/python/2.7.14/lib/python2.7/unittest/loader.py", line 254, in _find_tests
    module = self._get_module_from_name(name)
  File "/opt/python/2.7.14/lib/python2.7/unittest/loader.py", line 232, in _get_module_from_name
    __import__(name)
  File "/home/travis/build/kaitai-io/ci_targets/tests/spec/python/test_type_ternary.py", line 5, in <module>
    from type_ternary import TypeTernary
ImportError: No module named type_ternary

]]>		</error>
	</testcase>
	<testcase classname="unittest.loader.ModuleImportFailure" name="test_type_ternary_opaque" time="0.000" timestamp="2018-04-22T17:03:25">
		<error message="Failed to import test module: test_type_ternary_opaque
Traceback (most recent call last):
  File &quot;/opt/python/2.7.14/lib/python2.7/unittest/loader.py&quot;, line 254, in _find_tests
    module = self._get_module_from_name(name)
  File &quot;/opt/python/2.7.14/lib/python2.7/unittest/loader.py&quot;, line 232, in _get_module_from_name
    __import__(name)
  File &quot;/home/travis/build/kaitai-io/ci_targets/tests/spec/python/test_type_ternary_opaque.py&quot;, line 3, in &lt;module&gt;
    from type_ternary_opaque import TypeTernaryOpaque
ImportError: No module named type_ternary_opaque
" type="ImportError">
<![CDATA[ImportError: Failed to import test module: test_type_ternary_opaque
Traceback (most recent call last):
  File "/opt/python/2.7.14/lib/python2.7/unittest/loader.py", line 254, in _find_tests
    module = self._get_module_from_name(name)
  File "/opt/python/2.7.14/lib/python2.7/unittest/loader.py", line 232, in _get_module_from_name
    __import__(name)
  File "/home/travis/build/kaitai-io/ci_targets/tests/spec/python/test_type_ternary_opaque.py", line 3, in <module>
    from type_ternary_opaque import TypeTernaryOpaque
ImportError: No module named type_ternary_opaque

]]>		</error>
	</testcase>
	<testcase classname="unittest.loader.ModuleImportFailure" name="test_user_type" time="0.000" timestamp="2018-04-22T17:03:25">
		<error message="Failed to import test module: test_user_type
Traceback (most recent call last):
  File &quot;/opt/python/2.7.14/lib/python2.7/unittest/loader.py&quot;, line 254, in _find_tests
    module = self._get_module_from_name(name)
  File &quot;/opt/python/2.7.14/lib/python2.7/unittest/loader.py&quot;, line 232, in _get_module_from_name
    __import__(name)
  File &quot;/home/travis/build/kaitai-io/ci_targets/tests/spec/python/test_user_type.py&quot;, line 5, in &lt;module&gt;
    from user_type import UserType
ImportError: No module named user_type
" type="ImportError">
<![CDATA[ImportError: Failed to import test module: test_user_type
Traceback (most recent call last):
  File "/opt/python/2.7.14/lib/python2.7/unittest/loader.py", line 254, in _find_tests
    module = self._get_module_from_name(name)
  File "/opt/python/2.7.14/lib/python2.7/unittest/loader.py", line 232, in _get_module_from_name
    __import__(name)
  File "/home/travis/build/kaitai-io/ci_targets/tests/spec/python/test_user_type.py", line 5, in <module>
    from user_type import UserType
ImportError: No module named user_type

]]>		</error>
	</testcase>
	<testcase classname="unittest.loader.ModuleImportFailure" name="test_yaml_ints" time="0.000" timestamp="2018-04-22T17:03:25">
		<error message="Failed to import test module: test_yaml_ints
Traceback (most recent call last):
  File &quot;/opt/python/2.7.14/lib/python2.7/unittest/loader.py&quot;, line 254, in _find_tests
    module = self._get_module_from_name(name)
  File &quot;/opt/python/2.7.14/lib/python2.7/unittest/loader.py&quot;, line 232, in _get_module_from_name
    __import__(name)
  File &quot;/home/travis/build/kaitai-io/ci_targets/tests/spec/python/test_yaml_ints.py&quot;, line 3, in &lt;module&gt;
    from yaml_ints import YamlInts
ImportError: No module named yaml_ints
" type="ImportError">
<![CDATA[ImportError: Failed to import test module: test_yaml_ints
Traceback (most recent call last):
  File "/opt/python/2.7.14/lib/python2.7/unittest/loader.py", line 254, in _find_tests
    module = self._get_module_from_name(name)
  File "/opt/python/2.7.14/lib/python2.7/unittest/loader.py", line 232, in _get_module_from_name
    __import__(name)
  File "/home/travis/build/kaitai-io/ci_targets/tests/spec/python/test_yaml_ints.py", line 3, in <module>
    from yaml_ints import YamlInts
ImportError: No module named yaml_ints

]]>		</error>
	</testcase>
	<testcase classname="unittest.loader.ModuleImportFailure" name="test_zlib_with_header_78" time="0.000" timestamp="2018-04-22T17:03:25">
		<error message="Failed to import test module: test_zlib_with_header_78
Traceback (most recent call last):
  File &quot;/opt/python/2.7.14/lib/python2.7/unittest/loader.py&quot;, line 254, in _find_tests
    module = self._get_module_from_name(name)
  File &quot;/opt/python/2.7.14/lib/python2.7/unittest/loader.py&quot;, line 232, in _get_module_from_name
    __import__(name)
  File &quot;/home/travis/build/kaitai-io/ci_targets/tests/spec/python/test_zlib_with_header_78.py&quot;, line 5, in &lt;module&gt;
    from zlib_with_header_78 import ZlibWithHeader78
ImportError: No module named zlib_with_header_78
" type="ImportError">
<![CDATA[ImportError: Failed to import test module: test_zlib_with_header_78
Traceback (most recent call last):
  File "/opt/python/2.7.14/lib/python2.7/unittest/loader.py", line 254, in _find_tests
    module = self._get_module_from_name(name)
  File "/opt/python/2.7.14/lib/python2.7/unittest/loader.py", line 232, in _get_module_from_name
    __import__(name)
  File "/home/travis/build/kaitai-io/ci_targets/tests/spec/python/test_zlib_with_header_78.py", line 5, in <module>
    from zlib_with_header_78 import ZlibWithHeader78
ImportError: No module named zlib_with_header_78

]]>		</error>
	</testcase>
	<system-out>
<![CDATA[]]>	</system-out>
	<system-err>
<![CDATA[]]>	</system-err>
</testsuite>
