<?xml version="1.0" encoding="UTF-8"?>
<testsuite name="test_bits_enum.TestBitsEnum-20230719170446" tests="1" file="test_bits_enum.py" time="0.000" timestamp="2023-07-19T17:04:46" failures="0" errors="0" skipped="0">
	<testcase classname="test_bits_enum.TestBitsEnum" name="test_bits_enum" time="0.000" timestamp="2023-07-19T17:04:46" file="spec/python/test_bits_enum.py" line="8"/>
</testsuite>
