<?xml version="1.0" encoding="UTF-8"?>
<testsuite errors="0" failures="0" file="test_repeat_until_sized.py" name="test_repeat_until_sized.TestRepeatUntilSized-20190318121737" skipped="0" tests="1" time="0.001" timestamp="2019-03-18T12:17:37">
	<testcase classname="test_repeat_until_sized.TestRepeatUntilSized" file="spec/python/test_repeat_until_sized.py" line="8" name="test_repeat_until_sized" time="0.001" timestamp="2019-03-18T12:17:37"/>
</testsuite>
