<?xml version="1.0" encoding="UTF-8"?>
<testsuite errors="0" failures="0" name="test_type_ternary_opaque.TestTypeTernaryOpaque-20180422171525" skipped="0" tests="1" time="0.000" timestamp="2018-04-22T17:15:25">
	<testcase classname="test_type_ternary_opaque.TestTypeTernaryOpaque" name="test_type_ternary_opaque" time="0.000" timestamp="2018-04-22T17:15:25"/>
	<system-out>
<![CDATA[]]>	</system-out>
	<system-err>
<![CDATA[]]>	</system-err>
</testsuite>
