<?xml version="1.0" encoding="UTF-8"?>
<testsuite name="test_type_ternary_2nd_falsy.TestTypeTernary2ndFalsy-20220210221125" tests="1" file="test_type_ternary_2nd_falsy.py" time="0.001" timestamp="2022-02-10T22:11:25" failures="0" errors="0" skipped="0">
	<testcase classname="test_type_ternary_2nd_falsy.TestTypeTernary2ndFalsy" name="test_type_ternary_2nd_falsy" time="0.001" timestamp="2022-02-10T22:11:25" file="spec/python/test_type_ternary_2nd_falsy.py" line="8"/>
</testsuite>
