<?xml version="1.0" encoding="UTF-8"?>
<testsuite name="test_valid_fail_inst.TestValidFailInst-20210403173646" tests="1" file="test_valid_fail_inst.py" time="0.001" timestamp="2021-04-03T17:36:46" failures="0" errors="0" skipped="0">
	<testcase classname="test_valid_fail_inst.TestValidFailInst" name="test_valid_fail_inst" time="0.001" timestamp="2021-04-03T17:36:46" file="spec/python/test_valid_fail_inst.py" line="9"/>
</testsuite>
