<?xml version="1.0" encoding="UTF-8"?>
<testsuite name="test_switch_multi_bool_ops.TestSwitchMultiBoolOps-20230706183513" tests="1" file="test_switch_multi_bool_ops.py" time="0.001" timestamp="2023-07-06T18:35:13" failures="0" errors="0" skipped="0">
	<testcase classname="test_switch_multi_bool_ops.TestSwitchMultiBoolOps" name="test_switch_multi_bool_ops" time="0.001" timestamp="2023-07-06T18:35:13" file="spec/python/test_switch_multi_bool_ops.py" line="8"/>
</testsuite>
