<?xml version="1.0" encoding="UTF-8"?>
<testsuite name="test_nested_types.TestNestedTypes" tests="1" file="test_nested_types.py" time="0.000" timestamp="2023-07-24T14:11:19" failures="0" errors="0" skipped="0">
	<testcase classname="test_nested_types.TestNestedTypes" name="test_nested_types" time="0.000" timestamp="2023-07-24T14:11:19" file="spec/python/test_nested_types.py" line="8"/>
</testsuite>
