<?xml version="1.0" encoding="UTF-8"?>
<testsuite name="test_io_local_var.TestIoLocalVar-20210302195852" tests="1" file="test_io_local_var.py" time="0.001" timestamp="2021-03-02T19:58:52" failures="0" errors="0" skipped="0">
	<testcase classname="test_io_local_var.TestIoLocalVar" name="test_io_local_var" time="0.001" timestamp="2021-03-02T19:58:52" file="spec/python/test_io_local_var.py" line="8"/>
</testsuite>
