<?xml version="1.0" encoding="UTF-8"?>
<testsuite errors="0" failures="0" name="test_instance_std.TestInstanceStd-20190311200512" skipped="0" tests="1" time="0.000" timestamp="2019-03-11T20:05:12">
	<testcase classname="test_instance_std.TestInstanceStd" name="test_instance_std" time="0.000" timestamp="2019-03-11T20:05:12"/>
	<system-out>
<![CDATA[]]>	</system-out>
	<system-err>
<![CDATA[]]>	</system-err>
</testsuite>
