<?xml version="1.0" encoding="UTF-8"?>
<testsuite name="test_bits_unaligned_b32_be.TestBitsUnalignedB32Be-20230721170737" tests="1" file="test_bits_unaligned_b32_be.py" time="0.000" timestamp="2023-07-21T17:07:37" failures="0" errors="0" skipped="0">
	<testcase classname="test_bits_unaligned_b32_be.TestBitsUnalignedB32Be" name="test_bits_unaligned_b32_be" time="0.000" timestamp="2023-07-21T17:07:37" file="spec/python/test_bits_unaligned_b32_be.py" line="8"/>
</testsuite>
