<?xml version="1.0" encoding="UTF-8"?>
<testsuite name="test_switch_manual_str.TestSwitchManualStr-20210302195852" tests="1" file="test_switch_manual_str.py" time="0.001" timestamp="2021-03-02T19:58:52" failures="0" errors="0" skipped="0">
	<testcase classname="test_switch_manual_str.TestSwitchManualStr" name="test_switch_manual_str" time="0.001" timestamp="2021-03-02T19:58:52" file="spec/python/test_switch_manual_str.py" line="8"/>
</testsuite>
