<?xml version="1.0" encoding="UTF-8"?>
<testsuite name="test_non_standard.TestNonStandard-20200729215556" tests="1" file="test_non_standard.py" time="0.001" timestamp="2020-07-29T21:55:57" failures="0" errors="0" skipped="0">
	<testcase classname="test_non_standard.TestNonStandard" name="test_non_standard" time="0.001" timestamp="2020-07-29T21:55:57" file="spec/python/test_non_standard.py" line="8">
		<system-out><![CDATA[]]></system-out>
		<system-err><![CDATA[]]></system-err>
	</testcase>
</testsuite>
