<?xml version="1.0" encoding="UTF-8"?>
<testsuite errors="0" failures="0" file="test_user_type.py" name="test_user_type.TestUserType-20190722080849" skipped="0" tests="1" time="0.000" timestamp="2019-07-22T08:08:49">
	<testcase classname="test_user_type.TestUserType" file="spec/python/test_user_type.py" line="8" name="test_user_type" time="0.000" timestamp="2019-07-22T08:08:49">
		<system-out>
<![CDATA[]]>		</system-out>
		<system-err>
<![CDATA[]]>		</system-err>
	</testcase>
</testsuite>
