<?xml version="1.0" encoding="UTF-8"?>
<testsuite errors="0" failures="0" file="test_expr_0.py" name="test_expr_0.TestExpr0-20220415203123" skipped="0" tests="1" time="0.000" timestamp="2022-04-15T20:31:23">
	<testcase classname="test_expr_0.TestExpr0" file="spec/python/test_expr_0.py" line="8" name="test_expr_0" time="0.000" timestamp="2022-04-15T20:31:23">
		<system-out>
<![CDATA[]]>		</system-out>
		<system-err>
<![CDATA[]]>		</system-err>
	</testcase>
</testsuite>
