<?xml version="1.0" encoding="UTF-8"?>
<testsuite errors="0" failures="0" name="test_repeat_n_struct.TestRepeatNStruct-20180411000420" skipped="0" tests="1" time="0.000" timestamp="2018-04-11T00:04:20">
	<testcase classname="test_repeat_n_struct.TestRepeatNStruct" name="test_repeat_n_struct" time="0.000" timestamp="2018-04-11T00:04:20"/>
	<system-out>
<![CDATA[]]>	</system-out>
	<system-err>
<![CDATA[]]>	</system-err>
</testsuite>
