<?xml version="1.0" encoding="UTF-8"?>
<testsuite errors="0" failures="0" file="test_switch_manual_enum.py" name="test_switch_manual_enum.TestSwitchManualEnum-20191116231825" skipped="0" tests="1" time="0.002" timestamp="2019-11-16T23:18:25">
	<testcase classname="test_switch_manual_enum.TestSwitchManualEnum" file="spec/python/test_switch_manual_enum.py" line="8" name="test_switch_manual_enum" time="0.002" timestamp="2019-11-16T23:18:25">
		<system-out>
<![CDATA[]]>		</system-out>
		<system-err>
<![CDATA[]]>		</system-err>
	</testcase>
</testsuite>
