<?xml version="1.0" encoding="UTF-8"?>
<testsuite errors="0" failures="0" file="test_process_custom.py" name="test_process_custom.TestProcessCustom-20200312202847" skipped="0" tests="1" time="0.001" timestamp="2020-03-12T20:28:47">
	<testcase classname="test_process_custom.TestProcessCustom" file="spec/python/test_process_custom.py" line="8" name="test_process_custom" time="0.001" timestamp="2020-03-12T20:28:47">
		<system-out>
<![CDATA[]]>		</system-out>
		<system-err>
<![CDATA[]]>		</system-err>
	</testcase>
</testsuite>
