<?xml version="1.0" encoding="UTF-8"?>
<testsuite name="test_fixed_struct.TestFixedStruct-20220728001417" tests="1" file="test_fixed_struct.py" time="0.001" timestamp="2022-07-28T00:14:17" failures="0" errors="0" skipped="0">
	<testcase classname="test_fixed_struct.TestFixedStruct" name="test_fixed_struct" time="0.001" timestamp="2022-07-28T00:14:17" file="spec/python/test_fixed_struct.py" line="8"/>
</testsuite>
