<?xml version="1.0" encoding="UTF-8"?>
<testsuite errors="0" failures="0" file="test_switch_manual_int_else.py" name="test_switch_manual_int_else.TestSwitchManualIntElse-20190427211924" skipped="0" tests="1" time="0.002" timestamp="2019-04-27T21:19:24">
	<testcase classname="test_switch_manual_int_else.TestSwitchManualIntElse" file="spec/python/test_switch_manual_int_else.py" line="8" name="test_switch_manual_int_else" time="0.002" timestamp="2019-04-27T21:19:24">
		<system-out>
<![CDATA[]]>		</system-out>
		<system-err>
<![CDATA[]]>		</system-err>
	</testcase>
</testsuite>
