<?xml version="1.0" encoding="UTF-8"?>
<testsuite errors="0" failures="0" file="test_expr_1.py" name="test_expr_1.TestExpr1-20230708223504" skipped="0" tests="1" time="0.000" timestamp="2023-07-08T22:35:05">
	<testcase classname="test_expr_1.TestExpr1" file="spec/python/test_expr_1.py" line="8" name="test_expr_1" time="0.000" timestamp="2023-07-08T22:35:05">
		<system-out>
<![CDATA[]]>		</system-out>
		<system-err>
<![CDATA[]]>		</system-err>
	</testcase>
</testsuite>
