<?xml version="1.0" encoding="UTF-8"?>
<testsuite errors="0" failures="0" file="test_valid_fail_contents.py" name="test_valid_fail_contents.TestValidFailContents-20230705161359" skipped="0" tests="1" time="0.002" timestamp="2023-07-05T16:13:59">
	<testcase classname="test_valid_fail_contents.TestValidFailContents" file="spec/python/test_valid_fail_contents.py" line="9" name="test_valid_fail_contents" time="0.002" timestamp="2023-07-05T16:13:59">
		<system-out>
<![CDATA[]]>		</system-out>
		<system-err>
<![CDATA[]]>		</system-err>
	</testcase>
</testsuite>
