<?xml version="1.0" encoding="UTF-8"?>
<testsuite errors="0" failures="0" name="test_switch_multi_bool_ops.TestSwitchMultiBoolOps-20180422171525" skipped="0" tests="1" time="0.000" timestamp="2018-04-22T17:15:25">
	<testcase classname="test_switch_multi_bool_ops.TestSwitchMultiBoolOps" name="test_switch_multi_bool_ops" time="0.000" timestamp="2018-04-22T17:15:25"/>
	<system-out>
<![CDATA[]]>	</system-out>
	<system-err>
<![CDATA[]]>	</system-err>
</testsuite>
