<?xml version="1.0" encoding="UTF-8"?>
<testsuite errors="0" failures="0" name="test_nav_parent_override.TestNavParentOverride-20180322201951" skipped="0" tests="1" time="0.000" timestamp="2018-03-22T20:19:51">
	<testcase classname="test_nav_parent_override.TestNavParentOverride" name="test_nav_parent_override" time="0.000" timestamp="2018-03-22T20:19:51"/>
	<system-out>
<![CDATA[]]>	</system-out>
	<system-err>
<![CDATA[]]>	</system-err>
</testsuite>
