<?xml version="1.0" encoding="UTF-8"?>
<testsuite name="test_expr_ops_parens.TestExprOpsParens-20230721073730" tests="1" file="test_expr_ops_parens.py" time="0.001" timestamp="2023-07-21T07:37:30" failures="0" errors="0" skipped="0">
	<testcase classname="test_expr_ops_parens.TestExprOpsParens" name="test_expr_ops_parens" time="0.001" timestamp="2023-07-21T07:37:30" file="spec/python/test_expr_ops_parens.py" line="8"/>
</testsuite>
