<?xml version="1.0" encoding="UTF-8"?>
<testsuite errors="0" failures="0" name="test_enum_invalid.TestEnumInvalid-20190304172714" skipped="0" tests="1" time="0.000" timestamp="2019-03-04T17:27:14">
	<testcase classname="test_enum_invalid.TestEnumInvalid" name="test_enum_invalid" time="0.000" timestamp="2019-03-04T17:27:14"/>
	<system-out>
<![CDATA[]]>	</system-out>
	<system-err>
<![CDATA[]]>	</system-err>
</testsuite>
