<?xml version="1.0" encoding="UTF-8"?>
<testsuite errors="0" failures="0" file="test_imports0.py" name="test_imports0.TestImports0-20190321143913" skipped="0" tests="1" time="0.001" timestamp="2019-03-21T14:39:13">
	<testcase classname="test_imports0.TestImports0" file="spec/python/test_imports0.py" line="6" name="test_imports0" time="0.001" timestamp="2019-03-21T14:39:13"/>
</testsuite>
