<?xml version="1.0" encoding="UTF-8"?>
<testsuite errors="0" failures="0" name="test_index_sizes.TestIndexSizes-20181008123049" skipped="0" tests="1" time="0.000" timestamp="2018-10-08T12:30:49">
	<testcase classname="test_index_sizes.TestIndexSizes" name="test_index_sizes" time="0.000" timestamp="2018-10-08T12:30:49"/>
	<system-out>
<![CDATA[]]>	</system-out>
	<system-err>
<![CDATA[]]>	</system-err>
</testsuite>
