<?xml version="1.0" encoding="UTF-8"?>
<testsuite errors="0" failures="0" file="test_switch_manual_enum.py" name="test_switch_manual_enum.TestSwitchManualEnum-20230719150538" skipped="0" tests="1" time="0.002" timestamp="2023-07-19T15:05:38">
	<testcase classname="test_switch_manual_enum.TestSwitchManualEnum" file="spec/python/test_switch_manual_enum.py" line="8" name="test_switch_manual_enum" time="0.002" timestamp="2023-07-19T15:05:38">
		<system-out>
<![CDATA[]]>		</system-out>
		<system-err>
<![CDATA[]]>		</system-err>
	</testcase>
</testsuite>
