<?xml version="1.0" encoding="UTF-8"?>
<testsuite name="test_str_eos.TestStrEos-20200318042943" tests="1" file="test_str_eos.py" time="0.000" timestamp="2020-03-18T04:29:43" failures="0" errors="0" skipped="0">
	<testcase classname="test_str_eos.TestStrEos" name="test_str_eos" time="0.000" timestamp="2020-03-18T04:29:43" file="spec/python/test_str_eos.py" line="8">
		<system-out><![CDATA[]]></system-out>
		<system-err><![CDATA[]]></system-err>
	</testcase>
</testsuite>
