<?xml version="1.0" encoding="UTF-8"?>
<testsuite name="test_term_u1_val.TestTermU1Val-20220505210428" tests="1" file="test_term_u1_val.py" time="0.000" timestamp="2022-05-05T21:04:28" failures="0" errors="0" skipped="0">
	<testcase classname="test_term_u1_val.TestTermU1Val" name="test_term_u1_val" time="0.000" timestamp="2022-05-05T21:04:28" file="spec/python/test_term_u1_val.py" line="8"/>
</testsuite>
