<?xml version="1.0" encoding="UTF-8"?>
<testsuite errors="0" failures="0" file="test_process_xor_const.py" name="test_process_xor_const.TestProcessXorConst-20190412054517" skipped="0" tests="1" time="0.001" timestamp="2019-04-12T05:45:17">
	<testcase classname="test_process_xor_const.TestProcessXorConst" file="spec/python/test_process_xor_const.py" line="8" name="test_process_xor_const" time="0.001" timestamp="2019-04-12T05:45:17">
		<system-out>
<![CDATA[]]>		</system-out>
		<system-err>
<![CDATA[]]>		</system-err>
	</testcase>
</testsuite>
