<?xml version="1.0" encoding="UTF-8"?>
<testsuite name="test_switch_manual_int_size.TestSwitchManualIntSize-20211106194833" tests="1" file="test_switch_manual_int_size.py" time="0.001" timestamp="2021-11-06T19:48:33" failures="0" errors="0" skipped="0">
	<testcase classname="test_switch_manual_int_size.TestSwitchManualIntSize" name="test_switch_manual_int_size" time="0.001" timestamp="2021-11-06T19:48:33" file="spec/python/test_switch_manual_int_size.py" line="8"/>
</testsuite>
