<?xml version="1.0" encoding="UTF-8"?>
<testsuite name="test_nested_types3.TestNestedTypes3-20230707192537" tests="1" file="test_nested_types3.py" time="0.001" timestamp="2023-07-07T19:25:37" failures="0" errors="0" skipped="0">
	<testcase classname="test_nested_types3.TestNestedTypes3" name="test_nested_types3" time="0.001" timestamp="2023-07-07T19:25:37" file="spec/python/test_nested_types3.py" line="8"/>
</testsuite>
