<?xml version="1.0" encoding="UTF-8"?>
<testsuite errors="0" failures="0" file="test_combine_enum.py" name="test_combine_enum.TestCombineEnum-20200409213034" skipped="0" tests="1" time="0.000" timestamp="2020-04-09T21:30:34">
	<testcase classname="test_combine_enum.TestCombineEnum" file="spec/python/test_combine_enum.py" line="8" name="test_combine_enum" time="0.000" timestamp="2020-04-09T21:30:34">
		<system-out>
<![CDATA[]]>		</system-out>
		<system-err>
<![CDATA[]]>		</system-err>
	</testcase>
</testsuite>
