<?xml version="1.0" encoding="UTF-8"?>
<testsuite name="test_imports_abs.TestImportsAbs" tests="1" file="test_imports_abs.py" time="0.000" timestamp="2023-07-28T14:35:40" failures="0" errors="0" skipped="0">
	<testcase classname="test_imports_abs.TestImportsAbs" name="test_imports_abs" time="0.000" timestamp="2023-07-28T14:35:40" file="spec/python/test_imports_abs.py" line="8"/>
</testsuite>
