<?xml version="1.0" encoding="UTF-8"?>
<testsuite errors="0" failures="0" name="test_bits_simple.TestBitsSimple-20180708015745" skipped="0" tests="1" time="0.000" timestamp="2018-07-08T01:57:45">
	<testcase classname="test_bits_simple.TestBitsSimple" name="test_bits_simple" time="0.000" timestamp="2018-07-08T01:57:45"/>
	<system-out>
<![CDATA[]]>	</system-out>
	<system-err>
<![CDATA[]]>	</system-err>
</testsuite>
