<?xml version="1.0" encoding="UTF-8"?>
<testsuite errors="0" failures="0" file="test_nav_parent_switch_cast.py" name="test_nav_parent_switch_cast.TestNavParentSwitchCast-20200229093153" skipped="0" tests="1" time="0.000" timestamp="2020-02-29T09:31:54">
	<testcase classname="test_nav_parent_switch_cast.TestNavParentSwitchCast" file="spec/python/test_nav_parent_switch_cast.py" line="8" name="test_nav_parent_switch_cast" time="0.000" timestamp="2020-02-29T09:31:54">
		<system-out>
<![CDATA[]]>		</system-out>
		<system-err>
<![CDATA[]]>		</system-err>
	</testcase>
</testsuite>
