<?xml version="1.0" encoding="UTF-8"?>
<testsuite errors="0" failures="0" file="test_str_pad_term.py" name="test_str_pad_term.TestStrPadTerm-20200824161900" skipped="0" tests="1" time="0.000" timestamp="2020-08-24T16:19:00">
	<testcase classname="test_str_pad_term.TestStrPadTerm" file="spec/python/test_str_pad_term.py" line="8" name="test_str_pad_term" time="0.000" timestamp="2020-08-24T16:19:00">
		<system-out>
<![CDATA[]]>		</system-out>
		<system-err>
<![CDATA[]]>		</system-err>
	</testcase>
</testsuite>
