<?xml version="1.0" encoding="UTF-8"?>
<testsuite errors="0" failures="0" file="test_valid_fail_eq_int.py" name="test_valid_fail_eq_int.TestValidFailEqInt-20191110041607" skipped="0" tests="1" time="0.001" timestamp="2019-11-10T04:16:07">
	<testcase classname="test_valid_fail_eq_int.TestValidFailEqInt" file="spec/python/test_valid_fail_eq_int.py" line="9" name="test_valid_fail_eq_int" time="0.001" timestamp="2019-11-10T04:16:07">
		<system-out>
<![CDATA[]]>		</system-out>
		<system-err>
<![CDATA[]]>		</system-err>
	</testcase>
</testsuite>
