<?xml version="1.0" encoding="UTF-8"?>
<testsuite name="test_type_ternary.TestTypeTernary-20230721074320" tests="1" file="test_type_ternary.py" time="0.000" timestamp="2023-07-21T07:43:20" failures="0" errors="0" skipped="0">
	<testcase classname="test_type_ternary.TestTypeTernary" name="test_type_ternary" time="0.000" timestamp="2023-07-21T07:43:20" file="spec/python/test_type_ternary.py" line="8"/>
</testsuite>
