<?xml version="1.0" encoding="UTF-8"?>
<testsuite errors="0" failures="0" file="test_opaque_external_type_02_parent.py" name="test_opaque_external_type_02_parent.TestOpaqueExternalType02Parent-20190412052450" skipped="0" tests="1" time="0.000" timestamp="2019-04-12T05:24:50">
	<testcase classname="test_opaque_external_type_02_parent.TestOpaqueExternalType02Parent" file="spec/python/test_opaque_external_type_02_parent.py" line="6" name="test_opaque_external_type_02_parent" time="0.000" timestamp="2019-04-12T05:24:50">
		<system-out>
<![CDATA[]]>		</system-out>
		<system-err>
<![CDATA[]]>		</system-err>
	</testcase>
</testsuite>
