<?xml version="1.0" encoding="UTF-8"?>
<testsuite errors="0" failures="0" name="test_nav_parent_false2.TestNavParentFalse2-20181231002940" skipped="0" tests="1" time="0.000" timestamp="2018-12-31T00:29:40">
	<testcase classname="test_nav_parent_false2.TestNavParentFalse2" name="test_nav_parent_false2" time="0.000" timestamp="2018-12-31T00:29:40"/>
	<system-out>
<![CDATA[]]>	</system-out>
	<system-err>
<![CDATA[]]>	</system-err>
</testsuite>
