<?xml version="1.0" encoding="UTF-8"?>
<testsuite name="test_default_endian_mod.TestDefaultEndianMod-20230705112218" tests="1" file="test_default_endian_mod.py" time="0.000" timestamp="2023-07-05T11:22:18" failures="0" errors="0" skipped="0">
	<testcase classname="test_default_endian_mod.TestDefaultEndianMod" name="test_default_endian_mod" time="0.000" timestamp="2023-07-05T11:22:18" file="spec/python/test_default_endian_mod.py" line="8"/>
</testsuite>
