<?xml version="1.0" encoding="UTF-8"?>
<testsuite errors="0" failures="0" file="test_integers_min_max.py" name="test_integers_min_max.TestIntegersMinMax-20220205182944" skipped="0" tests="1" time="0.001" timestamp="2022-02-05T18:29:44">
	<testcase classname="test_integers_min_max.TestIntegersMinMax" file="spec/python/test_integers_min_max.py" line="8" name="test_integers_min_max" time="0.001" timestamp="2022-02-05T18:29:44">
		<system-out>
<![CDATA[]]>		</system-out>
		<system-err>
<![CDATA[]]>		</system-err>
	</testcase>
</testsuite>
