<?xml version="1.0" encoding="UTF-8"?>
<testsuite name="test_opaque_external_type.TestOpaqueExternalType-20201106111645" tests="1" file="test_opaque_external_type.py" time="0.001" timestamp="2020-11-06T11:16:45" failures="0" errors="0" skipped="0">
	<testcase classname="test_opaque_external_type.TestOpaqueExternalType" name="test_opaque_external_type" time="0.001" timestamp="2020-11-06T11:16:45" file="spec/python/test_opaque_external_type.py" line="6"/>
</testsuite>
