<?xml version="1.0" encoding="UTF-8"?>
<testsuite name="test_position_abs.TestPositionAbs-20200628164554" tests="1" file="test_position_abs.py" time="0.001" timestamp="2020-06-28T16:45:55" failures="0" errors="0" skipped="0">
	<testcase classname="test_position_abs.TestPositionAbs" name="test_position_abs" time="0.001" timestamp="2020-06-28T16:45:55" file="spec/python/test_position_abs.py" line="8">
		<system-out><![CDATA[]]></system-out>
		<system-err><![CDATA[]]></system-err>
	</testcase>
</testsuite>
