<?xml version="1.0" encoding="UTF-8"?>
<testsuite errors="0" failures="0" file="test_process_coerce_bytes.py" name="test_process_coerce_bytes.TestProcessCoerceBytes-20200708064801" skipped="0" tests="1" time="0.001" timestamp="2020-07-08T06:48:02">
	<testcase classname="test_process_coerce_bytes.TestProcessCoerceBytes" file="spec/python/test_process_coerce_bytes.py" line="8" name="test_process_coerce_bytes" time="0.001" timestamp="2020-07-08T06:48:02">
		<system-out>
<![CDATA[]]>		</system-out>
		<system-err>
<![CDATA[]]>		</system-err>
	</testcase>
</testsuite>
