<?xml version="1.0" encoding="UTF-8"?>
<testsuite name="test_valid_fail_inst.TestValidFailInst-20220728001417" tests="1" file="test_valid_fail_inst.py" time="0.000" timestamp="2022-07-28T00:14:17" failures="0" errors="0" skipped="0">
	<testcase classname="test_valid_fail_inst.TestValidFailInst" name="test_valid_fail_inst" time="0.000" timestamp="2022-07-28T00:14:17" file="spec/python/test_valid_fail_inst.py" line="9"/>
</testsuite>
