<?xml version="1.0" encoding="UTF-8"?>
<testsuite name="test_eos_exception_bytes.TestEosExceptionBytes-20220415203301" tests="1" file="test_eos_exception_bytes.py" time="0.000" timestamp="2022-04-15T20:33:01" failures="0" errors="0" skipped="0">
	<testcase classname="test_eos_exception_bytes.TestEosExceptionBytes" name="test_eos_exception_bytes" time="0.000" timestamp="2022-04-15T20:33:01" file="spec/python/test_eos_exception_bytes.py" line="7"/>
</testsuite>
