<?xml version="1.0" encoding="UTF-8"?>
<testsuite errors="0" failures="0" file="test_nav_parent_override.py" name="test_nav_parent_override.TestNavParentOverride-20190415232117" skipped="0" tests="1" time="0.001" timestamp="2019-04-15T23:21:17">
	<testcase classname="test_nav_parent_override.TestNavParentOverride" file="spec/python/test_nav_parent_override.py" line="8" name="test_nav_parent_override" time="0.001" timestamp="2019-04-15T23:21:17">
		<system-out>
<![CDATA[]]>		</system-out>
		<system-err>
<![CDATA[]]>		</system-err>
	</testcase>
</testsuite>
