<?xml version="1.0" encoding="UTF-8"?>
<testsuite name="test_str_encodings.TestStrEncodings-20220505210428" tests="1" file="test_str_encodings.py" time="0.001" timestamp="2022-05-05T21:04:28" failures="0" errors="0" skipped="0">
	<testcase classname="test_str_encodings.TestStrEncodings" name="test_str_encodings" time="0.001" timestamp="2022-05-05T21:04:28" file="spec/python/test_str_encodings.py" line="8"/>
</testsuite>
