<?xml version="1.0" encoding="UTF-8"?>
<testsuite errors="0" failures="0" file="test_debug_array_user.py" name="test_debug_array_user.TestDebugArrayUser-20190320081957" skipped="0" tests="1" time="0.001" timestamp="2019-03-20T08:19:57">
	<testcase classname="test_debug_array_user.TestDebugArrayUser" file="spec/python/test_debug_array_user.py" line="6" name="test_debug_array_user" time="0.001" timestamp="2019-03-20T08:19:57"/>
</testsuite>
