<?xml version="1.0" encoding="UTF-8"?>
<testsuite errors="0" failures="0" file="test_valid_optional_id.py" name="test_valid_optional_id.TestValidOptionalId-20230706193509" skipped="0" tests="1" time="0.001" timestamp="2023-07-06T19:35:10">
	<testcase classname="test_valid_optional_id.TestValidOptionalId" file="spec/python/test_valid_optional_id.py" line="8" name="test_valid_optional_id" time="0.001" timestamp="2023-07-06T19:35:10">
		<system-out>
<![CDATA[]]>		</system-out>
		<system-err>
<![CDATA[]]>		</system-err>
	</testcase>
</testsuite>
