<?xml version="1.0" encoding="UTF-8"?>
<testsuite errors="1" failures="0" name="test_fixed_struct.TestFixedStruct-20180127003108" skipped="0" tests="1" time="0.000">
	<testcase classname="test_fixed_struct.TestFixedStruct" name="test_fixed_struct" time="0.000">
		<error message="I/O operation on closed file" type="ValueError">
<![CDATA[Traceback (most recent call last):
  File "/home/travis/build/kaitai-io/ci_targets/tests/spec/python/test_fixed_struct.py", line 9, in test_fixed_struct
    self.assertEqual(r.hdr.uint8, 255)
  File "/home/travis/build/kaitai-io/ci_targets/tests/compiled/python/fixed_struct.py", line 62, in hdr
    _pos = self._io.pos()
  File "/home/travis/build/kaitai-io/ci_targets/runtime/python/kaitaistruct.py", line 76, in pos
    return self._io.tell()
ValueError: I/O operation on closed file
]]>		</error>
	</testcase>
	<system-out>
<![CDATA[]]>	</system-out>
	<system-err>
<![CDATA[]]>	</system-err>
</testsuite>
