<?xml version="1.0" encoding="UTF-8"?>
<testsuite name="test_debug_array_user.TestDebugArrayUser-20230705161400" tests="1" file="test_debug_array_user.py" time="0.000" timestamp="2023-07-05T16:14:00" failures="0" errors="0" skipped="0">
	<testcase classname="test_debug_array_user.TestDebugArrayUser" name="test_debug_array_user" time="0.000" timestamp="2023-07-05T16:14:00" file="spec/python/test_debug_array_user.py" line="6"/>
</testsuite>
