<?xml version="1.0" encoding="UTF-8"?>
<testsuite errors="0" failures="0" name="test_str_encodings.TestStrEncodings-20190304090241" skipped="0" tests="1" time="0.012" timestamp="2019-03-04T09:02:41">
	<testcase classname="test_str_encodings.TestStrEncodings" name="test_str_encodings" time="0.012" timestamp="2019-03-04T09:02:41"/>
	<system-out>
<![CDATA[]]>	</system-out>
	<system-err>
<![CDATA[]]>	</system-err>
</testsuite>
