<?xml version="1.0" encoding="UTF-8"?>
<testsuite errors="0" failures="0" file="test_switch_cast.py" name="test_switch_cast.TestSwitchCast-20190321143913" skipped="0" tests="1" time="0.001" timestamp="2019-03-21T14:39:13">
	<testcase classname="test_switch_cast.TestSwitchCast" file="spec/python/test_switch_cast.py" line="6" name="test_switch_cast" time="0.001" timestamp="2019-03-21T14:39:13"/>
</testsuite>
