<?xml version="1.0" encoding="UTF-8"?>
<testsuite name="test_eos_exception_bytes.TestEosExceptionBytes-20220313103353" tests="1" file="test_eos_exception_bytes.py" time="0.001" timestamp="2022-03-13T10:33:53" failures="0" errors="0" skipped="0">
	<testcase classname="test_eos_exception_bytes.TestEosExceptionBytes" name="test_eos_exception_bytes" time="0.001" timestamp="2022-03-13T10:33:53" file="spec/python/test_eos_exception_bytes.py" line="9"/>
</testsuite>
