<?xml version="1.0" encoding="UTF-8"?>
<testsuite errors="0" failures="0" file="test_imports_rel_1.py" name="test_imports_rel_1.TestImportsRel1-20220728094453" skipped="0" tests="1" time="0.001" timestamp="2022-07-28T09:44:53">
	<testcase classname="test_imports_rel_1.TestImportsRel1" file="spec/python/test_imports_rel_1.py" line="8" name="test_imports_rel_1" time="0.001" timestamp="2022-07-28T09:44:53">
		<system-out>
<![CDATA[]]>		</system-out>
		<system-err>
<![CDATA[]]>		</system-err>
	</testcase>
</testsuite>
