<?xml version="1.0" encoding="UTF-8"?>
<testsuite name="test_expr_2.TestExpr2-20220409012346" tests="1" file="test_expr_2.py" time="0.002" timestamp="2022-04-09T01:23:46" failures="0" errors="0" skipped="0">
	<testcase classname="test_expr_2.TestExpr2" name="test_expr_2" time="0.002" timestamp="2022-04-09T01:23:46" file="spec/python/test_expr_2.py" line="8"/>
</testsuite>
