<?xml version="1.0" encoding="UTF-8"?>
<testsuite errors="0" failures="0" name="test_meta_xref.TestMetaXref-20190125221828" skipped="0" tests="1" time="0.000" timestamp="2019-01-25T22:18:28">
	<testcase classname="test_meta_xref.TestMetaXref" name="test_meta_xref" time="0.000" timestamp="2019-01-25T22:18:28"/>
	<system-out>
<![CDATA[]]>	</system-out>
	<system-err>
<![CDATA[]]>	</system-err>
</testsuite>
