<?xml version="1.0" encoding="UTF-8"?>
<testsuite errors="0" failures="0" name="test_expr_array.TestExprArray-20180812104146" skipped="0" tests="1" time="0.000" timestamp="2018-08-12T10:41:46">
	<testcase classname="test_expr_array.TestExprArray" name="test_expr_array" time="0.000" timestamp="2018-08-12T10:41:46"/>
	<system-out>
<![CDATA[]]>	</system-out>
	<system-err>
<![CDATA[]]>	</system-err>
</testsuite>
