<?xml version="1.0" encoding="UTF-8"?>
<testsuite errors="0" failures="0" file="test_enum_int_range_s.py" name="test_enum_int_range_s.TestEnumIntRangeS-20191210213558" skipped="0" tests="1" time="0.000" timestamp="2019-12-10T21:35:58">
	<testcase classname="test_enum_int_range_s.TestEnumIntRangeS" file="spec/python/test_enum_int_range_s.py" line="8" name="test_enum_int_range_s" time="0.000" timestamp="2019-12-10T21:35:58">
		<system-out>
<![CDATA[]]>		</system-out>
		<system-err>
<![CDATA[]]>		</system-err>
	</testcase>
</testsuite>
