<?xml version="1.0" encoding="UTF-8"?>
<testsuite errors="0" failures="0" name="test_floating_points.TestFloatingPoints-20180708142058" skipped="0" tests="1" time="0.000" timestamp="2018-07-08T14:20:58">
	<testcase classname="test_floating_points.TestFloatingPoints" name="test_floating_points" time="0.000" timestamp="2018-07-08T14:20:58"/>
	<system-out>
<![CDATA[]]>	</system-out>
	<system-err>
<![CDATA[]]>	</system-err>
</testsuite>
