<?xml version="1.0" encoding="UTF-8"?>
<testsuite errors="0" failures="0" file="test_imports_abs_abs.py" name="test_imports_abs_abs.TestImportsAbsAbs-20191116231825" skipped="0" tests="1" time="0.001" timestamp="2019-11-16T23:18:25">
	<testcase classname="test_imports_abs_abs.TestImportsAbsAbs" file="spec/python/test_imports_abs_abs.py" line="6" name="test_imports_abs_abs" time="0.001" timestamp="2019-11-16T23:18:25">
		<system-out>
<![CDATA[]]>		</system-out>
		<system-err>
<![CDATA[]]>		</system-err>
	</testcase>
</testsuite>
