<?xml version="1.0" encoding="UTF-8"?>
<testsuite errors="0" failures="0" file="test_params_pass_array_str.py" name="test_params_pass_array_str.TestParamsPassArrayStr-20200605215723" skipped="0" tests="1" time="0.001" timestamp="2020-06-05T21:57:23">
	<testcase classname="test_params_pass_array_str.TestParamsPassArrayStr" file="spec/python/test_params_pass_array_str.py" line="8" name="test_params_pass_array_str" time="0.001" timestamp="2020-06-05T21:57:23">
		<system-out>
<![CDATA[]]>		</system-out>
		<system-err>
<![CDATA[]]>		</system-err>
	</testcase>
</testsuite>
