<?xml version="1.0" encoding="UTF-8"?>
<testsuite name="test_user_type.TestUserType-20210701222606" tests="1" file="test_user_type.py" time="0.001" timestamp="2021-07-01T22:26:06" failures="0" errors="0" skipped="0">
	<testcase classname="test_user_type.TestUserType" name="test_user_type" time="0.001" timestamp="2021-07-01T22:26:06" file="spec/python/test_user_type.py" line="8"/>
</testsuite>
