<?xml version="1.0" encoding="UTF-8"?>
<testsuite errors="0" failures="0" name="test_expr_io_pos.TestExprIoPos-20190310122545" skipped="0" tests="1" time="0.000" timestamp="2019-03-10T12:25:45">
	<testcase classname="test_expr_io_pos.TestExprIoPos" name="test_expr_io_pos" time="0.000" timestamp="2019-03-10T12:25:45"/>
	<system-out>
<![CDATA[]]>	</system-out>
	<system-err>
<![CDATA[]]>	</system-err>
</testsuite>
