<?xml version="1.0" encoding="UTF-8"?>
<testsuite errors="1" failures="0" name="test_default_endian_expr_is_be.TestDefaultEndianExprIsBe-20180205010317" skipped="0" tests="1" time="0.000">
	<testcase classname="test_default_endian_expr_is_be.TestDefaultEndianExprIsBe" name="test_default_endian_expr_is_be" time="0.000">
		<error message="I/O operation on closed file" type="ValueError">
<![CDATA[Traceback (most recent call last):
  File "/home/travis/build/kaitai-io/ci_targets/tests/spec/python/test_default_endian_expr_is_be.py", line 15, in test_default_endian_expr_is_be
    self.assertEqual(r.docs[0].main.inst_int, 0x42)
  File "/home/travis/build/kaitai-io/ci_targets/tests/compiled/python/default_endian_expr_is_be.py", line 96, in inst_int
    _pos = self._io.pos()
  File "/home/travis/build/kaitai-io/ci_targets/runtime/python/kaitaistruct.py", line 76, in pos
    return self._io.tell()
ValueError: I/O operation on closed file
]]>		</error>
	</testcase>
	<system-out>
<![CDATA[]]>	</system-out>
	<system-err>
<![CDATA[]]>	</system-err>
</testsuite>
