<?xml version="1.0" encoding="UTF-8"?>
<testsuite errors="1" failures="0" name="test_cast_to_top.TestCastToTop-20180205010343" skipped="0" tests="1" time="0.001">
	<testcase classname="test_cast_to_top.TestCastToTop" name="test_cast_to_top" time="0.001">
		<error message="I/O operation on closed file" type="ValueError">
<![CDATA[Traceback (most recent call last):
  File "/home/travis/build/kaitai-io/ci_targets/tests/spec/python/test_cast_to_top.py", line 10, in test_cast_to_top
    self.assertEqual(r.header.code, 0x41)
  File "/home/travis/build/kaitai-io/ci_targets/tests/compiled/python/cast_to_top.py", line 25, in header
    _pos = self._io.pos()
  File "/home/travis/build/kaitai-io/ci_targets/runtime/python/kaitaistruct.py", line 76, in pos
    return self._io.tell()
ValueError: I/O operation on closed file
]]>		</error>
	</testcase>
	<system-out>
<![CDATA[]]>	</system-out>
	<system-err>
<![CDATA[]]>	</system-err>
</testsuite>
