<?xml version="1.0" encoding="UTF-8"?>
<testsuite errors="0" failures="0" name="test_opaque_external_type.TestOpaqueExternalType-20181028120047" skipped="0" tests="1" time="0.000" timestamp="2018-10-28T12:00:47">
	<testcase classname="test_opaque_external_type.TestOpaqueExternalType" name="test_opaque_external_type" time="0.000" timestamp="2018-10-28T12:00:47"/>
	<system-out>
<![CDATA[]]>	</system-out>
	<system-err>
<![CDATA[]]>	</system-err>
</testsuite>
