<?xml version="1.0" encoding="UTF-8"?>
<testsuite name="test_integers.TestIntegers-20200429194855" tests="1" file="test_integers.py" time="0.002" timestamp="2020-04-29T19:48:55" failures="0" errors="0" skipped="0">
	<testcase classname="test_integers.TestIntegers" name="test_integers" time="0.002" timestamp="2020-04-29T19:48:55" file="spec/python/test_integers.py" line="8">
		<system-out><![CDATA[]]></system-out>
		<system-err><![CDATA[]]></system-err>
	</testcase>
</testsuite>
