<?xml version="1.0" encoding="UTF-8"?>
<testsuite errors="0" failures="0" file="test_to_string_custom.py" name="test_to_string_custom.TestToStringCustom-20220318130426" skipped="0" tests="1" time="0.001" timestamp="2022-03-18T13:04:26">
	<testcase classname="test_to_string_custom.TestToStringCustom" file="spec/python/test_to_string_custom.py" line="6" name="test_to_string_custom" time="0.001" timestamp="2022-03-18T13:04:26">
		<system-out>
<![CDATA[]]>		</system-out>
		<system-err>
<![CDATA[]]>		</system-err>
	</testcase>
</testsuite>
