<?xml version="1.0" encoding="UTF-8"?>
<testsuite errors="0" failures="0" file="test_combine_bool.py" name="test_combine_bool.TestCombineBool-20200429224139" skipped="0" tests="1" time="0.000" timestamp="2020-04-29T22:41:39">
	<testcase classname="test_combine_bool.TestCombineBool" file="spec/python/test_combine_bool.py" line="8" name="test_combine_bool" time="0.000" timestamp="2020-04-29T22:41:39">
		<system-out>
<![CDATA[]]>		</system-out>
		<system-err>
<![CDATA[]]>		</system-err>
	</testcase>
</testsuite>
