<?xml version="1.0" encoding="UTF-8"?>
<testsuite name="test_bits_signed_res_b32_le.TestBitsSignedResB32Le-20220801170217" tests="1" file="test_bits_signed_res_b32_le.py" time="0.000" timestamp="2022-08-01T17:02:17" failures="0" errors="0" skipped="0">
	<testcase classname="test_bits_signed_res_b32_le.TestBitsSignedResB32Le" name="test_bits_signed_res_b32_le" time="0.000" timestamp="2022-08-01T17:02:17" file="spec/python/test_bits_signed_res_b32_le.py" line="8"/>
</testsuite>
