<?xml version="1.0" encoding="UTF-8"?>
<testsuite name="test_instance_io_user.TestInstanceIoUser" tests="1" file="test_instance_io_user.py" time="0.001" timestamp="2023-08-02T17:41:26" failures="0" errors="0" skipped="0">
	<testcase classname="test_instance_io_user.TestInstanceIoUser" name="test_instance_io_user" time="0.001" timestamp="2023-08-02T17:41:26" file="spec/python/test_instance_io_user.py" line="8"/>
</testsuite>
