<?xml version="1.0" encoding="UTF-8"?>
<testsuite name="test_process_xor_value.TestProcessXorValue-20200213234655" tests="1" file="test_process_xor_value.py" time="0.001" timestamp="2020-02-13T23:46:55" failures="0" errors="0" skipped="0">
	<testcase classname="test_process_xor_value.TestProcessXorValue" name="test_process_xor_value" time="0.001" timestamp="2020-02-13T23:46:55" file="spec/python/test_process_xor_value.py" line="8">
		<system-out><![CDATA[]]></system-out>
		<system-err><![CDATA[]]></system-err>
	</testcase>
</testsuite>
