<?xml version="1.0" encoding="UTF-8"?>
<testsuite errors="0" failures="0" file="test_eof_exception_bytes.py" name="test_eof_exception_bytes.TestEofExceptionBytes-20191020173639" skipped="0" tests="1" time="0.001" timestamp="2019-10-20T17:36:39">
	<testcase classname="test_eof_exception_bytes.TestEofExceptionBytes" file="spec/python/test_eof_exception_bytes.py" line="6" name="test_eof_exception_bytes" time="0.001" timestamp="2019-10-20T17:36:39">
		<system-out>
<![CDATA[]]>		</system-out>
		<system-err>
<![CDATA[]]>		</system-err>
	</testcase>
</testsuite>
