<?xml version="1.0" encoding="UTF-8"?>
<testsuite name="test_process_coerce_bytes.TestProcessCoerceBytes-20230719150532" tests="1" file="test_process_coerce_bytes.py" time="0.000" timestamp="2023-07-19T15:05:32" failures="0" errors="0" skipped="0">
	<testcase classname="test_process_coerce_bytes.TestProcessCoerceBytes" name="test_process_coerce_bytes" time="0.000" timestamp="2023-07-19T15:05:32" file="spec/python/test_process_coerce_bytes.py" line="8"/>
</testsuite>
