<?xml version="1.0" encoding="UTF-8"?>
<testsuite errors="0" failures="0" file="test_cast_nested.py" name="test_cast_nested.TestCastNested-20190319025525" skipped="0" tests="1" time="0.001" timestamp="2019-03-19T02:55:25">
	<testcase classname="test_cast_nested.TestCastNested" file="spec/python/test_cast_nested.py" line="8" name="test_cast_nested" time="0.001" timestamp="2019-03-19T02:55:25"/>
</testsuite>
