<?xml version="1.0" encoding="UTF-8"?>
<testsuite errors="0" failures="0" file="test_hello_world.py" name="test_hello_world.TestHelloWorld-20190318121737" skipped="0" tests="1" time="0.000" timestamp="2019-03-18T12:17:37">
	<testcase classname="test_hello_world.TestHelloWorld" file="spec/python/test_hello_world.py" line="8" name="test_hello_world" time="0.000" timestamp="2019-03-18T12:17:37"/>
</testsuite>
