<?xml version="1.0" encoding="UTF-8"?>
<testsuite name="test_bits_signed_res_b32_be.TestBitsSignedResB32Be-20230719212545" tests="1" file="test_bits_signed_res_b32_be.py" time="0.000" timestamp="2023-07-19T21:25:45" failures="0" errors="0" skipped="0">
	<testcase classname="test_bits_signed_res_b32_be.TestBitsSignedResB32Be" name="test_bits_signed_res_b32_be" time="0.000" timestamp="2023-07-19T21:25:45" file="spec/python/test_bits_signed_res_b32_be.py" line="8"/>
</testsuite>
