<?xml version="1.0" encoding="UTF-8"?>
<testsuite name="test_valid_fail_eq_int.TestValidFailEqInt-20200824200328" tests="1" file="test_valid_fail_eq_int.py" time="0.000" timestamp="2020-08-24T20:03:29" failures="0" errors="0" skipped="0">
	<testcase classname="test_valid_fail_eq_int.TestValidFailEqInt" name="test_valid_fail_eq_int" time="0.000" timestamp="2020-08-24T20:03:29" file="spec/python/test_valid_fail_eq_int.py" line="9">
		<system-out><![CDATA[]]></system-out>
		<system-err><![CDATA[]]></system-err>
	</testcase>
</testsuite>
