<?xml version="1.0" encoding="UTF-8"?>
<testsuite errors="0" failures="0" name="test_expr_array.TestExprArray-20181228161745" skipped="0" tests="1" time="0.000" timestamp="2018-12-28T16:17:45">
	<testcase classname="test_expr_array.TestExprArray" name="test_expr_array" time="0.000" timestamp="2018-12-28T16:17:45"/>
	<system-out>
<![CDATA[]]>	</system-out>
	<system-err>
<![CDATA[]]>	</system-err>
</testsuite>
