<?xml version="1.0" encoding="UTF-8"?>
<testsuite errors="0" failures="0" file="test_zlib_surrounded.py" name="test_zlib_surrounded.TestZlibSurrounded-20200330025428" skipped="0" tests="1" time="0.001" timestamp="2020-03-30T02:54:28">
	<testcase classname="test_zlib_surrounded.TestZlibSurrounded" file="spec/python/test_zlib_surrounded.py" line="8" name="test_zlib_surrounded" time="0.001" timestamp="2020-03-30T02:54:28">
		<system-out>
<![CDATA[]]>		</system-out>
		<system-err>
<![CDATA[]]>		</system-err>
	</testcase>
</testsuite>
