<?xml version="1.0" encoding="UTF-8"?>
<testsuite errors="0" failures="0" name="test_enum_if.TestEnumIf-20180411000438" skipped="0" tests="1" time="0.000" timestamp="2018-04-11T00:04:38">
	<testcase classname="test_enum_if.TestEnumIf" name="test_enum_if" time="0.000" timestamp="2018-04-11T00:04:38"/>
	<system-out>
<![CDATA[]]>	</system-out>
	<system-err>
<![CDATA[]]>	</system-err>
</testsuite>
