<?xml version="1.0" encoding="UTF-8"?>
<testsuite errors="0" failures="0" name="test_if_values.TestIfValues-20180416004134" skipped="0" tests="1" time="0.000" timestamp="2018-04-16T00:41:34">
	<testcase classname="test_if_values.TestIfValues" name="test_if_values" time="0.000" timestamp="2018-04-16T00:41:34"/>
	<system-out>
<![CDATA[]]>	</system-out>
	<system-err>
<![CDATA[]]>	</system-err>
</testsuite>
