<?xml version="1.0" encoding="UTF-8"?>
<testsuite errors="0" failures="0" file="test_process_custom.py" name="test_process_custom.TestProcessCustom-20200316223230" skipped="0" tests="1" time="0.000" timestamp="2020-03-16T22:32:30">
	<testcase classname="test_process_custom.TestProcessCustom" file="spec/python/test_process_custom.py" line="8" name="test_process_custom" time="0.000" timestamp="2020-03-16T22:32:30">
		<system-out>
<![CDATA[]]>		</system-out>
		<system-err>
<![CDATA[]]>		</system-err>
	</testcase>
</testsuite>
