<?xml version="1.0" encoding="UTF-8"?>
<testsuite errors="0" failures="0" file="test_io_local_var.py" name="test_io_local_var.TestIoLocalVar-20191015232142" skipped="0" tests="1" time="0.001" timestamp="2019-10-15T23:21:43">
	<testcase classname="test_io_local_var.TestIoLocalVar" file="spec/python/test_io_local_var.py" line="8" name="test_io_local_var" time="0.001" timestamp="2019-10-15T23:21:43">
		<system-out>
<![CDATA[]]>		</system-out>
		<system-err>
<![CDATA[]]>		</system-err>
	</testcase>
</testsuite>
