<?xml version="1.0" encoding="UTF-8"?>
<testsuite name="test_instance_std.TestInstanceStd-20230707214036" tests="1" file="test_instance_std.py" time="0.000" timestamp="2023-07-07T21:40:36" failures="0" errors="0" skipped="0">
	<testcase classname="test_instance_std.TestInstanceStd" name="test_instance_std" time="0.000" timestamp="2023-07-07T21:40:36" file="spec/python/test_instance_std.py" line="8"/>
</testsuite>
