<?xml version="1.0" encoding="UTF-8"?>
<testsuite errors="0" failures="0" file="test_meta_tags.py" name="test_meta_tags.TestMetaTags-20200315101131" skipped="0" tests="1" time="0.002" timestamp="2020-03-15T10:11:31">
	<testcase classname="test_meta_tags.TestMetaTags" file="spec/python/test_meta_tags.py" line="8" name="test_meta_tags" time="0.002" timestamp="2020-03-15T10:11:31">
		<system-out>
<![CDATA[]]>		</system-out>
		<system-err>
<![CDATA[]]>		</system-err>
	</testcase>
</testsuite>
