<?xml version="1.0" encoding="UTF-8"?>
<testsuite errors="0" failures="0" file="test_expr_if_int_ops.py" name="test_expr_if_int_ops.TestExprIfIntOps-20200818144128" skipped="0" tests="1" time="0.000" timestamp="2020-08-18T14:41:28">
	<testcase classname="test_expr_if_int_ops.TestExprIfIntOps" file="spec/python/test_expr_if_int_ops.py" line="8" name="test_expr_if_int_ops" time="0.000" timestamp="2020-08-18T14:41:28">
		<system-out>
<![CDATA[]]>		</system-out>
		<system-err>
<![CDATA[]]>		</system-err>
	</testcase>
</testsuite>
