<?xml version="1.0" encoding="UTF-8"?>
<testsuite name="test_debug_switch_user.TestDebugSwitchUser-20230714185247" tests="1" file="test_debug_switch_user.py" time="0.000" timestamp="2023-07-14T18:52:47" failures="0" errors="0" skipped="0">
	<testcase classname="test_debug_switch_user.TestDebugSwitchUser" name="test_debug_switch_user" time="0.000" timestamp="2023-07-14T18:52:47" file="spec/python/test_debug_switch_user.py" line="8"/>
</testsuite>
