<?xml version="1.0" encoding="UTF-8"?>
<testsuite name="test_fixed_contents.TestFixedContents-20200523220814" tests="1" file="test_fixed_contents.py" time="0.001" timestamp="2020-05-23T22:08:14" failures="0" errors="0" skipped="0">
	<testcase classname="test_fixed_contents.TestFixedContents" name="test_fixed_contents" time="0.001" timestamp="2020-05-23T22:08:14" file="spec/python/test_fixed_contents.py" line="8">
		<system-out><![CDATA[]]></system-out>
		<system-err><![CDATA[]]></system-err>
	</testcase>
</testsuite>
