<?xml version="1.0" encoding="UTF-8"?>
<testsuite errors="0" failures="0" file="test_cast_nested.py" name="test_cast_nested.TestCastNested-20200628162419" skipped="0" tests="1" time="0.001" timestamp="2020-06-28T16:24:19">
	<testcase classname="test_cast_nested.TestCastNested" file="spec/python/test_cast_nested.py" line="8" name="test_cast_nested" time="0.001" timestamp="2020-06-28T16:24:19">
		<system-out>
<![CDATA[]]>		</system-out>
		<system-err>
<![CDATA[]]>		</system-err>
	</testcase>
</testsuite>
