<?xml version="1.0" encoding="UTF-8"?>
<testsuite errors="0" failures="0" file="test_params_pass_struct.py" name="test_params_pass_struct.TestParamsPassStruct-20220617122740" skipped="0" tests="1" time="0.001" timestamp="2022-06-17T12:27:41">
	<testcase classname="test_params_pass_struct.TestParamsPassStruct" file="spec/python/test_params_pass_struct.py" line="8" name="test_params_pass_struct" time="0.001" timestamp="2022-06-17T12:27:41">
		<system-out>
<![CDATA[]]>		</system-out>
		<system-err>
<![CDATA[]]>		</system-err>
	</testcase>
</testsuite>
