<?xml version="1.0" encoding="UTF-8"?>
<testsuite errors="0" failures="0" file="test_non_standard.py" name="test_non_standard.TestNonStandard-20191007045844" skipped="0" tests="1" time="0.000" timestamp="2019-10-07T04:58:44">
	<testcase classname="test_non_standard.TestNonStandard" file="spec/python/test_non_standard.py" line="8" name="test_non_standard" time="0.000" timestamp="2019-10-07T04:58:44">
		<system-out>
<![CDATA[]]>		</system-out>
		<system-err>
<![CDATA[]]>		</system-err>
	</testcase>
</testsuite>
