<?xml version="1.0" encoding="UTF-8"?>
<testsuite name="test_to_string_custom.TestToStringCustom-20210206143550" tests="1" file="test_to_string_custom.py" time="0.001" timestamp="2021-02-06T14:35:50" failures="0" errors="0" skipped="0">
	<testcase classname="test_to_string_custom.TestToStringCustom" name="test_to_string_custom" time="0.001" timestamp="2021-02-06T14:35:50" file="spec/python/test_to_string_custom.py" line="6"/>
</testsuite>
