<?xml version="1.0" encoding="UTF-8"?>
<testsuite name="test_zlib_surrounded.TestZlibSurrounded-20201106101801" tests="1" file="test_zlib_surrounded.py" time="0.001" timestamp="2020-11-06T10:18:01" failures="0" errors="0" skipped="0">
	<testcase classname="test_zlib_surrounded.TestZlibSurrounded" name="test_zlib_surrounded" time="0.001" timestamp="2020-11-06T10:18:01" file="spec/python/test_zlib_surrounded.py" line="8"/>
</testsuite>
