<?xml version="1.0" encoding="UTF-8"?>
<testsuite name="test_repeat_n_strz_double.TestRepeatNStrzDouble-20200404062145" tests="1" file="test_repeat_n_strz_double.py" time="0.001" timestamp="2020-04-04T06:21:45" failures="0" errors="0" skipped="0">
	<testcase classname="test_repeat_n_strz_double.TestRepeatNStrzDouble" name="test_repeat_n_strz_double" time="0.001" timestamp="2020-04-04T06:21:45" file="spec/python/test_repeat_n_strz_double.py" line="8">
		<system-out><![CDATA[]]></system-out>
		<system-err><![CDATA[]]></system-err>
	</testcase>
</testsuite>
