<?xml version="1.0" encoding="UTF-8"?>
<testsuite errors="0" failures="0" file="test_params_enum.py" name="test_params_enum.TestParamsEnum-20200831200025" skipped="0" tests="1" time="0.001" timestamp="2020-08-31T20:00:25">
	<testcase classname="test_params_enum.TestParamsEnum" file="spec/python/test_params_enum.py" line="8" name="test_params_enum" time="0.001" timestamp="2020-08-31T20:00:25">
		<system-out>
<![CDATA[]]>		</system-out>
		<system-err>
<![CDATA[]]>		</system-err>
	</testcase>
</testsuite>
