<?xml version="1.0" encoding="UTF-8"?>
<testsuite name="test_hello_world.TestHelloWorld-20200708064911" tests="1" file="test_hello_world.py" time="0.001" timestamp="2020-07-08T06:49:11" failures="0" errors="0" skipped="0">
	<testcase classname="test_hello_world.TestHelloWorld" name="test_hello_world" time="0.001" timestamp="2020-07-08T06:49:11" file="spec/python/test_hello_world.py" line="8">
		<system-out><![CDATA[]]></system-out>
		<system-err><![CDATA[]]></system-err>
	</testcase>
</testsuite>
