<?xml version="1.0" encoding="UTF-8"?>
<testsuite name="test_expr_calc_array_ops.TestExprCalcArrayOps-20230718135801" tests="1" file="test_expr_calc_array_ops.py" time="0.001" timestamp="2023-07-18T13:58:01" failures="0" errors="0" skipped="0">
	<testcase classname="test_expr_calc_array_ops.TestExprCalcArrayOps" name="test_expr_calc_array_ops" time="0.001" timestamp="2023-07-18T13:58:01" file="spec/python/test_expr_calc_array_ops.py" line="8"/>
</testsuite>
