<?xml version="1.0" encoding="UTF-8"?>
<testsuite errors="0" failures="0" file="test_float_to_i.py" name="test_float_to_i.TestFloatToI-20210701222520" skipped="0" tests="1" time="0.001" timestamp="2021-07-01T22:25:20">
	<testcase classname="test_float_to_i.TestFloatToI" file="spec/python/test_float_to_i.py" line="8" name="test_float_to_i" time="0.001" timestamp="2021-07-01T22:25:20">
		<system-out>
<![CDATA[]]>		</system-out>
		<system-err>
<![CDATA[]]>		</system-err>
	</testcase>
</testsuite>
