<?xml version="1.0" encoding="UTF-8"?>
<testsuite errors="0" failures="0" file="test_cast_to_top.py" name="test_cast_to_top.TestCastToTop-20200211000013" skipped="0" tests="1" time="0.001" timestamp="2020-02-11T00:00:13">
	<testcase classname="test_cast_to_top.TestCastToTop" file="spec/python/test_cast_to_top.py" line="8" name="test_cast_to_top" time="0.001" timestamp="2020-02-11T00:00:13">
		<system-out>
<![CDATA[]]>		</system-out>
		<system-err>
<![CDATA[]]>		</system-err>
	</testcase>
</testsuite>
