<?xml version="1.0" encoding="UTF-8"?>
<testsuite errors="0" failures="0" file="test_str_encodings_default.py" name="test_str_encodings_default.TestStrEncodingsDefault-20200911171843" skipped="0" tests="1" time="0.010" timestamp="2020-09-11T17:18:43">
	<testcase classname="test_str_encodings_default.TestStrEncodingsDefault" file="spec/python/test_str_encodings_default.py" line="8" name="test_str_encodings_default" time="0.010" timestamp="2020-09-11T17:18:43">
		<system-out>
<![CDATA[]]>		</system-out>
		<system-err>
<![CDATA[]]>		</system-err>
	</testcase>
</testsuite>
