<?xml version="1.0" encoding="UTF-8"?>
<testsuite errors="0" failures="0" file="test_process_repeat_bytes.py" name="test_process_repeat_bytes.TestProcessRepeatBytes-20211115222318" skipped="0" tests="1" time="0.002" timestamp="2021-11-15T22:23:18">
	<testcase classname="test_process_repeat_bytes.TestProcessRepeatBytes" file="spec/python/test_process_repeat_bytes.py" line="8" name="test_process_repeat_bytes" time="0.002" timestamp="2021-11-15T22:23:18">
		<system-out>
<![CDATA[]]>		</system-out>
		<system-err>
<![CDATA[]]>		</system-err>
	</testcase>
</testsuite>
