<?xml version="1.0" encoding="UTF-8"?>
<testsuite errors="0" failures="0" file="test_expr_bytes_cmp.py" name="test_expr_bytes_cmp.TestExprBytesCmp-20211114130433" skipped="0" tests="1" time="0.001" timestamp="2021-11-14T13:04:33">
	<testcase classname="test_expr_bytes_cmp.TestExprBytesCmp" file="spec/python/test_expr_bytes_cmp.py" line="8" name="test_expr_bytes_cmp" time="0.001" timestamp="2021-11-14T13:04:33">
		<system-out>
<![CDATA[]]>		</system-out>
		<system-err>
<![CDATA[]]>		</system-err>
	</testcase>
</testsuite>
