<?xml version="1.0" encoding="UTF-8"?>
<testsuite errors="0" failures="0" name="test_repeat_n_strz.TestRepeatNStrz-20170722214114" skipped="0" tests="1" time="0.000">
	<testcase classname="test_repeat_n_strz.TestRepeatNStrz" name="test_repeat_n_strz" time="0.000"/>
	<system-out>
<![CDATA[]]>	</system-out>
	<system-err>
<![CDATA[]]>	</system-err>
</testsuite>
