<?xml version="1.0" encoding="UTF-8"?>
<testsuite errors="0" failures="0" file="test_switch_manual_str.py" name="test_switch_manual_str.TestSwitchManualStr-20191226225741" skipped="0" tests="1" time="0.001" timestamp="2019-12-26T22:57:41">
	<testcase classname="test_switch_manual_str.TestSwitchManualStr" file="spec/python/test_switch_manual_str.py" line="8" name="test_switch_manual_str" time="0.001" timestamp="2019-12-26T22:57:41">
		<system-out>
<![CDATA[]]>		</system-out>
		<system-err>
<![CDATA[]]>		</system-err>
	</testcase>
</testsuite>
