<?xml version="1.0" encoding="UTF-8"?>
<testsuite errors="0" failures="0" file="test_valid_fail_max_int.py" name="test_valid_fail_max_int.TestValidFailMaxInt-20220728001359" skipped="0" tests="1" time="0.001" timestamp="2022-07-28T00:14:00">
	<testcase classname="test_valid_fail_max_int.TestValidFailMaxInt" file="spec/python/test_valid_fail_max_int.py" line="9" name="test_valid_fail_max_int" time="0.001" timestamp="2022-07-28T00:14:00">
		<system-out>
<![CDATA[]]>		</system-out>
		<system-err>
<![CDATA[]]>		</system-err>
	</testcase>
</testsuite>
