<?xml version="1.0" encoding="UTF-8"?>
<testsuite name="test_params_pass_array_struct.TestParamsPassArrayStruct-20200824200328" tests="1" file="test_params_pass_array_struct.py" time="0.001" timestamp="2020-08-24T20:03:28" failures="0" errors="0" skipped="0">
	<testcase classname="test_params_pass_array_struct.TestParamsPassArrayStruct" name="test_params_pass_array_struct" time="0.001" timestamp="2020-08-24T20:03:28" file="spec/python/test_params_pass_array_struct.py" line="8">
		<system-out><![CDATA[]]></system-out>
		<system-err><![CDATA[]]></system-err>
	</testcase>
</testsuite>
