<?xml version="1.0" encoding="UTF-8"?>
<testsuite errors="0" failures="0" file="test_ts_packet_header.py" name="test_ts_packet_header.TestTsPacketHeader-20211115222318" skipped="0" tests="1" time="0.000" timestamp="2021-11-15T22:23:18">
	<testcase classname="test_ts_packet_header.TestTsPacketHeader" file="spec/python/test_ts_packet_header.py" line="8" name="test_ts_packet_header" time="0.000" timestamp="2021-11-15T22:23:18">
		<system-out>
<![CDATA[]]>		</system-out>
		<system-err>
<![CDATA[]]>		</system-err>
	</testcase>
</testsuite>
