<?xml version="1.0" encoding="UTF-8"?>
<testsuite errors="0" failures="0" name="test_enum_of_value_inst.TestEnumOfValueInst-20180416004117" skipped="0" tests="1" time="0.000" timestamp="2018-04-16T00:41:17">
	<testcase classname="test_enum_of_value_inst.TestEnumOfValueInst" name="test_enum_of_value_inst" time="0.000" timestamp="2018-04-16T00:41:17"/>
	<system-out>
<![CDATA[]]>	</system-out>
	<system-err>
<![CDATA[]]>	</system-err>
</testsuite>
