<?xml version="1.0" encoding="UTF-8"?>
<testsuite errors="0" failures="0" file="test_switch_manual_int_size.py" name="test_switch_manual_int_size.TestSwitchManualIntSize-20200229093229" skipped="0" tests="1" time="0.002" timestamp="2020-02-29T09:32:29">
	<testcase classname="test_switch_manual_int_size.TestSwitchManualIntSize" file="spec/python/test_switch_manual_int_size.py" line="6" name="test_switch_manual_int_size" time="0.002" timestamp="2020-02-29T09:32:29">
		<system-out>
<![CDATA[]]>		</system-out>
		<system-err>
<![CDATA[]]>		</system-err>
	</testcase>
</testsuite>
