<?xml version="1.0" encoding="UTF-8"?>
<testsuite name="test_expr_str_encodings.TestExprStrEncodings-20230721170737" tests="1" file="test_expr_str_encodings.py" time="0.002" timestamp="2023-07-21T17:07:37" failures="0" errors="0" skipped="0">
	<testcase classname="test_expr_str_encodings.TestExprStrEncodings" name="test_expr_str_encodings" time="0.002" timestamp="2023-07-21T17:07:37" file="spec/python/test_expr_str_encodings.py" line="8"/>
</testsuite>
