<?xml version="1.0" encoding="UTF-8"?>
<testsuite name="test_expr_enum.TestExprEnum-20201031095923" tests="1" file="test_expr_enum.py" time="0.001" timestamp="2020-10-31T09:59:23" failures="0" errors="0" skipped="0">
	<testcase classname="test_expr_enum.TestExprEnum" name="test_expr_enum" time="0.001" timestamp="2020-10-31T09:59:23" file="spec/python/test_expr_enum.py" line="8"/>
</testsuite>
