<?xml version="1.0" encoding="UTF-8"?>
<testsuite errors="0" failures="0" name="test_expr_2.TestExpr2-20180816020004" skipped="0" tests="1" time="0.000" timestamp="2018-08-16T02:00:05">
	<testcase classname="test_expr_2.TestExpr2" name="test_expr_2" time="0.000" timestamp="2018-08-16T02:00:05"/>
	<system-out>
<![CDATA[]]>	</system-out>
	<system-err>
<![CDATA[]]>	</system-err>
</testsuite>
