<?xml version="1.0" encoding="UTF-8"?>
<testsuite name="test_repeat_eos_u4.TestRepeatEosU4-20230721073730" tests="1" file="test_repeat_eos_u4.py" time="0.000" timestamp="2023-07-21T07:37:30" failures="0" errors="0" skipped="0">
	<testcase classname="test_repeat_eos_u4.TestRepeatEosU4" name="test_repeat_eos_u4" time="0.000" timestamp="2023-07-21T07:37:30" file="spec/python/test_repeat_eos_u4.py" line="8"/>
</testsuite>
