<?xml version="1.0" encoding="UTF-8"?>
<testsuite name="test_process_custom.TestProcessCustom-20200726200629" tests="1" file="test_process_custom.py" time="0.001" timestamp="2020-07-26T20:06:29" failures="0" errors="0" skipped="0">
	<testcase classname="test_process_custom.TestProcessCustom" name="test_process_custom" time="0.001" timestamp="2020-07-26T20:06:29" file="spec/python/test_process_custom.py" line="8">
		<system-out><![CDATA[]]></system-out>
		<system-err><![CDATA[]]></system-err>
	</testcase>
</testsuite>
