<?xml version="1.0" encoding="UTF-8"?>
<testsuite errors="0" failures="0" file="test_recursive_one.py" name="test_recursive_one.TestRecursiveOne-20190317163105" skipped="0" tests="1" time="0.001" timestamp="2019-03-17T16:31:05">
	<testcase classname="test_recursive_one.TestRecursiveOne" file="spec/python/test_recursive_one.py" line="6" name="test_recursive_one" time="0.001" timestamp="2019-03-17T16:31:05"/>
</testsuite>
