<?xml version="1.0" encoding="UTF-8"?>
<testsuite errors="0" failures="0" file="test_if_instances.py" name="test_if_instances.TestIfInstances-20190319025525" skipped="0" tests="1" time="0.000" timestamp="2019-03-19T02:55:25">
	<testcase classname="test_if_instances.TestIfInstances" file="spec/python/test_if_instances.py" line="6" name="test_if_instances" time="0.000" timestamp="2019-03-19T02:55:25"/>
</testsuite>
