<?xml version="1.0" encoding="UTF-8"?>
<testsuite errors="0" failures="0" file="test_to_string_custom.py" name="test_to_string_custom.TestToStringCustom-20200522210117" skipped="0" tests="1" time="0.000" timestamp="2020-05-22T21:01:18">
	<testcase classname="test_to_string_custom.TestToStringCustom" file="spec/python/test_to_string_custom.py" line="6" name="test_to_string_custom" time="0.000" timestamp="2020-05-22T21:01:18">
		<system-out>
<![CDATA[]]>		</system-out>
		<system-err>
<![CDATA[]]>		</system-err>
	</testcase>
</testsuite>
