<?xml version="1.0" encoding="UTF-8"?>
<testsuite errors="0" failures="0" name="test_str_encodings.TestStrEncodings-20190311215504" skipped="0" tests="1" time="0.008" timestamp="2019-03-11T21:55:05">
	<testcase classname="test_str_encodings.TestStrEncodings" name="test_str_encodings" time="0.008" timestamp="2019-03-11T21:55:05"/>
	<system-out>
<![CDATA[]]>	</system-out>
	<system-err>
<![CDATA[]]>	</system-err>
</testsuite>
