<?xml version="1.0" encoding="UTF-8"?>
<testsuite name="test_expr_io_eof.TestExprIoEof-20230705161132" tests="1" file="test_expr_io_eof.py" time="0.000" timestamp="2023-07-05T16:11:32" failures="0" errors="0" skipped="0">
	<testcase classname="test_expr_io_eof.TestExprIoEof" name="test_expr_io_eof" time="0.000" timestamp="2023-07-05T16:11:32" file="spec/python/test_expr_io_eof.py" line="6"/>
</testsuite>
