<?xml version="1.0" encoding="UTF-8"?>
<testsuite errors="0" failures="0" file="test_nested_types.py" name="test_nested_types.TestNestedTypes-20190418133131" skipped="0" tests="1" time="0.001" timestamp="2019-04-18T13:31:31">
	<testcase classname="test_nested_types.TestNestedTypes" file="spec/python/test_nested_types.py" line="8" name="test_nested_types" time="0.001" timestamp="2019-04-18T13:31:31">
		<system-out>
<![CDATA[]]>		</system-out>
		<system-err>
<![CDATA[]]>		</system-err>
	</testcase>
</testsuite>
