<?xml version="1.0" encoding="UTF-8"?>
<testsuite name="test_zlib_surrounded.TestZlibSurrounded" tests="1" file="test_zlib_surrounded.py" time="0.005" timestamp="2023-08-02T17:41:27" failures="0" errors="0" skipped="0">
	<testcase classname="test_zlib_surrounded.TestZlibSurrounded" name="test_zlib_surrounded" time="0.005" timestamp="2023-08-02T17:41:27" file="spec/python/test_zlib_surrounded.py" line="8">
		<system-err><![CDATA[/usr/local/lib/python3.11/contextlib.py:144: ResourceWarning: unclosed file <_io.FileIO name='src/term_strz.bin' mode='rb' closefd=True>
  next(self.gen)
ResourceWarning: Enable tracemalloc to get the object allocation traceback
/usr/local/lib/python3.11/contextlib.py:144: ResourceWarning: unclosed file <_io.FileIO name='src/fixed_struct.bin' mode='rb' closefd=True>
  next(self.gen)
ResourceWarning: Enable tracemalloc to get the object allocation traceback
/usr/local/lib/python3.11/contextlib.py:144: ResourceWarning: unclosed file <_io.FileIO name='src/switch_opcodes.bin' mode='rb' closefd=True>
  next(self.gen)
ResourceWarning: Enable tracemalloc to get the object allocation traceback
/usr/local/lib/python3.11/contextlib.py:144: ResourceWarning: unclosed file <_io.FileIO name='src/enum_negative.bin' mode='rb' closefd=True>
  next(self.gen)
ResourceWarning: Enable tracemalloc to get the object allocation traceback
]]></system-err>
	</testcase>
</testsuite>
