<?xml version="1.0" encoding="UTF-8"?>
<testsuite errors="0" failures="0" file="test_expr_sizeof_type_1.py" name="test_expr_sizeof_type_1.TestExprSizeofType1-20200412221553" skipped="0" tests="1" time="0.000" timestamp="2020-04-12T22:15:53">
	<testcase classname="test_expr_sizeof_type_1.TestExprSizeofType1" file="spec/python/test_expr_sizeof_type_1.py" line="8" name="test_expr_sizeof_type_1" time="0.000" timestamp="2020-04-12T22:15:53">
		<system-out>
<![CDATA[]]>		</system-out>
		<system-err>
<![CDATA[]]>		</system-err>
	</testcase>
</testsuite>
