<?xml version="1.0" encoding="UTF-8"?>
<testsuite name="test_enum_int_range_s.TestEnumIntRangeS-20211106162901" tests="1" file="test_enum_int_range_s.py" time="0.001" timestamp="2021-11-06T16:29:01" failures="0" errors="0" skipped="0">
	<testcase classname="test_enum_int_range_s.TestEnumIntRangeS" name="test_enum_int_range_s" time="0.001" timestamp="2021-11-06T16:29:01" file="spec/python/test_enum_int_range_s.py" line="8"/>
</testsuite>
