<?xml version="1.0" encoding="UTF-8"?>
<testsuite errors="0" failures="0" file="test_repeat_until_s4.py" name="test_repeat_until_s4.TestRepeatUntilS4-20190422024518" skipped="0" tests="1" time="0.000" timestamp="2019-04-22T02:45:18">
	<testcase classname="test_repeat_until_s4.TestRepeatUntilS4" file="spec/python/test_repeat_until_s4.py" line="8" name="test_repeat_until_s4" time="0.000" timestamp="2019-04-22T02:45:18">
		<system-out>
<![CDATA[]]>		</system-out>
		<system-err>
<![CDATA[]]>		</system-err>
	</testcase>
</testsuite>
