<?xml version="1.0" encoding="UTF-8"?>
<testsuite errors="0" failures="0" file="test_process_xor_value.py" name="test_process_xor_value.TestProcessXorValue-20200112092952" skipped="0" tests="1" time="0.000" timestamp="2020-01-12T09:29:52">
	<testcase classname="test_process_xor_value.TestProcessXorValue" file="spec/python/test_process_xor_value.py" line="8" name="test_process_xor_value" time="0.000" timestamp="2020-01-12T09:29:52">
		<system-out>
<![CDATA[]]>		</system-out>
		<system-err>
<![CDATA[]]>		</system-err>
	</testcase>
</testsuite>
