<?xml version="1.0" encoding="UTF-8"?>
<testsuite errors="0" failures="0" name="test_nav_parent.TestNavParent-20181028120318" skipped="0" tests="1" time="0.000" timestamp="2018-10-28T12:03:18">
	<testcase classname="test_nav_parent.TestNavParent" name="test_nav_parent" time="0.000" timestamp="2018-10-28T12:03:18"/>
	<system-out>
<![CDATA[]]>	</system-out>
	<system-err>
<![CDATA[]]>	</system-err>
</testsuite>
