<?xml version="1.0" encoding="UTF-8"?>
<testsuite errors="0" failures="0" file="test_position_in_seq.py" name="test_position_in_seq.TestPositionInSeq-20200406202038" skipped="0" tests="1" time="0.000" timestamp="2020-04-06T20:20:38">
	<testcase classname="test_position_in_seq.TestPositionInSeq" file="spec/python/test_position_in_seq.py" line="8" name="test_position_in_seq" time="0.000" timestamp="2020-04-06T20:20:38">
		<system-out>
<![CDATA[]]>		</system-out>
		<system-err>
<![CDATA[]]>		</system-err>
	</testcase>
</testsuite>
