<?xml version="1.0" encoding="UTF-8"?>
<testsuite errors="0" failures="0" name="test_floating_points.TestFloatingPoints-20181024152525" skipped="0" tests="1" time="0.000" timestamp="2018-10-24T15:25:25">
	<testcase classname="test_floating_points.TestFloatingPoints" name="test_floating_points" time="0.000" timestamp="2018-10-24T15:25:25"/>
	<system-out>
<![CDATA[]]>	</system-out>
	<system-err>
<![CDATA[]]>	</system-err>
</testsuite>
