<?xml version="1.0" encoding="UTF-8"?>
<testsuite errors="0" failures="0" file="test_enum_if.py" name="test_enum_if.TestEnumIf-20230719152337" skipped="0" tests="1" time="0.001" timestamp="2023-07-19T15:23:37">
	<testcase classname="test_enum_if.TestEnumIf" file="spec/python/test_enum_if.py" line="8" name="test_enum_if" time="0.001" timestamp="2023-07-19T15:23:37">
		<system-out>
<![CDATA[]]>		</system-out>
		<system-err>
<![CDATA[]]>		</system-err>
	</testcase>
</testsuite>
