<?xml version="1.0" encoding="UTF-8"?>
<testsuite name="test_params_def.TestParamsDef-20220617122750" tests="1" file="test_params_def.py" time="0.001" timestamp="2022-06-17T12:27:50" failures="0" errors="0" skipped="0">
	<testcase classname="test_params_def.TestParamsDef" name="test_params_def" time="0.001" timestamp="2022-06-17T12:27:50" file="spec/python/test_params_def.py" line="7"/>
</testsuite>
