<?xml version="1.0" encoding="UTF-8"?>
<testsuite name="test_enum_1.TestEnum1-20230719210256" tests="1" file="test_enum_1.py" time="0.001" timestamp="2023-07-19T21:02:56" failures="0" errors="0" skipped="0">
	<testcase classname="test_enum_1.TestEnum1" name="test_enum_1" time="0.001" timestamp="2023-07-19T21:02:56" file="spec/python/test_enum_1.py" line="8"/>
</testsuite>
