<?xml version="1.0" encoding="UTF-8"?>
<testsuite errors="0" failures="0" name="test_nav_parent3.TestNavParent3-20181225021408" skipped="0" tests="1" time="0.000" timestamp="2018-12-25T02:14:08">
	<testcase classname="test_nav_parent3.TestNavParent3" name="test_nav_parent3" time="0.000" timestamp="2018-12-25T02:14:08"/>
	<system-out>
<![CDATA[]]>	</system-out>
	<system-err>
<![CDATA[]]>	</system-err>
</testsuite>
