<?xml version="1.0" encoding="UTF-8"?>
<testsuite errors="0" failures="0" file="test_bcd_user_type_be.py" name="test_bcd_user_type_be.TestBcdUserTypeBe-20220318130426" skipped="0" tests="1" time="0.006" timestamp="2022-03-18T13:04:26">
	<testcase classname="test_bcd_user_type_be.TestBcdUserTypeBe" file="spec/python/test_bcd_user_type_be.py" line="8" name="test_bcd_user_type_be" time="0.006" timestamp="2022-03-18T13:04:26">
		<system-out>
<![CDATA[]]>		</system-out>
		<system-err>
<![CDATA[]]>		</system-err>
	</testcase>
</testsuite>
