<?xml version="1.0" encoding="UTF-8"?>
<testsuite name="test_zlib_surrounded.TestZlibSurrounded-20200812084235" tests="1" file="test_zlib_surrounded.py" time="0.001" timestamp="2020-08-12T08:42:35" failures="0" errors="0" skipped="0">
	<testcase classname="test_zlib_surrounded.TestZlibSurrounded" name="test_zlib_surrounded" time="0.001" timestamp="2020-08-12T08:42:35" file="spec/python/test_zlib_surrounded.py" line="8">
		<system-out><![CDATA[]]></system-out>
		<system-err><![CDATA[]]></system-err>
	</testcase>
</testsuite>
