<?xml version="1.0" encoding="UTF-8"?>
<testsuite name="test_str_encodings.TestStrEncodings-20210403173646" tests="1" file="test_str_encodings.py" time="0.002" timestamp="2021-04-03T17:36:46" failures="0" errors="0" skipped="0">
	<testcase classname="test_str_encodings.TestStrEncodings" name="test_str_encodings" time="0.002" timestamp="2021-04-03T17:36:46" file="spec/python/test_str_encodings.py" line="8"/>
</testsuite>
