<?xml version="1.0" encoding="UTF-8"?>
<testsuite name="test_expr_sizeof_type_1.TestExprSizeofType1-20230705112218" tests="1" file="test_expr_sizeof_type_1.py" time="0.000" timestamp="2023-07-05T11:22:18" failures="0" errors="0" skipped="0">
	<testcase classname="test_expr_sizeof_type_1.TestExprSizeofType1" name="test_expr_sizeof_type_1" time="0.000" timestamp="2023-07-05T11:22:18" file="spec/python/test_expr_sizeof_type_1.py" line="8"/>
</testsuite>
