<?xml version="1.0" encoding="UTF-8"?>
<testsuite errors="0" failures="0" file="test_valid_fail_range_str.py" name="test_valid_fail_range_str.TestValidFailRangeStr-20220318130426" skipped="0" tests="1" time="0.001" timestamp="2022-03-18T13:04:26">
	<testcase classname="test_valid_fail_range_str.TestValidFailRangeStr" file="spec/python/test_valid_fail_range_str.py" line="9" name="test_valid_fail_range_str" time="0.001" timestamp="2022-03-18T13:04:26">
		<system-out>
<![CDATA[]]>		</system-out>
		<system-err>
<![CDATA[]]>		</system-err>
	</testcase>
</testsuite>
