<?xml version="1.0" encoding="UTF-8"?>
<testsuite name="test_bits_simple_le.TestBitsSimpleLe-20220409012346" tests="1" file="test_bits_simple_le.py" time="0.001" timestamp="2022-04-09T01:23:46" failures="0" errors="0" skipped="0">
	<testcase classname="test_bits_simple_le.TestBitsSimpleLe" name="test_bits_simple_le" time="0.001" timestamp="2022-04-09T01:23:46" file="spec/python/test_bits_simple_le.py" line="8"/>
</testsuite>
