<?xml version="1.0" encoding="UTF-8"?>
<testsuite name="test_switch_manual_int_size_eos.TestSwitchManualIntSizeEos-20220728094509" tests="1" file="test_switch_manual_int_size_eos.py" time="0.001" timestamp="2022-07-28T09:45:09" failures="0" errors="0" skipped="0">
	<testcase classname="test_switch_manual_int_size_eos.TestSwitchManualIntSizeEos" name="test_switch_manual_int_size_eos" time="0.001" timestamp="2022-07-28T09:45:09" file="spec/python/test_switch_manual_int_size_eos.py" line="8"/>
</testsuite>
