<?xml version="1.0" encoding="UTF-8"?>
<testsuite errors="0" failures="0" name="test_switch_manual_int_size_eos.TestSwitchManualIntSizeEos-20181108222354" skipped="0" tests="1" time="0.000" timestamp="2018-11-08T22:23:54">
	<testcase classname="test_switch_manual_int_size_eos.TestSwitchManualIntSizeEos" name="test_switch_manual_int_size_eos" time="0.000" timestamp="2018-11-08T22:23:54"/>
	<system-out>
<![CDATA[]]>	</system-out>
	<system-err>
<![CDATA[]]>	</system-err>
</testsuite>
