<?xml version="1.0" encoding="UTF-8"?>
<testsuite errors="0" failures="0" file="test_enum_if.py" name="test_enum_if.TestEnumIf-20190426042758" skipped="0" tests="1" time="0.001" timestamp="2019-04-26T04:27:58">
	<testcase classname="test_enum_if.TestEnumIf" file="spec/python/test_enum_if.py" line="8" name="test_enum_if" time="0.001" timestamp="2019-04-26T04:27:58">
		<system-out>
<![CDATA[]]>		</system-out>
		<system-err>
<![CDATA[]]>		</system-err>
	</testcase>
</testsuite>
