<?xml version="1.0" encoding="UTF-8"?>
<testsuite name="test_params_pass_array_str.TestParamsPassArrayStr-20210701222606" tests="1" file="test_params_pass_array_str.py" time="0.001" timestamp="2021-07-01T22:26:06" failures="0" errors="0" skipped="0">
	<testcase classname="test_params_pass_array_str.TestParamsPassArrayStr" name="test_params_pass_array_str" time="0.001" timestamp="2021-07-01T22:26:06" file="spec/python/test_params_pass_array_str.py" line="8"/>
</testsuite>
