<?xml version="1.0" encoding="UTF-8"?>
<testsuite errors="0" failures="0" name="test_bits_enum.TestBitsEnum-20170712084311" skipped="0" tests="1" time="0.000">
	<testcase classname="test_bits_enum.TestBitsEnum" name="test_bits_enum" time="0.000"/>
	<system-out>
<![CDATA[]]>	</system-out>
	<system-err>
<![CDATA[]]>	</system-err>
</testsuite>
