<?xml version="1.0" encoding="UTF-8"?>
<testsuite errors="0" failures="0" file="test_switch_else_only.py" name="test_switch_else_only.TestSwitchElseOnly-20220415203235" skipped="0" tests="1" time="0.001" timestamp="2022-04-15T20:32:35">
	<testcase classname="test_switch_else_only.TestSwitchElseOnly" file="spec/python/test_switch_else_only.py" line="8" name="test_switch_else_only" time="0.001" timestamp="2022-04-15T20:32:35">
		<system-out>
<![CDATA[]]>		</system-out>
		<system-err>
<![CDATA[]]>		</system-err>
	</testcase>
</testsuite>
