<?xml version="1.0" encoding="UTF-8"?>
<testsuite errors="0" failures="0" file="test_enum_long_range_u.py" name="test_enum_long_range_u.TestEnumLongRangeU-20200308213440" skipped="0" tests="1" time="0.000" timestamp="2020-03-08T21:34:40">
	<testcase classname="test_enum_long_range_u.TestEnumLongRangeU" file="spec/python/test_enum_long_range_u.py" line="8" name="test_enum_long_range_u" time="0.000" timestamp="2020-03-08T21:34:40">
		<system-out>
<![CDATA[]]>		</system-out>
		<system-err>
<![CDATA[]]>		</system-err>
	</testcase>
</testsuite>
