<?xml version="1.0" encoding="UTF-8"?>
<testsuite errors="0" failures="0" name="test_cast_to_imported.TestCastToImported-20190312022234" skipped="0" tests="1" time="0.001" timestamp="2019-03-12T02:22:34">
	<testcase classname="test_cast_to_imported.TestCastToImported" name="test_cast_to_imported" time="0.001" timestamp="2019-03-12T02:22:34"/>
	<system-out>
<![CDATA[]]>	</system-out>
	<system-err>
<![CDATA[]]>	</system-err>
</testsuite>
