<?xml version="1.0" encoding="UTF-8"?>
<testsuite errors="0" failures="0" file="test_valid_not_parsed_if.py" name="test_valid_not_parsed_if.TestValidNotParsedIf-20230714185245" skipped="0" tests="1" time="0.000" timestamp="2023-07-14T18:52:45">
	<testcase classname="test_valid_not_parsed_if.TestValidNotParsedIf" file="spec/python/test_valid_not_parsed_if.py" line="8" name="test_valid_not_parsed_if" time="0.000" timestamp="2023-07-14T18:52:45">
		<system-out>
<![CDATA[]]>		</system-out>
		<system-err>
<![CDATA[]]>		</system-err>
	</testcase>
</testsuite>
