<?xml version="1.0" encoding="UTF-8"?>
<testsuite errors="0" failures="0" file="test_process_xor_value.py" name="test_process_xor_value.TestProcessXorValue-20191103114841" skipped="0" tests="1" time="0.001" timestamp="2019-11-03T11:48:41">
	<testcase classname="test_process_xor_value.TestProcessXorValue" file="spec/python/test_process_xor_value.py" line="8" name="test_process_xor_value" time="0.001" timestamp="2019-11-03T11:48:41">
		<system-out>
<![CDATA[]]>		</system-out>
		<system-err>
<![CDATA[]]>		</system-err>
	</testcase>
</testsuite>
