<?xml version="1.0" encoding="UTF-8"?>
<testsuite errors="0" failures="0" name="test_nested_same_name2.TestNestedSameName2-20190312022234" skipped="0" tests="1" time="0.000" timestamp="2019-03-12T02:22:34">
	<testcase classname="test_nested_same_name2.TestNestedSameName2" name="test_nested_same_name2" time="0.000" timestamp="2019-03-12T02:22:34"/>
	<system-out>
<![CDATA[]]>	</system-out>
	<system-err>
<![CDATA[]]>	</system-err>
</testsuite>
