<?xml version="1.0" encoding="UTF-8"?>
<testsuite name="test_repeat_until_calc_array_type.TestRepeatUntilCalcArrayType-20230628194105" tests="1" file="test_repeat_until_calc_array_type.py" time="0.001" timestamp="2023-06-28T19:41:05" failures="0" errors="0" skipped="0">
	<testcase classname="test_repeat_until_calc_array_type.TestRepeatUntilCalcArrayType" name="test_repeat_until_calc_array_type" time="0.001" timestamp="2023-06-28T19:41:05" file="spec/python/test_repeat_until_calc_array_type.py" line="8"/>
</testsuite>
