<?xml version="1.0" encoding="UTF-8"?>
<testsuite errors="0" failures="0" file="test_valid_fail_eq_int.py" name="test_valid_fail_eq_int.TestValidFailEqInt-20191209194216" skipped="0" tests="1" time="0.001" timestamp="2019-12-09T19:42:16">
	<testcase classname="test_valid_fail_eq_int.TestValidFailEqInt" file="spec/python/test_valid_fail_eq_int.py" line="9" name="test_valid_fail_eq_int" time="0.001" timestamp="2019-12-09T19:42:16">
		<system-out>
<![CDATA[]]>		</system-out>
		<system-err>
<![CDATA[]]>		</system-err>
	</testcase>
</testsuite>
