<?xml version="1.0" encoding="UTF-8"?>
<testsuite errors="0" failures="0" name="test_cast_nested.TestCastNested-20180708015745" skipped="0" tests="1" time="0.001" timestamp="2018-07-08T01:57:45">
	<testcase classname="test_cast_nested.TestCastNested" name="test_cast_nested" time="0.001" timestamp="2018-07-08T01:57:45"/>
	<system-out>
<![CDATA[]]>	</system-out>
	<system-err>
<![CDATA[]]>	</system-err>
</testsuite>
