<?xml version="1.0" encoding="UTF-8"?>
<testsuite errors="0" failures="0" name="test_cast_to_imported.TestCastToImported-20170823191233" skipped="0" tests="1" time="0.000">
	<testcase classname="test_cast_to_imported.TestCastToImported" name="test_cast_to_imported" time="0.000"/>
	<system-out>
<![CDATA[]]>	</system-out>
	<system-err>
<![CDATA[]]>	</system-err>
</testsuite>
