<?xml version="1.0" encoding="UTF-8"?>
<testsuite name="test_js_signed_right_shift.TestJsSignedRightShift-20220728094509" tests="1" file="test_js_signed_right_shift.py" time="0.000" timestamp="2022-07-28T09:45:09" failures="0" errors="0" skipped="0">
	<testcase classname="test_js_signed_right_shift.TestJsSignedRightShift" name="test_js_signed_right_shift" time="0.000" timestamp="2022-07-28T09:45:09" file="spec/python/test_js_signed_right_shift.py" line="8"/>
</testsuite>
