<?xml version="1.0" encoding="UTF-8"?>
<testsuite errors="0" failures="0" file="test_optional_id.py" name="test_optional_id.TestOptionalId-20200331091217" skipped="0" tests="1" time="0.001" timestamp="2020-03-31T09:12:17">
	<testcase classname="test_optional_id.TestOptionalId" file="spec/python/test_optional_id.py" line="6" name="test_optional_id" time="0.001" timestamp="2020-03-31T09:12:17">
		<system-out>
<![CDATA[]]>		</system-out>
		<system-err>
<![CDATA[]]>		</system-err>
	</testcase>
</testsuite>
