<?xml version="1.0" encoding="UTF-8"?>
<testsuite errors="0" failures="0" file="test_repeat_eos_struct.py" name="test_repeat_eos_struct.TestRepeatEosStruct-20200628162404" skipped="0" tests="1" time="0.000" timestamp="2020-06-28T16:24:04">
	<testcase classname="test_repeat_eos_struct.TestRepeatEosStruct" file="spec/python/test_repeat_eos_struct.py" line="8" name="test_repeat_eos_struct" time="0.000" timestamp="2020-06-28T16:24:04">
		<system-out>
<![CDATA[]]>		</system-out>
		<system-err>
<![CDATA[]]>		</system-err>
	</testcase>
</testsuite>
