<?xml version="1.0" encoding="UTF-8"?>
<testsuite name="test_default_endian_expr_is_le.TestDefaultEndianExprIsLe-20200330150413" tests="1" file="test_default_endian_expr_is_le.py" time="0.001" timestamp="2020-03-30T15:04:13" failures="0" errors="0" skipped="0">
	<testcase classname="test_default_endian_expr_is_le.TestDefaultEndianExprIsLe" name="test_default_endian_expr_is_le" time="0.001" timestamp="2020-03-30T15:04:13" file="spec/python/test_default_endian_expr_is_le.py" line="8">
		<system-out><![CDATA[]]></system-out>
		<system-err><![CDATA[]]></system-err>
	</testcase>
</testsuite>
