<?xml version="1.0" encoding="UTF-8"?>
<testsuite name="test_eos_exception_bytes.TestEosExceptionBytes-20230721160010" tests="1" file="test_eos_exception_bytes.py" time="0.000" timestamp="2023-07-21T16:00:10" failures="0" errors="0" skipped="0">
	<testcase classname="test_eos_exception_bytes.TestEosExceptionBytes" name="test_eos_exception_bytes" time="0.000" timestamp="2023-07-21T16:00:10" file="spec/python/test_eos_exception_bytes.py" line="7"/>
</testsuite>
