<?xml version="1.0" encoding="UTF-8"?>
<testsuite errors="0" failures="0" file="test_eos_exception_u4.py" name="test_eos_exception_u4.TestEosExceptionU4-20200315143424" skipped="0" tests="1" time="0.001" timestamp="2020-03-15T14:34:24">
	<testcase classname="test_eos_exception_u4.TestEosExceptionU4" file="spec/python/test_eos_exception_u4.py" line="9" name="test_eos_exception_u4" time="0.001" timestamp="2020-03-15T14:34:24">
		<system-out>
<![CDATA[]]>		</system-out>
		<system-err>
<![CDATA[]]>		</system-err>
	</testcase>
</testsuite>
