<?xml version="1.0" encoding="UTF-8"?>
<testsuite errors="0" failures="0" name="test_nav_parent_override.TestNavParentOverride-20190304172725" skipped="0" tests="1" time="0.001" timestamp="2019-03-04T17:27:25">
	<testcase classname="test_nav_parent_override.TestNavParentOverride" name="test_nav_parent_override" time="0.001" timestamp="2019-03-04T17:27:25"/>
	<system-out>
<![CDATA[]]>	</system-out>
	<system-err>
<![CDATA[]]>	</system-err>
</testsuite>
