<?xml version="1.0" encoding="UTF-8"?>
<testsuite name="test_switch_repeat_expr_invalid.TestSwitchRepeatExprInvalid-20220205182945" tests="1" file="test_switch_repeat_expr_invalid.py" time="0.001" timestamp="2022-02-05T18:29:46" failures="0" errors="0" skipped="0">
	<testcase classname="test_switch_repeat_expr_invalid.TestSwitchRepeatExprInvalid" name="test_switch_repeat_expr_invalid" time="0.001" timestamp="2022-02-05T18:29:46" file="spec/python/test_switch_repeat_expr_invalid.py" line="8"/>
</testsuite>
