<?xml version="1.0" encoding="UTF-8"?>
<testsuite errors="0" failures="0" file="test_floating_points.py" name="test_floating_points.TestFloatingPoints-20190320081957" skipped="0" tests="1" time="0.001" timestamp="2019-03-20T08:19:58">
	<testcase classname="test_floating_points.TestFloatingPoints" file="spec/python/test_floating_points.py" line="6" name="test_floating_points" time="0.001" timestamp="2019-03-20T08:19:58"/>
</testsuite>
