<?xml version="1.0" encoding="UTF-8"?>
<testsuite name="test_process_xor_const.TestProcessXorConst-20230719211233" tests="1" file="test_process_xor_const.py" time="0.000" timestamp="2023-07-19T21:12:33" failures="0" errors="0" skipped="0">
	<testcase classname="test_process_xor_const.TestProcessXorConst" name="test_process_xor_const" time="0.000" timestamp="2023-07-19T21:12:33" file="spec/python/test_process_xor_const.py" line="8"/>
</testsuite>
