<?xml version="1.0" encoding="UTF-8"?>
<testsuite name="test_expr_2.TestExpr2" tests="1" file="test_expr_2.py" time="0.001" timestamp="2023-07-28T14:35:40" failures="0" errors="0" skipped="0">
	<testcase classname="test_expr_2.TestExpr2" name="test_expr_2" time="0.001" timestamp="2023-07-28T14:35:40" file="spec/python/test_expr_2.py" line="8"/>
</testsuite>
