<?xml version="1.0" encoding="UTF-8"?>
<testsuite errors="0" failures="0" file="test_if_instances.py" name="test_if_instances.TestIfInstances-20190401221732" skipped="0" tests="1" time="0.002" timestamp="2019-04-01T22:17:32">
	<testcase classname="test_if_instances.TestIfInstances" file="spec/python/test_if_instances.py" line="6" name="test_if_instances" time="0.002" timestamp="2019-04-01T22:17:32">
		<system-out>
<![CDATA[]]>		</system-out>
		<system-err>
<![CDATA[]]>		</system-err>
	</testcase>
</testsuite>
