<?xml version="1.0" encoding="UTF-8"?>
<testsuite name="test_bits_signed_shift_b64_le.TestBitsSignedShiftB64Le-20230721073730" tests="1" file="test_bits_signed_shift_b64_le.py" time="0.000" timestamp="2023-07-21T07:37:30" failures="0" errors="0" skipped="0">
	<testcase classname="test_bits_signed_shift_b64_le.TestBitsSignedShiftB64Le" name="test_bits_signed_shift_b64_le" time="0.000" timestamp="2023-07-21T07:37:30" file="spec/python/test_bits_signed_shift_b64_le.py" line="8"/>
</testsuite>
