<?xml version="1.0" encoding="UTF-8"?>
<testsuite name="test_bits_shift_by_b64_le.TestBitsShiftByB64Le-20230705161400" tests="1" file="test_bits_shift_by_b64_le.py" time="0.000" timestamp="2023-07-05T16:14:00" failures="0" errors="0" skipped="0">
	<testcase classname="test_bits_shift_by_b64_le.TestBitsShiftByB64Le" name="test_bits_shift_by_b64_le" time="0.000" timestamp="2023-07-05T16:14:00" file="spec/python/test_bits_shift_by_b64_le.py" line="8"/>
</testsuite>
