<?xml version="1.0" encoding="UTF-8"?>
<testsuite name="test_docstrings.TestDocstrings-20210701222606" tests="1" file="test_docstrings.py" time="0.000" timestamp="2021-07-01T22:26:06" failures="0" errors="0" skipped="0">
	<testcase classname="test_docstrings.TestDocstrings" name="test_docstrings" time="0.000" timestamp="2021-07-01T22:26:06" file="spec/python/test_docstrings.py" line="8"/>
</testsuite>
