<?xml version="1.0" encoding="UTF-8"?>
<testsuite errors="0" failures="0" file="test_opaque_with_param.py" name="test_opaque_with_param.TestOpaqueWithParam-20200317203018" skipped="0" tests="1" time="0.000" timestamp="2020-03-17T20:30:18">
	<testcase classname="test_opaque_with_param.TestOpaqueWithParam" file="spec/python/test_opaque_with_param.py" line="6" name="test_opaque_with_param" time="0.000" timestamp="2020-03-17T20:30:18">
		<system-out>
<![CDATA[]]>		</system-out>
		<system-err>
<![CDATA[]]>		</system-err>
	</testcase>
</testsuite>
