<?xml version="1.0" encoding="UTF-8"?>
<testsuite errors="0" failures="0" file="test_process_xor4_value.py" name="test_process_xor4_value.TestProcessXor4Value-20190915130428" skipped="0" tests="1" time="0.001" timestamp="2019-09-15T13:04:28">
	<testcase classname="test_process_xor4_value.TestProcessXor4Value" file="spec/python/test_process_xor4_value.py" line="8" name="test_process_xor4_value" time="0.001" timestamp="2019-09-15T13:04:28">
		<system-out>
<![CDATA[]]>		</system-out>
		<system-err>
<![CDATA[]]>		</system-err>
	</testcase>
</testsuite>
