<?xml version="1.0" encoding="UTF-8"?>
<testsuite errors="0" failures="0" file="test_non_standard.py" name="test_non_standard.TestNonStandard-20190318121737" skipped="0" tests="1" time="0.001" timestamp="2019-03-18T12:17:37">
	<testcase classname="test_non_standard.TestNonStandard" file="spec/python/test_non_standard.py" line="8" name="test_non_standard" time="0.001" timestamp="2019-03-18T12:17:37"/>
</testsuite>
