<?xml version="1.0" encoding="UTF-8"?>
<testsuite name="test_eof_exception_u4.TestEofExceptionU4-20201031095923" tests="1" file="test_eof_exception_u4.py" time="0.001" timestamp="2020-10-31T09:59:23" failures="0" errors="0" skipped="0">
	<testcase classname="test_eof_exception_u4.TestEofExceptionU4" name="test_eof_exception_u4" time="0.001" timestamp="2020-10-31T09:59:23" file="spec/python/test_eof_exception_u4.py" line="9"/>
</testsuite>
