<?xml version="1.0" encoding="UTF-8"?>
<testsuite name="test_switch_manual_enum.TestSwitchManualEnum-20230721073730" tests="1" file="test_switch_manual_enum.py" time="0.001" timestamp="2023-07-21T07:37:30" failures="0" errors="0" skipped="0">
	<testcase classname="test_switch_manual_enum.TestSwitchManualEnum" name="test_switch_manual_enum" time="0.001" timestamp="2023-07-21T07:37:30" file="spec/python/test_switch_manual_enum.py" line="8"/>
</testsuite>
