<?xml version="1.0" encoding="UTF-8"?>
<testsuite errors="0" failures="0" name="test_instance_std_array.TestInstanceStdArray-20181029144729" skipped="0" tests="1" time="0.000" timestamp="2018-10-29T14:47:29">
	<testcase classname="test_instance_std_array.TestInstanceStdArray" name="test_instance_std_array" time="0.000" timestamp="2018-10-29T14:47:29"/>
	<system-out>
<![CDATA[]]>	</system-out>
	<system-err>
<![CDATA[]]>	</system-err>
</testsuite>
