<?xml version="1.0" encoding="UTF-8"?>
<testsuite errors="0" failures="0" file="test_valid_fail_range_float.py" name="test_valid_fail_range_float.TestValidFailRangeFloat-20200406202038" skipped="0" tests="1" time="0.000" timestamp="2020-04-06T20:20:38">
	<testcase classname="test_valid_fail_range_float.TestValidFailRangeFloat" file="spec/python/test_valid_fail_range_float.py" line="9" name="test_valid_fail_range_float" time="0.000" timestamp="2020-04-06T20:20:38">
		<system-out>
<![CDATA[]]>		</system-out>
		<system-err>
<![CDATA[]]>		</system-err>
	</testcase>
</testsuite>
