<?xml version="1.0" encoding="UTF-8"?>
<testsuite errors="0" failures="0" file="test_enum_for_unknown_id.py" name="test_enum_for_unknown_id.TestEnumForUnknownId-20191007045844" skipped="0" tests="1" time="0.000" timestamp="2019-10-07T04:58:44">
	<testcase classname="test_enum_for_unknown_id.TestEnumForUnknownId" file="spec/python/test_enum_for_unknown_id.py" line="6" name="test_enum_for_unknown_id" time="0.000" timestamp="2019-10-07T04:58:44">
		<system-out>
<![CDATA[]]>		</system-out>
		<system-err>
<![CDATA[]]>		</system-err>
	</testcase>
</testsuite>
