<?xml version="1.0" encoding="UTF-8"?>
<testsuite name="test_params_pass_array_struct.TestParamsPassArrayStruct-20230719145833" tests="1" file="test_params_pass_array_struct.py" time="0.000" timestamp="2023-07-19T14:58:33" failures="0" errors="0" skipped="0">
	<testcase classname="test_params_pass_array_struct.TestParamsPassArrayStruct" name="test_params_pass_array_struct" time="0.000" timestamp="2023-07-19T14:58:33" file="spec/python/test_params_pass_array_struct.py" line="8"/>
</testsuite>
