<?xml version="1.0" encoding="UTF-8"?>
<testsuite errors="0" failures="0" file="test_repeat_until_complex.py" name="test_repeat_until_complex.TestRepeatUntilComplex-20200524215605" skipped="0" tests="1" time="0.002" timestamp="2020-05-24T21:56:05">
	<testcase classname="test_repeat_until_complex.TestRepeatUntilComplex" file="spec/python/test_repeat_until_complex.py" line="8" name="test_repeat_until_complex" time="0.002" timestamp="2020-05-24T21:56:05">
		<system-out>
<![CDATA[]]>		</system-out>
		<system-err>
<![CDATA[]]>		</system-err>
	</testcase>
</testsuite>
