<?xml version="1.0" encoding="UTF-8"?>
<testsuite name="test_process_coerce_usertype1.TestProcessCoerceUsertype1-20230719115236" tests="1" file="test_process_coerce_usertype1.py" time="0.001" timestamp="2023-07-19T11:52:36" failures="0" errors="0" skipped="0">
	<testcase classname="test_process_coerce_usertype1.TestProcessCoerceUsertype1" name="test_process_coerce_usertype1" time="0.001" timestamp="2023-07-19T11:52:36" file="spec/python/test_process_coerce_usertype1.py" line="8"/>
</testsuite>
