<?xml version="1.0" encoding="UTF-8"?>
<testsuite name="test_process_custom.TestProcessCustom-20200211093550" tests="1" file="test_process_custom.py" time="0.001" timestamp="2020-02-11T09:35:50" failures="0" errors="0" skipped="0">
	<testcase classname="test_process_custom.TestProcessCustom" name="test_process_custom" time="0.001" timestamp="2020-02-11T09:35:50" file="spec/python/test_process_custom.py" line="8">
		<system-out><![CDATA[]]></system-out>
		<system-err><![CDATA[]]></system-err>
	</testcase>
</testsuite>
