<?xml version="1.0" encoding="UTF-8"?>
<testsuite name="test_eof_exception_bytes.TestEofExceptionBytes-20230705162050" tests="1" file="test_eof_exception_bytes.py" time="0.001" timestamp="2023-07-05T16:20:50" failures="0" errors="0" skipped="0">
	<testcase classname="test_eof_exception_bytes.TestEofExceptionBytes" name="test_eof_exception_bytes" time="0.001" timestamp="2023-07-05T16:20:50" file="spec/python/test_eof_exception_bytes.py" line="7"/>
</testsuite>
