<?xml version="1.0" encoding="UTF-8"?>
<testsuite name="test_bits_unaligned_b32_be.TestBitsUnalignedB32Be-20220319214317" tests="1" file="test_bits_unaligned_b32_be.py" time="0.001" timestamp="2022-03-19T21:43:17" failures="0" errors="0" skipped="0">
	<testcase classname="test_bits_unaligned_b32_be.TestBitsUnalignedB32Be" name="test_bits_unaligned_b32_be" time="0.001" timestamp="2022-03-19T21:43:17" file="spec/python/test_bits_unaligned_b32_be.py" line="8"/>
</testsuite>
