<?xml version="1.0" encoding="UTF-8"?>
<testsuite name="test_switch_manual_int_size_else.TestSwitchManualIntSizeElse-20230719152410" tests="1" file="test_switch_manual_int_size_else.py" time="0.001" timestamp="2023-07-19T15:24:10" failures="0" errors="0" skipped="0">
	<testcase classname="test_switch_manual_int_size_else.TestSwitchManualIntSizeElse" name="test_switch_manual_int_size_else" time="0.001" timestamp="2023-07-19T15:24:10" file="spec/python/test_switch_manual_int_size_else.py" line="8"/>
</testsuite>
