<?xml version="1.0" encoding="UTF-8"?>
<testsuite errors="0" failures="0" file="test_instance_user_array.py" name="test_instance_user_array.TestInstanceUserArray-20190318121740" skipped="0" tests="1" time="0.002" timestamp="2019-03-18T12:17:40">
	<testcase classname="test_instance_user_array.TestInstanceUserArray" file="spec/python/test_instance_user_array.py" line="8" name="test_instance_user_array" time="0.002" timestamp="2019-03-18T12:17:40"/>
</testsuite>
