<?xml version="1.0" encoding="UTF-8"?>
<testsuite errors="0" failures="0" file="test_switch_multi_bool_ops.py" name="test_switch_multi_bool_ops.TestSwitchMultiBoolOps-20190329030307" skipped="0" tests="1" time="0.002" timestamp="2019-03-29T03:03:07">
	<testcase classname="test_switch_multi_bool_ops.TestSwitchMultiBoolOps" file="spec/python/test_switch_multi_bool_ops.py" line="6" name="test_switch_multi_bool_ops" time="0.002" timestamp="2019-03-29T03:03:07">
		<system-out>
<![CDATA[]]>		</system-out>
		<system-err>
<![CDATA[]]>		</system-err>
	</testcase>
</testsuite>
