<?xml version="1.0" encoding="UTF-8"?>
<testsuite errors="0" failures="0" file="test_switch_manual_enum_invalid.py" name="test_switch_manual_enum_invalid.TestSwitchManualEnumInvalid-20190923144111" skipped="0" tests="1" time="0.001" timestamp="2019-09-23T14:41:11">
	<testcase classname="test_switch_manual_enum_invalid.TestSwitchManualEnumInvalid" file="spec/python/test_switch_manual_enum_invalid.py" line="6" name="test_switch_manual_enum_invalid" time="0.001" timestamp="2019-09-23T14:41:11">
		<system-out>
<![CDATA[]]>		</system-out>
		<system-err>
<![CDATA[]]>		</system-err>
	</testcase>
</testsuite>
