<?xml version="1.0" encoding="UTF-8"?>
<testsuite name="test_if_values.TestIfValues-20220728001417" tests="1" file="test_if_values.py" time="0.001" timestamp="2022-07-28T00:14:17" failures="0" errors="0" skipped="0">
	<testcase classname="test_if_values.TestIfValues" name="test_if_values" time="0.001" timestamp="2022-07-28T00:14:17" file="spec/python/test_if_values.py" line="8"/>
</testsuite>
