<?xml version="1.0" encoding="UTF-8"?>
<testsuite errors="0" failures="0" file="test_cast_to_imported.py" name="test_cast_to_imported.TestCastToImported-20220617122619" skipped="0" tests="1" time="0.000" timestamp="2022-06-17T12:26:19">
	<testcase classname="test_cast_to_imported.TestCastToImported" file="spec/python/test_cast_to_imported.py" line="8" name="test_cast_to_imported" time="0.000" timestamp="2022-06-17T12:26:19">
		<system-out>
<![CDATA[]]>		</system-out>
		<system-err>
<![CDATA[]]>		</system-err>
	</testcase>
</testsuite>
