<?xml version="1.0" encoding="UTF-8"?>
<testsuite errors="0" failures="0" file="test_process_xor4_value.py" name="test_process_xor4_value.TestProcessXor4Value-20201031095751" skipped="0" tests="1" time="0.000" timestamp="2020-10-31T09:57:52">
	<testcase classname="test_process_xor4_value.TestProcessXor4Value" file="spec/python/test_process_xor4_value.py" line="8" name="test_process_xor4_value" time="0.000" timestamp="2020-10-31T09:57:52">
		<system-out>
<![CDATA[]]>		</system-out>
		<system-err>
<![CDATA[]]>		</system-err>
	</testcase>
</testsuite>
