<?xml version="1.0" encoding="UTF-8"?>
<testsuite errors="0" failures="0" file="test_enum_long_range_s.py" name="test_enum_long_range_s.TestEnumLongRangeS" skipped="0" tests="1" time="0.003" timestamp="2023-07-23T22:33:28">
	<testcase classname="test_enum_long_range_s.TestEnumLongRangeS" file="spec/python/test_enum_long_range_s.py" line="8" name="test_enum_long_range_s" time="0.003" timestamp="2023-07-23T22:33:28">
		<system-out>
<![CDATA[]]>		</system-out>
		<system-err>
<![CDATA[]]>		</system-err>
	</testcase>
</testsuite>
