<?xml version="1.0" encoding="UTF-8"?>
<testsuite errors="0" failures="0" file="test_float_to_i.py" name="test_float_to_i.TestFloatToI-20190318121740" skipped="0" tests="1" time="0.001" timestamp="2019-03-18T12:17:40">
	<testcase classname="test_float_to_i.TestFloatToI" file="spec/python/test_float_to_i.py" line="8" name="test_float_to_i" time="0.001" timestamp="2019-03-18T12:17:40"/>
</testsuite>
