<?xml version="1.0" encoding="UTF-8"?>
<testsuite errors="0" failures="0" name="test_imports_rel_1.TestImportsRel1-20190304112752" skipped="0" tests="1" time="0.000" timestamp="2019-03-04T11:27:52">
	<testcase classname="test_imports_rel_1.TestImportsRel1" name="test_imports_rel_1" time="0.000" timestamp="2019-03-04T11:27:52"/>
	<system-out>
<![CDATA[]]>	</system-out>
	<system-err>
<![CDATA[]]>	</system-err>
</testsuite>
