<?xml version="1.0" encoding="UTF-8"?>
<testsuite errors="0" failures="0" file="test_enum_of_value_inst.py" name="test_enum_of_value_inst.TestEnumOfValueInst-20190722080849" skipped="0" tests="1" time="0.001" timestamp="2019-07-22T08:08:49">
	<testcase classname="test_enum_of_value_inst.TestEnumOfValueInst" file="spec/python/test_enum_of_value_inst.py" line="8" name="test_enum_of_value_inst" time="0.001" timestamp="2019-07-22T08:08:49">
		<system-out>
<![CDATA[]]>		</system-out>
		<system-err>
<![CDATA[]]>		</system-err>
	</testcase>
</testsuite>
