<?xml version="1.0" encoding="UTF-8"?>
<testsuite name="test_docstrings_docref.TestDocstringsDocref-20230627090127" tests="1" file="test_docstrings_docref.py" time="0.001" timestamp="2023-06-27T09:01:27" failures="0" errors="0" skipped="0">
	<testcase classname="test_docstrings_docref.TestDocstringsDocref" name="test_docstrings_docref" time="0.001" timestamp="2023-06-27T09:01:27" file="spec/python/test_docstrings_docref.py" line="8"/>
</testsuite>
