<?xml version="1.0" encoding="UTF-8"?>
<testsuite errors="0" failures="0" file="test_nav_parent_false2.py" name="test_nav_parent_false2.TestNavParentFalse2-20220409012317" skipped="0" tests="1" time="0.001" timestamp="2022-04-09T01:23:17">
	<testcase classname="test_nav_parent_false2.TestNavParentFalse2" file="spec/python/test_nav_parent_false2.py" line="8" name="test_nav_parent_false2" time="0.001" timestamp="2022-04-09T01:23:17">
		<system-out>
<![CDATA[]]>		</system-out>
		<system-err>
<![CDATA[]]>		</system-err>
	</testcase>
</testsuite>
