<?xml version="1.0" encoding="UTF-8"?>
<testsuite name="test_debug_0.TestDebug0-20220210221125" tests="1" file="test_debug_0.py" time="0.001" timestamp="2022-02-10T22:11:25" failures="0" errors="0" skipped="0">
	<testcase classname="test_debug_0.TestDebug0" name="test_debug_0" time="0.001" timestamp="2022-02-10T22:11:25" file="spec/python/test_debug_0.py" line="6"/>
</testsuite>
