<?xml version="1.0" encoding="UTF-8"?>
<testsuite name="test_enum_fancy.TestEnumFancy-20230628163734" tests="1" file="test_enum_fancy.py" time="0.001" timestamp="2023-06-28T16:37:34" failures="0" errors="0" skipped="0">
	<testcase classname="test_enum_fancy.TestEnumFancy" name="test_enum_fancy" time="0.001" timestamp="2023-06-28T16:37:34" file="spec/python/test_enum_fancy.py" line="8"/>
</testsuite>
