<?xml version="1.0" encoding="UTF-8"?>
<testsuite name="test_enum_invalid.TestEnumInvalid-20220319214317" tests="1" file="test_enum_invalid.py" time="0.000" timestamp="2022-03-19T21:43:17" failures="0" errors="0" skipped="0">
	<testcase classname="test_enum_invalid.TestEnumInvalid" name="test_enum_invalid" time="0.000" timestamp="2022-03-19T21:43:17" file="spec/python/test_enum_invalid.py" line="8"/>
</testsuite>
