<?xml version="1.0" encoding="UTF-8"?>
<testsuite name="test_bits_simple.TestBitsSimple-20211106162901" tests="1" file="test_bits_simple.py" time="0.001" timestamp="2021-11-06T16:29:01" failures="0" errors="0" skipped="0">
	<testcase classname="test_bits_simple.TestBitsSimple" name="test_bits_simple" time="0.001" timestamp="2021-11-06T16:29:01" file="spec/python/test_bits_simple.py" line="8"/>
</testsuite>
