<?xml version="1.0" encoding="UTF-8"?>
<testsuite errors="0" failures="0" name="test_instance_io_user.TestInstanceIoUser-20180408212845" skipped="0" tests="1" time="0.000" timestamp="2018-04-08T21:28:45">
	<testcase classname="test_instance_io_user.TestInstanceIoUser" name="test_instance_io_user" time="0.000" timestamp="2018-04-08T21:28:45"/>
	<system-out>
<![CDATA[]]>	</system-out>
	<system-err>
<![CDATA[]]>	</system-err>
</testsuite>
