<?xml version="1.0" encoding="UTF-8"?>
<testsuite errors="0" failures="0" file="test_valid_fail_range_float.py" name="test_valid_fail_range_float.TestValidFailRangeFloat-20230628194644" skipped="0" tests="1" time="0.001" timestamp="2023-06-28T19:46:44">
	<testcase classname="test_valid_fail_range_float.TestValidFailRangeFloat" file="spec/python/test_valid_fail_range_float.py" line="9" name="test_valid_fail_range_float" time="0.001" timestamp="2023-06-28T19:46:44">
		<system-out>
<![CDATA[]]>		</system-out>
		<system-err>
<![CDATA[]]>		</system-err>
	</testcase>
</testsuite>
