<?xml version="1.0" encoding="UTF-8"?>
<testsuite name="test_combine_bool.TestCombineBool-20201031095923" tests="1" file="test_combine_bool.py" time="0.001" timestamp="2020-10-31T09:59:23" failures="0" errors="0" skipped="0">
	<testcase classname="test_combine_bool.TestCombineBool" name="test_combine_bool" time="0.001" timestamp="2020-10-31T09:59:23" file="spec/python/test_combine_bool.py" line="8"/>
</testsuite>
