<?xml version="1.0" encoding="UTF-8"?>
<testsuite name="test_hello_world.TestHelloWorld-20220319214317" tests="1" file="test_hello_world.py" time="0.000" timestamp="2022-03-19T21:43:17" failures="0" errors="0" skipped="0">
	<testcase classname="test_hello_world.TestHelloWorld" name="test_hello_world" time="0.000" timestamp="2022-03-19T21:43:17" file="spec/python/test_hello_world.py" line="8"/>
</testsuite>
