<?xml version="1.0" encoding="UTF-8"?>
<testsuite errors="0" failures="0" file="test_expr_str_encodings.py" name="test_expr_str_encodings.TestExprStrEncodings-20230719150531" skipped="0" tests="1" time="0.001" timestamp="2023-07-19T15:05:31">
	<testcase classname="test_expr_str_encodings.TestExprStrEncodings" file="spec/python/test_expr_str_encodings.py" line="8" name="test_expr_str_encodings" time="0.001" timestamp="2023-07-19T15:05:31">
		<system-out>
<![CDATA[]]>		</system-out>
		<system-err>
<![CDATA[]]>		</system-err>
	</testcase>
</testsuite>
