<?xml version="1.0" encoding="UTF-8"?>
<testsuite name="test_imports_abs_abs.TestImportsAbsAbs-20230627090127" tests="1" file="test_imports_abs_abs.py" time="0.001" timestamp="2023-06-27T09:01:27" failures="0" errors="0" skipped="0">
	<testcase classname="test_imports_abs_abs.TestImportsAbsAbs" name="test_imports_abs_abs" time="0.001" timestamp="2023-06-27T09:01:27" file="spec/python/test_imports_abs_abs.py" line="6"/>
</testsuite>
