<?xml version="1.0" encoding="UTF-8"?>
<testsuite name="test_integers_min_max.TestIntegersMinMax-20230721073730" tests="1" file="test_integers_min_max.py" time="0.002" timestamp="2023-07-21T07:37:30" failures="0" errors="0" skipped="0">
	<testcase classname="test_integers_min_max.TestIntegersMinMax" name="test_integers_min_max" time="0.002" timestamp="2023-07-21T07:37:30" file="spec/python/test_integers_min_max.py" line="8"/>
</testsuite>
