<?xml version="1.0" encoding="UTF-8"?>
<testsuite name="test_enum_for_unknown_id.TestEnumForUnknownId-20201106101801" tests="1" file="test_enum_for_unknown_id.py" time="0.000" timestamp="2020-11-06T10:18:01" failures="0" errors="0" skipped="0">
	<testcase classname="test_enum_for_unknown_id.TestEnumForUnknownId" name="test_enum_for_unknown_id" time="0.000" timestamp="2020-11-06T10:18:01" file="spec/python/test_enum_for_unknown_id.py" line="6"/>
</testsuite>
