<?xml version="1.0" encoding="UTF-8"?>
<testsuite errors="0" failures="0" file="test_enum_long_range_u.py" name="test_enum_long_range_u.TestEnumLongRangeU-20200218165954" skipped="0" tests="1" time="0.001" timestamp="2020-02-18T16:59:54">
	<testcase classname="test_enum_long_range_u.TestEnumLongRangeU" file="spec/python/test_enum_long_range_u.py" line="8" name="test_enum_long_range_u" time="0.001" timestamp="2020-02-18T16:59:54">
		<system-out>
<![CDATA[]]>		</system-out>
		<system-err>
<![CDATA[]]>		</system-err>
	</testcase>
</testsuite>
