<?xml version="1.0" encoding="UTF-8"?>
<testsuite name="test_valid_fail_range_float.TestValidFailRangeFloat-20230706193504" tests="1" file="test_valid_fail_range_float.py" time="0.000" timestamp="2023-07-06T19:35:05" failures="0" errors="0" skipped="0">
	<testcase classname="test_valid_fail_range_float.TestValidFailRangeFloat" name="test_valid_fail_range_float" time="0.000" timestamp="2023-07-06T19:35:05" file="spec/python/test_valid_fail_range_float.py" line="9"/>
</testsuite>
