<?xml version="1.0" encoding="UTF-8"?>
<testsuite name="test_bits_seq_endian_combo.TestBitsSeqEndianCombo-20200817202651" tests="1" file="test_bits_seq_endian_combo.py" time="0.001" timestamp="2020-08-17T20:26:51" failures="0" errors="0" skipped="0">
	<testcase classname="test_bits_seq_endian_combo.TestBitsSeqEndianCombo" name="test_bits_seq_endian_combo" time="0.001" timestamp="2020-08-17T20:26:51" file="spec/python/test_bits_seq_endian_combo.py" line="8">
		<system-out><![CDATA[]]></system-out>
		<system-err><![CDATA[]]></system-err>
	</testcase>
</testsuite>
