<?xml version="1.0" encoding="UTF-8"?>
<testsuite name="test_term_bytes.TestTermBytes-20230721160010" tests="1" file="test_term_bytes.py" time="0.000" timestamp="2023-07-21T16:00:10" failures="0" errors="0" skipped="0">
	<testcase classname="test_term_bytes.TestTermBytes" name="test_term_bytes" time="0.000" timestamp="2023-07-21T16:00:10" file="spec/python/test_term_bytes.py" line="8"/>
</testsuite>
