<?xml version="1.0" encoding="UTF-8"?>
<testsuite name="test_process_xor_value.TestProcessXorValue-20230708130218" tests="1" file="test_process_xor_value.py" time="0.000" timestamp="2023-07-08T13:02:18" failures="0" errors="0" skipped="0">
	<testcase classname="test_process_xor_value.TestProcessXorValue" name="test_process_xor_value" time="0.000" timestamp="2023-07-08T13:02:18" file="spec/python/test_process_xor_value.py" line="8"/>
</testsuite>
