<?xml version="1.0" encoding="UTF-8"?>
<testsuite errors="0" failures="0" file="test_expr_bytes_ops.py" name="test_expr_bytes_ops.TestExprBytesOps-20200824200220" skipped="0" tests="1" time="0.001" timestamp="2020-08-24T20:02:20">
	<testcase classname="test_expr_bytes_ops.TestExprBytesOps" file="spec/python/test_expr_bytes_ops.py" line="8" name="test_expr_bytes_ops" time="0.001" timestamp="2020-08-24T20:02:20">
		<system-out>
<![CDATA[]]>		</system-out>
		<system-err>
<![CDATA[]]>		</system-err>
	</testcase>
</testsuite>
