<?xml version="1.0" encoding="UTF-8"?>
<testsuite name="test_valid_fail_anyof_int.TestValidFailAnyofInt-20200823214753" tests="1" file="test_valid_fail_anyof_int.py" time="0.001" timestamp="2020-08-23T21:47:53" failures="0" errors="0" skipped="0">
	<testcase classname="test_valid_fail_anyof_int.TestValidFailAnyofInt" name="test_valid_fail_anyof_int" time="0.001" timestamp="2020-08-23T21:47:53" file="spec/python/test_valid_fail_anyof_int.py" line="9">
		<system-out><![CDATA[]]></system-out>
		<system-err><![CDATA[]]></system-err>
	</testcase>
</testsuite>
