<?xml version="1.0" encoding="UTF-8"?>
<testsuite errors="0" failures="0" file="test_bits_simple_le.py" name="test_bits_simple_le.TestBitsSimpleLe-20200730230126" skipped="0" tests="1" time="0.001" timestamp="2020-07-30T23:01:26">
	<testcase classname="test_bits_simple_le.TestBitsSimpleLe" file="spec/python/test_bits_simple_le.py" line="8" name="test_bits_simple_le" time="0.001" timestamp="2020-07-30T23:01:26">
		<system-out>
<![CDATA[]]>		</system-out>
		<system-err>
<![CDATA[]]>		</system-err>
	</testcase>
</testsuite>
