<?xml version="1.0" encoding="UTF-8"?>
<testsuite errors="0" failures="0" file="test_expr_bytes_ops.py" name="test_expr_bytes_ops.TestExprBytesOps-20191229123947" skipped="0" tests="1" time="0.001" timestamp="2019-12-29T12:39:47">
	<testcase classname="test_expr_bytes_ops.TestExprBytesOps" file="spec/python/test_expr_bytes_ops.py" line="8" name="test_expr_bytes_ops" time="0.001" timestamp="2019-12-29T12:39:47">
		<system-out>
<![CDATA[]]>		</system-out>
		<system-err>
<![CDATA[]]>		</system-err>
	</testcase>
</testsuite>
