<?xml version="1.0" encoding="UTF-8"?>
<testsuite errors="0" failures="0" file="test_process_rotate.py" name="test_process_rotate.TestProcessRotate-20190321143913" skipped="0" tests="1" time="0.001" timestamp="2019-03-21T14:39:13">
	<testcase classname="test_process_rotate.TestProcessRotate" file="spec/python/test_process_rotate.py" line="8" name="test_process_rotate" time="0.001" timestamp="2019-03-21T14:39:13"/>
</testsuite>
