<?xml version="1.0" encoding="UTF-8"?>
<testsuite errors="0" failures="0" file="test_type_int_unary_op.py" name="test_type_int_unary_op.TestTypeIntUnaryOp-20190317163014" skipped="0" tests="1" time="0.000" timestamp="2019-03-17T16:30:14">
	<testcase classname="test_type_int_unary_op.TestTypeIntUnaryOp" file="spec/python/test_type_int_unary_op.py" line="8" name="test_type_int_unary_op" time="0.000" timestamp="2019-03-17T16:30:14"/>
</testsuite>
