<?xml version="1.0" encoding="UTF-8"?>
<testsuite errors="0" failures="0" name="test_expr_bytes_cmp.TestExprBytesCmp-20180804154519" skipped="0" tests="1" time="0.000" timestamp="2018-08-04T15:45:19">
	<testcase classname="test_expr_bytes_cmp.TestExprBytesCmp" name="test_expr_bytes_cmp" time="0.000" timestamp="2018-08-04T15:45:19"/>
	<system-out>
<![CDATA[]]>	</system-out>
	<system-err>
<![CDATA[]]>	</system-err>
</testsuite>
