<?xml version="1.0" encoding="UTF-8"?>
<testsuite errors="0" failures="0" file="test_imports_abs.py" name="test_imports_abs.TestImportsAbs-20230706193508" skipped="0" tests="1" time="0.000" timestamp="2023-07-06T19:35:08">
	<testcase classname="test_imports_abs.TestImportsAbs" file="spec/python/test_imports_abs.py" line="8" name="test_imports_abs" time="0.000" timestamp="2023-07-06T19:35:08">
		<system-out>
<![CDATA[]]>		</system-out>
		<system-err>
<![CDATA[]]>		</system-err>
	</testcase>
</testsuite>
