<?xml version="1.0" encoding="UTF-8"?>
<testsuite errors="0" failures="0" name="test_cast_to_top.TestCastToTop-20190311215525" skipped="0" tests="1" time="0.000" timestamp="2019-03-11T21:55:25">
	<testcase classname="test_cast_to_top.TestCastToTop" name="test_cast_to_top" time="0.000" timestamp="2019-03-11T21:55:25"/>
	<system-out>
<![CDATA[]]>	</system-out>
	<system-err>
<![CDATA[]]>	</system-err>
</testsuite>
