<?xml version="1.0" encoding="UTF-8"?>
<testsuite errors="0" failures="0" file="test_process_xor4_const.py" name="test_process_xor4_const.TestProcessXor4Const-20190412052548" skipped="0" tests="1" time="0.001" timestamp="2019-04-12T05:25:49">
	<testcase classname="test_process_xor4_const.TestProcessXor4Const" file="spec/python/test_process_xor4_const.py" line="8" name="test_process_xor4_const" time="0.001" timestamp="2019-04-12T05:25:49">
		<system-out>
<![CDATA[]]>		</system-out>
		<system-err>
<![CDATA[]]>		</system-err>
	</testcase>
</testsuite>
