<?xml version="1.0" encoding="UTF-8"?>
<testsuite errors="0" failures="0" name="test_instance_user_array.TestInstanceUserArray-20181231002938" skipped="0" tests="1" time="0.000" timestamp="2018-12-31T00:29:38">
	<testcase classname="test_instance_user_array.TestInstanceUserArray" name="test_instance_user_array" time="0.000" timestamp="2018-12-31T00:29:38"/>
	<system-out>
<![CDATA[]]>	</system-out>
	<system-err>
<![CDATA[]]>	</system-err>
</testsuite>
