<?xml version="1.0" encoding="UTF-8"?>
<testsuite name="test_valid_fail_expr.TestValidFailExpr-20200727151709" tests="1" file="test_valid_fail_expr.py" time="0.001" timestamp="2020-07-27T15:17:09" failures="0" errors="0" skipped="0">
	<testcase classname="test_valid_fail_expr.TestValidFailExpr" name="test_valid_fail_expr" time="0.001" timestamp="2020-07-27T15:17:09" file="spec/python/test_valid_fail_expr.py" line="9">
		<system-out><![CDATA[]]></system-out>
		<system-err><![CDATA[]]></system-err>
	</testcase>
</testsuite>
