<?xml version="1.0" encoding="UTF-8"?>
<testsuite errors="0" failures="0" name="test_if_struct.TestIfStruct-20170712094915" skipped="0" tests="1" time="0.000">
	<testcase classname="test_if_struct.TestIfStruct" name="test_if_struct" time="0.000"/>
	<system-out>
<![CDATA[]]>	</system-out>
	<system-err>
<![CDATA[]]>	</system-err>
</testsuite>
