<?xml version="1.0" encoding="UTF-8"?>
<testsuite errors="0" failures="0" file="test_str_eos.py" name="test_str_eos.TestStrEos-20200229093229" skipped="0" tests="1" time="0.001" timestamp="2020-02-29T09:32:29">
	<testcase classname="test_str_eos.TestStrEos" file="spec/python/test_str_eos.py" line="8" name="test_str_eos" time="0.001" timestamp="2020-02-29T09:32:29">
		<system-out>
<![CDATA[]]>		</system-out>
		<system-err>
<![CDATA[]]>		</system-err>
	</testcase>
</testsuite>
