<?xml version="1.0" encoding="UTF-8"?>
<testsuite errors="0" failures="0" file="test_expr_ops_parens.py" name="test_expr_ops_parens.TestExprOpsParens-20200823214642" skipped="0" tests="1" time="0.001" timestamp="2020-08-23T21:46:43">
	<testcase classname="test_expr_ops_parens.TestExprOpsParens" file="spec/python/test_expr_ops_parens.py" line="8" name="test_expr_ops_parens" time="0.001" timestamp="2020-08-23T21:46:43">
		<system-out>
<![CDATA[]]>		</system-out>
		<system-err>
<![CDATA[]]>		</system-err>
	</testcase>
</testsuite>
