<?xml version="1.0" encoding="UTF-8"?>
<testsuite name="test_bytes_pad_term.TestBytesPadTerm-20230719150532" tests="1" file="test_bytes_pad_term.py" time="0.000" timestamp="2023-07-19T15:05:32" failures="0" errors="0" skipped="0">
	<testcase classname="test_bytes_pad_term.TestBytesPadTerm" name="test_bytes_pad_term" time="0.000" timestamp="2023-07-19T15:05:32" file="spec/python/test_bytes_pad_term.py" line="8"/>
</testsuite>
