<?xml version="1.0" encoding="UTF-8"?>
<testsuite name="test_valid_fail_eq_int.TestValidFailEqInt-20210403173646" tests="1" file="test_valid_fail_eq_int.py" time="0.000" timestamp="2021-04-03T17:36:46" failures="0" errors="0" skipped="0">
	<testcase classname="test_valid_fail_eq_int.TestValidFailEqInt" name="test_valid_fail_eq_int" time="0.000" timestamp="2021-04-03T17:36:46" file="spec/python/test_valid_fail_eq_int.py" line="9"/>
</testsuite>
