<?xml version="1.0" encoding="UTF-8"?>
<testsuite errors="0" failures="0" file="test_instance_std.py" name="test_instance_std.TestInstanceStd-20210403173607" skipped="0" tests="1" time="0.000" timestamp="2021-04-03T17:36:07">
	<testcase classname="test_instance_std.TestInstanceStd" file="spec/python/test_instance_std.py" line="8" name="test_instance_std" time="0.000" timestamp="2021-04-03T17:36:07">
		<system-out>
<![CDATA[]]>		</system-out>
		<system-err>
<![CDATA[]]>		</system-err>
	</testcase>
</testsuite>
