<?xml version="1.0" encoding="UTF-8"?>
<testsuite errors="0" failures="0" name="test_str_encodings.TestStrEncodings-20180410222849" skipped="0" tests="1" time="0.011" timestamp="2018-04-10T22:28:49">
	<testcase classname="test_str_encodings.TestStrEncodings" name="test_str_encodings" time="0.011" timestamp="2018-04-10T22:28:49"/>
	<system-out>
<![CDATA[]]>	</system-out>
	<system-err>
<![CDATA[]]>	</system-err>
</testsuite>
