<?xml version="1.0" encoding="UTF-8"?>
<testsuite name="test_process_xor4_value.TestProcessXor4Value-20230705183723" tests="1" file="test_process_xor4_value.py" time="0.000" timestamp="2023-07-05T18:37:23" failures="0" errors="0" skipped="0">
	<testcase classname="test_process_xor4_value.TestProcessXor4Value" name="test_process_xor4_value" time="0.000" timestamp="2023-07-05T18:37:23" file="spec/python/test_process_xor4_value.py" line="8"/>
</testsuite>
