<?xml version="1.0" encoding="UTF-8"?>
<testsuite errors="0" failures="0" file="test_bits_unaligned_b64_le.py" name="test_bits_unaligned_b64_le.TestBitsUnalignedB64Le-20230721170741" skipped="0" tests="1" time="0.001" timestamp="2023-07-21T17:07:41">
	<testcase classname="test_bits_unaligned_b64_le.TestBitsUnalignedB64Le" file="spec/python/test_bits_unaligned_b64_le.py" line="8" name="test_bits_unaligned_b64_le" time="0.001" timestamp="2023-07-21T17:07:41">
		<system-out>
<![CDATA[]]>		</system-out>
		<system-err>
<![CDATA[]]>		</system-err>
	</testcase>
</testsuite>
