<?xml version="1.0" encoding="UTF-8"?>
<testsuite name="test_switch_manual_enum_invalid.TestSwitchManualEnumInvalid-20220623171410" tests="1" file="test_switch_manual_enum_invalid.py" time="0.001" timestamp="2022-06-23T17:14:11" failures="0" errors="0" skipped="0">
	<testcase classname="test_switch_manual_enum_invalid.TestSwitchManualEnumInvalid" name="test_switch_manual_enum_invalid" time="0.001" timestamp="2022-06-23T17:14:11" file="spec/python/test_switch_manual_enum_invalid.py" line="6"/>
</testsuite>
