<?xml version="1.0" encoding="UTF-8"?>
<testsuite errors="0" failures="0" file="test_nav_parent2.py" name="test_nav_parent2.TestNavParent2-20190427172054" skipped="0" tests="1" time="0.002" timestamp="2019-04-27T17:20:54">
	<testcase classname="test_nav_parent2.TestNavParent2" file="spec/python/test_nav_parent2.py" line="8" name="test_nav_parent2" time="0.002" timestamp="2019-04-27T17:20:54">
		<system-out>
<![CDATA[]]>		</system-out>
		<system-err>
<![CDATA[]]>		</system-err>
	</testcase>
</testsuite>
