<?xml version="1.0" encoding="UTF-8"?>
<testsuite name="test_process_custom_no_args.TestProcessCustomNoArgs-20220623172918" tests="1" file="test_process_custom_no_args.py" time="0.000" timestamp="2022-06-23T17:29:18" failures="0" errors="0" skipped="0">
	<testcase classname="test_process_custom_no_args.TestProcessCustomNoArgs" name="test_process_custom_no_args" time="0.000" timestamp="2022-06-23T17:29:18" file="spec/python/test_process_custom_no_args.py" line="8"/>
</testsuite>
