<?xml version="1.0" encoding="UTF-8"?>
<testsuite name="test_zlib_with_header_78.TestZlibWithHeader78-20201106101801" tests="1" file="test_zlib_with_header_78.py" time="0.001" timestamp="2020-11-06T10:18:01" failures="0" errors="0" skipped="0">
	<testcase classname="test_zlib_with_header_78.TestZlibWithHeader78" name="test_zlib_with_header_78" time="0.001" timestamp="2020-11-06T10:18:01" file="spec/python/test_zlib_with_header_78.py" line="8"/>
</testsuite>
