<?xml version="1.0" encoding="UTF-8"?>
<testsuite name="test_opaque_with_param.TestOpaqueWithParam-20211114130459" tests="1" file="test_opaque_with_param.py" time="0.001" timestamp="2021-11-14T13:04:59" failures="0" errors="0" skipped="0">
	<testcase classname="test_opaque_with_param.TestOpaqueWithParam" name="test_opaque_with_param" time="0.001" timestamp="2021-11-14T13:04:59" file="spec/python/test_opaque_with_param.py" line="6"/>
</testsuite>
