<?xml version="1.0" encoding="UTF-8"?>
<testsuite errors="0" failures="0" file="test_type_ternary_opaque.py" name="test_type_ternary_opaque.TestTypeTernaryOpaque-20230705115626" skipped="0" tests="1" time="0.000" timestamp="2023-07-05T11:56:26">
	<testcase classname="test_type_ternary_opaque.TestTypeTernaryOpaque" file="spec/python/test_type_ternary_opaque.py" line="6" name="test_type_ternary_opaque" time="0.000" timestamp="2023-07-05T11:56:26">
		<system-out>
<![CDATA[]]>		</system-out>
		<system-err>
<![CDATA[]]>		</system-err>
	</testcase>
</testsuite>
