<?xml version="1.0" encoding="UTF-8"?>
<testsuite errors="0" failures="0" name="test_if_values.TestIfValues-20181225121833" skipped="0" tests="1" time="0.000" timestamp="2018-12-25T12:18:33">
	<testcase classname="test_if_values.TestIfValues" name="test_if_values" time="0.000" timestamp="2018-12-25T12:18:33"/>
	<system-out>
<![CDATA[]]>	</system-out>
	<system-err>
<![CDATA[]]>	</system-err>
</testsuite>
