<?xml version="1.0" encoding="UTF-8"?>
<testsuite errors="0" failures="0" name="test_str_encodings.TestStrEncodings-20180322201926" skipped="0" tests="1" time="0.337" timestamp="2018-03-22T20:19:26">
	<testcase classname="test_str_encodings.TestStrEncodings" name="test_str_encodings" time="0.337" timestamp="2018-03-22T20:19:26"/>
	<system-out>
<![CDATA[]]>	</system-out>
	<system-err>
<![CDATA[]]>	</system-err>
</testsuite>
