<?xml version="1.0" encoding="UTF-8"?>
<testsuite errors="0" failures="0" file="test_integers_double_overflow.py" name="test_integers_double_overflow.TestIntegersDoubleOverflow" skipped="0" tests="1" time="0.000" timestamp="2023-07-27T22:37:07">
	<testcase classname="test_integers_double_overflow.TestIntegersDoubleOverflow" file="spec/python/test_integers_double_overflow.py" line="8" name="test_integers_double_overflow" time="0.000" timestamp="2023-07-27T22:37:07">
		<system-out>
<![CDATA[]]>		</system-out>
		<system-err>
<![CDATA[]]>		</system-err>
	</testcase>
</testsuite>
