<?xml version="1.0" encoding="UTF-8"?>
<testsuite name="test_expr_array.TestExprArray-20230715064845" tests="1" file="test_expr_array.py" time="0.001" timestamp="2023-07-15T06:48:45" failures="0" errors="0" skipped="0">
	<testcase classname="test_expr_array.TestExprArray" name="test_expr_array" time="0.001" timestamp="2023-07-15T06:48:45" file="spec/python/test_expr_array.py" line="8"/>
</testsuite>
