<?xml version="1.0" encoding="UTF-8"?>
<testsuite name="test_meta_xref.TestMetaXref-20220313103353" tests="1" file="test_meta_xref.py" time="0.000" timestamp="2022-03-13T10:33:53" failures="0" errors="0" skipped="0">
	<testcase classname="test_meta_xref.TestMetaXref" name="test_meta_xref" time="0.000" timestamp="2022-03-13T10:33:53" file="spec/python/test_meta_xref.py" line="8"/>
</testsuite>
