<?xml version="1.0" encoding="UTF-8"?>
<testsuite errors="0" failures="0" file="test_instance_user_array.py" name="test_instance_user_array.TestInstanceUserArray-20190915130428" skipped="0" tests="1" time="0.001" timestamp="2019-09-15T13:04:28">
	<testcase classname="test_instance_user_array.TestInstanceUserArray" file="spec/python/test_instance_user_array.py" line="8" name="test_instance_user_array" time="0.001" timestamp="2019-09-15T13:04:28">
		<system-out>
<![CDATA[]]>		</system-out>
		<system-err>
<![CDATA[]]>		</system-err>
	</testcase>
</testsuite>
