<?xml version="1.0" encoding="UTF-8"?>
<testsuite name="test_switch_bytearray.TestSwitchBytearray-20230628194105" tests="1" file="test_switch_bytearray.py" time="0.001" timestamp="2023-06-28T19:41:05" failures="0" errors="0" skipped="0">
	<testcase classname="test_switch_bytearray.TestSwitchBytearray" name="test_switch_bytearray" time="0.001" timestamp="2023-06-28T19:41:05" file="spec/python/test_switch_bytearray.py" line="8"/>
</testsuite>
