<?xml version="1.0" encoding="UTF-8"?>
<testsuite errors="0" failures="0" file="test_bits_shift_by_b64_le.py" name="test_bits_shift_by_b64_le.TestBitsShiftByB64Le-20220318130342" skipped="0" tests="1" time="0.000" timestamp="2022-03-18T13:03:42">
	<testcase classname="test_bits_shift_by_b64_le.TestBitsShiftByB64Le" file="spec/python/test_bits_shift_by_b64_le.py" line="8" name="test_bits_shift_by_b64_le" time="0.000" timestamp="2022-03-18T13:03:42">
		<system-out>
<![CDATA[]]>		</system-out>
		<system-err>
<![CDATA[]]>		</system-err>
	</testcase>
</testsuite>
