<?xml version="1.0" encoding="UTF-8"?>
<testsuite errors="0" failures="0" name="test_eof_exception_bytes.TestEofExceptionBytes-20181108223529" skipped="0" tests="1" time="0.000" timestamp="2018-11-08T22:35:29">
	<testcase classname="test_eof_exception_bytes.TestEofExceptionBytes" name="test_eof_exception_bytes" time="0.000" timestamp="2018-11-08T22:35:29"/>
	<system-out>
<![CDATA[]]>	</system-out>
	<system-err>
<![CDATA[]]>	</system-err>
</testsuite>
