<?xml version="1.0" encoding="UTF-8"?>
<testsuite errors="0" failures="0" name="test_switch_manual_int_size_eos.TestSwitchManualIntSizeEos-20181227183620" skipped="0" tests="1" time="0.000" timestamp="2018-12-27T18:36:20">
	<testcase classname="test_switch_manual_int_size_eos.TestSwitchManualIntSizeEos" name="test_switch_manual_int_size_eos" time="0.000" timestamp="2018-12-27T18:36:20"/>
	<system-out>
<![CDATA[]]>	</system-out>
	<system-err>
<![CDATA[]]>	</system-err>
</testsuite>
