<?xml version="1.0" encoding="UTF-8"?>
<testsuite name="test_expr_ops_parens.TestExprOpsParens-20200509192903" tests="1" file="test_expr_ops_parens.py" time="0.001" timestamp="2020-05-09T19:29:03" failures="1" errors="0" skipped="0">
	<testcase classname="test_expr_ops_parens.TestExprOpsParens" name="test_expr_ops_parens" time="0.001" timestamp="2020-05-09T19:29:03" file="spec/python/test_expr_ops_parens.py" line="8">
		<failure type="AssertionError" message="'0123498765' != '9876543210'
- 0123498765
+ 9876543210
"><![CDATA[Traceback (most recent call last):
  File "/home/travis/build/kaitai-io/ci_targets/tests/spec/python/test_expr_ops_parens.py", line 13, in test_expr_ops_parens
    self.assertEqual(r.str_concat_rev, u"9876543210")
AssertionError: '0123498765' != '9876543210'
- 0123498765
+ 9876543210

]]></failure>
		<system-out><![CDATA[]]></system-out>
		<system-err><![CDATA[]]></system-err>
	</testcase>
</testsuite>
