<?xml version="1.0" encoding="UTF-8"?>
<testsuite name="test_eos_exception_u4.TestEosExceptionU4-20220801221616" tests="1" file="test_eos_exception_u4.py" time="0.000" timestamp="2022-08-01T22:16:16" failures="0" errors="0" skipped="0">
	<testcase classname="test_eos_exception_u4.TestEosExceptionU4" name="test_eos_exception_u4" time="0.000" timestamp="2022-08-01T22:16:16" file="spec/python/test_eos_exception_u4.py" line="7"/>
</testsuite>
