<?xml version="1.0" encoding="UTF-8"?>
<testsuite errors="0" failures="0" file="test_valid_switch.py" name="test_valid_switch.TestValidSwitch-20230721170741" skipped="0" tests="1" time="0.000" timestamp="2023-07-21T17:07:41">
	<testcase classname="test_valid_switch.TestValidSwitch" file="spec/python/test_valid_switch.py" line="8" name="test_valid_switch" time="0.000" timestamp="2023-07-21T17:07:41">
		<system-out>
<![CDATA[]]>		</system-out>
		<system-err>
<![CDATA[]]>		</system-err>
	</testcase>
</testsuite>
