<?xml version="1.0" encoding="UTF-8"?>
<testsuite errors="0" failures="0" name="test_nested_types2.TestNestedTypes2-20170823191233" skipped="0" tests="1" time="0.000">
	<testcase classname="test_nested_types2.TestNestedTypes2" name="test_nested_types2" time="0.000"/>
	<system-out>
<![CDATA[]]>	</system-out>
	<system-err>
<![CDATA[]]>	</system-err>
</testsuite>
