<?xml version="1.0" encoding="UTF-8"?>
<testsuite errors="0" failures="0" name="test_nav_root.TestNavRoot-20170901085748" skipped="0" tests="1" time="0.000">
	<testcase classname="test_nav_root.TestNavRoot" name="test_nav_root" time="0.000"/>
	<system-out>
<![CDATA[]]>	</system-out>
	<system-err>
<![CDATA[]]>	</system-err>
</testsuite>
