<?xml version="1.0" encoding="UTF-8"?>
<testsuite errors="0" failures="0" file="test_enum_int_range_u.py" name="test_enum_int_range_u.TestEnumIntRangeU-20200422013019" skipped="0" tests="1" time="0.000" timestamp="2020-04-22T01:30:19">
	<testcase classname="test_enum_int_range_u.TestEnumIntRangeU" file="spec/python/test_enum_int_range_u.py" line="8" name="test_enum_int_range_u" time="0.000" timestamp="2020-04-22T01:30:19">
		<system-out>
<![CDATA[]]>		</system-out>
		<system-err>
<![CDATA[]]>		</system-err>
	</testcase>
</testsuite>
