<?xml version="1.0" encoding="UTF-8"?>
<testsuite errors="0" failures="0" name="test_str_pad_term.TestStrPadTerm-20170525115320" skipped="0" tests="1" time="0.000">
	<testcase classname="test_str_pad_term.TestStrPadTerm" name="test_str_pad_term" time="0.000"/>
	<system-out>
<![CDATA[]]>	</system-out>
	<system-err>
<![CDATA[]]>	</system-err>
</testsuite>
