<?xml version="1.0" encoding="UTF-8"?>
<testsuite errors="0" failures="0" file="test_docstrings_docref.py" name="test_docstrings_docref.TestDocstringsDocref-20190319025525" skipped="0" tests="1" time="0.000" timestamp="2019-03-19T02:55:25">
	<testcase classname="test_docstrings_docref.TestDocstringsDocref" file="spec/python/test_docstrings_docref.py" line="8" name="test_docstrings_docref" time="0.000" timestamp="2019-03-19T02:55:25"/>
</testsuite>
