<?xml version="1.0" encoding="UTF-8"?>
<testsuite errors="0" failures="0" file="test_default_endian_expr_is_le.py" name="test_default_endian_expr_is_le.TestDefaultEndianExprIsLe-20200229171733" skipped="0" tests="1" time="0.001" timestamp="2020-02-29T17:17:33">
	<testcase classname="test_default_endian_expr_is_le.TestDefaultEndianExprIsLe" file="spec/python/test_default_endian_expr_is_le.py" line="8" name="test_default_endian_expr_is_le" time="0.001" timestamp="2020-02-29T17:17:33">
		<system-out>
<![CDATA[]]>		</system-out>
		<system-err>
<![CDATA[]]>		</system-err>
	</testcase>
</testsuite>
