<?xml version="1.0" encoding="UTF-8"?>
<testsuite name="test_imports_abs_rel.TestImportsAbsRel-20220617122750" tests="1" file="test_imports_abs_rel.py" time="0.001" timestamp="2022-06-17T12:27:50" failures="0" errors="0" skipped="0">
	<testcase classname="test_imports_abs_rel.TestImportsAbsRel" name="test_imports_abs_rel" time="0.001" timestamp="2022-06-17T12:27:50" file="spec/python/test_imports_abs_rel.py" line="6"/>
</testsuite>
