<?xml version="1.0" encoding="UTF-8"?>
<testsuite name="test_valid_optional_id.TestValidOptionalId-20230721170737" tests="1" file="test_valid_optional_id.py" time="0.000" timestamp="2023-07-21T17:07:37" failures="0" errors="0" skipped="0">
	<testcase classname="test_valid_optional_id.TestValidOptionalId" name="test_valid_optional_id" time="0.000" timestamp="2023-07-21T17:07:37" file="spec/python/test_valid_optional_id.py" line="8"/>
</testsuite>
