<?xml version="1.0" encoding="UTF-8"?>
<testsuite name="test_integers_min_max.TestIntegersMinMax-20230719152410" tests="1" file="test_integers_min_max.py" time="0.002" timestamp="2023-07-19T15:24:10" failures="0" errors="0" skipped="0">
	<testcase classname="test_integers_min_max.TestIntegersMinMax" name="test_integers_min_max" time="0.002" timestamp="2023-07-19T15:24:10" file="spec/python/test_integers_min_max.py" line="8"/>
</testsuite>
