<?xml version="1.0" encoding="UTF-8"?>
<testsuite errors="0" failures="0" name="test_expr_enum.TestExprEnum-20180323202711" skipped="0" tests="1" time="0.000" timestamp="2018-03-23T20:27:11">
	<testcase classname="test_expr_enum.TestExprEnum" name="test_expr_enum" time="0.000" timestamp="2018-03-23T20:27:11"/>
	<system-out>
<![CDATA[]]>	</system-out>
	<system-err>
<![CDATA[]]>	</system-err>
</testsuite>
