<?xml version="1.0" encoding="UTF-8"?>
<testsuite errors="0" failures="0" name="test_expr_3.TestExpr3-20180415203046" skipped="0" tests="1" time="0.000" timestamp="2018-04-15T20:30:46">
	<testcase classname="test_expr_3.TestExpr3" name="test_expr_3" time="0.000" timestamp="2018-04-15T20:30:46"/>
	<system-out>
<![CDATA[]]>	</system-out>
	<system-err>
<![CDATA[]]>	</system-err>
</testsuite>
