<?xml version="1.0" encoding="UTF-8"?>
<testsuite errors="0" failures="0" file="test_fixed_contents.py" name="test_fixed_contents.TestFixedContents-20190722080849" skipped="0" tests="1" time="0.000" timestamp="2019-07-22T08:08:49">
	<testcase classname="test_fixed_contents.TestFixedContents" file="spec/python/test_fixed_contents.py" line="8" name="test_fixed_contents" time="0.000" timestamp="2019-07-22T08:08:49">
		<system-out>
<![CDATA[]]>		</system-out>
		<system-err>
<![CDATA[]]>		</system-err>
	</testcase>
</testsuite>
