<?xml version="1.0" encoding="UTF-8"?>
<testsuite name="test_yaml_ints.TestYamlInts-20211106162901" tests="1" file="test_yaml_ints.py" time="0.001" timestamp="2021-11-06T16:29:01" failures="0" errors="0" skipped="0">
	<testcase classname="test_yaml_ints.TestYamlInts" name="test_yaml_ints" time="0.001" timestamp="2021-11-06T16:29:01" file="spec/python/test_yaml_ints.py" line="8"/>
</testsuite>
