<?xml version="1.0" encoding="UTF-8"?>
<testsuite errors="0" failures="0" name="test_default_endian_expr_inherited.TestDefaultEndianExprInherited-20180406070658" skipped="0" tests="1" time="0.001" timestamp="2018-04-06T07:06:58">
	<testcase classname="test_default_endian_expr_inherited.TestDefaultEndianExprInherited" name="test_default_endian_expr_inherited" time="0.001" timestamp="2018-04-06T07:06:58"/>
	<system-out>
<![CDATA[]]>	</system-out>
	<system-err>
<![CDATA[]]>	</system-err>
</testsuite>
