<?xml version="1.0" encoding="UTF-8"?>
<testsuite name="test_eof_exception_bytes.TestEofExceptionBytes-20230719150532" tests="1" file="test_eof_exception_bytes.py" time="0.000" timestamp="2023-07-19T15:05:32" failures="0" errors="0" skipped="0">
	<testcase classname="test_eof_exception_bytes.TestEofExceptionBytes" name="test_eof_exception_bytes" time="0.000" timestamp="2023-07-19T15:05:32" file="spec/python/test_eof_exception_bytes.py" line="7"/>
</testsuite>
