<?xml version="1.0" encoding="UTF-8"?>
<testsuite errors="0" failures="0" file="test_bits_shift_by_b32_le.py" name="test_bits_shift_by_b32_le.TestBitsShiftByB32Le-20220728094453" skipped="0" tests="1" time="0.001" timestamp="2022-07-28T09:44:53">
	<testcase classname="test_bits_shift_by_b32_le.TestBitsShiftByB32Le" file="spec/python/test_bits_shift_by_b32_le.py" line="8" name="test_bits_shift_by_b32_le" time="0.001" timestamp="2022-07-28T09:44:53">
		<system-out>
<![CDATA[]]>		</system-out>
		<system-err>
<![CDATA[]]>		</system-err>
	</testcase>
</testsuite>
