<?xml version="1.0" encoding="UTF-8"?>
<testsuite errors="0" failures="0" file="test_if_values.py" name="test_if_values.TestIfValues-20200130181336" skipped="0" tests="1" time="0.001" timestamp="2020-01-30T18:13:36">
	<testcase classname="test_if_values.TestIfValues" file="spec/python/test_if_values.py" line="8" name="test_if_values" time="0.001" timestamp="2020-01-30T18:13:36">
		<system-out>
<![CDATA[]]>		</system-out>
		<system-err>
<![CDATA[]]>		</system-err>
	</testcase>
</testsuite>
