<?xml version="1.0" encoding="UTF-8"?>
<testsuite errors="0" failures="0" name="test_if_values.TestIfValues-20181227183527" skipped="0" tests="1" time="0.000" timestamp="2018-12-27T18:35:27">
	<testcase classname="test_if_values.TestIfValues" name="test_if_values" time="0.000" timestamp="2018-12-27T18:35:27"/>
	<system-out>
<![CDATA[]]>	</system-out>
	<system-err>
<![CDATA[]]>	</system-err>
</testsuite>
