<?xml version="1.0" encoding="UTF-8"?>
<testsuite name="test_params_pass_array_usertype.TestParamsPassArrayUsertype-20201031095923" tests="1" file="test_params_pass_array_usertype.py" time="0.001" timestamp="2020-10-31T09:59:23" failures="0" errors="0" skipped="0">
	<testcase classname="test_params_pass_array_usertype.TestParamsPassArrayUsertype" name="test_params_pass_array_usertype" time="0.001" timestamp="2020-10-31T09:59:23" file="spec/python/test_params_pass_array_usertype.py" line="8"/>
</testsuite>
