<?xml version="1.0" encoding="UTF-8"?>
<testsuite name="test_process_xor4_const.TestProcessXor4Const-20220318130502" tests="1" file="test_process_xor4_const.py" time="0.001" timestamp="2022-03-18T13:05:02" failures="0" errors="0" skipped="0">
	<testcase classname="test_process_xor4_const.TestProcessXor4Const" name="test_process_xor4_const" time="0.001" timestamp="2022-03-18T13:05:02" file="spec/python/test_process_xor4_const.py" line="8"/>
</testsuite>
