<?xml version="1.0" encoding="UTF-8"?>
<testsuite errors="0" failures="0" name="test_zlib_with_header_78.TestZlibWithHeader78-20180326004946" skipped="0" tests="1" time="0.000" timestamp="2018-03-26T00:49:46">
	<testcase classname="test_zlib_with_header_78.TestZlibWithHeader78" name="test_zlib_with_header_78" time="0.000" timestamp="2018-03-26T00:49:46"/>
	<system-out>
<![CDATA[]]>	</system-out>
	<system-err>
<![CDATA[]]>	</system-err>
</testsuite>
