<?xml version="1.0" encoding="UTF-8"?>
<testsuite errors="0" failures="0" file="test_default_endian_expr_inherited.py" name="test_default_endian_expr_inherited.TestDefaultEndianExprInherited-20190318121740" skipped="0" tests="1" time="0.002" timestamp="2019-03-18T12:17:40">
	<testcase classname="test_default_endian_expr_inherited.TestDefaultEndianExprInherited" file="spec/python/test_default_endian_expr_inherited.py" line="8" name="test_default_endian_expr_inherited" time="0.002" timestamp="2019-03-18T12:17:40"/>
</testsuite>
