<?xml version="1.0" encoding="UTF-8"?>
<testsuite name="test_imports_abs_rel.TestImportsAbsRel-20230628163734" tests="1" file="test_imports_abs_rel.py" time="0.001" timestamp="2023-06-28T16:37:34" failures="0" errors="0" skipped="0">
	<testcase classname="test_imports_abs_rel.TestImportsAbsRel" name="test_imports_abs_rel" time="0.001" timestamp="2023-06-28T16:37:34" file="spec/python/test_imports_abs_rel.py" line="6"/>
</testsuite>
