<?xml version="1.0" encoding="UTF-8"?>
<testsuite name="test_default_endian_expr_is_be.TestDefaultEndianExprIsBe-20210403173646" tests="1" file="test_default_endian_expr_is_be.py" time="0.002" timestamp="2021-04-03T17:36:46" failures="0" errors="0" skipped="0">
	<testcase classname="test_default_endian_expr_is_be.TestDefaultEndianExprIsBe" name="test_default_endian_expr_is_be" time="0.002" timestamp="2021-04-03T17:36:46" file="spec/python/test_default_endian_expr_is_be.py" line="8"/>
</testsuite>
