<?xml version="1.0" encoding="UTF-8"?>
<testsuite errors="0" failures="0" file="test_nav_parent_vs_value_inst.py" name="test_nav_parent_vs_value_inst.TestNavParentVsValueInst-20200823214642" skipped="0" tests="1" time="0.000" timestamp="2020-08-23T21:46:43">
	<testcase classname="test_nav_parent_vs_value_inst.TestNavParentVsValueInst" file="spec/python/test_nav_parent_vs_value_inst.py" line="8" name="test_nav_parent_vs_value_inst" time="0.000" timestamp="2020-08-23T21:46:43">
		<system-out>
<![CDATA[]]>		</system-out>
		<system-err>
<![CDATA[]]>		</system-err>
	</testcase>
</testsuite>
