<?xml version="1.0" encoding="UTF-8"?>
<testsuite name="test_nested_types.TestNestedTypes-20230628163734" tests="1" file="test_nested_types.py" time="0.001" timestamp="2023-06-28T16:37:34" failures="0" errors="0" skipped="0">
	<testcase classname="test_nested_types.TestNestedTypes" name="test_nested_types" time="0.001" timestamp="2023-06-28T16:37:34" file="spec/python/test_nested_types.py" line="8"/>
</testsuite>
