<?xml version="1.0" encoding="UTF-8"?>
<testsuite errors="0" failures="0" name="test_nav_parent2.TestNavParent2-20181228162848" skipped="0" tests="1" time="0.000" timestamp="2018-12-28T16:28:48">
	<testcase classname="test_nav_parent2.TestNavParent2" name="test_nav_parent2" time="0.000" timestamp="2018-12-28T16:28:48"/>
	<system-out>
<![CDATA[]]>	</system-out>
	<system-err>
<![CDATA[]]>	</system-err>
</testsuite>
