<?xml version="1.0" encoding="UTF-8"?>
<testsuite name="test_index_sizes.TestIndexSizes-20210701222606" tests="1" file="test_index_sizes.py" time="0.001" timestamp="2021-07-01T22:26:06" failures="0" errors="0" skipped="0">
	<testcase classname="test_index_sizes.TestIndexSizes" name="test_index_sizes" time="0.001" timestamp="2021-07-01T22:26:06" file="spec/python/test_index_sizes.py" line="8"/>
</testsuite>
