<?xml version="1.0" encoding="UTF-8"?>
<testsuite name="test_imports_abs.TestImportsAbs-20200308220627" tests="1" file="test_imports_abs.py" time="0.001" timestamp="2020-03-08T22:06:27" failures="0" errors="0" skipped="0">
	<testcase classname="test_imports_abs.TestImportsAbs" name="test_imports_abs" time="0.001" timestamp="2020-03-08T22:06:27" file="spec/python/test_imports_abs.py" line="8">
		<system-out><![CDATA[]]></system-out>
		<system-err><![CDATA[]]></system-err>
	</testcase>
</testsuite>
