<?xml version="1.0" encoding="UTF-8"?>
<testsuite name="test_bcd_user_type_le.TestBcdUserTypeLe-20201106101801" tests="1" file="test_bcd_user_type_le.py" time="0.001" timestamp="2020-11-06T10:18:01" failures="0" errors="0" skipped="0">
	<testcase classname="test_bcd_user_type_le.TestBcdUserTypeLe" name="test_bcd_user_type_le" time="0.001" timestamp="2020-11-06T10:18:01" file="spec/python/test_bcd_user_type_le.py" line="8"/>
</testsuite>
