<?xml version="1.0" encoding="UTF-8"?>
<testsuite errors="0" failures="0" file="test_ts_packet_header.py" name="test_ts_packet_header.TestTsPacketHeader-20190418015848" skipped="0" tests="1" time="0.001" timestamp="2019-04-18T01:58:48">
	<testcase classname="test_ts_packet_header.TestTsPacketHeader" file="spec/python/test_ts_packet_header.py" line="6" name="test_ts_packet_header" time="0.001" timestamp="2019-04-18T01:58:48">
		<system-out>
<![CDATA[]]>		</system-out>
		<system-err>
<![CDATA[]]>		</system-err>
	</testcase>
</testsuite>
