<?xml version="1.0" encoding="UTF-8"?>
<testsuite errors="0" failures="0" file="test_combine_bytes.py" name="test_combine_bytes.TestCombineBytes-20200412221553" skipped="0" tests="1" time="0.001" timestamp="2020-04-12T22:15:53">
	<testcase classname="test_combine_bytes.TestCombineBytes" file="spec/python/test_combine_bytes.py" line="8" name="test_combine_bytes" time="0.001" timestamp="2020-04-12T22:15:53">
		<system-out>
<![CDATA[]]>		</system-out>
		<system-err>
<![CDATA[]]>		</system-err>
	</testcase>
</testsuite>
