<?xml version="1.0" encoding="UTF-8"?>
<testsuite name="test_enum_invalid.TestEnumInvalid-20230705161400" tests="1" file="test_enum_invalid.py" time="0.000" timestamp="2023-07-05T16:14:00" failures="0" errors="0" skipped="0">
	<testcase classname="test_enum_invalid.TestEnumInvalid" name="test_enum_invalid" time="0.000" timestamp="2023-07-05T16:14:00" file="spec/python/test_enum_invalid.py" line="8"/>
</testsuite>
