<?xml version="1.0" encoding="UTF-8"?>
<testsuite name="test_imports_rel_1.TestImportsRel1-20200726213831" tests="1" file="test_imports_rel_1.py" time="0.001" timestamp="2020-07-26T21:38:31" failures="0" errors="0" skipped="0">
	<testcase classname="test_imports_rel_1.TestImportsRel1" name="test_imports_rel_1" time="0.001" timestamp="2020-07-26T21:38:31" file="spec/python/test_imports_rel_1.py" line="8">
		<system-out><![CDATA[]]></system-out>
		<system-err><![CDATA[]]></system-err>
	</testcase>
</testsuite>
