<?xml version="1.0" encoding="UTF-8"?>
<testsuite errors="0" failures="0" file="test_valid_fail_range_str.py" name="test_valid_fail_range_str.TestValidFailRangeStr-20230721093934" skipped="0" tests="1" time="0.000" timestamp="2023-07-21T09:39:34">
	<testcase classname="test_valid_fail_range_str.TestValidFailRangeStr" file="spec/python/test_valid_fail_range_str.py" line="9" name="test_valid_fail_range_str" time="0.000" timestamp="2023-07-21T09:39:34">
		<system-out>
<![CDATA[]]>		</system-out>
		<system-err>
<![CDATA[]]>		</system-err>
	</testcase>
</testsuite>
