<?xml version="1.0" encoding="UTF-8"?>
<testsuite errors="0" failures="0" name="test_enum_0.TestEnum0-20170501064507" skipped="0" tests="1" time="0.000">
	<testcase classname="test_enum_0.TestEnum0" name="test_enum_0" time="0.000"/>
	<system-out>
<![CDATA[]]>	</system-out>
	<system-err>
<![CDATA[]]>	</system-err>
</testsuite>
