<?xml version="1.0" encoding="UTF-8"?>
<testsuite name="test_combine_bool.TestCombineBool-20220623172918" tests="1" file="test_combine_bool.py" time="0.001" timestamp="2022-06-23T17:29:18" failures="0" errors="0" skipped="0">
	<testcase classname="test_combine_bool.TestCombineBool" name="test_combine_bool" time="0.001" timestamp="2022-06-23T17:29:18" file="spec/python/test_combine_bool.py" line="8"/>
</testsuite>
