<?xml version="1.0" encoding="UTF-8"?>
<testsuite errors="0" failures="0" file="test_expr_str_ops.py" name="test_expr_str_ops.TestExprStrOps-20220617122740" skipped="0" tests="1" time="0.001" timestamp="2022-06-17T12:27:40">
	<testcase classname="test_expr_str_ops.TestExprStrOps" file="spec/python/test_expr_str_ops.py" line="8" name="test_expr_str_ops" time="0.001" timestamp="2022-06-17T12:27:40">
		<system-out>
<![CDATA[]]>		</system-out>
		<system-err>
<![CDATA[]]>		</system-err>
	</testcase>
</testsuite>
