<?xml version="1.0" encoding="UTF-8"?>
<testsuite errors="0" failures="0" file="test_opaque_with_param.py" name="test_opaque_with_param.TestOpaqueWithParam-20200211093539" skipped="0" tests="1" time="0.001" timestamp="2020-02-11T09:35:39">
	<testcase classname="test_opaque_with_param.TestOpaqueWithParam" file="spec/python/test_opaque_with_param.py" line="6" name="test_opaque_with_param" time="0.001" timestamp="2020-02-11T09:35:39">
		<system-out>
<![CDATA[]]>		</system-out>
		<system-err>
<![CDATA[]]>		</system-err>
	</testcase>
</testsuite>
