<?xml version="1.0" encoding="UTF-8"?>
<testsuite errors="1" failures="0" file="unittest/loader.py" name="unittest.loader._FailedTest-20200403034207" skipped="0" tests="1" time="0.001" timestamp="2020-04-03T03:42:07">
	<testcase classname="unittest.loader._FailedTest" file="/opt/python/3.4.6/lib/python3.4/unittest/loader.py" line="32" name="test_switch_else_only" time="0.001" timestamp="2020-04-03T03:42:07">
		<error message="Failed to import test module: test_switch_else_only
Traceback (most recent call last):
  File &quot;/opt/python/3.4.6/lib/python3.4/unittest/loader.py&quot;, line 323, in _find_tests
    module = self._get_module_from_name(name)
  File &quot;/opt/python/3.4.6/lib/python3.4/unittest/loader.py&quot;, line 301, in _get_module_from_name
    __import__(name)
  File &quot;/home/travis/build/kaitai-io/ci_targets/tests/spec/python/test_switch_else_only.py&quot;, line 5, in &lt;module&gt;
    from switch_else_only import SwitchElseOnly
  File &quot;/home/travis/build/kaitai-io/ci_targets/tests/compiled/python/switch_else_only.py&quot;, line 21
    else:
       ^
SyntaxError: invalid syntax
" type="ImportError">
<![CDATA[Traceback (most recent call last):
  File "/opt/python/3.4.6/lib/python3.4/unittest/case.py", line 58, in testPartExecutor
    yield
  File "/opt/python/3.4.6/lib/python3.4/unittest/case.py", line 580, in run
    testMethod()
  File "/opt/python/3.4.6/lib/python3.4/unittest/loader.py", line 33, in testFailure
    raise self._exception
ImportError: Failed to import test module: test_switch_else_only
Traceback (most recent call last):
  File "/opt/python/3.4.6/lib/python3.4/unittest/loader.py", line 323, in _find_tests
    module = self._get_module_from_name(name)
  File "/opt/python/3.4.6/lib/python3.4/unittest/loader.py", line 301, in _get_module_from_name
    __import__(name)
  File "/home/travis/build/kaitai-io/ci_targets/tests/spec/python/test_switch_else_only.py", line 5, in <module>
    from switch_else_only import SwitchElseOnly
  File "/home/travis/build/kaitai-io/ci_targets/tests/compiled/python/switch_else_only.py", line 21
    else:
       ^
SyntaxError: invalid syntax

]]>		</error>
		<system-out>
<![CDATA[]]>		</system-out>
		<system-err>
<![CDATA[]]>		</system-err>
	</testcase>
</testsuite>
