<?xml version="1.0" encoding="UTF-8"?>
<testsuite errors="0" failures="0" file="test_str_pad_term.py" name="test_str_pad_term.TestStrPadTerm-20190722080849" skipped="0" tests="1" time="0.001" timestamp="2019-07-22T08:08:49">
	<testcase classname="test_str_pad_term.TestStrPadTerm" file="spec/python/test_str_pad_term.py" line="8" name="test_str_pad_term" time="0.001" timestamp="2019-07-22T08:08:49">
		<system-out>
<![CDATA[]]>		</system-out>
		<system-err>
<![CDATA[]]>		</system-err>
	</testcase>
</testsuite>
