<?xml version="1.0" encoding="UTF-8"?>
<testsuite errors="0" failures="0" name="test_buffered_struct.TestBufferedStruct-20181228161745" skipped="0" tests="1" time="0.000" timestamp="2018-12-28T16:17:45">
	<testcase classname="test_buffered_struct.TestBufferedStruct" name="test_buffered_struct" time="0.000" timestamp="2018-12-28T16:17:45"/>
	<system-out>
<![CDATA[]]>	</system-out>
	<system-err>
<![CDATA[]]>	</system-err>
</testsuite>
