<?xml version="1.0" encoding="UTF-8"?>
<testsuite name="test_enum_invalid.TestEnumInvalid-20200315221103" tests="1" file="test_enum_invalid.py" time="0.001" timestamp="2020-03-15T22:11:03" failures="0" errors="0" skipped="0">
	<testcase classname="test_enum_invalid.TestEnumInvalid" name="test_enum_invalid" time="0.001" timestamp="2020-03-15T22:11:03" file="spec/python/test_enum_invalid.py" line="6">
		<system-out><![CDATA[]]></system-out>
		<system-err><![CDATA[]]></system-err>
	</testcase>
</testsuite>
