<?xml version="1.0" encoding="UTF-8"?>
<testsuite name="test_valid_fail_inst.TestValidFailInst-20230707192537" tests="1" file="test_valid_fail_inst.py" time="0.000" timestamp="2023-07-07T19:25:37" failures="0" errors="0" skipped="0">
	<testcase classname="test_valid_fail_inst.TestValidFailInst" name="test_valid_fail_inst" time="0.000" timestamp="2023-07-07T19:25:37" file="spec/python/test_valid_fail_inst.py" line="9"/>
</testsuite>
