<?xml version="1.0" encoding="UTF-8"?>
<testsuite name="test_str_pad_term.TestStrPadTerm-20220801170217" tests="1" file="test_str_pad_term.py" time="0.001" timestamp="2022-08-01T17:02:17" failures="0" errors="0" skipped="0">
	<testcase classname="test_str_pad_term.TestStrPadTerm" name="test_str_pad_term" time="0.001" timestamp="2022-08-01T17:02:17" file="spec/python/test_str_pad_term.py" line="8"/>
</testsuite>
