<?xml version="1.0" encoding="UTF-8"?>
<testsuite errors="0" failures="0" name="test_enum_1.TestEnum1-20170721180628" skipped="0" tests="1" time="0.000">
	<testcase classname="test_enum_1.TestEnum1" name="test_enum_1" time="0.000"/>
	<system-out>
<![CDATA[]]>	</system-out>
	<system-err>
<![CDATA[]]>	</system-err>
</testsuite>
