<?xml version="1.0" encoding="UTF-8"?>
<testsuite errors="0" failures="0" file="test_opaque_external_type_02_parent.py" name="test_opaque_external_type_02_parent.TestOpaqueExternalType02Parent-20190319025525" skipped="0" tests="1" time="0.001" timestamp="2019-03-19T02:55:25">
	<testcase classname="test_opaque_external_type_02_parent.TestOpaqueExternalType02Parent" file="spec/python/test_opaque_external_type_02_parent.py" line="6" name="test_opaque_external_type_02_parent" time="0.001" timestamp="2019-03-19T02:55:25"/>
</testsuite>
