<?xml version="1.0" encoding="UTF-8"?>
<testsuite errors="0" failures="0" file="test_opaque_external_type_02_parent.py" name="test_opaque_external_type_02_parent.TestOpaqueExternalType02Parent-20230719145754" skipped="0" tests="1" time="0.001" timestamp="2023-07-19T14:57:54">
	<testcase classname="test_opaque_external_type_02_parent.TestOpaqueExternalType02Parent" file="spec/python/test_opaque_external_type_02_parent.py" line="6" name="test_opaque_external_type_02_parent" time="0.001" timestamp="2023-07-19T14:57:54">
		<system-out>
<![CDATA[]]>		</system-out>
		<system-err>
<![CDATA[]]>		</system-err>
	</testcase>
</testsuite>
