<?xml version="1.0" encoding="UTF-8"?>
<testsuite name="test_process_coerce_bytes.TestProcessCoerceBytes-20230705115620" tests="1" file="test_process_coerce_bytes.py" time="0.000" timestamp="2023-07-05T11:56:20" failures="0" errors="0" skipped="0">
	<testcase classname="test_process_coerce_bytes.TestProcessCoerceBytes" name="test_process_coerce_bytes" time="0.000" timestamp="2023-07-05T11:56:20" file="spec/python/test_process_coerce_bytes.py" line="8"/>
</testsuite>
