<?xml version="1.0" encoding="UTF-8"?>
<testsuite errors="0" failures="0" file="test_valid_fail_range_str.py" name="test_valid_fail_range_str.TestValidFailRangeStr-20200611184427" skipped="0" tests="1" time="0.001" timestamp="2020-06-11T18:44:27">
	<testcase classname="test_valid_fail_range_str.TestValidFailRangeStr" file="spec/python/test_valid_fail_range_str.py" line="9" name="test_valid_fail_range_str" time="0.001" timestamp="2020-06-11T18:44:27">
		<system-out>
<![CDATA[]]>		</system-out>
		<system-err>
<![CDATA[]]>		</system-err>
	</testcase>
</testsuite>
