<?xml version="1.0" encoding="UTF-8"?>
<testsuite name="test_type_ternary.TestTypeTernary-20230705162050" tests="1" file="test_type_ternary.py" time="0.000" timestamp="2023-07-05T16:20:50" failures="0" errors="0" skipped="0">
	<testcase classname="test_type_ternary.TestTypeTernary" name="test_type_ternary" time="0.000" timestamp="2023-07-05T16:20:50" file="spec/python/test_type_ternary.py" line="8"/>
</testsuite>
