<?xml version="1.0" encoding="UTF-8"?>
<testsuite name="test_process_repeat_usertype.TestProcessRepeatUsertype-20200628162531" tests="1" file="test_process_repeat_usertype.py" time="0.001" timestamp="2020-06-28T16:25:31" failures="0" errors="0" skipped="0">
	<testcase classname="test_process_repeat_usertype.TestProcessRepeatUsertype" name="test_process_repeat_usertype" time="0.001" timestamp="2020-06-28T16:25:31" file="spec/python/test_process_repeat_usertype.py" line="8">
		<system-out><![CDATA[]]></system-out>
		<system-err><![CDATA[]]></system-err>
	</testcase>
</testsuite>
