<?xml version="1.0" encoding="UTF-8"?>
<testsuite name="test_process_rotate.TestProcessRotate-20230628163734" tests="1" file="test_process_rotate.py" time="0.001" timestamp="2023-06-28T16:37:34" failures="0" errors="0" skipped="0">
	<testcase classname="test_process_rotate.TestProcessRotate" name="test_process_rotate" time="0.001" timestamp="2023-06-28T16:37:34" file="spec/python/test_process_rotate.py" line="8"/>
</testsuite>
