<?xml version="1.0" encoding="UTF-8"?>
<testsuite name="test_bytes_pad_term.TestBytesPadTerm-20230721074320" tests="1" file="test_bytes_pad_term.py" time="0.000" timestamp="2023-07-21T07:43:20" failures="0" errors="0" skipped="0">
	<testcase classname="test_bytes_pad_term.TestBytesPadTerm" name="test_bytes_pad_term" time="0.000" timestamp="2023-07-21T07:43:20" file="spec/python/test_bytes_pad_term.py" line="8"/>
</testsuite>
