<?xml version="1.0" encoding="UTF-8"?>
<testsuite name="test_instance_io_user.TestInstanceIoUser-20211114130459" tests="1" file="test_instance_io_user.py" time="0.002" timestamp="2021-11-14T13:04:59" failures="0" errors="0" skipped="0">
	<testcase classname="test_instance_io_user.TestInstanceIoUser" name="test_instance_io_user" time="0.002" timestamp="2021-11-14T13:04:59" file="spec/python/test_instance_io_user.py" line="8"/>
</testsuite>
