<?xml version="1.0" encoding="UTF-8"?>
<testsuite errors="0" failures="0" file="test_cast_to_top.py" name="test_cast_to_top.TestCastToTop-20230708130216" skipped="0" tests="1" time="0.000" timestamp="2023-07-08T13:02:16">
	<testcase classname="test_cast_to_top.TestCastToTop" file="spec/python/test_cast_to_top.py" line="8" name="test_cast_to_top" time="0.000" timestamp="2023-07-08T13:02:16">
		<system-out>
<![CDATA[]]>		</system-out>
		<system-err>
<![CDATA[]]>		</system-err>
	</testcase>
</testsuite>
