<?xml version="1.0" encoding="UTF-8"?>
<testsuite errors="0" failures="0" file="test_process_xor4_const.py" name="test_process_xor4_const.TestProcessXor4Const-20190318121740" skipped="0" tests="1" time="0.001" timestamp="2019-03-18T12:17:40">
	<testcase classname="test_process_xor4_const.TestProcessXor4Const" file="spec/python/test_process_xor4_const.py" line="8" name="test_process_xor4_const" time="0.001" timestamp="2019-03-18T12:17:40"/>
</testsuite>
