<?xml version="1.0" encoding="UTF-8"?>
<testsuite name="test_type_ternary_2nd_falsy.TestTypeTernary2ndFalsy-20210403173646" tests="1" file="test_type_ternary_2nd_falsy.py" time="0.001" timestamp="2021-04-03T17:36:46" failures="0" errors="0" skipped="0">
	<testcase classname="test_type_ternary_2nd_falsy.TestTypeTernary2ndFalsy" name="test_type_ternary_2nd_falsy" time="0.001" timestamp="2021-04-03T17:36:46" file="spec/python/test_type_ternary_2nd_falsy.py" line="8"/>
</testsuite>
