<?xml version="1.0" encoding="UTF-8"?>
<testsuite errors="0" failures="0" file="test_cast_to_imported.py" name="test_cast_to_imported.TestCastToImported-20190320081957" skipped="0" tests="1" time="0.001" timestamp="2019-03-20T08:19:57">
	<testcase classname="test_cast_to_imported.TestCastToImported" file="spec/python/test_cast_to_imported.py" line="8" name="test_cast_to_imported" time="0.001" timestamp="2019-03-20T08:19:57"/>
</testsuite>
