<?xml version="1.0" encoding="UTF-8"?>
<testsuite errors="0" failures="0" name="test_switch_multi_bool_ops.TestSwitchMultiBoolOps-20180330195811" skipped="0" tests="1" time="0.000" timestamp="2018-03-30T19:58:11">
	<testcase classname="test_switch_multi_bool_ops.TestSwitchMultiBoolOps" name="test_switch_multi_bool_ops" time="0.000" timestamp="2018-03-30T19:58:11"/>
	<system-out>
<![CDATA[]]>	</system-out>
	<system-err>
<![CDATA[]]>	</system-err>
</testsuite>
