<?xml version="1.0" encoding="UTF-8"?>
<testsuite name="test_switch_repeat_expr.TestSwitchRepeatExpr" tests="1" file="test_switch_repeat_expr.py" time="0.000" timestamp="2023-07-30T15:28:07" failures="0" errors="0" skipped="0">
	<testcase classname="test_switch_repeat_expr.TestSwitchRepeatExpr" name="test_switch_repeat_expr" time="0.000" timestamp="2023-07-30T15:28:07" file="spec/python/test_switch_repeat_expr.py" line="8"/>
</testsuite>
