<?xml version="1.0" encoding="UTF-8"?>
<testsuite errors="0" failures="0" file="test_bytes_pad_term.py" name="test_bytes_pad_term.TestBytesPadTerm-20200112092952" skipped="0" tests="1" time="0.000" timestamp="2020-01-12T09:29:52">
	<testcase classname="test_bytes_pad_term.TestBytesPadTerm" file="spec/python/test_bytes_pad_term.py" line="8" name="test_bytes_pad_term" time="0.000" timestamp="2020-01-12T09:29:52">
		<system-out>
<![CDATA[]]>		</system-out>
		<system-err>
<![CDATA[]]>		</system-err>
	</testcase>
</testsuite>
