<?xml version="1.0" encoding="UTF-8"?>
<testsuite name="test_zlib_with_header_78.TestZlibWithHeader78-20220801170217" tests="1" file="test_zlib_with_header_78.py" time="0.000" timestamp="2022-08-01T17:02:17" failures="0" errors="0" skipped="0">
	<testcase classname="test_zlib_with_header_78.TestZlibWithHeader78" name="test_zlib_with_header_78" time="0.000" timestamp="2022-08-01T17:02:17" file="spec/python/test_zlib_with_header_78.py" line="8"/>
</testsuite>
