<?xml version="1.0" encoding="UTF-8"?>
<testsuite errors="0" failures="0" file="test_str_eos.py" name="test_str_eos.TestStrEos-20190401221743" skipped="0" tests="1" time="0.001" timestamp="2019-04-01T22:17:43">
	<testcase classname="test_str_eos.TestStrEos" file="spec/python/test_str_eos.py" line="8" name="test_str_eos" time="0.001" timestamp="2019-04-01T22:17:43">
		<system-out>
<![CDATA[]]>		</system-out>
		<system-err>
<![CDATA[]]>		</system-err>
	</testcase>
</testsuite>
