<?xml version="1.0" encoding="UTF-8"?>
<testsuite name="test_process_xor4_const.TestProcessXor4Const-20200509192903" tests="1" file="test_process_xor4_const.py" time="0.000" timestamp="2020-05-09T19:29:03" failures="0" errors="0" skipped="0">
	<testcase classname="test_process_xor4_const.TestProcessXor4Const" name="test_process_xor4_const" time="0.000" timestamp="2020-05-09T19:29:03" file="spec/python/test_process_xor4_const.py" line="8">
		<system-out><![CDATA[]]></system-out>
		<system-err><![CDATA[]]></system-err>
	</testcase>
</testsuite>
