<?xml version="1.0" encoding="UTF-8"?>
<testsuite errors="0" failures="0" file="test_eof_exception_bytes.py" name="test_eof_exception_bytes.TestEofExceptionBytes-20200404052918" skipped="0" tests="1" time="0.000" timestamp="2020-04-04T05:29:18">
	<testcase classname="test_eof_exception_bytes.TestEofExceptionBytes" file="spec/python/test_eof_exception_bytes.py" line="9" name="test_eof_exception_bytes" time="0.000" timestamp="2020-04-04T05:29:18">
		<system-out>
<![CDATA[]]>		</system-out>
		<system-err>
<![CDATA[]]>		</system-err>
	</testcase>
</testsuite>
