<?xml version="1.0" encoding="UTF-8"?>
<testsuite errors="0" failures="0" file="test_expr_1.py" name="test_expr_1.TestExpr1-20190722080912" skipped="0" tests="1" time="0.001" timestamp="2019-07-22T08:09:12">
	<testcase classname="test_expr_1.TestExpr1" file="spec/python/test_expr_1.py" line="8" name="test_expr_1" time="0.001" timestamp="2019-07-22T08:09:12">
		<system-out>
<![CDATA[]]>		</system-out>
		<system-err>
<![CDATA[]]>		</system-err>
	</testcase>
</testsuite>
