<?xml version="1.0" encoding="UTF-8"?>
<testsuite errors="0" failures="0" file="test_position_abs.py" name="test_position_abs.TestPositionAbs-20190318121737" skipped="0" tests="1" time="0.000" timestamp="2019-03-18T12:17:37">
	<testcase classname="test_position_abs.TestPositionAbs" file="spec/python/test_position_abs.py" line="8" name="test_position_abs" time="0.000" timestamp="2019-03-18T12:17:37"/>
</testsuite>
