<?xml version="1.0" encoding="UTF-8"?>
<testsuite name="test_expr_0.TestExpr0-20230719170446" tests="1" file="test_expr_0.py" time="0.000" timestamp="2023-07-19T17:04:46" failures="0" errors="0" skipped="0">
	<testcase classname="test_expr_0.TestExpr0" name="test_expr_0" time="0.000" timestamp="2023-07-19T17:04:46" file="spec/python/test_expr_0.py" line="8"/>
</testsuite>
