<?xml version="1.0" encoding="UTF-8"?>
<testsuite errors="0" failures="0" file="test_params_def.py" name="test_params_def.TestParamsDef-20230721092940" skipped="0" tests="1" time="0.000" timestamp="2023-07-21T09:29:40">
	<testcase classname="test_params_def.TestParamsDef" file="spec/python/test_params_def.py" line="7" name="test_params_def" time="0.000" timestamp="2023-07-21T09:29:40">
		<system-out>
<![CDATA[]]>		</system-out>
		<system-err>
<![CDATA[]]>		</system-err>
	</testcase>
</testsuite>
