<?xml version="1.0" encoding="UTF-8"?>
<testsuite errors="0" failures="0" file="test_process_coerce_usertype2.py" name="test_process_coerce_usertype2.TestProcessCoerceUsertype2-20191009105728" skipped="0" tests="1" time="0.001" timestamp="2019-10-09T10:57:28">
	<testcase classname="test_process_coerce_usertype2.TestProcessCoerceUsertype2" file="spec/python/test_process_coerce_usertype2.py" line="8" name="test_process_coerce_usertype2" time="0.001" timestamp="2019-10-09T10:57:28">
		<system-out>
<![CDATA[]]>		</system-out>
		<system-err>
<![CDATA[]]>		</system-err>
	</testcase>
</testsuite>
