<?xml version="1.0" encoding="UTF-8"?>
<testsuite errors="1" failures="0" file="test_params_def.py" name="test_params_def.TestParamsDef-20220409012202" skipped="0" tests="1" time="0.001" timestamp="2022-04-09T01:22:02">
	<testcase classname="test_params_def.TestParamsDef" file="spec/python/test_params_def.py" line="7" name="test_params_def" time="0.001" timestamp="2022-04-09T01:22:02">
		<error message="'file' object has no attribute 'seekable'" type="AttributeError">
<![CDATA[Traceback (most recent call last):
  File "/home/travis/build/kaitai-io/ci_targets/tests/spec/python/test_params_def.py", line 9, in test_params_def
    r = ParamsDef(5, True, io, None, None)
  File "/home/travis/build/kaitai-io/ci_targets/tests/compiled/python/params_def.py", line 17, in __init__
    self._read()
  File "/home/travis/build/kaitai-io/ci_targets/tests/compiled/python/params_def.py", line 20, in _read
    self.buf = (self._io.read_bytes(self.len)).decode(u"UTF-8")
  File "/home/travis/build/kaitai-io/ci_targets/runtime/python/kaitaistruct.py", line 303, in read_bytes
    if self._io.seekable():
AttributeError: 'file' object has no attribute 'seekable'
]]>		</error>
		<system-out>
<![CDATA[]]>		</system-out>
		<system-err>
<![CDATA[]]>		</system-err>
	</testcase>
</testsuite>
