<?xml version="1.0" encoding="UTF-8"?>
<testsuite errors="0" failures="0" name="test_default_endian_expr_is_le.TestDefaultEndianExprIsLe-20190125221805" skipped="0" tests="1" time="0.000" timestamp="2019-01-25T22:18:05">
	<testcase classname="test_default_endian_expr_is_le.TestDefaultEndianExprIsLe" name="test_default_endian_expr_is_le" time="0.000" timestamp="2019-01-25T22:18:05"/>
	<system-out>
<![CDATA[]]>	</system-out>
	<system-err>
<![CDATA[]]>	</system-err>
</testsuite>
