<?xml version="1.0" encoding="UTF-8"?>
<testsuite errors="0" failures="0" file="test_params_call_short.py" name="test_params_call_short.TestParamsCallShort-20230715064835" skipped="0" tests="1" time="0.000" timestamp="2023-07-15T06:48:35">
	<testcase classname="test_params_call_short.TestParamsCallShort" file="spec/python/test_params_call_short.py" line="8" name="test_params_call_short" time="0.000" timestamp="2023-07-15T06:48:35">
		<system-out>
<![CDATA[]]>		</system-out>
		<system-err>
<![CDATA[]]>		</system-err>
	</testcase>
</testsuite>
