<?xml version="1.0" encoding="UTF-8"?>
<testsuite errors="0" failures="0" file="test_nested_types3.py" name="test_nested_types3.TestNestedTypes3-20200316174809" skipped="0" tests="1" time="0.001" timestamp="2020-03-16T17:48:09">
	<testcase classname="test_nested_types3.TestNestedTypes3" file="spec/python/test_nested_types3.py" line="8" name="test_nested_types3" time="0.001" timestamp="2020-03-16T17:48:09">
		<system-out>
<![CDATA[]]>		</system-out>
		<system-err>
<![CDATA[]]>		</system-err>
	</testcase>
</testsuite>
