<?xml version="1.0" encoding="UTF-8"?>
<testsuite errors="0" failures="0" file="test_imports_abs_rel.py" name="test_imports_abs_rel.TestImportsAbsRel-20190317163014" skipped="0" tests="1" time="0.000" timestamp="2019-03-17T16:30:14">
	<testcase classname="test_imports_abs_rel.TestImportsAbsRel" file="spec/python/test_imports_abs_rel.py" line="6" name="test_imports_abs_rel" time="0.000" timestamp="2019-03-17T16:30:14"/>
</testsuite>
