<?xml version="1.0" encoding="UTF-8"?>
<testsuite errors="0" failures="0" name="test_switch_manual_int_size_else.TestSwitchManualIntSizeElse-20181224231228" skipped="0" tests="1" time="0.001" timestamp="2018-12-24T23:12:28">
	<testcase classname="test_switch_manual_int_size_else.TestSwitchManualIntSizeElse" name="test_switch_manual_int_size_else" time="0.001" timestamp="2018-12-24T23:12:28"/>
	<system-out>
<![CDATA[]]>	</system-out>
	<system-err>
<![CDATA[]]>	</system-err>
</testsuite>
