<?xml version="1.0" encoding="UTF-8"?>
<testsuite errors="0" failures="0" name="test_enum_if.TestEnumIf-20181008123149" skipped="0" tests="1" time="0.000" timestamp="2018-10-08T12:31:49">
	<testcase classname="test_enum_if.TestEnumIf" name="test_enum_if" time="0.000" timestamp="2018-10-08T12:31:49"/>
	<system-out>
<![CDATA[]]>	</system-out>
	<system-err>
<![CDATA[]]>	</system-err>
</testsuite>
