<?xml version="1.0" encoding="UTF-8"?>
<testsuite name="test_repeat_until_complex.TestRepeatUntilComplex-20210403173646" tests="1" file="test_repeat_until_complex.py" time="0.002" timestamp="2021-04-03T17:36:46" failures="0" errors="0" skipped="0">
	<testcase classname="test_repeat_until_complex.TestRepeatUntilComplex" name="test_repeat_until_complex" time="0.002" timestamp="2021-04-03T17:36:46" file="spec/python/test_repeat_until_complex.py" line="8"/>
</testsuite>
