<?xml version="1.0" encoding="UTF-8"?>
<testsuite errors="0" failures="0" file="test_buffered_struct.py" name="test_buffered_struct.TestBufferedStruct-20190320081931" skipped="0" tests="1" time="0.001" timestamp="2019-03-20T08:19:31">
	<testcase classname="test_buffered_struct.TestBufferedStruct" file="spec/python/test_buffered_struct.py" line="8" name="test_buffered_struct" time="0.001" timestamp="2019-03-20T08:19:31"/>
</testsuite>
