<?xml version="1.0" encoding="UTF-8"?>
<testsuite name="test_nav_parent_override.TestNavParentOverride" tests="1" file="test_nav_parent_override.py" time="0.015" timestamp="2023-08-02T17:41:27" failures="0" errors="0" skipped="0">
	<testcase classname="test_nav_parent_override.TestNavParentOverride" name="test_nav_parent_override" time="0.015" timestamp="2023-08-02T17:41:27" file="spec/python/test_nav_parent_override.py" line="8">
		<system-err><![CDATA[/tests/spec/python/test_nav_parent_override.py:9: ResourceWarning: unclosed file <_io.FileIO name='src/fixed_struct.bin' mode='rb' closefd=True>
  with NavParentOverride.from_file('src/nav_parent_codes.bin') as r:
ResourceWarning: Enable tracemalloc to get the object allocation traceback
]]></system-err>
	</testcase>
</testsuite>
