<?xml version="1.0" encoding="UTF-8"?>
<testsuite name="test_floating_points.TestFloatingPoints-20200824070714" tests="1" file="test_floating_points.py" time="0.001" timestamp="2020-08-24T07:07:14" failures="0" errors="0" skipped="0">
	<testcase classname="test_floating_points.TestFloatingPoints" name="test_floating_points" time="0.001" timestamp="2020-08-24T07:07:14" file="spec/python/test_floating_points.py" line="8">
		<system-out><![CDATA[]]></system-out>
		<system-err><![CDATA[]]></system-err>
	</testcase>
</testsuite>
