<?xml version="1.0" encoding="UTF-8"?>
<testsuite name="test_expr_0.TestExpr0-20220617122750" tests="1" file="test_expr_0.py" time="0.000" timestamp="2022-06-17T12:27:50" failures="0" errors="0" skipped="0">
	<testcase classname="test_expr_0.TestExpr0" name="test_expr_0" time="0.000" timestamp="2022-06-17T12:27:50" file="spec/python/test_expr_0.py" line="8"/>
</testsuite>
