<?xml version="1.0" encoding="UTF-8"?>
<testsuite name="test_enum_to_i_class_border_1.TestEnumToIClassBorder1-20211106194833" tests="1" file="test_enum_to_i_class_border_1.py" time="0.001" timestamp="2021-11-06T19:48:33" failures="0" errors="0" skipped="0">
	<testcase classname="test_enum_to_i_class_border_1.TestEnumToIClassBorder1" name="test_enum_to_i_class_border_1" time="0.001" timestamp="2021-11-06T19:48:33" file="spec/python/test_enum_to_i_class_border_1.py" line="8"/>
</testsuite>
