<?xml version="1.0" encoding="UTF-8"?>
<testsuite errors="0" failures="0" name="test_type_int_unary_op.TestTypeIntUnaryOp-20180708015814" skipped="0" tests="1" time="0.000" timestamp="2018-07-08T01:58:14">
	<testcase classname="test_type_int_unary_op.TestTypeIntUnaryOp" name="test_type_int_unary_op" time="0.000" timestamp="2018-07-08T01:58:14"/>
	<system-out>
<![CDATA[]]>	</system-out>
	<system-err>
<![CDATA[]]>	</system-err>
</testsuite>
