<?xml version="1.0" encoding="UTF-8"?>
<testsuite name="test_integers_min_max.TestIntegersMinMax-20200429194855" tests="1" file="test_integers_min_max.py" time="0.003" timestamp="2020-04-29T19:48:55" failures="0" errors="0" skipped="0">
	<testcase classname="test_integers_min_max.TestIntegersMinMax" name="test_integers_min_max" time="0.003" timestamp="2020-04-29T19:48:55" file="spec/python/test_integers_min_max.py" line="8">
		<system-out><![CDATA[]]></system-out>
		<system-err><![CDATA[]]></system-err>
	</testcase>
</testsuite>
