<?xml version="1.0" encoding="UTF-8"?>
<testsuite name="test_bits_unaligned_b32_le.TestBitsUnalignedB32Le-20230705162050" tests="1" file="test_bits_unaligned_b32_le.py" time="0.000" timestamp="2023-07-05T16:20:50" failures="0" errors="0" skipped="0">
	<testcase classname="test_bits_unaligned_b32_le.TestBitsUnalignedB32Le" name="test_bits_unaligned_b32_le" time="0.000" timestamp="2023-07-05T16:20:50" file="spec/python/test_bits_unaligned_b32_le.py" line="8"/>
</testsuite>
