<?xml version="1.0" encoding="UTF-8"?>
<testsuite errors="0" failures="0" name="test_instance_io_user.TestInstanceIoUser-20180504024723" skipped="0" tests="1" time="0.000" timestamp="2018-05-04T02:47:23">
	<testcase classname="test_instance_io_user.TestInstanceIoUser" name="test_instance_io_user" time="0.000" timestamp="2018-05-04T02:47:23"/>
	<system-out>
<![CDATA[]]>	</system-out>
	<system-err>
<![CDATA[]]>	</system-err>
</testsuite>
