<?xml version="1.0" encoding="UTF-8"?>
<testsuite name="test_str_literals.TestStrLiterals-20200301194336" tests="1" file="test_str_literals.py" time="0.001" timestamp="2020-03-01T19:43:36" failures="0" errors="0" skipped="0">
	<testcase classname="test_str_literals.TestStrLiterals" name="test_str_literals" time="0.001" timestamp="2020-03-01T19:43:36" file="spec/python/test_str_literals.py" line="6">
		<system-out><![CDATA[]]></system-out>
		<system-err><![CDATA[]]></system-err>
	</testcase>
</testsuite>
