<?xml version="1.0" encoding="UTF-8"?>
<testsuite name="test_combine_bytes.TestCombineBytes-20220313103353" tests="1" file="test_combine_bytes.py" time="0.001" timestamp="2022-03-13T10:33:53" failures="0" errors="0" skipped="0">
	<testcase classname="test_combine_bytes.TestCombineBytes" name="test_combine_bytes" time="0.001" timestamp="2022-03-13T10:33:53" file="spec/python/test_combine_bytes.py" line="8"/>
</testsuite>
