<?xml version="1.0" encoding="UTF-8"?>
<testsuite name="test_valid_fail_inst.TestValidFailInst-20230706183513" tests="1" file="test_valid_fail_inst.py" time="0.000" timestamp="2023-07-06T18:35:13" failures="0" errors="0" skipped="0">
	<testcase classname="test_valid_fail_inst.TestValidFailInst" name="test_valid_fail_inst" time="0.000" timestamp="2023-07-06T18:35:13" file="spec/python/test_valid_fail_inst.py" line="9"/>
</testsuite>
