<?xml version="1.0" encoding="UTF-8"?>
<testsuite errors="0" failures="0" file="test_combine_enum.py" name="test_combine_enum.TestCombineEnum" skipped="0" tests="1" time="0.000" timestamp="2023-07-24T14:11:18">
	<testcase classname="test_combine_enum.TestCombineEnum" file="spec/python/test_combine_enum.py" line="8" name="test_combine_enum" time="0.000" timestamp="2023-07-24T14:11:18">
		<system-out>
<![CDATA[]]>		</system-out>
		<system-err>
<![CDATA[]]>		</system-err>
	</testcase>
</testsuite>
