<?xml version="1.0" encoding="UTF-8"?>
<testsuite errors="0" failures="0" file="test_index_sizes.py" name="test_index_sizes.TestIndexSizes-20230705115533" skipped="0" tests="1" time="0.001" timestamp="2023-07-05T11:55:34">
	<testcase classname="test_index_sizes.TestIndexSizes" file="spec/python/test_index_sizes.py" line="8" name="test_index_sizes" time="0.001" timestamp="2023-07-05T11:55:34">
		<system-out>
<![CDATA[]]>		</system-out>
		<system-err>
<![CDATA[]]>		</system-err>
	</testcase>
</testsuite>
