<?xml version="1.0" encoding="UTF-8"?>
<testsuite name="test_enum_if.TestEnumIf-20230707214036" tests="1" file="test_enum_if.py" time="0.001" timestamp="2023-07-07T21:40:36" failures="0" errors="0" skipped="0">
	<testcase classname="test_enum_if.TestEnumIf" name="test_enum_if" time="0.001" timestamp="2023-07-07T21:40:36" file="spec/python/test_enum_if.py" line="8"/>
</testsuite>
