<?xml version="1.0" encoding="UTF-8"?>
<testsuite name="test_nested_types.TestNestedTypes-20210302195852" tests="1" file="test_nested_types.py" time="0.001" timestamp="2021-03-02T19:58:52" failures="0" errors="0" skipped="0">
	<testcase classname="test_nested_types.TestNestedTypes" name="test_nested_types" time="0.001" timestamp="2021-03-02T19:58:52" file="spec/python/test_nested_types.py" line="8"/>
</testsuite>
