<?xml version="1.0" encoding="UTF-8"?>
<testsuite name="test_valid_fail_eq_str.TestValidFailEqStr-20230721074320" tests="1" file="test_valid_fail_eq_str.py" time="0.000" timestamp="2023-07-21T07:43:20" failures="0" errors="0" skipped="0">
	<testcase classname="test_valid_fail_eq_str.TestValidFailEqStr" name="test_valid_fail_eq_str" time="0.000" timestamp="2023-07-21T07:43:20" file="spec/python/test_valid_fail_eq_str.py" line="9"/>
</testsuite>
