<?xml version="1.0" encoding="UTF-8"?>
<testsuite errors="0" failures="0" file="test_nav_parent_false.py" name="test_nav_parent_false.TestNavParentFalse-20191125024348" skipped="0" tests="1" time="0.001" timestamp="2019-11-25T02:43:48">
	<testcase classname="test_nav_parent_false.TestNavParentFalse" file="spec/python/test_nav_parent_false.py" line="8" name="test_nav_parent_false" time="0.001" timestamp="2019-11-25T02:43:48">
		<system-out>
<![CDATA[]]>		</system-out>
		<system-err>
<![CDATA[]]>		</system-err>
	</testcase>
</testsuite>
