<?xml version="1.0" encoding="UTF-8"?>
<testsuite errors="0" failures="0" file="test_imports_circular_a.py" name="test_imports_circular_a.TestImportsCircularA-20200413015159" skipped="0" tests="1" time="0.001" timestamp="2020-04-13T01:51:59">
	<testcase classname="test_imports_circular_a.TestImportsCircularA" file="spec/python/test_imports_circular_a.py" line="6" name="test_imports_circular_a" time="0.001" timestamp="2020-04-13T01:51:59">
		<system-out>
<![CDATA[]]>		</system-out>
		<system-err>
<![CDATA[]]>		</system-err>
	</testcase>
</testsuite>
