<?xml version="1.0" encoding="UTF-8"?>
<testsuite errors="0" failures="0" name="test_switch_integers.TestSwitchIntegers-20181108222354" skipped="0" tests="1" time="0.000" timestamp="2018-11-08T22:23:54">
	<testcase classname="test_switch_integers.TestSwitchIntegers" name="test_switch_integers" time="0.000" timestamp="2018-11-08T22:23:54"/>
	<system-out>
<![CDATA[]]>	</system-out>
	<system-err>
<![CDATA[]]>	</system-err>
</testsuite>
