<?xml version="1.0" encoding="UTF-8"?>
<testsuite name="test_valid_not_parsed_if.TestValidNotParsedIf-20230715064845" tests="1" file="test_valid_not_parsed_if.py" time="0.000" timestamp="2023-07-15T06:48:45" failures="0" errors="0" skipped="0">
	<testcase classname="test_valid_not_parsed_if.TestValidNotParsedIf" name="test_valid_not_parsed_if" time="0.000" timestamp="2023-07-15T06:48:45" file="spec/python/test_valid_not_parsed_if.py" line="8"/>
</testsuite>
