<?xml version="1.0" encoding="UTF-8"?>
<testsuite name="test_str_literals.TestStrLiterals-20230706193504" tests="1" file="test_str_literals.py" time="0.001" timestamp="2023-07-06T19:35:05" failures="0" errors="0" skipped="0">
	<testcase classname="test_str_literals.TestStrLiterals" name="test_str_literals" time="0.001" timestamp="2023-07-06T19:35:05" file="spec/python/test_str_literals.py" line="6"/>
</testsuite>
