<?xml version="1.0" encoding="UTF-8"?>
<testsuite errors="0" failures="0" name="test_integers.TestIntegers-20180414152921" skipped="0" tests="1" time="0.000" timestamp="2018-04-14T15:29:21">
	<testcase classname="test_integers.TestIntegers" name="test_integers" time="0.000" timestamp="2018-04-14T15:29:21"/>
	<system-out>
<![CDATA[]]>	</system-out>
	<system-err>
<![CDATA[]]>	</system-err>
</testsuite>
