<?xml version="1.0" encoding="UTF-8"?>
<testsuite name="test_default_endian_mod.TestDefaultEndianMod-20220409014641" tests="1" file="test_default_endian_mod.py" time="0.001" timestamp="2022-04-09T01:46:41" failures="0" errors="0" skipped="0">
	<testcase classname="test_default_endian_mod.TestDefaultEndianMod" name="test_default_endian_mod" time="0.001" timestamp="2022-04-09T01:46:41" file="spec/python/test_default_endian_mod.py" line="8"/>
</testsuite>
