<?xml version="1.0" encoding="UTF-8"?>
<testsuite name="test_process_custom_no_args.TestProcessCustomNoArgs-20230707192537" tests="1" file="test_process_custom_no_args.py" time="0.000" timestamp="2023-07-07T19:25:37" failures="0" errors="0" skipped="0">
	<testcase classname="test_process_custom_no_args.TestProcessCustomNoArgs" name="test_process_custom_no_args" time="0.000" timestamp="2023-07-07T19:25:37" file="spec/python/test_process_custom_no_args.py" line="8"/>
</testsuite>
