<?xml version="1.0" encoding="UTF-8"?>
<testsuite errors="0" failures="0" file="test_expr_bits.py" name="test_expr_bits.TestExprBits-20230719152414" skipped="0" tests="1" time="0.005" timestamp="2023-07-19T15:24:14">
	<testcase classname="test_expr_bits.TestExprBits" file="spec/python/test_expr_bits.py" line="8" name="test_expr_bits" time="0.005" timestamp="2023-07-19T15:24:14">
		<system-out>
<![CDATA[]]>		</system-out>
		<system-err>
<![CDATA[]]>		</system-err>
	</testcase>
</testsuite>
