<?xml version="1.0" encoding="UTF-8"?>
<testsuite name="test_eof_exception_bytes.TestEofExceptionBytes-20200229171827" tests="1" file="test_eof_exception_bytes.py" time="0.001" timestamp="2020-02-29T17:18:27" failures="0" errors="0" skipped="0">
	<testcase classname="test_eof_exception_bytes.TestEofExceptionBytes" name="test_eof_exception_bytes" time="0.001" timestamp="2020-02-29T17:18:27" file="spec/python/test_eof_exception_bytes.py" line="9">
		<system-out><![CDATA[]]></system-out>
		<system-err><![CDATA[]]></system-err>
	</testcase>
</testsuite>
