<?xml version="1.0" encoding="UTF-8"?>
<testsuite errors="0" failures="0" file="test_bits_simple_le.py" name="test_bits_simple_le.TestBitsSimpleLe-20230706193509" skipped="0" tests="1" time="0.002" timestamp="2023-07-06T19:35:09">
	<testcase classname="test_bits_simple_le.TestBitsSimpleLe" file="spec/python/test_bits_simple_le.py" line="8" name="test_bits_simple_le" time="0.002" timestamp="2023-07-06T19:35:09">
		<system-out>
<![CDATA[]]>		</system-out>
		<system-err>
<![CDATA[]]>		</system-err>
	</testcase>
</testsuite>
