<?xml version="1.0" encoding="UTF-8"?>
<testsuite errors="0" failures="0" file="test_combine_str.py" name="test_combine_str.TestCombineStr-20200727151555" skipped="0" tests="1" time="0.001" timestamp="2020-07-27T15:15:55">
	<testcase classname="test_combine_str.TestCombineStr" file="spec/python/test_combine_str.py" line="8" name="test_combine_str" time="0.001" timestamp="2020-07-27T15:15:55">
		<system-out>
<![CDATA[]]>		</system-out>
		<system-err>
<![CDATA[]]>		</system-err>
	</testcase>
</testsuite>
