<?xml version="1.0" encoding="UTF-8"?>
<testsuite name="test_params_pass_bool.TestParamsPassBool-20230719150532" tests="1" file="test_params_pass_bool.py" time="0.001" timestamp="2023-07-19T15:05:32" failures="0" errors="0" skipped="0">
	<testcase classname="test_params_pass_bool.TestParamsPassBool" name="test_params_pass_bool" time="0.001" timestamp="2023-07-19T15:05:32" file="spec/python/test_params_pass_bool.py" line="8"/>
</testsuite>
