<?xml version="1.0" encoding="UTF-8"?>
<testsuite errors="0" failures="0" file="test_instance_user_array.py" name="test_instance_user_array.TestInstanceUserArray-20200402133812" skipped="0" tests="1" time="0.002" timestamp="2020-04-02T13:38:12">
	<testcase classname="test_instance_user_array.TestInstanceUserArray" file="spec/python/test_instance_user_array.py" line="8" name="test_instance_user_array" time="0.002" timestamp="2020-04-02T13:38:12">
		<system-out>
<![CDATA[]]>		</system-out>
		<system-err>
<![CDATA[]]>		</system-err>
	</testcase>
</testsuite>
