<?xml version="1.0" encoding="UTF-8"?>
<testsuite errors="0" failures="0" file="test_enum_deep_literals.py" name="test_enum_deep_literals.TestEnumDeepLiterals-20200329091852" skipped="0" tests="1" time="0.000" timestamp="2020-03-29T09:18:52">
	<testcase classname="test_enum_deep_literals.TestEnumDeepLiterals" file="spec/python/test_enum_deep_literals.py" line="8" name="test_enum_deep_literals" time="0.000" timestamp="2020-03-29T09:18:52">
		<system-out>
<![CDATA[]]>		</system-out>
		<system-err>
<![CDATA[]]>		</system-err>
	</testcase>
</testsuite>
