<?xml version="1.0" encoding="UTF-8"?>
<testsuite name="test_eos_exception_bytes.TestEosExceptionBytes" tests="1" file="test_eos_exception_bytes.py" time="0.000" timestamp="2023-07-24T14:11:19" failures="0" errors="0" skipped="0">
	<testcase classname="test_eos_exception_bytes.TestEosExceptionBytes" name="test_eos_exception_bytes" time="0.000" timestamp="2023-07-24T14:11:19" file="spec/python/test_eos_exception_bytes.py" line="7">
		<system-err><![CDATA[/tests/spec/python/test_eos_exception_bytes.py:8: DeprecationWarning: Please use assertRaisesRegex instead.
  with self.assertRaisesRegexp(EOFError, "^requested \d+ bytes, but only \d+ bytes available$"):
]]></system-err>
	</testcase>
</testsuite>
