<?xml version="1.0" encoding="UTF-8"?>
<testsuite errors="0" failures="0" name="test_str_pad_term_empty.TestStrPadTermEmpty-20180330195811" skipped="0" tests="1" time="0.000" timestamp="2018-03-30T19:58:11">
	<testcase classname="test_str_pad_term_empty.TestStrPadTermEmpty" name="test_str_pad_term_empty" time="0.000" timestamp="2018-03-30T19:58:11"/>
	<system-out>
<![CDATA[]]>	</system-out>
	<system-err>
<![CDATA[]]>	</system-err>
</testsuite>
