<?xml version="1.0" encoding="UTF-8"?>
<testsuite name="test_zlib_surrounded.TestZlibSurrounded-20230707192537" tests="1" file="test_zlib_surrounded.py" time="0.000" timestamp="2023-07-07T19:25:37" failures="0" errors="0" skipped="0">
	<testcase classname="test_zlib_surrounded.TestZlibSurrounded" name="test_zlib_surrounded" time="0.000" timestamp="2023-07-07T19:25:37" file="spec/python/test_zlib_surrounded.py" line="8"/>
</testsuite>
