<?xml version="1.0" encoding="UTF-8"?>
<testsuite name="test_instance_user_array.TestInstanceUserArray-20230628194105" tests="1" file="test_instance_user_array.py" time="0.001" timestamp="2023-06-28T19:41:05" failures="0" errors="0" skipped="0">
	<testcase classname="test_instance_user_array.TestInstanceUserArray" name="test_instance_user_array" time="0.001" timestamp="2023-06-28T19:41:05" file="spec/python/test_instance_user_array.py" line="8"/>
</testsuite>
