<?xml version="1.0" encoding="UTF-8"?>
<testsuite errors="0" failures="0" name="test_index_to_param_eos.TestIndexToParamEos-20180419210836" skipped="0" tests="1" time="0.000" timestamp="2018-04-19T21:08:36">
	<testcase classname="test_index_to_param_eos.TestIndexToParamEos" name="test_index_to_param_eos" time="0.000" timestamp="2018-04-19T21:08:36"/>
	<system-out>
<![CDATA[]]>	</system-out>
	<system-err>
<![CDATA[]]>	</system-err>
</testsuite>
