<?xml version="1.0" encoding="UTF-8"?>
<testsuite name="test_repeat_until_s4.TestRepeatUntilS4-20201031095923" tests="1" file="test_repeat_until_s4.py" time="0.001" timestamp="2020-10-31T09:59:23" failures="0" errors="0" skipped="0">
	<testcase classname="test_repeat_until_s4.TestRepeatUntilS4" name="test_repeat_until_s4" time="0.001" timestamp="2020-10-31T09:59:23" file="spec/python/test_repeat_until_s4.py" line="8"/>
</testsuite>
