<?xml version="1.0" encoding="UTF-8"?>
<testsuite errors="0" failures="0" file="test_cast_to_top.py" name="test_cast_to_top.TestCastToTop-20190319025505" skipped="0" tests="1" time="0.000" timestamp="2019-03-19T02:55:05">
	<testcase classname="test_cast_to_top.TestCastToTop" file="spec/python/test_cast_to_top.py" line="8" name="test_cast_to_top" time="0.000" timestamp="2019-03-19T02:55:05"/>
</testsuite>
