<?xml version="1.0" encoding="UTF-8"?>
<testsuite name="test_combine_bool.TestCombineBool-20220505210428" tests="1" file="test_combine_bool.py" time="0.000" timestamp="2022-05-05T21:04:28" failures="0" errors="0" skipped="0">
	<testcase classname="test_combine_bool.TestCombineBool" name="test_combine_bool" time="0.000" timestamp="2022-05-05T21:04:28" file="spec/python/test_combine_bool.py" line="8"/>
</testsuite>
