<?xml version="1.0" encoding="UTF-8"?>
<testsuite name="test_position_in_seq.TestPositionInSeq-20230706183513" tests="1" file="test_position_in_seq.py" time="0.000" timestamp="2023-07-06T18:35:13" failures="0" errors="0" skipped="0">
	<testcase classname="test_position_in_seq.TestPositionInSeq" name="test_position_in_seq" time="0.000" timestamp="2023-07-06T18:35:13" file="spec/python/test_position_in_seq.py" line="8"/>
</testsuite>
