<?xml version="1.0" encoding="UTF-8"?>
<testsuite errors="0" failures="0" file="test_bits_simple.py" name="test_bits_simple.TestBitsSimple-20191229110253" skipped="0" tests="1" time="0.001" timestamp="2019-12-29T11:02:54">
	<testcase classname="test_bits_simple.TestBitsSimple" file="spec/python/test_bits_simple.py" line="8" name="test_bits_simple" time="0.001" timestamp="2019-12-29T11:02:54">
		<system-out>
<![CDATA[]]>		</system-out>
		<system-err>
<![CDATA[]]>		</system-err>
	</testcase>
</testsuite>
