<?xml version="1.0" encoding="UTF-8"?>
<testsuite errors="0" failures="0" name="test_bits_simple.TestBitsSimple-20180902103402" skipped="0" tests="1" time="0.000" timestamp="2018-09-02T10:34:02">
	<testcase classname="test_bits_simple.TestBitsSimple" name="test_bits_simple" time="0.000" timestamp="2018-09-02T10:34:02"/>
	<system-out>
<![CDATA[]]>	</system-out>
	<system-err>
<![CDATA[]]>	</system-err>
</testsuite>
