<?xml version="1.0" encoding="UTF-8"?>
<testsuite name="test_cast_to_imported.TestCastToImported-20230721170737" tests="1" file="test_cast_to_imported.py" time="0.000" timestamp="2023-07-21T17:07:37" failures="0" errors="0" skipped="0">
	<testcase classname="test_cast_to_imported.TestCastToImported" name="test_cast_to_imported" time="0.000" timestamp="2023-07-21T17:07:37" file="spec/python/test_cast_to_imported.py" line="8"/>
</testsuite>
