<?xml version="1.0" encoding="UTF-8"?>
<testsuite errors="0" failures="0" name="test_default_endian_expr_exception.TestDefaultEndianExprException-20180708015745" skipped="0" tests="1" time="0.000" timestamp="2018-07-08T01:57:45">
	<testcase classname="test_default_endian_expr_exception.TestDefaultEndianExprException" name="test_default_endian_expr_exception" time="0.000" timestamp="2018-07-08T01:57:45"/>
	<system-out>
<![CDATA[]]>	</system-out>
	<system-err>
<![CDATA[]]>	</system-err>
</testsuite>
