<?xml version="1.0" encoding="UTF-8"?>
<testsuite errors="0" failures="0" file="test_integers.py" name="test_integers.TestIntegers-20190320081957" skipped="0" tests="1" time="0.002" timestamp="2019-03-20T08:19:58">
	<testcase classname="test_integers.TestIntegers" file="spec/python/test_integers.py" line="8" name="test_integers" time="0.002" timestamp="2019-03-20T08:19:58"/>
</testsuite>
