<?xml version="1.0" encoding="UTF-8"?>
<testsuite errors="0" failures="0" file="test_expr_bytes_ops.py" name="test_expr_bytes_ops.TestExprBytesOps-20200229093153" skipped="0" tests="1" time="0.001" timestamp="2020-02-29T09:31:53">
	<testcase classname="test_expr_bytes_ops.TestExprBytesOps" file="spec/python/test_expr_bytes_ops.py" line="8" name="test_expr_bytes_ops" time="0.001" timestamp="2020-02-29T09:31:53">
		<system-out>
<![CDATA[]]>		</system-out>
		<system-err>
<![CDATA[]]>		</system-err>
	</testcase>
</testsuite>
