<?xml version="1.0" encoding="UTF-8"?>
<testsuite name="test_imports_abs_rel.TestImportsAbsRel-20200415032700" tests="1" file="test_imports_abs_rel.py" time="0.001" timestamp="2020-04-15T03:27:00" failures="0" errors="0" skipped="0">
	<testcase classname="test_imports_abs_rel.TestImportsAbsRel" name="test_imports_abs_rel" time="0.001" timestamp="2020-04-15T03:27:00" file="spec/python/test_imports_abs_rel.py" line="6">
		<system-out><![CDATA[]]></system-out>
		<system-err><![CDATA[]]></system-err>
	</testcase>
</testsuite>
