<?xml version="1.0" encoding="UTF-8"?>
<testsuite errors="0" failures="0" file="test_nested_same_name2.py" name="test_nested_same_name2.TestNestedSameName2-20191210153637" skipped="0" tests="1" time="0.000" timestamp="2019-12-10T15:36:37">
	<testcase classname="test_nested_same_name2.TestNestedSameName2" file="spec/python/test_nested_same_name2.py" line="8" name="test_nested_same_name2" time="0.000" timestamp="2019-12-10T15:36:37">
		<system-out>
<![CDATA[]]>		</system-out>
		<system-err>
<![CDATA[]]>		</system-err>
	</testcase>
</testsuite>
