<?xml version="1.0" encoding="UTF-8"?>
<testsuite name="test_process_repeat_usertype.TestProcessRepeatUsertype-20230721093934" tests="1" file="test_process_repeat_usertype.py" time="0.000" timestamp="2023-07-21T09:39:35" failures="0" errors="0" skipped="0">
	<testcase classname="test_process_repeat_usertype.TestProcessRepeatUsertype" name="test_process_repeat_usertype" time="0.000" timestamp="2023-07-21T09:39:35" file="spec/python/test_process_repeat_usertype.py" line="8"/>
</testsuite>
