<?xml version="1.0" encoding="UTF-8"?>
<testsuite name="test_repeat_n_strz.TestRepeatNStrz" tests="1" file="test_repeat_n_strz.py" time="0.000" timestamp="2023-07-28T14:35:40" failures="0" errors="0" skipped="0">
	<testcase classname="test_repeat_n_strz.TestRepeatNStrz" name="test_repeat_n_strz" time="0.000" timestamp="2023-07-28T14:35:40" file="spec/python/test_repeat_n_strz.py" line="8"/>
</testsuite>
