<?xml version="1.0" encoding="UTF-8"?>
<testsuite name="test_bcd_user_type_le.TestBcdUserTypeLe-20220728094509" tests="1" file="test_bcd_user_type_le.py" time="0.001" timestamp="2022-07-28T09:45:09" failures="0" errors="0" skipped="0">
	<testcase classname="test_bcd_user_type_le.TestBcdUserTypeLe" name="test_bcd_user_type_le" time="0.001" timestamp="2022-07-28T09:45:09" file="spec/python/test_bcd_user_type_le.py" line="8"/>
</testsuite>
