<?xml version="1.0" encoding="UTF-8"?>
<testsuite errors="0" failures="0" file="test_params_pass_array_int.py" name="test_params_pass_array_int.TestParamsPassArrayInt-20200409211741" skipped="0" tests="1" time="0.001" timestamp="2020-04-09T21:17:41">
	<testcase classname="test_params_pass_array_int.TestParamsPassArrayInt" file="spec/python/test_params_pass_array_int.py" line="8" name="test_params_pass_array_int" time="0.001" timestamp="2020-04-09T21:17:41">
		<system-out>
<![CDATA[]]>		</system-out>
		<system-err>
<![CDATA[]]>		</system-err>
	</testcase>
</testsuite>
