<?xml version="1.0" encoding="UTF-8"?>
<testsuite name="test_default_endian_expr_exception.TestDefaultEndianExprException-20230721073730" tests="1" file="test_default_endian_expr_exception.py" time="0.000" timestamp="2023-07-21T07:37:30" failures="0" errors="0" skipped="0">
	<testcase classname="test_default_endian_expr_exception.TestDefaultEndianExprException" name="test_default_endian_expr_exception" time="0.000" timestamp="2023-07-21T07:37:30" file="spec/python/test_default_endian_expr_exception.py" line="9"/>
</testsuite>
