<?xml version="1.0" encoding="UTF-8"?>
<testsuite name="test_instance_io_user.TestInstanceIoUser-20230705183723" tests="1" file="test_instance_io_user.py" time="0.000" timestamp="2023-07-05T18:37:23" failures="0" errors="0" skipped="0">
	<testcase classname="test_instance_io_user.TestInstanceIoUser" name="test_instance_io_user" time="0.000" timestamp="2023-07-05T18:37:23" file="spec/python/test_instance_io_user.py" line="8"/>
</testsuite>
