<?xml version="1.0" encoding="UTF-8"?>
<testsuite name="test_valid_fail_range_bytes.TestValidFailRangeBytes-20230627085638" tests="1" file="test_valid_fail_range_bytes.py" time="0.000" timestamp="2023-06-27T08:56:38" failures="0" errors="0" skipped="0">
	<testcase classname="test_valid_fail_range_bytes.TestValidFailRangeBytes" name="test_valid_fail_range_bytes" time="0.000" timestamp="2023-06-27T08:56:38" file="spec/python/test_valid_fail_range_bytes.py" line="9"/>
</testsuite>
