<?xml version="1.0" encoding="UTF-8"?>
<testsuite errors="0" failures="0" file="test_str_encodings_default.py" name="test_str_encodings_default.TestStrEncodingsDefault-20211114130433" skipped="0" tests="1" time="0.000" timestamp="2021-11-14T13:04:33">
	<testcase classname="test_str_encodings_default.TestStrEncodingsDefault" file="spec/python/test_str_encodings_default.py" line="8" name="test_str_encodings_default" time="0.000" timestamp="2021-11-14T13:04:33">
		<system-out>
<![CDATA[]]>		</system-out>
		<system-err>
<![CDATA[]]>		</system-err>
	</testcase>
</testsuite>
