<?xml version="1.0" encoding="UTF-8"?>
<testsuite name="test_type_ternary.TestTypeTernary-20200213234655" tests="1" file="test_type_ternary.py" time="0.001" timestamp="2020-02-13T23:46:55" failures="0" errors="0" skipped="0">
	<testcase classname="test_type_ternary.TestTypeTernary" name="test_type_ternary" time="0.001" timestamp="2020-02-13T23:46:55" file="spec/python/test_type_ternary.py" line="8">
		<system-out><![CDATA[]]></system-out>
		<system-err><![CDATA[]]></system-err>
	</testcase>
</testsuite>
