<?xml version="1.0" encoding="UTF-8"?>
<testsuite name="test_bits_enum.TestBitsEnum-20211106194833" tests="1" file="test_bits_enum.py" time="0.001" timestamp="2021-11-06T19:48:33" failures="0" errors="0" skipped="0">
	<testcase classname="test_bits_enum.TestBitsEnum" name="test_bits_enum" time="0.001" timestamp="2021-11-06T19:48:33" file="spec/python/test_bits_enum.py" line="8"/>
</testsuite>
