<?xml version="1.0" encoding="UTF-8"?>
<testsuite errors="0" failures="0" file="test_expr_io_pos.py" name="test_expr_io_pos.TestExprIoPos-20220210221132" skipped="0" tests="1" time="0.001" timestamp="2022-02-10T22:11:32">
	<testcase classname="test_expr_io_pos.TestExprIoPos" file="spec/python/test_expr_io_pos.py" line="8" name="test_expr_io_pos" time="0.001" timestamp="2022-02-10T22:11:32">
		<system-out>
<![CDATA[]]>		</system-out>
		<system-err>
<![CDATA[]]>		</system-err>
	</testcase>
</testsuite>
