<?xml version="1.0" encoding="UTF-8"?>
<testsuite name="test_recursive_one.TestRecursiveOne-20230705161132" tests="1" file="test_recursive_one.py" time="0.000" timestamp="2023-07-05T16:11:32" failures="0" errors="0" skipped="0">
	<testcase classname="test_recursive_one.TestRecursiveOne" name="test_recursive_one" time="0.000" timestamp="2023-07-05T16:11:32" file="spec/python/test_recursive_one.py" line="8"/>
</testsuite>
