<?xml version="1.0" encoding="UTF-8"?>
<testsuite errors="0" failures="0" file="test_instance_io_user.py" name="test_instance_io_user.TestInstanceIoUser-20190318121737" skipped="0" tests="1" time="0.001" timestamp="2019-03-18T12:17:37">
	<testcase classname="test_instance_io_user.TestInstanceIoUser" file="spec/python/test_instance_io_user.py" line="8" name="test_instance_io_user" time="0.001" timestamp="2019-03-18T12:17:37"/>
</testsuite>
