<?xml version="1.0" encoding="UTF-8"?>
<testsuite errors="0" failures="0" file="test_process_coerce_bytes.py" name="test_process_coerce_bytes.TestProcessCoerceBytes-20191221013638" skipped="0" tests="1" time="0.000" timestamp="2019-12-21T01:36:38">
	<testcase classname="test_process_coerce_bytes.TestProcessCoerceBytes" file="spec/python/test_process_coerce_bytes.py" line="8" name="test_process_coerce_bytes" time="0.000" timestamp="2019-12-21T01:36:38">
		<system-out>
<![CDATA[]]>		</system-out>
		<system-err>
<![CDATA[]]>		</system-err>
	</testcase>
</testsuite>
