<?xml version="1.0" encoding="UTF-8"?>
<testsuite name="test_meta_xref.TestMetaXref-20230708130218" tests="1" file="test_meta_xref.py" time="0.000" timestamp="2023-07-08T13:02:18" failures="0" errors="0" skipped="0">
	<testcase classname="test_meta_xref.TestMetaXref" name="test_meta_xref" time="0.000" timestamp="2023-07-08T13:02:18" file="spec/python/test_meta_xref.py" line="8"/>
</testsuite>
