<?xml version="1.0" encoding="UTF-8"?>
<testsuite name="test_index_sizes.TestIndexSizes-20200216125628" tests="1" file="test_index_sizes.py" time="0.001" timestamp="2020-02-16T12:56:28" failures="0" errors="0" skipped="0">
	<testcase classname="test_index_sizes.TestIndexSizes" name="test_index_sizes" time="0.001" timestamp="2020-02-16T12:56:28" file="spec/python/test_index_sizes.py" line="8">
		<system-out><![CDATA[]]></system-out>
		<system-err><![CDATA[]]></system-err>
	</testcase>
</testsuite>
