<?xml version="1.0" encoding="UTF-8"?>
<testsuite name="test_bits_signed_res_b32_le.TestBitsSignedResB32Le" tests="1" file="test_bits_signed_res_b32_le.py" time="0.000" timestamp="2023-07-28T14:35:40" failures="0" errors="0" skipped="0">
	<testcase classname="test_bits_signed_res_b32_le.TestBitsSignedResB32Le" name="test_bits_signed_res_b32_le" time="0.000" timestamp="2023-07-28T14:35:40" file="spec/python/test_bits_signed_res_b32_le.py" line="8"/>
</testsuite>
