<?xml version="1.0" encoding="UTF-8"?>
<testsuite errors="0" failures="0" file="test_expr_mod.py" name="test_expr_mod.TestExprMod" skipped="0" tests="1" time="0.000" timestamp="2023-07-30T15:28:02">
	<testcase classname="test_expr_mod.TestExprMod" file="spec/python/test_expr_mod.py" line="8" name="test_expr_mod" time="0.000" timestamp="2023-07-30T15:28:02">
		<system-out>
<![CDATA[]]>		</system-out>
		<system-err>
<![CDATA[]]>		</system-err>
	</testcase>
</testsuite>
