<?xml version="1.0" encoding="UTF-8"?>
<testsuite errors="0" failures="0" file="test_term_bytes.py" name="test_term_bytes.TestTermBytes-20200522210142" skipped="0" tests="1" time="0.001" timestamp="2020-05-22T21:01:42">
	<testcase classname="test_term_bytes.TestTermBytes" file="spec/python/test_term_bytes.py" line="8" name="test_term_bytes" time="0.001" timestamp="2020-05-22T21:01:42">
		<system-out>
<![CDATA[]]>		</system-out>
		<system-err>
<![CDATA[]]>		</system-err>
	</testcase>
</testsuite>
