<?xml version="1.0" encoding="UTF-8"?>
<testsuite name="test_bcd_user_type_be.TestBcdUserTypeBe-20220409014641" tests="1" file="test_bcd_user_type_be.py" time="0.006" timestamp="2022-04-09T01:46:41" failures="0" errors="0" skipped="0">
	<testcase classname="test_bcd_user_type_be.TestBcdUserTypeBe" name="test_bcd_user_type_be" time="0.006" timestamp="2022-04-09T01:46:41" file="spec/python/test_bcd_user_type_be.py" line="8"/>
</testsuite>
