<?xml version="1.0" encoding="UTF-8"?>
<testsuite name="test_expr_if_int_ops.TestExprIfIntOps-20200730221040" tests="1" file="test_expr_if_int_ops.py" time="0.000" timestamp="2020-07-30T22:10:40" failures="0" errors="0" skipped="0">
	<testcase classname="test_expr_if_int_ops.TestExprIfIntOps" name="test_expr_if_int_ops" time="0.000" timestamp="2020-07-30T22:10:40" file="spec/python/test_expr_if_int_ops.py" line="8">
		<system-out><![CDATA[]]></system-out>
		<system-err><![CDATA[]]></system-err>
	</testcase>
</testsuite>
