<?xml version="1.0" encoding="UTF-8"?>
<testsuite name="test_switch_manual_enum.TestSwitchManualEnum-20200213234655" tests="1" file="test_switch_manual_enum.py" time="0.002" timestamp="2020-02-13T23:46:55" failures="0" errors="0" skipped="0">
	<testcase classname="test_switch_manual_enum.TestSwitchManualEnum" name="test_switch_manual_enum" time="0.002" timestamp="2020-02-13T23:46:55" file="spec/python/test_switch_manual_enum.py" line="8">
		<system-out><![CDATA[]]></system-out>
		<system-err><![CDATA[]]></system-err>
	</testcase>
</testsuite>
