<?xml version="1.0" encoding="UTF-8"?>
<testsuite errors="0" failures="0" file="test_imports0.py" name="test_imports0.TestImports0-20190318121737" skipped="0" tests="1" time="0.000" timestamp="2019-03-18T12:17:37">
	<testcase classname="test_imports0.TestImports0" file="spec/python/test_imports0.py" line="6" name="test_imports0" time="0.000" timestamp="2019-03-18T12:17:37"/>
</testsuite>
