<?xml version="1.0" encoding="UTF-8"?>
<testsuite errors="0" failures="0" name="test_debug_array_user.TestDebugArrayUser-20181024152642" skipped="0" tests="1" time="0.000" timestamp="2018-10-24T15:26:42">
	<testcase classname="test_debug_array_user.TestDebugArrayUser" name="test_debug_array_user" time="0.000" timestamp="2018-10-24T15:26:42"/>
	<system-out>
<![CDATA[]]>	</system-out>
	<system-err>
<![CDATA[]]>	</system-err>
</testsuite>
