<?xml version="1.0" encoding="UTF-8"?>
<testsuite errors="0" failures="0" file="test_switch_cast.py" name="test_switch_cast.TestSwitchCast-20200606072548" skipped="0" tests="1" time="0.001" timestamp="2020-06-06T07:25:49">
	<testcase classname="test_switch_cast.TestSwitchCast" file="spec/python/test_switch_cast.py" line="6" name="test_switch_cast" time="0.001" timestamp="2020-06-06T07:25:49">
		<system-out>
<![CDATA[]]>		</system-out>
		<system-err>
<![CDATA[]]>		</system-err>
	</testcase>
</testsuite>
