<?xml version="1.0" encoding="UTF-8"?>
<testsuite name="test_switch_cast.TestSwitchCast-20201106111645" tests="1" file="test_switch_cast.py" time="0.001" timestamp="2020-11-06T11:16:45" failures="0" errors="0" skipped="0">
	<testcase classname="test_switch_cast.TestSwitchCast" name="test_switch_cast" time="0.001" timestamp="2020-11-06T11:16:45" file="spec/python/test_switch_cast.py" line="6"/>
</testsuite>
