<?xml version="1.0" encoding="UTF-8"?>
<testsuite errors="0" failures="0" file="test_type_ternary_2nd_falsy.py" name="test_type_ternary_2nd_falsy.TestTypeTernary2ndFalsy-20200726200548" skipped="0" tests="1" time="0.001" timestamp="2020-07-26T20:05:48">
	<testcase classname="test_type_ternary_2nd_falsy.TestTypeTernary2ndFalsy" file="spec/python/test_type_ternary_2nd_falsy.py" line="8" name="test_type_ternary_2nd_falsy" time="0.001" timestamp="2020-07-26T20:05:48">
		<system-out>
<![CDATA[]]>		</system-out>
		<system-err>
<![CDATA[]]>		</system-err>
	</testcase>
</testsuite>
