<?xml version="1.0" encoding="UTF-8"?>
<testsuite name="test_float_to_i.TestFloatToI-20220505210428" tests="1" file="test_float_to_i.py" time="0.001" timestamp="2022-05-05T21:04:28" failures="0" errors="0" skipped="0">
	<testcase classname="test_float_to_i.TestFloatToI" name="test_float_to_i" time="0.001" timestamp="2022-05-05T21:04:28" file="spec/python/test_float_to_i.py" line="8"/>
</testsuite>
