<?xml version="1.0" encoding="UTF-8"?>
<testsuite errors="0" failures="0" file="test_multiple_use.py" name="test_multiple_use.TestMultipleUse-20230706183516" skipped="0" tests="1" time="0.000" timestamp="2023-07-06T18:35:16">
	<testcase classname="test_multiple_use.TestMultipleUse" file="spec/python/test_multiple_use.py" line="8" name="test_multiple_use" time="0.000" timestamp="2023-07-06T18:35:16">
		<system-out>
<![CDATA[]]>		</system-out>
		<system-err>
<![CDATA[]]>		</system-err>
	</testcase>
</testsuite>
