<?xml version="1.0" encoding="UTF-8"?>
<testsuite name="test_eos_exception_u4.TestEosExceptionU4-20201106101801" tests="1" file="test_eos_exception_u4.py" time="0.001" timestamp="2020-11-06T10:18:01" failures="0" errors="0" skipped="0">
	<testcase classname="test_eos_exception_u4.TestEosExceptionU4" name="test_eos_exception_u4" time="0.001" timestamp="2020-11-06T10:18:01" file="spec/python/test_eos_exception_u4.py" line="9"/>
</testsuite>
