<?xml version="1.0" encoding="UTF-8"?>
<testsuite errors="0" failures="0" name="test_term_strz.TestTermStrz-20181108153729" skipped="0" tests="1" time="0.000" timestamp="2018-11-08T15:37:29">
	<testcase classname="test_term_strz.TestTermStrz" name="test_term_strz" time="0.000" timestamp="2018-11-08T15:37:29"/>
	<system-out>
<![CDATA[]]>	</system-out>
	<system-err>
<![CDATA[]]>	</system-err>
</testsuite>
