<?xml version="1.0" encoding="UTF-8"?>
<testsuite name="test_eos_exception_bytes.TestEosExceptionBytes-20210206143550" tests="1" file="test_eos_exception_bytes.py" time="0.001" timestamp="2021-02-06T14:35:50" failures="0" errors="0" skipped="0">
	<testcase classname="test_eos_exception_bytes.TestEosExceptionBytes" name="test_eos_exception_bytes" time="0.001" timestamp="2021-02-06T14:35:50" file="spec/python/test_eos_exception_bytes.py" line="9"/>
</testsuite>
