<?xml version="1.0" encoding="UTF-8"?>
<testsuite name="test_nav_parent_vs_value_inst.TestNavParentVsValueInst-20200801181134" tests="1" file="test_nav_parent_vs_value_inst.py" time="0.000" timestamp="2020-08-01T18:11:35" failures="0" errors="0" skipped="0">
	<testcase classname="test_nav_parent_vs_value_inst.TestNavParentVsValueInst" name="test_nav_parent_vs_value_inst" time="0.000" timestamp="2020-08-01T18:11:35" file="spec/python/test_nav_parent_vs_value_inst.py" line="8">
		<system-out><![CDATA[]]></system-out>
		<system-err><![CDATA[]]></system-err>
	</testcase>
</testsuite>
