<?xml version="1.0" encoding="UTF-8"?>
<testsuite name="test_bcd_user_type_be.TestBcdUserTypeBe-20230705162050" tests="1" file="test_bcd_user_type_be.py" time="0.004" timestamp="2023-07-05T16:20:50" failures="0" errors="0" skipped="0">
	<testcase classname="test_bcd_user_type_be.TestBcdUserTypeBe" name="test_bcd_user_type_be" time="0.004" timestamp="2023-07-05T16:20:50" file="spec/python/test_bcd_user_type_be.py" line="8"/>
</testsuite>
