<?xml version="1.0" encoding="UTF-8"?>
<testsuite name="test_default_endian_expr_exception.TestDefaultEndianExprException-20220505210428" tests="1" file="test_default_endian_expr_exception.py" time="0.001" timestamp="2022-05-05T21:04:28" failures="0" errors="0" skipped="0">
	<testcase classname="test_default_endian_expr_exception.TestDefaultEndianExprException" name="test_default_endian_expr_exception" time="0.001" timestamp="2022-05-05T21:04:28" file="spec/python/test_default_endian_expr_exception.py" line="9"/>
</testsuite>
