<?xml version="1.0" encoding="UTF-8"?>
<testsuite name="test_user_type.TestUserType-20200731203836" tests="1" file="test_user_type.py" time="0.001" timestamp="2020-07-31T20:38:36" failures="0" errors="0" skipped="0">
	<testcase classname="test_user_type.TestUserType" name="test_user_type" time="0.001" timestamp="2020-07-31T20:38:36" file="spec/python/test_user_type.py" line="8">
		<system-out><![CDATA[]]></system-out>
		<system-err><![CDATA[]]></system-err>
	</testcase>
</testsuite>
