<?xml version="1.0" encoding="UTF-8"?>
<testsuite name="test_imports_abs.TestImportsAbs-20230719212545" tests="1" file="test_imports_abs.py" time="0.000" timestamp="2023-07-19T21:25:45" failures="0" errors="0" skipped="0">
	<testcase classname="test_imports_abs.TestImportsAbs" name="test_imports_abs" time="0.000" timestamp="2023-07-19T21:25:45" file="spec/python/test_imports_abs.py" line="8"/>
</testsuite>
