<?xml version="1.0" encoding="UTF-8"?>
<testsuite errors="0" failures="0" file="test_repeat_eos_struct.py" name="test_repeat_eos_struct.TestRepeatEosStruct-20200323085750" skipped="0" tests="1" time="0.001" timestamp="2020-03-23T08:57:50">
	<testcase classname="test_repeat_eos_struct.TestRepeatEosStruct" file="spec/python/test_repeat_eos_struct.py" line="8" name="test_repeat_eos_struct" time="0.001" timestamp="2020-03-23T08:57:50">
		<system-out>
<![CDATA[]]>		</system-out>
		<system-err>
<![CDATA[]]>		</system-err>
	</testcase>
</testsuite>
