<?xml version="1.0" encoding="UTF-8"?>
<testsuite errors="0" failures="0" name="test_bits_byte_aligned.TestBitsByteAligned-20170823191240" skipped="0" tests="1" time="0.000">
	<testcase classname="test_bits_byte_aligned.TestBitsByteAligned" name="test_bits_byte_aligned" time="0.000"/>
	<system-out>
<![CDATA[]]>	</system-out>
	<system-err>
<![CDATA[]]>	</system-err>
</testsuite>
