<?xml version="1.0" encoding="UTF-8"?>
<testsuite name="test_switch_repeat_expr.TestSwitchRepeatExpr-20220319214317" tests="1" file="test_switch_repeat_expr.py" time="0.001" timestamp="2022-03-19T21:43:17" failures="0" errors="0" skipped="0">
	<testcase classname="test_switch_repeat_expr.TestSwitchRepeatExpr" name="test_switch_repeat_expr" time="0.001" timestamp="2022-03-19T21:43:17" file="spec/python/test_switch_repeat_expr.py" line="8"/>
</testsuite>
