<?xml version="1.0" encoding="UTF-8"?>
<testsuite errors="0" failures="0" name="test_yaml_ints.TestYamlInts-20180205014306" skipped="0" tests="1" time="0.000">
	<testcase classname="test_yaml_ints.TestYamlInts" name="test_yaml_ints" time="0.000"/>
	<system-out>
<![CDATA[]]>	</system-out>
	<system-err>
<![CDATA[]]>	</system-err>
</testsuite>
