<?xml version="1.0" encoding="UTF-8"?>
<testsuite errors="0" failures="0" file="test_valid_fail_contents.py" name="test_valid_fail_contents.TestValidFailContents-20200824200220" skipped="0" tests="1" time="0.000" timestamp="2020-08-24T20:02:20">
	<testcase classname="test_valid_fail_contents.TestValidFailContents" file="spec/python/test_valid_fail_contents.py" line="9" name="test_valid_fail_contents" time="0.000" timestamp="2020-08-24T20:02:20">
		<system-out>
<![CDATA[]]>		</system-out>
		<system-err>
<![CDATA[]]>		</system-err>
	</testcase>
</testsuite>
