<?xml version="1.0" encoding="UTF-8"?>
<testsuite name="test_default_big_endian.TestDefaultBigEndian-20230627090127" tests="1" file="test_default_big_endian.py" time="0.001" timestamp="2023-06-27T09:01:27" failures="0" errors="0" skipped="0">
	<testcase classname="test_default_big_endian.TestDefaultBigEndian" name="test_default_big_endian" time="0.001" timestamp="2023-06-27T09:01:27" file="spec/python/test_default_big_endian.py" line="8"/>
</testsuite>
