<?xml version="1.0" encoding="UTF-8"?>
<testsuite name="test_eos_exception_bytes.TestEosExceptionBytes-20201106111645" tests="1" file="test_eos_exception_bytes.py" time="0.001" timestamp="2020-11-06T11:16:45" failures="0" errors="0" skipped="0">
	<testcase classname="test_eos_exception_bytes.TestEosExceptionBytes" name="test_eos_exception_bytes" time="0.001" timestamp="2020-11-06T11:16:45" file="spec/python/test_eos_exception_bytes.py" line="9"/>
</testsuite>
