<?xml version="1.0" encoding="UTF-8"?>
<testsuite errors="0" failures="0" name="test_nav_parent3.TestNavParent3-20181028120047" skipped="0" tests="1" time="0.000" timestamp="2018-10-28T12:00:47">
	<testcase classname="test_nav_parent3.TestNavParent3" name="test_nav_parent3" time="0.000" timestamp="2018-10-28T12:00:47"/>
	<system-out>
<![CDATA[]]>	</system-out>
	<system-err>
<![CDATA[]]>	</system-err>
</testsuite>
