<?xml version="1.0" encoding="UTF-8"?>
<testsuite errors="0" failures="0" file="test_term_strz.py" name="test_term_strz.TestTermStrz-20190706053439" skipped="0" tests="1" time="0.000" timestamp="2019-07-06T05:34:39">
	<testcase classname="test_term_strz.TestTermStrz" file="spec/python/test_term_strz.py" line="8" name="test_term_strz" time="0.000" timestamp="2019-07-06T05:34:39">
		<system-out>
<![CDATA[]]>		</system-out>
		<system-err>
<![CDATA[]]>		</system-err>
	</testcase>
</testsuite>
