<?xml version="1.0" encoding="UTF-8"?>
<testsuite errors="0" failures="0" name="test_index_to_param_until.TestIndexToParamUntil-20180322194440" skipped="0" tests="1" time="0.000" timestamp="2018-03-22T19:44:40">
	<testcase classname="test_index_to_param_until.TestIndexToParamUntil" name="test_index_to_param_until" time="0.000" timestamp="2018-03-22T19:44:40"/>
	<system-out>
<![CDATA[]]>	</system-out>
	<system-err>
<![CDATA[]]>	</system-err>
</testsuite>
