<?xml version="1.0" encoding="UTF-8"?>
<testsuite name="test_process_custom_no_args.TestProcessCustomNoArgs-20230719190600" tests="1" file="test_process_custom_no_args.py" time="0.000" timestamp="2023-07-19T19:06:00" failures="0" errors="0" skipped="0">
	<testcase classname="test_process_custom_no_args.TestProcessCustomNoArgs" name="test_process_custom_no_args" time="0.000" timestamp="2023-07-19T19:06:00" file="spec/python/test_process_custom_no_args.py" line="8"/>
</testsuite>
