<?xml version="1.0" encoding="UTF-8"?>
<testsuite errors="0" failures="0" name="test_imports_abs_rel.TestImportsAbsRel-20180816015937" skipped="0" tests="1" time="0.000" timestamp="2018-08-16T01:59:37">
	<testcase classname="test_imports_abs_rel.TestImportsAbsRel" name="test_imports_abs_rel" time="0.000" timestamp="2018-08-16T01:59:37"/>
	<system-out>
<![CDATA[]]>	</system-out>
	<system-err>
<![CDATA[]]>	</system-err>
</testsuite>
