<?xml version="1.0" encoding="UTF-8"?>
<testsuite name="test_repeat_n_strz.TestRepeatNStrz-20200408175604" tests="1" file="test_repeat_n_strz.py" time="0.000" timestamp="2020-04-08T17:56:04" failures="0" errors="0" skipped="0">
	<testcase classname="test_repeat_n_strz.TestRepeatNStrz" name="test_repeat_n_strz" time="0.000" timestamp="2020-04-08T17:56:04" file="spec/python/test_repeat_n_strz.py" line="8">
		<system-out><![CDATA[]]></system-out>
		<system-err><![CDATA[]]></system-err>
	</testcase>
</testsuite>
