<?xml version="1.0" encoding="UTF-8"?>
<testsuite errors="0" failures="0" name="test_switch_manual_int_else.TestSwitchManualIntElse-20180326175246" skipped="0" tests="1" time="0.000" timestamp="2018-03-26T17:52:46">
	<testcase classname="test_switch_manual_int_else.TestSwitchManualIntElse" name="test_switch_manual_int_else" time="0.000" timestamp="2018-03-26T17:52:46"/>
	<system-out>
<![CDATA[]]>	</system-out>
	<system-err>
<![CDATA[]]>	</system-err>
</testsuite>
