<?xml version="1.0" encoding="UTF-8"?>
<testsuite errors="0" failures="0" file="test_params_pass_struct.py" name="test_params_pass_struct.TestParamsPassStruct-20230705112220" skipped="0" tests="1" time="0.000" timestamp="2023-07-05T11:22:20">
	<testcase classname="test_params_pass_struct.TestParamsPassStruct" file="spec/python/test_params_pass_struct.py" line="8" name="test_params_pass_struct" time="0.000" timestamp="2023-07-05T11:22:20">
		<system-out>
<![CDATA[]]>		</system-out>
		<system-err>
<![CDATA[]]>		</system-err>
	</testcase>
</testsuite>
