<?xml version="1.0" encoding="UTF-8"?>
<testsuite errors="0" failures="0" file="test_bcd_user_type_be.py" name="test_bcd_user_type_be.TestBcdUserTypeBe-20190412052548" skipped="0" tests="1" time="0.012" timestamp="2019-04-12T05:25:48">
	<testcase classname="test_bcd_user_type_be.TestBcdUserTypeBe" file="spec/python/test_bcd_user_type_be.py" line="8" name="test_bcd_user_type_be" time="0.012" timestamp="2019-04-12T05:25:48">
		<system-out>
<![CDATA[]]>		</system-out>
		<system-err>
<![CDATA[]]>		</system-err>
	</testcase>
</testsuite>
