<?xml version="1.0" encoding="UTF-8"?>
<testsuite errors="0" failures="0" name="test_eof_exception_u4.TestEofExceptionU4-20181224231228" skipped="0" tests="1" time="0.000" timestamp="2018-12-24T23:12:28">
	<testcase classname="test_eof_exception_u4.TestEofExceptionU4" name="test_eof_exception_u4" time="0.000" timestamp="2018-12-24T23:12:28"/>
	<system-out>
<![CDATA[]]>	</system-out>
	<system-err>
<![CDATA[]]>	</system-err>
</testsuite>
