<?xml version="1.0" encoding="UTF-8"?>
<testsuite errors="0" failures="0" name="test_switch_multi_bool_ops.TestSwitchMultiBoolOps-20181108222409" skipped="0" tests="1" time="0.000" timestamp="2018-11-08T22:24:09">
	<testcase classname="test_switch_multi_bool_ops.TestSwitchMultiBoolOps" name="test_switch_multi_bool_ops" time="0.000" timestamp="2018-11-08T22:24:09"/>
	<system-out>
<![CDATA[]]>	</system-out>
	<system-err>
<![CDATA[]]>	</system-err>
</testsuite>
