<?xml version="1.0" encoding="UTF-8"?>
<testsuite errors="0" failures="0" file="test_valid_fail_expr.py" name="test_valid_fail_expr.TestValidFailExpr-20230707192530" skipped="0" tests="1" time="0.000" timestamp="2023-07-07T19:25:30">
	<testcase classname="test_valid_fail_expr.TestValidFailExpr" file="spec/python/test_valid_fail_expr.py" line="9" name="test_valid_fail_expr" time="0.000" timestamp="2023-07-07T19:25:30">
		<system-out>
<![CDATA[]]>		</system-out>
		<system-err>
<![CDATA[]]>		</system-err>
	</testcase>
</testsuite>
