<?xml version="1.0" encoding="UTF-8"?>
<testsuite name="test_process_rotate.TestProcessRotate-20230719170446" tests="1" file="test_process_rotate.py" time="0.000" timestamp="2023-07-19T17:04:47" failures="0" errors="0" skipped="0">
	<testcase classname="test_process_rotate.TestProcessRotate" name="test_process_rotate" time="0.000" timestamp="2023-07-19T17:04:47" file="spec/python/test_process_rotate.py" line="8"/>
</testsuite>
