<?xml version="1.0" encoding="UTF-8"?>
<testsuite name="test_switch_manual_int.TestSwitchManualInt-20211114130459" tests="1" file="test_switch_manual_int.py" time="0.001" timestamp="2021-11-14T13:04:59" failures="0" errors="0" skipped="0">
	<testcase classname="test_switch_manual_int.TestSwitchManualInt" name="test_switch_manual_int" time="0.001" timestamp="2021-11-14T13:04:59" file="spec/python/test_switch_manual_int.py" line="8"/>
</testsuite>
