<?xml version="1.0" encoding="UTF-8"?>
<testsuite errors="0" failures="0" file="test_position_in_seq.py" name="test_position_in_seq.TestPositionInSeq-20200315143424" skipped="0" tests="1" time="0.001" timestamp="2020-03-15T14:34:24">
	<testcase classname="test_position_in_seq.TestPositionInSeq" file="spec/python/test_position_in_seq.py" line="8" name="test_position_in_seq" time="0.001" timestamp="2020-03-15T14:34:24">
		<system-out>
<![CDATA[]]>		</system-out>
		<system-err>
<![CDATA[]]>		</system-err>
	</testcase>
</testsuite>
