<?xml version="1.0" encoding="UTF-8"?>
<testsuite name="test_index_to_param_expr.TestIndexToParamExpr-20200315221103" tests="1" file="test_index_to_param_expr.py" time="0.002" timestamp="2020-03-15T22:11:03" failures="0" errors="0" skipped="0">
	<testcase classname="test_index_to_param_expr.TestIndexToParamExpr" name="test_index_to_param_expr" time="0.002" timestamp="2020-03-15T22:11:03" file="spec/python/test_index_to_param_expr.py" line="8">
		<system-out><![CDATA[]]></system-out>
		<system-err><![CDATA[]]></system-err>
	</testcase>
</testsuite>
