<?xml version="1.0" encoding="UTF-8"?>
<testsuite errors="0" failures="0" file="test_to_string_custom.py" name="test_to_string_custom.TestToStringCustom-20220617122619" skipped="0" tests="1" time="0.000" timestamp="2022-06-17T12:26:19">
	<testcase classname="test_to_string_custom.TestToStringCustom" file="spec/python/test_to_string_custom.py" line="6" name="test_to_string_custom" time="0.000" timestamp="2022-06-17T12:26:19">
		<system-out>
<![CDATA[]]>		</system-out>
		<system-err>
<![CDATA[]]>		</system-err>
	</testcase>
</testsuite>
