<?xml version="1.0" encoding="UTF-8"?>
<testsuite errors="0" failures="0" name="test_repeat_until_complex.TestRepeatUntilComplex-20181008123149" skipped="0" tests="1" time="0.001" timestamp="2018-10-08T12:31:49">
	<testcase classname="test_repeat_until_complex.TestRepeatUntilComplex" name="test_repeat_until_complex" time="0.001" timestamp="2018-10-08T12:31:49"/>
	<system-out>
<![CDATA[]]>	</system-out>
	<system-err>
<![CDATA[]]>	</system-err>
</testsuite>
