<?xml version="1.0" encoding="UTF-8"?>
<testsuite errors="0" failures="0" file="test_imports0.py" name="test_imports0.TestImports0-20230719115238" skipped="0" tests="1" time="0.000" timestamp="2023-07-19T11:52:38">
	<testcase classname="test_imports0.TestImports0" file="spec/python/test_imports0.py" line="8" name="test_imports0" time="0.000" timestamp="2023-07-19T11:52:38">
		<system-out>
<![CDATA[]]>		</system-out>
		<system-err>
<![CDATA[]]>		</system-err>
	</testcase>
</testsuite>
