<?xml version="1.0" encoding="UTF-8"?>
<testsuite name="test_nested_same_name.TestNestedSameName-20230708211613" tests="1" file="test_nested_same_name.py" time="0.000" timestamp="2023-07-08T21:16:13" failures="0" errors="0" skipped="0">
	<testcase classname="test_nested_same_name.TestNestedSameName" name="test_nested_same_name" time="0.000" timestamp="2023-07-08T21:16:13" file="spec/python/test_nested_same_name.py" line="8"/>
</testsuite>
