<?xml version="1.0" encoding="UTF-8"?>
<testsuite name="test_switch_cast.TestSwitchCast-20220505210428" tests="1" file="test_switch_cast.py" time="0.000" timestamp="2022-05-05T21:04:28" failures="0" errors="0" skipped="0">
	<testcase classname="test_switch_cast.TestSwitchCast" name="test_switch_cast" time="0.000" timestamp="2022-05-05T21:04:28" file="spec/python/test_switch_cast.py" line="6"/>
</testsuite>
