<?xml version="1.0" encoding="UTF-8"?>
<testsuite errors="0" failures="0" file="test_nested_types2.py" name="test_nested_types2.TestNestedTypes2-20200708064801" skipped="0" tests="1" time="0.001" timestamp="2020-07-08T06:48:02">
	<testcase classname="test_nested_types2.TestNestedTypes2" file="spec/python/test_nested_types2.py" line="8" name="test_nested_types2" time="0.001" timestamp="2020-07-08T06:48:02">
		<system-out>
<![CDATA[]]>		</system-out>
		<system-err>
<![CDATA[]]>		</system-err>
	</testcase>
</testsuite>
