<?xml version="1.0" encoding="UTF-8"?>
<testsuite name="test_meta_xref.TestMetaXref-20220707230516" tests="1" file="test_meta_xref.py" time="0.000" timestamp="2022-07-07T23:05:16" failures="0" errors="0" skipped="0">
	<testcase classname="test_meta_xref.TestMetaXref" name="test_meta_xref" time="0.000" timestamp="2022-07-07T23:05:16" file="spec/python/test_meta_xref.py" line="8"/>
</testsuite>
