<?xml version="1.0" encoding="UTF-8"?>
<testsuite errors="0" failures="0" name="test_user_type.TestUserType-20180324234347" skipped="0" tests="1" time="0.000" timestamp="2018-03-24T23:43:47">
	<testcase classname="test_user_type.TestUserType" name="test_user_type" time="0.000" timestamp="2018-03-24T23:43:47"/>
	<system-out>
<![CDATA[]]>	</system-out>
	<system-err>
<![CDATA[]]>	</system-err>
</testsuite>
