<?xml version="1.0" encoding="UTF-8"?>
<testsuite errors="0" failures="0" file="test_index_sizes.py" name="test_index_sizes.TestIndexSizes-20190319025525" skipped="0" tests="1" time="0.001" timestamp="2019-03-19T02:55:25">
	<testcase classname="test_index_sizes.TestIndexSizes" file="spec/python/test_index_sizes.py" line="8" name="test_index_sizes" time="0.001" timestamp="2019-03-19T02:55:25"/>
</testsuite>
