<?xml version="1.0" encoding="UTF-8"?>
<testsuite name="test_valid_fail_contents.TestValidFailContents-20230719150532" tests="1" file="test_valid_fail_contents.py" time="0.000" timestamp="2023-07-19T15:05:32" failures="0" errors="0" skipped="0">
	<testcase classname="test_valid_fail_contents.TestValidFailContents" name="test_valid_fail_contents" time="0.000" timestamp="2023-07-19T15:05:32" file="spec/python/test_valid_fail_contents.py" line="9"/>
</testsuite>
