<?xml version="1.0" encoding="UTF-8"?>
<testsuite errors="0" failures="0" file="test_term_u1_val.py" name="test_term_u1_val.TestTermU1Val-20230707192530" skipped="0" tests="1" time="0.000" timestamp="2023-07-07T19:25:30">
	<testcase classname="test_term_u1_val.TestTermU1Val" file="spec/python/test_term_u1_val.py" line="8" name="test_term_u1_val" time="0.000" timestamp="2023-07-07T19:25:30">
		<system-out>
<![CDATA[]]>		</system-out>
		<system-err>
<![CDATA[]]>		</system-err>
	</testcase>
</testsuite>
