<?xml version="1.0" encoding="UTF-8"?>
<testsuite name="test_params_pass_array_usertype.TestParamsPassArrayUsertype-20211114130459" tests="1" file="test_params_pass_array_usertype.py" time="0.001" timestamp="2021-11-14T13:04:59" failures="0" errors="0" skipped="0">
	<testcase classname="test_params_pass_array_usertype.TestParamsPassArrayUsertype" name="test_params_pass_array_usertype" time="0.001" timestamp="2021-11-14T13:04:59" file="spec/python/test_params_pass_array_usertype.py" line="8"/>
</testsuite>
