<?xml version="1.0" encoding="UTF-8"?>
<testsuite errors="0" failures="0" file="test_nav_parent2.py" name="test_nav_parent2.TestNavParent2-20190317163105" skipped="0" tests="1" time="0.001" timestamp="2019-03-17T16:31:05">
	<testcase classname="test_nav_parent2.TestNavParent2" file="spec/python/test_nav_parent2.py" line="8" name="test_nav_parent2" time="0.001" timestamp="2019-03-17T16:31:05"/>
</testsuite>
