<?xml version="1.0" encoding="UTF-8"?>
<testsuite name="test_imports_abs_rel.TestImportsAbsRel-20220728001417" tests="1" file="test_imports_abs_rel.py" time="0.001" timestamp="2022-07-28T00:14:17" failures="0" errors="0" skipped="0">
	<testcase classname="test_imports_abs_rel.TestImportsAbsRel" name="test_imports_abs_rel" time="0.001" timestamp="2022-07-28T00:14:17" file="spec/python/test_imports_abs_rel.py" line="6"/>
</testsuite>
