<?xml version="1.0" encoding="UTF-8"?>
<testsuite name="test_valid_fail_min_int.TestValidFailMinInt-20230706193504" tests="1" file="test_valid_fail_min_int.py" time="0.000" timestamp="2023-07-06T19:35:05" failures="0" errors="0" skipped="0">
	<testcase classname="test_valid_fail_min_int.TestValidFailMinInt" name="test_valid_fail_min_int" time="0.000" timestamp="2023-07-06T19:35:05" file="spec/python/test_valid_fail_min_int.py" line="9"/>
</testsuite>
