<?xml version="1.0" encoding="UTF-8"?>
<testsuite errors="0" failures="0" file="test_params_pass_array_int.py" name="test_params_pass_array_int.TestParamsPassArrayInt-20230721073728" skipped="0" tests="1" time="0.000" timestamp="2023-07-21T07:37:28">
	<testcase classname="test_params_pass_array_int.TestParamsPassArrayInt" file="spec/python/test_params_pass_array_int.py" line="8" name="test_params_pass_array_int" time="0.000" timestamp="2023-07-21T07:37:28">
		<system-out>
<![CDATA[]]>		</system-out>
		<system-err>
<![CDATA[]]>		</system-err>
	</testcase>
</testsuite>
