<?xml version="1.0" encoding="UTF-8"?>
<testsuite errors="0" failures="0" name="test_repeat_eos_u4.TestRepeatEosU4-20180423062910" skipped="0" tests="1" time="0.000" timestamp="2018-04-23T06:29:10">
	<testcase classname="test_repeat_eos_u4.TestRepeatEosU4" name="test_repeat_eos_u4" time="0.000" timestamp="2018-04-23T06:29:10"/>
	<system-out>
<![CDATA[]]>	</system-out>
	<system-err>
<![CDATA[]]>	</system-err>
</testsuite>
