<?xml version="1.0" encoding="UTF-8"?>
<testsuite errors="0" failures="0" file="test_eos_exception_bytes.py" name="test_eos_exception_bytes.TestEosExceptionBytes-20200408175519" skipped="0" tests="1" time="0.001" timestamp="2020-04-08T17:55:19">
	<testcase classname="test_eos_exception_bytes.TestEosExceptionBytes" file="spec/python/test_eos_exception_bytes.py" line="9" name="test_eos_exception_bytes" time="0.001" timestamp="2020-04-08T17:55:19">
		<system-out>
<![CDATA[]]>		</system-out>
		<system-err>
<![CDATA[]]>		</system-err>
	</testcase>
</testsuite>
