<?xml version="1.0" encoding="UTF-8"?>
<testsuite errors="0" failures="0" file="test_str_encodings_utf16.py" name="test_str_encodings_utf16.TestStrEncodingsUtf16-20220728094453" skipped="0" tests="1" time="0.002" timestamp="2022-07-28T09:44:53">
	<testcase classname="test_str_encodings_utf16.TestStrEncodingsUtf16" file="spec/python/test_str_encodings_utf16.py" line="8" name="test_str_encodings_utf16" time="0.002" timestamp="2022-07-28T09:44:53">
		<system-out>
<![CDATA[]]>		</system-out>
		<system-err>
<![CDATA[]]>		</system-err>
	</testcase>
</testsuite>
