<?xml version="1.0" encoding="UTF-8"?>
<testsuite name="test_debug_array_user.TestDebugArrayUser-20230721160010" tests="1" file="test_debug_array_user.py" time="0.000" timestamp="2023-07-21T16:00:10" failures="0" errors="0" skipped="0">
	<testcase classname="test_debug_array_user.TestDebugArrayUser" name="test_debug_array_user" time="0.000" timestamp="2023-07-21T16:00:10" file="spec/python/test_debug_array_user.py" line="6"/>
</testsuite>
