<?xml version="1.0" encoding="UTF-8"?>
<testsuite name="test_valid_fail_eq_int.TestValidFailEqInt-20200215214902" tests="1" file="test_valid_fail_eq_int.py" time="0.001" timestamp="2020-02-15T21:49:02" failures="0" errors="0" skipped="0">
	<testcase classname="test_valid_fail_eq_int.TestValidFailEqInt" name="test_valid_fail_eq_int" time="0.001" timestamp="2020-02-15T21:49:02" file="spec/python/test_valid_fail_eq_int.py" line="9">
		<system-out><![CDATA[]]></system-out>
		<system-err><![CDATA[]]></system-err>
	</testcase>
</testsuite>
