<?xml version="1.0" encoding="UTF-8"?>
<testsuite errors="0" failures="0" file="test_expr_int_div.py" name="test_expr_int_div.TestExprIntDiv-20220728094332" skipped="0" tests="1" time="0.001" timestamp="2022-07-28T09:43:32">
	<testcase classname="test_expr_int_div.TestExprIntDiv" file="spec/python/test_expr_int_div.py" line="8" name="test_expr_int_div" time="0.001" timestamp="2022-07-28T09:43:32">
		<system-out>
<![CDATA[]]>		</system-out>
		<system-err>
<![CDATA[]]>		</system-err>
	</testcase>
</testsuite>
