<?xml version="1.0" encoding="UTF-8"?>
<testsuite name="test_bits_signed_shift_b64_le.TestBitsSignedShiftB64Le-20220623171410" tests="1" file="test_bits_signed_shift_b64_le.py" time="0.001" timestamp="2022-06-23T17:14:11" failures="0" errors="0" skipped="0">
	<testcase classname="test_bits_signed_shift_b64_le.TestBitsSignedShiftB64Le" name="test_bits_signed_shift_b64_le" time="0.001" timestamp="2022-06-23T17:14:11" file="spec/python/test_bits_signed_shift_b64_le.py" line="8"/>
</testsuite>
