<?xml version="1.0" encoding="UTF-8"?>
<testsuite name="test_switch_multi_bool_ops.TestSwitchMultiBoolOps-20230628194105" tests="1" file="test_switch_multi_bool_ops.py" time="0.001" timestamp="2023-06-28T19:41:05" failures="0" errors="0" skipped="0">
	<testcase classname="test_switch_multi_bool_ops.TestSwitchMultiBoolOps" name="test_switch_multi_bool_ops" time="0.001" timestamp="2023-06-28T19:41:05" file="spec/python/test_switch_multi_bool_ops.py" line="8"/>
</testsuite>
