<?xml version="1.0" encoding="UTF-8"?>
<testsuite name="test_zlib_with_header_78.TestZlibWithHeader78-20200628162531" tests="1" file="test_zlib_with_header_78.py" time="0.001" timestamp="2020-06-28T16:25:31" failures="0" errors="0" skipped="0">
	<testcase classname="test_zlib_with_header_78.TestZlibWithHeader78" name="test_zlib_with_header_78" time="0.001" timestamp="2020-06-28T16:25:31" file="spec/python/test_zlib_with_header_78.py" line="8">
		<system-out><![CDATA[]]></system-out>
		<system-err><![CDATA[]]></system-err>
	</testcase>
</testsuite>
