<?xml version="1.0" encoding="UTF-8"?>
<testsuite name="test_str_pad_term_empty.TestStrPadTermEmpty-20220409014641" tests="1" file="test_str_pad_term_empty.py" time="0.001" timestamp="2022-04-09T01:46:42" failures="0" errors="0" skipped="0">
	<testcase classname="test_str_pad_term_empty.TestStrPadTermEmpty" name="test_str_pad_term_empty" time="0.001" timestamp="2022-04-09T01:46:42" file="spec/python/test_str_pad_term_empty.py" line="8"/>
</testsuite>
