<?xml version="1.0" encoding="UTF-8"?>
<testsuite errors="0" failures="0" file="test_cast_to_imported.py" name="test_cast_to_imported.TestCastToImported-20191007045844" skipped="0" tests="1" time="0.000" timestamp="2019-10-07T04:58:44">
	<testcase classname="test_cast_to_imported.TestCastToImported" file="spec/python/test_cast_to_imported.py" line="8" name="test_cast_to_imported" time="0.000" timestamp="2019-10-07T04:58:44">
		<system-out>
<![CDATA[]]>		</system-out>
		<system-err>
<![CDATA[]]>		</system-err>
	</testcase>
</testsuite>
