<?xml version="1.0" encoding="UTF-8"?>
<testsuite errors="0" failures="0" file="test_index_to_param_expr.py" name="test_index_to_param_expr.TestIndexToParamExpr-20190317163014" skipped="0" tests="1" time="0.001" timestamp="2019-03-17T16:30:14">
	<testcase classname="test_index_to_param_expr.TestIndexToParamExpr" file="spec/python/test_index_to_param_expr.py" line="8" name="test_index_to_param_expr" time="0.001" timestamp="2019-03-17T16:30:14"/>
</testsuite>
