<?xml version="1.0" encoding="UTF-8"?>
<testsuite errors="0" failures="0" file="test_switch_manual_enum_invalid.py" name="test_switch_manual_enum_invalid.TestSwitchManualEnumInvalid-20200130224515" skipped="0" tests="1" time="0.000" timestamp="2020-01-30T22:45:15">
	<testcase classname="test_switch_manual_enum_invalid.TestSwitchManualEnumInvalid" file="spec/python/test_switch_manual_enum_invalid.py" line="6" name="test_switch_manual_enum_invalid" time="0.000" timestamp="2020-01-30T22:45:15">
		<system-out>
<![CDATA[]]>		</system-out>
		<system-err>
<![CDATA[]]>		</system-err>
	</testcase>
</testsuite>
