<?xml version="1.0" encoding="UTF-8"?>
<testsuite errors="0" failures="0" file="test_instance_user_array.py" name="test_instance_user_array.TestInstanceUserArray-20220210221127" skipped="0" tests="1" time="0.001" timestamp="2022-02-10T22:11:27">
	<testcase classname="test_instance_user_array.TestInstanceUserArray" file="spec/python/test_instance_user_array.py" line="8" name="test_instance_user_array" time="0.001" timestamp="2022-02-10T22:11:27">
		<system-out>
<![CDATA[]]>		</system-out>
		<system-err>
<![CDATA[]]>		</system-err>
	</testcase>
</testsuite>
