<?xml version="1.0" encoding="UTF-8"?>
<testsuite name="test_str_encodings.TestStrEncodings-20200404060653" tests="1" file="test_str_encodings.py" time="0.010" timestamp="2020-04-04T06:06:53" failures="0" errors="0" skipped="0">
	<testcase classname="test_str_encodings.TestStrEncodings" name="test_str_encodings" time="0.010" timestamp="2020-04-04T06:06:53" file="spec/python/test_str_encodings.py" line="8">
		<system-out><![CDATA[]]></system-out>
		<system-err><![CDATA[]]></system-err>
	</testcase>
</testsuite>
