<?xml version="1.0" encoding="UTF-8"?>
<testsuite errors="0" failures="0" name="test_expr_bytes_cmp.TestExprBytesCmp-20181116222923" skipped="0" tests="1" time="0.000" timestamp="2018-11-16T22:29:23">
	<testcase classname="test_expr_bytes_cmp.TestExprBytesCmp" name="test_expr_bytes_cmp" time="0.000" timestamp="2018-11-16T22:29:23"/>
	<system-out>
<![CDATA[]]>	</system-out>
	<system-err>
<![CDATA[]]>	</system-err>
</testsuite>
