<?xml version="1.0" encoding="UTF-8"?>
<testsuite name="test_expr_bytes_cmp.TestExprBytesCmp-20230719150532" tests="1" file="test_expr_bytes_cmp.py" time="0.001" timestamp="2023-07-19T15:05:32" failures="0" errors="0" skipped="0">
	<testcase classname="test_expr_bytes_cmp.TestExprBytesCmp" name="test_expr_bytes_cmp" time="0.001" timestamp="2023-07-19T15:05:32" file="spec/python/test_expr_bytes_cmp.py" line="8"/>
</testsuite>
