<?xml version="1.0" encoding="UTF-8"?>
<testsuite errors="0" failures="0" file="test_type_ternary_opaque.py" name="test_type_ternary_opaque.TestTypeTernaryOpaque-20200307204950" skipped="0" tests="1" time="0.001" timestamp="2020-03-07T20:49:50">
	<testcase classname="test_type_ternary_opaque.TestTypeTernaryOpaque" file="spec/python/test_type_ternary_opaque.py" line="6" name="test_type_ternary_opaque" time="0.001" timestamp="2020-03-07T20:49:50">
		<system-out>
<![CDATA[]]>		</system-out>
		<system-err>
<![CDATA[]]>		</system-err>
	</testcase>
</testsuite>
