<?xml version="1.0" encoding="UTF-8"?>
<testsuite errors="0" failures="0" name="test_buffered_struct.TestBufferedStruct-20170825145950" skipped="0" tests="1" time="0.000">
	<testcase classname="test_buffered_struct.TestBufferedStruct" name="test_buffered_struct" time="0.000"/>
	<system-out>
<![CDATA[]]>	</system-out>
	<system-err>
<![CDATA[]]>	</system-err>
</testsuite>
