<?xml version="1.0" encoding="UTF-8"?>
<testsuite errors="0" failures="0" file="test_enum_deep.py" name="test_enum_deep.TestEnumDeep-20200404052918" skipped="0" tests="1" time="0.001" timestamp="2020-04-04T05:29:18">
	<testcase classname="test_enum_deep.TestEnumDeep" file="spec/python/test_enum_deep.py" line="8" name="test_enum_deep" time="0.001" timestamp="2020-04-04T05:29:18">
		<system-out>
<![CDATA[]]>		</system-out>
		<system-err>
<![CDATA[]]>		</system-err>
	</testcase>
</testsuite>
