<?xml version="1.0" encoding="UTF-8"?>
<testsuite name="test_switch_manual_int_size_eos.TestSwitchManualIntSizeEos-20210403173646" tests="1" file="test_switch_manual_int_size_eos.py" time="0.001" timestamp="2021-04-03T17:36:46" failures="0" errors="0" skipped="0">
	<testcase classname="test_switch_manual_int_size_eos.TestSwitchManualIntSizeEos" name="test_switch_manual_int_size_eos" time="0.001" timestamp="2021-04-03T17:36:46" file="spec/python/test_switch_manual_int_size_eos.py" line="6"/>
</testsuite>
