<?xml version="1.0" encoding="UTF-8"?>
<testsuite name="test_default_big_endian.TestDefaultBigEndian-20200414190009" tests="1" file="test_default_big_endian.py" time="0.000" timestamp="2020-04-14T19:00:09" failures="0" errors="0" skipped="0">
	<testcase classname="test_default_big_endian.TestDefaultBigEndian" name="test_default_big_endian" time="0.000" timestamp="2020-04-14T19:00:09" file="spec/python/test_default_big_endian.py" line="8">
		<system-out><![CDATA[]]></system-out>
		<system-err><![CDATA[]]></system-err>
	</testcase>
</testsuite>
