<?xml version="1.0" encoding="UTF-8"?>
<testsuite name="test_process_rotate.TestProcessRotate-20200315113811" tests="1" file="test_process_rotate.py" time="0.001" timestamp="2020-03-15T11:38:11" failures="0" errors="0" skipped="0">
	<testcase classname="test_process_rotate.TestProcessRotate" name="test_process_rotate" time="0.001" timestamp="2020-03-15T11:38:11" file="spec/python/test_process_rotate.py" line="8">
		<system-out><![CDATA[]]></system-out>
		<system-err><![CDATA[]]></system-err>
	</testcase>
</testsuite>
