<?xml version="1.0" encoding="UTF-8"?>
<testsuite name="test_switch_integers.TestSwitchIntegers" tests="1" file="test_switch_integers.py" time="0.002" timestamp="2023-08-02T17:41:27" failures="0" errors="0" skipped="0">
	<testcase classname="test_switch_integers.TestSwitchIntegers" name="test_switch_integers" time="0.002" timestamp="2023-08-02T17:41:27" file="spec/python/test_switch_integers.py" line="8"/>
</testsuite>
