<?xml version="1.0" encoding="UTF-8"?>
<testsuite name="test_recursive_one.TestRecursiveOne-20210302195852" tests="1" file="test_recursive_one.py" time="0.001" timestamp="2021-03-02T19:58:52" failures="0" errors="0" skipped="0">
	<testcase classname="test_recursive_one.TestRecursiveOne" name="test_recursive_one" time="0.001" timestamp="2021-03-02T19:58:52" file="spec/python/test_recursive_one.py" line="8"/>
</testsuite>
