<?xml version="1.0" encoding="UTF-8"?>
<testsuite errors="0" failures="0" name="test_switch_manual_int_size.TestSwitchManualIntSize-20180410235810" skipped="0" tests="1" time="0.000" timestamp="2018-04-10T23:58:10">
	<testcase classname="test_switch_manual_int_size.TestSwitchManualIntSize" name="test_switch_manual_int_size" time="0.000" timestamp="2018-04-10T23:58:10"/>
	<system-out>
<![CDATA[]]>	</system-out>
	<system-err>
<![CDATA[]]>	</system-err>
</testsuite>
