<?xml version="1.0" encoding="UTF-8"?>
<testsuite name="test_imports_rel_1.TestImportsRel1-20230721093934" tests="1" file="test_imports_rel_1.py" time="0.000" timestamp="2023-07-21T09:39:35" failures="0" errors="0" skipped="0">
	<testcase classname="test_imports_rel_1.TestImportsRel1" name="test_imports_rel_1" time="0.000" timestamp="2023-07-21T09:39:35" file="spec/python/test_imports_rel_1.py" line="8"/>
</testsuite>
