<?xml version="1.0" encoding="UTF-8"?>
<testsuite name="test_combine_bool.TestCombineBool-20200422213406" tests="1" file="test_combine_bool.py" time="0.001" timestamp="2020-04-22T21:34:06" failures="0" errors="0" skipped="0">
	<testcase classname="test_combine_bool.TestCombineBool" name="test_combine_bool" time="0.001" timestamp="2020-04-22T21:34:06" file="spec/python/test_combine_bool.py" line="8">
		<system-out><![CDATA[]]></system-out>
		<system-err><![CDATA[]]></system-err>
	</testcase>
</testsuite>
