<?xml version="1.0" encoding="UTF-8"?>
<testsuite errors="0" failures="0" file="test_bits_signed_b64_le.py" name="test_bits_signed_b64_le.TestBitsSignedB64Le-20210206143518" skipped="0" tests="1" time="0.001" timestamp="2021-02-06T14:35:18">
	<testcase classname="test_bits_signed_b64_le.TestBitsSignedB64Le" file="spec/python/test_bits_signed_b64_le.py" line="8" name="test_bits_signed_b64_le" time="0.001" timestamp="2021-02-06T14:35:18">
		<system-out>
<![CDATA[]]>		</system-out>
		<system-err>
<![CDATA[]]>		</system-err>
	</testcase>
</testsuite>
