<?xml version="1.0" encoding="UTF-8"?>
<testsuite name="test_docstrings_docref.TestDocstringsDocref-20211106162901" tests="1" file="test_docstrings_docref.py" time="0.000" timestamp="2021-11-06T16:29:01" failures="0" errors="0" skipped="0">
	<testcase classname="test_docstrings_docref.TestDocstringsDocref" name="test_docstrings_docref" time="0.000" timestamp="2021-11-06T16:29:01" file="spec/python/test_docstrings_docref.py" line="8"/>
</testsuite>
