<?xml version="1.0" encoding="UTF-8"?>
<testsuite name="test_expr_if_int_ops.TestExprIfIntOps-20230706183513" tests="1" file="test_expr_if_int_ops.py" time="0.000" timestamp="2023-07-06T18:35:13" failures="0" errors="0" skipped="0">
	<testcase classname="test_expr_if_int_ops.TestExprIfIntOps" name="test_expr_if_int_ops" time="0.000" timestamp="2023-07-06T18:35:13" file="spec/python/test_expr_if_int_ops.py" line="8"/>
</testsuite>
