<?xml version="1.0" encoding="UTF-8"?>
<testsuite name="test_position_to_end.TestPositionToEnd-20200404062145" tests="1" file="test_position_to_end.py" time="0.000" timestamp="2020-04-04T06:21:45" failures="0" errors="0" skipped="0">
	<testcase classname="test_position_to_end.TestPositionToEnd" name="test_position_to_end" time="0.000" timestamp="2020-04-04T06:21:45" file="spec/python/test_position_to_end.py" line="8">
		<system-out><![CDATA[]]></system-out>
		<system-err><![CDATA[]]></system-err>
	</testcase>
</testsuite>
