<?xml version="1.0" encoding="UTF-8"?>
<testsuite errors="0" failures="0" file="test_nested_same_name.py" name="test_nested_same_name.TestNestedSameName-20190409192054" skipped="0" tests="1" time="0.001" timestamp="2019-04-09T19:20:54">
	<testcase classname="test_nested_same_name.TestNestedSameName" file="spec/python/test_nested_same_name.py" line="8" name="test_nested_same_name" time="0.001" timestamp="2019-04-09T19:20:54">
		<system-out>
<![CDATA[]]>		</system-out>
		<system-err>
<![CDATA[]]>		</system-err>
	</testcase>
</testsuite>
