<?xml version="1.0" encoding="UTF-8"?>
<testsuite errors="0" failures="0" file="test_enum_negative.py" name="test_enum_negative.TestEnumNegative-20200726200548" skipped="0" tests="1" time="0.001" timestamp="2020-07-26T20:05:48">
	<testcase classname="test_enum_negative.TestEnumNegative" file="spec/python/test_enum_negative.py" line="8" name="test_enum_negative" time="0.001" timestamp="2020-07-26T20:05:48">
		<system-out>
<![CDATA[]]>		</system-out>
		<system-err>
<![CDATA[]]>		</system-err>
	</testcase>
</testsuite>
