<?xml version="1.0" encoding="UTF-8"?>
<testsuite name="test_valid_fail_range_int.TestValidFailRangeInt-20200416221707" tests="1" file="test_valid_fail_range_int.py" time="0.001" timestamp="2020-04-16T22:17:07" failures="0" errors="0" skipped="0">
	<testcase classname="test_valid_fail_range_int.TestValidFailRangeInt" name="test_valid_fail_range_int" time="0.001" timestamp="2020-04-16T22:17:07" file="spec/python/test_valid_fail_range_int.py" line="9">
		<system-out><![CDATA[]]></system-out>
		<system-err><![CDATA[]]></system-err>
	</testcase>
</testsuite>
